[INFO]:[03:48:56] Worker 10 starting.
[INFO]:[03:48:56] Worker 10 received order for step 1.
[INFO]:[03:48:56] Worker 10 running exploration phase for iteration 1.
[INFO]:[03:48:56] Worker 10 at iteration 1 will not use a MIP start file. Current best MIP-start upper bound threshold is 1.79769e+308.
[INFO]:[03:48:56] Starting local search phase...
[INFO]:[03:48:56] Creating local search space from parameter space file: /scratch/yorig/mpils-results-grid-seconds-5-watchdog/medium-2/24proc/seed-5/9_supportcase6_seed-5_20260504_034854/iterated_local_search/search_space/search_space_file_1_worker_10.txt
[INFO]:[03:48:56] Local search space loaded from file: /scratch/yorig/mpils-results-grid-seconds-5-watchdog/medium-2/24proc/seed-5/9_supportcase6_seed-5_20260504_034854/iterated_local_search/search_space/search_space_file_1_worker_10.txt
[INFO]:[03:48:56] Number of parameters in local search space: 71
[INFO]:[03:48:56] Number of forbidden tuples in local search space: 0
[INFO]:[03:48:56] Number of conditionals in local search space: 6
[INFO]:[03:48:56] MIP start option not enabled. Local search will proceed without MIP start.
[INFO]:[03:48:56] Evaluating initial configuration for local search phase...
[INFO]:[03:48:56] Starting CPLEX solver on instance: /home/yorig/tuner/mpils-tests/instances/miplib/medium-2/supportcase6.mps with config: /scratch/yorig/mpils-results-grid-seconds-5-watchdog/medium-2/24proc/seed-5/9_supportcase6_seed-5_20260504_034854/iterated_local_search/run_1_worker_10/ils_config_11086909838865069335.prm
[INFO]:[03:48:56] Starting CPLEX solver on instance: /home/yorig/tuner/mpils-tests/instances/miplib/medium-2/supportcase6.mps with config: /scratch/yorig/mpils-results-grid-seconds-5-watchdog/medium-2/24proc/seed-5/9_supportcase6_seed-5_20260504_034854/iterated_local_search/run_1_worker_10/ils_config_11086909838865069335.prm
[INFO]:[03:49:01] CPLEX results. Gap: 55.980000, upper bound: 102597.533860, lower bound: 45165.327144
[INFO]:[03:49:01] CPLEX solver finished. Gap: 55.980000
[INFO]:[03:49:01] Initial configuration evaluated with objective value: 55.98
[INFO]:[03:49:01] Starting CPLEX solver on instance: /home/yorig/tuner/mpils-tests/instances/miplib/medium-2/supportcase6.mps with config: /scratch/yorig/mpils-results-grid-seconds-5-watchdog/medium-2/24proc/seed-5/9_supportcase6_seed-5_20260504_034854/iterated_local_search/run_1_worker_10/ils_config_1755283738800954337.prm
[INFO]:[03:49:01] Starting CPLEX solver on instance: /home/yorig/tuner/mpils-tests/instances/miplib/medium-2/supportcase6.mps with config: /scratch/yorig/mpils-results-grid-seconds-5-watchdog/medium-2/24proc/seed-5/9_supportcase6_seed-5_20260504_034854/iterated_local_search/run_1_worker_10/ils_config_1755283738800954337.prm
[INFO]:[03:49:06] CPLEX results. Gap: 55.980000, upper bound: 102597.533860, lower bound: 45165.327144
[INFO]:[03:49:06] CPLEX solver finished. Gap: 55.980000
[INFO]:[03:49:06] Starting CPLEX solver on instance: /home/yorig/tuner/mpils-tests/instances/miplib/medium-2/supportcase6.mps with config: /scratch/yorig/mpils-results-grid-seconds-5-watchdog/medium-2/24proc/seed-5/9_supportcase6_seed-5_20260504_034854/iterated_local_search/run_1_worker_10/ils_config_6101840740754279443.prm
[INFO]:[03:49:06] Starting CPLEX solver on instance: /home/yorig/tuner/mpils-tests/instances/miplib/medium-2/supportcase6.mps with config: /scratch/yorig/mpils-results-grid-seconds-5-watchdog/medium-2/24proc/seed-5/9_supportcase6_seed-5_20260504_034854/iterated_local_search/run_1_worker_10/ils_config_6101840740754279443.prm
[INFO]:[03:49:12] CPLEX results. Gap: 55.980000, upper bound: 102597.533860, lower bound: 45165.327144
[INFO]:[03:49:12] CPLEX solver finished. Gap: 55.980000
[INFO]:[03:49:12] Starting CPLEX solver on instance: /home/yorig/tuner/mpils-tests/instances/miplib/medium-2/supportcase6.mps with config: /scratch/yorig/mpils-results-grid-seconds-5-watchdog/medium-2/24proc/seed-5/9_supportcase6_seed-5_20260504_034854/iterated_local_search/run_1_worker_10/ils_config_3342256699596366814.prm
[INFO]:[03:49:12] Starting CPLEX solver on instance: /home/yorig/tuner/mpils-tests/instances/miplib/medium-2/supportcase6.mps with config: /scratch/yorig/mpils-results-grid-seconds-5-watchdog/medium-2/24proc/seed-5/9_supportcase6_seed-5_20260504_034854/iterated_local_search/run_1_worker_10/ils_config_3342256699596366814.prm
[INFO]:[03:49:17] CPLEX results. Gap: 100.000000, upper bound: 102597.533860, lower bound: 0.000000
[INFO]:[03:49:17] CPLEX solver finished. Gap: 100.000000
[INFO]:[03:49:17] Starting CPLEX solver on instance: /home/yorig/tuner/mpils-tests/instances/miplib/medium-2/supportcase6.mps with config: /scratch/yorig/mpils-results-grid-seconds-5-watchdog/medium-2/24proc/seed-5/9_supportcase6_seed-5_20260504_034854/iterated_local_search/run_1_worker_10/ils_config_933219185955739546.prm
[INFO]:[03:49:17] Starting CPLEX solver on instance: /home/yorig/tuner/mpils-tests/instances/miplib/medium-2/supportcase6.mps with config: /scratch/yorig/mpils-results-grid-seconds-5-watchdog/medium-2/24proc/seed-5/9_supportcase6_seed-5_20260504_034854/iterated_local_search/run_1_worker_10/ils_config_933219185955739546.prm
[INFO]:[03:49:22] CPLEX results. Gap: 55.980000, upper bound: 102597.533860, lower bound: 45165.327144
[INFO]:[03:49:22] CPLEX solver finished. Gap: 55.980000
[INFO]:[03:49:22] Starting CPLEX solver on instance: /home/yorig/tuner/mpils-tests/instances/miplib/medium-2/supportcase6.mps with config: /scratch/yorig/mpils-results-grid-seconds-5-watchdog/medium-2/24proc/seed-5/9_supportcase6_seed-5_20260504_034854/iterated_local_search/run_1_worker_10/ils_config_3103360928948852202.prm
[INFO]:[03:49:22] Starting CPLEX solver on instance: /home/yorig/tuner/mpils-tests/instances/miplib/medium-2/supportcase6.mps with config: /scratch/yorig/mpils-results-grid-seconds-5-watchdog/medium-2/24proc/seed-5/9_supportcase6_seed-5_20260504_034854/iterated_local_search/run_1_worker_10/ils_config_3103360928948852202.prm
[INFO]:[03:49:27] CPLEX results. Gap: 55.980000, upper bound: 102597.533860, lower bound: 45165.327144
[INFO]:[03:49:27] CPLEX solver finished. Gap: 55.980000
[INFO]:[03:49:27] Starting CPLEX solver on instance: /home/yorig/tuner/mpils-tests/instances/miplib/medium-2/supportcase6.mps with config: /scratch/yorig/mpils-results-grid-seconds-5-watchdog/medium-2/24proc/seed-5/9_supportcase6_seed-5_20260504_034854/iterated_local_search/run_1_worker_10/ils_config_13669490369007727258.prm
[INFO]:[03:49:27] Starting CPLEX solver on instance: /home/yorig/tuner/mpils-tests/instances/miplib/medium-2/supportcase6.mps with config: /scratch/yorig/mpils-results-grid-seconds-5-watchdog/medium-2/24proc/seed-5/9_supportcase6_seed-5_20260504_034854/iterated_local_search/run_1_worker_10/ils_config_13669490369007727258.prm
[INFO]:[03:49:32] CPLEX results. Gap: 55.980000, upper bound: 102597.533860, lower bound: 45165.327144
[INFO]:[03:49:32] CPLEX solver finished. Gap: 55.980000
[INFO]:[03:49:32] Starting CPLEX solver on instance: /home/yorig/tuner/mpils-tests/instances/miplib/medium-2/supportcase6.mps with config: /scratch/yorig/mpils-results-grid-seconds-5-watchdog/medium-2/24proc/seed-5/9_supportcase6_seed-5_20260504_034854/iterated_local_search/run_1_worker_10/ils_config_182924290330978162.prm
[INFO]:[03:49:32] Starting CPLEX solver on instance: /home/yorig/tuner/mpils-tests/instances/miplib/medium-2/supportcase6.mps with config: /scratch/yorig/mpils-results-grid-seconds-5-watchdog/medium-2/24proc/seed-5/9_supportcase6_seed-5_20260504_034854/iterated_local_search/run_1_worker_10/ils_config_182924290330978162.prm
[INFO]:[03:49:38] CPLEX results. Gap: 13.330000, upper bound: 52112.367686, lower bound: 45165.579073
[INFO]:[03:49:38] CPLEX solver finished. Gap: 13.330000
[INFO]:[03:49:38] New incumbent found with objective value: 13.33
[INFO]:[03:49:38] Starting CPLEX solver on instance: /home/yorig/tuner/mpils-tests/instances/miplib/medium-2/supportcase6.mps with config: /scratch/yorig/mpils-results-grid-seconds-5-watchdog/medium-2/24proc/seed-5/9_supportcase6_seed-5_20260504_034854/iterated_local_search/run_1_worker_10/ils_config_13809275682962012861.prm
[INFO]:[03:49:38] Starting CPLEX solver on instance: /home/yorig/tuner/mpils-tests/instances/miplib/medium-2/supportcase6.mps with config: /scratch/yorig/mpils-results-grid-seconds-5-watchdog/medium-2/24proc/seed-5/9_supportcase6_seed-5_20260504_034854/iterated_local_search/run_1_worker_10/ils_config_13809275682962012861.prm
[INFO]:[03:49:43] CPLEX results. Gap: 56.050000, upper bound: 102597.533860, lower bound: 45090.732163
[INFO]:[03:49:43] CPLEX solver finished. Gap: 56.050000
[INFO]:[03:49:43] Starting CPLEX solver on instance: /home/yorig/tuner/mpils-tests/instances/miplib/medium-2/supportcase6.mps with config: /scratch/yorig/mpils-results-grid-seconds-5-watchdog/medium-2/24proc/seed-5/9_supportcase6_seed-5_20260504_034854/iterated_local_search/run_1_worker_10/ils_config_5783249787657911230.prm
[INFO]:[03:49:43] Starting CPLEX solver on instance: /home/yorig/tuner/mpils-tests/instances/miplib/medium-2/supportcase6.mps with config: /scratch/yorig/mpils-results-grid-seconds-5-watchdog/medium-2/24proc/seed-5/9_supportcase6_seed-5_20260504_034854/iterated_local_search/run_1_worker_10/ils_config_5783249787657911230.prm
[INFO]:[03:49:48] CPLEX results. Gap: 13.330000, upper bound: 52112.367686, lower bound: 45165.579073
[INFO]:[03:49:48] CPLEX solver finished. Gap: 13.330000
[INFO]:[03:49:48] Starting CPLEX solver on instance: /home/yorig/tuner/mpils-tests/instances/miplib/medium-2/supportcase6.mps with config: /scratch/yorig/mpils-results-grid-seconds-5-watchdog/medium-2/24proc/seed-5/9_supportcase6_seed-5_20260504_034854/iterated_local_search/run_1_worker_10/ils_config_13863062423947756900.prm
[INFO]:[03:49:48] Starting CPLEX solver on instance: /home/yorig/tuner/mpils-tests/instances/miplib/medium-2/supportcase6.mps with config: /scratch/yorig/mpils-results-grid-seconds-5-watchdog/medium-2/24proc/seed-5/9_supportcase6_seed-5_20260504_034854/iterated_local_search/run_1_worker_10/ils_config_13863062423947756900.prm
[INFO]:[03:49:53] CPLEX results. Gap: 13.330000, upper bound: 52112.367686, lower bound: 45165.579073
[INFO]:[03:49:53] CPLEX solver finished. Gap: 13.330000
[INFO]:[03:49:53] Starting CPLEX solver on instance: /home/yorig/tuner/mpils-tests/instances/miplib/medium-2/supportcase6.mps with config: /scratch/yorig/mpils-results-grid-seconds-5-watchdog/medium-2/24proc/seed-5/9_supportcase6_seed-5_20260504_034854/iterated_local_search/run_1_worker_10/ils_config_2347816513274979145.prm
[INFO]:[03:49:53] Starting CPLEX solver on instance: /home/yorig/tuner/mpils-tests/instances/miplib/medium-2/supportcase6.mps with config: /scratch/yorig/mpils-results-grid-seconds-5-watchdog/medium-2/24proc/seed-5/9_supportcase6_seed-5_20260504_034854/iterated_local_search/run_1_worker_10/ils_config_2347816513274979145.prm
[INFO]:[03:49:59] CPLEX results. Gap: 13.330000, upper bound: 52112.367686, lower bound: 45165.579073
[INFO]:[03:49:59] CPLEX solver finished. Gap: 13.330000
[INFO]:[03:49:59] Starting CPLEX solver on instance: /home/yorig/tuner/mpils-tests/instances/miplib/medium-2/supportcase6.mps with config: /scratch/yorig/mpils-results-grid-seconds-5-watchdog/medium-2/24proc/seed-5/9_supportcase6_seed-5_20260504_034854/iterated_local_search/run_1_worker_10/ils_config_13794813004589505519.prm
[INFO]:[03:49:59] Starting CPLEX solver on instance: /home/yorig/tuner/mpils-tests/instances/miplib/medium-2/supportcase6.mps with config: /scratch/yorig/mpils-results-grid-seconds-5-watchdog/medium-2/24proc/seed-5/9_supportcase6_seed-5_20260504_034854/iterated_local_search/run_1_worker_10/ils_config_13794813004589505519.prm
[INFO]:[03:50:04] CPLEX results. Gap: 13.330000, upper bound: 52112.367686, lower bound: 45165.579073
[INFO]:[03:50:04] CPLEX solver finished. Gap: 13.330000
[INFO]:[03:50:04] Starting CPLEX solver on instance: /home/yorig/tuner/mpils-tests/instances/miplib/medium-2/supportcase6.mps with config: /scratch/yorig/mpils-results-grid-seconds-5-watchdog/medium-2/24proc/seed-5/9_supportcase6_seed-5_20260504_034854/iterated_local_search/run_1_worker_10/ils_config_9850345342408975582.prm
[INFO]:[03:50:04] Starting CPLEX solver on instance: /home/yorig/tuner/mpils-tests/instances/miplib/medium-2/supportcase6.mps with config: /scratch/yorig/mpils-results-grid-seconds-5-watchdog/medium-2/24proc/seed-5/9_supportcase6_seed-5_20260504_034854/iterated_local_search/run_1_worker_10/ils_config_9850345342408975582.prm
[INFO]:[03:50:09] CPLEX results. Gap: 100.000000, upper bound: 102597.533860, lower bound: 0.000000
[INFO]:[03:50:09] CPLEX solver finished. Gap: 100.000000
[INFO]:[03:50:09] Starting CPLEX solver on instance: /home/yorig/tuner/mpils-tests/instances/miplib/medium-2/supportcase6.mps with config: /scratch/yorig/mpils-results-grid-seconds-5-watchdog/medium-2/24proc/seed-5/9_supportcase6_seed-5_20260504_034854/iterated_local_search/run_1_worker_10/ils_config_2545783882801847369.prm
[INFO]:[03:50:09] Starting CPLEX solver on instance: /home/yorig/tuner/mpils-tests/instances/miplib/medium-2/supportcase6.mps with config: /scratch/yorig/mpils-results-grid-seconds-5-watchdog/medium-2/24proc/seed-5/9_supportcase6_seed-5_20260504_034854/iterated_local_search/run_1_worker_10/ils_config_2545783882801847369.prm
[INFO]:[03:50:14] CPLEX results. Gap: 13.330000, upper bound: 52112.367686, lower bound: 45165.579073
[INFO]:[03:50:14] CPLEX solver finished. Gap: 13.330000
[INFO]:[03:50:14] Starting CPLEX solver on instance: /home/yorig/tuner/mpils-tests/instances/miplib/medium-2/supportcase6.mps with config: /scratch/yorig/mpils-results-grid-seconds-5-watchdog/medium-2/24proc/seed-5/9_supportcase6_seed-5_20260504_034854/iterated_local_search/run_1_worker_10/ils_config_10505140577540336927.prm
[INFO]:[03:50:14] Starting CPLEX solver on instance: /home/yorig/tuner/mpils-tests/instances/miplib/medium-2/supportcase6.mps with config: /scratch/yorig/mpils-results-grid-seconds-5-watchdog/medium-2/24proc/seed-5/9_supportcase6_seed-5_20260504_034854/iterated_local_search/run_1_worker_10/ils_config_10505140577540336927.prm
[INFO]:[03:50:20] CPLEX results. Gap: 13.330000, upper bound: 52112.367686, lower bound: 45165.579073
[INFO]:[03:50:20] CPLEX solver finished. Gap: 13.330000
[INFO]:[03:50:20] Starting CPLEX solver on instance: /home/yorig/tuner/mpils-tests/instances/miplib/medium-2/supportcase6.mps with config: /scratch/yorig/mpils-results-grid-seconds-5-watchdog/medium-2/24proc/seed-5/9_supportcase6_seed-5_20260504_034854/iterated_local_search/run_1_worker_10/ils_config_14364501251290455758.prm
[INFO]:[03:50:20] Starting CPLEX solver on instance: /home/yorig/tuner/mpils-tests/instances/miplib/medium-2/supportcase6.mps with config: /scratch/yorig/mpils-results-grid-seconds-5-watchdog/medium-2/24proc/seed-5/9_supportcase6_seed-5_20260504_034854/iterated_local_search/run_1_worker_10/ils_config_14364501251290455758.prm
[INFO]:[03:50:25] CPLEX results. Gap: 13.330000, upper bound: 52112.367686, lower bound: 45165.579073
[INFO]:[03:50:25] CPLEX solver finished. Gap: 13.330000
[INFO]:[03:50:25] Starting CPLEX solver on instance: /home/yorig/tuner/mpils-tests/instances/miplib/medium-2/supportcase6.mps with config: /scratch/yorig/mpils-results-grid-seconds-5-watchdog/medium-2/24proc/seed-5/9_supportcase6_seed-5_20260504_034854/iterated_local_search/run_1_worker_10/ils_config_7767522379164362056.prm
[INFO]:[03:50:25] Starting CPLEX solver on instance: /home/yorig/tuner/mpils-tests/instances/miplib/medium-2/supportcase6.mps with config: /scratch/yorig/mpils-results-grid-seconds-5-watchdog/medium-2/24proc/seed-5/9_supportcase6_seed-5_20260504_034854/iterated_local_search/run_1_worker_10/ils_config_7767522379164362056.prm
[INFO]:[03:50:30] CPLEX results. Gap: 13.330000, upper bound: 52112.367686, lower bound: 45165.579073
[INFO]:[03:50:30] CPLEX solver finished. Gap: 13.330000
[INFO]:[03:50:30] Starting CPLEX solver on instance: /home/yorig/tuner/mpils-tests/instances/miplib/medium-2/supportcase6.mps with config: /scratch/yorig/mpils-results-grid-seconds-5-watchdog/medium-2/24proc/seed-5/9_supportcase6_seed-5_20260504_034854/iterated_local_search/run_1_worker_10/ils_config_12493242711561745360.prm
[INFO]:[03:50:30] Starting CPLEX solver on instance: /home/yorig/tuner/mpils-tests/instances/miplib/medium-2/supportcase6.mps with config: /scratch/yorig/mpils-results-grid-seconds-5-watchdog/medium-2/24proc/seed-5/9_supportcase6_seed-5_20260504_034854/iterated_local_search/run_1_worker_10/ils_config_12493242711561745360.prm
[INFO]:[03:50:35] CPLEX results. Gap: 13.330000, upper bound: 52112.367686, lower bound: 45165.579073
[INFO]:[03:50:35] CPLEX solver finished. Gap: 13.330000
[INFO]:[03:50:35] Starting CPLEX solver on instance: /home/yorig/tuner/mpils-tests/instances/miplib/medium-2/supportcase6.mps with config: /scratch/yorig/mpils-results-grid-seconds-5-watchdog/medium-2/24proc/seed-5/9_supportcase6_seed-5_20260504_034854/iterated_local_search/run_1_worker_10/ils_config_4974561428242651434.prm
[INFO]:[03:50:35] Starting CPLEX solver on instance: /home/yorig/tuner/mpils-tests/instances/miplib/medium-2/supportcase6.mps with config: /scratch/yorig/mpils-results-grid-seconds-5-watchdog/medium-2/24proc/seed-5/9_supportcase6_seed-5_20260504_034854/iterated_local_search/run_1_worker_10/ils_config_4974561428242651434.prm
[INFO]:[03:50:40] CPLEX results. Gap: 13.330000, upper bound: 52112.367686, lower bound: 45165.579073
[INFO]:[03:50:40] CPLEX solver finished. Gap: 13.330000
[INFO]:[03:50:40] Local search phase completed.
[INFO]:[03:50:40] Total number of new local-search evaluations: 20
[INFO]:[03:50:40] Final incumbent objective value: 13.33
[INFO]:[03:50:41] Worker 10 completed exploration phase.
[INFO]:[03:50:41] Worker 10 received order for step 2.
[INFO]:[03:50:41] Worker 10 running expansion phase for iteration 1.
[INFO]:[03:50:41] Worker 10 will use solver log file: /scratch/yorig/mpils-results-grid-seconds-5-watchdog/medium-2/24proc/seed-5/9_supportcase6_seed-5_20260504_034854/solver/cplex.log_iteration_expansion_1_worker_10
[INFO]:[03:50:41] Expansion Worker 10 starting expansion for iteration 1.
[INFO]:[03:50:41] Starting CPLEX solver on instance: /home/yorig/tuner/mpils-tests/instances/miplib/medium-2/supportcase6.mps with config: /scratch/yorig/mpils-results-grid-seconds-5-watchdog/medium-2/24proc/seed-5/9_supportcase6_seed-5_20260504_034854/expansion/config_param_CPXPARAM_MIP_Limits_ProbeTime_40_iter_1.prm
[INFO]:[03:50:46] CPLEX results. Gap: 100.000000, upper bound: 102597.533860, lower bound: 0.000000
[INFO]:[03:50:46] CPLEX solver finished. Gap: 100.000000
[INFO]:[03:50:46] Starting CPLEX solver on instance: /home/yorig/tuner/mpils-tests/instances/miplib/medium-2/supportcase6.mps with config: /scratch/yorig/mpils-results-grid-seconds-5-watchdog/medium-2/24proc/seed-5/9_supportcase6_seed-5_20260504_034854/expansion/config_param_CPXPARAM_MIP_Limits_ProbeTime_50_iter_1.prm
[INFO]:[03:50:52] CPLEX results. Gap: 100.000000, upper bound: 102597.533860, lower bound: 0.000000
[INFO]:[03:50:52] CPLEX solver finished. Gap: 100.000000
[INFO]:[03:50:57] Expansion Worker 10 completed expansion.
[INFO]:[03:50:57] Worker 10 completed expansion phase.
[INFO]:[03:50:57] Worker 10 received order for step 1.
[INFO]:[03:50:57] Worker 10 running exploration phase for iteration 2.
[INFO]:[03:50:57] Worker 10 at iteration 2 will not use a MIP start file. Current best MIP-start upper bound threshold is 1.79769e+308.
[INFO]:[03:50:57] Starting local search phase...
[INFO]:[03:50:57] Creating local search space from parameter space file: /scratch/yorig/mpils-results-grid-seconds-5-watchdog/medium-2/24proc/seed-5/9_supportcase6_seed-5_20260504_034854/iterated_local_search/search_space/search_space_file_2_worker_10.txt
[INFO]:[03:50:57] Local search space loaded from file: /scratch/yorig/mpils-results-grid-seconds-5-watchdog/medium-2/24proc/seed-5/9_supportcase6_seed-5_20260504_034854/iterated_local_search/search_space/search_space_file_2_worker_10.txt
[INFO]:[03:50:57] Number of parameters in local search space: 71
[INFO]:[03:50:57] Number of forbidden tuples in local search space: 29
[INFO]:[03:50:57] Number of conditionals in local search space: 6
[INFO]:[03:50:57] MIP start option not enabled. Local search will proceed without MIP start.
[INFO]:[03:50:57] Evaluating initial configuration for local search phase...
[INFO]:[03:50:57] Starting CPLEX solver on instance: /home/yorig/tuner/mpils-tests/instances/miplib/medium-2/supportcase6.mps with config: /scratch/yorig/mpils-results-grid-seconds-5-watchdog/medium-2/24proc/seed-5/9_supportcase6_seed-5_20260504_034854/iterated_local_search/run_2_worker_10/ils_config_7632327583245057085.prm
[INFO]:[03:50:57] Starting CPLEX solver on instance: /home/yorig/tuner/mpils-tests/instances/miplib/medium-2/supportcase6.mps with config: /scratch/yorig/mpils-results-grid-seconds-5-watchdog/medium-2/24proc/seed-5/9_supportcase6_seed-5_20260504_034854/iterated_local_search/run_2_worker_10/ils_config_7632327583245057085.prm
[INFO]:[03:51:02] CPLEX results. Gap: 100.000000, upper bound: 102597.533860, lower bound: 0.000000
[INFO]:[03:51:02] CPLEX solver finished. Gap: 100.000000
[INFO]:[03:51:02] Initial configuration evaluated with objective value: 100
[INFO]:[03:51:02] Starting CPLEX solver on instance: /home/yorig/tuner/mpils-tests/instances/miplib/medium-2/supportcase6.mps with config: /scratch/yorig/mpils-results-grid-seconds-5-watchdog/medium-2/24proc/seed-5/9_supportcase6_seed-5_20260504_034854/iterated_local_search/run_2_worker_10/ils_config_16543476361615111021.prm
[INFO]:[03:51:02] Starting CPLEX solver on instance: /home/yorig/tuner/mpils-tests/instances/miplib/medium-2/supportcase6.mps with config: /scratch/yorig/mpils-results-grid-seconds-5-watchdog/medium-2/24proc/seed-5/9_supportcase6_seed-5_20260504_034854/iterated_local_search/run_2_worker_10/ils_config_16543476361615111021.prm
[INFO]:[03:51:07] CPLEX results. Gap: 100.000000, upper bound: 102597.533860, lower bound: 0.000000
[INFO]:[03:51:07] CPLEX solver finished. Gap: 100.000000
[INFO]:[03:51:07] Starting CPLEX solver on instance: /home/yorig/tuner/mpils-tests/instances/miplib/medium-2/supportcase6.mps with config: /scratch/yorig/mpils-results-grid-seconds-5-watchdog/medium-2/24proc/seed-5/9_supportcase6_seed-5_20260504_034854/iterated_local_search/run_2_worker_10/ils_config_17758145273936569707.prm
[INFO]:[03:51:07] Starting CPLEX solver on instance: /home/yorig/tuner/mpils-tests/instances/miplib/medium-2/supportcase6.mps with config: /scratch/yorig/mpils-results-grid-seconds-5-watchdog/medium-2/24proc/seed-5/9_supportcase6_seed-5_20260504_034854/iterated_local_search/run_2_worker_10/ils_config_17758145273936569707.prm
[INFO]:[03:51:13] CPLEX results. Gap: 100.000000, upper bound: 102597.533860, lower bound: 0.000000
[INFO]:[03:51:13] CPLEX solver finished. Gap: 100.000000
[INFO]:[03:51:13] Starting CPLEX solver on instance: /home/yorig/tuner/mpils-tests/instances/miplib/medium-2/supportcase6.mps with config: /scratch/yorig/mpils-results-grid-seconds-5-watchdog/medium-2/24proc/seed-5/9_supportcase6_seed-5_20260504_034854/iterated_local_search/run_2_worker_10/ils_config_17395572127979388510.prm
[INFO]:[03:51:13] Starting CPLEX solver on instance: /home/yorig/tuner/mpils-tests/instances/miplib/medium-2/supportcase6.mps with config: /scratch/yorig/mpils-results-grid-seconds-5-watchdog/medium-2/24proc/seed-5/9_supportcase6_seed-5_20260504_034854/iterated_local_search/run_2_worker_10/ils_config_17395572127979388510.prm
[INFO]:[03:51:18] CPLEX results. Gap: 100.000000, upper bound: 102597.533860, lower bound: 0.000000
[INFO]:[03:51:18] CPLEX solver finished. Gap: 100.000000
[INFO]:[03:51:18] Starting CPLEX solver on instance: /home/yorig/tuner/mpils-tests/instances/miplib/medium-2/supportcase6.mps with config: /scratch/yorig/mpils-results-grid-seconds-5-watchdog/medium-2/24proc/seed-5/9_supportcase6_seed-5_20260504_034854/iterated_local_search/run_2_worker_10/ils_config_17944097397110277752.prm
[INFO]:[03:51:18] Starting CPLEX solver on instance: /home/yorig/tuner/mpils-tests/instances/miplib/medium-2/supportcase6.mps with config: /scratch/yorig/mpils-results-grid-seconds-5-watchdog/medium-2/24proc/seed-5/9_supportcase6_seed-5_20260504_034854/iterated_local_search/run_2_worker_10/ils_config_17944097397110277752.prm
[INFO]:[03:51:23] CPLEX results. Gap: 100.000000, upper bound: 102597.533860, lower bound: 0.000000
[INFO]:[03:51:23] CPLEX solver finished. Gap: 100.000000
[INFO]:[03:51:23] Starting CPLEX solver on instance: /home/yorig/tuner/mpils-tests/instances/miplib/medium-2/supportcase6.mps with config: /scratch/yorig/mpils-results-grid-seconds-5-watchdog/medium-2/24proc/seed-5/9_supportcase6_seed-5_20260504_034854/iterated_local_search/run_2_worker_10/ils_config_3320830590113715238.prm
[INFO]:[03:51:23] Starting CPLEX solver on instance: /home/yorig/tuner/mpils-tests/instances/miplib/medium-2/supportcase6.mps with config: /scratch/yorig/mpils-results-grid-seconds-5-watchdog/medium-2/24proc/seed-5/9_supportcase6_seed-5_20260504_034854/iterated_local_search/run_2_worker_10/ils_config_3320830590113715238.prm
[INFO]:[03:51:28] CPLEX results. Gap: 100.000000, upper bound: 102597.533860, lower bound: 0.000000
[INFO]:[03:51:28] CPLEX solver finished. Gap: 100.000000
[INFO]:[03:51:28] Local search phase completed.
[INFO]:[03:51:28] Total number of new local-search evaluations: 6
[INFO]:[03:51:28] Final incumbent objective value: 100
[INFO]:[03:51:28] Worker 10 completed exploration phase.
[INFO]:[03:51:29] Worker 10 received order for step 2.
[INFO]:[03:51:29] Worker 10 running expansion phase for iteration 2.
[INFO]:[03:51:29] Worker 10 will use solver log file: /scratch/yorig/mpils-results-grid-seconds-5-watchdog/medium-2/24proc/seed-5/9_supportcase6_seed-5_20260504_034854/solver/cplex.log_iteration_expansion_2_worker_10
[INFO]:[03:51:29] Expansion Worker 10 starting expansion for iteration 2.
[INFO]:[03:51:29] Starting CPLEX solver on instance: /home/yorig/tuner/mpils-tests/instances/miplib/medium-2/supportcase6.mps with config: /scratch/yorig/mpils-results-grid-seconds-5-watchdog/medium-2/24proc/seed-5/9_supportcase6_seed-5_20260504_034854/expansion/config_param_CPXPARAM_MIP_Strategy_HeuristicFreq_1000_iter_2.prm
[INFO]:[03:51:34] CPLEX results. Gap: 13.170000, upper bound: 51929.337830, lower bound: 45090.732163
[INFO]:[03:51:34] CPLEX solver finished. Gap: 13.170000
[INFO]:[03:51:34] Starting CPLEX solver on instance: /home/yorig/tuner/mpils-tests/instances/miplib/medium-2/supportcase6.mps with config: /scratch/yorig/mpils-results-grid-seconds-5-watchdog/medium-2/24proc/seed-5/9_supportcase6_seed-5_20260504_034854/expansion/config_param_CPXPARAM_MIP_Strategy_StartAlgorithm_1_iter_2.prm
[INFO]:[03:51:39] CPLEX results. Gap: 13.170000, upper bound: 51929.337830, lower bound: 45090.732163
[INFO]:[03:51:39] CPLEX solver finished. Gap: 13.170000
[INFO]:[03:51:39] Expansion Worker 10 stopping early after global MPI expansion stop was activated.
[INFO]:[03:51:39] Expansion Worker 10 completed expansion.
[INFO]:[03:51:39] Worker 10 completed expansion phase.
[INFO]:[03:51:39] Worker 10 received order for step 1.
[INFO]:[03:51:39] Worker 10 running exploration phase for iteration 3.
[INFO]:[03:51:39] Worker 10 at iteration 3 will not use a MIP start file. Current best MIP-start upper bound threshold is 1.79769e+308.
[INFO]:[03:51:39] Starting local search phase...
[INFO]:[03:51:39] Creating local search space from parameter space file: /scratch/yorig/mpils-results-grid-seconds-5-watchdog/medium-2/24proc/seed-5/9_supportcase6_seed-5_20260504_034854/iterated_local_search/search_space/search_space_file_3_worker_10.txt
[INFO]:[03:51:39] Local search space loaded from file: /scratch/yorig/mpils-results-grid-seconds-5-watchdog/medium-2/24proc/seed-5/9_supportcase6_seed-5_20260504_034854/iterated_local_search/search_space/search_space_file_3_worker_10.txt
[INFO]:[03:51:39] Number of parameters in local search space: 71
[INFO]:[03:51:39] Number of forbidden tuples in local search space: 24
[INFO]:[03:51:39] Number of conditionals in local search space: 6
[INFO]:[03:51:39] MIP start option not enabled. Local search will proceed without MIP start.
[INFO]:[03:51:39] Evaluating initial configuration for local search phase...
[INFO]:[03:51:39] Starting CPLEX solver on instance: /home/yorig/tuner/mpils-tests/instances/miplib/medium-2/supportcase6.mps with config: /scratch/yorig/mpils-results-grid-seconds-5-watchdog/medium-2/24proc/seed-5/9_supportcase6_seed-5_20260504_034854/iterated_local_search/run_3_worker_10/ils_config_11062115897414452872.prm
[INFO]:[03:51:39] Starting CPLEX solver on instance: /home/yorig/tuner/mpils-tests/instances/miplib/medium-2/supportcase6.mps with config: /scratch/yorig/mpils-results-grid-seconds-5-watchdog/medium-2/24proc/seed-5/9_supportcase6_seed-5_20260504_034854/iterated_local_search/run_3_worker_10/ils_config_11062115897414452872.prm
[INFO]:[03:51:44] CPLEX results. Gap: 100.000000, upper bound: 102597.533860, lower bound: 0.000000
[INFO]:[03:51:44] CPLEX solver finished. Gap: 100.000000
[INFO]:[03:51:44] Initial configuration evaluated with objective value: 100
[INFO]:[03:51:45] Starting CPLEX solver on instance: /home/yorig/tuner/mpils-tests/instances/miplib/medium-2/supportcase6.mps with config: /scratch/yorig/mpils-results-grid-seconds-5-watchdog/medium-2/24proc/seed-5/9_supportcase6_seed-5_20260504_034854/iterated_local_search/run_3_worker_10/ils_config_3173186076747559739.prm
[INFO]:[03:51:45] Starting CPLEX solver on instance: /home/yorig/tuner/mpils-tests/instances/miplib/medium-2/supportcase6.mps with config: /scratch/yorig/mpils-results-grid-seconds-5-watchdog/medium-2/24proc/seed-5/9_supportcase6_seed-5_20260504_034854/iterated_local_search/run_3_worker_10/ils_config_3173186076747559739.prm
[INFO]:[03:51:50] CPLEX results. Gap: 100.000000, upper bound: 102597.533860, lower bound: 0.000000
[INFO]:[03:51:50] CPLEX solver finished. Gap: 100.000000
[INFO]:[03:51:50] Starting CPLEX solver on instance: /home/yorig/tuner/mpils-tests/instances/miplib/medium-2/supportcase6.mps with config: /scratch/yorig/mpils-results-grid-seconds-5-watchdog/medium-2/24proc/seed-5/9_supportcase6_seed-5_20260504_034854/iterated_local_search/run_3_worker_10/ils_config_2315107038059608807.prm
[INFO]:[03:51:50] Starting CPLEX solver on instance: /home/yorig/tuner/mpils-tests/instances/miplib/medium-2/supportcase6.mps with config: /scratch/yorig/mpils-results-grid-seconds-5-watchdog/medium-2/24proc/seed-5/9_supportcase6_seed-5_20260504_034854/iterated_local_search/run_3_worker_10/ils_config_2315107038059608807.prm
[INFO]:[03:51:55] CPLEX results. Gap: 56.050000, upper bound: 102597.533860, lower bound: 45090.732163
[INFO]:[03:51:55] CPLEX solver finished. Gap: 56.050000
[INFO]:[03:51:55] New incumbent found with objective value: 56.05
[INFO]:[03:51:55] Starting CPLEX solver on instance: /home/yorig/tuner/mpils-tests/instances/miplib/medium-2/supportcase6.mps with config: /scratch/yorig/mpils-results-grid-seconds-5-watchdog/medium-2/24proc/seed-5/9_supportcase6_seed-5_20260504_034854/iterated_local_search/run_3_worker_10/ils_config_17692540484017814768.prm
[INFO]:[03:51:55] Starting CPLEX solver on instance: /home/yorig/tuner/mpils-tests/instances/miplib/medium-2/supportcase6.mps with config: /scratch/yorig/mpils-results-grid-seconds-5-watchdog/medium-2/24proc/seed-5/9_supportcase6_seed-5_20260504_034854/iterated_local_search/run_3_worker_10/ils_config_17692540484017814768.prm
[INFO]:[03:52:00] CPLEX results. Gap: 100.000000, upper bound: 102597.533860, lower bound: 0.000000
[INFO]:[03:52:00] CPLEX solver finished. Gap: 100.000000
[INFO]:[03:52:00] Starting CPLEX solver on instance: /home/yorig/tuner/mpils-tests/instances/miplib/medium-2/supportcase6.mps with config: /scratch/yorig/mpils-results-grid-seconds-5-watchdog/medium-2/24proc/seed-5/9_supportcase6_seed-5_20260504_034854/iterated_local_search/run_3_worker_10/ils_config_6481375169202024696.prm
[INFO]:[03:52:00] Starting CPLEX solver on instance: /home/yorig/tuner/mpils-tests/instances/miplib/medium-2/supportcase6.mps with config: /scratch/yorig/mpils-results-grid-seconds-5-watchdog/medium-2/24proc/seed-5/9_supportcase6_seed-5_20260504_034854/iterated_local_search/run_3_worker_10/ils_config_6481375169202024696.prm
[INFO]:[03:52:06] CPLEX results. Gap: 56.050000, upper bound: 102597.533860, lower bound: 45090.732163
[INFO]:[03:52:06] CPLEX solver finished. Gap: 56.050000
[INFO]:[03:52:06] Starting CPLEX solver on instance: /home/yorig/tuner/mpils-tests/instances/miplib/medium-2/supportcase6.mps with config: /scratch/yorig/mpils-results-grid-seconds-5-watchdog/medium-2/24proc/seed-5/9_supportcase6_seed-5_20260504_034854/iterated_local_search/run_3_worker_10/ils_config_1696586367728294456.prm
[INFO]:[03:52:06] Starting CPLEX solver on instance: /home/yorig/tuner/mpils-tests/instances/miplib/medium-2/supportcase6.mps with config: /scratch/yorig/mpils-results-grid-seconds-5-watchdog/medium-2/24proc/seed-5/9_supportcase6_seed-5_20260504_034854/iterated_local_search/run_3_worker_10/ils_config_1696586367728294456.prm
[INFO]:[03:52:11] CPLEX results. Gap: 100.000000, upper bound: 102597.533860, lower bound: 0.000000
[INFO]:[03:52:11] CPLEX solver finished. Gap: 100.000000
[INFO]:[03:52:11] Starting CPLEX solver on instance: /home/yorig/tuner/mpils-tests/instances/miplib/medium-2/supportcase6.mps with config: /scratch/yorig/mpils-results-grid-seconds-5-watchdog/medium-2/24proc/seed-5/9_supportcase6_seed-5_20260504_034854/iterated_local_search/run_3_worker_10/ils_config_15335237082982811334.prm
[INFO]:[03:52:11] Starting CPLEX solver on instance: /home/yorig/tuner/mpils-tests/instances/miplib/medium-2/supportcase6.mps with config: /scratch/yorig/mpils-results-grid-seconds-5-watchdog/medium-2/24proc/seed-5/9_supportcase6_seed-5_20260504_034854/iterated_local_search/run_3_worker_10/ils_config_15335237082982811334.prm
[INFO]:[03:52:16] CPLEX results. Gap: 100.000000, upper bound: 102597.533860, lower bound: 0.000000
[INFO]:[03:52:16] CPLEX solver finished. Gap: 100.000000
[INFO]:[03:52:16] Starting CPLEX solver on instance: /home/yorig/tuner/mpils-tests/instances/miplib/medium-2/supportcase6.mps with config: /scratch/yorig/mpils-results-grid-seconds-5-watchdog/medium-2/24proc/seed-5/9_supportcase6_seed-5_20260504_034854/iterated_local_search/run_3_worker_10/ils_config_670189382466242137.prm
[INFO]:[03:52:16] Starting CPLEX solver on instance: /home/yorig/tuner/mpils-tests/instances/miplib/medium-2/supportcase6.mps with config: /scratch/yorig/mpils-results-grid-seconds-5-watchdog/medium-2/24proc/seed-5/9_supportcase6_seed-5_20260504_034854/iterated_local_search/run_3_worker_10/ils_config_670189382466242137.prm
[INFO]:[03:52:21] CPLEX results. Gap: 56.050000, upper bound: 102597.533860, lower bound: 45090.732163
[INFO]:[03:52:21] CPLEX solver finished. Gap: 56.050000
[INFO]:[03:52:21] Starting CPLEX solver on instance: /home/yorig/tuner/mpils-tests/instances/miplib/medium-2/supportcase6.mps with config: /scratch/yorig/mpils-results-grid-seconds-5-watchdog/medium-2/24proc/seed-5/9_supportcase6_seed-5_20260504_034854/iterated_local_search/run_3_worker_10/ils_config_6967833972482846412.prm
[INFO]:[03:52:21] Starting CPLEX solver on instance: /home/yorig/tuner/mpils-tests/instances/miplib/medium-2/supportcase6.mps with config: /scratch/yorig/mpils-results-grid-seconds-5-watchdog/medium-2/24proc/seed-5/9_supportcase6_seed-5_20260504_034854/iterated_local_search/run_3_worker_10/ils_config_6967833972482846412.prm
[INFO]:[03:52:26] CPLEX results. Gap: 56.050000, upper bound: 102597.533860, lower bound: 45090.732163
[INFO]:[03:52:26] CPLEX solver finished. Gap: 56.050000
[INFO]:[03:52:26] Starting CPLEX solver on instance: /home/yorig/tuner/mpils-tests/instances/miplib/medium-2/supportcase6.mps with config: /scratch/yorig/mpils-results-grid-seconds-5-watchdog/medium-2/24proc/seed-5/9_supportcase6_seed-5_20260504_034854/iterated_local_search/run_3_worker_10/ils_config_1371889621467156282.prm
[INFO]:[03:52:26] Starting CPLEX solver on instance: /home/yorig/tuner/mpils-tests/instances/miplib/medium-2/supportcase6.mps with config: /scratch/yorig/mpils-results-grid-seconds-5-watchdog/medium-2/24proc/seed-5/9_supportcase6_seed-5_20260504_034854/iterated_local_search/run_3_worker_10/ils_config_1371889621467156282.prm
[INFO]:[03:52:32] CPLEX results. Gap: 56.050000, upper bound: 102597.533860, lower bound: 45090.732163
[INFO]:[03:52:32] CPLEX solver finished. Gap: 56.050000
[INFO]:[03:52:32] Starting CPLEX solver on instance: /home/yorig/tuner/mpils-tests/instances/miplib/medium-2/supportcase6.mps with config: /scratch/yorig/mpils-results-grid-seconds-5-watchdog/medium-2/24proc/seed-5/9_supportcase6_seed-5_20260504_034854/iterated_local_search/run_3_worker_10/ils_config_9768181447038510825.prm
[INFO]:[03:52:32] Starting CPLEX solver on instance: /home/yorig/tuner/mpils-tests/instances/miplib/medium-2/supportcase6.mps with config: /scratch/yorig/mpils-results-grid-seconds-5-watchdog/medium-2/24proc/seed-5/9_supportcase6_seed-5_20260504_034854/iterated_local_search/run_3_worker_10/ils_config_9768181447038510825.prm
[INFO]:[03:52:37] CPLEX results. Gap: 56.050000, upper bound: 102597.533860, lower bound: 45090.732163
[INFO]:[03:52:37] CPLEX solver finished. Gap: 56.050000
[INFO]:[03:52:37] Starting CPLEX solver on instance: /home/yorig/tuner/mpils-tests/instances/miplib/medium-2/supportcase6.mps with config: /scratch/yorig/mpils-results-grid-seconds-5-watchdog/medium-2/24proc/seed-5/9_supportcase6_seed-5_20260504_034854/iterated_local_search/run_3_worker_10/ils_config_9789152221236071224.prm
[INFO]:[03:52:37] Starting CPLEX solver on instance: /home/yorig/tuner/mpils-tests/instances/miplib/medium-2/supportcase6.mps with config: /scratch/yorig/mpils-results-grid-seconds-5-watchdog/medium-2/24proc/seed-5/9_supportcase6_seed-5_20260504_034854/iterated_local_search/run_3_worker_10/ils_config_9789152221236071224.prm
[INFO]:[03:52:42] CPLEX results. Gap: 100.000000, upper bound: 102597.533860, lower bound: 0.000000
[INFO]:[03:52:42] CPLEX solver finished. Gap: 100.000000
[INFO]:[03:52:42] Starting CPLEX solver on instance: /home/yorig/tuner/mpils-tests/instances/miplib/medium-2/supportcase6.mps with config: /scratch/yorig/mpils-results-grid-seconds-5-watchdog/medium-2/24proc/seed-5/9_supportcase6_seed-5_20260504_034854/iterated_local_search/run_3_worker_10/ils_config_15864790119512310865.prm
[INFO]:[03:52:42] Starting CPLEX solver on instance: /home/yorig/tuner/mpils-tests/instances/miplib/medium-2/supportcase6.mps with config: /scratch/yorig/mpils-results-grid-seconds-5-watchdog/medium-2/24proc/seed-5/9_supportcase6_seed-5_20260504_034854/iterated_local_search/run_3_worker_10/ils_config_15864790119512310865.prm
[INFO]:[03:52:48] CPLEX results. Gap: 56.050000, upper bound: 102597.533860, lower bound: 45090.732163
[INFO]:[03:52:48] CPLEX solver finished. Gap: 56.050000
[INFO]:[03:52:48] Starting CPLEX solver on instance: /home/yorig/tuner/mpils-tests/instances/miplib/medium-2/supportcase6.mps with config: /scratch/yorig/mpils-results-grid-seconds-5-watchdog/medium-2/24proc/seed-5/9_supportcase6_seed-5_20260504_034854/iterated_local_search/run_3_worker_10/ils_config_4161924674334165076.prm
[INFO]:[03:52:48] Starting CPLEX solver on instance: /home/yorig/tuner/mpils-tests/instances/miplib/medium-2/supportcase6.mps with config: /scratch/yorig/mpils-results-grid-seconds-5-watchdog/medium-2/24proc/seed-5/9_supportcase6_seed-5_20260504_034854/iterated_local_search/run_3_worker_10/ils_config_4161924674334165076.prm
[INFO]:[03:52:53] CPLEX results. Gap: 56.050000, upper bound: 102597.533860, lower bound: 45090.732163
[INFO]:[03:52:53] CPLEX solver finished. Gap: 56.050000
[INFO]:[03:52:53] Starting CPLEX solver on instance: /home/yorig/tuner/mpils-tests/instances/miplib/medium-2/supportcase6.mps with config: /scratch/yorig/mpils-results-grid-seconds-5-watchdog/medium-2/24proc/seed-5/9_supportcase6_seed-5_20260504_034854/iterated_local_search/run_3_worker_10/ils_config_9049070307031964934.prm
[INFO]:[03:52:53] Starting CPLEX solver on instance: /home/yorig/tuner/mpils-tests/instances/miplib/medium-2/supportcase6.mps with config: /scratch/yorig/mpils-results-grid-seconds-5-watchdog/medium-2/24proc/seed-5/9_supportcase6_seed-5_20260504_034854/iterated_local_search/run_3_worker_10/ils_config_9049070307031964934.prm
[INFO]:[03:52:58] CPLEX results. Gap: 100.000000, upper bound: 102597.533860, lower bound: 0.000000
[INFO]:[03:52:58] CPLEX solver finished. Gap: 100.000000
[INFO]:[03:52:58] Local search phase completed.
[INFO]:[03:52:58] Total number of new local-search evaluations: 15
[INFO]:[03:52:58] Final incumbent objective value: 56.05
[INFO]:[03:52:58] Worker 10 completed exploration phase.
[INFO]:[03:52:58] Worker 10 received order for step 2.
[INFO]:[03:52:58] Worker 10 running expansion phase for iteration 3.
[INFO]:[03:52:58] Worker 10 will use solver log file: /scratch/yorig/mpils-results-grid-seconds-5-watchdog/medium-2/24proc/seed-5/9_supportcase6_seed-5_20260504_034854/solver/cplex.log_iteration_expansion_3_worker_10
[INFO]:[03:52:58] Expansion Worker 10 starting expansion for iteration 3.
[INFO]:[03:52:58] Starting CPLEX solver on instance: /home/yorig/tuner/mpils-tests/instances/miplib/medium-2/supportcase6.mps with config: /scratch/yorig/mpils-results-grid-seconds-5-watchdog/medium-2/24proc/seed-5/9_supportcase6_seed-5_20260504_034854/expansion/config_param_CPXPARAM_Barrier_Ordering_1_iter_3.prm
[INFO]:[03:53:04] CPLEX results. Gap: 13.150000, upper bound: 51999.634479, lower bound: 45160.585035
[INFO]:[03:53:04] CPLEX solver finished. Gap: 13.150000
[INFO]:[03:53:09] Expansion Worker 10 completed expansion.
[INFO]:[03:53:09] Worker 10 completed expansion phase.
[INFO]:[03:53:09] Worker 10 received order for step 1.
[INFO]:[03:53:09] Worker 10 running exploration phase for iteration 4.
[INFO]:[03:53:09] Worker 10 at iteration 4 will not use a MIP start file. Current best MIP-start upper bound threshold is 1.79769e+308.
[INFO]:[03:53:09] Starting local search phase...
[INFO]:[03:53:09] Creating local search space from parameter space file: /scratch/yorig/mpils-results-grid-seconds-5-watchdog/medium-2/24proc/seed-5/9_supportcase6_seed-5_20260504_034854/iterated_local_search/search_space/search_space_file_4_worker_10.txt
[INFO]:[03:53:09] Local search space loaded from file: /scratch/yorig/mpils-results-grid-seconds-5-watchdog/medium-2/24proc/seed-5/9_supportcase6_seed-5_20260504_034854/iterated_local_search/search_space/search_space_file_4_worker_10.txt
[INFO]:[03:53:09] Number of parameters in local search space: 71
[INFO]:[03:53:09] Number of forbidden tuples in local search space: 29
[INFO]:[03:53:09] Number of conditionals in local search space: 6
[INFO]:[03:53:09] MIP start option not enabled. Local search will proceed without MIP start.
[INFO]:[03:53:09] Evaluating initial configuration for local search phase...
[INFO]:[03:53:09] Starting CPLEX solver on instance: /home/yorig/tuner/mpils-tests/instances/miplib/medium-2/supportcase6.mps with config: /scratch/yorig/mpils-results-grid-seconds-5-watchdog/medium-2/24proc/seed-5/9_supportcase6_seed-5_20260504_034854/iterated_local_search/run_4_worker_10/ils_config_8870793777158225986.prm
[INFO]:[03:53:09] Starting CPLEX solver on instance: /home/yorig/tuner/mpils-tests/instances/miplib/medium-2/supportcase6.mps with config: /scratch/yorig/mpils-results-grid-seconds-5-watchdog/medium-2/24proc/seed-5/9_supportcase6_seed-5_20260504_034854/iterated_local_search/run_4_worker_10/ils_config_8870793777158225986.prm
[INFO]:[03:53:15] CPLEX results. Gap: 100.000000, upper bound: 102597.533860, lower bound: 0.000000
[INFO]:[03:53:15] CPLEX solver finished. Gap: 100.000000
[INFO]:[03:53:15] Initial configuration evaluated with objective value: 100
[INFO]:[03:53:15] Starting CPLEX solver on instance: /home/yorig/tuner/mpils-tests/instances/miplib/medium-2/supportcase6.mps with config: /scratch/yorig/mpils-results-grid-seconds-5-watchdog/medium-2/24proc/seed-5/9_supportcase6_seed-5_20260504_034854/iterated_local_search/run_4_worker_10/ils_config_5441435681375882436.prm
[INFO]:[03:53:15] Starting CPLEX solver on instance: /home/yorig/tuner/mpils-tests/instances/miplib/medium-2/supportcase6.mps with config: /scratch/yorig/mpils-results-grid-seconds-5-watchdog/medium-2/24proc/seed-5/9_supportcase6_seed-5_20260504_034854/iterated_local_search/run_4_worker_10/ils_config_5441435681375882436.prm
[INFO]:[03:53:20] CPLEX results. Gap: 55.980000, upper bound: 102597.533860, lower bound: 45160.585035
[INFO]:[03:53:20] CPLEX solver finished. Gap: 55.980000
[INFO]:[03:53:20] New incumbent found with objective value: 55.98
[INFO]:[03:53:20] Starting CPLEX solver on instance: /home/yorig/tuner/mpils-tests/instances/miplib/medium-2/supportcase6.mps with config: /scratch/yorig/mpils-results-grid-seconds-5-watchdog/medium-2/24proc/seed-5/9_supportcase6_seed-5_20260504_034854/iterated_local_search/run_4_worker_10/ils_config_6883581039280031783.prm
[INFO]:[03:53:20] Starting CPLEX solver on instance: /home/yorig/tuner/mpils-tests/instances/miplib/medium-2/supportcase6.mps with config: /scratch/yorig/mpils-results-grid-seconds-5-watchdog/medium-2/24proc/seed-5/9_supportcase6_seed-5_20260504_034854/iterated_local_search/run_4_worker_10/ils_config_6883581039280031783.prm
[INFO]:[03:53:25] CPLEX results. Gap: 55.980000, upper bound: 102597.533860, lower bound: 45160.585035
[INFO]:[03:53:25] CPLEX solver finished. Gap: 55.980000
[INFO]:[03:53:25] Starting CPLEX solver on instance: /home/yorig/tuner/mpils-tests/instances/miplib/medium-2/supportcase6.mps with config: /scratch/yorig/mpils-results-grid-seconds-5-watchdog/medium-2/24proc/seed-5/9_supportcase6_seed-5_20260504_034854/iterated_local_search/run_4_worker_10/ils_config_6321646364135312530.prm
[INFO]:[03:53:25] Starting CPLEX solver on instance: /home/yorig/tuner/mpils-tests/instances/miplib/medium-2/supportcase6.mps with config: /scratch/yorig/mpils-results-grid-seconds-5-watchdog/medium-2/24proc/seed-5/9_supportcase6_seed-5_20260504_034854/iterated_local_search/run_4_worker_10/ils_config_6321646364135312530.prm
[INFO]:[03:53:30] CPLEX results. Gap: 56.050000, upper bound: 102597.533860, lower bound: 45090.732163
[INFO]:[03:53:30] CPLEX solver finished. Gap: 56.050000
[INFO]:[03:53:30] Starting CPLEX solver on instance: /home/yorig/tuner/mpils-tests/instances/miplib/medium-2/supportcase6.mps with config: /scratch/yorig/mpils-results-grid-seconds-5-watchdog/medium-2/24proc/seed-5/9_supportcase6_seed-5_20260504_034854/iterated_local_search/run_4_worker_10/ils_config_1477413249539342673.prm
[INFO]:[03:53:30] Starting CPLEX solver on instance: /home/yorig/tuner/mpils-tests/instances/miplib/medium-2/supportcase6.mps with config: /scratch/yorig/mpils-results-grid-seconds-5-watchdog/medium-2/24proc/seed-5/9_supportcase6_seed-5_20260504_034854/iterated_local_search/run_4_worker_10/ils_config_1477413249539342673.prm
[INFO]:[03:53:36] CPLEX results. Gap: 55.980000, upper bound: 102597.533860, lower bound: 45160.585035
[INFO]:[03:53:36] CPLEX solver finished. Gap: 55.980000
[INFO]:[03:53:36] Starting CPLEX solver on instance: /home/yorig/tuner/mpils-tests/instances/miplib/medium-2/supportcase6.mps with config: /scratch/yorig/mpils-results-grid-seconds-5-watchdog/medium-2/24proc/seed-5/9_supportcase6_seed-5_20260504_034854/iterated_local_search/run_4_worker_10/ils_config_1387114586503173124.prm
[INFO]:[03:53:36] Starting CPLEX solver on instance: /home/yorig/tuner/mpils-tests/instances/miplib/medium-2/supportcase6.mps with config: /scratch/yorig/mpils-results-grid-seconds-5-watchdog/medium-2/24proc/seed-5/9_supportcase6_seed-5_20260504_034854/iterated_local_search/run_4_worker_10/ils_config_1387114586503173124.prm
[INFO]:[03:53:41] CPLEX results. Gap: 55.980000, upper bound: 102597.533860, lower bound: 45160.585035
[INFO]:[03:53:41] CPLEX solver finished. Gap: 55.980000
[INFO]:[03:53:41] Starting CPLEX solver on instance: /home/yorig/tuner/mpils-tests/instances/miplib/medium-2/supportcase6.mps with config: /scratch/yorig/mpils-results-grid-seconds-5-watchdog/medium-2/24proc/seed-5/9_supportcase6_seed-5_20260504_034854/iterated_local_search/run_4_worker_10/ils_config_1988864903583074167.prm
[INFO]:[03:53:41] Starting CPLEX solver on instance: /home/yorig/tuner/mpils-tests/instances/miplib/medium-2/supportcase6.mps with config: /scratch/yorig/mpils-results-grid-seconds-5-watchdog/medium-2/24proc/seed-5/9_supportcase6_seed-5_20260504_034854/iterated_local_search/run_4_worker_10/ils_config_1988864903583074167.prm
[INFO]:[03:53:46] CPLEX results. Gap: 55.980000, upper bound: 102597.533860, lower bound: 45160.585035
[INFO]:[03:53:46] CPLEX solver finished. Gap: 55.980000
[INFO]:[03:53:46] Local search phase completed.
[INFO]:[03:53:46] Total number of new local-search evaluations: 7
[INFO]:[03:53:46] Final incumbent objective value: 55.98
[INFO]:[03:53:46] Worker 10 completed exploration phase.
[INFO]:[03:53:46] Worker 10 received order for step 2.
[INFO]:[03:53:46] Worker 10 running expansion phase for iteration 4.
[INFO]:[03:53:46] Worker 10 will use solver log file: /scratch/yorig/mpils-results-grid-seconds-5-watchdog/medium-2/24proc/seed-5/9_supportcase6_seed-5_20260504_034854/solver/cplex.log_iteration_expansion_4_worker_10
[INFO]:[03:53:46] Expansion Worker 10 starting expansion for iteration 4.
[INFO]:[03:53:46] Starting CPLEX solver on instance: /home/yorig/tuner/mpils-tests/instances/miplib/medium-2/supportcase6.mps with config: /scratch/yorig/mpils-results-grid-seconds-5-watchdog/medium-2/24proc/seed-5/9_supportcase6_seed-5_20260504_034854/expansion/config_param_CPXPARAM_Network_NetFind_1_iter_4.prm
[INFO]:[03:53:51] CPLEX results. Gap: 13.150000, upper bound: 51999.634479, lower bound: 45160.585035
[INFO]:[03:53:51] CPLEX solver finished. Gap: 13.150000
[INFO]:[03:53:57] Expansion Worker 10 completed expansion.
[INFO]:[03:53:57] Worker 10 completed expansion phase.
[INFO]:[03:53:57] Worker 10 received order for step 1.
[INFO]:[03:53:57] Worker 10 running exploration phase for iteration 5.
[INFO]:[03:53:57] Worker 10 at iteration 5 will not use a MIP start file. Current best MIP-start upper bound threshold is 1.79769e+308.
[INFO]:[03:53:57] Starting local search phase...
[INFO]:[03:53:57] Creating local search space from parameter space file: /scratch/yorig/mpils-results-grid-seconds-5-watchdog/medium-2/24proc/seed-5/9_supportcase6_seed-5_20260504_034854/iterated_local_search/search_space/search_space_file_5_worker_10.txt
[INFO]:[03:53:57] Local search space loaded from file: /scratch/yorig/mpils-results-grid-seconds-5-watchdog/medium-2/24proc/seed-5/9_supportcase6_seed-5_20260504_034854/iterated_local_search/search_space/search_space_file_5_worker_10.txt
[INFO]:[03:53:57] Number of parameters in local search space: 71
[INFO]:[03:53:57] Number of forbidden tuples in local search space: 27
[INFO]:[03:53:57] Number of conditionals in local search space: 6
[INFO]:[03:53:57] MIP start option not enabled. Local search will proceed without MIP start.
[INFO]:[03:53:57] Evaluating initial configuration for local search phase...
[INFO]:[03:53:57] Starting CPLEX solver on instance: /home/yorig/tuner/mpils-tests/instances/miplib/medium-2/supportcase6.mps with config: /scratch/yorig/mpils-results-grid-seconds-5-watchdog/medium-2/24proc/seed-5/9_supportcase6_seed-5_20260504_034854/iterated_local_search/run_5_worker_10/ils_config_13739899119850752699.prm
[INFO]:[03:53:57] Starting CPLEX solver on instance: /home/yorig/tuner/mpils-tests/instances/miplib/medium-2/supportcase6.mps with config: /scratch/yorig/mpils-results-grid-seconds-5-watchdog/medium-2/24proc/seed-5/9_supportcase6_seed-5_20260504_034854/iterated_local_search/run_5_worker_10/ils_config_13739899119850752699.prm
[INFO]:[03:54:02] CPLEX results. Gap: 100.000000, upper bound: 102597.533860, lower bound: 0.000000
[INFO]:[03:54:02] CPLEX solver finished. Gap: 100.000000
[INFO]:[03:54:02] Initial configuration evaluated with objective value: 100
[INFO]:[03:54:03] Starting CPLEX solver on instance: /home/yorig/tuner/mpils-tests/instances/miplib/medium-2/supportcase6.mps with config: /scratch/yorig/mpils-results-grid-seconds-5-watchdog/medium-2/24proc/seed-5/9_supportcase6_seed-5_20260504_034854/iterated_local_search/run_5_worker_10/ils_config_13372477970035299956.prm
[INFO]:[03:54:03] Starting CPLEX solver on instance: /home/yorig/tuner/mpils-tests/instances/miplib/medium-2/supportcase6.mps with config: /scratch/yorig/mpils-results-grid-seconds-5-watchdog/medium-2/24proc/seed-5/9_supportcase6_seed-5_20260504_034854/iterated_local_search/run_5_worker_10/ils_config_13372477970035299956.prm
[INFO]:[03:54:08] CPLEX results. Gap: 100.000000, upper bound: 102597.533860, lower bound: 0.000000
[INFO]:[03:54:08] CPLEX solver finished. Gap: 100.000000
[INFO]:[03:54:08] Starting CPLEX solver on instance: /home/yorig/tuner/mpils-tests/instances/miplib/medium-2/supportcase6.mps with config: /scratch/yorig/mpils-results-grid-seconds-5-watchdog/medium-2/24proc/seed-5/9_supportcase6_seed-5_20260504_034854/iterated_local_search/run_5_worker_10/ils_config_14951246662347969143.prm
[INFO]:[03:54:08] Starting CPLEX solver on instance: /home/yorig/tuner/mpils-tests/instances/miplib/medium-2/supportcase6.mps with config: /scratch/yorig/mpils-results-grid-seconds-5-watchdog/medium-2/24proc/seed-5/9_supportcase6_seed-5_20260504_034854/iterated_local_search/run_5_worker_10/ils_config_14951246662347969143.prm
[INFO]:[03:54:13] CPLEX results. Gap: 100.000000, upper bound: 102597.533860, lower bound: 0.000000
[INFO]:[03:54:13] CPLEX solver finished. Gap: 100.000000
[INFO]:[03:54:13] Starting CPLEX solver on instance: /home/yorig/tuner/mpils-tests/instances/miplib/medium-2/supportcase6.mps with config: /scratch/yorig/mpils-results-grid-seconds-5-watchdog/medium-2/24proc/seed-5/9_supportcase6_seed-5_20260504_034854/iterated_local_search/run_5_worker_10/ils_config_8677881131952566994.prm
[INFO]:[03:54:13] Starting CPLEX solver on instance: /home/yorig/tuner/mpils-tests/instances/miplib/medium-2/supportcase6.mps with config: /scratch/yorig/mpils-results-grid-seconds-5-watchdog/medium-2/24proc/seed-5/9_supportcase6_seed-5_20260504_034854/iterated_local_search/run_5_worker_10/ils_config_8677881131952566994.prm
[INFO]:[03:54:18] CPLEX results. Gap: 100.000000, upper bound: 102597.533860, lower bound: 0.000000
[INFO]:[03:54:18] CPLEX solver finished. Gap: 100.000000
[INFO]:[03:54:18] Starting CPLEX solver on instance: /home/yorig/tuner/mpils-tests/instances/miplib/medium-2/supportcase6.mps with config: /scratch/yorig/mpils-results-grid-seconds-5-watchdog/medium-2/24proc/seed-5/9_supportcase6_seed-5_20260504_034854/iterated_local_search/run_5_worker_10/ils_config_6648997879362090409.prm
[INFO]:[03:54:18] Starting CPLEX solver on instance: /home/yorig/tuner/mpils-tests/instances/miplib/medium-2/supportcase6.mps with config: /scratch/yorig/mpils-results-grid-seconds-5-watchdog/medium-2/24proc/seed-5/9_supportcase6_seed-5_20260504_034854/iterated_local_search/run_5_worker_10/ils_config_6648997879362090409.prm
[INFO]:[03:54:23] CPLEX results. Gap: 100.000000, upper bound: 102597.533860, lower bound: 0.000000
[INFO]:[03:54:23] CPLEX solver finished. Gap: 100.000000
[INFO]:[03:54:23] Starting CPLEX solver on instance: /home/yorig/tuner/mpils-tests/instances/miplib/medium-2/supportcase6.mps with config: /scratch/yorig/mpils-results-grid-seconds-5-watchdog/medium-2/24proc/seed-5/9_supportcase6_seed-5_20260504_034854/iterated_local_search/run_5_worker_10/ils_config_9596091813235923245.prm
[INFO]:[03:54:23] Starting CPLEX solver on instance: /home/yorig/tuner/mpils-tests/instances/miplib/medium-2/supportcase6.mps with config: /scratch/yorig/mpils-results-grid-seconds-5-watchdog/medium-2/24proc/seed-5/9_supportcase6_seed-5_20260504_034854/iterated_local_search/run_5_worker_10/ils_config_9596091813235923245.prm
[INFO]:[03:54:29] CPLEX results. Gap: 100.000000, upper bound: 102597.533860, lower bound: 0.000000
[INFO]:[03:54:29] CPLEX solver finished. Gap: 100.000000
[INFO]:[03:54:29] Starting CPLEX solver on instance: /home/yorig/tuner/mpils-tests/instances/miplib/medium-2/supportcase6.mps with config: /scratch/yorig/mpils-results-grid-seconds-5-watchdog/medium-2/24proc/seed-5/9_supportcase6_seed-5_20260504_034854/iterated_local_search/run_5_worker_10/ils_config_17021782907299167446.prm
[INFO]:[03:54:29] Starting CPLEX solver on instance: /home/yorig/tuner/mpils-tests/instances/miplib/medium-2/supportcase6.mps with config: /scratch/yorig/mpils-results-grid-seconds-5-watchdog/medium-2/24proc/seed-5/9_supportcase6_seed-5_20260504_034854/iterated_local_search/run_5_worker_10/ils_config_17021782907299167446.prm
[INFO]:[03:54:34] CPLEX results. Gap: 56.050000, upper bound: 102597.533860, lower bound: 45090.732163
[INFO]:[03:54:34] CPLEX solver finished. Gap: 56.050000
[INFO]:[03:54:34] New incumbent found with objective value: 56.05
[INFO]:[03:54:34] Starting CPLEX solver on instance: /home/yorig/tuner/mpils-tests/instances/miplib/medium-2/supportcase6.mps with config: /scratch/yorig/mpils-results-grid-seconds-5-watchdog/medium-2/24proc/seed-5/9_supportcase6_seed-5_20260504_034854/iterated_local_search/run_5_worker_10/ils_config_7171010397485194137.prm
[INFO]:[03:54:34] Starting CPLEX solver on instance: /home/yorig/tuner/mpils-tests/instances/miplib/medium-2/supportcase6.mps with config: /scratch/yorig/mpils-results-grid-seconds-5-watchdog/medium-2/24proc/seed-5/9_supportcase6_seed-5_20260504_034854/iterated_local_search/run_5_worker_10/ils_config_7171010397485194137.prm
[INFO]:[03:54:39] CPLEX results. Gap: 56.050000, upper bound: 102597.533860, lower bound: 45090.732163
[INFO]:[03:54:39] CPLEX solver finished. Gap: 56.050000
[INFO]:[03:54:39] Starting CPLEX solver on instance: /home/yorig/tuner/mpils-tests/instances/miplib/medium-2/supportcase6.mps with config: /scratch/yorig/mpils-results-grid-seconds-5-watchdog/medium-2/24proc/seed-5/9_supportcase6_seed-5_20260504_034854/iterated_local_search/run_5_worker_10/ils_config_10091126144612673969.prm
[INFO]:[03:54:39] Starting CPLEX solver on instance: /home/yorig/tuner/mpils-tests/instances/miplib/medium-2/supportcase6.mps with config: /scratch/yorig/mpils-results-grid-seconds-5-watchdog/medium-2/24proc/seed-5/9_supportcase6_seed-5_20260504_034854/iterated_local_search/run_5_worker_10/ils_config_10091126144612673969.prm
[INFO]:[03:54:44] CPLEX results. Gap: 56.050000, upper bound: 102597.533860, lower bound: 45090.732163
[INFO]:[03:54:44] CPLEX solver finished. Gap: 56.050000
[INFO]:[03:54:44] Starting CPLEX solver on instance: /home/yorig/tuner/mpils-tests/instances/miplib/medium-2/supportcase6.mps with config: /scratch/yorig/mpils-results-grid-seconds-5-watchdog/medium-2/24proc/seed-5/9_supportcase6_seed-5_20260504_034854/iterated_local_search/run_5_worker_10/ils_config_9993065953572338467.prm
[INFO]:[03:54:44] Starting CPLEX solver on instance: /home/yorig/tuner/mpils-tests/instances/miplib/medium-2/supportcase6.mps with config: /scratch/yorig/mpils-results-grid-seconds-5-watchdog/medium-2/24proc/seed-5/9_supportcase6_seed-5_20260504_034854/iterated_local_search/run_5_worker_10/ils_config_9993065953572338467.prm
[INFO]:[03:54:50] CPLEX results. Gap: 56.050000, upper bound: 102597.533860, lower bound: 45090.732163
[INFO]:[03:54:50] CPLEX solver finished. Gap: 56.050000
[INFO]:[03:54:50] Starting CPLEX solver on instance: /home/yorig/tuner/mpils-tests/instances/miplib/medium-2/supportcase6.mps with config: /scratch/yorig/mpils-results-grid-seconds-5-watchdog/medium-2/24proc/seed-5/9_supportcase6_seed-5_20260504_034854/iterated_local_search/run_5_worker_10/ils_config_2989282785761576942.prm
[INFO]:[03:54:50] Starting CPLEX solver on instance: /home/yorig/tuner/mpils-tests/instances/miplib/medium-2/supportcase6.mps with config: /scratch/yorig/mpils-results-grid-seconds-5-watchdog/medium-2/24proc/seed-5/9_supportcase6_seed-5_20260504_034854/iterated_local_search/run_5_worker_10/ils_config_2989282785761576942.prm
[INFO]:[03:54:55] CPLEX results. Gap: 56.050000, upper bound: 102597.533860, lower bound: 45090.732163
[INFO]:[03:54:55] CPLEX solver finished. Gap: 56.050000
[INFO]:[03:54:55] Starting CPLEX solver on instance: /home/yorig/tuner/mpils-tests/instances/miplib/medium-2/supportcase6.mps with config: /scratch/yorig/mpils-results-grid-seconds-5-watchdog/medium-2/24proc/seed-5/9_supportcase6_seed-5_20260504_034854/iterated_local_search/run_5_worker_10/ils_config_18034109300235644844.prm
[INFO]:[03:54:55] Starting CPLEX solver on instance: /home/yorig/tuner/mpils-tests/instances/miplib/medium-2/supportcase6.mps with config: /scratch/yorig/mpils-results-grid-seconds-5-watchdog/medium-2/24proc/seed-5/9_supportcase6_seed-5_20260504_034854/iterated_local_search/run_5_worker_10/ils_config_18034109300235644844.prm
[INFO]:[03:55:00] CPLEX results. Gap: 56.050000, upper bound: 102597.533860, lower bound: 45090.732163
[INFO]:[03:55:00] CPLEX solver finished. Gap: 56.050000
[INFO]:[03:55:00] Starting CPLEX solver on instance: /home/yorig/tuner/mpils-tests/instances/miplib/medium-2/supportcase6.mps with config: /scratch/yorig/mpils-results-grid-seconds-5-watchdog/medium-2/24proc/seed-5/9_supportcase6_seed-5_20260504_034854/iterated_local_search/run_5_worker_10/ils_config_6349313552355702079.prm
[INFO]:[03:55:00] Starting CPLEX solver on instance: /home/yorig/tuner/mpils-tests/instances/miplib/medium-2/supportcase6.mps with config: /scratch/yorig/mpils-results-grid-seconds-5-watchdog/medium-2/24proc/seed-5/9_supportcase6_seed-5_20260504_034854/iterated_local_search/run_5_worker_10/ils_config_6349313552355702079.prm
[INFO]:[03:55:05] CPLEX results. Gap: 56.050000, upper bound: 102597.533860, lower bound: 45090.732163
[INFO]:[03:55:05] CPLEX solver finished. Gap: 56.050000
[INFO]:[03:55:05] Starting CPLEX solver on instance: /home/yorig/tuner/mpils-tests/instances/miplib/medium-2/supportcase6.mps with config: /scratch/yorig/mpils-results-grid-seconds-5-watchdog/medium-2/24proc/seed-5/9_supportcase6_seed-5_20260504_034854/iterated_local_search/run_5_worker_10/ils_config_3003651581676572809.prm
[INFO]:[03:55:05] Starting CPLEX solver on instance: /home/yorig/tuner/mpils-tests/instances/miplib/medium-2/supportcase6.mps with config: /scratch/yorig/mpils-results-grid-seconds-5-watchdog/medium-2/24proc/seed-5/9_supportcase6_seed-5_20260504_034854/iterated_local_search/run_5_worker_10/ils_config_3003651581676572809.prm
[INFO]:[03:55:11] CPLEX results. Gap: 56.050000, upper bound: 102597.533860, lower bound: 45090.732163
[INFO]:[03:55:11] CPLEX solver finished. Gap: 56.050000
[INFO]:[03:55:11] Starting CPLEX solver on instance: /home/yorig/tuner/mpils-tests/instances/miplib/medium-2/supportcase6.mps with config: /scratch/yorig/mpils-results-grid-seconds-5-watchdog/medium-2/24proc/seed-5/9_supportcase6_seed-5_20260504_034854/iterated_local_search/run_5_worker_10/ils_config_17338116884600086329.prm
[INFO]:[03:55:11] Starting CPLEX solver on instance: /home/yorig/tuner/mpils-tests/instances/miplib/medium-2/supportcase6.mps with config: /scratch/yorig/mpils-results-grid-seconds-5-watchdog/medium-2/24proc/seed-5/9_supportcase6_seed-5_20260504_034854/iterated_local_search/run_5_worker_10/ils_config_17338116884600086329.prm
[INFO]:[03:55:16] CPLEX results. Gap: 56.050000, upper bound: 102597.533860, lower bound: 45090.732163
[INFO]:[03:55:16] CPLEX solver finished. Gap: 56.050000
[INFO]:[03:55:16] Starting CPLEX solver on instance: /home/yorig/tuner/mpils-tests/instances/miplib/medium-2/supportcase6.mps with config: /scratch/yorig/mpils-results-grid-seconds-5-watchdog/medium-2/24proc/seed-5/9_supportcase6_seed-5_20260504_034854/iterated_local_search/run_5_worker_10/ils_config_12864103545437374150.prm
[INFO]:[03:55:16] Starting CPLEX solver on instance: /home/yorig/tuner/mpils-tests/instances/miplib/medium-2/supportcase6.mps with config: /scratch/yorig/mpils-results-grid-seconds-5-watchdog/medium-2/24proc/seed-5/9_supportcase6_seed-5_20260504_034854/iterated_local_search/run_5_worker_10/ils_config_12864103545437374150.prm
[INFO]:[03:55:21] CPLEX results. Gap: 56.050000, upper bound: 102597.533860, lower bound: 45090.732163
[INFO]:[03:55:21] CPLEX solver finished. Gap: 56.050000
[INFO]:[03:55:21] Starting CPLEX solver on instance: /home/yorig/tuner/mpils-tests/instances/miplib/medium-2/supportcase6.mps with config: /scratch/yorig/mpils-results-grid-seconds-5-watchdog/medium-2/24proc/seed-5/9_supportcase6_seed-5_20260504_034854/iterated_local_search/run_5_worker_10/ils_config_17962327152625243267.prm
[INFO]:[03:55:21] Starting CPLEX solver on instance: /home/yorig/tuner/mpils-tests/instances/miplib/medium-2/supportcase6.mps with config: /scratch/yorig/mpils-results-grid-seconds-5-watchdog/medium-2/24proc/seed-5/9_supportcase6_seed-5_20260504_034854/iterated_local_search/run_5_worker_10/ils_config_17962327152625243267.prm
[INFO]:[03:55:26] CPLEX results. Gap: 56.050000, upper bound: 102597.533860, lower bound: 45090.732163
[INFO]:[03:55:26] CPLEX solver finished. Gap: 56.050000
[INFO]:[03:55:26] Starting CPLEX solver on instance: /home/yorig/tuner/mpils-tests/instances/miplib/medium-2/supportcase6.mps with config: /scratch/yorig/mpils-results-grid-seconds-5-watchdog/medium-2/24proc/seed-5/9_supportcase6_seed-5_20260504_034854/iterated_local_search/run_5_worker_10/ils_config_15296671043516262048.prm
[INFO]:[03:55:26] Starting CPLEX solver on instance: /home/yorig/tuner/mpils-tests/instances/miplib/medium-2/supportcase6.mps with config: /scratch/yorig/mpils-results-grid-seconds-5-watchdog/medium-2/24proc/seed-5/9_supportcase6_seed-5_20260504_034854/iterated_local_search/run_5_worker_10/ils_config_15296671043516262048.prm
[INFO]:[03:55:32] CPLEX results. Gap: 100.000000, upper bound: 102597.533860, lower bound: 0.000000
[INFO]:[03:55:32] CPLEX solver finished. Gap: 100.000000
[INFO]:[03:55:32] Local search phase completed.
[INFO]:[03:55:32] Total number of new local-search evaluations: 18
[INFO]:[03:55:32] Final incumbent objective value: 56.05
[INFO]:[03:55:32] Worker 10 completed exploration phase.
[INFO]:[03:55:32] Worker 10 received order for step 2.
[INFO]:[03:55:32] Worker 10 running expansion phase for iteration 5.
[INFO]:[03:55:32] Worker 10 will use solver log file: /scratch/yorig/mpils-results-grid-seconds-5-watchdog/medium-2/24proc/seed-5/9_supportcase6_seed-5_20260504_034854/solver/cplex.log_iteration_expansion_5_worker_10
[INFO]:[03:55:32] Expansion Worker 10 starting expansion for iteration 5.
[INFO]:[03:55:32] Starting CPLEX solver on instance: /home/yorig/tuner/mpils-tests/instances/miplib/medium-2/supportcase6.mps with config: /scratch/yorig/mpils-results-grid-seconds-5-watchdog/medium-2/24proc/seed-5/9_supportcase6_seed-5_20260504_034854/expansion/config_param_CPXPARAM_Simplex_Limits_Singularity_0_iter_5.prm
[INFO]:[03:55:37] CPLEX results. Gap: 13.110000, upper bound: 51981.476667, lower bound: 45164.277610
[INFO]:[03:55:37] CPLEX solver finished. Gap: 13.110000
[INFO]:[03:55:43] Expansion Worker 10 completed expansion.
[INFO]:[03:55:43] Worker 10 completed expansion phase.
[INFO]:[03:55:43] Worker 10 received order for step 1.
[INFO]:[03:55:43] Worker 10 running exploration phase for iteration 6.
[INFO]:[03:55:43] Worker 10 at iteration 6 will not use a MIP start file. Current best MIP-start upper bound threshold is 1.79769e+308.
[INFO]:[03:55:43] Starting local search phase...
[INFO]:[03:55:43] Creating local search space from parameter space file: /scratch/yorig/mpils-results-grid-seconds-5-watchdog/medium-2/24proc/seed-5/9_supportcase6_seed-5_20260504_034854/iterated_local_search/search_space/search_space_file_6_worker_10.txt
[INFO]:[03:55:43] Local search space loaded from file: /scratch/yorig/mpils-results-grid-seconds-5-watchdog/medium-2/24proc/seed-5/9_supportcase6_seed-5_20260504_034854/iterated_local_search/search_space/search_space_file_6_worker_10.txt
[INFO]:[03:55:43] Number of parameters in local search space: 71
[INFO]:[03:55:43] Number of forbidden tuples in local search space: 29
[INFO]:[03:55:43] Number of conditionals in local search space: 6
[INFO]:[03:55:43] MIP start option not enabled. Local search will proceed without MIP start.
[INFO]:[03:55:43] Evaluating initial configuration for local search phase...
[INFO]:[03:55:43] Starting CPLEX solver on instance: /home/yorig/tuner/mpils-tests/instances/miplib/medium-2/supportcase6.mps with config: /scratch/yorig/mpils-results-grid-seconds-5-watchdog/medium-2/24proc/seed-5/9_supportcase6_seed-5_20260504_034854/iterated_local_search/run_6_worker_10/ils_config_9528521184862287731.prm
[INFO]:[03:55:43] Starting CPLEX solver on instance: /home/yorig/tuner/mpils-tests/instances/miplib/medium-2/supportcase6.mps with config: /scratch/yorig/mpils-results-grid-seconds-5-watchdog/medium-2/24proc/seed-5/9_supportcase6_seed-5_20260504_034854/iterated_local_search/run_6_worker_10/ils_config_9528521184862287731.prm
[INFO]:[03:55:49] CPLEX results. Gap: 100.000000, upper bound: 312944.728401, lower bound: 0.000000
[INFO]:[03:55:49] CPLEX solver finished. Gap: 100.000000
[INFO]:[03:55:49] Initial configuration evaluated with objective value: 100
[INFO]:[03:55:49] Starting CPLEX solver on instance: /home/yorig/tuner/mpils-tests/instances/miplib/medium-2/supportcase6.mps with config: /scratch/yorig/mpils-results-grid-seconds-5-watchdog/medium-2/24proc/seed-5/9_supportcase6_seed-5_20260504_034854/iterated_local_search/run_6_worker_10/ils_config_12800341657937522028.prm
[INFO]:[03:55:49] Starting CPLEX solver on instance: /home/yorig/tuner/mpils-tests/instances/miplib/medium-2/supportcase6.mps with config: /scratch/yorig/mpils-results-grid-seconds-5-watchdog/medium-2/24proc/seed-5/9_supportcase6_seed-5_20260504_034854/iterated_local_search/run_6_worker_10/ils_config_12800341657937522028.prm
[INFO]:[03:55:54] CPLEX results. Gap: 100.000000, upper bound: 312944.728401, lower bound: 0.000000
[INFO]:[03:55:54] CPLEX solver finished. Gap: 100.000000
[INFO]:[03:55:54] Starting CPLEX solver on instance: /home/yorig/tuner/mpils-tests/instances/miplib/medium-2/supportcase6.mps with config: /scratch/yorig/mpils-results-grid-seconds-5-watchdog/medium-2/24proc/seed-5/9_supportcase6_seed-5_20260504_034854/iterated_local_search/run_6_worker_10/ils_config_10964678766768478676.prm
[INFO]:[03:55:54] Starting CPLEX solver on instance: /home/yorig/tuner/mpils-tests/instances/miplib/medium-2/supportcase6.mps with config: /scratch/yorig/mpils-results-grid-seconds-5-watchdog/medium-2/24proc/seed-5/9_supportcase6_seed-5_20260504_034854/iterated_local_search/run_6_worker_10/ils_config_10964678766768478676.prm
[INFO]:[03:55:59] CPLEX results. Gap: 100.000000, upper bound: 312944.728401, lower bound: 0.000000
[INFO]:[03:55:59] CPLEX solver finished. Gap: 100.000000
[INFO]:[03:55:59] Starting CPLEX solver on instance: /home/yorig/tuner/mpils-tests/instances/miplib/medium-2/supportcase6.mps with config: /scratch/yorig/mpils-results-grid-seconds-5-watchdog/medium-2/24proc/seed-5/9_supportcase6_seed-5_20260504_034854/iterated_local_search/run_6_worker_10/ils_config_10958286999135963142.prm
[INFO]:[03:55:59] Starting CPLEX solver on instance: /home/yorig/tuner/mpils-tests/instances/miplib/medium-2/supportcase6.mps with config: /scratch/yorig/mpils-results-grid-seconds-5-watchdog/medium-2/24proc/seed-5/9_supportcase6_seed-5_20260504_034854/iterated_local_search/run_6_worker_10/ils_config_10958286999135963142.prm
[INFO]:[03:56:04] CPLEX results. Gap: 100.000000, upper bound: 312944.728401, lower bound: 0.000000
[INFO]:[03:56:04] CPLEX solver finished. Gap: 100.000000
[INFO]:[03:56:04] Starting CPLEX solver on instance: /home/yorig/tuner/mpils-tests/instances/miplib/medium-2/supportcase6.mps with config: /scratch/yorig/mpils-results-grid-seconds-5-watchdog/medium-2/24proc/seed-5/9_supportcase6_seed-5_20260504_034854/iterated_local_search/run_6_worker_10/ils_config_4779265417592079825.prm
[INFO]:[03:56:04] Starting CPLEX solver on instance: /home/yorig/tuner/mpils-tests/instances/miplib/medium-2/supportcase6.mps with config: /scratch/yorig/mpils-results-grid-seconds-5-watchdog/medium-2/24proc/seed-5/9_supportcase6_seed-5_20260504_034854/iterated_local_search/run_6_worker_10/ils_config_4779265417592079825.prm
[INFO]:[03:56:10] CPLEX results. Gap: 100.000000, upper bound: 312944.728401, lower bound: 0.000000
[INFO]:[03:56:10] CPLEX solver finished. Gap: 100.000000
[INFO]:[03:56:10] Starting CPLEX solver on instance: /home/yorig/tuner/mpils-tests/instances/miplib/medium-2/supportcase6.mps with config: /scratch/yorig/mpils-results-grid-seconds-5-watchdog/medium-2/24proc/seed-5/9_supportcase6_seed-5_20260504_034854/iterated_local_search/run_6_worker_10/ils_config_17242087785114299711.prm
[INFO]:[03:56:10] Starting CPLEX solver on instance: /home/yorig/tuner/mpils-tests/instances/miplib/medium-2/supportcase6.mps with config: /scratch/yorig/mpils-results-grid-seconds-5-watchdog/medium-2/24proc/seed-5/9_supportcase6_seed-5_20260504_034854/iterated_local_search/run_6_worker_10/ils_config_17242087785114299711.prm
[INFO]:[03:56:15] CPLEX results. Gap: 100.000000, upper bound: 312944.728401, lower bound: 0.000000
[INFO]:[03:56:15] CPLEX solver finished. Gap: 100.000000
[INFO]:[03:56:15] Starting CPLEX solver on instance: /home/yorig/tuner/mpils-tests/instances/miplib/medium-2/supportcase6.mps with config: /scratch/yorig/mpils-results-grid-seconds-5-watchdog/medium-2/24proc/seed-5/9_supportcase6_seed-5_20260504_034854/iterated_local_search/run_6_worker_10/ils_config_13496497827565530561.prm
[INFO]:[03:56:15] Starting CPLEX solver on instance: /home/yorig/tuner/mpils-tests/instances/miplib/medium-2/supportcase6.mps with config: /scratch/yorig/mpils-results-grid-seconds-5-watchdog/medium-2/24proc/seed-5/9_supportcase6_seed-5_20260504_034854/iterated_local_search/run_6_worker_10/ils_config_13496497827565530561.prm
[INFO]:[03:56:20] CPLEX results. Gap: 100.000000, upper bound: 312944.728401, lower bound: 0.000000
[INFO]:[03:56:20] CPLEX solver finished. Gap: 100.000000
[INFO]:[03:56:20] Starting CPLEX solver on instance: /home/yorig/tuner/mpils-tests/instances/miplib/medium-2/supportcase6.mps with config: /scratch/yorig/mpils-results-grid-seconds-5-watchdog/medium-2/24proc/seed-5/9_supportcase6_seed-5_20260504_034854/iterated_local_search/run_6_worker_10/ils_config_13159224446278691839.prm
[INFO]:[03:56:20] Starting CPLEX solver on instance: /home/yorig/tuner/mpils-tests/instances/miplib/medium-2/supportcase6.mps with config: /scratch/yorig/mpils-results-grid-seconds-5-watchdog/medium-2/24proc/seed-5/9_supportcase6_seed-5_20260504_034854/iterated_local_search/run_6_worker_10/ils_config_13159224446278691839.prm
[INFO]:[03:56:25] CPLEX results. Gap: 100.000000, upper bound: 312944.728401, lower bound: 0.000000
[INFO]:[03:56:25] CPLEX solver finished. Gap: 100.000000
[INFO]:[03:56:25] Starting CPLEX solver on instance: /home/yorig/tuner/mpils-tests/instances/miplib/medium-2/supportcase6.mps with config: /scratch/yorig/mpils-results-grid-seconds-5-watchdog/medium-2/24proc/seed-5/9_supportcase6_seed-5_20260504_034854/iterated_local_search/run_6_worker_10/ils_config_3862725662256077677.prm
[INFO]:[03:56:25] Starting CPLEX solver on instance: /home/yorig/tuner/mpils-tests/instances/miplib/medium-2/supportcase6.mps with config: /scratch/yorig/mpils-results-grid-seconds-5-watchdog/medium-2/24proc/seed-5/9_supportcase6_seed-5_20260504_034854/iterated_local_search/run_6_worker_10/ils_config_3862725662256077677.prm
[INFO]:[03:56:30] CPLEX results. Gap: 100.000000, upper bound: 312944.728401, lower bound: 0.000000
[INFO]:[03:56:30] CPLEX solver finished. Gap: 100.000000
[INFO]:[03:56:30] Starting CPLEX solver on instance: /home/yorig/tuner/mpils-tests/instances/miplib/medium-2/supportcase6.mps with config: /scratch/yorig/mpils-results-grid-seconds-5-watchdog/medium-2/24proc/seed-5/9_supportcase6_seed-5_20260504_034854/iterated_local_search/run_6_worker_10/ils_config_10898069619117304068.prm
[INFO]:[03:56:30] Starting CPLEX solver on instance: /home/yorig/tuner/mpils-tests/instances/miplib/medium-2/supportcase6.mps with config: /scratch/yorig/mpils-results-grid-seconds-5-watchdog/medium-2/24proc/seed-5/9_supportcase6_seed-5_20260504_034854/iterated_local_search/run_6_worker_10/ils_config_10898069619117304068.prm
[INFO]:[03:56:36] CPLEX results. Gap: 100.000000, upper bound: 312944.728401, lower bound: 0.000000
[INFO]:[03:56:36] CPLEX solver finished. Gap: 100.000000
[INFO]:[03:56:36] Starting CPLEX solver on instance: /home/yorig/tuner/mpils-tests/instances/miplib/medium-2/supportcase6.mps with config: /scratch/yorig/mpils-results-grid-seconds-5-watchdog/medium-2/24proc/seed-5/9_supportcase6_seed-5_20260504_034854/iterated_local_search/run_6_worker_10/ils_config_10180038879439264883.prm
[INFO]:[03:56:36] Starting CPLEX solver on instance: /home/yorig/tuner/mpils-tests/instances/miplib/medium-2/supportcase6.mps with config: /scratch/yorig/mpils-results-grid-seconds-5-watchdog/medium-2/24proc/seed-5/9_supportcase6_seed-5_20260504_034854/iterated_local_search/run_6_worker_10/ils_config_10180038879439264883.prm
[INFO]:[03:56:41] CPLEX results. Gap: 100.000000, upper bound: 312944.728401, lower bound: 0.000000
[INFO]:[03:56:41] CPLEX solver finished. Gap: 100.000000
[INFO]:[03:56:41] Starting CPLEX solver on instance: /home/yorig/tuner/mpils-tests/instances/miplib/medium-2/supportcase6.mps with config: /scratch/yorig/mpils-results-grid-seconds-5-watchdog/medium-2/24proc/seed-5/9_supportcase6_seed-5_20260504_034854/iterated_local_search/run_6_worker_10/ils_config_5701016681217079294.prm
[INFO]:[03:56:41] Starting CPLEX solver on instance: /home/yorig/tuner/mpils-tests/instances/miplib/medium-2/supportcase6.mps with config: /scratch/yorig/mpils-results-grid-seconds-5-watchdog/medium-2/24proc/seed-5/9_supportcase6_seed-5_20260504_034854/iterated_local_search/run_6_worker_10/ils_config_5701016681217079294.prm
[INFO]:[03:56:46] CPLEX results. Gap: 100.000000, upper bound: 312944.728401, lower bound: 0.000000
[INFO]:[03:56:46] CPLEX solver finished. Gap: 100.000000
[INFO]:[03:56:46] Starting CPLEX solver on instance: /home/yorig/tuner/mpils-tests/instances/miplib/medium-2/supportcase6.mps with config: /scratch/yorig/mpils-results-grid-seconds-5-watchdog/medium-2/24proc/seed-5/9_supportcase6_seed-5_20260504_034854/iterated_local_search/run_6_worker_10/ils_config_4115548823834626142.prm
[INFO]:[03:56:46] Starting CPLEX solver on instance: /home/yorig/tuner/mpils-tests/instances/miplib/medium-2/supportcase6.mps with config: /scratch/yorig/mpils-results-grid-seconds-5-watchdog/medium-2/24proc/seed-5/9_supportcase6_seed-5_20260504_034854/iterated_local_search/run_6_worker_10/ils_config_4115548823834626142.prm
[INFO]:[03:56:51] CPLEX results. Gap: 100.000000, upper bound: 312944.728401, lower bound: 0.000000
[INFO]:[03:56:51] CPLEX solver finished. Gap: 100.000000
[INFO]:[03:56:51] Starting CPLEX solver on instance: /home/yorig/tuner/mpils-tests/instances/miplib/medium-2/supportcase6.mps with config: /scratch/yorig/mpils-results-grid-seconds-5-watchdog/medium-2/24proc/seed-5/9_supportcase6_seed-5_20260504_034854/iterated_local_search/run_6_worker_10/ils_config_12269307892060667132.prm
[INFO]:[03:56:51] Starting CPLEX solver on instance: /home/yorig/tuner/mpils-tests/instances/miplib/medium-2/supportcase6.mps with config: /scratch/yorig/mpils-results-grid-seconds-5-watchdog/medium-2/24proc/seed-5/9_supportcase6_seed-5_20260504_034854/iterated_local_search/run_6_worker_10/ils_config_12269307892060667132.prm
[INFO]:[03:56:56] CPLEX results. Gap: 100.000000, upper bound: 312944.728401, lower bound: 0.000000
[INFO]:[03:56:56] CPLEX solver finished. Gap: 100.000000
[INFO]:[03:56:56] Starting CPLEX solver on instance: /home/yorig/tuner/mpils-tests/instances/miplib/medium-2/supportcase6.mps with config: /scratch/yorig/mpils-results-grid-seconds-5-watchdog/medium-2/24proc/seed-5/9_supportcase6_seed-5_20260504_034854/iterated_local_search/run_6_worker_10/ils_config_8322337301799745025.prm
[INFO]:[03:56:56] Starting CPLEX solver on instance: /home/yorig/tuner/mpils-tests/instances/miplib/medium-2/supportcase6.mps with config: /scratch/yorig/mpils-results-grid-seconds-5-watchdog/medium-2/24proc/seed-5/9_supportcase6_seed-5_20260504_034854/iterated_local_search/run_6_worker_10/ils_config_8322337301799745025.prm
[INFO]:[03:57:02] CPLEX results. Gap: 100.000000, upper bound: 312944.728401, lower bound: 0.000000
[INFO]:[03:57:02] CPLEX solver finished. Gap: 100.000000
[INFO]:[03:57:02] Starting CPLEX solver on instance: /home/yorig/tuner/mpils-tests/instances/miplib/medium-2/supportcase6.mps with config: /scratch/yorig/mpils-results-grid-seconds-5-watchdog/medium-2/24proc/seed-5/9_supportcase6_seed-5_20260504_034854/iterated_local_search/run_6_worker_10/ils_config_6475897992905533844.prm
[INFO]:[03:57:02] Starting CPLEX solver on instance: /home/yorig/tuner/mpils-tests/instances/miplib/medium-2/supportcase6.mps with config: /scratch/yorig/mpils-results-grid-seconds-5-watchdog/medium-2/24proc/seed-5/9_supportcase6_seed-5_20260504_034854/iterated_local_search/run_6_worker_10/ils_config_6475897992905533844.prm
[INFO]:[03:57:07] CPLEX results. Gap: 100.000000, upper bound: 312944.728401, lower bound: 0.000000
[INFO]:[03:57:07] CPLEX solver finished. Gap: 100.000000
[INFO]:[03:57:07] Starting CPLEX solver on instance: /home/yorig/tuner/mpils-tests/instances/miplib/medium-2/supportcase6.mps with config: /scratch/yorig/mpils-results-grid-seconds-5-watchdog/medium-2/24proc/seed-5/9_supportcase6_seed-5_20260504_034854/iterated_local_search/run_6_worker_10/ils_config_7118841057280681071.prm
[INFO]:[03:57:07] Starting CPLEX solver on instance: /home/yorig/tuner/mpils-tests/instances/miplib/medium-2/supportcase6.mps with config: /scratch/yorig/mpils-results-grid-seconds-5-watchdog/medium-2/24proc/seed-5/9_supportcase6_seed-5_20260504_034854/iterated_local_search/run_6_worker_10/ils_config_7118841057280681071.prm
[INFO]:[03:57:12] CPLEX results. Gap: 100.000000, upper bound: 312944.728401, lower bound: 0.000000
[INFO]:[03:57:12] CPLEX solver finished. Gap: 100.000000
[INFO]:[03:57:12] Starting CPLEX solver on instance: /home/yorig/tuner/mpils-tests/instances/miplib/medium-2/supportcase6.mps with config: /scratch/yorig/mpils-results-grid-seconds-5-watchdog/medium-2/24proc/seed-5/9_supportcase6_seed-5_20260504_034854/iterated_local_search/run_6_worker_10/ils_config_5395252959275779244.prm
[INFO]:[03:57:12] Starting CPLEX solver on instance: /home/yorig/tuner/mpils-tests/instances/miplib/medium-2/supportcase6.mps with config: /scratch/yorig/mpils-results-grid-seconds-5-watchdog/medium-2/24proc/seed-5/9_supportcase6_seed-5_20260504_034854/iterated_local_search/run_6_worker_10/ils_config_5395252959275779244.prm
[INFO]:[03:57:17] CPLEX results. Gap: 100.000000, upper bound: 102597.533860, lower bound: 0.000000
[INFO]:[03:57:17] CPLEX solver finished. Gap: 100.000000
[INFO]:[03:57:17] Local search phase completed.
[INFO]:[03:57:17] Total number of new local-search evaluations: 18
[INFO]:[03:57:17] Final incumbent objective value: 100
[INFO]:[03:57:18] Worker 10 completed exploration phase.
[INFO]:[03:57:18] Worker 10 received order for step 3.
[INFO]:[03:57:18] Worker 10 finished.
