[INFO]:[03:22:05] Worker 6 starting.
[INFO]:[03:22:05] Worker 6 received order for step 1.
[INFO]:[03:22:05] Worker 6 running exploration phase for iteration 1.
[INFO]:[03:22:05] Worker 6 at iteration 1 will not use a MIP start file. Current best MIP-start upper bound threshold is 1.79769e+308.
[INFO]:[03:22:05] Starting local search phase...
[INFO]:[03:22:05] Creating local search space from parameter space file: /scratch/yorig/mpils-results-grid-seconds-5-watchdog-mip-start/medium-1/16proc/seed-2/6_momentum1_seed-2_20260504_032204/iterated_local_search/search_space/search_space_file_1_worker_6.txt
[INFO]:[03:22:05] Local search space loaded from file: /scratch/yorig/mpils-results-grid-seconds-5-watchdog-mip-start/medium-1/16proc/seed-2/6_momentum1_seed-2_20260504_032204/iterated_local_search/search_space/search_space_file_1_worker_6.txt
[INFO]:[03:22:05] Number of parameters in local search space: 71
[INFO]:[03:22:05] Number of forbidden tuples in local search space: 0
[INFO]:[03:22:05] Number of conditionals in local search space: 6
[INFO]:[03:22:05] MIP start option not enabled. Local search will proceed without MIP start.
[INFO]:[03:22:05] Evaluating initial configuration for local search phase...
[INFO]:[03:22:05] Starting CPLEX solver on instance: /home/yorig/tuner/mpils-tests/instances/miplib/medium-1/momentum1.mps with config: /scratch/yorig/mpils-results-grid-seconds-5-watchdog-mip-start/medium-1/16proc/seed-2/6_momentum1_seed-2_20260504_032204/iterated_local_search/run_1_worker_6/ils_config_9780203583707233689.prm
[INFO]:[03:22:05] Starting CPLEX solver on instance: /home/yorig/tuner/mpils-tests/instances/miplib/medium-1/momentum1.mps with config: /scratch/yorig/mpils-results-grid-seconds-5-watchdog-mip-start/medium-1/16proc/seed-2/6_momentum1_seed-2_20260504_032204/iterated_local_search/run_1_worker_6/ils_config_9780203583707233689.prm
[INFO]:[03:22:10] CPLEX results. Gap: 70.000000, upper bound: 320931.659680, lower bound: 96292.569992
[INFO]:[03:22:10] CPLEX solver finished. Gap: 70.000000
[INFO]:[03:22:10] Initial configuration evaluated with objective value: 70
[INFO]:[03:22:10] Starting CPLEX solver on instance: /home/yorig/tuner/mpils-tests/instances/miplib/medium-1/momentum1.mps with config: /scratch/yorig/mpils-results-grid-seconds-5-watchdog-mip-start/medium-1/16proc/seed-2/6_momentum1_seed-2_20260504_032204/iterated_local_search/run_1_worker_6/ils_config_2738998000721329484.prm
[INFO]:[03:22:10] Starting CPLEX solver on instance: /home/yorig/tuner/mpils-tests/instances/miplib/medium-1/momentum1.mps with config: /scratch/yorig/mpils-results-grid-seconds-5-watchdog-mip-start/medium-1/16proc/seed-2/6_momentum1_seed-2_20260504_032204/iterated_local_search/run_1_worker_6/ils_config_2738998000721329484.prm
[INFO]:[03:22:15] CPLEX results. Gap: 68.090000, upper bound: 301725.813612, lower bound: 96274.136596
[INFO]:[03:22:15] CPLEX solver finished. Gap: 68.090000
[INFO]:[03:22:15] New incumbent found with objective value: 68.09
[INFO]:[03:22:15] Starting CPLEX solver on instance: /home/yorig/tuner/mpils-tests/instances/miplib/medium-1/momentum1.mps with config: /scratch/yorig/mpils-results-grid-seconds-5-watchdog-mip-start/medium-1/16proc/seed-2/6_momentum1_seed-2_20260504_032204/iterated_local_search/run_1_worker_6/ils_config_16924651442312704866.prm
[INFO]:[03:22:15] Starting CPLEX solver on instance: /home/yorig/tuner/mpils-tests/instances/miplib/medium-1/momentum1.mps with config: /scratch/yorig/mpils-results-grid-seconds-5-watchdog-mip-start/medium-1/16proc/seed-2/6_momentum1_seed-2_20260504_032204/iterated_local_search/run_1_worker_6/ils_config_16924651442312704866.prm
[INFO]:[03:22:20] CPLEX results. Gap: 70.590000, upper bound: 327379.675132, lower bound: 96273.911681
[INFO]:[03:22:20] CPLEX solver finished. Gap: 70.590000
[INFO]:[03:22:20] Starting CPLEX solver on instance: /home/yorig/tuner/mpils-tests/instances/miplib/medium-1/momentum1.mps with config: /scratch/yorig/mpils-results-grid-seconds-5-watchdog-mip-start/medium-1/16proc/seed-2/6_momentum1_seed-2_20260504_032204/iterated_local_search/run_1_worker_6/ils_config_7112112297904282236.prm
[INFO]:[03:22:20] Starting CPLEX solver on instance: /home/yorig/tuner/mpils-tests/instances/miplib/medium-1/momentum1.mps with config: /scratch/yorig/mpils-results-grid-seconds-5-watchdog-mip-start/medium-1/16proc/seed-2/6_momentum1_seed-2_20260504_032204/iterated_local_search/run_1_worker_6/ils_config_7112112297904282236.prm
[INFO]:[03:22:25] CPLEX results. Gap: 70.000000, upper bound: 320980.877258, lower bound: 96288.057667
[INFO]:[03:22:25] CPLEX solver finished. Gap: 70.000000
[INFO]:[03:22:25] Starting CPLEX solver on instance: /home/yorig/tuner/mpils-tests/instances/miplib/medium-1/momentum1.mps with config: /scratch/yorig/mpils-results-grid-seconds-5-watchdog-mip-start/medium-1/16proc/seed-2/6_momentum1_seed-2_20260504_032204/iterated_local_search/run_1_worker_6/ils_config_7094243703092685455.prm
[INFO]:[03:22:25] Starting CPLEX solver on instance: /home/yorig/tuner/mpils-tests/instances/miplib/medium-1/momentum1.mps with config: /scratch/yorig/mpils-results-grid-seconds-5-watchdog-mip-start/medium-1/16proc/seed-2/6_momentum1_seed-2_20260504_032204/iterated_local_search/run_1_worker_6/ils_config_7094243703092685455.prm
[INFO]:[03:22:30] CPLEX results. Gap: 70.590000, upper bound: 327379.675132, lower bound: 96273.912442
[INFO]:[03:22:30] CPLEX solver finished. Gap: 70.590000
[INFO]:[03:22:30] Starting CPLEX solver on instance: /home/yorig/tuner/mpils-tests/instances/miplib/medium-1/momentum1.mps with config: /scratch/yorig/mpils-results-grid-seconds-5-watchdog-mip-start/medium-1/16proc/seed-2/6_momentum1_seed-2_20260504_032204/iterated_local_search/run_1_worker_6/ils_config_3503078189445727704.prm
[INFO]:[03:22:30] Starting CPLEX solver on instance: /home/yorig/tuner/mpils-tests/instances/miplib/medium-1/momentum1.mps with config: /scratch/yorig/mpils-results-grid-seconds-5-watchdog-mip-start/medium-1/16proc/seed-2/6_momentum1_seed-2_20260504_032204/iterated_local_search/run_1_worker_6/ils_config_3503078189445727704.prm
[INFO]:[03:22:35] CPLEX results. Gap: 70.000000, upper bound: 320945.919921, lower bound: 96275.579007
[INFO]:[03:22:35] CPLEX solver finished. Gap: 70.000000
[INFO]:[03:22:35] Starting CPLEX solver on instance: /home/yorig/tuner/mpils-tests/instances/miplib/medium-1/momentum1.mps with config: /scratch/yorig/mpils-results-grid-seconds-5-watchdog-mip-start/medium-1/16proc/seed-2/6_momentum1_seed-2_20260504_032204/iterated_local_search/run_1_worker_6/ils_config_6356203243796477916.prm
[INFO]:[03:22:35] Starting CPLEX solver on instance: /home/yorig/tuner/mpils-tests/instances/miplib/medium-1/momentum1.mps with config: /scratch/yorig/mpils-results-grid-seconds-5-watchdog-mip-start/medium-1/16proc/seed-2/6_momentum1_seed-2_20260504_032204/iterated_local_search/run_1_worker_6/ils_config_6356203243796477916.prm
[INFO]:[03:22:40] CPLEX results. Gap: 70.590000, upper bound: 327379.675132, lower bound: 96273.912442
[INFO]:[03:22:40] CPLEX solver finished. Gap: 70.590000
[INFO]:[03:22:40] Starting CPLEX solver on instance: /home/yorig/tuner/mpils-tests/instances/miplib/medium-1/momentum1.mps with config: /scratch/yorig/mpils-results-grid-seconds-5-watchdog-mip-start/medium-1/16proc/seed-2/6_momentum1_seed-2_20260504_032204/iterated_local_search/run_1_worker_6/ils_config_13957445058865634524.prm
[INFO]:[03:22:40] Starting CPLEX solver on instance: /home/yorig/tuner/mpils-tests/instances/miplib/medium-1/momentum1.mps with config: /scratch/yorig/mpils-results-grid-seconds-5-watchdog-mip-start/medium-1/16proc/seed-2/6_momentum1_seed-2_20260504_032204/iterated_local_search/run_1_worker_6/ils_config_13957445058865634524.prm
[INFO]:[03:22:45] CPLEX results. Gap: 66.670000, upper bound: 288876.754055, lower bound: 96284.063547
[INFO]:[03:22:45] CPLEX solver finished. Gap: 66.670000
[INFO]:[03:22:45] New incumbent found with objective value: 66.67
[INFO]:[03:22:45] Starting CPLEX solver on instance: /home/yorig/tuner/mpils-tests/instances/miplib/medium-1/momentum1.mps with config: /scratch/yorig/mpils-results-grid-seconds-5-watchdog-mip-start/medium-1/16proc/seed-2/6_momentum1_seed-2_20260504_032204/iterated_local_search/run_1_worker_6/ils_config_3346277119285116195.prm
[INFO]:[03:22:45] Starting CPLEX solver on instance: /home/yorig/tuner/mpils-tests/instances/miplib/medium-1/momentum1.mps with config: /scratch/yorig/mpils-results-grid-seconds-5-watchdog-mip-start/medium-1/16proc/seed-2/6_momentum1_seed-2_20260504_032204/iterated_local_search/run_1_worker_6/ils_config_3346277119285116195.prm
[INFO]:[03:22:50] CPLEX results. Gap: 68.760000, upper bound: 308104.045720, lower bound: 96262.422491
[INFO]:[03:22:50] CPLEX solver finished. Gap: 68.760000
[INFO]:[03:22:50] Starting CPLEX solver on instance: /home/yorig/tuner/mpils-tests/instances/miplib/medium-1/momentum1.mps with config: /scratch/yorig/mpils-results-grid-seconds-5-watchdog-mip-start/medium-1/16proc/seed-2/6_momentum1_seed-2_20260504_032204/iterated_local_search/run_1_worker_6/ils_config_13969583353518318569.prm
[INFO]:[03:22:50] Starting CPLEX solver on instance: /home/yorig/tuner/mpils-tests/instances/miplib/medium-1/momentum1.mps with config: /scratch/yorig/mpils-results-grid-seconds-5-watchdog-mip-start/medium-1/16proc/seed-2/6_momentum1_seed-2_20260504_032204/iterated_local_search/run_1_worker_6/ils_config_13969583353518318569.prm
[INFO]:[03:22:55] CPLEX results. Gap: 68.750000, upper bound: 308128.634811, lower bound: 96285.241298
[INFO]:[03:22:55] CPLEX solver finished. Gap: 68.750000
[INFO]:[03:22:55] Starting CPLEX solver on instance: /home/yorig/tuner/mpils-tests/instances/miplib/medium-1/momentum1.mps with config: /scratch/yorig/mpils-results-grid-seconds-5-watchdog-mip-start/medium-1/16proc/seed-2/6_momentum1_seed-2_20260504_032204/iterated_local_search/run_1_worker_6/ils_config_1690063727003738070.prm
[INFO]:[03:22:55] Starting CPLEX solver on instance: /home/yorig/tuner/mpils-tests/instances/miplib/medium-1/momentum1.mps with config: /scratch/yorig/mpils-results-grid-seconds-5-watchdog-mip-start/medium-1/16proc/seed-2/6_momentum1_seed-2_20260504_032204/iterated_local_search/run_1_worker_6/ils_config_1690063727003738070.prm
[INFO]:[03:23:00] CPLEX results. Gap: 66.670000, upper bound: 288876.754055, lower bound: 96284.063547
[INFO]:[03:23:00] CPLEX solver finished. Gap: 66.670000
[INFO]:[03:23:00] Starting CPLEX solver on instance: /home/yorig/tuner/mpils-tests/instances/miplib/medium-1/momentum1.mps with config: /scratch/yorig/mpils-results-grid-seconds-5-watchdog-mip-start/medium-1/16proc/seed-2/6_momentum1_seed-2_20260504_032204/iterated_local_search/run_1_worker_6/ils_config_12809121967491468900.prm
[INFO]:[03:23:00] Starting CPLEX solver on instance: /home/yorig/tuner/mpils-tests/instances/miplib/medium-1/momentum1.mps with config: /scratch/yorig/mpils-results-grid-seconds-5-watchdog-mip-start/medium-1/16proc/seed-2/6_momentum1_seed-2_20260504_032204/iterated_local_search/run_1_worker_6/ils_config_12809121967491468900.prm
[INFO]:[03:23:05] CPLEX results. Gap: 66.670000, upper bound: 288876.754055, lower bound: 96284.063547
[INFO]:[03:23:05] CPLEX solver finished. Gap: 66.670000
[INFO]:[03:23:05] Starting CPLEX solver on instance: /home/yorig/tuner/mpils-tests/instances/miplib/medium-1/momentum1.mps with config: /scratch/yorig/mpils-results-grid-seconds-5-watchdog-mip-start/medium-1/16proc/seed-2/6_momentum1_seed-2_20260504_032204/iterated_local_search/run_1_worker_6/ils_config_9226100799016245337.prm
[INFO]:[03:23:05] Starting CPLEX solver on instance: /home/yorig/tuner/mpils-tests/instances/miplib/medium-1/momentum1.mps with config: /scratch/yorig/mpils-results-grid-seconds-5-watchdog-mip-start/medium-1/16proc/seed-2/6_momentum1_seed-2_20260504_032204/iterated_local_search/run_1_worker_6/ils_config_9226100799016245337.prm
[INFO]:[03:23:10] CPLEX results. Gap: 68.750000, upper bound: 308129.352260, lower bound: 96275.932447
[INFO]:[03:23:10] CPLEX solver finished. Gap: 68.750000
[INFO]:[03:23:10] Starting CPLEX solver on instance: /home/yorig/tuner/mpils-tests/instances/miplib/medium-1/momentum1.mps with config: /scratch/yorig/mpils-results-grid-seconds-5-watchdog-mip-start/medium-1/16proc/seed-2/6_momentum1_seed-2_20260504_032204/iterated_local_search/run_1_worker_6/ils_config_5490705924599890238.prm
[INFO]:[03:23:10] Starting CPLEX solver on instance: /home/yorig/tuner/mpils-tests/instances/miplib/medium-1/momentum1.mps with config: /scratch/yorig/mpils-results-grid-seconds-5-watchdog-mip-start/medium-1/16proc/seed-2/6_momentum1_seed-2_20260504_032204/iterated_local_search/run_1_worker_6/ils_config_5490705924599890238.prm
[INFO]:[03:23:15] CPLEX results. Gap: 66.670000, upper bound: 288876.754055, lower bound: 96284.063547
[INFO]:[03:23:15] CPLEX solver finished. Gap: 66.670000
[INFO]:[03:23:15] Starting CPLEX solver on instance: /home/yorig/tuner/mpils-tests/instances/miplib/medium-1/momentum1.mps with config: /scratch/yorig/mpils-results-grid-seconds-5-watchdog-mip-start/medium-1/16proc/seed-2/6_momentum1_seed-2_20260504_032204/iterated_local_search/run_1_worker_6/ils_config_12272725027566005717.prm
[INFO]:[03:23:15] Starting CPLEX solver on instance: /home/yorig/tuner/mpils-tests/instances/miplib/medium-1/momentum1.mps with config: /scratch/yorig/mpils-results-grid-seconds-5-watchdog-mip-start/medium-1/16proc/seed-2/6_momentum1_seed-2_20260504_032204/iterated_local_search/run_1_worker_6/ils_config_12272725027566005717.prm
[INFO]:[03:23:20] CPLEX results. Gap: 68.080000, upper bound: 301704.847307, lower bound: 96289.256135
[INFO]:[03:23:20] CPLEX solver finished. Gap: 68.080000
[INFO]:[03:23:20] Starting CPLEX solver on instance: /home/yorig/tuner/mpils-tests/instances/miplib/medium-1/momentum1.mps with config: /scratch/yorig/mpils-results-grid-seconds-5-watchdog-mip-start/medium-1/16proc/seed-2/6_momentum1_seed-2_20260504_032204/iterated_local_search/run_1_worker_6/ils_config_16018886943130994949.prm
[INFO]:[03:23:20] Starting CPLEX solver on instance: /home/yorig/tuner/mpils-tests/instances/miplib/medium-1/momentum1.mps with config: /scratch/yorig/mpils-results-grid-seconds-5-watchdog-mip-start/medium-1/16proc/seed-2/6_momentum1_seed-2_20260504_032204/iterated_local_search/run_1_worker_6/ils_config_16018886943130994949.prm
[INFO]:[03:23:25] CPLEX results. Gap: 65.910000, upper bound: 282459.997827, lower bound: 96298.117953
[INFO]:[03:23:25] CPLEX solver finished. Gap: 65.910000
[INFO]:[03:23:25] New incumbent found with objective value: 65.91
[INFO]:[03:23:26] Starting CPLEX solver on instance: /home/yorig/tuner/mpils-tests/instances/miplib/medium-1/momentum1.mps with config: /scratch/yorig/mpils-results-grid-seconds-5-watchdog-mip-start/medium-1/16proc/seed-2/6_momentum1_seed-2_20260504_032204/iterated_local_search/run_1_worker_6/ils_config_4295431058142900720.prm
[INFO]:[03:23:26] Starting CPLEX solver on instance: /home/yorig/tuner/mpils-tests/instances/miplib/medium-1/momentum1.mps with config: /scratch/yorig/mpils-results-grid-seconds-5-watchdog-mip-start/medium-1/16proc/seed-2/6_momentum1_seed-2_20260504_032204/iterated_local_search/run_1_worker_6/ils_config_4295431058142900720.prm
[INFO]:[03:23:31] CPLEX results. Gap: 65.910000, upper bound: 282459.997827, lower bound: 96298.117953
[INFO]:[03:23:31] CPLEX solver finished. Gap: 65.910000
[INFO]:[03:23:31] Starting CPLEX solver on instance: /home/yorig/tuner/mpils-tests/instances/miplib/medium-1/momentum1.mps with config: /scratch/yorig/mpils-results-grid-seconds-5-watchdog-mip-start/medium-1/16proc/seed-2/6_momentum1_seed-2_20260504_032204/iterated_local_search/run_1_worker_6/ils_config_56090319696645181.prm
[INFO]:[03:23:31] Starting CPLEX solver on instance: /home/yorig/tuner/mpils-tests/instances/miplib/medium-1/momentum1.mps with config: /scratch/yorig/mpils-results-grid-seconds-5-watchdog-mip-start/medium-1/16proc/seed-2/6_momentum1_seed-2_20260504_032204/iterated_local_search/run_1_worker_6/ils_config_56090319696645181.prm
[INFO]:[03:23:36] CPLEX results. Gap: 65.900000, upper bound: 282459.997827, lower bound: 96320.027582
[INFO]:[03:23:36] CPLEX solver finished. Gap: 65.900000
[INFO]:[03:23:36] New incumbent found with objective value: 65.9
[INFO]:[03:23:36] Starting CPLEX solver on instance: /home/yorig/tuner/mpils-tests/instances/miplib/medium-1/momentum1.mps with config: /scratch/yorig/mpils-results-grid-seconds-5-watchdog-mip-start/medium-1/16proc/seed-2/6_momentum1_seed-2_20260504_032204/iterated_local_search/run_1_worker_6/ils_config_8250319956007852512.prm
[INFO]:[03:23:36] Starting CPLEX solver on instance: /home/yorig/tuner/mpils-tests/instances/miplib/medium-1/momentum1.mps with config: /scratch/yorig/mpils-results-grid-seconds-5-watchdog-mip-start/medium-1/16proc/seed-2/6_momentum1_seed-2_20260504_032204/iterated_local_search/run_1_worker_6/ils_config_8250319956007852512.prm
[INFO]:[03:23:41] CPLEX results. Gap: 67.390000, upper bound: 295304.783580, lower bound: 96302.131603
[INFO]:[03:23:41] CPLEX solver finished. Gap: 67.390000
[INFO]:[03:23:41] Starting CPLEX solver on instance: /home/yorig/tuner/mpils-tests/instances/miplib/medium-1/momentum1.mps with config: /scratch/yorig/mpils-results-grid-seconds-5-watchdog-mip-start/medium-1/16proc/seed-2/6_momentum1_seed-2_20260504_032204/iterated_local_search/run_1_worker_6/ils_config_14366717347131689997.prm
[INFO]:[03:23:41] Starting CPLEX solver on instance: /home/yorig/tuner/mpils-tests/instances/miplib/medium-1/momentum1.mps with config: /scratch/yorig/mpils-results-grid-seconds-5-watchdog-mip-start/medium-1/16proc/seed-2/6_momentum1_seed-2_20260504_032204/iterated_local_search/run_1_worker_6/ils_config_14366717347131689997.prm
[INFO]:[03:23:46] CPLEX results. Gap: 66.670000, upper bound: 288892.406579, lower bound: 96281.647307
[INFO]:[03:23:46] CPLEX solver finished. Gap: 66.670000
[INFO]:[03:23:46] Local search phase completed.
[INFO]:[03:23:46] Total number of new local-search evaluations: 20
[INFO]:[03:23:46] Final incumbent objective value: 65.9
[INFO]:[03:23:46] Worker 6 completed exploration phase.
[INFO]:[03:23:46] Worker 6 received order for step 2.
[INFO]:[03:23:46] Worker 6 running expansion phase for iteration 1.
[INFO]:[03:23:46] Worker 6 will use solver log file: /scratch/yorig/mpils-results-grid-seconds-5-watchdog-mip-start/medium-1/16proc/seed-2/6_momentum1_seed-2_20260504_032204/solver/cplex.log_iteration_expansion_1_worker_6
[INFO]:[03:23:46] Expansion Worker 6 starting expansion for iteration 1.
[INFO]:[03:23:46] Starting CPLEX solver on instance: /home/yorig/tuner/mpils-tests/instances/miplib/medium-1/momentum1.mps with config: /scratch/yorig/mpils-results-grid-seconds-5-watchdog-mip-start/medium-1/16proc/seed-2/6_momentum1_seed-2_20260504_032204/expansion/config_param_CPXPARAM_MIP_Limits_ProbeTime_20_iter_1.prm
[INFO]:[03:23:51] CPLEX results. Gap: 44.460000, upper bound: 173367.476910, lower bound: 96281.934040
[INFO]:[03:23:51] CPLEX solver finished. Gap: 44.460000
[INFO]:[03:23:51] Starting CPLEX solver on instance: /home/yorig/tuner/mpils-tests/instances/miplib/medium-1/momentum1.mps with config: /scratch/yorig/mpils-results-grid-seconds-5-watchdog-mip-start/medium-1/16proc/seed-2/6_momentum1_seed-2_20260504_032204/expansion/config_param_CPXPARAM_MIP_Limits_ProbeTime_30_iter_1.prm
[INFO]:[03:23:56] CPLEX results. Gap: 44.460000, upper bound: 173367.476910, lower bound: 96281.934040
[INFO]:[03:23:56] CPLEX solver finished. Gap: 44.460000
[INFO]:[03:23:56] Starting CPLEX solver on instance: /home/yorig/tuner/mpils-tests/instances/miplib/medium-1/momentum1.mps with config: /scratch/yorig/mpils-results-grid-seconds-5-watchdog-mip-start/medium-1/16proc/seed-2/6_momentum1_seed-2_20260504_032204/expansion/config_param_CPXPARAM_MIP_Limits_ProbeTime_40_iter_1.prm
[INFO]:[03:24:01] CPLEX results. Gap: 44.460000, upper bound: 173367.476910, lower bound: 96281.934040
[INFO]:[03:24:01] CPLEX solver finished. Gap: 44.460000
[INFO]:[03:24:06] Expansion Worker 6 completed expansion.
[INFO]:[03:24:06] Worker 6 completed expansion phase.
[INFO]:[03:24:06] Worker 6 received order for step 1.
[INFO]:[03:24:06] Worker 6 running exploration phase for iteration 2.
[INFO]:[03:24:06] Worker 6 at iteration 2 will not use a MIP start file. Current best MIP-start upper bound threshold is 1.79769e+308.
[INFO]:[03:24:06] Starting local search phase...
[INFO]:[03:24:06] Creating local search space from parameter space file: /scratch/yorig/mpils-results-grid-seconds-5-watchdog-mip-start/medium-1/16proc/seed-2/6_momentum1_seed-2_20260504_032204/iterated_local_search/search_space/search_space_file_2_worker_6.txt
[INFO]:[03:24:06] Local search space loaded from file: /scratch/yorig/mpils-results-grid-seconds-5-watchdog-mip-start/medium-1/16proc/seed-2/6_momentum1_seed-2_20260504_032204/iterated_local_search/search_space/search_space_file_2_worker_6.txt
[INFO]:[03:24:06] Number of parameters in local search space: 71
[INFO]:[03:24:06] Number of forbidden tuples in local search space: 27
[INFO]:[03:24:06] Number of conditionals in local search space: 6
[INFO]:[03:24:06] MIP start option not enabled. Local search will proceed without MIP start.
[INFO]:[03:24:06] Evaluating initial configuration for local search phase...
[INFO]:[03:24:06] Starting CPLEX solver on instance: /home/yorig/tuner/mpils-tests/instances/miplib/medium-1/momentum1.mps with config: /scratch/yorig/mpils-results-grid-seconds-5-watchdog-mip-start/medium-1/16proc/seed-2/6_momentum1_seed-2_20260504_032204/iterated_local_search/run_2_worker_6/ils_config_14594604211827896353.prm
[INFO]:[03:24:06] Starting CPLEX solver on instance: /home/yorig/tuner/mpils-tests/instances/miplib/medium-1/momentum1.mps with config: /scratch/yorig/mpils-results-grid-seconds-5-watchdog-mip-start/medium-1/16proc/seed-2/6_momentum1_seed-2_20260504_032204/iterated_local_search/run_2_worker_6/ils_config_14594604211827896353.prm
[INFO]:[03:24:11] CPLEX results. Gap: 86.370000, upper bound: 533874.573902, lower bound: 72793.794855
[INFO]:[03:24:11] CPLEX solver finished. Gap: 86.370000
[INFO]:[03:24:11] Initial configuration evaluated with objective value: 86.37
[INFO]:[03:24:11] Starting CPLEX solver on instance: /home/yorig/tuner/mpils-tests/instances/miplib/medium-1/momentum1.mps with config: /scratch/yorig/mpils-results-grid-seconds-5-watchdog-mip-start/medium-1/16proc/seed-2/6_momentum1_seed-2_20260504_032204/iterated_local_search/run_2_worker_6/ils_config_3241140229690312023.prm
[INFO]:[03:24:11] Starting CPLEX solver on instance: /home/yorig/tuner/mpils-tests/instances/miplib/medium-1/momentum1.mps with config: /scratch/yorig/mpils-results-grid-seconds-5-watchdog-mip-start/medium-1/16proc/seed-2/6_momentum1_seed-2_20260504_032204/iterated_local_search/run_2_worker_6/ils_config_3241140229690312023.prm
[INFO]:[03:24:16] CPLEX results. Gap: 86.370000, upper bound: 533874.573902, lower bound: 72793.794855
[INFO]:[03:24:16] CPLEX solver finished. Gap: 86.370000
[INFO]:[03:24:16] Starting CPLEX solver on instance: /home/yorig/tuner/mpils-tests/instances/miplib/medium-1/momentum1.mps with config: /scratch/yorig/mpils-results-grid-seconds-5-watchdog-mip-start/medium-1/16proc/seed-2/6_momentum1_seed-2_20260504_032204/iterated_local_search/run_2_worker_6/ils_config_18304651177103935172.prm
[INFO]:[03:24:16] Starting CPLEX solver on instance: /home/yorig/tuner/mpils-tests/instances/miplib/medium-1/momentum1.mps with config: /scratch/yorig/mpils-results-grid-seconds-5-watchdog-mip-start/medium-1/16proc/seed-2/6_momentum1_seed-2_20260504_032204/iterated_local_search/run_2_worker_6/ils_config_18304651177103935172.prm
[INFO]:[03:24:21] CPLEX results. Gap: 86.370000, upper bound: 533874.573902, lower bound: 72793.794855
[INFO]:[03:24:21] CPLEX solver finished. Gap: 86.370000
[INFO]:[03:24:21] Starting CPLEX solver on instance: /home/yorig/tuner/mpils-tests/instances/miplib/medium-1/momentum1.mps with config: /scratch/yorig/mpils-results-grid-seconds-5-watchdog-mip-start/medium-1/16proc/seed-2/6_momentum1_seed-2_20260504_032204/iterated_local_search/run_2_worker_6/ils_config_3319210402348419510.prm
[INFO]:[03:24:21] Starting CPLEX solver on instance: /home/yorig/tuner/mpils-tests/instances/miplib/medium-1/momentum1.mps with config: /scratch/yorig/mpils-results-grid-seconds-5-watchdog-mip-start/medium-1/16proc/seed-2/6_momentum1_seed-2_20260504_032204/iterated_local_search/run_2_worker_6/ils_config_3319210402348419510.prm
[INFO]:[03:24:27] CPLEX results. Gap: 86.370000, upper bound: 533874.573902, lower bound: 72793.794855
[INFO]:[03:24:27] CPLEX solver finished. Gap: 86.370000
[INFO]:[03:24:27] Starting CPLEX solver on instance: /home/yorig/tuner/mpils-tests/instances/miplib/medium-1/momentum1.mps with config: /scratch/yorig/mpils-results-grid-seconds-5-watchdog-mip-start/medium-1/16proc/seed-2/6_momentum1_seed-2_20260504_032204/iterated_local_search/run_2_worker_6/ils_config_17049378560405677961.prm
[INFO]:[03:24:27] Starting CPLEX solver on instance: /home/yorig/tuner/mpils-tests/instances/miplib/medium-1/momentum1.mps with config: /scratch/yorig/mpils-results-grid-seconds-5-watchdog-mip-start/medium-1/16proc/seed-2/6_momentum1_seed-2_20260504_032204/iterated_local_search/run_2_worker_6/ils_config_17049378560405677961.prm
[INFO]:[03:24:32] CPLEX results. Gap: 86.370000, upper bound: 533874.573902, lower bound: 72793.794855
[INFO]:[03:24:32] CPLEX solver finished. Gap: 86.370000
[INFO]:[03:24:32] Starting CPLEX solver on instance: /home/yorig/tuner/mpils-tests/instances/miplib/medium-1/momentum1.mps with config: /scratch/yorig/mpils-results-grid-seconds-5-watchdog-mip-start/medium-1/16proc/seed-2/6_momentum1_seed-2_20260504_032204/iterated_local_search/run_2_worker_6/ils_config_13678146822365180654.prm
[INFO]:[03:24:32] Starting CPLEX solver on instance: /home/yorig/tuner/mpils-tests/instances/miplib/medium-1/momentum1.mps with config: /scratch/yorig/mpils-results-grid-seconds-5-watchdog-mip-start/medium-1/16proc/seed-2/6_momentum1_seed-2_20260504_032204/iterated_local_search/run_2_worker_6/ils_config_13678146822365180654.prm
[INFO]:[03:24:37] CPLEX results. Gap: 86.370000, upper bound: 533874.573902, lower bound: 72793.794855
[INFO]:[03:24:37] CPLEX solver finished. Gap: 86.370000
[INFO]:[03:24:37] Local search phase completed.
[INFO]:[03:24:37] Total number of new local-search evaluations: 6
[INFO]:[03:24:37] Final incumbent objective value: 86.37
[INFO]:[03:24:37] Worker 6 completed exploration phase.
[INFO]:[03:24:37] Worker 6 received order for step 2.
[INFO]:[03:24:37] Worker 6 running expansion phase for iteration 2.
[INFO]:[03:24:37] Worker 6 will use solver log file: /scratch/yorig/mpils-results-grid-seconds-5-watchdog-mip-start/medium-1/16proc/seed-2/6_momentum1_seed-2_20260504_032204/solver/cplex.log_iteration_expansion_2_worker_6
[INFO]:[03:24:37] Expansion Worker 6 starting expansion for iteration 2.
[INFO]:[03:24:37] Starting CPLEX solver on instance: /home/yorig/tuner/mpils-tests/instances/miplib/medium-1/momentum1.mps with config: /scratch/yorig/mpils-results-grid-seconds-5-watchdog-mip-start/medium-1/16proc/seed-2/6_momentum1_seed-2_20260504_032204/expansion/config_param_CPXPARAM_MIP_Strategy_HeuristicFreq_40_iter_2.prm
[INFO]:[03:24:42] CPLEX results. Gap: 16.690000, upper bound: 115559.447439, lower bound: 96274.311263
[INFO]:[03:24:42] CPLEX solver finished. Gap: 16.690000
[INFO]:[03:24:42] Starting CPLEX solver on instance: /home/yorig/tuner/mpils-tests/instances/miplib/medium-1/momentum1.mps with config: /scratch/yorig/mpils-results-grid-seconds-5-watchdog-mip-start/medium-1/16proc/seed-2/6_momentum1_seed-2_20260504_032204/expansion/config_param_CPXPARAM_MIP_Strategy_HeuristicFreq_100_iter_2.prm
[INFO]:[03:24:47] CPLEX results. Gap: 16.690000, upper bound: 115559.447439, lower bound: 96274.311263
[INFO]:[03:24:47] CPLEX solver finished. Gap: 16.690000
[INFO]:[03:24:52] Expansion Worker 6 completed expansion.
[INFO]:[03:24:52] Worker 6 completed expansion phase.
[INFO]:[03:24:52] Worker 6 received order for step 1.
[INFO]:[03:24:52] Worker 6 running exploration phase for iteration 3.
[INFO]:[03:24:52] Worker 6 at iteration 3 will not use a MIP start file. Current best MIP-start upper bound threshold is 1.79769e+308.
[INFO]:[03:24:52] Starting local search phase...
[INFO]:[03:24:52] Creating local search space from parameter space file: /scratch/yorig/mpils-results-grid-seconds-5-watchdog-mip-start/medium-1/16proc/seed-2/6_momentum1_seed-2_20260504_032204/iterated_local_search/search_space/search_space_file_3_worker_6.txt
[INFO]:[03:24:52] Local search space loaded from file: /scratch/yorig/mpils-results-grid-seconds-5-watchdog-mip-start/medium-1/16proc/seed-2/6_momentum1_seed-2_20260504_032204/iterated_local_search/search_space/search_space_file_3_worker_6.txt
[INFO]:[03:24:52] Number of parameters in local search space: 71
[INFO]:[03:24:52] Number of forbidden tuples in local search space: 55
[INFO]:[03:24:52] Number of conditionals in local search space: 6
[INFO]:[03:24:52] MIP start option not enabled. Local search will proceed without MIP start.
[INFO]:[03:24:52] Evaluating initial configuration for local search phase...
[INFO]:[03:24:52] Starting CPLEX solver on instance: /home/yorig/tuner/mpils-tests/instances/miplib/medium-1/momentum1.mps with config: /scratch/yorig/mpils-results-grid-seconds-5-watchdog-mip-start/medium-1/16proc/seed-2/6_momentum1_seed-2_20260504_032204/iterated_local_search/run_3_worker_6/ils_config_13084264481737724759.prm
[INFO]:[03:24:52] Starting CPLEX solver on instance: /home/yorig/tuner/mpils-tests/instances/miplib/medium-1/momentum1.mps with config: /scratch/yorig/mpils-results-grid-seconds-5-watchdog-mip-start/medium-1/16proc/seed-2/6_momentum1_seed-2_20260504_032204/iterated_local_search/run_3_worker_6/ils_config_13084264481737724759.prm
[INFO]:[03:24:57] CPLEX results. Gap: 76.270000, upper bound: 333809.066583, lower bound: 79213.685986
[INFO]:[03:24:57] CPLEX solver finished. Gap: 76.270000
[INFO]:[03:24:57] Initial configuration evaluated with objective value: 76.27
[INFO]:[03:24:57] Starting CPLEX solver on instance: /home/yorig/tuner/mpils-tests/instances/miplib/medium-1/momentum1.mps with config: /scratch/yorig/mpils-results-grid-seconds-5-watchdog-mip-start/medium-1/16proc/seed-2/6_momentum1_seed-2_20260504_032204/iterated_local_search/run_3_worker_6/ils_config_1303306292814421325.prm
[INFO]:[03:24:57] Starting CPLEX solver on instance: /home/yorig/tuner/mpils-tests/instances/miplib/medium-1/momentum1.mps with config: /scratch/yorig/mpils-results-grid-seconds-5-watchdog-mip-start/medium-1/16proc/seed-2/6_momentum1_seed-2_20260504_032204/iterated_local_search/run_3_worker_6/ils_config_1303306292814421325.prm
[INFO]:[03:25:02] CPLEX results. Gap: 76.270000, upper bound: 333809.066583, lower bound: 79213.685986
[INFO]:[03:25:02] CPLEX solver finished. Gap: 76.270000
[INFO]:[03:25:02] Starting CPLEX solver on instance: /home/yorig/tuner/mpils-tests/instances/miplib/medium-1/momentum1.mps with config: /scratch/yorig/mpils-results-grid-seconds-5-watchdog-mip-start/medium-1/16proc/seed-2/6_momentum1_seed-2_20260504_032204/iterated_local_search/run_3_worker_6/ils_config_3031355256558456486.prm
[INFO]:[03:25:02] Starting CPLEX solver on instance: /home/yorig/tuner/mpils-tests/instances/miplib/medium-1/momentum1.mps with config: /scratch/yorig/mpils-results-grid-seconds-5-watchdog-mip-start/medium-1/16proc/seed-2/6_momentum1_seed-2_20260504_032204/iterated_local_search/run_3_worker_6/ils_config_3031355256558456486.prm
[INFO]:[03:25:07] CPLEX results. Gap: 76.270000, upper bound: 333809.066583, lower bound: 79213.685986
[INFO]:[03:25:07] CPLEX solver finished. Gap: 76.270000
[INFO]:[03:25:07] Starting CPLEX solver on instance: /home/yorig/tuner/mpils-tests/instances/miplib/medium-1/momentum1.mps with config: /scratch/yorig/mpils-results-grid-seconds-5-watchdog-mip-start/medium-1/16proc/seed-2/6_momentum1_seed-2_20260504_032204/iterated_local_search/run_3_worker_6/ils_config_2477268402932623393.prm
[INFO]:[03:25:07] Starting CPLEX solver on instance: /home/yorig/tuner/mpils-tests/instances/miplib/medium-1/momentum1.mps with config: /scratch/yorig/mpils-results-grid-seconds-5-watchdog-mip-start/medium-1/16proc/seed-2/6_momentum1_seed-2_20260504_032204/iterated_local_search/run_3_worker_6/ils_config_2477268402932623393.prm
[INFO]:[03:25:12] CPLEX results. Gap: 76.270000, upper bound: 333809.066583, lower bound: 79213.685986
[INFO]:[03:25:13] CPLEX solver finished. Gap: 76.270000
[INFO]:[03:25:13] Starting CPLEX solver on instance: /home/yorig/tuner/mpils-tests/instances/miplib/medium-1/momentum1.mps with config: /scratch/yorig/mpils-results-grid-seconds-5-watchdog-mip-start/medium-1/16proc/seed-2/6_momentum1_seed-2_20260504_032204/iterated_local_search/run_3_worker_6/ils_config_14370730867821992155.prm
[INFO]:[03:25:13] Starting CPLEX solver on instance: /home/yorig/tuner/mpils-tests/instances/miplib/medium-1/momentum1.mps with config: /scratch/yorig/mpils-results-grid-seconds-5-watchdog-mip-start/medium-1/16proc/seed-2/6_momentum1_seed-2_20260504_032204/iterated_local_search/run_3_worker_6/ils_config_14370730867821992155.prm
[INFO]:[03:25:18] CPLEX results. Gap: 70.600000, upper bound: 327355.000116, lower bound: 96258.425367
[INFO]:[03:25:18] CPLEX solver finished. Gap: 70.600000
[INFO]:[03:25:18] New incumbent found with objective value: 70.6
[INFO]:[03:25:18] Local search phase completed.
[INFO]:[03:25:18] Total number of new local-search evaluations: 5
[INFO]:[03:25:18] Final incumbent objective value: 70.6
[INFO]:[03:25:18] Worker 6 completed exploration phase.
[INFO]:[03:25:18] Worker 6 received order for step 2.
[INFO]:[03:25:18] Worker 6 running expansion phase for iteration 3.
[INFO]:[03:25:18] Worker 6 will use solver log file: /scratch/yorig/mpils-results-grid-seconds-5-watchdog-mip-start/medium-1/16proc/seed-2/6_momentum1_seed-2_20260504_032204/solver/cplex.log_iteration_expansion_3_worker_6
[INFO]:[03:25:18] Expansion Worker 6 starting expansion for iteration 3.
[INFO]:[03:25:18] Starting CPLEX solver on instance: /home/yorig/tuner/mpils-tests/instances/miplib/medium-1/momentum1.mps with config: /scratch/yorig/mpils-results-grid-seconds-5-watchdog-mip-start/medium-1/16proc/seed-2/6_momentum1_seed-2_20260504_032204/expansion/config_param_CPXPARAM_Preprocessing_Fill_2_iter_3.prm
[INFO]:[03:25:23] CPLEX results. Gap: 40.000000, upper bound: 160462.886821, lower bound: 96281.889398
[INFO]:[03:25:23] CPLEX solver finished. Gap: 40.000000
[INFO]:[03:25:23] Starting CPLEX solver on instance: /home/yorig/tuner/mpils-tests/instances/miplib/medium-1/momentum1.mps with config: /scratch/yorig/mpils-results-grid-seconds-5-watchdog-mip-start/medium-1/16proc/seed-2/6_momentum1_seed-2_20260504_032204/expansion/config_param_CPXPARAM_Preprocessing_Fill_5_iter_3.prm
[INFO]:[03:25:28] CPLEX results. Gap: 37.500000, upper bound: 154037.434171, lower bound: 96275.802175
[INFO]:[03:25:28] CPLEX solver finished. Gap: 37.500000
[INFO]:[03:25:28] Expansion Worker 6 completed expansion.
[INFO]:[03:25:28] Worker 6 completed expansion phase.
[INFO]:[03:25:28] Worker 6 received order for step 1.
[INFO]:[03:25:28] Worker 6 running exploration phase for iteration 4.
[INFO]:[03:25:28] Worker 6 at iteration 4 will not use a MIP start file. Current best MIP-start upper bound threshold is 1.79769e+308.
[INFO]:[03:25:28] Starting local search phase...
[INFO]:[03:25:28] Creating local search space from parameter space file: /scratch/yorig/mpils-results-grid-seconds-5-watchdog-mip-start/medium-1/16proc/seed-2/6_momentum1_seed-2_20260504_032204/iterated_local_search/search_space/search_space_file_4_worker_6.txt
[INFO]:[03:25:28] Local search space loaded from file: /scratch/yorig/mpils-results-grid-seconds-5-watchdog-mip-start/medium-1/16proc/seed-2/6_momentum1_seed-2_20260504_032204/iterated_local_search/search_space/search_space_file_4_worker_6.txt
[INFO]:[03:25:28] Number of parameters in local search space: 71
[INFO]:[03:25:28] Number of forbidden tuples in local search space: 71
[INFO]:[03:25:28] Number of conditionals in local search space: 6
[INFO]:[03:25:28] MIP start option not enabled. Local search will proceed without MIP start.
[INFO]:[03:25:28] Evaluating initial configuration for local search phase...
[INFO]:[03:25:28] Starting CPLEX solver on instance: /home/yorig/tuner/mpils-tests/instances/miplib/medium-1/momentum1.mps with config: /scratch/yorig/mpils-results-grid-seconds-5-watchdog-mip-start/medium-1/16proc/seed-2/6_momentum1_seed-2_20260504_032204/iterated_local_search/run_4_worker_6/ils_config_17838871181670402662.prm
[INFO]:[03:25:28] Starting CPLEX solver on instance: /home/yorig/tuner/mpils-tests/instances/miplib/medium-1/momentum1.mps with config: /scratch/yorig/mpils-results-grid-seconds-5-watchdog-mip-start/medium-1/16proc/seed-2/6_momentum1_seed-2_20260504_032204/iterated_local_search/run_4_worker_6/ils_config_17838871181670402662.prm
[INFO]:[03:25:33] CPLEX results. Gap: 75.800000, upper bound: 327380.661417, lower bound: 79213.034416
[INFO]:[03:25:33] CPLEX solver finished. Gap: 75.800000
[INFO]:[03:25:33] Initial configuration evaluated with objective value: 75.8
[INFO]:[03:25:33] Starting CPLEX solver on instance: /home/yorig/tuner/mpils-tests/instances/miplib/medium-1/momentum1.mps with config: /scratch/yorig/mpils-results-grid-seconds-5-watchdog-mip-start/medium-1/16proc/seed-2/6_momentum1_seed-2_20260504_032204/iterated_local_search/run_4_worker_6/ils_config_16137234548981409058.prm
[INFO]:[03:25:33] Starting CPLEX solver on instance: /home/yorig/tuner/mpils-tests/instances/miplib/medium-1/momentum1.mps with config: /scratch/yorig/mpils-results-grid-seconds-5-watchdog-mip-start/medium-1/16proc/seed-2/6_momentum1_seed-2_20260504_032204/iterated_local_search/run_4_worker_6/ils_config_16137234548981409058.prm
[INFO]:[03:25:38] CPLEX results. Gap: 75.800000, upper bound: 327380.661417, lower bound: 79213.034416
[INFO]:[03:25:38] CPLEX solver finished. Gap: 75.800000
[INFO]:[03:25:38] Starting CPLEX solver on instance: /home/yorig/tuner/mpils-tests/instances/miplib/medium-1/momentum1.mps with config: /scratch/yorig/mpils-results-grid-seconds-5-watchdog-mip-start/medium-1/16proc/seed-2/6_momentum1_seed-2_20260504_032204/iterated_local_search/run_4_worker_6/ils_config_9605318406312451534.prm
[INFO]:[03:25:38] Starting CPLEX solver on instance: /home/yorig/tuner/mpils-tests/instances/miplib/medium-1/momentum1.mps with config: /scratch/yorig/mpils-results-grid-seconds-5-watchdog-mip-start/medium-1/16proc/seed-2/6_momentum1_seed-2_20260504_032204/iterated_local_search/run_4_worker_6/ils_config_9605318406312451534.prm
[INFO]:[03:25:43] CPLEX results. Gap: 75.800000, upper bound: 327380.661417, lower bound: 79213.034416
[INFO]:[03:25:43] CPLEX solver finished. Gap: 75.800000
[INFO]:[03:25:43] Starting CPLEX solver on instance: /home/yorig/tuner/mpils-tests/instances/miplib/medium-1/momentum1.mps with config: /scratch/yorig/mpils-results-grid-seconds-5-watchdog-mip-start/medium-1/16proc/seed-2/6_momentum1_seed-2_20260504_032204/iterated_local_search/run_4_worker_6/ils_config_13564996181088717837.prm
[INFO]:[03:25:43] Starting CPLEX solver on instance: /home/yorig/tuner/mpils-tests/instances/miplib/medium-1/momentum1.mps with config: /scratch/yorig/mpils-results-grid-seconds-5-watchdog-mip-start/medium-1/16proc/seed-2/6_momentum1_seed-2_20260504_032204/iterated_local_search/run_4_worker_6/ils_config_13564996181088717837.prm
[INFO]:[03:25:48] CPLEX results. Gap: 75.800000, upper bound: 327380.661417, lower bound: 79213.034416
[INFO]:[03:25:48] CPLEX solver finished. Gap: 75.800000
[INFO]:[03:25:48] Starting CPLEX solver on instance: /home/yorig/tuner/mpils-tests/instances/miplib/medium-1/momentum1.mps with config: /scratch/yorig/mpils-results-grid-seconds-5-watchdog-mip-start/medium-1/16proc/seed-2/6_momentum1_seed-2_20260504_032204/iterated_local_search/run_4_worker_6/ils_config_2160832470421288461.prm
[INFO]:[03:25:48] Starting CPLEX solver on instance: /home/yorig/tuner/mpils-tests/instances/miplib/medium-1/momentum1.mps with config: /scratch/yorig/mpils-results-grid-seconds-5-watchdog-mip-start/medium-1/16proc/seed-2/6_momentum1_seed-2_20260504_032204/iterated_local_search/run_4_worker_6/ils_config_2160832470421288461.prm
[INFO]:[03:25:53] CPLEX results. Gap: 75.800000, upper bound: 327380.661417, lower bound: 79213.034416
[INFO]:[03:25:53] CPLEX solver finished. Gap: 75.800000
[INFO]:[03:25:53] Starting CPLEX solver on instance: /home/yorig/tuner/mpils-tests/instances/miplib/medium-1/momentum1.mps with config: /scratch/yorig/mpils-results-grid-seconds-5-watchdog-mip-start/medium-1/16proc/seed-2/6_momentum1_seed-2_20260504_032204/iterated_local_search/run_4_worker_6/ils_config_3290257845488347738.prm
[INFO]:[03:25:53] Starting CPLEX solver on instance: /home/yorig/tuner/mpils-tests/instances/miplib/medium-1/momentum1.mps with config: /scratch/yorig/mpils-results-grid-seconds-5-watchdog-mip-start/medium-1/16proc/seed-2/6_momentum1_seed-2_20260504_032204/iterated_local_search/run_4_worker_6/ils_config_3290257845488347738.prm
[INFO]:[03:25:58] CPLEX results. Gap: 75.800000, upper bound: 327380.661417, lower bound: 79213.034416
[INFO]:[03:25:58] CPLEX solver finished. Gap: 75.800000
[INFO]:[03:25:58] Starting CPLEX solver on instance: /home/yorig/tuner/mpils-tests/instances/miplib/medium-1/momentum1.mps with config: /scratch/yorig/mpils-results-grid-seconds-5-watchdog-mip-start/medium-1/16proc/seed-2/6_momentum1_seed-2_20260504_032204/iterated_local_search/run_4_worker_6/ils_config_7697789329062779253.prm
[INFO]:[03:25:58] Starting CPLEX solver on instance: /home/yorig/tuner/mpils-tests/instances/miplib/medium-1/momentum1.mps with config: /scratch/yorig/mpils-results-grid-seconds-5-watchdog-mip-start/medium-1/16proc/seed-2/6_momentum1_seed-2_20260504_032204/iterated_local_search/run_4_worker_6/ils_config_7697789329062779253.prm
[INFO]:[03:26:03] CPLEX results. Gap: 75.800000, upper bound: 327380.661417, lower bound: 79213.034416
[INFO]:[03:26:03] CPLEX solver finished. Gap: 75.800000
[INFO]:[03:26:03] Local search phase completed.
[INFO]:[03:26:03] Total number of new local-search evaluations: 7
[INFO]:[03:26:03] Final incumbent objective value: 75.8
[INFO]:[03:26:04] Worker 6 completed exploration phase.
[INFO]:[03:26:04] Worker 6 received order for step 2.
[INFO]:[03:26:04] Worker 6 running expansion phase for iteration 4.
[INFO]:[03:26:04] Worker 6 will use solver log file: /scratch/yorig/mpils-results-grid-seconds-5-watchdog-mip-start/medium-1/16proc/seed-2/6_momentum1_seed-2_20260504_032204/solver/cplex.log_iteration_expansion_4_worker_6
[INFO]:[03:26:04] Expansion Worker 6 starting expansion for iteration 4.
[INFO]:[03:26:04] Starting CPLEX solver on instance: /home/yorig/tuner/mpils-tests/instances/miplib/medium-1/momentum1.mps with config: /scratch/yorig/mpils-results-grid-seconds-5-watchdog-mip-start/medium-1/16proc/seed-2/6_momentum1_seed-2_20260504_032204/expansion/config_param_CPXPARAM_MIP_OrderType_3_iter_4.prm
[INFO]:[03:26:09] CPLEX results. Gap: 16.690000, upper bound: 115559.447427, lower bound: 96274.311263
[INFO]:[03:26:09] CPLEX solver finished. Gap: 16.690000
[INFO]:[03:26:09] Starting CPLEX solver on instance: /home/yorig/tuner/mpils-tests/instances/miplib/medium-1/momentum1.mps with config: /scratch/yorig/mpils-results-grid-seconds-5-watchdog-mip-start/medium-1/16proc/seed-2/6_momentum1_seed-2_20260504_032204/expansion/config_param_CPXPARAM_Network_NetFind_1_iter_4.prm
[INFO]:[03:26:14] CPLEX results. Gap: 16.690000, upper bound: 115559.447427, lower bound: 96274.311263
[INFO]:[03:26:14] CPLEX solver finished. Gap: 16.690000
[INFO]:[03:26:14] Expansion Worker 6 completed expansion.
[INFO]:[03:26:14] Worker 6 completed expansion phase.
[INFO]:[03:26:14] Worker 6 received order for step 1.
[INFO]:[03:26:14] Worker 6 running exploration phase for iteration 5.
[INFO]:[03:26:14] Worker 6 at iteration 5 will not use a MIP start file. Current best MIP-start upper bound threshold is 1.79769e+308.
[INFO]:[03:26:14] Starting local search phase...
[INFO]:[03:26:14] Creating local search space from parameter space file: /scratch/yorig/mpils-results-grid-seconds-5-watchdog-mip-start/medium-1/16proc/seed-2/6_momentum1_seed-2_20260504_032204/iterated_local_search/search_space/search_space_file_5_worker_6.txt
[INFO]:[03:26:14] Local search space loaded from file: /scratch/yorig/mpils-results-grid-seconds-5-watchdog-mip-start/medium-1/16proc/seed-2/6_momentum1_seed-2_20260504_032204/iterated_local_search/search_space/search_space_file_5_worker_6.txt
[INFO]:[03:26:14] Number of parameters in local search space: 71
[INFO]:[03:26:14] Number of forbidden tuples in local search space: 90
[INFO]:[03:26:14] Number of conditionals in local search space: 6
[INFO]:[03:26:14] MIP start option not enabled. Local search will proceed without MIP start.
[INFO]:[03:26:14] Evaluating initial configuration for local search phase...
[INFO]:[03:26:14] Starting CPLEX solver on instance: /home/yorig/tuner/mpils-tests/instances/miplib/medium-1/momentum1.mps with config: /scratch/yorig/mpils-results-grid-seconds-5-watchdog-mip-start/medium-1/16proc/seed-2/6_momentum1_seed-2_20260504_032204/iterated_local_search/run_5_worker_6/ils_config_13879037382864572039.prm
[INFO]:[03:26:14] Starting CPLEX solver on instance: /home/yorig/tuner/mpils-tests/instances/miplib/medium-1/momentum1.mps with config: /scratch/yorig/mpils-results-grid-seconds-5-watchdog-mip-start/medium-1/16proc/seed-2/6_momentum1_seed-2_20260504_032204/iterated_local_search/run_5_worker_6/ils_config_13879037382864572039.prm
[INFO]:[03:26:19] CPLEX results. Gap: 68.760000, upper bound: 308139.669345, lower bound: 96269.805793
[INFO]:[03:26:19] CPLEX solver finished. Gap: 68.760000
[INFO]:[03:26:19] Initial configuration evaluated with objective value: 68.76
[INFO]:[03:26:19] Starting CPLEX solver on instance: /home/yorig/tuner/mpils-tests/instances/miplib/medium-1/momentum1.mps with config: /scratch/yorig/mpils-results-grid-seconds-5-watchdog-mip-start/medium-1/16proc/seed-2/6_momentum1_seed-2_20260504_032204/iterated_local_search/run_5_worker_6/ils_config_17665493095126077174.prm
[INFO]:[03:26:19] Starting CPLEX solver on instance: /home/yorig/tuner/mpils-tests/instances/miplib/medium-1/momentum1.mps with config: /scratch/yorig/mpils-results-grid-seconds-5-watchdog-mip-start/medium-1/16proc/seed-2/6_momentum1_seed-2_20260504_032204/iterated_local_search/run_5_worker_6/ils_config_17665493095126077174.prm
[INFO]:[03:26:24] CPLEX results. Gap: 67.230000, upper bound: 308141.918051, lower bound: 100986.186284
[INFO]:[03:26:24] CPLEX solver finished. Gap: 67.230000
[INFO]:[03:26:24] New incumbent found with objective value: 67.23
[INFO]:[03:26:24] Starting CPLEX solver on instance: /home/yorig/tuner/mpils-tests/instances/miplib/medium-1/momentum1.mps with config: /scratch/yorig/mpils-results-grid-seconds-5-watchdog-mip-start/medium-1/16proc/seed-2/6_momentum1_seed-2_20260504_032204/iterated_local_search/run_5_worker_6/ils_config_8251278855473437767.prm
[INFO]:[03:26:24] Starting CPLEX solver on instance: /home/yorig/tuner/mpils-tests/instances/miplib/medium-1/momentum1.mps with config: /scratch/yorig/mpils-results-grid-seconds-5-watchdog-mip-start/medium-1/16proc/seed-2/6_momentum1_seed-2_20260504_032204/iterated_local_search/run_5_worker_6/ils_config_8251278855473437767.prm
[INFO]:[03:26:29] CPLEX results. Gap: 68.760000, upper bound: 308133.745047, lower bound: 96269.084235
[INFO]:[03:26:29] CPLEX solver finished. Gap: 68.760000
[INFO]:[03:26:29] Starting CPLEX solver on instance: /home/yorig/tuner/mpils-tests/instances/miplib/medium-1/momentum1.mps with config: /scratch/yorig/mpils-results-grid-seconds-5-watchdog-mip-start/medium-1/16proc/seed-2/6_momentum1_seed-2_20260504_032204/iterated_local_search/run_5_worker_6/ils_config_10738296001957763561.prm
[INFO]:[03:26:29] Starting CPLEX solver on instance: /home/yorig/tuner/mpils-tests/instances/miplib/medium-1/momentum1.mps with config: /scratch/yorig/mpils-results-grid-seconds-5-watchdog-mip-start/medium-1/16proc/seed-2/6_momentum1_seed-2_20260504_032204/iterated_local_search/run_5_worker_6/ils_config_10738296001957763561.prm
[INFO]:[03:26:34] CPLEX results. Gap: 67.230000, upper bound: 308141.918051, lower bound: 100986.186284
[INFO]:[03:26:34] CPLEX solver finished. Gap: 67.230000
[INFO]:[03:26:34] Starting CPLEX solver on instance: /home/yorig/tuner/mpils-tests/instances/miplib/medium-1/momentum1.mps with config: /scratch/yorig/mpils-results-grid-seconds-5-watchdog-mip-start/medium-1/16proc/seed-2/6_momentum1_seed-2_20260504_032204/iterated_local_search/run_5_worker_6/ils_config_10008917338275832367.prm
[INFO]:[03:26:34] Starting CPLEX solver on instance: /home/yorig/tuner/mpils-tests/instances/miplib/medium-1/momentum1.mps with config: /scratch/yorig/mpils-results-grid-seconds-5-watchdog-mip-start/medium-1/16proc/seed-2/6_momentum1_seed-2_20260504_032204/iterated_local_search/run_5_worker_6/ils_config_10008917338275832367.prm
[INFO]:[03:26:40] CPLEX results. Gap: 67.230000, upper bound: 308141.918051, lower bound: 100986.186284
[INFO]:[03:26:40] CPLEX solver finished. Gap: 67.230000
[INFO]:[03:26:40] Starting CPLEX solver on instance: /home/yorig/tuner/mpils-tests/instances/miplib/medium-1/momentum1.mps with config: /scratch/yorig/mpils-results-grid-seconds-5-watchdog-mip-start/medium-1/16proc/seed-2/6_momentum1_seed-2_20260504_032204/iterated_local_search/run_5_worker_6/ils_config_15668581713874716355.prm
[INFO]:[03:26:40] Starting CPLEX solver on instance: /home/yorig/tuner/mpils-tests/instances/miplib/medium-1/momentum1.mps with config: /scratch/yorig/mpils-results-grid-seconds-5-watchdog-mip-start/medium-1/16proc/seed-2/6_momentum1_seed-2_20260504_032204/iterated_local_search/run_5_worker_6/ils_config_15668581713874716355.prm
[INFO]:[03:26:45] CPLEX results. Gap: 67.230000, upper bound: 308141.918051, lower bound: 100986.186284
[INFO]:[03:26:45] CPLEX solver finished. Gap: 67.230000
[INFO]:[03:26:45] Starting CPLEX solver on instance: /home/yorig/tuner/mpils-tests/instances/miplib/medium-1/momentum1.mps with config: /scratch/yorig/mpils-results-grid-seconds-5-watchdog-mip-start/medium-1/16proc/seed-2/6_momentum1_seed-2_20260504_032204/iterated_local_search/run_5_worker_6/ils_config_3648283774927551851.prm
[INFO]:[03:26:45] Starting CPLEX solver on instance: /home/yorig/tuner/mpils-tests/instances/miplib/medium-1/momentum1.mps with config: /scratch/yorig/mpils-results-grid-seconds-5-watchdog-mip-start/medium-1/16proc/seed-2/6_momentum1_seed-2_20260504_032204/iterated_local_search/run_5_worker_6/ils_config_3648283774927551851.prm
[INFO]:[03:26:50] CPLEX results. Gap: 69.990000, upper bound: 320988.240202, lower bound: 96335.955232
[INFO]:[03:26:50] CPLEX solver finished. Gap: 69.990000
[INFO]:[03:26:50] Starting CPLEX solver on instance: /home/yorig/tuner/mpils-tests/instances/miplib/medium-1/momentum1.mps with config: /scratch/yorig/mpils-results-grid-seconds-5-watchdog-mip-start/medium-1/16proc/seed-2/6_momentum1_seed-2_20260504_032204/iterated_local_search/run_5_worker_6/ils_config_8757473900171411408.prm
[INFO]:[03:26:50] Starting CPLEX solver on instance: /home/yorig/tuner/mpils-tests/instances/miplib/medium-1/momentum1.mps with config: /scratch/yorig/mpils-results-grid-seconds-5-watchdog-mip-start/medium-1/16proc/seed-2/6_momentum1_seed-2_20260504_032204/iterated_local_search/run_5_worker_6/ils_config_8757473900171411408.prm
[INFO]:[03:26:55] CPLEX results. Gap: 69.820000, upper bound: 320971.640397, lower bound: 96854.088858
[INFO]:[03:26:55] CPLEX solver finished. Gap: 69.820000
[INFO]:[03:26:55] Starting CPLEX solver on instance: /home/yorig/tuner/mpils-tests/instances/miplib/medium-1/momentum1.mps with config: /scratch/yorig/mpils-results-grid-seconds-5-watchdog-mip-start/medium-1/16proc/seed-2/6_momentum1_seed-2_20260504_032204/iterated_local_search/run_5_worker_6/ils_config_13167268046877778627.prm
[INFO]:[03:26:55] Starting CPLEX solver on instance: /home/yorig/tuner/mpils-tests/instances/miplib/medium-1/momentum1.mps with config: /scratch/yorig/mpils-results-grid-seconds-5-watchdog-mip-start/medium-1/16proc/seed-2/6_momentum1_seed-2_20260504_032204/iterated_local_search/run_5_worker_6/ils_config_13167268046877778627.prm
[INFO]:[03:27:00] CPLEX results. Gap: 67.540000, upper bound: 308141.918051, lower bound: 100020.695000
[INFO]:[03:27:00] CPLEX solver finished. Gap: 67.540000
[INFO]:[03:27:00] Starting CPLEX solver on instance: /home/yorig/tuner/mpils-tests/instances/miplib/medium-1/momentum1.mps with config: /scratch/yorig/mpils-results-grid-seconds-5-watchdog-mip-start/medium-1/16proc/seed-2/6_momentum1_seed-2_20260504_032204/iterated_local_search/run_5_worker_6/ils_config_11372493948951318394.prm
[INFO]:[03:27:00] Starting CPLEX solver on instance: /home/yorig/tuner/mpils-tests/instances/miplib/medium-1/momentum1.mps with config: /scratch/yorig/mpils-results-grid-seconds-5-watchdog-mip-start/medium-1/16proc/seed-2/6_momentum1_seed-2_20260504_032204/iterated_local_search/run_5_worker_6/ils_config_11372493948951318394.prm
[INFO]:[03:27:05] CPLEX results. Gap: 68.080000, upper bound: 301700.521058, lower bound: 96306.688775
[INFO]:[03:27:05] CPLEX solver finished. Gap: 68.080000
[INFO]:[03:27:05] Starting CPLEX solver on instance: /home/yorig/tuner/mpils-tests/instances/miplib/medium-1/momentum1.mps with config: /scratch/yorig/mpils-results-grid-seconds-5-watchdog-mip-start/medium-1/16proc/seed-2/6_momentum1_seed-2_20260504_032204/iterated_local_search/run_5_worker_6/ils_config_8748856992538397287.prm
[INFO]:[03:27:05] Starting CPLEX solver on instance: /home/yorig/tuner/mpils-tests/instances/miplib/medium-1/momentum1.mps with config: /scratch/yorig/mpils-results-grid-seconds-5-watchdog-mip-start/medium-1/16proc/seed-2/6_momentum1_seed-2_20260504_032204/iterated_local_search/run_5_worker_6/ils_config_8748856992538397287.prm
[INFO]:[03:27:10] CPLEX results. Gap: 69.390000, upper bound: 314570.652818, lower bound: 96287.326312
[INFO]:[03:27:10] CPLEX solver finished. Gap: 69.390000
[INFO]:[03:27:10] Starting CPLEX solver on instance: /home/yorig/tuner/mpils-tests/instances/miplib/medium-1/momentum1.mps with config: /scratch/yorig/mpils-results-grid-seconds-5-watchdog-mip-start/medium-1/16proc/seed-2/6_momentum1_seed-2_20260504_032204/iterated_local_search/run_5_worker_6/ils_config_9131249917270489418.prm
[INFO]:[03:27:10] Starting CPLEX solver on instance: /home/yorig/tuner/mpils-tests/instances/miplib/medium-1/momentum1.mps with config: /scratch/yorig/mpils-results-grid-seconds-5-watchdog-mip-start/medium-1/16proc/seed-2/6_momentum1_seed-2_20260504_032204/iterated_local_search/run_5_worker_6/ils_config_9131249917270489418.prm
[INFO]:[03:27:15] CPLEX results. Gap: 69.390000, upper bound: 314570.652818, lower bound: 96287.326312
[INFO]:[03:27:15] CPLEX solver finished. Gap: 69.390000
[INFO]:[03:27:15] Starting CPLEX solver on instance: /home/yorig/tuner/mpils-tests/instances/miplib/medium-1/momentum1.mps with config: /scratch/yorig/mpils-results-grid-seconds-5-watchdog-mip-start/medium-1/16proc/seed-2/6_momentum1_seed-2_20260504_032204/iterated_local_search/run_5_worker_6/ils_config_433620832523871728.prm
[INFO]:[03:27:15] Starting CPLEX solver on instance: /home/yorig/tuner/mpils-tests/instances/miplib/medium-1/momentum1.mps with config: /scratch/yorig/mpils-results-grid-seconds-5-watchdog-mip-start/medium-1/16proc/seed-2/6_momentum1_seed-2_20260504_032204/iterated_local_search/run_5_worker_6/ils_config_433620832523871728.prm
[INFO]:[03:27:20] CPLEX results. Gap: 69.880000, upper bound: 320969.661397, lower bound: 96667.628978
[INFO]:[03:27:20] CPLEX solver finished. Gap: 69.880000
[INFO]:[03:27:20] Starting CPLEX solver on instance: /home/yorig/tuner/mpils-tests/instances/miplib/medium-1/momentum1.mps with config: /scratch/yorig/mpils-results-grid-seconds-5-watchdog-mip-start/medium-1/16proc/seed-2/6_momentum1_seed-2_20260504_032204/iterated_local_search/run_5_worker_6/ils_config_12939001715548984460.prm
[INFO]:[03:27:20] Starting CPLEX solver on instance: /home/yorig/tuner/mpils-tests/instances/miplib/medium-1/momentum1.mps with config: /scratch/yorig/mpils-results-grid-seconds-5-watchdog-mip-start/medium-1/16proc/seed-2/6_momentum1_seed-2_20260504_032204/iterated_local_search/run_5_worker_6/ils_config_12939001715548984460.prm
[INFO]:[03:27:25] CPLEX results. Gap: 67.230000, upper bound: 308141.918051, lower bound: 100986.186284
[INFO]:[03:27:25] CPLEX solver finished. Gap: 67.230000
[INFO]:[03:27:25] Starting CPLEX solver on instance: /home/yorig/tuner/mpils-tests/instances/miplib/medium-1/momentum1.mps with config: /scratch/yorig/mpils-results-grid-seconds-5-watchdog-mip-start/medium-1/16proc/seed-2/6_momentum1_seed-2_20260504_032204/iterated_local_search/run_5_worker_6/ils_config_10828121467673654778.prm
[INFO]:[03:27:25] Starting CPLEX solver on instance: /home/yorig/tuner/mpils-tests/instances/miplib/medium-1/momentum1.mps with config: /scratch/yorig/mpils-results-grid-seconds-5-watchdog-mip-start/medium-1/16proc/seed-2/6_momentum1_seed-2_20260504_032204/iterated_local_search/run_5_worker_6/ils_config_10828121467673654778.prm
[INFO]:[03:27:30] CPLEX results. Gap: 72.240000, upper bound: 346730.128715, lower bound: 96251.714575
[INFO]:[03:27:30] CPLEX solver finished. Gap: 72.240000
[INFO]:[03:27:30] Starting CPLEX solver on instance: /home/yorig/tuner/mpils-tests/instances/miplib/medium-1/momentum1.mps with config: /scratch/yorig/mpils-results-grid-seconds-5-watchdog-mip-start/medium-1/16proc/seed-2/6_momentum1_seed-2_20260504_032204/iterated_local_search/run_5_worker_6/ils_config_14193755041277550833.prm
[INFO]:[03:27:30] Starting CPLEX solver on instance: /home/yorig/tuner/mpils-tests/instances/miplib/medium-1/momentum1.mps with config: /scratch/yorig/mpils-results-grid-seconds-5-watchdog-mip-start/medium-1/16proc/seed-2/6_momentum1_seed-2_20260504_032204/iterated_local_search/run_5_worker_6/ils_config_14193755041277550833.prm
[INFO]:[03:27:35] CPLEX results. Gap: 72.730000, upper bound: 353248.955061, lower bound: 96333.847146
[INFO]:[03:27:35] CPLEX solver finished. Gap: 72.730000
[INFO]:[03:27:35] Starting CPLEX solver on instance: /home/yorig/tuner/mpils-tests/instances/miplib/medium-1/momentum1.mps with config: /scratch/yorig/mpils-results-grid-seconds-5-watchdog-mip-start/medium-1/16proc/seed-2/6_momentum1_seed-2_20260504_032204/iterated_local_search/run_5_worker_6/ils_config_14072270360292533841.prm
[INFO]:[03:27:35] Starting CPLEX solver on instance: /home/yorig/tuner/mpils-tests/instances/miplib/medium-1/momentum1.mps with config: /scratch/yorig/mpils-results-grid-seconds-5-watchdog-mip-start/medium-1/16proc/seed-2/6_momentum1_seed-2_20260504_032204/iterated_local_search/run_5_worker_6/ils_config_14072270360292533841.prm
[INFO]:[03:27:40] CPLEX results. Gap: 68.070000, upper bound: 320959.643388, lower bound: 102479.765608
[INFO]:[03:27:40] CPLEX solver finished. Gap: 68.070000
[INFO]:[03:27:40] Starting CPLEX solver on instance: /home/yorig/tuner/mpils-tests/instances/miplib/medium-1/momentum1.mps with config: /scratch/yorig/mpils-results-grid-seconds-5-watchdog-mip-start/medium-1/16proc/seed-2/6_momentum1_seed-2_20260504_032204/iterated_local_search/run_5_worker_6/ils_config_1656625608352148509.prm
[INFO]:[03:27:40] Starting CPLEX solver on instance: /home/yorig/tuner/mpils-tests/instances/miplib/medium-1/momentum1.mps with config: /scratch/yorig/mpils-results-grid-seconds-5-watchdog-mip-start/medium-1/16proc/seed-2/6_momentum1_seed-2_20260504_032204/iterated_local_search/run_5_worker_6/ils_config_1656625608352148509.prm
[INFO]:[03:27:45] CPLEX results. Gap: 68.090000, upper bound: 301731.688534, lower bound: 96285.968959
[INFO]:[03:27:45] CPLEX solver finished. Gap: 68.090000
[INFO]:[03:27:45] Local search phase completed.
[INFO]:[03:27:45] Total number of new local-search evaluations: 18
[INFO]:[03:27:45] Final incumbent objective value: 67.23
[INFO]:[03:27:46] Worker 6 completed exploration phase.
[INFO]:[03:27:46] Worker 6 received order for step 2.
[INFO]:[03:27:46] Worker 6 running expansion phase for iteration 5.
[INFO]:[03:27:46] Worker 6 will use solver log file: /scratch/yorig/mpils-results-grid-seconds-5-watchdog-mip-start/medium-1/16proc/seed-2/6_momentum1_seed-2_20260504_032204/solver/cplex.log_iteration_expansion_5_worker_6
[INFO]:[03:27:46] Expansion Worker 6 starting expansion for iteration 5.
[INFO]:[03:27:46] Starting CPLEX solver on instance: /home/yorig/tuner/mpils-tests/instances/miplib/medium-1/momentum1.mps with config: /scratch/yorig/mpils-results-grid-seconds-5-watchdog-mip-start/medium-1/16proc/seed-2/6_momentum1_seed-2_20260504_032204/expansion/config_param_CPXPARAM_Sifting_Algorithm_1_iter_5.prm
[INFO]:[03:27:51] CPLEX results. Gap: 11.810000, upper bound: 109169.494215, lower bound: 96275.591927
[INFO]:[03:27:51] CPLEX solver finished. Gap: 11.810000
[INFO]:[03:27:51] Starting CPLEX solver on instance: /home/yorig/tuner/mpils-tests/instances/miplib/medium-1/momentum1.mps with config: /scratch/yorig/mpils-results-grid-seconds-5-watchdog-mip-start/medium-1/16proc/seed-2/6_momentum1_seed-2_20260504_032204/expansion/config_param_CPXPARAM_Sifting_Algorithm_2_iter_5.prm
[INFO]:[03:27:56] CPLEX results. Gap: 11.810000, upper bound: 109169.494215, lower bound: 96275.591927
[INFO]:[03:27:56] CPLEX solver finished. Gap: 11.810000
[INFO]:[03:27:56] Expansion Worker 6 completed expansion.
[INFO]:[03:27:56] Worker 6 completed expansion phase.
[INFO]:[03:27:57] Worker 6 received order for step 1.
[INFO]:[03:27:57] Worker 6 running exploration phase for iteration 6.
[INFO]:[03:27:57] Worker 6 at iteration 6 will not use a MIP start file. Current best MIP-start upper bound threshold is 1.79769e+308.
[INFO]:[03:27:57] Starting local search phase...
[INFO]:[03:27:57] Creating local search space from parameter space file: /scratch/yorig/mpils-results-grid-seconds-5-watchdog-mip-start/medium-1/16proc/seed-2/6_momentum1_seed-2_20260504_032204/iterated_local_search/search_space/search_space_file_6_worker_6.txt
[INFO]:[03:27:57] Local search space loaded from file: /scratch/yorig/mpils-results-grid-seconds-5-watchdog-mip-start/medium-1/16proc/seed-2/6_momentum1_seed-2_20260504_032204/iterated_local_search/search_space/search_space_file_6_worker_6.txt
[INFO]:[03:27:57] Number of parameters in local search space: 71
[INFO]:[03:27:57] Number of forbidden tuples in local search space: 141
[INFO]:[03:27:57] Number of conditionals in local search space: 6
[INFO]:[03:27:57] MIP start option not enabled. Local search will proceed without MIP start.
[INFO]:[03:27:57] Evaluating initial configuration for local search phase...
[INFO]:[03:27:57] Starting CPLEX solver on instance: /home/yorig/tuner/mpils-tests/instances/miplib/medium-1/momentum1.mps with config: /scratch/yorig/mpils-results-grid-seconds-5-watchdog-mip-start/medium-1/16proc/seed-2/6_momentum1_seed-2_20260504_032204/iterated_local_search/run_6_worker_6/ils_config_6789355290454460238.prm
[INFO]:[03:27:57] Starting CPLEX solver on instance: /home/yorig/tuner/mpils-tests/instances/miplib/medium-1/momentum1.mps with config: /scratch/yorig/mpils-results-grid-seconds-5-watchdog-mip-start/medium-1/16proc/seed-2/6_momentum1_seed-2_20260504_032204/iterated_local_search/run_6_worker_6/ils_config_6789355290454460238.prm
[INFO]:[03:28:02] CPLEX results. Gap: 80.110000, upper bound: 365999.377747, lower bound: 72793.345255
[INFO]:[03:28:02] CPLEX solver finished. Gap: 80.110000
[INFO]:[03:28:02] Initial configuration evaluated with objective value: 80.11
[INFO]:[03:28:02] Starting CPLEX solver on instance: /home/yorig/tuner/mpils-tests/instances/miplib/medium-1/momentum1.mps with config: /scratch/yorig/mpils-results-grid-seconds-5-watchdog-mip-start/medium-1/16proc/seed-2/6_momentum1_seed-2_20260504_032204/iterated_local_search/run_6_worker_6/ils_config_698534946621382511.prm
[INFO]:[03:28:02] Starting CPLEX solver on instance: /home/yorig/tuner/mpils-tests/instances/miplib/medium-1/momentum1.mps with config: /scratch/yorig/mpils-results-grid-seconds-5-watchdog-mip-start/medium-1/16proc/seed-2/6_momentum1_seed-2_20260504_032204/iterated_local_search/run_6_worker_6/ils_config_698534946621382511.prm
[INFO]:[03:28:07] CPLEX results. Gap: 80.110000, upper bound: 365999.377747, lower bound: 72793.345255
[INFO]:[03:28:07] CPLEX solver finished. Gap: 80.110000
[INFO]:[03:28:07] Starting CPLEX solver on instance: /home/yorig/tuner/mpils-tests/instances/miplib/medium-1/momentum1.mps with config: /scratch/yorig/mpils-results-grid-seconds-5-watchdog-mip-start/medium-1/16proc/seed-2/6_momentum1_seed-2_20260504_032204/iterated_local_search/run_6_worker_6/ils_config_12655674801451187328.prm
[INFO]:[03:28:07] Starting CPLEX solver on instance: /home/yorig/tuner/mpils-tests/instances/miplib/medium-1/momentum1.mps with config: /scratch/yorig/mpils-results-grid-seconds-5-watchdog-mip-start/medium-1/16proc/seed-2/6_momentum1_seed-2_20260504_032204/iterated_local_search/run_6_worker_6/ils_config_12655674801451187328.prm
[INFO]:[03:28:12] CPLEX results. Gap: 80.110000, upper bound: 365999.377747, lower bound: 72793.345255
[INFO]:[03:28:12] CPLEX solver finished. Gap: 80.110000
[INFO]:[03:28:12] Starting CPLEX solver on instance: /home/yorig/tuner/mpils-tests/instances/miplib/medium-1/momentum1.mps with config: /scratch/yorig/mpils-results-grid-seconds-5-watchdog-mip-start/medium-1/16proc/seed-2/6_momentum1_seed-2_20260504_032204/iterated_local_search/run_6_worker_6/ils_config_7420056381771711599.prm
[INFO]:[03:28:12] Starting CPLEX solver on instance: /home/yorig/tuner/mpils-tests/instances/miplib/medium-1/momentum1.mps with config: /scratch/yorig/mpils-results-grid-seconds-5-watchdog-mip-start/medium-1/16proc/seed-2/6_momentum1_seed-2_20260504_032204/iterated_local_search/run_6_worker_6/ils_config_7420056381771711599.prm
[INFO]:[03:28:17] CPLEX results. Gap: 76.210000, upper bound: 404562.304704, lower bound: 96252.253955
[INFO]:[03:28:17] CPLEX solver finished. Gap: 76.210000
[INFO]:[03:28:17] New incumbent found with objective value: 76.21
[INFO]:[03:28:17] Starting CPLEX solver on instance: /home/yorig/tuner/mpils-tests/instances/miplib/medium-1/momentum1.mps with config: /scratch/yorig/mpils-results-grid-seconds-5-watchdog-mip-start/medium-1/16proc/seed-2/6_momentum1_seed-2_20260504_032204/iterated_local_search/run_6_worker_6/ils_config_16474163372181202840.prm
[INFO]:[03:28:17] Starting CPLEX solver on instance: /home/yorig/tuner/mpils-tests/instances/miplib/medium-1/momentum1.mps with config: /scratch/yorig/mpils-results-grid-seconds-5-watchdog-mip-start/medium-1/16proc/seed-2/6_momentum1_seed-2_20260504_032204/iterated_local_search/run_6_worker_6/ils_config_16474163372181202840.prm
[INFO]:[03:28:23] CPLEX results. Gap: 76.210000, upper bound: 404562.304704, lower bound: 96252.253955
[INFO]:[03:28:23] CPLEX solver finished. Gap: 76.210000
[INFO]:[03:28:23] Starting CPLEX solver on instance: /home/yorig/tuner/mpils-tests/instances/miplib/medium-1/momentum1.mps with config: /scratch/yorig/mpils-results-grid-seconds-5-watchdog-mip-start/medium-1/16proc/seed-2/6_momentum1_seed-2_20260504_032204/iterated_local_search/run_6_worker_6/ils_config_6185353570272108410.prm
[INFO]:[03:28:23] Starting CPLEX solver on instance: /home/yorig/tuner/mpils-tests/instances/miplib/medium-1/momentum1.mps with config: /scratch/yorig/mpils-results-grid-seconds-5-watchdog-mip-start/medium-1/16proc/seed-2/6_momentum1_seed-2_20260504_032204/iterated_local_search/run_6_worker_6/ils_config_6185353570272108410.prm
[INFO]:[03:28:28] CPLEX results. Gap: 75.440000, upper bound: 391865.042702, lower bound: 96251.864312
[INFO]:[03:28:28] CPLEX solver finished. Gap: 75.440000
[INFO]:[03:28:28] New incumbent found with objective value: 75.44
[INFO]:[03:28:28] Starting CPLEX solver on instance: /home/yorig/tuner/mpils-tests/instances/miplib/medium-1/momentum1.mps with config: /scratch/yorig/mpils-results-grid-seconds-5-watchdog-mip-start/medium-1/16proc/seed-2/6_momentum1_seed-2_20260504_032204/iterated_local_search/run_6_worker_6/ils_config_15247581122948994044.prm
[INFO]:[03:28:28] Starting CPLEX solver on instance: /home/yorig/tuner/mpils-tests/instances/miplib/medium-1/momentum1.mps with config: /scratch/yorig/mpils-results-grid-seconds-5-watchdog-mip-start/medium-1/16proc/seed-2/6_momentum1_seed-2_20260504_032204/iterated_local_search/run_6_worker_6/ils_config_15247581122948994044.prm
[INFO]:[03:28:33] CPLEX results. Gap: 74.600000, upper bound: 379021.420453, lower bound: 96254.797371
[INFO]:[03:28:33] CPLEX solver finished. Gap: 74.600000
[INFO]:[03:28:33] New incumbent found with objective value: 74.6
[INFO]:[03:28:33] Starting CPLEX solver on instance: /home/yorig/tuner/mpils-tests/instances/miplib/medium-1/momentum1.mps with config: /scratch/yorig/mpils-results-grid-seconds-5-watchdog-mip-start/medium-1/16proc/seed-2/6_momentum1_seed-2_20260504_032204/iterated_local_search/run_6_worker_6/ils_config_213412978003348809.prm
[INFO]:[03:28:33] Starting CPLEX solver on instance: /home/yorig/tuner/mpils-tests/instances/miplib/medium-1/momentum1.mps with config: /scratch/yorig/mpils-results-grid-seconds-5-watchdog-mip-start/medium-1/16proc/seed-2/6_momentum1_seed-2_20260504_032204/iterated_local_search/run_6_worker_6/ils_config_213412978003348809.prm
[INFO]:[03:28:38] CPLEX results. Gap: 76.210000, upper bound: 404667.262925, lower bound: 96253.614600
[INFO]:[03:28:38] CPLEX solver finished. Gap: 76.210000
[INFO]:[03:28:38] Starting CPLEX solver on instance: /home/yorig/tuner/mpils-tests/instances/miplib/medium-1/momentum1.mps with config: /scratch/yorig/mpils-results-grid-seconds-5-watchdog-mip-start/medium-1/16proc/seed-2/6_momentum1_seed-2_20260504_032204/iterated_local_search/run_6_worker_6/ils_config_7054863255048251665.prm
[INFO]:[03:28:38] Starting CPLEX solver on instance: /home/yorig/tuner/mpils-tests/instances/miplib/medium-1/momentum1.mps with config: /scratch/yorig/mpils-results-grid-seconds-5-watchdog-mip-start/medium-1/16proc/seed-2/6_momentum1_seed-2_20260504_032204/iterated_local_search/run_6_worker_6/ils_config_7054863255048251665.prm
[INFO]:[03:28:43] CPLEX results. Gap: 76.950000, upper bound: 417507.139305, lower bound: 96255.615219
[INFO]:[03:28:43] CPLEX solver finished. Gap: 76.950000
[INFO]:[03:28:43] Starting CPLEX solver on instance: /home/yorig/tuner/mpils-tests/instances/miplib/medium-1/momentum1.mps with config: /scratch/yorig/mpils-results-grid-seconds-5-watchdog-mip-start/medium-1/16proc/seed-2/6_momentum1_seed-2_20260504_032204/iterated_local_search/run_6_worker_6/ils_config_729209725056469865.prm
[INFO]:[03:28:43] Starting CPLEX solver on instance: /home/yorig/tuner/mpils-tests/instances/miplib/medium-1/momentum1.mps with config: /scratch/yorig/mpils-results-grid-seconds-5-watchdog-mip-start/medium-1/16proc/seed-2/6_momentum1_seed-2_20260504_032204/iterated_local_search/run_6_worker_6/ils_config_729209725056469865.prm
[INFO]:[03:28:48] CPLEX results. Gap: 76.580000, upper bound: 411028.377090, lower bound: 96255.615219
[INFO]:[03:28:48] CPLEX solver finished. Gap: 76.580000
[INFO]:[03:28:48] Starting CPLEX solver on instance: /home/yorig/tuner/mpils-tests/instances/miplib/medium-1/momentum1.mps with config: /scratch/yorig/mpils-results-grid-seconds-5-watchdog-mip-start/medium-1/16proc/seed-2/6_momentum1_seed-2_20260504_032204/iterated_local_search/run_6_worker_6/ils_config_13456475539635925593.prm
[INFO]:[03:28:48] Starting CPLEX solver on instance: /home/yorig/tuner/mpils-tests/instances/miplib/medium-1/momentum1.mps with config: /scratch/yorig/mpils-results-grid-seconds-5-watchdog-mip-start/medium-1/16proc/seed-2/6_momentum1_seed-2_20260504_032204/iterated_local_search/run_6_worker_6/ils_config_13456475539635925593.prm
[INFO]:[03:28:53] CPLEX results. Gap: 74.600000, upper bound: 379021.420453, lower bound: 96254.797371
[INFO]:[03:28:53] CPLEX solver finished. Gap: 74.600000
[INFO]:[03:28:53] Starting CPLEX solver on instance: /home/yorig/tuner/mpils-tests/instances/miplib/medium-1/momentum1.mps with config: /scratch/yorig/mpils-results-grid-seconds-5-watchdog-mip-start/medium-1/16proc/seed-2/6_momentum1_seed-2_20260504_032204/iterated_local_search/run_6_worker_6/ils_config_6358288714850019494.prm
[INFO]:[03:28:53] Starting CPLEX solver on instance: /home/yorig/tuner/mpils-tests/instances/miplib/medium-1/momentum1.mps with config: /scratch/yorig/mpils-results-grid-seconds-5-watchdog-mip-start/medium-1/16proc/seed-2/6_momentum1_seed-2_20260504_032204/iterated_local_search/run_6_worker_6/ils_config_6358288714850019494.prm
[INFO]:[03:28:58] CPLEX results. Gap: 75.430000, upper bound: 391800.303436, lower bound: 96264.096206
[INFO]:[03:28:58] CPLEX solver finished. Gap: 75.430000
[INFO]:[03:28:58] Starting CPLEX solver on instance: /home/yorig/tuner/mpils-tests/instances/miplib/medium-1/momentum1.mps with config: /scratch/yorig/mpils-results-grid-seconds-5-watchdog-mip-start/medium-1/16proc/seed-2/6_momentum1_seed-2_20260504_032204/iterated_local_search/run_6_worker_6/ils_config_17962343329605547727.prm
[INFO]:[03:28:58] Starting CPLEX solver on instance: /home/yorig/tuner/mpils-tests/instances/miplib/medium-1/momentum1.mps with config: /scratch/yorig/mpils-results-grid-seconds-5-watchdog-mip-start/medium-1/16proc/seed-2/6_momentum1_seed-2_20260504_032204/iterated_local_search/run_6_worker_6/ils_config_17962343329605547727.prm
[INFO]:[03:29:03] CPLEX results. Gap: 78.350000, upper bound: 430261.243185, lower bound: 93150.199987
[INFO]:[03:29:03] CPLEX solver finished. Gap: 78.350000
[INFO]:[03:29:03] Starting CPLEX solver on instance: /home/yorig/tuner/mpils-tests/instances/miplib/medium-1/momentum1.mps with config: /scratch/yorig/mpils-results-grid-seconds-5-watchdog-mip-start/medium-1/16proc/seed-2/6_momentum1_seed-2_20260504_032204/iterated_local_search/run_6_worker_6/ils_config_11945255828971002872.prm
[INFO]:[03:29:03] Starting CPLEX solver on instance: /home/yorig/tuner/mpils-tests/instances/miplib/medium-1/momentum1.mps with config: /scratch/yorig/mpils-results-grid-seconds-5-watchdog-mip-start/medium-1/16proc/seed-2/6_momentum1_seed-2_20260504_032204/iterated_local_search/run_6_worker_6/ils_config_11945255828971002872.prm
[INFO]:[03:29:08] CPLEX results. Gap: 74.600000, upper bound: 379021.420453, lower bound: 96254.797371
[INFO]:[03:29:08] CPLEX solver finished. Gap: 74.600000
[INFO]:[03:29:08] Starting CPLEX solver on instance: /home/yorig/tuner/mpils-tests/instances/miplib/medium-1/momentum1.mps with config: /scratch/yorig/mpils-results-grid-seconds-5-watchdog-mip-start/medium-1/16proc/seed-2/6_momentum1_seed-2_20260504_032204/iterated_local_search/run_6_worker_6/ils_config_4379405749226771452.prm
[INFO]:[03:29:08] Starting CPLEX solver on instance: /home/yorig/tuner/mpils-tests/instances/miplib/medium-1/momentum1.mps with config: /scratch/yorig/mpils-results-grid-seconds-5-watchdog-mip-start/medium-1/16proc/seed-2/6_momentum1_seed-2_20260504_032204/iterated_local_search/run_6_worker_6/ils_config_4379405749226771452.prm
[INFO]:[03:29:13] CPLEX results. Gap: 75.820000, upper bound: 398144.867869, lower bound: 96255.465117
[INFO]:[03:29:13] CPLEX solver finished. Gap: 75.820000
[INFO]:[03:29:13] Starting CPLEX solver on instance: /home/yorig/tuner/mpils-tests/instances/miplib/medium-1/momentum1.mps with config: /scratch/yorig/mpils-results-grid-seconds-5-watchdog-mip-start/medium-1/16proc/seed-2/6_momentum1_seed-2_20260504_032204/iterated_local_search/run_6_worker_6/ils_config_5463769881697717206.prm
[INFO]:[03:29:13] Starting CPLEX solver on instance: /home/yorig/tuner/mpils-tests/instances/miplib/medium-1/momentum1.mps with config: /scratch/yorig/mpils-results-grid-seconds-5-watchdog-mip-start/medium-1/16proc/seed-2/6_momentum1_seed-2_20260504_032204/iterated_local_search/run_6_worker_6/ils_config_5463769881697717206.prm
[INFO]:[03:29:18] CPLEX results. Gap: 74.600000, upper bound: 379021.420453, lower bound: 96254.797371
[INFO]:[03:29:18] CPLEX solver finished. Gap: 74.600000
[INFO]:[03:29:18] Starting CPLEX solver on instance: /home/yorig/tuner/mpils-tests/instances/miplib/medium-1/momentum1.mps with config: /scratch/yorig/mpils-results-grid-seconds-5-watchdog-mip-start/medium-1/16proc/seed-2/6_momentum1_seed-2_20260504_032204/iterated_local_search/run_6_worker_6/ils_config_3353675304494605604.prm
[INFO]:[03:29:18] Starting CPLEX solver on instance: /home/yorig/tuner/mpils-tests/instances/miplib/medium-1/momentum1.mps with config: /scratch/yorig/mpils-results-grid-seconds-5-watchdog-mip-start/medium-1/16proc/seed-2/6_momentum1_seed-2_20260504_032204/iterated_local_search/run_6_worker_6/ils_config_3353675304494605604.prm
[INFO]:[03:29:23] CPLEX results. Gap: 75.430000, upper bound: 391828.895621, lower bound: 96255.615219
[INFO]:[03:29:23] CPLEX solver finished. Gap: 75.430000
[INFO]:[03:29:23] Starting CPLEX solver on instance: /home/yorig/tuner/mpils-tests/instances/miplib/medium-1/momentum1.mps with config: /scratch/yorig/mpils-results-grid-seconds-5-watchdog-mip-start/medium-1/16proc/seed-2/6_momentum1_seed-2_20260504_032204/iterated_local_search/run_6_worker_6/ils_config_16267656106249535363.prm
[INFO]:[03:29:23] Starting CPLEX solver on instance: /home/yorig/tuner/mpils-tests/instances/miplib/medium-1/momentum1.mps with config: /scratch/yorig/mpils-results-grid-seconds-5-watchdog-mip-start/medium-1/16proc/seed-2/6_momentum1_seed-2_20260504_032204/iterated_local_search/run_6_worker_6/ils_config_16267656106249535363.prm
[INFO]:[03:29:28] CPLEX results. Gap: 74.600000, upper bound: 379021.420453, lower bound: 96254.797371
[INFO]:[03:29:28] CPLEX solver finished. Gap: 74.600000
[INFO]:[03:29:28] Local search phase completed.
[INFO]:[03:29:28] Total number of new local-search evaluations: 18
[INFO]:[03:29:28] Final incumbent objective value: 74.6
[INFO]:[03:29:29] Worker 6 completed exploration phase.
[INFO]:[03:29:29] Worker 6 received order for step 3.
[INFO]:[03:29:29] Worker 6 finished.
