[INFO]:[09:56:16] Worker 16 starting.
[INFO]:[09:56:16] Worker 16 received order for step 1.
[INFO]:[09:56:16] Worker 16 running exploration phase for iteration 1.
[INFO]:[09:56:16] Current MIP start info file not found: /scratch/yorig/mpils-results-grid-seconds-5/easy/24proc/seed-1/6_neos-4413714-turia_seed-1_20260503_095615/iterated_local_search/mip_start/current_mip_start_1.txt
[INFO]:[09:56:16] Worker 16 at iteration 1 will not use a MIP start file. Current best MIP-start upper bound threshold is 1.79769e+308.
[INFO]:[09:56:16] Starting local search phase...
[INFO]:[09:56:16] Creating local search space from parameter space file: /scratch/yorig/mpils-results-grid-seconds-5/easy/24proc/seed-1/6_neos-4413714-turia_seed-1_20260503_095615/iterated_local_search/search_space/search_space_file_1_worker_16.txt
[INFO]:[09:56:16] Local search space loaded from file: /scratch/yorig/mpils-results-grid-seconds-5/easy/24proc/seed-1/6_neos-4413714-turia_seed-1_20260503_095615/iterated_local_search/search_space/search_space_file_1_worker_16.txt
[INFO]:[09:56:16] Number of parameters in local search space: 71
[INFO]:[09:56:16] Number of forbidden tuples in local search space: 0
[INFO]:[09:56:16] Number of conditionals in local search space: 6
[INFO]:[09:56:16] MIP start option not enabled. Local search will proceed without MIP start.
[INFO]:[09:56:16] Evaluating initial configuration for local search phase...
[INFO]:[09:56:16] Starting CPLEX solver on instance: /home/yorig/tuner/mpils-tests/instances/miplib/easy/neos-4413714-turia.mps with config: /scratch/yorig/mpils-results-grid-seconds-5/easy/24proc/seed-1/6_neos-4413714-turia_seed-1_20260503_095615/iterated_local_search/run_1_worker_16/ils_config_2033913545183334433.prm
[INFO]:[09:56:16] Starting CPLEX solver on instance: /home/yorig/tuner/mpils-tests/instances/miplib/easy/neos-4413714-turia.mps with config: /scratch/yorig/mpils-results-grid-seconds-5/easy/24proc/seed-1/6_neos-4413714-turia_seed-1_20260503_095615/iterated_local_search/run_1_worker_16/ils_config_2033913545183334433.prm
[INFO]:[09:56:21] CPLEX results. Gap: 91.300000, upper bound: 499.635492, lower bound: 43.474651
[INFO]:[09:56:22] Writing MIP start file: /scratch/yorig/mpils-results-grid-seconds-5/easy/24proc/seed-1/6_neos-4413714-turia_seed-1_20260503_095615/iterated_local_search/run_1_worker_16/mip_starts/mip_start_eval_1_config_2033913545183334433.mst
[INFO]:[09:56:22] CPLEX solver finished. Gap: 91.300000
[INFO]:[09:56:22] Initial configuration evaluated with objective value: 91.3
[INFO]:[09:56:22] Starting CPLEX solver on instance: /home/yorig/tuner/mpils-tests/instances/miplib/easy/neos-4413714-turia.mps with config: /scratch/yorig/mpils-results-grid-seconds-5/easy/24proc/seed-1/6_neos-4413714-turia_seed-1_20260503_095615/iterated_local_search/run_1_worker_16/ils_config_7387211874547712480.prm
[INFO]:[09:56:22] Starting CPLEX solver on instance: /home/yorig/tuner/mpils-tests/instances/miplib/easy/neos-4413714-turia.mps with config: /scratch/yorig/mpils-results-grid-seconds-5/easy/24proc/seed-1/6_neos-4413714-turia_seed-1_20260503_095615/iterated_local_search/run_1_worker_16/ils_config_7387211874547712480.prm
[INFO]:[09:56:27] CPLEX results. Gap: 91.300000, upper bound: 499.635492, lower bound: 43.474651
[INFO]:[09:56:27] CPLEX solver finished. Gap: 91.300000
[INFO]:[09:56:27] Starting CPLEX solver on instance: /home/yorig/tuner/mpils-tests/instances/miplib/easy/neos-4413714-turia.mps with config: /scratch/yorig/mpils-results-grid-seconds-5/easy/24proc/seed-1/6_neos-4413714-turia_seed-1_20260503_095615/iterated_local_search/run_1_worker_16/ils_config_7149688387995967174.prm
[INFO]:[09:56:27] Starting CPLEX solver on instance: /home/yorig/tuner/mpils-tests/instances/miplib/easy/neos-4413714-turia.mps with config: /scratch/yorig/mpils-results-grid-seconds-5/easy/24proc/seed-1/6_neos-4413714-turia_seed-1_20260503_095615/iterated_local_search/run_1_worker_16/ils_config_7149688387995967174.prm
[INFO]:[09:56:32] CPLEX results. Gap: 91.300000, upper bound: 499.635492, lower bound: 43.474651
[INFO]:[09:56:32] CPLEX solver finished. Gap: 91.300000
[INFO]:[09:56:32] Starting CPLEX solver on instance: /home/yorig/tuner/mpils-tests/instances/miplib/easy/neos-4413714-turia.mps with config: /scratch/yorig/mpils-results-grid-seconds-5/easy/24proc/seed-1/6_neos-4413714-turia_seed-1_20260503_095615/iterated_local_search/run_1_worker_16/ils_config_5729255548349673750.prm
[INFO]:[09:56:32] Starting CPLEX solver on instance: /home/yorig/tuner/mpils-tests/instances/miplib/easy/neos-4413714-turia.mps with config: /scratch/yorig/mpils-results-grid-seconds-5/easy/24proc/seed-1/6_neos-4413714-turia_seed-1_20260503_095615/iterated_local_search/run_1_worker_16/ils_config_5729255548349673750.prm
[INFO]:[09:56:37] CPLEX results. Gap: 91.300000, upper bound: 499.635492, lower bound: 43.474651
[INFO]:[09:56:38] CPLEX solver finished. Gap: 91.300000
[INFO]:[09:56:38] Starting CPLEX solver on instance: /home/yorig/tuner/mpils-tests/instances/miplib/easy/neos-4413714-turia.mps with config: /scratch/yorig/mpils-results-grid-seconds-5/easy/24proc/seed-1/6_neos-4413714-turia_seed-1_20260503_095615/iterated_local_search/run_1_worker_16/ils_config_7581332146136264672.prm
[INFO]:[09:56:38] Starting CPLEX solver on instance: /home/yorig/tuner/mpils-tests/instances/miplib/easy/neos-4413714-turia.mps with config: /scratch/yorig/mpils-results-grid-seconds-5/easy/24proc/seed-1/6_neos-4413714-turia_seed-1_20260503_095615/iterated_local_search/run_1_worker_16/ils_config_7581332146136264672.prm
[INFO]:[09:56:43] CPLEX results. Gap: 91.300000, upper bound: 499.635492, lower bound: 43.474651
[INFO]:[09:56:43] CPLEX solver finished. Gap: 91.300000
[INFO]:[09:56:43] Starting CPLEX solver on instance: /home/yorig/tuner/mpils-tests/instances/miplib/easy/neos-4413714-turia.mps with config: /scratch/yorig/mpils-results-grid-seconds-5/easy/24proc/seed-1/6_neos-4413714-turia_seed-1_20260503_095615/iterated_local_search/run_1_worker_16/ils_config_12053122464244609620.prm
[INFO]:[09:56:43] Starting CPLEX solver on instance: /home/yorig/tuner/mpils-tests/instances/miplib/easy/neos-4413714-turia.mps with config: /scratch/yorig/mpils-results-grid-seconds-5/easy/24proc/seed-1/6_neos-4413714-turia_seed-1_20260503_095615/iterated_local_search/run_1_worker_16/ils_config_12053122464244609620.prm
[INFO]:[09:56:48] CPLEX results. Gap: 91.300000, upper bound: 499.635492, lower bound: 43.474651
[INFO]:[09:56:48] CPLEX solver finished. Gap: 91.300000
[INFO]:[09:56:48] Starting CPLEX solver on instance: /home/yorig/tuner/mpils-tests/instances/miplib/easy/neos-4413714-turia.mps with config: /scratch/yorig/mpils-results-grid-seconds-5/easy/24proc/seed-1/6_neos-4413714-turia_seed-1_20260503_095615/iterated_local_search/run_1_worker_16/ils_config_12111813736716629473.prm
[INFO]:[09:56:48] Starting CPLEX solver on instance: /home/yorig/tuner/mpils-tests/instances/miplib/easy/neos-4413714-turia.mps with config: /scratch/yorig/mpils-results-grid-seconds-5/easy/24proc/seed-1/6_neos-4413714-turia_seed-1_20260503_095615/iterated_local_search/run_1_worker_16/ils_config_12111813736716629473.prm
[INFO]:[09:56:53] CPLEX results. Gap: 91.300000, upper bound: 499.635492, lower bound: 43.474651
[INFO]:[09:56:53] CPLEX solver finished. Gap: 91.300000
[INFO]:[09:56:53] Starting CPLEX solver on instance: /home/yorig/tuner/mpils-tests/instances/miplib/easy/neos-4413714-turia.mps with config: /scratch/yorig/mpils-results-grid-seconds-5/easy/24proc/seed-1/6_neos-4413714-turia_seed-1_20260503_095615/iterated_local_search/run_1_worker_16/ils_config_933273583143473647.prm
[INFO]:[09:56:53] Starting CPLEX solver on instance: /home/yorig/tuner/mpils-tests/instances/miplib/easy/neos-4413714-turia.mps with config: /scratch/yorig/mpils-results-grid-seconds-5/easy/24proc/seed-1/6_neos-4413714-turia_seed-1_20260503_095615/iterated_local_search/run_1_worker_16/ils_config_933273583143473647.prm
[INFO]:[09:56:59] CPLEX results. Gap: 91.300000, upper bound: 499.635492, lower bound: 43.474651
[INFO]:[09:56:59] CPLEX solver finished. Gap: 91.300000
[INFO]:[09:56:59] Starting CPLEX solver on instance: /home/yorig/tuner/mpils-tests/instances/miplib/easy/neos-4413714-turia.mps with config: /scratch/yorig/mpils-results-grid-seconds-5/easy/24proc/seed-1/6_neos-4413714-turia_seed-1_20260503_095615/iterated_local_search/run_1_worker_16/ils_config_2245076966217384673.prm
[INFO]:[09:56:59] Starting CPLEX solver on instance: /home/yorig/tuner/mpils-tests/instances/miplib/easy/neos-4413714-turia.mps with config: /scratch/yorig/mpils-results-grid-seconds-5/easy/24proc/seed-1/6_neos-4413714-turia_seed-1_20260503_095615/iterated_local_search/run_1_worker_16/ils_config_2245076966217384673.prm
[INFO]:[09:57:04] CPLEX results. Gap: 91.300000, upper bound: 499.635492, lower bound: 43.474651
[INFO]:[09:57:04] CPLEX solver finished. Gap: 91.300000
[INFO]:[09:57:04] Starting CPLEX solver on instance: /home/yorig/tuner/mpils-tests/instances/miplib/easy/neos-4413714-turia.mps with config: /scratch/yorig/mpils-results-grid-seconds-5/easy/24proc/seed-1/6_neos-4413714-turia_seed-1_20260503_095615/iterated_local_search/run_1_worker_16/ils_config_12153875476607627972.prm
[INFO]:[09:57:04] Starting CPLEX solver on instance: /home/yorig/tuner/mpils-tests/instances/miplib/easy/neos-4413714-turia.mps with config: /scratch/yorig/mpils-results-grid-seconds-5/easy/24proc/seed-1/6_neos-4413714-turia_seed-1_20260503_095615/iterated_local_search/run_1_worker_16/ils_config_12153875476607627972.prm
[INFO]:[09:57:09] CPLEX results. Gap: 91.300000, upper bound: 499.635492, lower bound: 43.474651
[INFO]:[09:57:09] CPLEX solver finished. Gap: 91.300000
[INFO]:[09:57:09] Starting CPLEX solver on instance: /home/yorig/tuner/mpils-tests/instances/miplib/easy/neos-4413714-turia.mps with config: /scratch/yorig/mpils-results-grid-seconds-5/easy/24proc/seed-1/6_neos-4413714-turia_seed-1_20260503_095615/iterated_local_search/run_1_worker_16/ils_config_2545142221839478618.prm
[INFO]:[09:57:09] Starting CPLEX solver on instance: /home/yorig/tuner/mpils-tests/instances/miplib/easy/neos-4413714-turia.mps with config: /scratch/yorig/mpils-results-grid-seconds-5/easy/24proc/seed-1/6_neos-4413714-turia_seed-1_20260503_095615/iterated_local_search/run_1_worker_16/ils_config_2545142221839478618.prm
[INFO]:[09:57:15] CPLEX results. Gap: 91.300000, upper bound: 499.635492, lower bound: 43.474651
[INFO]:[09:57:15] CPLEX solver finished. Gap: 91.300000
[INFO]:[09:57:15] Starting CPLEX solver on instance: /home/yorig/tuner/mpils-tests/instances/miplib/easy/neos-4413714-turia.mps with config: /scratch/yorig/mpils-results-grid-seconds-5/easy/24proc/seed-1/6_neos-4413714-turia_seed-1_20260503_095615/iterated_local_search/run_1_worker_16/ils_config_10222271308735130483.prm
[INFO]:[09:57:15] Starting CPLEX solver on instance: /home/yorig/tuner/mpils-tests/instances/miplib/easy/neos-4413714-turia.mps with config: /scratch/yorig/mpils-results-grid-seconds-5/easy/24proc/seed-1/6_neos-4413714-turia_seed-1_20260503_095615/iterated_local_search/run_1_worker_16/ils_config_10222271308735130483.prm
[INFO]:[09:57:20] CPLEX results. Gap: 91.300000, upper bound: 499.635492, lower bound: 43.474651
[INFO]:[09:57:20] CPLEX solver finished. Gap: 91.300000
[INFO]:[09:57:20] Starting CPLEX solver on instance: /home/yorig/tuner/mpils-tests/instances/miplib/easy/neos-4413714-turia.mps with config: /scratch/yorig/mpils-results-grid-seconds-5/easy/24proc/seed-1/6_neos-4413714-turia_seed-1_20260503_095615/iterated_local_search/run_1_worker_16/ils_config_3993333791768964504.prm
[INFO]:[09:57:20] Starting CPLEX solver on instance: /home/yorig/tuner/mpils-tests/instances/miplib/easy/neos-4413714-turia.mps with config: /scratch/yorig/mpils-results-grid-seconds-5/easy/24proc/seed-1/6_neos-4413714-turia_seed-1_20260503_095615/iterated_local_search/run_1_worker_16/ils_config_3993333791768964504.prm
[INFO]:[09:57:25] CPLEX results. Gap: 91.300000, upper bound: 499.635492, lower bound: 43.474651
[INFO]:[09:57:25] CPLEX solver finished. Gap: 91.300000
[INFO]:[09:57:25] Starting CPLEX solver on instance: /home/yorig/tuner/mpils-tests/instances/miplib/easy/neos-4413714-turia.mps with config: /scratch/yorig/mpils-results-grid-seconds-5/easy/24proc/seed-1/6_neos-4413714-turia_seed-1_20260503_095615/iterated_local_search/run_1_worker_16/ils_config_14098900861575534064.prm
[INFO]:[09:57:25] Starting CPLEX solver on instance: /home/yorig/tuner/mpils-tests/instances/miplib/easy/neos-4413714-turia.mps with config: /scratch/yorig/mpils-results-grid-seconds-5/easy/24proc/seed-1/6_neos-4413714-turia_seed-1_20260503_095615/iterated_local_search/run_1_worker_16/ils_config_14098900861575534064.prm
[INFO]:[09:57:31] CPLEX results. Gap: 91.300000, upper bound: 499.635492, lower bound: 43.474651
[INFO]:[09:57:31] CPLEX solver finished. Gap: 91.300000
[INFO]:[09:57:31] Starting CPLEX solver on instance: /home/yorig/tuner/mpils-tests/instances/miplib/easy/neos-4413714-turia.mps with config: /scratch/yorig/mpils-results-grid-seconds-5/easy/24proc/seed-1/6_neos-4413714-turia_seed-1_20260503_095615/iterated_local_search/run_1_worker_16/ils_config_18095019961722296209.prm
[INFO]:[09:57:31] Starting CPLEX solver on instance: /home/yorig/tuner/mpils-tests/instances/miplib/easy/neos-4413714-turia.mps with config: /scratch/yorig/mpils-results-grid-seconds-5/easy/24proc/seed-1/6_neos-4413714-turia_seed-1_20260503_095615/iterated_local_search/run_1_worker_16/ils_config_18095019961722296209.prm
[INFO]:[09:57:36] CPLEX results. Gap: 91.300000, upper bound: 499.635492, lower bound: 43.474651
[INFO]:[09:57:36] CPLEX solver finished. Gap: 91.300000
[INFO]:[09:57:36] Starting CPLEX solver on instance: /home/yorig/tuner/mpils-tests/instances/miplib/easy/neos-4413714-turia.mps with config: /scratch/yorig/mpils-results-grid-seconds-5/easy/24proc/seed-1/6_neos-4413714-turia_seed-1_20260503_095615/iterated_local_search/run_1_worker_16/ils_config_12926707388139446581.prm
[INFO]:[09:57:36] Starting CPLEX solver on instance: /home/yorig/tuner/mpils-tests/instances/miplib/easy/neos-4413714-turia.mps with config: /scratch/yorig/mpils-results-grid-seconds-5/easy/24proc/seed-1/6_neos-4413714-turia_seed-1_20260503_095615/iterated_local_search/run_1_worker_16/ils_config_12926707388139446581.prm
[INFO]:[09:57:41] CPLEX results. Gap: 91.300000, upper bound: 499.635492, lower bound: 43.474651
[INFO]:[09:57:41] CPLEX solver finished. Gap: 91.300000
[INFO]:[09:57:41] Starting CPLEX solver on instance: /home/yorig/tuner/mpils-tests/instances/miplib/easy/neos-4413714-turia.mps with config: /scratch/yorig/mpils-results-grid-seconds-5/easy/24proc/seed-1/6_neos-4413714-turia_seed-1_20260503_095615/iterated_local_search/run_1_worker_16/ils_config_17774998296950064860.prm
[INFO]:[09:57:41] Starting CPLEX solver on instance: /home/yorig/tuner/mpils-tests/instances/miplib/easy/neos-4413714-turia.mps with config: /scratch/yorig/mpils-results-grid-seconds-5/easy/24proc/seed-1/6_neos-4413714-turia_seed-1_20260503_095615/iterated_local_search/run_1_worker_16/ils_config_17774998296950064860.prm
[INFO]:[09:57:47] CPLEX results. Gap: 91.300000, upper bound: 499.635492, lower bound: 43.474651
[INFO]:[09:57:47] CPLEX solver finished. Gap: 91.300000
[INFO]:[09:57:47] Starting CPLEX solver on instance: /home/yorig/tuner/mpils-tests/instances/miplib/easy/neos-4413714-turia.mps with config: /scratch/yorig/mpils-results-grid-seconds-5/easy/24proc/seed-1/6_neos-4413714-turia_seed-1_20260503_095615/iterated_local_search/run_1_worker_16/ils_config_3032160044896244992.prm
[INFO]:[09:57:47] Starting CPLEX solver on instance: /home/yorig/tuner/mpils-tests/instances/miplib/easy/neos-4413714-turia.mps with config: /scratch/yorig/mpils-results-grid-seconds-5/easy/24proc/seed-1/6_neos-4413714-turia_seed-1_20260503_095615/iterated_local_search/run_1_worker_16/ils_config_3032160044896244992.prm
[INFO]:[09:57:52] CPLEX results. Gap: 91.300000, upper bound: 499.635492, lower bound: 43.474651
[INFO]:[09:57:52] CPLEX solver finished. Gap: 91.300000
[INFO]:[09:57:52] Starting CPLEX solver on instance: /home/yorig/tuner/mpils-tests/instances/miplib/easy/neos-4413714-turia.mps with config: /scratch/yorig/mpils-results-grid-seconds-5/easy/24proc/seed-1/6_neos-4413714-turia_seed-1_20260503_095615/iterated_local_search/run_1_worker_16/ils_config_12757618697401752668.prm
[INFO]:[09:57:52] Starting CPLEX solver on instance: /home/yorig/tuner/mpils-tests/instances/miplib/easy/neos-4413714-turia.mps with config: /scratch/yorig/mpils-results-grid-seconds-5/easy/24proc/seed-1/6_neos-4413714-turia_seed-1_20260503_095615/iterated_local_search/run_1_worker_16/ils_config_12757618697401752668.prm
[INFO]:[09:57:57] CPLEX results. Gap: 91.300000, upper bound: 499.635492, lower bound: 43.474651
[INFO]:[09:57:57] CPLEX solver finished. Gap: 91.300000
[INFO]:[09:57:57] Starting CPLEX solver on instance: /home/yorig/tuner/mpils-tests/instances/miplib/easy/neos-4413714-turia.mps with config: /scratch/yorig/mpils-results-grid-seconds-5/easy/24proc/seed-1/6_neos-4413714-turia_seed-1_20260503_095615/iterated_local_search/run_1_worker_16/ils_config_11201436018812386592.prm
[INFO]:[09:57:57] Starting CPLEX solver on instance: /home/yorig/tuner/mpils-tests/instances/miplib/easy/neos-4413714-turia.mps with config: /scratch/yorig/mpils-results-grid-seconds-5/easy/24proc/seed-1/6_neos-4413714-turia_seed-1_20260503_095615/iterated_local_search/run_1_worker_16/ils_config_11201436018812386592.prm
[INFO]:[09:58:02] CPLEX results. Gap: 91.300000, upper bound: 499.635492, lower bound: 43.474651
[INFO]:[09:58:02] CPLEX solver finished. Gap: 91.300000
[INFO]:[09:58:02] Local search phase completed.
[INFO]:[09:58:02] Total number of new local-search evaluations: 20
[INFO]:[09:58:02] Final incumbent objective value: 91.3
[INFO]:[09:58:06] Worker 16 completed exploration phase.
[INFO]:[09:58:07] Worker 16 received order for step 2.
[INFO]:[09:58:07] Worker 16 running expansion phase for iteration 1.
[INFO]:[09:58:07] Worker 16 will use solver log file: /scratch/yorig/mpils-results-grid-seconds-5/easy/24proc/seed-1/6_neos-4413714-turia_seed-1_20260503_095615/solver/cplex.log_iteration_expansion_1_worker_16
[INFO]:[09:58:07] Expansion Worker 16 starting expansion for iteration 1.
[INFO]:[09:58:07] Starting CPLEX solver on instance: /home/yorig/tuner/mpils-tests/instances/miplib/easy/neos-4413714-turia.mps with config: /scratch/yorig/mpils-results-grid-seconds-5/easy/24proc/seed-1/6_neos-4413714-turia_seed-1_20260503_095615/expansion/config_param_CPXPARAM_MIP_Strategy_RINSHeur_1000_iter_1.prm
[INFO]:[09:58:12] CPLEX results. Gap: 21.570000, upper bound: 55.430127, lower bound: 43.474651
[INFO]:[09:58:12] CPLEX solver finished. Gap: 21.570000
[INFO]:[09:58:13] Starting CPLEX solver on instance: /home/yorig/tuner/mpils-tests/instances/miplib/easy/neos-4413714-turia.mps with config: /scratch/yorig/mpils-results-grid-seconds-5/easy/24proc/seed-1/6_neos-4413714-turia_seed-1_20260503_095615/expansion/config_param_CPXPARAM_MIP_Strategy_BBInterval_0_iter_1.prm
[INFO]:[09:58:18] CPLEX results. Gap: 21.570000, upper bound: 55.430127, lower bound: 43.474651
[INFO]:[09:58:18] CPLEX solver finished. Gap: 21.570000
[INFO]:[09:58:24] Expansion Worker 16 completed expansion.
[INFO]:[09:58:24] Worker 16 completed expansion phase.
[INFO]:[09:58:24] Worker 16 received order for step 1.
[INFO]:[09:58:24] Worker 16 running exploration phase for iteration 2.
[INFO]:[09:58:24] Worker 16 at iteration 2 will not use a MIP start file. Current best MIP-start upper bound threshold is 55.4301.
[INFO]:[09:58:24] Starting local search phase...
[INFO]:[09:58:24] Creating local search space from parameter space file: /scratch/yorig/mpils-results-grid-seconds-5/easy/24proc/seed-1/6_neos-4413714-turia_seed-1_20260503_095615/iterated_local_search/search_space/search_space_file_2_worker_16.txt
[INFO]:[09:58:24] Local search space loaded from file: /scratch/yorig/mpils-results-grid-seconds-5/easy/24proc/seed-1/6_neos-4413714-turia_seed-1_20260503_095615/iterated_local_search/search_space/search_space_file_2_worker_16.txt
[INFO]:[09:58:24] Number of parameters in local search space: 71
[INFO]:[09:58:24] Number of forbidden tuples in local search space: 6
[INFO]:[09:58:24] Number of conditionals in local search space: 6
[INFO]:[09:58:24] MIP start option not enabled. Local search will proceed without MIP start.
[INFO]:[09:58:24] Evaluating initial configuration for local search phase...
[INFO]:[09:58:24] Starting CPLEX solver on instance: /home/yorig/tuner/mpils-tests/instances/miplib/easy/neos-4413714-turia.mps with config: /scratch/yorig/mpils-results-grid-seconds-5/easy/24proc/seed-1/6_neos-4413714-turia_seed-1_20260503_095615/iterated_local_search/run_2_worker_16/ils_config_2949299447916188176.prm
[INFO]:[09:58:24] Starting CPLEX solver on instance: /home/yorig/tuner/mpils-tests/instances/miplib/easy/neos-4413714-turia.mps with config: /scratch/yorig/mpils-results-grid-seconds-5/easy/24proc/seed-1/6_neos-4413714-turia_seed-1_20260503_095615/iterated_local_search/run_2_worker_16/ils_config_2949299447916188176.prm
[INFO]:[09:58:29] CPLEX results. Gap: 200145909570371309568081746937112459935377757408968701181671799629996359680.000000, upper bound: 499.635492, lower bound: -999999999999999926539781176481198923508803215199467887262646419780362305536.000000
[INFO]:[09:58:29] CPLEX solver finished. Gap: 200145909570371309568081746937112459935377757408968701181671799629996359680.000000
[INFO]:[09:58:29] Initial configuration evaluated with objective value: 2.00146e+74
[INFO]:[09:58:29] Starting CPLEX solver on instance: /home/yorig/tuner/mpils-tests/instances/miplib/easy/neos-4413714-turia.mps with config: /scratch/yorig/mpils-results-grid-seconds-5/easy/24proc/seed-1/6_neos-4413714-turia_seed-1_20260503_095615/iterated_local_search/run_2_worker_16/ils_config_6823864660561941629.prm
[INFO]:[09:58:29] Starting CPLEX solver on instance: /home/yorig/tuner/mpils-tests/instances/miplib/easy/neos-4413714-turia.mps with config: /scratch/yorig/mpils-results-grid-seconds-5/easy/24proc/seed-1/6_neos-4413714-turia_seed-1_20260503_095615/iterated_local_search/run_2_worker_16/ils_config_6823864660561941629.prm
[INFO]:[09:58:35] CPLEX results. Gap: 21.570000, upper bound: 55.430127, lower bound: 43.474651
[INFO]:[09:58:35] CPLEX solver finished. Gap: 21.570000
[INFO]:[09:58:35] New incumbent found with objective value: 21.57
[INFO]:[09:58:35] Starting CPLEX solver on instance: /home/yorig/tuner/mpils-tests/instances/miplib/easy/neos-4413714-turia.mps with config: /scratch/yorig/mpils-results-grid-seconds-5/easy/24proc/seed-1/6_neos-4413714-turia_seed-1_20260503_095615/iterated_local_search/run_2_worker_16/ils_config_17227657119575909351.prm
[INFO]:[09:58:35] Starting CPLEX solver on instance: /home/yorig/tuner/mpils-tests/instances/miplib/easy/neos-4413714-turia.mps with config: /scratch/yorig/mpils-results-grid-seconds-5/easy/24proc/seed-1/6_neos-4413714-turia_seed-1_20260503_095615/iterated_local_search/run_2_worker_16/ils_config_17227657119575909351.prm
[INFO]:[09:58:40] CPLEX results. Gap: 21.570000, upper bound: 55.430127, lower bound: 43.474651
[INFO]:[09:58:40] CPLEX solver finished. Gap: 21.570000
[INFO]:[09:58:40] Starting CPLEX solver on instance: /home/yorig/tuner/mpils-tests/instances/miplib/easy/neos-4413714-turia.mps with config: /scratch/yorig/mpils-results-grid-seconds-5/easy/24proc/seed-1/6_neos-4413714-turia_seed-1_20260503_095615/iterated_local_search/run_2_worker_16/ils_config_14145837072683890237.prm
[INFO]:[09:58:40] Starting CPLEX solver on instance: /home/yorig/tuner/mpils-tests/instances/miplib/easy/neos-4413714-turia.mps with config: /scratch/yorig/mpils-results-grid-seconds-5/easy/24proc/seed-1/6_neos-4413714-turia_seed-1_20260503_095615/iterated_local_search/run_2_worker_16/ils_config_14145837072683890237.prm
[INFO]:[09:58:45] CPLEX results. Gap: 21.570000, upper bound: 55.430127, lower bound: 43.474651
[INFO]:[09:58:45] CPLEX solver finished. Gap: 21.570000
[INFO]:[09:58:45] Starting CPLEX solver on instance: /home/yorig/tuner/mpils-tests/instances/miplib/easy/neos-4413714-turia.mps with config: /scratch/yorig/mpils-results-grid-seconds-5/easy/24proc/seed-1/6_neos-4413714-turia_seed-1_20260503_095615/iterated_local_search/run_2_worker_16/ils_config_2883646945533381842.prm
[INFO]:[09:58:45] Starting CPLEX solver on instance: /home/yorig/tuner/mpils-tests/instances/miplib/easy/neos-4413714-turia.mps with config: /scratch/yorig/mpils-results-grid-seconds-5/easy/24proc/seed-1/6_neos-4413714-turia_seed-1_20260503_095615/iterated_local_search/run_2_worker_16/ils_config_2883646945533381842.prm
[INFO]:[09:58:50] CPLEX results. Gap: 21.570000, upper bound: 55.430127, lower bound: 43.474651
[INFO]:[09:58:50] CPLEX solver finished. Gap: 21.570000
[INFO]:[09:58:50] Local search phase completed.
[INFO]:[09:58:50] Total number of new local-search evaluations: 5
[INFO]:[09:58:50] Final incumbent objective value: 21.57
[INFO]:[09:58:53] Worker 16 completed exploration phase.
[INFO]:[09:58:53] Worker 16 received order for step 2.
[INFO]:[09:58:53] Worker 16 running expansion phase for iteration 2.
[INFO]:[09:58:53] Worker 16 will use solver log file: /scratch/yorig/mpils-results-grid-seconds-5/easy/24proc/seed-1/6_neos-4413714-turia_seed-1_20260503_095615/solver/cplex.log_iteration_expansion_2_worker_16
[INFO]:[09:58:53] Expansion Worker 16 starting expansion for iteration 2.
[INFO]:[09:58:53] Starting CPLEX solver on instance: /home/yorig/tuner/mpils-tests/instances/miplib/easy/neos-4413714-turia.mps with config: /scratch/yorig/mpils-results-grid-seconds-5/easy/24proc/seed-1/6_neos-4413714-turia_seed-1_20260503_095615/expansion/config_param_CPXPARAM_MIP_Strategy_SubAlgorithm_3_iter_2.prm
[INFO]:[09:58:58] CPLEX results. Gap: 91.300000, upper bound: 499.635492, lower bound: 43.474651
[INFO]:[09:58:58] CPLEX solver finished. Gap: 91.300000
[INFO]:[09:58:58] Expansion Worker 16 stopping early after global MPI expansion stop was activated.
[INFO]:[09:58:58] Expansion Worker 16 completed expansion.
[INFO]:[09:58:58] Worker 16 completed expansion phase.
[INFO]:[09:58:58] Worker 16 received order for step 1.
[INFO]:[09:58:58] Worker 16 running exploration phase for iteration 3.
[INFO]:[09:58:58] Worker 16 at iteration 3 will not use a MIP start file. Current best MIP-start upper bound threshold is 55.4301.
[INFO]:[09:58:58] Starting local search phase...
[INFO]:[09:58:58] Creating local search space from parameter space file: /scratch/yorig/mpils-results-grid-seconds-5/easy/24proc/seed-1/6_neos-4413714-turia_seed-1_20260503_095615/iterated_local_search/search_space/search_space_file_3_worker_16.txt
[INFO]:[09:58:58] Local search space loaded from file: /scratch/yorig/mpils-results-grid-seconds-5/easy/24proc/seed-1/6_neos-4413714-turia_seed-1_20260503_095615/iterated_local_search/search_space/search_space_file_3_worker_16.txt
[INFO]:[09:58:58] Number of parameters in local search space: 71
[INFO]:[09:58:58] Number of forbidden tuples in local search space: 32
[INFO]:[09:58:58] Number of conditionals in local search space: 6
[INFO]:[09:58:58] MIP start option not enabled. Local search will proceed without MIP start.
[INFO]:[09:58:58] Evaluating initial configuration for local search phase...
[INFO]:[09:58:58] Starting CPLEX solver on instance: /home/yorig/tuner/mpils-tests/instances/miplib/easy/neos-4413714-turia.mps with config: /scratch/yorig/mpils-results-grid-seconds-5/easy/24proc/seed-1/6_neos-4413714-turia_seed-1_20260503_095615/iterated_local_search/run_3_worker_16/ils_config_11802235168757476452.prm
[INFO]:[09:58:58] Starting CPLEX solver on instance: /home/yorig/tuner/mpils-tests/instances/miplib/easy/neos-4413714-turia.mps with config: /scratch/yorig/mpils-results-grid-seconds-5/easy/24proc/seed-1/6_neos-4413714-turia_seed-1_20260503_095615/iterated_local_search/run_3_worker_16/ils_config_11802235168757476452.prm
[INFO]:[09:59:04] CPLEX results. Gap: 200145909570371309568081746937112459935377757408968701181671799629996359680.000000, upper bound: 499.635492, lower bound: -999999999999999926539781176481198923508803215199467887262646419780362305536.000000
[INFO]:[09:59:04] CPLEX solver finished. Gap: 200145909570371309568081746937112459935377757408968701181671799629996359680.000000
[INFO]:[09:59:04] Initial configuration evaluated with objective value: 2.00146e+74
[INFO]:[09:59:04] Starting CPLEX solver on instance: /home/yorig/tuner/mpils-tests/instances/miplib/easy/neos-4413714-turia.mps with config: /scratch/yorig/mpils-results-grid-seconds-5/easy/24proc/seed-1/6_neos-4413714-turia_seed-1_20260503_095615/iterated_local_search/run_3_worker_16/ils_config_14269650813025924725.prm
[INFO]:[09:59:04] Starting CPLEX solver on instance: /home/yorig/tuner/mpils-tests/instances/miplib/easy/neos-4413714-turia.mps with config: /scratch/yorig/mpils-results-grid-seconds-5/easy/24proc/seed-1/6_neos-4413714-turia_seed-1_20260503_095615/iterated_local_search/run_3_worker_16/ils_config_14269650813025924725.prm
[INFO]:[09:59:09] CPLEX results. Gap: 200145909570371309568081746937112459935377757408968701181671799629996359680.000000, upper bound: 499.635492, lower bound: -999999999999999926539781176481198923508803215199467887262646419780362305536.000000
[INFO]:[09:59:09] CPLEX solver finished. Gap: 200145909570371309568081746937112459935377757408968701181671799629996359680.000000
[INFO]:[09:59:09] Starting CPLEX solver on instance: /home/yorig/tuner/mpils-tests/instances/miplib/easy/neos-4413714-turia.mps with config: /scratch/yorig/mpils-results-grid-seconds-5/easy/24proc/seed-1/6_neos-4413714-turia_seed-1_20260503_095615/iterated_local_search/run_3_worker_16/ils_config_988514726537530845.prm
[INFO]:[09:59:09] Starting CPLEX solver on instance: /home/yorig/tuner/mpils-tests/instances/miplib/easy/neos-4413714-turia.mps with config: /scratch/yorig/mpils-results-grid-seconds-5/easy/24proc/seed-1/6_neos-4413714-turia_seed-1_20260503_095615/iterated_local_search/run_3_worker_16/ils_config_988514726537530845.prm
[INFO]:[09:59:15] CPLEX results. Gap: 100.000000, upper bound: 499.635492, lower bound: 0.000000
[INFO]:[09:59:15] CPLEX solver finished. Gap: 100.000000
[INFO]:[09:59:15] New incumbent found with objective value: 100
[INFO]:[09:59:15] Starting CPLEX solver on instance: /home/yorig/tuner/mpils-tests/instances/miplib/easy/neos-4413714-turia.mps with config: /scratch/yorig/mpils-results-grid-seconds-5/easy/24proc/seed-1/6_neos-4413714-turia_seed-1_20260503_095615/iterated_local_search/run_3_worker_16/ils_config_9703464410069834833.prm
[INFO]:[09:59:15] Starting CPLEX solver on instance: /home/yorig/tuner/mpils-tests/instances/miplib/easy/neos-4413714-turia.mps with config: /scratch/yorig/mpils-results-grid-seconds-5/easy/24proc/seed-1/6_neos-4413714-turia_seed-1_20260503_095615/iterated_local_search/run_3_worker_16/ils_config_9703464410069834833.prm
[INFO]:[09:59:20] CPLEX results. Gap: 200145909570371309568081746937112459935377757408968701181671799629996359680.000000, upper bound: 499.635492, lower bound: -999999999999999926539781176481198923508803215199467887262646419780362305536.000000
[INFO]:[09:59:20] CPLEX solver finished. Gap: 200145909570371309568081746937112459935377757408968701181671799629996359680.000000
[INFO]:[09:59:20] Starting CPLEX solver on instance: /home/yorig/tuner/mpils-tests/instances/miplib/easy/neos-4413714-turia.mps with config: /scratch/yorig/mpils-results-grid-seconds-5/easy/24proc/seed-1/6_neos-4413714-turia_seed-1_20260503_095615/iterated_local_search/run_3_worker_16/ils_config_17357479381687492792.prm
[INFO]:[09:59:20] Starting CPLEX solver on instance: /home/yorig/tuner/mpils-tests/instances/miplib/easy/neos-4413714-turia.mps with config: /scratch/yorig/mpils-results-grid-seconds-5/easy/24proc/seed-1/6_neos-4413714-turia_seed-1_20260503_095615/iterated_local_search/run_3_worker_16/ils_config_17357479381687492792.prm
[INFO]:[09:59:25] CPLEX results. Gap: 200145909570371309568081746937112459935377757408968701181671799629996359680.000000, upper bound: 499.635492, lower bound: -999999999999999926539781176481198923508803215199467887262646419780362305536.000000
[INFO]:[09:59:25] CPLEX solver finished. Gap: 200145909570371309568081746937112459935377757408968701181671799629996359680.000000
[INFO]:[09:59:25] Starting CPLEX solver on instance: /home/yorig/tuner/mpils-tests/instances/miplib/easy/neos-4413714-turia.mps with config: /scratch/yorig/mpils-results-grid-seconds-5/easy/24proc/seed-1/6_neos-4413714-turia_seed-1_20260503_095615/iterated_local_search/run_3_worker_16/ils_config_8504585151541099076.prm
[INFO]:[09:59:25] Starting CPLEX solver on instance: /home/yorig/tuner/mpils-tests/instances/miplib/easy/neos-4413714-turia.mps with config: /scratch/yorig/mpils-results-grid-seconds-5/easy/24proc/seed-1/6_neos-4413714-turia_seed-1_20260503_095615/iterated_local_search/run_3_worker_16/ils_config_8504585151541099076.prm
[INFO]:[09:59:31] CPLEX results. Gap: 100.000000, upper bound: 499.635492, lower bound: 0.000000
[INFO]:[09:59:31] CPLEX solver finished. Gap: 100.000000
[INFO]:[09:59:31] Starting CPLEX solver on instance: /home/yorig/tuner/mpils-tests/instances/miplib/easy/neos-4413714-turia.mps with config: /scratch/yorig/mpils-results-grid-seconds-5/easy/24proc/seed-1/6_neos-4413714-turia_seed-1_20260503_095615/iterated_local_search/run_3_worker_16/ils_config_6159658766616546610.prm
[INFO]:[09:59:31] Starting CPLEX solver on instance: /home/yorig/tuner/mpils-tests/instances/miplib/easy/neos-4413714-turia.mps with config: /scratch/yorig/mpils-results-grid-seconds-5/easy/24proc/seed-1/6_neos-4413714-turia_seed-1_20260503_095615/iterated_local_search/run_3_worker_16/ils_config_6159658766616546610.prm
[INFO]:[09:59:36] CPLEX results. Gap: 200145909570371309568081746937112459935377757408968701181671799629996359680.000000, upper bound: 499.635492, lower bound: -999999999999999926539781176481198923508803215199467887262646419780362305536.000000
[INFO]:[09:59:36] CPLEX solver finished. Gap: 200145909570371309568081746937112459935377757408968701181671799629996359680.000000
[INFO]:[09:59:36] Starting CPLEX solver on instance: /home/yorig/tuner/mpils-tests/instances/miplib/easy/neos-4413714-turia.mps with config: /scratch/yorig/mpils-results-grid-seconds-5/easy/24proc/seed-1/6_neos-4413714-turia_seed-1_20260503_095615/iterated_local_search/run_3_worker_16/ils_config_18235932723813607559.prm
[INFO]:[09:59:36] Starting CPLEX solver on instance: /home/yorig/tuner/mpils-tests/instances/miplib/easy/neos-4413714-turia.mps with config: /scratch/yorig/mpils-results-grid-seconds-5/easy/24proc/seed-1/6_neos-4413714-turia_seed-1_20260503_095615/iterated_local_search/run_3_worker_16/ils_config_18235932723813607559.prm
[INFO]:[09:59:42] CPLEX results. Gap: 100.000000, upper bound: 499.635492, lower bound: 0.000000
[INFO]:[09:59:42] CPLEX solver finished. Gap: 100.000000
[INFO]:[09:59:42] Starting CPLEX solver on instance: /home/yorig/tuner/mpils-tests/instances/miplib/easy/neos-4413714-turia.mps with config: /scratch/yorig/mpils-results-grid-seconds-5/easy/24proc/seed-1/6_neos-4413714-turia_seed-1_20260503_095615/iterated_local_search/run_3_worker_16/ils_config_2372731454524996666.prm
[INFO]:[09:59:42] Starting CPLEX solver on instance: /home/yorig/tuner/mpils-tests/instances/miplib/easy/neos-4413714-turia.mps with config: /scratch/yorig/mpils-results-grid-seconds-5/easy/24proc/seed-1/6_neos-4413714-turia_seed-1_20260503_095615/iterated_local_search/run_3_worker_16/ils_config_2372731454524996666.prm
[INFO]:[09:59:48] CPLEX results. Gap: 100.000000, upper bound: 499.635492, lower bound: 0.000000
[INFO]:[09:59:48] CPLEX solver finished. Gap: 100.000000
[INFO]:[09:59:48] Starting CPLEX solver on instance: /home/yorig/tuner/mpils-tests/instances/miplib/easy/neos-4413714-turia.mps with config: /scratch/yorig/mpils-results-grid-seconds-5/easy/24proc/seed-1/6_neos-4413714-turia_seed-1_20260503_095615/iterated_local_search/run_3_worker_16/ils_config_11591074671392934306.prm
[INFO]:[09:59:48] Starting CPLEX solver on instance: /home/yorig/tuner/mpils-tests/instances/miplib/easy/neos-4413714-turia.mps with config: /scratch/yorig/mpils-results-grid-seconds-5/easy/24proc/seed-1/6_neos-4413714-turia_seed-1_20260503_095615/iterated_local_search/run_3_worker_16/ils_config_11591074671392934306.prm
[INFO]:[09:59:54] CPLEX results. Gap: 100.000000, upper bound: 499.635492, lower bound: 0.000000
[INFO]:[09:59:54] CPLEX solver finished. Gap: 100.000000
[INFO]:[09:59:54] Local search phase completed.
[INFO]:[09:59:54] Total number of new local-search evaluations: 10
[INFO]:[09:59:54] Final incumbent objective value: 100
[INFO]:[09:59:56] Worker 16 completed exploration phase.
[INFO]:[09:59:56] Worker 16 received order for step 2.
[INFO]:[09:59:56] Worker 16 running expansion phase for iteration 3.
[INFO]:[09:59:56] Worker 16 will use solver log file: /scratch/yorig/mpils-results-grid-seconds-5/easy/24proc/seed-1/6_neos-4413714-turia_seed-1_20260503_095615/solver/cplex.log_iteration_expansion_3_worker_16
[INFO]:[09:59:56] Expansion Worker 16 starting expansion for iteration 3.
[INFO]:[09:59:56] Starting CPLEX solver on instance: /home/yorig/tuner/mpils-tests/instances/miplib/easy/neos-4413714-turia.mps with config: /scratch/yorig/mpils-results-grid-seconds-5/easy/24proc/seed-1/6_neos-4413714-turia_seed-1_20260503_095615/expansion/config_param_CPXPARAM_Barrier_StartAlg_3_iter_3.prm
[INFO]:[10:00:01] CPLEX results. Gap: 18.430000, upper bound: 53.295955, lower bound: 43.474651
[INFO]:[10:00:01] CPLEX solver finished. Gap: 18.430000
[INFO]:[10:00:07] Expansion Worker 16 completed expansion.
[INFO]:[10:00:07] Worker 16 completed expansion phase.
[INFO]:[10:00:07] Worker 16 received order for step 1.
[INFO]:[10:00:07] Worker 16 running exploration phase for iteration 4.
[INFO]:[10:00:07] Worker 16 at iteration 4 will not use a MIP start file. Current best MIP-start upper bound threshold is 53.296.
[INFO]:[10:00:07] Starting local search phase...
[INFO]:[10:00:07] Creating local search space from parameter space file: /scratch/yorig/mpils-results-grid-seconds-5/easy/24proc/seed-1/6_neos-4413714-turia_seed-1_20260503_095615/iterated_local_search/search_space/search_space_file_4_worker_16.txt
[INFO]:[10:00:07] Local search space loaded from file: /scratch/yorig/mpils-results-grid-seconds-5/easy/24proc/seed-1/6_neos-4413714-turia_seed-1_20260503_095615/iterated_local_search/search_space/search_space_file_4_worker_16.txt
[INFO]:[10:00:07] Number of parameters in local search space: 71
[INFO]:[10:00:07] Number of forbidden tuples in local search space: 55
[INFO]:[10:00:07] Number of conditionals in local search space: 6
[INFO]:[10:00:07] MIP start option not enabled. Local search will proceed without MIP start.
[INFO]:[10:00:07] Evaluating initial configuration for local search phase...
[INFO]:[10:00:07] Starting CPLEX solver on instance: /home/yorig/tuner/mpils-tests/instances/miplib/easy/neos-4413714-turia.mps with config: /scratch/yorig/mpils-results-grid-seconds-5/easy/24proc/seed-1/6_neos-4413714-turia_seed-1_20260503_095615/iterated_local_search/run_4_worker_16/ils_config_3528831544359265346.prm
[INFO]:[10:00:07] Starting CPLEX solver on instance: /home/yorig/tuner/mpils-tests/instances/miplib/easy/neos-4413714-turia.mps with config: /scratch/yorig/mpils-results-grid-seconds-5/easy/24proc/seed-1/6_neos-4413714-turia_seed-1_20260503_095615/iterated_local_search/run_4_worker_16/ils_config_3528831544359265346.prm
[INFO]:[10:00:13] CPLEX results. Gap: 100.000000, upper bound: 499.635492, lower bound: 0.000000
[INFO]:[10:00:13] CPLEX solver finished. Gap: 100.000000
[INFO]:[10:00:13] Initial configuration evaluated with objective value: 100
[INFO]:[10:00:13] Starting CPLEX solver on instance: /home/yorig/tuner/mpils-tests/instances/miplib/easy/neos-4413714-turia.mps with config: /scratch/yorig/mpils-results-grid-seconds-5/easy/24proc/seed-1/6_neos-4413714-turia_seed-1_20260503_095615/iterated_local_search/run_4_worker_16/ils_config_4317976392808055244.prm
[INFO]:[10:00:13] Starting CPLEX solver on instance: /home/yorig/tuner/mpils-tests/instances/miplib/easy/neos-4413714-turia.mps with config: /scratch/yorig/mpils-results-grid-seconds-5/easy/24proc/seed-1/6_neos-4413714-turia_seed-1_20260503_095615/iterated_local_search/run_4_worker_16/ils_config_4317976392808055244.prm
[INFO]:[10:00:19] CPLEX results. Gap: 100.000000, upper bound: 499.635492, lower bound: 0.000000
[INFO]:[10:00:19] CPLEX solver finished. Gap: 100.000000
[INFO]:[10:00:19] Starting CPLEX solver on instance: /home/yorig/tuner/mpils-tests/instances/miplib/easy/neos-4413714-turia.mps with config: /scratch/yorig/mpils-results-grid-seconds-5/easy/24proc/seed-1/6_neos-4413714-turia_seed-1_20260503_095615/iterated_local_search/run_4_worker_16/ils_config_7892969501591537452.prm
[INFO]:[10:00:19] Starting CPLEX solver on instance: /home/yorig/tuner/mpils-tests/instances/miplib/easy/neos-4413714-turia.mps with config: /scratch/yorig/mpils-results-grid-seconds-5/easy/24proc/seed-1/6_neos-4413714-turia_seed-1_20260503_095615/iterated_local_search/run_4_worker_16/ils_config_7892969501591537452.prm
[INFO]:[10:00:24] CPLEX results. Gap: 100.000000, upper bound: 499.635492, lower bound: 0.000000
[INFO]:[10:00:24] CPLEX solver finished. Gap: 100.000000
[INFO]:[10:00:24] Starting CPLEX solver on instance: /home/yorig/tuner/mpils-tests/instances/miplib/easy/neos-4413714-turia.mps with config: /scratch/yorig/mpils-results-grid-seconds-5/easy/24proc/seed-1/6_neos-4413714-turia_seed-1_20260503_095615/iterated_local_search/run_4_worker_16/ils_config_10938802220538730998.prm
[INFO]:[10:00:24] Starting CPLEX solver on instance: /home/yorig/tuner/mpils-tests/instances/miplib/easy/neos-4413714-turia.mps with config: /scratch/yorig/mpils-results-grid-seconds-5/easy/24proc/seed-1/6_neos-4413714-turia_seed-1_20260503_095615/iterated_local_search/run_4_worker_16/ils_config_10938802220538730998.prm
[INFO]:[10:00:30] CPLEX results. Gap: 100.000000, upper bound: 499.635492, lower bound: 0.000000
[INFO]:[10:00:30] CPLEX solver finished. Gap: 100.000000
[INFO]:[10:00:30] Starting CPLEX solver on instance: /home/yorig/tuner/mpils-tests/instances/miplib/easy/neos-4413714-turia.mps with config: /scratch/yorig/mpils-results-grid-seconds-5/easy/24proc/seed-1/6_neos-4413714-turia_seed-1_20260503_095615/iterated_local_search/run_4_worker_16/ils_config_4141682123977249274.prm
[INFO]:[10:00:30] Starting CPLEX solver on instance: /home/yorig/tuner/mpils-tests/instances/miplib/easy/neos-4413714-turia.mps with config: /scratch/yorig/mpils-results-grid-seconds-5/easy/24proc/seed-1/6_neos-4413714-turia_seed-1_20260503_095615/iterated_local_search/run_4_worker_16/ils_config_4141682123977249274.prm
[INFO]:[10:00:36] CPLEX results. Gap: 100.000000, upper bound: 499.635492, lower bound: 0.000000
[INFO]:[10:00:36] CPLEX solver finished. Gap: 100.000000
[INFO]:[10:00:36] Starting CPLEX solver on instance: /home/yorig/tuner/mpils-tests/instances/miplib/easy/neos-4413714-turia.mps with config: /scratch/yorig/mpils-results-grid-seconds-5/easy/24proc/seed-1/6_neos-4413714-turia_seed-1_20260503_095615/iterated_local_search/run_4_worker_16/ils_config_1593938696639049029.prm
[INFO]:[10:00:36] Starting CPLEX solver on instance: /home/yorig/tuner/mpils-tests/instances/miplib/easy/neos-4413714-turia.mps with config: /scratch/yorig/mpils-results-grid-seconds-5/easy/24proc/seed-1/6_neos-4413714-turia_seed-1_20260503_095615/iterated_local_search/run_4_worker_16/ils_config_1593938696639049029.prm
[INFO]:[10:00:41] CPLEX results. Gap: 100.000000, upper bound: 499.635492, lower bound: 0.000000
[INFO]:[10:00:41] CPLEX solver finished. Gap: 100.000000
[INFO]:[10:00:41] Starting CPLEX solver on instance: /home/yorig/tuner/mpils-tests/instances/miplib/easy/neos-4413714-turia.mps with config: /scratch/yorig/mpils-results-grid-seconds-5/easy/24proc/seed-1/6_neos-4413714-turia_seed-1_20260503_095615/iterated_local_search/run_4_worker_16/ils_config_5655903970188189981.prm
[INFO]:[10:00:41] Starting CPLEX solver on instance: /home/yorig/tuner/mpils-tests/instances/miplib/easy/neos-4413714-turia.mps with config: /scratch/yorig/mpils-results-grid-seconds-5/easy/24proc/seed-1/6_neos-4413714-turia_seed-1_20260503_095615/iterated_local_search/run_4_worker_16/ils_config_5655903970188189981.prm
[INFO]:[10:00:47] CPLEX results. Gap: 100.000000, upper bound: 499.635492, lower bound: 0.000000
[INFO]:[10:00:47] CPLEX solver finished. Gap: 100.000000
[INFO]:[10:00:47] Starting CPLEX solver on instance: /home/yorig/tuner/mpils-tests/instances/miplib/easy/neos-4413714-turia.mps with config: /scratch/yorig/mpils-results-grid-seconds-5/easy/24proc/seed-1/6_neos-4413714-turia_seed-1_20260503_095615/iterated_local_search/run_4_worker_16/ils_config_13060406227745893971.prm
[INFO]:[10:00:47] Starting CPLEX solver on instance: /home/yorig/tuner/mpils-tests/instances/miplib/easy/neos-4413714-turia.mps with config: /scratch/yorig/mpils-results-grid-seconds-5/easy/24proc/seed-1/6_neos-4413714-turia_seed-1_20260503_095615/iterated_local_search/run_4_worker_16/ils_config_13060406227745893971.prm
[INFO]:[10:00:53] CPLEX results. Gap: 100.000000, upper bound: 499.635492, lower bound: 0.000000
[INFO]:[10:00:53] CPLEX solver finished. Gap: 100.000000
[INFO]:[10:00:53] Starting CPLEX solver on instance: /home/yorig/tuner/mpils-tests/instances/miplib/easy/neos-4413714-turia.mps with config: /scratch/yorig/mpils-results-grid-seconds-5/easy/24proc/seed-1/6_neos-4413714-turia_seed-1_20260503_095615/iterated_local_search/run_4_worker_16/ils_config_9035797641164288311.prm
[INFO]:[10:00:53] Starting CPLEX solver on instance: /home/yorig/tuner/mpils-tests/instances/miplib/easy/neos-4413714-turia.mps with config: /scratch/yorig/mpils-results-grid-seconds-5/easy/24proc/seed-1/6_neos-4413714-turia_seed-1_20260503_095615/iterated_local_search/run_4_worker_16/ils_config_9035797641164288311.prm
[INFO]:[10:00:58] CPLEX results. Gap: 100.000000, upper bound: 499.635492, lower bound: 0.000000
[INFO]:[10:00:58] CPLEX solver finished. Gap: 100.000000
[INFO]:[10:00:58] Starting CPLEX solver on instance: /home/yorig/tuner/mpils-tests/instances/miplib/easy/neos-4413714-turia.mps with config: /scratch/yorig/mpils-results-grid-seconds-5/easy/24proc/seed-1/6_neos-4413714-turia_seed-1_20260503_095615/iterated_local_search/run_4_worker_16/ils_config_8419814738277901058.prm
[INFO]:[10:00:58] Starting CPLEX solver on instance: /home/yorig/tuner/mpils-tests/instances/miplib/easy/neos-4413714-turia.mps with config: /scratch/yorig/mpils-results-grid-seconds-5/easy/24proc/seed-1/6_neos-4413714-turia_seed-1_20260503_095615/iterated_local_search/run_4_worker_16/ils_config_8419814738277901058.prm
[INFO]:[10:01:04] CPLEX results. Gap: 100.000000, upper bound: 499.635492, lower bound: 0.000000
[INFO]:[10:01:04] CPLEX solver finished. Gap: 100.000000
[INFO]:[10:01:04] Starting CPLEX solver on instance: /home/yorig/tuner/mpils-tests/instances/miplib/easy/neos-4413714-turia.mps with config: /scratch/yorig/mpils-results-grid-seconds-5/easy/24proc/seed-1/6_neos-4413714-turia_seed-1_20260503_095615/iterated_local_search/run_4_worker_16/ils_config_6431288762956781946.prm
[INFO]:[10:01:04] Starting CPLEX solver on instance: /home/yorig/tuner/mpils-tests/instances/miplib/easy/neos-4413714-turia.mps with config: /scratch/yorig/mpils-results-grid-seconds-5/easy/24proc/seed-1/6_neos-4413714-turia_seed-1_20260503_095615/iterated_local_search/run_4_worker_16/ils_config_6431288762956781946.prm
[INFO]:[10:01:10] CPLEX results. Gap: 100.000000, upper bound: 499.635492, lower bound: 0.000000
[INFO]:[10:01:10] CPLEX solver finished. Gap: 100.000000
[INFO]:[10:01:10] Starting CPLEX solver on instance: /home/yorig/tuner/mpils-tests/instances/miplib/easy/neos-4413714-turia.mps with config: /scratch/yorig/mpils-results-grid-seconds-5/easy/24proc/seed-1/6_neos-4413714-turia_seed-1_20260503_095615/iterated_local_search/run_4_worker_16/ils_config_13501444932212878925.prm
[INFO]:[10:01:10] Starting CPLEX solver on instance: /home/yorig/tuner/mpils-tests/instances/miplib/easy/neos-4413714-turia.mps with config: /scratch/yorig/mpils-results-grid-seconds-5/easy/24proc/seed-1/6_neos-4413714-turia_seed-1_20260503_095615/iterated_local_search/run_4_worker_16/ils_config_13501444932212878925.prm
[INFO]:[10:01:15] CPLEX results. Gap: 100.000000, upper bound: 499.635492, lower bound: 0.000000
[INFO]:[10:01:15] CPLEX solver finished. Gap: 100.000000
[INFO]:[10:01:15] Starting CPLEX solver on instance: /home/yorig/tuner/mpils-tests/instances/miplib/easy/neos-4413714-turia.mps with config: /scratch/yorig/mpils-results-grid-seconds-5/easy/24proc/seed-1/6_neos-4413714-turia_seed-1_20260503_095615/iterated_local_search/run_4_worker_16/ils_config_18051631552229088927.prm
[INFO]:[10:01:15] Starting CPLEX solver on instance: /home/yorig/tuner/mpils-tests/instances/miplib/easy/neos-4413714-turia.mps with config: /scratch/yorig/mpils-results-grid-seconds-5/easy/24proc/seed-1/6_neos-4413714-turia_seed-1_20260503_095615/iterated_local_search/run_4_worker_16/ils_config_18051631552229088927.prm
[INFO]:[10:01:21] CPLEX results. Gap: 100.000000, upper bound: 499.635492, lower bound: 0.000000
[INFO]:[10:01:21] CPLEX solver finished. Gap: 100.000000
[INFO]:[10:01:21] Starting CPLEX solver on instance: /home/yorig/tuner/mpils-tests/instances/miplib/easy/neos-4413714-turia.mps with config: /scratch/yorig/mpils-results-grid-seconds-5/easy/24proc/seed-1/6_neos-4413714-turia_seed-1_20260503_095615/iterated_local_search/run_4_worker_16/ils_config_15486676363753348042.prm
[INFO]:[10:01:21] Starting CPLEX solver on instance: /home/yorig/tuner/mpils-tests/instances/miplib/easy/neos-4413714-turia.mps with config: /scratch/yorig/mpils-results-grid-seconds-5/easy/24proc/seed-1/6_neos-4413714-turia_seed-1_20260503_095615/iterated_local_search/run_4_worker_16/ils_config_15486676363753348042.prm
[INFO]:[10:01:27] CPLEX results. Gap: 100.000000, upper bound: 499.635492, lower bound: 0.000000
[INFO]:[10:01:27] CPLEX solver finished. Gap: 100.000000
[INFO]:[10:01:27] Local search phase completed.
[INFO]:[10:01:27] Total number of new local-search evaluations: 14
[INFO]:[10:01:27] Final incumbent objective value: 100
[INFO]:[10:01:31] Worker 16 completed exploration phase.
[INFO]:[10:01:31] Worker 16 received order for step 2.
[INFO]:[10:01:31] Worker 16 running expansion phase for iteration 4.
[INFO]:[10:01:31] Worker 16 will use solver log file: /scratch/yorig/mpils-results-grid-seconds-5/easy/24proc/seed-1/6_neos-4413714-turia_seed-1_20260503_095615/solver/cplex.log_iteration_expansion_4_worker_16
[INFO]:[10:01:31] Expansion Worker 16 starting expansion for iteration 4.
[INFO]:[10:01:31] Starting CPLEX solver on instance: /home/yorig/tuner/mpils-tests/instances/miplib/easy/neos-4413714-turia.mps with config: /scratch/yorig/mpils-results-grid-seconds-5/easy/24proc/seed-1/6_neos-4413714-turia_seed-1_20260503_095615/expansion/config_param_CPXPARAM_Network_Pricing_3_iter_4.prm
[INFO]:[10:01:37] CPLEX results. Gap: 18.430000, upper bound: 53.295955, lower bound: 43.474651
[INFO]:[10:01:37] CPLEX solver finished. Gap: 18.430000
[INFO]:[10:01:37] Expansion Worker 16 stopping early after global MPI expansion stop was activated.
[INFO]:[10:01:37] Expansion Worker 16 completed expansion.
[INFO]:[10:01:37] Worker 16 completed expansion phase.
[INFO]:[10:01:38] Worker 16 received order for step 1.
[INFO]:[10:01:38] Worker 16 running exploration phase for iteration 5.
[INFO]:[10:01:38] Worker 16 at iteration 5 will not use a MIP start file. Current best MIP-start upper bound threshold is 53.296.
[INFO]:[10:01:38] Starting local search phase...
[INFO]:[10:01:38] Creating local search space from parameter space file: /scratch/yorig/mpils-results-grid-seconds-5/easy/24proc/seed-1/6_neos-4413714-turia_seed-1_20260503_095615/iterated_local_search/search_space/search_space_file_5_worker_16.txt
[INFO]:[10:01:38] Local search space loaded from file: /scratch/yorig/mpils-results-grid-seconds-5/easy/24proc/seed-1/6_neos-4413714-turia_seed-1_20260503_095615/iterated_local_search/search_space/search_space_file_5_worker_16.txt
[INFO]:[10:01:38] Number of parameters in local search space: 71
[INFO]:[10:01:38] Number of forbidden tuples in local search space: 83
[INFO]:[10:01:38] Number of conditionals in local search space: 6
[INFO]:[10:01:38] MIP start option not enabled. Local search will proceed without MIP start.
[INFO]:[10:01:38] Evaluating initial configuration for local search phase...
[INFO]:[10:01:38] Starting CPLEX solver on instance: /home/yorig/tuner/mpils-tests/instances/miplib/easy/neos-4413714-turia.mps with config: /scratch/yorig/mpils-results-grid-seconds-5/easy/24proc/seed-1/6_neos-4413714-turia_seed-1_20260503_095615/iterated_local_search/run_5_worker_16/ils_config_12528435266975011255.prm
[INFO]:[10:01:38] Starting CPLEX solver on instance: /home/yorig/tuner/mpils-tests/instances/miplib/easy/neos-4413714-turia.mps with config: /scratch/yorig/mpils-results-grid-seconds-5/easy/24proc/seed-1/6_neos-4413714-turia_seed-1_20260503_095615/iterated_local_search/run_5_worker_16/ils_config_12528435266975011255.prm
[WARN]:[10:01:43] CPLEX finished without a primal feasible solution for config /scratch/yorig/mpils-results-grid-seconds-5/easy/24proc/seed-1/6_neos-4413714-turia_seed-1_20260503_095615/iterated_local_search/run_5_worker_16/ils_config_12528435266975011255.prm.
[INFO]:[10:01:43] CPLEX results. Gap: unavailable, upper bound: null, lower bound: -999999999999999926539781176481198923508803215199467887262646419780362305536.000000
[INFO]:[10:01:43] CPLEX solver finished. Gap: 179769313486231570814527423731704356798070567525844996598917476803157260780028538760589558632766878171540458953514382464234321326889464182768467546703537516986049910576551282076245490090389328944075868508455133942304583236903222948165808559332123348274797826204144723168738177180919299881250404026184124858368.000000
[INFO]:[10:01:43] Initial configuration evaluated with objective value: 1.79769e+308
[INFO]:[10:01:43] Starting CPLEX solver on instance: /home/yorig/tuner/mpils-tests/instances/miplib/easy/neos-4413714-turia.mps with config: /scratch/yorig/mpils-results-grid-seconds-5/easy/24proc/seed-1/6_neos-4413714-turia_seed-1_20260503_095615/iterated_local_search/run_5_worker_16/ils_config_17133693041580097743.prm
[INFO]:[10:01:43] Starting CPLEX solver on instance: /home/yorig/tuner/mpils-tests/instances/miplib/easy/neos-4413714-turia.mps with config: /scratch/yorig/mpils-results-grid-seconds-5/easy/24proc/seed-1/6_neos-4413714-turia_seed-1_20260503_095615/iterated_local_search/run_5_worker_16/ils_config_17133693041580097743.prm
[WARN]:[10:01:48] CPLEX finished without a primal feasible solution for config /scratch/yorig/mpils-results-grid-seconds-5/easy/24proc/seed-1/6_neos-4413714-turia_seed-1_20260503_095615/iterated_local_search/run_5_worker_16/ils_config_17133693041580097743.prm.
[INFO]:[10:01:48] CPLEX results. Gap: unavailable, upper bound: null, lower bound: -999999999999999926539781176481198923508803215199467887262646419780362305536.000000
[INFO]:[10:01:48] CPLEX solver finished. Gap: 179769313486231570814527423731704356798070567525844996598917476803157260780028538760589558632766878171540458953514382464234321326889464182768467546703537516986049910576551282076245490090389328944075868508455133942304583236903222948165808559332123348274797826204144723168738177180919299881250404026184124858368.000000
[INFO]:[10:01:48] Starting CPLEX solver on instance: /home/yorig/tuner/mpils-tests/instances/miplib/easy/neos-4413714-turia.mps with config: /scratch/yorig/mpils-results-grid-seconds-5/easy/24proc/seed-1/6_neos-4413714-turia_seed-1_20260503_095615/iterated_local_search/run_5_worker_16/ils_config_10002192688557832986.prm
[INFO]:[10:01:48] Starting CPLEX solver on instance: /home/yorig/tuner/mpils-tests/instances/miplib/easy/neos-4413714-turia.mps with config: /scratch/yorig/mpils-results-grid-seconds-5/easy/24proc/seed-1/6_neos-4413714-turia_seed-1_20260503_095615/iterated_local_search/run_5_worker_16/ils_config_10002192688557832986.prm
[WARN]:[10:01:54] CPLEX finished without a primal feasible solution for config /scratch/yorig/mpils-results-grid-seconds-5/easy/24proc/seed-1/6_neos-4413714-turia_seed-1_20260503_095615/iterated_local_search/run_5_worker_16/ils_config_10002192688557832986.prm.
[INFO]:[10:01:54] CPLEX results. Gap: unavailable, upper bound: null, lower bound: -999999999999999926539781176481198923508803215199467887262646419780362305536.000000
[INFO]:[10:01:54] CPLEX solver finished. Gap: 179769313486231570814527423731704356798070567525844996598917476803157260780028538760589558632766878171540458953514382464234321326889464182768467546703537516986049910576551282076245490090389328944075868508455133942304583236903222948165808559332123348274797826204144723168738177180919299881250404026184124858368.000000
[INFO]:[10:01:54] Starting CPLEX solver on instance: /home/yorig/tuner/mpils-tests/instances/miplib/easy/neos-4413714-turia.mps with config: /scratch/yorig/mpils-results-grid-seconds-5/easy/24proc/seed-1/6_neos-4413714-turia_seed-1_20260503_095615/iterated_local_search/run_5_worker_16/ils_config_13658059759421458449.prm
[INFO]:[10:01:54] Starting CPLEX solver on instance: /home/yorig/tuner/mpils-tests/instances/miplib/easy/neos-4413714-turia.mps with config: /scratch/yorig/mpils-results-grid-seconds-5/easy/24proc/seed-1/6_neos-4413714-turia_seed-1_20260503_095615/iterated_local_search/run_5_worker_16/ils_config_13658059759421458449.prm
[WARN]:[10:01:59] CPLEX finished without a primal feasible solution for config /scratch/yorig/mpils-results-grid-seconds-5/easy/24proc/seed-1/6_neos-4413714-turia_seed-1_20260503_095615/iterated_local_search/run_5_worker_16/ils_config_13658059759421458449.prm.
[INFO]:[10:01:59] CPLEX results. Gap: unavailable, upper bound: null, lower bound: -999999999999999926539781176481198923508803215199467887262646419780362305536.000000
[INFO]:[10:01:59] CPLEX solver finished. Gap: 179769313486231570814527423731704356798070567525844996598917476803157260780028538760589558632766878171540458953514382464234321326889464182768467546703537516986049910576551282076245490090389328944075868508455133942304583236903222948165808559332123348274797826204144723168738177180919299881250404026184124858368.000000
[INFO]:[10:01:59] Starting CPLEX solver on instance: /home/yorig/tuner/mpils-tests/instances/miplib/easy/neos-4413714-turia.mps with config: /scratch/yorig/mpils-results-grid-seconds-5/easy/24proc/seed-1/6_neos-4413714-turia_seed-1_20260503_095615/iterated_local_search/run_5_worker_16/ils_config_8351939941850477085.prm
[INFO]:[10:01:59] Starting CPLEX solver on instance: /home/yorig/tuner/mpils-tests/instances/miplib/easy/neos-4413714-turia.mps with config: /scratch/yorig/mpils-results-grid-seconds-5/easy/24proc/seed-1/6_neos-4413714-turia_seed-1_20260503_095615/iterated_local_search/run_5_worker_16/ils_config_8351939941850477085.prm
[WARN]:[10:02:04] CPLEX finished without a primal feasible solution for config /scratch/yorig/mpils-results-grid-seconds-5/easy/24proc/seed-1/6_neos-4413714-turia_seed-1_20260503_095615/iterated_local_search/run_5_worker_16/ils_config_8351939941850477085.prm.
[INFO]:[10:02:04] CPLEX results. Gap: unavailable, upper bound: null, lower bound: -999999999999999926539781176481198923508803215199467887262646419780362305536.000000
[INFO]:[10:02:04] CPLEX solver finished. Gap: 179769313486231570814527423731704356798070567525844996598917476803157260780028538760589558632766878171540458953514382464234321326889464182768467546703537516986049910576551282076245490090389328944075868508455133942304583236903222948165808559332123348274797826204144723168738177180919299881250404026184124858368.000000
[INFO]:[10:02:04] Starting CPLEX solver on instance: /home/yorig/tuner/mpils-tests/instances/miplib/easy/neos-4413714-turia.mps with config: /scratch/yorig/mpils-results-grid-seconds-5/easy/24proc/seed-1/6_neos-4413714-turia_seed-1_20260503_095615/iterated_local_search/run_5_worker_16/ils_config_5346163552198115238.prm
[INFO]:[10:02:04] Starting CPLEX solver on instance: /home/yorig/tuner/mpils-tests/instances/miplib/easy/neos-4413714-turia.mps with config: /scratch/yorig/mpils-results-grid-seconds-5/easy/24proc/seed-1/6_neos-4413714-turia_seed-1_20260503_095615/iterated_local_search/run_5_worker_16/ils_config_5346163552198115238.prm
[WARN]:[10:02:10] CPLEX finished without a primal feasible solution for config /scratch/yorig/mpils-results-grid-seconds-5/easy/24proc/seed-1/6_neos-4413714-turia_seed-1_20260503_095615/iterated_local_search/run_5_worker_16/ils_config_5346163552198115238.prm.
[INFO]:[10:02:10] CPLEX results. Gap: unavailable, upper bound: null, lower bound: -999999999999999926539781176481198923508803215199467887262646419780362305536.000000
[INFO]:[10:02:10] CPLEX solver finished. Gap: 179769313486231570814527423731704356798070567525844996598917476803157260780028538760589558632766878171540458953514382464234321326889464182768467546703537516986049910576551282076245490090389328944075868508455133942304583236903222948165808559332123348274797826204144723168738177180919299881250404026184124858368.000000
[INFO]:[10:02:10] Starting CPLEX solver on instance: /home/yorig/tuner/mpils-tests/instances/miplib/easy/neos-4413714-turia.mps with config: /scratch/yorig/mpils-results-grid-seconds-5/easy/24proc/seed-1/6_neos-4413714-turia_seed-1_20260503_095615/iterated_local_search/run_5_worker_16/ils_config_13749737612068339377.prm
[INFO]:[10:02:10] Starting CPLEX solver on instance: /home/yorig/tuner/mpils-tests/instances/miplib/easy/neos-4413714-turia.mps with config: /scratch/yorig/mpils-results-grid-seconds-5/easy/24proc/seed-1/6_neos-4413714-turia_seed-1_20260503_095615/iterated_local_search/run_5_worker_16/ils_config_13749737612068339377.prm
[WARN]:[10:02:15] CPLEX finished without a primal feasible solution for config /scratch/yorig/mpils-results-grid-seconds-5/easy/24proc/seed-1/6_neos-4413714-turia_seed-1_20260503_095615/iterated_local_search/run_5_worker_16/ils_config_13749737612068339377.prm.
[INFO]:[10:02:15] CPLEX results. Gap: unavailable, upper bound: null, lower bound: -999999999999999926539781176481198923508803215199467887262646419780362305536.000000
[INFO]:[10:02:15] CPLEX solver finished. Gap: 179769313486231570814527423731704356798070567525844996598917476803157260780028538760589558632766878171540458953514382464234321326889464182768467546703537516986049910576551282076245490090389328944075868508455133942304583236903222948165808559332123348274797826204144723168738177180919299881250404026184124858368.000000
[INFO]:[10:02:15] Starting CPLEX solver on instance: /home/yorig/tuner/mpils-tests/instances/miplib/easy/neos-4413714-turia.mps with config: /scratch/yorig/mpils-results-grid-seconds-5/easy/24proc/seed-1/6_neos-4413714-turia_seed-1_20260503_095615/iterated_local_search/run_5_worker_16/ils_config_13507034178002930605.prm
[INFO]:[10:02:15] Starting CPLEX solver on instance: /home/yorig/tuner/mpils-tests/instances/miplib/easy/neos-4413714-turia.mps with config: /scratch/yorig/mpils-results-grid-seconds-5/easy/24proc/seed-1/6_neos-4413714-turia_seed-1_20260503_095615/iterated_local_search/run_5_worker_16/ils_config_13507034178002930605.prm
[WARN]:[10:02:20] CPLEX finished without a primal feasible solution for config /scratch/yorig/mpils-results-grid-seconds-5/easy/24proc/seed-1/6_neos-4413714-turia_seed-1_20260503_095615/iterated_local_search/run_5_worker_16/ils_config_13507034178002930605.prm.
[INFO]:[10:02:20] CPLEX results. Gap: unavailable, upper bound: null, lower bound: -999999999999999926539781176481198923508803215199467887262646419780362305536.000000
[INFO]:[10:02:20] CPLEX solver finished. Gap: 179769313486231570814527423731704356798070567525844996598917476803157260780028538760589558632766878171540458953514382464234321326889464182768467546703537516986049910576551282076245490090389328944075868508455133942304583236903222948165808559332123348274797826204144723168738177180919299881250404026184124858368.000000
[INFO]:[10:02:20] Starting CPLEX solver on instance: /home/yorig/tuner/mpils-tests/instances/miplib/easy/neos-4413714-turia.mps with config: /scratch/yorig/mpils-results-grid-seconds-5/easy/24proc/seed-1/6_neos-4413714-turia_seed-1_20260503_095615/iterated_local_search/run_5_worker_16/ils_config_16711826659314438382.prm
[INFO]:[10:02:20] Starting CPLEX solver on instance: /home/yorig/tuner/mpils-tests/instances/miplib/easy/neos-4413714-turia.mps with config: /scratch/yorig/mpils-results-grid-seconds-5/easy/24proc/seed-1/6_neos-4413714-turia_seed-1_20260503_095615/iterated_local_search/run_5_worker_16/ils_config_16711826659314438382.prm
[INFO]:[10:02:25] CPLEX results. Gap: 199999999999959967528972798129034178777029809524957641716099736843245846528.000000, upper bound: 500.000000, lower bound: -999999999999999926539781176481198923508803215199467887262646419780362305536.000000
[INFO]:[10:02:25] CPLEX solver finished. Gap: 199999999999959967528972798129034178777029809524957641716099736843245846528.000000
[INFO]:[10:02:25] New incumbent found with objective value: 2e+74
[INFO]:[10:02:25] Starting CPLEX solver on instance: /home/yorig/tuner/mpils-tests/instances/miplib/easy/neos-4413714-turia.mps with config: /scratch/yorig/mpils-results-grid-seconds-5/easy/24proc/seed-1/6_neos-4413714-turia_seed-1_20260503_095615/iterated_local_search/run_5_worker_16/ils_config_1622312656116830883.prm
[INFO]:[10:02:25] Starting CPLEX solver on instance: /home/yorig/tuner/mpils-tests/instances/miplib/easy/neos-4413714-turia.mps with config: /scratch/yorig/mpils-results-grid-seconds-5/easy/24proc/seed-1/6_neos-4413714-turia_seed-1_20260503_095615/iterated_local_search/run_5_worker_16/ils_config_1622312656116830883.prm
[INFO]:[10:02:31] CPLEX results. Gap: 199999999999959967528972798129034178777029809524957641716099736843245846528.000000, upper bound: 500.000000, lower bound: -999999999999999926539781176481198923508803215199467887262646419780362305536.000000
[INFO]:[10:02:31] CPLEX solver finished. Gap: 199999999999959967528972798129034178777029809524957641716099736843245846528.000000
[INFO]:[10:02:31] Starting CPLEX solver on instance: /home/yorig/tuner/mpils-tests/instances/miplib/easy/neos-4413714-turia.mps with config: /scratch/yorig/mpils-results-grid-seconds-5/easy/24proc/seed-1/6_neos-4413714-turia_seed-1_20260503_095615/iterated_local_search/run_5_worker_16/ils_config_1955339524937780028.prm
[INFO]:[10:02:31] Starting CPLEX solver on instance: /home/yorig/tuner/mpils-tests/instances/miplib/easy/neos-4413714-turia.mps with config: /scratch/yorig/mpils-results-grid-seconds-5/easy/24proc/seed-1/6_neos-4413714-turia_seed-1_20260503_095615/iterated_local_search/run_5_worker_16/ils_config_1955339524937780028.prm
[INFO]:[10:02:36] CPLEX results. Gap: 199999999999959967528972798129034178777029809524957641716099736843245846528.000000, upper bound: 500.000000, lower bound: -999999999999999926539781176481198923508803215199467887262646419780362305536.000000
[INFO]:[10:02:36] CPLEX solver finished. Gap: 199999999999959967528972798129034178777029809524957641716099736843245846528.000000
[INFO]:[10:02:36] Starting CPLEX solver on instance: /home/yorig/tuner/mpils-tests/instances/miplib/easy/neos-4413714-turia.mps with config: /scratch/yorig/mpils-results-grid-seconds-5/easy/24proc/seed-1/6_neos-4413714-turia_seed-1_20260503_095615/iterated_local_search/run_5_worker_16/ils_config_527038510750504227.prm
[INFO]:[10:02:36] Starting CPLEX solver on instance: /home/yorig/tuner/mpils-tests/instances/miplib/easy/neos-4413714-turia.mps with config: /scratch/yorig/mpils-results-grid-seconds-5/easy/24proc/seed-1/6_neos-4413714-turia_seed-1_20260503_095615/iterated_local_search/run_5_worker_16/ils_config_527038510750504227.prm
[INFO]:[10:02:41] CPLEX results. Gap: 199999999999959967528972798129034178777029809524957641716099736843245846528.000000, upper bound: 500.000000, lower bound: -999999999999999926539781176481198923508803215199467887262646419780362305536.000000
[INFO]:[10:02:41] CPLEX solver finished. Gap: 199999999999959967528972798129034178777029809524957641716099736843245846528.000000
[INFO]:[10:02:41] Starting CPLEX solver on instance: /home/yorig/tuner/mpils-tests/instances/miplib/easy/neos-4413714-turia.mps with config: /scratch/yorig/mpils-results-grid-seconds-5/easy/24proc/seed-1/6_neos-4413714-turia_seed-1_20260503_095615/iterated_local_search/run_5_worker_16/ils_config_16684213492356281808.prm
[INFO]:[10:02:41] Starting CPLEX solver on instance: /home/yorig/tuner/mpils-tests/instances/miplib/easy/neos-4413714-turia.mps with config: /scratch/yorig/mpils-results-grid-seconds-5/easy/24proc/seed-1/6_neos-4413714-turia_seed-1_20260503_095615/iterated_local_search/run_5_worker_16/ils_config_16684213492356281808.prm
[INFO]:[10:02:47] CPLEX results. Gap: 91.310000, upper bound: 500.000000, lower bound: 43.474651
[INFO]:[10:02:47] CPLEX solver finished. Gap: 91.310000
[INFO]:[10:02:47] New incumbent found with objective value: 91.31
[INFO]:[10:02:47] Starting CPLEX solver on instance: /home/yorig/tuner/mpils-tests/instances/miplib/easy/neos-4413714-turia.mps with config: /scratch/yorig/mpils-results-grid-seconds-5/easy/24proc/seed-1/6_neos-4413714-turia_seed-1_20260503_095615/iterated_local_search/run_5_worker_16/ils_config_12588101632905369746.prm
[INFO]:[10:02:47] Starting CPLEX solver on instance: /home/yorig/tuner/mpils-tests/instances/miplib/easy/neos-4413714-turia.mps with config: /scratch/yorig/mpils-results-grid-seconds-5/easy/24proc/seed-1/6_neos-4413714-turia_seed-1_20260503_095615/iterated_local_search/run_5_worker_16/ils_config_12588101632905369746.prm
[INFO]:[10:02:52] CPLEX results. Gap: 91.310000, upper bound: 500.000000, lower bound: 43.474651
[INFO]:[10:02:52] CPLEX solver finished. Gap: 91.310000
[INFO]:[10:02:52] Starting CPLEX solver on instance: /home/yorig/tuner/mpils-tests/instances/miplib/easy/neos-4413714-turia.mps with config: /scratch/yorig/mpils-results-grid-seconds-5/easy/24proc/seed-1/6_neos-4413714-turia_seed-1_20260503_095615/iterated_local_search/run_5_worker_16/ils_config_6542437888300682204.prm
[INFO]:[10:02:52] Starting CPLEX solver on instance: /home/yorig/tuner/mpils-tests/instances/miplib/easy/neos-4413714-turia.mps with config: /scratch/yorig/mpils-results-grid-seconds-5/easy/24proc/seed-1/6_neos-4413714-turia_seed-1_20260503_095615/iterated_local_search/run_5_worker_16/ils_config_6542437888300682204.prm
[INFO]:[10:02:57] CPLEX results. Gap: 91.310000, upper bound: 500.000000, lower bound: 43.474651
[INFO]:[10:02:57] CPLEX solver finished. Gap: 91.310000
[INFO]:[10:02:57] Starting CPLEX solver on instance: /home/yorig/tuner/mpils-tests/instances/miplib/easy/neos-4413714-turia.mps with config: /scratch/yorig/mpils-results-grid-seconds-5/easy/24proc/seed-1/6_neos-4413714-turia_seed-1_20260503_095615/iterated_local_search/run_5_worker_16/ils_config_12720561673275405902.prm
[INFO]:[10:02:57] Starting CPLEX solver on instance: /home/yorig/tuner/mpils-tests/instances/miplib/easy/neos-4413714-turia.mps with config: /scratch/yorig/mpils-results-grid-seconds-5/easy/24proc/seed-1/6_neos-4413714-turia_seed-1_20260503_095615/iterated_local_search/run_5_worker_16/ils_config_12720561673275405902.prm
[INFO]:[10:03:03] CPLEX results. Gap: 91.310000, upper bound: 500.000000, lower bound: 43.474651
[INFO]:[10:03:03] CPLEX solver finished. Gap: 91.310000
[INFO]:[10:03:03] Starting CPLEX solver on instance: /home/yorig/tuner/mpils-tests/instances/miplib/easy/neos-4413714-turia.mps with config: /scratch/yorig/mpils-results-grid-seconds-5/easy/24proc/seed-1/6_neos-4413714-turia_seed-1_20260503_095615/iterated_local_search/run_5_worker_16/ils_config_18432523644633660541.prm
[INFO]:[10:03:03] Starting CPLEX solver on instance: /home/yorig/tuner/mpils-tests/instances/miplib/easy/neos-4413714-turia.mps with config: /scratch/yorig/mpils-results-grid-seconds-5/easy/24proc/seed-1/6_neos-4413714-turia_seed-1_20260503_095615/iterated_local_search/run_5_worker_16/ils_config_18432523644633660541.prm
[INFO]:[10:03:08] CPLEX results. Gap: 91.310000, upper bound: 500.000000, lower bound: 43.474651
[INFO]:[10:03:08] CPLEX solver finished. Gap: 91.310000
[INFO]:[10:03:08] Starting CPLEX solver on instance: /home/yorig/tuner/mpils-tests/instances/miplib/easy/neos-4413714-turia.mps with config: /scratch/yorig/mpils-results-grid-seconds-5/easy/24proc/seed-1/6_neos-4413714-turia_seed-1_20260503_095615/iterated_local_search/run_5_worker_16/ils_config_17083535935393862075.prm
[INFO]:[10:03:08] Starting CPLEX solver on instance: /home/yorig/tuner/mpils-tests/instances/miplib/easy/neos-4413714-turia.mps with config: /scratch/yorig/mpils-results-grid-seconds-5/easy/24proc/seed-1/6_neos-4413714-turia_seed-1_20260503_095615/iterated_local_search/run_5_worker_16/ils_config_17083535935393862075.prm
[INFO]:[10:03:13] CPLEX results. Gap: 91.310000, upper bound: 500.000000, lower bound: 43.474651
[INFO]:[10:03:13] CPLEX solver finished. Gap: 91.310000
[INFO]:[10:03:13] Starting CPLEX solver on instance: /home/yorig/tuner/mpils-tests/instances/miplib/easy/neos-4413714-turia.mps with config: /scratch/yorig/mpils-results-grid-seconds-5/easy/24proc/seed-1/6_neos-4413714-turia_seed-1_20260503_095615/iterated_local_search/run_5_worker_16/ils_config_15137616074526037871.prm
[INFO]:[10:03:13] Starting CPLEX solver on instance: /home/yorig/tuner/mpils-tests/instances/miplib/easy/neos-4413714-turia.mps with config: /scratch/yorig/mpils-results-grid-seconds-5/easy/24proc/seed-1/6_neos-4413714-turia_seed-1_20260503_095615/iterated_local_search/run_5_worker_16/ils_config_15137616074526037871.prm
[INFO]:[10:03:19] CPLEX results. Gap: 91.310000, upper bound: 500.000000, lower bound: 43.474651
[INFO]:[10:03:19] CPLEX solver finished. Gap: 91.310000
[INFO]:[10:03:19] Starting CPLEX solver on instance: /home/yorig/tuner/mpils-tests/instances/miplib/easy/neos-4413714-turia.mps with config: /scratch/yorig/mpils-results-grid-seconds-5/easy/24proc/seed-1/6_neos-4413714-turia_seed-1_20260503_095615/iterated_local_search/run_5_worker_16/ils_config_9814105053100605455.prm
[INFO]:[10:03:19] Starting CPLEX solver on instance: /home/yorig/tuner/mpils-tests/instances/miplib/easy/neos-4413714-turia.mps with config: /scratch/yorig/mpils-results-grid-seconds-5/easy/24proc/seed-1/6_neos-4413714-turia_seed-1_20260503_095615/iterated_local_search/run_5_worker_16/ils_config_9814105053100605455.prm
[INFO]:[10:03:24] CPLEX results. Gap: 91.310000, upper bound: 500.000000, lower bound: 43.474651
[INFO]:[10:03:24] CPLEX solver finished. Gap: 91.310000
[INFO]:[10:03:24] Starting CPLEX solver on instance: /home/yorig/tuner/mpils-tests/instances/miplib/easy/neos-4413714-turia.mps with config: /scratch/yorig/mpils-results-grid-seconds-5/easy/24proc/seed-1/6_neos-4413714-turia_seed-1_20260503_095615/iterated_local_search/run_5_worker_16/ils_config_5954912046498105312.prm
[INFO]:[10:03:24] Starting CPLEX solver on instance: /home/yorig/tuner/mpils-tests/instances/miplib/easy/neos-4413714-turia.mps with config: /scratch/yorig/mpils-results-grid-seconds-5/easy/24proc/seed-1/6_neos-4413714-turia_seed-1_20260503_095615/iterated_local_search/run_5_worker_16/ils_config_5954912046498105312.prm
[INFO]:[10:03:29] CPLEX results. Gap: 91.310000, upper bound: 500.000000, lower bound: 43.474651
[INFO]:[10:03:29] CPLEX solver finished. Gap: 91.310000
[INFO]:[10:03:29] Starting CPLEX solver on instance: /home/yorig/tuner/mpils-tests/instances/miplib/easy/neos-4413714-turia.mps with config: /scratch/yorig/mpils-results-grid-seconds-5/easy/24proc/seed-1/6_neos-4413714-turia_seed-1_20260503_095615/iterated_local_search/run_5_worker_16/ils_config_17249175416180707039.prm
[INFO]:[10:03:29] Starting CPLEX solver on instance: /home/yorig/tuner/mpils-tests/instances/miplib/easy/neos-4413714-turia.mps with config: /scratch/yorig/mpils-results-grid-seconds-5/easy/24proc/seed-1/6_neos-4413714-turia_seed-1_20260503_095615/iterated_local_search/run_5_worker_16/ils_config_17249175416180707039.prm
[INFO]:[10:03:35] CPLEX results. Gap: 91.310000, upper bound: 500.000000, lower bound: 43.474651
[INFO]:[10:03:35] CPLEX solver finished. Gap: 91.310000
[INFO]:[10:03:35] Starting CPLEX solver on instance: /home/yorig/tuner/mpils-tests/instances/miplib/easy/neos-4413714-turia.mps with config: /scratch/yorig/mpils-results-grid-seconds-5/easy/24proc/seed-1/6_neos-4413714-turia_seed-1_20260503_095615/iterated_local_search/run_5_worker_16/ils_config_17527190598582359381.prm
[INFO]:[10:03:35] Starting CPLEX solver on instance: /home/yorig/tuner/mpils-tests/instances/miplib/easy/neos-4413714-turia.mps with config: /scratch/yorig/mpils-results-grid-seconds-5/easy/24proc/seed-1/6_neos-4413714-turia_seed-1_20260503_095615/iterated_local_search/run_5_worker_16/ils_config_17527190598582359381.prm
[INFO]:[10:03:40] CPLEX results. Gap: 91.310000, upper bound: 500.000000, lower bound: 43.474651
[INFO]:[10:03:40] CPLEX solver finished. Gap: 91.310000
[INFO]:[10:03:40] Starting CPLEX solver on instance: /home/yorig/tuner/mpils-tests/instances/miplib/easy/neos-4413714-turia.mps with config: /scratch/yorig/mpils-results-grid-seconds-5/easy/24proc/seed-1/6_neos-4413714-turia_seed-1_20260503_095615/iterated_local_search/run_5_worker_16/ils_config_14366765505876172308.prm
[INFO]:[10:03:40] Starting CPLEX solver on instance: /home/yorig/tuner/mpils-tests/instances/miplib/easy/neos-4413714-turia.mps with config: /scratch/yorig/mpils-results-grid-seconds-5/easy/24proc/seed-1/6_neos-4413714-turia_seed-1_20260503_095615/iterated_local_search/run_5_worker_16/ils_config_14366765505876172308.prm
[INFO]:[10:03:45] CPLEX results. Gap: 91.310000, upper bound: 500.000000, lower bound: 43.474651
[INFO]:[10:03:45] CPLEX solver finished. Gap: 91.310000
[INFO]:[10:03:45] Starting CPLEX solver on instance: /home/yorig/tuner/mpils-tests/instances/miplib/easy/neos-4413714-turia.mps with config: /scratch/yorig/mpils-results-grid-seconds-5/easy/24proc/seed-1/6_neos-4413714-turia_seed-1_20260503_095615/iterated_local_search/run_5_worker_16/ils_config_13576302731120438631.prm
[INFO]:[10:03:45] Starting CPLEX solver on instance: /home/yorig/tuner/mpils-tests/instances/miplib/easy/neos-4413714-turia.mps with config: /scratch/yorig/mpils-results-grid-seconds-5/easy/24proc/seed-1/6_neos-4413714-turia_seed-1_20260503_095615/iterated_local_search/run_5_worker_16/ils_config_13576302731120438631.prm
[INFO]:[10:03:51] CPLEX results. Gap: 91.310000, upper bound: 500.000000, lower bound: 43.474651
[INFO]:[10:03:51] CPLEX solver finished. Gap: 91.310000
[INFO]:[10:03:51] Starting CPLEX solver on instance: /home/yorig/tuner/mpils-tests/instances/miplib/easy/neos-4413714-turia.mps with config: /scratch/yorig/mpils-results-grid-seconds-5/easy/24proc/seed-1/6_neos-4413714-turia_seed-1_20260503_095615/iterated_local_search/run_5_worker_16/ils_config_15812182674010643161.prm
[INFO]:[10:03:51] Starting CPLEX solver on instance: /home/yorig/tuner/mpils-tests/instances/miplib/easy/neos-4413714-turia.mps with config: /scratch/yorig/mpils-results-grid-seconds-5/easy/24proc/seed-1/6_neos-4413714-turia_seed-1_20260503_095615/iterated_local_search/run_5_worker_16/ils_config_15812182674010643161.prm
[INFO]:[10:03:56] CPLEX results. Gap: 91.310000, upper bound: 500.000000, lower bound: 43.474651
[INFO]:[10:03:56] CPLEX solver finished. Gap: 91.310000
[INFO]:[10:03:56] Starting CPLEX solver on instance: /home/yorig/tuner/mpils-tests/instances/miplib/easy/neos-4413714-turia.mps with config: /scratch/yorig/mpils-results-grid-seconds-5/easy/24proc/seed-1/6_neos-4413714-turia_seed-1_20260503_095615/iterated_local_search/run_5_worker_16/ils_config_11540361777946172896.prm
[INFO]:[10:03:56] Starting CPLEX solver on instance: /home/yorig/tuner/mpils-tests/instances/miplib/easy/neos-4413714-turia.mps with config: /scratch/yorig/mpils-results-grid-seconds-5/easy/24proc/seed-1/6_neos-4413714-turia_seed-1_20260503_095615/iterated_local_search/run_5_worker_16/ils_config_11540361777946172896.prm
[INFO]:[10:04:01] CPLEX results. Gap: 91.310000, upper bound: 500.000000, lower bound: 43.474651
[INFO]:[10:04:01] CPLEX solver finished. Gap: 91.310000
[INFO]:[10:04:01] Local search phase completed.
[INFO]:[10:04:01] Total number of new local-search evaluations: 27
[INFO]:[10:04:01] Final incumbent objective value: 91.31
[INFO]:[10:04:20] Worker 16 completed exploration phase.
[INFO]:[10:04:20] Worker 16 received order for step 2.
[INFO]:[10:04:20] Worker 16 running expansion phase for iteration 5.
[INFO]:[10:04:20] Worker 16 will use solver log file: /scratch/yorig/mpils-results-grid-seconds-5/easy/24proc/seed-1/6_neos-4413714-turia_seed-1_20260503_095615/solver/cplex.log_iteration_expansion_5_worker_16
[INFO]:[10:04:20] Expansion Worker 16 starting expansion for iteration 5.
[INFO]:[10:04:20] Starting CPLEX solver on instance: /home/yorig/tuner/mpils-tests/instances/miplib/easy/neos-4413714-turia.mps with config: /scratch/yorig/mpils-results-grid-seconds-5/easy/24proc/seed-1/6_neos-4413714-turia_seed-1_20260503_095615/expansion/config_param_CPXPARAM_Barrier_Algorithm_2_iter_5.prm
[INFO]:[10:04:25] CPLEX results. Gap: 5.430000, upper bound: 46.696994, lower bound: 44.160038
[INFO]:[10:04:25] CPLEX solver finished. Gap: 5.430000
[INFO]:[10:04:25] Expansion Worker 16 found an improving configuration with objective value 5.43.
[INFO]:[10:04:25] Expansion Worker 16 stopping early after global MPI expansion stop was activated.
[INFO]:[10:04:25] Expansion Worker 16 completed expansion.
[INFO]:[10:04:25] Worker 16 completed expansion phase.
[INFO]:[10:04:28] Worker 16 received order for step 1.
[INFO]:[10:04:28] Worker 16 running exploration phase for iteration 6.
[INFO]:[10:04:28] Worker 16 at iteration 6 will not use a MIP start file. Current best MIP-start upper bound threshold is 46.4667.
[INFO]:[10:04:28] Starting local search phase...
[INFO]:[10:04:28] Creating local search space from parameter space file: /scratch/yorig/mpils-results-grid-seconds-5/easy/24proc/seed-1/6_neos-4413714-turia_seed-1_20260503_095615/iterated_local_search/search_space/search_space_file_6_worker_16.txt
[INFO]:[10:04:28] Local search space loaded from file: /scratch/yorig/mpils-results-grid-seconds-5/easy/24proc/seed-1/6_neos-4413714-turia_seed-1_20260503_095615/iterated_local_search/search_space/search_space_file_6_worker_16.txt
[INFO]:[10:04:28] Number of parameters in local search space: 71
[INFO]:[10:04:28] Number of forbidden tuples in local search space: 109
[INFO]:[10:04:28] Number of conditionals in local search space: 6
[INFO]:[10:04:28] MIP start option not enabled. Local search will proceed without MIP start.
[INFO]:[10:04:28] Evaluating initial configuration for local search phase...
[INFO]:[10:04:28] Starting CPLEX solver on instance: /home/yorig/tuner/mpils-tests/instances/miplib/easy/neos-4413714-turia.mps with config: /scratch/yorig/mpils-results-grid-seconds-5/easy/24proc/seed-1/6_neos-4413714-turia_seed-1_20260503_095615/iterated_local_search/run_6_worker_16/ils_config_14315045420219083038.prm
[INFO]:[10:04:28] Starting CPLEX solver on instance: /home/yorig/tuner/mpils-tests/instances/miplib/easy/neos-4413714-turia.mps with config: /scratch/yorig/mpils-results-grid-seconds-5/easy/24proc/seed-1/6_neos-4413714-turia_seed-1_20260503_095615/iterated_local_search/run_6_worker_16/ils_config_14315045420219083038.prm
[INFO]:[10:04:33] CPLEX results. Gap: 19.060000, upper bound: 53.710757, lower bound: 43.474651
[INFO]:[10:04:33] CPLEX solver finished. Gap: 19.060000
[INFO]:[10:04:33] Initial configuration evaluated with objective value: 19.06
[INFO]:[10:04:33] Starting CPLEX solver on instance: /home/yorig/tuner/mpils-tests/instances/miplib/easy/neos-4413714-turia.mps with config: /scratch/yorig/mpils-results-grid-seconds-5/easy/24proc/seed-1/6_neos-4413714-turia_seed-1_20260503_095615/iterated_local_search/run_6_worker_16/ils_config_16540684117790586838.prm
[INFO]:[10:04:33] Starting CPLEX solver on instance: /home/yorig/tuner/mpils-tests/instances/miplib/easy/neos-4413714-turia.mps with config: /scratch/yorig/mpils-results-grid-seconds-5/easy/24proc/seed-1/6_neos-4413714-turia_seed-1_20260503_095615/iterated_local_search/run_6_worker_16/ils_config_16540684117790586838.prm
[INFO]:[10:04:39] CPLEX results. Gap: 19.060000, upper bound: 53.710757, lower bound: 43.474651
[INFO]:[10:04:39] CPLEX solver finished. Gap: 19.060000
[INFO]:[10:04:39] Starting CPLEX solver on instance: /home/yorig/tuner/mpils-tests/instances/miplib/easy/neos-4413714-turia.mps with config: /scratch/yorig/mpils-results-grid-seconds-5/easy/24proc/seed-1/6_neos-4413714-turia_seed-1_20260503_095615/iterated_local_search/run_6_worker_16/ils_config_7249112031570721430.prm
[INFO]:[10:04:39] Starting CPLEX solver on instance: /home/yorig/tuner/mpils-tests/instances/miplib/easy/neos-4413714-turia.mps with config: /scratch/yorig/mpils-results-grid-seconds-5/easy/24proc/seed-1/6_neos-4413714-turia_seed-1_20260503_095615/iterated_local_search/run_6_worker_16/ils_config_7249112031570721430.prm
[INFO]:[10:04:45] CPLEX results. Gap: 19.060000, upper bound: 53.710757, lower bound: 43.474651
[INFO]:[10:04:45] CPLEX solver finished. Gap: 19.060000
[INFO]:[10:04:45] Received global ILS stop signal from rank 1.
[INFO]:[10:04:45] Local search phase completed.
[INFO]:[10:04:45] Total number of new local-search evaluations: 3
[INFO]:[10:04:45] Final incumbent objective value: 19.06
[INFO]:[10:04:46] Worker 16 completed exploration phase.
[INFO]:[10:04:46] Worker 16 received order for step 3.
[INFO]:[10:04:46] Worker 16 finished.
