[INFO]:[01:49:51] Worker 10 starting.
[INFO]:[01:49:51] Worker 10 received order for step 1.
[INFO]:[01:49:51] Worker 10 running exploration phase for iteration 1.
[INFO]:[01:49:51] Worker 10 at iteration 1 will not use a MIP start file. Current best MIP-start upper bound threshold is 1.79769e+308.
[INFO]:[01:49:51] Starting local search phase...
[INFO]:[01:49:51] Creating local search space from parameter space file: /scratch/yorig/mpils-results-grid-seconds-5-watchdog/easy/24proc/seed-2/10_supportcase33_seed-2_20260504_014950/iterated_local_search/search_space/search_space_file_1_worker_10.txt
[INFO]:[01:49:51] Local search space loaded from file: /scratch/yorig/mpils-results-grid-seconds-5-watchdog/easy/24proc/seed-2/10_supportcase33_seed-2_20260504_014950/iterated_local_search/search_space/search_space_file_1_worker_10.txt
[INFO]:[01:49:51] Number of parameters in local search space: 71
[INFO]:[01:49:51] Number of forbidden tuples in local search space: 0
[INFO]:[01:49:51] Number of conditionals in local search space: 6
[INFO]:[01:49:51] MIP start option not enabled. Local search will proceed without MIP start.
[INFO]:[01:49:51] Evaluating initial configuration for local search phase...
[INFO]:[01:49:51] Starting CPLEX solver on instance: /home/yorig/tuner/mpils-tests/instances/miplib/easy/supportcase33.mps with config: /scratch/yorig/mpils-results-grid-seconds-5-watchdog/easy/24proc/seed-2/10_supportcase33_seed-2_20260504_014950/iterated_local_search/run_1_worker_10/ils_config_6789536483895926134.prm
[INFO]:[01:49:51] Starting CPLEX solver on instance: /home/yorig/tuner/mpils-tests/instances/miplib/easy/supportcase33.mps with config: /scratch/yorig/mpils-results-grid-seconds-5-watchdog/easy/24proc/seed-2/10_supportcase33_seed-2_20260504_014950/iterated_local_search/run_1_worker_10/ils_config_6789536483895926134.prm
[INFO]:[01:49:56] CPLEX results. Gap: 24.340000, upper bound: -315.000000, lower bound: -391.666667
[INFO]:[01:49:56] CPLEX solver finished. Gap: 24.340000
[INFO]:[01:49:56] Initial configuration evaluated with objective value: 24.34
[INFO]:[01:49:57] Starting CPLEX solver on instance: /home/yorig/tuner/mpils-tests/instances/miplib/easy/supportcase33.mps with config: /scratch/yorig/mpils-results-grid-seconds-5-watchdog/easy/24proc/seed-2/10_supportcase33_seed-2_20260504_014950/iterated_local_search/run_1_worker_10/ils_config_14539831772041216667.prm
[INFO]:[01:49:57] Starting CPLEX solver on instance: /home/yorig/tuner/mpils-tests/instances/miplib/easy/supportcase33.mps with config: /scratch/yorig/mpils-results-grid-seconds-5-watchdog/easy/24proc/seed-2/10_supportcase33_seed-2_20260504_014950/iterated_local_search/run_1_worker_10/ils_config_14539831772041216667.prm
[INFO]:[01:50:02] CPLEX results. Gap: 19.120000, upper bound: -340.000000, lower bound: -405.000000
[INFO]:[01:50:02] CPLEX solver finished. Gap: 19.120000
[INFO]:[01:50:02] New incumbent found with objective value: 19.12
[INFO]:[01:50:02] Starting CPLEX solver on instance: /home/yorig/tuner/mpils-tests/instances/miplib/easy/supportcase33.mps with config: /scratch/yorig/mpils-results-grid-seconds-5-watchdog/easy/24proc/seed-2/10_supportcase33_seed-2_20260504_014950/iterated_local_search/run_1_worker_10/ils_config_13660579595545033926.prm
[INFO]:[01:50:02] Starting CPLEX solver on instance: /home/yorig/tuner/mpils-tests/instances/miplib/easy/supportcase33.mps with config: /scratch/yorig/mpils-results-grid-seconds-5-watchdog/easy/24proc/seed-2/10_supportcase33_seed-2_20260504_014950/iterated_local_search/run_1_worker_10/ils_config_13660579595545033926.prm
[INFO]:[01:50:07] CPLEX results. Gap: 28.870000, upper bound: -310.000000, lower bound: -399.500000
[INFO]:[01:50:07] CPLEX solver finished. Gap: 28.870000
[INFO]:[01:50:07] Starting CPLEX solver on instance: /home/yorig/tuner/mpils-tests/instances/miplib/easy/supportcase33.mps with config: /scratch/yorig/mpils-results-grid-seconds-5-watchdog/easy/24proc/seed-2/10_supportcase33_seed-2_20260504_014950/iterated_local_search/run_1_worker_10/ils_config_12377361015913112904.prm
[INFO]:[01:50:07] Starting CPLEX solver on instance: /home/yorig/tuner/mpils-tests/instances/miplib/easy/supportcase33.mps with config: /scratch/yorig/mpils-results-grid-seconds-5-watchdog/easy/24proc/seed-2/10_supportcase33_seed-2_20260504_014950/iterated_local_search/run_1_worker_10/ils_config_12377361015913112904.prm
[INFO]:[01:50:12] CPLEX results. Gap: 33.330000, upper bound: -300.000000, lower bound: -400.000000
[INFO]:[01:50:12] CPLEX solver finished. Gap: 33.330000
[INFO]:[01:50:12] Starting CPLEX solver on instance: /home/yorig/tuner/mpils-tests/instances/miplib/easy/supportcase33.mps with config: /scratch/yorig/mpils-results-grid-seconds-5-watchdog/easy/24proc/seed-2/10_supportcase33_seed-2_20260504_014950/iterated_local_search/run_1_worker_10/ils_config_4442110195095584408.prm
[INFO]:[01:50:12] Starting CPLEX solver on instance: /home/yorig/tuner/mpils-tests/instances/miplib/easy/supportcase33.mps with config: /scratch/yorig/mpils-results-grid-seconds-5-watchdog/easy/24proc/seed-2/10_supportcase33_seed-2_20260504_014950/iterated_local_search/run_1_worker_10/ils_config_4442110195095584408.prm
[INFO]:[01:50:17] CPLEX results. Gap: 1075000000000000.000000, upper bound: 0.000000, lower bound: -1075.000000
[INFO]:[01:50:17] CPLEX solver finished. Gap: 1075000000000000.000000
[INFO]:[01:50:17] Starting CPLEX solver on instance: /home/yorig/tuner/mpils-tests/instances/miplib/easy/supportcase33.mps with config: /scratch/yorig/mpils-results-grid-seconds-5-watchdog/easy/24proc/seed-2/10_supportcase33_seed-2_20260504_014950/iterated_local_search/run_1_worker_10/ils_config_15367387831048276915.prm
[INFO]:[01:50:17] Starting CPLEX solver on instance: /home/yorig/tuner/mpils-tests/instances/miplib/easy/supportcase33.mps with config: /scratch/yorig/mpils-results-grid-seconds-5-watchdog/easy/24proc/seed-2/10_supportcase33_seed-2_20260504_014950/iterated_local_search/run_1_worker_10/ils_config_15367387831048276915.prm
[INFO]:[01:50:22] CPLEX results. Gap: 31.770000, upper bound: -305.000000, lower bound: -401.911765
[INFO]:[01:50:22] CPLEX solver finished. Gap: 31.770000
[INFO]:[01:50:22] Starting CPLEX solver on instance: /home/yorig/tuner/mpils-tests/instances/miplib/easy/supportcase33.mps with config: /scratch/yorig/mpils-results-grid-seconds-5-watchdog/easy/24proc/seed-2/10_supportcase33_seed-2_20260504_014950/iterated_local_search/run_1_worker_10/ils_config_5028774094838142650.prm
[INFO]:[01:50:22] Starting CPLEX solver on instance: /home/yorig/tuner/mpils-tests/instances/miplib/easy/supportcase33.mps with config: /scratch/yorig/mpils-results-grid-seconds-5-watchdog/easy/24proc/seed-2/10_supportcase33_seed-2_20260504_014950/iterated_local_search/run_1_worker_10/ils_config_5028774094838142650.prm
[INFO]:[01:50:27] CPLEX results. Gap: 19.120000, upper bound: -340.000000, lower bound: -405.000000
[INFO]:[01:50:27] CPLEX solver finished. Gap: 19.120000
[INFO]:[01:50:27] Starting CPLEX solver on instance: /home/yorig/tuner/mpils-tests/instances/miplib/easy/supportcase33.mps with config: /scratch/yorig/mpils-results-grid-seconds-5-watchdog/easy/24proc/seed-2/10_supportcase33_seed-2_20260504_014950/iterated_local_search/run_1_worker_10/ils_config_17329178708218125912.prm
[INFO]:[01:50:27] Starting CPLEX solver on instance: /home/yorig/tuner/mpils-tests/instances/miplib/easy/supportcase33.mps with config: /scratch/yorig/mpils-results-grid-seconds-5-watchdog/easy/24proc/seed-2/10_supportcase33_seed-2_20260504_014950/iterated_local_search/run_1_worker_10/ils_config_17329178708218125912.prm
[INFO]:[01:50:32] CPLEX results. Gap: 49.810000, upper bound: -270.000000, lower bound: -404.498886
[INFO]:[01:50:32] CPLEX solver finished. Gap: 49.810000
[INFO]:[01:50:32] Starting CPLEX solver on instance: /home/yorig/tuner/mpils-tests/instances/miplib/easy/supportcase33.mps with config: /scratch/yorig/mpils-results-grid-seconds-5-watchdog/easy/24proc/seed-2/10_supportcase33_seed-2_20260504_014950/iterated_local_search/run_1_worker_10/ils_config_13125674969890833537.prm
[INFO]:[01:50:32] Starting CPLEX solver on instance: /home/yorig/tuner/mpils-tests/instances/miplib/easy/supportcase33.mps with config: /scratch/yorig/mpils-results-grid-seconds-5-watchdog/easy/24proc/seed-2/10_supportcase33_seed-2_20260504_014950/iterated_local_search/run_1_worker_10/ils_config_13125674969890833537.prm
[INFO]:[01:50:37] CPLEX results. Gap: 5.800000, upper bound: -345.000000, lower bound: -365.000000
[INFO]:[01:50:37] CPLEX solver finished. Gap: 5.800000
[INFO]:[01:50:37] New incumbent found with objective value: 5.8
[INFO]:[01:50:37] Starting CPLEX solver on instance: /home/yorig/tuner/mpils-tests/instances/miplib/easy/supportcase33.mps with config: /scratch/yorig/mpils-results-grid-seconds-5-watchdog/easy/24proc/seed-2/10_supportcase33_seed-2_20260504_014950/iterated_local_search/run_1_worker_10/ils_config_2672285565701396274.prm
[INFO]:[01:50:37] Starting CPLEX solver on instance: /home/yorig/tuner/mpils-tests/instances/miplib/easy/supportcase33.mps with config: /scratch/yorig/mpils-results-grid-seconds-5-watchdog/easy/24proc/seed-2/10_supportcase33_seed-2_20260504_014950/iterated_local_search/run_1_worker_10/ils_config_2672285565701396274.prm
[INFO]:[01:50:42] CPLEX results. Gap: 11.860000, upper bound: -335.000000, lower bound: -374.738360
[INFO]:[01:50:42] CPLEX solver finished. Gap: 11.860000
[INFO]:[01:50:42] Starting CPLEX solver on instance: /home/yorig/tuner/mpils-tests/instances/miplib/easy/supportcase33.mps with config: /scratch/yorig/mpils-results-grid-seconds-5-watchdog/easy/24proc/seed-2/10_supportcase33_seed-2_20260504_014950/iterated_local_search/run_1_worker_10/ils_config_5537936333703784731.prm
[INFO]:[01:50:42] Starting CPLEX solver on instance: /home/yorig/tuner/mpils-tests/instances/miplib/easy/supportcase33.mps with config: /scratch/yorig/mpils-results-grid-seconds-5-watchdog/easy/24proc/seed-2/10_supportcase33_seed-2_20260504_014950/iterated_local_search/run_1_worker_10/ils_config_5537936333703784731.prm
[INFO]:[01:50:48] CPLEX results. Gap: 6.930000, upper bound: -345.000000, lower bound: -368.910891
[INFO]:[01:50:48] CPLEX solver finished. Gap: 6.930000
[INFO]:[01:50:48] Starting CPLEX solver on instance: /home/yorig/tuner/mpils-tests/instances/miplib/easy/supportcase33.mps with config: /scratch/yorig/mpils-results-grid-seconds-5-watchdog/easy/24proc/seed-2/10_supportcase33_seed-2_20260504_014950/iterated_local_search/run_1_worker_10/ils_config_3815626169973732518.prm
[INFO]:[01:50:48] Starting CPLEX solver on instance: /home/yorig/tuner/mpils-tests/instances/miplib/easy/supportcase33.mps with config: /scratch/yorig/mpils-results-grid-seconds-5-watchdog/easy/24proc/seed-2/10_supportcase33_seed-2_20260504_014950/iterated_local_search/run_1_worker_10/ils_config_3815626169973732518.prm
[INFO]:[01:50:53] CPLEX results. Gap: 6.760000, upper bound: -345.000000, lower bound: -368.305085
[INFO]:[01:50:53] CPLEX solver finished. Gap: 6.760000
[INFO]:[01:50:53] Starting CPLEX solver on instance: /home/yorig/tuner/mpils-tests/instances/miplib/easy/supportcase33.mps with config: /scratch/yorig/mpils-results-grid-seconds-5-watchdog/easy/24proc/seed-2/10_supportcase33_seed-2_20260504_014950/iterated_local_search/run_1_worker_10/ils_config_2478401544000492143.prm
[INFO]:[01:50:53] Starting CPLEX solver on instance: /home/yorig/tuner/mpils-tests/instances/miplib/easy/supportcase33.mps with config: /scratch/yorig/mpils-results-grid-seconds-5-watchdog/easy/24proc/seed-2/10_supportcase33_seed-2_20260504_014950/iterated_local_search/run_1_worker_10/ils_config_2478401544000492143.prm
[INFO]:[01:50:58] CPLEX results. Gap: 48.990000, upper bound: -285.000000, lower bound: -424.625000
[INFO]:[01:50:58] CPLEX solver finished. Gap: 48.990000
[INFO]:[01:50:58] Starting CPLEX solver on instance: /home/yorig/tuner/mpils-tests/instances/miplib/easy/supportcase33.mps with config: /scratch/yorig/mpils-results-grid-seconds-5-watchdog/easy/24proc/seed-2/10_supportcase33_seed-2_20260504_014950/iterated_local_search/run_1_worker_10/ils_config_15541688013517194797.prm
[INFO]:[01:50:58] Starting CPLEX solver on instance: /home/yorig/tuner/mpils-tests/instances/miplib/easy/supportcase33.mps with config: /scratch/yorig/mpils-results-grid-seconds-5-watchdog/easy/24proc/seed-2/10_supportcase33_seed-2_20260504_014950/iterated_local_search/run_1_worker_10/ils_config_15541688013517194797.prm
[INFO]:[01:51:03] CPLEX results. Gap: 30.640000, upper bound: -310.000000, lower bound: -404.979114
[INFO]:[01:51:03] CPLEX solver finished. Gap: 30.640000
[INFO]:[01:51:03] Starting CPLEX solver on instance: /home/yorig/tuner/mpils-tests/instances/miplib/easy/supportcase33.mps with config: /scratch/yorig/mpils-results-grid-seconds-5-watchdog/easy/24proc/seed-2/10_supportcase33_seed-2_20260504_014950/iterated_local_search/run_1_worker_10/ils_config_14950635166885246050.prm
[INFO]:[01:51:03] Starting CPLEX solver on instance: /home/yorig/tuner/mpils-tests/instances/miplib/easy/supportcase33.mps with config: /scratch/yorig/mpils-results-grid-seconds-5-watchdog/easy/24proc/seed-2/10_supportcase33_seed-2_20260504_014950/iterated_local_search/run_1_worker_10/ils_config_14950635166885246050.prm
[INFO]:[01:51:08] CPLEX results. Gap: 32.920000, upper bound: -300.000000, lower bound: -398.750000
[INFO]:[01:51:08] CPLEX solver finished. Gap: 32.920000
[INFO]:[01:51:08] Starting CPLEX solver on instance: /home/yorig/tuner/mpils-tests/instances/miplib/easy/supportcase33.mps with config: /scratch/yorig/mpils-results-grid-seconds-5-watchdog/easy/24proc/seed-2/10_supportcase33_seed-2_20260504_014950/iterated_local_search/run_1_worker_10/ils_config_12742221903740016797.prm
[INFO]:[01:51:08] Starting CPLEX solver on instance: /home/yorig/tuner/mpils-tests/instances/miplib/easy/supportcase33.mps with config: /scratch/yorig/mpils-results-grid-seconds-5-watchdog/easy/24proc/seed-2/10_supportcase33_seed-2_20260504_014950/iterated_local_search/run_1_worker_10/ils_config_12742221903740016797.prm
[INFO]:[01:51:13] CPLEX results. Gap: 10.290000, upper bound: -340.000000, lower bound: -375.000000
[INFO]:[01:51:13] CPLEX solver finished. Gap: 10.290000
[INFO]:[01:51:13] Starting CPLEX solver on instance: /home/yorig/tuner/mpils-tests/instances/miplib/easy/supportcase33.mps with config: /scratch/yorig/mpils-results-grid-seconds-5-watchdog/easy/24proc/seed-2/10_supportcase33_seed-2_20260504_014950/iterated_local_search/run_1_worker_10/ils_config_1430090467872726851.prm
[INFO]:[01:51:13] Starting CPLEX solver on instance: /home/yorig/tuner/mpils-tests/instances/miplib/easy/supportcase33.mps with config: /scratch/yorig/mpils-results-grid-seconds-5-watchdog/easy/24proc/seed-2/10_supportcase33_seed-2_20260504_014950/iterated_local_search/run_1_worker_10/ils_config_1430090467872726851.prm
[INFO]:[01:51:18] CPLEX results. Gap: 27.310000, upper bound: -315.000000, lower bound: -401.017422
[INFO]:[01:51:18] CPLEX solver finished. Gap: 27.310000
[INFO]:[01:51:18] Starting CPLEX solver on instance: /home/yorig/tuner/mpils-tests/instances/miplib/easy/supportcase33.mps with config: /scratch/yorig/mpils-results-grid-seconds-5-watchdog/easy/24proc/seed-2/10_supportcase33_seed-2_20260504_014950/iterated_local_search/run_1_worker_10/ils_config_14393573732912456483.prm
[INFO]:[01:51:18] Starting CPLEX solver on instance: /home/yorig/tuner/mpils-tests/instances/miplib/easy/supportcase33.mps with config: /scratch/yorig/mpils-results-grid-seconds-5-watchdog/easy/24proc/seed-2/10_supportcase33_seed-2_20260504_014950/iterated_local_search/run_1_worker_10/ils_config_14393573732912456483.prm
[INFO]:[01:51:23] CPLEX results. Gap: 19.120000, upper bound: -340.000000, lower bound: -405.000000
[INFO]:[01:51:23] CPLEX solver finished. Gap: 19.120000
[INFO]:[01:51:23] Starting CPLEX solver on instance: /home/yorig/tuner/mpils-tests/instances/miplib/easy/supportcase33.mps with config: /scratch/yorig/mpils-results-grid-seconds-5-watchdog/easy/24proc/seed-2/10_supportcase33_seed-2_20260504_014950/iterated_local_search/run_1_worker_10/ils_config_12468944093871011198.prm
[INFO]:[01:51:23] Starting CPLEX solver on instance: /home/yorig/tuner/mpils-tests/instances/miplib/easy/supportcase33.mps with config: /scratch/yorig/mpils-results-grid-seconds-5-watchdog/easy/24proc/seed-2/10_supportcase33_seed-2_20260504_014950/iterated_local_search/run_1_worker_10/ils_config_12468944093871011198.prm
[INFO]:[01:51:28] CPLEX results. Gap: 14.010000, upper bound: -325.000000, lower bound: -370.536393
[INFO]:[01:51:28] CPLEX solver finished. Gap: 14.010000
[INFO]:[01:51:28] Starting CPLEX solver on instance: /home/yorig/tuner/mpils-tests/instances/miplib/easy/supportcase33.mps with config: /scratch/yorig/mpils-results-grid-seconds-5-watchdog/easy/24proc/seed-2/10_supportcase33_seed-2_20260504_014950/iterated_local_search/run_1_worker_10/ils_config_9852573984518326611.prm
[INFO]:[01:51:28] Starting CPLEX solver on instance: /home/yorig/tuner/mpils-tests/instances/miplib/easy/supportcase33.mps with config: /scratch/yorig/mpils-results-grid-seconds-5-watchdog/easy/24proc/seed-2/10_supportcase33_seed-2_20260504_014950/iterated_local_search/run_1_worker_10/ils_config_9852573984518326611.prm
[INFO]:[01:51:33] CPLEX results. Gap: 12.490000, upper bound: -340.000000, lower bound: -382.456138
[INFO]:[01:51:33] CPLEX solver finished. Gap: 12.490000
[INFO]:[01:51:33] Local search phase completed.
[INFO]:[01:51:33] Total number of new local-search evaluations: 20
[INFO]:[01:51:33] Final incumbent objective value: 5.8
[INFO]:[01:51:34] Worker 10 completed exploration phase.
[INFO]:[01:51:34] Worker 10 received order for step 2.
[INFO]:[01:51:34] Worker 10 running expansion phase for iteration 1.
[INFO]:[01:51:34] Worker 10 will use solver log file: /scratch/yorig/mpils-results-grid-seconds-5-watchdog/easy/24proc/seed-2/10_supportcase33_seed-2_20260504_014950/solver/cplex.log_iteration_expansion_1_worker_10
[INFO]:[01:51:34] Expansion Worker 10 starting expansion for iteration 1.
[INFO]:[01:51:34] Starting CPLEX solver on instance: /home/yorig/tuner/mpils-tests/instances/miplib/easy/supportcase33.mps with config: /scratch/yorig/mpils-results-grid-seconds-5-watchdog/easy/24proc/seed-2/10_supportcase33_seed-2_20260504_014950/expansion/config_param_CPXPARAM_MIP_Limits_ProbeTime_40_iter_1.prm
[INFO]:[01:51:39] CPLEX results. Gap: 38.380000, upper bound: -270.000000, lower bound: -373.636046
[INFO]:[01:51:39] CPLEX solver finished. Gap: 38.380000
[INFO]:[01:51:39] Starting CPLEX solver on instance: /home/yorig/tuner/mpils-tests/instances/miplib/easy/supportcase33.mps with config: /scratch/yorig/mpils-results-grid-seconds-5-watchdog/easy/24proc/seed-2/10_supportcase33_seed-2_20260504_014950/expansion/config_param_CPXPARAM_MIP_Limits_ProbeTime_50_iter_1.prm
[INFO]:[01:51:44] CPLEX results. Gap: 38.630000, upper bound: -270.000000, lower bound: -374.289947
[INFO]:[01:51:44] CPLEX solver finished. Gap: 38.630000
[INFO]:[01:51:49] Expansion Worker 10 completed expansion.
[INFO]:[01:51:49] Worker 10 completed expansion phase.
[INFO]:[01:51:49] Worker 10 received order for step 1.
[INFO]:[01:51:49] Worker 10 running exploration phase for iteration 2.
[INFO]:[01:51:49] Worker 10 at iteration 2 will not use a MIP start file. Current best MIP-start upper bound threshold is 1.79769e+308.
[INFO]:[01:51:49] Starting local search phase...
[INFO]:[01:51:49] Creating local search space from parameter space file: /scratch/yorig/mpils-results-grid-seconds-5-watchdog/easy/24proc/seed-2/10_supportcase33_seed-2_20260504_014950/iterated_local_search/search_space/search_space_file_2_worker_10.txt
[INFO]:[01:51:49] Local search space loaded from file: /scratch/yorig/mpils-results-grid-seconds-5-watchdog/easy/24proc/seed-2/10_supportcase33_seed-2_20260504_014950/iterated_local_search/search_space/search_space_file_2_worker_10.txt
[INFO]:[01:51:49] Number of parameters in local search space: 71
[INFO]:[01:51:49] Number of forbidden tuples in local search space: 9
[INFO]:[01:51:49] Number of conditionals in local search space: 6
[INFO]:[01:51:49] MIP start option not enabled. Local search will proceed without MIP start.
[INFO]:[01:51:49] Evaluating initial configuration for local search phase...
[INFO]:[01:51:49] Starting CPLEX solver on instance: /home/yorig/tuner/mpils-tests/instances/miplib/easy/supportcase33.mps with config: /scratch/yorig/mpils-results-grid-seconds-5-watchdog/easy/24proc/seed-2/10_supportcase33_seed-2_20260504_014950/iterated_local_search/run_2_worker_10/ils_config_12934288465377549843.prm
[INFO]:[01:51:49] Starting CPLEX solver on instance: /home/yorig/tuner/mpils-tests/instances/miplib/easy/supportcase33.mps with config: /scratch/yorig/mpils-results-grid-seconds-5-watchdog/easy/24proc/seed-2/10_supportcase33_seed-2_20260504_014950/iterated_local_search/run_2_worker_10/ils_config_12934288465377549843.prm
[INFO]:[01:51:54] CPLEX results. Gap: 39.970000, upper bound: -300.000000, lower bound: -419.908685
[INFO]:[01:51:54] CPLEX solver finished. Gap: 39.970000
[INFO]:[01:51:54] Initial configuration evaluated with objective value: 39.97
[INFO]:[01:51:54] Starting CPLEX solver on instance: /home/yorig/tuner/mpils-tests/instances/miplib/easy/supportcase33.mps with config: /scratch/yorig/mpils-results-grid-seconds-5-watchdog/easy/24proc/seed-2/10_supportcase33_seed-2_20260504_014950/iterated_local_search/run_2_worker_10/ils_config_9426640370544989207.prm
[INFO]:[01:51:54] Starting CPLEX solver on instance: /home/yorig/tuner/mpils-tests/instances/miplib/easy/supportcase33.mps with config: /scratch/yorig/mpils-results-grid-seconds-5-watchdog/easy/24proc/seed-2/10_supportcase33_seed-2_20260504_014950/iterated_local_search/run_2_worker_10/ils_config_9426640370544989207.prm
[INFO]:[01:52:00] CPLEX results. Gap: 63.460000, upper bound: -260.000000, lower bound: -425.000000
[INFO]:[01:52:00] CPLEX solver finished. Gap: 63.460000
[INFO]:[01:52:00] Starting CPLEX solver on instance: /home/yorig/tuner/mpils-tests/instances/miplib/easy/supportcase33.mps with config: /scratch/yorig/mpils-results-grid-seconds-5-watchdog/easy/24proc/seed-2/10_supportcase33_seed-2_20260504_014950/iterated_local_search/run_2_worker_10/ils_config_13731278642594333014.prm
[INFO]:[01:52:00] Starting CPLEX solver on instance: /home/yorig/tuner/mpils-tests/instances/miplib/easy/supportcase33.mps with config: /scratch/yorig/mpils-results-grid-seconds-5-watchdog/easy/24proc/seed-2/10_supportcase33_seed-2_20260504_014950/iterated_local_search/run_2_worker_10/ils_config_13731278642594333014.prm
[INFO]:[01:52:05] CPLEX results. Gap: 44.260000, upper bound: -305.000000, lower bound: -440.000000
[INFO]:[01:52:05] CPLEX solver finished. Gap: 44.260000
[INFO]:[01:52:05] Starting CPLEX solver on instance: /home/yorig/tuner/mpils-tests/instances/miplib/easy/supportcase33.mps with config: /scratch/yorig/mpils-results-grid-seconds-5-watchdog/easy/24proc/seed-2/10_supportcase33_seed-2_20260504_014950/iterated_local_search/run_2_worker_10/ils_config_11607516058882293955.prm
[INFO]:[01:52:05] Starting CPLEX solver on instance: /home/yorig/tuner/mpils-tests/instances/miplib/easy/supportcase33.mps with config: /scratch/yorig/mpils-results-grid-seconds-5-watchdog/easy/24proc/seed-2/10_supportcase33_seed-2_20260504_014950/iterated_local_search/run_2_worker_10/ils_config_11607516058882293955.prm
[INFO]:[01:52:10] CPLEX results. Gap: 60.380000, upper bound: -265.000000, lower bound: -425.000000
[INFO]:[01:52:10] CPLEX solver finished. Gap: 60.380000
[INFO]:[01:52:10] Starting CPLEX solver on instance: /home/yorig/tuner/mpils-tests/instances/miplib/easy/supportcase33.mps with config: /scratch/yorig/mpils-results-grid-seconds-5-watchdog/easy/24proc/seed-2/10_supportcase33_seed-2_20260504_014950/iterated_local_search/run_2_worker_10/ils_config_17586489108444430784.prm
[INFO]:[01:52:10] Starting CPLEX solver on instance: /home/yorig/tuner/mpils-tests/instances/miplib/easy/supportcase33.mps with config: /scratch/yorig/mpils-results-grid-seconds-5-watchdog/easy/24proc/seed-2/10_supportcase33_seed-2_20260504_014950/iterated_local_search/run_2_worker_10/ils_config_17586489108444430784.prm
[INFO]:[01:52:15] CPLEX results. Gap: 42.180000, upper bound: -295.000000, lower bound: -419.424321
[INFO]:[01:52:15] CPLEX solver finished. Gap: 42.180000
[INFO]:[01:52:15] Starting CPLEX solver on instance: /home/yorig/tuner/mpils-tests/instances/miplib/easy/supportcase33.mps with config: /scratch/yorig/mpils-results-grid-seconds-5-watchdog/easy/24proc/seed-2/10_supportcase33_seed-2_20260504_014950/iterated_local_search/run_2_worker_10/ils_config_3588609359972036125.prm
[INFO]:[01:52:15] Starting CPLEX solver on instance: /home/yorig/tuner/mpils-tests/instances/miplib/easy/supportcase33.mps with config: /scratch/yorig/mpils-results-grid-seconds-5-watchdog/easy/24proc/seed-2/10_supportcase33_seed-2_20260504_014950/iterated_local_search/run_2_worker_10/ils_config_3588609359972036125.prm
[INFO]:[01:52:20] CPLEX results. Gap: 61.990000, upper bound: -265.000000, lower bound: -429.285714
[INFO]:[01:52:20] CPLEX solver finished. Gap: 61.990000
[INFO]:[01:52:20] Local search phase completed.
[INFO]:[01:52:20] Total number of new local-search evaluations: 6
[INFO]:[01:52:20] Final incumbent objective value: 39.97
[INFO]:[01:52:20] Worker 10 completed exploration phase.
[INFO]:[01:52:20] Worker 10 received order for step 2.
[INFO]:[01:52:20] Worker 10 running expansion phase for iteration 2.
[INFO]:[01:52:20] Worker 10 will use solver log file: /scratch/yorig/mpils-results-grid-seconds-5-watchdog/easy/24proc/seed-2/10_supportcase33_seed-2_20260504_014950/solver/cplex.log_iteration_expansion_2_worker_10
[INFO]:[01:52:20] Expansion Worker 10 starting expansion for iteration 2.
[INFO]:[01:52:20] Starting CPLEX solver on instance: /home/yorig/tuner/mpils-tests/instances/miplib/easy/supportcase33.mps with config: /scratch/yorig/mpils-results-grid-seconds-5-watchdog/easy/24proc/seed-2/10_supportcase33_seed-2_20260504_014950/expansion/config_param_CPXPARAM_MIP_Strategy_HeuristicFreq_1000_iter_2.prm
[INFO]:[01:52:25] CPLEX results. Gap: 14.790000, upper bound: -320.000000, lower bound: -367.322028
[INFO]:[01:52:25] CPLEX solver finished. Gap: 14.790000
[INFO]:[01:52:25] Starting CPLEX solver on instance: /home/yorig/tuner/mpils-tests/instances/miplib/easy/supportcase33.mps with config: /scratch/yorig/mpils-results-grid-seconds-5-watchdog/easy/24proc/seed-2/10_supportcase33_seed-2_20260504_014950/expansion/config_param_CPXPARAM_MIP_Strategy_StartAlgorithm_1_iter_2.prm
[INFO]:[01:52:30] CPLEX results. Gap: 42.110000, upper bound: -285.000000, lower bound: -405.000000
[INFO]:[01:52:30] CPLEX solver finished. Gap: 42.110000
[INFO]:[01:52:30] Expansion Worker 10 completed expansion.
[INFO]:[01:52:30] Worker 10 completed expansion phase.
[INFO]:[01:52:30] Worker 10 received order for step 1.
[INFO]:[01:52:30] Worker 10 running exploration phase for iteration 3.
[INFO]:[01:52:30] Worker 10 at iteration 3 will not use a MIP start file. Current best MIP-start upper bound threshold is 1.79769e+308.
[INFO]:[01:52:30] Starting local search phase...
[INFO]:[01:52:30] Creating local search space from parameter space file: /scratch/yorig/mpils-results-grid-seconds-5-watchdog/easy/24proc/seed-2/10_supportcase33_seed-2_20260504_014950/iterated_local_search/search_space/search_space_file_3_worker_10.txt
[INFO]:[01:52:30] Local search space loaded from file: /scratch/yorig/mpils-results-grid-seconds-5-watchdog/easy/24proc/seed-2/10_supportcase33_seed-2_20260504_014950/iterated_local_search/search_space/search_space_file_3_worker_10.txt
[INFO]:[01:52:30] Number of parameters in local search space: 71
[INFO]:[01:52:30] Number of forbidden tuples in local search space: 8
[INFO]:[01:52:30] Number of conditionals in local search space: 6
[INFO]:[01:52:30] MIP start option not enabled. Local search will proceed without MIP start.
[INFO]:[01:52:30] Evaluating initial configuration for local search phase...
[INFO]:[01:52:31] Starting CPLEX solver on instance: /home/yorig/tuner/mpils-tests/instances/miplib/easy/supportcase33.mps with config: /scratch/yorig/mpils-results-grid-seconds-5-watchdog/easy/24proc/seed-2/10_supportcase33_seed-2_20260504_014950/iterated_local_search/run_3_worker_10/ils_config_9445449167035894839.prm
[INFO]:[01:52:31] Starting CPLEX solver on instance: /home/yorig/tuner/mpils-tests/instances/miplib/easy/supportcase33.mps with config: /scratch/yorig/mpils-results-grid-seconds-5-watchdog/easy/24proc/seed-2/10_supportcase33_seed-2_20260504_014950/iterated_local_search/run_3_worker_10/ils_config_9445449167035894839.prm
[INFO]:[01:52:36] CPLEX results. Gap: 44.640000, upper bound: -280.000000, lower bound: -405.000000
[INFO]:[01:52:36] CPLEX solver finished. Gap: 44.640000
[INFO]:[01:52:36] Initial configuration evaluated with objective value: 44.64
[INFO]:[01:52:36] Starting CPLEX solver on instance: /home/yorig/tuner/mpils-tests/instances/miplib/easy/supportcase33.mps with config: /scratch/yorig/mpils-results-grid-seconds-5-watchdog/easy/24proc/seed-2/10_supportcase33_seed-2_20260504_014950/iterated_local_search/run_3_worker_10/ils_config_74730148075039409.prm
[INFO]:[01:52:36] Starting CPLEX solver on instance: /home/yorig/tuner/mpils-tests/instances/miplib/easy/supportcase33.mps with config: /scratch/yorig/mpils-results-grid-seconds-5-watchdog/easy/24proc/seed-2/10_supportcase33_seed-2_20260504_014950/iterated_local_search/run_3_worker_10/ils_config_74730148075039409.prm
[INFO]:[01:52:41] CPLEX results. Gap: 29.510000, upper bound: -305.000000, lower bound: -395.000000
[INFO]:[01:52:41] CPLEX solver finished. Gap: 29.510000
[INFO]:[01:52:41] New incumbent found with objective value: 29.51
[INFO]:[01:52:41] Starting CPLEX solver on instance: /home/yorig/tuner/mpils-tests/instances/miplib/easy/supportcase33.mps with config: /scratch/yorig/mpils-results-grid-seconds-5-watchdog/easy/24proc/seed-2/10_supportcase33_seed-2_20260504_014950/iterated_local_search/run_3_worker_10/ils_config_2457459693005863579.prm
[INFO]:[01:52:41] Starting CPLEX solver on instance: /home/yorig/tuner/mpils-tests/instances/miplib/easy/supportcase33.mps with config: /scratch/yorig/mpils-results-grid-seconds-5-watchdog/easy/24proc/seed-2/10_supportcase33_seed-2_20260504_014950/iterated_local_search/run_3_worker_10/ils_config_2457459693005863579.prm
[INFO]:[01:52:46] CPLEX results. Gap: 29.510000, upper bound: -305.000000, lower bound: -395.000000
[INFO]:[01:52:46] CPLEX solver finished. Gap: 29.510000
[INFO]:[01:52:46] Starting CPLEX solver on instance: /home/yorig/tuner/mpils-tests/instances/miplib/easy/supportcase33.mps with config: /scratch/yorig/mpils-results-grid-seconds-5-watchdog/easy/24proc/seed-2/10_supportcase33_seed-2_20260504_014950/iterated_local_search/run_3_worker_10/ils_config_17776720931607259816.prm
[INFO]:[01:52:46] Starting CPLEX solver on instance: /home/yorig/tuner/mpils-tests/instances/miplib/easy/supportcase33.mps with config: /scratch/yorig/mpils-results-grid-seconds-5-watchdog/easy/24proc/seed-2/10_supportcase33_seed-2_20260504_014950/iterated_local_search/run_3_worker_10/ils_config_17776720931607259816.prm
[INFO]:[01:52:51] CPLEX results. Gap: 44.640000, upper bound: -280.000000, lower bound: -405.000000
[INFO]:[01:52:51] CPLEX solver finished. Gap: 44.640000
[INFO]:[01:52:51] Starting CPLEX solver on instance: /home/yorig/tuner/mpils-tests/instances/miplib/easy/supportcase33.mps with config: /scratch/yorig/mpils-results-grid-seconds-5-watchdog/easy/24proc/seed-2/10_supportcase33_seed-2_20260504_014950/iterated_local_search/run_3_worker_10/ils_config_2043324529871754194.prm
[INFO]:[01:52:51] Starting CPLEX solver on instance: /home/yorig/tuner/mpils-tests/instances/miplib/easy/supportcase33.mps with config: /scratch/yorig/mpils-results-grid-seconds-5-watchdog/easy/24proc/seed-2/10_supportcase33_seed-2_20260504_014950/iterated_local_search/run_3_worker_10/ils_config_2043324529871754194.prm
[INFO]:[01:52:56] CPLEX results. Gap: 39.660000, upper bound: -290.000000, lower bound: -405.000000
[INFO]:[01:52:56] CPLEX solver finished. Gap: 39.660000
[INFO]:[01:52:56] Local search phase completed.
[INFO]:[01:52:56] Total number of new local-search evaluations: 5
[INFO]:[01:52:56] Final incumbent objective value: 29.51
[INFO]:[01:52:56] Worker 10 completed exploration phase.
[INFO]:[01:52:56] Worker 10 received order for step 2.
[INFO]:[01:52:56] Worker 10 running expansion phase for iteration 3.
[INFO]:[01:52:56] Worker 10 will use solver log file: /scratch/yorig/mpils-results-grid-seconds-5-watchdog/easy/24proc/seed-2/10_supportcase33_seed-2_20260504_014950/solver/cplex.log_iteration_expansion_3_worker_10
[INFO]:[01:52:56] Expansion Worker 10 starting expansion for iteration 3.
[INFO]:[01:52:56] Starting CPLEX solver on instance: /home/yorig/tuner/mpils-tests/instances/miplib/easy/supportcase33.mps with config: /scratch/yorig/mpils-results-grid-seconds-5-watchdog/easy/24proc/seed-2/10_supportcase33_seed-2_20260504_014950/expansion/config_param_CPXPARAM_Barrier_Ordering_1_iter_3.prm
[INFO]:[01:53:01] CPLEX results. Gap: 5.800000, upper bound: -345.000000, lower bound: -365.000000
[INFO]:[01:53:01] CPLEX solver finished. Gap: 5.800000
[INFO]:[01:53:01] Expansion Worker 10 stopping early after global MPI expansion stop was activated.
[INFO]:[01:53:01] Expansion Worker 10 completed expansion.
[INFO]:[01:53:01] Worker 10 completed expansion phase.
[INFO]:[01:53:02] Worker 10 received order for step 1.
[INFO]:[01:53:02] Worker 10 running exploration phase for iteration 4.
[INFO]:[01:53:02] Worker 10 at iteration 4 will not use a MIP start file. Current best MIP-start upper bound threshold is 1.79769e+308.
[INFO]:[01:53:02] Starting local search phase...
[INFO]:[01:53:02] Creating local search space from parameter space file: /scratch/yorig/mpils-results-grid-seconds-5-watchdog/easy/24proc/seed-2/10_supportcase33_seed-2_20260504_014950/iterated_local_search/search_space/search_space_file_4_worker_10.txt
[INFO]:[01:53:02] Local search space loaded from file: /scratch/yorig/mpils-results-grid-seconds-5-watchdog/easy/24proc/seed-2/10_supportcase33_seed-2_20260504_014950/iterated_local_search/search_space/search_space_file_4_worker_10.txt
[INFO]:[01:53:02] Number of parameters in local search space: 71
[INFO]:[01:53:02] Number of forbidden tuples in local search space: 9
[INFO]:[01:53:02] Number of conditionals in local search space: 6
[INFO]:[01:53:02] MIP start option not enabled. Local search will proceed without MIP start.
[INFO]:[01:53:02] Evaluating initial configuration for local search phase...
[INFO]:[01:53:02] Starting CPLEX solver on instance: /home/yorig/tuner/mpils-tests/instances/miplib/easy/supportcase33.mps with config: /scratch/yorig/mpils-results-grid-seconds-5-watchdog/easy/24proc/seed-2/10_supportcase33_seed-2_20260504_014950/iterated_local_search/run_4_worker_10/ils_config_4565136905572059738.prm
[INFO]:[01:53:02] Starting CPLEX solver on instance: /home/yorig/tuner/mpils-tests/instances/miplib/easy/supportcase33.mps with config: /scratch/yorig/mpils-results-grid-seconds-5-watchdog/easy/24proc/seed-2/10_supportcase33_seed-2_20260504_014950/iterated_local_search/run_4_worker_10/ils_config_4565136905572059738.prm
[INFO]:[01:53:07] CPLEX results. Gap: 165.710000, upper bound: -175.000000, lower bound: -465.000000
[INFO]:[01:53:07] CPLEX solver finished. Gap: 165.710000
[INFO]:[01:53:07] Initial configuration evaluated with objective value: 165.71
[INFO]:[01:53:07] Starting CPLEX solver on instance: /home/yorig/tuner/mpils-tests/instances/miplib/easy/supportcase33.mps with config: /scratch/yorig/mpils-results-grid-seconds-5-watchdog/easy/24proc/seed-2/10_supportcase33_seed-2_20260504_014950/iterated_local_search/run_4_worker_10/ils_config_18177997329065579099.prm
[INFO]:[01:53:07] Starting CPLEX solver on instance: /home/yorig/tuner/mpils-tests/instances/miplib/easy/supportcase33.mps with config: /scratch/yorig/mpils-results-grid-seconds-5-watchdog/easy/24proc/seed-2/10_supportcase33_seed-2_20260504_014950/iterated_local_search/run_4_worker_10/ils_config_18177997329065579099.prm
[INFO]:[01:53:12] CPLEX results. Gap: 165.710000, upper bound: -175.000000, lower bound: -465.000000
[INFO]:[01:53:12] CPLEX solver finished. Gap: 165.710000
[INFO]:[01:53:12] Starting CPLEX solver on instance: /home/yorig/tuner/mpils-tests/instances/miplib/easy/supportcase33.mps with config: /scratch/yorig/mpils-results-grid-seconds-5-watchdog/easy/24proc/seed-2/10_supportcase33_seed-2_20260504_014950/iterated_local_search/run_4_worker_10/ils_config_2656426665081352127.prm
[INFO]:[01:53:12] Starting CPLEX solver on instance: /home/yorig/tuner/mpils-tests/instances/miplib/easy/supportcase33.mps with config: /scratch/yorig/mpils-results-grid-seconds-5-watchdog/easy/24proc/seed-2/10_supportcase33_seed-2_20260504_014950/iterated_local_search/run_4_worker_10/ils_config_2656426665081352127.prm
[INFO]:[01:53:17] CPLEX results. Gap: 165.690000, upper bound: -175.000000, lower bound: -464.959596
[INFO]:[01:53:17] CPLEX solver finished. Gap: 165.690000
[INFO]:[01:53:17] New incumbent found with objective value: 165.69
[INFO]:[01:53:17] Starting CPLEX solver on instance: /home/yorig/tuner/mpils-tests/instances/miplib/easy/supportcase33.mps with config: /scratch/yorig/mpils-results-grid-seconds-5-watchdog/easy/24proc/seed-2/10_supportcase33_seed-2_20260504_014950/iterated_local_search/run_4_worker_10/ils_config_14553089325796843619.prm
[INFO]:[01:53:17] Starting CPLEX solver on instance: /home/yorig/tuner/mpils-tests/instances/miplib/easy/supportcase33.mps with config: /scratch/yorig/mpils-results-grid-seconds-5-watchdog/easy/24proc/seed-2/10_supportcase33_seed-2_20260504_014950/iterated_local_search/run_4_worker_10/ils_config_14553089325796843619.prm
[INFO]:[01:53:22] CPLEX results. Gap: 165.690000, upper bound: -175.000000, lower bound: -464.959596
[INFO]:[01:53:22] CPLEX solver finished. Gap: 165.690000
[INFO]:[01:53:22] Starting CPLEX solver on instance: /home/yorig/tuner/mpils-tests/instances/miplib/easy/supportcase33.mps with config: /scratch/yorig/mpils-results-grid-seconds-5-watchdog/easy/24proc/seed-2/10_supportcase33_seed-2_20260504_014950/iterated_local_search/run_4_worker_10/ils_config_12216265717078686839.prm
[INFO]:[01:53:22] Starting CPLEX solver on instance: /home/yorig/tuner/mpils-tests/instances/miplib/easy/supportcase33.mps with config: /scratch/yorig/mpils-results-grid-seconds-5-watchdog/easy/24proc/seed-2/10_supportcase33_seed-2_20260504_014950/iterated_local_search/run_4_worker_10/ils_config_12216265717078686839.prm
[INFO]:[01:53:27] CPLEX results. Gap: 138.460000, upper bound: -195.000000, lower bound: -465.000000
[INFO]:[01:53:27] CPLEX solver finished. Gap: 138.460000
[INFO]:[01:53:27] New incumbent found with objective value: 138.46
[INFO]:[01:53:27] Starting CPLEX solver on instance: /home/yorig/tuner/mpils-tests/instances/miplib/easy/supportcase33.mps with config: /scratch/yorig/mpils-results-grid-seconds-5-watchdog/easy/24proc/seed-2/10_supportcase33_seed-2_20260504_014950/iterated_local_search/run_4_worker_10/ils_config_6635060249069323073.prm
[INFO]:[01:53:27] Starting CPLEX solver on instance: /home/yorig/tuner/mpils-tests/instances/miplib/easy/supportcase33.mps with config: /scratch/yorig/mpils-results-grid-seconds-5-watchdog/easy/24proc/seed-2/10_supportcase33_seed-2_20260504_014950/iterated_local_search/run_4_worker_10/ils_config_6635060249069323073.prm
[INFO]:[01:53:32] CPLEX results. Gap: 173.530000, upper bound: -170.000000, lower bound: -465.000000
[INFO]:[01:53:32] CPLEX solver finished. Gap: 173.530000
[INFO]:[01:53:32] Starting CPLEX solver on instance: /home/yorig/tuner/mpils-tests/instances/miplib/easy/supportcase33.mps with config: /scratch/yorig/mpils-results-grid-seconds-5-watchdog/easy/24proc/seed-2/10_supportcase33_seed-2_20260504_014950/iterated_local_search/run_4_worker_10/ils_config_15892252232709040233.prm
[INFO]:[01:53:32] Starting CPLEX solver on instance: /home/yorig/tuner/mpils-tests/instances/miplib/easy/supportcase33.mps with config: /scratch/yorig/mpils-results-grid-seconds-5-watchdog/easy/24proc/seed-2/10_supportcase33_seed-2_20260504_014950/iterated_local_search/run_4_worker_10/ils_config_15892252232709040233.prm
[INFO]:[01:53:37] CPLEX results. Gap: 138.460000, upper bound: -195.000000, lower bound: -465.000000
[INFO]:[01:53:37] CPLEX solver finished. Gap: 138.460000
[INFO]:[01:53:37] Starting CPLEX solver on instance: /home/yorig/tuner/mpils-tests/instances/miplib/easy/supportcase33.mps with config: /scratch/yorig/mpils-results-grid-seconds-5-watchdog/easy/24proc/seed-2/10_supportcase33_seed-2_20260504_014950/iterated_local_search/run_4_worker_10/ils_config_9176842286289025814.prm
[INFO]:[01:53:37] Starting CPLEX solver on instance: /home/yorig/tuner/mpils-tests/instances/miplib/easy/supportcase33.mps with config: /scratch/yorig/mpils-results-grid-seconds-5-watchdog/easy/24proc/seed-2/10_supportcase33_seed-2_20260504_014950/iterated_local_search/run_4_worker_10/ils_config_9176842286289025814.prm
[INFO]:[01:53:42] CPLEX results. Gap: 144.740000, upper bound: -190.000000, lower bound: -465.000000
[INFO]:[01:53:42] CPLEX solver finished. Gap: 144.740000
[INFO]:[01:53:42] Starting CPLEX solver on instance: /home/yorig/tuner/mpils-tests/instances/miplib/easy/supportcase33.mps with config: /scratch/yorig/mpils-results-grid-seconds-5-watchdog/easy/24proc/seed-2/10_supportcase33_seed-2_20260504_014950/iterated_local_search/run_4_worker_10/ils_config_1822161209862400881.prm
[INFO]:[01:53:42] Starting CPLEX solver on instance: /home/yorig/tuner/mpils-tests/instances/miplib/easy/supportcase33.mps with config: /scratch/yorig/mpils-results-grid-seconds-5-watchdog/easy/24proc/seed-2/10_supportcase33_seed-2_20260504_014950/iterated_local_search/run_4_worker_10/ils_config_1822161209862400881.prm
[INFO]:[01:53:48] CPLEX results. Gap: 165.710000, upper bound: -175.000000, lower bound: -465.000000
[INFO]:[01:53:48] CPLEX solver finished. Gap: 165.710000
[INFO]:[01:53:48] Starting CPLEX solver on instance: /home/yorig/tuner/mpils-tests/instances/miplib/easy/supportcase33.mps with config: /scratch/yorig/mpils-results-grid-seconds-5-watchdog/easy/24proc/seed-2/10_supportcase33_seed-2_20260504_014950/iterated_local_search/run_4_worker_10/ils_config_13963135665885494637.prm
[INFO]:[01:53:48] Starting CPLEX solver on instance: /home/yorig/tuner/mpils-tests/instances/miplib/easy/supportcase33.mps with config: /scratch/yorig/mpils-results-grid-seconds-5-watchdog/easy/24proc/seed-2/10_supportcase33_seed-2_20260504_014950/iterated_local_search/run_4_worker_10/ils_config_13963135665885494637.prm
[INFO]:[01:53:53] CPLEX results. Gap: 322.700000, upper bound: -110.000000, lower bound: -464.970760
[INFO]:[01:53:53] CPLEX solver finished. Gap: 322.700000
[INFO]:[01:53:53] Starting CPLEX solver on instance: /home/yorig/tuner/mpils-tests/instances/miplib/easy/supportcase33.mps with config: /scratch/yorig/mpils-results-grid-seconds-5-watchdog/easy/24proc/seed-2/10_supportcase33_seed-2_20260504_014950/iterated_local_search/run_4_worker_10/ils_config_6696096864064409600.prm
[INFO]:[01:53:53] Starting CPLEX solver on instance: /home/yorig/tuner/mpils-tests/instances/miplib/easy/supportcase33.mps with config: /scratch/yorig/mpils-results-grid-seconds-5-watchdog/easy/24proc/seed-2/10_supportcase33_seed-2_20260504_014950/iterated_local_search/run_4_worker_10/ils_config_6696096864064409600.prm
[INFO]:[01:53:58] CPLEX results. Gap: 138.460000, upper bound: -195.000000, lower bound: -465.000000
[INFO]:[01:53:58] CPLEX solver finished. Gap: 138.460000
[INFO]:[01:53:58] Starting CPLEX solver on instance: /home/yorig/tuner/mpils-tests/instances/miplib/easy/supportcase33.mps with config: /scratch/yorig/mpils-results-grid-seconds-5-watchdog/easy/24proc/seed-2/10_supportcase33_seed-2_20260504_014950/iterated_local_search/run_4_worker_10/ils_config_2266187721705477915.prm
[INFO]:[01:53:58] Starting CPLEX solver on instance: /home/yorig/tuner/mpils-tests/instances/miplib/easy/supportcase33.mps with config: /scratch/yorig/mpils-results-grid-seconds-5-watchdog/easy/24proc/seed-2/10_supportcase33_seed-2_20260504_014950/iterated_local_search/run_4_worker_10/ils_config_2266187721705477915.prm
[INFO]:[01:54:03] CPLEX results. Gap: 173.530000, upper bound: -170.000000, lower bound: -465.000000
[INFO]:[01:54:03] CPLEX solver finished. Gap: 173.530000
[INFO]:[01:54:03] Starting CPLEX solver on instance: /home/yorig/tuner/mpils-tests/instances/miplib/easy/supportcase33.mps with config: /scratch/yorig/mpils-results-grid-seconds-5-watchdog/easy/24proc/seed-2/10_supportcase33_seed-2_20260504_014950/iterated_local_search/run_4_worker_10/ils_config_12716769362463138553.prm
[INFO]:[01:54:03] Starting CPLEX solver on instance: /home/yorig/tuner/mpils-tests/instances/miplib/easy/supportcase33.mps with config: /scratch/yorig/mpils-results-grid-seconds-5-watchdog/easy/24proc/seed-2/10_supportcase33_seed-2_20260504_014950/iterated_local_search/run_4_worker_10/ils_config_12716769362463138553.prm
[INFO]:[01:54:08] CPLEX results. Gap: 322.730000, upper bound: -110.000000, lower bound: -465.000000
[INFO]:[01:54:08] CPLEX solver finished. Gap: 322.730000
[INFO]:[01:54:08] Starting CPLEX solver on instance: /home/yorig/tuner/mpils-tests/instances/miplib/easy/supportcase33.mps with config: /scratch/yorig/mpils-results-grid-seconds-5-watchdog/easy/24proc/seed-2/10_supportcase33_seed-2_20260504_014950/iterated_local_search/run_4_worker_10/ils_config_7477028511172929100.prm
[INFO]:[01:54:08] Starting CPLEX solver on instance: /home/yorig/tuner/mpils-tests/instances/miplib/easy/supportcase33.mps with config: /scratch/yorig/mpils-results-grid-seconds-5-watchdog/easy/24proc/seed-2/10_supportcase33_seed-2_20260504_014950/iterated_local_search/run_4_worker_10/ils_config_7477028511172929100.prm
[INFO]:[01:54:13] CPLEX results. Gap: 121.430000, upper bound: -210.000000, lower bound: -465.000000
[INFO]:[01:54:13] CPLEX solver finished. Gap: 121.430000
[INFO]:[01:54:13] New incumbent found with objective value: 121.43
[INFO]:[01:54:13] Starting CPLEX solver on instance: /home/yorig/tuner/mpils-tests/instances/miplib/easy/supportcase33.mps with config: /scratch/yorig/mpils-results-grid-seconds-5-watchdog/easy/24proc/seed-2/10_supportcase33_seed-2_20260504_014950/iterated_local_search/run_4_worker_10/ils_config_6540948992572992424.prm
[INFO]:[01:54:13] Starting CPLEX solver on instance: /home/yorig/tuner/mpils-tests/instances/miplib/easy/supportcase33.mps with config: /scratch/yorig/mpils-results-grid-seconds-5-watchdog/easy/24proc/seed-2/10_supportcase33_seed-2_20260504_014950/iterated_local_search/run_4_worker_10/ils_config_6540948992572992424.prm
[INFO]:[01:54:18] CPLEX results. Gap: 181.480000, upper bound: -165.000000, lower bound: -464.441489
[INFO]:[01:54:18] CPLEX solver finished. Gap: 181.480000
[INFO]:[01:54:18] Starting CPLEX solver on instance: /home/yorig/tuner/mpils-tests/instances/miplib/easy/supportcase33.mps with config: /scratch/yorig/mpils-results-grid-seconds-5-watchdog/easy/24proc/seed-2/10_supportcase33_seed-2_20260504_014950/iterated_local_search/run_4_worker_10/ils_config_13402638257684694195.prm
[INFO]:[01:54:18] Starting CPLEX solver on instance: /home/yorig/tuner/mpils-tests/instances/miplib/easy/supportcase33.mps with config: /scratch/yorig/mpils-results-grid-seconds-5-watchdog/easy/24proc/seed-2/10_supportcase33_seed-2_20260504_014950/iterated_local_search/run_4_worker_10/ils_config_13402638257684694195.prm
[INFO]:[01:54:23] CPLEX results. Gap: 121.430000, upper bound: -210.000000, lower bound: -465.000000
[INFO]:[01:54:23] CPLEX solver finished. Gap: 121.430000
[INFO]:[01:54:23] Starting CPLEX solver on instance: /home/yorig/tuner/mpils-tests/instances/miplib/easy/supportcase33.mps with config: /scratch/yorig/mpils-results-grid-seconds-5-watchdog/easy/24proc/seed-2/10_supportcase33_seed-2_20260504_014950/iterated_local_search/run_4_worker_10/ils_config_7095813320973071516.prm
[INFO]:[01:54:23] Starting CPLEX solver on instance: /home/yorig/tuner/mpils-tests/instances/miplib/easy/supportcase33.mps with config: /scratch/yorig/mpils-results-grid-seconds-5-watchdog/easy/24proc/seed-2/10_supportcase33_seed-2_20260504_014950/iterated_local_search/run_4_worker_10/ils_config_7095813320973071516.prm
[INFO]:[01:54:28] CPLEX results. Gap: 173.530000, upper bound: -170.000000, lower bound: -465.000000
[INFO]:[01:54:28] CPLEX solver finished. Gap: 173.530000
[INFO]:[01:54:28] Starting CPLEX solver on instance: /home/yorig/tuner/mpils-tests/instances/miplib/easy/supportcase33.mps with config: /scratch/yorig/mpils-results-grid-seconds-5-watchdog/easy/24proc/seed-2/10_supportcase33_seed-2_20260504_014950/iterated_local_search/run_4_worker_10/ils_config_16180195453707323451.prm
[INFO]:[01:54:28] Starting CPLEX solver on instance: /home/yorig/tuner/mpils-tests/instances/miplib/easy/supportcase33.mps with config: /scratch/yorig/mpils-results-grid-seconds-5-watchdog/easy/24proc/seed-2/10_supportcase33_seed-2_20260504_014950/iterated_local_search/run_4_worker_10/ils_config_16180195453707323451.prm
[INFO]:[01:54:33] CPLEX results. Gap: 132.500000, upper bound: -200.000000, lower bound: -465.000000
[INFO]:[01:54:33] CPLEX solver finished. Gap: 132.500000
[INFO]:[01:54:33] Starting CPLEX solver on instance: /home/yorig/tuner/mpils-tests/instances/miplib/easy/supportcase33.mps with config: /scratch/yorig/mpils-results-grid-seconds-5-watchdog/easy/24proc/seed-2/10_supportcase33_seed-2_20260504_014950/iterated_local_search/run_4_worker_10/ils_config_9620192013909818749.prm
[INFO]:[01:54:33] Starting CPLEX solver on instance: /home/yorig/tuner/mpils-tests/instances/miplib/easy/supportcase33.mps with config: /scratch/yorig/mpils-results-grid-seconds-5-watchdog/easy/24proc/seed-2/10_supportcase33_seed-2_20260504_014950/iterated_local_search/run_4_worker_10/ils_config_9620192013909818749.prm
[INFO]:[01:54:39] CPLEX results. Gap: 121.430000, upper bound: -210.000000, lower bound: -465.000000
[INFO]:[01:54:39] CPLEX solver finished. Gap: 121.430000
[INFO]:[01:54:39] Starting CPLEX solver on instance: /home/yorig/tuner/mpils-tests/instances/miplib/easy/supportcase33.mps with config: /scratch/yorig/mpils-results-grid-seconds-5-watchdog/easy/24proc/seed-2/10_supportcase33_seed-2_20260504_014950/iterated_local_search/run_4_worker_10/ils_config_1394040116181645209.prm
[INFO]:[01:54:39] Starting CPLEX solver on instance: /home/yorig/tuner/mpils-tests/instances/miplib/easy/supportcase33.mps with config: /scratch/yorig/mpils-results-grid-seconds-5-watchdog/easy/24proc/seed-2/10_supportcase33_seed-2_20260504_014950/iterated_local_search/run_4_worker_10/ils_config_1394040116181645209.prm
[INFO]:[01:54:44] CPLEX results. Gap: 121.430000, upper bound: -210.000000, lower bound: -465.000000
[INFO]:[01:54:44] CPLEX solver finished. Gap: 121.430000
[INFO]:[01:54:44] Starting CPLEX solver on instance: /home/yorig/tuner/mpils-tests/instances/miplib/easy/supportcase33.mps with config: /scratch/yorig/mpils-results-grid-seconds-5-watchdog/easy/24proc/seed-2/10_supportcase33_seed-2_20260504_014950/iterated_local_search/run_4_worker_10/ils_config_6086827766786766757.prm
[INFO]:[01:54:44] Starting CPLEX solver on instance: /home/yorig/tuner/mpils-tests/instances/miplib/easy/supportcase33.mps with config: /scratch/yorig/mpils-results-grid-seconds-5-watchdog/easy/24proc/seed-2/10_supportcase33_seed-2_20260504_014950/iterated_local_search/run_4_worker_10/ils_config_6086827766786766757.prm
[INFO]:[01:54:49] CPLEX results. Gap: 271.970000, upper bound: -125.000000, lower bound: -464.959596
[INFO]:[01:54:49] CPLEX solver finished. Gap: 271.970000
[INFO]:[01:54:49] Local search phase completed.
[INFO]:[01:54:49] Total number of new local-search evaluations: 21
[INFO]:[01:54:49] Final incumbent objective value: 121.43
[INFO]:[01:54:49] Worker 10 completed exploration phase.
[INFO]:[01:54:49] Worker 10 received order for step 2.
[INFO]:[01:54:49] Worker 10 running expansion phase for iteration 4.
[INFO]:[01:54:49] Worker 10 will use solver log file: /scratch/yorig/mpils-results-grid-seconds-5-watchdog/easy/24proc/seed-2/10_supportcase33_seed-2_20260504_014950/solver/cplex.log_iteration_expansion_4_worker_10
[INFO]:[01:54:49] Expansion Worker 10 starting expansion for iteration 4.
[INFO]:[01:54:49] Starting CPLEX solver on instance: /home/yorig/tuner/mpils-tests/instances/miplib/easy/supportcase33.mps with config: /scratch/yorig/mpils-results-grid-seconds-5-watchdog/easy/24proc/seed-2/10_supportcase33_seed-2_20260504_014950/expansion/config_param_CPXPARAM_Network_NetFind_1_iter_4.prm
[INFO]:[01:54:54] CPLEX results. Gap: 2.900000, upper bound: -345.000000, lower bound: -355.000000
[INFO]:[01:54:54] CPLEX solver finished. Gap: 2.900000
[INFO]:[01:55:00] Expansion Worker 10 completed expansion.
[INFO]:[01:55:00] Worker 10 completed expansion phase.
[INFO]:[01:55:00] Worker 10 received order for step 1.
[INFO]:[01:55:00] Worker 10 running exploration phase for iteration 5.
[INFO]:[01:55:00] Worker 10 at iteration 5 will not use a MIP start file. Current best MIP-start upper bound threshold is 1.79769e+308.
[INFO]:[01:55:00] Starting local search phase...
[INFO]:[01:55:00] Creating local search space from parameter space file: /scratch/yorig/mpils-results-grid-seconds-5-watchdog/easy/24proc/seed-2/10_supportcase33_seed-2_20260504_014950/iterated_local_search/search_space/search_space_file_5_worker_10.txt
[INFO]:[01:55:00] Local search space loaded from file: /scratch/yorig/mpils-results-grid-seconds-5-watchdog/easy/24proc/seed-2/10_supportcase33_seed-2_20260504_014950/iterated_local_search/search_space/search_space_file_5_worker_10.txt
[INFO]:[01:55:00] Number of parameters in local search space: 71
[INFO]:[01:55:00] Number of forbidden tuples in local search space: 9
[INFO]:[01:55:00] Number of conditionals in local search space: 6
[INFO]:[01:55:00] MIP start option not enabled. Local search will proceed without MIP start.
[INFO]:[01:55:00] Evaluating initial configuration for local search phase...
[INFO]:[01:55:00] Starting CPLEX solver on instance: /home/yorig/tuner/mpils-tests/instances/miplib/easy/supportcase33.mps with config: /scratch/yorig/mpils-results-grid-seconds-5-watchdog/easy/24proc/seed-2/10_supportcase33_seed-2_20260504_014950/iterated_local_search/run_5_worker_10/ils_config_16955090640135623057.prm
[INFO]:[01:55:00] Starting CPLEX solver on instance: /home/yorig/tuner/mpils-tests/instances/miplib/easy/supportcase33.mps with config: /scratch/yorig/mpils-results-grid-seconds-5-watchdog/easy/24proc/seed-2/10_supportcase33_seed-2_20260504_014950/iterated_local_search/run_5_worker_10/ils_config_16955090640135623057.prm
[INFO]:[01:55:05] CPLEX results. Gap: 1075000000000000.000000, upper bound: 0.000000, lower bound: -1075.000000
[INFO]:[01:55:05] CPLEX solver finished. Gap: 1075000000000000.000000
[INFO]:[01:55:05] Initial configuration evaluated with objective value: 1.075e+15
[INFO]:[01:55:05] Starting CPLEX solver on instance: /home/yorig/tuner/mpils-tests/instances/miplib/easy/supportcase33.mps with config: /scratch/yorig/mpils-results-grid-seconds-5-watchdog/easy/24proc/seed-2/10_supportcase33_seed-2_20260504_014950/iterated_local_search/run_5_worker_10/ils_config_5636374844180614788.prm
[INFO]:[01:55:05] Starting CPLEX solver on instance: /home/yorig/tuner/mpils-tests/instances/miplib/easy/supportcase33.mps with config: /scratch/yorig/mpils-results-grid-seconds-5-watchdog/easy/24proc/seed-2/10_supportcase33_seed-2_20260504_014950/iterated_local_search/run_5_worker_10/ils_config_5636374844180614788.prm
[INFO]:[01:55:10] CPLEX results. Gap: 1075000000000000.000000, upper bound: 0.000000, lower bound: -1075.000000
[INFO]:[01:55:10] CPLEX solver finished. Gap: 1075000000000000.000000
[INFO]:[01:55:10] Starting CPLEX solver on instance: /home/yorig/tuner/mpils-tests/instances/miplib/easy/supportcase33.mps with config: /scratch/yorig/mpils-results-grid-seconds-5-watchdog/easy/24proc/seed-2/10_supportcase33_seed-2_20260504_014950/iterated_local_search/run_5_worker_10/ils_config_12941284260770225247.prm
[INFO]:[01:55:10] Starting CPLEX solver on instance: /home/yorig/tuner/mpils-tests/instances/miplib/easy/supportcase33.mps with config: /scratch/yorig/mpils-results-grid-seconds-5-watchdog/easy/24proc/seed-2/10_supportcase33_seed-2_20260504_014950/iterated_local_search/run_5_worker_10/ils_config_12941284260770225247.prm
[INFO]:[01:55:16] CPLEX results. Gap: 75.470000, upper bound: -265.000000, lower bound: -465.000000
[INFO]:[01:55:16] CPLEX solver finished. Gap: 75.470000
[INFO]:[01:55:16] New incumbent found with objective value: 75.47
[INFO]:[01:55:16] Starting CPLEX solver on instance: /home/yorig/tuner/mpils-tests/instances/miplib/easy/supportcase33.mps with config: /scratch/yorig/mpils-results-grid-seconds-5-watchdog/easy/24proc/seed-2/10_supportcase33_seed-2_20260504_014950/iterated_local_search/run_5_worker_10/ils_config_12647942613032318585.prm
[INFO]:[01:55:16] Starting CPLEX solver on instance: /home/yorig/tuner/mpils-tests/instances/miplib/easy/supportcase33.mps with config: /scratch/yorig/mpils-results-grid-seconds-5-watchdog/easy/24proc/seed-2/10_supportcase33_seed-2_20260504_014950/iterated_local_search/run_5_worker_10/ils_config_12647942613032318585.prm
[INFO]:[01:55:21] CPLEX results. Gap: 75.470000, upper bound: -265.000000, lower bound: -465.000000
[INFO]:[01:55:21] CPLEX solver finished. Gap: 75.470000
[INFO]:[01:55:21] Starting CPLEX solver on instance: /home/yorig/tuner/mpils-tests/instances/miplib/easy/supportcase33.mps with config: /scratch/yorig/mpils-results-grid-seconds-5-watchdog/easy/24proc/seed-2/10_supportcase33_seed-2_20260504_014950/iterated_local_search/run_5_worker_10/ils_config_17651992880500168333.prm
[INFO]:[01:55:21] Starting CPLEX solver on instance: /home/yorig/tuner/mpils-tests/instances/miplib/easy/supportcase33.mps with config: /scratch/yorig/mpils-results-grid-seconds-5-watchdog/easy/24proc/seed-2/10_supportcase33_seed-2_20260504_014950/iterated_local_search/run_5_worker_10/ils_config_17651992880500168333.prm
[INFO]:[01:55:26] CPLEX results. Gap: 76.470000, upper bound: -255.000000, lower bound: -450.000000
[INFO]:[01:55:26] CPLEX solver finished. Gap: 76.470000
[INFO]:[01:55:26] Starting CPLEX solver on instance: /home/yorig/tuner/mpils-tests/instances/miplib/easy/supportcase33.mps with config: /scratch/yorig/mpils-results-grid-seconds-5-watchdog/easy/24proc/seed-2/10_supportcase33_seed-2_20260504_014950/iterated_local_search/run_5_worker_10/ils_config_7810550181048281749.prm
[INFO]:[01:55:26] Starting CPLEX solver on instance: /home/yorig/tuner/mpils-tests/instances/miplib/easy/supportcase33.mps with config: /scratch/yorig/mpils-results-grid-seconds-5-watchdog/easy/24proc/seed-2/10_supportcase33_seed-2_20260504_014950/iterated_local_search/run_5_worker_10/ils_config_7810550181048281749.prm
[INFO]:[01:55:31] CPLEX results. Gap: 75.470000, upper bound: -265.000000, lower bound: -465.000000
[INFO]:[01:55:31] CPLEX solver finished. Gap: 75.470000
[INFO]:[01:55:31] Starting CPLEX solver on instance: /home/yorig/tuner/mpils-tests/instances/miplib/easy/supportcase33.mps with config: /scratch/yorig/mpils-results-grid-seconds-5-watchdog/easy/24proc/seed-2/10_supportcase33_seed-2_20260504_014950/iterated_local_search/run_5_worker_10/ils_config_15539831451691885683.prm
[INFO]:[01:55:31] Starting CPLEX solver on instance: /home/yorig/tuner/mpils-tests/instances/miplib/easy/supportcase33.mps with config: /scratch/yorig/mpils-results-grid-seconds-5-watchdog/easy/24proc/seed-2/10_supportcase33_seed-2_20260504_014950/iterated_local_search/run_5_worker_10/ils_config_15539831451691885683.prm
[INFO]:[01:55:36] CPLEX results. Gap: 80.000000, upper bound: -250.000000, lower bound: -450.000000
[INFO]:[01:55:36] CPLEX solver finished. Gap: 80.000000
[INFO]:[01:55:36] Starting CPLEX solver on instance: /home/yorig/tuner/mpils-tests/instances/miplib/easy/supportcase33.mps with config: /scratch/yorig/mpils-results-grid-seconds-5-watchdog/easy/24proc/seed-2/10_supportcase33_seed-2_20260504_014950/iterated_local_search/run_5_worker_10/ils_config_14320433435184636610.prm
[INFO]:[01:55:36] Starting CPLEX solver on instance: /home/yorig/tuner/mpils-tests/instances/miplib/easy/supportcase33.mps with config: /scratch/yorig/mpils-results-grid-seconds-5-watchdog/easy/24proc/seed-2/10_supportcase33_seed-2_20260504_014950/iterated_local_search/run_5_worker_10/ils_config_14320433435184636610.prm
[INFO]:[01:55:41] CPLEX results. Gap: 63.640000, upper bound: -275.000000, lower bound: -450.000000
[INFO]:[01:55:41] CPLEX solver finished. Gap: 63.640000
[INFO]:[01:55:41] New incumbent found with objective value: 63.64
[INFO]:[01:55:41] Starting CPLEX solver on instance: /home/yorig/tuner/mpils-tests/instances/miplib/easy/supportcase33.mps with config: /scratch/yorig/mpils-results-grid-seconds-5-watchdog/easy/24proc/seed-2/10_supportcase33_seed-2_20260504_014950/iterated_local_search/run_5_worker_10/ils_config_381250608287099684.prm
[INFO]:[01:55:41] Starting CPLEX solver on instance: /home/yorig/tuner/mpils-tests/instances/miplib/easy/supportcase33.mps with config: /scratch/yorig/mpils-results-grid-seconds-5-watchdog/easy/24proc/seed-2/10_supportcase33_seed-2_20260504_014950/iterated_local_search/run_5_worker_10/ils_config_381250608287099684.prm
[INFO]:[01:55:46] CPLEX results. Gap: 66.670000, upper bound: -270.000000, lower bound: -450.000000
[INFO]:[01:55:46] CPLEX solver finished. Gap: 66.670000
[INFO]:[01:55:46] Starting CPLEX solver on instance: /home/yorig/tuner/mpils-tests/instances/miplib/easy/supportcase33.mps with config: /scratch/yorig/mpils-results-grid-seconds-5-watchdog/easy/24proc/seed-2/10_supportcase33_seed-2_20260504_014950/iterated_local_search/run_5_worker_10/ils_config_6674721384067607221.prm
[INFO]:[01:55:46] Starting CPLEX solver on instance: /home/yorig/tuner/mpils-tests/instances/miplib/easy/supportcase33.mps with config: /scratch/yorig/mpils-results-grid-seconds-5-watchdog/easy/24proc/seed-2/10_supportcase33_seed-2_20260504_014950/iterated_local_search/run_5_worker_10/ils_config_6674721384067607221.prm
[INFO]:[01:55:51] CPLEX results. Gap: 57.960000, upper bound: -290.000000, lower bound: -458.076923
[INFO]:[01:55:51] CPLEX solver finished. Gap: 57.960000
[INFO]:[01:55:51] New incumbent found with objective value: 57.96
[INFO]:[01:55:51] Starting CPLEX solver on instance: /home/yorig/tuner/mpils-tests/instances/miplib/easy/supportcase33.mps with config: /scratch/yorig/mpils-results-grid-seconds-5-watchdog/easy/24proc/seed-2/10_supportcase33_seed-2_20260504_014950/iterated_local_search/run_5_worker_10/ils_config_3298852555313999062.prm
[INFO]:[01:55:51] Starting CPLEX solver on instance: /home/yorig/tuner/mpils-tests/instances/miplib/easy/supportcase33.mps with config: /scratch/yorig/mpils-results-grid-seconds-5-watchdog/easy/24proc/seed-2/10_supportcase33_seed-2_20260504_014950/iterated_local_search/run_5_worker_10/ils_config_3298852555313999062.prm
[INFO]:[01:55:57] CPLEX results. Gap: 57.960000, upper bound: -290.000000, lower bound: -458.076923
[INFO]:[01:55:57] CPLEX solver finished. Gap: 57.960000
[INFO]:[01:55:57] Starting CPLEX solver on instance: /home/yorig/tuner/mpils-tests/instances/miplib/easy/supportcase33.mps with config: /scratch/yorig/mpils-results-grid-seconds-5-watchdog/easy/24proc/seed-2/10_supportcase33_seed-2_20260504_014950/iterated_local_search/run_5_worker_10/ils_config_516141708657480466.prm
[INFO]:[01:55:57] Starting CPLEX solver on instance: /home/yorig/tuner/mpils-tests/instances/miplib/easy/supportcase33.mps with config: /scratch/yorig/mpils-results-grid-seconds-5-watchdog/easy/24proc/seed-2/10_supportcase33_seed-2_20260504_014950/iterated_local_search/run_5_worker_10/ils_config_516141708657480466.prm
[INFO]:[01:56:02] CPLEX results. Gap: 57.960000, upper bound: -290.000000, lower bound: -458.076923
[INFO]:[01:56:02] CPLEX solver finished. Gap: 57.960000
[INFO]:[01:56:02] Starting CPLEX solver on instance: /home/yorig/tuner/mpils-tests/instances/miplib/easy/supportcase33.mps with config: /scratch/yorig/mpils-results-grid-seconds-5-watchdog/easy/24proc/seed-2/10_supportcase33_seed-2_20260504_014950/iterated_local_search/run_5_worker_10/ils_config_18161370443494931917.prm
[INFO]:[01:56:02] Starting CPLEX solver on instance: /home/yorig/tuner/mpils-tests/instances/miplib/easy/supportcase33.mps with config: /scratch/yorig/mpils-results-grid-seconds-5-watchdog/easy/24proc/seed-2/10_supportcase33_seed-2_20260504_014950/iterated_local_search/run_5_worker_10/ils_config_18161370443494931917.prm
[INFO]:[01:56:07] CPLEX results. Gap: 57.960000, upper bound: -290.000000, lower bound: -458.076923
[INFO]:[01:56:07] CPLEX solver finished. Gap: 57.960000
[INFO]:[01:56:07] Starting CPLEX solver on instance: /home/yorig/tuner/mpils-tests/instances/miplib/easy/supportcase33.mps with config: /scratch/yorig/mpils-results-grid-seconds-5-watchdog/easy/24proc/seed-2/10_supportcase33_seed-2_20260504_014950/iterated_local_search/run_5_worker_10/ils_config_568479994933980184.prm
[INFO]:[01:56:07] Starting CPLEX solver on instance: /home/yorig/tuner/mpils-tests/instances/miplib/easy/supportcase33.mps with config: /scratch/yorig/mpils-results-grid-seconds-5-watchdog/easy/24proc/seed-2/10_supportcase33_seed-2_20260504_014950/iterated_local_search/run_5_worker_10/ils_config_568479994933980184.prm
[INFO]:[01:56:12] CPLEX results. Gap: 232.140000, upper bound: -140.000000, lower bound: -465.000000
[INFO]:[01:56:12] CPLEX solver finished. Gap: 232.140000
[INFO]:[01:56:12] Starting CPLEX solver on instance: /home/yorig/tuner/mpils-tests/instances/miplib/easy/supportcase33.mps with config: /scratch/yorig/mpils-results-grid-seconds-5-watchdog/easy/24proc/seed-2/10_supportcase33_seed-2_20260504_014950/iterated_local_search/run_5_worker_10/ils_config_1053875683905740506.prm
[INFO]:[01:56:12] Starting CPLEX solver on instance: /home/yorig/tuner/mpils-tests/instances/miplib/easy/supportcase33.mps with config: /scratch/yorig/mpils-results-grid-seconds-5-watchdog/easy/24proc/seed-2/10_supportcase33_seed-2_20260504_014950/iterated_local_search/run_5_worker_10/ils_config_1053875683905740506.prm
[INFO]:[01:56:17] CPLEX results. Gap: 82.350000, upper bound: -255.000000, lower bound: -465.000000
[INFO]:[01:56:17] CPLEX solver finished. Gap: 82.350000
[INFO]:[01:56:17] Starting CPLEX solver on instance: /home/yorig/tuner/mpils-tests/instances/miplib/easy/supportcase33.mps with config: /scratch/yorig/mpils-results-grid-seconds-5-watchdog/easy/24proc/seed-2/10_supportcase33_seed-2_20260504_014950/iterated_local_search/run_5_worker_10/ils_config_10843019947563972979.prm
[INFO]:[01:56:17] Starting CPLEX solver on instance: /home/yorig/tuner/mpils-tests/instances/miplib/easy/supportcase33.mps with config: /scratch/yorig/mpils-results-grid-seconds-5-watchdog/easy/24proc/seed-2/10_supportcase33_seed-2_20260504_014950/iterated_local_search/run_5_worker_10/ils_config_10843019947563972979.prm
[INFO]:[01:56:22] CPLEX results. Gap: 57.960000, upper bound: -290.000000, lower bound: -458.076923
[INFO]:[01:56:22] CPLEX solver finished. Gap: 57.960000
[INFO]:[01:56:22] Starting CPLEX solver on instance: /home/yorig/tuner/mpils-tests/instances/miplib/easy/supportcase33.mps with config: /scratch/yorig/mpils-results-grid-seconds-5-watchdog/easy/24proc/seed-2/10_supportcase33_seed-2_20260504_014950/iterated_local_search/run_5_worker_10/ils_config_9122951577173203382.prm
[INFO]:[01:56:22] Starting CPLEX solver on instance: /home/yorig/tuner/mpils-tests/instances/miplib/easy/supportcase33.mps with config: /scratch/yorig/mpils-results-grid-seconds-5-watchdog/easy/24proc/seed-2/10_supportcase33_seed-2_20260504_014950/iterated_local_search/run_5_worker_10/ils_config_9122951577173203382.prm
[INFO]:[01:56:27] CPLEX results. Gap: 76.470000, upper bound: -255.000000, lower bound: -450.000000
[INFO]:[01:56:27] CPLEX solver finished. Gap: 76.470000
[INFO]:[01:56:27] Starting CPLEX solver on instance: /home/yorig/tuner/mpils-tests/instances/miplib/easy/supportcase33.mps with config: /scratch/yorig/mpils-results-grid-seconds-5-watchdog/easy/24proc/seed-2/10_supportcase33_seed-2_20260504_014950/iterated_local_search/run_5_worker_10/ils_config_11607289976918439906.prm
[INFO]:[01:56:27] Starting CPLEX solver on instance: /home/yorig/tuner/mpils-tests/instances/miplib/easy/supportcase33.mps with config: /scratch/yorig/mpils-results-grid-seconds-5-watchdog/easy/24proc/seed-2/10_supportcase33_seed-2_20260504_014950/iterated_local_search/run_5_worker_10/ils_config_11607289976918439906.prm
[INFO]:[01:56:32] CPLEX results. Gap: 83.670000, upper bound: -245.000000, lower bound: -450.000000
[INFO]:[01:56:32] CPLEX solver finished. Gap: 83.670000
[INFO]:[01:56:32] Local search phase completed.
[INFO]:[01:56:32] Total number of new local-search evaluations: 18
[INFO]:[01:56:32] Final incumbent objective value: 57.96
[INFO]:[01:56:32] Worker 10 completed exploration phase.
[INFO]:[01:56:33] Worker 10 received order for step 2.
[INFO]:[01:56:33] Worker 10 running expansion phase for iteration 5.
[INFO]:[01:56:33] Worker 10 will use solver log file: /scratch/yorig/mpils-results-grid-seconds-5-watchdog/easy/24proc/seed-2/10_supportcase33_seed-2_20260504_014950/solver/cplex.log_iteration_expansion_5_worker_10
[INFO]:[01:56:33] Expansion Worker 10 starting expansion for iteration 5.
[INFO]:[01:56:33] Starting CPLEX solver on instance: /home/yorig/tuner/mpils-tests/instances/miplib/easy/supportcase33.mps with config: /scratch/yorig/mpils-results-grid-seconds-5-watchdog/easy/24proc/seed-2/10_supportcase33_seed-2_20260504_014950/expansion/config_param_CPXPARAM_Simplex_Limits_Singularity_0_iter_5.prm
[INFO]:[01:56:38] CPLEX results. Gap: 3.220000, upper bound: -345.000000, lower bound: -356.093750
[INFO]:[01:56:38] CPLEX solver finished. Gap: 3.220000
[INFO]:[01:56:43] Expansion Worker 10 completed expansion.
[INFO]:[01:56:43] Worker 10 completed expansion phase.
[INFO]:[01:56:44] Worker 10 received order for step 1.
[INFO]:[01:56:44] Worker 10 running exploration phase for iteration 6.
[INFO]:[01:56:44] Worker 10 at iteration 6 will not use a MIP start file. Current best MIP-start upper bound threshold is 1.79769e+308.
[INFO]:[01:56:44] Starting local search phase...
[INFO]:[01:56:44] Creating local search space from parameter space file: /scratch/yorig/mpils-results-grid-seconds-5-watchdog/easy/24proc/seed-2/10_supportcase33_seed-2_20260504_014950/iterated_local_search/search_space/search_space_file_6_worker_10.txt
[INFO]:[01:56:44] Local search space loaded from file: /scratch/yorig/mpils-results-grid-seconds-5-watchdog/easy/24proc/seed-2/10_supportcase33_seed-2_20260504_014950/iterated_local_search/search_space/search_space_file_6_worker_10.txt
[INFO]:[01:56:44] Number of parameters in local search space: 71
[INFO]:[01:56:44] Number of forbidden tuples in local search space: 9
[INFO]:[01:56:44] Number of conditionals in local search space: 6
[INFO]:[01:56:44] MIP start option not enabled. Local search will proceed without MIP start.
[INFO]:[01:56:44] Evaluating initial configuration for local search phase...
[INFO]:[01:56:44] Starting CPLEX solver on instance: /home/yorig/tuner/mpils-tests/instances/miplib/easy/supportcase33.mps with config: /scratch/yorig/mpils-results-grid-seconds-5-watchdog/easy/24proc/seed-2/10_supportcase33_seed-2_20260504_014950/iterated_local_search/run_6_worker_10/ils_config_821898728937628285.prm
[INFO]:[01:56:44] Starting CPLEX solver on instance: /home/yorig/tuner/mpils-tests/instances/miplib/easy/supportcase33.mps with config: /scratch/yorig/mpils-results-grid-seconds-5-watchdog/easy/24proc/seed-2/10_supportcase33_seed-2_20260504_014950/iterated_local_search/run_6_worker_10/ils_config_821898728937628285.prm
[INFO]:[01:56:49] CPLEX results. Gap: 1075000000000000.000000, upper bound: 0.000000, lower bound: -1075.000000
[INFO]:[01:56:49] CPLEX solver finished. Gap: 1075000000000000.000000
[INFO]:[01:56:49] Initial configuration evaluated with objective value: 1.075e+15
[INFO]:[01:56:49] Starting CPLEX solver on instance: /home/yorig/tuner/mpils-tests/instances/miplib/easy/supportcase33.mps with config: /scratch/yorig/mpils-results-grid-seconds-5-watchdog/easy/24proc/seed-2/10_supportcase33_seed-2_20260504_014950/iterated_local_search/run_6_worker_10/ils_config_10316263979013111041.prm
[INFO]:[01:56:49] Starting CPLEX solver on instance: /home/yorig/tuner/mpils-tests/instances/miplib/easy/supportcase33.mps with config: /scratch/yorig/mpils-results-grid-seconds-5-watchdog/easy/24proc/seed-2/10_supportcase33_seed-2_20260504_014950/iterated_local_search/run_6_worker_10/ils_config_10316263979013111041.prm
[INFO]:[01:56:54] CPLEX results. Gap: 1075000000000000.000000, upper bound: 0.000000, lower bound: -1075.000000
[INFO]:[01:56:54] CPLEX solver finished. Gap: 1075000000000000.000000
[INFO]:[01:56:54] Starting CPLEX solver on instance: /home/yorig/tuner/mpils-tests/instances/miplib/easy/supportcase33.mps with config: /scratch/yorig/mpils-results-grid-seconds-5-watchdog/easy/24proc/seed-2/10_supportcase33_seed-2_20260504_014950/iterated_local_search/run_6_worker_10/ils_config_1062435237532677718.prm
[INFO]:[01:56:54] Starting CPLEX solver on instance: /home/yorig/tuner/mpils-tests/instances/miplib/easy/supportcase33.mps with config: /scratch/yorig/mpils-results-grid-seconds-5-watchdog/easy/24proc/seed-2/10_supportcase33_seed-2_20260504_014950/iterated_local_search/run_6_worker_10/ils_config_1062435237532677718.prm
[INFO]:[01:56:59] CPLEX results. Gap: 1075000000000000.000000, upper bound: 0.000000, lower bound: -1075.000000
[INFO]:[01:56:59] CPLEX solver finished. Gap: 1075000000000000.000000
[INFO]:[01:56:59] Starting CPLEX solver on instance: /home/yorig/tuner/mpils-tests/instances/miplib/easy/supportcase33.mps with config: /scratch/yorig/mpils-results-grid-seconds-5-watchdog/easy/24proc/seed-2/10_supportcase33_seed-2_20260504_014950/iterated_local_search/run_6_worker_10/ils_config_8441528549469539434.prm
[INFO]:[01:56:59] Starting CPLEX solver on instance: /home/yorig/tuner/mpils-tests/instances/miplib/easy/supportcase33.mps with config: /scratch/yorig/mpils-results-grid-seconds-5-watchdog/easy/24proc/seed-2/10_supportcase33_seed-2_20260504_014950/iterated_local_search/run_6_worker_10/ils_config_8441528549469539434.prm
[INFO]:[01:57:04] CPLEX results. Gap: 1075000000000000.000000, upper bound: 0.000000, lower bound: -1075.000000
[INFO]:[01:57:04] CPLEX solver finished. Gap: 1075000000000000.000000
[INFO]:[01:57:04] Starting CPLEX solver on instance: /home/yorig/tuner/mpils-tests/instances/miplib/easy/supportcase33.mps with config: /scratch/yorig/mpils-results-grid-seconds-5-watchdog/easy/24proc/seed-2/10_supportcase33_seed-2_20260504_014950/iterated_local_search/run_6_worker_10/ils_config_2245017655672815867.prm
[INFO]:[01:57:04] Starting CPLEX solver on instance: /home/yorig/tuner/mpils-tests/instances/miplib/easy/supportcase33.mps with config: /scratch/yorig/mpils-results-grid-seconds-5-watchdog/easy/24proc/seed-2/10_supportcase33_seed-2_20260504_014950/iterated_local_search/run_6_worker_10/ils_config_2245017655672815867.prm
[INFO]:[01:57:09] CPLEX results. Gap: 1075000000000000.000000, upper bound: 0.000000, lower bound: -1075.000000
[INFO]:[01:57:09] CPLEX solver finished. Gap: 1075000000000000.000000
[INFO]:[01:57:09] Starting CPLEX solver on instance: /home/yorig/tuner/mpils-tests/instances/miplib/easy/supportcase33.mps with config: /scratch/yorig/mpils-results-grid-seconds-5-watchdog/easy/24proc/seed-2/10_supportcase33_seed-2_20260504_014950/iterated_local_search/run_6_worker_10/ils_config_2356875759368134787.prm
[INFO]:[01:57:09] Starting CPLEX solver on instance: /home/yorig/tuner/mpils-tests/instances/miplib/easy/supportcase33.mps with config: /scratch/yorig/mpils-results-grid-seconds-5-watchdog/easy/24proc/seed-2/10_supportcase33_seed-2_20260504_014950/iterated_local_search/run_6_worker_10/ils_config_2356875759368134787.prm
[INFO]:[01:57:15] CPLEX results. Gap: 1075000000000000.000000, upper bound: 0.000000, lower bound: -1075.000000
[INFO]:[01:57:15] CPLEX solver finished. Gap: 1075000000000000.000000
[INFO]:[01:57:15] Starting CPLEX solver on instance: /home/yorig/tuner/mpils-tests/instances/miplib/easy/supportcase33.mps with config: /scratch/yorig/mpils-results-grid-seconds-5-watchdog/easy/24proc/seed-2/10_supportcase33_seed-2_20260504_014950/iterated_local_search/run_6_worker_10/ils_config_14341391158747681936.prm
[INFO]:[01:57:15] Starting CPLEX solver on instance: /home/yorig/tuner/mpils-tests/instances/miplib/easy/supportcase33.mps with config: /scratch/yorig/mpils-results-grid-seconds-5-watchdog/easy/24proc/seed-2/10_supportcase33_seed-2_20260504_014950/iterated_local_search/run_6_worker_10/ils_config_14341391158747681936.prm
[INFO]:[01:57:20] CPLEX results. Gap: 1075000000000000.000000, upper bound: 0.000000, lower bound: -1075.000000
[INFO]:[01:57:20] CPLEX solver finished. Gap: 1075000000000000.000000
[INFO]:[01:57:20] Starting CPLEX solver on instance: /home/yorig/tuner/mpils-tests/instances/miplib/easy/supportcase33.mps with config: /scratch/yorig/mpils-results-grid-seconds-5-watchdog/easy/24proc/seed-2/10_supportcase33_seed-2_20260504_014950/iterated_local_search/run_6_worker_10/ils_config_1322645954342922786.prm
[INFO]:[01:57:20] Starting CPLEX solver on instance: /home/yorig/tuner/mpils-tests/instances/miplib/easy/supportcase33.mps with config: /scratch/yorig/mpils-results-grid-seconds-5-watchdog/easy/24proc/seed-2/10_supportcase33_seed-2_20260504_014950/iterated_local_search/run_6_worker_10/ils_config_1322645954342922786.prm
[INFO]:[01:57:25] CPLEX results. Gap: 1075000000000000.000000, upper bound: 0.000000, lower bound: -1075.000000
[INFO]:[01:57:25] CPLEX solver finished. Gap: 1075000000000000.000000
[INFO]:[01:57:25] Starting CPLEX solver on instance: /home/yorig/tuner/mpils-tests/instances/miplib/easy/supportcase33.mps with config: /scratch/yorig/mpils-results-grid-seconds-5-watchdog/easy/24proc/seed-2/10_supportcase33_seed-2_20260504_014950/iterated_local_search/run_6_worker_10/ils_config_811397807010884969.prm
[INFO]:[01:57:25] Starting CPLEX solver on instance: /home/yorig/tuner/mpils-tests/instances/miplib/easy/supportcase33.mps with config: /scratch/yorig/mpils-results-grid-seconds-5-watchdog/easy/24proc/seed-2/10_supportcase33_seed-2_20260504_014950/iterated_local_search/run_6_worker_10/ils_config_811397807010884969.prm
[INFO]:[01:57:30] CPLEX results. Gap: 1075000000000000.000000, upper bound: 0.000000, lower bound: -1075.000000
[INFO]:[01:57:30] CPLEX solver finished. Gap: 1075000000000000.000000
[INFO]:[01:57:30] Starting CPLEX solver on instance: /home/yorig/tuner/mpils-tests/instances/miplib/easy/supportcase33.mps with config: /scratch/yorig/mpils-results-grid-seconds-5-watchdog/easy/24proc/seed-2/10_supportcase33_seed-2_20260504_014950/iterated_local_search/run_6_worker_10/ils_config_16352656866675731923.prm
[INFO]:[01:57:30] Starting CPLEX solver on instance: /home/yorig/tuner/mpils-tests/instances/miplib/easy/supportcase33.mps with config: /scratch/yorig/mpils-results-grid-seconds-5-watchdog/easy/24proc/seed-2/10_supportcase33_seed-2_20260504_014950/iterated_local_search/run_6_worker_10/ils_config_16352656866675731923.prm
[INFO]:[01:57:35] CPLEX results. Gap: 1075000000000000.000000, upper bound: 0.000000, lower bound: -1075.000000
[INFO]:[01:57:35] CPLEX solver finished. Gap: 1075000000000000.000000
[INFO]:[01:57:35] Starting CPLEX solver on instance: /home/yorig/tuner/mpils-tests/instances/miplib/easy/supportcase33.mps with config: /scratch/yorig/mpils-results-grid-seconds-5-watchdog/easy/24proc/seed-2/10_supportcase33_seed-2_20260504_014950/iterated_local_search/run_6_worker_10/ils_config_11639363574679410452.prm
[INFO]:[01:57:35] Starting CPLEX solver on instance: /home/yorig/tuner/mpils-tests/instances/miplib/easy/supportcase33.mps with config: /scratch/yorig/mpils-results-grid-seconds-5-watchdog/easy/24proc/seed-2/10_supportcase33_seed-2_20260504_014950/iterated_local_search/run_6_worker_10/ils_config_11639363574679410452.prm
[INFO]:[01:57:40] CPLEX results. Gap: 1075000000000000.000000, upper bound: 0.000000, lower bound: -1075.000000
[INFO]:[01:57:40] CPLEX solver finished. Gap: 1075000000000000.000000
[INFO]:[01:57:40] Starting CPLEX solver on instance: /home/yorig/tuner/mpils-tests/instances/miplib/easy/supportcase33.mps with config: /scratch/yorig/mpils-results-grid-seconds-5-watchdog/easy/24proc/seed-2/10_supportcase33_seed-2_20260504_014950/iterated_local_search/run_6_worker_10/ils_config_13920879506765963231.prm
[INFO]:[01:57:40] Starting CPLEX solver on instance: /home/yorig/tuner/mpils-tests/instances/miplib/easy/supportcase33.mps with config: /scratch/yorig/mpils-results-grid-seconds-5-watchdog/easy/24proc/seed-2/10_supportcase33_seed-2_20260504_014950/iterated_local_search/run_6_worker_10/ils_config_13920879506765963231.prm
[INFO]:[01:57:45] CPLEX results. Gap: 1075000000000000.000000, upper bound: 0.000000, lower bound: -1075.000000
[INFO]:[01:57:45] CPLEX solver finished. Gap: 1075000000000000.000000
[INFO]:[01:57:45] Starting CPLEX solver on instance: /home/yorig/tuner/mpils-tests/instances/miplib/easy/supportcase33.mps with config: /scratch/yorig/mpils-results-grid-seconds-5-watchdog/easy/24proc/seed-2/10_supportcase33_seed-2_20260504_014950/iterated_local_search/run_6_worker_10/ils_config_3206255259590675085.prm
[INFO]:[01:57:45] Starting CPLEX solver on instance: /home/yorig/tuner/mpils-tests/instances/miplib/easy/supportcase33.mps with config: /scratch/yorig/mpils-results-grid-seconds-5-watchdog/easy/24proc/seed-2/10_supportcase33_seed-2_20260504_014950/iterated_local_search/run_6_worker_10/ils_config_3206255259590675085.prm
[INFO]:[01:57:50] CPLEX results. Gap: 1075000000000000.000000, upper bound: 0.000000, lower bound: -1075.000000
[INFO]:[01:57:50] CPLEX solver finished. Gap: 1075000000000000.000000
[INFO]:[01:57:50] Starting CPLEX solver on instance: /home/yorig/tuner/mpils-tests/instances/miplib/easy/supportcase33.mps with config: /scratch/yorig/mpils-results-grid-seconds-5-watchdog/easy/24proc/seed-2/10_supportcase33_seed-2_20260504_014950/iterated_local_search/run_6_worker_10/ils_config_3103594183614102964.prm
[INFO]:[01:57:50] Starting CPLEX solver on instance: /home/yorig/tuner/mpils-tests/instances/miplib/easy/supportcase33.mps with config: /scratch/yorig/mpils-results-grid-seconds-5-watchdog/easy/24proc/seed-2/10_supportcase33_seed-2_20260504_014950/iterated_local_search/run_6_worker_10/ils_config_3103594183614102964.prm
[INFO]:[01:57:56] CPLEX results. Gap: 1075000000000000.000000, upper bound: 0.000000, lower bound: -1075.000000
[INFO]:[01:57:56] CPLEX solver finished. Gap: 1075000000000000.000000
[INFO]:[01:57:56] Starting CPLEX solver on instance: /home/yorig/tuner/mpils-tests/instances/miplib/easy/supportcase33.mps with config: /scratch/yorig/mpils-results-grid-seconds-5-watchdog/easy/24proc/seed-2/10_supportcase33_seed-2_20260504_014950/iterated_local_search/run_6_worker_10/ils_config_17946662142038825825.prm
[INFO]:[01:57:56] Starting CPLEX solver on instance: /home/yorig/tuner/mpils-tests/instances/miplib/easy/supportcase33.mps with config: /scratch/yorig/mpils-results-grid-seconds-5-watchdog/easy/24proc/seed-2/10_supportcase33_seed-2_20260504_014950/iterated_local_search/run_6_worker_10/ils_config_17946662142038825825.prm
[INFO]:[01:58:01] CPLEX results. Gap: 1075000000000000.000000, upper bound: 0.000000, lower bound: -1075.000000
[INFO]:[01:58:01] CPLEX solver finished. Gap: 1075000000000000.000000
[INFO]:[01:58:01] Starting CPLEX solver on instance: /home/yorig/tuner/mpils-tests/instances/miplib/easy/supportcase33.mps with config: /scratch/yorig/mpils-results-grid-seconds-5-watchdog/easy/24proc/seed-2/10_supportcase33_seed-2_20260504_014950/iterated_local_search/run_6_worker_10/ils_config_11481252525846171039.prm
[INFO]:[01:58:01] Starting CPLEX solver on instance: /home/yorig/tuner/mpils-tests/instances/miplib/easy/supportcase33.mps with config: /scratch/yorig/mpils-results-grid-seconds-5-watchdog/easy/24proc/seed-2/10_supportcase33_seed-2_20260504_014950/iterated_local_search/run_6_worker_10/ils_config_11481252525846171039.prm
[INFO]:[01:58:06] CPLEX results. Gap: 1075000000000000.000000, upper bound: 0.000000, lower bound: -1075.000000
[INFO]:[01:58:06] CPLEX solver finished. Gap: 1075000000000000.000000
[INFO]:[01:58:06] Starting CPLEX solver on instance: /home/yorig/tuner/mpils-tests/instances/miplib/easy/supportcase33.mps with config: /scratch/yorig/mpils-results-grid-seconds-5-watchdog/easy/24proc/seed-2/10_supportcase33_seed-2_20260504_014950/iterated_local_search/run_6_worker_10/ils_config_6684362332108267791.prm
[INFO]:[01:58:06] Starting CPLEX solver on instance: /home/yorig/tuner/mpils-tests/instances/miplib/easy/supportcase33.mps with config: /scratch/yorig/mpils-results-grid-seconds-5-watchdog/easy/24proc/seed-2/10_supportcase33_seed-2_20260504_014950/iterated_local_search/run_6_worker_10/ils_config_6684362332108267791.prm
[INFO]:[01:58:11] CPLEX results. Gap: 1075000000000000.000000, upper bound: 0.000000, lower bound: -1075.000000
[INFO]:[01:58:11] CPLEX solver finished. Gap: 1075000000000000.000000
[INFO]:[01:58:11] Starting CPLEX solver on instance: /home/yorig/tuner/mpils-tests/instances/miplib/easy/supportcase33.mps with config: /scratch/yorig/mpils-results-grid-seconds-5-watchdog/easy/24proc/seed-2/10_supportcase33_seed-2_20260504_014950/iterated_local_search/run_6_worker_10/ils_config_13210145022439496566.prm
[INFO]:[01:58:11] Starting CPLEX solver on instance: /home/yorig/tuner/mpils-tests/instances/miplib/easy/supportcase33.mps with config: /scratch/yorig/mpils-results-grid-seconds-5-watchdog/easy/24proc/seed-2/10_supportcase33_seed-2_20260504_014950/iterated_local_search/run_6_worker_10/ils_config_13210145022439496566.prm
[INFO]:[01:58:16] CPLEX results. Gap: 1075000000000000.000000, upper bound: 0.000000, lower bound: -1075.000000
[INFO]:[01:58:16] CPLEX solver finished. Gap: 1075000000000000.000000
[INFO]:[01:58:16] Starting CPLEX solver on instance: /home/yorig/tuner/mpils-tests/instances/miplib/easy/supportcase33.mps with config: /scratch/yorig/mpils-results-grid-seconds-5-watchdog/easy/24proc/seed-2/10_supportcase33_seed-2_20260504_014950/iterated_local_search/run_6_worker_10/ils_config_2659281370121284506.prm
[INFO]:[01:58:16] Starting CPLEX solver on instance: /home/yorig/tuner/mpils-tests/instances/miplib/easy/supportcase33.mps with config: /scratch/yorig/mpils-results-grid-seconds-5-watchdog/easy/24proc/seed-2/10_supportcase33_seed-2_20260504_014950/iterated_local_search/run_6_worker_10/ils_config_2659281370121284506.prm
[INFO]:[01:58:21] CPLEX results. Gap: 1075000000000000.000000, upper bound: 0.000000, lower bound: -1075.000000
[INFO]:[01:58:21] CPLEX solver finished. Gap: 1075000000000000.000000
[INFO]:[01:58:21] Starting CPLEX solver on instance: /home/yorig/tuner/mpils-tests/instances/miplib/easy/supportcase33.mps with config: /scratch/yorig/mpils-results-grid-seconds-5-watchdog/easy/24proc/seed-2/10_supportcase33_seed-2_20260504_014950/iterated_local_search/run_6_worker_10/ils_config_16823607602562469136.prm
[INFO]:[01:58:21] Starting CPLEX solver on instance: /home/yorig/tuner/mpils-tests/instances/miplib/easy/supportcase33.mps with config: /scratch/yorig/mpils-results-grid-seconds-5-watchdog/easy/24proc/seed-2/10_supportcase33_seed-2_20260504_014950/iterated_local_search/run_6_worker_10/ils_config_16823607602562469136.prm
[INFO]:[01:58:26] CPLEX results. Gap: 1075000000000000.000000, upper bound: 0.000000, lower bound: -1075.000000
[INFO]:[01:58:26] CPLEX solver finished. Gap: 1075000000000000.000000
[INFO]:[01:58:26] Starting CPLEX solver on instance: /home/yorig/tuner/mpils-tests/instances/miplib/easy/supportcase33.mps with config: /scratch/yorig/mpils-results-grid-seconds-5-watchdog/easy/24proc/seed-2/10_supportcase33_seed-2_20260504_014950/iterated_local_search/run_6_worker_10/ils_config_10990718040239464208.prm
[INFO]:[01:58:26] Starting CPLEX solver on instance: /home/yorig/tuner/mpils-tests/instances/miplib/easy/supportcase33.mps with config: /scratch/yorig/mpils-results-grid-seconds-5-watchdog/easy/24proc/seed-2/10_supportcase33_seed-2_20260504_014950/iterated_local_search/run_6_worker_10/ils_config_10990718040239464208.prm
[INFO]:[01:58:31] CPLEX results. Gap: 1075000000000000.000000, upper bound: 0.000000, lower bound: -1075.000000
[INFO]:[01:58:31] CPLEX solver finished. Gap: 1075000000000000.000000
[INFO]:[01:58:31] Starting CPLEX solver on instance: /home/yorig/tuner/mpils-tests/instances/miplib/easy/supportcase33.mps with config: /scratch/yorig/mpils-results-grid-seconds-5-watchdog/easy/24proc/seed-2/10_supportcase33_seed-2_20260504_014950/iterated_local_search/run_6_worker_10/ils_config_5284272122475143765.prm
[INFO]:[01:58:31] Starting CPLEX solver on instance: /home/yorig/tuner/mpils-tests/instances/miplib/easy/supportcase33.mps with config: /scratch/yorig/mpils-results-grid-seconds-5-watchdog/easy/24proc/seed-2/10_supportcase33_seed-2_20260504_014950/iterated_local_search/run_6_worker_10/ils_config_5284272122475143765.prm
[INFO]:[01:58:37] CPLEX results. Gap: 1075000000000000.000000, upper bound: 0.000000, lower bound: -1075.000000
[INFO]:[01:58:37] CPLEX solver finished. Gap: 1075000000000000.000000
[INFO]:[01:58:37] Starting CPLEX solver on instance: /home/yorig/tuner/mpils-tests/instances/miplib/easy/supportcase33.mps with config: /scratch/yorig/mpils-results-grid-seconds-5-watchdog/easy/24proc/seed-2/10_supportcase33_seed-2_20260504_014950/iterated_local_search/run_6_worker_10/ils_config_1598853045930040924.prm
[INFO]:[01:58:37] Starting CPLEX solver on instance: /home/yorig/tuner/mpils-tests/instances/miplib/easy/supportcase33.mps with config: /scratch/yorig/mpils-results-grid-seconds-5-watchdog/easy/24proc/seed-2/10_supportcase33_seed-2_20260504_014950/iterated_local_search/run_6_worker_10/ils_config_1598853045930040924.prm
[INFO]:[01:58:42] CPLEX results. Gap: 1075000000000000.000000, upper bound: 0.000000, lower bound: -1075.000000
[INFO]:[01:58:42] CPLEX solver finished. Gap: 1075000000000000.000000
[INFO]:[01:58:42] Starting CPLEX solver on instance: /home/yorig/tuner/mpils-tests/instances/miplib/easy/supportcase33.mps with config: /scratch/yorig/mpils-results-grid-seconds-5-watchdog/easy/24proc/seed-2/10_supportcase33_seed-2_20260504_014950/iterated_local_search/run_6_worker_10/ils_config_14651972818861224500.prm
[INFO]:[01:58:42] Starting CPLEX solver on instance: /home/yorig/tuner/mpils-tests/instances/miplib/easy/supportcase33.mps with config: /scratch/yorig/mpils-results-grid-seconds-5-watchdog/easy/24proc/seed-2/10_supportcase33_seed-2_20260504_014950/iterated_local_search/run_6_worker_10/ils_config_14651972818861224500.prm
[INFO]:[01:58:47] CPLEX results. Gap: 1075000000000000.000000, upper bound: 0.000000, lower bound: -1075.000000
[INFO]:[01:58:47] CPLEX solver finished. Gap: 1075000000000000.000000
[INFO]:[01:58:47] Starting CPLEX solver on instance: /home/yorig/tuner/mpils-tests/instances/miplib/easy/supportcase33.mps with config: /scratch/yorig/mpils-results-grid-seconds-5-watchdog/easy/24proc/seed-2/10_supportcase33_seed-2_20260504_014950/iterated_local_search/run_6_worker_10/ils_config_17057174500511174594.prm
[INFO]:[01:58:47] Starting CPLEX solver on instance: /home/yorig/tuner/mpils-tests/instances/miplib/easy/supportcase33.mps with config: /scratch/yorig/mpils-results-grid-seconds-5-watchdog/easy/24proc/seed-2/10_supportcase33_seed-2_20260504_014950/iterated_local_search/run_6_worker_10/ils_config_17057174500511174594.prm
[INFO]:[01:58:52] CPLEX results. Gap: 1075000000000000.000000, upper bound: 0.000000, lower bound: -1075.000000
[INFO]:[01:58:52] CPLEX solver finished. Gap: 1075000000000000.000000
[INFO]:[01:58:52] Starting CPLEX solver on instance: /home/yorig/tuner/mpils-tests/instances/miplib/easy/supportcase33.mps with config: /scratch/yorig/mpils-results-grid-seconds-5-watchdog/easy/24proc/seed-2/10_supportcase33_seed-2_20260504_014950/iterated_local_search/run_6_worker_10/ils_config_12718845058058796067.prm
[INFO]:[01:58:52] Starting CPLEX solver on instance: /home/yorig/tuner/mpils-tests/instances/miplib/easy/supportcase33.mps with config: /scratch/yorig/mpils-results-grid-seconds-5-watchdog/easy/24proc/seed-2/10_supportcase33_seed-2_20260504_014950/iterated_local_search/run_6_worker_10/ils_config_12718845058058796067.prm
[INFO]:[01:58:57] CPLEX results. Gap: 1075000000000000.000000, upper bound: 0.000000, lower bound: -1075.000000
[INFO]:[01:58:57] CPLEX solver finished. Gap: 1075000000000000.000000
[INFO]:[01:58:57] Starting CPLEX solver on instance: /home/yorig/tuner/mpils-tests/instances/miplib/easy/supportcase33.mps with config: /scratch/yorig/mpils-results-grid-seconds-5-watchdog/easy/24proc/seed-2/10_supportcase33_seed-2_20260504_014950/iterated_local_search/run_6_worker_10/ils_config_9616845386798982813.prm
[INFO]:[01:58:57] Starting CPLEX solver on instance: /home/yorig/tuner/mpils-tests/instances/miplib/easy/supportcase33.mps with config: /scratch/yorig/mpils-results-grid-seconds-5-watchdog/easy/24proc/seed-2/10_supportcase33_seed-2_20260504_014950/iterated_local_search/run_6_worker_10/ils_config_9616845386798982813.prm
[INFO]:[01:59:02] CPLEX results. Gap: 1075000000000000.000000, upper bound: 0.000000, lower bound: -1075.000000
[INFO]:[01:59:02] CPLEX solver finished. Gap: 1075000000000000.000000
[INFO]:[01:59:02] Local search phase completed.
[INFO]:[01:59:02] Total number of new local-search evaluations: 27
[INFO]:[01:59:02] Final incumbent objective value: 1.075e+15
[INFO]:[01:59:02] Worker 10 completed exploration phase.
[INFO]:[01:59:02] Worker 10 received order for step 3.
[INFO]:[01:59:02] Worker 10 finished.
