[INFO]:[01:59:51] Worker 5 starting.
[INFO]:[01:59:51] Worker 5 received order for step 1.
[INFO]:[01:59:51] Worker 5 running exploration phase for iteration 1.
[INFO]:[01:59:51] Worker 5 at iteration 1 will not use a MIP start file. Current best MIP-start upper bound threshold is 1.79769e+308.
[INFO]:[01:59:51] Starting local search phase...
[INFO]:[01:59:51] Creating local search space from parameter space file: /scratch/yorig/mpils-results-grid-seconds-5-watchdog-mip-start/medium-1/16proc/seed-4/1_b1c1s1_seed-4_20260504_015950/iterated_local_search/search_space/search_space_file_1_worker_5.txt
[INFO]:[01:59:51] Local search space loaded from file: /scratch/yorig/mpils-results-grid-seconds-5-watchdog-mip-start/medium-1/16proc/seed-4/1_b1c1s1_seed-4_20260504_015950/iterated_local_search/search_space/search_space_file_1_worker_5.txt
[INFO]:[01:59:51] Number of parameters in local search space: 71
[INFO]:[01:59:51] Number of forbidden tuples in local search space: 0
[INFO]:[01:59:51] Number of conditionals in local search space: 6
[INFO]:[01:59:51] MIP start option not enabled. Local search will proceed without MIP start.
[INFO]:[01:59:51] Evaluating initial configuration for local search phase...
[INFO]:[01:59:51] Starting CPLEX solver on instance: /home/yorig/tuner/mpils-tests/instances/miplib/medium-1/b1c1s1.mps with config: /scratch/yorig/mpils-results-grid-seconds-5-watchdog-mip-start/medium-1/16proc/seed-4/1_b1c1s1_seed-4_20260504_015950/iterated_local_search/run_1_worker_5/ils_config_11465549685707380235.prm
[INFO]:[01:59:51] Starting CPLEX solver on instance: /home/yorig/tuner/mpils-tests/instances/miplib/medium-1/b1c1s1.mps with config: /scratch/yorig/mpils-results-grid-seconds-5-watchdog-mip-start/medium-1/16proc/seed-4/1_b1c1s1_seed-4_20260504_015950/iterated_local_search/run_1_worker_5/ils_config_11465549685707380235.prm
[INFO]:[01:59:56] CPLEX results. Gap: 55.670000, upper bound: 29073.750000, lower bound: 12887.016249
[INFO]:[01:59:56] CPLEX solver finished. Gap: 55.670000
[INFO]:[01:59:56] Initial configuration evaluated with objective value: 55.67
[INFO]:[01:59:56] Starting CPLEX solver on instance: /home/yorig/tuner/mpils-tests/instances/miplib/medium-1/b1c1s1.mps with config: /scratch/yorig/mpils-results-grid-seconds-5-watchdog-mip-start/medium-1/16proc/seed-4/1_b1c1s1_seed-4_20260504_015950/iterated_local_search/run_1_worker_5/ils_config_17030026366113733906.prm
[INFO]:[01:59:56] Starting CPLEX solver on instance: /home/yorig/tuner/mpils-tests/instances/miplib/medium-1/b1c1s1.mps with config: /scratch/yorig/mpils-results-grid-seconds-5-watchdog-mip-start/medium-1/16proc/seed-4/1_b1c1s1_seed-4_20260504_015950/iterated_local_search/run_1_worker_5/ils_config_17030026366113733906.prm
[INFO]:[02:00:01] CPLEX results. Gap: 31.680000, upper bound: 25746.980000, lower bound: 17590.999934
[INFO]:[02:00:01] CPLEX solver finished. Gap: 31.680000
[INFO]:[02:00:01] New incumbent found with objective value: 31.68
[INFO]:[02:00:01] Starting CPLEX solver on instance: /home/yorig/tuner/mpils-tests/instances/miplib/medium-1/b1c1s1.mps with config: /scratch/yorig/mpils-results-grid-seconds-5-watchdog-mip-start/medium-1/16proc/seed-4/1_b1c1s1_seed-4_20260504_015950/iterated_local_search/run_1_worker_5/ils_config_6428626993585807668.prm
[INFO]:[02:00:01] Starting CPLEX solver on instance: /home/yorig/tuner/mpils-tests/instances/miplib/medium-1/b1c1s1.mps with config: /scratch/yorig/mpils-results-grid-seconds-5-watchdog-mip-start/medium-1/16proc/seed-4/1_b1c1s1_seed-4_20260504_015950/iterated_local_search/run_1_worker_5/ils_config_6428626993585807668.prm
[INFO]:[02:00:06] CPLEX results. Gap: 31.190000, upper bound: 25449.050000, lower bound: 17511.241205
[INFO]:[02:00:06] CPLEX solver finished. Gap: 31.190000
[INFO]:[02:00:06] New incumbent found with objective value: 31.19
[INFO]:[02:00:06] Starting CPLEX solver on instance: /home/yorig/tuner/mpils-tests/instances/miplib/medium-1/b1c1s1.mps with config: /scratch/yorig/mpils-results-grid-seconds-5-watchdog-mip-start/medium-1/16proc/seed-4/1_b1c1s1_seed-4_20260504_015950/iterated_local_search/run_1_worker_5/ils_config_13717833491088209713.prm
[INFO]:[02:00:06] Starting CPLEX solver on instance: /home/yorig/tuner/mpils-tests/instances/miplib/medium-1/b1c1s1.mps with config: /scratch/yorig/mpils-results-grid-seconds-5-watchdog-mip-start/medium-1/16proc/seed-4/1_b1c1s1_seed-4_20260504_015950/iterated_local_search/run_1_worker_5/ils_config_13717833491088209713.prm
[INFO]:[02:00:11] CPLEX results. Gap: 28.240000, upper bound: 25659.410000, lower bound: 18413.716301
[INFO]:[02:00:11] CPLEX solver finished. Gap: 28.240000
[INFO]:[02:00:11] New incumbent found with objective value: 28.24
[INFO]:[02:00:11] Starting CPLEX solver on instance: /home/yorig/tuner/mpils-tests/instances/miplib/medium-1/b1c1s1.mps with config: /scratch/yorig/mpils-results-grid-seconds-5-watchdog-mip-start/medium-1/16proc/seed-4/1_b1c1s1_seed-4_20260504_015950/iterated_local_search/run_1_worker_5/ils_config_17875482120266781066.prm
[INFO]:[02:00:11] Starting CPLEX solver on instance: /home/yorig/tuner/mpils-tests/instances/miplib/medium-1/b1c1s1.mps with config: /scratch/yorig/mpils-results-grid-seconds-5-watchdog-mip-start/medium-1/16proc/seed-4/1_b1c1s1_seed-4_20260504_015950/iterated_local_search/run_1_worker_5/ils_config_17875482120266781066.prm
[INFO]:[02:00:16] CPLEX results. Gap: 27.600000, upper bound: 25432.230000, lower bound: 18413.716301
[INFO]:[02:00:16] CPLEX solver finished. Gap: 27.600000
[INFO]:[02:00:16] New incumbent found with objective value: 27.6
[INFO]:[02:00:16] Starting CPLEX solver on instance: /home/yorig/tuner/mpils-tests/instances/miplib/medium-1/b1c1s1.mps with config: /scratch/yorig/mpils-results-grid-seconds-5-watchdog-mip-start/medium-1/16proc/seed-4/1_b1c1s1_seed-4_20260504_015950/iterated_local_search/run_1_worker_5/ils_config_8329001940548015442.prm
[INFO]:[02:00:16] Starting CPLEX solver on instance: /home/yorig/tuner/mpils-tests/instances/miplib/medium-1/b1c1s1.mps with config: /scratch/yorig/mpils-results-grid-seconds-5-watchdog-mip-start/medium-1/16proc/seed-4/1_b1c1s1_seed-4_20260504_015950/iterated_local_search/run_1_worker_5/ils_config_8329001940548015442.prm
[INFO]:[02:00:21] CPLEX results. Gap: 35.410000, upper bound: 25005.020000, lower bound: 16151.236027
[INFO]:[02:00:21] CPLEX solver finished. Gap: 35.410000
[INFO]:[02:00:21] Starting CPLEX solver on instance: /home/yorig/tuner/mpils-tests/instances/miplib/medium-1/b1c1s1.mps with config: /scratch/yorig/mpils-results-grid-seconds-5-watchdog-mip-start/medium-1/16proc/seed-4/1_b1c1s1_seed-4_20260504_015950/iterated_local_search/run_1_worker_5/ils_config_7142761212390616681.prm
[INFO]:[02:00:21] Starting CPLEX solver on instance: /home/yorig/tuner/mpils-tests/instances/miplib/medium-1/b1c1s1.mps with config: /scratch/yorig/mpils-results-grid-seconds-5-watchdog-mip-start/medium-1/16proc/seed-4/1_b1c1s1_seed-4_20260504_015950/iterated_local_search/run_1_worker_5/ils_config_7142761212390616681.prm
[INFO]:[02:00:26] CPLEX results. Gap: 28.910000, upper bound: 25849.020000, lower bound: 18377.360145
[INFO]:[02:00:26] CPLEX solver finished. Gap: 28.910000
[INFO]:[02:00:26] Starting CPLEX solver on instance: /home/yorig/tuner/mpils-tests/instances/miplib/medium-1/b1c1s1.mps with config: /scratch/yorig/mpils-results-grid-seconds-5-watchdog-mip-start/medium-1/16proc/seed-4/1_b1c1s1_seed-4_20260504_015950/iterated_local_search/run_1_worker_5/ils_config_6283695280867097099.prm
[INFO]:[02:00:26] Starting CPLEX solver on instance: /home/yorig/tuner/mpils-tests/instances/miplib/medium-1/b1c1s1.mps with config: /scratch/yorig/mpils-results-grid-seconds-5-watchdog-mip-start/medium-1/16proc/seed-4/1_b1c1s1_seed-4_20260504_015950/iterated_local_search/run_1_worker_5/ils_config_6283695280867097099.prm
[INFO]:[02:00:31] CPLEX results. Gap: 55.510000, upper bound: 29007.190000, lower bound: 12905.764205
[INFO]:[02:00:31] CPLEX solver finished. Gap: 55.510000
[INFO]:[02:00:31] Starting CPLEX solver on instance: /home/yorig/tuner/mpils-tests/instances/miplib/medium-1/b1c1s1.mps with config: /scratch/yorig/mpils-results-grid-seconds-5-watchdog-mip-start/medium-1/16proc/seed-4/1_b1c1s1_seed-4_20260504_015950/iterated_local_search/run_1_worker_5/ils_config_5935531415688428643.prm
[INFO]:[02:00:31] Starting CPLEX solver on instance: /home/yorig/tuner/mpils-tests/instances/miplib/medium-1/b1c1s1.mps with config: /scratch/yorig/mpils-results-grid-seconds-5-watchdog-mip-start/medium-1/16proc/seed-4/1_b1c1s1_seed-4_20260504_015950/iterated_local_search/run_1_worker_5/ils_config_5935531415688428643.prm
[INFO]:[02:00:36] CPLEX results. Gap: 28.240000, upper bound: 25659.410000, lower bound: 18413.716301
[INFO]:[02:00:36] CPLEX solver finished. Gap: 28.240000
[INFO]:[02:00:36] Starting CPLEX solver on instance: /home/yorig/tuner/mpils-tests/instances/miplib/medium-1/b1c1s1.mps with config: /scratch/yorig/mpils-results-grid-seconds-5-watchdog-mip-start/medium-1/16proc/seed-4/1_b1c1s1_seed-4_20260504_015950/iterated_local_search/run_1_worker_5/ils_config_3051294337337581105.prm
[INFO]:[02:00:36] Starting CPLEX solver on instance: /home/yorig/tuner/mpils-tests/instances/miplib/medium-1/b1c1s1.mps with config: /scratch/yorig/mpils-results-grid-seconds-5-watchdog-mip-start/medium-1/16proc/seed-4/1_b1c1s1_seed-4_20260504_015950/iterated_local_search/run_1_worker_5/ils_config_3051294337337581105.prm
[INFO]:[02:00:41] CPLEX results. Gap: 34.160000, upper bound: 25897.910000, lower bound: 17049.961710
[INFO]:[02:00:41] CPLEX solver finished. Gap: 34.160000
[INFO]:[02:00:41] Starting CPLEX solver on instance: /home/yorig/tuner/mpils-tests/instances/miplib/medium-1/b1c1s1.mps with config: /scratch/yorig/mpils-results-grid-seconds-5-watchdog-mip-start/medium-1/16proc/seed-4/1_b1c1s1_seed-4_20260504_015950/iterated_local_search/run_1_worker_5/ils_config_17688780298450011541.prm
[INFO]:[02:00:41] Starting CPLEX solver on instance: /home/yorig/tuner/mpils-tests/instances/miplib/medium-1/b1c1s1.mps with config: /scratch/yorig/mpils-results-grid-seconds-5-watchdog-mip-start/medium-1/16proc/seed-4/1_b1c1s1_seed-4_20260504_015950/iterated_local_search/run_1_worker_5/ils_config_17688780298450011541.prm
[INFO]:[02:00:46] CPLEX results. Gap: 25.670000, upper bound: 25964.920000, lower bound: 19299.467632
[INFO]:[02:00:46] CPLEX solver finished. Gap: 25.670000
[INFO]:[02:00:46] New incumbent found with objective value: 25.67
[INFO]:[02:00:46] Starting CPLEX solver on instance: /home/yorig/tuner/mpils-tests/instances/miplib/medium-1/b1c1s1.mps with config: /scratch/yorig/mpils-results-grid-seconds-5-watchdog-mip-start/medium-1/16proc/seed-4/1_b1c1s1_seed-4_20260504_015950/iterated_local_search/run_1_worker_5/ils_config_3524246104841001726.prm
[INFO]:[02:00:46] Starting CPLEX solver on instance: /home/yorig/tuner/mpils-tests/instances/miplib/medium-1/b1c1s1.mps with config: /scratch/yorig/mpils-results-grid-seconds-5-watchdog-mip-start/medium-1/16proc/seed-4/1_b1c1s1_seed-4_20260504_015950/iterated_local_search/run_1_worker_5/ils_config_3524246104841001726.prm
[INFO]:[02:00:51] CPLEX results. Gap: 41.220000, upper bound: 25959.440000, lower bound: 15259.518190
[INFO]:[02:00:51] CPLEX solver finished. Gap: 41.220000
[INFO]:[02:00:51] Starting CPLEX solver on instance: /home/yorig/tuner/mpils-tests/instances/miplib/medium-1/b1c1s1.mps with config: /scratch/yorig/mpils-results-grid-seconds-5-watchdog-mip-start/medium-1/16proc/seed-4/1_b1c1s1_seed-4_20260504_015950/iterated_local_search/run_1_worker_5/ils_config_2314133135986718414.prm
[INFO]:[02:00:51] Starting CPLEX solver on instance: /home/yorig/tuner/mpils-tests/instances/miplib/medium-1/b1c1s1.mps with config: /scratch/yorig/mpils-results-grid-seconds-5-watchdog-mip-start/medium-1/16proc/seed-4/1_b1c1s1_seed-4_20260504_015950/iterated_local_search/run_1_worker_5/ils_config_2314133135986718414.prm
[INFO]:[02:00:56] CPLEX results. Gap: 27.670000, upper bound: 25953.090000, lower bound: 18772.365827
[INFO]:[02:00:56] CPLEX solver finished. Gap: 27.670000
[INFO]:[02:00:56] Starting CPLEX solver on instance: /home/yorig/tuner/mpils-tests/instances/miplib/medium-1/b1c1s1.mps with config: /scratch/yorig/mpils-results-grid-seconds-5-watchdog-mip-start/medium-1/16proc/seed-4/1_b1c1s1_seed-4_20260504_015950/iterated_local_search/run_1_worker_5/ils_config_14160563469520594273.prm
[INFO]:[02:00:56] Starting CPLEX solver on instance: /home/yorig/tuner/mpils-tests/instances/miplib/medium-1/b1c1s1.mps with config: /scratch/yorig/mpils-results-grid-seconds-5-watchdog-mip-start/medium-1/16proc/seed-4/1_b1c1s1_seed-4_20260504_015950/iterated_local_search/run_1_worker_5/ils_config_14160563469520594273.prm
[INFO]:[02:01:01] CPLEX results. Gap: 25.390000, upper bound: 25274.010000, lower bound: 18856.616183
[INFO]:[02:01:01] CPLEX solver finished. Gap: 25.390000
[INFO]:[02:01:01] New incumbent found with objective value: 25.39
[INFO]:[02:01:01] Starting CPLEX solver on instance: /home/yorig/tuner/mpils-tests/instances/miplib/medium-1/b1c1s1.mps with config: /scratch/yorig/mpils-results-grid-seconds-5-watchdog-mip-start/medium-1/16proc/seed-4/1_b1c1s1_seed-4_20260504_015950/iterated_local_search/run_1_worker_5/ils_config_6393536714462201972.prm
[INFO]:[02:01:01] Starting CPLEX solver on instance: /home/yorig/tuner/mpils-tests/instances/miplib/medium-1/b1c1s1.mps with config: /scratch/yorig/mpils-results-grid-seconds-5-watchdog-mip-start/medium-1/16proc/seed-4/1_b1c1s1_seed-4_20260504_015950/iterated_local_search/run_1_worker_5/ils_config_6393536714462201972.prm
[INFO]:[02:01:06] CPLEX results. Gap: 23.700000, upper bound: 25012.760000, lower bound: 19084.706813
[INFO]:[02:01:06] CPLEX solver finished. Gap: 23.700000
[INFO]:[02:01:06] New incumbent found with objective value: 23.7
[INFO]:[02:01:06] Starting CPLEX solver on instance: /home/yorig/tuner/mpils-tests/instances/miplib/medium-1/b1c1s1.mps with config: /scratch/yorig/mpils-results-grid-seconds-5-watchdog-mip-start/medium-1/16proc/seed-4/1_b1c1s1_seed-4_20260504_015950/iterated_local_search/run_1_worker_5/ils_config_11685875680524305772.prm
[INFO]:[02:01:06] Starting CPLEX solver on instance: /home/yorig/tuner/mpils-tests/instances/miplib/medium-1/b1c1s1.mps with config: /scratch/yorig/mpils-results-grid-seconds-5-watchdog-mip-start/medium-1/16proc/seed-4/1_b1c1s1_seed-4_20260504_015950/iterated_local_search/run_1_worker_5/ils_config_11685875680524305772.prm
[INFO]:[02:01:11] CPLEX results. Gap: 23.770000, upper bound: 25034.840000, lower bound: 19084.706813
[INFO]:[02:01:11] CPLEX solver finished. Gap: 23.770000
[INFO]:[02:01:11] Starting CPLEX solver on instance: /home/yorig/tuner/mpils-tests/instances/miplib/medium-1/b1c1s1.mps with config: /scratch/yorig/mpils-results-grid-seconds-5-watchdog-mip-start/medium-1/16proc/seed-4/1_b1c1s1_seed-4_20260504_015950/iterated_local_search/run_1_worker_5/ils_config_6989857029470863161.prm
[INFO]:[02:01:11] Starting CPLEX solver on instance: /home/yorig/tuner/mpils-tests/instances/miplib/medium-1/b1c1s1.mps with config: /scratch/yorig/mpils-results-grid-seconds-5-watchdog-mip-start/medium-1/16proc/seed-4/1_b1c1s1_seed-4_20260504_015950/iterated_local_search/run_1_worker_5/ils_config_6989857029470863161.prm
[INFO]:[02:01:16] CPLEX results. Gap: 28.000000, upper bound: 25836.770000, lower bound: 18603.013800
[INFO]:[02:01:16] CPLEX solver finished. Gap: 28.000000
[INFO]:[02:01:16] Starting CPLEX solver on instance: /home/yorig/tuner/mpils-tests/instances/miplib/medium-1/b1c1s1.mps with config: /scratch/yorig/mpils-results-grid-seconds-5-watchdog-mip-start/medium-1/16proc/seed-4/1_b1c1s1_seed-4_20260504_015950/iterated_local_search/run_1_worker_5/ils_config_12847957343952854117.prm
[INFO]:[02:01:16] Starting CPLEX solver on instance: /home/yorig/tuner/mpils-tests/instances/miplib/medium-1/b1c1s1.mps with config: /scratch/yorig/mpils-results-grid-seconds-5-watchdog-mip-start/medium-1/16proc/seed-4/1_b1c1s1_seed-4_20260504_015950/iterated_local_search/run_1_worker_5/ils_config_12847957343952854117.prm
[INFO]:[02:01:21] CPLEX results. Gap: 23.700000, upper bound: 25012.760000, lower bound: 19084.706813
[INFO]:[02:01:21] CPLEX solver finished. Gap: 23.700000
[INFO]:[02:01:21] Starting CPLEX solver on instance: /home/yorig/tuner/mpils-tests/instances/miplib/medium-1/b1c1s1.mps with config: /scratch/yorig/mpils-results-grid-seconds-5-watchdog-mip-start/medium-1/16proc/seed-4/1_b1c1s1_seed-4_20260504_015950/iterated_local_search/run_1_worker_5/ils_config_4012625512238403304.prm
[INFO]:[02:01:21] Starting CPLEX solver on instance: /home/yorig/tuner/mpils-tests/instances/miplib/medium-1/b1c1s1.mps with config: /scratch/yorig/mpils-results-grid-seconds-5-watchdog-mip-start/medium-1/16proc/seed-4/1_b1c1s1_seed-4_20260504_015950/iterated_local_search/run_1_worker_5/ils_config_4012625512238403304.prm
[INFO]:[02:01:26] CPLEX results. Gap: 24.080000, upper bound: 25127.710000, lower bound: 19077.431749
[INFO]:[02:01:26] CPLEX solver finished. Gap: 24.080000
[INFO]:[02:01:26] Starting CPLEX solver on instance: /home/yorig/tuner/mpils-tests/instances/miplib/medium-1/b1c1s1.mps with config: /scratch/yorig/mpils-results-grid-seconds-5-watchdog-mip-start/medium-1/16proc/seed-4/1_b1c1s1_seed-4_20260504_015950/iterated_local_search/run_1_worker_5/ils_config_1764603098776063636.prm
[INFO]:[02:01:26] Starting CPLEX solver on instance: /home/yorig/tuner/mpils-tests/instances/miplib/medium-1/b1c1s1.mps with config: /scratch/yorig/mpils-results-grid-seconds-5-watchdog-mip-start/medium-1/16proc/seed-4/1_b1c1s1_seed-4_20260504_015950/iterated_local_search/run_1_worker_5/ils_config_1764603098776063636.prm
[INFO]:[02:01:31] CPLEX results. Gap: 25.800000, upper bound: 25432.960000, lower bound: 18872.129395
[INFO]:[02:01:31] CPLEX solver finished. Gap: 25.800000
[INFO]:[02:01:31] Local search phase completed.
[INFO]:[02:01:31] Total number of new local-search evaluations: 20
[INFO]:[02:01:31] Final incumbent objective value: 23.7
[INFO]:[02:01:31] Worker 5 completed exploration phase.
[INFO]:[02:01:31] Worker 5 received order for step 2.
[INFO]:[02:01:31] Worker 5 running expansion phase for iteration 1.
[INFO]:[02:01:31] Worker 5 will use solver log file: /scratch/yorig/mpils-results-grid-seconds-5-watchdog-mip-start/medium-1/16proc/seed-4/1_b1c1s1_seed-4_20260504_015950/solver/cplex.log_iteration_expansion_1_worker_5
[INFO]:[02:01:31] Expansion Worker 5 starting expansion for iteration 1.
[INFO]:[02:01:31] Starting CPLEX solver on instance: /home/yorig/tuner/mpils-tests/instances/miplib/medium-1/b1c1s1.mps with config: /scratch/yorig/mpils-results-grid-seconds-5-watchdog-mip-start/medium-1/16proc/seed-4/1_b1c1s1_seed-4_20260504_015950/expansion/config_param_CPXPARAM_MIP_Limits_ProbeTime_1_iter_1.prm
[INFO]:[02:01:37] CPLEX results. Gap: 19.400000, upper bound: 25394.820000, lower bound: 20468.225553
[INFO]:[02:01:37] CPLEX solver finished. Gap: 19.400000
[INFO]:[02:01:37] Starting CPLEX solver on instance: /home/yorig/tuner/mpils-tests/instances/miplib/medium-1/b1c1s1.mps with config: /scratch/yorig/mpils-results-grid-seconds-5-watchdog-mip-start/medium-1/16proc/seed-4/1_b1c1s1_seed-4_20260504_015950/expansion/config_param_CPXPARAM_MIP_Limits_ProbeTime_2_iter_1.prm
[INFO]:[02:01:42] CPLEX results. Gap: 22.910000, upper bound: 26500.300000, lower bound: 20428.125253
[INFO]:[02:01:42] CPLEX solver finished. Gap: 22.910000
[INFO]:[02:01:42] Starting CPLEX solver on instance: /home/yorig/tuner/mpils-tests/instances/miplib/medium-1/b1c1s1.mps with config: /scratch/yorig/mpils-results-grid-seconds-5-watchdog-mip-start/medium-1/16proc/seed-4/1_b1c1s1_seed-4_20260504_015950/expansion/config_param_CPXPARAM_MIP_Limits_ProbeTime_5_iter_1.prm
[INFO]:[02:01:47] CPLEX results. Gap: 22.910000, upper bound: 26500.300000, lower bound: 20428.125253
[INFO]:[02:01:47] CPLEX solver finished. Gap: 22.910000
[INFO]:[02:01:47] Starting CPLEX solver on instance: /home/yorig/tuner/mpils-tests/instances/miplib/medium-1/b1c1s1.mps with config: /scratch/yorig/mpils-results-grid-seconds-5-watchdog-mip-start/medium-1/16proc/seed-4/1_b1c1s1_seed-4_20260504_015950/expansion/config_param_CPXPARAM_MIP_Limits_ProbeTime_10_iter_1.prm
[INFO]:[02:01:52] CPLEX results. Gap: 18.540000, upper bound: 25167.220000, lower bound: 20501.541280
[INFO]:[02:01:52] CPLEX solver finished. Gap: 18.540000
[INFO]:[02:01:52] Expansion Worker 5 stopping early after global MPI expansion stop was activated.
[INFO]:[02:01:52] Expansion Worker 5 completed expansion.
[INFO]:[02:01:52] Worker 5 completed expansion phase.
[INFO]:[02:01:52] Worker 5 received order for step 1.
[INFO]:[02:01:52] Worker 5 running exploration phase for iteration 2.
[INFO]:[02:01:52] Worker 5 at iteration 2 will not use a MIP start file. Current best MIP-start upper bound threshold is 1.79769e+308.
[INFO]:[02:01:52] Starting local search phase...
[INFO]:[02:01:52] Creating local search space from parameter space file: /scratch/yorig/mpils-results-grid-seconds-5-watchdog-mip-start/medium-1/16proc/seed-4/1_b1c1s1_seed-4_20260504_015950/iterated_local_search/search_space/search_space_file_2_worker_5.txt
[INFO]:[02:01:52] Local search space loaded from file: /scratch/yorig/mpils-results-grid-seconds-5-watchdog-mip-start/medium-1/16proc/seed-4/1_b1c1s1_seed-4_20260504_015950/iterated_local_search/search_space/search_space_file_2_worker_5.txt
[INFO]:[02:01:52] Number of parameters in local search space: 71
[INFO]:[02:01:52] Number of forbidden tuples in local search space: 20
[INFO]:[02:01:52] Number of conditionals in local search space: 6
[INFO]:[02:01:52] MIP start option not enabled. Local search will proceed without MIP start.
[INFO]:[02:01:52] Evaluating initial configuration for local search phase...
[INFO]:[02:01:52] Starting CPLEX solver on instance: /home/yorig/tuner/mpils-tests/instances/miplib/medium-1/b1c1s1.mps with config: /scratch/yorig/mpils-results-grid-seconds-5-watchdog-mip-start/medium-1/16proc/seed-4/1_b1c1s1_seed-4_20260504_015950/iterated_local_search/run_2_worker_5/ils_config_11029196343599303947.prm
[INFO]:[02:01:52] Starting CPLEX solver on instance: /home/yorig/tuner/mpils-tests/instances/miplib/medium-1/b1c1s1.mps with config: /scratch/yorig/mpils-results-grid-seconds-5-watchdog-mip-start/medium-1/16proc/seed-4/1_b1c1s1_seed-4_20260504_015950/iterated_local_search/run_2_worker_5/ils_config_11029196343599303947.prm
[INFO]:[02:01:57] CPLEX results. Gap: 72.440000, upper bound: 25130.490000, lower bound: 6925.483889
[INFO]:[02:01:57] CPLEX solver finished. Gap: 72.440000
[INFO]:[02:01:57] Initial configuration evaluated with objective value: 72.44
[INFO]:[02:01:57] Starting CPLEX solver on instance: /home/yorig/tuner/mpils-tests/instances/miplib/medium-1/b1c1s1.mps with config: /scratch/yorig/mpils-results-grid-seconds-5-watchdog-mip-start/medium-1/16proc/seed-4/1_b1c1s1_seed-4_20260504_015950/iterated_local_search/run_2_worker_5/ils_config_339231129707762548.prm
[INFO]:[02:01:57] Starting CPLEX solver on instance: /home/yorig/tuner/mpils-tests/instances/miplib/medium-1/b1c1s1.mps with config: /scratch/yorig/mpils-results-grid-seconds-5-watchdog-mip-start/medium-1/16proc/seed-4/1_b1c1s1_seed-4_20260504_015950/iterated_local_search/run_2_worker_5/ils_config_339231129707762548.prm
[INFO]:[02:02:02] CPLEX results. Gap: 72.440000, upper bound: 25130.490000, lower bound: 6925.483889
[INFO]:[02:02:02] CPLEX solver finished. Gap: 72.440000
[INFO]:[02:02:02] Starting CPLEX solver on instance: /home/yorig/tuner/mpils-tests/instances/miplib/medium-1/b1c1s1.mps with config: /scratch/yorig/mpils-results-grid-seconds-5-watchdog-mip-start/medium-1/16proc/seed-4/1_b1c1s1_seed-4_20260504_015950/iterated_local_search/run_2_worker_5/ils_config_6327274629851113638.prm
[INFO]:[02:02:02] Starting CPLEX solver on instance: /home/yorig/tuner/mpils-tests/instances/miplib/medium-1/b1c1s1.mps with config: /scratch/yorig/mpils-results-grid-seconds-5-watchdog-mip-start/medium-1/16proc/seed-4/1_b1c1s1_seed-4_20260504_015950/iterated_local_search/run_2_worker_5/ils_config_6327274629851113638.prm
[INFO]:[02:02:07] CPLEX results. Gap: 72.440000, upper bound: 25130.490000, lower bound: 6925.483889
[INFO]:[02:02:07] CPLEX solver finished. Gap: 72.440000
[INFO]:[02:02:07] Starting CPLEX solver on instance: /home/yorig/tuner/mpils-tests/instances/miplib/medium-1/b1c1s1.mps with config: /scratch/yorig/mpils-results-grid-seconds-5-watchdog-mip-start/medium-1/16proc/seed-4/1_b1c1s1_seed-4_20260504_015950/iterated_local_search/run_2_worker_5/ils_config_18426914973816507586.prm
[INFO]:[02:02:07] Starting CPLEX solver on instance: /home/yorig/tuner/mpils-tests/instances/miplib/medium-1/b1c1s1.mps with config: /scratch/yorig/mpils-results-grid-seconds-5-watchdog-mip-start/medium-1/16proc/seed-4/1_b1c1s1_seed-4_20260504_015950/iterated_local_search/run_2_worker_5/ils_config_18426914973816507586.prm
[INFO]:[02:02:12] CPLEX results. Gap: 76.460000, upper bound: 25904.510000, lower bound: 6097.175000
[INFO]:[02:02:12] CPLEX solver finished. Gap: 76.460000
[INFO]:[02:02:12] Starting CPLEX solver on instance: /home/yorig/tuner/mpils-tests/instances/miplib/medium-1/b1c1s1.mps with config: /scratch/yorig/mpils-results-grid-seconds-5-watchdog-mip-start/medium-1/16proc/seed-4/1_b1c1s1_seed-4_20260504_015950/iterated_local_search/run_2_worker_5/ils_config_1778027063510490531.prm
[INFO]:[02:02:12] Starting CPLEX solver on instance: /home/yorig/tuner/mpils-tests/instances/miplib/medium-1/b1c1s1.mps with config: /scratch/yorig/mpils-results-grid-seconds-5-watchdog-mip-start/medium-1/16proc/seed-4/1_b1c1s1_seed-4_20260504_015950/iterated_local_search/run_2_worker_5/ils_config_1778027063510490531.prm
[INFO]:[02:02:17] CPLEX results. Gap: 72.440000, upper bound: 25130.490000, lower bound: 6925.483889
[INFO]:[02:02:17] CPLEX solver finished. Gap: 72.440000
[INFO]:[02:02:17] Starting CPLEX solver on instance: /home/yorig/tuner/mpils-tests/instances/miplib/medium-1/b1c1s1.mps with config: /scratch/yorig/mpils-results-grid-seconds-5-watchdog-mip-start/medium-1/16proc/seed-4/1_b1c1s1_seed-4_20260504_015950/iterated_local_search/run_2_worker_5/ils_config_14178602041005209678.prm
[INFO]:[02:02:17] Starting CPLEX solver on instance: /home/yorig/tuner/mpils-tests/instances/miplib/medium-1/b1c1s1.mps with config: /scratch/yorig/mpils-results-grid-seconds-5-watchdog-mip-start/medium-1/16proc/seed-4/1_b1c1s1_seed-4_20260504_015950/iterated_local_search/run_2_worker_5/ils_config_14178602041005209678.prm
[INFO]:[02:02:22] CPLEX results. Gap: 72.220000, upper bound: 25262.090000, lower bound: 7017.967222
[INFO]:[02:02:22] CPLEX solver finished. Gap: 72.220000
[INFO]:[02:02:22] New incumbent found with objective value: 72.22
[INFO]:[02:02:22] Local search phase completed.
[INFO]:[02:02:22] Total number of new local-search evaluations: 6
[INFO]:[02:02:22] Final incumbent objective value: 72.22
[INFO]:[02:02:22] Worker 5 completed exploration phase.
[INFO]:[02:02:22] Worker 5 received order for step 2.
[INFO]:[02:02:22] Worker 5 running expansion phase for iteration 2.
[INFO]:[02:02:22] Worker 5 will use solver log file: /scratch/yorig/mpils-results-grid-seconds-5-watchdog-mip-start/medium-1/16proc/seed-4/1_b1c1s1_seed-4_20260504_015950/solver/cplex.log_iteration_expansion_2_worker_5
[INFO]:[02:02:22] Expansion Worker 5 starting expansion for iteration 2.
[INFO]:[02:02:22] Starting CPLEX solver on instance: /home/yorig/tuner/mpils-tests/instances/miplib/medium-1/b1c1s1.mps with config: /scratch/yorig/mpils-results-grid-seconds-5-watchdog-mip-start/medium-1/16proc/seed-4/1_b1c1s1_seed-4_20260504_015950/expansion/config_param_CPXPARAM_MIP_Strategy_HeuristicFreq_-1_iter_2.prm
[WARN]:[02:02:27] CPLEX finished without a primal feasible solution for config /scratch/yorig/mpils-results-grid-seconds-5-watchdog-mip-start/medium-1/16proc/seed-4/1_b1c1s1_seed-4_20260504_015950/expansion/config_param_CPXPARAM_MIP_Strategy_HeuristicFreq_-1_iter_2.prm.
[INFO]:[02:02:27] CPLEX results. Gap: unavailable, upper bound: null, lower bound: 20249.045943
[INFO]:[02:02:27] CPLEX solver finished. Gap: 179769313486231570814527423731704356798070567525844996598917476803157260780028538760589558632766878171540458953514382464234321326889464182768467546703537516986049910576551282076245490090389328944075868508455133942304583236903222948165808559332123348274797826204144723168738177180919299881250404026184124858368.000000
[INFO]:[02:02:27] Starting CPLEX solver on instance: /home/yorig/tuner/mpils-tests/instances/miplib/medium-1/b1c1s1.mps with config: /scratch/yorig/mpils-results-grid-seconds-5-watchdog-mip-start/medium-1/16proc/seed-4/1_b1c1s1_seed-4_20260504_015950/expansion/config_param_CPXPARAM_MIP_Strategy_HeuristicFreq_20_iter_2.prm
[INFO]:[02:02:32] CPLEX results. Gap: 18.620000, upper bound: 25000.610000, lower bound: 20344.715514
[INFO]:[02:02:32] CPLEX solver finished. Gap: 18.620000
[INFO]:[02:02:37] Expansion Worker 5 completed expansion.
[INFO]:[02:02:37] Worker 5 completed expansion phase.
[INFO]:[02:02:37] Worker 5 received order for step 1.
[INFO]:[02:02:37] Worker 5 running exploration phase for iteration 3.
[INFO]:[02:02:37] Worker 5 at iteration 3 will not use a MIP start file. Current best MIP-start upper bound threshold is 1.79769e+308.
[INFO]:[02:02:37] Starting local search phase...
[INFO]:[02:02:37] Creating local search space from parameter space file: /scratch/yorig/mpils-results-grid-seconds-5-watchdog-mip-start/medium-1/16proc/seed-4/1_b1c1s1_seed-4_20260504_015950/iterated_local_search/search_space/search_space_file_3_worker_5.txt
[INFO]:[02:02:37] Local search space loaded from file: /scratch/yorig/mpils-results-grid-seconds-5-watchdog-mip-start/medium-1/16proc/seed-4/1_b1c1s1_seed-4_20260504_015950/iterated_local_search/search_space/search_space_file_3_worker_5.txt
[INFO]:[02:02:37] Number of parameters in local search space: 71
[INFO]:[02:02:37] Number of forbidden tuples in local search space: 21
[INFO]:[02:02:37] Number of conditionals in local search space: 6
[INFO]:[02:02:37] MIP start option not enabled. Local search will proceed without MIP start.
[INFO]:[02:02:37] Evaluating initial configuration for local search phase...
[INFO]:[02:02:37] Starting CPLEX solver on instance: /home/yorig/tuner/mpils-tests/instances/miplib/medium-1/b1c1s1.mps with config: /scratch/yorig/mpils-results-grid-seconds-5-watchdog-mip-start/medium-1/16proc/seed-4/1_b1c1s1_seed-4_20260504_015950/iterated_local_search/run_3_worker_5/ils_config_16711149872525928132.prm
[INFO]:[02:02:37] Starting CPLEX solver on instance: /home/yorig/tuner/mpils-tests/instances/miplib/medium-1/b1c1s1.mps with config: /scratch/yorig/mpils-results-grid-seconds-5-watchdog-mip-start/medium-1/16proc/seed-4/1_b1c1s1_seed-4_20260504_015950/iterated_local_search/run_3_worker_5/ils_config_16711149872525928132.prm
[INFO]:[02:02:42] CPLEX results. Gap: 49.210000, upper bound: 24719.760000, lower bound: 12554.631073
[INFO]:[02:02:42] CPLEX solver finished. Gap: 49.210000
[INFO]:[02:02:42] Initial configuration evaluated with objective value: 49.21
[INFO]:[02:02:42] Starting CPLEX solver on instance: /home/yorig/tuner/mpils-tests/instances/miplib/medium-1/b1c1s1.mps with config: /scratch/yorig/mpils-results-grid-seconds-5-watchdog-mip-start/medium-1/16proc/seed-4/1_b1c1s1_seed-4_20260504_015950/iterated_local_search/run_3_worker_5/ils_config_13804024723575373550.prm
[INFO]:[02:02:42] Starting CPLEX solver on instance: /home/yorig/tuner/mpils-tests/instances/miplib/medium-1/b1c1s1.mps with config: /scratch/yorig/mpils-results-grid-seconds-5-watchdog-mip-start/medium-1/16proc/seed-4/1_b1c1s1_seed-4_20260504_015950/iterated_local_search/run_3_worker_5/ils_config_13804024723575373550.prm
[INFO]:[02:02:47] CPLEX results. Gap: 30.460000, upper bound: 25240.160000, lower bound: 17552.773010
[INFO]:[02:02:47] CPLEX solver finished. Gap: 30.460000
[INFO]:[02:02:47] New incumbent found with objective value: 30.46
[INFO]:[02:02:47] Starting CPLEX solver on instance: /home/yorig/tuner/mpils-tests/instances/miplib/medium-1/b1c1s1.mps with config: /scratch/yorig/mpils-results-grid-seconds-5-watchdog-mip-start/medium-1/16proc/seed-4/1_b1c1s1_seed-4_20260504_015950/iterated_local_search/run_3_worker_5/ils_config_940721942625628877.prm
[INFO]:[02:02:47] Starting CPLEX solver on instance: /home/yorig/tuner/mpils-tests/instances/miplib/medium-1/b1c1s1.mps with config: /scratch/yorig/mpils-results-grid-seconds-5-watchdog-mip-start/medium-1/16proc/seed-4/1_b1c1s1_seed-4_20260504_015950/iterated_local_search/run_3_worker_5/ils_config_940721942625628877.prm
[INFO]:[02:02:52] CPLEX results. Gap: 30.460000, upper bound: 25240.160000, lower bound: 17552.773010
[INFO]:[02:02:52] CPLEX solver finished. Gap: 30.460000
[INFO]:[02:02:52] Starting CPLEX solver on instance: /home/yorig/tuner/mpils-tests/instances/miplib/medium-1/b1c1s1.mps with config: /scratch/yorig/mpils-results-grid-seconds-5-watchdog-mip-start/medium-1/16proc/seed-4/1_b1c1s1_seed-4_20260504_015950/iterated_local_search/run_3_worker_5/ils_config_11476896356895096258.prm
[INFO]:[02:02:52] Starting CPLEX solver on instance: /home/yorig/tuner/mpils-tests/instances/miplib/medium-1/b1c1s1.mps with config: /scratch/yorig/mpils-results-grid-seconds-5-watchdog-mip-start/medium-1/16proc/seed-4/1_b1c1s1_seed-4_20260504_015950/iterated_local_search/run_3_worker_5/ils_config_11476896356895096258.prm
[INFO]:[02:02:57] CPLEX results. Gap: 44.760000, upper bound: 26869.270000, lower bound: 14841.512239
[INFO]:[02:02:57] CPLEX solver finished. Gap: 44.760000
[INFO]:[02:02:57] Starting CPLEX solver on instance: /home/yorig/tuner/mpils-tests/instances/miplib/medium-1/b1c1s1.mps with config: /scratch/yorig/mpils-results-grid-seconds-5-watchdog-mip-start/medium-1/16proc/seed-4/1_b1c1s1_seed-4_20260504_015950/iterated_local_search/run_3_worker_5/ils_config_4519531628595736087.prm
[INFO]:[02:02:57] Starting CPLEX solver on instance: /home/yorig/tuner/mpils-tests/instances/miplib/medium-1/b1c1s1.mps with config: /scratch/yorig/mpils-results-grid-seconds-5-watchdog-mip-start/medium-1/16proc/seed-4/1_b1c1s1_seed-4_20260504_015950/iterated_local_search/run_3_worker_5/ils_config_4519531628595736087.prm
[INFO]:[02:03:02] CPLEX results. Gap: 30.460000, upper bound: 25240.160000, lower bound: 17552.773010
[INFO]:[02:03:02] CPLEX solver finished. Gap: 30.460000
[INFO]:[02:03:02] Starting CPLEX solver on instance: /home/yorig/tuner/mpils-tests/instances/miplib/medium-1/b1c1s1.mps with config: /scratch/yorig/mpils-results-grid-seconds-5-watchdog-mip-start/medium-1/16proc/seed-4/1_b1c1s1_seed-4_20260504_015950/iterated_local_search/run_3_worker_5/ils_config_9414926301370405759.prm
[INFO]:[02:03:02] Starting CPLEX solver on instance: /home/yorig/tuner/mpils-tests/instances/miplib/medium-1/b1c1s1.mps with config: /scratch/yorig/mpils-results-grid-seconds-5-watchdog-mip-start/medium-1/16proc/seed-4/1_b1c1s1_seed-4_20260504_015950/iterated_local_search/run_3_worker_5/ils_config_9414926301370405759.prm
[INFO]:[02:03:07] CPLEX results. Gap: 42.600000, upper bound: 26440.520000, lower bound: 15176.004465
[INFO]:[02:03:07] CPLEX solver finished. Gap: 42.600000
[INFO]:[02:03:07] Starting CPLEX solver on instance: /home/yorig/tuner/mpils-tests/instances/miplib/medium-1/b1c1s1.mps with config: /scratch/yorig/mpils-results-grid-seconds-5-watchdog-mip-start/medium-1/16proc/seed-4/1_b1c1s1_seed-4_20260504_015950/iterated_local_search/run_3_worker_5/ils_config_8004129666315709935.prm
[INFO]:[02:03:07] Starting CPLEX solver on instance: /home/yorig/tuner/mpils-tests/instances/miplib/medium-1/b1c1s1.mps with config: /scratch/yorig/mpils-results-grid-seconds-5-watchdog-mip-start/medium-1/16proc/seed-4/1_b1c1s1_seed-4_20260504_015950/iterated_local_search/run_3_worker_5/ils_config_8004129666315709935.prm
[INFO]:[02:03:12] CPLEX results. Gap: 75.510000, upper bound: 60965.710000, lower bound: 14931.752922
[INFO]:[02:03:12] CPLEX solver finished. Gap: 75.510000
[INFO]:[02:03:12] Starting CPLEX solver on instance: /home/yorig/tuner/mpils-tests/instances/miplib/medium-1/b1c1s1.mps with config: /scratch/yorig/mpils-results-grid-seconds-5-watchdog-mip-start/medium-1/16proc/seed-4/1_b1c1s1_seed-4_20260504_015950/iterated_local_search/run_3_worker_5/ils_config_9122117899867972483.prm
[INFO]:[02:03:12] Starting CPLEX solver on instance: /home/yorig/tuner/mpils-tests/instances/miplib/medium-1/b1c1s1.mps with config: /scratch/yorig/mpils-results-grid-seconds-5-watchdog-mip-start/medium-1/16proc/seed-4/1_b1c1s1_seed-4_20260504_015950/iterated_local_search/run_3_worker_5/ils_config_9122117899867972483.prm
[INFO]:[02:03:17] CPLEX results. Gap: 71.820000, upper bound: 25571.800000, lower bound: 7205.771111
[INFO]:[02:03:17] CPLEX solver finished. Gap: 71.820000
[INFO]:[02:03:17] Starting CPLEX solver on instance: /home/yorig/tuner/mpils-tests/instances/miplib/medium-1/b1c1s1.mps with config: /scratch/yorig/mpils-results-grid-seconds-5-watchdog-mip-start/medium-1/16proc/seed-4/1_b1c1s1_seed-4_20260504_015950/iterated_local_search/run_3_worker_5/ils_config_14136699628132152452.prm
[INFO]:[02:03:17] Starting CPLEX solver on instance: /home/yorig/tuner/mpils-tests/instances/miplib/medium-1/b1c1s1.mps with config: /scratch/yorig/mpils-results-grid-seconds-5-watchdog-mip-start/medium-1/16proc/seed-4/1_b1c1s1_seed-4_20260504_015950/iterated_local_search/run_3_worker_5/ils_config_14136699628132152452.prm
[INFO]:[02:03:22] CPLEX results. Gap: 33.420000, upper bound: 28062.080000, lower bound: 18684.533035
[INFO]:[02:03:22] CPLEX solver finished. Gap: 33.420000
[INFO]:[02:03:22] Starting CPLEX solver on instance: /home/yorig/tuner/mpils-tests/instances/miplib/medium-1/b1c1s1.mps with config: /scratch/yorig/mpils-results-grid-seconds-5-watchdog-mip-start/medium-1/16proc/seed-4/1_b1c1s1_seed-4_20260504_015950/iterated_local_search/run_3_worker_5/ils_config_6282234000617294560.prm
[INFO]:[02:03:22] Starting CPLEX solver on instance: /home/yorig/tuner/mpils-tests/instances/miplib/medium-1/b1c1s1.mps with config: /scratch/yorig/mpils-results-grid-seconds-5-watchdog-mip-start/medium-1/16proc/seed-4/1_b1c1s1_seed-4_20260504_015950/iterated_local_search/run_3_worker_5/ils_config_6282234000617294560.prm
[INFO]:[02:03:27] CPLEX results. Gap: 30.460000, upper bound: 25240.160000, lower bound: 17552.773010
[INFO]:[02:03:27] CPLEX solver finished. Gap: 30.460000
[INFO]:[02:03:27] Local search phase completed.
[INFO]:[02:03:27] Total number of new local-search evaluations: 10
[INFO]:[02:03:27] Final incumbent objective value: 30.46
[INFO]:[02:03:28] Worker 5 completed exploration phase.
[INFO]:[02:03:28] Worker 5 received order for step 2.
[INFO]:[02:03:28] Worker 5 running expansion phase for iteration 3.
[INFO]:[02:03:28] Worker 5 will use solver log file: /scratch/yorig/mpils-results-grid-seconds-5-watchdog-mip-start/medium-1/16proc/seed-4/1_b1c1s1_seed-4_20260504_015950/solver/cplex.log_iteration_expansion_3_worker_5
[INFO]:[02:03:28] Expansion Worker 5 starting expansion for iteration 3.
[INFO]:[02:03:28] Starting CPLEX solver on instance: /home/yorig/tuner/mpils-tests/instances/miplib/medium-1/b1c1s1.mps with config: /scratch/yorig/mpils-results-grid-seconds-5-watchdog-mip-start/medium-1/16proc/seed-4/1_b1c1s1_seed-4_20260504_015950/expansion/config_param_CPXPARAM_MIP_Limits_AggForCut_5_iter_3.prm
[INFO]:[02:03:33] CPLEX results. Gap: 25.310000, upper bound: 27578.100000, lower bound: 20598.036191
[INFO]:[02:03:33] CPLEX solver finished. Gap: 25.310000
[INFO]:[02:03:33] Starting CPLEX solver on instance: /home/yorig/tuner/mpils-tests/instances/miplib/medium-1/b1c1s1.mps with config: /scratch/yorig/mpils-results-grid-seconds-5-watchdog-mip-start/medium-1/16proc/seed-4/1_b1c1s1_seed-4_20260504_015950/expansion/config_param_CPXPARAM_MIP_Limits_AggForCut_10_iter_3.prm
[INFO]:[02:03:38] CPLEX results. Gap: 24.400000, upper bound: 27409.560000, lower bound: 20722.537258
[INFO]:[02:03:38] CPLEX solver finished. Gap: 24.400000
[INFO]:[02:03:38] Expansion Worker 5 completed expansion.
[INFO]:[02:03:38] Worker 5 completed expansion phase.
[INFO]:[02:03:38] Worker 5 received order for step 1.
[INFO]:[02:03:38] Worker 5 running exploration phase for iteration 4.
[INFO]:[02:03:38] Worker 5 at iteration 4 will not use a MIP start file. Current best MIP-start upper bound threshold is 1.79769e+308.
[INFO]:[02:03:38] Starting local search phase...
[INFO]:[02:03:38] Creating local search space from parameter space file: /scratch/yorig/mpils-results-grid-seconds-5-watchdog-mip-start/medium-1/16proc/seed-4/1_b1c1s1_seed-4_20260504_015950/iterated_local_search/search_space/search_space_file_4_worker_5.txt
[INFO]:[02:03:38] Local search space loaded from file: /scratch/yorig/mpils-results-grid-seconds-5-watchdog-mip-start/medium-1/16proc/seed-4/1_b1c1s1_seed-4_20260504_015950/iterated_local_search/search_space/search_space_file_4_worker_5.txt
[INFO]:[02:03:38] Number of parameters in local search space: 71
[INFO]:[02:03:38] Number of forbidden tuples in local search space: 24
[INFO]:[02:03:38] Number of conditionals in local search space: 6
[INFO]:[02:03:38] MIP start option not enabled. Local search will proceed without MIP start.
[INFO]:[02:03:38] Evaluating initial configuration for local search phase...
[INFO]:[02:03:38] Starting CPLEX solver on instance: /home/yorig/tuner/mpils-tests/instances/miplib/medium-1/b1c1s1.mps with config: /scratch/yorig/mpils-results-grid-seconds-5-watchdog-mip-start/medium-1/16proc/seed-4/1_b1c1s1_seed-4_20260504_015950/iterated_local_search/run_4_worker_5/ils_config_4880882146392191167.prm
[INFO]:[02:03:38] Starting CPLEX solver on instance: /home/yorig/tuner/mpils-tests/instances/miplib/medium-1/b1c1s1.mps with config: /scratch/yorig/mpils-results-grid-seconds-5-watchdog-mip-start/medium-1/16proc/seed-4/1_b1c1s1_seed-4_20260504_015950/iterated_local_search/run_4_worker_5/ils_config_4880882146392191167.prm
[INFO]:[02:03:43] CPLEX results. Gap: 75.370000, upper bound: 63486.710000, lower bound: 15635.967456
[INFO]:[02:03:43] CPLEX solver finished. Gap: 75.370000
[INFO]:[02:03:43] Initial configuration evaluated with objective value: 75.37
[INFO]:[02:03:43] Starting CPLEX solver on instance: /home/yorig/tuner/mpils-tests/instances/miplib/medium-1/b1c1s1.mps with config: /scratch/yorig/mpils-results-grid-seconds-5-watchdog-mip-start/medium-1/16proc/seed-4/1_b1c1s1_seed-4_20260504_015950/iterated_local_search/run_4_worker_5/ils_config_13758855572822375146.prm
[INFO]:[02:03:43] Starting CPLEX solver on instance: /home/yorig/tuner/mpils-tests/instances/miplib/medium-1/b1c1s1.mps with config: /scratch/yorig/mpils-results-grid-seconds-5-watchdog-mip-start/medium-1/16proc/seed-4/1_b1c1s1_seed-4_20260504_015950/iterated_local_search/run_4_worker_5/ils_config_13758855572822375146.prm
[INFO]:[02:03:48] CPLEX results. Gap: 30.820000, upper bound: 26493.350000, lower bound: 18329.116235
[INFO]:[02:03:48] CPLEX solver finished. Gap: 30.820000
[INFO]:[02:03:48] New incumbent found with objective value: 30.82
[INFO]:[02:03:48] Starting CPLEX solver on instance: /home/yorig/tuner/mpils-tests/instances/miplib/medium-1/b1c1s1.mps with config: /scratch/yorig/mpils-results-grid-seconds-5-watchdog-mip-start/medium-1/16proc/seed-4/1_b1c1s1_seed-4_20260504_015950/iterated_local_search/run_4_worker_5/ils_config_16268483798469302710.prm
[INFO]:[02:03:48] Starting CPLEX solver on instance: /home/yorig/tuner/mpils-tests/instances/miplib/medium-1/b1c1s1.mps with config: /scratch/yorig/mpils-results-grid-seconds-5-watchdog-mip-start/medium-1/16proc/seed-4/1_b1c1s1_seed-4_20260504_015950/iterated_local_search/run_4_worker_5/ils_config_16268483798469302710.prm
[INFO]:[02:03:53] CPLEX results. Gap: 32.200000, upper bound: 27203.050000, lower bound: 18444.707014
[INFO]:[02:03:53] CPLEX solver finished. Gap: 32.200000
[INFO]:[02:03:53] Starting CPLEX solver on instance: /home/yorig/tuner/mpils-tests/instances/miplib/medium-1/b1c1s1.mps with config: /scratch/yorig/mpils-results-grid-seconds-5-watchdog-mip-start/medium-1/16proc/seed-4/1_b1c1s1_seed-4_20260504_015950/iterated_local_search/run_4_worker_5/ils_config_12953454045131531482.prm
[INFO]:[02:03:53] Starting CPLEX solver on instance: /home/yorig/tuner/mpils-tests/instances/miplib/medium-1/b1c1s1.mps with config: /scratch/yorig/mpils-results-grid-seconds-5-watchdog-mip-start/medium-1/16proc/seed-4/1_b1c1s1_seed-4_20260504_015950/iterated_local_search/run_4_worker_5/ils_config_12953454045131531482.prm
[INFO]:[02:03:58] CPLEX results. Gap: 30.740000, upper bound: 26575.530000, lower bound: 18404.970699
[INFO]:[02:03:58] CPLEX solver finished. Gap: 30.740000
[INFO]:[02:03:58] New incumbent found with objective value: 30.74
[INFO]:[02:03:58] Starting CPLEX solver on instance: /home/yorig/tuner/mpils-tests/instances/miplib/medium-1/b1c1s1.mps with config: /scratch/yorig/mpils-results-grid-seconds-5-watchdog-mip-start/medium-1/16proc/seed-4/1_b1c1s1_seed-4_20260504_015950/iterated_local_search/run_4_worker_5/ils_config_13569418062841202274.prm
[INFO]:[02:03:58] Starting CPLEX solver on instance: /home/yorig/tuner/mpils-tests/instances/miplib/medium-1/b1c1s1.mps with config: /scratch/yorig/mpils-results-grid-seconds-5-watchdog-mip-start/medium-1/16proc/seed-4/1_b1c1s1_seed-4_20260504_015950/iterated_local_search/run_4_worker_5/ils_config_13569418062841202274.prm
[INFO]:[02:04:03] CPLEX results. Gap: 31.040000, upper bound: 26623.530000, lower bound: 18359.283773
[INFO]:[02:04:03] CPLEX solver finished. Gap: 31.040000
[INFO]:[02:04:03] Starting CPLEX solver on instance: /home/yorig/tuner/mpils-tests/instances/miplib/medium-1/b1c1s1.mps with config: /scratch/yorig/mpils-results-grid-seconds-5-watchdog-mip-start/medium-1/16proc/seed-4/1_b1c1s1_seed-4_20260504_015950/iterated_local_search/run_4_worker_5/ils_config_13262941507365785227.prm
[INFO]:[02:04:03] Starting CPLEX solver on instance: /home/yorig/tuner/mpils-tests/instances/miplib/medium-1/b1c1s1.mps with config: /scratch/yorig/mpils-results-grid-seconds-5-watchdog-mip-start/medium-1/16proc/seed-4/1_b1c1s1_seed-4_20260504_015950/iterated_local_search/run_4_worker_5/ils_config_13262941507365785227.prm
[INFO]:[02:04:08] CPLEX results. Gap: 30.710000, upper bound: 26623.530000, lower bound: 18448.272655
[INFO]:[02:04:08] CPLEX solver finished. Gap: 30.710000
[INFO]:[02:04:08] New incumbent found with objective value: 30.71
[INFO]:[02:04:08] Starting CPLEX solver on instance: /home/yorig/tuner/mpils-tests/instances/miplib/medium-1/b1c1s1.mps with config: /scratch/yorig/mpils-results-grid-seconds-5-watchdog-mip-start/medium-1/16proc/seed-4/1_b1c1s1_seed-4_20260504_015950/iterated_local_search/run_4_worker_5/ils_config_1867965964084229570.prm
[INFO]:[02:04:08] Starting CPLEX solver on instance: /home/yorig/tuner/mpils-tests/instances/miplib/medium-1/b1c1s1.mps with config: /scratch/yorig/mpils-results-grid-seconds-5-watchdog-mip-start/medium-1/16proc/seed-4/1_b1c1s1_seed-4_20260504_015950/iterated_local_search/run_4_worker_5/ils_config_1867965964084229570.prm
[INFO]:[02:04:13] CPLEX results. Gap: 30.570000, upper bound: 26623.530000, lower bound: 18483.429039
[INFO]:[02:04:13] CPLEX solver finished. Gap: 30.570000
[INFO]:[02:04:13] New incumbent found with objective value: 30.57
[INFO]:[02:04:13] Starting CPLEX solver on instance: /home/yorig/tuner/mpils-tests/instances/miplib/medium-1/b1c1s1.mps with config: /scratch/yorig/mpils-results-grid-seconds-5-watchdog-mip-start/medium-1/16proc/seed-4/1_b1c1s1_seed-4_20260504_015950/iterated_local_search/run_4_worker_5/ils_config_2057438905147134989.prm
[INFO]:[02:04:13] Starting CPLEX solver on instance: /home/yorig/tuner/mpils-tests/instances/miplib/medium-1/b1c1s1.mps with config: /scratch/yorig/mpils-results-grid-seconds-5-watchdog-mip-start/medium-1/16proc/seed-4/1_b1c1s1_seed-4_20260504_015950/iterated_local_search/run_4_worker_5/ils_config_2057438905147134989.prm
[INFO]:[02:04:18] CPLEX results. Gap: 30.570000, upper bound: 26623.530000, lower bound: 18483.429039
[INFO]:[02:04:18] CPLEX solver finished. Gap: 30.570000
[INFO]:[02:04:18] Starting CPLEX solver on instance: /home/yorig/tuner/mpils-tests/instances/miplib/medium-1/b1c1s1.mps with config: /scratch/yorig/mpils-results-grid-seconds-5-watchdog-mip-start/medium-1/16proc/seed-4/1_b1c1s1_seed-4_20260504_015950/iterated_local_search/run_4_worker_5/ils_config_3167317122612668788.prm
[INFO]:[02:04:18] Starting CPLEX solver on instance: /home/yorig/tuner/mpils-tests/instances/miplib/medium-1/b1c1s1.mps with config: /scratch/yorig/mpils-results-grid-seconds-5-watchdog-mip-start/medium-1/16proc/seed-4/1_b1c1s1_seed-4_20260504_015950/iterated_local_search/run_4_worker_5/ils_config_3167317122612668788.prm
[INFO]:[02:04:23] CPLEX results. Gap: 31.030000, upper bound: 26623.530000, lower bound: 18361.860274
[INFO]:[02:04:23] CPLEX solver finished. Gap: 31.030000
[INFO]:[02:04:23] Starting CPLEX solver on instance: /home/yorig/tuner/mpils-tests/instances/miplib/medium-1/b1c1s1.mps with config: /scratch/yorig/mpils-results-grid-seconds-5-watchdog-mip-start/medium-1/16proc/seed-4/1_b1c1s1_seed-4_20260504_015950/iterated_local_search/run_4_worker_5/ils_config_16389418479132197962.prm
[INFO]:[02:04:23] Starting CPLEX solver on instance: /home/yorig/tuner/mpils-tests/instances/miplib/medium-1/b1c1s1.mps with config: /scratch/yorig/mpils-results-grid-seconds-5-watchdog-mip-start/medium-1/16proc/seed-4/1_b1c1s1_seed-4_20260504_015950/iterated_local_search/run_4_worker_5/ils_config_16389418479132197962.prm
[INFO]:[02:04:28] CPLEX results. Gap: 31.020000, upper bound: 26623.530000, lower bound: 18364.112076
[INFO]:[02:04:28] CPLEX solver finished. Gap: 31.020000
[INFO]:[02:04:28] Starting CPLEX solver on instance: /home/yorig/tuner/mpils-tests/instances/miplib/medium-1/b1c1s1.mps with config: /scratch/yorig/mpils-results-grid-seconds-5-watchdog-mip-start/medium-1/16proc/seed-4/1_b1c1s1_seed-4_20260504_015950/iterated_local_search/run_4_worker_5/ils_config_2063987689534330371.prm
[INFO]:[02:04:28] Starting CPLEX solver on instance: /home/yorig/tuner/mpils-tests/instances/miplib/medium-1/b1c1s1.mps with config: /scratch/yorig/mpils-results-grid-seconds-5-watchdog-mip-start/medium-1/16proc/seed-4/1_b1c1s1_seed-4_20260504_015950/iterated_local_search/run_4_worker_5/ils_config_2063987689534330371.prm
[INFO]:[02:04:33] CPLEX results. Gap: 31.160000, upper bound: 26623.530000, lower bound: 18327.335065
[INFO]:[02:04:33] CPLEX solver finished. Gap: 31.160000
[INFO]:[02:04:33] Starting CPLEX solver on instance: /home/yorig/tuner/mpils-tests/instances/miplib/medium-1/b1c1s1.mps with config: /scratch/yorig/mpils-results-grid-seconds-5-watchdog-mip-start/medium-1/16proc/seed-4/1_b1c1s1_seed-4_20260504_015950/iterated_local_search/run_4_worker_5/ils_config_10732014963203009619.prm
[INFO]:[02:04:33] Starting CPLEX solver on instance: /home/yorig/tuner/mpils-tests/instances/miplib/medium-1/b1c1s1.mps with config: /scratch/yorig/mpils-results-grid-seconds-5-watchdog-mip-start/medium-1/16proc/seed-4/1_b1c1s1_seed-4_20260504_015950/iterated_local_search/run_4_worker_5/ils_config_10732014963203009619.prm
[INFO]:[02:04:38] CPLEX results. Gap: 30.850000, upper bound: 26623.530000, lower bound: 18410.599022
[INFO]:[02:04:38] CPLEX solver finished. Gap: 30.850000
[INFO]:[02:04:38] Starting CPLEX solver on instance: /home/yorig/tuner/mpils-tests/instances/miplib/medium-1/b1c1s1.mps with config: /scratch/yorig/mpils-results-grid-seconds-5-watchdog-mip-start/medium-1/16proc/seed-4/1_b1c1s1_seed-4_20260504_015950/iterated_local_search/run_4_worker_5/ils_config_4118404023499802646.prm
[INFO]:[02:04:38] Starting CPLEX solver on instance: /home/yorig/tuner/mpils-tests/instances/miplib/medium-1/b1c1s1.mps with config: /scratch/yorig/mpils-results-grid-seconds-5-watchdog-mip-start/medium-1/16proc/seed-4/1_b1c1s1_seed-4_20260504_015950/iterated_local_search/run_4_worker_5/ils_config_4118404023499802646.prm
[INFO]:[02:04:43] CPLEX results. Gap: 30.760000, upper bound: 25498.960000, lower bound: 17655.425003
[INFO]:[02:04:43] CPLEX solver finished. Gap: 30.760000
[INFO]:[02:04:43] Starting CPLEX solver on instance: /home/yorig/tuner/mpils-tests/instances/miplib/medium-1/b1c1s1.mps with config: /scratch/yorig/mpils-results-grid-seconds-5-watchdog-mip-start/medium-1/16proc/seed-4/1_b1c1s1_seed-4_20260504_015950/iterated_local_search/run_4_worker_5/ils_config_7103670736718187122.prm
[INFO]:[02:04:43] Starting CPLEX solver on instance: /home/yorig/tuner/mpils-tests/instances/miplib/medium-1/b1c1s1.mps with config: /scratch/yorig/mpils-results-grid-seconds-5-watchdog-mip-start/medium-1/16proc/seed-4/1_b1c1s1_seed-4_20260504_015950/iterated_local_search/run_4_worker_5/ils_config_7103670736718187122.prm
[INFO]:[02:04:48] CPLEX results. Gap: 29.210000, upper bound: 25873.160000, lower bound: 18316.731947
[INFO]:[02:04:48] CPLEX solver finished. Gap: 29.210000
[INFO]:[02:04:48] New incumbent found with objective value: 29.21
[INFO]:[02:04:48] Local search phase completed.
[INFO]:[02:04:48] Total number of new local-search evaluations: 14
[INFO]:[02:04:48] Final incumbent objective value: 29.21
[INFO]:[02:04:48] Worker 5 completed exploration phase.
[INFO]:[02:04:48] Worker 5 received order for step 2.
[INFO]:[02:04:48] Worker 5 running expansion phase for iteration 4.
[INFO]:[02:04:48] Worker 5 will use solver log file: /scratch/yorig/mpils-results-grid-seconds-5-watchdog-mip-start/medium-1/16proc/seed-4/1_b1c1s1_seed-4_20260504_015950/solver/cplex.log_iteration_expansion_4_worker_5
[INFO]:[02:04:48] Expansion Worker 5 starting expansion for iteration 4.
[INFO]:[02:04:48] Starting CPLEX solver on instance: /home/yorig/tuner/mpils-tests/instances/miplib/medium-1/b1c1s1.mps with config: /scratch/yorig/mpils-results-grid-seconds-5-watchdog-mip-start/medium-1/16proc/seed-4/1_b1c1s1_seed-4_20260504_015950/expansion/config_param_CPXPARAM_MIP_OrderType_1_iter_4.prm
[INFO]:[02:04:53] CPLEX results. Gap: 17.850000, upper bound: 25000.610000, lower bound: 20538.673454
[INFO]:[02:04:53] CPLEX solver finished. Gap: 17.850000
[INFO]:[02:04:53] Starting CPLEX solver on instance: /home/yorig/tuner/mpils-tests/instances/miplib/medium-1/b1c1s1.mps with config: /scratch/yorig/mpils-results-grid-seconds-5-watchdog-mip-start/medium-1/16proc/seed-4/1_b1c1s1_seed-4_20260504_015950/expansion/config_param_CPXPARAM_MIP_OrderType_2_iter_4.prm
[INFO]:[02:04:58] CPLEX results. Gap: 17.470000, upper bound: 25000.610000, lower bound: 20633.530290
[INFO]:[02:04:59] CPLEX solver finished. Gap: 17.470000
[INFO]:[02:04:59] Expansion Worker 5 completed expansion.
[INFO]:[02:04:59] Worker 5 completed expansion phase.
[INFO]:[02:04:59] Worker 5 received order for step 1.
[INFO]:[02:04:59] Worker 5 running exploration phase for iteration 5.
[INFO]:[02:04:59] Worker 5 at iteration 5 will not use a MIP start file. Current best MIP-start upper bound threshold is 1.79769e+308.
[INFO]:[02:04:59] Starting local search phase...
[INFO]:[02:04:59] Creating local search space from parameter space file: /scratch/yorig/mpils-results-grid-seconds-5-watchdog-mip-start/medium-1/16proc/seed-4/1_b1c1s1_seed-4_20260504_015950/iterated_local_search/search_space/search_space_file_5_worker_5.txt
[INFO]:[02:04:59] Local search space loaded from file: /scratch/yorig/mpils-results-grid-seconds-5-watchdog-mip-start/medium-1/16proc/seed-4/1_b1c1s1_seed-4_20260504_015950/iterated_local_search/search_space/search_space_file_5_worker_5.txt
[INFO]:[02:04:59] Number of parameters in local search space: 71
[INFO]:[02:04:59] Number of forbidden tuples in local search space: 24
[INFO]:[02:04:59] Number of conditionals in local search space: 6
[INFO]:[02:04:59] MIP start option not enabled. Local search will proceed without MIP start.
[INFO]:[02:04:59] Evaluating initial configuration for local search phase...
[INFO]:[02:04:59] Starting CPLEX solver on instance: /home/yorig/tuner/mpils-tests/instances/miplib/medium-1/b1c1s1.mps with config: /scratch/yorig/mpils-results-grid-seconds-5-watchdog-mip-start/medium-1/16proc/seed-4/1_b1c1s1_seed-4_20260504_015950/iterated_local_search/run_5_worker_5/ils_config_13474747905983595781.prm
[INFO]:[02:04:59] Starting CPLEX solver on instance: /home/yorig/tuner/mpils-tests/instances/miplib/medium-1/b1c1s1.mps with config: /scratch/yorig/mpils-results-grid-seconds-5-watchdog-mip-start/medium-1/16proc/seed-4/1_b1c1s1_seed-4_20260504_015950/iterated_local_search/run_5_worker_5/ils_config_13474747905983595781.prm
[INFO]:[02:05:04] CPLEX results. Gap: 48.710000, upper bound: 34697.270000, lower bound: 17795.578719
[INFO]:[02:05:04] CPLEX solver finished. Gap: 48.710000
[INFO]:[02:05:04] Initial configuration evaluated with objective value: 48.71
[INFO]:[02:05:04] Starting CPLEX solver on instance: /home/yorig/tuner/mpils-tests/instances/miplib/medium-1/b1c1s1.mps with config: /scratch/yorig/mpils-results-grid-seconds-5-watchdog-mip-start/medium-1/16proc/seed-4/1_b1c1s1_seed-4_20260504_015950/iterated_local_search/run_5_worker_5/ils_config_7374170973582858978.prm
[INFO]:[02:05:04] Starting CPLEX solver on instance: /home/yorig/tuner/mpils-tests/instances/miplib/medium-1/b1c1s1.mps with config: /scratch/yorig/mpils-results-grid-seconds-5-watchdog-mip-start/medium-1/16proc/seed-4/1_b1c1s1_seed-4_20260504_015950/iterated_local_search/run_5_worker_5/ils_config_7374170973582858978.prm
[INFO]:[02:05:09] CPLEX results. Gap: 48.810000, upper bound: 34697.270000, lower bound: 17760.088970
[INFO]:[02:05:09] CPLEX solver finished. Gap: 48.810000
[INFO]:[02:05:09] Starting CPLEX solver on instance: /home/yorig/tuner/mpils-tests/instances/miplib/medium-1/b1c1s1.mps with config: /scratch/yorig/mpils-results-grid-seconds-5-watchdog-mip-start/medium-1/16proc/seed-4/1_b1c1s1_seed-4_20260504_015950/iterated_local_search/run_5_worker_5/ils_config_12551102792378385133.prm
[INFO]:[02:05:09] Starting CPLEX solver on instance: /home/yorig/tuner/mpils-tests/instances/miplib/medium-1/b1c1s1.mps with config: /scratch/yorig/mpils-results-grid-seconds-5-watchdog-mip-start/medium-1/16proc/seed-4/1_b1c1s1_seed-4_20260504_015950/iterated_local_search/run_5_worker_5/ils_config_12551102792378385133.prm
[INFO]:[02:05:14] CPLEX results. Gap: 48.710000, upper bound: 34697.270000, lower bound: 17795.578719
[INFO]:[02:05:14] CPLEX solver finished. Gap: 48.710000
[INFO]:[02:05:14] Starting CPLEX solver on instance: /home/yorig/tuner/mpils-tests/instances/miplib/medium-1/b1c1s1.mps with config: /scratch/yorig/mpils-results-grid-seconds-5-watchdog-mip-start/medium-1/16proc/seed-4/1_b1c1s1_seed-4_20260504_015950/iterated_local_search/run_5_worker_5/ils_config_16386785755144902610.prm
[INFO]:[02:05:14] Starting CPLEX solver on instance: /home/yorig/tuner/mpils-tests/instances/miplib/medium-1/b1c1s1.mps with config: /scratch/yorig/mpils-results-grid-seconds-5-watchdog-mip-start/medium-1/16proc/seed-4/1_b1c1s1_seed-4_20260504_015950/iterated_local_search/run_5_worker_5/ils_config_16386785755144902610.prm
[INFO]:[02:05:19] CPLEX results. Gap: 48.520000, upper bound: 34697.270000, lower bound: 17862.728513
[INFO]:[02:05:19] CPLEX solver finished. Gap: 48.520000
[INFO]:[02:05:19] New incumbent found with objective value: 48.52
[INFO]:[02:05:19] Starting CPLEX solver on instance: /home/yorig/tuner/mpils-tests/instances/miplib/medium-1/b1c1s1.mps with config: /scratch/yorig/mpils-results-grid-seconds-5-watchdog-mip-start/medium-1/16proc/seed-4/1_b1c1s1_seed-4_20260504_015950/iterated_local_search/run_5_worker_5/ils_config_7088003500860165396.prm
[INFO]:[02:05:19] Starting CPLEX solver on instance: /home/yorig/tuner/mpils-tests/instances/miplib/medium-1/b1c1s1.mps with config: /scratch/yorig/mpils-results-grid-seconds-5-watchdog-mip-start/medium-1/16proc/seed-4/1_b1c1s1_seed-4_20260504_015950/iterated_local_search/run_5_worker_5/ils_config_7088003500860165396.prm
[INFO]:[02:05:24] CPLEX results. Gap: 72.370000, upper bound: 26983.770000, lower bound: 7456.312778
[INFO]:[02:05:24] CPLEX solver finished. Gap: 72.370000
[INFO]:[02:05:24] Starting CPLEX solver on instance: /home/yorig/tuner/mpils-tests/instances/miplib/medium-1/b1c1s1.mps with config: /scratch/yorig/mpils-results-grid-seconds-5-watchdog-mip-start/medium-1/16proc/seed-4/1_b1c1s1_seed-4_20260504_015950/iterated_local_search/run_5_worker_5/ils_config_15789054875067907897.prm
[INFO]:[02:05:24] Starting CPLEX solver on instance: /home/yorig/tuner/mpils-tests/instances/miplib/medium-1/b1c1s1.mps with config: /scratch/yorig/mpils-results-grid-seconds-5-watchdog-mip-start/medium-1/16proc/seed-4/1_b1c1s1_seed-4_20260504_015950/iterated_local_search/run_5_worker_5/ils_config_15789054875067907897.prm
[INFO]:[02:05:29] CPLEX results. Gap: 36.640000, upper bound: 28195.110000, lower bound: 17865.313572
[INFO]:[02:05:29] CPLEX solver finished. Gap: 36.640000
[INFO]:[02:05:29] New incumbent found with objective value: 36.64
[INFO]:[02:05:29] Starting CPLEX solver on instance: /home/yorig/tuner/mpils-tests/instances/miplib/medium-1/b1c1s1.mps with config: /scratch/yorig/mpils-results-grid-seconds-5-watchdog-mip-start/medium-1/16proc/seed-4/1_b1c1s1_seed-4_20260504_015950/iterated_local_search/run_5_worker_5/ils_config_16288424953771852015.prm
[INFO]:[02:05:29] Starting CPLEX solver on instance: /home/yorig/tuner/mpils-tests/instances/miplib/medium-1/b1c1s1.mps with config: /scratch/yorig/mpils-results-grid-seconds-5-watchdog-mip-start/medium-1/16proc/seed-4/1_b1c1s1_seed-4_20260504_015950/iterated_local_search/run_5_worker_5/ils_config_16288424953771852015.prm
[INFO]:[02:05:34] CPLEX results. Gap: 41.220000, upper bound: 28195.110000, lower bound: 16573.846130
[INFO]:[02:05:34] CPLEX solver finished. Gap: 41.220000
[INFO]:[02:05:34] Starting CPLEX solver on instance: /home/yorig/tuner/mpils-tests/instances/miplib/medium-1/b1c1s1.mps with config: /scratch/yorig/mpils-results-grid-seconds-5-watchdog-mip-start/medium-1/16proc/seed-4/1_b1c1s1_seed-4_20260504_015950/iterated_local_search/run_5_worker_5/ils_config_13154440796939448339.prm
[INFO]:[02:05:34] Starting CPLEX solver on instance: /home/yorig/tuner/mpils-tests/instances/miplib/medium-1/b1c1s1.mps with config: /scratch/yorig/mpils-results-grid-seconds-5-watchdog-mip-start/medium-1/16proc/seed-4/1_b1c1s1_seed-4_20260504_015950/iterated_local_search/run_5_worker_5/ils_config_13154440796939448339.prm
[INFO]:[02:05:39] CPLEX results. Gap: 36.280000, upper bound: 27798.130000, lower bound: 17712.855771
[INFO]:[02:05:39] CPLEX solver finished. Gap: 36.280000
[INFO]:[02:05:39] New incumbent found with objective value: 36.28
[INFO]:[02:05:39] Starting CPLEX solver on instance: /home/yorig/tuner/mpils-tests/instances/miplib/medium-1/b1c1s1.mps with config: /scratch/yorig/mpils-results-grid-seconds-5-watchdog-mip-start/medium-1/16proc/seed-4/1_b1c1s1_seed-4_20260504_015950/iterated_local_search/run_5_worker_5/ils_config_1868030739479414544.prm
[INFO]:[02:05:39] Starting CPLEX solver on instance: /home/yorig/tuner/mpils-tests/instances/miplib/medium-1/b1c1s1.mps with config: /scratch/yorig/mpils-results-grid-seconds-5-watchdog-mip-start/medium-1/16proc/seed-4/1_b1c1s1_seed-4_20260504_015950/iterated_local_search/run_5_worker_5/ils_config_1868030739479414544.prm
[INFO]:[02:05:44] CPLEX results. Gap: 76.770000, upper bound: 68050.630000, lower bound: 15807.378567
[INFO]:[02:05:44] CPLEX solver finished. Gap: 76.770000
[INFO]:[02:05:44] Starting CPLEX solver on instance: /home/yorig/tuner/mpils-tests/instances/miplib/medium-1/b1c1s1.mps with config: /scratch/yorig/mpils-results-grid-seconds-5-watchdog-mip-start/medium-1/16proc/seed-4/1_b1c1s1_seed-4_20260504_015950/iterated_local_search/run_5_worker_5/ils_config_6703297759724838026.prm
[INFO]:[02:05:44] Starting CPLEX solver on instance: /home/yorig/tuner/mpils-tests/instances/miplib/medium-1/b1c1s1.mps with config: /scratch/yorig/mpils-results-grid-seconds-5-watchdog-mip-start/medium-1/16proc/seed-4/1_b1c1s1_seed-4_20260504_015950/iterated_local_search/run_5_worker_5/ils_config_6703297759724838026.prm
[INFO]:[02:05:49] CPLEX results. Gap: 66.780000, upper bound: 53742.880000, lower bound: 17855.662352
[INFO]:[02:05:49] CPLEX solver finished. Gap: 66.780000
[INFO]:[02:05:49] Starting CPLEX solver on instance: /home/yorig/tuner/mpils-tests/instances/miplib/medium-1/b1c1s1.mps with config: /scratch/yorig/mpils-results-grid-seconds-5-watchdog-mip-start/medium-1/16proc/seed-4/1_b1c1s1_seed-4_20260504_015950/iterated_local_search/run_5_worker_5/ils_config_5382611224878778416.prm
[INFO]:[02:05:49] Starting CPLEX solver on instance: /home/yorig/tuner/mpils-tests/instances/miplib/medium-1/b1c1s1.mps with config: /scratch/yorig/mpils-results-grid-seconds-5-watchdog-mip-start/medium-1/16proc/seed-4/1_b1c1s1_seed-4_20260504_015950/iterated_local_search/run_5_worker_5/ils_config_5382611224878778416.prm
[INFO]:[02:05:54] CPLEX results. Gap: 35.970000, upper bound: 27798.130000, lower bound: 17798.193206
[INFO]:[02:05:54] CPLEX solver finished. Gap: 35.970000
[INFO]:[02:05:54] New incumbent found with objective value: 35.97
[INFO]:[02:05:54] Starting CPLEX solver on instance: /home/yorig/tuner/mpils-tests/instances/miplib/medium-1/b1c1s1.mps with config: /scratch/yorig/mpils-results-grid-seconds-5-watchdog-mip-start/medium-1/16proc/seed-4/1_b1c1s1_seed-4_20260504_015950/iterated_local_search/run_5_worker_5/ils_config_209496295183294426.prm
[INFO]:[02:05:54] Starting CPLEX solver on instance: /home/yorig/tuner/mpils-tests/instances/miplib/medium-1/b1c1s1.mps with config: /scratch/yorig/mpils-results-grid-seconds-5-watchdog-mip-start/medium-1/16proc/seed-4/1_b1c1s1_seed-4_20260504_015950/iterated_local_search/run_5_worker_5/ils_config_209496295183294426.prm
[INFO]:[02:05:59] CPLEX results. Gap: 36.280000, upper bound: 27798.130000, lower bound: 17712.855771
[INFO]:[02:05:59] CPLEX solver finished. Gap: 36.280000
[INFO]:[02:05:59] Starting CPLEX solver on instance: /home/yorig/tuner/mpils-tests/instances/miplib/medium-1/b1c1s1.mps with config: /scratch/yorig/mpils-results-grid-seconds-5-watchdog-mip-start/medium-1/16proc/seed-4/1_b1c1s1_seed-4_20260504_015950/iterated_local_search/run_5_worker_5/ils_config_2566089041480713968.prm
[INFO]:[02:05:59] Starting CPLEX solver on instance: /home/yorig/tuner/mpils-tests/instances/miplib/medium-1/b1c1s1.mps with config: /scratch/yorig/mpils-results-grid-seconds-5-watchdog-mip-start/medium-1/16proc/seed-4/1_b1c1s1_seed-4_20260504_015950/iterated_local_search/run_5_worker_5/ils_config_2566089041480713968.prm
[INFO]:[02:06:04] CPLEX results. Gap: 46.000000, upper bound: 28195.110000, lower bound: 15224.529371
[INFO]:[02:06:04] CPLEX solver finished. Gap: 46.000000
[INFO]:[02:06:04] Starting CPLEX solver on instance: /home/yorig/tuner/mpils-tests/instances/miplib/medium-1/b1c1s1.mps with config: /scratch/yorig/mpils-results-grid-seconds-5-watchdog-mip-start/medium-1/16proc/seed-4/1_b1c1s1_seed-4_20260504_015950/iterated_local_search/run_5_worker_5/ils_config_8080900292146256009.prm
[INFO]:[02:06:04] Starting CPLEX solver on instance: /home/yorig/tuner/mpils-tests/instances/miplib/medium-1/b1c1s1.mps with config: /scratch/yorig/mpils-results-grid-seconds-5-watchdog-mip-start/medium-1/16proc/seed-4/1_b1c1s1_seed-4_20260504_015950/iterated_local_search/run_5_worker_5/ils_config_8080900292146256009.prm
[INFO]:[02:06:09] CPLEX results. Gap: 35.800000, upper bound: 27716.890000, lower bound: 17793.428594
[INFO]:[02:06:09] CPLEX solver finished. Gap: 35.800000
[INFO]:[02:06:09] New incumbent found with objective value: 35.8
[INFO]:[02:06:09] Starting CPLEX solver on instance: /home/yorig/tuner/mpils-tests/instances/miplib/medium-1/b1c1s1.mps with config: /scratch/yorig/mpils-results-grid-seconds-5-watchdog-mip-start/medium-1/16proc/seed-4/1_b1c1s1_seed-4_20260504_015950/iterated_local_search/run_5_worker_5/ils_config_1379993599155503370.prm
[INFO]:[02:06:09] Starting CPLEX solver on instance: /home/yorig/tuner/mpils-tests/instances/miplib/medium-1/b1c1s1.mps with config: /scratch/yorig/mpils-results-grid-seconds-5-watchdog-mip-start/medium-1/16proc/seed-4/1_b1c1s1_seed-4_20260504_015950/iterated_local_search/run_5_worker_5/ils_config_1379993599155503370.prm
[INFO]:[02:06:14] CPLEX results. Gap: 37.540000, upper bound: 28195.110000, lower bound: 17609.701268
[INFO]:[02:06:14] CPLEX solver finished. Gap: 37.540000
[INFO]:[02:06:14] Starting CPLEX solver on instance: /home/yorig/tuner/mpils-tests/instances/miplib/medium-1/b1c1s1.mps with config: /scratch/yorig/mpils-results-grid-seconds-5-watchdog-mip-start/medium-1/16proc/seed-4/1_b1c1s1_seed-4_20260504_015950/iterated_local_search/run_5_worker_5/ils_config_237687565950312861.prm
[INFO]:[02:06:14] Starting CPLEX solver on instance: /home/yorig/tuner/mpils-tests/instances/miplib/medium-1/b1c1s1.mps with config: /scratch/yorig/mpils-results-grid-seconds-5-watchdog-mip-start/medium-1/16proc/seed-4/1_b1c1s1_seed-4_20260504_015950/iterated_local_search/run_5_worker_5/ils_config_237687565950312861.prm
[INFO]:[02:06:19] CPLEX results. Gap: 33.590000, upper bound: 26878.580000, lower bound: 17849.896228
[INFO]:[02:06:19] CPLEX solver finished. Gap: 33.590000
[INFO]:[02:06:19] New incumbent found with objective value: 33.59
[INFO]:[02:06:19] Starting CPLEX solver on instance: /home/yorig/tuner/mpils-tests/instances/miplib/medium-1/b1c1s1.mps with config: /scratch/yorig/mpils-results-grid-seconds-5-watchdog-mip-start/medium-1/16proc/seed-4/1_b1c1s1_seed-4_20260504_015950/iterated_local_search/run_5_worker_5/ils_config_1155145144404532789.prm
[INFO]:[02:06:19] Starting CPLEX solver on instance: /home/yorig/tuner/mpils-tests/instances/miplib/medium-1/b1c1s1.mps with config: /scratch/yorig/mpils-results-grid-seconds-5-watchdog-mip-start/medium-1/16proc/seed-4/1_b1c1s1_seed-4_20260504_015950/iterated_local_search/run_5_worker_5/ils_config_1155145144404532789.prm
[INFO]:[02:06:24] CPLEX results. Gap: 33.590000, upper bound: 26878.580000, lower bound: 17849.896228
[INFO]:[02:06:24] CPLEX solver finished. Gap: 33.590000
[INFO]:[02:06:24] Starting CPLEX solver on instance: /home/yorig/tuner/mpils-tests/instances/miplib/medium-1/b1c1s1.mps with config: /scratch/yorig/mpils-results-grid-seconds-5-watchdog-mip-start/medium-1/16proc/seed-4/1_b1c1s1_seed-4_20260504_015950/iterated_local_search/run_5_worker_5/ils_config_1349928578462308951.prm
[INFO]:[02:06:24] Starting CPLEX solver on instance: /home/yorig/tuner/mpils-tests/instances/miplib/medium-1/b1c1s1.mps with config: /scratch/yorig/mpils-results-grid-seconds-5-watchdog-mip-start/medium-1/16proc/seed-4/1_b1c1s1_seed-4_20260504_015950/iterated_local_search/run_5_worker_5/ils_config_1349928578462308951.prm
[INFO]:[02:06:29] CPLEX results. Gap: 74.710000, upper bound: 66956.260000, lower bound: 16934.915636
[INFO]:[02:06:29] CPLEX solver finished. Gap: 74.710000
[INFO]:[02:06:29] Local search phase completed.
[INFO]:[02:06:29] Total number of new local-search evaluations: 18
[INFO]:[02:06:29] Final incumbent objective value: 33.59
[INFO]:[02:06:29] Worker 5 completed exploration phase.
[INFO]:[02:06:29] Worker 5 received order for step 2.
[INFO]:[02:06:29] Worker 5 running expansion phase for iteration 5.
[INFO]:[02:06:29] Worker 5 will use solver log file: /scratch/yorig/mpils-results-grid-seconds-5-watchdog-mip-start/medium-1/16proc/seed-4/1_b1c1s1_seed-4_20260504_015950/solver/cplex.log_iteration_expansion_5_worker_5
[INFO]:[02:06:29] Expansion Worker 5 starting expansion for iteration 5.
[INFO]:[02:06:29] Starting CPLEX solver on instance: /home/yorig/tuner/mpils-tests/instances/miplib/medium-1/b1c1s1.mps with config: /scratch/yorig/mpils-results-grid-seconds-5-watchdog-mip-start/medium-1/16proc/seed-4/1_b1c1s1_seed-4_20260504_015950/expansion/config_param_CPXPARAM_Read_Scale_-1_iter_5.prm
[INFO]:[02:06:34] CPLEX results. Gap: 21.540000, upper bound: 26039.180000, lower bound: 20429.326638
[INFO]:[02:06:34] CPLEX solver finished. Gap: 21.540000
[INFO]:[02:06:34] Starting CPLEX solver on instance: /home/yorig/tuner/mpils-tests/instances/miplib/medium-1/b1c1s1.mps with config: /scratch/yorig/mpils-results-grid-seconds-5-watchdog-mip-start/medium-1/16proc/seed-4/1_b1c1s1_seed-4_20260504_015950/expansion/config_param_CPXPARAM_Read_Scale_1_iter_5.prm
[INFO]:[02:06:40] CPLEX results. Gap: 21.450000, upper bound: 25843.540000, lower bound: 20299.658106
[INFO]:[02:06:40] CPLEX solver finished. Gap: 21.450000
[INFO]:[02:06:40] Expansion Worker 5 completed expansion.
[INFO]:[02:06:40] Worker 5 completed expansion phase.
[INFO]:[02:06:40] Worker 5 received order for step 1.
[INFO]:[02:06:40] Worker 5 running exploration phase for iteration 6.
[INFO]:[02:06:40] Worker 5 at iteration 6 will not use a MIP start file. Current best MIP-start upper bound threshold is 1.79769e+308.
[INFO]:[02:06:40] Starting local search phase...
[INFO]:[02:06:40] Creating local search space from parameter space file: /scratch/yorig/mpils-results-grid-seconds-5-watchdog-mip-start/medium-1/16proc/seed-4/1_b1c1s1_seed-4_20260504_015950/iterated_local_search/search_space/search_space_file_6_worker_5.txt
[INFO]:[02:06:40] Local search space loaded from file: /scratch/yorig/mpils-results-grid-seconds-5-watchdog-mip-start/medium-1/16proc/seed-4/1_b1c1s1_seed-4_20260504_015950/iterated_local_search/search_space/search_space_file_6_worker_5.txt
[INFO]:[02:06:40] Number of parameters in local search space: 71
[INFO]:[02:06:40] Number of forbidden tuples in local search space: 24
[INFO]:[02:06:40] Number of conditionals in local search space: 6
[INFO]:[02:06:40] MIP start option not enabled. Local search will proceed without MIP start.
[INFO]:[02:06:40] Evaluating initial configuration for local search phase...
[INFO]:[02:06:40] Starting CPLEX solver on instance: /home/yorig/tuner/mpils-tests/instances/miplib/medium-1/b1c1s1.mps with config: /scratch/yorig/mpils-results-grid-seconds-5-watchdog-mip-start/medium-1/16proc/seed-4/1_b1c1s1_seed-4_20260504_015950/iterated_local_search/run_6_worker_5/ils_config_16816695940810964666.prm
[INFO]:[02:06:40] Starting CPLEX solver on instance: /home/yorig/tuner/mpils-tests/instances/miplib/medium-1/b1c1s1.mps with config: /scratch/yorig/mpils-results-grid-seconds-5-watchdog-mip-start/medium-1/16proc/seed-4/1_b1c1s1_seed-4_20260504_015950/iterated_local_search/run_6_worker_5/ils_config_16816695940810964666.prm
[INFO]:[02:06:45] CPLEX results. Gap: 78.100000, upper bound: 60811.910000, lower bound: 13317.348757
[INFO]:[02:06:45] CPLEX solver finished. Gap: 78.100000
[INFO]:[02:06:45] Initial configuration evaluated with objective value: 78.1
[INFO]:[02:06:45] Starting CPLEX solver on instance: /home/yorig/tuner/mpils-tests/instances/miplib/medium-1/b1c1s1.mps with config: /scratch/yorig/mpils-results-grid-seconds-5-watchdog-mip-start/medium-1/16proc/seed-4/1_b1c1s1_seed-4_20260504_015950/iterated_local_search/run_6_worker_5/ils_config_16831902622071608627.prm
[INFO]:[02:06:45] Starting CPLEX solver on instance: /home/yorig/tuner/mpils-tests/instances/miplib/medium-1/b1c1s1.mps with config: /scratch/yorig/mpils-results-grid-seconds-5-watchdog-mip-start/medium-1/16proc/seed-4/1_b1c1s1_seed-4_20260504_015950/iterated_local_search/run_6_worker_5/ils_config_16831902622071608627.prm
[INFO]:[02:06:50] CPLEX results. Gap: 78.100000, upper bound: 60811.910000, lower bound: 13317.348757
[INFO]:[02:06:50] CPLEX solver finished. Gap: 78.100000
[INFO]:[02:06:50] Starting CPLEX solver on instance: /home/yorig/tuner/mpils-tests/instances/miplib/medium-1/b1c1s1.mps with config: /scratch/yorig/mpils-results-grid-seconds-5-watchdog-mip-start/medium-1/16proc/seed-4/1_b1c1s1_seed-4_20260504_015950/iterated_local_search/run_6_worker_5/ils_config_11774861085846191829.prm
[INFO]:[02:06:50] Starting CPLEX solver on instance: /home/yorig/tuner/mpils-tests/instances/miplib/medium-1/b1c1s1.mps with config: /scratch/yorig/mpils-results-grid-seconds-5-watchdog-mip-start/medium-1/16proc/seed-4/1_b1c1s1_seed-4_20260504_015950/iterated_local_search/run_6_worker_5/ils_config_11774861085846191829.prm
[INFO]:[02:06:55] CPLEX results. Gap: 70.660000, upper bound: 60811.910000, lower bound: 17840.887502
[INFO]:[02:06:55] CPLEX solver finished. Gap: 70.660000
[INFO]:[02:06:55] New incumbent found with objective value: 70.66
[INFO]:[02:06:55] Starting CPLEX solver on instance: /home/yorig/tuner/mpils-tests/instances/miplib/medium-1/b1c1s1.mps with config: /scratch/yorig/mpils-results-grid-seconds-5-watchdog-mip-start/medium-1/16proc/seed-4/1_b1c1s1_seed-4_20260504_015950/iterated_local_search/run_6_worker_5/ils_config_9126712019346335602.prm
[INFO]:[02:06:55] Starting CPLEX solver on instance: /home/yorig/tuner/mpils-tests/instances/miplib/medium-1/b1c1s1.mps with config: /scratch/yorig/mpils-results-grid-seconds-5-watchdog-mip-start/medium-1/16proc/seed-4/1_b1c1s1_seed-4_20260504_015950/iterated_local_search/run_6_worker_5/ils_config_9126712019346335602.prm
[INFO]:[02:07:00] CPLEX results. Gap: 70.660000, upper bound: 60811.910000, lower bound: 17840.887502
[INFO]:[02:07:00] CPLEX solver finished. Gap: 70.660000
[INFO]:[02:07:00] Starting CPLEX solver on instance: /home/yorig/tuner/mpils-tests/instances/miplib/medium-1/b1c1s1.mps with config: /scratch/yorig/mpils-results-grid-seconds-5-watchdog-mip-start/medium-1/16proc/seed-4/1_b1c1s1_seed-4_20260504_015950/iterated_local_search/run_6_worker_5/ils_config_11562539925900491413.prm
[INFO]:[02:07:00] Starting CPLEX solver on instance: /home/yorig/tuner/mpils-tests/instances/miplib/medium-1/b1c1s1.mps with config: /scratch/yorig/mpils-results-grid-seconds-5-watchdog-mip-start/medium-1/16proc/seed-4/1_b1c1s1_seed-4_20260504_015950/iterated_local_search/run_6_worker_5/ils_config_11562539925900491413.prm
[INFO]:[02:07:05] CPLEX results. Gap: 80.640000, upper bound: 69966.450000, lower bound: 13546.242662
[INFO]:[02:07:05] CPLEX solver finished. Gap: 80.640000
[INFO]:[02:07:05] Starting CPLEX solver on instance: /home/yorig/tuner/mpils-tests/instances/miplib/medium-1/b1c1s1.mps with config: /scratch/yorig/mpils-results-grid-seconds-5-watchdog-mip-start/medium-1/16proc/seed-4/1_b1c1s1_seed-4_20260504_015950/iterated_local_search/run_6_worker_5/ils_config_8034518564480623504.prm
[INFO]:[02:07:05] Starting CPLEX solver on instance: /home/yorig/tuner/mpils-tests/instances/miplib/medium-1/b1c1s1.mps with config: /scratch/yorig/mpils-results-grid-seconds-5-watchdog-mip-start/medium-1/16proc/seed-4/1_b1c1s1_seed-4_20260504_015950/iterated_local_search/run_6_worker_5/ils_config_8034518564480623504.prm
[INFO]:[02:07:10] CPLEX results. Gap: 73.580000, upper bound: 60811.910000, lower bound: 16068.212473
[INFO]:[02:07:10] CPLEX solver finished. Gap: 73.580000
[INFO]:[02:07:10] Starting CPLEX solver on instance: /home/yorig/tuner/mpils-tests/instances/miplib/medium-1/b1c1s1.mps with config: /scratch/yorig/mpils-results-grid-seconds-5-watchdog-mip-start/medium-1/16proc/seed-4/1_b1c1s1_seed-4_20260504_015950/iterated_local_search/run_6_worker_5/ils_config_3713411919984429211.prm
[INFO]:[02:07:10] Starting CPLEX solver on instance: /home/yorig/tuner/mpils-tests/instances/miplib/medium-1/b1c1s1.mps with config: /scratch/yorig/mpils-results-grid-seconds-5-watchdog-mip-start/medium-1/16proc/seed-4/1_b1c1s1_seed-4_20260504_015950/iterated_local_search/run_6_worker_5/ils_config_3713411919984429211.prm
[INFO]:[02:07:15] CPLEX results. Gap: 73.930000, upper bound: 60811.910000, lower bound: 15853.734485
[INFO]:[02:07:15] CPLEX solver finished. Gap: 73.930000
[INFO]:[02:07:15] Starting CPLEX solver on instance: /home/yorig/tuner/mpils-tests/instances/miplib/medium-1/b1c1s1.mps with config: /scratch/yorig/mpils-results-grid-seconds-5-watchdog-mip-start/medium-1/16proc/seed-4/1_b1c1s1_seed-4_20260504_015950/iterated_local_search/run_6_worker_5/ils_config_6958550914641715428.prm
[INFO]:[02:07:15] Starting CPLEX solver on instance: /home/yorig/tuner/mpils-tests/instances/miplib/medium-1/b1c1s1.mps with config: /scratch/yorig/mpils-results-grid-seconds-5-watchdog-mip-start/medium-1/16proc/seed-4/1_b1c1s1_seed-4_20260504_015950/iterated_local_search/run_6_worker_5/ils_config_6958550914641715428.prm
[INFO]:[02:07:20] CPLEX results. Gap: 70.410000, upper bound: 60811.910000, lower bound: 17996.901870
[INFO]:[02:07:20] CPLEX solver finished. Gap: 70.410000
[INFO]:[02:07:20] New incumbent found with objective value: 70.41
[INFO]:[02:07:20] Starting CPLEX solver on instance: /home/yorig/tuner/mpils-tests/instances/miplib/medium-1/b1c1s1.mps with config: /scratch/yorig/mpils-results-grid-seconds-5-watchdog-mip-start/medium-1/16proc/seed-4/1_b1c1s1_seed-4_20260504_015950/iterated_local_search/run_6_worker_5/ils_config_1275312889184099497.prm
[INFO]:[02:07:20] Starting CPLEX solver on instance: /home/yorig/tuner/mpils-tests/instances/miplib/medium-1/b1c1s1.mps with config: /scratch/yorig/mpils-results-grid-seconds-5-watchdog-mip-start/medium-1/16proc/seed-4/1_b1c1s1_seed-4_20260504_015950/iterated_local_search/run_6_worker_5/ils_config_1275312889184099497.prm
[INFO]:[02:07:25] CPLEX results. Gap: 70.410000, upper bound: 60811.910000, lower bound: 17996.901870
[INFO]:[02:07:25] CPLEX solver finished. Gap: 70.410000
[INFO]:[02:07:25] Starting CPLEX solver on instance: /home/yorig/tuner/mpils-tests/instances/miplib/medium-1/b1c1s1.mps with config: /scratch/yorig/mpils-results-grid-seconds-5-watchdog-mip-start/medium-1/16proc/seed-4/1_b1c1s1_seed-4_20260504_015950/iterated_local_search/run_6_worker_5/ils_config_10049704223605462906.prm
[INFO]:[02:07:25] Starting CPLEX solver on instance: /home/yorig/tuner/mpils-tests/instances/miplib/medium-1/b1c1s1.mps with config: /scratch/yorig/mpils-results-grid-seconds-5-watchdog-mip-start/medium-1/16proc/seed-4/1_b1c1s1_seed-4_20260504_015950/iterated_local_search/run_6_worker_5/ils_config_10049704223605462906.prm
[INFO]:[02:07:30] CPLEX results. Gap: 70.410000, upper bound: 60811.910000, lower bound: 17996.901870
[INFO]:[02:07:30] CPLEX solver finished. Gap: 70.410000
[INFO]:[02:07:30] Starting CPLEX solver on instance: /home/yorig/tuner/mpils-tests/instances/miplib/medium-1/b1c1s1.mps with config: /scratch/yorig/mpils-results-grid-seconds-5-watchdog-mip-start/medium-1/16proc/seed-4/1_b1c1s1_seed-4_20260504_015950/iterated_local_search/run_6_worker_5/ils_config_5272523709799125322.prm
[INFO]:[02:07:30] Starting CPLEX solver on instance: /home/yorig/tuner/mpils-tests/instances/miplib/medium-1/b1c1s1.mps with config: /scratch/yorig/mpils-results-grid-seconds-5-watchdog-mip-start/medium-1/16proc/seed-4/1_b1c1s1_seed-4_20260504_015950/iterated_local_search/run_6_worker_5/ils_config_5272523709799125322.prm
[INFO]:[02:07:35] CPLEX results. Gap: 70.410000, upper bound: 60811.910000, lower bound: 17996.901870
[INFO]:[02:07:35] CPLEX solver finished. Gap: 70.410000
[INFO]:[02:07:35] Starting CPLEX solver on instance: /home/yorig/tuner/mpils-tests/instances/miplib/medium-1/b1c1s1.mps with config: /scratch/yorig/mpils-results-grid-seconds-5-watchdog-mip-start/medium-1/16proc/seed-4/1_b1c1s1_seed-4_20260504_015950/iterated_local_search/run_6_worker_5/ils_config_4318108606177346614.prm
[INFO]:[02:07:35] Starting CPLEX solver on instance: /home/yorig/tuner/mpils-tests/instances/miplib/medium-1/b1c1s1.mps with config: /scratch/yorig/mpils-results-grid-seconds-5-watchdog-mip-start/medium-1/16proc/seed-4/1_b1c1s1_seed-4_20260504_015950/iterated_local_search/run_6_worker_5/ils_config_4318108606177346614.prm
[INFO]:[02:07:40] CPLEX results. Gap: 75.300000, upper bound: 60811.910000, lower bound: 15018.440865
[INFO]:[02:07:40] CPLEX solver finished. Gap: 75.300000
[INFO]:[02:07:40] Starting CPLEX solver on instance: /home/yorig/tuner/mpils-tests/instances/miplib/medium-1/b1c1s1.mps with config: /scratch/yorig/mpils-results-grid-seconds-5-watchdog-mip-start/medium-1/16proc/seed-4/1_b1c1s1_seed-4_20260504_015950/iterated_local_search/run_6_worker_5/ils_config_1081756359290147522.prm
[INFO]:[02:07:40] Starting CPLEX solver on instance: /home/yorig/tuner/mpils-tests/instances/miplib/medium-1/b1c1s1.mps with config: /scratch/yorig/mpils-results-grid-seconds-5-watchdog-mip-start/medium-1/16proc/seed-4/1_b1c1s1_seed-4_20260504_015950/iterated_local_search/run_6_worker_5/ils_config_1081756359290147522.prm
[INFO]:[02:07:45] CPLEX results. Gap: 73.270000, upper bound: 67550.630000, lower bound: 18054.295710
[INFO]:[02:07:45] CPLEX solver finished. Gap: 73.270000
[INFO]:[02:07:45] Starting CPLEX solver on instance: /home/yorig/tuner/mpils-tests/instances/miplib/medium-1/b1c1s1.mps with config: /scratch/yorig/mpils-results-grid-seconds-5-watchdog-mip-start/medium-1/16proc/seed-4/1_b1c1s1_seed-4_20260504_015950/iterated_local_search/run_6_worker_5/ils_config_2146112206759375305.prm
[INFO]:[02:07:45] Starting CPLEX solver on instance: /home/yorig/tuner/mpils-tests/instances/miplib/medium-1/b1c1s1.mps with config: /scratch/yorig/mpils-results-grid-seconds-5-watchdog-mip-start/medium-1/16proc/seed-4/1_b1c1s1_seed-4_20260504_015950/iterated_local_search/run_6_worker_5/ils_config_2146112206759375305.prm
[INFO]:[02:07:50] CPLEX results. Gap: 70.410000, upper bound: 60811.910000, lower bound: 17996.901870
[INFO]:[02:07:50] CPLEX solver finished. Gap: 70.410000
[INFO]:[02:07:50] Starting CPLEX solver on instance: /home/yorig/tuner/mpils-tests/instances/miplib/medium-1/b1c1s1.mps with config: /scratch/yorig/mpils-results-grid-seconds-5-watchdog-mip-start/medium-1/16proc/seed-4/1_b1c1s1_seed-4_20260504_015950/iterated_local_search/run_6_worker_5/ils_config_16492929589422283660.prm
[INFO]:[02:07:50] Starting CPLEX solver on instance: /home/yorig/tuner/mpils-tests/instances/miplib/medium-1/b1c1s1.mps with config: /scratch/yorig/mpils-results-grid-seconds-5-watchdog-mip-start/medium-1/16proc/seed-4/1_b1c1s1_seed-4_20260504_015950/iterated_local_search/run_6_worker_5/ils_config_16492929589422283660.prm
[INFO]:[02:07:55] CPLEX results. Gap: 70.410000, upper bound: 60811.910000, lower bound: 17996.901870
[INFO]:[02:07:55] CPLEX solver finished. Gap: 70.410000
[INFO]:[02:07:55] Starting CPLEX solver on instance: /home/yorig/tuner/mpils-tests/instances/miplib/medium-1/b1c1s1.mps with config: /scratch/yorig/mpils-results-grid-seconds-5-watchdog-mip-start/medium-1/16proc/seed-4/1_b1c1s1_seed-4_20260504_015950/iterated_local_search/run_6_worker_5/ils_config_4570891913788538511.prm
[INFO]:[02:07:55] Starting CPLEX solver on instance: /home/yorig/tuner/mpils-tests/instances/miplib/medium-1/b1c1s1.mps with config: /scratch/yorig/mpils-results-grid-seconds-5-watchdog-mip-start/medium-1/16proc/seed-4/1_b1c1s1_seed-4_20260504_015950/iterated_local_search/run_6_worker_5/ils_config_4570891913788538511.prm
[INFO]:[02:08:00] CPLEX results. Gap: 72.850000, upper bound: 60965.710000, lower bound: 16553.667898
[INFO]:[02:08:00] CPLEX solver finished. Gap: 72.850000
[INFO]:[02:08:00] Starting CPLEX solver on instance: /home/yorig/tuner/mpils-tests/instances/miplib/medium-1/b1c1s1.mps with config: /scratch/yorig/mpils-results-grid-seconds-5-watchdog-mip-start/medium-1/16proc/seed-4/1_b1c1s1_seed-4_20260504_015950/iterated_local_search/run_6_worker_5/ils_config_13987492517377539619.prm
[INFO]:[02:08:00] Starting CPLEX solver on instance: /home/yorig/tuner/mpils-tests/instances/miplib/medium-1/b1c1s1.mps with config: /scratch/yorig/mpils-results-grid-seconds-5-watchdog-mip-start/medium-1/16proc/seed-4/1_b1c1s1_seed-4_20260504_015950/iterated_local_search/run_6_worker_5/ils_config_13987492517377539619.prm
[INFO]:[02:08:05] CPLEX results. Gap: 70.410000, upper bound: 60811.910000, lower bound: 17996.901870
[INFO]:[02:08:05] CPLEX solver finished. Gap: 70.410000
[INFO]:[02:08:05] Starting CPLEX solver on instance: /home/yorig/tuner/mpils-tests/instances/miplib/medium-1/b1c1s1.mps with config: /scratch/yorig/mpils-results-grid-seconds-5-watchdog-mip-start/medium-1/16proc/seed-4/1_b1c1s1_seed-4_20260504_015950/iterated_local_search/run_6_worker_5/ils_config_12608853525840827000.prm
[INFO]:[02:08:05] Starting CPLEX solver on instance: /home/yorig/tuner/mpils-tests/instances/miplib/medium-1/b1c1s1.mps with config: /scratch/yorig/mpils-results-grid-seconds-5-watchdog-mip-start/medium-1/16proc/seed-4/1_b1c1s1_seed-4_20260504_015950/iterated_local_search/run_6_worker_5/ils_config_12608853525840827000.prm
[INFO]:[02:08:10] CPLEX results. Gap: 71.980000, upper bound: 60811.910000, lower bound: 17039.677608
[INFO]:[02:08:10] CPLEX solver finished. Gap: 71.980000
[INFO]:[02:08:10] Starting CPLEX solver on instance: /home/yorig/tuner/mpils-tests/instances/miplib/medium-1/b1c1s1.mps with config: /scratch/yorig/mpils-results-grid-seconds-5-watchdog-mip-start/medium-1/16proc/seed-4/1_b1c1s1_seed-4_20260504_015950/iterated_local_search/run_6_worker_5/ils_config_3824253740921627193.prm
[INFO]:[02:08:10] Starting CPLEX solver on instance: /home/yorig/tuner/mpils-tests/instances/miplib/medium-1/b1c1s1.mps with config: /scratch/yorig/mpils-results-grid-seconds-5-watchdog-mip-start/medium-1/16proc/seed-4/1_b1c1s1_seed-4_20260504_015950/iterated_local_search/run_6_worker_5/ils_config_3824253740921627193.prm
[INFO]:[02:08:15] CPLEX results. Gap: 77.220000, upper bound: 60811.910000, lower bound: 13854.330942
[INFO]:[02:08:15] CPLEX solver finished. Gap: 77.220000
[INFO]:[02:08:15] Starting CPLEX solver on instance: /home/yorig/tuner/mpils-tests/instances/miplib/medium-1/b1c1s1.mps with config: /scratch/yorig/mpils-results-grid-seconds-5-watchdog-mip-start/medium-1/16proc/seed-4/1_b1c1s1_seed-4_20260504_015950/iterated_local_search/run_6_worker_5/ils_config_5615394574459568608.prm
[INFO]:[02:08:15] Starting CPLEX solver on instance: /home/yorig/tuner/mpils-tests/instances/miplib/medium-1/b1c1s1.mps with config: /scratch/yorig/mpils-results-grid-seconds-5-watchdog-mip-start/medium-1/16proc/seed-4/1_b1c1s1_seed-4_20260504_015950/iterated_local_search/run_6_worker_5/ils_config_5615394574459568608.prm
[INFO]:[02:08:20] CPLEX results. Gap: 70.410000, upper bound: 60811.910000, lower bound: 17996.901870
[INFO]:[02:08:20] CPLEX solver finished. Gap: 70.410000
[INFO]:[02:08:20] Starting CPLEX solver on instance: /home/yorig/tuner/mpils-tests/instances/miplib/medium-1/b1c1s1.mps with config: /scratch/yorig/mpils-results-grid-seconds-5-watchdog-mip-start/medium-1/16proc/seed-4/1_b1c1s1_seed-4_20260504_015950/iterated_local_search/run_6_worker_5/ils_config_13400237348213269305.prm
[INFO]:[02:08:20] Starting CPLEX solver on instance: /home/yorig/tuner/mpils-tests/instances/miplib/medium-1/b1c1s1.mps with config: /scratch/yorig/mpils-results-grid-seconds-5-watchdog-mip-start/medium-1/16proc/seed-4/1_b1c1s1_seed-4_20260504_015950/iterated_local_search/run_6_worker_5/ils_config_13400237348213269305.prm
[INFO]:[02:08:25] CPLEX results. Gap: 27.380000, upper bound: 26981.780000, lower bound: 19593.910242
[INFO]:[02:08:25] CPLEX solver finished. Gap: 27.380000
[INFO]:[02:08:25] New incumbent found with objective value: 27.38
[INFO]:[02:08:25] Starting CPLEX solver on instance: /home/yorig/tuner/mpils-tests/instances/miplib/medium-1/b1c1s1.mps with config: /scratch/yorig/mpils-results-grid-seconds-5-watchdog-mip-start/medium-1/16proc/seed-4/1_b1c1s1_seed-4_20260504_015950/iterated_local_search/run_6_worker_5/ils_config_15804163397460528897.prm
[INFO]:[02:08:25] Starting CPLEX solver on instance: /home/yorig/tuner/mpils-tests/instances/miplib/medium-1/b1c1s1.mps with config: /scratch/yorig/mpils-results-grid-seconds-5-watchdog-mip-start/medium-1/16proc/seed-4/1_b1c1s1_seed-4_20260504_015950/iterated_local_search/run_6_worker_5/ils_config_15804163397460528897.prm
[INFO]:[02:08:30] CPLEX results. Gap: 33.800000, upper bound: 29382.240000, lower bound: 19450.521881
[INFO]:[02:08:30] CPLEX solver finished. Gap: 33.800000
[INFO]:[02:08:30] Starting CPLEX solver on instance: /home/yorig/tuner/mpils-tests/instances/miplib/medium-1/b1c1s1.mps with config: /scratch/yorig/mpils-results-grid-seconds-5-watchdog-mip-start/medium-1/16proc/seed-4/1_b1c1s1_seed-4_20260504_015950/iterated_local_search/run_6_worker_5/ils_config_8984927417866885938.prm
[INFO]:[02:08:30] Starting CPLEX solver on instance: /home/yorig/tuner/mpils-tests/instances/miplib/medium-1/b1c1s1.mps with config: /scratch/yorig/mpils-results-grid-seconds-5-watchdog-mip-start/medium-1/16proc/seed-4/1_b1c1s1_seed-4_20260504_015950/iterated_local_search/run_6_worker_5/ils_config_8984927417866885938.prm
[INFO]:[02:08:36] CPLEX results. Gap: 30.580000, upper bound: 28094.090000, lower bound: 19503.271337
[INFO]:[02:08:36] CPLEX solver finished. Gap: 30.580000
[INFO]:[02:08:36] Starting CPLEX solver on instance: /home/yorig/tuner/mpils-tests/instances/miplib/medium-1/b1c1s1.mps with config: /scratch/yorig/mpils-results-grid-seconds-5-watchdog-mip-start/medium-1/16proc/seed-4/1_b1c1s1_seed-4_20260504_015950/iterated_local_search/run_6_worker_5/ils_config_16449399867050082527.prm
[INFO]:[02:08:36] Starting CPLEX solver on instance: /home/yorig/tuner/mpils-tests/instances/miplib/medium-1/b1c1s1.mps with config: /scratch/yorig/mpils-results-grid-seconds-5-watchdog-mip-start/medium-1/16proc/seed-4/1_b1c1s1_seed-4_20260504_015950/iterated_local_search/run_6_worker_5/ils_config_16449399867050082527.prm
[INFO]:[02:08:41] CPLEX results. Gap: 33.960000, upper bound: 29382.240000, lower bound: 19403.021647
[INFO]:[02:08:41] CPLEX solver finished. Gap: 33.960000
[INFO]:[02:08:41] Starting CPLEX solver on instance: /home/yorig/tuner/mpils-tests/instances/miplib/medium-1/b1c1s1.mps with config: /scratch/yorig/mpils-results-grid-seconds-5-watchdog-mip-start/medium-1/16proc/seed-4/1_b1c1s1_seed-4_20260504_015950/iterated_local_search/run_6_worker_5/ils_config_1044073199584587857.prm
[INFO]:[02:08:41] Starting CPLEX solver on instance: /home/yorig/tuner/mpils-tests/instances/miplib/medium-1/b1c1s1.mps with config: /scratch/yorig/mpils-results-grid-seconds-5-watchdog-mip-start/medium-1/16proc/seed-4/1_b1c1s1_seed-4_20260504_015950/iterated_local_search/run_6_worker_5/ils_config_1044073199584587857.prm
[INFO]:[02:08:46] CPLEX results. Gap: 33.270000, upper bound: 29382.240000, lower bound: 19608.229276
[INFO]:[02:08:46] CPLEX solver finished. Gap: 33.270000
[INFO]:[02:08:46] Starting CPLEX solver on instance: /home/yorig/tuner/mpils-tests/instances/miplib/medium-1/b1c1s1.mps with config: /scratch/yorig/mpils-results-grid-seconds-5-watchdog-mip-start/medium-1/16proc/seed-4/1_b1c1s1_seed-4_20260504_015950/iterated_local_search/run_6_worker_5/ils_config_1159891517116585751.prm
[INFO]:[02:08:46] Starting CPLEX solver on instance: /home/yorig/tuner/mpils-tests/instances/miplib/medium-1/b1c1s1.mps with config: /scratch/yorig/mpils-results-grid-seconds-5-watchdog-mip-start/medium-1/16proc/seed-4/1_b1c1s1_seed-4_20260504_015950/iterated_local_search/run_6_worker_5/ils_config_1159891517116585751.prm
[INFO]:[02:08:51] CPLEX results. Gap: 28.380000, upper bound: 26981.780000, lower bound: 19325.582332
[INFO]:[02:08:51] CPLEX solver finished. Gap: 28.380000
[INFO]:[02:08:51] Starting CPLEX solver on instance: /home/yorig/tuner/mpils-tests/instances/miplib/medium-1/b1c1s1.mps with config: /scratch/yorig/mpils-results-grid-seconds-5-watchdog-mip-start/medium-1/16proc/seed-4/1_b1c1s1_seed-4_20260504_015950/iterated_local_search/run_6_worker_5/ils_config_1315816751069740800.prm
[INFO]:[02:08:51] Starting CPLEX solver on instance: /home/yorig/tuner/mpils-tests/instances/miplib/medium-1/b1c1s1.mps with config: /scratch/yorig/mpils-results-grid-seconds-5-watchdog-mip-start/medium-1/16proc/seed-4/1_b1c1s1_seed-4_20260504_015950/iterated_local_search/run_6_worker_5/ils_config_1315816751069740800.prm
[INFO]:[02:08:51] CPLEX results. Gap: 94.730000, upper bound: 69995.090000, lower bound: 3690.048333
[INFO]:[02:08:51] CPLEX solver finished. Gap: 94.730000
[INFO]:[02:08:51] Starting CPLEX solver on instance: /home/yorig/tuner/mpils-tests/instances/miplib/medium-1/b1c1s1.mps with config: /scratch/yorig/mpils-results-grid-seconds-5-watchdog-mip-start/medium-1/16proc/seed-4/1_b1c1s1_seed-4_20260504_015950/iterated_local_search/run_6_worker_5/ils_config_6666706809656242875.prm
[INFO]:[02:08:51] Starting CPLEX solver on instance: /home/yorig/tuner/mpils-tests/instances/miplib/medium-1/b1c1s1.mps with config: /scratch/yorig/mpils-results-grid-seconds-5-watchdog-mip-start/medium-1/16proc/seed-4/1_b1c1s1_seed-4_20260504_015950/iterated_local_search/run_6_worker_5/ils_config_6666706809656242875.prm
[INFO]:[02:08:56] CPLEX results. Gap: 27.380000, upper bound: 26981.780000, lower bound: 19593.910242
[INFO]:[02:08:56] CPLEX solver finished. Gap: 27.380000
[INFO]:[02:08:56] Starting CPLEX solver on instance: /home/yorig/tuner/mpils-tests/instances/miplib/medium-1/b1c1s1.mps with config: /scratch/yorig/mpils-results-grid-seconds-5-watchdog-mip-start/medium-1/16proc/seed-4/1_b1c1s1_seed-4_20260504_015950/iterated_local_search/run_6_worker_5/ils_config_14878683266231260169.prm
[INFO]:[02:08:56] Starting CPLEX solver on instance: /home/yorig/tuner/mpils-tests/instances/miplib/medium-1/b1c1s1.mps with config: /scratch/yorig/mpils-results-grid-seconds-5-watchdog-mip-start/medium-1/16proc/seed-4/1_b1c1s1_seed-4_20260504_015950/iterated_local_search/run_6_worker_5/ils_config_14878683266231260169.prm
[INFO]:[02:09:01] CPLEX results. Gap: 32.970000, upper bound: 29382.240000, lower bound: 19694.715319
[INFO]:[02:09:01] CPLEX solver finished. Gap: 32.970000
[INFO]:[02:09:01] Starting CPLEX solver on instance: /home/yorig/tuner/mpils-tests/instances/miplib/medium-1/b1c1s1.mps with config: /scratch/yorig/mpils-results-grid-seconds-5-watchdog-mip-start/medium-1/16proc/seed-4/1_b1c1s1_seed-4_20260504_015950/iterated_local_search/run_6_worker_5/ils_config_15293103700000885789.prm
[INFO]:[02:09:01] Starting CPLEX solver on instance: /home/yorig/tuner/mpils-tests/instances/miplib/medium-1/b1c1s1.mps with config: /scratch/yorig/mpils-results-grid-seconds-5-watchdog-mip-start/medium-1/16proc/seed-4/1_b1c1s1_seed-4_20260504_015950/iterated_local_search/run_6_worker_5/ils_config_15293103700000885789.prm
[INFO]:[02:09:06] CPLEX results. Gap: 33.190000, upper bound: 29382.240000, lower bound: 19628.824866
[INFO]:[02:09:06] CPLEX solver finished. Gap: 33.190000
[INFO]:[02:09:06] Local search phase completed.
[INFO]:[02:09:06] Total number of new local-search evaluations: 30
[INFO]:[02:09:06] Final incumbent objective value: 27.38
[INFO]:[02:09:11] Worker 5 completed exploration phase.
[INFO]:[02:09:11] Worker 5 received order for step 3.
[INFO]:[02:09:11] Worker 5 finished.
