[INFO]:[03:52:16] Worker 5 starting.
[INFO]:[03:52:16] Worker 5 received order for step 1.
[INFO]:[03:52:16] Worker 5 running exploration phase for iteration 1.
[INFO]:[03:52:16] Worker 5 at iteration 1 will not use a MIP start file. Current best MIP-start upper bound threshold is 1.79769e+308.
[INFO]:[03:52:16] Starting local search phase...
[INFO]:[03:52:16] Creating local search space from parameter space file: /scratch/yorig/mpils-results-grid-seconds-5-watchdog/easy/8proc/seed-1/8_rocI-4-11_seed-1_20260504_035215/iterated_local_search/search_space/search_space_file_1_worker_5.txt
[INFO]:[03:52:16] Local search space loaded from file: /scratch/yorig/mpils-results-grid-seconds-5-watchdog/easy/8proc/seed-1/8_rocI-4-11_seed-1_20260504_035215/iterated_local_search/search_space/search_space_file_1_worker_5.txt
[INFO]:[03:52:16] Number of parameters in local search space: 71
[INFO]:[03:52:16] Number of forbidden tuples in local search space: 0
[INFO]:[03:52:16] Number of conditionals in local search space: 6
[INFO]:[03:52:16] MIP start option not enabled. Local search will proceed without MIP start.
[INFO]:[03:52:16] Evaluating initial configuration for local search phase...
[INFO]:[03:52:16] Starting CPLEX solver on instance: /home/yorig/tuner/mpils-tests/instances/miplib/easy/rocI-4-11.mps with config: /scratch/yorig/mpils-results-grid-seconds-5-watchdog/easy/8proc/seed-1/8_rocI-4-11_seed-1_20260504_035215/iterated_local_search/run_1_worker_5/ils_config_8324574644124398767.prm
[INFO]:[03:52:16] Starting CPLEX solver on instance: /home/yorig/tuner/mpils-tests/instances/miplib/easy/rocI-4-11.mps with config: /scratch/yorig/mpils-results-grid-seconds-5-watchdog/easy/8proc/seed-1/8_rocI-4-11_seed-1_20260504_035215/iterated_local_search/run_1_worker_5/ils_config_8324574644124398767.prm
[INFO]:[03:52:21] CPLEX results. Gap: 118.980000, upper bound: -5050303.000000, lower bound: -11059401.148635
[INFO]:[03:52:21] CPLEX solver finished. Gap: 118.980000
[INFO]:[03:52:21] Initial configuration evaluated with objective value: 118.98
[INFO]:[03:52:21] Starting CPLEX solver on instance: /home/yorig/tuner/mpils-tests/instances/miplib/easy/rocI-4-11.mps with config: /scratch/yorig/mpils-results-grid-seconds-5-watchdog/easy/8proc/seed-1/8_rocI-4-11_seed-1_20260504_035215/iterated_local_search/run_1_worker_5/ils_config_5283696125563727597.prm
[INFO]:[03:52:21] Starting CPLEX solver on instance: /home/yorig/tuner/mpils-tests/instances/miplib/easy/rocI-4-11.mps with config: /scratch/yorig/mpils-results-grid-seconds-5-watchdog/easy/8proc/seed-1/8_rocI-4-11_seed-1_20260504_035215/iterated_local_search/run_1_worker_5/ils_config_5283696125563727597.prm
[INFO]:[03:52:26] CPLEX results. Gap: 118.980000, upper bound: -5050303.000000, lower bound: -11059401.148635
[INFO]:[03:52:26] CPLEX solver finished. Gap: 118.980000
[INFO]:[03:52:26] Starting CPLEX solver on instance: /home/yorig/tuner/mpils-tests/instances/miplib/easy/rocI-4-11.mps with config: /scratch/yorig/mpils-results-grid-seconds-5-watchdog/easy/8proc/seed-1/8_rocI-4-11_seed-1_20260504_035215/iterated_local_search/run_1_worker_5/ils_config_14475386990690884369.prm
[INFO]:[03:52:26] Starting CPLEX solver on instance: /home/yorig/tuner/mpils-tests/instances/miplib/easy/rocI-4-11.mps with config: /scratch/yorig/mpils-results-grid-seconds-5-watchdog/easy/8proc/seed-1/8_rocI-4-11_seed-1_20260504_035215/iterated_local_search/run_1_worker_5/ils_config_14475386990690884369.prm
[INFO]:[03:52:31] CPLEX results. Gap: 119.000000, upper bound: -5050303.000000, lower bound: -11060303.000000
[INFO]:[03:52:31] CPLEX solver finished. Gap: 119.000000
[INFO]:[03:52:31] Starting CPLEX solver on instance: /home/yorig/tuner/mpils-tests/instances/miplib/easy/rocI-4-11.mps with config: /scratch/yorig/mpils-results-grid-seconds-5-watchdog/easy/8proc/seed-1/8_rocI-4-11_seed-1_20260504_035215/iterated_local_search/run_1_worker_5/ils_config_10974362230786378786.prm
[INFO]:[03:52:31] Starting CPLEX solver on instance: /home/yorig/tuner/mpils-tests/instances/miplib/easy/rocI-4-11.mps with config: /scratch/yorig/mpils-results-grid-seconds-5-watchdog/easy/8proc/seed-1/8_rocI-4-11_seed-1_20260504_035215/iterated_local_search/run_1_worker_5/ils_config_10974362230786378786.prm
[INFO]:[03:52:36] CPLEX results. Gap: 118.980000, upper bound: -5050303.000000, lower bound: -11059401.148635
[INFO]:[03:52:36] CPLEX solver finished. Gap: 118.980000
[INFO]:[03:52:36] Starting CPLEX solver on instance: /home/yorig/tuner/mpils-tests/instances/miplib/easy/rocI-4-11.mps with config: /scratch/yorig/mpils-results-grid-seconds-5-watchdog/easy/8proc/seed-1/8_rocI-4-11_seed-1_20260504_035215/iterated_local_search/run_1_worker_5/ils_config_10651732961729005019.prm
[INFO]:[03:52:36] Starting CPLEX solver on instance: /home/yorig/tuner/mpils-tests/instances/miplib/easy/rocI-4-11.mps with config: /scratch/yorig/mpils-results-grid-seconds-5-watchdog/easy/8proc/seed-1/8_rocI-4-11_seed-1_20260504_035215/iterated_local_search/run_1_worker_5/ils_config_10651732961729005019.prm
[INFO]:[03:52:41] CPLEX results. Gap: 99.200000, upper bound: -5050303.000000, lower bound: -10060202.000000
[INFO]:[03:52:41] CPLEX solver finished. Gap: 99.200000
[INFO]:[03:52:41] New incumbent found with objective value: 99.2
[INFO]:[03:52:41] Starting CPLEX solver on instance: /home/yorig/tuner/mpils-tests/instances/miplib/easy/rocI-4-11.mps with config: /scratch/yorig/mpils-results-grid-seconds-5-watchdog/easy/8proc/seed-1/8_rocI-4-11_seed-1_20260504_035215/iterated_local_search/run_1_worker_5/ils_config_3362669527077445580.prm
[INFO]:[03:52:41] Starting CPLEX solver on instance: /home/yorig/tuner/mpils-tests/instances/miplib/easy/rocI-4-11.mps with config: /scratch/yorig/mpils-results-grid-seconds-5-watchdog/easy/8proc/seed-1/8_rocI-4-11_seed-1_20260504_035215/iterated_local_search/run_1_worker_5/ils_config_3362669527077445580.prm
[INFO]:[03:52:46] CPLEX results. Gap: 124.500000, upper bound: -4040303.000000, lower bound: -9070303.000000
[INFO]:[03:52:46] CPLEX solver finished. Gap: 124.500000
[INFO]:[03:52:46] Starting CPLEX solver on instance: /home/yorig/tuner/mpils-tests/instances/miplib/easy/rocI-4-11.mps with config: /scratch/yorig/mpils-results-grid-seconds-5-watchdog/easy/8proc/seed-1/8_rocI-4-11_seed-1_20260504_035215/iterated_local_search/run_1_worker_5/ils_config_10827886929054204998.prm
[INFO]:[03:52:46] Starting CPLEX solver on instance: /home/yorig/tuner/mpils-tests/instances/miplib/easy/rocI-4-11.mps with config: /scratch/yorig/mpils-results-grid-seconds-5-watchdog/easy/8proc/seed-1/8_rocI-4-11_seed-1_20260504_035215/iterated_local_search/run_1_worker_5/ils_config_10827886929054204998.prm
[INFO]:[03:52:51] CPLEX results. Gap: 173.740000, upper bound: -4040403.000000, lower bound: -11060298.719439
[INFO]:[03:52:51] CPLEX solver finished. Gap: 173.740000
[INFO]:[03:52:51] Starting CPLEX solver on instance: /home/yorig/tuner/mpils-tests/instances/miplib/easy/rocI-4-11.mps with config: /scratch/yorig/mpils-results-grid-seconds-5-watchdog/easy/8proc/seed-1/8_rocI-4-11_seed-1_20260504_035215/iterated_local_search/run_1_worker_5/ils_config_1016202611114752514.prm
[INFO]:[03:52:51] Starting CPLEX solver on instance: /home/yorig/tuner/mpils-tests/instances/miplib/easy/rocI-4-11.mps with config: /scratch/yorig/mpils-results-grid-seconds-5-watchdog/easy/8proc/seed-1/8_rocI-4-11_seed-1_20260504_035215/iterated_local_search/run_1_worker_5/ils_config_1016202611114752514.prm
[INFO]:[03:52:56] CPLEX results. Gap: 124.500000, upper bound: -4040303.000000, lower bound: -9070503.000000
[INFO]:[03:52:56] CPLEX solver finished. Gap: 124.500000
[INFO]:[03:52:56] Starting CPLEX solver on instance: /home/yorig/tuner/mpils-tests/instances/miplib/easy/rocI-4-11.mps with config: /scratch/yorig/mpils-results-grid-seconds-5-watchdog/easy/8proc/seed-1/8_rocI-4-11_seed-1_20260504_035215/iterated_local_search/run_1_worker_5/ils_config_15126724673778708602.prm
[INFO]:[03:52:56] Starting CPLEX solver on instance: /home/yorig/tuner/mpils-tests/instances/miplib/easy/rocI-4-11.mps with config: /scratch/yorig/mpils-results-grid-seconds-5-watchdog/easy/8proc/seed-1/8_rocI-4-11_seed-1_20260504_035215/iterated_local_search/run_1_worker_5/ils_config_15126724673778708602.prm
[INFO]:[03:53:01] CPLEX results. Gap: 99.400000, upper bound: -5050303.000000, lower bound: -10070303.000000
[INFO]:[03:53:01] CPLEX solver finished. Gap: 99.400000
[INFO]:[03:53:01] Starting CPLEX solver on instance: /home/yorig/tuner/mpils-tests/instances/miplib/easy/rocI-4-11.mps with config: /scratch/yorig/mpils-results-grid-seconds-5-watchdog/easy/8proc/seed-1/8_rocI-4-11_seed-1_20260504_035215/iterated_local_search/run_1_worker_5/ils_config_6418126769336485046.prm
[INFO]:[03:53:01] Starting CPLEX solver on instance: /home/yorig/tuner/mpils-tests/instances/miplib/easy/rocI-4-11.mps with config: /scratch/yorig/mpils-results-grid-seconds-5-watchdog/easy/8proc/seed-1/8_rocI-4-11_seed-1_20260504_035215/iterated_local_search/run_1_worker_5/ils_config_6418126769336485046.prm
[INFO]:[03:53:06] CPLEX results. Gap: 99.200000, upper bound: -5050303.000000, lower bound: -10060202.000000
[INFO]:[03:53:06] CPLEX solver finished. Gap: 99.200000
[INFO]:[03:53:06] Starting CPLEX solver on instance: /home/yorig/tuner/mpils-tests/instances/miplib/easy/rocI-4-11.mps with config: /scratch/yorig/mpils-results-grid-seconds-5-watchdog/easy/8proc/seed-1/8_rocI-4-11_seed-1_20260504_035215/iterated_local_search/run_1_worker_5/ils_config_12225758857376181574.prm
[INFO]:[03:53:06] Starting CPLEX solver on instance: /home/yorig/tuner/mpils-tests/instances/miplib/easy/rocI-4-11.mps with config: /scratch/yorig/mpils-results-grid-seconds-5-watchdog/easy/8proc/seed-1/8_rocI-4-11_seed-1_20260504_035215/iterated_local_search/run_1_worker_5/ils_config_12225758857376181574.prm
[INFO]:[03:53:11] CPLEX results. Gap: 120.120000, upper bound: -5020203.000000, lower bound: -11050392.731530
[INFO]:[03:53:11] CPLEX solver finished. Gap: 120.120000
[INFO]:[03:53:11] Starting CPLEX solver on instance: /home/yorig/tuner/mpils-tests/instances/miplib/easy/rocI-4-11.mps with config: /scratch/yorig/mpils-results-grid-seconds-5-watchdog/easy/8proc/seed-1/8_rocI-4-11_seed-1_20260504_035215/iterated_local_search/run_1_worker_5/ils_config_10583933671478485547.prm
[INFO]:[03:53:11] Starting CPLEX solver on instance: /home/yorig/tuner/mpils-tests/instances/miplib/easy/rocI-4-11.mps with config: /scratch/yorig/mpils-results-grid-seconds-5-watchdog/easy/8proc/seed-1/8_rocI-4-11_seed-1_20260504_035215/iterated_local_search/run_1_worker_5/ils_config_10583933671478485547.prm
[INFO]:[03:53:16] CPLEX results. Gap: 99.200000, upper bound: -5050303.000000, lower bound: -10060202.000000
[INFO]:[03:53:16] CPLEX solver finished. Gap: 99.200000
[INFO]:[03:53:16] Starting CPLEX solver on instance: /home/yorig/tuner/mpils-tests/instances/miplib/easy/rocI-4-11.mps with config: /scratch/yorig/mpils-results-grid-seconds-5-watchdog/easy/8proc/seed-1/8_rocI-4-11_seed-1_20260504_035215/iterated_local_search/run_1_worker_5/ils_config_2281787316456761095.prm
[INFO]:[03:53:16] Starting CPLEX solver on instance: /home/yorig/tuner/mpils-tests/instances/miplib/easy/rocI-4-11.mps with config: /scratch/yorig/mpils-results-grid-seconds-5-watchdog/easy/8proc/seed-1/8_rocI-4-11_seed-1_20260504_035215/iterated_local_search/run_1_worker_5/ils_config_2281787316456761095.prm
[INFO]:[03:53:21] CPLEX results. Gap: 120.120000, upper bound: -5020203.000000, lower bound: -11050392.731530
[INFO]:[03:53:21] CPLEX solver finished. Gap: 120.120000
[INFO]:[03:53:21] Starting CPLEX solver on instance: /home/yorig/tuner/mpils-tests/instances/miplib/easy/rocI-4-11.mps with config: /scratch/yorig/mpils-results-grid-seconds-5-watchdog/easy/8proc/seed-1/8_rocI-4-11_seed-1_20260504_035215/iterated_local_search/run_1_worker_5/ils_config_7365631455098090279.prm
[INFO]:[03:53:21] Starting CPLEX solver on instance: /home/yorig/tuner/mpils-tests/instances/miplib/easy/rocI-4-11.mps with config: /scratch/yorig/mpils-results-grid-seconds-5-watchdog/easy/8proc/seed-1/8_rocI-4-11_seed-1_20260504_035215/iterated_local_search/run_1_worker_5/ils_config_7365631455098090279.prm
[INFO]:[03:53:26] CPLEX results. Gap: 99.600000, upper bound: -5040303.000000, lower bound: -10060495.081030
[INFO]:[03:53:26] CPLEX solver finished. Gap: 99.600000
[INFO]:[03:53:26] Starting CPLEX solver on instance: /home/yorig/tuner/mpils-tests/instances/miplib/easy/rocI-4-11.mps with config: /scratch/yorig/mpils-results-grid-seconds-5-watchdog/easy/8proc/seed-1/8_rocI-4-11_seed-1_20260504_035215/iterated_local_search/run_1_worker_5/ils_config_7655125487412282430.prm
[INFO]:[03:53:26] Starting CPLEX solver on instance: /home/yorig/tuner/mpils-tests/instances/miplib/easy/rocI-4-11.mps with config: /scratch/yorig/mpils-results-grid-seconds-5-watchdog/easy/8proc/seed-1/8_rocI-4-11_seed-1_20260504_035215/iterated_local_search/run_1_worker_5/ils_config_7655125487412282430.prm
[INFO]:[03:53:32] CPLEX results. Gap: 99.200000, upper bound: -5050303.000000, lower bound: -10060202.000000
[INFO]:[03:53:32] CPLEX solver finished. Gap: 99.200000
[INFO]:[03:53:32] Starting CPLEX solver on instance: /home/yorig/tuner/mpils-tests/instances/miplib/easy/rocI-4-11.mps with config: /scratch/yorig/mpils-results-grid-seconds-5-watchdog/easy/8proc/seed-1/8_rocI-4-11_seed-1_20260504_035215/iterated_local_search/run_1_worker_5/ils_config_6659178420582320960.prm
[INFO]:[03:53:32] Starting CPLEX solver on instance: /home/yorig/tuner/mpils-tests/instances/miplib/easy/rocI-4-11.mps with config: /scratch/yorig/mpils-results-grid-seconds-5-watchdog/easy/8proc/seed-1/8_rocI-4-11_seed-1_20260504_035215/iterated_local_search/run_1_worker_5/ils_config_6659178420582320960.prm
[INFO]:[03:53:37] CPLEX results. Gap: 119.010000, upper bound: -5050303.000000, lower bound: -11060503.000000
[INFO]:[03:53:37] CPLEX solver finished. Gap: 119.010000
[INFO]:[03:53:37] Starting CPLEX solver on instance: /home/yorig/tuner/mpils-tests/instances/miplib/easy/rocI-4-11.mps with config: /scratch/yorig/mpils-results-grid-seconds-5-watchdog/easy/8proc/seed-1/8_rocI-4-11_seed-1_20260504_035215/iterated_local_search/run_1_worker_5/ils_config_12749399798793803069.prm
[INFO]:[03:53:37] Starting CPLEX solver on instance: /home/yorig/tuner/mpils-tests/instances/miplib/easy/rocI-4-11.mps with config: /scratch/yorig/mpils-results-grid-seconds-5-watchdog/easy/8proc/seed-1/8_rocI-4-11_seed-1_20260504_035215/iterated_local_search/run_1_worker_5/ils_config_12749399798793803069.prm
[INFO]:[03:53:42] CPLEX results. Gap: 99.200000, upper bound: -5050303.000000, lower bound: -10060202.000000
[INFO]:[03:53:42] CPLEX solver finished. Gap: 99.200000
[INFO]:[03:53:42] Starting CPLEX solver on instance: /home/yorig/tuner/mpils-tests/instances/miplib/easy/rocI-4-11.mps with config: /scratch/yorig/mpils-results-grid-seconds-5-watchdog/easy/8proc/seed-1/8_rocI-4-11_seed-1_20260504_035215/iterated_local_search/run_1_worker_5/ils_config_5915369018906778715.prm
[INFO]:[03:53:42] Starting CPLEX solver on instance: /home/yorig/tuner/mpils-tests/instances/miplib/easy/rocI-4-11.mps with config: /scratch/yorig/mpils-results-grid-seconds-5-watchdog/easy/8proc/seed-1/8_rocI-4-11_seed-1_20260504_035215/iterated_local_search/run_1_worker_5/ils_config_5915369018906778715.prm
[INFO]:[03:53:47] CPLEX results. Gap: 83.720000, upper bound: -6020203.000000, lower bound: -11060481.001340
[INFO]:[03:53:47] CPLEX solver finished. Gap: 83.720000
[INFO]:[03:53:47] New incumbent found with objective value: 83.72
[INFO]:[03:53:47] Starting CPLEX solver on instance: /home/yorig/tuner/mpils-tests/instances/miplib/easy/rocI-4-11.mps with config: /scratch/yorig/mpils-results-grid-seconds-5-watchdog/easy/8proc/seed-1/8_rocI-4-11_seed-1_20260504_035215/iterated_local_search/run_1_worker_5/ils_config_15086710008572727028.prm
[INFO]:[03:53:47] Starting CPLEX solver on instance: /home/yorig/tuner/mpils-tests/instances/miplib/easy/rocI-4-11.mps with config: /scratch/yorig/mpils-results-grid-seconds-5-watchdog/easy/8proc/seed-1/8_rocI-4-11_seed-1_20260504_035215/iterated_local_search/run_1_worker_5/ils_config_15086710008572727028.prm
[INFO]:[03:53:52] CPLEX results. Gap: 99.400000, upper bound: -5040303.000000, lower bound: -10050303.000000
[INFO]:[03:53:52] CPLEX solver finished. Gap: 99.400000
[INFO]:[03:53:52] Starting CPLEX solver on instance: /home/yorig/tuner/mpils-tests/instances/miplib/easy/rocI-4-11.mps with config: /scratch/yorig/mpils-results-grid-seconds-5-watchdog/easy/8proc/seed-1/8_rocI-4-11_seed-1_20260504_035215/iterated_local_search/run_1_worker_5/ils_config_17998878562266689072.prm
[INFO]:[03:53:52] Starting CPLEX solver on instance: /home/yorig/tuner/mpils-tests/instances/miplib/easy/rocI-4-11.mps with config: /scratch/yorig/mpils-results-grid-seconds-5-watchdog/easy/8proc/seed-1/8_rocI-4-11_seed-1_20260504_035215/iterated_local_search/run_1_worker_5/ils_config_17998878562266689072.prm
[INFO]:[03:53:57] CPLEX results. Gap: 83.890000, upper bound: -6020203.000000, lower bound: -11070500.711022
[INFO]:[03:53:57] CPLEX solver finished. Gap: 83.890000
[INFO]:[03:53:57] Local search phase completed.
[INFO]:[03:53:57] Total number of new local-search evaluations: 20
[INFO]:[03:53:57] Final incumbent objective value: 83.72
[INFO]:[03:53:57] Worker 5 completed exploration phase.
[INFO]:[03:53:57] Worker 5 received order for step 2.
[INFO]:[03:53:57] Worker 5 running expansion phase for iteration 1.
[INFO]:[03:53:57] Worker 5 will use solver log file: /scratch/yorig/mpils-results-grid-seconds-5-watchdog/easy/8proc/seed-1/8_rocI-4-11_seed-1_20260504_035215/solver/cplex.log_iteration_expansion_1_worker_5
[INFO]:[03:53:57] Expansion Worker 5 starting expansion for iteration 1.
[INFO]:[03:53:57] Starting CPLEX solver on instance: /home/yorig/tuner/mpils-tests/instances/miplib/easy/rocI-4-11.mps with config: /scratch/yorig/mpils-results-grid-seconds-5-watchdog/easy/8proc/seed-1/8_rocI-4-11_seed-1_20260504_035215/expansion/config_param_CPXPARAM_MIP_Strategy_RINSHeur_100_iter_1.prm
[INFO]:[03:54:02] CPLEX results. Gap: 50.330000, upper bound: -6020203.000000, lower bound: -9050303.000000
[INFO]:[03:54:02] CPLEX solver finished. Gap: 50.330000
[INFO]:[03:54:02] Expansion Worker 5 found an improving configuration with objective value 50.33.
[INFO]:[03:54:02] Expansion Worker 5 stopping early after global MPI expansion stop was activated.
[INFO]:[03:54:02] Expansion Worker 5 completed expansion.
[INFO]:[03:54:02] Worker 5 completed expansion phase.
[INFO]:[03:54:02] Worker 5 received order for step 1.
[INFO]:[03:54:02] Worker 5 running exploration phase for iteration 2.
[INFO]:[03:54:02] Worker 5 at iteration 2 will not use a MIP start file. Current best MIP-start upper bound threshold is 1.79769e+308.
[INFO]:[03:54:02] Starting local search phase...
[INFO]:[03:54:02] Creating local search space from parameter space file: /scratch/yorig/mpils-results-grid-seconds-5-watchdog/easy/8proc/seed-1/8_rocI-4-11_seed-1_20260504_035215/iterated_local_search/search_space/search_space_file_2_worker_5.txt
[INFO]:[03:54:02] Local search space loaded from file: /scratch/yorig/mpils-results-grid-seconds-5-watchdog/easy/8proc/seed-1/8_rocI-4-11_seed-1_20260504_035215/iterated_local_search/search_space/search_space_file_2_worker_5.txt
[INFO]:[03:54:02] Number of parameters in local search space: 71
[INFO]:[03:54:02] Number of forbidden tuples in local search space: 25
[INFO]:[03:54:02] Number of conditionals in local search space: 6
[INFO]:[03:54:02] MIP start option not enabled. Local search will proceed without MIP start.
[INFO]:[03:54:02] Evaluating initial configuration for local search phase...
[INFO]:[03:54:02] Starting CPLEX solver on instance: /home/yorig/tuner/mpils-tests/instances/miplib/easy/rocI-4-11.mps with config: /scratch/yorig/mpils-results-grid-seconds-5-watchdog/easy/8proc/seed-1/8_rocI-4-11_seed-1_20260504_035215/iterated_local_search/run_2_worker_5/ils_config_6662052259812258765.prm
[INFO]:[03:54:02] Starting CPLEX solver on instance: /home/yorig/tuner/mpils-tests/instances/miplib/easy/rocI-4-11.mps with config: /scratch/yorig/mpils-results-grid-seconds-5-watchdog/easy/8proc/seed-1/8_rocI-4-11_seed-1_20260504_035215/iterated_local_search/run_2_worker_5/ils_config_6662052259812258765.prm
[INFO]:[03:54:07] CPLEX results. Gap: 100.000000, upper bound: -5030203.000000, lower bound: -10060203.000000
[INFO]:[03:54:07] CPLEX solver finished. Gap: 100.000000
[INFO]:[03:54:07] Initial configuration evaluated with objective value: 100
[INFO]:[03:54:07] Starting CPLEX solver on instance: /home/yorig/tuner/mpils-tests/instances/miplib/easy/rocI-4-11.mps with config: /scratch/yorig/mpils-results-grid-seconds-5-watchdog/easy/8proc/seed-1/8_rocI-4-11_seed-1_20260504_035215/iterated_local_search/run_2_worker_5/ils_config_17552108630368148146.prm
[INFO]:[03:54:07] Starting CPLEX solver on instance: /home/yorig/tuner/mpils-tests/instances/miplib/easy/rocI-4-11.mps with config: /scratch/yorig/mpils-results-grid-seconds-5-watchdog/easy/8proc/seed-1/8_rocI-4-11_seed-1_20260504_035215/iterated_local_search/run_2_worker_5/ils_config_17552108630368148146.prm
[INFO]:[03:54:12] CPLEX results. Gap: 124.250000, upper bound: -4040303.000000, lower bound: -9060403.000000
[INFO]:[03:54:12] CPLEX solver finished. Gap: 124.250000
[INFO]:[03:54:12] Starting CPLEX solver on instance: /home/yorig/tuner/mpils-tests/instances/miplib/easy/rocI-4-11.mps with config: /scratch/yorig/mpils-results-grid-seconds-5-watchdog/easy/8proc/seed-1/8_rocI-4-11_seed-1_20260504_035215/iterated_local_search/run_2_worker_5/ils_config_7777375477859400581.prm
[INFO]:[03:54:12] Starting CPLEX solver on instance: /home/yorig/tuner/mpils-tests/instances/miplib/easy/rocI-4-11.mps with config: /scratch/yorig/mpils-results-grid-seconds-5-watchdog/easy/8proc/seed-1/8_rocI-4-11_seed-1_20260504_035215/iterated_local_search/run_2_worker_5/ils_config_7777375477859400581.prm
[INFO]:[03:54:17] CPLEX results. Gap: 59.600000, upper bound: -5050303.000000, lower bound: -8060403.000000
[INFO]:[03:54:17] CPLEX solver finished. Gap: 59.600000
[INFO]:[03:54:17] New incumbent found with objective value: 59.6
[INFO]:[03:54:17] Starting CPLEX solver on instance: /home/yorig/tuner/mpils-tests/instances/miplib/easy/rocI-4-11.mps with config: /scratch/yorig/mpils-results-grid-seconds-5-watchdog/easy/8proc/seed-1/8_rocI-4-11_seed-1_20260504_035215/iterated_local_search/run_2_worker_5/ils_config_17169836911226720604.prm
[INFO]:[03:54:17] Starting CPLEX solver on instance: /home/yorig/tuner/mpils-tests/instances/miplib/easy/rocI-4-11.mps with config: /scratch/yorig/mpils-results-grid-seconds-5-watchdog/easy/8proc/seed-1/8_rocI-4-11_seed-1_20260504_035215/iterated_local_search/run_2_worker_5/ils_config_17169836911226720604.prm
[INFO]:[03:54:22] CPLEX results. Gap: 99.200000, upper bound: -5050303.000000, lower bound: -10060303.000000
[INFO]:[03:54:22] CPLEX solver finished. Gap: 99.200000
[INFO]:[03:54:22] Starting CPLEX solver on instance: /home/yorig/tuner/mpils-tests/instances/miplib/easy/rocI-4-11.mps with config: /scratch/yorig/mpils-results-grid-seconds-5-watchdog/easy/8proc/seed-1/8_rocI-4-11_seed-1_20260504_035215/iterated_local_search/run_2_worker_5/ils_config_8275510433814362805.prm
[INFO]:[03:54:22] Starting CPLEX solver on instance: /home/yorig/tuner/mpils-tests/instances/miplib/easy/rocI-4-11.mps with config: /scratch/yorig/mpils-results-grid-seconds-5-watchdog/easy/8proc/seed-1/8_rocI-4-11_seed-1_20260504_035215/iterated_local_search/run_2_worker_5/ils_config_8275510433814362805.prm
[INFO]:[03:54:27] CPLEX results. Gap: 59.600000, upper bound: -5050303.000000, lower bound: -8060403.000000
[INFO]:[03:54:27] CPLEX solver finished. Gap: 59.600000
[INFO]:[03:54:27] Starting CPLEX solver on instance: /home/yorig/tuner/mpils-tests/instances/miplib/easy/rocI-4-11.mps with config: /scratch/yorig/mpils-results-grid-seconds-5-watchdog/easy/8proc/seed-1/8_rocI-4-11_seed-1_20260504_035215/iterated_local_search/run_2_worker_5/ils_config_17414411523882555298.prm
[INFO]:[03:54:27] Starting CPLEX solver on instance: /home/yorig/tuner/mpils-tests/instances/miplib/easy/rocI-4-11.mps with config: /scratch/yorig/mpils-results-grid-seconds-5-watchdog/easy/8proc/seed-1/8_rocI-4-11_seed-1_20260504_035215/iterated_local_search/run_2_worker_5/ils_config_17414411523882555298.prm
[INFO]:[03:54:32] CPLEX results. Gap: 124.250000, upper bound: -4040303.000000, lower bound: -9060403.000000
[INFO]:[03:54:32] CPLEX solver finished. Gap: 124.250000
[INFO]:[03:54:32] Starting CPLEX solver on instance: /home/yorig/tuner/mpils-tests/instances/miplib/easy/rocI-4-11.mps with config: /scratch/yorig/mpils-results-grid-seconds-5-watchdog/easy/8proc/seed-1/8_rocI-4-11_seed-1_20260504_035215/iterated_local_search/run_2_worker_5/ils_config_6640207152252196756.prm
[INFO]:[03:54:32] Starting CPLEX solver on instance: /home/yorig/tuner/mpils-tests/instances/miplib/easy/rocI-4-11.mps with config: /scratch/yorig/mpils-results-grid-seconds-5-watchdog/easy/8proc/seed-1/8_rocI-4-11_seed-1_20260504_035215/iterated_local_search/run_2_worker_5/ils_config_6640207152252196756.prm
[INFO]:[03:54:37] CPLEX results. Gap: 59.600000, upper bound: -5050303.000000, lower bound: -8060403.000000
[INFO]:[03:54:37] CPLEX solver finished. Gap: 59.600000
[INFO]:[03:54:37] Starting CPLEX solver on instance: /home/yorig/tuner/mpils-tests/instances/miplib/easy/rocI-4-11.mps with config: /scratch/yorig/mpils-results-grid-seconds-5-watchdog/easy/8proc/seed-1/8_rocI-4-11_seed-1_20260504_035215/iterated_local_search/run_2_worker_5/ils_config_1441007421751976176.prm
[INFO]:[03:54:37] Starting CPLEX solver on instance: /home/yorig/tuner/mpils-tests/instances/miplib/easy/rocI-4-11.mps with config: /scratch/yorig/mpils-results-grid-seconds-5-watchdog/easy/8proc/seed-1/8_rocI-4-11_seed-1_20260504_035215/iterated_local_search/run_2_worker_5/ils_config_1441007421751976176.prm
[INFO]:[03:54:42] CPLEX results. Gap: 79.400000, upper bound: -5050303.000000, lower bound: -9060403.000000
[INFO]:[03:54:42] CPLEX solver finished. Gap: 79.400000
[INFO]:[03:54:42] Starting CPLEX solver on instance: /home/yorig/tuner/mpils-tests/instances/miplib/easy/rocI-4-11.mps with config: /scratch/yorig/mpils-results-grid-seconds-5-watchdog/easy/8proc/seed-1/8_rocI-4-11_seed-1_20260504_035215/iterated_local_search/run_2_worker_5/ils_config_1788944566327370118.prm
[INFO]:[03:54:42] Starting CPLEX solver on instance: /home/yorig/tuner/mpils-tests/instances/miplib/easy/rocI-4-11.mps with config: /scratch/yorig/mpils-results-grid-seconds-5-watchdog/easy/8proc/seed-1/8_rocI-4-11_seed-1_20260504_035215/iterated_local_search/run_2_worker_5/ils_config_1788944566327370118.prm
[INFO]:[03:54:47] CPLEX results. Gap: 120.070000, upper bound: -5030303.000000, lower bound: -11070403.000000
[INFO]:[03:54:47] CPLEX solver finished. Gap: 120.070000
[INFO]:[03:54:47] Local search phase completed.
[INFO]:[03:54:47] Total number of new local-search evaluations: 9
[INFO]:[03:54:47] Final incumbent objective value: 59.6
[INFO]:[03:54:47] Worker 5 completed exploration phase.
[INFO]:[03:54:47] Worker 5 received order for step 2.
[INFO]:[03:54:47] Worker 5 running expansion phase for iteration 2.
[INFO]:[03:54:47] Worker 5 will use solver log file: /scratch/yorig/mpils-results-grid-seconds-5-watchdog/easy/8proc/seed-1/8_rocI-4-11_seed-1_20260504_035215/solver/cplex.log_iteration_expansion_2_worker_5
[INFO]:[03:54:47] Expansion Worker 5 starting expansion for iteration 2.
[INFO]:[03:54:47] Starting CPLEX solver on instance: /home/yorig/tuner/mpils-tests/instances/miplib/easy/rocI-4-11.mps with config: /scratch/yorig/mpils-results-grid-seconds-5-watchdog/easy/8proc/seed-1/8_rocI-4-11_seed-1_20260504_035215/expansion/config_param_CPXPARAM_Preprocessing_Symmetry_3_iter_2.prm
[INFO]:[03:54:52] CPLEX results. Gap: 50.330000, upper bound: -6020203.000000, lower bound: -9050303.000000
[INFO]:[03:54:52] CPLEX solver finished. Gap: 50.330000
[INFO]:[03:54:52] Starting CPLEX solver on instance: /home/yorig/tuner/mpils-tests/instances/miplib/easy/rocI-4-11.mps with config: /scratch/yorig/mpils-results-grid-seconds-5-watchdog/easy/8proc/seed-1/8_rocI-4-11_seed-1_20260504_035215/expansion/config_param_CPXPARAM_Preprocessing_Symmetry_4_iter_2.prm
[INFO]:[03:54:57] CPLEX results. Gap: 50.330000, upper bound: -6020203.000000, lower bound: -9050303.000000
[INFO]:[03:54:57] CPLEX solver finished. Gap: 50.330000
[INFO]:[03:54:57] Expansion Worker 5 stopping early after global MPI expansion stop was activated.
[INFO]:[03:54:57] Expansion Worker 5 completed expansion.
[INFO]:[03:54:57] Worker 5 completed expansion phase.
[INFO]:[03:54:58] Worker 5 received order for step 1.
[INFO]:[03:54:58] Worker 5 running exploration phase for iteration 3.
[INFO]:[03:54:58] Worker 5 at iteration 3 will not use a MIP start file. Current best MIP-start upper bound threshold is 1.79769e+308.
[INFO]:[03:54:58] Starting local search phase...
[INFO]:[03:54:58] Creating local search space from parameter space file: /scratch/yorig/mpils-results-grid-seconds-5-watchdog/easy/8proc/seed-1/8_rocI-4-11_seed-1_20260504_035215/iterated_local_search/search_space/search_space_file_3_worker_5.txt
[INFO]:[03:54:58] Local search space loaded from file: /scratch/yorig/mpils-results-grid-seconds-5-watchdog/easy/8proc/seed-1/8_rocI-4-11_seed-1_20260504_035215/iterated_local_search/search_space/search_space_file_3_worker_5.txt
[INFO]:[03:54:58] Number of parameters in local search space: 71
[INFO]:[03:54:58] Number of forbidden tuples in local search space: 49
[INFO]:[03:54:58] Number of conditionals in local search space: 6
[INFO]:[03:54:58] MIP start option not enabled. Local search will proceed without MIP start.
[INFO]:[03:54:58] Evaluating initial configuration for local search phase...
[INFO]:[03:54:58] Starting CPLEX solver on instance: /home/yorig/tuner/mpils-tests/instances/miplib/easy/rocI-4-11.mps with config: /scratch/yorig/mpils-results-grid-seconds-5-watchdog/easy/8proc/seed-1/8_rocI-4-11_seed-1_20260504_035215/iterated_local_search/run_3_worker_5/ils_config_17694803915857280931.prm
[INFO]:[03:54:58] Starting CPLEX solver on instance: /home/yorig/tuner/mpils-tests/instances/miplib/easy/rocI-4-11.mps with config: /scratch/yorig/mpils-results-grid-seconds-5-watchdog/easy/8proc/seed-1/8_rocI-4-11_seed-1_20260504_035215/iterated_local_search/run_3_worker_5/ils_config_17694803915857280931.prm
[INFO]:[03:55:03] CPLEX results. Gap: 119.000000, upper bound: -5050303.000000, lower bound: -11060303.000000
[INFO]:[03:55:03] CPLEX solver finished. Gap: 119.000000
[INFO]:[03:55:03] Initial configuration evaluated with objective value: 119
[INFO]:[03:55:03] Starting CPLEX solver on instance: /home/yorig/tuner/mpils-tests/instances/miplib/easy/rocI-4-11.mps with config: /scratch/yorig/mpils-results-grid-seconds-5-watchdog/easy/8proc/seed-1/8_rocI-4-11_seed-1_20260504_035215/iterated_local_search/run_3_worker_5/ils_config_17441766900014067669.prm
[INFO]:[03:55:03] Starting CPLEX solver on instance: /home/yorig/tuner/mpils-tests/instances/miplib/easy/rocI-4-11.mps with config: /scratch/yorig/mpils-results-grid-seconds-5-watchdog/easy/8proc/seed-1/8_rocI-4-11_seed-1_20260504_035215/iterated_local_search/run_3_worker_5/ils_config_17441766900014067669.prm
[INFO]:[03:55:08] CPLEX results. Gap: 119.000000, upper bound: -5050303.000000, lower bound: -11060303.000000
[INFO]:[03:55:08] CPLEX solver finished. Gap: 119.000000
[INFO]:[03:55:08] Starting CPLEX solver on instance: /home/yorig/tuner/mpils-tests/instances/miplib/easy/rocI-4-11.mps with config: /scratch/yorig/mpils-results-grid-seconds-5-watchdog/easy/8proc/seed-1/8_rocI-4-11_seed-1_20260504_035215/iterated_local_search/run_3_worker_5/ils_config_17869593194117582849.prm
[INFO]:[03:55:08] Starting CPLEX solver on instance: /home/yorig/tuner/mpils-tests/instances/miplib/easy/rocI-4-11.mps with config: /scratch/yorig/mpils-results-grid-seconds-5-watchdog/easy/8proc/seed-1/8_rocI-4-11_seed-1_20260504_035215/iterated_local_search/run_3_worker_5/ils_config_17869593194117582849.prm
[INFO]:[03:55:13] CPLEX results. Gap: 173.750000, upper bound: -4040403.000000, lower bound: -11060403.000000
[INFO]:[03:55:13] CPLEX solver finished. Gap: 173.750000
[INFO]:[03:55:13] Starting CPLEX solver on instance: /home/yorig/tuner/mpils-tests/instances/miplib/easy/rocI-4-11.mps with config: /scratch/yorig/mpils-results-grid-seconds-5-watchdog/easy/8proc/seed-1/8_rocI-4-11_seed-1_20260504_035215/iterated_local_search/run_3_worker_5/ils_config_12507669035877791391.prm
[INFO]:[03:55:13] Starting CPLEX solver on instance: /home/yorig/tuner/mpils-tests/instances/miplib/easy/rocI-4-11.mps with config: /scratch/yorig/mpils-results-grid-seconds-5-watchdog/easy/8proc/seed-1/8_rocI-4-11_seed-1_20260504_035215/iterated_local_search/run_3_worker_5/ils_config_12507669035877791391.prm
[INFO]:[03:55:18] CPLEX results. Gap: 119.630000, upper bound: -5040403.000000, lower bound: -11070303.000000
[INFO]:[03:55:18] CPLEX solver finished. Gap: 119.630000
[INFO]:[03:55:18] Starting CPLEX solver on instance: /home/yorig/tuner/mpils-tests/instances/miplib/easy/rocI-4-11.mps with config: /scratch/yorig/mpils-results-grid-seconds-5-watchdog/easy/8proc/seed-1/8_rocI-4-11_seed-1_20260504_035215/iterated_local_search/run_3_worker_5/ils_config_1268895429350824236.prm
[INFO]:[03:55:18] Starting CPLEX solver on instance: /home/yorig/tuner/mpils-tests/instances/miplib/easy/rocI-4-11.mps with config: /scratch/yorig/mpils-results-grid-seconds-5-watchdog/easy/8proc/seed-1/8_rocI-4-11_seed-1_20260504_035215/iterated_local_search/run_3_worker_5/ils_config_1268895429350824236.prm
[INFO]:[03:55:23] CPLEX results. Gap: 119.000000, upper bound: -5050303.000000, lower bound: -11060303.000000
[INFO]:[03:55:23] CPLEX solver finished. Gap: 119.000000
[INFO]:[03:55:23] Starting CPLEX solver on instance: /home/yorig/tuner/mpils-tests/instances/miplib/easy/rocI-4-11.mps with config: /scratch/yorig/mpils-results-grid-seconds-5-watchdog/easy/8proc/seed-1/8_rocI-4-11_seed-1_20260504_035215/iterated_local_search/run_3_worker_5/ils_config_3564459434103428423.prm
[INFO]:[03:55:23] Starting CPLEX solver on instance: /home/yorig/tuner/mpils-tests/instances/miplib/easy/rocI-4-11.mps with config: /scratch/yorig/mpils-results-grid-seconds-5-watchdog/easy/8proc/seed-1/8_rocI-4-11_seed-1_20260504_035215/iterated_local_search/run_3_worker_5/ils_config_3564459434103428423.prm
[INFO]:[03:55:28] CPLEX results. Gap: 119.000000, upper bound: -5050303.000000, lower bound: -11060303.000000
[INFO]:[03:55:28] CPLEX solver finished. Gap: 119.000000
[INFO]:[03:55:28] Starting CPLEX solver on instance: /home/yorig/tuner/mpils-tests/instances/miplib/easy/rocI-4-11.mps with config: /scratch/yorig/mpils-results-grid-seconds-5-watchdog/easy/8proc/seed-1/8_rocI-4-11_seed-1_20260504_035215/iterated_local_search/run_3_worker_5/ils_config_1970510242710082547.prm
[INFO]:[03:55:28] Starting CPLEX solver on instance: /home/yorig/tuner/mpils-tests/instances/miplib/easy/rocI-4-11.mps with config: /scratch/yorig/mpils-results-grid-seconds-5-watchdog/easy/8proc/seed-1/8_rocI-4-11_seed-1_20260504_035215/iterated_local_search/run_3_worker_5/ils_config_1970510242710082547.prm
[INFO]:[03:55:33] CPLEX results. Gap: 173.750000, upper bound: -4040303.000000, lower bound: -11060303.000000
[INFO]:[03:55:33] CPLEX solver finished. Gap: 173.750000
[INFO]:[03:55:33] Starting CPLEX solver on instance: /home/yorig/tuner/mpils-tests/instances/miplib/easy/rocI-4-11.mps with config: /scratch/yorig/mpils-results-grid-seconds-5-watchdog/easy/8proc/seed-1/8_rocI-4-11_seed-1_20260504_035215/iterated_local_search/run_3_worker_5/ils_config_7076263449354486388.prm
[INFO]:[03:55:33] Starting CPLEX solver on instance: /home/yorig/tuner/mpils-tests/instances/miplib/easy/rocI-4-11.mps with config: /scratch/yorig/mpils-results-grid-seconds-5-watchdog/easy/8proc/seed-1/8_rocI-4-11_seed-1_20260504_035215/iterated_local_search/run_3_worker_5/ils_config_7076263449354486388.prm
[INFO]:[03:55:38] CPLEX results. Gap: 119.000000, upper bound: -5050303.000000, lower bound: -11060401.381625
[INFO]:[03:55:38] CPLEX solver finished. Gap: 119.000000
[INFO]:[03:55:38] Starting CPLEX solver on instance: /home/yorig/tuner/mpils-tests/instances/miplib/easy/rocI-4-11.mps with config: /scratch/yorig/mpils-results-grid-seconds-5-watchdog/easy/8proc/seed-1/8_rocI-4-11_seed-1_20260504_035215/iterated_local_search/run_3_worker_5/ils_config_371676021256960319.prm
[INFO]:[03:55:38] Starting CPLEX solver on instance: /home/yorig/tuner/mpils-tests/instances/miplib/easy/rocI-4-11.mps with config: /scratch/yorig/mpils-results-grid-seconds-5-watchdog/easy/8proc/seed-1/8_rocI-4-11_seed-1_20260504_035215/iterated_local_search/run_3_worker_5/ils_config_371676021256960319.prm
[INFO]:[03:55:43] CPLEX results. Gap: 119.000000, upper bound: -5050303.000000, lower bound: -11060303.000000
[INFO]:[03:55:43] CPLEX solver finished. Gap: 119.000000
[INFO]:[03:55:43] Starting CPLEX solver on instance: /home/yorig/tuner/mpils-tests/instances/miplib/easy/rocI-4-11.mps with config: /scratch/yorig/mpils-results-grid-seconds-5-watchdog/easy/8proc/seed-1/8_rocI-4-11_seed-1_20260504_035215/iterated_local_search/run_3_worker_5/ils_config_9562097864722466735.prm
[INFO]:[03:55:43] Starting CPLEX solver on instance: /home/yorig/tuner/mpils-tests/instances/miplib/easy/rocI-4-11.mps with config: /scratch/yorig/mpils-results-grid-seconds-5-watchdog/easy/8proc/seed-1/8_rocI-4-11_seed-1_20260504_035215/iterated_local_search/run_3_worker_5/ils_config_9562097864722466735.prm
[INFO]:[03:55:48] CPLEX results. Gap: 119.000000, upper bound: -5050303.000000, lower bound: -11060303.000000
[INFO]:[03:55:48] CPLEX solver finished. Gap: 119.000000
[INFO]:[03:55:48] Starting CPLEX solver on instance: /home/yorig/tuner/mpils-tests/instances/miplib/easy/rocI-4-11.mps with config: /scratch/yorig/mpils-results-grid-seconds-5-watchdog/easy/8proc/seed-1/8_rocI-4-11_seed-1_20260504_035215/iterated_local_search/run_3_worker_5/ils_config_4046601112897354906.prm
[INFO]:[03:55:48] Starting CPLEX solver on instance: /home/yorig/tuner/mpils-tests/instances/miplib/easy/rocI-4-11.mps with config: /scratch/yorig/mpils-results-grid-seconds-5-watchdog/easy/8proc/seed-1/8_rocI-4-11_seed-1_20260504_035215/iterated_local_search/run_3_worker_5/ils_config_4046601112897354906.prm
[INFO]:[03:55:53] CPLEX results. Gap: 173.750000, upper bound: -4040403.000000, lower bound: -11060403.000000
[INFO]:[03:55:53] CPLEX solver finished. Gap: 173.750000
[INFO]:[03:55:53] Starting CPLEX solver on instance: /home/yorig/tuner/mpils-tests/instances/miplib/easy/rocI-4-11.mps with config: /scratch/yorig/mpils-results-grid-seconds-5-watchdog/easy/8proc/seed-1/8_rocI-4-11_seed-1_20260504_035215/iterated_local_search/run_3_worker_5/ils_config_7256377941461868167.prm
[INFO]:[03:55:53] Starting CPLEX solver on instance: /home/yorig/tuner/mpils-tests/instances/miplib/easy/rocI-4-11.mps with config: /scratch/yorig/mpils-results-grid-seconds-5-watchdog/easy/8proc/seed-1/8_rocI-4-11_seed-1_20260504_035215/iterated_local_search/run_3_worker_5/ils_config_7256377941461868167.prm
[INFO]:[03:55:58] CPLEX results. Gap: 173.990000, upper bound: -4040403.000000, lower bound: -11070502.116031
[INFO]:[03:55:58] CPLEX solver finished. Gap: 173.990000
[INFO]:[03:55:58] Starting CPLEX solver on instance: /home/yorig/tuner/mpils-tests/instances/miplib/easy/rocI-4-11.mps with config: /scratch/yorig/mpils-results-grid-seconds-5-watchdog/easy/8proc/seed-1/8_rocI-4-11_seed-1_20260504_035215/iterated_local_search/run_3_worker_5/ils_config_14852203730296192537.prm
[INFO]:[03:55:58] Starting CPLEX solver on instance: /home/yorig/tuner/mpils-tests/instances/miplib/easy/rocI-4-11.mps with config: /scratch/yorig/mpils-results-grid-seconds-5-watchdog/easy/8proc/seed-1/8_rocI-4-11_seed-1_20260504_035215/iterated_local_search/run_3_worker_5/ils_config_14852203730296192537.prm
[INFO]:[03:56:03] CPLEX results. Gap: 263.790000, upper bound: -3040303.000000, lower bound: -11060303.000000
[INFO]:[03:56:03] CPLEX solver finished. Gap: 263.790000
[INFO]:[03:56:03] Starting CPLEX solver on instance: /home/yorig/tuner/mpils-tests/instances/miplib/easy/rocI-4-11.mps with config: /scratch/yorig/mpils-results-grid-seconds-5-watchdog/easy/8proc/seed-1/8_rocI-4-11_seed-1_20260504_035215/iterated_local_search/run_3_worker_5/ils_config_16025056160266242571.prm
[INFO]:[03:56:03] Starting CPLEX solver on instance: /home/yorig/tuner/mpils-tests/instances/miplib/easy/rocI-4-11.mps with config: /scratch/yorig/mpils-results-grid-seconds-5-watchdog/easy/8proc/seed-1/8_rocI-4-11_seed-1_20260504_035215/iterated_local_search/run_3_worker_5/ils_config_16025056160266242571.prm
[INFO]:[03:56:08] CPLEX results. Gap: 265.630000, upper bound: -3030303.000000, lower bound: -11079739.215206
[INFO]:[03:56:08] CPLEX solver finished. Gap: 265.630000
[INFO]:[03:56:08] Starting CPLEX solver on instance: /home/yorig/tuner/mpils-tests/instances/miplib/easy/rocI-4-11.mps with config: /scratch/yorig/mpils-results-grid-seconds-5-watchdog/easy/8proc/seed-1/8_rocI-4-11_seed-1_20260504_035215/iterated_local_search/run_3_worker_5/ils_config_5214423501745577332.prm
[INFO]:[03:56:08] Starting CPLEX solver on instance: /home/yorig/tuner/mpils-tests/instances/miplib/easy/rocI-4-11.mps with config: /scratch/yorig/mpils-results-grid-seconds-5-watchdog/easy/8proc/seed-1/8_rocI-4-11_seed-1_20260504_035215/iterated_local_search/run_3_worker_5/ils_config_5214423501745577332.prm
[WARN]:[03:56:13] CPLEX finished without a primal feasible solution for config /scratch/yorig/mpils-results-grid-seconds-5-watchdog/easy/8proc/seed-1/8_rocI-4-11_seed-1_20260504_035215/iterated_local_search/run_3_worker_5/ils_config_5214423501745577332.prm.
[INFO]:[03:56:13] CPLEX results. Gap: unavailable, upper bound: null, lower bound: -11080498.471165
[INFO]:[03:56:13] CPLEX solver finished. Gap: 179769313486231570814527423731704356798070567525844996598917476803157260780028538760589558632766878171540458953514382464234321326889464182768467546703537516986049910576551282076245490090389328944075868508455133942304583236903222948165808559332123348274797826204144723168738177180919299881250404026184124858368.000000
[INFO]:[03:56:13] Starting CPLEX solver on instance: /home/yorig/tuner/mpils-tests/instances/miplib/easy/rocI-4-11.mps with config: /scratch/yorig/mpils-results-grid-seconds-5-watchdog/easy/8proc/seed-1/8_rocI-4-11_seed-1_20260504_035215/iterated_local_search/run_3_worker_5/ils_config_2214737272258879528.prm
[INFO]:[03:56:13] Starting CPLEX solver on instance: /home/yorig/tuner/mpils-tests/instances/miplib/easy/rocI-4-11.mps with config: /scratch/yorig/mpils-results-grid-seconds-5-watchdog/easy/8proc/seed-1/8_rocI-4-11_seed-1_20260504_035215/iterated_local_search/run_3_worker_5/ils_config_2214737272258879528.prm
[INFO]:[03:56:18] CPLEX results. Gap: 119.000000, upper bound: -5050303.000000, lower bound: -11060303.000000
[INFO]:[03:56:18] CPLEX solver finished. Gap: 119.000000
[INFO]:[03:56:18] Starting CPLEX solver on instance: /home/yorig/tuner/mpils-tests/instances/miplib/easy/rocI-4-11.mps with config: /scratch/yorig/mpils-results-grid-seconds-5-watchdog/easy/8proc/seed-1/8_rocI-4-11_seed-1_20260504_035215/iterated_local_search/run_3_worker_5/ils_config_13603887725344106601.prm
[INFO]:[03:56:18] Starting CPLEX solver on instance: /home/yorig/tuner/mpils-tests/instances/miplib/easy/rocI-4-11.mps with config: /scratch/yorig/mpils-results-grid-seconds-5-watchdog/easy/8proc/seed-1/8_rocI-4-11_seed-1_20260504_035215/iterated_local_search/run_3_worker_5/ils_config_13603887725344106601.prm
[INFO]:[03:56:23] CPLEX results. Gap: 118.800000, upper bound: -5050303.000000, lower bound: -11050303.000000
[INFO]:[03:56:23] CPLEX solver finished. Gap: 118.800000
[INFO]:[03:56:23] New incumbent found with objective value: 118.8
[INFO]:[03:56:23] Starting CPLEX solver on instance: /home/yorig/tuner/mpils-tests/instances/miplib/easy/rocI-4-11.mps with config: /scratch/yorig/mpils-results-grid-seconds-5-watchdog/easy/8proc/seed-1/8_rocI-4-11_seed-1_20260504_035215/iterated_local_search/run_3_worker_5/ils_config_9319422361483056172.prm
[INFO]:[03:56:23] Starting CPLEX solver on instance: /home/yorig/tuner/mpils-tests/instances/miplib/easy/rocI-4-11.mps with config: /scratch/yorig/mpils-results-grid-seconds-5-watchdog/easy/8proc/seed-1/8_rocI-4-11_seed-1_20260504_035215/iterated_local_search/run_3_worker_5/ils_config_9319422361483056172.prm
[INFO]:[03:56:28] CPLEX results. Gap: 174.000000, upper bound: -4040303.000000, lower bound: -11070503.000000
[INFO]:[03:56:28] CPLEX solver finished. Gap: 174.000000
[INFO]:[03:56:28] Starting CPLEX solver on instance: /home/yorig/tuner/mpils-tests/instances/miplib/easy/rocI-4-11.mps with config: /scratch/yorig/mpils-results-grid-seconds-5-watchdog/easy/8proc/seed-1/8_rocI-4-11_seed-1_20260504_035215/iterated_local_search/run_3_worker_5/ils_config_17481891318967471587.prm
[INFO]:[03:56:28] Starting CPLEX solver on instance: /home/yorig/tuner/mpils-tests/instances/miplib/easy/rocI-4-11.mps with config: /scratch/yorig/mpils-results-grid-seconds-5-watchdog/easy/8proc/seed-1/8_rocI-4-11_seed-1_20260504_035215/iterated_local_search/run_3_worker_5/ils_config_17481891318967471587.prm
[INFO]:[03:56:33] CPLEX results. Gap: 149.220000, upper bound: -4040303.000000, lower bound: -10069338.746624
[INFO]:[03:56:33] CPLEX solver finished. Gap: 149.220000
[INFO]:[03:56:33] Starting CPLEX solver on instance: /home/yorig/tuner/mpils-tests/instances/miplib/easy/rocI-4-11.mps with config: /scratch/yorig/mpils-results-grid-seconds-5-watchdog/easy/8proc/seed-1/8_rocI-4-11_seed-1_20260504_035215/iterated_local_search/run_3_worker_5/ils_config_12125185917173423541.prm
[INFO]:[03:56:33] Starting CPLEX solver on instance: /home/yorig/tuner/mpils-tests/instances/miplib/easy/rocI-4-11.mps with config: /scratch/yorig/mpils-results-grid-seconds-5-watchdog/easy/8proc/seed-1/8_rocI-4-11_seed-1_20260504_035215/iterated_local_search/run_3_worker_5/ils_config_12125185917173423541.prm
[INFO]:[03:56:38] CPLEX results. Gap: 80.160000, upper bound: -5040303.000000, lower bound: -9080486.870607
[INFO]:[03:56:38] CPLEX solver finished. Gap: 80.160000
[INFO]:[03:56:38] New incumbent found with objective value: 80.16
[INFO]:[03:56:38] Starting CPLEX solver on instance: /home/yorig/tuner/mpils-tests/instances/miplib/easy/rocI-4-11.mps with config: /scratch/yorig/mpils-results-grid-seconds-5-watchdog/easy/8proc/seed-1/8_rocI-4-11_seed-1_20260504_035215/iterated_local_search/run_3_worker_5/ils_config_12147989770860329371.prm
[INFO]:[03:56:38] Starting CPLEX solver on instance: /home/yorig/tuner/mpils-tests/instances/miplib/easy/rocI-4-11.mps with config: /scratch/yorig/mpils-results-grid-seconds-5-watchdog/easy/8proc/seed-1/8_rocI-4-11_seed-1_20260504_035215/iterated_local_search/run_3_worker_5/ils_config_12147989770860329371.prm
[INFO]:[03:56:43] CPLEX results. Gap: 174.930000, upper bound: -4030302.000000, lower bound: -11080503.000000
[INFO]:[03:56:43] CPLEX solver finished. Gap: 174.930000
[INFO]:[03:56:43] Starting CPLEX solver on instance: /home/yorig/tuner/mpils-tests/instances/miplib/easy/rocI-4-11.mps with config: /scratch/yorig/mpils-results-grid-seconds-5-watchdog/easy/8proc/seed-1/8_rocI-4-11_seed-1_20260504_035215/iterated_local_search/run_3_worker_5/ils_config_10551529156155568547.prm
[INFO]:[03:56:43] Starting CPLEX solver on instance: /home/yorig/tuner/mpils-tests/instances/miplib/easy/rocI-4-11.mps with config: /scratch/yorig/mpils-results-grid-seconds-5-watchdog/easy/8proc/seed-1/8_rocI-4-11_seed-1_20260504_035215/iterated_local_search/run_3_worker_5/ils_config_10551529156155568547.prm
[INFO]:[03:56:48] CPLEX results. Gap: 118.800000, upper bound: -5050303.000000, lower bound: -11050303.000000
[INFO]:[03:56:48] CPLEX solver finished. Gap: 118.800000
[INFO]:[03:56:48] Received global ILS stop signal from rank 4.
[INFO]:[03:56:48] Local search phase completed.
[INFO]:[03:56:48] Total number of new local-search evaluations: 22
[INFO]:[03:56:48] Final incumbent objective value: 80.16
[INFO]:[03:56:48] Worker 5 completed exploration phase.
[INFO]:[03:56:48] Worker 5 received order for step 3.
[INFO]:[03:56:48] Worker 5 finished.
