[INFO]:[01:10:22] Worker 7 starting.
[INFO]:[01:10:22] Worker 7 received order for step 1.
[INFO]:[01:10:22] Worker 7 running exploration phase for iteration 1.
[INFO]:[01:10:22] Current MIP start info file not found: /scratch/yorig/mpils-results-grid-seconds-5-no-mip-start/medium-1/8proc/seed-5/10_neos-3555904-turama_seed-5_20260503_011022/iterated_local_search/mip_start/current_mip_start_1.txt
[INFO]:[01:10:22] Worker 7 at iteration 1 will not use a MIP start file. Current best MIP-start upper bound threshold is 1.79769e+308.
[INFO]:[01:10:22] Starting local search phase...
[INFO]:[01:10:22] Creating local search space from parameter space file: /scratch/yorig/mpils-results-grid-seconds-5-no-mip-start/medium-1/8proc/seed-5/10_neos-3555904-turama_seed-5_20260503_011022/iterated_local_search/search_space/search_space_file_1_worker_7.txt
[INFO]:[01:10:22] Local search space loaded from file: /scratch/yorig/mpils-results-grid-seconds-5-no-mip-start/medium-1/8proc/seed-5/10_neos-3555904-turama_seed-5_20260503_011022/iterated_local_search/search_space/search_space_file_1_worker_7.txt
[INFO]:[01:10:22] Number of parameters in local search space: 71
[INFO]:[01:10:22] Number of forbidden tuples in local search space: 0
[INFO]:[01:10:22] Number of conditionals in local search space: 6
[INFO]:[01:10:22] MIP start option not enabled. Local search will proceed without MIP start.
[INFO]:[01:10:22] Evaluating initial configuration for local search phase...
[INFO]:[01:10:22] Starting CPLEX solver on instance: /home/yorig/tuner/mpils-tests/instances/miplib/medium-1/neos-3555904-turama.mps with config: /scratch/yorig/mpils-results-grid-seconds-5-no-mip-start/medium-1/8proc/seed-5/10_neos-3555904-turama_seed-5_20260503_011022/iterated_local_search/run_1_worker_7/ils_config_2943276411408414496.prm
[INFO]:[01:10:22] Starting CPLEX solver on instance: /home/yorig/tuner/mpils-tests/instances/miplib/medium-1/neos-3555904-turama.mps with config: /scratch/yorig/mpils-results-grid-seconds-5-no-mip-start/medium-1/8proc/seed-5/10_neos-3555904-turama_seed-5_20260503_011022/iterated_local_search/run_1_worker_7/ils_config_2943276411408414496.prm
[INFO]:[01:10:28] CPLEX results. Gap: 81360.540000, upper bound: -33.200000, lower bound: -27044.900000
[INFO]:[01:10:28] Writing MIP start file: /scratch/yorig/mpils-results-grid-seconds-5-no-mip-start/medium-1/8proc/seed-5/10_neos-3555904-turama_seed-5_20260503_011022/iterated_local_search/run_1_worker_7/mip_starts/mip_start_eval_1_config_2943276411408414496.mst
[INFO]:[01:10:28] CPLEX solver finished. Gap: 81360.540000
[INFO]:[01:10:28] Initial configuration evaluated with objective value: 81360.5
[INFO]:[01:10:28] Starting CPLEX solver on instance: /home/yorig/tuner/mpils-tests/instances/miplib/medium-1/neos-3555904-turama.mps with config: /scratch/yorig/mpils-results-grid-seconds-5-no-mip-start/medium-1/8proc/seed-5/10_neos-3555904-turama_seed-5_20260503_011022/iterated_local_search/run_1_worker_7/ils_config_1952089361788632441.prm
[INFO]:[01:10:28] Starting CPLEX solver on instance: /home/yorig/tuner/mpils-tests/instances/miplib/medium-1/neos-3555904-turama.mps with config: /scratch/yorig/mpils-results-grid-seconds-5-no-mip-start/medium-1/8proc/seed-5/10_neos-3555904-turama_seed-5_20260503_011022/iterated_local_search/run_1_worker_7/ils_config_1952089361788632441.prm
[INFO]:[01:10:33] CPLEX results. Gap: 81360.540000, upper bound: -33.200000, lower bound: -27044.900000
[INFO]:[01:10:33] CPLEX solver finished. Gap: 81360.540000
[INFO]:[01:10:33] Starting CPLEX solver on instance: /home/yorig/tuner/mpils-tests/instances/miplib/medium-1/neos-3555904-turama.mps with config: /scratch/yorig/mpils-results-grid-seconds-5-no-mip-start/medium-1/8proc/seed-5/10_neos-3555904-turama_seed-5_20260503_011022/iterated_local_search/run_1_worker_7/ils_config_106077188648273153.prm
[INFO]:[01:10:33] Starting CPLEX solver on instance: /home/yorig/tuner/mpils-tests/instances/miplib/medium-1/neos-3555904-turama.mps with config: /scratch/yorig/mpils-results-grid-seconds-5-no-mip-start/medium-1/8proc/seed-5/10_neos-3555904-turama_seed-5_20260503_011022/iterated_local_search/run_1_worker_7/ils_config_106077188648273153.prm
[INFO]:[01:10:38] CPLEX results. Gap: 23.340000, upper bound: -33.200000, lower bound: -40.950000
[INFO]:[01:10:38] CPLEX solver finished. Gap: 23.340000
[INFO]:[01:10:38] New incumbent found with objective value: 23.34
[INFO]:[01:10:38] Starting CPLEX solver on instance: /home/yorig/tuner/mpils-tests/instances/miplib/medium-1/neos-3555904-turama.mps with config: /scratch/yorig/mpils-results-grid-seconds-5-no-mip-start/medium-1/8proc/seed-5/10_neos-3555904-turama_seed-5_20260503_011022/iterated_local_search/run_1_worker_7/ils_config_16366250659723201539.prm
[INFO]:[01:10:38] Starting CPLEX solver on instance: /home/yorig/tuner/mpils-tests/instances/miplib/medium-1/neos-3555904-turama.mps with config: /scratch/yorig/mpils-results-grid-seconds-5-no-mip-start/medium-1/8proc/seed-5/10_neos-3555904-turama_seed-5_20260503_011022/iterated_local_search/run_1_worker_7/ils_config_16366250659723201539.prm
[INFO]:[01:10:44] CPLEX results. Gap: 23.340000, upper bound: -33.200000, lower bound: -40.950000
[INFO]:[01:10:44] CPLEX solver finished. Gap: 23.340000
[INFO]:[01:10:44] Starting CPLEX solver on instance: /home/yorig/tuner/mpils-tests/instances/miplib/medium-1/neos-3555904-turama.mps with config: /scratch/yorig/mpils-results-grid-seconds-5-no-mip-start/medium-1/8proc/seed-5/10_neos-3555904-turama_seed-5_20260503_011022/iterated_local_search/run_1_worker_7/ils_config_17246202813934139032.prm
[INFO]:[01:10:44] Starting CPLEX solver on instance: /home/yorig/tuner/mpils-tests/instances/miplib/medium-1/neos-3555904-turama.mps with config: /scratch/yorig/mpils-results-grid-seconds-5-no-mip-start/medium-1/8proc/seed-5/10_neos-3555904-turama_seed-5_20260503_011022/iterated_local_search/run_1_worker_7/ils_config_17246202813934139032.prm
[INFO]:[01:10:49] CPLEX results. Gap: 23.340000, upper bound: -33.200000, lower bound: -40.950000
[INFO]:[01:10:49] CPLEX solver finished. Gap: 23.340000
[INFO]:[01:10:49] Starting CPLEX solver on instance: /home/yorig/tuner/mpils-tests/instances/miplib/medium-1/neos-3555904-turama.mps with config: /scratch/yorig/mpils-results-grid-seconds-5-no-mip-start/medium-1/8proc/seed-5/10_neos-3555904-turama_seed-5_20260503_011022/iterated_local_search/run_1_worker_7/ils_config_10351126714617070976.prm
[INFO]:[01:10:49] Starting CPLEX solver on instance: /home/yorig/tuner/mpils-tests/instances/miplib/medium-1/neos-3555904-turama.mps with config: /scratch/yorig/mpils-results-grid-seconds-5-no-mip-start/medium-1/8proc/seed-5/10_neos-3555904-turama_seed-5_20260503_011022/iterated_local_search/run_1_worker_7/ils_config_10351126714617070976.prm
[INFO]:[01:10:54] CPLEX results. Gap: 23.340000, upper bound: -33.200000, lower bound: -40.950000
[INFO]:[01:10:54] CPLEX solver finished. Gap: 23.340000
[INFO]:[01:10:54] Starting CPLEX solver on instance: /home/yorig/tuner/mpils-tests/instances/miplib/medium-1/neos-3555904-turama.mps with config: /scratch/yorig/mpils-results-grid-seconds-5-no-mip-start/medium-1/8proc/seed-5/10_neos-3555904-turama_seed-5_20260503_011022/iterated_local_search/run_1_worker_7/ils_config_17255320073722487798.prm
[INFO]:[01:10:54] Starting CPLEX solver on instance: /home/yorig/tuner/mpils-tests/instances/miplib/medium-1/neos-3555904-turama.mps with config: /scratch/yorig/mpils-results-grid-seconds-5-no-mip-start/medium-1/8proc/seed-5/10_neos-3555904-turama_seed-5_20260503_011022/iterated_local_search/run_1_worker_7/ils_config_17255320073722487798.prm
[INFO]:[01:11:00] CPLEX results. Gap: 23.340000, upper bound: -33.200000, lower bound: -40.950000
[INFO]:[01:11:00] CPLEX solver finished. Gap: 23.340000
[INFO]:[01:11:00] Starting CPLEX solver on instance: /home/yorig/tuner/mpils-tests/instances/miplib/medium-1/neos-3555904-turama.mps with config: /scratch/yorig/mpils-results-grid-seconds-5-no-mip-start/medium-1/8proc/seed-5/10_neos-3555904-turama_seed-5_20260503_011022/iterated_local_search/run_1_worker_7/ils_config_12922004804030959700.prm
[INFO]:[01:11:00] Starting CPLEX solver on instance: /home/yorig/tuner/mpils-tests/instances/miplib/medium-1/neos-3555904-turama.mps with config: /scratch/yorig/mpils-results-grid-seconds-5-no-mip-start/medium-1/8proc/seed-5/10_neos-3555904-turama_seed-5_20260503_011022/iterated_local_search/run_1_worker_7/ils_config_12922004804030959700.prm
[INFO]:[01:11:05] CPLEX results. Gap: 23.340000, upper bound: -33.200000, lower bound: -40.950000
[INFO]:[01:11:05] CPLEX solver finished. Gap: 23.340000
[INFO]:[01:11:05] Starting CPLEX solver on instance: /home/yorig/tuner/mpils-tests/instances/miplib/medium-1/neos-3555904-turama.mps with config: /scratch/yorig/mpils-results-grid-seconds-5-no-mip-start/medium-1/8proc/seed-5/10_neos-3555904-turama_seed-5_20260503_011022/iterated_local_search/run_1_worker_7/ils_config_2397367394659079400.prm
[INFO]:[01:11:05] Starting CPLEX solver on instance: /home/yorig/tuner/mpils-tests/instances/miplib/medium-1/neos-3555904-turama.mps with config: /scratch/yorig/mpils-results-grid-seconds-5-no-mip-start/medium-1/8proc/seed-5/10_neos-3555904-turama_seed-5_20260503_011022/iterated_local_search/run_1_worker_7/ils_config_2397367394659079400.prm
[INFO]:[01:11:10] CPLEX results. Gap: 23.340000, upper bound: -33.200000, lower bound: -40.950000
[INFO]:[01:11:10] CPLEX solver finished. Gap: 23.340000
[INFO]:[01:11:10] Starting CPLEX solver on instance: /home/yorig/tuner/mpils-tests/instances/miplib/medium-1/neos-3555904-turama.mps with config: /scratch/yorig/mpils-results-grid-seconds-5-no-mip-start/medium-1/8proc/seed-5/10_neos-3555904-turama_seed-5_20260503_011022/iterated_local_search/run_1_worker_7/ils_config_2142111527634347941.prm
[INFO]:[01:11:10] Starting CPLEX solver on instance: /home/yorig/tuner/mpils-tests/instances/miplib/medium-1/neos-3555904-turama.mps with config: /scratch/yorig/mpils-results-grid-seconds-5-no-mip-start/medium-1/8proc/seed-5/10_neos-3555904-turama_seed-5_20260503_011022/iterated_local_search/run_1_worker_7/ils_config_2142111527634347941.prm
[INFO]:[01:11:16] CPLEX results. Gap: 23.340000, upper bound: -33.200000, lower bound: -40.950000
[INFO]:[01:11:16] CPLEX solver finished. Gap: 23.340000
[INFO]:[01:11:16] Starting CPLEX solver on instance: /home/yorig/tuner/mpils-tests/instances/miplib/medium-1/neos-3555904-turama.mps with config: /scratch/yorig/mpils-results-grid-seconds-5-no-mip-start/medium-1/8proc/seed-5/10_neos-3555904-turama_seed-5_20260503_011022/iterated_local_search/run_1_worker_7/ils_config_15106584339123594725.prm
[INFO]:[01:11:16] Starting CPLEX solver on instance: /home/yorig/tuner/mpils-tests/instances/miplib/medium-1/neos-3555904-turama.mps with config: /scratch/yorig/mpils-results-grid-seconds-5-no-mip-start/medium-1/8proc/seed-5/10_neos-3555904-turama_seed-5_20260503_011022/iterated_local_search/run_1_worker_7/ils_config_15106584339123594725.prm
[INFO]:[01:11:21] CPLEX results. Gap: 23.340000, upper bound: -33.200000, lower bound: -40.950000
[INFO]:[01:11:21] CPLEX solver finished. Gap: 23.340000
[INFO]:[01:11:21] Starting CPLEX solver on instance: /home/yorig/tuner/mpils-tests/instances/miplib/medium-1/neos-3555904-turama.mps with config: /scratch/yorig/mpils-results-grid-seconds-5-no-mip-start/medium-1/8proc/seed-5/10_neos-3555904-turama_seed-5_20260503_011022/iterated_local_search/run_1_worker_7/ils_config_8902279442053960361.prm
[INFO]:[01:11:21] Starting CPLEX solver on instance: /home/yorig/tuner/mpils-tests/instances/miplib/medium-1/neos-3555904-turama.mps with config: /scratch/yorig/mpils-results-grid-seconds-5-no-mip-start/medium-1/8proc/seed-5/10_neos-3555904-turama_seed-5_20260503_011022/iterated_local_search/run_1_worker_7/ils_config_8902279442053960361.prm
[INFO]:[01:11:26] CPLEX results. Gap: 23.340000, upper bound: -33.200000, lower bound: -40.950000
[INFO]:[01:11:26] CPLEX solver finished. Gap: 23.340000
[INFO]:[01:11:26] Starting CPLEX solver on instance: /home/yorig/tuner/mpils-tests/instances/miplib/medium-1/neos-3555904-turama.mps with config: /scratch/yorig/mpils-results-grid-seconds-5-no-mip-start/medium-1/8proc/seed-5/10_neos-3555904-turama_seed-5_20260503_011022/iterated_local_search/run_1_worker_7/ils_config_10455090242387397138.prm
[INFO]:[01:11:26] Starting CPLEX solver on instance: /home/yorig/tuner/mpils-tests/instances/miplib/medium-1/neos-3555904-turama.mps with config: /scratch/yorig/mpils-results-grid-seconds-5-no-mip-start/medium-1/8proc/seed-5/10_neos-3555904-turama_seed-5_20260503_011022/iterated_local_search/run_1_worker_7/ils_config_10455090242387397138.prm
[INFO]:[01:11:31] CPLEX results. Gap: 23.340000, upper bound: -33.200000, lower bound: -40.950000
[INFO]:[01:11:31] CPLEX solver finished. Gap: 23.340000
[INFO]:[01:11:31] Starting CPLEX solver on instance: /home/yorig/tuner/mpils-tests/instances/miplib/medium-1/neos-3555904-turama.mps with config: /scratch/yorig/mpils-results-grid-seconds-5-no-mip-start/medium-1/8proc/seed-5/10_neos-3555904-turama_seed-5_20260503_011022/iterated_local_search/run_1_worker_7/ils_config_1723131220070607249.prm
[INFO]:[01:11:31] Starting CPLEX solver on instance: /home/yorig/tuner/mpils-tests/instances/miplib/medium-1/neos-3555904-turama.mps with config: /scratch/yorig/mpils-results-grid-seconds-5-no-mip-start/medium-1/8proc/seed-5/10_neos-3555904-turama_seed-5_20260503_011022/iterated_local_search/run_1_worker_7/ils_config_1723131220070607249.prm
[INFO]:[01:11:37] CPLEX results. Gap: 23.340000, upper bound: -33.200000, lower bound: -40.950000
[INFO]:[01:11:37] CPLEX solver finished. Gap: 23.340000
[INFO]:[01:11:37] Starting CPLEX solver on instance: /home/yorig/tuner/mpils-tests/instances/miplib/medium-1/neos-3555904-turama.mps with config: /scratch/yorig/mpils-results-grid-seconds-5-no-mip-start/medium-1/8proc/seed-5/10_neos-3555904-turama_seed-5_20260503_011022/iterated_local_search/run_1_worker_7/ils_config_17969293820649254854.prm
[INFO]:[01:11:37] Starting CPLEX solver on instance: /home/yorig/tuner/mpils-tests/instances/miplib/medium-1/neos-3555904-turama.mps with config: /scratch/yorig/mpils-results-grid-seconds-5-no-mip-start/medium-1/8proc/seed-5/10_neos-3555904-turama_seed-5_20260503_011022/iterated_local_search/run_1_worker_7/ils_config_17969293820649254854.prm
[INFO]:[01:11:42] CPLEX results. Gap: 23.340000, upper bound: -33.200000, lower bound: -40.950000
[INFO]:[01:11:42] CPLEX solver finished. Gap: 23.340000
[INFO]:[01:11:42] Starting CPLEX solver on instance: /home/yorig/tuner/mpils-tests/instances/miplib/medium-1/neos-3555904-turama.mps with config: /scratch/yorig/mpils-results-grid-seconds-5-no-mip-start/medium-1/8proc/seed-5/10_neos-3555904-turama_seed-5_20260503_011022/iterated_local_search/run_1_worker_7/ils_config_15496123346511022322.prm
[INFO]:[01:11:42] Starting CPLEX solver on instance: /home/yorig/tuner/mpils-tests/instances/miplib/medium-1/neos-3555904-turama.mps with config: /scratch/yorig/mpils-results-grid-seconds-5-no-mip-start/medium-1/8proc/seed-5/10_neos-3555904-turama_seed-5_20260503_011022/iterated_local_search/run_1_worker_7/ils_config_15496123346511022322.prm
[INFO]:[01:11:47] CPLEX results. Gap: 23.340000, upper bound: -33.200000, lower bound: -40.950000
[INFO]:[01:11:47] CPLEX solver finished. Gap: 23.340000
[INFO]:[01:11:47] Starting CPLEX solver on instance: /home/yorig/tuner/mpils-tests/instances/miplib/medium-1/neos-3555904-turama.mps with config: /scratch/yorig/mpils-results-grid-seconds-5-no-mip-start/medium-1/8proc/seed-5/10_neos-3555904-turama_seed-5_20260503_011022/iterated_local_search/run_1_worker_7/ils_config_5157047455392016279.prm
[INFO]:[01:11:47] Starting CPLEX solver on instance: /home/yorig/tuner/mpils-tests/instances/miplib/medium-1/neos-3555904-turama.mps with config: /scratch/yorig/mpils-results-grid-seconds-5-no-mip-start/medium-1/8proc/seed-5/10_neos-3555904-turama_seed-5_20260503_011022/iterated_local_search/run_1_worker_7/ils_config_5157047455392016279.prm
[INFO]:[01:11:53] CPLEX results. Gap: 18.010000, upper bound: -34.700000, lower bound: -40.950000
[INFO]:[01:11:53] Writing MIP start file: /scratch/yorig/mpils-results-grid-seconds-5-no-mip-start/medium-1/8proc/seed-5/10_neos-3555904-turama_seed-5_20260503_011022/iterated_local_search/run_1_worker_7/mip_starts/mip_start_eval_17_config_5157047455392016279.mst
[INFO]:[01:11:53] CPLEX solver finished. Gap: 18.010000
[INFO]:[01:11:53] New incumbent found with objective value: 18.01
[INFO]:[01:11:53] Starting CPLEX solver on instance: /home/yorig/tuner/mpils-tests/instances/miplib/medium-1/neos-3555904-turama.mps with config: /scratch/yorig/mpils-results-grid-seconds-5-no-mip-start/medium-1/8proc/seed-5/10_neos-3555904-turama_seed-5_20260503_011022/iterated_local_search/run_1_worker_7/ils_config_3499255649428253646.prm
[INFO]:[01:11:53] Starting CPLEX solver on instance: /home/yorig/tuner/mpils-tests/instances/miplib/medium-1/neos-3555904-turama.mps with config: /scratch/yorig/mpils-results-grid-seconds-5-no-mip-start/medium-1/8proc/seed-5/10_neos-3555904-turama_seed-5_20260503_011022/iterated_local_search/run_1_worker_7/ils_config_3499255649428253646.prm
[INFO]:[01:11:58] CPLEX results. Gap: 18.010000, upper bound: -34.700000, lower bound: -40.950000
[INFO]:[01:11:58] CPLEX solver finished. Gap: 18.010000
[INFO]:[01:11:58] Starting CPLEX solver on instance: /home/yorig/tuner/mpils-tests/instances/miplib/medium-1/neos-3555904-turama.mps with config: /scratch/yorig/mpils-results-grid-seconds-5-no-mip-start/medium-1/8proc/seed-5/10_neos-3555904-turama_seed-5_20260503_011022/iterated_local_search/run_1_worker_7/ils_config_13447906686039777254.prm
[INFO]:[01:11:58] Starting CPLEX solver on instance: /home/yorig/tuner/mpils-tests/instances/miplib/medium-1/neos-3555904-turama.mps with config: /scratch/yorig/mpils-results-grid-seconds-5-no-mip-start/medium-1/8proc/seed-5/10_neos-3555904-turama_seed-5_20260503_011022/iterated_local_search/run_1_worker_7/ils_config_13447906686039777254.prm
[INFO]:[01:12:03] CPLEX results. Gap: 18.010000, upper bound: -34.700000, lower bound: -40.950000
[INFO]:[01:12:03] CPLEX solver finished. Gap: 18.010000
[INFO]:[01:12:03] Starting CPLEX solver on instance: /home/yorig/tuner/mpils-tests/instances/miplib/medium-1/neos-3555904-turama.mps with config: /scratch/yorig/mpils-results-grid-seconds-5-no-mip-start/medium-1/8proc/seed-5/10_neos-3555904-turama_seed-5_20260503_011022/iterated_local_search/run_1_worker_7/ils_config_8057128046893058321.prm
[INFO]:[01:12:03] Starting CPLEX solver on instance: /home/yorig/tuner/mpils-tests/instances/miplib/medium-1/neos-3555904-turama.mps with config: /scratch/yorig/mpils-results-grid-seconds-5-no-mip-start/medium-1/8proc/seed-5/10_neos-3555904-turama_seed-5_20260503_011022/iterated_local_search/run_1_worker_7/ils_config_8057128046893058321.prm
[INFO]:[01:12:09] CPLEX results. Gap: 18.010000, upper bound: -34.700000, lower bound: -40.950000
[INFO]:[01:12:09] CPLEX solver finished. Gap: 18.010000
[INFO]:[01:12:09] Local search phase completed.
[INFO]:[01:12:09] Total number of new local-search evaluations: 20
[INFO]:[01:12:09] Final incumbent objective value: 18.01
[INFO]:[01:12:09] Worker 7 completed exploration phase.
[INFO]:[01:12:09] Worker 7 received order for step 2.
[INFO]:[01:12:09] Worker 7 running expansion phase for iteration 1.
[INFO]:[01:12:09] Worker 7 will use solver log file: /scratch/yorig/mpils-results-grid-seconds-5-no-mip-start/medium-1/8proc/seed-5/10_neos-3555904-turama_seed-5_20260503_011022/solver/cplex.log_iteration_expansion_1_worker_7
[INFO]:[01:12:09] Expansion Worker 7 starting expansion for iteration 1.
[INFO]:[01:12:09] Starting CPLEX solver on instance: /home/yorig/tuner/mpils-tests/instances/miplib/medium-1/neos-3555904-turama.mps with config: /scratch/yorig/mpils-results-grid-seconds-5-no-mip-start/medium-1/8proc/seed-5/10_neos-3555904-turama_seed-5_20260503_011022/expansion/config_param_CPXPARAM_MIP_Strategy_Branch_1_iter_1.prm
[INFO]:[01:12:14] CPLEX results. Gap: 18.010000, upper bound: -34.700000, lower bound: -40.950000
[INFO]:[01:12:14] CPLEX solver finished. Gap: 18.010000
[INFO]:[01:12:15] Starting CPLEX solver on instance: /home/yorig/tuner/mpils-tests/instances/miplib/medium-1/neos-3555904-turama.mps with config: /scratch/yorig/mpils-results-grid-seconds-5-no-mip-start/medium-1/8proc/seed-5/10_neos-3555904-turama_seed-5_20260503_011022/expansion/config_param_CPXPARAM_MIP_Limits_CutsFactor_1_iter_1.prm
[INFO]:[01:12:20] CPLEX results. Gap: 18.010000, upper bound: -34.700000, lower bound: -40.950000
[INFO]:[01:12:20] CPLEX solver finished. Gap: 18.010000
[INFO]:[01:12:20] Starting CPLEX solver on instance: /home/yorig/tuner/mpils-tests/instances/miplib/medium-1/neos-3555904-turama.mps with config: /scratch/yorig/mpils-results-grid-seconds-5-no-mip-start/medium-1/8proc/seed-5/10_neos-3555904-turama_seed-5_20260503_011022/expansion/config_param_CPXPARAM_MIP_Limits_CutsFactor_2_iter_1.prm
[INFO]:[01:12:26] CPLEX results. Gap: 18.010000, upper bound: -34.700000, lower bound: -40.950000
[INFO]:[01:12:26] CPLEX solver finished. Gap: 18.010000
[INFO]:[01:12:26] Starting CPLEX solver on instance: /home/yorig/tuner/mpils-tests/instances/miplib/medium-1/neos-3555904-turama.mps with config: /scratch/yorig/mpils-results-grid-seconds-5-no-mip-start/medium-1/8proc/seed-5/10_neos-3555904-turama_seed-5_20260503_011022/expansion/config_param_CPXPARAM_MIP_Limits_CutsFactor_4_iter_1.prm
[INFO]:[01:12:31] CPLEX results. Gap: 18.010000, upper bound: -34.700000, lower bound: -40.950000
[INFO]:[01:12:31] CPLEX solver finished. Gap: 18.010000
[INFO]:[01:12:31] Starting CPLEX solver on instance: /home/yorig/tuner/mpils-tests/instances/miplib/medium-1/neos-3555904-turama.mps with config: /scratch/yorig/mpils-results-grid-seconds-5-no-mip-start/medium-1/8proc/seed-5/10_neos-3555904-turama_seed-5_20260503_011022/expansion/config_param_CPXPARAM_MIP_Limits_CutsFactor_8_iter_1.prm
[INFO]:[01:12:36] CPLEX results. Gap: 18.010000, upper bound: -34.700000, lower bound: -40.950000
[INFO]:[01:12:36] CPLEX solver finished. Gap: 18.010000
[INFO]:[01:12:36] Starting CPLEX solver on instance: /home/yorig/tuner/mpils-tests/instances/miplib/medium-1/neos-3555904-turama.mps with config: /scratch/yorig/mpils-results-grid-seconds-5-no-mip-start/medium-1/8proc/seed-5/10_neos-3555904-turama_seed-5_20260503_011022/expansion/config_param_CPXPARAM_MIP_Limits_CutsFactor_16_iter_1.prm
[INFO]:[01:12:42] CPLEX results. Gap: 18.010000, upper bound: -34.700000, lower bound: -40.950000
[INFO]:[01:12:42] CPLEX solver finished. Gap: 18.010000
[INFO]:[01:12:48] Expansion Worker 7 completed expansion.
[INFO]:[01:12:48] Worker 7 completed expansion phase.
[INFO]:[01:12:48] Worker 7 received order for step 1.
[INFO]:[01:12:48] Worker 7 running exploration phase for iteration 2.
[INFO]:[01:12:48] Worker 7 at iteration 2 will not use a MIP start file. Current best MIP-start upper bound threshold is -34.7.
[INFO]:[01:12:48] Starting local search phase...
[INFO]:[01:12:48] Creating local search space from parameter space file: /scratch/yorig/mpils-results-grid-seconds-5-no-mip-start/medium-1/8proc/seed-5/10_neos-3555904-turama_seed-5_20260503_011022/iterated_local_search/search_space/search_space_file_2_worker_7.txt
[INFO]:[01:12:48] Local search space loaded from file: /scratch/yorig/mpils-results-grid-seconds-5-no-mip-start/medium-1/8proc/seed-5/10_neos-3555904-turama_seed-5_20260503_011022/iterated_local_search/search_space/search_space_file_2_worker_7.txt
[INFO]:[01:12:48] Number of parameters in local search space: 71
[INFO]:[01:12:48] Number of forbidden tuples in local search space: 5
[INFO]:[01:12:48] Number of conditionals in local search space: 6
[INFO]:[01:12:48] MIP start option not enabled. Local search will proceed without MIP start.
[INFO]:[01:12:48] Evaluating initial configuration for local search phase...
[INFO]:[01:12:48] Starting CPLEX solver on instance: /home/yorig/tuner/mpils-tests/instances/miplib/medium-1/neos-3555904-turama.mps with config: /scratch/yorig/mpils-results-grid-seconds-5-no-mip-start/medium-1/8proc/seed-5/10_neos-3555904-turama_seed-5_20260503_011022/iterated_local_search/run_2_worker_7/ils_config_11161535332908706231.prm
[INFO]:[01:12:48] Starting CPLEX solver on instance: /home/yorig/tuner/mpils-tests/instances/miplib/medium-1/neos-3555904-turama.mps with config: /scratch/yorig/mpils-results-grid-seconds-5-no-mip-start/medium-1/8proc/seed-5/10_neos-3555904-turama_seed-5_20260503_011022/iterated_local_search/run_2_worker_7/ils_config_11161535332908706231.prm
[INFO]:[01:12:54] CPLEX results. Gap: 121370.780000, upper bound: -33.200000, lower bound: -40328.300000
[INFO]:[01:12:54] CPLEX solver finished. Gap: 121370.780000
[INFO]:[01:12:54] Initial configuration evaluated with objective value: 121371
[INFO]:[01:12:54] Starting CPLEX solver on instance: /home/yorig/tuner/mpils-tests/instances/miplib/medium-1/neos-3555904-turama.mps with config: /scratch/yorig/mpils-results-grid-seconds-5-no-mip-start/medium-1/8proc/seed-5/10_neos-3555904-turama_seed-5_20260503_011022/iterated_local_search/run_2_worker_7/ils_config_12374240383587317649.prm
[INFO]:[01:12:54] Starting CPLEX solver on instance: /home/yorig/tuner/mpils-tests/instances/miplib/medium-1/neos-3555904-turama.mps with config: /scratch/yorig/mpils-results-grid-seconds-5-no-mip-start/medium-1/8proc/seed-5/10_neos-3555904-turama_seed-5_20260503_011022/iterated_local_search/run_2_worker_7/ils_config_12374240383587317649.prm
[INFO]:[01:13:01] CPLEX results. Gap: 121370.780000, upper bound: -33.200000, lower bound: -40328.300000
[INFO]:[01:13:01] CPLEX solver finished. Gap: 121370.780000
[INFO]:[01:13:01] Starting CPLEX solver on instance: /home/yorig/tuner/mpils-tests/instances/miplib/medium-1/neos-3555904-turama.mps with config: /scratch/yorig/mpils-results-grid-seconds-5-no-mip-start/medium-1/8proc/seed-5/10_neos-3555904-turama_seed-5_20260503_011022/iterated_local_search/run_2_worker_7/ils_config_10957565993639249032.prm
[INFO]:[01:13:01] Starting CPLEX solver on instance: /home/yorig/tuner/mpils-tests/instances/miplib/medium-1/neos-3555904-turama.mps with config: /scratch/yorig/mpils-results-grid-seconds-5-no-mip-start/medium-1/8proc/seed-5/10_neos-3555904-turama_seed-5_20260503_011022/iterated_local_search/run_2_worker_7/ils_config_10957565993639249032.prm
[INFO]:[01:13:07] CPLEX results. Gap: 121370.780000, upper bound: -33.200000, lower bound: -40328.300000
[INFO]:[01:13:07] CPLEX solver finished. Gap: 121370.780000
[INFO]:[01:13:07] Starting CPLEX solver on instance: /home/yorig/tuner/mpils-tests/instances/miplib/medium-1/neos-3555904-turama.mps with config: /scratch/yorig/mpils-results-grid-seconds-5-no-mip-start/medium-1/8proc/seed-5/10_neos-3555904-turama_seed-5_20260503_011022/iterated_local_search/run_2_worker_7/ils_config_6476443148965824144.prm
[INFO]:[01:13:07] Starting CPLEX solver on instance: /home/yorig/tuner/mpils-tests/instances/miplib/medium-1/neos-3555904-turama.mps with config: /scratch/yorig/mpils-results-grid-seconds-5-no-mip-start/medium-1/8proc/seed-5/10_neos-3555904-turama_seed-5_20260503_011022/iterated_local_search/run_2_worker_7/ils_config_6476443148965824144.prm
[INFO]:[01:13:13] CPLEX results. Gap: 121370.780000, upper bound: -33.200000, lower bound: -40328.300000
[INFO]:[01:13:13] CPLEX solver finished. Gap: 121370.780000
[INFO]:[01:13:13] Starting CPLEX solver on instance: /home/yorig/tuner/mpils-tests/instances/miplib/medium-1/neos-3555904-turama.mps with config: /scratch/yorig/mpils-results-grid-seconds-5-no-mip-start/medium-1/8proc/seed-5/10_neos-3555904-turama_seed-5_20260503_011022/iterated_local_search/run_2_worker_7/ils_config_15082525321361597636.prm
[INFO]:[01:13:13] Starting CPLEX solver on instance: /home/yorig/tuner/mpils-tests/instances/miplib/medium-1/neos-3555904-turama.mps with config: /scratch/yorig/mpils-results-grid-seconds-5-no-mip-start/medium-1/8proc/seed-5/10_neos-3555904-turama_seed-5_20260503_011022/iterated_local_search/run_2_worker_7/ils_config_15082525321361597636.prm
[INFO]:[01:13:20] CPLEX results. Gap: 121370.780000, upper bound: -33.200000, lower bound: -40328.300000
[INFO]:[01:13:20] CPLEX solver finished. Gap: 121370.780000
[INFO]:[01:13:20] Starting CPLEX solver on instance: /home/yorig/tuner/mpils-tests/instances/miplib/medium-1/neos-3555904-turama.mps with config: /scratch/yorig/mpils-results-grid-seconds-5-no-mip-start/medium-1/8proc/seed-5/10_neos-3555904-turama_seed-5_20260503_011022/iterated_local_search/run_2_worker_7/ils_config_2236337742054516225.prm
[INFO]:[01:13:20] Starting CPLEX solver on instance: /home/yorig/tuner/mpils-tests/instances/miplib/medium-1/neos-3555904-turama.mps with config: /scratch/yorig/mpils-results-grid-seconds-5-no-mip-start/medium-1/8proc/seed-5/10_neos-3555904-turama_seed-5_20260503_011022/iterated_local_search/run_2_worker_7/ils_config_2236337742054516225.prm
[INFO]:[01:13:26] CPLEX results. Gap: 121370.780000, upper bound: -33.200000, lower bound: -40328.300000
[INFO]:[01:13:26] CPLEX solver finished. Gap: 121370.780000
[INFO]:[01:13:26] Starting CPLEX solver on instance: /home/yorig/tuner/mpils-tests/instances/miplib/medium-1/neos-3555904-turama.mps with config: /scratch/yorig/mpils-results-grid-seconds-5-no-mip-start/medium-1/8proc/seed-5/10_neos-3555904-turama_seed-5_20260503_011022/iterated_local_search/run_2_worker_7/ils_config_2266149266713571391.prm
[INFO]:[01:13:26] Starting CPLEX solver on instance: /home/yorig/tuner/mpils-tests/instances/miplib/medium-1/neos-3555904-turama.mps with config: /scratch/yorig/mpils-results-grid-seconds-5-no-mip-start/medium-1/8proc/seed-5/10_neos-3555904-turama_seed-5_20260503_011022/iterated_local_search/run_2_worker_7/ils_config_2266149266713571391.prm
[INFO]:[01:13:33] CPLEX results. Gap: 121370.780000, upper bound: -33.200000, lower bound: -40328.300000
[INFO]:[01:13:33] CPLEX solver finished. Gap: 121370.780000
[INFO]:[01:13:33] Starting CPLEX solver on instance: /home/yorig/tuner/mpils-tests/instances/miplib/medium-1/neos-3555904-turama.mps with config: /scratch/yorig/mpils-results-grid-seconds-5-no-mip-start/medium-1/8proc/seed-5/10_neos-3555904-turama_seed-5_20260503_011022/iterated_local_search/run_2_worker_7/ils_config_11663413683655660778.prm
[INFO]:[01:13:33] Starting CPLEX solver on instance: /home/yorig/tuner/mpils-tests/instances/miplib/medium-1/neos-3555904-turama.mps with config: /scratch/yorig/mpils-results-grid-seconds-5-no-mip-start/medium-1/8proc/seed-5/10_neos-3555904-turama_seed-5_20260503_011022/iterated_local_search/run_2_worker_7/ils_config_11663413683655660778.prm
[INFO]:[01:13:39] CPLEX results. Gap: 121370.780000, upper bound: -33.200000, lower bound: -40328.300000
[INFO]:[01:13:39] CPLEX solver finished. Gap: 121370.780000
[INFO]:[01:13:39] Starting CPLEX solver on instance: /home/yorig/tuner/mpils-tests/instances/miplib/medium-1/neos-3555904-turama.mps with config: /scratch/yorig/mpils-results-grid-seconds-5-no-mip-start/medium-1/8proc/seed-5/10_neos-3555904-turama_seed-5_20260503_011022/iterated_local_search/run_2_worker_7/ils_config_9787176968851430048.prm
[INFO]:[01:13:39] Starting CPLEX solver on instance: /home/yorig/tuner/mpils-tests/instances/miplib/medium-1/neos-3555904-turama.mps with config: /scratch/yorig/mpils-results-grid-seconds-5-no-mip-start/medium-1/8proc/seed-5/10_neos-3555904-turama_seed-5_20260503_011022/iterated_local_search/run_2_worker_7/ils_config_9787176968851430048.prm
[INFO]:[01:13:45] CPLEX results. Gap: 121370.780000, upper bound: -33.200000, lower bound: -40328.300000
[INFO]:[01:13:45] CPLEX solver finished. Gap: 121370.780000
[INFO]:[01:13:45] Starting CPLEX solver on instance: /home/yorig/tuner/mpils-tests/instances/miplib/medium-1/neos-3555904-turama.mps with config: /scratch/yorig/mpils-results-grid-seconds-5-no-mip-start/medium-1/8proc/seed-5/10_neos-3555904-turama_seed-5_20260503_011022/iterated_local_search/run_2_worker_7/ils_config_15396013382194665212.prm
[INFO]:[01:13:45] Starting CPLEX solver on instance: /home/yorig/tuner/mpils-tests/instances/miplib/medium-1/neos-3555904-turama.mps with config: /scratch/yorig/mpils-results-grid-seconds-5-no-mip-start/medium-1/8proc/seed-5/10_neos-3555904-turama_seed-5_20260503_011022/iterated_local_search/run_2_worker_7/ils_config_15396013382194665212.prm
[INFO]:[01:13:52] CPLEX results. Gap: 121370.780000, upper bound: -33.200000, lower bound: -40328.300000
[INFO]:[01:13:52] CPLEX solver finished. Gap: 121370.780000
[INFO]:[01:13:52] Starting CPLEX solver on instance: /home/yorig/tuner/mpils-tests/instances/miplib/medium-1/neos-3555904-turama.mps with config: /scratch/yorig/mpils-results-grid-seconds-5-no-mip-start/medium-1/8proc/seed-5/10_neos-3555904-turama_seed-5_20260503_011022/iterated_local_search/run_2_worker_7/ils_config_11088316270884800472.prm
[INFO]:[01:13:52] Starting CPLEX solver on instance: /home/yorig/tuner/mpils-tests/instances/miplib/medium-1/neos-3555904-turama.mps with config: /scratch/yorig/mpils-results-grid-seconds-5-no-mip-start/medium-1/8proc/seed-5/10_neos-3555904-turama_seed-5_20260503_011022/iterated_local_search/run_2_worker_7/ils_config_11088316270884800472.prm
[INFO]:[01:13:58] CPLEX results. Gap: 121370.780000, upper bound: -33.200000, lower bound: -40328.300000
[INFO]:[01:13:58] CPLEX solver finished. Gap: 121370.780000
[INFO]:[01:13:58] Starting CPLEX solver on instance: /home/yorig/tuner/mpils-tests/instances/miplib/medium-1/neos-3555904-turama.mps with config: /scratch/yorig/mpils-results-grid-seconds-5-no-mip-start/medium-1/8proc/seed-5/10_neos-3555904-turama_seed-5_20260503_011022/iterated_local_search/run_2_worker_7/ils_config_2155591933862019472.prm
[INFO]:[01:13:58] Starting CPLEX solver on instance: /home/yorig/tuner/mpils-tests/instances/miplib/medium-1/neos-3555904-turama.mps with config: /scratch/yorig/mpils-results-grid-seconds-5-no-mip-start/medium-1/8proc/seed-5/10_neos-3555904-turama_seed-5_20260503_011022/iterated_local_search/run_2_worker_7/ils_config_2155591933862019472.prm
[INFO]:[01:14:04] CPLEX results. Gap: 121370.780000, upper bound: -33.200000, lower bound: -40328.300000
[INFO]:[01:14:04] CPLEX solver finished. Gap: 121370.780000
[INFO]:[01:14:04] Starting CPLEX solver on instance: /home/yorig/tuner/mpils-tests/instances/miplib/medium-1/neos-3555904-turama.mps with config: /scratch/yorig/mpils-results-grid-seconds-5-no-mip-start/medium-1/8proc/seed-5/10_neos-3555904-turama_seed-5_20260503_011022/iterated_local_search/run_2_worker_7/ils_config_9407032977178067368.prm
[INFO]:[01:14:04] Starting CPLEX solver on instance: /home/yorig/tuner/mpils-tests/instances/miplib/medium-1/neos-3555904-turama.mps with config: /scratch/yorig/mpils-results-grid-seconds-5-no-mip-start/medium-1/8proc/seed-5/10_neos-3555904-turama_seed-5_20260503_011022/iterated_local_search/run_2_worker_7/ils_config_9407032977178067368.prm
[INFO]:[01:14:10] CPLEX results. Gap: 121370.780000, upper bound: -33.200000, lower bound: -40328.300000
[INFO]:[01:14:10] CPLEX solver finished. Gap: 121370.780000
[INFO]:[01:14:10] Starting CPLEX solver on instance: /home/yorig/tuner/mpils-tests/instances/miplib/medium-1/neos-3555904-turama.mps with config: /scratch/yorig/mpils-results-grid-seconds-5-no-mip-start/medium-1/8proc/seed-5/10_neos-3555904-turama_seed-5_20260503_011022/iterated_local_search/run_2_worker_7/ils_config_16507389476601159588.prm
[INFO]:[01:14:10] Starting CPLEX solver on instance: /home/yorig/tuner/mpils-tests/instances/miplib/medium-1/neos-3555904-turama.mps with config: /scratch/yorig/mpils-results-grid-seconds-5-no-mip-start/medium-1/8proc/seed-5/10_neos-3555904-turama_seed-5_20260503_011022/iterated_local_search/run_2_worker_7/ils_config_16507389476601159588.prm
[INFO]:[01:14:17] CPLEX results. Gap: 121370.780000, upper bound: -33.200000, lower bound: -40328.300000
[INFO]:[01:14:17] CPLEX solver finished. Gap: 121370.780000
[INFO]:[01:14:17] Starting CPLEX solver on instance: /home/yorig/tuner/mpils-tests/instances/miplib/medium-1/neos-3555904-turama.mps with config: /scratch/yorig/mpils-results-grid-seconds-5-no-mip-start/medium-1/8proc/seed-5/10_neos-3555904-turama_seed-5_20260503_011022/iterated_local_search/run_2_worker_7/ils_config_13082101781593685999.prm
[INFO]:[01:14:17] Starting CPLEX solver on instance: /home/yorig/tuner/mpils-tests/instances/miplib/medium-1/neos-3555904-turama.mps with config: /scratch/yorig/mpils-results-grid-seconds-5-no-mip-start/medium-1/8proc/seed-5/10_neos-3555904-turama_seed-5_20260503_011022/iterated_local_search/run_2_worker_7/ils_config_13082101781593685999.prm
[INFO]:[01:14:23] CPLEX results. Gap: 121370.780000, upper bound: -33.200000, lower bound: -40328.300000
[INFO]:[01:14:23] CPLEX solver finished. Gap: 121370.780000
[INFO]:[01:14:23] Starting CPLEX solver on instance: /home/yorig/tuner/mpils-tests/instances/miplib/medium-1/neos-3555904-turama.mps with config: /scratch/yorig/mpils-results-grid-seconds-5-no-mip-start/medium-1/8proc/seed-5/10_neos-3555904-turama_seed-5_20260503_011022/iterated_local_search/run_2_worker_7/ils_config_12634801193907958298.prm
[INFO]:[01:14:23] Starting CPLEX solver on instance: /home/yorig/tuner/mpils-tests/instances/miplib/medium-1/neos-3555904-turama.mps with config: /scratch/yorig/mpils-results-grid-seconds-5-no-mip-start/medium-1/8proc/seed-5/10_neos-3555904-turama_seed-5_20260503_011022/iterated_local_search/run_2_worker_7/ils_config_12634801193907958298.prm
[INFO]:[01:14:30] CPLEX results. Gap: 121370.780000, upper bound: -33.200000, lower bound: -40328.300000
[INFO]:[01:14:30] CPLEX solver finished. Gap: 121370.780000
[INFO]:[01:14:30] Starting CPLEX solver on instance: /home/yorig/tuner/mpils-tests/instances/miplib/medium-1/neos-3555904-turama.mps with config: /scratch/yorig/mpils-results-grid-seconds-5-no-mip-start/medium-1/8proc/seed-5/10_neos-3555904-turama_seed-5_20260503_011022/iterated_local_search/run_2_worker_7/ils_config_10920614654592523449.prm
[INFO]:[01:14:30] Starting CPLEX solver on instance: /home/yorig/tuner/mpils-tests/instances/miplib/medium-1/neos-3555904-turama.mps with config: /scratch/yorig/mpils-results-grid-seconds-5-no-mip-start/medium-1/8proc/seed-5/10_neos-3555904-turama_seed-5_20260503_011022/iterated_local_search/run_2_worker_7/ils_config_10920614654592523449.prm
[INFO]:[01:14:36] CPLEX results. Gap: 121370.780000, upper bound: -33.200000, lower bound: -40328.300000
[INFO]:[01:14:36] CPLEX solver finished. Gap: 121370.780000
[INFO]:[01:14:36] Starting CPLEX solver on instance: /home/yorig/tuner/mpils-tests/instances/miplib/medium-1/neos-3555904-turama.mps with config: /scratch/yorig/mpils-results-grid-seconds-5-no-mip-start/medium-1/8proc/seed-5/10_neos-3555904-turama_seed-5_20260503_011022/iterated_local_search/run_2_worker_7/ils_config_16457105997057612654.prm
[INFO]:[01:14:36] Starting CPLEX solver on instance: /home/yorig/tuner/mpils-tests/instances/miplib/medium-1/neos-3555904-turama.mps with config: /scratch/yorig/mpils-results-grid-seconds-5-no-mip-start/medium-1/8proc/seed-5/10_neos-3555904-turama_seed-5_20260503_011022/iterated_local_search/run_2_worker_7/ils_config_16457105997057612654.prm
[INFO]:[01:14:42] CPLEX results. Gap: 121370.780000, upper bound: -33.200000, lower bound: -40328.300000
[INFO]:[01:14:42] CPLEX solver finished. Gap: 121370.780000
[INFO]:[01:14:42] Starting CPLEX solver on instance: /home/yorig/tuner/mpils-tests/instances/miplib/medium-1/neos-3555904-turama.mps with config: /scratch/yorig/mpils-results-grid-seconds-5-no-mip-start/medium-1/8proc/seed-5/10_neos-3555904-turama_seed-5_20260503_011022/iterated_local_search/run_2_worker_7/ils_config_3008660799145104347.prm
[INFO]:[01:14:42] Starting CPLEX solver on instance: /home/yorig/tuner/mpils-tests/instances/miplib/medium-1/neos-3555904-turama.mps with config: /scratch/yorig/mpils-results-grid-seconds-5-no-mip-start/medium-1/8proc/seed-5/10_neos-3555904-turama_seed-5_20260503_011022/iterated_local_search/run_2_worker_7/ils_config_3008660799145104347.prm
[INFO]:[01:14:49] CPLEX results. Gap: 121370.780000, upper bound: -33.200000, lower bound: -40328.300000
[INFO]:[01:14:49] CPLEX solver finished. Gap: 121370.780000
[INFO]:[01:14:49] Starting CPLEX solver on instance: /home/yorig/tuner/mpils-tests/instances/miplib/medium-1/neos-3555904-turama.mps with config: /scratch/yorig/mpils-results-grid-seconds-5-no-mip-start/medium-1/8proc/seed-5/10_neos-3555904-turama_seed-5_20260503_011022/iterated_local_search/run_2_worker_7/ils_config_4660592612282505376.prm
[INFO]:[01:14:49] Starting CPLEX solver on instance: /home/yorig/tuner/mpils-tests/instances/miplib/medium-1/neos-3555904-turama.mps with config: /scratch/yorig/mpils-results-grid-seconds-5-no-mip-start/medium-1/8proc/seed-5/10_neos-3555904-turama_seed-5_20260503_011022/iterated_local_search/run_2_worker_7/ils_config_4660592612282505376.prm
[INFO]:[01:14:55] CPLEX results. Gap: 121370.780000, upper bound: -33.200000, lower bound: -40328.300000
[INFO]:[01:14:55] CPLEX solver finished. Gap: 121370.780000
[INFO]:[01:14:55] Starting CPLEX solver on instance: /home/yorig/tuner/mpils-tests/instances/miplib/medium-1/neos-3555904-turama.mps with config: /scratch/yorig/mpils-results-grid-seconds-5-no-mip-start/medium-1/8proc/seed-5/10_neos-3555904-turama_seed-5_20260503_011022/iterated_local_search/run_2_worker_7/ils_config_8063688437375433242.prm
[INFO]:[01:14:55] Starting CPLEX solver on instance: /home/yorig/tuner/mpils-tests/instances/miplib/medium-1/neos-3555904-turama.mps with config: /scratch/yorig/mpils-results-grid-seconds-5-no-mip-start/medium-1/8proc/seed-5/10_neos-3555904-turama_seed-5_20260503_011022/iterated_local_search/run_2_worker_7/ils_config_8063688437375433242.prm
[INFO]:[01:15:01] CPLEX results. Gap: 121370.780000, upper bound: -33.200000, lower bound: -40328.300000
[INFO]:[01:15:01] CPLEX solver finished. Gap: 121370.780000
[INFO]:[01:15:01] Starting CPLEX solver on instance: /home/yorig/tuner/mpils-tests/instances/miplib/medium-1/neos-3555904-turama.mps with config: /scratch/yorig/mpils-results-grid-seconds-5-no-mip-start/medium-1/8proc/seed-5/10_neos-3555904-turama_seed-5_20260503_011022/iterated_local_search/run_2_worker_7/ils_config_7199775701445474.prm
[INFO]:[01:15:01] Starting CPLEX solver on instance: /home/yorig/tuner/mpils-tests/instances/miplib/medium-1/neos-3555904-turama.mps with config: /scratch/yorig/mpils-results-grid-seconds-5-no-mip-start/medium-1/8proc/seed-5/10_neos-3555904-turama_seed-5_20260503_011022/iterated_local_search/run_2_worker_7/ils_config_7199775701445474.prm
[INFO]:[01:15:08] CPLEX results. Gap: 121370.780000, upper bound: -33.200000, lower bound: -40328.300000
[INFO]:[01:15:08] CPLEX solver finished. Gap: 121370.780000
[INFO]:[01:15:08] Starting CPLEX solver on instance: /home/yorig/tuner/mpils-tests/instances/miplib/medium-1/neos-3555904-turama.mps with config: /scratch/yorig/mpils-results-grid-seconds-5-no-mip-start/medium-1/8proc/seed-5/10_neos-3555904-turama_seed-5_20260503_011022/iterated_local_search/run_2_worker_7/ils_config_4260140805817183277.prm
[INFO]:[01:15:08] Starting CPLEX solver on instance: /home/yorig/tuner/mpils-tests/instances/miplib/medium-1/neos-3555904-turama.mps with config: /scratch/yorig/mpils-results-grid-seconds-5-no-mip-start/medium-1/8proc/seed-5/10_neos-3555904-turama_seed-5_20260503_011022/iterated_local_search/run_2_worker_7/ils_config_4260140805817183277.prm
[INFO]:[01:15:14] CPLEX results. Gap: 121370.780000, upper bound: -33.200000, lower bound: -40328.300000
[INFO]:[01:15:14] CPLEX solver finished. Gap: 121370.780000
[INFO]:[01:15:14] Starting CPLEX solver on instance: /home/yorig/tuner/mpils-tests/instances/miplib/medium-1/neos-3555904-turama.mps with config: /scratch/yorig/mpils-results-grid-seconds-5-no-mip-start/medium-1/8proc/seed-5/10_neos-3555904-turama_seed-5_20260503_011022/iterated_local_search/run_2_worker_7/ils_config_15132637487388615111.prm
[INFO]:[01:15:14] Starting CPLEX solver on instance: /home/yorig/tuner/mpils-tests/instances/miplib/medium-1/neos-3555904-turama.mps with config: /scratch/yorig/mpils-results-grid-seconds-5-no-mip-start/medium-1/8proc/seed-5/10_neos-3555904-turama_seed-5_20260503_011022/iterated_local_search/run_2_worker_7/ils_config_15132637487388615111.prm
[INFO]:[01:15:20] CPLEX results. Gap: 121370.780000, upper bound: -33.200000, lower bound: -40328.300000
[INFO]:[01:15:20] CPLEX solver finished. Gap: 121370.780000
[INFO]:[01:15:20] Starting CPLEX solver on instance: /home/yorig/tuner/mpils-tests/instances/miplib/medium-1/neos-3555904-turama.mps with config: /scratch/yorig/mpils-results-grid-seconds-5-no-mip-start/medium-1/8proc/seed-5/10_neos-3555904-turama_seed-5_20260503_011022/iterated_local_search/run_2_worker_7/ils_config_1343092454191692384.prm
[INFO]:[01:15:20] Starting CPLEX solver on instance: /home/yorig/tuner/mpils-tests/instances/miplib/medium-1/neos-3555904-turama.mps with config: /scratch/yorig/mpils-results-grid-seconds-5-no-mip-start/medium-1/8proc/seed-5/10_neos-3555904-turama_seed-5_20260503_011022/iterated_local_search/run_2_worker_7/ils_config_1343092454191692384.prm
[INFO]:[01:15:27] CPLEX results. Gap: 121370.780000, upper bound: -33.200000, lower bound: -40328.300000
[INFO]:[01:15:27] CPLEX solver finished. Gap: 121370.780000
[INFO]:[01:15:27] Starting CPLEX solver on instance: /home/yorig/tuner/mpils-tests/instances/miplib/medium-1/neos-3555904-turama.mps with config: /scratch/yorig/mpils-results-grid-seconds-5-no-mip-start/medium-1/8proc/seed-5/10_neos-3555904-turama_seed-5_20260503_011022/iterated_local_search/run_2_worker_7/ils_config_9202400757299343715.prm
[INFO]:[01:15:27] Starting CPLEX solver on instance: /home/yorig/tuner/mpils-tests/instances/miplib/medium-1/neos-3555904-turama.mps with config: /scratch/yorig/mpils-results-grid-seconds-5-no-mip-start/medium-1/8proc/seed-5/10_neos-3555904-turama_seed-5_20260503_011022/iterated_local_search/run_2_worker_7/ils_config_9202400757299343715.prm
[INFO]:[01:15:33] CPLEX results. Gap: 121370.780000, upper bound: -33.200000, lower bound: -40328.300000
[INFO]:[01:15:33] CPLEX solver finished. Gap: 121370.780000
[INFO]:[01:15:33] Starting CPLEX solver on instance: /home/yorig/tuner/mpils-tests/instances/miplib/medium-1/neos-3555904-turama.mps with config: /scratch/yorig/mpils-results-grid-seconds-5-no-mip-start/medium-1/8proc/seed-5/10_neos-3555904-turama_seed-5_20260503_011022/iterated_local_search/run_2_worker_7/ils_config_15602421842969511604.prm
[INFO]:[01:15:33] Starting CPLEX solver on instance: /home/yorig/tuner/mpils-tests/instances/miplib/medium-1/neos-3555904-turama.mps with config: /scratch/yorig/mpils-results-grid-seconds-5-no-mip-start/medium-1/8proc/seed-5/10_neos-3555904-turama_seed-5_20260503_011022/iterated_local_search/run_2_worker_7/ils_config_15602421842969511604.prm
[INFO]:[01:15:39] CPLEX results. Gap: 121370.780000, upper bound: -33.200000, lower bound: -40328.300000
[INFO]:[01:15:39] CPLEX solver finished. Gap: 121370.780000
[INFO]:[01:15:39] Starting CPLEX solver on instance: /home/yorig/tuner/mpils-tests/instances/miplib/medium-1/neos-3555904-turama.mps with config: /scratch/yorig/mpils-results-grid-seconds-5-no-mip-start/medium-1/8proc/seed-5/10_neos-3555904-turama_seed-5_20260503_011022/iterated_local_search/run_2_worker_7/ils_config_12815660312532272536.prm
[INFO]:[01:15:39] Starting CPLEX solver on instance: /home/yorig/tuner/mpils-tests/instances/miplib/medium-1/neos-3555904-turama.mps with config: /scratch/yorig/mpils-results-grid-seconds-5-no-mip-start/medium-1/8proc/seed-5/10_neos-3555904-turama_seed-5_20260503_011022/iterated_local_search/run_2_worker_7/ils_config_12815660312532272536.prm
[INFO]:[01:15:46] CPLEX results. Gap: 121370.780000, upper bound: -33.200000, lower bound: -40328.300000
[INFO]:[01:15:46] CPLEX solver finished. Gap: 121370.780000
[INFO]:[01:15:46] Starting CPLEX solver on instance: /home/yorig/tuner/mpils-tests/instances/miplib/medium-1/neos-3555904-turama.mps with config: /scratch/yorig/mpils-results-grid-seconds-5-no-mip-start/medium-1/8proc/seed-5/10_neos-3555904-turama_seed-5_20260503_011022/iterated_local_search/run_2_worker_7/ils_config_5430858212159399228.prm
[INFO]:[01:15:46] Starting CPLEX solver on instance: /home/yorig/tuner/mpils-tests/instances/miplib/medium-1/neos-3555904-turama.mps with config: /scratch/yorig/mpils-results-grid-seconds-5-no-mip-start/medium-1/8proc/seed-5/10_neos-3555904-turama_seed-5_20260503_011022/iterated_local_search/run_2_worker_7/ils_config_5430858212159399228.prm
[INFO]:[01:15:52] CPLEX results. Gap: 121370.780000, upper bound: -33.200000, lower bound: -40328.300000
[INFO]:[01:15:52] CPLEX solver finished. Gap: 121370.780000
[INFO]:[01:15:52] Starting CPLEX solver on instance: /home/yorig/tuner/mpils-tests/instances/miplib/medium-1/neos-3555904-turama.mps with config: /scratch/yorig/mpils-results-grid-seconds-5-no-mip-start/medium-1/8proc/seed-5/10_neos-3555904-turama_seed-5_20260503_011022/iterated_local_search/run_2_worker_7/ils_config_16823757900204482179.prm
[INFO]:[01:15:52] Starting CPLEX solver on instance: /home/yorig/tuner/mpils-tests/instances/miplib/medium-1/neos-3555904-turama.mps with config: /scratch/yorig/mpils-results-grid-seconds-5-no-mip-start/medium-1/8proc/seed-5/10_neos-3555904-turama_seed-5_20260503_011022/iterated_local_search/run_2_worker_7/ils_config_16823757900204482179.prm
[INFO]:[01:15:58] CPLEX results. Gap: 121370.780000, upper bound: -33.200000, lower bound: -40328.300000
[INFO]:[01:15:58] CPLEX solver finished. Gap: 121370.780000
[INFO]:[01:15:58] Local search phase completed.
[INFO]:[01:15:58] Total number of new local-search evaluations: 30
[INFO]:[01:15:58] Final incumbent objective value: 121371
[INFO]:[01:15:58] Worker 7 completed exploration phase.
[INFO]:[01:15:58] Worker 7 received order for step 2.
[INFO]:[01:15:58] Worker 7 running expansion phase for iteration 2.
[INFO]:[01:15:58] Worker 7 will use solver log file: /scratch/yorig/mpils-results-grid-seconds-5-no-mip-start/medium-1/8proc/seed-5/10_neos-3555904-turama_seed-5_20260503_011022/solver/cplex.log_iteration_expansion_2_worker_7
[INFO]:[01:15:58] Expansion Worker 7 starting expansion for iteration 2.
[INFO]:[01:15:58] Starting CPLEX solver on instance: /home/yorig/tuner/mpils-tests/instances/miplib/medium-1/neos-3555904-turama.mps with config: /scratch/yorig/mpils-results-grid-seconds-5-no-mip-start/medium-1/8proc/seed-5/10_neos-3555904-turama_seed-5_20260503_011022/expansion/config_param_CPXPARAM_Simplex_DGradient_2_iter_2.prm
[INFO]:[01:16:04] CPLEX results. Gap: 18.010000, upper bound: -34.700000, lower bound: -40.950000
[INFO]:[01:16:04] CPLEX solver finished. Gap: 18.010000
[INFO]:[01:16:04] Starting CPLEX solver on instance: /home/yorig/tuner/mpils-tests/instances/miplib/medium-1/neos-3555904-turama.mps with config: /scratch/yorig/mpils-results-grid-seconds-5-no-mip-start/medium-1/8proc/seed-5/10_neos-3555904-turama_seed-5_20260503_011022/expansion/config_param_CPXPARAM_Simplex_DGradient_3_iter_2.prm
[INFO]:[01:16:09] CPLEX results. Gap: 18.010000, upper bound: -34.700000, lower bound: -40.950000
[INFO]:[01:16:09] CPLEX solver finished. Gap: 18.010000
[INFO]:[01:16:09] Starting CPLEX solver on instance: /home/yorig/tuner/mpils-tests/instances/miplib/medium-1/neos-3555904-turama.mps with config: /scratch/yorig/mpils-results-grid-seconds-5-no-mip-start/medium-1/8proc/seed-5/10_neos-3555904-turama_seed-5_20260503_011022/expansion/config_param_CPXPARAM_Simplex_DGradient_4_iter_2.prm
[INFO]:[01:16:14] CPLEX results. Gap: 18.010000, upper bound: -34.700000, lower bound: -40.950000
[INFO]:[01:16:14] CPLEX solver finished. Gap: 18.010000
[INFO]:[01:16:14] Starting CPLEX solver on instance: /home/yorig/tuner/mpils-tests/instances/miplib/medium-1/neos-3555904-turama.mps with config: /scratch/yorig/mpils-results-grid-seconds-5-no-mip-start/medium-1/8proc/seed-5/10_neos-3555904-turama_seed-5_20260503_011022/expansion/config_param_CPXPARAM_Simplex_DGradient_5_iter_2.prm
[INFO]:[01:16:20] CPLEX results. Gap: 18.010000, upper bound: -34.700000, lower bound: -40.950000
[INFO]:[01:16:20] CPLEX solver finished. Gap: 18.010000
[INFO]:[01:16:25] Expansion Worker 7 completed expansion.
[INFO]:[01:16:25] Worker 7 completed expansion phase.
[INFO]:[01:16:25] Worker 7 received order for step 1.
[INFO]:[01:16:25] Worker 7 running exploration phase for iteration 3.
[INFO]:[01:16:25] Worker 7 at iteration 3 will not use a MIP start file. Current best MIP-start upper bound threshold is -34.7.
[INFO]:[01:16:25] Starting local search phase...
[INFO]:[01:16:25] Creating local search space from parameter space file: /scratch/yorig/mpils-results-grid-seconds-5-no-mip-start/medium-1/8proc/seed-5/10_neos-3555904-turama_seed-5_20260503_011022/iterated_local_search/search_space/search_space_file_3_worker_7.txt
[INFO]:[01:16:25] Local search space loaded from file: /scratch/yorig/mpils-results-grid-seconds-5-no-mip-start/medium-1/8proc/seed-5/10_neos-3555904-turama_seed-5_20260503_011022/iterated_local_search/search_space/search_space_file_3_worker_7.txt
[INFO]:[01:16:25] Number of parameters in local search space: 71
[INFO]:[01:16:25] Number of forbidden tuples in local search space: 18
[INFO]:[01:16:25] Number of conditionals in local search space: 6
[INFO]:[01:16:25] MIP start option not enabled. Local search will proceed without MIP start.
[INFO]:[01:16:25] Evaluating initial configuration for local search phase...
[INFO]:[01:16:25] Starting CPLEX solver on instance: /home/yorig/tuner/mpils-tests/instances/miplib/medium-1/neos-3555904-turama.mps with config: /scratch/yorig/mpils-results-grid-seconds-5-no-mip-start/medium-1/8proc/seed-5/10_neos-3555904-turama_seed-5_20260503_011022/iterated_local_search/run_3_worker_7/ils_config_8773749088749225474.prm
[INFO]:[01:16:25] Starting CPLEX solver on instance: /home/yorig/tuner/mpils-tests/instances/miplib/medium-1/neos-3555904-turama.mps with config: /scratch/yorig/mpils-results-grid-seconds-5-no-mip-start/medium-1/8proc/seed-5/10_neos-3555904-turama_seed-5_20260503_011022/iterated_local_search/run_3_worker_7/ils_config_8773749088749225474.prm
[INFO]:[01:16:30] CPLEX results. Gap: 80480.720000, upper bound: -33.200000, lower bound: -26752.800000
[INFO]:[01:16:30] CPLEX solver finished. Gap: 80480.720000
[INFO]:[01:16:30] Initial configuration evaluated with objective value: 80480.7
[INFO]:[01:16:30] Starting CPLEX solver on instance: /home/yorig/tuner/mpils-tests/instances/miplib/medium-1/neos-3555904-turama.mps with config: /scratch/yorig/mpils-results-grid-seconds-5-no-mip-start/medium-1/8proc/seed-5/10_neos-3555904-turama_seed-5_20260503_011022/iterated_local_search/run_3_worker_7/ils_config_10555642637045288395.prm
[INFO]:[01:16:30] Starting CPLEX solver on instance: /home/yorig/tuner/mpils-tests/instances/miplib/medium-1/neos-3555904-turama.mps with config: /scratch/yorig/mpils-results-grid-seconds-5-no-mip-start/medium-1/8proc/seed-5/10_neos-3555904-turama_seed-5_20260503_011022/iterated_local_search/run_3_worker_7/ils_config_10555642637045288395.prm
[INFO]:[01:16:36] CPLEX results. Gap: 80480.720000, upper bound: -33.200000, lower bound: -26752.800000
[INFO]:[01:16:36] CPLEX solver finished. Gap: 80480.720000
[INFO]:[01:16:36] Starting CPLEX solver on instance: /home/yorig/tuner/mpils-tests/instances/miplib/medium-1/neos-3555904-turama.mps with config: /scratch/yorig/mpils-results-grid-seconds-5-no-mip-start/medium-1/8proc/seed-5/10_neos-3555904-turama_seed-5_20260503_011022/iterated_local_search/run_3_worker_7/ils_config_18011863297490290586.prm
[INFO]:[01:16:36] Starting CPLEX solver on instance: /home/yorig/tuner/mpils-tests/instances/miplib/medium-1/neos-3555904-turama.mps with config: /scratch/yorig/mpils-results-grid-seconds-5-no-mip-start/medium-1/8proc/seed-5/10_neos-3555904-turama_seed-5_20260503_011022/iterated_local_search/run_3_worker_7/ils_config_18011863297490290586.prm
[INFO]:[01:16:41] CPLEX results. Gap: 80480.720000, upper bound: -33.200000, lower bound: -26752.800000
[INFO]:[01:16:41] CPLEX solver finished. Gap: 80480.720000
[INFO]:[01:16:41] Starting CPLEX solver on instance: /home/yorig/tuner/mpils-tests/instances/miplib/medium-1/neos-3555904-turama.mps with config: /scratch/yorig/mpils-results-grid-seconds-5-no-mip-start/medium-1/8proc/seed-5/10_neos-3555904-turama_seed-5_20260503_011022/iterated_local_search/run_3_worker_7/ils_config_9879246684438006612.prm
[INFO]:[01:16:41] Starting CPLEX solver on instance: /home/yorig/tuner/mpils-tests/instances/miplib/medium-1/neos-3555904-turama.mps with config: /scratch/yorig/mpils-results-grid-seconds-5-no-mip-start/medium-1/8proc/seed-5/10_neos-3555904-turama_seed-5_20260503_011022/iterated_local_search/run_3_worker_7/ils_config_9879246684438006612.prm
[INFO]:[01:16:46] CPLEX results. Gap: 80480.720000, upper bound: -33.200000, lower bound: -26752.800000
[INFO]:[01:16:46] CPLEX solver finished. Gap: 80480.720000
[INFO]:[01:16:46] Starting CPLEX solver on instance: /home/yorig/tuner/mpils-tests/instances/miplib/medium-1/neos-3555904-turama.mps with config: /scratch/yorig/mpils-results-grid-seconds-5-no-mip-start/medium-1/8proc/seed-5/10_neos-3555904-turama_seed-5_20260503_011022/iterated_local_search/run_3_worker_7/ils_config_17821710708004449683.prm
[INFO]:[01:16:46] Starting CPLEX solver on instance: /home/yorig/tuner/mpils-tests/instances/miplib/medium-1/neos-3555904-turama.mps with config: /scratch/yorig/mpils-results-grid-seconds-5-no-mip-start/medium-1/8proc/seed-5/10_neos-3555904-turama_seed-5_20260503_011022/iterated_local_search/run_3_worker_7/ils_config_17821710708004449683.prm
[INFO]:[01:16:52] CPLEX results. Gap: 80480.720000, upper bound: -33.200000, lower bound: -26752.800000
[INFO]:[01:16:52] CPLEX solver finished. Gap: 80480.720000
[INFO]:[01:16:52] Local search phase completed.
[INFO]:[01:16:52] Total number of new local-search evaluations: 5
[INFO]:[01:16:52] Final incumbent objective value: 80480.7
[INFO]:[01:16:53] Worker 7 completed exploration phase.
[INFO]:[01:16:53] Worker 7 received order for step 2.
[INFO]:[01:16:53] Worker 7 running expansion phase for iteration 3.
[INFO]:[01:16:53] Worker 7 will use solver log file: /scratch/yorig/mpils-results-grid-seconds-5-no-mip-start/medium-1/8proc/seed-5/10_neos-3555904-turama_seed-5_20260503_011022/solver/cplex.log_iteration_expansion_3_worker_7
[INFO]:[01:16:53] Expansion Worker 7 starting expansion for iteration 3.
[INFO]:[01:16:53] Starting CPLEX solver on instance: /home/yorig/tuner/mpils-tests/instances/miplib/medium-1/neos-3555904-turama.mps with config: /scratch/yorig/mpils-results-grid-seconds-5-no-mip-start/medium-1/8proc/seed-5/10_neos-3555904-turama_seed-5_20260503_011022/expansion/config_param_CPXPARAM_Preprocessing_CoeffReduce_2_iter_3.prm
[INFO]:[01:16:58] CPLEX results. Gap: 18.010000, upper bound: -34.700000, lower bound: -40.950000
[INFO]:[01:16:58] CPLEX solver finished. Gap: 18.010000
[INFO]:[01:16:58] Starting CPLEX solver on instance: /home/yorig/tuner/mpils-tests/instances/miplib/medium-1/neos-3555904-turama.mps with config: /scratch/yorig/mpils-results-grid-seconds-5-no-mip-start/medium-1/8proc/seed-5/10_neos-3555904-turama_seed-5_20260503_011022/expansion/config_param_CPXPARAM_Preprocessing_CoeffReduce_3_iter_3.prm
[INFO]:[01:17:03] CPLEX results. Gap: 18.010000, upper bound: -34.700000, lower bound: -40.950000
[INFO]:[01:17:03] CPLEX solver finished. Gap: 18.010000
[INFO]:[01:17:03] Starting CPLEX solver on instance: /home/yorig/tuner/mpils-tests/instances/miplib/medium-1/neos-3555904-turama.mps with config: /scratch/yorig/mpils-results-grid-seconds-5-no-mip-start/medium-1/8proc/seed-5/10_neos-3555904-turama_seed-5_20260503_011022/expansion/config_param_CPXPARAM_Simplex_Crash_-1_iter_3.prm
[INFO]:[01:17:09] CPLEX results. Gap: 23.340000, upper bound: -33.200000, lower bound: -40.950000
[INFO]:[01:17:09] CPLEX solver finished. Gap: 23.340000
[INFO]:[01:17:09] Starting CPLEX solver on instance: /home/yorig/tuner/mpils-tests/instances/miplib/medium-1/neos-3555904-turama.mps with config: /scratch/yorig/mpils-results-grid-seconds-5-no-mip-start/medium-1/8proc/seed-5/10_neos-3555904-turama_seed-5_20260503_011022/expansion/config_param_CPXPARAM_Simplex_Crash_0_iter_3.prm
[INFO]:[01:17:14] CPLEX results. Gap: 23.340000, upper bound: -33.200000, lower bound: -40.950000
[INFO]:[01:17:14] CPLEX solver finished. Gap: 23.340000
[INFO]:[01:17:14] Expansion Worker 7 completed expansion.
[INFO]:[01:17:14] Worker 7 completed expansion phase.
[INFO]:[01:17:14] Worker 7 received order for step 1.
[INFO]:[01:17:14] Worker 7 running exploration phase for iteration 4.
[INFO]:[01:17:14] Worker 7 at iteration 4 will not use a MIP start file. Current best MIP-start upper bound threshold is -34.7.
[INFO]:[01:17:14] Starting local search phase...
[INFO]:[01:17:14] Creating local search space from parameter space file: /scratch/yorig/mpils-results-grid-seconds-5-no-mip-start/medium-1/8proc/seed-5/10_neos-3555904-turama_seed-5_20260503_011022/iterated_local_search/search_space/search_space_file_4_worker_7.txt
[INFO]:[01:17:14] Local search space loaded from file: /scratch/yorig/mpils-results-grid-seconds-5-no-mip-start/medium-1/8proc/seed-5/10_neos-3555904-turama_seed-5_20260503_011022/iterated_local_search/search_space/search_space_file_4_worker_7.txt
[INFO]:[01:17:14] Number of parameters in local search space: 71
[INFO]:[01:17:14] Number of forbidden tuples in local search space: 39
[INFO]:[01:17:14] Number of conditionals in local search space: 6
[INFO]:[01:17:14] MIP start option not enabled. Local search will proceed without MIP start.
[INFO]:[01:17:14] Evaluating initial configuration for local search phase...
[INFO]:[01:17:14] Starting CPLEX solver on instance: /home/yorig/tuner/mpils-tests/instances/miplib/medium-1/neos-3555904-turama.mps with config: /scratch/yorig/mpils-results-grid-seconds-5-no-mip-start/medium-1/8proc/seed-5/10_neos-3555904-turama_seed-5_20260503_011022/iterated_local_search/run_4_worker_7/ils_config_4873942807165504913.prm
[INFO]:[01:17:14] Starting CPLEX solver on instance: /home/yorig/tuner/mpils-tests/instances/miplib/medium-1/neos-3555904-turama.mps with config: /scratch/yorig/mpils-results-grid-seconds-5-no-mip-start/medium-1/8proc/seed-5/10_neos-3555904-turama_seed-5_20260503_011022/iterated_local_search/run_4_worker_7/ils_config_4873942807165504913.prm
[INFO]:[01:17:20] CPLEX results. Gap: 116155.330000, upper bound: -34.700000, lower bound: -40340.600000
[INFO]:[01:17:20] CPLEX solver finished. Gap: 116155.330000
[INFO]:[01:17:20] Initial configuration evaluated with objective value: 116155
[INFO]:[01:17:20] Starting CPLEX solver on instance: /home/yorig/tuner/mpils-tests/instances/miplib/medium-1/neos-3555904-turama.mps with config: /scratch/yorig/mpils-results-grid-seconds-5-no-mip-start/medium-1/8proc/seed-5/10_neos-3555904-turama_seed-5_20260503_011022/iterated_local_search/run_4_worker_7/ils_config_9301213568059264055.prm
[INFO]:[01:17:20] Starting CPLEX solver on instance: /home/yorig/tuner/mpils-tests/instances/miplib/medium-1/neos-3555904-turama.mps with config: /scratch/yorig/mpils-results-grid-seconds-5-no-mip-start/medium-1/8proc/seed-5/10_neos-3555904-turama_seed-5_20260503_011022/iterated_local_search/run_4_worker_7/ils_config_9301213568059264055.prm
[INFO]:[01:17:25] CPLEX results. Gap: 116155.330000, upper bound: -34.700000, lower bound: -40340.600000
[INFO]:[01:17:25] CPLEX solver finished. Gap: 116155.330000
[INFO]:[01:17:25] Starting CPLEX solver on instance: /home/yorig/tuner/mpils-tests/instances/miplib/medium-1/neos-3555904-turama.mps with config: /scratch/yorig/mpils-results-grid-seconds-5-no-mip-start/medium-1/8proc/seed-5/10_neos-3555904-turama_seed-5_20260503_011022/iterated_local_search/run_4_worker_7/ils_config_12190479258618435852.prm
[INFO]:[01:17:25] Starting CPLEX solver on instance: /home/yorig/tuner/mpils-tests/instances/miplib/medium-1/neos-3555904-turama.mps with config: /scratch/yorig/mpils-results-grid-seconds-5-no-mip-start/medium-1/8proc/seed-5/10_neos-3555904-turama_seed-5_20260503_011022/iterated_local_search/run_4_worker_7/ils_config_12190479258618435852.prm
[INFO]:[01:17:30] CPLEX results. Gap: 116155.330000, upper bound: -34.700000, lower bound: -40340.600000
[INFO]:[01:17:30] CPLEX solver finished. Gap: 116155.330000
[INFO]:[01:17:30] Starting CPLEX solver on instance: /home/yorig/tuner/mpils-tests/instances/miplib/medium-1/neos-3555904-turama.mps with config: /scratch/yorig/mpils-results-grid-seconds-5-no-mip-start/medium-1/8proc/seed-5/10_neos-3555904-turama_seed-5_20260503_011022/iterated_local_search/run_4_worker_7/ils_config_11670858763164154620.prm
[INFO]:[01:17:30] Starting CPLEX solver on instance: /home/yorig/tuner/mpils-tests/instances/miplib/medium-1/neos-3555904-turama.mps with config: /scratch/yorig/mpils-results-grid-seconds-5-no-mip-start/medium-1/8proc/seed-5/10_neos-3555904-turama_seed-5_20260503_011022/iterated_local_search/run_4_worker_7/ils_config_11670858763164154620.prm
[INFO]:[01:17:36] CPLEX results. Gap: 116155.330000, upper bound: -34.700000, lower bound: -40340.600000
[INFO]:[01:17:36] CPLEX solver finished. Gap: 116155.330000
[INFO]:[01:17:36] Starting CPLEX solver on instance: /home/yorig/tuner/mpils-tests/instances/miplib/medium-1/neos-3555904-turama.mps with config: /scratch/yorig/mpils-results-grid-seconds-5-no-mip-start/medium-1/8proc/seed-5/10_neos-3555904-turama_seed-5_20260503_011022/iterated_local_search/run_4_worker_7/ils_config_1021184044498651375.prm
[INFO]:[01:17:36] Starting CPLEX solver on instance: /home/yorig/tuner/mpils-tests/instances/miplib/medium-1/neos-3555904-turama.mps with config: /scratch/yorig/mpils-results-grid-seconds-5-no-mip-start/medium-1/8proc/seed-5/10_neos-3555904-turama_seed-5_20260503_011022/iterated_local_search/run_4_worker_7/ils_config_1021184044498651375.prm
[INFO]:[01:17:41] CPLEX results. Gap: 116155.330000, upper bound: -34.700000, lower bound: -40340.600000
[INFO]:[01:17:41] CPLEX solver finished. Gap: 116155.330000
[INFO]:[01:17:41] Starting CPLEX solver on instance: /home/yorig/tuner/mpils-tests/instances/miplib/medium-1/neos-3555904-turama.mps with config: /scratch/yorig/mpils-results-grid-seconds-5-no-mip-start/medium-1/8proc/seed-5/10_neos-3555904-turama_seed-5_20260503_011022/iterated_local_search/run_4_worker_7/ils_config_6330946610444351071.prm
[INFO]:[01:17:41] Starting CPLEX solver on instance: /home/yorig/tuner/mpils-tests/instances/miplib/medium-1/neos-3555904-turama.mps with config: /scratch/yorig/mpils-results-grid-seconds-5-no-mip-start/medium-1/8proc/seed-5/10_neos-3555904-turama_seed-5_20260503_011022/iterated_local_search/run_4_worker_7/ils_config_6330946610444351071.prm
[INFO]:[01:17:46] CPLEX results. Gap: 116155.330000, upper bound: -34.700000, lower bound: -40340.600000
[INFO]:[01:17:46] CPLEX solver finished. Gap: 116155.330000
[INFO]:[01:17:46] Starting CPLEX solver on instance: /home/yorig/tuner/mpils-tests/instances/miplib/medium-1/neos-3555904-turama.mps with config: /scratch/yorig/mpils-results-grid-seconds-5-no-mip-start/medium-1/8proc/seed-5/10_neos-3555904-turama_seed-5_20260503_011022/iterated_local_search/run_4_worker_7/ils_config_17585195661083485039.prm
[INFO]:[01:17:46] Starting CPLEX solver on instance: /home/yorig/tuner/mpils-tests/instances/miplib/medium-1/neos-3555904-turama.mps with config: /scratch/yorig/mpils-results-grid-seconds-5-no-mip-start/medium-1/8proc/seed-5/10_neos-3555904-turama_seed-5_20260503_011022/iterated_local_search/run_4_worker_7/ils_config_17585195661083485039.prm
[INFO]:[01:17:51] CPLEX results. Gap: 116155.330000, upper bound: -34.700000, lower bound: -40340.600000
[INFO]:[01:17:51] CPLEX solver finished. Gap: 116155.330000
[INFO]:[01:17:51] Local search phase completed.
[INFO]:[01:17:51] Total number of new local-search evaluations: 7
[INFO]:[01:17:51] Final incumbent objective value: 116155
[INFO]:[01:17:52] Worker 7 completed exploration phase.
[INFO]:[01:17:52] Worker 7 received order for step 2.
[INFO]:[01:17:52] Worker 7 running expansion phase for iteration 4.
[INFO]:[01:17:52] Worker 7 will use solver log file: /scratch/yorig/mpils-results-grid-seconds-5-no-mip-start/medium-1/8proc/seed-5/10_neos-3555904-turama_seed-5_20260503_011022/solver/cplex.log_iteration_expansion_4_worker_7
[INFO]:[01:17:52] Expansion Worker 7 starting expansion for iteration 4.
[INFO]:[01:17:52] Starting CPLEX solver on instance: /home/yorig/tuner/mpils-tests/instances/miplib/medium-1/neos-3555904-turama.mps with config: /scratch/yorig/mpils-results-grid-seconds-5-no-mip-start/medium-1/8proc/seed-5/10_neos-3555904-turama_seed-5_20260503_011022/expansion/config_param_CPXPARAM_Preprocessing_Reduce_2_iter_4.prm
[WARN]:[01:17:58] CPLEX finished without a primal feasible solution for config /scratch/yorig/mpils-results-grid-seconds-5-no-mip-start/medium-1/8proc/seed-5/10_neos-3555904-turama_seed-5_20260503_011022/expansion/config_param_CPXPARAM_Preprocessing_Reduce_2_iter_4.prm.
[INFO]:[01:17:58] CPLEX results. Gap: unavailable, upper bound: null, lower bound: -42186.000000
[INFO]:[01:17:58] CPLEX solver finished. Gap: 179769313486231570814527423731704356798070567525844996598917476803157260780028538760589558632766878171540458953514382464234321326889464182768467546703537516986049910576551282076245490090389328944075868508455133942304583236903222948165808559332123348274797826204144723168738177180919299881250404026184124858368.000000
[INFO]:[01:17:58] Starting CPLEX solver on instance: /home/yorig/tuner/mpils-tests/instances/miplib/medium-1/neos-3555904-turama.mps with config: /scratch/yorig/mpils-results-grid-seconds-5-no-mip-start/medium-1/8proc/seed-5/10_neos-3555904-turama_seed-5_20260503_011022/expansion/config_param_CPXPARAM_Preprocessing_Relax_0_iter_4.prm
[INFO]:[01:18:03] CPLEX results. Gap: 23.340000, upper bound: -33.200000, lower bound: -40.950000
[INFO]:[01:18:03] CPLEX solver finished. Gap: 23.340000
[INFO]:[01:18:04] Starting CPLEX solver on instance: /home/yorig/tuner/mpils-tests/instances/miplib/medium-1/neos-3555904-turama.mps with config: /scratch/yorig/mpils-results-grid-seconds-5-no-mip-start/medium-1/8proc/seed-5/10_neos-3555904-turama_seed-5_20260503_011022/expansion/config_param_CPXPARAM_Preprocessing_Relax_1_iter_4.prm
[INFO]:[01:18:09] CPLEX results. Gap: 18.010000, upper bound: -34.700000, lower bound: -40.950000
[INFO]:[01:18:09] CPLEX solver finished. Gap: 18.010000
[INFO]:[01:18:14] Expansion Worker 7 completed expansion.
[INFO]:[01:18:14] Worker 7 completed expansion phase.
[INFO]:[01:18:15] Worker 7 received order for step 1.
[INFO]:[01:18:15] Worker 7 running exploration phase for iteration 5.
[INFO]:[01:18:15] Worker 7 at iteration 5 will not use a MIP start file. Current best MIP-start upper bound threshold is -34.7.
[INFO]:[01:18:15] Starting local search phase...
[INFO]:[01:18:15] Creating local search space from parameter space file: /scratch/yorig/mpils-results-grid-seconds-5-no-mip-start/medium-1/8proc/seed-5/10_neos-3555904-turama_seed-5_20260503_011022/iterated_local_search/search_space/search_space_file_5_worker_7.txt
[INFO]:[01:18:15] Local search space loaded from file: /scratch/yorig/mpils-results-grid-seconds-5-no-mip-start/medium-1/8proc/seed-5/10_neos-3555904-turama_seed-5_20260503_011022/iterated_local_search/search_space/search_space_file_5_worker_7.txt
[INFO]:[01:18:15] Number of parameters in local search space: 71
[INFO]:[01:18:15] Number of forbidden tuples in local search space: 79
[INFO]:[01:18:15] Number of conditionals in local search space: 6
[INFO]:[01:18:15] MIP start option not enabled. Local search will proceed without MIP start.
[INFO]:[01:18:15] Evaluating initial configuration for local search phase...
[INFO]:[01:18:15] Starting CPLEX solver on instance: /home/yorig/tuner/mpils-tests/instances/miplib/medium-1/neos-3555904-turama.mps with config: /scratch/yorig/mpils-results-grid-seconds-5-no-mip-start/medium-1/8proc/seed-5/10_neos-3555904-turama_seed-5_20260503_011022/iterated_local_search/run_5_worker_7/ils_config_8071477445039131076.prm
[INFO]:[01:18:15] Starting CPLEX solver on instance: /home/yorig/tuner/mpils-tests/instances/miplib/medium-1/neos-3555904-turama.mps with config: /scratch/yorig/mpils-results-grid-seconds-5-no-mip-start/medium-1/8proc/seed-5/10_neos-3555904-turama_seed-5_20260503_011022/iterated_local_search/run_5_worker_7/ils_config_8071477445039131076.prm
[INFO]:[01:18:20] CPLEX results. Gap: 80480.720000, upper bound: -33.200000, lower bound: -26752.800000
[INFO]:[01:18:20] CPLEX solver finished. Gap: 80480.720000
[INFO]:[01:18:20] Initial configuration evaluated with objective value: 80480.7
[INFO]:[01:18:20] Starting CPLEX solver on instance: /home/yorig/tuner/mpils-tests/instances/miplib/medium-1/neos-3555904-turama.mps with config: /scratch/yorig/mpils-results-grid-seconds-5-no-mip-start/medium-1/8proc/seed-5/10_neos-3555904-turama_seed-5_20260503_011022/iterated_local_search/run_5_worker_7/ils_config_12476590375076994447.prm
[INFO]:[01:18:20] Starting CPLEX solver on instance: /home/yorig/tuner/mpils-tests/instances/miplib/medium-1/neos-3555904-turama.mps with config: /scratch/yorig/mpils-results-grid-seconds-5-no-mip-start/medium-1/8proc/seed-5/10_neos-3555904-turama_seed-5_20260503_011022/iterated_local_search/run_5_worker_7/ils_config_12476590375076994447.prm
[INFO]:[01:18:25] CPLEX results. Gap: 80480.720000, upper bound: -33.200000, lower bound: -26752.800000
[INFO]:[01:18:25] CPLEX solver finished. Gap: 80480.720000
[INFO]:[01:18:25] Starting CPLEX solver on instance: /home/yorig/tuner/mpils-tests/instances/miplib/medium-1/neos-3555904-turama.mps with config: /scratch/yorig/mpils-results-grid-seconds-5-no-mip-start/medium-1/8proc/seed-5/10_neos-3555904-turama_seed-5_20260503_011022/iterated_local_search/run_5_worker_7/ils_config_17899338222515981292.prm
[INFO]:[01:18:25] Starting CPLEX solver on instance: /home/yorig/tuner/mpils-tests/instances/miplib/medium-1/neos-3555904-turama.mps with config: /scratch/yorig/mpils-results-grid-seconds-5-no-mip-start/medium-1/8proc/seed-5/10_neos-3555904-turama_seed-5_20260503_011022/iterated_local_search/run_5_worker_7/ils_config_17899338222515981292.prm
[INFO]:[01:18:31] CPLEX results. Gap: 80480.720000, upper bound: -33.200000, lower bound: -26752.800000
[INFO]:[01:18:31] CPLEX solver finished. Gap: 80480.720000
[INFO]:[01:18:31] Starting CPLEX solver on instance: /home/yorig/tuner/mpils-tests/instances/miplib/medium-1/neos-3555904-turama.mps with config: /scratch/yorig/mpils-results-grid-seconds-5-no-mip-start/medium-1/8proc/seed-5/10_neos-3555904-turama_seed-5_20260503_011022/iterated_local_search/run_5_worker_7/ils_config_13338464814803943924.prm
[INFO]:[01:18:31] Starting CPLEX solver on instance: /home/yorig/tuner/mpils-tests/instances/miplib/medium-1/neos-3555904-turama.mps with config: /scratch/yorig/mpils-results-grid-seconds-5-no-mip-start/medium-1/8proc/seed-5/10_neos-3555904-turama_seed-5_20260503_011022/iterated_local_search/run_5_worker_7/ils_config_13338464814803943924.prm
[INFO]:[01:18:37] CPLEX results. Gap: 121370.780000, upper bound: -33.200000, lower bound: -40328.300000
[INFO]:[01:18:37] CPLEX solver finished. Gap: 121370.780000
[INFO]:[01:18:37] Starting CPLEX solver on instance: /home/yorig/tuner/mpils-tests/instances/miplib/medium-1/neos-3555904-turama.mps with config: /scratch/yorig/mpils-results-grid-seconds-5-no-mip-start/medium-1/8proc/seed-5/10_neos-3555904-turama_seed-5_20260503_011022/iterated_local_search/run_5_worker_7/ils_config_13935785460361939457.prm
[INFO]:[01:18:37] Starting CPLEX solver on instance: /home/yorig/tuner/mpils-tests/instances/miplib/medium-1/neos-3555904-turama.mps with config: /scratch/yorig/mpils-results-grid-seconds-5-no-mip-start/medium-1/8proc/seed-5/10_neos-3555904-turama_seed-5_20260503_011022/iterated_local_search/run_5_worker_7/ils_config_13935785460361939457.prm
[INFO]:[01:18:42] CPLEX results. Gap: 80480.720000, upper bound: -33.200000, lower bound: -26752.800000
[INFO]:[01:18:42] CPLEX solver finished. Gap: 80480.720000
[INFO]:[01:18:42] Starting CPLEX solver on instance: /home/yorig/tuner/mpils-tests/instances/miplib/medium-1/neos-3555904-turama.mps with config: /scratch/yorig/mpils-results-grid-seconds-5-no-mip-start/medium-1/8proc/seed-5/10_neos-3555904-turama_seed-5_20260503_011022/iterated_local_search/run_5_worker_7/ils_config_7613331617984633764.prm
[INFO]:[01:18:42] Starting CPLEX solver on instance: /home/yorig/tuner/mpils-tests/instances/miplib/medium-1/neos-3555904-turama.mps with config: /scratch/yorig/mpils-results-grid-seconds-5-no-mip-start/medium-1/8proc/seed-5/10_neos-3555904-turama_seed-5_20260503_011022/iterated_local_search/run_5_worker_7/ils_config_7613331617984633764.prm
[INFO]:[01:18:48] CPLEX results. Gap: 80480.720000, upper bound: -33.200000, lower bound: -26752.800000
[INFO]:[01:18:48] CPLEX solver finished. Gap: 80480.720000
[INFO]:[01:18:48] Starting CPLEX solver on instance: /home/yorig/tuner/mpils-tests/instances/miplib/medium-1/neos-3555904-turama.mps with config: /scratch/yorig/mpils-results-grid-seconds-5-no-mip-start/medium-1/8proc/seed-5/10_neos-3555904-turama_seed-5_20260503_011022/iterated_local_search/run_5_worker_7/ils_config_9028399051750234832.prm
[INFO]:[01:18:48] Starting CPLEX solver on instance: /home/yorig/tuner/mpils-tests/instances/miplib/medium-1/neos-3555904-turama.mps with config: /scratch/yorig/mpils-results-grid-seconds-5-no-mip-start/medium-1/8proc/seed-5/10_neos-3555904-turama_seed-5_20260503_011022/iterated_local_search/run_5_worker_7/ils_config_9028399051750234832.prm
[INFO]:[01:18:53] CPLEX results. Gap: 80480.720000, upper bound: -33.200000, lower bound: -26752.800000
[INFO]:[01:18:53] CPLEX solver finished. Gap: 80480.720000
[INFO]:[01:18:53] Starting CPLEX solver on instance: /home/yorig/tuner/mpils-tests/instances/miplib/medium-1/neos-3555904-turama.mps with config: /scratch/yorig/mpils-results-grid-seconds-5-no-mip-start/medium-1/8proc/seed-5/10_neos-3555904-turama_seed-5_20260503_011022/iterated_local_search/run_5_worker_7/ils_config_6952884833054518905.prm
[INFO]:[01:18:53] Starting CPLEX solver on instance: /home/yorig/tuner/mpils-tests/instances/miplib/medium-1/neos-3555904-turama.mps with config: /scratch/yorig/mpils-results-grid-seconds-5-no-mip-start/medium-1/8proc/seed-5/10_neos-3555904-turama_seed-5_20260503_011022/iterated_local_search/run_5_worker_7/ils_config_6952884833054518905.prm
[INFO]:[01:18:58] CPLEX results. Gap: 80480.720000, upper bound: -33.200000, lower bound: -26752.800000
[INFO]:[01:18:58] CPLEX solver finished. Gap: 80480.720000
[INFO]:[01:18:58] Starting CPLEX solver on instance: /home/yorig/tuner/mpils-tests/instances/miplib/medium-1/neos-3555904-turama.mps with config: /scratch/yorig/mpils-results-grid-seconds-5-no-mip-start/medium-1/8proc/seed-5/10_neos-3555904-turama_seed-5_20260503_011022/iterated_local_search/run_5_worker_7/ils_config_13486562568902865560.prm
[INFO]:[01:18:58] Starting CPLEX solver on instance: /home/yorig/tuner/mpils-tests/instances/miplib/medium-1/neos-3555904-turama.mps with config: /scratch/yorig/mpils-results-grid-seconds-5-no-mip-start/medium-1/8proc/seed-5/10_neos-3555904-turama_seed-5_20260503_011022/iterated_local_search/run_5_worker_7/ils_config_13486562568902865560.prm
[INFO]:[01:19:03] CPLEX results. Gap: 80480.720000, upper bound: -33.200000, lower bound: -26752.800000
[INFO]:[01:19:03] CPLEX solver finished. Gap: 80480.720000
[INFO]:[01:19:03] Local search phase completed.
[INFO]:[01:19:03] Total number of new local-search evaluations: 9
[INFO]:[01:19:03] Final incumbent objective value: 80480.7
[INFO]:[01:19:03] Worker 7 completed exploration phase.
[INFO]:[01:19:03] Worker 7 received order for step 2.
[INFO]:[01:19:03] Worker 7 running expansion phase for iteration 5.
[INFO]:[01:19:03] Worker 7 will use solver log file: /scratch/yorig/mpils-results-grid-seconds-5-no-mip-start/medium-1/8proc/seed-5/10_neos-3555904-turama_seed-5_20260503_011022/solver/cplex.log_iteration_expansion_5_worker_7
[INFO]:[01:19:03] Expansion Worker 7 starting expansion for iteration 5.
[INFO]:[01:19:03] Starting CPLEX solver on instance: /home/yorig/tuner/mpils-tests/instances/miplib/medium-1/neos-3555904-turama.mps with config: /scratch/yorig/mpils-results-grid-seconds-5-no-mip-start/medium-1/8proc/seed-5/10_neos-3555904-turama_seed-5_20260503_011022/expansion/config_param_CPXPARAM_MIP_Limits_StrongCand_40_iter_5.prm
[INFO]:[01:19:09] CPLEX results. Gap: 18.010000, upper bound: -34.700000, lower bound: -40.950000
[INFO]:[01:19:09] CPLEX solver finished. Gap: 18.010000
[INFO]:[01:19:10] Starting CPLEX solver on instance: /home/yorig/tuner/mpils-tests/instances/miplib/medium-1/neos-3555904-turama.mps with config: /scratch/yorig/mpils-results-grid-seconds-5-no-mip-start/medium-1/8proc/seed-5/10_neos-3555904-turama_seed-5_20260503_011022/expansion/config_param_CPXPARAM_Preprocessing_QPMakePSD_0_iter_5.prm
[INFO]:[01:19:15] CPLEX results. Gap: 18.010000, upper bound: -34.700000, lower bound: -40.950000
[INFO]:[01:19:15] CPLEX solver finished. Gap: 18.010000
[INFO]:[01:19:15] Starting CPLEX solver on instance: /home/yorig/tuner/mpils-tests/instances/miplib/medium-1/neos-3555904-turama.mps with config: /scratch/yorig/mpils-results-grid-seconds-5-no-mip-start/medium-1/8proc/seed-5/10_neos-3555904-turama_seed-5_20260503_011022/expansion/config_param_CPXPARAM_MIP_Limits_Nodes_0_iter_5.prm
[INFO]:[01:19:20] CPLEX results. Gap: 18.010000, upper bound: -34.700000, lower bound: -40.950000
[INFO]:[01:19:20] CPLEX solver finished. Gap: 18.010000
[INFO]:[01:19:26] Expansion Worker 7 completed expansion.
[INFO]:[01:19:26] Worker 7 completed expansion phase.
[INFO]:[01:19:26] Worker 7 received order for step 1.
[INFO]:[01:19:26] Worker 7 running exploration phase for iteration 6.
[INFO]:[01:19:26] Worker 7 at iteration 6 will not use a MIP start file. Current best MIP-start upper bound threshold is -34.7.
[INFO]:[01:19:26] Starting local search phase...
[INFO]:[01:19:26] Creating local search space from parameter space file: /scratch/yorig/mpils-results-grid-seconds-5-no-mip-start/medium-1/8proc/seed-5/10_neos-3555904-turama_seed-5_20260503_011022/iterated_local_search/search_space/search_space_file_6_worker_7.txt
[INFO]:[01:19:26] Local search space loaded from file: /scratch/yorig/mpils-results-grid-seconds-5-no-mip-start/medium-1/8proc/seed-5/10_neos-3555904-turama_seed-5_20260503_011022/iterated_local_search/search_space/search_space_file_6_worker_7.txt
[INFO]:[01:19:26] Number of parameters in local search space: 71
[INFO]:[01:19:26] Number of forbidden tuples in local search space: 102
[INFO]:[01:19:26] Number of conditionals in local search space: 6
[INFO]:[01:19:26] MIP start option not enabled. Local search will proceed without MIP start.
[INFO]:[01:19:26] Evaluating initial configuration for local search phase...
[INFO]:[01:19:26] Starting CPLEX solver on instance: /home/yorig/tuner/mpils-tests/instances/miplib/medium-1/neos-3555904-turama.mps with config: /scratch/yorig/mpils-results-grid-seconds-5-no-mip-start/medium-1/8proc/seed-5/10_neos-3555904-turama_seed-5_20260503_011022/iterated_local_search/run_6_worker_7/ils_config_765146732965365923.prm
[INFO]:[01:19:26] Starting CPLEX solver on instance: /home/yorig/tuner/mpils-tests/instances/miplib/medium-1/neos-3555904-turama.mps with config: /scratch/yorig/mpils-results-grid-seconds-5-no-mip-start/medium-1/8proc/seed-5/10_neos-3555904-turama_seed-5_20260503_011022/iterated_local_search/run_6_worker_7/ils_config_765146732965365923.prm
[INFO]:[01:19:31] CPLEX results. Gap: 80480.720000, upper bound: -33.200000, lower bound: -26752.800000
[INFO]:[01:19:31] CPLEX solver finished. Gap: 80480.720000
[INFO]:[01:19:31] Initial configuration evaluated with objective value: 80480.7
[INFO]:[01:19:31] Starting CPLEX solver on instance: /home/yorig/tuner/mpils-tests/instances/miplib/medium-1/neos-3555904-turama.mps with config: /scratch/yorig/mpils-results-grid-seconds-5-no-mip-start/medium-1/8proc/seed-5/10_neos-3555904-turama_seed-5_20260503_011022/iterated_local_search/run_6_worker_7/ils_config_12477774218519498137.prm
[INFO]:[01:19:31] Starting CPLEX solver on instance: /home/yorig/tuner/mpils-tests/instances/miplib/medium-1/neos-3555904-turama.mps with config: /scratch/yorig/mpils-results-grid-seconds-5-no-mip-start/medium-1/8proc/seed-5/10_neos-3555904-turama_seed-5_20260503_011022/iterated_local_search/run_6_worker_7/ils_config_12477774218519498137.prm
[INFO]:[01:19:37] CPLEX results. Gap: 80480.720000, upper bound: -33.200000, lower bound: -26752.800000
[INFO]:[01:19:37] CPLEX solver finished. Gap: 80480.720000
[INFO]:[01:19:37] Starting CPLEX solver on instance: /home/yorig/tuner/mpils-tests/instances/miplib/medium-1/neos-3555904-turama.mps with config: /scratch/yorig/mpils-results-grid-seconds-5-no-mip-start/medium-1/8proc/seed-5/10_neos-3555904-turama_seed-5_20260503_011022/iterated_local_search/run_6_worker_7/ils_config_10896724408151029833.prm
[INFO]:[01:19:37] Starting CPLEX solver on instance: /home/yorig/tuner/mpils-tests/instances/miplib/medium-1/neos-3555904-turama.mps with config: /scratch/yorig/mpils-results-grid-seconds-5-no-mip-start/medium-1/8proc/seed-5/10_neos-3555904-turama_seed-5_20260503_011022/iterated_local_search/run_6_worker_7/ils_config_10896724408151029833.prm
[INFO]:[01:19:42] CPLEX results. Gap: 80480.720000, upper bound: -33.200000, lower bound: -26752.800000
[INFO]:[01:19:42] CPLEX solver finished. Gap: 80480.720000
[INFO]:[01:19:42] Starting CPLEX solver on instance: /home/yorig/tuner/mpils-tests/instances/miplib/medium-1/neos-3555904-turama.mps with config: /scratch/yorig/mpils-results-grid-seconds-5-no-mip-start/medium-1/8proc/seed-5/10_neos-3555904-turama_seed-5_20260503_011022/iterated_local_search/run_6_worker_7/ils_config_5769165024274256652.prm
[INFO]:[01:19:42] Starting CPLEX solver on instance: /home/yorig/tuner/mpils-tests/instances/miplib/medium-1/neos-3555904-turama.mps with config: /scratch/yorig/mpils-results-grid-seconds-5-no-mip-start/medium-1/8proc/seed-5/10_neos-3555904-turama_seed-5_20260503_011022/iterated_local_search/run_6_worker_7/ils_config_5769165024274256652.prm
[INFO]:[01:19:47] CPLEX results. Gap: 80480.720000, upper bound: -33.200000, lower bound: -26752.800000
[INFO]:[01:19:47] CPLEX solver finished. Gap: 80480.720000
[INFO]:[01:19:47] Starting CPLEX solver on instance: /home/yorig/tuner/mpils-tests/instances/miplib/medium-1/neos-3555904-turama.mps with config: /scratch/yorig/mpils-results-grid-seconds-5-no-mip-start/medium-1/8proc/seed-5/10_neos-3555904-turama_seed-5_20260503_011022/iterated_local_search/run_6_worker_7/ils_config_13285137015077365769.prm
[INFO]:[01:19:47] Starting CPLEX solver on instance: /home/yorig/tuner/mpils-tests/instances/miplib/medium-1/neos-3555904-turama.mps with config: /scratch/yorig/mpils-results-grid-seconds-5-no-mip-start/medium-1/8proc/seed-5/10_neos-3555904-turama_seed-5_20260503_011022/iterated_local_search/run_6_worker_7/ils_config_13285137015077365769.prm
[INFO]:[01:19:53] CPLEX results. Gap: 80480.720000, upper bound: -33.200000, lower bound: -26752.800000
[INFO]:[01:19:53] CPLEX solver finished. Gap: 80480.720000
[INFO]:[01:19:53] Starting CPLEX solver on instance: /home/yorig/tuner/mpils-tests/instances/miplib/medium-1/neos-3555904-turama.mps with config: /scratch/yorig/mpils-results-grid-seconds-5-no-mip-start/medium-1/8proc/seed-5/10_neos-3555904-turama_seed-5_20260503_011022/iterated_local_search/run_6_worker_7/ils_config_1477748096345534133.prm
[INFO]:[01:19:53] Starting CPLEX solver on instance: /home/yorig/tuner/mpils-tests/instances/miplib/medium-1/neos-3555904-turama.mps with config: /scratch/yorig/mpils-results-grid-seconds-5-no-mip-start/medium-1/8proc/seed-5/10_neos-3555904-turama_seed-5_20260503_011022/iterated_local_search/run_6_worker_7/ils_config_1477748096345534133.prm
[INFO]:[01:19:58] CPLEX results. Gap: 80480.720000, upper bound: -33.200000, lower bound: -26752.800000
[INFO]:[01:19:58] CPLEX solver finished. Gap: 80480.720000
[INFO]:[01:19:58] Starting CPLEX solver on instance: /home/yorig/tuner/mpils-tests/instances/miplib/medium-1/neos-3555904-turama.mps with config: /scratch/yorig/mpils-results-grid-seconds-5-no-mip-start/medium-1/8proc/seed-5/10_neos-3555904-turama_seed-5_20260503_011022/iterated_local_search/run_6_worker_7/ils_config_6801982738598618909.prm
[INFO]:[01:19:58] Starting CPLEX solver on instance: /home/yorig/tuner/mpils-tests/instances/miplib/medium-1/neos-3555904-turama.mps with config: /scratch/yorig/mpils-results-grid-seconds-5-no-mip-start/medium-1/8proc/seed-5/10_neos-3555904-turama_seed-5_20260503_011022/iterated_local_search/run_6_worker_7/ils_config_6801982738598618909.prm
[INFO]:[01:20:03] CPLEX results. Gap: 80480.720000, upper bound: -33.200000, lower bound: -26752.800000
[INFO]:[01:20:03] CPLEX solver finished. Gap: 80480.720000
[INFO]:[01:20:03] Starting CPLEX solver on instance: /home/yorig/tuner/mpils-tests/instances/miplib/medium-1/neos-3555904-turama.mps with config: /scratch/yorig/mpils-results-grid-seconds-5-no-mip-start/medium-1/8proc/seed-5/10_neos-3555904-turama_seed-5_20260503_011022/iterated_local_search/run_6_worker_7/ils_config_9186539477378377194.prm
[INFO]:[01:20:03] Starting CPLEX solver on instance: /home/yorig/tuner/mpils-tests/instances/miplib/medium-1/neos-3555904-turama.mps with config: /scratch/yorig/mpils-results-grid-seconds-5-no-mip-start/medium-1/8proc/seed-5/10_neos-3555904-turama_seed-5_20260503_011022/iterated_local_search/run_6_worker_7/ils_config_9186539477378377194.prm
[INFO]:[01:20:08] CPLEX results. Gap: 80480.720000, upper bound: -33.200000, lower bound: -26752.800000
[INFO]:[01:20:08] CPLEX solver finished. Gap: 80480.720000
[INFO]:[01:20:08] Starting CPLEX solver on instance: /home/yorig/tuner/mpils-tests/instances/miplib/medium-1/neos-3555904-turama.mps with config: /scratch/yorig/mpils-results-grid-seconds-5-no-mip-start/medium-1/8proc/seed-5/10_neos-3555904-turama_seed-5_20260503_011022/iterated_local_search/run_6_worker_7/ils_config_16075417726506284299.prm
[INFO]:[01:20:08] Starting CPLEX solver on instance: /home/yorig/tuner/mpils-tests/instances/miplib/medium-1/neos-3555904-turama.mps with config: /scratch/yorig/mpils-results-grid-seconds-5-no-mip-start/medium-1/8proc/seed-5/10_neos-3555904-turama_seed-5_20260503_011022/iterated_local_search/run_6_worker_7/ils_config_16075417726506284299.prm
[INFO]:[01:20:14] CPLEX results. Gap: 80480.720000, upper bound: -33.200000, lower bound: -26752.800000
[INFO]:[01:20:14] CPLEX solver finished. Gap: 80480.720000
[INFO]:[01:20:14] Local search phase completed.
[INFO]:[01:20:14] Total number of new local-search evaluations: 9
[INFO]:[01:20:14] Final incumbent objective value: 80480.7
[INFO]:[01:20:24] Worker 7 completed exploration phase.
[INFO]:[01:20:24] Worker 7 received order for step 3.
[INFO]:[01:20:24] Worker 7 finished.
