[INFO]:[03:42:17] Worker 4 starting.
[INFO]:[03:42:17] Worker 4 received order for step 1.
[INFO]:[03:42:17] Worker 4 running exploration phase for iteration 1.
[INFO]:[03:42:17] Worker 4 at iteration 1 will not use a MIP start file. Current best MIP-start upper bound threshold is 1.79769e+308.
[INFO]:[03:42:17] Starting local search phase...
[INFO]:[03:42:17] Creating local search space from parameter space file: /scratch/yorig/mpils-results-grid-seconds-5-watchdog/medium-1/16proc/seed-2/6_momentum1_seed-2_20260504_034216/iterated_local_search/search_space/search_space_file_1_worker_4.txt
[INFO]:[03:42:17] Local search space loaded from file: /scratch/yorig/mpils-results-grid-seconds-5-watchdog/medium-1/16proc/seed-2/6_momentum1_seed-2_20260504_034216/iterated_local_search/search_space/search_space_file_1_worker_4.txt
[INFO]:[03:42:17] Number of parameters in local search space: 71
[INFO]:[03:42:17] Number of forbidden tuples in local search space: 0
[INFO]:[03:42:17] Number of conditionals in local search space: 6
[INFO]:[03:42:17] MIP start option not enabled. Local search will proceed without MIP start.
[INFO]:[03:42:17] Evaluating initial configuration for local search phase...
[INFO]:[03:42:17] Starting CPLEX solver on instance: /home/yorig/tuner/mpils-tests/instances/miplib/medium-1/momentum1.mps with config: /scratch/yorig/mpils-results-grid-seconds-5-watchdog/medium-1/16proc/seed-2/6_momentum1_seed-2_20260504_034216/iterated_local_search/run_1_worker_4/ils_config_15967469245584910126.prm
[INFO]:[03:42:17] Starting CPLEX solver on instance: /home/yorig/tuner/mpils-tests/instances/miplib/medium-1/momentum1.mps with config: /scratch/yorig/mpils-results-grid-seconds-5-watchdog/medium-1/16proc/seed-2/6_momentum1_seed-2_20260504_034216/iterated_local_search/run_1_worker_4/ils_config_15967469245584910126.prm
[INFO]:[03:42:22] CPLEX results. Gap: 70.000000, upper bound: 320958.701831, lower bound: 96294.185247
[INFO]:[03:42:22] CPLEX solver finished. Gap: 70.000000
[INFO]:[03:42:22] Initial configuration evaluated with objective value: 70
[INFO]:[03:42:22] Starting CPLEX solver on instance: /home/yorig/tuner/mpils-tests/instances/miplib/medium-1/momentum1.mps with config: /scratch/yorig/mpils-results-grid-seconds-5-watchdog/medium-1/16proc/seed-2/6_momentum1_seed-2_20260504_034216/iterated_local_search/run_1_worker_4/ils_config_17398987104164056686.prm
[INFO]:[03:42:22] Starting CPLEX solver on instance: /home/yorig/tuner/mpils-tests/instances/miplib/medium-1/momentum1.mps with config: /scratch/yorig/mpils-results-grid-seconds-5-watchdog/medium-1/16proc/seed-2/6_momentum1_seed-2_20260504_034216/iterated_local_search/run_1_worker_4/ils_config_17398987104164056686.prm
[INFO]:[03:42:27] CPLEX results. Gap: 69.390000, upper bound: 314560.181787, lower bound: 96289.138415
[INFO]:[03:42:27] CPLEX solver finished. Gap: 69.390000
[INFO]:[03:42:27] New incumbent found with objective value: 69.39
[INFO]:[03:42:27] Starting CPLEX solver on instance: /home/yorig/tuner/mpils-tests/instances/miplib/medium-1/momentum1.mps with config: /scratch/yorig/mpils-results-grid-seconds-5-watchdog/medium-1/16proc/seed-2/6_momentum1_seed-2_20260504_034216/iterated_local_search/run_1_worker_4/ils_config_9354944776725705168.prm
[INFO]:[03:42:27] Starting CPLEX solver on instance: /home/yorig/tuner/mpils-tests/instances/miplib/medium-1/momentum1.mps with config: /scratch/yorig/mpils-results-grid-seconds-5-watchdog/medium-1/16proc/seed-2/6_momentum1_seed-2_20260504_034216/iterated_local_search/run_1_worker_4/ils_config_9354944776725705168.prm
[INFO]:[03:42:32] CPLEX results. Gap: 69.390000, upper bound: 314560.181787, lower bound: 96289.138415
[INFO]:[03:42:32] CPLEX solver finished. Gap: 69.390000
[INFO]:[03:42:32] Starting CPLEX solver on instance: /home/yorig/tuner/mpils-tests/instances/miplib/medium-1/momentum1.mps with config: /scratch/yorig/mpils-results-grid-seconds-5-watchdog/medium-1/16proc/seed-2/6_momentum1_seed-2_20260504_034216/iterated_local_search/run_1_worker_4/ils_config_15316289207864360336.prm
[INFO]:[03:42:32] Starting CPLEX solver on instance: /home/yorig/tuner/mpils-tests/instances/miplib/medium-1/momentum1.mps with config: /scratch/yorig/mpils-results-grid-seconds-5-watchdog/medium-1/16proc/seed-2/6_momentum1_seed-2_20260504_034216/iterated_local_search/run_1_worker_4/ils_config_15316289207864360336.prm
[INFO]:[03:42:37] CPLEX results. Gap: 69.390000, upper bound: 314560.181787, lower bound: 96289.138415
[INFO]:[03:42:37] CPLEX solver finished. Gap: 69.390000
[INFO]:[03:42:37] Starting CPLEX solver on instance: /home/yorig/tuner/mpils-tests/instances/miplib/medium-1/momentum1.mps with config: /scratch/yorig/mpils-results-grid-seconds-5-watchdog/medium-1/16proc/seed-2/6_momentum1_seed-2_20260504_034216/iterated_local_search/run_1_worker_4/ils_config_8211870932835325920.prm
[INFO]:[03:42:37] Starting CPLEX solver on instance: /home/yorig/tuner/mpils-tests/instances/miplib/medium-1/momentum1.mps with config: /scratch/yorig/mpils-results-grid-seconds-5-watchdog/medium-1/16proc/seed-2/6_momentum1_seed-2_20260504_034216/iterated_local_search/run_1_worker_4/ils_config_8211870932835325920.prm
[INFO]:[03:42:42] CPLEX results. Gap: 69.390000, upper bound: 314560.181787, lower bound: 96289.138415
[INFO]:[03:42:42] CPLEX solver finished. Gap: 69.390000
[INFO]:[03:42:42] Starting CPLEX solver on instance: /home/yorig/tuner/mpils-tests/instances/miplib/medium-1/momentum1.mps with config: /scratch/yorig/mpils-results-grid-seconds-5-watchdog/medium-1/16proc/seed-2/6_momentum1_seed-2_20260504_034216/iterated_local_search/run_1_worker_4/ils_config_5300780180584517934.prm
[INFO]:[03:42:42] Starting CPLEX solver on instance: /home/yorig/tuner/mpils-tests/instances/miplib/medium-1/momentum1.mps with config: /scratch/yorig/mpils-results-grid-seconds-5-watchdog/medium-1/16proc/seed-2/6_momentum1_seed-2_20260504_034216/iterated_local_search/run_1_worker_4/ils_config_5300780180584517934.prm
[INFO]:[03:42:47] CPLEX results. Gap: 67.390000, upper bound: 295307.392192, lower bound: 96286.553100
[INFO]:[03:42:47] CPLEX solver finished. Gap: 67.390000
[INFO]:[03:42:47] New incumbent found with objective value: 67.39
[INFO]:[03:42:47] Starting CPLEX solver on instance: /home/yorig/tuner/mpils-tests/instances/miplib/medium-1/momentum1.mps with config: /scratch/yorig/mpils-results-grid-seconds-5-watchdog/medium-1/16proc/seed-2/6_momentum1_seed-2_20260504_034216/iterated_local_search/run_1_worker_4/ils_config_4621306504648472082.prm
[INFO]:[03:42:47] Starting CPLEX solver on instance: /home/yorig/tuner/mpils-tests/instances/miplib/medium-1/momentum1.mps with config: /scratch/yorig/mpils-results-grid-seconds-5-watchdog/medium-1/16proc/seed-2/6_momentum1_seed-2_20260504_034216/iterated_local_search/run_1_worker_4/ils_config_4621306504648472082.prm
[INFO]:[03:42:52] CPLEX results. Gap: 21.080000, upper bound: 121979.762934, lower bound: 96267.017403
[INFO]:[03:42:52] CPLEX solver finished. Gap: 21.080000
[INFO]:[03:42:52] New incumbent found with objective value: 21.08
[INFO]:[03:42:52] Starting CPLEX solver on instance: /home/yorig/tuner/mpils-tests/instances/miplib/medium-1/momentum1.mps with config: /scratch/yorig/mpils-results-grid-seconds-5-watchdog/medium-1/16proc/seed-2/6_momentum1_seed-2_20260504_034216/iterated_local_search/run_1_worker_4/ils_config_7204614375317001443.prm
[INFO]:[03:42:52] Starting CPLEX solver on instance: /home/yorig/tuner/mpils-tests/instances/miplib/medium-1/momentum1.mps with config: /scratch/yorig/mpils-results-grid-seconds-5-watchdog/medium-1/16proc/seed-2/6_momentum1_seed-2_20260504_034216/iterated_local_search/run_1_worker_4/ils_config_7204614375317001443.prm
[INFO]:[03:42:57] CPLEX results. Gap: 21.080000, upper bound: 121979.762934, lower bound: 96267.017403
[INFO]:[03:42:57] CPLEX solver finished. Gap: 21.080000
[INFO]:[03:42:57] Starting CPLEX solver on instance: /home/yorig/tuner/mpils-tests/instances/miplib/medium-1/momentum1.mps with config: /scratch/yorig/mpils-results-grid-seconds-5-watchdog/medium-1/16proc/seed-2/6_momentum1_seed-2_20260504_034216/iterated_local_search/run_1_worker_4/ils_config_751230245411129475.prm
[INFO]:[03:42:57] Starting CPLEX solver on instance: /home/yorig/tuner/mpils-tests/instances/miplib/medium-1/momentum1.mps with config: /scratch/yorig/mpils-results-grid-seconds-5-watchdog/medium-1/16proc/seed-2/6_momentum1_seed-2_20260504_034216/iterated_local_search/run_1_worker_4/ils_config_751230245411129475.prm
[INFO]:[03:43:02] CPLEX results. Gap: 16.700000, upper bound: 115599.641424, lower bound: 96294.524265
[INFO]:[03:43:02] CPLEX solver finished. Gap: 16.700000
[INFO]:[03:43:02] New incumbent found with objective value: 16.7
[INFO]:[03:43:02] Starting CPLEX solver on instance: /home/yorig/tuner/mpils-tests/instances/miplib/medium-1/momentum1.mps with config: /scratch/yorig/mpils-results-grid-seconds-5-watchdog/medium-1/16proc/seed-2/6_momentum1_seed-2_20260504_034216/iterated_local_search/run_1_worker_4/ils_config_5619175171514978570.prm
[INFO]:[03:43:02] Starting CPLEX solver on instance: /home/yorig/tuner/mpils-tests/instances/miplib/medium-1/momentum1.mps with config: /scratch/yorig/mpils-results-grid-seconds-5-watchdog/medium-1/16proc/seed-2/6_momentum1_seed-2_20260504_034216/iterated_local_search/run_1_worker_4/ils_config_5619175171514978570.prm
[INFO]:[03:43:07] CPLEX results. Gap: 16.700000, upper bound: 115599.641424, lower bound: 96294.524265
[INFO]:[03:43:07] CPLEX solver finished. Gap: 16.700000
[INFO]:[03:43:07] Starting CPLEX solver on instance: /home/yorig/tuner/mpils-tests/instances/miplib/medium-1/momentum1.mps with config: /scratch/yorig/mpils-results-grid-seconds-5-watchdog/medium-1/16proc/seed-2/6_momentum1_seed-2_20260504_034216/iterated_local_search/run_1_worker_4/ils_config_11560949644651319778.prm
[INFO]:[03:43:07] Starting CPLEX solver on instance: /home/yorig/tuner/mpils-tests/instances/miplib/medium-1/momentum1.mps with config: /scratch/yorig/mpils-results-grid-seconds-5-watchdog/medium-1/16proc/seed-2/6_momentum1_seed-2_20260504_034216/iterated_local_search/run_1_worker_4/ils_config_11560949644651319778.prm
[INFO]:[03:43:12] CPLEX results. Gap: 25.020000, upper bound: 128386.165312, lower bound: 96267.015588
[INFO]:[03:43:12] CPLEX solver finished. Gap: 25.020000
[INFO]:[03:43:12] Starting CPLEX solver on instance: /home/yorig/tuner/mpils-tests/instances/miplib/medium-1/momentum1.mps with config: /scratch/yorig/mpils-results-grid-seconds-5-watchdog/medium-1/16proc/seed-2/6_momentum1_seed-2_20260504_034216/iterated_local_search/run_1_worker_4/ils_config_14139167989005408291.prm
[INFO]:[03:43:12] Starting CPLEX solver on instance: /home/yorig/tuner/mpils-tests/instances/miplib/medium-1/momentum1.mps with config: /scratch/yorig/mpils-results-grid-seconds-5-watchdog/medium-1/16proc/seed-2/6_momentum1_seed-2_20260504_034216/iterated_local_search/run_1_worker_4/ils_config_14139167989005408291.prm
[INFO]:[03:43:18] CPLEX results. Gap: 21.060000, upper bound: 122000.596001, lower bound: 96306.263471
[INFO]:[03:43:18] CPLEX solver finished. Gap: 21.060000
[INFO]:[03:43:18] Starting CPLEX solver on instance: /home/yorig/tuner/mpils-tests/instances/miplib/medium-1/momentum1.mps with config: /scratch/yorig/mpils-results-grid-seconds-5-watchdog/medium-1/16proc/seed-2/6_momentum1_seed-2_20260504_034216/iterated_local_search/run_1_worker_4/ils_config_4848653224644972163.prm
[INFO]:[03:43:18] Starting CPLEX solver on instance: /home/yorig/tuner/mpils-tests/instances/miplib/medium-1/momentum1.mps with config: /scratch/yorig/mpils-results-grid-seconds-5-watchdog/medium-1/16proc/seed-2/6_momentum1_seed-2_20260504_034216/iterated_local_search/run_1_worker_4/ils_config_4848653224644972163.prm
[INFO]:[03:43:23] CPLEX results. Gap: 25.020000, upper bound: 128385.964115, lower bound: 96267.015588
[INFO]:[03:43:23] CPLEX solver finished. Gap: 25.020000
[INFO]:[03:43:23] Starting CPLEX solver on instance: /home/yorig/tuner/mpils-tests/instances/miplib/medium-1/momentum1.mps with config: /scratch/yorig/mpils-results-grid-seconds-5-watchdog/medium-1/16proc/seed-2/6_momentum1_seed-2_20260504_034216/iterated_local_search/run_1_worker_4/ils_config_6037586421320343243.prm
[INFO]:[03:43:23] Starting CPLEX solver on instance: /home/yorig/tuner/mpils-tests/instances/miplib/medium-1/momentum1.mps with config: /scratch/yorig/mpils-results-grid-seconds-5-watchdog/medium-1/16proc/seed-2/6_momentum1_seed-2_20260504_034216/iterated_local_search/run_1_worker_4/ils_config_6037586421320343243.prm
[INFO]:[03:43:28] CPLEX results. Gap: 16.690000, upper bound: 115559.447427, lower bound: 96274.311263
[INFO]:[03:43:28] CPLEX solver finished. Gap: 16.690000
[INFO]:[03:43:28] New incumbent found with objective value: 16.69
[INFO]:[03:43:28] Starting CPLEX solver on instance: /home/yorig/tuner/mpils-tests/instances/miplib/medium-1/momentum1.mps with config: /scratch/yorig/mpils-results-grid-seconds-5-watchdog/medium-1/16proc/seed-2/6_momentum1_seed-2_20260504_034216/iterated_local_search/run_1_worker_4/ils_config_3137340909298055197.prm
[INFO]:[03:43:28] Starting CPLEX solver on instance: /home/yorig/tuner/mpils-tests/instances/miplib/medium-1/momentum1.mps with config: /scratch/yorig/mpils-results-grid-seconds-5-watchdog/medium-1/16proc/seed-2/6_momentum1_seed-2_20260504_034216/iterated_local_search/run_1_worker_4/ils_config_3137340909298055197.prm
[INFO]:[03:43:33] CPLEX results. Gap: 16.690000, upper bound: 115559.447427, lower bound: 96274.311263
[INFO]:[03:43:33] CPLEX solver finished. Gap: 16.690000
[INFO]:[03:43:33] Starting CPLEX solver on instance: /home/yorig/tuner/mpils-tests/instances/miplib/medium-1/momentum1.mps with config: /scratch/yorig/mpils-results-grid-seconds-5-watchdog/medium-1/16proc/seed-2/6_momentum1_seed-2_20260504_034216/iterated_local_search/run_1_worker_4/ils_config_7276412999456492758.prm
[INFO]:[03:43:33] Starting CPLEX solver on instance: /home/yorig/tuner/mpils-tests/instances/miplib/medium-1/momentum1.mps with config: /scratch/yorig/mpils-results-grid-seconds-5-watchdog/medium-1/16proc/seed-2/6_momentum1_seed-2_20260504_034216/iterated_local_search/run_1_worker_4/ils_config_7276412999456492758.prm
[INFO]:[03:43:38] CPLEX results. Gap: 16.690000, upper bound: 115559.447427, lower bound: 96274.311263
[INFO]:[03:43:38] CPLEX solver finished. Gap: 16.690000
[INFO]:[03:43:38] Starting CPLEX solver on instance: /home/yorig/tuner/mpils-tests/instances/miplib/medium-1/momentum1.mps with config: /scratch/yorig/mpils-results-grid-seconds-5-watchdog/medium-1/16proc/seed-2/6_momentum1_seed-2_20260504_034216/iterated_local_search/run_1_worker_4/ils_config_3828972221908665166.prm
[INFO]:[03:43:38] Starting CPLEX solver on instance: /home/yorig/tuner/mpils-tests/instances/miplib/medium-1/momentum1.mps with config: /scratch/yorig/mpils-results-grid-seconds-5-watchdog/medium-1/16proc/seed-2/6_momentum1_seed-2_20260504_034216/iterated_local_search/run_1_worker_4/ils_config_3828972221908665166.prm
[INFO]:[03:43:43] CPLEX results. Gap: 16.690000, upper bound: 115559.447427, lower bound: 96274.311263
[INFO]:[03:43:43] CPLEX solver finished. Gap: 16.690000
[INFO]:[03:43:43] Starting CPLEX solver on instance: /home/yorig/tuner/mpils-tests/instances/miplib/medium-1/momentum1.mps with config: /scratch/yorig/mpils-results-grid-seconds-5-watchdog/medium-1/16proc/seed-2/6_momentum1_seed-2_20260504_034216/iterated_local_search/run_1_worker_4/ils_config_9257357186561723865.prm
[INFO]:[03:43:43] Starting CPLEX solver on instance: /home/yorig/tuner/mpils-tests/instances/miplib/medium-1/momentum1.mps with config: /scratch/yorig/mpils-results-grid-seconds-5-watchdog/medium-1/16proc/seed-2/6_momentum1_seed-2_20260504_034216/iterated_local_search/run_1_worker_4/ils_config_9257357186561723865.prm
[INFO]:[03:43:48] CPLEX results. Gap: 16.690000, upper bound: 115583.237218, lower bound: 96293.730594
[INFO]:[03:43:48] CPLEX solver finished. Gap: 16.690000
[INFO]:[03:43:48] Starting CPLEX solver on instance: /home/yorig/tuner/mpils-tests/instances/miplib/medium-1/momentum1.mps with config: /scratch/yorig/mpils-results-grid-seconds-5-watchdog/medium-1/16proc/seed-2/6_momentum1_seed-2_20260504_034216/iterated_local_search/run_1_worker_4/ils_config_10368999281767395554.prm
[INFO]:[03:43:48] Starting CPLEX solver on instance: /home/yorig/tuner/mpils-tests/instances/miplib/medium-1/momentum1.mps with config: /scratch/yorig/mpils-results-grid-seconds-5-watchdog/medium-1/16proc/seed-2/6_momentum1_seed-2_20260504_034216/iterated_local_search/run_1_worker_4/ils_config_10368999281767395554.prm
[INFO]:[03:43:53] CPLEX results. Gap: 16.690000, upper bound: 115559.447427, lower bound: 96274.311263
[INFO]:[03:43:53] CPLEX solver finished. Gap: 16.690000
[INFO]:[03:43:53] Starting CPLEX solver on instance: /home/yorig/tuner/mpils-tests/instances/miplib/medium-1/momentum1.mps with config: /scratch/yorig/mpils-results-grid-seconds-5-watchdog/medium-1/16proc/seed-2/6_momentum1_seed-2_20260504_034216/iterated_local_search/run_1_worker_4/ils_config_5346705962538000994.prm
[INFO]:[03:43:53] Starting CPLEX solver on instance: /home/yorig/tuner/mpils-tests/instances/miplib/medium-1/momentum1.mps with config: /scratch/yorig/mpils-results-grid-seconds-5-watchdog/medium-1/16proc/seed-2/6_momentum1_seed-2_20260504_034216/iterated_local_search/run_1_worker_4/ils_config_5346705962538000994.prm
[INFO]:[03:43:58] CPLEX results. Gap: 50.010000, upper bound: 192581.289446, lower bound: 96274.344763
[INFO]:[03:43:58] CPLEX solver finished. Gap: 50.010000
[INFO]:[03:43:58] Local search phase completed.
[INFO]:[03:43:58] Total number of new local-search evaluations: 20
[INFO]:[03:43:58] Final incumbent objective value: 16.69
[INFO]:[03:43:58] Worker 4 completed exploration phase.
[INFO]:[03:43:58] Worker 4 received order for step 2.
[INFO]:[03:43:58] Worker 4 running expansion phase for iteration 1.
[INFO]:[03:43:58] Worker 4 will use solver log file: /scratch/yorig/mpils-results-grid-seconds-5-watchdog/medium-1/16proc/seed-2/6_momentum1_seed-2_20260504_034216/solver/cplex.log_iteration_expansion_1_worker_4
[INFO]:[03:43:58] Expansion Worker 4 starting expansion for iteration 1.
[INFO]:[03:43:58] Starting CPLEX solver on instance: /home/yorig/tuner/mpils-tests/instances/miplib/medium-1/momentum1.mps with config: /scratch/yorig/mpils-results-grid-seconds-5-watchdog/medium-1/16proc/seed-2/6_momentum1_seed-2_20260504_034216/expansion/config_param_CPXPARAM_MIP_Strategy_Dive_1_iter_1.prm
[INFO]:[03:44:03] CPLEX results. Gap: 16.690000, upper bound: 115559.447427, lower bound: 96274.311263
[INFO]:[03:44:03] CPLEX solver finished. Gap: 16.690000
[INFO]:[03:44:03] Starting CPLEX solver on instance: /home/yorig/tuner/mpils-tests/instances/miplib/medium-1/momentum1.mps with config: /scratch/yorig/mpils-results-grid-seconds-5-watchdog/medium-1/16proc/seed-2/6_momentum1_seed-2_20260504_034216/expansion/config_param_CPXPARAM_MIP_Strategy_Dive_2_iter_1.prm
[INFO]:[03:44:08] CPLEX results. Gap: 16.690000, upper bound: 115559.447427, lower bound: 96274.311263
[INFO]:[03:44:08] CPLEX solver finished. Gap: 16.690000
[INFO]:[03:44:08] Starting CPLEX solver on instance: /home/yorig/tuner/mpils-tests/instances/miplib/medium-1/momentum1.mps with config: /scratch/yorig/mpils-results-grid-seconds-5-watchdog/medium-1/16proc/seed-2/6_momentum1_seed-2_20260504_034216/expansion/config_param_CPXPARAM_MIP_Strategy_Dive_3_iter_1.prm
[INFO]:[03:44:13] CPLEX results. Gap: 16.690000, upper bound: 115559.447427, lower bound: 96274.311263
[INFO]:[03:44:13] CPLEX solver finished. Gap: 16.690000
[INFO]:[03:44:13] Starting CPLEX solver on instance: /home/yorig/tuner/mpils-tests/instances/miplib/medium-1/momentum1.mps with config: /scratch/yorig/mpils-results-grid-seconds-5-watchdog/medium-1/16proc/seed-2/6_momentum1_seed-2_20260504_034216/expansion/config_param_CPXPARAM_MIP_Limits_ProbeTime_0_iter_1.prm
[INFO]:[03:44:18] CPLEX results. Gap: 46.430000, upper bound: 179732.303207, lower bound: 96274.768467
[INFO]:[03:44:18] CPLEX solver finished. Gap: 46.430000
[INFO]:[03:44:18] Expansion Worker 4 completed expansion.
[INFO]:[03:44:18] Worker 4 completed expansion phase.
[INFO]:[03:44:19] Worker 4 received order for step 1.
[INFO]:[03:44:19] Worker 4 running exploration phase for iteration 2.
[INFO]:[03:44:19] Worker 4 at iteration 2 will not use a MIP start file. Current best MIP-start upper bound threshold is 1.79769e+308.
[INFO]:[03:44:19] Starting local search phase...
[INFO]:[03:44:19] Creating local search space from parameter space file: /scratch/yorig/mpils-results-grid-seconds-5-watchdog/medium-1/16proc/seed-2/6_momentum1_seed-2_20260504_034216/iterated_local_search/search_space/search_space_file_2_worker_4.txt
[INFO]:[03:44:19] Local search space loaded from file: /scratch/yorig/mpils-results-grid-seconds-5-watchdog/medium-1/16proc/seed-2/6_momentum1_seed-2_20260504_034216/iterated_local_search/search_space/search_space_file_2_worker_4.txt
[INFO]:[03:44:19] Number of parameters in local search space: 71
[INFO]:[03:44:19] Number of forbidden tuples in local search space: 28
[INFO]:[03:44:19] Number of conditionals in local search space: 6
[INFO]:[03:44:19] MIP start option not enabled. Local search will proceed without MIP start.
[INFO]:[03:44:19] Evaluating initial configuration for local search phase...
[INFO]:[03:44:19] Starting CPLEX solver on instance: /home/yorig/tuner/mpils-tests/instances/miplib/medium-1/momentum1.mps with config: /scratch/yorig/mpils-results-grid-seconds-5-watchdog/medium-1/16proc/seed-2/6_momentum1_seed-2_20260504_034216/iterated_local_search/run_2_worker_4/ils_config_14180487515261216782.prm
[INFO]:[03:44:19] Starting CPLEX solver on instance: /home/yorig/tuner/mpils-tests/instances/miplib/medium-1/momentum1.mps with config: /scratch/yorig/mpils-results-grid-seconds-5-watchdog/medium-1/16proc/seed-2/6_momentum1_seed-2_20260504_034216/iterated_local_search/run_2_worker_4/ils_config_14180487515261216782.prm
[INFO]:[03:44:24] CPLEX results. Gap: 76.270000, upper bound: 333809.066579, lower bound: 79213.034040
[INFO]:[03:44:24] CPLEX solver finished. Gap: 76.270000
[INFO]:[03:44:24] Initial configuration evaluated with objective value: 76.27
[INFO]:[03:44:24] Starting CPLEX solver on instance: /home/yorig/tuner/mpils-tests/instances/miplib/medium-1/momentum1.mps with config: /scratch/yorig/mpils-results-grid-seconds-5-watchdog/medium-1/16proc/seed-2/6_momentum1_seed-2_20260504_034216/iterated_local_search/run_2_worker_4/ils_config_10290857978953231678.prm
[INFO]:[03:44:24] Starting CPLEX solver on instance: /home/yorig/tuner/mpils-tests/instances/miplib/medium-1/momentum1.mps with config: /scratch/yorig/mpils-results-grid-seconds-5-watchdog/medium-1/16proc/seed-2/6_momentum1_seed-2_20260504_034216/iterated_local_search/run_2_worker_4/ils_config_10290857978953231678.prm
[INFO]:[03:44:29] CPLEX results. Gap: 76.270000, upper bound: 333809.066579, lower bound: 79213.034040
[INFO]:[03:44:29] CPLEX solver finished. Gap: 76.270000
[INFO]:[03:44:29] Starting CPLEX solver on instance: /home/yorig/tuner/mpils-tests/instances/miplib/medium-1/momentum1.mps with config: /scratch/yorig/mpils-results-grid-seconds-5-watchdog/medium-1/16proc/seed-2/6_momentum1_seed-2_20260504_034216/iterated_local_search/run_2_worker_4/ils_config_1416933196636070307.prm
[INFO]:[03:44:29] Starting CPLEX solver on instance: /home/yorig/tuner/mpils-tests/instances/miplib/medium-1/momentum1.mps with config: /scratch/yorig/mpils-results-grid-seconds-5-watchdog/medium-1/16proc/seed-2/6_momentum1_seed-2_20260504_034216/iterated_local_search/run_2_worker_4/ils_config_1416933196636070307.prm
[INFO]:[03:44:34] CPLEX results. Gap: 76.270000, upper bound: 333809.066579, lower bound: 79213.034040
[INFO]:[03:44:34] CPLEX solver finished. Gap: 76.270000
[INFO]:[03:44:34] Starting CPLEX solver on instance: /home/yorig/tuner/mpils-tests/instances/miplib/medium-1/momentum1.mps with config: /scratch/yorig/mpils-results-grid-seconds-5-watchdog/medium-1/16proc/seed-2/6_momentum1_seed-2_20260504_034216/iterated_local_search/run_2_worker_4/ils_config_16939174269200350250.prm
[INFO]:[03:44:34] Starting CPLEX solver on instance: /home/yorig/tuner/mpils-tests/instances/miplib/medium-1/momentum1.mps with config: /scratch/yorig/mpils-results-grid-seconds-5-watchdog/medium-1/16proc/seed-2/6_momentum1_seed-2_20260504_034216/iterated_local_search/run_2_worker_4/ils_config_16939174269200350250.prm
[INFO]:[03:44:39] CPLEX results. Gap: 76.270000, upper bound: 333809.066579, lower bound: 79213.034040
[INFO]:[03:44:39] CPLEX solver finished. Gap: 76.270000
[INFO]:[03:44:39] Starting CPLEX solver on instance: /home/yorig/tuner/mpils-tests/instances/miplib/medium-1/momentum1.mps with config: /scratch/yorig/mpils-results-grid-seconds-5-watchdog/medium-1/16proc/seed-2/6_momentum1_seed-2_20260504_034216/iterated_local_search/run_2_worker_4/ils_config_11745607779683469971.prm
[INFO]:[03:44:39] Starting CPLEX solver on instance: /home/yorig/tuner/mpils-tests/instances/miplib/medium-1/momentum1.mps with config: /scratch/yorig/mpils-results-grid-seconds-5-watchdog/medium-1/16proc/seed-2/6_momentum1_seed-2_20260504_034216/iterated_local_search/run_2_worker_4/ils_config_11745607779683469971.prm
[INFO]:[03:44:44] CPLEX results. Gap: 76.270000, upper bound: 333809.066579, lower bound: 79213.034040
[INFO]:[03:44:44] CPLEX solver finished. Gap: 76.270000
[INFO]:[03:44:44] Starting CPLEX solver on instance: /home/yorig/tuner/mpils-tests/instances/miplib/medium-1/momentum1.mps with config: /scratch/yorig/mpils-results-grid-seconds-5-watchdog/medium-1/16proc/seed-2/6_momentum1_seed-2_20260504_034216/iterated_local_search/run_2_worker_4/ils_config_10172223102038420674.prm
[INFO]:[03:44:44] Starting CPLEX solver on instance: /home/yorig/tuner/mpils-tests/instances/miplib/medium-1/momentum1.mps with config: /scratch/yorig/mpils-results-grid-seconds-5-watchdog/medium-1/16proc/seed-2/6_momentum1_seed-2_20260504_034216/iterated_local_search/run_2_worker_4/ils_config_10172223102038420674.prm
[INFO]:[03:44:49] CPLEX results. Gap: 76.270000, upper bound: 333809.066579, lower bound: 79213.034040
[INFO]:[03:44:49] CPLEX solver finished. Gap: 76.270000
[INFO]:[03:44:49] Starting CPLEX solver on instance: /home/yorig/tuner/mpils-tests/instances/miplib/medium-1/momentum1.mps with config: /scratch/yorig/mpils-results-grid-seconds-5-watchdog/medium-1/16proc/seed-2/6_momentum1_seed-2_20260504_034216/iterated_local_search/run_2_worker_4/ils_config_7410915321024635715.prm
[INFO]:[03:44:49] Starting CPLEX solver on instance: /home/yorig/tuner/mpils-tests/instances/miplib/medium-1/momentum1.mps with config: /scratch/yorig/mpils-results-grid-seconds-5-watchdog/medium-1/16proc/seed-2/6_momentum1_seed-2_20260504_034216/iterated_local_search/run_2_worker_4/ils_config_7410915321024635715.prm
[INFO]:[03:44:54] CPLEX results. Gap: 76.270000, upper bound: 333809.066579, lower bound: 79213.034040
[INFO]:[03:44:54] CPLEX solver finished. Gap: 76.270000
[INFO]:[03:44:54] Starting CPLEX solver on instance: /home/yorig/tuner/mpils-tests/instances/miplib/medium-1/momentum1.mps with config: /scratch/yorig/mpils-results-grid-seconds-5-watchdog/medium-1/16proc/seed-2/6_momentum1_seed-2_20260504_034216/iterated_local_search/run_2_worker_4/ils_config_2080716879911913070.prm
[INFO]:[03:44:54] Starting CPLEX solver on instance: /home/yorig/tuner/mpils-tests/instances/miplib/medium-1/momentum1.mps with config: /scratch/yorig/mpils-results-grid-seconds-5-watchdog/medium-1/16proc/seed-2/6_momentum1_seed-2_20260504_034216/iterated_local_search/run_2_worker_4/ils_config_2080716879911913070.prm
[INFO]:[03:44:59] CPLEX results. Gap: 86.370000, upper bound: 533874.573902, lower bound: 72793.794855
[INFO]:[03:44:59] CPLEX solver finished. Gap: 86.370000
[INFO]:[03:44:59] Starting CPLEX solver on instance: /home/yorig/tuner/mpils-tests/instances/miplib/medium-1/momentum1.mps with config: /scratch/yorig/mpils-results-grid-seconds-5-watchdog/medium-1/16proc/seed-2/6_momentum1_seed-2_20260504_034216/iterated_local_search/run_2_worker_4/ils_config_7495261322960018125.prm
[INFO]:[03:44:59] Starting CPLEX solver on instance: /home/yorig/tuner/mpils-tests/instances/miplib/medium-1/momentum1.mps with config: /scratch/yorig/mpils-results-grid-seconds-5-watchdog/medium-1/16proc/seed-2/6_momentum1_seed-2_20260504_034216/iterated_local_search/run_2_worker_4/ils_config_7495261322960018125.prm
[INFO]:[03:45:04] CPLEX results. Gap: 76.270000, upper bound: 333809.066579, lower bound: 79213.034040
[INFO]:[03:45:04] CPLEX solver finished. Gap: 76.270000
[INFO]:[03:45:04] Local search phase completed.
[INFO]:[03:45:04] Total number of new local-search evaluations: 9
[INFO]:[03:45:04] Final incumbent objective value: 76.27
[INFO]:[03:45:04] Worker 4 completed exploration phase.
[INFO]:[03:45:04] Worker 4 received order for step 2.
[INFO]:[03:45:04] Worker 4 running expansion phase for iteration 2.
[INFO]:[03:45:04] Worker 4 will use solver log file: /scratch/yorig/mpils-results-grid-seconds-5-watchdog/medium-1/16proc/seed-2/6_momentum1_seed-2_20260504_034216/solver/cplex.log_iteration_expansion_2_worker_4
[INFO]:[03:45:04] Expansion Worker 4 starting expansion for iteration 2.
[INFO]:[03:45:04] Starting CPLEX solver on instance: /home/yorig/tuner/mpils-tests/instances/miplib/medium-1/momentum1.mps with config: /scratch/yorig/mpils-results-grid-seconds-5-watchdog/medium-1/16proc/seed-2/6_momentum1_seed-2_20260504_034216/expansion/config_param_CPXPARAM_Preprocessing_Dual_-1_iter_2.prm
[INFO]:[03:45:09] CPLEX results. Gap: 11.810000, upper bound: 109169.494215, lower bound: 96275.591927
[INFO]:[03:45:09] CPLEX solver finished. Gap: 11.810000
[INFO]:[03:45:09] Starting CPLEX solver on instance: /home/yorig/tuner/mpils-tests/instances/miplib/medium-1/momentum1.mps with config: /scratch/yorig/mpils-results-grid-seconds-5-watchdog/medium-1/16proc/seed-2/6_momentum1_seed-2_20260504_034216/expansion/config_param_CPXPARAM_Preprocessing_Dual_1_iter_2.prm
[INFO]:[03:45:14] CPLEX results. Gap: 48.280000, upper bound: 186136.002028, lower bound: 96276.310936
[INFO]:[03:45:14] CPLEX solver finished. Gap: 48.280000
[INFO]:[03:45:14] Starting CPLEX solver on instance: /home/yorig/tuner/mpils-tests/instances/miplib/medium-1/momentum1.mps with config: /scratch/yorig/mpils-results-grid-seconds-5-watchdog/medium-1/16proc/seed-2/6_momentum1_seed-2_20260504_034216/expansion/config_param_CPXPARAM_MIP_Strategy_LBHeur_1_iter_2.prm
[INFO]:[03:45:19] CPLEX results. Gap: 11.810000, upper bound: 109169.494215, lower bound: 96275.591927
[INFO]:[03:45:19] CPLEX solver finished. Gap: 11.810000
[INFO]:[03:45:19] Expansion Worker 4 completed expansion.
[INFO]:[03:45:19] Worker 4 completed expansion phase.
[INFO]:[03:45:20] Worker 4 received order for step 1.
[INFO]:[03:45:20] Worker 4 running exploration phase for iteration 3.
[INFO]:[03:45:20] Worker 4 at iteration 3 will not use a MIP start file. Current best MIP-start upper bound threshold is 1.79769e+308.
[INFO]:[03:45:20] Starting local search phase...
[INFO]:[03:45:20] Creating local search space from parameter space file: /scratch/yorig/mpils-results-grid-seconds-5-watchdog/medium-1/16proc/seed-2/6_momentum1_seed-2_20260504_034216/iterated_local_search/search_space/search_space_file_3_worker_4.txt
[INFO]:[03:45:20] Local search space loaded from file: /scratch/yorig/mpils-results-grid-seconds-5-watchdog/medium-1/16proc/seed-2/6_momentum1_seed-2_20260504_034216/iterated_local_search/search_space/search_space_file_3_worker_4.txt
[INFO]:[03:45:20] Number of parameters in local search space: 71
[INFO]:[03:45:20] Number of forbidden tuples in local search space: 26
[INFO]:[03:45:20] Number of conditionals in local search space: 6
[INFO]:[03:45:20] MIP start option not enabled. Local search will proceed without MIP start.
[INFO]:[03:45:20] Evaluating initial configuration for local search phase...
[INFO]:[03:45:20] Starting CPLEX solver on instance: /home/yorig/tuner/mpils-tests/instances/miplib/medium-1/momentum1.mps with config: /scratch/yorig/mpils-results-grid-seconds-5-watchdog/medium-1/16proc/seed-2/6_momentum1_seed-2_20260504_034216/iterated_local_search/run_3_worker_4/ils_config_899206400839410084.prm
[INFO]:[03:45:20] Starting CPLEX solver on instance: /home/yorig/tuner/mpils-tests/instances/miplib/medium-1/momentum1.mps with config: /scratch/yorig/mpils-results-grid-seconds-5-watchdog/medium-1/16proc/seed-2/6_momentum1_seed-2_20260504_034216/iterated_local_search/run_3_worker_4/ils_config_899206400839410084.prm
[INFO]:[03:45:25] CPLEX results. Gap: 86.370000, upper bound: 533874.573902, lower bound: 72793.794855
[INFO]:[03:45:25] CPLEX solver finished. Gap: 86.370000
[INFO]:[03:45:25] Initial configuration evaluated with objective value: 86.37
[INFO]:[03:45:25] Starting CPLEX solver on instance: /home/yorig/tuner/mpils-tests/instances/miplib/medium-1/momentum1.mps with config: /scratch/yorig/mpils-results-grid-seconds-5-watchdog/medium-1/16proc/seed-2/6_momentum1_seed-2_20260504_034216/iterated_local_search/run_3_worker_4/ils_config_16341969275484648024.prm
[INFO]:[03:45:25] Starting CPLEX solver on instance: /home/yorig/tuner/mpils-tests/instances/miplib/medium-1/momentum1.mps with config: /scratch/yorig/mpils-results-grid-seconds-5-watchdog/medium-1/16proc/seed-2/6_momentum1_seed-2_20260504_034216/iterated_local_search/run_3_worker_4/ils_config_16341969275484648024.prm
[INFO]:[03:45:30] CPLEX results. Gap: 76.270000, upper bound: 333809.066583, lower bound: 79218.522836
[INFO]:[03:45:30] CPLEX solver finished. Gap: 76.270000
[INFO]:[03:45:30] New incumbent found with objective value: 76.27
[INFO]:[03:45:30] Starting CPLEX solver on instance: /home/yorig/tuner/mpils-tests/instances/miplib/medium-1/momentum1.mps with config: /scratch/yorig/mpils-results-grid-seconds-5-watchdog/medium-1/16proc/seed-2/6_momentum1_seed-2_20260504_034216/iterated_local_search/run_3_worker_4/ils_config_17312971184550736274.prm
[INFO]:[03:45:30] Starting CPLEX solver on instance: /home/yorig/tuner/mpils-tests/instances/miplib/medium-1/momentum1.mps with config: /scratch/yorig/mpils-results-grid-seconds-5-watchdog/medium-1/16proc/seed-2/6_momentum1_seed-2_20260504_034216/iterated_local_search/run_3_worker_4/ils_config_17312971184550736274.prm
[INFO]:[03:45:35] CPLEX results. Gap: 76.270000, upper bound: 333809.066583, lower bound: 79218.522836
[INFO]:[03:45:35] CPLEX solver finished. Gap: 76.270000
[INFO]:[03:45:35] Starting CPLEX solver on instance: /home/yorig/tuner/mpils-tests/instances/miplib/medium-1/momentum1.mps with config: /scratch/yorig/mpils-results-grid-seconds-5-watchdog/medium-1/16proc/seed-2/6_momentum1_seed-2_20260504_034216/iterated_local_search/run_3_worker_4/ils_config_10089310792186785078.prm
[INFO]:[03:45:35] Starting CPLEX solver on instance: /home/yorig/tuner/mpils-tests/instances/miplib/medium-1/momentum1.mps with config: /scratch/yorig/mpils-results-grid-seconds-5-watchdog/medium-1/16proc/seed-2/6_momentum1_seed-2_20260504_034216/iterated_local_search/run_3_worker_4/ils_config_10089310792186785078.prm
[INFO]:[03:45:40] CPLEX results. Gap: 76.270000, upper bound: 333809.066583, lower bound: 79213.685986
[INFO]:[03:45:40] CPLEX solver finished. Gap: 76.270000
[INFO]:[03:45:40] Starting CPLEX solver on instance: /home/yorig/tuner/mpils-tests/instances/miplib/medium-1/momentum1.mps with config: /scratch/yorig/mpils-results-grid-seconds-5-watchdog/medium-1/16proc/seed-2/6_momentum1_seed-2_20260504_034216/iterated_local_search/run_3_worker_4/ils_config_15045796206285660858.prm
[INFO]:[03:45:40] Starting CPLEX solver on instance: /home/yorig/tuner/mpils-tests/instances/miplib/medium-1/momentum1.mps with config: /scratch/yorig/mpils-results-grid-seconds-5-watchdog/medium-1/16proc/seed-2/6_momentum1_seed-2_20260504_034216/iterated_local_search/run_3_worker_4/ils_config_15045796206285660858.prm
[INFO]:[03:45:45] CPLEX results. Gap: 76.270000, upper bound: 333809.066583, lower bound: 79218.522836
[INFO]:[03:45:45] CPLEX solver finished. Gap: 76.270000
[INFO]:[03:45:45] Local search phase completed.
[INFO]:[03:45:45] Total number of new local-search evaluations: 5
[INFO]:[03:45:45] Final incumbent objective value: 76.27
[INFO]:[03:45:45] Worker 4 completed exploration phase.
[INFO]:[03:45:45] Worker 4 received order for step 2.
[INFO]:[03:45:45] Worker 4 running expansion phase for iteration 3.
[INFO]:[03:45:45] Worker 4 will use solver log file: /scratch/yorig/mpils-results-grid-seconds-5-watchdog/medium-1/16proc/seed-2/6_momentum1_seed-2_20260504_034216/solver/cplex.log_iteration_expansion_3_worker_4
[INFO]:[03:45:45] Expansion Worker 4 starting expansion for iteration 3.
[INFO]:[03:45:45] Starting CPLEX solver on instance: /home/yorig/tuner/mpils-tests/instances/miplib/medium-1/momentum1.mps with config: /scratch/yorig/mpils-results-grid-seconds-5-watchdog/medium-1/16proc/seed-2/6_momentum1_seed-2_20260504_034216/expansion/config_param_CPXPARAM_MIP_Limits_AggForCut_1_iter_3.prm
[INFO]:[03:45:50] CPLEX results. Gap: 46.440000, upper bound: 179718.015673, lower bound: 96254.760899
[INFO]:[03:45:50] CPLEX solver finished. Gap: 46.440000
[INFO]:[03:45:50] Starting CPLEX solver on instance: /home/yorig/tuner/mpils-tests/instances/miplib/medium-1/momentum1.mps with config: /scratch/yorig/mpils-results-grid-seconds-5-watchdog/medium-1/16proc/seed-2/6_momentum1_seed-2_20260504_034216/expansion/config_param_CPXPARAM_MIP_Limits_AggForCut_2_iter_3.prm
[INFO]:[03:45:55] CPLEX results. Gap: 40.030000, upper bound: 160513.361724, lower bound: 96260.587674
[INFO]:[03:45:55] CPLEX solver finished. Gap: 40.030000
[INFO]:[03:45:55] Expansion Worker 4 completed expansion.
[INFO]:[03:45:55] Worker 4 completed expansion phase.
[INFO]:[03:45:55] Worker 4 received order for step 1.
[INFO]:[03:45:55] Worker 4 running exploration phase for iteration 4.
[INFO]:[03:45:55] Worker 4 at iteration 4 will not use a MIP start file. Current best MIP-start upper bound threshold is 1.79769e+308.
[INFO]:[03:45:55] Starting local search phase...
[INFO]:[03:45:55] Creating local search space from parameter space file: /scratch/yorig/mpils-results-grid-seconds-5-watchdog/medium-1/16proc/seed-2/6_momentum1_seed-2_20260504_034216/iterated_local_search/search_space/search_space_file_4_worker_4.txt
[INFO]:[03:45:55] Local search space loaded from file: /scratch/yorig/mpils-results-grid-seconds-5-watchdog/medium-1/16proc/seed-2/6_momentum1_seed-2_20260504_034216/iterated_local_search/search_space/search_space_file_4_worker_4.txt
[INFO]:[03:45:55] Number of parameters in local search space: 71
[INFO]:[03:45:55] Number of forbidden tuples in local search space: 25
[INFO]:[03:45:55] Number of conditionals in local search space: 6
[INFO]:[03:45:55] MIP start option not enabled. Local search will proceed without MIP start.
[INFO]:[03:45:55] Evaluating initial configuration for local search phase...
[INFO]:[03:45:55] Starting CPLEX solver on instance: /home/yorig/tuner/mpils-tests/instances/miplib/medium-1/momentum1.mps with config: /scratch/yorig/mpils-results-grid-seconds-5-watchdog/medium-1/16proc/seed-2/6_momentum1_seed-2_20260504_034216/iterated_local_search/run_4_worker_4/ils_config_2578853110894199424.prm
[INFO]:[03:45:55] Starting CPLEX solver on instance: /home/yorig/tuner/mpils-tests/instances/miplib/medium-1/momentum1.mps with config: /scratch/yorig/mpils-results-grid-seconds-5-watchdog/medium-1/16proc/seed-2/6_momentum1_seed-2_20260504_034216/iterated_local_search/run_4_worker_4/ils_config_2578853110894199424.prm
[INFO]:[03:46:00] CPLEX results. Gap: 71.160000, upper bound: 333775.802086, lower bound: 96258.378818
[INFO]:[03:46:00] CPLEX solver finished. Gap: 71.160000
[INFO]:[03:46:00] Initial configuration evaluated with objective value: 71.16
[INFO]:[03:46:00] Starting CPLEX solver on instance: /home/yorig/tuner/mpils-tests/instances/miplib/medium-1/momentum1.mps with config: /scratch/yorig/mpils-results-grid-seconds-5-watchdog/medium-1/16proc/seed-2/6_momentum1_seed-2_20260504_034216/iterated_local_search/run_4_worker_4/ils_config_16442492481943167626.prm
[INFO]:[03:46:00] Starting CPLEX solver on instance: /home/yorig/tuner/mpils-tests/instances/miplib/medium-1/momentum1.mps with config: /scratch/yorig/mpils-results-grid-seconds-5-watchdog/medium-1/16proc/seed-2/6_momentum1_seed-2_20260504_034216/iterated_local_search/run_4_worker_4/ils_config_16442492481943167626.prm
[INFO]:[03:46:05] CPLEX results. Gap: 74.090000, upper bound: 359537.835110, lower bound: 93162.363028
[INFO]:[03:46:05] CPLEX solver finished. Gap: 74.090000
[INFO]:[03:46:05] Starting CPLEX solver on instance: /home/yorig/tuner/mpils-tests/instances/miplib/medium-1/momentum1.mps with config: /scratch/yorig/mpils-results-grid-seconds-5-watchdog/medium-1/16proc/seed-2/6_momentum1_seed-2_20260504_034216/iterated_local_search/run_4_worker_4/ils_config_2163513952322755843.prm
[INFO]:[03:46:05] Starting CPLEX solver on instance: /home/yorig/tuner/mpils-tests/instances/miplib/medium-1/momentum1.mps with config: /scratch/yorig/mpils-results-grid-seconds-5-watchdog/medium-1/16proc/seed-2/6_momentum1_seed-2_20260504_034216/iterated_local_search/run_4_worker_4/ils_config_2163513952322755843.prm
[INFO]:[03:46:10] CPLEX results. Gap: 55.900000, upper bound: 218289.845046, lower bound: 96269.370978
[INFO]:[03:46:10] CPLEX solver finished. Gap: 55.900000
[INFO]:[03:46:10] New incumbent found with objective value: 55.9
[INFO]:[03:46:11] Starting CPLEX solver on instance: /home/yorig/tuner/mpils-tests/instances/miplib/medium-1/momentum1.mps with config: /scratch/yorig/mpils-results-grid-seconds-5-watchdog/medium-1/16proc/seed-2/6_momentum1_seed-2_20260504_034216/iterated_local_search/run_4_worker_4/ils_config_12385167682560534450.prm
[INFO]:[03:46:11] Starting CPLEX solver on instance: /home/yorig/tuner/mpils-tests/instances/miplib/medium-1/momentum1.mps with config: /scratch/yorig/mpils-results-grid-seconds-5-watchdog/medium-1/16proc/seed-2/6_momentum1_seed-2_20260504_034216/iterated_local_search/run_4_worker_4/ils_config_12385167682560534450.prm
[INFO]:[03:46:16] CPLEX results. Gap: 55.900000, upper bound: 218289.845046, lower bound: 96269.370978
[INFO]:[03:46:16] CPLEX solver finished. Gap: 55.900000
[INFO]:[03:46:16] Starting CPLEX solver on instance: /home/yorig/tuner/mpils-tests/instances/miplib/medium-1/momentum1.mps with config: /scratch/yorig/mpils-results-grid-seconds-5-watchdog/medium-1/16proc/seed-2/6_momentum1_seed-2_20260504_034216/iterated_local_search/run_4_worker_4/ils_config_2492667363825070059.prm
[INFO]:[03:46:16] Starting CPLEX solver on instance: /home/yorig/tuner/mpils-tests/instances/miplib/medium-1/momentum1.mps with config: /scratch/yorig/mpils-results-grid-seconds-5-watchdog/medium-1/16proc/seed-2/6_momentum1_seed-2_20260504_034216/iterated_local_search/run_4_worker_4/ils_config_2492667363825070059.prm
[INFO]:[03:46:21] CPLEX results. Gap: 66.670000, upper bound: 288845.428636, lower bound: 96268.593176
[INFO]:[03:46:21] CPLEX solver finished. Gap: 66.670000
[INFO]:[03:46:21] Starting CPLEX solver on instance: /home/yorig/tuner/mpils-tests/instances/miplib/medium-1/momentum1.mps with config: /scratch/yorig/mpils-results-grid-seconds-5-watchdog/medium-1/16proc/seed-2/6_momentum1_seed-2_20260504_034216/iterated_local_search/run_4_worker_4/ils_config_3716675763370411028.prm
[INFO]:[03:46:21] Starting CPLEX solver on instance: /home/yorig/tuner/mpils-tests/instances/miplib/medium-1/momentum1.mps with config: /scratch/yorig/mpils-results-grid-seconds-5-watchdog/medium-1/16proc/seed-2/6_momentum1_seed-2_20260504_034216/iterated_local_search/run_4_worker_4/ils_config_3716675763370411028.prm
[INFO]:[03:46:26] CPLEX results. Gap: 68.760000, upper bound: 308107.957755, lower bound: 96268.017210
[INFO]:[03:46:26] CPLEX solver finished. Gap: 68.760000
[INFO]:[03:46:26] Starting CPLEX solver on instance: /home/yorig/tuner/mpils-tests/instances/miplib/medium-1/momentum1.mps with config: /scratch/yorig/mpils-results-grid-seconds-5-watchdog/medium-1/16proc/seed-2/6_momentum1_seed-2_20260504_034216/iterated_local_search/run_4_worker_4/ils_config_4197699725737105756.prm
[INFO]:[03:46:26] Starting CPLEX solver on instance: /home/yorig/tuner/mpils-tests/instances/miplib/medium-1/momentum1.mps with config: /scratch/yorig/mpils-results-grid-seconds-5-watchdog/medium-1/16proc/seed-2/6_momentum1_seed-2_20260504_034216/iterated_local_search/run_4_worker_4/ils_config_4197699725737105756.prm
[INFO]:[03:46:31] CPLEX results. Gap: 55.900000, upper bound: 218261.538238, lower bound: 96261.356693
[INFO]:[03:46:31] CPLEX solver finished. Gap: 55.900000
[INFO]:[03:46:31] Local search phase completed.
[INFO]:[03:46:31] Total number of new local-search evaluations: 7
[INFO]:[03:46:31] Final incumbent objective value: 55.9
[INFO]:[03:46:31] Worker 4 completed exploration phase.
[INFO]:[03:46:31] Worker 4 received order for step 2.
[INFO]:[03:46:31] Worker 4 running expansion phase for iteration 4.
[INFO]:[03:46:31] Worker 4 will use solver log file: /scratch/yorig/mpils-results-grid-seconds-5-watchdog/medium-1/16proc/seed-2/6_momentum1_seed-2_20260504_034216/solver/cplex.log_iteration_expansion_4_worker_4
[INFO]:[03:46:31] Expansion Worker 4 starting expansion for iteration 4.
[INFO]:[03:46:31] Starting CPLEX solver on instance: /home/yorig/tuner/mpils-tests/instances/miplib/medium-1/momentum1.mps with config: /scratch/yorig/mpils-results-grid-seconds-5-watchdog/medium-1/16proc/seed-2/6_momentum1_seed-2_20260504_034216/expansion/config_param_CPXPARAM_Feasopt_Mode_5_iter_4.prm
[INFO]:[03:46:36] CPLEX results. Gap: 11.810000, upper bound: 109169.494215, lower bound: 96275.591927
[INFO]:[03:46:36] CPLEX solver finished. Gap: 11.810000
[INFO]:[03:46:36] Starting CPLEX solver on instance: /home/yorig/tuner/mpils-tests/instances/miplib/medium-1/momentum1.mps with config: /scratch/yorig/mpils-results-grid-seconds-5-watchdog/medium-1/16proc/seed-2/6_momentum1_seed-2_20260504_034216/expansion/config_param_CPXPARAM_Emphasis_Memory_1_iter_4.prm
[INFO]:[03:46:41] CPLEX results. Gap: 31.860000, upper bound: 141298.406552, lower bound: 96283.175121
[INFO]:[03:46:41] CPLEX solver finished. Gap: 31.860000
[INFO]:[03:46:41] Expansion Worker 4 completed expansion.
[INFO]:[03:46:41] Worker 4 completed expansion phase.
[INFO]:[03:46:41] Worker 4 received order for step 1.
[INFO]:[03:46:41] Worker 4 running exploration phase for iteration 5.
[INFO]:[03:46:41] Worker 4 at iteration 5 will not use a MIP start file. Current best MIP-start upper bound threshold is 1.79769e+308.
[INFO]:[03:46:41] Starting local search phase...
[INFO]:[03:46:41] Creating local search space from parameter space file: /scratch/yorig/mpils-results-grid-seconds-5-watchdog/medium-1/16proc/seed-2/6_momentum1_seed-2_20260504_034216/iterated_local_search/search_space/search_space_file_5_worker_4.txt
[INFO]:[03:46:41] Local search space loaded from file: /scratch/yorig/mpils-results-grid-seconds-5-watchdog/medium-1/16proc/seed-2/6_momentum1_seed-2_20260504_034216/iterated_local_search/search_space/search_space_file_5_worker_4.txt
[INFO]:[03:46:41] Number of parameters in local search space: 71
[INFO]:[03:46:41] Number of forbidden tuples in local search space: 26
[INFO]:[03:46:41] Number of conditionals in local search space: 6
[INFO]:[03:46:41] MIP start option not enabled. Local search will proceed without MIP start.
[INFO]:[03:46:41] Evaluating initial configuration for local search phase...
[INFO]:[03:46:41] Starting CPLEX solver on instance: /home/yorig/tuner/mpils-tests/instances/miplib/medium-1/momentum1.mps with config: /scratch/yorig/mpils-results-grid-seconds-5-watchdog/medium-1/16proc/seed-2/6_momentum1_seed-2_20260504_034216/iterated_local_search/run_5_worker_4/ils_config_3839741112895057332.prm
[INFO]:[03:46:41] Starting CPLEX solver on instance: /home/yorig/tuner/mpils-tests/instances/miplib/medium-1/momentum1.mps with config: /scratch/yorig/mpils-results-grid-seconds-5-watchdog/medium-1/16proc/seed-2/6_momentum1_seed-2_20260504_034216/iterated_local_search/run_5_worker_4/ils_config_3839741112895057332.prm
[INFO]:[03:46:46] CPLEX results. Gap: 65.920000, upper bound: 282430.685978, lower bound: 96255.187713
[INFO]:[03:46:46] CPLEX solver finished. Gap: 65.920000
[INFO]:[03:46:46] Initial configuration evaluated with objective value: 65.92
[INFO]:[03:46:46] Starting CPLEX solver on instance: /home/yorig/tuner/mpils-tests/instances/miplib/medium-1/momentum1.mps with config: /scratch/yorig/mpils-results-grid-seconds-5-watchdog/medium-1/16proc/seed-2/6_momentum1_seed-2_20260504_034216/iterated_local_search/run_5_worker_4/ils_config_18313837214846499276.prm
[INFO]:[03:46:46] Starting CPLEX solver on instance: /home/yorig/tuner/mpils-tests/instances/miplib/medium-1/momentum1.mps with config: /scratch/yorig/mpils-results-grid-seconds-5-watchdog/medium-1/16proc/seed-2/6_momentum1_seed-2_20260504_034216/iterated_local_search/run_5_worker_4/ils_config_18313837214846499276.prm
[INFO]:[03:46:51] CPLEX results. Gap: 65.920000, upper bound: 282430.685978, lower bound: 96255.187713
[INFO]:[03:46:51] CPLEX solver finished. Gap: 65.920000
[INFO]:[03:46:51] Starting CPLEX solver on instance: /home/yorig/tuner/mpils-tests/instances/miplib/medium-1/momentum1.mps with config: /scratch/yorig/mpils-results-grid-seconds-5-watchdog/medium-1/16proc/seed-2/6_momentum1_seed-2_20260504_034216/iterated_local_search/run_5_worker_4/ils_config_15091972451051202070.prm
[INFO]:[03:46:51] Starting CPLEX solver on instance: /home/yorig/tuner/mpils-tests/instances/miplib/medium-1/momentum1.mps with config: /scratch/yorig/mpils-results-grid-seconds-5-watchdog/medium-1/16proc/seed-2/6_momentum1_seed-2_20260504_034216/iterated_local_search/run_5_worker_4/ils_config_15091972451051202070.prm
[INFO]:[03:46:56] CPLEX results. Gap: 65.920000, upper bound: 282430.685978, lower bound: 96255.187713
[INFO]:[03:46:56] CPLEX solver finished. Gap: 65.920000
[INFO]:[03:46:56] Starting CPLEX solver on instance: /home/yorig/tuner/mpils-tests/instances/miplib/medium-1/momentum1.mps with config: /scratch/yorig/mpils-results-grid-seconds-5-watchdog/medium-1/16proc/seed-2/6_momentum1_seed-2_20260504_034216/iterated_local_search/run_5_worker_4/ils_config_9169906253956900132.prm
[INFO]:[03:46:56] Starting CPLEX solver on instance: /home/yorig/tuner/mpils-tests/instances/miplib/medium-1/momentum1.mps with config: /scratch/yorig/mpils-results-grid-seconds-5-watchdog/medium-1/16proc/seed-2/6_momentum1_seed-2_20260504_034216/iterated_local_search/run_5_worker_4/ils_config_9169906253956900132.prm
[INFO]:[03:47:02] CPLEX results. Gap: 65.920000, upper bound: 282430.685978, lower bound: 96255.187713
[INFO]:[03:47:02] CPLEX solver finished. Gap: 65.920000
[INFO]:[03:47:02] Starting CPLEX solver on instance: /home/yorig/tuner/mpils-tests/instances/miplib/medium-1/momentum1.mps with config: /scratch/yorig/mpils-results-grid-seconds-5-watchdog/medium-1/16proc/seed-2/6_momentum1_seed-2_20260504_034216/iterated_local_search/run_5_worker_4/ils_config_1391423042257559777.prm
[INFO]:[03:47:02] Starting CPLEX solver on instance: /home/yorig/tuner/mpils-tests/instances/miplib/medium-1/momentum1.mps with config: /scratch/yorig/mpils-results-grid-seconds-5-watchdog/medium-1/16proc/seed-2/6_momentum1_seed-2_20260504_034216/iterated_local_search/run_5_worker_4/ils_config_1391423042257559777.prm
[INFO]:[03:47:07] CPLEX results. Gap: 73.830000, upper bound: 365982.670390, lower bound: 95764.486039
[INFO]:[03:47:07] CPLEX solver finished. Gap: 73.830000
[INFO]:[03:47:07] Starting CPLEX solver on instance: /home/yorig/tuner/mpils-tests/instances/miplib/medium-1/momentum1.mps with config: /scratch/yorig/mpils-results-grid-seconds-5-watchdog/medium-1/16proc/seed-2/6_momentum1_seed-2_20260504_034216/iterated_local_search/run_5_worker_4/ils_config_4613819780446830786.prm
[INFO]:[03:47:07] Starting CPLEX solver on instance: /home/yorig/tuner/mpils-tests/instances/miplib/medium-1/momentum1.mps with config: /scratch/yorig/mpils-results-grid-seconds-5-watchdog/medium-1/16proc/seed-2/6_momentum1_seed-2_20260504_034216/iterated_local_search/run_5_worker_4/ils_config_4613819780446830786.prm
[INFO]:[03:47:12] CPLEX results. Gap: 65.920000, upper bound: 282430.685978, lower bound: 96255.187713
[INFO]:[03:47:12] CPLEX solver finished. Gap: 65.920000
[INFO]:[03:47:12] Starting CPLEX solver on instance: /home/yorig/tuner/mpils-tests/instances/miplib/medium-1/momentum1.mps with config: /scratch/yorig/mpils-results-grid-seconds-5-watchdog/medium-1/16proc/seed-2/6_momentum1_seed-2_20260504_034216/iterated_local_search/run_5_worker_4/ils_config_6277959869921375005.prm
[INFO]:[03:47:12] Starting CPLEX solver on instance: /home/yorig/tuner/mpils-tests/instances/miplib/medium-1/momentum1.mps with config: /scratch/yorig/mpils-results-grid-seconds-5-watchdog/medium-1/16proc/seed-2/6_momentum1_seed-2_20260504_034216/iterated_local_search/run_5_worker_4/ils_config_6277959869921375005.prm
[INFO]:[03:47:17] CPLEX results. Gap: 59.710000, upper bound: 231078.895029, lower bound: 93091.537836
[INFO]:[03:47:17] CPLEX solver finished. Gap: 59.710000
[INFO]:[03:47:17] New incumbent found with objective value: 59.71
[INFO]:[03:47:17] Starting CPLEX solver on instance: /home/yorig/tuner/mpils-tests/instances/miplib/medium-1/momentum1.mps with config: /scratch/yorig/mpils-results-grid-seconds-5-watchdog/medium-1/16proc/seed-2/6_momentum1_seed-2_20260504_034216/iterated_local_search/run_5_worker_4/ils_config_1342822850485172081.prm
[INFO]:[03:47:17] Starting CPLEX solver on instance: /home/yorig/tuner/mpils-tests/instances/miplib/medium-1/momentum1.mps with config: /scratch/yorig/mpils-results-grid-seconds-5-watchdog/medium-1/16proc/seed-2/6_momentum1_seed-2_20260504_034216/iterated_local_search/run_5_worker_4/ils_config_1342822850485172081.prm
[INFO]:[03:47:22] CPLEX results. Gap: 59.710000, upper bound: 231078.895029, lower bound: 93091.537836
[INFO]:[03:47:22] CPLEX solver finished. Gap: 59.710000
[INFO]:[03:47:22] Starting CPLEX solver on instance: /home/yorig/tuner/mpils-tests/instances/miplib/medium-1/momentum1.mps with config: /scratch/yorig/mpils-results-grid-seconds-5-watchdog/medium-1/16proc/seed-2/6_momentum1_seed-2_20260504_034216/iterated_local_search/run_5_worker_4/ils_config_18441389201699253777.prm
[INFO]:[03:47:22] Starting CPLEX solver on instance: /home/yorig/tuner/mpils-tests/instances/miplib/medium-1/momentum1.mps with config: /scratch/yorig/mpils-results-grid-seconds-5-watchdog/medium-1/16proc/seed-2/6_momentum1_seed-2_20260504_034216/iterated_local_search/run_5_worker_4/ils_config_18441389201699253777.prm
[INFO]:[03:47:27] CPLEX results. Gap: 59.710000, upper bound: 231078.895029, lower bound: 93091.537836
[INFO]:[03:47:27] CPLEX solver finished. Gap: 59.710000
[INFO]:[03:47:27] Starting CPLEX solver on instance: /home/yorig/tuner/mpils-tests/instances/miplib/medium-1/momentum1.mps with config: /scratch/yorig/mpils-results-grid-seconds-5-watchdog/medium-1/16proc/seed-2/6_momentum1_seed-2_20260504_034216/iterated_local_search/run_5_worker_4/ils_config_6646953559552988136.prm
[INFO]:[03:47:27] Starting CPLEX solver on instance: /home/yorig/tuner/mpils-tests/instances/miplib/medium-1/momentum1.mps with config: /scratch/yorig/mpils-results-grid-seconds-5-watchdog/medium-1/16proc/seed-2/6_momentum1_seed-2_20260504_034216/iterated_local_search/run_5_worker_4/ils_config_6646953559552988136.prm
[INFO]:[03:47:32] CPLEX results. Gap: 59.710000, upper bound: 231078.895029, lower bound: 93091.537836
[INFO]:[03:47:32] CPLEX solver finished. Gap: 59.710000
[INFO]:[03:47:32] Starting CPLEX solver on instance: /home/yorig/tuner/mpils-tests/instances/miplib/medium-1/momentum1.mps with config: /scratch/yorig/mpils-results-grid-seconds-5-watchdog/medium-1/16proc/seed-2/6_momentum1_seed-2_20260504_034216/iterated_local_search/run_5_worker_4/ils_config_13314523086203910673.prm
[INFO]:[03:47:32] Starting CPLEX solver on instance: /home/yorig/tuner/mpils-tests/instances/miplib/medium-1/momentum1.mps with config: /scratch/yorig/mpils-results-grid-seconds-5-watchdog/medium-1/16proc/seed-2/6_momentum1_seed-2_20260504_034216/iterated_local_search/run_5_worker_4/ils_config_13314523086203910673.prm
[INFO]:[03:47:37] CPLEX results. Gap: 78.590000, upper bound: 449643.030970, lower bound: 96250.043138
[INFO]:[03:47:37] CPLEX solver finished. Gap: 78.590000
[INFO]:[03:47:37] Starting CPLEX solver on instance: /home/yorig/tuner/mpils-tests/instances/miplib/medium-1/momentum1.mps with config: /scratch/yorig/mpils-results-grid-seconds-5-watchdog/medium-1/16proc/seed-2/6_momentum1_seed-2_20260504_034216/iterated_local_search/run_5_worker_4/ils_config_12878253143755507537.prm
[INFO]:[03:47:37] Starting CPLEX solver on instance: /home/yorig/tuner/mpils-tests/instances/miplib/medium-1/momentum1.mps with config: /scratch/yorig/mpils-results-grid-seconds-5-watchdog/medium-1/16proc/seed-2/6_momentum1_seed-2_20260504_034216/iterated_local_search/run_5_worker_4/ils_config_12878253143755507537.prm
[INFO]:[03:47:42] CPLEX results. Gap: 59.710000, upper bound: 231078.895029, lower bound: 93091.537836
[INFO]:[03:47:42] CPLEX solver finished. Gap: 59.710000
[INFO]:[03:47:42] Starting CPLEX solver on instance: /home/yorig/tuner/mpils-tests/instances/miplib/medium-1/momentum1.mps with config: /scratch/yorig/mpils-results-grid-seconds-5-watchdog/medium-1/16proc/seed-2/6_momentum1_seed-2_20260504_034216/iterated_local_search/run_5_worker_4/ils_config_10116883900729533904.prm
[INFO]:[03:47:42] Starting CPLEX solver on instance: /home/yorig/tuner/mpils-tests/instances/miplib/medium-1/momentum1.mps with config: /scratch/yorig/mpils-results-grid-seconds-5-watchdog/medium-1/16proc/seed-2/6_momentum1_seed-2_20260504_034216/iterated_local_search/run_5_worker_4/ils_config_10116883900729533904.prm
[INFO]:[03:47:47] CPLEX results. Gap: 78.590000, upper bound: 449643.030970, lower bound: 96250.043138
[INFO]:[03:47:47] CPLEX solver finished. Gap: 78.590000
[INFO]:[03:47:47] Starting CPLEX solver on instance: /home/yorig/tuner/mpils-tests/instances/miplib/medium-1/momentum1.mps with config: /scratch/yorig/mpils-results-grid-seconds-5-watchdog/medium-1/16proc/seed-2/6_momentum1_seed-2_20260504_034216/iterated_local_search/run_5_worker_4/ils_config_15657062577058023964.prm
[INFO]:[03:47:47] Starting CPLEX solver on instance: /home/yorig/tuner/mpils-tests/instances/miplib/medium-1/momentum1.mps with config: /scratch/yorig/mpils-results-grid-seconds-5-watchdog/medium-1/16proc/seed-2/6_momentum1_seed-2_20260504_034216/iterated_local_search/run_5_worker_4/ils_config_15657062577058023964.prm
[INFO]:[03:47:52] CPLEX results. Gap: 73.990000, upper bound: 365982.670390, lower bound: 95192.255888
[INFO]:[03:47:52] CPLEX solver finished. Gap: 73.990000
[INFO]:[03:47:52] Starting CPLEX solver on instance: /home/yorig/tuner/mpils-tests/instances/miplib/medium-1/momentum1.mps with config: /scratch/yorig/mpils-results-grid-seconds-5-watchdog/medium-1/16proc/seed-2/6_momentum1_seed-2_20260504_034216/iterated_local_search/run_5_worker_4/ils_config_16029126947453158970.prm
[INFO]:[03:47:52] Starting CPLEX solver on instance: /home/yorig/tuner/mpils-tests/instances/miplib/medium-1/momentum1.mps with config: /scratch/yorig/mpils-results-grid-seconds-5-watchdog/medium-1/16proc/seed-2/6_momentum1_seed-2_20260504_034216/iterated_local_search/run_5_worker_4/ils_config_16029126947453158970.prm
[INFO]:[03:47:57] CPLEX results. Gap: 34.110000, upper bound: 141302.931544, lower bound: 93111.095066
[INFO]:[03:47:57] CPLEX solver finished. Gap: 34.110000
[INFO]:[03:47:57] New incumbent found with objective value: 34.11
[INFO]:[03:47:57] Starting CPLEX solver on instance: /home/yorig/tuner/mpils-tests/instances/miplib/medium-1/momentum1.mps with config: /scratch/yorig/mpils-results-grid-seconds-5-watchdog/medium-1/16proc/seed-2/6_momentum1_seed-2_20260504_034216/iterated_local_search/run_5_worker_4/ils_config_1841545343797985213.prm
[INFO]:[03:47:57] Starting CPLEX solver on instance: /home/yorig/tuner/mpils-tests/instances/miplib/medium-1/momentum1.mps with config: /scratch/yorig/mpils-results-grid-seconds-5-watchdog/medium-1/16proc/seed-2/6_momentum1_seed-2_20260504_034216/iterated_local_search/run_5_worker_4/ils_config_1841545343797985213.prm
[INFO]:[03:48:02] CPLEX results. Gap: 27.200000, upper bound: 128471.059285, lower bound: 93533.298873
[INFO]:[03:48:02] CPLEX solver finished. Gap: 27.200000
[INFO]:[03:48:02] New incumbent found with objective value: 27.2
[INFO]:[03:48:02] Starting CPLEX solver on instance: /home/yorig/tuner/mpils-tests/instances/miplib/medium-1/momentum1.mps with config: /scratch/yorig/mpils-results-grid-seconds-5-watchdog/medium-1/16proc/seed-2/6_momentum1_seed-2_20260504_034216/iterated_local_search/run_5_worker_4/ils_config_16373616393488372704.prm
[INFO]:[03:48:02] Starting CPLEX solver on instance: /home/yorig/tuner/mpils-tests/instances/miplib/medium-1/momentum1.mps with config: /scratch/yorig/mpils-results-grid-seconds-5-watchdog/medium-1/16proc/seed-2/6_momentum1_seed-2_20260504_034216/iterated_local_search/run_5_worker_4/ils_config_16373616393488372704.prm
[INFO]:[03:48:07] CPLEX results. Gap: 27.200000, upper bound: 128471.059285, lower bound: 93533.298873
[INFO]:[03:48:07] CPLEX solver finished. Gap: 27.200000
[INFO]:[03:48:07] Starting CPLEX solver on instance: /home/yorig/tuner/mpils-tests/instances/miplib/medium-1/momentum1.mps with config: /scratch/yorig/mpils-results-grid-seconds-5-watchdog/medium-1/16proc/seed-2/6_momentum1_seed-2_20260504_034216/iterated_local_search/run_5_worker_4/ils_config_4434120465970618037.prm
[INFO]:[03:48:07] Starting CPLEX solver on instance: /home/yorig/tuner/mpils-tests/instances/miplib/medium-1/momentum1.mps with config: /scratch/yorig/mpils-results-grid-seconds-5-watchdog/medium-1/16proc/seed-2/6_momentum1_seed-2_20260504_034216/iterated_local_search/run_5_worker_4/ils_config_4434120465970618037.prm
[INFO]:[03:48:12] CPLEX results. Gap: 71.560000, upper bound: 327401.414219, lower bound: 93102.149305
[INFO]:[03:48:12] CPLEX solver finished. Gap: 71.560000
[INFO]:[03:48:12] Local search phase completed.
[INFO]:[03:48:12] Total number of new local-search evaluations: 18
[INFO]:[03:48:12] Final incumbent objective value: 27.2
[INFO]:[03:48:13] Worker 4 completed exploration phase.
[INFO]:[03:48:13] Worker 4 received order for step 2.
[INFO]:[03:48:13] Worker 4 running expansion phase for iteration 5.
[INFO]:[03:48:13] Worker 4 will use solver log file: /scratch/yorig/mpils-results-grid-seconds-5-watchdog/medium-1/16proc/seed-2/6_momentum1_seed-2_20260504_034216/solver/cplex.log_iteration_expansion_5_worker_4
[INFO]:[03:48:13] Expansion Worker 4 starting expansion for iteration 5.
[INFO]:[03:48:13] Starting CPLEX solver on instance: /home/yorig/tuner/mpils-tests/instances/miplib/medium-1/momentum1.mps with config: /scratch/yorig/mpils-results-grid-seconds-5-watchdog/medium-1/16proc/seed-2/6_momentum1_seed-2_20260504_034216/expansion/config_param_CPXPARAM_LPMethod_5_iter_5.prm
[INFO]:[03:48:19] CPLEX results. Gap: 11.810000, upper bound: 109169.494215, lower bound: 96275.591927
[INFO]:[03:48:19] CPLEX solver finished. Gap: 11.810000
[INFO]:[03:48:19] Starting CPLEX solver on instance: /home/yorig/tuner/mpils-tests/instances/miplib/medium-1/momentum1.mps with config: /scratch/yorig/mpils-results-grid-seconds-5-watchdog/medium-1/16proc/seed-2/6_momentum1_seed-2_20260504_034216/expansion/config_param_CPXPARAM_LPMethod_6_iter_5.prm
[INFO]:[03:48:24] CPLEX results. Gap: 11.810000, upper bound: 109169.494215, lower bound: 96275.591927
[INFO]:[03:48:24] CPLEX solver finished. Gap: 11.810000
[INFO]:[03:48:24] Expansion Worker 4 completed expansion.
[INFO]:[03:48:24] Worker 4 completed expansion phase.
[INFO]:[03:48:24] Worker 4 received order for step 1.
[INFO]:[03:48:24] Worker 4 running exploration phase for iteration 6.
[INFO]:[03:48:24] Worker 4 at iteration 6 will not use a MIP start file. Current best MIP-start upper bound threshold is 1.79769e+308.
[INFO]:[03:48:24] Starting local search phase...
[INFO]:[03:48:24] Creating local search space from parameter space file: /scratch/yorig/mpils-results-grid-seconds-5-watchdog/medium-1/16proc/seed-2/6_momentum1_seed-2_20260504_034216/iterated_local_search/search_space/search_space_file_6_worker_4.txt
[INFO]:[03:48:24] Local search space loaded from file: /scratch/yorig/mpils-results-grid-seconds-5-watchdog/medium-1/16proc/seed-2/6_momentum1_seed-2_20260504_034216/iterated_local_search/search_space/search_space_file_6_worker_4.txt
[INFO]:[03:48:24] Number of parameters in local search space: 71
[INFO]:[03:48:24] Number of forbidden tuples in local search space: 28
[INFO]:[03:48:24] Number of conditionals in local search space: 6
[INFO]:[03:48:24] MIP start option not enabled. Local search will proceed without MIP start.
[INFO]:[03:48:24] Evaluating initial configuration for local search phase...
[INFO]:[03:48:24] Starting CPLEX solver on instance: /home/yorig/tuner/mpils-tests/instances/miplib/medium-1/momentum1.mps with config: /scratch/yorig/mpils-results-grid-seconds-5-watchdog/medium-1/16proc/seed-2/6_momentum1_seed-2_20260504_034216/iterated_local_search/run_6_worker_4/ils_config_9769037870610503436.prm
[INFO]:[03:48:24] Starting CPLEX solver on instance: /home/yorig/tuner/mpils-tests/instances/miplib/medium-1/momentum1.mps with config: /scratch/yorig/mpils-results-grid-seconds-5-watchdog/medium-1/16proc/seed-2/6_momentum1_seed-2_20260504_034216/iterated_local_search/run_6_worker_4/ils_config_9769037870610503436.prm
[INFO]:[03:48:29] CPLEX results. Gap: 74.860000, upper bound: 353185.353708, lower bound: 88790.531695
[INFO]:[03:48:29] CPLEX solver finished. Gap: 74.860000
[INFO]:[03:48:29] Initial configuration evaluated with objective value: 74.86
[INFO]:[03:48:29] Starting CPLEX solver on instance: /home/yorig/tuner/mpils-tests/instances/miplib/medium-1/momentum1.mps with config: /scratch/yorig/mpils-results-grid-seconds-5-watchdog/medium-1/16proc/seed-2/6_momentum1_seed-2_20260504_034216/iterated_local_search/run_6_worker_4/ils_config_5215417244755041583.prm
[INFO]:[03:48:29] Starting CPLEX solver on instance: /home/yorig/tuner/mpils-tests/instances/miplib/medium-1/momentum1.mps with config: /scratch/yorig/mpils-results-grid-seconds-5-watchdog/medium-1/16proc/seed-2/6_momentum1_seed-2_20260504_034216/iterated_local_search/run_6_worker_4/ils_config_5215417244755041583.prm
[INFO]:[03:48:34] CPLEX results. Gap: 73.230000, upper bound: 359554.592227, lower bound: 96248.207537
[INFO]:[03:48:34] CPLEX solver finished. Gap: 73.230000
[INFO]:[03:48:34] New incumbent found with objective value: 73.23
[INFO]:[03:48:34] Starting CPLEX solver on instance: /home/yorig/tuner/mpils-tests/instances/miplib/medium-1/momentum1.mps with config: /scratch/yorig/mpils-results-grid-seconds-5-watchdog/medium-1/16proc/seed-2/6_momentum1_seed-2_20260504_034216/iterated_local_search/run_6_worker_4/ils_config_6855095955312075200.prm
[INFO]:[03:48:34] Starting CPLEX solver on instance: /home/yorig/tuner/mpils-tests/instances/miplib/medium-1/momentum1.mps with config: /scratch/yorig/mpils-results-grid-seconds-5-watchdog/medium-1/16proc/seed-2/6_momentum1_seed-2_20260504_034216/iterated_local_search/run_6_worker_4/ils_config_6855095955312075200.prm
[INFO]:[03:48:39] CPLEX results. Gap: 67.400000, upper bound: 295313.753876, lower bound: 96257.692841
[INFO]:[03:48:39] CPLEX solver finished. Gap: 67.400000
[INFO]:[03:48:39] New incumbent found with objective value: 67.4
[INFO]:[03:48:39] Starting CPLEX solver on instance: /home/yorig/tuner/mpils-tests/instances/miplib/medium-1/momentum1.mps with config: /scratch/yorig/mpils-results-grid-seconds-5-watchdog/medium-1/16proc/seed-2/6_momentum1_seed-2_20260504_034216/iterated_local_search/run_6_worker_4/ils_config_17356167535113742294.prm
[INFO]:[03:48:39] Starting CPLEX solver on instance: /home/yorig/tuner/mpils-tests/instances/miplib/medium-1/momentum1.mps with config: /scratch/yorig/mpils-results-grid-seconds-5-watchdog/medium-1/16proc/seed-2/6_momentum1_seed-2_20260504_034216/iterated_local_search/run_6_worker_4/ils_config_17356167535113742294.prm
[INFO]:[03:48:44] CPLEX results. Gap: 67.400000, upper bound: 295313.753876, lower bound: 96257.692841
[INFO]:[03:48:44] CPLEX solver finished. Gap: 67.400000
[INFO]:[03:48:44] Starting CPLEX solver on instance: /home/yorig/tuner/mpils-tests/instances/miplib/medium-1/momentum1.mps with config: /scratch/yorig/mpils-results-grid-seconds-5-watchdog/medium-1/16proc/seed-2/6_momentum1_seed-2_20260504_034216/iterated_local_search/run_6_worker_4/ils_config_11586238232323813401.prm
[INFO]:[03:48:44] Starting CPLEX solver on instance: /home/yorig/tuner/mpils-tests/instances/miplib/medium-1/momentum1.mps with config: /scratch/yorig/mpils-results-grid-seconds-5-watchdog/medium-1/16proc/seed-2/6_momentum1_seed-2_20260504_034216/iterated_local_search/run_6_worker_4/ils_config_11586238232323813401.prm
[INFO]:[03:48:49] CPLEX results. Gap: 58.350000, upper bound: 231132.591662, lower bound: 96257.623911
[INFO]:[03:48:49] CPLEX solver finished. Gap: 58.350000
[INFO]:[03:48:49] New incumbent found with objective value: 58.35
[INFO]:[03:48:50] Starting CPLEX solver on instance: /home/yorig/tuner/mpils-tests/instances/miplib/medium-1/momentum1.mps with config: /scratch/yorig/mpils-results-grid-seconds-5-watchdog/medium-1/16proc/seed-2/6_momentum1_seed-2_20260504_034216/iterated_local_search/run_6_worker_4/ils_config_14873756904096333458.prm
[INFO]:[03:48:50] Starting CPLEX solver on instance: /home/yorig/tuner/mpils-tests/instances/miplib/medium-1/momentum1.mps with config: /scratch/yorig/mpils-results-grid-seconds-5-watchdog/medium-1/16proc/seed-2/6_momentum1_seed-2_20260504_034216/iterated_local_search/run_6_worker_4/ils_config_14873756904096333458.prm
[INFO]:[03:48:55] CPLEX results. Gap: 67.400000, upper bound: 295274.704142, lower bound: 96257.559553
[INFO]:[03:48:55] CPLEX solver finished. Gap: 67.400000
[INFO]:[03:48:55] Starting CPLEX solver on instance: /home/yorig/tuner/mpils-tests/instances/miplib/medium-1/momentum1.mps with config: /scratch/yorig/mpils-results-grid-seconds-5-watchdog/medium-1/16proc/seed-2/6_momentum1_seed-2_20260504_034216/iterated_local_search/run_6_worker_4/ils_config_2916399273176382276.prm
[INFO]:[03:48:55] Starting CPLEX solver on instance: /home/yorig/tuner/mpils-tests/instances/miplib/medium-1/momentum1.mps with config: /scratch/yorig/mpils-results-grid-seconds-5-watchdog/medium-1/16proc/seed-2/6_momentum1_seed-2_20260504_034216/iterated_local_search/run_6_worker_4/ils_config_2916399273176382276.prm
[INFO]:[03:49:00] CPLEX results. Gap: 58.350000, upper bound: 231132.591662, lower bound: 96257.623911
[INFO]:[03:49:00] CPLEX solver finished. Gap: 58.350000
[INFO]:[03:49:00] Starting CPLEX solver on instance: /home/yorig/tuner/mpils-tests/instances/miplib/medium-1/momentum1.mps with config: /scratch/yorig/mpils-results-grid-seconds-5-watchdog/medium-1/16proc/seed-2/6_momentum1_seed-2_20260504_034216/iterated_local_search/run_6_worker_4/ils_config_16510866887885038415.prm
[INFO]:[03:49:00] Starting CPLEX solver on instance: /home/yorig/tuner/mpils-tests/instances/miplib/medium-1/momentum1.mps with config: /scratch/yorig/mpils-results-grid-seconds-5-watchdog/medium-1/16proc/seed-2/6_momentum1_seed-2_20260504_034216/iterated_local_search/run_6_worker_4/ils_config_16510866887885038415.prm
[INFO]:[03:49:05] CPLEX results. Gap: 68.100000, upper bound: 301730.394520, lower bound: 96255.270886
[INFO]:[03:49:05] CPLEX solver finished. Gap: 68.100000
[INFO]:[03:49:05] Starting CPLEX solver on instance: /home/yorig/tuner/mpils-tests/instances/miplib/medium-1/momentum1.mps with config: /scratch/yorig/mpils-results-grid-seconds-5-watchdog/medium-1/16proc/seed-2/6_momentum1_seed-2_20260504_034216/iterated_local_search/run_6_worker_4/ils_config_7092322432947311598.prm
[INFO]:[03:49:05] Starting CPLEX solver on instance: /home/yorig/tuner/mpils-tests/instances/miplib/medium-1/momentum1.mps with config: /scratch/yorig/mpils-results-grid-seconds-5-watchdog/medium-1/16proc/seed-2/6_momentum1_seed-2_20260504_034216/iterated_local_search/run_6_worker_4/ils_config_7092322432947311598.prm
[INFO]:[03:49:10] CPLEX results. Gap: 59.480000, upper bound: 237539.161761, lower bound: 96256.621760
[INFO]:[03:49:10] CPLEX solver finished. Gap: 59.480000
[INFO]:[03:49:10] Starting CPLEX solver on instance: /home/yorig/tuner/mpils-tests/instances/miplib/medium-1/momentum1.mps with config: /scratch/yorig/mpils-results-grid-seconds-5-watchdog/medium-1/16proc/seed-2/6_momentum1_seed-2_20260504_034216/iterated_local_search/run_6_worker_4/ils_config_10657014368818060651.prm
[INFO]:[03:49:10] Starting CPLEX solver on instance: /home/yorig/tuner/mpils-tests/instances/miplib/medium-1/momentum1.mps with config: /scratch/yorig/mpils-results-grid-seconds-5-watchdog/medium-1/16proc/seed-2/6_momentum1_seed-2_20260504_034216/iterated_local_search/run_6_worker_4/ils_config_10657014368818060651.prm
[INFO]:[03:49:15] CPLEX results. Gap: 67.400000, upper bound: 295328.782958, lower bound: 96276.392988
[INFO]:[03:49:15] CPLEX solver finished. Gap: 67.400000
[INFO]:[03:49:15] Starting CPLEX solver on instance: /home/yorig/tuner/mpils-tests/instances/miplib/medium-1/momentum1.mps with config: /scratch/yorig/mpils-results-grid-seconds-5-watchdog/medium-1/16proc/seed-2/6_momentum1_seed-2_20260504_034216/iterated_local_search/run_6_worker_4/ils_config_11403268074956742900.prm
[INFO]:[03:49:15] Starting CPLEX solver on instance: /home/yorig/tuner/mpils-tests/instances/miplib/medium-1/momentum1.mps with config: /scratch/yorig/mpils-results-grid-seconds-5-watchdog/medium-1/16proc/seed-2/6_momentum1_seed-2_20260504_034216/iterated_local_search/run_6_worker_4/ils_config_11403268074956742900.prm
[INFO]:[03:49:20] CPLEX results. Gap: 57.170000, upper bound: 224720.438800, lower bound: 96256.161954
[INFO]:[03:49:20] CPLEX solver finished. Gap: 57.170000
[INFO]:[03:49:20] New incumbent found with objective value: 57.17
[INFO]:[03:49:20] Starting CPLEX solver on instance: /home/yorig/tuner/mpils-tests/instances/miplib/medium-1/momentum1.mps with config: /scratch/yorig/mpils-results-grid-seconds-5-watchdog/medium-1/16proc/seed-2/6_momentum1_seed-2_20260504_034216/iterated_local_search/run_6_worker_4/ils_config_15884513556971669385.prm
[INFO]:[03:49:20] Starting CPLEX solver on instance: /home/yorig/tuner/mpils-tests/instances/miplib/medium-1/momentum1.mps with config: /scratch/yorig/mpils-results-grid-seconds-5-watchdog/medium-1/16proc/seed-2/6_momentum1_seed-2_20260504_034216/iterated_local_search/run_6_worker_4/ils_config_15884513556971669385.prm
[INFO]:[03:49:25] CPLEX results. Gap: 68.760000, upper bound: 308139.374014, lower bound: 96255.487161
[INFO]:[03:49:25] CPLEX solver finished. Gap: 68.760000
[INFO]:[03:49:25] Starting CPLEX solver on instance: /home/yorig/tuner/mpils-tests/instances/miplib/medium-1/momentum1.mps with config: /scratch/yorig/mpils-results-grid-seconds-5-watchdog/medium-1/16proc/seed-2/6_momentum1_seed-2_20260504_034216/iterated_local_search/run_6_worker_4/ils_config_8462976014615605390.prm
[INFO]:[03:49:25] Starting CPLEX solver on instance: /home/yorig/tuner/mpils-tests/instances/miplib/medium-1/momentum1.mps with config: /scratch/yorig/mpils-results-grid-seconds-5-watchdog/medium-1/16proc/seed-2/6_momentum1_seed-2_20260504_034216/iterated_local_search/run_6_worker_4/ils_config_8462976014615605390.prm
[INFO]:[03:49:30] CPLEX results. Gap: 68.100000, upper bound: 301721.812960, lower bound: 96255.475486
[INFO]:[03:49:30] CPLEX solver finished. Gap: 68.100000
[INFO]:[03:49:30] Starting CPLEX solver on instance: /home/yorig/tuner/mpils-tests/instances/miplib/medium-1/momentum1.mps with config: /scratch/yorig/mpils-results-grid-seconds-5-watchdog/medium-1/16proc/seed-2/6_momentum1_seed-2_20260504_034216/iterated_local_search/run_6_worker_4/ils_config_4723768165711036568.prm
[INFO]:[03:49:30] Starting CPLEX solver on instance: /home/yorig/tuner/mpils-tests/instances/miplib/medium-1/momentum1.mps with config: /scratch/yorig/mpils-results-grid-seconds-5-watchdog/medium-1/16proc/seed-2/6_momentum1_seed-2_20260504_034216/iterated_local_search/run_6_worker_4/ils_config_4723768165711036568.prm
[INFO]:[03:49:35] CPLEX results. Gap: 67.410000, upper bound: 295327.566127, lower bound: 96258.519497
[INFO]:[03:49:35] CPLEX solver finished. Gap: 67.410000
[INFO]:[03:49:35] Starting CPLEX solver on instance: /home/yorig/tuner/mpils-tests/instances/miplib/medium-1/momentum1.mps with config: /scratch/yorig/mpils-results-grid-seconds-5-watchdog/medium-1/16proc/seed-2/6_momentum1_seed-2_20260504_034216/iterated_local_search/run_6_worker_4/ils_config_15841895346994148010.prm
[INFO]:[03:49:35] Starting CPLEX solver on instance: /home/yorig/tuner/mpils-tests/instances/miplib/medium-1/momentum1.mps with config: /scratch/yorig/mpils-results-grid-seconds-5-watchdog/medium-1/16proc/seed-2/6_momentum1_seed-2_20260504_034216/iterated_local_search/run_6_worker_4/ils_config_15841895346994148010.prm
[INFO]:[03:49:40] CPLEX results. Gap: 57.170000, upper bound: 224720.438800, lower bound: 96256.161954
[INFO]:[03:49:40] CPLEX solver finished. Gap: 57.170000
[INFO]:[03:49:40] Starting CPLEX solver on instance: /home/yorig/tuner/mpils-tests/instances/miplib/medium-1/momentum1.mps with config: /scratch/yorig/mpils-results-grid-seconds-5-watchdog/medium-1/16proc/seed-2/6_momentum1_seed-2_20260504_034216/iterated_local_search/run_6_worker_4/ils_config_14117515897049757103.prm
[INFO]:[03:49:40] Starting CPLEX solver on instance: /home/yorig/tuner/mpils-tests/instances/miplib/medium-1/momentum1.mps with config: /scratch/yorig/mpils-results-grid-seconds-5-watchdog/medium-1/16proc/seed-2/6_momentum1_seed-2_20260504_034216/iterated_local_search/run_6_worker_4/ils_config_14117515897049757103.prm
[INFO]:[03:49:45] CPLEX results. Gap: 51.650000, upper bound: 199094.645266, lower bound: 96256.555624
[INFO]:[03:49:45] CPLEX solver finished. Gap: 51.650000
[INFO]:[03:49:45] New incumbent found with objective value: 51.65
[INFO]:[03:49:45] Starting CPLEX solver on instance: /home/yorig/tuner/mpils-tests/instances/miplib/medium-1/momentum1.mps with config: /scratch/yorig/mpils-results-grid-seconds-5-watchdog/medium-1/16proc/seed-2/6_momentum1_seed-2_20260504_034216/iterated_local_search/run_6_worker_4/ils_config_1224918194278940377.prm
[INFO]:[03:49:45] Starting CPLEX solver on instance: /home/yorig/tuner/mpils-tests/instances/miplib/medium-1/momentum1.mps with config: /scratch/yorig/mpils-results-grid-seconds-5-watchdog/medium-1/16proc/seed-2/6_momentum1_seed-2_20260504_034216/iterated_local_search/run_6_worker_4/ils_config_1224918194278940377.prm
[INFO]:[03:49:50] CPLEX results. Gap: 73.230000, upper bound: 359554.592227, lower bound: 96248.207211
[INFO]:[03:49:50] CPLEX solver finished. Gap: 73.230000
[INFO]:[03:49:50] Starting CPLEX solver on instance: /home/yorig/tuner/mpils-tests/instances/miplib/medium-1/momentum1.mps with config: /scratch/yorig/mpils-results-grid-seconds-5-watchdog/medium-1/16proc/seed-2/6_momentum1_seed-2_20260504_034216/iterated_local_search/run_6_worker_4/ils_config_13589046427002420563.prm
[INFO]:[03:49:50] Starting CPLEX solver on instance: /home/yorig/tuner/mpils-tests/instances/miplib/medium-1/momentum1.mps with config: /scratch/yorig/mpils-results-grid-seconds-5-watchdog/medium-1/16proc/seed-2/6_momentum1_seed-2_20260504_034216/iterated_local_search/run_6_worker_4/ils_config_13589046427002420563.prm
[INFO]:[03:49:55] CPLEX results. Gap: 70.010000, upper bound: 320973.084089, lower bound: 96255.472347
[INFO]:[03:49:55] CPLEX solver finished. Gap: 70.010000
[INFO]:[03:49:55] Local search phase completed.
[INFO]:[03:49:55] Total number of new local-search evaluations: 18
[INFO]:[03:49:55] Final incumbent objective value: 51.65
[INFO]:[03:49:56] Worker 4 completed exploration phase.
[INFO]:[03:49:56] Worker 4 received order for step 3.
[INFO]:[03:49:56] Worker 4 finished.
