[INFO]:[01:03:25] Worker 18 starting.
[INFO]:[01:03:25] Worker 18 received order for step 1.
[INFO]:[01:03:25] Worker 18 running exploration phase for iteration 1.
[INFO]:[01:03:25] Worker 18 at iteration 1 will not use a MIP start file. Current best MIP-start upper bound threshold is 1.79769e+308.
[INFO]:[01:03:25] Starting local search phase...
[INFO]:[01:03:25] Creating local search space from parameter space file: /scratch/yorig/mpils-results-grid-seconds-5-watchdog/easy/24proc/seed-5/2_fastxgemm-n2r6s0t2_seed-5_20260504_010323/iterated_local_search/search_space/search_space_file_1_worker_18.txt
[INFO]:[01:03:25] Local search space loaded from file: /scratch/yorig/mpils-results-grid-seconds-5-watchdog/easy/24proc/seed-5/2_fastxgemm-n2r6s0t2_seed-5_20260504_010323/iterated_local_search/search_space/search_space_file_1_worker_18.txt
[INFO]:[01:03:25] Number of parameters in local search space: 71
[INFO]:[01:03:25] Number of forbidden tuples in local search space: 0
[INFO]:[01:03:25] Number of conditionals in local search space: 6
[INFO]:[01:03:25] MIP start option not enabled. Local search will proceed without MIP start.
[INFO]:[01:03:25] Evaluating initial configuration for local search phase...
[INFO]:[01:03:25] Starting CPLEX solver on instance: /home/yorig/tuner/mpils-tests/instances/miplib/easy/fastxgemm-n2r6s0t2.mps with config: /scratch/yorig/mpils-results-grid-seconds-5-watchdog/easy/24proc/seed-5/2_fastxgemm-n2r6s0t2_seed-5_20260504_010323/iterated_local_search/run_1_worker_18/ils_config_4741231945083591322.prm
[INFO]:[01:03:25] Starting CPLEX solver on instance: /home/yorig/tuner/mpils-tests/instances/miplib/easy/fastxgemm-n2r6s0t2.mps with config: /scratch/yorig/mpils-results-grid-seconds-5-watchdog/easy/24proc/seed-5/2_fastxgemm-n2r6s0t2_seed-5_20260504_010323/iterated_local_search/run_1_worker_18/ils_config_4741231945083591322.prm
[INFO]:[01:03:30] CPLEX results. Gap: 98.700000, upper bound: 2072.450000, lower bound: 27.000000
[INFO]:[01:03:30] CPLEX solver finished. Gap: 98.700000
[INFO]:[01:03:30] Initial configuration evaluated with objective value: 98.7
[INFO]:[01:03:30] Starting CPLEX solver on instance: /home/yorig/tuner/mpils-tests/instances/miplib/easy/fastxgemm-n2r6s0t2.mps with config: /scratch/yorig/mpils-results-grid-seconds-5-watchdog/easy/24proc/seed-5/2_fastxgemm-n2r6s0t2_seed-5_20260504_010323/iterated_local_search/run_1_worker_18/ils_config_13607819362478906567.prm
[INFO]:[01:03:30] Starting CPLEX solver on instance: /home/yorig/tuner/mpils-tests/instances/miplib/easy/fastxgemm-n2r6s0t2.mps with config: /scratch/yorig/mpils-results-grid-seconds-5-watchdog/easy/24proc/seed-5/2_fastxgemm-n2r6s0t2_seed-5_20260504_010323/iterated_local_search/run_1_worker_18/ils_config_13607819362478906567.prm
[INFO]:[01:03:35] CPLEX results. Gap: 98.700000, upper bound: 2072.450000, lower bound: 27.000000
[INFO]:[01:03:35] CPLEX solver finished. Gap: 98.700000
[INFO]:[01:03:35] Starting CPLEX solver on instance: /home/yorig/tuner/mpils-tests/instances/miplib/easy/fastxgemm-n2r6s0t2.mps with config: /scratch/yorig/mpils-results-grid-seconds-5-watchdog/easy/24proc/seed-5/2_fastxgemm-n2r6s0t2_seed-5_20260504_010323/iterated_local_search/run_1_worker_18/ils_config_10189952875921345212.prm
[INFO]:[01:03:35] Starting CPLEX solver on instance: /home/yorig/tuner/mpils-tests/instances/miplib/easy/fastxgemm-n2r6s0t2.mps with config: /scratch/yorig/mpils-results-grid-seconds-5-watchdog/easy/24proc/seed-5/2_fastxgemm-n2r6s0t2_seed-5_20260504_010323/iterated_local_search/run_1_worker_18/ils_config_10189952875921345212.prm
[INFO]:[01:03:40] CPLEX results. Gap: 98.700000, upper bound: 2072.450000, lower bound: 27.000000
[INFO]:[01:03:40] CPLEX solver finished. Gap: 98.700000
[INFO]:[01:03:40] Starting CPLEX solver on instance: /home/yorig/tuner/mpils-tests/instances/miplib/easy/fastxgemm-n2r6s0t2.mps with config: /scratch/yorig/mpils-results-grid-seconds-5-watchdog/easy/24proc/seed-5/2_fastxgemm-n2r6s0t2_seed-5_20260504_010323/iterated_local_search/run_1_worker_18/ils_config_12838418070058989248.prm
[INFO]:[01:03:40] Starting CPLEX solver on instance: /home/yorig/tuner/mpils-tests/instances/miplib/easy/fastxgemm-n2r6s0t2.mps with config: /scratch/yorig/mpils-results-grid-seconds-5-watchdog/easy/24proc/seed-5/2_fastxgemm-n2r6s0t2_seed-5_20260504_010323/iterated_local_search/run_1_worker_18/ils_config_12838418070058989248.prm
[INFO]:[01:03:45] CPLEX results. Gap: 98.700000, upper bound: 2072.450000, lower bound: 27.000000
[INFO]:[01:03:45] CPLEX solver finished. Gap: 98.700000
[INFO]:[01:03:45] Starting CPLEX solver on instance: /home/yorig/tuner/mpils-tests/instances/miplib/easy/fastxgemm-n2r6s0t2.mps with config: /scratch/yorig/mpils-results-grid-seconds-5-watchdog/easy/24proc/seed-5/2_fastxgemm-n2r6s0t2_seed-5_20260504_010323/iterated_local_search/run_1_worker_18/ils_config_18104315440546489570.prm
[INFO]:[01:03:45] Starting CPLEX solver on instance: /home/yorig/tuner/mpils-tests/instances/miplib/easy/fastxgemm-n2r6s0t2.mps with config: /scratch/yorig/mpils-results-grid-seconds-5-watchdog/easy/24proc/seed-5/2_fastxgemm-n2r6s0t2_seed-5_20260504_010323/iterated_local_search/run_1_worker_18/ils_config_18104315440546489570.prm
[INFO]:[01:03:50] CPLEX results. Gap: 88.260000, upper bound: 230.000000, lower bound: 27.000000
[INFO]:[01:03:50] CPLEX solver finished. Gap: 88.260000
[INFO]:[01:03:50] New incumbent found with objective value: 88.26
[INFO]:[01:03:50] Starting CPLEX solver on instance: /home/yorig/tuner/mpils-tests/instances/miplib/easy/fastxgemm-n2r6s0t2.mps with config: /scratch/yorig/mpils-results-grid-seconds-5-watchdog/easy/24proc/seed-5/2_fastxgemm-n2r6s0t2_seed-5_20260504_010323/iterated_local_search/run_1_worker_18/ils_config_8729131630924327759.prm
[INFO]:[01:03:50] Starting CPLEX solver on instance: /home/yorig/tuner/mpils-tests/instances/miplib/easy/fastxgemm-n2r6s0t2.mps with config: /scratch/yorig/mpils-results-grid-seconds-5-watchdog/easy/24proc/seed-5/2_fastxgemm-n2r6s0t2_seed-5_20260504_010323/iterated_local_search/run_1_worker_18/ils_config_8729131630924327759.prm
[INFO]:[01:03:55] CPLEX results. Gap: 88.260000, upper bound: 230.000000, lower bound: 27.000000
[INFO]:[01:03:55] CPLEX solver finished. Gap: 88.260000
[INFO]:[01:03:55] Starting CPLEX solver on instance: /home/yorig/tuner/mpils-tests/instances/miplib/easy/fastxgemm-n2r6s0t2.mps with config: /scratch/yorig/mpils-results-grid-seconds-5-watchdog/easy/24proc/seed-5/2_fastxgemm-n2r6s0t2_seed-5_20260504_010323/iterated_local_search/run_1_worker_18/ils_config_18299884207883383012.prm
[INFO]:[01:03:55] Starting CPLEX solver on instance: /home/yorig/tuner/mpils-tests/instances/miplib/easy/fastxgemm-n2r6s0t2.mps with config: /scratch/yorig/mpils-results-grid-seconds-5-watchdog/easy/24proc/seed-5/2_fastxgemm-n2r6s0t2_seed-5_20260504_010323/iterated_local_search/run_1_worker_18/ils_config_18299884207883383012.prm
[INFO]:[01:04:00] CPLEX results. Gap: 88.260000, upper bound: 230.000000, lower bound: 27.000000
[INFO]:[01:04:00] CPLEX solver finished. Gap: 88.260000
[INFO]:[01:04:00] Starting CPLEX solver on instance: /home/yorig/tuner/mpils-tests/instances/miplib/easy/fastxgemm-n2r6s0t2.mps with config: /scratch/yorig/mpils-results-grid-seconds-5-watchdog/easy/24proc/seed-5/2_fastxgemm-n2r6s0t2_seed-5_20260504_010323/iterated_local_search/run_1_worker_18/ils_config_797864308660070019.prm
[INFO]:[01:04:00] Starting CPLEX solver on instance: /home/yorig/tuner/mpils-tests/instances/miplib/easy/fastxgemm-n2r6s0t2.mps with config: /scratch/yorig/mpils-results-grid-seconds-5-watchdog/easy/24proc/seed-5/2_fastxgemm-n2r6s0t2_seed-5_20260504_010323/iterated_local_search/run_1_worker_18/ils_config_797864308660070019.prm
[INFO]:[01:04:05] CPLEX results. Gap: 88.260000, upper bound: 230.000000, lower bound: 27.000000
[INFO]:[01:04:05] CPLEX solver finished. Gap: 88.260000
[INFO]:[01:04:05] Starting CPLEX solver on instance: /home/yorig/tuner/mpils-tests/instances/miplib/easy/fastxgemm-n2r6s0t2.mps with config: /scratch/yorig/mpils-results-grid-seconds-5-watchdog/easy/24proc/seed-5/2_fastxgemm-n2r6s0t2_seed-5_20260504_010323/iterated_local_search/run_1_worker_18/ils_config_5767410167857491351.prm
[INFO]:[01:04:05] Starting CPLEX solver on instance: /home/yorig/tuner/mpils-tests/instances/miplib/easy/fastxgemm-n2r6s0t2.mps with config: /scratch/yorig/mpils-results-grid-seconds-5-watchdog/easy/24proc/seed-5/2_fastxgemm-n2r6s0t2_seed-5_20260504_010323/iterated_local_search/run_1_worker_18/ils_config_5767410167857491351.prm
[INFO]:[01:04:10] CPLEX results. Gap: 88.260000, upper bound: 230.000000, lower bound: 27.000000
[INFO]:[01:04:10] CPLEX solver finished. Gap: 88.260000
[INFO]:[01:04:10] Starting CPLEX solver on instance: /home/yorig/tuner/mpils-tests/instances/miplib/easy/fastxgemm-n2r6s0t2.mps with config: /scratch/yorig/mpils-results-grid-seconds-5-watchdog/easy/24proc/seed-5/2_fastxgemm-n2r6s0t2_seed-5_20260504_010323/iterated_local_search/run_1_worker_18/ils_config_3796421513671945862.prm
[INFO]:[01:04:10] Starting CPLEX solver on instance: /home/yorig/tuner/mpils-tests/instances/miplib/easy/fastxgemm-n2r6s0t2.mps with config: /scratch/yorig/mpils-results-grid-seconds-5-watchdog/easy/24proc/seed-5/2_fastxgemm-n2r6s0t2_seed-5_20260504_010323/iterated_local_search/run_1_worker_18/ils_config_3796421513671945862.prm
[INFO]:[01:04:15] CPLEX results. Gap: 88.260000, upper bound: 230.000000, lower bound: 27.000000
[INFO]:[01:04:15] CPLEX solver finished. Gap: 88.260000
[INFO]:[01:04:15] Starting CPLEX solver on instance: /home/yorig/tuner/mpils-tests/instances/miplib/easy/fastxgemm-n2r6s0t2.mps with config: /scratch/yorig/mpils-results-grid-seconds-5-watchdog/easy/24proc/seed-5/2_fastxgemm-n2r6s0t2_seed-5_20260504_010323/iterated_local_search/run_1_worker_18/ils_config_11788373762146397787.prm
[INFO]:[01:04:15] Starting CPLEX solver on instance: /home/yorig/tuner/mpils-tests/instances/miplib/easy/fastxgemm-n2r6s0t2.mps with config: /scratch/yorig/mpils-results-grid-seconds-5-watchdog/easy/24proc/seed-5/2_fastxgemm-n2r6s0t2_seed-5_20260504_010323/iterated_local_search/run_1_worker_18/ils_config_11788373762146397787.prm
[INFO]:[01:04:20] CPLEX results. Gap: 94.880000, upper bound: 527.000000, lower bound: 27.000000
[INFO]:[01:04:20] CPLEX solver finished. Gap: 94.880000
[INFO]:[01:04:20] Starting CPLEX solver on instance: /home/yorig/tuner/mpils-tests/instances/miplib/easy/fastxgemm-n2r6s0t2.mps with config: /scratch/yorig/mpils-results-grid-seconds-5-watchdog/easy/24proc/seed-5/2_fastxgemm-n2r6s0t2_seed-5_20260504_010323/iterated_local_search/run_1_worker_18/ils_config_7137157642446062028.prm
[INFO]:[01:04:20] Starting CPLEX solver on instance: /home/yorig/tuner/mpils-tests/instances/miplib/easy/fastxgemm-n2r6s0t2.mps with config: /scratch/yorig/mpils-results-grid-seconds-5-watchdog/easy/24proc/seed-5/2_fastxgemm-n2r6s0t2_seed-5_20260504_010323/iterated_local_search/run_1_worker_18/ils_config_7137157642446062028.prm
[INFO]:[01:04:25] CPLEX results. Gap: 88.260000, upper bound: 230.000000, lower bound: 27.000000
[INFO]:[01:04:25] CPLEX solver finished. Gap: 88.260000
[INFO]:[01:04:25] Starting CPLEX solver on instance: /home/yorig/tuner/mpils-tests/instances/miplib/easy/fastxgemm-n2r6s0t2.mps with config: /scratch/yorig/mpils-results-grid-seconds-5-watchdog/easy/24proc/seed-5/2_fastxgemm-n2r6s0t2_seed-5_20260504_010323/iterated_local_search/run_1_worker_18/ils_config_11321999106797628739.prm
[INFO]:[01:04:25] Starting CPLEX solver on instance: /home/yorig/tuner/mpils-tests/instances/miplib/easy/fastxgemm-n2r6s0t2.mps with config: /scratch/yorig/mpils-results-grid-seconds-5-watchdog/easy/24proc/seed-5/2_fastxgemm-n2r6s0t2_seed-5_20260504_010323/iterated_local_search/run_1_worker_18/ils_config_11321999106797628739.prm
[INFO]:[01:04:30] CPLEX results. Gap: 88.260000, upper bound: 230.000000, lower bound: 27.000000
[INFO]:[01:04:30] CPLEX solver finished. Gap: 88.260000
[INFO]:[01:04:30] Starting CPLEX solver on instance: /home/yorig/tuner/mpils-tests/instances/miplib/easy/fastxgemm-n2r6s0t2.mps with config: /scratch/yorig/mpils-results-grid-seconds-5-watchdog/easy/24proc/seed-5/2_fastxgemm-n2r6s0t2_seed-5_20260504_010323/iterated_local_search/run_1_worker_18/ils_config_14150267299333187811.prm
[INFO]:[01:04:30] Starting CPLEX solver on instance: /home/yorig/tuner/mpils-tests/instances/miplib/easy/fastxgemm-n2r6s0t2.mps with config: /scratch/yorig/mpils-results-grid-seconds-5-watchdog/easy/24proc/seed-5/2_fastxgemm-n2r6s0t2_seed-5_20260504_010323/iterated_local_search/run_1_worker_18/ils_config_14150267299333187811.prm
[INFO]:[01:04:35] CPLEX results. Gap: 88.260000, upper bound: 230.000000, lower bound: 27.000000
[INFO]:[01:04:35] CPLEX solver finished. Gap: 88.260000
[INFO]:[01:04:35] Starting CPLEX solver on instance: /home/yorig/tuner/mpils-tests/instances/miplib/easy/fastxgemm-n2r6s0t2.mps with config: /scratch/yorig/mpils-results-grid-seconds-5-watchdog/easy/24proc/seed-5/2_fastxgemm-n2r6s0t2_seed-5_20260504_010323/iterated_local_search/run_1_worker_18/ils_config_218826198631685898.prm
[INFO]:[01:04:35] Starting CPLEX solver on instance: /home/yorig/tuner/mpils-tests/instances/miplib/easy/fastxgemm-n2r6s0t2.mps with config: /scratch/yorig/mpils-results-grid-seconds-5-watchdog/easy/24proc/seed-5/2_fastxgemm-n2r6s0t2_seed-5_20260504_010323/iterated_local_search/run_1_worker_18/ils_config_218826198631685898.prm
[INFO]:[01:04:40] CPLEX results. Gap: 88.260000, upper bound: 230.000000, lower bound: 27.000000
[INFO]:[01:04:40] CPLEX solver finished. Gap: 88.260000
[INFO]:[01:04:40] Starting CPLEX solver on instance: /home/yorig/tuner/mpils-tests/instances/miplib/easy/fastxgemm-n2r6s0t2.mps with config: /scratch/yorig/mpils-results-grid-seconds-5-watchdog/easy/24proc/seed-5/2_fastxgemm-n2r6s0t2_seed-5_20260504_010323/iterated_local_search/run_1_worker_18/ils_config_3735211702834112550.prm
[INFO]:[01:04:40] Starting CPLEX solver on instance: /home/yorig/tuner/mpils-tests/instances/miplib/easy/fastxgemm-n2r6s0t2.mps with config: /scratch/yorig/mpils-results-grid-seconds-5-watchdog/easy/24proc/seed-5/2_fastxgemm-n2r6s0t2_seed-5_20260504_010323/iterated_local_search/run_1_worker_18/ils_config_3735211702834112550.prm
[INFO]:[01:04:45] CPLEX results. Gap: 88.260000, upper bound: 230.000000, lower bound: 27.000000
[INFO]:[01:04:45] CPLEX solver finished. Gap: 88.260000
[INFO]:[01:04:45] Starting CPLEX solver on instance: /home/yorig/tuner/mpils-tests/instances/miplib/easy/fastxgemm-n2r6s0t2.mps with config: /scratch/yorig/mpils-results-grid-seconds-5-watchdog/easy/24proc/seed-5/2_fastxgemm-n2r6s0t2_seed-5_20260504_010323/iterated_local_search/run_1_worker_18/ils_config_15455973220704534768.prm
[INFO]:[01:04:45] Starting CPLEX solver on instance: /home/yorig/tuner/mpils-tests/instances/miplib/easy/fastxgemm-n2r6s0t2.mps with config: /scratch/yorig/mpils-results-grid-seconds-5-watchdog/easy/24proc/seed-5/2_fastxgemm-n2r6s0t2_seed-5_20260504_010323/iterated_local_search/run_1_worker_18/ils_config_15455973220704534768.prm
[INFO]:[01:04:50] CPLEX results. Gap: 88.260000, upper bound: 230.000000, lower bound: 27.000000
[INFO]:[01:04:50] CPLEX solver finished. Gap: 88.260000
[INFO]:[01:04:50] Starting CPLEX solver on instance: /home/yorig/tuner/mpils-tests/instances/miplib/easy/fastxgemm-n2r6s0t2.mps with config: /scratch/yorig/mpils-results-grid-seconds-5-watchdog/easy/24proc/seed-5/2_fastxgemm-n2r6s0t2_seed-5_20260504_010323/iterated_local_search/run_1_worker_18/ils_config_18069516026759548413.prm
[INFO]:[01:04:50] Starting CPLEX solver on instance: /home/yorig/tuner/mpils-tests/instances/miplib/easy/fastxgemm-n2r6s0t2.mps with config: /scratch/yorig/mpils-results-grid-seconds-5-watchdog/easy/24proc/seed-5/2_fastxgemm-n2r6s0t2_seed-5_20260504_010323/iterated_local_search/run_1_worker_18/ils_config_18069516026759548413.prm
[INFO]:[01:04:55] CPLEX results. Gap: 88.260000, upper bound: 230.000000, lower bound: 27.000000
[INFO]:[01:04:55] CPLEX solver finished. Gap: 88.260000
[INFO]:[01:04:55] Starting CPLEX solver on instance: /home/yorig/tuner/mpils-tests/instances/miplib/easy/fastxgemm-n2r6s0t2.mps with config: /scratch/yorig/mpils-results-grid-seconds-5-watchdog/easy/24proc/seed-5/2_fastxgemm-n2r6s0t2_seed-5_20260504_010323/iterated_local_search/run_1_worker_18/ils_config_5855888242177079891.prm
[INFO]:[01:04:55] Starting CPLEX solver on instance: /home/yorig/tuner/mpils-tests/instances/miplib/easy/fastxgemm-n2r6s0t2.mps with config: /scratch/yorig/mpils-results-grid-seconds-5-watchdog/easy/24proc/seed-5/2_fastxgemm-n2r6s0t2_seed-5_20260504_010323/iterated_local_search/run_1_worker_18/ils_config_5855888242177079891.prm
[INFO]:[01:05:00] CPLEX results. Gap: 88.260000, upper bound: 230.000000, lower bound: 27.000000
[INFO]:[01:05:00] CPLEX solver finished. Gap: 88.260000
[INFO]:[01:05:00] Starting CPLEX solver on instance: /home/yorig/tuner/mpils-tests/instances/miplib/easy/fastxgemm-n2r6s0t2.mps with config: /scratch/yorig/mpils-results-grid-seconds-5-watchdog/easy/24proc/seed-5/2_fastxgemm-n2r6s0t2_seed-5_20260504_010323/iterated_local_search/run_1_worker_18/ils_config_1337599814824852460.prm
[INFO]:[01:05:00] Starting CPLEX solver on instance: /home/yorig/tuner/mpils-tests/instances/miplib/easy/fastxgemm-n2r6s0t2.mps with config: /scratch/yorig/mpils-results-grid-seconds-5-watchdog/easy/24proc/seed-5/2_fastxgemm-n2r6s0t2_seed-5_20260504_010323/iterated_local_search/run_1_worker_18/ils_config_1337599814824852460.prm
[INFO]:[01:05:05] CPLEX results. Gap: 88.260000, upper bound: 230.000000, lower bound: 27.000000
[INFO]:[01:05:05] CPLEX solver finished. Gap: 88.260000
[INFO]:[01:05:05] Local search phase completed.
[INFO]:[01:05:05] Total number of new local-search evaluations: 20
[INFO]:[01:05:05] Final incumbent objective value: 88.26
[INFO]:[01:05:05] Worker 18 completed exploration phase.
[INFO]:[01:05:05] Worker 18 received order for step 2.
[INFO]:[01:05:05] Worker 18 running expansion phase for iteration 1.
[INFO]:[01:05:05] Worker 18 will use solver log file: /scratch/yorig/mpils-results-grid-seconds-5-watchdog/easy/24proc/seed-5/2_fastxgemm-n2r6s0t2_seed-5_20260504_010323/solver/cplex.log_iteration_expansion_1_worker_18
[INFO]:[01:05:05] Expansion Worker 18 starting expansion for iteration 1.
[INFO]:[01:05:05] Starting CPLEX solver on instance: /home/yorig/tuner/mpils-tests/instances/miplib/easy/fastxgemm-n2r6s0t2.mps with config: /scratch/yorig/mpils-results-grid-seconds-5-watchdog/easy/24proc/seed-5/2_fastxgemm-n2r6s0t2_seed-5_20260504_010323/expansion/config_param_CPXPARAM_MIP_Strategy_BBInterval_4_iter_1.prm
[INFO]:[01:05:10] CPLEX results. Gap: 85.220000, upper bound: 230.000000, lower bound: 34.000000
[INFO]:[01:05:10] CPLEX solver finished. Gap: 85.220000
[INFO]:[01:05:10] Starting CPLEX solver on instance: /home/yorig/tuner/mpils-tests/instances/miplib/easy/fastxgemm-n2r6s0t2.mps with config: /scratch/yorig/mpils-results-grid-seconds-5-watchdog/easy/24proc/seed-5/2_fastxgemm-n2r6s0t2_seed-5_20260504_010323/expansion/config_param_CPXPARAM_MIP_Strategy_BBInterval_5_iter_1.prm
[INFO]:[01:05:15] CPLEX results. Gap: 85.220000, upper bound: 230.000000, lower bound: 34.000000
[INFO]:[01:05:15] CPLEX solver finished. Gap: 85.220000
[INFO]:[01:05:15] Expansion Worker 18 stopping early after global MPI expansion stop was activated.
[INFO]:[01:05:15] Expansion Worker 18 completed expansion.
[INFO]:[01:05:15] Worker 18 completed expansion phase.
[INFO]:[01:05:16] Worker 18 received order for step 1.
[INFO]:[01:05:16] Worker 18 running exploration phase for iteration 2.
[INFO]:[01:05:16] Worker 18 at iteration 2 will not use a MIP start file. Current best MIP-start upper bound threshold is 1.79769e+308.
[INFO]:[01:05:16] Starting local search phase...
[INFO]:[01:05:16] Creating local search space from parameter space file: /scratch/yorig/mpils-results-grid-seconds-5-watchdog/easy/24proc/seed-5/2_fastxgemm-n2r6s0t2_seed-5_20260504_010323/iterated_local_search/search_space/search_space_file_2_worker_18.txt
[INFO]:[01:05:16] Local search space loaded from file: /scratch/yorig/mpils-results-grid-seconds-5-watchdog/easy/24proc/seed-5/2_fastxgemm-n2r6s0t2_seed-5_20260504_010323/iterated_local_search/search_space/search_space_file_2_worker_18.txt
[INFO]:[01:05:16] Number of parameters in local search space: 71
[INFO]:[01:05:16] Number of forbidden tuples in local search space: 28
[INFO]:[01:05:16] Number of conditionals in local search space: 6
[INFO]:[01:05:16] MIP start option not enabled. Local search will proceed without MIP start.
[INFO]:[01:05:16] Evaluating initial configuration for local search phase...
[INFO]:[01:05:16] Starting CPLEX solver on instance: /home/yorig/tuner/mpils-tests/instances/miplib/easy/fastxgemm-n2r6s0t2.mps with config: /scratch/yorig/mpils-results-grid-seconds-5-watchdog/easy/24proc/seed-5/2_fastxgemm-n2r6s0t2_seed-5_20260504_010323/iterated_local_search/run_2_worker_18/ils_config_5758231451217489797.prm
[INFO]:[01:05:16] Starting CPLEX solver on instance: /home/yorig/tuner/mpils-tests/instances/miplib/easy/fastxgemm-n2r6s0t2.mps with config: /scratch/yorig/mpils-results-grid-seconds-5-watchdog/easy/24proc/seed-5/2_fastxgemm-n2r6s0t2_seed-5_20260504_010323/iterated_local_search/run_2_worker_18/ils_config_5758231451217489797.prm
[INFO]:[01:05:21] CPLEX results. Gap: 88.260000, upper bound: 230.000000, lower bound: 27.000000
[INFO]:[01:05:21] CPLEX solver finished. Gap: 88.260000
[INFO]:[01:05:21] Initial configuration evaluated with objective value: 88.26
[INFO]:[01:05:21] Starting CPLEX solver on instance: /home/yorig/tuner/mpils-tests/instances/miplib/easy/fastxgemm-n2r6s0t2.mps with config: /scratch/yorig/mpils-results-grid-seconds-5-watchdog/easy/24proc/seed-5/2_fastxgemm-n2r6s0t2_seed-5_20260504_010323/iterated_local_search/run_2_worker_18/ils_config_14896964147510432064.prm
[INFO]:[01:05:21] Starting CPLEX solver on instance: /home/yorig/tuner/mpils-tests/instances/miplib/easy/fastxgemm-n2r6s0t2.mps with config: /scratch/yorig/mpils-results-grid-seconds-5-watchdog/easy/24proc/seed-5/2_fastxgemm-n2r6s0t2_seed-5_20260504_010323/iterated_local_search/run_2_worker_18/ils_config_14896964147510432064.prm
[INFO]:[01:05:26] CPLEX results. Gap: 88.260000, upper bound: 230.000000, lower bound: 27.000000
[INFO]:[01:05:26] CPLEX solver finished. Gap: 88.260000
[INFO]:[01:05:26] Starting CPLEX solver on instance: /home/yorig/tuner/mpils-tests/instances/miplib/easy/fastxgemm-n2r6s0t2.mps with config: /scratch/yorig/mpils-results-grid-seconds-5-watchdog/easy/24proc/seed-5/2_fastxgemm-n2r6s0t2_seed-5_20260504_010323/iterated_local_search/run_2_worker_18/ils_config_17586717816896246825.prm
[INFO]:[01:05:26] Starting CPLEX solver on instance: /home/yorig/tuner/mpils-tests/instances/miplib/easy/fastxgemm-n2r6s0t2.mps with config: /scratch/yorig/mpils-results-grid-seconds-5-watchdog/easy/24proc/seed-5/2_fastxgemm-n2r6s0t2_seed-5_20260504_010323/iterated_local_search/run_2_worker_18/ils_config_17586717816896246825.prm
[INFO]:[01:05:31] CPLEX results. Gap: 88.260000, upper bound: 230.000000, lower bound: 27.000000
[INFO]:[01:05:31] CPLEX solver finished. Gap: 88.260000
[INFO]:[01:05:31] Starting CPLEX solver on instance: /home/yorig/tuner/mpils-tests/instances/miplib/easy/fastxgemm-n2r6s0t2.mps with config: /scratch/yorig/mpils-results-grid-seconds-5-watchdog/easy/24proc/seed-5/2_fastxgemm-n2r6s0t2_seed-5_20260504_010323/iterated_local_search/run_2_worker_18/ils_config_3356303176095831478.prm
[INFO]:[01:05:31] Starting CPLEX solver on instance: /home/yorig/tuner/mpils-tests/instances/miplib/easy/fastxgemm-n2r6s0t2.mps with config: /scratch/yorig/mpils-results-grid-seconds-5-watchdog/easy/24proc/seed-5/2_fastxgemm-n2r6s0t2_seed-5_20260504_010323/iterated_local_search/run_2_worker_18/ils_config_3356303176095831478.prm
[INFO]:[01:05:36] CPLEX results. Gap: 88.260000, upper bound: 230.000000, lower bound: 27.000000
[INFO]:[01:05:36] CPLEX solver finished. Gap: 88.260000
[INFO]:[01:05:36] Starting CPLEX solver on instance: /home/yorig/tuner/mpils-tests/instances/miplib/easy/fastxgemm-n2r6s0t2.mps with config: /scratch/yorig/mpils-results-grid-seconds-5-watchdog/easy/24proc/seed-5/2_fastxgemm-n2r6s0t2_seed-5_20260504_010323/iterated_local_search/run_2_worker_18/ils_config_15849128166598655249.prm
[INFO]:[01:05:36] Starting CPLEX solver on instance: /home/yorig/tuner/mpils-tests/instances/miplib/easy/fastxgemm-n2r6s0t2.mps with config: /scratch/yorig/mpils-results-grid-seconds-5-watchdog/easy/24proc/seed-5/2_fastxgemm-n2r6s0t2_seed-5_20260504_010323/iterated_local_search/run_2_worker_18/ils_config_15849128166598655249.prm
[INFO]:[01:05:41] CPLEX results. Gap: 88.260000, upper bound: 230.000000, lower bound: 27.000000
[INFO]:[01:05:41] CPLEX solver finished. Gap: 88.260000
[INFO]:[01:05:41] Starting CPLEX solver on instance: /home/yorig/tuner/mpils-tests/instances/miplib/easy/fastxgemm-n2r6s0t2.mps with config: /scratch/yorig/mpils-results-grid-seconds-5-watchdog/easy/24proc/seed-5/2_fastxgemm-n2r6s0t2_seed-5_20260504_010323/iterated_local_search/run_2_worker_18/ils_config_16944497001526912244.prm
[INFO]:[01:05:41] Starting CPLEX solver on instance: /home/yorig/tuner/mpils-tests/instances/miplib/easy/fastxgemm-n2r6s0t2.mps with config: /scratch/yorig/mpils-results-grid-seconds-5-watchdog/easy/24proc/seed-5/2_fastxgemm-n2r6s0t2_seed-5_20260504_010323/iterated_local_search/run_2_worker_18/ils_config_16944497001526912244.prm
[INFO]:[01:05:46] CPLEX results. Gap: 88.260000, upper bound: 230.000000, lower bound: 27.000000
[INFO]:[01:05:46] CPLEX solver finished. Gap: 88.260000
[INFO]:[01:05:46] Starting CPLEX solver on instance: /home/yorig/tuner/mpils-tests/instances/miplib/easy/fastxgemm-n2r6s0t2.mps with config: /scratch/yorig/mpils-results-grid-seconds-5-watchdog/easy/24proc/seed-5/2_fastxgemm-n2r6s0t2_seed-5_20260504_010323/iterated_local_search/run_2_worker_18/ils_config_17556252492591283011.prm
[INFO]:[01:05:46] Starting CPLEX solver on instance: /home/yorig/tuner/mpils-tests/instances/miplib/easy/fastxgemm-n2r6s0t2.mps with config: /scratch/yorig/mpils-results-grid-seconds-5-watchdog/easy/24proc/seed-5/2_fastxgemm-n2r6s0t2_seed-5_20260504_010323/iterated_local_search/run_2_worker_18/ils_config_17556252492591283011.prm
[INFO]:[01:05:51] CPLEX results. Gap: 88.260000, upper bound: 230.000000, lower bound: 27.000000
[INFO]:[01:05:51] CPLEX solver finished. Gap: 88.260000
[INFO]:[01:05:51] Starting CPLEX solver on instance: /home/yorig/tuner/mpils-tests/instances/miplib/easy/fastxgemm-n2r6s0t2.mps with config: /scratch/yorig/mpils-results-grid-seconds-5-watchdog/easy/24proc/seed-5/2_fastxgemm-n2r6s0t2_seed-5_20260504_010323/iterated_local_search/run_2_worker_18/ils_config_16824257909097570195.prm
[INFO]:[01:05:51] Starting CPLEX solver on instance: /home/yorig/tuner/mpils-tests/instances/miplib/easy/fastxgemm-n2r6s0t2.mps with config: /scratch/yorig/mpils-results-grid-seconds-5-watchdog/easy/24proc/seed-5/2_fastxgemm-n2r6s0t2_seed-5_20260504_010323/iterated_local_search/run_2_worker_18/ils_config_16824257909097570195.prm
[INFO]:[01:05:56] CPLEX results. Gap: 88.260000, upper bound: 230.000000, lower bound: 27.000000
[INFO]:[01:05:56] CPLEX solver finished. Gap: 88.260000
[INFO]:[01:05:56] Starting CPLEX solver on instance: /home/yorig/tuner/mpils-tests/instances/miplib/easy/fastxgemm-n2r6s0t2.mps with config: /scratch/yorig/mpils-results-grid-seconds-5-watchdog/easy/24proc/seed-5/2_fastxgemm-n2r6s0t2_seed-5_20260504_010323/iterated_local_search/run_2_worker_18/ils_config_6731545919142599032.prm
[INFO]:[01:05:56] Starting CPLEX solver on instance: /home/yorig/tuner/mpils-tests/instances/miplib/easy/fastxgemm-n2r6s0t2.mps with config: /scratch/yorig/mpils-results-grid-seconds-5-watchdog/easy/24proc/seed-5/2_fastxgemm-n2r6s0t2_seed-5_20260504_010323/iterated_local_search/run_2_worker_18/ils_config_6731545919142599032.prm
[INFO]:[01:06:01] CPLEX results. Gap: 88.260000, upper bound: 230.000000, lower bound: 27.000000
[INFO]:[01:06:01] CPLEX solver finished. Gap: 88.260000
[INFO]:[01:06:01] Local search phase completed.
[INFO]:[01:06:01] Total number of new local-search evaluations: 9
[INFO]:[01:06:01] Final incumbent objective value: 88.26
[INFO]:[01:06:01] Worker 18 completed exploration phase.
[INFO]:[01:06:01] Worker 18 received order for step 2.
[INFO]:[01:06:01] Worker 18 running expansion phase for iteration 2.
[INFO]:[01:06:01] Worker 18 will use solver log file: /scratch/yorig/mpils-results-grid-seconds-5-watchdog/easy/24proc/seed-5/2_fastxgemm-n2r6s0t2_seed-5_20260504_010323/solver/cplex.log_iteration_expansion_2_worker_18
[INFO]:[01:06:01] Expansion Worker 18 starting expansion for iteration 2.
[INFO]:[01:06:01] Starting CPLEX solver on instance: /home/yorig/tuner/mpils-tests/instances/miplib/easy/fastxgemm-n2r6s0t2.mps with config: /scratch/yorig/mpils-results-grid-seconds-5-watchdog/easy/24proc/seed-5/2_fastxgemm-n2r6s0t2_seed-5_20260504_010323/expansion/config_param_CPXPARAM_MIP_Strategy_SubAlgorithm_5_iter_2.prm
[INFO]:[01:06:06] CPLEX results. Gap: 96.610000, upper bound: 827.000000, lower bound: 28.000000
[INFO]:[01:06:06] CPLEX solver finished. Gap: 96.610000
[INFO]:[01:06:11] Expansion Worker 18 stopping early after global MPI expansion stop was activated.
[INFO]:[01:06:11] Expansion Worker 18 completed expansion.
[INFO]:[01:06:11] Worker 18 completed expansion phase.
[INFO]:[01:06:11] Worker 18 received order for step 1.
[INFO]:[01:06:11] Worker 18 running exploration phase for iteration 3.
[INFO]:[01:06:11] Worker 18 at iteration 3 will not use a MIP start file. Current best MIP-start upper bound threshold is 1.79769e+308.
[INFO]:[01:06:11] Starting local search phase...
[INFO]:[01:06:11] Creating local search space from parameter space file: /scratch/yorig/mpils-results-grid-seconds-5-watchdog/easy/24proc/seed-5/2_fastxgemm-n2r6s0t2_seed-5_20260504_010323/iterated_local_search/search_space/search_space_file_3_worker_18.txt
[INFO]:[01:06:11] Local search space loaded from file: /scratch/yorig/mpils-results-grid-seconds-5-watchdog/easy/24proc/seed-5/2_fastxgemm-n2r6s0t2_seed-5_20260504_010323/iterated_local_search/search_space/search_space_file_3_worker_18.txt
[INFO]:[01:06:11] Number of parameters in local search space: 71
[INFO]:[01:06:11] Number of forbidden tuples in local search space: 29
[INFO]:[01:06:11] Number of conditionals in local search space: 6
[INFO]:[01:06:11] MIP start option not enabled. Local search will proceed without MIP start.
[INFO]:[01:06:11] Evaluating initial configuration for local search phase...
[INFO]:[01:06:11] Starting CPLEX solver on instance: /home/yorig/tuner/mpils-tests/instances/miplib/easy/fastxgemm-n2r6s0t2.mps with config: /scratch/yorig/mpils-results-grid-seconds-5-watchdog/easy/24proc/seed-5/2_fastxgemm-n2r6s0t2_seed-5_20260504_010323/iterated_local_search/run_3_worker_18/ils_config_8644528758272044812.prm
[INFO]:[01:06:11] Starting CPLEX solver on instance: /home/yorig/tuner/mpils-tests/instances/miplib/easy/fastxgemm-n2r6s0t2.mps with config: /scratch/yorig/mpils-results-grid-seconds-5-watchdog/easy/24proc/seed-5/2_fastxgemm-n2r6s0t2_seed-5_20260504_010323/iterated_local_search/run_3_worker_18/ils_config_8644528758272044812.prm
[INFO]:[01:06:16] CPLEX results. Gap: 88.250000, upper bound: 230.000000, lower bound: 27.015000
[INFO]:[01:06:16] CPLEX solver finished. Gap: 88.250000
[INFO]:[01:06:16] Initial configuration evaluated with objective value: 88.25
[INFO]:[01:06:16] Starting CPLEX solver on instance: /home/yorig/tuner/mpils-tests/instances/miplib/easy/fastxgemm-n2r6s0t2.mps with config: /scratch/yorig/mpils-results-grid-seconds-5-watchdog/easy/24proc/seed-5/2_fastxgemm-n2r6s0t2_seed-5_20260504_010323/iterated_local_search/run_3_worker_18/ils_config_15109281957736685037.prm
[INFO]:[01:06:16] Starting CPLEX solver on instance: /home/yorig/tuner/mpils-tests/instances/miplib/easy/fastxgemm-n2r6s0t2.mps with config: /scratch/yorig/mpils-results-grid-seconds-5-watchdog/easy/24proc/seed-5/2_fastxgemm-n2r6s0t2_seed-5_20260504_010323/iterated_local_search/run_3_worker_18/ils_config_15109281957736685037.prm
[INFO]:[01:06:21] CPLEX results. Gap: 88.250000, upper bound: 230.000000, lower bound: 27.015000
[INFO]:[01:06:21] CPLEX solver finished. Gap: 88.250000
[INFO]:[01:06:21] Starting CPLEX solver on instance: /home/yorig/tuner/mpils-tests/instances/miplib/easy/fastxgemm-n2r6s0t2.mps with config: /scratch/yorig/mpils-results-grid-seconds-5-watchdog/easy/24proc/seed-5/2_fastxgemm-n2r6s0t2_seed-5_20260504_010323/iterated_local_search/run_3_worker_18/ils_config_13774771262574916460.prm
[INFO]:[01:06:21] Starting CPLEX solver on instance: /home/yorig/tuner/mpils-tests/instances/miplib/easy/fastxgemm-n2r6s0t2.mps with config: /scratch/yorig/mpils-results-grid-seconds-5-watchdog/easy/24proc/seed-5/2_fastxgemm-n2r6s0t2_seed-5_20260504_010323/iterated_local_search/run_3_worker_18/ils_config_13774771262574916460.prm
[INFO]:[01:06:26] CPLEX results. Gap: 88.250000, upper bound: 230.000000, lower bound: 27.015000
[INFO]:[01:06:26] CPLEX solver finished. Gap: 88.250000
[INFO]:[01:06:26] Starting CPLEX solver on instance: /home/yorig/tuner/mpils-tests/instances/miplib/easy/fastxgemm-n2r6s0t2.mps with config: /scratch/yorig/mpils-results-grid-seconds-5-watchdog/easy/24proc/seed-5/2_fastxgemm-n2r6s0t2_seed-5_20260504_010323/iterated_local_search/run_3_worker_18/ils_config_5082731172739830810.prm
[INFO]:[01:06:26] Starting CPLEX solver on instance: /home/yorig/tuner/mpils-tests/instances/miplib/easy/fastxgemm-n2r6s0t2.mps with config: /scratch/yorig/mpils-results-grid-seconds-5-watchdog/easy/24proc/seed-5/2_fastxgemm-n2r6s0t2_seed-5_20260504_010323/iterated_local_search/run_3_worker_18/ils_config_5082731172739830810.prm
[INFO]:[01:06:31] CPLEX results. Gap: 94.880000, upper bound: 527.000000, lower bound: 27.000000
[INFO]:[01:06:31] CPLEX solver finished. Gap: 94.880000
[INFO]:[01:06:31] Starting CPLEX solver on instance: /home/yorig/tuner/mpils-tests/instances/miplib/easy/fastxgemm-n2r6s0t2.mps with config: /scratch/yorig/mpils-results-grid-seconds-5-watchdog/easy/24proc/seed-5/2_fastxgemm-n2r6s0t2_seed-5_20260504_010323/iterated_local_search/run_3_worker_18/ils_config_13095220793286891924.prm
[INFO]:[01:06:31] Starting CPLEX solver on instance: /home/yorig/tuner/mpils-tests/instances/miplib/easy/fastxgemm-n2r6s0t2.mps with config: /scratch/yorig/mpils-results-grid-seconds-5-watchdog/easy/24proc/seed-5/2_fastxgemm-n2r6s0t2_seed-5_20260504_010323/iterated_local_search/run_3_worker_18/ils_config_13095220793286891924.prm
[INFO]:[01:06:36] CPLEX results. Gap: 94.880000, upper bound: 527.000000, lower bound: 27.000000
[INFO]:[01:06:36] CPLEX solver finished. Gap: 94.880000
[INFO]:[01:06:36] Starting CPLEX solver on instance: /home/yorig/tuner/mpils-tests/instances/miplib/easy/fastxgemm-n2r6s0t2.mps with config: /scratch/yorig/mpils-results-grid-seconds-5-watchdog/easy/24proc/seed-5/2_fastxgemm-n2r6s0t2_seed-5_20260504_010323/iterated_local_search/run_3_worker_18/ils_config_971263237761948058.prm
[INFO]:[01:06:36] Starting CPLEX solver on instance: /home/yorig/tuner/mpils-tests/instances/miplib/easy/fastxgemm-n2r6s0t2.mps with config: /scratch/yorig/mpils-results-grid-seconds-5-watchdog/easy/24proc/seed-5/2_fastxgemm-n2r6s0t2_seed-5_20260504_010323/iterated_local_search/run_3_worker_18/ils_config_971263237761948058.prm
[INFO]:[01:06:41] CPLEX results. Gap: 88.260000, upper bound: 230.000000, lower bound: 27.000000
[INFO]:[01:06:41] CPLEX solver finished. Gap: 88.260000
[INFO]:[01:06:41] Starting CPLEX solver on instance: /home/yorig/tuner/mpils-tests/instances/miplib/easy/fastxgemm-n2r6s0t2.mps with config: /scratch/yorig/mpils-results-grid-seconds-5-watchdog/easy/24proc/seed-5/2_fastxgemm-n2r6s0t2_seed-5_20260504_010323/iterated_local_search/run_3_worker_18/ils_config_15695164525885949667.prm
[INFO]:[01:06:41] Starting CPLEX solver on instance: /home/yorig/tuner/mpils-tests/instances/miplib/easy/fastxgemm-n2r6s0t2.mps with config: /scratch/yorig/mpils-results-grid-seconds-5-watchdog/easy/24proc/seed-5/2_fastxgemm-n2r6s0t2_seed-5_20260504_010323/iterated_local_search/run_3_worker_18/ils_config_15695164525885949667.prm
[INFO]:[01:06:46] CPLEX results. Gap: 94.880000, upper bound: 527.000000, lower bound: 27.000000
[INFO]:[01:06:46] CPLEX solver finished. Gap: 94.880000
[INFO]:[01:06:46] Starting CPLEX solver on instance: /home/yorig/tuner/mpils-tests/instances/miplib/easy/fastxgemm-n2r6s0t2.mps with config: /scratch/yorig/mpils-results-grid-seconds-5-watchdog/easy/24proc/seed-5/2_fastxgemm-n2r6s0t2_seed-5_20260504_010323/iterated_local_search/run_3_worker_18/ils_config_7139583135893386545.prm
[INFO]:[01:06:46] Starting CPLEX solver on instance: /home/yorig/tuner/mpils-tests/instances/miplib/easy/fastxgemm-n2r6s0t2.mps with config: /scratch/yorig/mpils-results-grid-seconds-5-watchdog/easy/24proc/seed-5/2_fastxgemm-n2r6s0t2_seed-5_20260504_010323/iterated_local_search/run_3_worker_18/ils_config_7139583135893386545.prm
[INFO]:[01:06:51] CPLEX results. Gap: 88.250000, upper bound: 230.000000, lower bound: 27.015000
[INFO]:[01:06:51] CPLEX solver finished. Gap: 88.250000
[INFO]:[01:06:51] Starting CPLEX solver on instance: /home/yorig/tuner/mpils-tests/instances/miplib/easy/fastxgemm-n2r6s0t2.mps with config: /scratch/yorig/mpils-results-grid-seconds-5-watchdog/easy/24proc/seed-5/2_fastxgemm-n2r6s0t2_seed-5_20260504_010323/iterated_local_search/run_3_worker_18/ils_config_18125558766686217559.prm
[INFO]:[01:06:51] Starting CPLEX solver on instance: /home/yorig/tuner/mpils-tests/instances/miplib/easy/fastxgemm-n2r6s0t2.mps with config: /scratch/yorig/mpils-results-grid-seconds-5-watchdog/easy/24proc/seed-5/2_fastxgemm-n2r6s0t2_seed-5_20260504_010323/iterated_local_search/run_3_worker_18/ils_config_18125558766686217559.prm
[INFO]:[01:06:56] CPLEX results. Gap: 88.260000, upper bound: 230.000000, lower bound: 27.010000
[INFO]:[01:06:56] CPLEX solver finished. Gap: 88.260000
[INFO]:[01:06:56] Starting CPLEX solver on instance: /home/yorig/tuner/mpils-tests/instances/miplib/easy/fastxgemm-n2r6s0t2.mps with config: /scratch/yorig/mpils-results-grid-seconds-5-watchdog/easy/24proc/seed-5/2_fastxgemm-n2r6s0t2_seed-5_20260504_010323/iterated_local_search/run_3_worker_18/ils_config_14233218359471437907.prm
[INFO]:[01:06:56] Starting CPLEX solver on instance: /home/yorig/tuner/mpils-tests/instances/miplib/easy/fastxgemm-n2r6s0t2.mps with config: /scratch/yorig/mpils-results-grid-seconds-5-watchdog/easy/24proc/seed-5/2_fastxgemm-n2r6s0t2_seed-5_20260504_010323/iterated_local_search/run_3_worker_18/ils_config_14233218359471437907.prm
[INFO]:[01:07:01] CPLEX results. Gap: 88.230000, upper bound: 230.000000, lower bound: 27.060000
[INFO]:[01:07:01] CPLEX solver finished. Gap: 88.230000
[INFO]:[01:07:01] New incumbent found with objective value: 88.23
[INFO]:[01:07:01] Local search phase completed.
[INFO]:[01:07:01] Total number of new local-search evaluations: 10
[INFO]:[01:07:01] Final incumbent objective value: 88.23
[INFO]:[01:07:02] Worker 18 completed exploration phase.
[INFO]:[01:07:02] Worker 18 received order for step 2.
[INFO]:[01:07:02] Worker 18 running expansion phase for iteration 3.
[INFO]:[01:07:02] Worker 18 will use solver log file: /scratch/yorig/mpils-results-grid-seconds-5-watchdog/easy/24proc/seed-5/2_fastxgemm-n2r6s0t2_seed-5_20260504_010323/solver/cplex.log_iteration_expansion_3_worker_18
[INFO]:[01:07:02] Expansion Worker 18 starting expansion for iteration 3.
[INFO]:[01:07:02] Starting CPLEX solver on instance: /home/yorig/tuner/mpils-tests/instances/miplib/easy/fastxgemm-n2r6s0t2.mps with config: /scratch/yorig/mpils-results-grid-seconds-5-watchdog/easy/24proc/seed-5/2_fastxgemm-n2r6s0t2_seed-5_20260504_010323/expansion/config_param_CPXPARAM_Preprocessing_CoeffReduce_0_iter_3.prm
[INFO]:[01:07:07] CPLEX results. Gap: 82.170000, upper bound: 230.000000, lower bound: 41.000000
[INFO]:[01:07:07] CPLEX solver finished. Gap: 82.170000
[INFO]:[01:07:12] Expansion Worker 18 stopping early after global MPI expansion stop was activated.
[INFO]:[01:07:12] Expansion Worker 18 completed expansion.
[INFO]:[01:07:12] Worker 18 completed expansion phase.
[INFO]:[01:07:12] Worker 18 received order for step 1.
[INFO]:[01:07:12] Worker 18 running exploration phase for iteration 4.
[INFO]:[01:07:12] Worker 18 at iteration 4 will not use a MIP start file. Current best MIP-start upper bound threshold is 1.79769e+308.
[INFO]:[01:07:12] Starting local search phase...
[INFO]:[01:07:12] Creating local search space from parameter space file: /scratch/yorig/mpils-results-grid-seconds-5-watchdog/easy/24proc/seed-5/2_fastxgemm-n2r6s0t2_seed-5_20260504_010323/iterated_local_search/search_space/search_space_file_4_worker_18.txt
[INFO]:[01:07:12] Local search space loaded from file: /scratch/yorig/mpils-results-grid-seconds-5-watchdog/easy/24proc/seed-5/2_fastxgemm-n2r6s0t2_seed-5_20260504_010323/iterated_local_search/search_space/search_space_file_4_worker_18.txt
[INFO]:[01:07:12] Number of parameters in local search space: 71
[INFO]:[01:07:12] Number of forbidden tuples in local search space: 30
[INFO]:[01:07:12] Number of conditionals in local search space: 6
[INFO]:[01:07:12] MIP start option not enabled. Local search will proceed without MIP start.
[INFO]:[01:07:12] Evaluating initial configuration for local search phase...
[INFO]:[01:07:12] Starting CPLEX solver on instance: /home/yorig/tuner/mpils-tests/instances/miplib/easy/fastxgemm-n2r6s0t2.mps with config: /scratch/yorig/mpils-results-grid-seconds-5-watchdog/easy/24proc/seed-5/2_fastxgemm-n2r6s0t2_seed-5_20260504_010323/iterated_local_search/run_4_worker_18/ils_config_8225321779132644418.prm
[INFO]:[01:07:12] Starting CPLEX solver on instance: /home/yorig/tuner/mpils-tests/instances/miplib/easy/fastxgemm-n2r6s0t2.mps with config: /scratch/yorig/mpils-results-grid-seconds-5-watchdog/easy/24proc/seed-5/2_fastxgemm-n2r6s0t2_seed-5_20260504_010323/iterated_local_search/run_4_worker_18/ils_config_8225321779132644418.prm
[INFO]:[01:07:17] CPLEX results. Gap: 94.880000, upper bound: 527.000000, lower bound: 27.000000
[INFO]:[01:07:17] CPLEX solver finished. Gap: 94.880000
[INFO]:[01:07:17] Initial configuration evaluated with objective value: 94.88
[INFO]:[01:07:17] Starting CPLEX solver on instance: /home/yorig/tuner/mpils-tests/instances/miplib/easy/fastxgemm-n2r6s0t2.mps with config: /scratch/yorig/mpils-results-grid-seconds-5-watchdog/easy/24proc/seed-5/2_fastxgemm-n2r6s0t2_seed-5_20260504_010323/iterated_local_search/run_4_worker_18/ils_config_7367934124757333111.prm
[INFO]:[01:07:17] Starting CPLEX solver on instance: /home/yorig/tuner/mpils-tests/instances/miplib/easy/fastxgemm-n2r6s0t2.mps with config: /scratch/yorig/mpils-results-grid-seconds-5-watchdog/easy/24proc/seed-5/2_fastxgemm-n2r6s0t2_seed-5_20260504_010323/iterated_local_search/run_4_worker_18/ils_config_7367934124757333111.prm
[INFO]:[01:07:22] CPLEX results. Gap: 94.880000, upper bound: 527.000000, lower bound: 27.000000
[INFO]:[01:07:22] CPLEX solver finished. Gap: 94.880000
[INFO]:[01:07:22] Starting CPLEX solver on instance: /home/yorig/tuner/mpils-tests/instances/miplib/easy/fastxgemm-n2r6s0t2.mps with config: /scratch/yorig/mpils-results-grid-seconds-5-watchdog/easy/24proc/seed-5/2_fastxgemm-n2r6s0t2_seed-5_20260504_010323/iterated_local_search/run_4_worker_18/ils_config_13782857434746070386.prm
[INFO]:[01:07:22] Starting CPLEX solver on instance: /home/yorig/tuner/mpils-tests/instances/miplib/easy/fastxgemm-n2r6s0t2.mps with config: /scratch/yorig/mpils-results-grid-seconds-5-watchdog/easy/24proc/seed-5/2_fastxgemm-n2r6s0t2_seed-5_20260504_010323/iterated_local_search/run_4_worker_18/ils_config_13782857434746070386.prm
[INFO]:[01:07:27] CPLEX results. Gap: 94.880000, upper bound: 527.000000, lower bound: 27.000000
[INFO]:[01:07:27] CPLEX solver finished. Gap: 94.880000
[INFO]:[01:07:27] Starting CPLEX solver on instance: /home/yorig/tuner/mpils-tests/instances/miplib/easy/fastxgemm-n2r6s0t2.mps with config: /scratch/yorig/mpils-results-grid-seconds-5-watchdog/easy/24proc/seed-5/2_fastxgemm-n2r6s0t2_seed-5_20260504_010323/iterated_local_search/run_4_worker_18/ils_config_16165948002822626476.prm
[INFO]:[01:07:27] Starting CPLEX solver on instance: /home/yorig/tuner/mpils-tests/instances/miplib/easy/fastxgemm-n2r6s0t2.mps with config: /scratch/yorig/mpils-results-grid-seconds-5-watchdog/easy/24proc/seed-5/2_fastxgemm-n2r6s0t2_seed-5_20260504_010323/iterated_local_search/run_4_worker_18/ils_config_16165948002822626476.prm
[INFO]:[01:07:32] CPLEX results. Gap: 94.880000, upper bound: 527.000000, lower bound: 27.000000
[INFO]:[01:07:32] CPLEX solver finished. Gap: 94.880000
[INFO]:[01:07:32] Starting CPLEX solver on instance: /home/yorig/tuner/mpils-tests/instances/miplib/easy/fastxgemm-n2r6s0t2.mps with config: /scratch/yorig/mpils-results-grid-seconds-5-watchdog/easy/24proc/seed-5/2_fastxgemm-n2r6s0t2_seed-5_20260504_010323/iterated_local_search/run_4_worker_18/ils_config_8637987624594137232.prm
[INFO]:[01:07:32] Starting CPLEX solver on instance: /home/yorig/tuner/mpils-tests/instances/miplib/easy/fastxgemm-n2r6s0t2.mps with config: /scratch/yorig/mpils-results-grid-seconds-5-watchdog/easy/24proc/seed-5/2_fastxgemm-n2r6s0t2_seed-5_20260504_010323/iterated_local_search/run_4_worker_18/ils_config_8637987624594137232.prm
[INFO]:[01:07:37] CPLEX results. Gap: 94.880000, upper bound: 527.000000, lower bound: 27.000000
[INFO]:[01:07:37] CPLEX solver finished. Gap: 94.880000
[INFO]:[01:07:37] Starting CPLEX solver on instance: /home/yorig/tuner/mpils-tests/instances/miplib/easy/fastxgemm-n2r6s0t2.mps with config: /scratch/yorig/mpils-results-grid-seconds-5-watchdog/easy/24proc/seed-5/2_fastxgemm-n2r6s0t2_seed-5_20260504_010323/iterated_local_search/run_4_worker_18/ils_config_7228295560354594304.prm
[INFO]:[01:07:37] Starting CPLEX solver on instance: /home/yorig/tuner/mpils-tests/instances/miplib/easy/fastxgemm-n2r6s0t2.mps with config: /scratch/yorig/mpils-results-grid-seconds-5-watchdog/easy/24proc/seed-5/2_fastxgemm-n2r6s0t2_seed-5_20260504_010323/iterated_local_search/run_4_worker_18/ils_config_7228295560354594304.prm
[INFO]:[01:07:42] CPLEX results. Gap: 94.880000, upper bound: 527.000000, lower bound: 27.000000
[INFO]:[01:07:42] CPLEX solver finished. Gap: 94.880000
[INFO]:[01:07:42] Starting CPLEX solver on instance: /home/yorig/tuner/mpils-tests/instances/miplib/easy/fastxgemm-n2r6s0t2.mps with config: /scratch/yorig/mpils-results-grid-seconds-5-watchdog/easy/24proc/seed-5/2_fastxgemm-n2r6s0t2_seed-5_20260504_010323/iterated_local_search/run_4_worker_18/ils_config_17189994934288439687.prm
[INFO]:[01:07:42] Starting CPLEX solver on instance: /home/yorig/tuner/mpils-tests/instances/miplib/easy/fastxgemm-n2r6s0t2.mps with config: /scratch/yorig/mpils-results-grid-seconds-5-watchdog/easy/24proc/seed-5/2_fastxgemm-n2r6s0t2_seed-5_20260504_010323/iterated_local_search/run_4_worker_18/ils_config_17189994934288439687.prm
[INFO]:[01:07:47] CPLEX results. Gap: 94.880000, upper bound: 527.000000, lower bound: 27.000000
[INFO]:[01:07:47] CPLEX solver finished. Gap: 94.880000
[INFO]:[01:07:47] Starting CPLEX solver on instance: /home/yorig/tuner/mpils-tests/instances/miplib/easy/fastxgemm-n2r6s0t2.mps with config: /scratch/yorig/mpils-results-grid-seconds-5-watchdog/easy/24proc/seed-5/2_fastxgemm-n2r6s0t2_seed-5_20260504_010323/iterated_local_search/run_4_worker_18/ils_config_2822090396242556111.prm
[INFO]:[01:07:47] Starting CPLEX solver on instance: /home/yorig/tuner/mpils-tests/instances/miplib/easy/fastxgemm-n2r6s0t2.mps with config: /scratch/yorig/mpils-results-grid-seconds-5-watchdog/easy/24proc/seed-5/2_fastxgemm-n2r6s0t2_seed-5_20260504_010323/iterated_local_search/run_4_worker_18/ils_config_2822090396242556111.prm
[INFO]:[01:07:52] CPLEX results. Gap: 96.740000, upper bound: 827.000000, lower bound: 27.000000
[INFO]:[01:07:52] CPLEX solver finished. Gap: 96.740000
[INFO]:[01:07:52] Starting CPLEX solver on instance: /home/yorig/tuner/mpils-tests/instances/miplib/easy/fastxgemm-n2r6s0t2.mps with config: /scratch/yorig/mpils-results-grid-seconds-5-watchdog/easy/24proc/seed-5/2_fastxgemm-n2r6s0t2_seed-5_20260504_010323/iterated_local_search/run_4_worker_18/ils_config_6371320633180625064.prm
[INFO]:[01:07:52] Starting CPLEX solver on instance: /home/yorig/tuner/mpils-tests/instances/miplib/easy/fastxgemm-n2r6s0t2.mps with config: /scratch/yorig/mpils-results-grid-seconds-5-watchdog/easy/24proc/seed-5/2_fastxgemm-n2r6s0t2_seed-5_20260504_010323/iterated_local_search/run_4_worker_18/ils_config_6371320633180625064.prm
[INFO]:[01:07:57] CPLEX results. Gap: 94.880000, upper bound: 527.000000, lower bound: 27.000000
[INFO]:[01:07:57] CPLEX solver finished. Gap: 94.880000
[INFO]:[01:07:57] Starting CPLEX solver on instance: /home/yorig/tuner/mpils-tests/instances/miplib/easy/fastxgemm-n2r6s0t2.mps with config: /scratch/yorig/mpils-results-grid-seconds-5-watchdog/easy/24proc/seed-5/2_fastxgemm-n2r6s0t2_seed-5_20260504_010323/iterated_local_search/run_4_worker_18/ils_config_11871957031782599124.prm
[INFO]:[01:07:57] Starting CPLEX solver on instance: /home/yorig/tuner/mpils-tests/instances/miplib/easy/fastxgemm-n2r6s0t2.mps with config: /scratch/yorig/mpils-results-grid-seconds-5-watchdog/easy/24proc/seed-5/2_fastxgemm-n2r6s0t2_seed-5_20260504_010323/iterated_local_search/run_4_worker_18/ils_config_11871957031782599124.prm
[INFO]:[01:08:02] CPLEX results. Gap: 94.880000, upper bound: 527.000000, lower bound: 27.000000
[INFO]:[01:08:02] CPLEX solver finished. Gap: 94.880000
[INFO]:[01:08:02] Starting CPLEX solver on instance: /home/yorig/tuner/mpils-tests/instances/miplib/easy/fastxgemm-n2r6s0t2.mps with config: /scratch/yorig/mpils-results-grid-seconds-5-watchdog/easy/24proc/seed-5/2_fastxgemm-n2r6s0t2_seed-5_20260504_010323/iterated_local_search/run_4_worker_18/ils_config_17973880420663086061.prm
[INFO]:[01:08:02] Starting CPLEX solver on instance: /home/yorig/tuner/mpils-tests/instances/miplib/easy/fastxgemm-n2r6s0t2.mps with config: /scratch/yorig/mpils-results-grid-seconds-5-watchdog/easy/24proc/seed-5/2_fastxgemm-n2r6s0t2_seed-5_20260504_010323/iterated_local_search/run_4_worker_18/ils_config_17973880420663086061.prm
[INFO]:[01:08:07] CPLEX results. Gap: 94.880000, upper bound: 527.000000, lower bound: 27.000000
[INFO]:[01:08:07] CPLEX solver finished. Gap: 94.880000
[INFO]:[01:08:07] Starting CPLEX solver on instance: /home/yorig/tuner/mpils-tests/instances/miplib/easy/fastxgemm-n2r6s0t2.mps with config: /scratch/yorig/mpils-results-grid-seconds-5-watchdog/easy/24proc/seed-5/2_fastxgemm-n2r6s0t2_seed-5_20260504_010323/iterated_local_search/run_4_worker_18/ils_config_16479732236207446757.prm
[INFO]:[01:08:07] Starting CPLEX solver on instance: /home/yorig/tuner/mpils-tests/instances/miplib/easy/fastxgemm-n2r6s0t2.mps with config: /scratch/yorig/mpils-results-grid-seconds-5-watchdog/easy/24proc/seed-5/2_fastxgemm-n2r6s0t2_seed-5_20260504_010323/iterated_local_search/run_4_worker_18/ils_config_16479732236207446757.prm
[INFO]:[01:08:12] CPLEX results. Gap: 96.740000, upper bound: 827.000000, lower bound: 27.000000
[INFO]:[01:08:12] CPLEX solver finished. Gap: 96.740000
[INFO]:[01:08:12] Starting CPLEX solver on instance: /home/yorig/tuner/mpils-tests/instances/miplib/easy/fastxgemm-n2r6s0t2.mps with config: /scratch/yorig/mpils-results-grid-seconds-5-watchdog/easy/24proc/seed-5/2_fastxgemm-n2r6s0t2_seed-5_20260504_010323/iterated_local_search/run_4_worker_18/ils_config_16782817840966356094.prm
[INFO]:[01:08:12] Starting CPLEX solver on instance: /home/yorig/tuner/mpils-tests/instances/miplib/easy/fastxgemm-n2r6s0t2.mps with config: /scratch/yorig/mpils-results-grid-seconds-5-watchdog/easy/24proc/seed-5/2_fastxgemm-n2r6s0t2_seed-5_20260504_010323/iterated_local_search/run_4_worker_18/ils_config_16782817840966356094.prm
[INFO]:[01:08:17] CPLEX results. Gap: 94.880000, upper bound: 527.000000, lower bound: 27.000000
[INFO]:[01:08:17] CPLEX solver finished. Gap: 94.880000
[INFO]:[01:08:17] Starting CPLEX solver on instance: /home/yorig/tuner/mpils-tests/instances/miplib/easy/fastxgemm-n2r6s0t2.mps with config: /scratch/yorig/mpils-results-grid-seconds-5-watchdog/easy/24proc/seed-5/2_fastxgemm-n2r6s0t2_seed-5_20260504_010323/iterated_local_search/run_4_worker_18/ils_config_18344368798884868936.prm
[INFO]:[01:08:17] Starting CPLEX solver on instance: /home/yorig/tuner/mpils-tests/instances/miplib/easy/fastxgemm-n2r6s0t2.mps with config: /scratch/yorig/mpils-results-grid-seconds-5-watchdog/easy/24proc/seed-5/2_fastxgemm-n2r6s0t2_seed-5_20260504_010323/iterated_local_search/run_4_worker_18/ils_config_18344368798884868936.prm
[INFO]:[01:08:22] CPLEX results. Gap: 94.880000, upper bound: 527.000000, lower bound: 27.000000
[INFO]:[01:08:22] CPLEX solver finished. Gap: 94.880000
[INFO]:[01:08:22] Starting CPLEX solver on instance: /home/yorig/tuner/mpils-tests/instances/miplib/easy/fastxgemm-n2r6s0t2.mps with config: /scratch/yorig/mpils-results-grid-seconds-5-watchdog/easy/24proc/seed-5/2_fastxgemm-n2r6s0t2_seed-5_20260504_010323/iterated_local_search/run_4_worker_18/ils_config_8273462548560800596.prm
[INFO]:[01:08:22] Starting CPLEX solver on instance: /home/yorig/tuner/mpils-tests/instances/miplib/easy/fastxgemm-n2r6s0t2.mps with config: /scratch/yorig/mpils-results-grid-seconds-5-watchdog/easy/24proc/seed-5/2_fastxgemm-n2r6s0t2_seed-5_20260504_010323/iterated_local_search/run_4_worker_18/ils_config_8273462548560800596.prm
[INFO]:[01:08:27] CPLEX results. Gap: 94.880000, upper bound: 527.000000, lower bound: 27.000000
[INFO]:[01:08:27] CPLEX solver finished. Gap: 94.880000
[INFO]:[01:08:27] Starting CPLEX solver on instance: /home/yorig/tuner/mpils-tests/instances/miplib/easy/fastxgemm-n2r6s0t2.mps with config: /scratch/yorig/mpils-results-grid-seconds-5-watchdog/easy/24proc/seed-5/2_fastxgemm-n2r6s0t2_seed-5_20260504_010323/iterated_local_search/run_4_worker_18/ils_config_1571006867271563883.prm
[INFO]:[01:08:27] Starting CPLEX solver on instance: /home/yorig/tuner/mpils-tests/instances/miplib/easy/fastxgemm-n2r6s0t2.mps with config: /scratch/yorig/mpils-results-grid-seconds-5-watchdog/easy/24proc/seed-5/2_fastxgemm-n2r6s0t2_seed-5_20260504_010323/iterated_local_search/run_4_worker_18/ils_config_1571006867271563883.prm
[INFO]:[01:08:32] CPLEX results. Gap: 94.880000, upper bound: 527.000000, lower bound: 27.000000
[INFO]:[01:08:32] CPLEX solver finished. Gap: 94.880000
[INFO]:[01:08:32] Starting CPLEX solver on instance: /home/yorig/tuner/mpils-tests/instances/miplib/easy/fastxgemm-n2r6s0t2.mps with config: /scratch/yorig/mpils-results-grid-seconds-5-watchdog/easy/24proc/seed-5/2_fastxgemm-n2r6s0t2_seed-5_20260504_010323/iterated_local_search/run_4_worker_18/ils_config_15502493134345185563.prm
[INFO]:[01:08:32] Starting CPLEX solver on instance: /home/yorig/tuner/mpils-tests/instances/miplib/easy/fastxgemm-n2r6s0t2.mps with config: /scratch/yorig/mpils-results-grid-seconds-5-watchdog/easy/24proc/seed-5/2_fastxgemm-n2r6s0t2_seed-5_20260504_010323/iterated_local_search/run_4_worker_18/ils_config_15502493134345185563.prm
[INFO]:[01:08:37] CPLEX results. Gap: 94.880000, upper bound: 527.000000, lower bound: 27.000000
[INFO]:[01:08:37] CPLEX solver finished. Gap: 94.880000
[INFO]:[01:08:37] Starting CPLEX solver on instance: /home/yorig/tuner/mpils-tests/instances/miplib/easy/fastxgemm-n2r6s0t2.mps with config: /scratch/yorig/mpils-results-grid-seconds-5-watchdog/easy/24proc/seed-5/2_fastxgemm-n2r6s0t2_seed-5_20260504_010323/iterated_local_search/run_4_worker_18/ils_config_7983631194663321494.prm
[INFO]:[01:08:37] Starting CPLEX solver on instance: /home/yorig/tuner/mpils-tests/instances/miplib/easy/fastxgemm-n2r6s0t2.mps with config: /scratch/yorig/mpils-results-grid-seconds-5-watchdog/easy/24proc/seed-5/2_fastxgemm-n2r6s0t2_seed-5_20260504_010323/iterated_local_search/run_4_worker_18/ils_config_7983631194663321494.prm
[INFO]:[01:08:42] CPLEX results. Gap: 94.880000, upper bound: 527.000000, lower bound: 27.000000
[INFO]:[01:08:42] CPLEX solver finished. Gap: 94.880000
[INFO]:[01:08:42] Starting CPLEX solver on instance: /home/yorig/tuner/mpils-tests/instances/miplib/easy/fastxgemm-n2r6s0t2.mps with config: /scratch/yorig/mpils-results-grid-seconds-5-watchdog/easy/24proc/seed-5/2_fastxgemm-n2r6s0t2_seed-5_20260504_010323/iterated_local_search/run_4_worker_18/ils_config_14739492560863976729.prm
[INFO]:[01:08:42] Starting CPLEX solver on instance: /home/yorig/tuner/mpils-tests/instances/miplib/easy/fastxgemm-n2r6s0t2.mps with config: /scratch/yorig/mpils-results-grid-seconds-5-watchdog/easy/24proc/seed-5/2_fastxgemm-n2r6s0t2_seed-5_20260504_010323/iterated_local_search/run_4_worker_18/ils_config_14739492560863976729.prm
[INFO]:[01:08:47] CPLEX results. Gap: 94.880000, upper bound: 527.000000, lower bound: 27.000000
[INFO]:[01:08:47] CPLEX solver finished. Gap: 94.880000
[INFO]:[01:08:47] Starting CPLEX solver on instance: /home/yorig/tuner/mpils-tests/instances/miplib/easy/fastxgemm-n2r6s0t2.mps with config: /scratch/yorig/mpils-results-grid-seconds-5-watchdog/easy/24proc/seed-5/2_fastxgemm-n2r6s0t2_seed-5_20260504_010323/iterated_local_search/run_4_worker_18/ils_config_7917968622467936291.prm
[INFO]:[01:08:47] Starting CPLEX solver on instance: /home/yorig/tuner/mpils-tests/instances/miplib/easy/fastxgemm-n2r6s0t2.mps with config: /scratch/yorig/mpils-results-grid-seconds-5-watchdog/easy/24proc/seed-5/2_fastxgemm-n2r6s0t2_seed-5_20260504_010323/iterated_local_search/run_4_worker_18/ils_config_7917968622467936291.prm
[INFO]:[01:08:52] CPLEX results. Gap: 96.740000, upper bound: 827.000000, lower bound: 27.000000
[INFO]:[01:08:52] CPLEX solver finished. Gap: 96.740000
[INFO]:[01:08:52] Starting CPLEX solver on instance: /home/yorig/tuner/mpils-tests/instances/miplib/easy/fastxgemm-n2r6s0t2.mps with config: /scratch/yorig/mpils-results-grid-seconds-5-watchdog/easy/24proc/seed-5/2_fastxgemm-n2r6s0t2_seed-5_20260504_010323/iterated_local_search/run_4_worker_18/ils_config_17544933767292618416.prm
[INFO]:[01:08:52] Starting CPLEX solver on instance: /home/yorig/tuner/mpils-tests/instances/miplib/easy/fastxgemm-n2r6s0t2.mps with config: /scratch/yorig/mpils-results-grid-seconds-5-watchdog/easy/24proc/seed-5/2_fastxgemm-n2r6s0t2_seed-5_20260504_010323/iterated_local_search/run_4_worker_18/ils_config_17544933767292618416.prm
[INFO]:[01:08:57] CPLEX results. Gap: 94.880000, upper bound: 527.000000, lower bound: 27.000000
[INFO]:[01:08:57] CPLEX solver finished. Gap: 94.880000
[INFO]:[01:08:57] Starting CPLEX solver on instance: /home/yorig/tuner/mpils-tests/instances/miplib/easy/fastxgemm-n2r6s0t2.mps with config: /scratch/yorig/mpils-results-grid-seconds-5-watchdog/easy/24proc/seed-5/2_fastxgemm-n2r6s0t2_seed-5_20260504_010323/iterated_local_search/run_4_worker_18/ils_config_9006005667409389778.prm
[INFO]:[01:08:57] Starting CPLEX solver on instance: /home/yorig/tuner/mpils-tests/instances/miplib/easy/fastxgemm-n2r6s0t2.mps with config: /scratch/yorig/mpils-results-grid-seconds-5-watchdog/easy/24proc/seed-5/2_fastxgemm-n2r6s0t2_seed-5_20260504_010323/iterated_local_search/run_4_worker_18/ils_config_9006005667409389778.prm
[INFO]:[01:09:02] CPLEX results. Gap: 94.880000, upper bound: 527.000000, lower bound: 27.000000
[INFO]:[01:09:02] CPLEX solver finished. Gap: 94.880000
[INFO]:[01:09:02] Starting CPLEX solver on instance: /home/yorig/tuner/mpils-tests/instances/miplib/easy/fastxgemm-n2r6s0t2.mps with config: /scratch/yorig/mpils-results-grid-seconds-5-watchdog/easy/24proc/seed-5/2_fastxgemm-n2r6s0t2_seed-5_20260504_010323/iterated_local_search/run_4_worker_18/ils_config_13408555391080291393.prm
[INFO]:[01:09:02] Starting CPLEX solver on instance: /home/yorig/tuner/mpils-tests/instances/miplib/easy/fastxgemm-n2r6s0t2.mps with config: /scratch/yorig/mpils-results-grid-seconds-5-watchdog/easy/24proc/seed-5/2_fastxgemm-n2r6s0t2_seed-5_20260504_010323/iterated_local_search/run_4_worker_18/ils_config_13408555391080291393.prm
[INFO]:[01:09:07] CPLEX results. Gap: 94.880000, upper bound: 527.000000, lower bound: 27.000000
[INFO]:[01:09:07] CPLEX solver finished. Gap: 94.880000
[INFO]:[01:09:07] Starting CPLEX solver on instance: /home/yorig/tuner/mpils-tests/instances/miplib/easy/fastxgemm-n2r6s0t2.mps with config: /scratch/yorig/mpils-results-grid-seconds-5-watchdog/easy/24proc/seed-5/2_fastxgemm-n2r6s0t2_seed-5_20260504_010323/iterated_local_search/run_4_worker_18/ils_config_2353309095118362418.prm
[INFO]:[01:09:07] Starting CPLEX solver on instance: /home/yorig/tuner/mpils-tests/instances/miplib/easy/fastxgemm-n2r6s0t2.mps with config: /scratch/yorig/mpils-results-grid-seconds-5-watchdog/easy/24proc/seed-5/2_fastxgemm-n2r6s0t2_seed-5_20260504_010323/iterated_local_search/run_4_worker_18/ils_config_2353309095118362418.prm
[INFO]:[01:09:12] CPLEX results. Gap: 94.910000, upper bound: 530.000000, lower bound: 27.000000
[INFO]:[01:09:12] CPLEX solver finished. Gap: 94.910000
[INFO]:[01:09:12] Starting CPLEX solver on instance: /home/yorig/tuner/mpils-tests/instances/miplib/easy/fastxgemm-n2r6s0t2.mps with config: /scratch/yorig/mpils-results-grid-seconds-5-watchdog/easy/24proc/seed-5/2_fastxgemm-n2r6s0t2_seed-5_20260504_010323/iterated_local_search/run_4_worker_18/ils_config_4063930951517192962.prm
[INFO]:[01:09:12] Starting CPLEX solver on instance: /home/yorig/tuner/mpils-tests/instances/miplib/easy/fastxgemm-n2r6s0t2.mps with config: /scratch/yorig/mpils-results-grid-seconds-5-watchdog/easy/24proc/seed-5/2_fastxgemm-n2r6s0t2_seed-5_20260504_010323/iterated_local_search/run_4_worker_18/ils_config_4063930951517192962.prm
[INFO]:[01:09:17] CPLEX results. Gap: 94.880000, upper bound: 527.000000, lower bound: 27.000000
[INFO]:[01:09:17] CPLEX solver finished. Gap: 94.880000
[INFO]:[01:09:17] Starting CPLEX solver on instance: /home/yorig/tuner/mpils-tests/instances/miplib/easy/fastxgemm-n2r6s0t2.mps with config: /scratch/yorig/mpils-results-grid-seconds-5-watchdog/easy/24proc/seed-5/2_fastxgemm-n2r6s0t2_seed-5_20260504_010323/iterated_local_search/run_4_worker_18/ils_config_4427719246706792604.prm
[INFO]:[01:09:17] Starting CPLEX solver on instance: /home/yorig/tuner/mpils-tests/instances/miplib/easy/fastxgemm-n2r6s0t2.mps with config: /scratch/yorig/mpils-results-grid-seconds-5-watchdog/easy/24proc/seed-5/2_fastxgemm-n2r6s0t2_seed-5_20260504_010323/iterated_local_search/run_4_worker_18/ils_config_4427719246706792604.prm
[INFO]:[01:09:22] CPLEX results. Gap: 94.880000, upper bound: 527.000000, lower bound: 27.000000
[INFO]:[01:09:22] CPLEX solver finished. Gap: 94.880000
[INFO]:[01:09:22] Starting CPLEX solver on instance: /home/yorig/tuner/mpils-tests/instances/miplib/easy/fastxgemm-n2r6s0t2.mps with config: /scratch/yorig/mpils-results-grid-seconds-5-watchdog/easy/24proc/seed-5/2_fastxgemm-n2r6s0t2_seed-5_20260504_010323/iterated_local_search/run_4_worker_18/ils_config_17758474478480822483.prm
[INFO]:[01:09:22] Starting CPLEX solver on instance: /home/yorig/tuner/mpils-tests/instances/miplib/easy/fastxgemm-n2r6s0t2.mps with config: /scratch/yorig/mpils-results-grid-seconds-5-watchdog/easy/24proc/seed-5/2_fastxgemm-n2r6s0t2_seed-5_20260504_010323/iterated_local_search/run_4_worker_18/ils_config_17758474478480822483.prm
[INFO]:[01:09:27] CPLEX results. Gap: 94.880000, upper bound: 527.000000, lower bound: 27.000000
[INFO]:[01:09:27] CPLEX solver finished. Gap: 94.880000
[INFO]:[01:09:27] Starting CPLEX solver on instance: /home/yorig/tuner/mpils-tests/instances/miplib/easy/fastxgemm-n2r6s0t2.mps with config: /scratch/yorig/mpils-results-grid-seconds-5-watchdog/easy/24proc/seed-5/2_fastxgemm-n2r6s0t2_seed-5_20260504_010323/iterated_local_search/run_4_worker_18/ils_config_11148009056577655698.prm
[INFO]:[01:09:27] Starting CPLEX solver on instance: /home/yorig/tuner/mpils-tests/instances/miplib/easy/fastxgemm-n2r6s0t2.mps with config: /scratch/yorig/mpils-results-grid-seconds-5-watchdog/easy/24proc/seed-5/2_fastxgemm-n2r6s0t2_seed-5_20260504_010323/iterated_local_search/run_4_worker_18/ils_config_11148009056577655698.prm
[INFO]:[01:09:32] CPLEX results. Gap: 94.880000, upper bound: 527.000000, lower bound: 27.000000
[INFO]:[01:09:32] CPLEX solver finished. Gap: 94.880000
[INFO]:[01:09:32] Starting CPLEX solver on instance: /home/yorig/tuner/mpils-tests/instances/miplib/easy/fastxgemm-n2r6s0t2.mps with config: /scratch/yorig/mpils-results-grid-seconds-5-watchdog/easy/24proc/seed-5/2_fastxgemm-n2r6s0t2_seed-5_20260504_010323/iterated_local_search/run_4_worker_18/ils_config_17173471987107953775.prm
[INFO]:[01:09:32] Starting CPLEX solver on instance: /home/yorig/tuner/mpils-tests/instances/miplib/easy/fastxgemm-n2r6s0t2.mps with config: /scratch/yorig/mpils-results-grid-seconds-5-watchdog/easy/24proc/seed-5/2_fastxgemm-n2r6s0t2_seed-5_20260504_010323/iterated_local_search/run_4_worker_18/ils_config_17173471987107953775.prm
[INFO]:[01:09:37] CPLEX results. Gap: 94.880000, upper bound: 527.000000, lower bound: 27.000000
[INFO]:[01:09:38] CPLEX solver finished. Gap: 94.880000
[INFO]:[01:09:38] Starting CPLEX solver on instance: /home/yorig/tuner/mpils-tests/instances/miplib/easy/fastxgemm-n2r6s0t2.mps with config: /scratch/yorig/mpils-results-grid-seconds-5-watchdog/easy/24proc/seed-5/2_fastxgemm-n2r6s0t2_seed-5_20260504_010323/iterated_local_search/run_4_worker_18/ils_config_16085164474607635291.prm
[INFO]:[01:09:38] Starting CPLEX solver on instance: /home/yorig/tuner/mpils-tests/instances/miplib/easy/fastxgemm-n2r6s0t2.mps with config: /scratch/yorig/mpils-results-grid-seconds-5-watchdog/easy/24proc/seed-5/2_fastxgemm-n2r6s0t2_seed-5_20260504_010323/iterated_local_search/run_4_worker_18/ils_config_16085164474607635291.prm
[INFO]:[01:09:43] CPLEX results. Gap: 96.740000, upper bound: 827.000000, lower bound: 27.000000
[INFO]:[01:09:43] CPLEX solver finished. Gap: 96.740000
[INFO]:[01:09:43] Local search phase completed.
[INFO]:[01:09:43] Total number of new local-search evaluations: 30
[INFO]:[01:09:43] Final incumbent objective value: 94.88
[INFO]:[01:09:43] Worker 18 completed exploration phase.
[INFO]:[01:09:43] Worker 18 received order for step 2.
[INFO]:[01:09:43] Worker 18 running expansion phase for iteration 4.
[INFO]:[01:09:43] Worker 18 will use solver log file: /scratch/yorig/mpils-results-grid-seconds-5-watchdog/easy/24proc/seed-5/2_fastxgemm-n2r6s0t2_seed-5_20260504_010323/solver/cplex.log_iteration_expansion_4_worker_18
[INFO]:[01:09:43] Expansion Worker 18 starting expansion for iteration 4.
[INFO]:[01:09:43] Starting CPLEX solver on instance: /home/yorig/tuner/mpils-tests/instances/miplib/easy/fastxgemm-n2r6s0t2.mps with config: /scratch/yorig/mpils-results-grid-seconds-5-watchdog/easy/24proc/seed-5/2_fastxgemm-n2r6s0t2_seed-5_20260504_010323/expansion/config_param_CPXPARAM_Emphasis_Numerical_1_iter_4.prm
[INFO]:[01:09:48] CPLEX results. Gap: 96.010000, upper bound: 827.000000, lower bound: 33.000000
[INFO]:[01:09:48] CPLEX solver finished. Gap: 96.010000
[INFO]:[01:09:53] Expansion Worker 18 stopping early after global MPI expansion stop was activated.
[INFO]:[01:09:53] Expansion Worker 18 completed expansion.
[INFO]:[01:09:53] Worker 18 completed expansion phase.
[INFO]:[01:09:54] Worker 18 received order for step 1.
[INFO]:[01:09:54] Worker 18 running exploration phase for iteration 5.
[INFO]:[01:09:54] Worker 18 at iteration 5 will not use a MIP start file. Current best MIP-start upper bound threshold is 1.79769e+308.
[INFO]:[01:09:54] Starting local search phase...
[INFO]:[01:09:54] Creating local search space from parameter space file: /scratch/yorig/mpils-results-grid-seconds-5-watchdog/easy/24proc/seed-5/2_fastxgemm-n2r6s0t2_seed-5_20260504_010323/iterated_local_search/search_space/search_space_file_5_worker_18.txt
[INFO]:[01:09:54] Local search space loaded from file: /scratch/yorig/mpils-results-grid-seconds-5-watchdog/easy/24proc/seed-5/2_fastxgemm-n2r6s0t2_seed-5_20260504_010323/iterated_local_search/search_space/search_space_file_5_worker_18.txt
[INFO]:[01:09:54] Number of parameters in local search space: 71
[INFO]:[01:09:54] Number of forbidden tuples in local search space: 28
[INFO]:[01:09:54] Number of conditionals in local search space: 6
[INFO]:[01:09:54] MIP start option not enabled. Local search will proceed without MIP start.
[INFO]:[01:09:54] Evaluating initial configuration for local search phase...
[INFO]:[01:09:54] Starting CPLEX solver on instance: /home/yorig/tuner/mpils-tests/instances/miplib/easy/fastxgemm-n2r6s0t2.mps with config: /scratch/yorig/mpils-results-grid-seconds-5-watchdog/easy/24proc/seed-5/2_fastxgemm-n2r6s0t2_seed-5_20260504_010323/iterated_local_search/run_5_worker_18/ils_config_17155970756118762816.prm
[INFO]:[01:09:54] Starting CPLEX solver on instance: /home/yorig/tuner/mpils-tests/instances/miplib/easy/fastxgemm-n2r6s0t2.mps with config: /scratch/yorig/mpils-results-grid-seconds-5-watchdog/easy/24proc/seed-5/2_fastxgemm-n2r6s0t2_seed-5_20260504_010323/iterated_local_search/run_5_worker_18/ils_config_17155970756118762816.prm
[INFO]:[01:09:59] CPLEX results. Gap: 98.670000, upper bound: 2027.000000, lower bound: 27.000000
[INFO]:[01:09:59] CPLEX solver finished. Gap: 98.670000
[INFO]:[01:09:59] Initial configuration evaluated with objective value: 98.67
[INFO]:[01:09:59] Starting CPLEX solver on instance: /home/yorig/tuner/mpils-tests/instances/miplib/easy/fastxgemm-n2r6s0t2.mps with config: /scratch/yorig/mpils-results-grid-seconds-5-watchdog/easy/24proc/seed-5/2_fastxgemm-n2r6s0t2_seed-5_20260504_010323/iterated_local_search/run_5_worker_18/ils_config_16873654877217518438.prm
[INFO]:[01:09:59] Starting CPLEX solver on instance: /home/yorig/tuner/mpils-tests/instances/miplib/easy/fastxgemm-n2r6s0t2.mps with config: /scratch/yorig/mpils-results-grid-seconds-5-watchdog/easy/24proc/seed-5/2_fastxgemm-n2r6s0t2_seed-5_20260504_010323/iterated_local_search/run_5_worker_18/ils_config_16873654877217518438.prm
[INFO]:[01:10:04] CPLEX results. Gap: 98.670000, upper bound: 2027.000000, lower bound: 27.000000
[INFO]:[01:10:04] CPLEX solver finished. Gap: 98.670000
[INFO]:[01:10:04] Starting CPLEX solver on instance: /home/yorig/tuner/mpils-tests/instances/miplib/easy/fastxgemm-n2r6s0t2.mps with config: /scratch/yorig/mpils-results-grid-seconds-5-watchdog/easy/24proc/seed-5/2_fastxgemm-n2r6s0t2_seed-5_20260504_010323/iterated_local_search/run_5_worker_18/ils_config_4090009639473663163.prm
[INFO]:[01:10:04] Starting CPLEX solver on instance: /home/yorig/tuner/mpils-tests/instances/miplib/easy/fastxgemm-n2r6s0t2.mps with config: /scratch/yorig/mpils-results-grid-seconds-5-watchdog/easy/24proc/seed-5/2_fastxgemm-n2r6s0t2_seed-5_20260504_010323/iterated_local_search/run_5_worker_18/ils_config_4090009639473663163.prm
[INFO]:[01:10:09] CPLEX results. Gap: 98.670000, upper bound: 2027.000000, lower bound: 27.000000
[INFO]:[01:10:09] CPLEX solver finished. Gap: 98.670000
[INFO]:[01:10:09] Starting CPLEX solver on instance: /home/yorig/tuner/mpils-tests/instances/miplib/easy/fastxgemm-n2r6s0t2.mps with config: /scratch/yorig/mpils-results-grid-seconds-5-watchdog/easy/24proc/seed-5/2_fastxgemm-n2r6s0t2_seed-5_20260504_010323/iterated_local_search/run_5_worker_18/ils_config_13935600700798226686.prm
[INFO]:[01:10:09] Starting CPLEX solver on instance: /home/yorig/tuner/mpils-tests/instances/miplib/easy/fastxgemm-n2r6s0t2.mps with config: /scratch/yorig/mpils-results-grid-seconds-5-watchdog/easy/24proc/seed-5/2_fastxgemm-n2r6s0t2_seed-5_20260504_010323/iterated_local_search/run_5_worker_18/ils_config_13935600700798226686.prm
[INFO]:[01:10:14] CPLEX results. Gap: 98.670000, upper bound: 2027.000000, lower bound: 27.000000
[INFO]:[01:10:14] CPLEX solver finished. Gap: 98.670000
[INFO]:[01:10:14] Starting CPLEX solver on instance: /home/yorig/tuner/mpils-tests/instances/miplib/easy/fastxgemm-n2r6s0t2.mps with config: /scratch/yorig/mpils-results-grid-seconds-5-watchdog/easy/24proc/seed-5/2_fastxgemm-n2r6s0t2_seed-5_20260504_010323/iterated_local_search/run_5_worker_18/ils_config_12132708912132128538.prm
[INFO]:[01:10:14] Starting CPLEX solver on instance: /home/yorig/tuner/mpils-tests/instances/miplib/easy/fastxgemm-n2r6s0t2.mps with config: /scratch/yorig/mpils-results-grid-seconds-5-watchdog/easy/24proc/seed-5/2_fastxgemm-n2r6s0t2_seed-5_20260504_010323/iterated_local_search/run_5_worker_18/ils_config_12132708912132128538.prm
[INFO]:[01:10:19] CPLEX results. Gap: 98.670000, upper bound: 2027.000000, lower bound: 27.000000
[INFO]:[01:10:19] CPLEX solver finished. Gap: 98.670000
[INFO]:[01:10:19] Starting CPLEX solver on instance: /home/yorig/tuner/mpils-tests/instances/miplib/easy/fastxgemm-n2r6s0t2.mps with config: /scratch/yorig/mpils-results-grid-seconds-5-watchdog/easy/24proc/seed-5/2_fastxgemm-n2r6s0t2_seed-5_20260504_010323/iterated_local_search/run_5_worker_18/ils_config_4233325686613831935.prm
[INFO]:[01:10:19] Starting CPLEX solver on instance: /home/yorig/tuner/mpils-tests/instances/miplib/easy/fastxgemm-n2r6s0t2.mps with config: /scratch/yorig/mpils-results-grid-seconds-5-watchdog/easy/24proc/seed-5/2_fastxgemm-n2r6s0t2_seed-5_20260504_010323/iterated_local_search/run_5_worker_18/ils_config_4233325686613831935.prm
[INFO]:[01:10:24] CPLEX results. Gap: 98.670000, upper bound: 2027.000000, lower bound: 27.000000
[INFO]:[01:10:24] CPLEX solver finished. Gap: 98.670000
[INFO]:[01:10:24] Starting CPLEX solver on instance: /home/yorig/tuner/mpils-tests/instances/miplib/easy/fastxgemm-n2r6s0t2.mps with config: /scratch/yorig/mpils-results-grid-seconds-5-watchdog/easy/24proc/seed-5/2_fastxgemm-n2r6s0t2_seed-5_20260504_010323/iterated_local_search/run_5_worker_18/ils_config_2752288299074692784.prm
[INFO]:[01:10:24] Starting CPLEX solver on instance: /home/yorig/tuner/mpils-tests/instances/miplib/easy/fastxgemm-n2r6s0t2.mps with config: /scratch/yorig/mpils-results-grid-seconds-5-watchdog/easy/24proc/seed-5/2_fastxgemm-n2r6s0t2_seed-5_20260504_010323/iterated_local_search/run_5_worker_18/ils_config_2752288299074692784.prm
[INFO]:[01:10:29] CPLEX results. Gap: 98.670000, upper bound: 2027.000000, lower bound: 27.000000
[INFO]:[01:10:29] CPLEX solver finished. Gap: 98.670000
[INFO]:[01:10:29] Starting CPLEX solver on instance: /home/yorig/tuner/mpils-tests/instances/miplib/easy/fastxgemm-n2r6s0t2.mps with config: /scratch/yorig/mpils-results-grid-seconds-5-watchdog/easy/24proc/seed-5/2_fastxgemm-n2r6s0t2_seed-5_20260504_010323/iterated_local_search/run_5_worker_18/ils_config_3356552027874119736.prm
[INFO]:[01:10:29] Starting CPLEX solver on instance: /home/yorig/tuner/mpils-tests/instances/miplib/easy/fastxgemm-n2r6s0t2.mps with config: /scratch/yorig/mpils-results-grid-seconds-5-watchdog/easy/24proc/seed-5/2_fastxgemm-n2r6s0t2_seed-5_20260504_010323/iterated_local_search/run_5_worker_18/ils_config_3356552027874119736.prm
[INFO]:[01:10:34] CPLEX results. Gap: 98.670000, upper bound: 2027.000000, lower bound: 27.000000
[INFO]:[01:10:34] CPLEX solver finished. Gap: 98.670000
[INFO]:[01:10:34] Starting CPLEX solver on instance: /home/yorig/tuner/mpils-tests/instances/miplib/easy/fastxgemm-n2r6s0t2.mps with config: /scratch/yorig/mpils-results-grid-seconds-5-watchdog/easy/24proc/seed-5/2_fastxgemm-n2r6s0t2_seed-5_20260504_010323/iterated_local_search/run_5_worker_18/ils_config_6796776527626365354.prm
[INFO]:[01:10:34] Starting CPLEX solver on instance: /home/yorig/tuner/mpils-tests/instances/miplib/easy/fastxgemm-n2r6s0t2.mps with config: /scratch/yorig/mpils-results-grid-seconds-5-watchdog/easy/24proc/seed-5/2_fastxgemm-n2r6s0t2_seed-5_20260504_010323/iterated_local_search/run_5_worker_18/ils_config_6796776527626365354.prm
[INFO]:[01:10:39] CPLEX results. Gap: 98.670000, upper bound: 2027.000000, lower bound: 27.000000
[INFO]:[01:10:39] CPLEX solver finished. Gap: 98.670000
[INFO]:[01:10:39] Starting CPLEX solver on instance: /home/yorig/tuner/mpils-tests/instances/miplib/easy/fastxgemm-n2r6s0t2.mps with config: /scratch/yorig/mpils-results-grid-seconds-5-watchdog/easy/24proc/seed-5/2_fastxgemm-n2r6s0t2_seed-5_20260504_010323/iterated_local_search/run_5_worker_18/ils_config_2321154521014989400.prm
[INFO]:[01:10:39] Starting CPLEX solver on instance: /home/yorig/tuner/mpils-tests/instances/miplib/easy/fastxgemm-n2r6s0t2.mps with config: /scratch/yorig/mpils-results-grid-seconds-5-watchdog/easy/24proc/seed-5/2_fastxgemm-n2r6s0t2_seed-5_20260504_010323/iterated_local_search/run_5_worker_18/ils_config_2321154521014989400.prm
[INFO]:[01:10:44] CPLEX results. Gap: 94.880000, upper bound: 527.000000, lower bound: 27.000000
[INFO]:[01:10:44] CPLEX solver finished. Gap: 94.880000
[INFO]:[01:10:44] New incumbent found with objective value: 94.88
[INFO]:[01:10:44] Starting CPLEX solver on instance: /home/yorig/tuner/mpils-tests/instances/miplib/easy/fastxgemm-n2r6s0t2.mps with config: /scratch/yorig/mpils-results-grid-seconds-5-watchdog/easy/24proc/seed-5/2_fastxgemm-n2r6s0t2_seed-5_20260504_010323/iterated_local_search/run_5_worker_18/ils_config_5948460011543637108.prm
[INFO]:[01:10:44] Starting CPLEX solver on instance: /home/yorig/tuner/mpils-tests/instances/miplib/easy/fastxgemm-n2r6s0t2.mps with config: /scratch/yorig/mpils-results-grid-seconds-5-watchdog/easy/24proc/seed-5/2_fastxgemm-n2r6s0t2_seed-5_20260504_010323/iterated_local_search/run_5_worker_18/ils_config_5948460011543637108.prm
[INFO]:[01:10:49] CPLEX results. Gap: 96.750000, upper bound: 830.000000, lower bound: 27.000000
[INFO]:[01:10:49] CPLEX solver finished. Gap: 96.750000
[INFO]:[01:10:49] Starting CPLEX solver on instance: /home/yorig/tuner/mpils-tests/instances/miplib/easy/fastxgemm-n2r6s0t2.mps with config: /scratch/yorig/mpils-results-grid-seconds-5-watchdog/easy/24proc/seed-5/2_fastxgemm-n2r6s0t2_seed-5_20260504_010323/iterated_local_search/run_5_worker_18/ils_config_2473629599615610442.prm
[INFO]:[01:10:49] Starting CPLEX solver on instance: /home/yorig/tuner/mpils-tests/instances/miplib/easy/fastxgemm-n2r6s0t2.mps with config: /scratch/yorig/mpils-results-grid-seconds-5-watchdog/easy/24proc/seed-5/2_fastxgemm-n2r6s0t2_seed-5_20260504_010323/iterated_local_search/run_5_worker_18/ils_config_2473629599615610442.prm
[INFO]:[01:10:54] CPLEX results. Gap: 96.750000, upper bound: 830.000000, lower bound: 27.000000
[INFO]:[01:10:54] CPLEX solver finished. Gap: 96.750000
[INFO]:[01:10:54] Starting CPLEX solver on instance: /home/yorig/tuner/mpils-tests/instances/miplib/easy/fastxgemm-n2r6s0t2.mps with config: /scratch/yorig/mpils-results-grid-seconds-5-watchdog/easy/24proc/seed-5/2_fastxgemm-n2r6s0t2_seed-5_20260504_010323/iterated_local_search/run_5_worker_18/ils_config_313077613805170390.prm
[INFO]:[01:10:54] Starting CPLEX solver on instance: /home/yorig/tuner/mpils-tests/instances/miplib/easy/fastxgemm-n2r6s0t2.mps with config: /scratch/yorig/mpils-results-grid-seconds-5-watchdog/easy/24proc/seed-5/2_fastxgemm-n2r6s0t2_seed-5_20260504_010323/iterated_local_search/run_5_worker_18/ils_config_313077613805170390.prm
[INFO]:[01:10:59] CPLEX results. Gap: 94.880000, upper bound: 527.000000, lower bound: 27.000000
[INFO]:[01:10:59] CPLEX solver finished. Gap: 94.880000
[INFO]:[01:10:59] Starting CPLEX solver on instance: /home/yorig/tuner/mpils-tests/instances/miplib/easy/fastxgemm-n2r6s0t2.mps with config: /scratch/yorig/mpils-results-grid-seconds-5-watchdog/easy/24proc/seed-5/2_fastxgemm-n2r6s0t2_seed-5_20260504_010323/iterated_local_search/run_5_worker_18/ils_config_10275935502910937984.prm
[INFO]:[01:10:59] Starting CPLEX solver on instance: /home/yorig/tuner/mpils-tests/instances/miplib/easy/fastxgemm-n2r6s0t2.mps with config: /scratch/yorig/mpils-results-grid-seconds-5-watchdog/easy/24proc/seed-5/2_fastxgemm-n2r6s0t2_seed-5_20260504_010323/iterated_local_search/run_5_worker_18/ils_config_10275935502910937984.prm
[INFO]:[01:11:04] CPLEX results. Gap: 94.910000, upper bound: 530.000000, lower bound: 27.000000
[INFO]:[01:11:04] CPLEX solver finished. Gap: 94.910000
[INFO]:[01:11:04] Starting CPLEX solver on instance: /home/yorig/tuner/mpils-tests/instances/miplib/easy/fastxgemm-n2r6s0t2.mps with config: /scratch/yorig/mpils-results-grid-seconds-5-watchdog/easy/24proc/seed-5/2_fastxgemm-n2r6s0t2_seed-5_20260504_010323/iterated_local_search/run_5_worker_18/ils_config_14375820838026101329.prm
[INFO]:[01:11:04] Starting CPLEX solver on instance: /home/yorig/tuner/mpils-tests/instances/miplib/easy/fastxgemm-n2r6s0t2.mps with config: /scratch/yorig/mpils-results-grid-seconds-5-watchdog/easy/24proc/seed-5/2_fastxgemm-n2r6s0t2_seed-5_20260504_010323/iterated_local_search/run_5_worker_18/ils_config_14375820838026101329.prm
[INFO]:[01:11:09] CPLEX results. Gap: 94.880000, upper bound: 527.000000, lower bound: 27.000000
[INFO]:[01:11:09] CPLEX solver finished. Gap: 94.880000
[INFO]:[01:11:09] Starting CPLEX solver on instance: /home/yorig/tuner/mpils-tests/instances/miplib/easy/fastxgemm-n2r6s0t2.mps with config: /scratch/yorig/mpils-results-grid-seconds-5-watchdog/easy/24proc/seed-5/2_fastxgemm-n2r6s0t2_seed-5_20260504_010323/iterated_local_search/run_5_worker_18/ils_config_15189213506953488218.prm
[INFO]:[01:11:09] Starting CPLEX solver on instance: /home/yorig/tuner/mpils-tests/instances/miplib/easy/fastxgemm-n2r6s0t2.mps with config: /scratch/yorig/mpils-results-grid-seconds-5-watchdog/easy/24proc/seed-5/2_fastxgemm-n2r6s0t2_seed-5_20260504_010323/iterated_local_search/run_5_worker_18/ils_config_15189213506953488218.prm
[INFO]:[01:11:14] CPLEX results. Gap: 94.880000, upper bound: 527.000000, lower bound: 27.000000
[INFO]:[01:11:14] CPLEX solver finished. Gap: 94.880000
[INFO]:[01:11:14] Starting CPLEX solver on instance: /home/yorig/tuner/mpils-tests/instances/miplib/easy/fastxgemm-n2r6s0t2.mps with config: /scratch/yorig/mpils-results-grid-seconds-5-watchdog/easy/24proc/seed-5/2_fastxgemm-n2r6s0t2_seed-5_20260504_010323/iterated_local_search/run_5_worker_18/ils_config_15863860905293603085.prm
[INFO]:[01:11:14] Starting CPLEX solver on instance: /home/yorig/tuner/mpils-tests/instances/miplib/easy/fastxgemm-n2r6s0t2.mps with config: /scratch/yorig/mpils-results-grid-seconds-5-watchdog/easy/24proc/seed-5/2_fastxgemm-n2r6s0t2_seed-5_20260504_010323/iterated_local_search/run_5_worker_18/ils_config_15863860905293603085.prm
[INFO]:[01:11:19] CPLEX results. Gap: 94.880000, upper bound: 527.000000, lower bound: 27.000000
[INFO]:[01:11:19] CPLEX solver finished. Gap: 94.880000
[INFO]:[01:11:19] Starting CPLEX solver on instance: /home/yorig/tuner/mpils-tests/instances/miplib/easy/fastxgemm-n2r6s0t2.mps with config: /scratch/yorig/mpils-results-grid-seconds-5-watchdog/easy/24proc/seed-5/2_fastxgemm-n2r6s0t2_seed-5_20260504_010323/iterated_local_search/run_5_worker_18/ils_config_14256754456871940563.prm
[INFO]:[01:11:19] Starting CPLEX solver on instance: /home/yorig/tuner/mpils-tests/instances/miplib/easy/fastxgemm-n2r6s0t2.mps with config: /scratch/yorig/mpils-results-grid-seconds-5-watchdog/easy/24proc/seed-5/2_fastxgemm-n2r6s0t2_seed-5_20260504_010323/iterated_local_search/run_5_worker_18/ils_config_14256754456871940563.prm
[INFO]:[01:11:24] CPLEX results. Gap: 94.880000, upper bound: 527.000000, lower bound: 27.000000
[INFO]:[01:11:24] CPLEX solver finished. Gap: 94.880000
[INFO]:[01:11:24] Starting CPLEX solver on instance: /home/yorig/tuner/mpils-tests/instances/miplib/easy/fastxgemm-n2r6s0t2.mps with config: /scratch/yorig/mpils-results-grid-seconds-5-watchdog/easy/24proc/seed-5/2_fastxgemm-n2r6s0t2_seed-5_20260504_010323/iterated_local_search/run_5_worker_18/ils_config_15090070314811659916.prm
[INFO]:[01:11:24] Starting CPLEX solver on instance: /home/yorig/tuner/mpils-tests/instances/miplib/easy/fastxgemm-n2r6s0t2.mps with config: /scratch/yorig/mpils-results-grid-seconds-5-watchdog/easy/24proc/seed-5/2_fastxgemm-n2r6s0t2_seed-5_20260504_010323/iterated_local_search/run_5_worker_18/ils_config_15090070314811659916.prm
[INFO]:[01:11:29] CPLEX results. Gap: 88.260000, upper bound: 230.000000, lower bound: 27.000000
[INFO]:[01:11:29] CPLEX solver finished. Gap: 88.260000
[INFO]:[01:11:29] New incumbent found with objective value: 88.26
[INFO]:[01:11:29] Starting CPLEX solver on instance: /home/yorig/tuner/mpils-tests/instances/miplib/easy/fastxgemm-n2r6s0t2.mps with config: /scratch/yorig/mpils-results-grid-seconds-5-watchdog/easy/24proc/seed-5/2_fastxgemm-n2r6s0t2_seed-5_20260504_010323/iterated_local_search/run_5_worker_18/ils_config_12607816108468873438.prm
[INFO]:[01:11:29] Starting CPLEX solver on instance: /home/yorig/tuner/mpils-tests/instances/miplib/easy/fastxgemm-n2r6s0t2.mps with config: /scratch/yorig/mpils-results-grid-seconds-5-watchdog/easy/24proc/seed-5/2_fastxgemm-n2r6s0t2_seed-5_20260504_010323/iterated_local_search/run_5_worker_18/ils_config_12607816108468873438.prm
[INFO]:[01:11:34] CPLEX results. Gap: 88.260000, upper bound: 230.000000, lower bound: 27.000000
[INFO]:[01:11:34] CPLEX solver finished. Gap: 88.260000
[INFO]:[01:11:35] Starting CPLEX solver on instance: /home/yorig/tuner/mpils-tests/instances/miplib/easy/fastxgemm-n2r6s0t2.mps with config: /scratch/yorig/mpils-results-grid-seconds-5-watchdog/easy/24proc/seed-5/2_fastxgemm-n2r6s0t2_seed-5_20260504_010323/iterated_local_search/run_5_worker_18/ils_config_3772352191596241074.prm
[INFO]:[01:11:35] Starting CPLEX solver on instance: /home/yorig/tuner/mpils-tests/instances/miplib/easy/fastxgemm-n2r6s0t2.mps with config: /scratch/yorig/mpils-results-grid-seconds-5-watchdog/easy/24proc/seed-5/2_fastxgemm-n2r6s0t2_seed-5_20260504_010323/iterated_local_search/run_5_worker_18/ils_config_3772352191596241074.prm
[INFO]:[01:11:40] CPLEX results. Gap: 88.260000, upper bound: 230.000000, lower bound: 27.000000
[INFO]:[01:11:40] CPLEX solver finished. Gap: 88.260000
[INFO]:[01:11:40] Starting CPLEX solver on instance: /home/yorig/tuner/mpils-tests/instances/miplib/easy/fastxgemm-n2r6s0t2.mps with config: /scratch/yorig/mpils-results-grid-seconds-5-watchdog/easy/24proc/seed-5/2_fastxgemm-n2r6s0t2_seed-5_20260504_010323/iterated_local_search/run_5_worker_18/ils_config_16779630880607611871.prm
[INFO]:[01:11:40] Starting CPLEX solver on instance: /home/yorig/tuner/mpils-tests/instances/miplib/easy/fastxgemm-n2r6s0t2.mps with config: /scratch/yorig/mpils-results-grid-seconds-5-watchdog/easy/24proc/seed-5/2_fastxgemm-n2r6s0t2_seed-5_20260504_010323/iterated_local_search/run_5_worker_18/ils_config_16779630880607611871.prm
[INFO]:[01:11:45] CPLEX results. Gap: 88.260000, upper bound: 230.000000, lower bound: 27.000000
[INFO]:[01:11:45] CPLEX solver finished. Gap: 88.260000
[INFO]:[01:11:45] Starting CPLEX solver on instance: /home/yorig/tuner/mpils-tests/instances/miplib/easy/fastxgemm-n2r6s0t2.mps with config: /scratch/yorig/mpils-results-grid-seconds-5-watchdog/easy/24proc/seed-5/2_fastxgemm-n2r6s0t2_seed-5_20260504_010323/iterated_local_search/run_5_worker_18/ils_config_8544218001481040727.prm
[INFO]:[01:11:45] Starting CPLEX solver on instance: /home/yorig/tuner/mpils-tests/instances/miplib/easy/fastxgemm-n2r6s0t2.mps with config: /scratch/yorig/mpils-results-grid-seconds-5-watchdog/easy/24proc/seed-5/2_fastxgemm-n2r6s0t2_seed-5_20260504_010323/iterated_local_search/run_5_worker_18/ils_config_8544218001481040727.prm
[INFO]:[01:11:50] CPLEX results. Gap: 94.880000, upper bound: 527.000000, lower bound: 27.000000
[INFO]:[01:11:50] CPLEX solver finished. Gap: 94.880000
[INFO]:[01:11:50] Starting CPLEX solver on instance: /home/yorig/tuner/mpils-tests/instances/miplib/easy/fastxgemm-n2r6s0t2.mps with config: /scratch/yorig/mpils-results-grid-seconds-5-watchdog/easy/24proc/seed-5/2_fastxgemm-n2r6s0t2_seed-5_20260504_010323/iterated_local_search/run_5_worker_18/ils_config_16011993393744677155.prm
[INFO]:[01:11:50] Starting CPLEX solver on instance: /home/yorig/tuner/mpils-tests/instances/miplib/easy/fastxgemm-n2r6s0t2.mps with config: /scratch/yorig/mpils-results-grid-seconds-5-watchdog/easy/24proc/seed-5/2_fastxgemm-n2r6s0t2_seed-5_20260504_010323/iterated_local_search/run_5_worker_18/ils_config_16011993393744677155.prm
[INFO]:[01:11:55] CPLEX results. Gap: 88.260000, upper bound: 230.000000, lower bound: 27.000000
[INFO]:[01:11:55] CPLEX solver finished. Gap: 88.260000
[INFO]:[01:11:55] Starting CPLEX solver on instance: /home/yorig/tuner/mpils-tests/instances/miplib/easy/fastxgemm-n2r6s0t2.mps with config: /scratch/yorig/mpils-results-grid-seconds-5-watchdog/easy/24proc/seed-5/2_fastxgemm-n2r6s0t2_seed-5_20260504_010323/iterated_local_search/run_5_worker_18/ils_config_13795100586062566761.prm
[INFO]:[01:11:55] Starting CPLEX solver on instance: /home/yorig/tuner/mpils-tests/instances/miplib/easy/fastxgemm-n2r6s0t2.mps with config: /scratch/yorig/mpils-results-grid-seconds-5-watchdog/easy/24proc/seed-5/2_fastxgemm-n2r6s0t2_seed-5_20260504_010323/iterated_local_search/run_5_worker_18/ils_config_13795100586062566761.prm
[INFO]:[01:12:00] CPLEX results. Gap: 88.560000, upper bound: 236.000000, lower bound: 27.000000
[INFO]:[01:12:00] CPLEX solver finished. Gap: 88.560000
[INFO]:[01:12:00] Starting CPLEX solver on instance: /home/yorig/tuner/mpils-tests/instances/miplib/easy/fastxgemm-n2r6s0t2.mps with config: /scratch/yorig/mpils-results-grid-seconds-5-watchdog/easy/24proc/seed-5/2_fastxgemm-n2r6s0t2_seed-5_20260504_010323/iterated_local_search/run_5_worker_18/ils_config_12303123720540834483.prm
[INFO]:[01:12:00] Starting CPLEX solver on instance: /home/yorig/tuner/mpils-tests/instances/miplib/easy/fastxgemm-n2r6s0t2.mps with config: /scratch/yorig/mpils-results-grid-seconds-5-watchdog/easy/24proc/seed-5/2_fastxgemm-n2r6s0t2_seed-5_20260504_010323/iterated_local_search/run_5_worker_18/ils_config_12303123720540834483.prm
[INFO]:[01:12:05] CPLEX results. Gap: 96.740000, upper bound: 827.000000, lower bound: 27.000000
[INFO]:[01:12:05] CPLEX solver finished. Gap: 96.740000
[INFO]:[01:12:05] Starting CPLEX solver on instance: /home/yorig/tuner/mpils-tests/instances/miplib/easy/fastxgemm-n2r6s0t2.mps with config: /scratch/yorig/mpils-results-grid-seconds-5-watchdog/easy/24proc/seed-5/2_fastxgemm-n2r6s0t2_seed-5_20260504_010323/iterated_local_search/run_5_worker_18/ils_config_5036801745732614531.prm
[INFO]:[01:12:05] Starting CPLEX solver on instance: /home/yorig/tuner/mpils-tests/instances/miplib/easy/fastxgemm-n2r6s0t2.mps with config: /scratch/yorig/mpils-results-grid-seconds-5-watchdog/easy/24proc/seed-5/2_fastxgemm-n2r6s0t2_seed-5_20260504_010323/iterated_local_search/run_5_worker_18/ils_config_5036801745732614531.prm
[INFO]:[01:12:10] CPLEX results. Gap: 88.260000, upper bound: 230.000000, lower bound: 27.000000
[INFO]:[01:12:10] CPLEX solver finished. Gap: 88.260000
[INFO]:[01:12:10] Local search phase completed.
[INFO]:[01:12:10] Total number of new local-search evaluations: 27
[INFO]:[01:12:10] Final incumbent objective value: 88.26
[INFO]:[01:12:10] Worker 18 completed exploration phase.
[INFO]:[01:12:10] Worker 18 received order for step 2.
[INFO]:[01:12:10] Worker 18 running expansion phase for iteration 5.
[INFO]:[01:12:10] Worker 18 will use solver log file: /scratch/yorig/mpils-results-grid-seconds-5-watchdog/easy/24proc/seed-5/2_fastxgemm-n2r6s0t2_seed-5_20260504_010323/solver/cplex.log_iteration_expansion_5_worker_18
[INFO]:[01:12:10] Expansion Worker 18 starting expansion for iteration 5.
[INFO]:[01:12:10] Starting CPLEX solver on instance: /home/yorig/tuner/mpils-tests/instances/miplib/easy/fastxgemm-n2r6s0t2.mps with config: /scratch/yorig/mpils-results-grid-seconds-5-watchdog/easy/24proc/seed-5/2_fastxgemm-n2r6s0t2_seed-5_20260504_010323/expansion/config_param_CPXPARAM_MIP_Limits_StrongCand_2_iter_5.prm
[INFO]:[01:12:15] CPLEX results. Gap: 81.740000, upper bound: 230.000000, lower bound: 42.000000
[INFO]:[01:12:15] CPLEX solver finished. Gap: 81.740000
[INFO]:[01:12:15] Expansion Worker 18 stopping early after global MPI expansion stop was activated.
[INFO]:[01:12:15] Expansion Worker 18 completed expansion.
[INFO]:[01:12:15] Worker 18 completed expansion phase.
[INFO]:[01:12:17] Worker 18 received order for step 1.
[INFO]:[01:12:17] Worker 18 running exploration phase for iteration 6.
[INFO]:[01:12:17] Worker 18 at iteration 6 will not use a MIP start file. Current best MIP-start upper bound threshold is 1.79769e+308.
[INFO]:[01:12:17] Starting local search phase...
[INFO]:[01:12:17] Creating local search space from parameter space file: /scratch/yorig/mpils-results-grid-seconds-5-watchdog/easy/24proc/seed-5/2_fastxgemm-n2r6s0t2_seed-5_20260504_010323/iterated_local_search/search_space/search_space_file_6_worker_18.txt
[INFO]:[01:12:17] Local search space loaded from file: /scratch/yorig/mpils-results-grid-seconds-5-watchdog/easy/24proc/seed-5/2_fastxgemm-n2r6s0t2_seed-5_20260504_010323/iterated_local_search/search_space/search_space_file_6_worker_18.txt
[INFO]:[01:12:17] Number of parameters in local search space: 71
[INFO]:[01:12:17] Number of forbidden tuples in local search space: 28
[INFO]:[01:12:17] Number of conditionals in local search space: 6
[INFO]:[01:12:17] MIP start option not enabled. Local search will proceed without MIP start.
[INFO]:[01:12:17] Evaluating initial configuration for local search phase...
[INFO]:[01:12:17] Starting CPLEX solver on instance: /home/yorig/tuner/mpils-tests/instances/miplib/easy/fastxgemm-n2r6s0t2.mps with config: /scratch/yorig/mpils-results-grid-seconds-5-watchdog/easy/24proc/seed-5/2_fastxgemm-n2r6s0t2_seed-5_20260504_010323/iterated_local_search/run_6_worker_18/ils_config_10593108846015914413.prm
[INFO]:[01:12:17] Starting CPLEX solver on instance: /home/yorig/tuner/mpils-tests/instances/miplib/easy/fastxgemm-n2r6s0t2.mps with config: /scratch/yorig/mpils-results-grid-seconds-5-watchdog/easy/24proc/seed-5/2_fastxgemm-n2r6s0t2_seed-5_20260504_010323/iterated_local_search/run_6_worker_18/ils_config_10593108846015914413.prm
[INFO]:[01:12:22] CPLEX results. Gap: 99.580000, upper bound: 6427.720000, lower bound: 27.000000
[INFO]:[01:12:22] CPLEX solver finished. Gap: 99.580000
[INFO]:[01:12:22] Initial configuration evaluated with objective value: 99.58
[INFO]:[01:12:22] Starting CPLEX solver on instance: /home/yorig/tuner/mpils-tests/instances/miplib/easy/fastxgemm-n2r6s0t2.mps with config: /scratch/yorig/mpils-results-grid-seconds-5-watchdog/easy/24proc/seed-5/2_fastxgemm-n2r6s0t2_seed-5_20260504_010323/iterated_local_search/run_6_worker_18/ils_config_18327966831755008092.prm
[INFO]:[01:12:22] Starting CPLEX solver on instance: /home/yorig/tuner/mpils-tests/instances/miplib/easy/fastxgemm-n2r6s0t2.mps with config: /scratch/yorig/mpils-results-grid-seconds-5-watchdog/easy/24proc/seed-5/2_fastxgemm-n2r6s0t2_seed-5_20260504_010323/iterated_local_search/run_6_worker_18/ils_config_18327966831755008092.prm
[INFO]:[01:12:27] CPLEX results. Gap: 99.580000, upper bound: 6427.720000, lower bound: 27.000000
[INFO]:[01:12:27] CPLEX solver finished. Gap: 99.580000
[INFO]:[01:12:27] Starting CPLEX solver on instance: /home/yorig/tuner/mpils-tests/instances/miplib/easy/fastxgemm-n2r6s0t2.mps with config: /scratch/yorig/mpils-results-grid-seconds-5-watchdog/easy/24proc/seed-5/2_fastxgemm-n2r6s0t2_seed-5_20260504_010323/iterated_local_search/run_6_worker_18/ils_config_578319789102736491.prm
[INFO]:[01:12:27] Starting CPLEX solver on instance: /home/yorig/tuner/mpils-tests/instances/miplib/easy/fastxgemm-n2r6s0t2.mps with config: /scratch/yorig/mpils-results-grid-seconds-5-watchdog/easy/24proc/seed-5/2_fastxgemm-n2r6s0t2_seed-5_20260504_010323/iterated_local_search/run_6_worker_18/ils_config_578319789102736491.prm
[INFO]:[01:12:32] CPLEX results. Gap: 99.580000, upper bound: 6427.720000, lower bound: 27.000000
[INFO]:[01:12:32] CPLEX solver finished. Gap: 99.580000
[INFO]:[01:12:32] Starting CPLEX solver on instance: /home/yorig/tuner/mpils-tests/instances/miplib/easy/fastxgemm-n2r6s0t2.mps with config: /scratch/yorig/mpils-results-grid-seconds-5-watchdog/easy/24proc/seed-5/2_fastxgemm-n2r6s0t2_seed-5_20260504_010323/iterated_local_search/run_6_worker_18/ils_config_5375551295856063860.prm
[INFO]:[01:12:32] Starting CPLEX solver on instance: /home/yorig/tuner/mpils-tests/instances/miplib/easy/fastxgemm-n2r6s0t2.mps with config: /scratch/yorig/mpils-results-grid-seconds-5-watchdog/easy/24proc/seed-5/2_fastxgemm-n2r6s0t2_seed-5_20260504_010323/iterated_local_search/run_6_worker_18/ils_config_5375551295856063860.prm
[INFO]:[01:12:37] CPLEX results. Gap: 99.580000, upper bound: 6427.720000, lower bound: 27.000000
[INFO]:[01:12:37] CPLEX solver finished. Gap: 99.580000
[INFO]:[01:12:37] Starting CPLEX solver on instance: /home/yorig/tuner/mpils-tests/instances/miplib/easy/fastxgemm-n2r6s0t2.mps with config: /scratch/yorig/mpils-results-grid-seconds-5-watchdog/easy/24proc/seed-5/2_fastxgemm-n2r6s0t2_seed-5_20260504_010323/iterated_local_search/run_6_worker_18/ils_config_17069004886289744718.prm
[INFO]:[01:12:37] Starting CPLEX solver on instance: /home/yorig/tuner/mpils-tests/instances/miplib/easy/fastxgemm-n2r6s0t2.mps with config: /scratch/yorig/mpils-results-grid-seconds-5-watchdog/easy/24proc/seed-5/2_fastxgemm-n2r6s0t2_seed-5_20260504_010323/iterated_local_search/run_6_worker_18/ils_config_17069004886289744718.prm
[INFO]:[01:12:42] CPLEX results. Gap: 99.580000, upper bound: 6427.720000, lower bound: 27.000000
[INFO]:[01:12:42] CPLEX solver finished. Gap: 99.580000
[INFO]:[01:12:42] Starting CPLEX solver on instance: /home/yorig/tuner/mpils-tests/instances/miplib/easy/fastxgemm-n2r6s0t2.mps with config: /scratch/yorig/mpils-results-grid-seconds-5-watchdog/easy/24proc/seed-5/2_fastxgemm-n2r6s0t2_seed-5_20260504_010323/iterated_local_search/run_6_worker_18/ils_config_15392819825672378847.prm
[INFO]:[01:12:42] Starting CPLEX solver on instance: /home/yorig/tuner/mpils-tests/instances/miplib/easy/fastxgemm-n2r6s0t2.mps with config: /scratch/yorig/mpils-results-grid-seconds-5-watchdog/easy/24proc/seed-5/2_fastxgemm-n2r6s0t2_seed-5_20260504_010323/iterated_local_search/run_6_worker_18/ils_config_15392819825672378847.prm
[INFO]:[01:12:47] CPLEX results. Gap: 99.580000, upper bound: 6427.720000, lower bound: 27.000000
[INFO]:[01:12:47] CPLEX solver finished. Gap: 99.580000
[INFO]:[01:12:47] Starting CPLEX solver on instance: /home/yorig/tuner/mpils-tests/instances/miplib/easy/fastxgemm-n2r6s0t2.mps with config: /scratch/yorig/mpils-results-grid-seconds-5-watchdog/easy/24proc/seed-5/2_fastxgemm-n2r6s0t2_seed-5_20260504_010323/iterated_local_search/run_6_worker_18/ils_config_14479919241946317637.prm
[INFO]:[01:12:47] Starting CPLEX solver on instance: /home/yorig/tuner/mpils-tests/instances/miplib/easy/fastxgemm-n2r6s0t2.mps with config: /scratch/yorig/mpils-results-grid-seconds-5-watchdog/easy/24proc/seed-5/2_fastxgemm-n2r6s0t2_seed-5_20260504_010323/iterated_local_search/run_6_worker_18/ils_config_14479919241946317637.prm
[INFO]:[01:12:52] CPLEX results. Gap: 99.580000, upper bound: 6427.720000, lower bound: 27.000000
[INFO]:[01:12:52] CPLEX solver finished. Gap: 99.580000
[INFO]:[01:12:52] Received global ILS stop signal from rank 0.
[INFO]:[01:12:52] Local search phase completed.
[INFO]:[01:12:52] Total number of new local-search evaluations: 7
[INFO]:[01:12:52] Final incumbent objective value: 99.58
[INFO]:[01:12:52] Worker 18 completed exploration phase.
[INFO]:[01:12:52] Worker 18 received order for step 3.
[INFO]:[01:12:52] Worker 18 finished.
