[INFO]:[01:42:35] Worker 8 starting.
[INFO]:[01:42:35] Worker 8 received order for step 1.
[INFO]:[01:42:35] Worker 8 running exploration phase for iteration 1.
[INFO]:[01:42:35] Worker 8 at iteration 1 will not use a MIP start file. Current best MIP-start upper bound threshold is 1.79769e+308.
[INFO]:[01:42:35] Starting local search phase...
[INFO]:[01:42:35] Creating local search space from parameter space file: /scratch/yorig/mpils-results-grid-seconds-5-watchdog/medium-2/24proc/seed-5/1_neos-4387871-tavua_seed-5_20260504_014234/iterated_local_search/search_space/search_space_file_1_worker_8.txt
[INFO]:[01:42:35] Local search space loaded from file: /scratch/yorig/mpils-results-grid-seconds-5-watchdog/medium-2/24proc/seed-5/1_neos-4387871-tavua_seed-5_20260504_014234/iterated_local_search/search_space/search_space_file_1_worker_8.txt
[INFO]:[01:42:35] Number of parameters in local search space: 71
[INFO]:[01:42:35] Number of forbidden tuples in local search space: 0
[INFO]:[01:42:35] Number of conditionals in local search space: 6
[INFO]:[01:42:35] MIP start option not enabled. Local search will proceed without MIP start.
[INFO]:[01:42:35] Evaluating initial configuration for local search phase...
[INFO]:[01:42:35] Starting CPLEX solver on instance: /home/yorig/tuner/mpils-tests/instances/miplib/medium-2/neos-4387871-tavua.mps with config: /scratch/yorig/mpils-results-grid-seconds-5-watchdog/medium-2/24proc/seed-5/1_neos-4387871-tavua_seed-5_20260504_014234/iterated_local_search/run_1_worker_8/ils_config_9256882324034231698.prm
[INFO]:[01:42:35] Starting CPLEX solver on instance: /home/yorig/tuner/mpils-tests/instances/miplib/medium-2/neos-4387871-tavua.mps with config: /scratch/yorig/mpils-results-grid-seconds-5-watchdog/medium-2/24proc/seed-5/1_neos-4387871-tavua_seed-5_20260504_014234/iterated_local_search/run_1_worker_8/ils_config_9256882324034231698.prm
[INFO]:[01:42:40] CPLEX results. Gap: 57.720000, upper bound: 34.727890, lower bound: 14.681740
[INFO]:[01:42:40] CPLEX solver finished. Gap: 57.720000
[INFO]:[01:42:40] Initial configuration evaluated with objective value: 57.72
[INFO]:[01:42:40] Starting CPLEX solver on instance: /home/yorig/tuner/mpils-tests/instances/miplib/medium-2/neos-4387871-tavua.mps with config: /scratch/yorig/mpils-results-grid-seconds-5-watchdog/medium-2/24proc/seed-5/1_neos-4387871-tavua_seed-5_20260504_014234/iterated_local_search/run_1_worker_8/ils_config_8293681628283454277.prm
[INFO]:[01:42:40] Starting CPLEX solver on instance: /home/yorig/tuner/mpils-tests/instances/miplib/medium-2/neos-4387871-tavua.mps with config: /scratch/yorig/mpils-results-grid-seconds-5-watchdog/medium-2/24proc/seed-5/1_neos-4387871-tavua_seed-5_20260504_014234/iterated_local_search/run_1_worker_8/ils_config_8293681628283454277.prm
[INFO]:[01:42:45] CPLEX results. Gap: 53.400000, upper bound: 34.727890, lower bound: 16.184167
[INFO]:[01:42:45] CPLEX solver finished. Gap: 53.400000
[INFO]:[01:42:45] New incumbent found with objective value: 53.4
[INFO]:[01:42:45] Starting CPLEX solver on instance: /home/yorig/tuner/mpils-tests/instances/miplib/medium-2/neos-4387871-tavua.mps with config: /scratch/yorig/mpils-results-grid-seconds-5-watchdog/medium-2/24proc/seed-5/1_neos-4387871-tavua_seed-5_20260504_014234/iterated_local_search/run_1_worker_8/ils_config_7314436412631112402.prm
[INFO]:[01:42:45] Starting CPLEX solver on instance: /home/yorig/tuner/mpils-tests/instances/miplib/medium-2/neos-4387871-tavua.mps with config: /scratch/yorig/mpils-results-grid-seconds-5-watchdog/medium-2/24proc/seed-5/1_neos-4387871-tavua_seed-5_20260504_014234/iterated_local_search/run_1_worker_8/ils_config_7314436412631112402.prm
[INFO]:[01:42:50] CPLEX results. Gap: 52.860000, upper bound: 34.727890, lower bound: 16.372347
[INFO]:[01:42:50] CPLEX solver finished. Gap: 52.860000
[INFO]:[01:42:50] New incumbent found with objective value: 52.86
[INFO]:[01:42:50] Starting CPLEX solver on instance: /home/yorig/tuner/mpils-tests/instances/miplib/medium-2/neos-4387871-tavua.mps with config: /scratch/yorig/mpils-results-grid-seconds-5-watchdog/medium-2/24proc/seed-5/1_neos-4387871-tavua_seed-5_20260504_014234/iterated_local_search/run_1_worker_8/ils_config_2852654661648294629.prm
[INFO]:[01:42:50] Starting CPLEX solver on instance: /home/yorig/tuner/mpils-tests/instances/miplib/medium-2/neos-4387871-tavua.mps with config: /scratch/yorig/mpils-results-grid-seconds-5-watchdog/medium-2/24proc/seed-5/1_neos-4387871-tavua_seed-5_20260504_014234/iterated_local_search/run_1_worker_8/ils_config_2852654661648294629.prm
[INFO]:[01:42:55] CPLEX results. Gap: 57.100000, upper bound: 34.142100, lower bound: 14.648064
[INFO]:[01:42:55] CPLEX solver finished. Gap: 57.100000
[INFO]:[01:42:55] Starting CPLEX solver on instance: /home/yorig/tuner/mpils-tests/instances/miplib/medium-2/neos-4387871-tavua.mps with config: /scratch/yorig/mpils-results-grid-seconds-5-watchdog/medium-2/24proc/seed-5/1_neos-4387871-tavua_seed-5_20260504_014234/iterated_local_search/run_1_worker_8/ils_config_17383627689838100096.prm
[INFO]:[01:42:55] Starting CPLEX solver on instance: /home/yorig/tuner/mpils-tests/instances/miplib/medium-2/neos-4387871-tavua.mps with config: /scratch/yorig/mpils-results-grid-seconds-5-watchdog/medium-2/24proc/seed-5/1_neos-4387871-tavua_seed-5_20260504_014234/iterated_local_search/run_1_worker_8/ils_config_17383627689838100096.prm
[INFO]:[01:43:00] CPLEX results. Gap: 52.930000, upper bound: 34.727890, lower bound: 16.348083
[INFO]:[01:43:00] CPLEX solver finished. Gap: 52.930000
[INFO]:[01:43:00] Starting CPLEX solver on instance: /home/yorig/tuner/mpils-tests/instances/miplib/medium-2/neos-4387871-tavua.mps with config: /scratch/yorig/mpils-results-grid-seconds-5-watchdog/medium-2/24proc/seed-5/1_neos-4387871-tavua_seed-5_20260504_014234/iterated_local_search/run_1_worker_8/ils_config_17491158988842680922.prm
[INFO]:[01:43:00] Starting CPLEX solver on instance: /home/yorig/tuner/mpils-tests/instances/miplib/medium-2/neos-4387871-tavua.mps with config: /scratch/yorig/mpils-results-grid-seconds-5-watchdog/medium-2/24proc/seed-5/1_neos-4387871-tavua_seed-5_20260504_014234/iterated_local_search/run_1_worker_8/ils_config_17491158988842680922.prm
[INFO]:[01:43:05] CPLEX results. Gap: 50.940000, upper bound: 34.727890, lower bound: 17.037488
[INFO]:[01:43:05] CPLEX solver finished. Gap: 50.940000
[INFO]:[01:43:05] New incumbent found with objective value: 50.94
[INFO]:[01:43:05] Starting CPLEX solver on instance: /home/yorig/tuner/mpils-tests/instances/miplib/medium-2/neos-4387871-tavua.mps with config: /scratch/yorig/mpils-results-grid-seconds-5-watchdog/medium-2/24proc/seed-5/1_neos-4387871-tavua_seed-5_20260504_014234/iterated_local_search/run_1_worker_8/ils_config_608112914732353582.prm
[INFO]:[01:43:05] Starting CPLEX solver on instance: /home/yorig/tuner/mpils-tests/instances/miplib/medium-2/neos-4387871-tavua.mps with config: /scratch/yorig/mpils-results-grid-seconds-5-watchdog/medium-2/24proc/seed-5/1_neos-4387871-tavua_seed-5_20260504_014234/iterated_local_search/run_1_worker_8/ils_config_608112914732353582.prm
[INFO]:[01:43:10] CPLEX results. Gap: 52.670000, upper bound: 34.727890, lower bound: 16.438391
[INFO]:[01:43:10] CPLEX solver finished. Gap: 52.670000
[INFO]:[01:43:10] Starting CPLEX solver on instance: /home/yorig/tuner/mpils-tests/instances/miplib/medium-2/neos-4387871-tavua.mps with config: /scratch/yorig/mpils-results-grid-seconds-5-watchdog/medium-2/24proc/seed-5/1_neos-4387871-tavua_seed-5_20260504_014234/iterated_local_search/run_1_worker_8/ils_config_17446875142396269405.prm
[INFO]:[01:43:10] Starting CPLEX solver on instance: /home/yorig/tuner/mpils-tests/instances/miplib/medium-2/neos-4387871-tavua.mps with config: /scratch/yorig/mpils-results-grid-seconds-5-watchdog/medium-2/24proc/seed-5/1_neos-4387871-tavua_seed-5_20260504_014234/iterated_local_search/run_1_worker_8/ils_config_17446875142396269405.prm
[INFO]:[01:43:15] CPLEX results. Gap: 48.050000, upper bound: 34.556310, lower bound: 17.953364
[INFO]:[01:43:15] CPLEX solver finished. Gap: 48.050000
[INFO]:[01:43:15] New incumbent found with objective value: 48.05
[INFO]:[01:43:15] Starting CPLEX solver on instance: /home/yorig/tuner/mpils-tests/instances/miplib/medium-2/neos-4387871-tavua.mps with config: /scratch/yorig/mpils-results-grid-seconds-5-watchdog/medium-2/24proc/seed-5/1_neos-4387871-tavua_seed-5_20260504_014234/iterated_local_search/run_1_worker_8/ils_config_15725354642366296010.prm
[INFO]:[01:43:15] Starting CPLEX solver on instance: /home/yorig/tuner/mpils-tests/instances/miplib/medium-2/neos-4387871-tavua.mps with config: /scratch/yorig/mpils-results-grid-seconds-5-watchdog/medium-2/24proc/seed-5/1_neos-4387871-tavua_seed-5_20260504_014234/iterated_local_search/run_1_worker_8/ils_config_15725354642366296010.prm
[INFO]:[01:43:20] CPLEX results. Gap: 43.380000, upper bound: 34.142100, lower bound: 19.330216
[INFO]:[01:43:20] CPLEX solver finished. Gap: 43.380000
[INFO]:[01:43:20] New incumbent found with objective value: 43.38
[INFO]:[01:43:20] Starting CPLEX solver on instance: /home/yorig/tuner/mpils-tests/instances/miplib/medium-2/neos-4387871-tavua.mps with config: /scratch/yorig/mpils-results-grid-seconds-5-watchdog/medium-2/24proc/seed-5/1_neos-4387871-tavua_seed-5_20260504_014234/iterated_local_search/run_1_worker_8/ils_config_207823578994525115.prm
[INFO]:[01:43:20] Starting CPLEX solver on instance: /home/yorig/tuner/mpils-tests/instances/miplib/medium-2/neos-4387871-tavua.mps with config: /scratch/yorig/mpils-results-grid-seconds-5-watchdog/medium-2/24proc/seed-5/1_neos-4387871-tavua_seed-5_20260504_014234/iterated_local_search/run_1_worker_8/ils_config_207823578994525115.prm
[INFO]:[01:43:26] CPLEX results. Gap: 43.700000, upper bound: 33.970520, lower bound: 19.126846
[INFO]:[01:43:26] CPLEX solver finished. Gap: 43.700000
[INFO]:[01:43:26] Starting CPLEX solver on instance: /home/yorig/tuner/mpils-tests/instances/miplib/medium-2/neos-4387871-tavua.mps with config: /scratch/yorig/mpils-results-grid-seconds-5-watchdog/medium-2/24proc/seed-5/1_neos-4387871-tavua_seed-5_20260504_014234/iterated_local_search/run_1_worker_8/ils_config_137364439167638834.prm
[INFO]:[01:43:26] Starting CPLEX solver on instance: /home/yorig/tuner/mpils-tests/instances/miplib/medium-2/neos-4387871-tavua.mps with config: /scratch/yorig/mpils-results-grid-seconds-5-watchdog/medium-2/24proc/seed-5/1_neos-4387871-tavua_seed-5_20260504_014234/iterated_local_search/run_1_worker_8/ils_config_137364439167638834.prm
[INFO]:[01:43:31] CPLEX results. Gap: 49.300000, upper bound: 34.727890, lower bound: 17.607934
[INFO]:[01:43:31] CPLEX solver finished. Gap: 49.300000
[INFO]:[01:43:31] Starting CPLEX solver on instance: /home/yorig/tuner/mpils-tests/instances/miplib/medium-2/neos-4387871-tavua.mps with config: /scratch/yorig/mpils-results-grid-seconds-5-watchdog/medium-2/24proc/seed-5/1_neos-4387871-tavua_seed-5_20260504_014234/iterated_local_search/run_1_worker_8/ils_config_9962144004212096425.prm
[INFO]:[01:43:31] Starting CPLEX solver on instance: /home/yorig/tuner/mpils-tests/instances/miplib/medium-2/neos-4387871-tavua.mps with config: /scratch/yorig/mpils-results-grid-seconds-5-watchdog/medium-2/24proc/seed-5/1_neos-4387871-tavua_seed-5_20260504_014234/iterated_local_search/run_1_worker_8/ils_config_9962144004212096425.prm
[INFO]:[01:43:36] CPLEX results. Gap: 32.030000, upper bound: 34.384730, lower bound: 23.372886
[INFO]:[01:43:36] CPLEX solver finished. Gap: 32.030000
[INFO]:[01:43:36] New incumbent found with objective value: 32.03
[INFO]:[01:43:36] Starting CPLEX solver on instance: /home/yorig/tuner/mpils-tests/instances/miplib/medium-2/neos-4387871-tavua.mps with config: /scratch/yorig/mpils-results-grid-seconds-5-watchdog/medium-2/24proc/seed-5/1_neos-4387871-tavua_seed-5_20260504_014234/iterated_local_search/run_1_worker_8/ils_config_14527204180183089069.prm
[INFO]:[01:43:36] Starting CPLEX solver on instance: /home/yorig/tuner/mpils-tests/instances/miplib/medium-2/neos-4387871-tavua.mps with config: /scratch/yorig/mpils-results-grid-seconds-5-watchdog/medium-2/24proc/seed-5/1_neos-4387871-tavua_seed-5_20260504_014234/iterated_local_search/run_1_worker_8/ils_config_14527204180183089069.prm
[INFO]:[01:43:41] CPLEX results. Gap: 32.030000, upper bound: 34.384730, lower bound: 23.372886
[INFO]:[01:43:41] CPLEX solver finished. Gap: 32.030000
[INFO]:[01:43:41] Starting CPLEX solver on instance: /home/yorig/tuner/mpils-tests/instances/miplib/medium-2/neos-4387871-tavua.mps with config: /scratch/yorig/mpils-results-grid-seconds-5-watchdog/medium-2/24proc/seed-5/1_neos-4387871-tavua_seed-5_20260504_014234/iterated_local_search/run_1_worker_8/ils_config_11542453211541858454.prm
[INFO]:[01:43:41] Starting CPLEX solver on instance: /home/yorig/tuner/mpils-tests/instances/miplib/medium-2/neos-4387871-tavua.mps with config: /scratch/yorig/mpils-results-grid-seconds-5-watchdog/medium-2/24proc/seed-5/1_neos-4387871-tavua_seed-5_20260504_014234/iterated_local_search/run_1_worker_8/ils_config_11542453211541858454.prm
[INFO]:[01:43:46] CPLEX results. Gap: 32.030000, upper bound: 34.384730, lower bound: 23.372886
[INFO]:[01:43:46] CPLEX solver finished. Gap: 32.030000
[INFO]:[01:43:46] Starting CPLEX solver on instance: /home/yorig/tuner/mpils-tests/instances/miplib/medium-2/neos-4387871-tavua.mps with config: /scratch/yorig/mpils-results-grid-seconds-5-watchdog/medium-2/24proc/seed-5/1_neos-4387871-tavua_seed-5_20260504_014234/iterated_local_search/run_1_worker_8/ils_config_3800656402164213624.prm
[INFO]:[01:43:46] Starting CPLEX solver on instance: /home/yorig/tuner/mpils-tests/instances/miplib/medium-2/neos-4387871-tavua.mps with config: /scratch/yorig/mpils-results-grid-seconds-5-watchdog/medium-2/24proc/seed-5/1_neos-4387871-tavua_seed-5_20260504_014234/iterated_local_search/run_1_worker_8/ils_config_3800656402164213624.prm
[INFO]:[01:43:51] CPLEX results. Gap: 33.620000, upper bound: 34.142100, lower bound: 22.662072
[INFO]:[01:43:51] CPLEX solver finished. Gap: 33.620000
[INFO]:[01:43:51] Starting CPLEX solver on instance: /home/yorig/tuner/mpils-tests/instances/miplib/medium-2/neos-4387871-tavua.mps with config: /scratch/yorig/mpils-results-grid-seconds-5-watchdog/medium-2/24proc/seed-5/1_neos-4387871-tavua_seed-5_20260504_014234/iterated_local_search/run_1_worker_8/ils_config_4195144099769824973.prm
[INFO]:[01:43:51] Starting CPLEX solver on instance: /home/yorig/tuner/mpils-tests/instances/miplib/medium-2/neos-4387871-tavua.mps with config: /scratch/yorig/mpils-results-grid-seconds-5-watchdog/medium-2/24proc/seed-5/1_neos-4387871-tavua_seed-5_20260504_014234/iterated_local_search/run_1_worker_8/ils_config_4195144099769824973.prm
[INFO]:[01:43:56] CPLEX results. Gap: 32.030000, upper bound: 34.384730, lower bound: 23.372886
[INFO]:[01:43:56] CPLEX solver finished. Gap: 32.030000
[INFO]:[01:43:56] Starting CPLEX solver on instance: /home/yorig/tuner/mpils-tests/instances/miplib/medium-2/neos-4387871-tavua.mps with config: /scratch/yorig/mpils-results-grid-seconds-5-watchdog/medium-2/24proc/seed-5/1_neos-4387871-tavua_seed-5_20260504_014234/iterated_local_search/run_1_worker_8/ils_config_6003405608169774992.prm
[INFO]:[01:43:56] Starting CPLEX solver on instance: /home/yorig/tuner/mpils-tests/instances/miplib/medium-2/neos-4387871-tavua.mps with config: /scratch/yorig/mpils-results-grid-seconds-5-watchdog/medium-2/24proc/seed-5/1_neos-4387871-tavua_seed-5_20260504_014234/iterated_local_search/run_1_worker_8/ils_config_6003405608169774992.prm
[INFO]:[01:44:01] CPLEX results. Gap: 32.170000, upper bound: 33.556310, lower bound: 22.760396
[INFO]:[01:44:01] CPLEX solver finished. Gap: 32.170000
[INFO]:[01:44:01] Starting CPLEX solver on instance: /home/yorig/tuner/mpils-tests/instances/miplib/medium-2/neos-4387871-tavua.mps with config: /scratch/yorig/mpils-results-grid-seconds-5-watchdog/medium-2/24proc/seed-5/1_neos-4387871-tavua_seed-5_20260504_014234/iterated_local_search/run_1_worker_8/ils_config_692351340967499386.prm
[INFO]:[01:44:01] Starting CPLEX solver on instance: /home/yorig/tuner/mpils-tests/instances/miplib/medium-2/neos-4387871-tavua.mps with config: /scratch/yorig/mpils-results-grid-seconds-5-watchdog/medium-2/24proc/seed-5/1_neos-4387871-tavua_seed-5_20260504_014234/iterated_local_search/run_1_worker_8/ils_config_692351340967499386.prm
[INFO]:[01:44:06] CPLEX results. Gap: 33.590000, upper bound: 34.142100, lower bound: 22.673909
[INFO]:[01:44:06] CPLEX solver finished. Gap: 33.590000
[INFO]:[01:44:06] Starting CPLEX solver on instance: /home/yorig/tuner/mpils-tests/instances/miplib/medium-2/neos-4387871-tavua.mps with config: /scratch/yorig/mpils-results-grid-seconds-5-watchdog/medium-2/24proc/seed-5/1_neos-4387871-tavua_seed-5_20260504_014234/iterated_local_search/run_1_worker_8/ils_config_8260398943656684010.prm
[INFO]:[01:44:06] Starting CPLEX solver on instance: /home/yorig/tuner/mpils-tests/instances/miplib/medium-2/neos-4387871-tavua.mps with config: /scratch/yorig/mpils-results-grid-seconds-5-watchdog/medium-2/24proc/seed-5/1_neos-4387871-tavua_seed-5_20260504_014234/iterated_local_search/run_1_worker_8/ils_config_8260398943656684010.prm
[INFO]:[01:44:11] CPLEX results. Gap: 32.030000, upper bound: 34.384730, lower bound: 23.372886
[INFO]:[01:44:11] CPLEX solver finished. Gap: 32.030000
[INFO]:[01:44:11] Starting CPLEX solver on instance: /home/yorig/tuner/mpils-tests/instances/miplib/medium-2/neos-4387871-tavua.mps with config: /scratch/yorig/mpils-results-grid-seconds-5-watchdog/medium-2/24proc/seed-5/1_neos-4387871-tavua_seed-5_20260504_014234/iterated_local_search/run_1_worker_8/ils_config_15232445694560803488.prm
[INFO]:[01:44:11] Starting CPLEX solver on instance: /home/yorig/tuner/mpils-tests/instances/miplib/medium-2/neos-4387871-tavua.mps with config: /scratch/yorig/mpils-results-grid-seconds-5-watchdog/medium-2/24proc/seed-5/1_neos-4387871-tavua_seed-5_20260504_014234/iterated_local_search/run_1_worker_8/ils_config_15232445694560803488.prm
[INFO]:[01:44:16] CPLEX results. Gap: 32.030000, upper bound: 34.384730, lower bound: 23.372886
[INFO]:[01:44:16] CPLEX solver finished. Gap: 32.030000
[INFO]:[01:44:16] Local search phase completed.
[INFO]:[01:44:16] Total number of new local-search evaluations: 20
[INFO]:[01:44:16] Final incumbent objective value: 32.03
[INFO]:[01:44:16] Worker 8 completed exploration phase.
[INFO]:[01:44:16] Worker 8 received order for step 2.
[INFO]:[01:44:16] Worker 8 running expansion phase for iteration 1.
[INFO]:[01:44:16] Worker 8 will use solver log file: /scratch/yorig/mpils-results-grid-seconds-5-watchdog/medium-2/24proc/seed-5/1_neos-4387871-tavua_seed-5_20260504_014234/solver/cplex.log_iteration_expansion_1_worker_8
[INFO]:[01:44:16] Expansion Worker 8 starting expansion for iteration 1.
[INFO]:[01:44:16] Starting CPLEX solver on instance: /home/yorig/tuner/mpils-tests/instances/miplib/medium-2/neos-4387871-tavua.mps with config: /scratch/yorig/mpils-results-grid-seconds-5-watchdog/medium-2/24proc/seed-5/1_neos-4387871-tavua_seed-5_20260504_014234/expansion/config_param_CPXPARAM_MIP_Limits_ProbeTime_5_iter_1.prm
[INFO]:[01:44:21] CPLEX results. Gap: 23.270000, upper bound: 33.556310, lower bound: 25.747606
[INFO]:[01:44:21] CPLEX solver finished. Gap: 23.270000
[INFO]:[01:44:21] Starting CPLEX solver on instance: /home/yorig/tuner/mpils-tests/instances/miplib/medium-2/neos-4387871-tavua.mps with config: /scratch/yorig/mpils-results-grid-seconds-5-watchdog/medium-2/24proc/seed-5/1_neos-4387871-tavua_seed-5_20260504_014234/expansion/config_param_CPXPARAM_MIP_Limits_ProbeTime_10_iter_1.prm
[INFO]:[01:44:26] CPLEX results. Gap: 23.370000, upper bound: 33.556310, lower bound: 25.713599
[INFO]:[01:44:26] CPLEX solver finished. Gap: 23.370000
[INFO]:[01:44:31] Expansion Worker 8 completed expansion.
[INFO]:[01:44:31] Worker 8 completed expansion phase.
[INFO]:[01:44:31] Worker 8 received order for step 1.
[INFO]:[01:44:31] Worker 8 running exploration phase for iteration 2.
[INFO]:[01:44:31] Worker 8 at iteration 2 will not use a MIP start file. Current best MIP-start upper bound threshold is 1.79769e+308.
[INFO]:[01:44:31] Starting local search phase...
[INFO]:[01:44:31] Creating local search space from parameter space file: /scratch/yorig/mpils-results-grid-seconds-5-watchdog/medium-2/24proc/seed-5/1_neos-4387871-tavua_seed-5_20260504_014234/iterated_local_search/search_space/search_space_file_2_worker_8.txt
[INFO]:[01:44:31] Local search space loaded from file: /scratch/yorig/mpils-results-grid-seconds-5-watchdog/medium-2/24proc/seed-5/1_neos-4387871-tavua_seed-5_20260504_014234/iterated_local_search/search_space/search_space_file_2_worker_8.txt
[INFO]:[01:44:31] Number of parameters in local search space: 71
[INFO]:[01:44:31] Number of forbidden tuples in local search space: 27
[INFO]:[01:44:31] Number of conditionals in local search space: 6
[INFO]:[01:44:31] MIP start option not enabled. Local search will proceed without MIP start.
[INFO]:[01:44:31] Evaluating initial configuration for local search phase...
[INFO]:[01:44:31] Starting CPLEX solver on instance: /home/yorig/tuner/mpils-tests/instances/miplib/medium-2/neos-4387871-tavua.mps with config: /scratch/yorig/mpils-results-grid-seconds-5-watchdog/medium-2/24proc/seed-5/1_neos-4387871-tavua_seed-5_20260504_014234/iterated_local_search/run_2_worker_8/ils_config_11282455206074109410.prm
[INFO]:[01:44:31] Starting CPLEX solver on instance: /home/yorig/tuner/mpils-tests/instances/miplib/medium-2/neos-4387871-tavua.mps with config: /scratch/yorig/mpils-results-grid-seconds-5-watchdog/medium-2/24proc/seed-5/1_neos-4387871-tavua_seed-5_20260504_014234/iterated_local_search/run_2_worker_8/ils_config_11282455206074109410.prm
[INFO]:[01:44:36] CPLEX results. Gap: 54.730000, upper bound: 34.142100, lower bound: 15.456436
[INFO]:[01:44:36] CPLEX solver finished. Gap: 54.730000
[INFO]:[01:44:36] Initial configuration evaluated with objective value: 54.73
[INFO]:[01:44:36] Starting CPLEX solver on instance: /home/yorig/tuner/mpils-tests/instances/miplib/medium-2/neos-4387871-tavua.mps with config: /scratch/yorig/mpils-results-grid-seconds-5-watchdog/medium-2/24proc/seed-5/1_neos-4387871-tavua_seed-5_20260504_014234/iterated_local_search/run_2_worker_8/ils_config_18255798508423276063.prm
[INFO]:[01:44:36] Starting CPLEX solver on instance: /home/yorig/tuner/mpils-tests/instances/miplib/medium-2/neos-4387871-tavua.mps with config: /scratch/yorig/mpils-results-grid-seconds-5-watchdog/medium-2/24proc/seed-5/1_neos-4387871-tavua_seed-5_20260504_014234/iterated_local_search/run_2_worker_8/ils_config_18255798508423276063.prm
[INFO]:[01:44:41] CPLEX results. Gap: 55.250000, upper bound: 33.556310, lower bound: 15.017411
[INFO]:[01:44:41] CPLEX solver finished. Gap: 55.250000
[INFO]:[01:44:41] Starting CPLEX solver on instance: /home/yorig/tuner/mpils-tests/instances/miplib/medium-2/neos-4387871-tavua.mps with config: /scratch/yorig/mpils-results-grid-seconds-5-watchdog/medium-2/24proc/seed-5/1_neos-4387871-tavua_seed-5_20260504_014234/iterated_local_search/run_2_worker_8/ils_config_11653698311473903392.prm
[INFO]:[01:44:41] Starting CPLEX solver on instance: /home/yorig/tuner/mpils-tests/instances/miplib/medium-2/neos-4387871-tavua.mps with config: /scratch/yorig/mpils-results-grid-seconds-5-watchdog/medium-2/24proc/seed-5/1_neos-4387871-tavua_seed-5_20260504_014234/iterated_local_search/run_2_worker_8/ils_config_11653698311473903392.prm
[INFO]:[01:44:46] CPLEX results. Gap: 56.800000, upper bound: 34.142100, lower bound: 14.747890
[INFO]:[01:44:46] CPLEX solver finished. Gap: 56.800000
[INFO]:[01:44:46] Starting CPLEX solver on instance: /home/yorig/tuner/mpils-tests/instances/miplib/medium-2/neos-4387871-tavua.mps with config: /scratch/yorig/mpils-results-grid-seconds-5-watchdog/medium-2/24proc/seed-5/1_neos-4387871-tavua_seed-5_20260504_014234/iterated_local_search/run_2_worker_8/ils_config_13165292771089866571.prm
[INFO]:[01:44:46] Starting CPLEX solver on instance: /home/yorig/tuner/mpils-tests/instances/miplib/medium-2/neos-4387871-tavua.mps with config: /scratch/yorig/mpils-results-grid-seconds-5-watchdog/medium-2/24proc/seed-5/1_neos-4387871-tavua_seed-5_20260504_014234/iterated_local_search/run_2_worker_8/ils_config_13165292771089866571.prm
[INFO]:[01:44:51] CPLEX results. Gap: 57.210000, upper bound: 34.142100, lower bound: 14.608383
[INFO]:[01:44:51] CPLEX solver finished. Gap: 57.210000
[INFO]:[01:44:51] Starting CPLEX solver on instance: /home/yorig/tuner/mpils-tests/instances/miplib/medium-2/neos-4387871-tavua.mps with config: /scratch/yorig/mpils-results-grid-seconds-5-watchdog/medium-2/24proc/seed-5/1_neos-4387871-tavua_seed-5_20260504_014234/iterated_local_search/run_2_worker_8/ils_config_16385325460714599713.prm
[INFO]:[01:44:51] Starting CPLEX solver on instance: /home/yorig/tuner/mpils-tests/instances/miplib/medium-2/neos-4387871-tavua.mps with config: /scratch/yorig/mpils-results-grid-seconds-5-watchdog/medium-2/24proc/seed-5/1_neos-4387871-tavua_seed-5_20260504_014234/iterated_local_search/run_2_worker_8/ils_config_16385325460714599713.prm
[INFO]:[01:44:56] CPLEX results. Gap: 53.970000, upper bound: 34.142100, lower bound: 15.716054
[INFO]:[01:44:56] CPLEX solver finished. Gap: 53.970000
[INFO]:[01:44:56] New incumbent found with objective value: 53.97
[INFO]:[01:44:56] Starting CPLEX solver on instance: /home/yorig/tuner/mpils-tests/instances/miplib/medium-2/neos-4387871-tavua.mps with config: /scratch/yorig/mpils-results-grid-seconds-5-watchdog/medium-2/24proc/seed-5/1_neos-4387871-tavua_seed-5_20260504_014234/iterated_local_search/run_2_worker_8/ils_config_10072856287208786065.prm
[INFO]:[01:44:56] Starting CPLEX solver on instance: /home/yorig/tuner/mpils-tests/instances/miplib/medium-2/neos-4387871-tavua.mps with config: /scratch/yorig/mpils-results-grid-seconds-5-watchdog/medium-2/24proc/seed-5/1_neos-4387871-tavua_seed-5_20260504_014234/iterated_local_search/run_2_worker_8/ils_config_10072856287208786065.prm
[INFO]:[01:45:02] CPLEX results. Gap: 48.910000, upper bound: 34.142100, lower bound: 17.442811
[INFO]:[01:45:02] CPLEX solver finished. Gap: 48.910000
[INFO]:[01:45:02] New incumbent found with objective value: 48.91
[INFO]:[01:45:02] Local search phase completed.
[INFO]:[01:45:02] Total number of new local-search evaluations: 6
[INFO]:[01:45:02] Final incumbent objective value: 48.91
[INFO]:[01:45:02] Worker 8 completed exploration phase.
[INFO]:[01:45:02] Worker 8 received order for step 2.
[INFO]:[01:45:02] Worker 8 running expansion phase for iteration 2.
[INFO]:[01:45:02] Worker 8 will use solver log file: /scratch/yorig/mpils-results-grid-seconds-5-watchdog/medium-2/24proc/seed-5/1_neos-4387871-tavua_seed-5_20260504_014234/solver/cplex.log_iteration_expansion_2_worker_8
[INFO]:[01:45:02] Expansion Worker 8 starting expansion for iteration 2.
[INFO]:[01:45:02] Starting CPLEX solver on instance: /home/yorig/tuner/mpils-tests/instances/miplib/medium-2/neos-4387871-tavua.mps with config: /scratch/yorig/mpils-results-grid-seconds-5-watchdog/medium-2/24proc/seed-5/1_neos-4387871-tavua_seed-5_20260504_014234/expansion/config_param_CPXPARAM_MIP_Strategy_HeuristicFreq_20_iter_2.prm
[INFO]:[01:45:07] CPLEX results. Gap: 25.330000, upper bound: 34.142100, lower bound: 25.495437
[INFO]:[01:45:07] CPLEX solver finished. Gap: 25.330000
[INFO]:[01:45:09] Starting CPLEX solver on instance: /home/yorig/tuner/mpils-tests/instances/miplib/medium-2/neos-4387871-tavua.mps with config: /scratch/yorig/mpils-results-grid-seconds-5-watchdog/medium-2/24proc/seed-5/1_neos-4387871-tavua_seed-5_20260504_014234/expansion/config_param_CPXPARAM_MIP_Strategy_HeuristicFreq_40_iter_2.prm
[INFO]:[01:45:14] CPLEX results. Gap: 26.490000, upper bound: 34.142100, lower bound: 25.096229
[INFO]:[01:45:14] CPLEX solver finished. Gap: 26.490000
[INFO]:[01:45:14] Expansion Worker 8 completed expansion.
[INFO]:[01:45:14] Worker 8 completed expansion phase.
[INFO]:[01:45:15] Worker 8 received order for step 1.
[INFO]:[01:45:15] Worker 8 running exploration phase for iteration 3.
[INFO]:[01:45:15] Worker 8 at iteration 3 will not use a MIP start file. Current best MIP-start upper bound threshold is 1.79769e+308.
[INFO]:[01:45:15] Starting local search phase...
[INFO]:[01:45:15] Creating local search space from parameter space file: /scratch/yorig/mpils-results-grid-seconds-5-watchdog/medium-2/24proc/seed-5/1_neos-4387871-tavua_seed-5_20260504_014234/iterated_local_search/search_space/search_space_file_3_worker_8.txt
[INFO]:[01:45:15] Local search space loaded from file: /scratch/yorig/mpils-results-grid-seconds-5-watchdog/medium-2/24proc/seed-5/1_neos-4387871-tavua_seed-5_20260504_014234/iterated_local_search/search_space/search_space_file_3_worker_8.txt
[INFO]:[01:45:15] Number of parameters in local search space: 71
[INFO]:[01:45:15] Number of forbidden tuples in local search space: 58
[INFO]:[01:45:15] Number of conditionals in local search space: 6
[INFO]:[01:45:15] MIP start option not enabled. Local search will proceed without MIP start.
[INFO]:[01:45:15] Evaluating initial configuration for local search phase...
[INFO]:[01:45:15] Starting CPLEX solver on instance: /home/yorig/tuner/mpils-tests/instances/miplib/medium-2/neos-4387871-tavua.mps with config: /scratch/yorig/mpils-results-grid-seconds-5-watchdog/medium-2/24proc/seed-5/1_neos-4387871-tavua_seed-5_20260504_014234/iterated_local_search/run_3_worker_8/ils_config_18381082889010269827.prm
[INFO]:[01:45:15] Starting CPLEX solver on instance: /home/yorig/tuner/mpils-tests/instances/miplib/medium-2/neos-4387871-tavua.mps with config: /scratch/yorig/mpils-results-grid-seconds-5-watchdog/medium-2/24proc/seed-5/1_neos-4387871-tavua_seed-5_20260504_014234/iterated_local_search/run_3_worker_8/ils_config_18381082889010269827.prm
[INFO]:[01:45:20] CPLEX results. Gap: 31.270000, upper bound: 34.384730, lower bound: 23.631682
[INFO]:[01:45:20] CPLEX solver finished. Gap: 31.270000
[INFO]:[01:45:20] Initial configuration evaluated with objective value: 31.27
[INFO]:[01:45:20] Starting CPLEX solver on instance: /home/yorig/tuner/mpils-tests/instances/miplib/medium-2/neos-4387871-tavua.mps with config: /scratch/yorig/mpils-results-grid-seconds-5-watchdog/medium-2/24proc/seed-5/1_neos-4387871-tavua_seed-5_20260504_014234/iterated_local_search/run_3_worker_8/ils_config_17035971884497342601.prm
[INFO]:[01:45:20] Starting CPLEX solver on instance: /home/yorig/tuner/mpils-tests/instances/miplib/medium-2/neos-4387871-tavua.mps with config: /scratch/yorig/mpils-results-grid-seconds-5-watchdog/medium-2/24proc/seed-5/1_neos-4387871-tavua_seed-5_20260504_014234/iterated_local_search/run_3_worker_8/ils_config_17035971884497342601.prm
[INFO]:[01:45:25] CPLEX results. Gap: 31.980000, upper bound: 34.384730, lower bound: 23.387185
[INFO]:[01:45:25] CPLEX solver finished. Gap: 31.980000
[INFO]:[01:45:25] Starting CPLEX solver on instance: /home/yorig/tuner/mpils-tests/instances/miplib/medium-2/neos-4387871-tavua.mps with config: /scratch/yorig/mpils-results-grid-seconds-5-watchdog/medium-2/24proc/seed-5/1_neos-4387871-tavua_seed-5_20260504_014234/iterated_local_search/run_3_worker_8/ils_config_14843211520261011201.prm
[INFO]:[01:45:25] Starting CPLEX solver on instance: /home/yorig/tuner/mpils-tests/instances/miplib/medium-2/neos-4387871-tavua.mps with config: /scratch/yorig/mpils-results-grid-seconds-5-watchdog/medium-2/24proc/seed-5/1_neos-4387871-tavua_seed-5_20260504_014234/iterated_local_search/run_3_worker_8/ils_config_14843211520261011201.prm
[INFO]:[01:45:30] CPLEX results. Gap: 31.040000, upper bound: 34.384730, lower bound: 23.711892
[INFO]:[01:45:30] CPLEX solver finished. Gap: 31.040000
[INFO]:[01:45:30] New incumbent found with objective value: 31.04
[INFO]:[01:45:30] Received global ILS stop signal from rank 6.
[INFO]:[01:45:30] Local search phase completed.
[INFO]:[01:45:30] Total number of new local-search evaluations: 3
[INFO]:[01:45:30] Final incumbent objective value: 31.04
[INFO]:[01:45:30] Worker 8 completed exploration phase.
[INFO]:[01:45:30] Worker 8 received order for step 3.
[INFO]:[01:45:30] Worker 8 finished.
