[INFO]:[22:45:43] Worker 6 starting.
[INFO]:[22:45:43] Worker 6 received order for step 1.
[INFO]:[22:45:43] Worker 6 running exploration phase for iteration 1.
[INFO]:[22:45:43] Current MIP start info file not found: /scratch/yorig/mpils-results-grid-seconds-5-no-mip-start/medium-2/16proc/seed-5/4_nexp-150-20-8-5_seed-5_20260502_224542/iterated_local_search/mip_start/current_mip_start_1.txt
[INFO]:[22:45:43] Worker 6 at iteration 1 will not use a MIP start file. Current best MIP-start upper bound threshold is 1.79769e+308.
[INFO]:[22:45:43] Starting local search phase...
[INFO]:[22:45:43] Creating local search space from parameter space file: /scratch/yorig/mpils-results-grid-seconds-5-no-mip-start/medium-2/16proc/seed-5/4_nexp-150-20-8-5_seed-5_20260502_224542/iterated_local_search/search_space/search_space_file_1_worker_6.txt
[INFO]:[22:45:43] Local search space loaded from file: /scratch/yorig/mpils-results-grid-seconds-5-no-mip-start/medium-2/16proc/seed-5/4_nexp-150-20-8-5_seed-5_20260502_224542/iterated_local_search/search_space/search_space_file_1_worker_6.txt
[INFO]:[22:45:43] Number of parameters in local search space: 71
[INFO]:[22:45:43] Number of forbidden tuples in local search space: 0
[INFO]:[22:45:43] Number of conditionals in local search space: 6
[INFO]:[22:45:43] MIP start option not enabled. Local search will proceed without MIP start.
[INFO]:[22:45:43] Evaluating initial configuration for local search phase...
[INFO]:[22:45:43] Starting CPLEX solver on instance: /home/yorig/tuner/mpils-tests/instances/miplib/medium-2/nexp-150-20-8-5.mps with config: /scratch/yorig/mpils-results-grid-seconds-5-no-mip-start/medium-2/16proc/seed-5/4_nexp-150-20-8-5_seed-5_20260502_224542/iterated_local_search/run_1_worker_6/ils_config_1562778068060664005.prm
[INFO]:[22:45:43] Starting CPLEX solver on instance: /home/yorig/tuner/mpils-tests/instances/miplib/medium-2/nexp-150-20-8-5.mps with config: /scratch/yorig/mpils-results-grid-seconds-5-no-mip-start/medium-2/16proc/seed-5/4_nexp-150-20-8-5_seed-5_20260502_224542/iterated_local_search/run_1_worker_6/ils_config_1562778068060664005.prm
[INFO]:[22:45:48] CPLEX results. Gap: 70.180000, upper bound: 255.000000, lower bound: 76.031342
[INFO]:[22:45:49] Writing MIP start file: /scratch/yorig/mpils-results-grid-seconds-5-no-mip-start/medium-2/16proc/seed-5/4_nexp-150-20-8-5_seed-5_20260502_224542/iterated_local_search/run_1_worker_6/mip_starts/mip_start_eval_1_config_1562778068060664005.mst
[INFO]:[22:45:49] CPLEX solver finished. Gap: 70.180000
[INFO]:[22:45:49] Initial configuration evaluated with objective value: 70.18
[INFO]:[22:45:49] Starting CPLEX solver on instance: /home/yorig/tuner/mpils-tests/instances/miplib/medium-2/nexp-150-20-8-5.mps with config: /scratch/yorig/mpils-results-grid-seconds-5-no-mip-start/medium-2/16proc/seed-5/4_nexp-150-20-8-5_seed-5_20260502_224542/iterated_local_search/run_1_worker_6/ils_config_6953195067738295.prm
[INFO]:[22:45:49] Starting CPLEX solver on instance: /home/yorig/tuner/mpils-tests/instances/miplib/medium-2/nexp-150-20-8-5.mps with config: /scratch/yorig/mpils-results-grid-seconds-5-no-mip-start/medium-2/16proc/seed-5/4_nexp-150-20-8-5_seed-5_20260502_224542/iterated_local_search/run_1_worker_6/ils_config_6953195067738295.prm
[INFO]:[22:45:54] CPLEX results. Gap: 68.980000, upper bound: 255.000000, lower bound: 79.097578
[INFO]:[22:45:54] CPLEX solver finished. Gap: 68.980000
[INFO]:[22:45:54] New incumbent found with objective value: 68.98
[INFO]:[22:45:54] Starting CPLEX solver on instance: /home/yorig/tuner/mpils-tests/instances/miplib/medium-2/nexp-150-20-8-5.mps with config: /scratch/yorig/mpils-results-grid-seconds-5-no-mip-start/medium-2/16proc/seed-5/4_nexp-150-20-8-5_seed-5_20260502_224542/iterated_local_search/run_1_worker_6/ils_config_4750303644858833653.prm
[INFO]:[22:45:54] Starting CPLEX solver on instance: /home/yorig/tuner/mpils-tests/instances/miplib/medium-2/nexp-150-20-8-5.mps with config: /scratch/yorig/mpils-results-grid-seconds-5-no-mip-start/medium-2/16proc/seed-5/4_nexp-150-20-8-5_seed-5_20260502_224542/iterated_local_search/run_1_worker_6/ils_config_4750303644858833653.prm
[INFO]:[22:45:59] CPLEX results. Gap: 68.980000, upper bound: 255.000000, lower bound: 79.097578
[INFO]:[22:45:59] CPLEX solver finished. Gap: 68.980000
[INFO]:[22:45:59] Starting CPLEX solver on instance: /home/yorig/tuner/mpils-tests/instances/miplib/medium-2/nexp-150-20-8-5.mps with config: /scratch/yorig/mpils-results-grid-seconds-5-no-mip-start/medium-2/16proc/seed-5/4_nexp-150-20-8-5_seed-5_20260502_224542/iterated_local_search/run_1_worker_6/ils_config_9976121230352978249.prm
[INFO]:[22:45:59] Starting CPLEX solver on instance: /home/yorig/tuner/mpils-tests/instances/miplib/medium-2/nexp-150-20-8-5.mps with config: /scratch/yorig/mpils-results-grid-seconds-5-no-mip-start/medium-2/16proc/seed-5/4_nexp-150-20-8-5_seed-5_20260502_224542/iterated_local_search/run_1_worker_6/ils_config_9976121230352978249.prm
[INFO]:[22:46:04] CPLEX results. Gap: 65.090000, upper bound: 245.000000, lower bound: 85.530996
[INFO]:[22:46:06] Writing MIP start file: /scratch/yorig/mpils-results-grid-seconds-5-no-mip-start/medium-2/16proc/seed-5/4_nexp-150-20-8-5_seed-5_20260502_224542/iterated_local_search/run_1_worker_6/mip_starts/mip_start_eval_4_config_9976121230352978249.mst
[INFO]:[22:46:06] CPLEX solver finished. Gap: 65.090000
[INFO]:[22:46:06] New incumbent found with objective value: 65.09
[INFO]:[22:46:06] Starting CPLEX solver on instance: /home/yorig/tuner/mpils-tests/instances/miplib/medium-2/nexp-150-20-8-5.mps with config: /scratch/yorig/mpils-results-grid-seconds-5-no-mip-start/medium-2/16proc/seed-5/4_nexp-150-20-8-5_seed-5_20260502_224542/iterated_local_search/run_1_worker_6/ils_config_8391561724203663623.prm
[INFO]:[22:46:06] Starting CPLEX solver on instance: /home/yorig/tuner/mpils-tests/instances/miplib/medium-2/nexp-150-20-8-5.mps with config: /scratch/yorig/mpils-results-grid-seconds-5-no-mip-start/medium-2/16proc/seed-5/4_nexp-150-20-8-5_seed-5_20260502_224542/iterated_local_search/run_1_worker_6/ils_config_8391561724203663623.prm
[INFO]:[22:46:11] CPLEX results. Gap: 75.400000, upper bound: 253.000000, lower bound: 62.238895
[INFO]:[22:46:11] CPLEX solver finished. Gap: 75.400000
[INFO]:[22:46:11] Starting CPLEX solver on instance: /home/yorig/tuner/mpils-tests/instances/miplib/medium-2/nexp-150-20-8-5.mps with config: /scratch/yorig/mpils-results-grid-seconds-5-no-mip-start/medium-2/16proc/seed-5/4_nexp-150-20-8-5_seed-5_20260502_224542/iterated_local_search/run_1_worker_6/ils_config_1122499727428817333.prm
[INFO]:[22:46:11] Starting CPLEX solver on instance: /home/yorig/tuner/mpils-tests/instances/miplib/medium-2/nexp-150-20-8-5.mps with config: /scratch/yorig/mpils-results-grid-seconds-5-no-mip-start/medium-2/16proc/seed-5/4_nexp-150-20-8-5_seed-5_20260502_224542/iterated_local_search/run_1_worker_6/ils_config_1122499727428817333.prm
[INFO]:[22:46:16] CPLEX results. Gap: 68.980000, upper bound: 255.000000, lower bound: 79.097578
[INFO]:[22:46:16] CPLEX solver finished. Gap: 68.980000
[INFO]:[22:46:16] Starting CPLEX solver on instance: /home/yorig/tuner/mpils-tests/instances/miplib/medium-2/nexp-150-20-8-5.mps with config: /scratch/yorig/mpils-results-grid-seconds-5-no-mip-start/medium-2/16proc/seed-5/4_nexp-150-20-8-5_seed-5_20260502_224542/iterated_local_search/run_1_worker_6/ils_config_16012768655917267699.prm
[INFO]:[22:46:16] Starting CPLEX solver on instance: /home/yorig/tuner/mpils-tests/instances/miplib/medium-2/nexp-150-20-8-5.mps with config: /scratch/yorig/mpils-results-grid-seconds-5-no-mip-start/medium-2/16proc/seed-5/4_nexp-150-20-8-5_seed-5_20260502_224542/iterated_local_search/run_1_worker_6/ils_config_16012768655917267699.prm
[INFO]:[22:46:21] CPLEX results. Gap: 64.050000, upper bound: 271.000000, lower bound: 97.422399
[INFO]:[22:46:21] CPLEX solver finished. Gap: 64.050000
[INFO]:[22:46:21] New incumbent found with objective value: 64.05
[INFO]:[22:46:21] Starting CPLEX solver on instance: /home/yorig/tuner/mpils-tests/instances/miplib/medium-2/nexp-150-20-8-5.mps with config: /scratch/yorig/mpils-results-grid-seconds-5-no-mip-start/medium-2/16proc/seed-5/4_nexp-150-20-8-5_seed-5_20260502_224542/iterated_local_search/run_1_worker_6/ils_config_10743411116836285276.prm
[INFO]:[22:46:21] Starting CPLEX solver on instance: /home/yorig/tuner/mpils-tests/instances/miplib/medium-2/nexp-150-20-8-5.mps with config: /scratch/yorig/mpils-results-grid-seconds-5-no-mip-start/medium-2/16proc/seed-5/4_nexp-150-20-8-5_seed-5_20260502_224542/iterated_local_search/run_1_worker_6/ils_config_10743411116836285276.prm
[INFO]:[22:46:26] CPLEX results. Gap: 68.900000, upper bound: 262.000000, lower bound: 81.476942
[INFO]:[22:46:26] CPLEX solver finished. Gap: 68.900000
[INFO]:[22:46:26] Starting CPLEX solver on instance: /home/yorig/tuner/mpils-tests/instances/miplib/medium-2/nexp-150-20-8-5.mps with config: /scratch/yorig/mpils-results-grid-seconds-5-no-mip-start/medium-2/16proc/seed-5/4_nexp-150-20-8-5_seed-5_20260502_224542/iterated_local_search/run_1_worker_6/ils_config_6318450692810120946.prm
[INFO]:[22:46:26] Starting CPLEX solver on instance: /home/yorig/tuner/mpils-tests/instances/miplib/medium-2/nexp-150-20-8-5.mps with config: /scratch/yorig/mpils-results-grid-seconds-5-no-mip-start/medium-2/16proc/seed-5/4_nexp-150-20-8-5_seed-5_20260502_224542/iterated_local_search/run_1_worker_6/ils_config_6318450692810120946.prm
[INFO]:[22:46:32] CPLEX results. Gap: 69.260000, upper bound: 253.000000, lower bound: 77.772764
[INFO]:[22:46:32] CPLEX solver finished. Gap: 69.260000
[INFO]:[22:46:32] Starting CPLEX solver on instance: /home/yorig/tuner/mpils-tests/instances/miplib/medium-2/nexp-150-20-8-5.mps with config: /scratch/yorig/mpils-results-grid-seconds-5-no-mip-start/medium-2/16proc/seed-5/4_nexp-150-20-8-5_seed-5_20260502_224542/iterated_local_search/run_1_worker_6/ils_config_9714079339338939078.prm
[INFO]:[22:46:32] Starting CPLEX solver on instance: /home/yorig/tuner/mpils-tests/instances/miplib/medium-2/nexp-150-20-8-5.mps with config: /scratch/yorig/mpils-results-grid-seconds-5-no-mip-start/medium-2/16proc/seed-5/4_nexp-150-20-8-5_seed-5_20260502_224542/iterated_local_search/run_1_worker_6/ils_config_9714079339338939078.prm
[INFO]:[22:46:37] CPLEX results. Gap: 64.050000, upper bound: 271.000000, lower bound: 97.422399
[INFO]:[22:46:37] CPLEX solver finished. Gap: 64.050000
[INFO]:[22:46:37] Starting CPLEX solver on instance: /home/yorig/tuner/mpils-tests/instances/miplib/medium-2/nexp-150-20-8-5.mps with config: /scratch/yorig/mpils-results-grid-seconds-5-no-mip-start/medium-2/16proc/seed-5/4_nexp-150-20-8-5_seed-5_20260502_224542/iterated_local_search/run_1_worker_6/ils_config_17504583019771562123.prm
[INFO]:[22:46:37] Starting CPLEX solver on instance: /home/yorig/tuner/mpils-tests/instances/miplib/medium-2/nexp-150-20-8-5.mps with config: /scratch/yorig/mpils-results-grid-seconds-5-no-mip-start/medium-2/16proc/seed-5/4_nexp-150-20-8-5_seed-5_20260502_224542/iterated_local_search/run_1_worker_6/ils_config_17504583019771562123.prm
[INFO]:[22:46:42] CPLEX results. Gap: 45.160000, upper bound: 262.000000, lower bound: 143.670129
[INFO]:[22:46:42] CPLEX solver finished. Gap: 45.160000
[INFO]:[22:46:42] New incumbent found with objective value: 45.16
[INFO]:[22:46:42] Starting CPLEX solver on instance: /home/yorig/tuner/mpils-tests/instances/miplib/medium-2/nexp-150-20-8-5.mps with config: /scratch/yorig/mpils-results-grid-seconds-5-no-mip-start/medium-2/16proc/seed-5/4_nexp-150-20-8-5_seed-5_20260502_224542/iterated_local_search/run_1_worker_6/ils_config_16544826778125289762.prm
[INFO]:[22:46:42] Starting CPLEX solver on instance: /home/yorig/tuner/mpils-tests/instances/miplib/medium-2/nexp-150-20-8-5.mps with config: /scratch/yorig/mpils-results-grid-seconds-5-no-mip-start/medium-2/16proc/seed-5/4_nexp-150-20-8-5_seed-5_20260502_224542/iterated_local_search/run_1_worker_6/ils_config_16544826778125289762.prm
[INFO]:[22:46:47] CPLEX results. Gap: 45.160000, upper bound: 262.000000, lower bound: 143.670129
[INFO]:[22:46:47] CPLEX solver finished. Gap: 45.160000
[INFO]:[22:46:47] Starting CPLEX solver on instance: /home/yorig/tuner/mpils-tests/instances/miplib/medium-2/nexp-150-20-8-5.mps with config: /scratch/yorig/mpils-results-grid-seconds-5-no-mip-start/medium-2/16proc/seed-5/4_nexp-150-20-8-5_seed-5_20260502_224542/iterated_local_search/run_1_worker_6/ils_config_9514038043802410125.prm
[INFO]:[22:46:47] Starting CPLEX solver on instance: /home/yorig/tuner/mpils-tests/instances/miplib/medium-2/nexp-150-20-8-5.mps with config: /scratch/yorig/mpils-results-grid-seconds-5-no-mip-start/medium-2/16proc/seed-5/4_nexp-150-20-8-5_seed-5_20260502_224542/iterated_local_search/run_1_worker_6/ils_config_9514038043802410125.prm
[INFO]:[22:46:52] CPLEX results. Gap: 45.160000, upper bound: 262.000000, lower bound: 143.670129
[INFO]:[22:46:52] CPLEX solver finished. Gap: 45.160000
[INFO]:[22:46:52] Starting CPLEX solver on instance: /home/yorig/tuner/mpils-tests/instances/miplib/medium-2/nexp-150-20-8-5.mps with config: /scratch/yorig/mpils-results-grid-seconds-5-no-mip-start/medium-2/16proc/seed-5/4_nexp-150-20-8-5_seed-5_20260502_224542/iterated_local_search/run_1_worker_6/ils_config_17856202356107200951.prm
[INFO]:[22:46:52] Starting CPLEX solver on instance: /home/yorig/tuner/mpils-tests/instances/miplib/medium-2/nexp-150-20-8-5.mps with config: /scratch/yorig/mpils-results-grid-seconds-5-no-mip-start/medium-2/16proc/seed-5/4_nexp-150-20-8-5_seed-5_20260502_224542/iterated_local_search/run_1_worker_6/ils_config_17856202356107200951.prm
[INFO]:[22:46:57] CPLEX results. Gap: 51.960000, upper bound: 253.000000, lower bound: 121.545354
[INFO]:[22:46:57] CPLEX solver finished. Gap: 51.960000
[INFO]:[22:46:57] Starting CPLEX solver on instance: /home/yorig/tuner/mpils-tests/instances/miplib/medium-2/nexp-150-20-8-5.mps with config: /scratch/yorig/mpils-results-grid-seconds-5-no-mip-start/medium-2/16proc/seed-5/4_nexp-150-20-8-5_seed-5_20260502_224542/iterated_local_search/run_1_worker_6/ils_config_2508736542803184562.prm
[INFO]:[22:46:57] Starting CPLEX solver on instance: /home/yorig/tuner/mpils-tests/instances/miplib/medium-2/nexp-150-20-8-5.mps with config: /scratch/yorig/mpils-results-grid-seconds-5-no-mip-start/medium-2/16proc/seed-5/4_nexp-150-20-8-5_seed-5_20260502_224542/iterated_local_search/run_1_worker_6/ils_config_2508736542803184562.prm
[INFO]:[22:47:02] CPLEX results. Gap: 45.160000, upper bound: 262.000000, lower bound: 143.670129
[INFO]:[22:47:02] CPLEX solver finished. Gap: 45.160000
[INFO]:[22:47:02] Starting CPLEX solver on instance: /home/yorig/tuner/mpils-tests/instances/miplib/medium-2/nexp-150-20-8-5.mps with config: /scratch/yorig/mpils-results-grid-seconds-5-no-mip-start/medium-2/16proc/seed-5/4_nexp-150-20-8-5_seed-5_20260502_224542/iterated_local_search/run_1_worker_6/ils_config_18103817814904041361.prm
[INFO]:[22:47:02] Starting CPLEX solver on instance: /home/yorig/tuner/mpils-tests/instances/miplib/medium-2/nexp-150-20-8-5.mps with config: /scratch/yorig/mpils-results-grid-seconds-5-no-mip-start/medium-2/16proc/seed-5/4_nexp-150-20-8-5_seed-5_20260502_224542/iterated_local_search/run_1_worker_6/ils_config_18103817814904041361.prm
[INFO]:[22:47:07] CPLEX results. Gap: 45.160000, upper bound: 262.000000, lower bound: 143.670129
[INFO]:[22:47:07] CPLEX solver finished. Gap: 45.160000
[INFO]:[22:47:07] Starting CPLEX solver on instance: /home/yorig/tuner/mpils-tests/instances/miplib/medium-2/nexp-150-20-8-5.mps with config: /scratch/yorig/mpils-results-grid-seconds-5-no-mip-start/medium-2/16proc/seed-5/4_nexp-150-20-8-5_seed-5_20260502_224542/iterated_local_search/run_1_worker_6/ils_config_10291702549980598318.prm
[INFO]:[22:47:07] Starting CPLEX solver on instance: /home/yorig/tuner/mpils-tests/instances/miplib/medium-2/nexp-150-20-8-5.mps with config: /scratch/yorig/mpils-results-grid-seconds-5-no-mip-start/medium-2/16proc/seed-5/4_nexp-150-20-8-5_seed-5_20260502_224542/iterated_local_search/run_1_worker_6/ils_config_10291702549980598318.prm
[INFO]:[22:47:12] CPLEX results. Gap: 43.660000, upper bound: 255.000000, lower bound: 143.670129
[INFO]:[22:47:12] CPLEX solver finished. Gap: 43.660000
[INFO]:[22:47:12] New incumbent found with objective value: 43.66
[INFO]:[22:47:12] Starting CPLEX solver on instance: /home/yorig/tuner/mpils-tests/instances/miplib/medium-2/nexp-150-20-8-5.mps with config: /scratch/yorig/mpils-results-grid-seconds-5-no-mip-start/medium-2/16proc/seed-5/4_nexp-150-20-8-5_seed-5_20260502_224542/iterated_local_search/run_1_worker_6/ils_config_12158040732095930590.prm
[INFO]:[22:47:12] Starting CPLEX solver on instance: /home/yorig/tuner/mpils-tests/instances/miplib/medium-2/nexp-150-20-8-5.mps with config: /scratch/yorig/mpils-results-grid-seconds-5-no-mip-start/medium-2/16proc/seed-5/4_nexp-150-20-8-5_seed-5_20260502_224542/iterated_local_search/run_1_worker_6/ils_config_12158040732095930590.prm
[INFO]:[22:47:17] CPLEX results. Gap: 54.930000, upper bound: 251.000000, lower bound: 113.129818
[INFO]:[22:47:17] CPLEX solver finished. Gap: 54.930000
[INFO]:[22:47:17] Starting CPLEX solver on instance: /home/yorig/tuner/mpils-tests/instances/miplib/medium-2/nexp-150-20-8-5.mps with config: /scratch/yorig/mpils-results-grid-seconds-5-no-mip-start/medium-2/16proc/seed-5/4_nexp-150-20-8-5_seed-5_20260502_224542/iterated_local_search/run_1_worker_6/ils_config_16485704585922050402.prm
[INFO]:[22:47:17] Starting CPLEX solver on instance: /home/yorig/tuner/mpils-tests/instances/miplib/medium-2/nexp-150-20-8-5.mps with config: /scratch/yorig/mpils-results-grid-seconds-5-no-mip-start/medium-2/16proc/seed-5/4_nexp-150-20-8-5_seed-5_20260502_224542/iterated_local_search/run_1_worker_6/ils_config_16485704585922050402.prm
[INFO]:[22:47:22] CPLEX results. Gap: 40.740000, upper bound: 255.000000, lower bound: 151.104486
[INFO]:[22:47:22] CPLEX solver finished. Gap: 40.740000
[INFO]:[22:47:22] New incumbent found with objective value: 40.74
[INFO]:[22:47:22] Starting CPLEX solver on instance: /home/yorig/tuner/mpils-tests/instances/miplib/medium-2/nexp-150-20-8-5.mps with config: /scratch/yorig/mpils-results-grid-seconds-5-no-mip-start/medium-2/16proc/seed-5/4_nexp-150-20-8-5_seed-5_20260502_224542/iterated_local_search/run_1_worker_6/ils_config_12172572668647297344.prm
[INFO]:[22:47:22] Starting CPLEX solver on instance: /home/yorig/tuner/mpils-tests/instances/miplib/medium-2/nexp-150-20-8-5.mps with config: /scratch/yorig/mpils-results-grid-seconds-5-no-mip-start/medium-2/16proc/seed-5/4_nexp-150-20-8-5_seed-5_20260502_224542/iterated_local_search/run_1_worker_6/ils_config_12172572668647297344.prm
[INFO]:[22:47:27] CPLEX results. Gap: 40.510000, upper bound: 254.000000, lower bound: 151.104486
[INFO]:[22:47:27] CPLEX solver finished. Gap: 40.510000
[INFO]:[22:47:27] New incumbent found with objective value: 40.51
[INFO]:[22:47:27] Local search phase completed.
[INFO]:[22:47:27] Total number of new local-search evaluations: 20
[INFO]:[22:47:27] Final incumbent objective value: 40.51
[INFO]:[22:47:28] Worker 6 completed exploration phase.
[INFO]:[22:47:28] Worker 6 received order for step 2.
[INFO]:[22:47:28] Worker 6 running expansion phase for iteration 1.
[INFO]:[22:47:28] Worker 6 will use solver log file: /scratch/yorig/mpils-results-grid-seconds-5-no-mip-start/medium-2/16proc/seed-5/4_nexp-150-20-8-5_seed-5_20260502_224542/solver/cplex.log_iteration_expansion_1_worker_6
[INFO]:[22:47:28] Expansion Worker 6 starting expansion for iteration 1.
[INFO]:[22:47:28] Starting CPLEX solver on instance: /home/yorig/tuner/mpils-tests/instances/miplib/medium-2/nexp-150-20-8-5.mps with config: /scratch/yorig/mpils-results-grid-seconds-5-no-mip-start/medium-2/16proc/seed-5/4_nexp-150-20-8-5_seed-5_20260502_224542/expansion/config_param_CPXPARAM_MIP_Limits_ProbeTime_20_iter_1.prm
[INFO]:[22:47:33] CPLEX results. Gap: 9.790000, upper bound: 243.000000, lower bound: 219.221186
[INFO]:[22:47:33] CPLEX solver finished. Gap: 9.790000
[INFO]:[22:47:33] Starting CPLEX solver on instance: /home/yorig/tuner/mpils-tests/instances/miplib/medium-2/nexp-150-20-8-5.mps with config: /scratch/yorig/mpils-results-grid-seconds-5-no-mip-start/medium-2/16proc/seed-5/4_nexp-150-20-8-5_seed-5_20260502_224542/expansion/config_param_CPXPARAM_MIP_Limits_ProbeTime_30_iter_1.prm
[INFO]:[22:47:38] CPLEX results. Gap: 9.790000, upper bound: 243.000000, lower bound: 219.221186
[INFO]:[22:47:38] CPLEX solver finished. Gap: 9.790000
[INFO]:[22:47:38] Starting CPLEX solver on instance: /home/yorig/tuner/mpils-tests/instances/miplib/medium-2/nexp-150-20-8-5.mps with config: /scratch/yorig/mpils-results-grid-seconds-5-no-mip-start/medium-2/16proc/seed-5/4_nexp-150-20-8-5_seed-5_20260502_224542/expansion/config_param_CPXPARAM_MIP_Limits_ProbeTime_40_iter_1.prm
[INFO]:[22:47:44] CPLEX results. Gap: 9.790000, upper bound: 243.000000, lower bound: 219.221186
[INFO]:[22:47:44] CPLEX solver finished. Gap: 9.790000
[INFO]:[22:47:44] Expansion Worker 6 stopping early after global MPI expansion stop was activated.
[INFO]:[22:47:44] Expansion Worker 6 completed expansion.
[INFO]:[22:47:44] Worker 6 completed expansion phase.
[INFO]:[22:47:44] Worker 6 received order for step 1.
[INFO]:[22:47:44] Worker 6 running exploration phase for iteration 2.
[INFO]:[22:47:44] Worker 6 at iteration 2 will not use a MIP start file. Current best MIP-start upper bound threshold is 236.
[INFO]:[22:47:44] Starting local search phase...
[INFO]:[22:47:44] Creating local search space from parameter space file: /scratch/yorig/mpils-results-grid-seconds-5-no-mip-start/medium-2/16proc/seed-5/4_nexp-150-20-8-5_seed-5_20260502_224542/iterated_local_search/search_space/search_space_file_2_worker_6.txt
[INFO]:[22:47:44] Local search space loaded from file: /scratch/yorig/mpils-results-grid-seconds-5-no-mip-start/medium-2/16proc/seed-5/4_nexp-150-20-8-5_seed-5_20260502_224542/iterated_local_search/search_space/search_space_file_2_worker_6.txt
[INFO]:[22:47:44] Number of parameters in local search space: 71
[INFO]:[22:47:44] Number of forbidden tuples in local search space: 22
[INFO]:[22:47:44] Number of conditionals in local search space: 6
[INFO]:[22:47:44] MIP start option not enabled. Local search will proceed without MIP start.
[INFO]:[22:47:44] Evaluating initial configuration for local search phase...
[INFO]:[22:47:44] Starting CPLEX solver on instance: /home/yorig/tuner/mpils-tests/instances/miplib/medium-2/nexp-150-20-8-5.mps with config: /scratch/yorig/mpils-results-grid-seconds-5-no-mip-start/medium-2/16proc/seed-5/4_nexp-150-20-8-5_seed-5_20260502_224542/iterated_local_search/run_2_worker_6/ils_config_16789889512378870824.prm
[INFO]:[22:47:44] Starting CPLEX solver on instance: /home/yorig/tuner/mpils-tests/instances/miplib/medium-2/nexp-150-20-8-5.mps with config: /scratch/yorig/mpils-results-grid-seconds-5-no-mip-start/medium-2/16proc/seed-5/4_nexp-150-20-8-5_seed-5_20260502_224542/iterated_local_search/run_2_worker_6/ils_config_16789889512378870824.prm
[INFO]:[22:47:49] CPLEX results. Gap: 32.410000, upper bound: 250.000000, lower bound: 168.976287
[INFO]:[22:47:49] CPLEX solver finished. Gap: 32.410000
[INFO]:[22:47:49] Initial configuration evaluated with objective value: 32.41
[INFO]:[22:47:49] Starting CPLEX solver on instance: /home/yorig/tuner/mpils-tests/instances/miplib/medium-2/nexp-150-20-8-5.mps with config: /scratch/yorig/mpils-results-grid-seconds-5-no-mip-start/medium-2/16proc/seed-5/4_nexp-150-20-8-5_seed-5_20260502_224542/iterated_local_search/run_2_worker_6/ils_config_8898188949315402702.prm
[INFO]:[22:47:49] Starting CPLEX solver on instance: /home/yorig/tuner/mpils-tests/instances/miplib/medium-2/nexp-150-20-8-5.mps with config: /scratch/yorig/mpils-results-grid-seconds-5-no-mip-start/medium-2/16proc/seed-5/4_nexp-150-20-8-5_seed-5_20260502_224542/iterated_local_search/run_2_worker_6/ils_config_8898188949315402702.prm
[INFO]:[22:47:54] CPLEX results. Gap: 32.410000, upper bound: 250.000000, lower bound: 168.976287
[INFO]:[22:47:54] CPLEX solver finished. Gap: 32.410000
[INFO]:[22:47:54] Starting CPLEX solver on instance: /home/yorig/tuner/mpils-tests/instances/miplib/medium-2/nexp-150-20-8-5.mps with config: /scratch/yorig/mpils-results-grid-seconds-5-no-mip-start/medium-2/16proc/seed-5/4_nexp-150-20-8-5_seed-5_20260502_224542/iterated_local_search/run_2_worker_6/ils_config_1012206796921704567.prm
[INFO]:[22:47:54] Starting CPLEX solver on instance: /home/yorig/tuner/mpils-tests/instances/miplib/medium-2/nexp-150-20-8-5.mps with config: /scratch/yorig/mpils-results-grid-seconds-5-no-mip-start/medium-2/16proc/seed-5/4_nexp-150-20-8-5_seed-5_20260502_224542/iterated_local_search/run_2_worker_6/ils_config_1012206796921704567.prm
[INFO]:[22:47:59] CPLEX results. Gap: 32.410000, upper bound: 250.000000, lower bound: 168.976287
[INFO]:[22:47:59] CPLEX solver finished. Gap: 32.410000
[INFO]:[22:47:59] Starting CPLEX solver on instance: /home/yorig/tuner/mpils-tests/instances/miplib/medium-2/nexp-150-20-8-5.mps with config: /scratch/yorig/mpils-results-grid-seconds-5-no-mip-start/medium-2/16proc/seed-5/4_nexp-150-20-8-5_seed-5_20260502_224542/iterated_local_search/run_2_worker_6/ils_config_5387639364635849543.prm
[INFO]:[22:47:59] Starting CPLEX solver on instance: /home/yorig/tuner/mpils-tests/instances/miplib/medium-2/nexp-150-20-8-5.mps with config: /scratch/yorig/mpils-results-grid-seconds-5-no-mip-start/medium-2/16proc/seed-5/4_nexp-150-20-8-5_seed-5_20260502_224542/iterated_local_search/run_2_worker_6/ils_config_5387639364635849543.prm
[INFO]:[22:48:04] CPLEX results. Gap: 26.640000, upper bound: 239.000000, lower bound: 175.342286
[INFO]:[22:48:04] CPLEX solver finished. Gap: 26.640000
[INFO]:[22:48:04] New incumbent found with objective value: 26.64
[INFO]:[22:48:04] Starting CPLEX solver on instance: /home/yorig/tuner/mpils-tests/instances/miplib/medium-2/nexp-150-20-8-5.mps with config: /scratch/yorig/mpils-results-grid-seconds-5-no-mip-start/medium-2/16proc/seed-5/4_nexp-150-20-8-5_seed-5_20260502_224542/iterated_local_search/run_2_worker_6/ils_config_9808942637018531418.prm
[INFO]:[22:48:04] Starting CPLEX solver on instance: /home/yorig/tuner/mpils-tests/instances/miplib/medium-2/nexp-150-20-8-5.mps with config: /scratch/yorig/mpils-results-grid-seconds-5-no-mip-start/medium-2/16proc/seed-5/4_nexp-150-20-8-5_seed-5_20260502_224542/iterated_local_search/run_2_worker_6/ils_config_9808942637018531418.prm
[INFO]:[22:48:09] CPLEX results. Gap: 29.100000, upper bound: 245.000000, lower bound: 173.712145
[INFO]:[22:48:09] CPLEX solver finished. Gap: 29.100000
[INFO]:[22:48:09] Starting CPLEX solver on instance: /home/yorig/tuner/mpils-tests/instances/miplib/medium-2/nexp-150-20-8-5.mps with config: /scratch/yorig/mpils-results-grid-seconds-5-no-mip-start/medium-2/16proc/seed-5/4_nexp-150-20-8-5_seed-5_20260502_224542/iterated_local_search/run_2_worker_6/ils_config_12705291111143400899.prm
[INFO]:[22:48:09] Starting CPLEX solver on instance: /home/yorig/tuner/mpils-tests/instances/miplib/medium-2/nexp-150-20-8-5.mps with config: /scratch/yorig/mpils-results-grid-seconds-5-no-mip-start/medium-2/16proc/seed-5/4_nexp-150-20-8-5_seed-5_20260502_224542/iterated_local_search/run_2_worker_6/ils_config_12705291111143400899.prm
[INFO]:[22:48:14] CPLEX results. Gap: 26.420000, upper bound: 244.000000, lower bound: 179.543515
[INFO]:[22:48:14] CPLEX solver finished. Gap: 26.420000
[INFO]:[22:48:14] New incumbent found with objective value: 26.42
[INFO]:[22:48:14] Local search phase completed.
[INFO]:[22:48:14] Total number of new local-search evaluations: 6
[INFO]:[22:48:14] Final incumbent objective value: 26.42
[INFO]:[22:48:15] Worker 6 completed exploration phase.
[INFO]:[22:48:15] Worker 6 received order for step 2.
[INFO]:[22:48:15] Worker 6 running expansion phase for iteration 2.
[INFO]:[22:48:15] Worker 6 will use solver log file: /scratch/yorig/mpils-results-grid-seconds-5-no-mip-start/medium-2/16proc/seed-5/4_nexp-150-20-8-5_seed-5_20260502_224542/solver/cplex.log_iteration_expansion_2_worker_6
[INFO]:[22:48:15] Expansion Worker 6 starting expansion for iteration 2.
[INFO]:[22:48:15] Starting CPLEX solver on instance: /home/yorig/tuner/mpils-tests/instances/miplib/medium-2/nexp-150-20-8-5.mps with config: /scratch/yorig/mpils-results-grid-seconds-5-no-mip-start/medium-2/16proc/seed-5/4_nexp-150-20-8-5_seed-5_20260502_224542/expansion/config_param_CPXPARAM_MIP_Strategy_HeuristicFreq_40_iter_2.prm
[INFO]:[22:48:20] CPLEX results. Gap: 6.760000, upper bound: 237.000000, lower bound: 220.989032
[INFO]:[22:48:20] CPLEX solver finished. Gap: 6.760000
[INFO]:[22:48:20] Expansion Worker 6 found an improving configuration with objective value 6.76.
[INFO]:[22:48:23] Expansion Worker 6 stopping early after global MPI expansion stop was activated.
[INFO]:[22:48:23] Expansion Worker 6 completed expansion.
[INFO]:[22:48:23] Worker 6 completed expansion phase.
[INFO]:[22:48:23] Worker 6 received order for step 1.
[INFO]:[22:48:23] Worker 6 running exploration phase for iteration 3.
[INFO]:[22:48:23] Worker 6 at iteration 3 will not use a MIP start file. Current best MIP-start upper bound threshold is 236.
[INFO]:[22:48:23] Starting local search phase...
[INFO]:[22:48:23] Creating local search space from parameter space file: /scratch/yorig/mpils-results-grid-seconds-5-no-mip-start/medium-2/16proc/seed-5/4_nexp-150-20-8-5_seed-5_20260502_224542/iterated_local_search/search_space/search_space_file_3_worker_6.txt
[INFO]:[22:48:23] Local search space loaded from file: /scratch/yorig/mpils-results-grid-seconds-5-no-mip-start/medium-2/16proc/seed-5/4_nexp-150-20-8-5_seed-5_20260502_224542/iterated_local_search/search_space/search_space_file_3_worker_6.txt
[INFO]:[22:48:23] Number of parameters in local search space: 71
[INFO]:[22:48:23] Number of forbidden tuples in local search space: 22
[INFO]:[22:48:23] Number of conditionals in local search space: 6
[INFO]:[22:48:23] MIP start option not enabled. Local search will proceed without MIP start.
[INFO]:[22:48:23] Evaluating initial configuration for local search phase...
[INFO]:[22:48:23] Starting CPLEX solver on instance: /home/yorig/tuner/mpils-tests/instances/miplib/medium-2/nexp-150-20-8-5.mps with config: /scratch/yorig/mpils-results-grid-seconds-5-no-mip-start/medium-2/16proc/seed-5/4_nexp-150-20-8-5_seed-5_20260502_224542/iterated_local_search/run_3_worker_6/ils_config_10984083884901459148.prm
[INFO]:[22:48:23] Starting CPLEX solver on instance: /home/yorig/tuner/mpils-tests/instances/miplib/medium-2/nexp-150-20-8-5.mps with config: /scratch/yorig/mpils-results-grid-seconds-5-no-mip-start/medium-2/16proc/seed-5/4_nexp-150-20-8-5_seed-5_20260502_224542/iterated_local_search/run_3_worker_6/ils_config_10984083884901459148.prm
[INFO]:[22:48:28] CPLEX results. Gap: 59.500000, upper bound: 294.000000, lower bound: 119.055500
[INFO]:[22:48:28] CPLEX solver finished. Gap: 59.500000
[INFO]:[22:48:28] Initial configuration evaluated with objective value: 59.5
[INFO]:[22:48:28] Starting CPLEX solver on instance: /home/yorig/tuner/mpils-tests/instances/miplib/medium-2/nexp-150-20-8-5.mps with config: /scratch/yorig/mpils-results-grid-seconds-5-no-mip-start/medium-2/16proc/seed-5/4_nexp-150-20-8-5_seed-5_20260502_224542/iterated_local_search/run_3_worker_6/ils_config_11499779134402627057.prm
[INFO]:[22:48:28] Starting CPLEX solver on instance: /home/yorig/tuner/mpils-tests/instances/miplib/medium-2/nexp-150-20-8-5.mps with config: /scratch/yorig/mpils-results-grid-seconds-5-no-mip-start/medium-2/16proc/seed-5/4_nexp-150-20-8-5_seed-5_20260502_224542/iterated_local_search/run_3_worker_6/ils_config_11499779134402627057.prm
[INFO]:[22:48:33] CPLEX results. Gap: 59.500000, upper bound: 294.000000, lower bound: 119.055500
[INFO]:[22:48:33] CPLEX solver finished. Gap: 59.500000
[INFO]:[22:48:33] Starting CPLEX solver on instance: /home/yorig/tuner/mpils-tests/instances/miplib/medium-2/nexp-150-20-8-5.mps with config: /scratch/yorig/mpils-results-grid-seconds-5-no-mip-start/medium-2/16proc/seed-5/4_nexp-150-20-8-5_seed-5_20260502_224542/iterated_local_search/run_3_worker_6/ils_config_9210798833692515420.prm
[INFO]:[22:48:33] Starting CPLEX solver on instance: /home/yorig/tuner/mpils-tests/instances/miplib/medium-2/nexp-150-20-8-5.mps with config: /scratch/yorig/mpils-results-grid-seconds-5-no-mip-start/medium-2/16proc/seed-5/4_nexp-150-20-8-5_seed-5_20260502_224542/iterated_local_search/run_3_worker_6/ils_config_9210798833692515420.prm
[INFO]:[22:48:38] CPLEX results. Gap: 59.500000, upper bound: 294.000000, lower bound: 119.055500
[INFO]:[22:48:38] CPLEX solver finished. Gap: 59.500000
[INFO]:[22:48:38] Starting CPLEX solver on instance: /home/yorig/tuner/mpils-tests/instances/miplib/medium-2/nexp-150-20-8-5.mps with config: /scratch/yorig/mpils-results-grid-seconds-5-no-mip-start/medium-2/16proc/seed-5/4_nexp-150-20-8-5_seed-5_20260502_224542/iterated_local_search/run_3_worker_6/ils_config_8462413078951613527.prm
[INFO]:[22:48:38] Starting CPLEX solver on instance: /home/yorig/tuner/mpils-tests/instances/miplib/medium-2/nexp-150-20-8-5.mps with config: /scratch/yorig/mpils-results-grid-seconds-5-no-mip-start/medium-2/16proc/seed-5/4_nexp-150-20-8-5_seed-5_20260502_224542/iterated_local_search/run_3_worker_6/ils_config_8462413078951613527.prm
[INFO]:[22:48:43] CPLEX results. Gap: 85.540000, upper bound: 294.000000, lower bound: 42.525289
[INFO]:[22:48:43] CPLEX solver finished. Gap: 85.540000
[INFO]:[22:48:43] Starting CPLEX solver on instance: /home/yorig/tuner/mpils-tests/instances/miplib/medium-2/nexp-150-20-8-5.mps with config: /scratch/yorig/mpils-results-grid-seconds-5-no-mip-start/medium-2/16proc/seed-5/4_nexp-150-20-8-5_seed-5_20260502_224542/iterated_local_search/run_3_worker_6/ils_config_13193483443378964535.prm
[INFO]:[22:48:43] Starting CPLEX solver on instance: /home/yorig/tuner/mpils-tests/instances/miplib/medium-2/nexp-150-20-8-5.mps with config: /scratch/yorig/mpils-results-grid-seconds-5-no-mip-start/medium-2/16proc/seed-5/4_nexp-150-20-8-5_seed-5_20260502_224542/iterated_local_search/run_3_worker_6/ils_config_13193483443378964535.prm
[INFO]:[22:48:48] CPLEX results. Gap: 59.500000, upper bound: 294.000000, lower bound: 119.055500
[INFO]:[22:48:48] CPLEX solver finished. Gap: 59.500000
[INFO]:[22:48:48] Starting CPLEX solver on instance: /home/yorig/tuner/mpils-tests/instances/miplib/medium-2/nexp-150-20-8-5.mps with config: /scratch/yorig/mpils-results-grid-seconds-5-no-mip-start/medium-2/16proc/seed-5/4_nexp-150-20-8-5_seed-5_20260502_224542/iterated_local_search/run_3_worker_6/ils_config_7180492836110388496.prm
[INFO]:[22:48:48] Starting CPLEX solver on instance: /home/yorig/tuner/mpils-tests/instances/miplib/medium-2/nexp-150-20-8-5.mps with config: /scratch/yorig/mpils-results-grid-seconds-5-no-mip-start/medium-2/16proc/seed-5/4_nexp-150-20-8-5_seed-5_20260502_224542/iterated_local_search/run_3_worker_6/ils_config_7180492836110388496.prm
[INFO]:[22:48:53] CPLEX results. Gap: 59.500000, upper bound: 294.000000, lower bound: 119.055500
[INFO]:[22:48:53] CPLEX solver finished. Gap: 59.500000
[INFO]:[22:48:53] Starting CPLEX solver on instance: /home/yorig/tuner/mpils-tests/instances/miplib/medium-2/nexp-150-20-8-5.mps with config: /scratch/yorig/mpils-results-grid-seconds-5-no-mip-start/medium-2/16proc/seed-5/4_nexp-150-20-8-5_seed-5_20260502_224542/iterated_local_search/run_3_worker_6/ils_config_17261046984314158265.prm
[INFO]:[22:48:53] Starting CPLEX solver on instance: /home/yorig/tuner/mpils-tests/instances/miplib/medium-2/nexp-150-20-8-5.mps with config: /scratch/yorig/mpils-results-grid-seconds-5-no-mip-start/medium-2/16proc/seed-5/4_nexp-150-20-8-5_seed-5_20260502_224542/iterated_local_search/run_3_worker_6/ils_config_17261046984314158265.prm
[INFO]:[22:48:59] CPLEX results. Gap: 59.500000, upper bound: 294.000000, lower bound: 119.055500
[INFO]:[22:48:59] CPLEX solver finished. Gap: 59.500000
[INFO]:[22:48:59] Starting CPLEX solver on instance: /home/yorig/tuner/mpils-tests/instances/miplib/medium-2/nexp-150-20-8-5.mps with config: /scratch/yorig/mpils-results-grid-seconds-5-no-mip-start/medium-2/16proc/seed-5/4_nexp-150-20-8-5_seed-5_20260502_224542/iterated_local_search/run_3_worker_6/ils_config_9782810684061528593.prm
[INFO]:[22:48:59] Starting CPLEX solver on instance: /home/yorig/tuner/mpils-tests/instances/miplib/medium-2/nexp-150-20-8-5.mps with config: /scratch/yorig/mpils-results-grid-seconds-5-no-mip-start/medium-2/16proc/seed-5/4_nexp-150-20-8-5_seed-5_20260502_224542/iterated_local_search/run_3_worker_6/ils_config_9782810684061528593.prm
[INFO]:[22:49:04] CPLEX results. Gap: 59.500000, upper bound: 294.000000, lower bound: 119.055500
[INFO]:[22:49:04] CPLEX solver finished. Gap: 59.500000
[INFO]:[22:49:04] Starting CPLEX solver on instance: /home/yorig/tuner/mpils-tests/instances/miplib/medium-2/nexp-150-20-8-5.mps with config: /scratch/yorig/mpils-results-grid-seconds-5-no-mip-start/medium-2/16proc/seed-5/4_nexp-150-20-8-5_seed-5_20260502_224542/iterated_local_search/run_3_worker_6/ils_config_15400659615556666053.prm
[INFO]:[22:49:04] Starting CPLEX solver on instance: /home/yorig/tuner/mpils-tests/instances/miplib/medium-2/nexp-150-20-8-5.mps with config: /scratch/yorig/mpils-results-grid-seconds-5-no-mip-start/medium-2/16proc/seed-5/4_nexp-150-20-8-5_seed-5_20260502_224542/iterated_local_search/run_3_worker_6/ils_config_15400659615556666053.prm
[INFO]:[22:49:09] CPLEX results. Gap: 59.500000, upper bound: 294.000000, lower bound: 119.055500
[INFO]:[22:49:09] CPLEX solver finished. Gap: 59.500000
[INFO]:[22:49:09] Starting CPLEX solver on instance: /home/yorig/tuner/mpils-tests/instances/miplib/medium-2/nexp-150-20-8-5.mps with config: /scratch/yorig/mpils-results-grid-seconds-5-no-mip-start/medium-2/16proc/seed-5/4_nexp-150-20-8-5_seed-5_20260502_224542/iterated_local_search/run_3_worker_6/ils_config_7407746766566071147.prm
[INFO]:[22:49:09] Starting CPLEX solver on instance: /home/yorig/tuner/mpils-tests/instances/miplib/medium-2/nexp-150-20-8-5.mps with config: /scratch/yorig/mpils-results-grid-seconds-5-no-mip-start/medium-2/16proc/seed-5/4_nexp-150-20-8-5_seed-5_20260502_224542/iterated_local_search/run_3_worker_6/ils_config_7407746766566071147.prm
[INFO]:[22:49:14] CPLEX results. Gap: 59.500000, upper bound: 294.000000, lower bound: 119.055500
[INFO]:[22:49:14] CPLEX solver finished. Gap: 59.500000
[INFO]:[22:49:14] Starting CPLEX solver on instance: /home/yorig/tuner/mpils-tests/instances/miplib/medium-2/nexp-150-20-8-5.mps with config: /scratch/yorig/mpils-results-grid-seconds-5-no-mip-start/medium-2/16proc/seed-5/4_nexp-150-20-8-5_seed-5_20260502_224542/iterated_local_search/run_3_worker_6/ils_config_13375100522919847894.prm
[INFO]:[22:49:14] Starting CPLEX solver on instance: /home/yorig/tuner/mpils-tests/instances/miplib/medium-2/nexp-150-20-8-5.mps with config: /scratch/yorig/mpils-results-grid-seconds-5-no-mip-start/medium-2/16proc/seed-5/4_nexp-150-20-8-5_seed-5_20260502_224542/iterated_local_search/run_3_worker_6/ils_config_13375100522919847894.prm
[INFO]:[22:49:19] CPLEX results. Gap: 59.500000, upper bound: 294.000000, lower bound: 119.055500
[INFO]:[22:49:19] CPLEX solver finished. Gap: 59.500000
[INFO]:[22:49:19] Starting CPLEX solver on instance: /home/yorig/tuner/mpils-tests/instances/miplib/medium-2/nexp-150-20-8-5.mps with config: /scratch/yorig/mpils-results-grid-seconds-5-no-mip-start/medium-2/16proc/seed-5/4_nexp-150-20-8-5_seed-5_20260502_224542/iterated_local_search/run_3_worker_6/ils_config_4116577309774339702.prm
[INFO]:[22:49:19] Starting CPLEX solver on instance: /home/yorig/tuner/mpils-tests/instances/miplib/medium-2/nexp-150-20-8-5.mps with config: /scratch/yorig/mpils-results-grid-seconds-5-no-mip-start/medium-2/16proc/seed-5/4_nexp-150-20-8-5_seed-5_20260502_224542/iterated_local_search/run_3_worker_6/ils_config_4116577309774339702.prm
[INFO]:[22:49:24] CPLEX results. Gap: 59.500000, upper bound: 294.000000, lower bound: 119.055500
[INFO]:[22:49:24] CPLEX solver finished. Gap: 59.500000
[INFO]:[22:49:24] Starting CPLEX solver on instance: /home/yorig/tuner/mpils-tests/instances/miplib/medium-2/nexp-150-20-8-5.mps with config: /scratch/yorig/mpils-results-grid-seconds-5-no-mip-start/medium-2/16proc/seed-5/4_nexp-150-20-8-5_seed-5_20260502_224542/iterated_local_search/run_3_worker_6/ils_config_3784592470329263448.prm
[INFO]:[22:49:24] Starting CPLEX solver on instance: /home/yorig/tuner/mpils-tests/instances/miplib/medium-2/nexp-150-20-8-5.mps with config: /scratch/yorig/mpils-results-grid-seconds-5-no-mip-start/medium-2/16proc/seed-5/4_nexp-150-20-8-5_seed-5_20260502_224542/iterated_local_search/run_3_worker_6/ils_config_3784592470329263448.prm
[INFO]:[22:49:29] CPLEX results. Gap: 59.500000, upper bound: 294.000000, lower bound: 119.055500
[INFO]:[22:49:29] CPLEX solver finished. Gap: 59.500000
[INFO]:[22:49:29] Starting CPLEX solver on instance: /home/yorig/tuner/mpils-tests/instances/miplib/medium-2/nexp-150-20-8-5.mps with config: /scratch/yorig/mpils-results-grid-seconds-5-no-mip-start/medium-2/16proc/seed-5/4_nexp-150-20-8-5_seed-5_20260502_224542/iterated_local_search/run_3_worker_6/ils_config_15370053809087512745.prm
[INFO]:[22:49:29] Starting CPLEX solver on instance: /home/yorig/tuner/mpils-tests/instances/miplib/medium-2/nexp-150-20-8-5.mps with config: /scratch/yorig/mpils-results-grid-seconds-5-no-mip-start/medium-2/16proc/seed-5/4_nexp-150-20-8-5_seed-5_20260502_224542/iterated_local_search/run_3_worker_6/ils_config_15370053809087512745.prm
[INFO]:[22:49:34] CPLEX results. Gap: 59.500000, upper bound: 294.000000, lower bound: 119.055500
[INFO]:[22:49:34] CPLEX solver finished. Gap: 59.500000
[INFO]:[22:49:34] Starting CPLEX solver on instance: /home/yorig/tuner/mpils-tests/instances/miplib/medium-2/nexp-150-20-8-5.mps with config: /scratch/yorig/mpils-results-grid-seconds-5-no-mip-start/medium-2/16proc/seed-5/4_nexp-150-20-8-5_seed-5_20260502_224542/iterated_local_search/run_3_worker_6/ils_config_11010763341143716270.prm
[INFO]:[22:49:34] Starting CPLEX solver on instance: /home/yorig/tuner/mpils-tests/instances/miplib/medium-2/nexp-150-20-8-5.mps with config: /scratch/yorig/mpils-results-grid-seconds-5-no-mip-start/medium-2/16proc/seed-5/4_nexp-150-20-8-5_seed-5_20260502_224542/iterated_local_search/run_3_worker_6/ils_config_11010763341143716270.prm
[INFO]:[22:49:39] CPLEX results. Gap: 21.700000, upper bound: 251.000000, lower bound: 196.529997
[INFO]:[22:49:39] CPLEX solver finished. Gap: 21.700000
[INFO]:[22:49:39] New incumbent found with objective value: 21.7
[INFO]:[22:49:39] Starting CPLEX solver on instance: /home/yorig/tuner/mpils-tests/instances/miplib/medium-2/nexp-150-20-8-5.mps with config: /scratch/yorig/mpils-results-grid-seconds-5-no-mip-start/medium-2/16proc/seed-5/4_nexp-150-20-8-5_seed-5_20260502_224542/iterated_local_search/run_3_worker_6/ils_config_17036084952190026838.prm
[INFO]:[22:49:39] Starting CPLEX solver on instance: /home/yorig/tuner/mpils-tests/instances/miplib/medium-2/nexp-150-20-8-5.mps with config: /scratch/yorig/mpils-results-grid-seconds-5-no-mip-start/medium-2/16proc/seed-5/4_nexp-150-20-8-5_seed-5_20260502_224542/iterated_local_search/run_3_worker_6/ils_config_17036084952190026838.prm
[INFO]:[22:49:44] CPLEX results. Gap: 20.290000, upper bound: 252.000000, lower bound: 200.870231
[INFO]:[22:49:44] CPLEX solver finished. Gap: 20.290000
[INFO]:[22:49:44] New incumbent found with objective value: 20.29
[INFO]:[22:49:44] Starting CPLEX solver on instance: /home/yorig/tuner/mpils-tests/instances/miplib/medium-2/nexp-150-20-8-5.mps with config: /scratch/yorig/mpils-results-grid-seconds-5-no-mip-start/medium-2/16proc/seed-5/4_nexp-150-20-8-5_seed-5_20260502_224542/iterated_local_search/run_3_worker_6/ils_config_7373487500185747944.prm
[INFO]:[22:49:44] Starting CPLEX solver on instance: /home/yorig/tuner/mpils-tests/instances/miplib/medium-2/nexp-150-20-8-5.mps with config: /scratch/yorig/mpils-results-grid-seconds-5-no-mip-start/medium-2/16proc/seed-5/4_nexp-150-20-8-5_seed-5_20260502_224542/iterated_local_search/run_3_worker_6/ils_config_7373487500185747944.prm
[INFO]:[22:49:49] CPLEX results. Gap: 21.740000, upper bound: 252.000000, lower bound: 197.227157
[INFO]:[22:49:49] CPLEX solver finished. Gap: 21.740000
[INFO]:[22:49:49] Starting CPLEX solver on instance: /home/yorig/tuner/mpils-tests/instances/miplib/medium-2/nexp-150-20-8-5.mps with config: /scratch/yorig/mpils-results-grid-seconds-5-no-mip-start/medium-2/16proc/seed-5/4_nexp-150-20-8-5_seed-5_20260502_224542/iterated_local_search/run_3_worker_6/ils_config_8211328405424221282.prm
[INFO]:[22:49:49] Starting CPLEX solver on instance: /home/yorig/tuner/mpils-tests/instances/miplib/medium-2/nexp-150-20-8-5.mps with config: /scratch/yorig/mpils-results-grid-seconds-5-no-mip-start/medium-2/16proc/seed-5/4_nexp-150-20-8-5_seed-5_20260502_224542/iterated_local_search/run_3_worker_6/ils_config_8211328405424221282.prm
[INFO]:[22:49:54] CPLEX results. Gap: 80.470000, upper bound: 262.000000, lower bound: 51.160140
[INFO]:[22:49:54] CPLEX solver finished. Gap: 80.470000
[INFO]:[22:49:54] Starting CPLEX solver on instance: /home/yorig/tuner/mpils-tests/instances/miplib/medium-2/nexp-150-20-8-5.mps with config: /scratch/yorig/mpils-results-grid-seconds-5-no-mip-start/medium-2/16proc/seed-5/4_nexp-150-20-8-5_seed-5_20260502_224542/iterated_local_search/run_3_worker_6/ils_config_15900447551918158827.prm
[INFO]:[22:49:54] Starting CPLEX solver on instance: /home/yorig/tuner/mpils-tests/instances/miplib/medium-2/nexp-150-20-8-5.mps with config: /scratch/yorig/mpils-results-grid-seconds-5-no-mip-start/medium-2/16proc/seed-5/4_nexp-150-20-8-5_seed-5_20260502_224542/iterated_local_search/run_3_worker_6/ils_config_15900447551918158827.prm
[INFO]:[22:49:59] CPLEX results. Gap: 21.740000, upper bound: 252.000000, lower bound: 197.227157
[INFO]:[22:49:59] CPLEX solver finished. Gap: 21.740000
[INFO]:[22:49:59] Starting CPLEX solver on instance: /home/yorig/tuner/mpils-tests/instances/miplib/medium-2/nexp-150-20-8-5.mps with config: /scratch/yorig/mpils-results-grid-seconds-5-no-mip-start/medium-2/16proc/seed-5/4_nexp-150-20-8-5_seed-5_20260502_224542/iterated_local_search/run_3_worker_6/ils_config_15948832497149288711.prm
[INFO]:[22:49:59] Starting CPLEX solver on instance: /home/yorig/tuner/mpils-tests/instances/miplib/medium-2/nexp-150-20-8-5.mps with config: /scratch/yorig/mpils-results-grid-seconds-5-no-mip-start/medium-2/16proc/seed-5/4_nexp-150-20-8-5_seed-5_20260502_224542/iterated_local_search/run_3_worker_6/ils_config_15948832497149288711.prm
[INFO]:[22:50:04] CPLEX results. Gap: 7.290000, upper bound: 241.000000, lower bound: 223.439225
[INFO]:[22:50:04] CPLEX solver finished. Gap: 7.290000
[INFO]:[22:50:04] New incumbent found with objective value: 7.29
[INFO]:[22:50:04] Starting CPLEX solver on instance: /home/yorig/tuner/mpils-tests/instances/miplib/medium-2/nexp-150-20-8-5.mps with config: /scratch/yorig/mpils-results-grid-seconds-5-no-mip-start/medium-2/16proc/seed-5/4_nexp-150-20-8-5_seed-5_20260502_224542/iterated_local_search/run_3_worker_6/ils_config_17811897459533759944.prm
[INFO]:[22:50:04] Starting CPLEX solver on instance: /home/yorig/tuner/mpils-tests/instances/miplib/medium-2/nexp-150-20-8-5.mps with config: /scratch/yorig/mpils-results-grid-seconds-5-no-mip-start/medium-2/16proc/seed-5/4_nexp-150-20-8-5_seed-5_20260502_224542/iterated_local_search/run_3_worker_6/ils_config_17811897459533759944.prm
[INFO]:[22:50:09] CPLEX results. Gap: 13.700000, upper bound: 244.000000, lower bound: 210.573023
[INFO]:[22:50:09] CPLEX solver finished. Gap: 13.700000
[INFO]:[22:50:09] Starting CPLEX solver on instance: /home/yorig/tuner/mpils-tests/instances/miplib/medium-2/nexp-150-20-8-5.mps with config: /scratch/yorig/mpils-results-grid-seconds-5-no-mip-start/medium-2/16proc/seed-5/4_nexp-150-20-8-5_seed-5_20260502_224542/iterated_local_search/run_3_worker_6/ils_config_3035877390861437860.prm
[INFO]:[22:50:09] Starting CPLEX solver on instance: /home/yorig/tuner/mpils-tests/instances/miplib/medium-2/nexp-150-20-8-5.mps with config: /scratch/yorig/mpils-results-grid-seconds-5-no-mip-start/medium-2/16proc/seed-5/4_nexp-150-20-8-5_seed-5_20260502_224542/iterated_local_search/run_3_worker_6/ils_config_3035877390861437860.prm
[INFO]:[22:50:14] CPLEX results. Gap: 7.290000, upper bound: 241.000000, lower bound: 223.439225
[INFO]:[22:50:14] CPLEX solver finished. Gap: 7.290000
[INFO]:[22:50:14] Starting CPLEX solver on instance: /home/yorig/tuner/mpils-tests/instances/miplib/medium-2/nexp-150-20-8-5.mps with config: /scratch/yorig/mpils-results-grid-seconds-5-no-mip-start/medium-2/16proc/seed-5/4_nexp-150-20-8-5_seed-5_20260502_224542/iterated_local_search/run_3_worker_6/ils_config_15954590994061388706.prm
[INFO]:[22:50:14] Starting CPLEX solver on instance: /home/yorig/tuner/mpils-tests/instances/miplib/medium-2/nexp-150-20-8-5.mps with config: /scratch/yorig/mpils-results-grid-seconds-5-no-mip-start/medium-2/16proc/seed-5/4_nexp-150-20-8-5_seed-5_20260502_224542/iterated_local_search/run_3_worker_6/ils_config_15954590994061388706.prm
[INFO]:[22:50:19] CPLEX results. Gap: 53.210000, upper bound: 253.000000, lower bound: 118.368863
[INFO]:[22:50:19] CPLEX solver finished. Gap: 53.210000
[INFO]:[22:50:19] Starting CPLEX solver on instance: /home/yorig/tuner/mpils-tests/instances/miplib/medium-2/nexp-150-20-8-5.mps with config: /scratch/yorig/mpils-results-grid-seconds-5-no-mip-start/medium-2/16proc/seed-5/4_nexp-150-20-8-5_seed-5_20260502_224542/iterated_local_search/run_3_worker_6/ils_config_774550632993204213.prm
[INFO]:[22:50:19] Starting CPLEX solver on instance: /home/yorig/tuner/mpils-tests/instances/miplib/medium-2/nexp-150-20-8-5.mps with config: /scratch/yorig/mpils-results-grid-seconds-5-no-mip-start/medium-2/16proc/seed-5/4_nexp-150-20-8-5_seed-5_20260502_224542/iterated_local_search/run_3_worker_6/ils_config_774550632993204213.prm
[INFO]:[22:50:24] CPLEX results. Gap: 7.290000, upper bound: 241.000000, lower bound: 223.439225
[INFO]:[22:50:24] CPLEX solver finished. Gap: 7.290000
[INFO]:[22:50:24] Received global ILS stop signal from rank 12.
[INFO]:[22:50:24] Local search phase completed.
[INFO]:[22:50:24] Total number of new local-search evaluations: 24
[INFO]:[22:50:24] Final incumbent objective value: 7.29
[INFO]:[22:50:27] Worker 6 completed exploration phase.
[INFO]:[22:50:27] Worker 6 received order for step 3.
[INFO]:[22:50:27] Worker 6 finished.
