[INFO]:[09:44:57] Worker 19 starting.
[INFO]:[09:44:57] Worker 19 received order for step 1.
[INFO]:[09:44:57] Worker 19 running exploration phase for iteration 1.
[INFO]:[09:44:57] Current MIP start info file not found: /scratch/yorig/mpils-results-grid-seconds-5/medium-1/24proc/seed-2/4_cvs16r128-89_seed-2_20260503_094456/iterated_local_search/mip_start/current_mip_start_1.txt
[INFO]:[09:44:57] Worker 19 at iteration 1 will not use a MIP start file. Current best MIP-start upper bound threshold is 1.79769e+308.
[INFO]:[09:44:57] Starting local search phase...
[INFO]:[09:44:57] Creating local search space from parameter space file: /scratch/yorig/mpils-results-grid-seconds-5/medium-1/24proc/seed-2/4_cvs16r128-89_seed-2_20260503_094456/iterated_local_search/search_space/search_space_file_1_worker_19.txt
[INFO]:[09:44:57] Local search space loaded from file: /scratch/yorig/mpils-results-grid-seconds-5/medium-1/24proc/seed-2/4_cvs16r128-89_seed-2_20260503_094456/iterated_local_search/search_space/search_space_file_1_worker_19.txt
[INFO]:[09:44:57] Number of parameters in local search space: 71
[INFO]:[09:44:57] Number of forbidden tuples in local search space: 0
[INFO]:[09:44:57] Number of conditionals in local search space: 6
[INFO]:[09:44:57] MIP start option not enabled. Local search will proceed without MIP start.
[INFO]:[09:44:57] Evaluating initial configuration for local search phase...
[INFO]:[09:44:57] Starting CPLEX solver on instance: /home/yorig/tuner/mpils-tests/instances/miplib/medium-1/cvs16r128-89.mps with config: /scratch/yorig/mpils-results-grid-seconds-5/medium-1/24proc/seed-2/4_cvs16r128-89_seed-2_20260503_094456/iterated_local_search/run_1_worker_19/ils_config_6286184101264126436.prm
[INFO]:[09:44:57] Starting CPLEX solver on instance: /home/yorig/tuner/mpils-tests/instances/miplib/medium-1/cvs16r128-89.mps with config: /scratch/yorig/mpils-results-grid-seconds-5/medium-1/24proc/seed-2/4_cvs16r128-89_seed-2_20260503_094456/iterated_local_search/run_1_worker_19/ils_config_6286184101264126436.prm
[INFO]:[09:45:02] CPLEX results. Gap: 27.410000, upper bound: -93.000000, lower bound: -118.491671
[INFO]:[09:45:02] Writing MIP start file: /scratch/yorig/mpils-results-grid-seconds-5/medium-1/24proc/seed-2/4_cvs16r128-89_seed-2_20260503_094456/iterated_local_search/run_1_worker_19/mip_starts/mip_start_eval_1_config_6286184101264126436.mst
[INFO]:[09:45:02] CPLEX solver finished. Gap: 27.410000
[INFO]:[09:45:02] Initial configuration evaluated with objective value: 27.41
[INFO]:[09:45:02] Starting CPLEX solver on instance: /home/yorig/tuner/mpils-tests/instances/miplib/medium-1/cvs16r128-89.mps with config: /scratch/yorig/mpils-results-grid-seconds-5/medium-1/24proc/seed-2/4_cvs16r128-89_seed-2_20260503_094456/iterated_local_search/run_1_worker_19/ils_config_6015724719834550963.prm
[INFO]:[09:45:02] Starting CPLEX solver on instance: /home/yorig/tuner/mpils-tests/instances/miplib/medium-1/cvs16r128-89.mps with config: /scratch/yorig/mpils-results-grid-seconds-5/medium-1/24proc/seed-2/4_cvs16r128-89_seed-2_20260503_094456/iterated_local_search/run_1_worker_19/ils_config_6015724719834550963.prm
[INFO]:[09:45:07] CPLEX results. Gap: 27.410000, upper bound: -93.000000, lower bound: -118.491671
[INFO]:[09:45:07] CPLEX solver finished. Gap: 27.410000
[INFO]:[09:45:07] Starting CPLEX solver on instance: /home/yorig/tuner/mpils-tests/instances/miplib/medium-1/cvs16r128-89.mps with config: /scratch/yorig/mpils-results-grid-seconds-5/medium-1/24proc/seed-2/4_cvs16r128-89_seed-2_20260503_094456/iterated_local_search/run_1_worker_19/ils_config_16435908862658741333.prm
[INFO]:[09:45:07] Starting CPLEX solver on instance: /home/yorig/tuner/mpils-tests/instances/miplib/medium-1/cvs16r128-89.mps with config: /scratch/yorig/mpils-results-grid-seconds-5/medium-1/24proc/seed-2/4_cvs16r128-89_seed-2_20260503_094456/iterated_local_search/run_1_worker_19/ils_config_16435908862658741333.prm
[INFO]:[09:45:12] CPLEX results. Gap: 27.410000, upper bound: -93.000000, lower bound: -118.491671
[INFO]:[09:45:12] CPLEX solver finished. Gap: 27.410000
[INFO]:[09:45:12] Starting CPLEX solver on instance: /home/yorig/tuner/mpils-tests/instances/miplib/medium-1/cvs16r128-89.mps with config: /scratch/yorig/mpils-results-grid-seconds-5/medium-1/24proc/seed-2/4_cvs16r128-89_seed-2_20260503_094456/iterated_local_search/run_1_worker_19/ils_config_7605055135307548871.prm
[INFO]:[09:45:12] Starting CPLEX solver on instance: /home/yorig/tuner/mpils-tests/instances/miplib/medium-1/cvs16r128-89.mps with config: /scratch/yorig/mpils-results-grid-seconds-5/medium-1/24proc/seed-2/4_cvs16r128-89_seed-2_20260503_094456/iterated_local_search/run_1_worker_19/ils_config_7605055135307548871.prm
[INFO]:[09:45:17] CPLEX results. Gap: 27.410000, upper bound: -93.000000, lower bound: -118.491671
[INFO]:[09:45:17] CPLEX solver finished. Gap: 27.410000
[INFO]:[09:45:17] Starting CPLEX solver on instance: /home/yorig/tuner/mpils-tests/instances/miplib/medium-1/cvs16r128-89.mps with config: /scratch/yorig/mpils-results-grid-seconds-5/medium-1/24proc/seed-2/4_cvs16r128-89_seed-2_20260503_094456/iterated_local_search/run_1_worker_19/ils_config_1237544047127175975.prm
[INFO]:[09:45:17] Starting CPLEX solver on instance: /home/yorig/tuner/mpils-tests/instances/miplib/medium-1/cvs16r128-89.mps with config: /scratch/yorig/mpils-results-grid-seconds-5/medium-1/24proc/seed-2/4_cvs16r128-89_seed-2_20260503_094456/iterated_local_search/run_1_worker_19/ils_config_1237544047127175975.prm
[INFO]:[09:45:22] CPLEX results. Gap: 27.410000, upper bound: -93.000000, lower bound: -118.491671
[INFO]:[09:45:22] CPLEX solver finished. Gap: 27.410000
[INFO]:[09:45:22] Starting CPLEX solver on instance: /home/yorig/tuner/mpils-tests/instances/miplib/medium-1/cvs16r128-89.mps with config: /scratch/yorig/mpils-results-grid-seconds-5/medium-1/24proc/seed-2/4_cvs16r128-89_seed-2_20260503_094456/iterated_local_search/run_1_worker_19/ils_config_6491594071569441988.prm
[INFO]:[09:45:22] Starting CPLEX solver on instance: /home/yorig/tuner/mpils-tests/instances/miplib/medium-1/cvs16r128-89.mps with config: /scratch/yorig/mpils-results-grid-seconds-5/medium-1/24proc/seed-2/4_cvs16r128-89_seed-2_20260503_094456/iterated_local_search/run_1_worker_19/ils_config_6491594071569441988.prm
[INFO]:[09:45:27] CPLEX results. Gap: 27.410000, upper bound: -93.000000, lower bound: -118.491671
[INFO]:[09:45:27] CPLEX solver finished. Gap: 27.410000
[INFO]:[09:45:27] Starting CPLEX solver on instance: /home/yorig/tuner/mpils-tests/instances/miplib/medium-1/cvs16r128-89.mps with config: /scratch/yorig/mpils-results-grid-seconds-5/medium-1/24proc/seed-2/4_cvs16r128-89_seed-2_20260503_094456/iterated_local_search/run_1_worker_19/ils_config_7969310130730992068.prm
[INFO]:[09:45:27] Starting CPLEX solver on instance: /home/yorig/tuner/mpils-tests/instances/miplib/medium-1/cvs16r128-89.mps with config: /scratch/yorig/mpils-results-grid-seconds-5/medium-1/24proc/seed-2/4_cvs16r128-89_seed-2_20260503_094456/iterated_local_search/run_1_worker_19/ils_config_7969310130730992068.prm
[INFO]:[09:45:32] CPLEX results. Gap: 27.410000, upper bound: -93.000000, lower bound: -118.491671
[INFO]:[09:45:32] CPLEX solver finished. Gap: 27.410000
[INFO]:[09:45:32] Starting CPLEX solver on instance: /home/yorig/tuner/mpils-tests/instances/miplib/medium-1/cvs16r128-89.mps with config: /scratch/yorig/mpils-results-grid-seconds-5/medium-1/24proc/seed-2/4_cvs16r128-89_seed-2_20260503_094456/iterated_local_search/run_1_worker_19/ils_config_377501927897389056.prm
[INFO]:[09:45:32] Starting CPLEX solver on instance: /home/yorig/tuner/mpils-tests/instances/miplib/medium-1/cvs16r128-89.mps with config: /scratch/yorig/mpils-results-grid-seconds-5/medium-1/24proc/seed-2/4_cvs16r128-89_seed-2_20260503_094456/iterated_local_search/run_1_worker_19/ils_config_377501927897389056.prm
[INFO]:[09:45:37] CPLEX results. Gap: 25.690000, upper bound: -93.000000, lower bound: -116.888462
[INFO]:[09:45:37] CPLEX solver finished. Gap: 25.690000
[INFO]:[09:45:37] New incumbent found with objective value: 25.69
[INFO]:[09:45:37] Starting CPLEX solver on instance: /home/yorig/tuner/mpils-tests/instances/miplib/medium-1/cvs16r128-89.mps with config: /scratch/yorig/mpils-results-grid-seconds-5/medium-1/24proc/seed-2/4_cvs16r128-89_seed-2_20260503_094456/iterated_local_search/run_1_worker_19/ils_config_923702530877617714.prm
[INFO]:[09:45:37] Starting CPLEX solver on instance: /home/yorig/tuner/mpils-tests/instances/miplib/medium-1/cvs16r128-89.mps with config: /scratch/yorig/mpils-results-grid-seconds-5/medium-1/24proc/seed-2/4_cvs16r128-89_seed-2_20260503_094456/iterated_local_search/run_1_worker_19/ils_config_923702530877617714.prm
[INFO]:[09:45:42] CPLEX results. Gap: 25.690000, upper bound: -93.000000, lower bound: -116.888462
[INFO]:[09:45:42] CPLEX solver finished. Gap: 25.690000
[INFO]:[09:45:42] Starting CPLEX solver on instance: /home/yorig/tuner/mpils-tests/instances/miplib/medium-1/cvs16r128-89.mps with config: /scratch/yorig/mpils-results-grid-seconds-5/medium-1/24proc/seed-2/4_cvs16r128-89_seed-2_20260503_094456/iterated_local_search/run_1_worker_19/ils_config_6091266636719412669.prm
[INFO]:[09:45:42] Starting CPLEX solver on instance: /home/yorig/tuner/mpils-tests/instances/miplib/medium-1/cvs16r128-89.mps with config: /scratch/yorig/mpils-results-grid-seconds-5/medium-1/24proc/seed-2/4_cvs16r128-89_seed-2_20260503_094456/iterated_local_search/run_1_worker_19/ils_config_6091266636719412669.prm
[INFO]:[09:45:47] CPLEX results. Gap: 25.690000, upper bound: -93.000000, lower bound: -116.888462
[INFO]:[09:45:47] CPLEX solver finished. Gap: 25.690000
[INFO]:[09:45:47] Starting CPLEX solver on instance: /home/yorig/tuner/mpils-tests/instances/miplib/medium-1/cvs16r128-89.mps with config: /scratch/yorig/mpils-results-grid-seconds-5/medium-1/24proc/seed-2/4_cvs16r128-89_seed-2_20260503_094456/iterated_local_search/run_1_worker_19/ils_config_12192820626889125741.prm
[INFO]:[09:45:47] Starting CPLEX solver on instance: /home/yorig/tuner/mpils-tests/instances/miplib/medium-1/cvs16r128-89.mps with config: /scratch/yorig/mpils-results-grid-seconds-5/medium-1/24proc/seed-2/4_cvs16r128-89_seed-2_20260503_094456/iterated_local_search/run_1_worker_19/ils_config_12192820626889125741.prm
[INFO]:[09:45:52] CPLEX results. Gap: 25.690000, upper bound: -93.000000, lower bound: -116.888462
[INFO]:[09:45:52] CPLEX solver finished. Gap: 25.690000
[INFO]:[09:45:52] Starting CPLEX solver on instance: /home/yorig/tuner/mpils-tests/instances/miplib/medium-1/cvs16r128-89.mps with config: /scratch/yorig/mpils-results-grid-seconds-5/medium-1/24proc/seed-2/4_cvs16r128-89_seed-2_20260503_094456/iterated_local_search/run_1_worker_19/ils_config_5016108011783679812.prm
[INFO]:[09:45:52] Starting CPLEX solver on instance: /home/yorig/tuner/mpils-tests/instances/miplib/medium-1/cvs16r128-89.mps with config: /scratch/yorig/mpils-results-grid-seconds-5/medium-1/24proc/seed-2/4_cvs16r128-89_seed-2_20260503_094456/iterated_local_search/run_1_worker_19/ils_config_5016108011783679812.prm
[INFO]:[09:45:57] CPLEX results. Gap: 25.690000, upper bound: -93.000000, lower bound: -116.888462
[INFO]:[09:45:57] CPLEX solver finished. Gap: 25.690000
[INFO]:[09:45:57] Starting CPLEX solver on instance: /home/yorig/tuner/mpils-tests/instances/miplib/medium-1/cvs16r128-89.mps with config: /scratch/yorig/mpils-results-grid-seconds-5/medium-1/24proc/seed-2/4_cvs16r128-89_seed-2_20260503_094456/iterated_local_search/run_1_worker_19/ils_config_3905778085434620584.prm
[INFO]:[09:45:57] Starting CPLEX solver on instance: /home/yorig/tuner/mpils-tests/instances/miplib/medium-1/cvs16r128-89.mps with config: /scratch/yorig/mpils-results-grid-seconds-5/medium-1/24proc/seed-2/4_cvs16r128-89_seed-2_20260503_094456/iterated_local_search/run_1_worker_19/ils_config_3905778085434620584.prm
[INFO]:[09:46:02] CPLEX results. Gap: 34.910000, upper bound: -88.000000, lower bound: -118.717110
[INFO]:[09:46:02] CPLEX solver finished. Gap: 34.910000
[INFO]:[09:46:02] Starting CPLEX solver on instance: /home/yorig/tuner/mpils-tests/instances/miplib/medium-1/cvs16r128-89.mps with config: /scratch/yorig/mpils-results-grid-seconds-5/medium-1/24proc/seed-2/4_cvs16r128-89_seed-2_20260503_094456/iterated_local_search/run_1_worker_19/ils_config_12449606038179228978.prm
[INFO]:[09:46:02] Starting CPLEX solver on instance: /home/yorig/tuner/mpils-tests/instances/miplib/medium-1/cvs16r128-89.mps with config: /scratch/yorig/mpils-results-grid-seconds-5/medium-1/24proc/seed-2/4_cvs16r128-89_seed-2_20260503_094456/iterated_local_search/run_1_worker_19/ils_config_12449606038179228978.prm
[INFO]:[09:46:07] CPLEX results. Gap: 25.690000, upper bound: -93.000000, lower bound: -116.888462
[INFO]:[09:46:07] CPLEX solver finished. Gap: 25.690000
[INFO]:[09:46:07] Starting CPLEX solver on instance: /home/yorig/tuner/mpils-tests/instances/miplib/medium-1/cvs16r128-89.mps with config: /scratch/yorig/mpils-results-grid-seconds-5/medium-1/24proc/seed-2/4_cvs16r128-89_seed-2_20260503_094456/iterated_local_search/run_1_worker_19/ils_config_13402634087231830250.prm
[INFO]:[09:46:07] Starting CPLEX solver on instance: /home/yorig/tuner/mpils-tests/instances/miplib/medium-1/cvs16r128-89.mps with config: /scratch/yorig/mpils-results-grid-seconds-5/medium-1/24proc/seed-2/4_cvs16r128-89_seed-2_20260503_094456/iterated_local_search/run_1_worker_19/ils_config_13402634087231830250.prm
[INFO]:[09:46:12] CPLEX results. Gap: 25.690000, upper bound: -93.000000, lower bound: -116.888462
[INFO]:[09:46:12] CPLEX solver finished. Gap: 25.690000
[INFO]:[09:46:12] Starting CPLEX solver on instance: /home/yorig/tuner/mpils-tests/instances/miplib/medium-1/cvs16r128-89.mps with config: /scratch/yorig/mpils-results-grid-seconds-5/medium-1/24proc/seed-2/4_cvs16r128-89_seed-2_20260503_094456/iterated_local_search/run_1_worker_19/ils_config_3176813702275454218.prm
[INFO]:[09:46:12] Starting CPLEX solver on instance: /home/yorig/tuner/mpils-tests/instances/miplib/medium-1/cvs16r128-89.mps with config: /scratch/yorig/mpils-results-grid-seconds-5/medium-1/24proc/seed-2/4_cvs16r128-89_seed-2_20260503_094456/iterated_local_search/run_1_worker_19/ils_config_3176813702275454218.prm
[INFO]:[09:46:17] CPLEX results. Gap: 25.690000, upper bound: -93.000000, lower bound: -116.888462
[INFO]:[09:46:17] CPLEX solver finished. Gap: 25.690000
[INFO]:[09:46:17] Starting CPLEX solver on instance: /home/yorig/tuner/mpils-tests/instances/miplib/medium-1/cvs16r128-89.mps with config: /scratch/yorig/mpils-results-grid-seconds-5/medium-1/24proc/seed-2/4_cvs16r128-89_seed-2_20260503_094456/iterated_local_search/run_1_worker_19/ils_config_12909882354161532207.prm
[INFO]:[09:46:17] Starting CPLEX solver on instance: /home/yorig/tuner/mpils-tests/instances/miplib/medium-1/cvs16r128-89.mps with config: /scratch/yorig/mpils-results-grid-seconds-5/medium-1/24proc/seed-2/4_cvs16r128-89_seed-2_20260503_094456/iterated_local_search/run_1_worker_19/ils_config_12909882354161532207.prm
[INFO]:[09:46:22] CPLEX results. Gap: 25.690000, upper bound: -93.000000, lower bound: -116.888462
[INFO]:[09:46:22] CPLEX solver finished. Gap: 25.690000
[INFO]:[09:46:22] Starting CPLEX solver on instance: /home/yorig/tuner/mpils-tests/instances/miplib/medium-1/cvs16r128-89.mps with config: /scratch/yorig/mpils-results-grid-seconds-5/medium-1/24proc/seed-2/4_cvs16r128-89_seed-2_20260503_094456/iterated_local_search/run_1_worker_19/ils_config_14556100698497255580.prm
[INFO]:[09:46:22] Starting CPLEX solver on instance: /home/yorig/tuner/mpils-tests/instances/miplib/medium-1/cvs16r128-89.mps with config: /scratch/yorig/mpils-results-grid-seconds-5/medium-1/24proc/seed-2/4_cvs16r128-89_seed-2_20260503_094456/iterated_local_search/run_1_worker_19/ils_config_14556100698497255580.prm
[INFO]:[09:46:27] CPLEX results. Gap: 27.540000, upper bound: -93.000000, lower bound: -118.616656
[INFO]:[09:46:27] CPLEX solver finished. Gap: 27.540000
[INFO]:[09:46:27] Starting CPLEX solver on instance: /home/yorig/tuner/mpils-tests/instances/miplib/medium-1/cvs16r128-89.mps with config: /scratch/yorig/mpils-results-grid-seconds-5/medium-1/24proc/seed-2/4_cvs16r128-89_seed-2_20260503_094456/iterated_local_search/run_1_worker_19/ils_config_2857493081752516524.prm
[INFO]:[09:46:27] Starting CPLEX solver on instance: /home/yorig/tuner/mpils-tests/instances/miplib/medium-1/cvs16r128-89.mps with config: /scratch/yorig/mpils-results-grid-seconds-5/medium-1/24proc/seed-2/4_cvs16r128-89_seed-2_20260503_094456/iterated_local_search/run_1_worker_19/ils_config_2857493081752516524.prm
[INFO]:[09:46:32] CPLEX results. Gap: 25.690000, upper bound: -93.000000, lower bound: -116.888462
[INFO]:[09:46:32] CPLEX solver finished. Gap: 25.690000
[INFO]:[09:46:32] Starting CPLEX solver on instance: /home/yorig/tuner/mpils-tests/instances/miplib/medium-1/cvs16r128-89.mps with config: /scratch/yorig/mpils-results-grid-seconds-5/medium-1/24proc/seed-2/4_cvs16r128-89_seed-2_20260503_094456/iterated_local_search/run_1_worker_19/ils_config_16403505806360146536.prm
[INFO]:[09:46:32] Starting CPLEX solver on instance: /home/yorig/tuner/mpils-tests/instances/miplib/medium-1/cvs16r128-89.mps with config: /scratch/yorig/mpils-results-grid-seconds-5/medium-1/24proc/seed-2/4_cvs16r128-89_seed-2_20260503_094456/iterated_local_search/run_1_worker_19/ils_config_16403505806360146536.prm
[INFO]:[09:46:37] CPLEX results. Gap: 30.510000, upper bound: -90.000000, lower bound: -117.455727
[INFO]:[09:46:37] CPLEX solver finished. Gap: 30.510000
[INFO]:[09:46:37] Local search phase completed.
[INFO]:[09:46:37] Total number of new local-search evaluations: 20
[INFO]:[09:46:37] Final incumbent objective value: 25.69
[INFO]:[09:46:38] Worker 19 completed exploration phase.
[INFO]:[09:46:38] Worker 19 received order for step 2.
[INFO]:[09:46:38] Worker 19 running expansion phase for iteration 1.
[INFO]:[09:46:38] Worker 19 will use solver log file: /scratch/yorig/mpils-results-grid-seconds-5/medium-1/24proc/seed-2/4_cvs16r128-89_seed-2_20260503_094456/solver/cplex.log_iteration_expansion_1_worker_19
[INFO]:[09:46:38] Expansion Worker 19 starting expansion for iteration 1.
[INFO]:[09:46:38] Starting CPLEX solver on instance: /home/yorig/tuner/mpils-tests/instances/miplib/medium-1/cvs16r128-89.mps with config: /scratch/yorig/mpils-results-grid-seconds-5/medium-1/24proc/seed-2/4_cvs16r128-89_seed-2_20260503_094456/expansion/config_param_CPXPARAM_MIP_Strategy_BBInterval_10_iter_1.prm
[INFO]:[09:46:43] CPLEX results. Gap: 23.340000, upper bound: -94.000000, lower bound: -115.938143
[INFO]:[09:46:43] CPLEX solver finished. Gap: 23.340000
[INFO]:[09:46:43] Starting CPLEX solver on instance: /home/yorig/tuner/mpils-tests/instances/miplib/medium-1/cvs16r128-89.mps with config: /scratch/yorig/mpils-results-grid-seconds-5/medium-1/24proc/seed-2/4_cvs16r128-89_seed-2_20260503_094456/expansion/config_param_CPXPARAM_MIP_Strategy_BBInterval_15_iter_1.prm
[INFO]:[09:46:48] CPLEX results. Gap: 23.340000, upper bound: -94.000000, lower bound: -115.938143
[INFO]:[09:46:48] CPLEX solver finished. Gap: 23.340000
[INFO]:[09:46:53] Expansion Worker 19 completed expansion.
[INFO]:[09:46:53] Worker 19 completed expansion phase.
[INFO]:[09:46:53] Worker 19 received order for step 1.
[INFO]:[09:46:53] Worker 19 running exploration phase for iteration 2.
[INFO]:[09:46:53] Worker 19 at iteration 2 will not use a MIP start file. Current best MIP-start upper bound threshold is -95.
[INFO]:[09:46:53] Starting local search phase...
[INFO]:[09:46:53] Creating local search space from parameter space file: /scratch/yorig/mpils-results-grid-seconds-5/medium-1/24proc/seed-2/4_cvs16r128-89_seed-2_20260503_094456/iterated_local_search/search_space/search_space_file_2_worker_19.txt
[INFO]:[09:46:53] Local search space loaded from file: /scratch/yorig/mpils-results-grid-seconds-5/medium-1/24proc/seed-2/4_cvs16r128-89_seed-2_20260503_094456/iterated_local_search/search_space/search_space_file_2_worker_19.txt
[INFO]:[09:46:53] Number of parameters in local search space: 71
[INFO]:[09:46:53] Number of forbidden tuples in local search space: 29
[INFO]:[09:46:53] Number of conditionals in local search space: 6
[INFO]:[09:46:53] MIP start option not enabled. Local search will proceed without MIP start.
[INFO]:[09:46:53] Evaluating initial configuration for local search phase...
[INFO]:[09:46:53] Starting CPLEX solver on instance: /home/yorig/tuner/mpils-tests/instances/miplib/medium-1/cvs16r128-89.mps with config: /scratch/yorig/mpils-results-grid-seconds-5/medium-1/24proc/seed-2/4_cvs16r128-89_seed-2_20260503_094456/iterated_local_search/run_2_worker_19/ils_config_8276421072505424277.prm
[INFO]:[09:46:53] Starting CPLEX solver on instance: /home/yorig/tuner/mpils-tests/instances/miplib/medium-1/cvs16r128-89.mps with config: /scratch/yorig/mpils-results-grid-seconds-5/medium-1/24proc/seed-2/4_cvs16r128-89_seed-2_20260503_094456/iterated_local_search/run_2_worker_19/ils_config_8276421072505424277.prm
[INFO]:[09:46:58] CPLEX results. Gap: 42.590000, upper bound: -85.000000, lower bound: -121.204077
[INFO]:[09:46:58] CPLEX solver finished. Gap: 42.590000
[INFO]:[09:46:58] Initial configuration evaluated with objective value: 42.59
[INFO]:[09:46:58] Starting CPLEX solver on instance: /home/yorig/tuner/mpils-tests/instances/miplib/medium-1/cvs16r128-89.mps with config: /scratch/yorig/mpils-results-grid-seconds-5/medium-1/24proc/seed-2/4_cvs16r128-89_seed-2_20260503_094456/iterated_local_search/run_2_worker_19/ils_config_5018166688045196656.prm
[INFO]:[09:46:58] Starting CPLEX solver on instance: /home/yorig/tuner/mpils-tests/instances/miplib/medium-1/cvs16r128-89.mps with config: /scratch/yorig/mpils-results-grid-seconds-5/medium-1/24proc/seed-2/4_cvs16r128-89_seed-2_20260503_094456/iterated_local_search/run_2_worker_19/ils_config_5018166688045196656.prm
[INFO]:[09:47:03] CPLEX results. Gap: 34.670000, upper bound: -90.000000, lower bound: -121.204077
[INFO]:[09:47:03] CPLEX solver finished. Gap: 34.670000
[INFO]:[09:47:03] New incumbent found with objective value: 34.67
[INFO]:[09:47:03] Starting CPLEX solver on instance: /home/yorig/tuner/mpils-tests/instances/miplib/medium-1/cvs16r128-89.mps with config: /scratch/yorig/mpils-results-grid-seconds-5/medium-1/24proc/seed-2/4_cvs16r128-89_seed-2_20260503_094456/iterated_local_search/run_2_worker_19/ils_config_1111436402409383865.prm
[INFO]:[09:47:03] Starting CPLEX solver on instance: /home/yorig/tuner/mpils-tests/instances/miplib/medium-1/cvs16r128-89.mps with config: /scratch/yorig/mpils-results-grid-seconds-5/medium-1/24proc/seed-2/4_cvs16r128-89_seed-2_20260503_094456/iterated_local_search/run_2_worker_19/ils_config_1111436402409383865.prm
[INFO]:[09:47:08] CPLEX results. Gap: 29.030000, upper bound: -94.000000, lower bound: -121.286487
[INFO]:[09:47:08] CPLEX solver finished. Gap: 29.030000
[INFO]:[09:47:08] New incumbent found with objective value: 29.03
[INFO]:[09:47:08] Starting CPLEX solver on instance: /home/yorig/tuner/mpils-tests/instances/miplib/medium-1/cvs16r128-89.mps with config: /scratch/yorig/mpils-results-grid-seconds-5/medium-1/24proc/seed-2/4_cvs16r128-89_seed-2_20260503_094456/iterated_local_search/run_2_worker_19/ils_config_16729266738896864170.prm
[INFO]:[09:47:08] Starting CPLEX solver on instance: /home/yorig/tuner/mpils-tests/instances/miplib/medium-1/cvs16r128-89.mps with config: /scratch/yorig/mpils-results-grid-seconds-5/medium-1/24proc/seed-2/4_cvs16r128-89_seed-2_20260503_094456/iterated_local_search/run_2_worker_19/ils_config_16729266738896864170.prm
[INFO]:[09:47:13] CPLEX results. Gap: 29.030000, upper bound: -94.000000, lower bound: -121.286487
[INFO]:[09:47:13] CPLEX solver finished. Gap: 29.030000
[INFO]:[09:47:13] Starting CPLEX solver on instance: /home/yorig/tuner/mpils-tests/instances/miplib/medium-1/cvs16r128-89.mps with config: /scratch/yorig/mpils-results-grid-seconds-5/medium-1/24proc/seed-2/4_cvs16r128-89_seed-2_20260503_094456/iterated_local_search/run_2_worker_19/ils_config_4751759110149577746.prm
[INFO]:[09:47:13] Starting CPLEX solver on instance: /home/yorig/tuner/mpils-tests/instances/miplib/medium-1/cvs16r128-89.mps with config: /scratch/yorig/mpils-results-grid-seconds-5/medium-1/24proc/seed-2/4_cvs16r128-89_seed-2_20260503_094456/iterated_local_search/run_2_worker_19/ils_config_4751759110149577746.prm
[INFO]:[09:47:18] CPLEX results. Gap: 29.030000, upper bound: -94.000000, lower bound: -121.286487
[INFO]:[09:47:18] CPLEX solver finished. Gap: 29.030000
[INFO]:[09:47:18] Starting CPLEX solver on instance: /home/yorig/tuner/mpils-tests/instances/miplib/medium-1/cvs16r128-89.mps with config: /scratch/yorig/mpils-results-grid-seconds-5/medium-1/24proc/seed-2/4_cvs16r128-89_seed-2_20260503_094456/iterated_local_search/run_2_worker_19/ils_config_13361502029454520996.prm
[INFO]:[09:47:18] Starting CPLEX solver on instance: /home/yorig/tuner/mpils-tests/instances/miplib/medium-1/cvs16r128-89.mps with config: /scratch/yorig/mpils-results-grid-seconds-5/medium-1/24proc/seed-2/4_cvs16r128-89_seed-2_20260503_094456/iterated_local_search/run_2_worker_19/ils_config_13361502029454520996.prm
[INFO]:[09:47:23] CPLEX results. Gap: 31.220000, upper bound: -94.000000, lower bound: -123.349570
[INFO]:[09:47:23] CPLEX solver finished. Gap: 31.220000
[INFO]:[09:47:23] Local search phase completed.
[INFO]:[09:47:23] Total number of new local-search evaluations: 6
[INFO]:[09:47:23] Final incumbent objective value: 29.03
[INFO]:[09:47:23] Worker 19 completed exploration phase.
[INFO]:[09:47:23] Worker 19 received order for step 2.
[INFO]:[09:47:23] Worker 19 running expansion phase for iteration 2.
[INFO]:[09:47:23] Worker 19 will use solver log file: /scratch/yorig/mpils-results-grid-seconds-5/medium-1/24proc/seed-2/4_cvs16r128-89_seed-2_20260503_094456/solver/cplex.log_iteration_expansion_2_worker_19
[INFO]:[09:47:23] Expansion Worker 19 starting expansion for iteration 2.
[INFO]:[09:47:23] Starting CPLEX solver on instance: /home/yorig/tuner/mpils-tests/instances/miplib/medium-1/cvs16r128-89.mps with config: /scratch/yorig/mpils-results-grid-seconds-5/medium-1/24proc/seed-2/4_cvs16r128-89_seed-2_20260503_094456/expansion/config_param_CPXPARAM_Simplex_DGradient_1_iter_2.prm
[INFO]:[09:47:28] CPLEX results. Gap: 50.590000, upper bound: -85.000000, lower bound: -128.000000
[INFO]:[09:47:28] CPLEX solver finished. Gap: 50.590000
[INFO]:[09:47:28] Expansion Worker 19 stopping early after global MPI expansion stop was activated.
[INFO]:[09:47:28] Expansion Worker 19 completed expansion.
[INFO]:[09:47:28] Worker 19 completed expansion phase.
[INFO]:[09:47:29] Worker 19 received order for step 1.
[INFO]:[09:47:29] Worker 19 running exploration phase for iteration 3.
[INFO]:[09:47:29] Worker 19 at iteration 3 will not use a MIP start file. Current best MIP-start upper bound threshold is -95.
[INFO]:[09:47:29] Starting local search phase...
[INFO]:[09:47:29] Creating local search space from parameter space file: /scratch/yorig/mpils-results-grid-seconds-5/medium-1/24proc/seed-2/4_cvs16r128-89_seed-2_20260503_094456/iterated_local_search/search_space/search_space_file_3_worker_19.txt
[INFO]:[09:47:29] Local search space loaded from file: /scratch/yorig/mpils-results-grid-seconds-5/medium-1/24proc/seed-2/4_cvs16r128-89_seed-2_20260503_094456/iterated_local_search/search_space/search_space_file_3_worker_19.txt
[INFO]:[09:47:29] Number of parameters in local search space: 71
[INFO]:[09:47:29] Number of forbidden tuples in local search space: 56
[INFO]:[09:47:29] Number of conditionals in local search space: 6
[INFO]:[09:47:29] MIP start option not enabled. Local search will proceed without MIP start.
[INFO]:[09:47:29] Evaluating initial configuration for local search phase...
[INFO]:[09:47:29] Starting CPLEX solver on instance: /home/yorig/tuner/mpils-tests/instances/miplib/medium-1/cvs16r128-89.mps with config: /scratch/yorig/mpils-results-grid-seconds-5/medium-1/24proc/seed-2/4_cvs16r128-89_seed-2_20260503_094456/iterated_local_search/run_3_worker_19/ils_config_15829774288362143946.prm
[INFO]:[09:47:29] Starting CPLEX solver on instance: /home/yorig/tuner/mpils-tests/instances/miplib/medium-1/cvs16r128-89.mps with config: /scratch/yorig/mpils-results-grid-seconds-5/medium-1/24proc/seed-2/4_cvs16r128-89_seed-2_20260503_094456/iterated_local_search/run_3_worker_19/ils_config_15829774288362143946.prm
[INFO]:[09:47:34] CPLEX results. Gap: 44.000000, upper bound: -85.000000, lower bound: -122.396881
[INFO]:[09:47:34] CPLEX solver finished. Gap: 44.000000
[INFO]:[09:47:34] Initial configuration evaluated with objective value: 44
[INFO]:[09:47:34] Starting CPLEX solver on instance: /home/yorig/tuner/mpils-tests/instances/miplib/medium-1/cvs16r128-89.mps with config: /scratch/yorig/mpils-results-grid-seconds-5/medium-1/24proc/seed-2/4_cvs16r128-89_seed-2_20260503_094456/iterated_local_search/run_3_worker_19/ils_config_2805248908675732019.prm
[INFO]:[09:47:34] Starting CPLEX solver on instance: /home/yorig/tuner/mpils-tests/instances/miplib/medium-1/cvs16r128-89.mps with config: /scratch/yorig/mpils-results-grid-seconds-5/medium-1/24proc/seed-2/4_cvs16r128-89_seed-2_20260503_094456/iterated_local_search/run_3_worker_19/ils_config_2805248908675732019.prm
[INFO]:[09:47:39] CPLEX results. Gap: 38.800000, upper bound: -87.000000, lower bound: -120.757922
[INFO]:[09:47:39] CPLEX solver finished. Gap: 38.800000
[INFO]:[09:47:39] New incumbent found with objective value: 38.8
[INFO]:[09:47:39] Starting CPLEX solver on instance: /home/yorig/tuner/mpils-tests/instances/miplib/medium-1/cvs16r128-89.mps with config: /scratch/yorig/mpils-results-grid-seconds-5/medium-1/24proc/seed-2/4_cvs16r128-89_seed-2_20260503_094456/iterated_local_search/run_3_worker_19/ils_config_13505294720965147030.prm
[INFO]:[09:47:39] Starting CPLEX solver on instance: /home/yorig/tuner/mpils-tests/instances/miplib/medium-1/cvs16r128-89.mps with config: /scratch/yorig/mpils-results-grid-seconds-5/medium-1/24proc/seed-2/4_cvs16r128-89_seed-2_20260503_094456/iterated_local_search/run_3_worker_19/ils_config_13505294720965147030.prm
[INFO]:[09:47:44] CPLEX results. Gap: 38.800000, upper bound: -87.000000, lower bound: -120.757922
[INFO]:[09:47:44] CPLEX solver finished. Gap: 38.800000
[INFO]:[09:47:44] Starting CPLEX solver on instance: /home/yorig/tuner/mpils-tests/instances/miplib/medium-1/cvs16r128-89.mps with config: /scratch/yorig/mpils-results-grid-seconds-5/medium-1/24proc/seed-2/4_cvs16r128-89_seed-2_20260503_094456/iterated_local_search/run_3_worker_19/ils_config_3590281567430215934.prm
[INFO]:[09:47:44] Starting CPLEX solver on instance: /home/yorig/tuner/mpils-tests/instances/miplib/medium-1/cvs16r128-89.mps with config: /scratch/yorig/mpils-results-grid-seconds-5/medium-1/24proc/seed-2/4_cvs16r128-89_seed-2_20260503_094456/iterated_local_search/run_3_worker_19/ils_config_3590281567430215934.prm
[INFO]:[09:47:49] CPLEX results. Gap: 38.800000, upper bound: -87.000000, lower bound: -120.757922
[INFO]:[09:47:49] CPLEX solver finished. Gap: 38.800000
[INFO]:[09:47:49] Starting CPLEX solver on instance: /home/yorig/tuner/mpils-tests/instances/miplib/medium-1/cvs16r128-89.mps with config: /scratch/yorig/mpils-results-grid-seconds-5/medium-1/24proc/seed-2/4_cvs16r128-89_seed-2_20260503_094456/iterated_local_search/run_3_worker_19/ils_config_1934881499136798380.prm
[INFO]:[09:47:49] Starting CPLEX solver on instance: /home/yorig/tuner/mpils-tests/instances/miplib/medium-1/cvs16r128-89.mps with config: /scratch/yorig/mpils-results-grid-seconds-5/medium-1/24proc/seed-2/4_cvs16r128-89_seed-2_20260503_094456/iterated_local_search/run_3_worker_19/ils_config_1934881499136798380.prm
[INFO]:[09:47:54] CPLEX results. Gap: 38.800000, upper bound: -87.000000, lower bound: -120.757922
[INFO]:[09:47:54] CPLEX solver finished. Gap: 38.800000
[INFO]:[09:47:54] Starting CPLEX solver on instance: /home/yorig/tuner/mpils-tests/instances/miplib/medium-1/cvs16r128-89.mps with config: /scratch/yorig/mpils-results-grid-seconds-5/medium-1/24proc/seed-2/4_cvs16r128-89_seed-2_20260503_094456/iterated_local_search/run_3_worker_19/ils_config_17630300227649429724.prm
[INFO]:[09:47:54] Starting CPLEX solver on instance: /home/yorig/tuner/mpils-tests/instances/miplib/medium-1/cvs16r128-89.mps with config: /scratch/yorig/mpils-results-grid-seconds-5/medium-1/24proc/seed-2/4_cvs16r128-89_seed-2_20260503_094456/iterated_local_search/run_3_worker_19/ils_config_17630300227649429724.prm
[INFO]:[09:47:59] CPLEX results. Gap: 41.980000, upper bound: -85.000000, lower bound: -120.681344
[INFO]:[09:47:59] CPLEX solver finished. Gap: 41.980000
[INFO]:[09:47:59] Starting CPLEX solver on instance: /home/yorig/tuner/mpils-tests/instances/miplib/medium-1/cvs16r128-89.mps with config: /scratch/yorig/mpils-results-grid-seconds-5/medium-1/24proc/seed-2/4_cvs16r128-89_seed-2_20260503_094456/iterated_local_search/run_3_worker_19/ils_config_8791198944860600177.prm
[INFO]:[09:47:59] Starting CPLEX solver on instance: /home/yorig/tuner/mpils-tests/instances/miplib/medium-1/cvs16r128-89.mps with config: /scratch/yorig/mpils-results-grid-seconds-5/medium-1/24proc/seed-2/4_cvs16r128-89_seed-2_20260503_094456/iterated_local_search/run_3_worker_19/ils_config_8791198944860600177.prm
[INFO]:[09:48:04] CPLEX results. Gap: 38.800000, upper bound: -87.000000, lower bound: -120.757922
[INFO]:[09:48:04] CPLEX solver finished. Gap: 38.800000
[INFO]:[09:48:04] Starting CPLEX solver on instance: /home/yorig/tuner/mpils-tests/instances/miplib/medium-1/cvs16r128-89.mps with config: /scratch/yorig/mpils-results-grid-seconds-5/medium-1/24proc/seed-2/4_cvs16r128-89_seed-2_20260503_094456/iterated_local_search/run_3_worker_19/ils_config_8503413412902828368.prm
[INFO]:[09:48:04] Starting CPLEX solver on instance: /home/yorig/tuner/mpils-tests/instances/miplib/medium-1/cvs16r128-89.mps with config: /scratch/yorig/mpils-results-grid-seconds-5/medium-1/24proc/seed-2/4_cvs16r128-89_seed-2_20260503_094456/iterated_local_search/run_3_worker_19/ils_config_8503413412902828368.prm
[INFO]:[09:48:09] CPLEX results. Gap: 38.800000, upper bound: -87.000000, lower bound: -120.757922
[INFO]:[09:48:09] CPLEX solver finished. Gap: 38.800000
[INFO]:[09:48:09] Starting CPLEX solver on instance: /home/yorig/tuner/mpils-tests/instances/miplib/medium-1/cvs16r128-89.mps with config: /scratch/yorig/mpils-results-grid-seconds-5/medium-1/24proc/seed-2/4_cvs16r128-89_seed-2_20260503_094456/iterated_local_search/run_3_worker_19/ils_config_869166383072292451.prm
[INFO]:[09:48:09] Starting CPLEX solver on instance: /home/yorig/tuner/mpils-tests/instances/miplib/medium-1/cvs16r128-89.mps with config: /scratch/yorig/mpils-results-grid-seconds-5/medium-1/24proc/seed-2/4_cvs16r128-89_seed-2_20260503_094456/iterated_local_search/run_3_worker_19/ils_config_869166383072292451.prm
[INFO]:[09:48:14] CPLEX results. Gap: 38.800000, upper bound: -87.000000, lower bound: -120.757922
[INFO]:[09:48:14] CPLEX solver finished. Gap: 38.800000
[INFO]:[09:48:14] Starting CPLEX solver on instance: /home/yorig/tuner/mpils-tests/instances/miplib/medium-1/cvs16r128-89.mps with config: /scratch/yorig/mpils-results-grid-seconds-5/medium-1/24proc/seed-2/4_cvs16r128-89_seed-2_20260503_094456/iterated_local_search/run_3_worker_19/ils_config_15420450760828063452.prm
[INFO]:[09:48:14] Starting CPLEX solver on instance: /home/yorig/tuner/mpils-tests/instances/miplib/medium-1/cvs16r128-89.mps with config: /scratch/yorig/mpils-results-grid-seconds-5/medium-1/24proc/seed-2/4_cvs16r128-89_seed-2_20260503_094456/iterated_local_search/run_3_worker_19/ils_config_15420450760828063452.prm
[INFO]:[09:48:19] CPLEX results. Gap: 47.130000, upper bound: -87.000000, lower bound: -128.000000
[INFO]:[09:48:19] CPLEX solver finished. Gap: 47.130000
[INFO]:[09:48:19] Starting CPLEX solver on instance: /home/yorig/tuner/mpils-tests/instances/miplib/medium-1/cvs16r128-89.mps with config: /scratch/yorig/mpils-results-grid-seconds-5/medium-1/24proc/seed-2/4_cvs16r128-89_seed-2_20260503_094456/iterated_local_search/run_3_worker_19/ils_config_5846205869970133474.prm
[INFO]:[09:48:19] Starting CPLEX solver on instance: /home/yorig/tuner/mpils-tests/instances/miplib/medium-1/cvs16r128-89.mps with config: /scratch/yorig/mpils-results-grid-seconds-5/medium-1/24proc/seed-2/4_cvs16r128-89_seed-2_20260503_094456/iterated_local_search/run_3_worker_19/ils_config_5846205869970133474.prm
[INFO]:[09:48:24] CPLEX results. Gap: 38.800000, upper bound: -87.000000, lower bound: -120.757922
[INFO]:[09:48:24] CPLEX solver finished. Gap: 38.800000
[INFO]:[09:48:24] Starting CPLEX solver on instance: /home/yorig/tuner/mpils-tests/instances/miplib/medium-1/cvs16r128-89.mps with config: /scratch/yorig/mpils-results-grid-seconds-5/medium-1/24proc/seed-2/4_cvs16r128-89_seed-2_20260503_094456/iterated_local_search/run_3_worker_19/ils_config_3283811119800210895.prm
[INFO]:[09:48:24] Starting CPLEX solver on instance: /home/yorig/tuner/mpils-tests/instances/miplib/medium-1/cvs16r128-89.mps with config: /scratch/yorig/mpils-results-grid-seconds-5/medium-1/24proc/seed-2/4_cvs16r128-89_seed-2_20260503_094456/iterated_local_search/run_3_worker_19/ils_config_3283811119800210895.prm
[INFO]:[09:48:29] CPLEX results. Gap: 38.550000, upper bound: -87.000000, lower bound: -120.541652
[INFO]:[09:48:29] CPLEX solver finished. Gap: 38.550000
[INFO]:[09:48:29] New incumbent found with objective value: 38.55
[INFO]:[09:48:29] Starting CPLEX solver on instance: /home/yorig/tuner/mpils-tests/instances/miplib/medium-1/cvs16r128-89.mps with config: /scratch/yorig/mpils-results-grid-seconds-5/medium-1/24proc/seed-2/4_cvs16r128-89_seed-2_20260503_094456/iterated_local_search/run_3_worker_19/ils_config_17968250578321394459.prm
[INFO]:[09:48:29] Starting CPLEX solver on instance: /home/yorig/tuner/mpils-tests/instances/miplib/medium-1/cvs16r128-89.mps with config: /scratch/yorig/mpils-results-grid-seconds-5/medium-1/24proc/seed-2/4_cvs16r128-89_seed-2_20260503_094456/iterated_local_search/run_3_worker_19/ils_config_17968250578321394459.prm
[INFO]:[09:48:34] CPLEX results. Gap: 38.550000, upper bound: -87.000000, lower bound: -120.541652
[INFO]:[09:48:34] CPLEX solver finished. Gap: 38.550000
[INFO]:[09:48:34] Starting CPLEX solver on instance: /home/yorig/tuner/mpils-tests/instances/miplib/medium-1/cvs16r128-89.mps with config: /scratch/yorig/mpils-results-grid-seconds-5/medium-1/24proc/seed-2/4_cvs16r128-89_seed-2_20260503_094456/iterated_local_search/run_3_worker_19/ils_config_5617297442634519575.prm
[INFO]:[09:48:34] Starting CPLEX solver on instance: /home/yorig/tuner/mpils-tests/instances/miplib/medium-1/cvs16r128-89.mps with config: /scratch/yorig/mpils-results-grid-seconds-5/medium-1/24proc/seed-2/4_cvs16r128-89_seed-2_20260503_094456/iterated_local_search/run_3_worker_19/ils_config_5617297442634519575.prm
[INFO]:[09:48:39] CPLEX results. Gap: 38.550000, upper bound: -87.000000, lower bound: -120.541652
[INFO]:[09:48:39] CPLEX solver finished. Gap: 38.550000
[INFO]:[09:48:39] Starting CPLEX solver on instance: /home/yorig/tuner/mpils-tests/instances/miplib/medium-1/cvs16r128-89.mps with config: /scratch/yorig/mpils-results-grid-seconds-5/medium-1/24proc/seed-2/4_cvs16r128-89_seed-2_20260503_094456/iterated_local_search/run_3_worker_19/ils_config_11561769526029218278.prm
[INFO]:[09:48:39] Starting CPLEX solver on instance: /home/yorig/tuner/mpils-tests/instances/miplib/medium-1/cvs16r128-89.mps with config: /scratch/yorig/mpils-results-grid-seconds-5/medium-1/24proc/seed-2/4_cvs16r128-89_seed-2_20260503_094456/iterated_local_search/run_3_worker_19/ils_config_11561769526029218278.prm
[INFO]:[09:48:44] CPLEX results. Gap: 38.550000, upper bound: -87.000000, lower bound: -120.541652
[INFO]:[09:48:44] CPLEX solver finished. Gap: 38.550000
[INFO]:[09:48:44] Starting CPLEX solver on instance: /home/yorig/tuner/mpils-tests/instances/miplib/medium-1/cvs16r128-89.mps with config: /scratch/yorig/mpils-results-grid-seconds-5/medium-1/24proc/seed-2/4_cvs16r128-89_seed-2_20260503_094456/iterated_local_search/run_3_worker_19/ils_config_7243157990437973974.prm
[INFO]:[09:48:44] Starting CPLEX solver on instance: /home/yorig/tuner/mpils-tests/instances/miplib/medium-1/cvs16r128-89.mps with config: /scratch/yorig/mpils-results-grid-seconds-5/medium-1/24proc/seed-2/4_cvs16r128-89_seed-2_20260503_094456/iterated_local_search/run_3_worker_19/ils_config_7243157990437973974.prm
[INFO]:[09:48:49] CPLEX results. Gap: 38.800000, upper bound: -87.000000, lower bound: -120.757922
[INFO]:[09:48:49] CPLEX solver finished. Gap: 38.800000
[INFO]:[09:48:49] Starting CPLEX solver on instance: /home/yorig/tuner/mpils-tests/instances/miplib/medium-1/cvs16r128-89.mps with config: /scratch/yorig/mpils-results-grid-seconds-5/medium-1/24proc/seed-2/4_cvs16r128-89_seed-2_20260503_094456/iterated_local_search/run_3_worker_19/ils_config_10618616482500156207.prm
[INFO]:[09:48:49] Starting CPLEX solver on instance: /home/yorig/tuner/mpils-tests/instances/miplib/medium-1/cvs16r128-89.mps with config: /scratch/yorig/mpils-results-grid-seconds-5/medium-1/24proc/seed-2/4_cvs16r128-89_seed-2_20260503_094456/iterated_local_search/run_3_worker_19/ils_config_10618616482500156207.prm
[INFO]:[09:48:54] CPLEX results. Gap: 38.510000, upper bound: -87.000000, lower bound: -120.507604
[INFO]:[09:48:54] CPLEX solver finished. Gap: 38.510000
[INFO]:[09:48:54] New incumbent found with objective value: 38.51
[INFO]:[09:48:54] Starting CPLEX solver on instance: /home/yorig/tuner/mpils-tests/instances/miplib/medium-1/cvs16r128-89.mps with config: /scratch/yorig/mpils-results-grid-seconds-5/medium-1/24proc/seed-2/4_cvs16r128-89_seed-2_20260503_094456/iterated_local_search/run_3_worker_19/ils_config_2415160687823547274.prm
[INFO]:[09:48:54] Starting CPLEX solver on instance: /home/yorig/tuner/mpils-tests/instances/miplib/medium-1/cvs16r128-89.mps with config: /scratch/yorig/mpils-results-grid-seconds-5/medium-1/24proc/seed-2/4_cvs16r128-89_seed-2_20260503_094456/iterated_local_search/run_3_worker_19/ils_config_2415160687823547274.prm
[INFO]:[09:48:59] CPLEX results. Gap: 42.390000, upper bound: -87.000000, lower bound: -123.882574
[INFO]:[09:48:59] CPLEX solver finished. Gap: 42.390000
[INFO]:[09:48:59] Starting CPLEX solver on instance: /home/yorig/tuner/mpils-tests/instances/miplib/medium-1/cvs16r128-89.mps with config: /scratch/yorig/mpils-results-grid-seconds-5/medium-1/24proc/seed-2/4_cvs16r128-89_seed-2_20260503_094456/iterated_local_search/run_3_worker_19/ils_config_8647051114127932655.prm
[INFO]:[09:48:59] Starting CPLEX solver on instance: /home/yorig/tuner/mpils-tests/instances/miplib/medium-1/cvs16r128-89.mps with config: /scratch/yorig/mpils-results-grid-seconds-5/medium-1/24proc/seed-2/4_cvs16r128-89_seed-2_20260503_094456/iterated_local_search/run_3_worker_19/ils_config_8647051114127932655.prm
[INFO]:[09:49:04] CPLEX results. Gap: 38.510000, upper bound: -87.000000, lower bound: -120.507604
[INFO]:[09:49:04] CPLEX solver finished. Gap: 38.510000
[INFO]:[09:49:04] Starting CPLEX solver on instance: /home/yorig/tuner/mpils-tests/instances/miplib/medium-1/cvs16r128-89.mps with config: /scratch/yorig/mpils-results-grid-seconds-5/medium-1/24proc/seed-2/4_cvs16r128-89_seed-2_20260503_094456/iterated_local_search/run_3_worker_19/ils_config_7120792933435947230.prm
[INFO]:[09:49:04] Starting CPLEX solver on instance: /home/yorig/tuner/mpils-tests/instances/miplib/medium-1/cvs16r128-89.mps with config: /scratch/yorig/mpils-results-grid-seconds-5/medium-1/24proc/seed-2/4_cvs16r128-89_seed-2_20260503_094456/iterated_local_search/run_3_worker_19/ils_config_7120792933435947230.prm
[INFO]:[09:49:09] CPLEX results. Gap: 37.220000, upper bound: -88.000000, lower bound: -120.757922
[INFO]:[09:49:09] CPLEX solver finished. Gap: 37.220000
[INFO]:[09:49:09] New incumbent found with objective value: 37.22
[INFO]:[09:49:09] Local search phase completed.
[INFO]:[09:49:09] Total number of new local-search evaluations: 20
[INFO]:[09:49:09] Final incumbent objective value: 37.22
[INFO]:[09:49:10] Worker 19 completed exploration phase.
[INFO]:[09:49:10] Worker 19 received order for step 2.
[INFO]:[09:49:10] Worker 19 running expansion phase for iteration 3.
[INFO]:[09:49:10] Worker 19 will use solver log file: /scratch/yorig/mpils-results-grid-seconds-5/medium-1/24proc/seed-2/4_cvs16r128-89_seed-2_20260503_094456/solver/cplex.log_iteration_expansion_3_worker_19
[INFO]:[09:49:10] Expansion Worker 19 starting expansion for iteration 3.
[INFO]:[09:49:10] Starting CPLEX solver on instance: /home/yorig/tuner/mpils-tests/instances/miplib/medium-1/cvs16r128-89.mps with config: /scratch/yorig/mpils-results-grid-seconds-5/medium-1/24proc/seed-2/4_cvs16r128-89_seed-2_20260503_094456/expansion/config_param_CPXPARAM_Preprocessing_BoundStrength_1_iter_3.prm
[INFO]:[09:49:15] CPLEX results. Gap: 19.430000, upper bound: -96.000000, lower bound: -114.649918
[INFO]:[09:49:15] CPLEX solver finished. Gap: 19.430000
[INFO]:[09:49:15] Expansion Worker 19 stopping early after global MPI expansion stop was activated.
[INFO]:[09:49:15] Expansion Worker 19 completed expansion.
[INFO]:[09:49:15] Worker 19 completed expansion phase.
[INFO]:[09:49:16] Worker 19 received order for step 1.
[INFO]:[09:49:16] Worker 19 running exploration phase for iteration 4.
[INFO]:[09:49:16] Worker 19 at iteration 4 will not use a MIP start file. Current best MIP-start upper bound threshold is -97.
[INFO]:[09:49:16] Starting local search phase...
[INFO]:[09:49:16] Creating local search space from parameter space file: /scratch/yorig/mpils-results-grid-seconds-5/medium-1/24proc/seed-2/4_cvs16r128-89_seed-2_20260503_094456/iterated_local_search/search_space/search_space_file_4_worker_19.txt
[INFO]:[09:49:16] Local search space loaded from file: /scratch/yorig/mpils-results-grid-seconds-5/medium-1/24proc/seed-2/4_cvs16r128-89_seed-2_20260503_094456/iterated_local_search/search_space/search_space_file_4_worker_19.txt
[INFO]:[09:49:16] Number of parameters in local search space: 71
[INFO]:[09:49:16] Number of forbidden tuples in local search space: 80
[INFO]:[09:49:16] Number of conditionals in local search space: 6
[INFO]:[09:49:16] MIP start option not enabled. Local search will proceed without MIP start.
[INFO]:[09:49:16] Evaluating initial configuration for local search phase...
[INFO]:[09:49:16] Starting CPLEX solver on instance: /home/yorig/tuner/mpils-tests/instances/miplib/medium-1/cvs16r128-89.mps with config: /scratch/yorig/mpils-results-grid-seconds-5/medium-1/24proc/seed-2/4_cvs16r128-89_seed-2_20260503_094456/iterated_local_search/run_4_worker_19/ils_config_10363493741623147839.prm
[INFO]:[09:49:16] Starting CPLEX solver on instance: /home/yorig/tuner/mpils-tests/instances/miplib/medium-1/cvs16r128-89.mps with config: /scratch/yorig/mpils-results-grid-seconds-5/medium-1/24proc/seed-2/4_cvs16r128-89_seed-2_20260503_094456/iterated_local_search/run_4_worker_19/ils_config_10363493741623147839.prm
[INFO]:[09:49:21] CPLEX results. Gap: 58.020000, upper bound: -81.000000, lower bound: -128.000000
[INFO]:[09:49:21] CPLEX solver finished. Gap: 58.020000
[INFO]:[09:49:21] Initial configuration evaluated with objective value: 58.02
[INFO]:[09:49:21] Starting CPLEX solver on instance: /home/yorig/tuner/mpils-tests/instances/miplib/medium-1/cvs16r128-89.mps with config: /scratch/yorig/mpils-results-grid-seconds-5/medium-1/24proc/seed-2/4_cvs16r128-89_seed-2_20260503_094456/iterated_local_search/run_4_worker_19/ils_config_8868767849333801063.prm
[INFO]:[09:49:21] Starting CPLEX solver on instance: /home/yorig/tuner/mpils-tests/instances/miplib/medium-1/cvs16r128-89.mps with config: /scratch/yorig/mpils-results-grid-seconds-5/medium-1/24proc/seed-2/4_cvs16r128-89_seed-2_20260503_094456/iterated_local_search/run_4_worker_19/ils_config_8868767849333801063.prm
[INFO]:[09:49:26] CPLEX results. Gap: 58.020000, upper bound: -81.000000, lower bound: -128.000000
[INFO]:[09:49:26] CPLEX solver finished. Gap: 58.020000
[INFO]:[09:49:26] Starting CPLEX solver on instance: /home/yorig/tuner/mpils-tests/instances/miplib/medium-1/cvs16r128-89.mps with config: /scratch/yorig/mpils-results-grid-seconds-5/medium-1/24proc/seed-2/4_cvs16r128-89_seed-2_20260503_094456/iterated_local_search/run_4_worker_19/ils_config_2766016196294540204.prm
[INFO]:[09:49:26] Starting CPLEX solver on instance: /home/yorig/tuner/mpils-tests/instances/miplib/medium-1/cvs16r128-89.mps with config: /scratch/yorig/mpils-results-grid-seconds-5/medium-1/24proc/seed-2/4_cvs16r128-89_seed-2_20260503_094456/iterated_local_search/run_4_worker_19/ils_config_2766016196294540204.prm
[INFO]:[09:49:32] CPLEX results. Gap: 48.840000, upper bound: -86.000000, lower bound: -128.000000
[INFO]:[09:49:32] CPLEX solver finished. Gap: 48.840000
[INFO]:[09:49:32] New incumbent found with objective value: 48.84
[INFO]:[09:49:32] Starting CPLEX solver on instance: /home/yorig/tuner/mpils-tests/instances/miplib/medium-1/cvs16r128-89.mps with config: /scratch/yorig/mpils-results-grid-seconds-5/medium-1/24proc/seed-2/4_cvs16r128-89_seed-2_20260503_094456/iterated_local_search/run_4_worker_19/ils_config_18207143837728148699.prm
[INFO]:[09:49:32] Starting CPLEX solver on instance: /home/yorig/tuner/mpils-tests/instances/miplib/medium-1/cvs16r128-89.mps with config: /scratch/yorig/mpils-results-grid-seconds-5/medium-1/24proc/seed-2/4_cvs16r128-89_seed-2_20260503_094456/iterated_local_search/run_4_worker_19/ils_config_18207143837728148699.prm
[INFO]:[09:49:37] CPLEX results. Gap: 48.840000, upper bound: -86.000000, lower bound: -128.000000
[INFO]:[09:49:37] CPLEX solver finished. Gap: 48.840000
[INFO]:[09:49:37] Starting CPLEX solver on instance: /home/yorig/tuner/mpils-tests/instances/miplib/medium-1/cvs16r128-89.mps with config: /scratch/yorig/mpils-results-grid-seconds-5/medium-1/24proc/seed-2/4_cvs16r128-89_seed-2_20260503_094456/iterated_local_search/run_4_worker_19/ils_config_7640201552128428037.prm
[INFO]:[09:49:37] Starting CPLEX solver on instance: /home/yorig/tuner/mpils-tests/instances/miplib/medium-1/cvs16r128-89.mps with config: /scratch/yorig/mpils-results-grid-seconds-5/medium-1/24proc/seed-2/4_cvs16r128-89_seed-2_20260503_094456/iterated_local_search/run_4_worker_19/ils_config_7640201552128428037.prm
[WARN]:[09:49:42] CPLEX finished without a primal feasible solution for config /scratch/yorig/mpils-results-grid-seconds-5/medium-1/24proc/seed-2/4_cvs16r128-89_seed-2_20260503_094456/iterated_local_search/run_4_worker_19/ils_config_7640201552128428037.prm.
[INFO]:[09:49:42] CPLEX results. Gap: unavailable, upper bound: null, lower bound: -120.887200
[INFO]:[09:49:42] CPLEX solver finished. Gap: 179769313486231570814527423731704356798070567525844996598917476803157260780028538760589558632766878171540458953514382464234321326889464182768467546703537516986049910576551282076245490090389328944075868508455133942304583236903222948165808559332123348274797826204144723168738177180919299881250404026184124858368.000000
[INFO]:[09:49:42] Starting CPLEX solver on instance: /home/yorig/tuner/mpils-tests/instances/miplib/medium-1/cvs16r128-89.mps with config: /scratch/yorig/mpils-results-grid-seconds-5/medium-1/24proc/seed-2/4_cvs16r128-89_seed-2_20260503_094456/iterated_local_search/run_4_worker_19/ils_config_4878389414187723429.prm
[INFO]:[09:49:42] Starting CPLEX solver on instance: /home/yorig/tuner/mpils-tests/instances/miplib/medium-1/cvs16r128-89.mps with config: /scratch/yorig/mpils-results-grid-seconds-5/medium-1/24proc/seed-2/4_cvs16r128-89_seed-2_20260503_094456/iterated_local_search/run_4_worker_19/ils_config_4878389414187723429.prm
[INFO]:[09:49:47] CPLEX results. Gap: 48.840000, upper bound: -86.000000, lower bound: -128.000000
[INFO]:[09:49:47] CPLEX solver finished. Gap: 48.840000
[INFO]:[09:49:47] Starting CPLEX solver on instance: /home/yorig/tuner/mpils-tests/instances/miplib/medium-1/cvs16r128-89.mps with config: /scratch/yorig/mpils-results-grid-seconds-5/medium-1/24proc/seed-2/4_cvs16r128-89_seed-2_20260503_094456/iterated_local_search/run_4_worker_19/ils_config_13957551507242846056.prm
[INFO]:[09:49:47] Starting CPLEX solver on instance: /home/yorig/tuner/mpils-tests/instances/miplib/medium-1/cvs16r128-89.mps with config: /scratch/yorig/mpils-results-grid-seconds-5/medium-1/24proc/seed-2/4_cvs16r128-89_seed-2_20260503_094456/iterated_local_search/run_4_worker_19/ils_config_13957551507242846056.prm
[INFO]:[09:49:52] CPLEX results. Gap: 37.650000, upper bound: -85.000000, lower bound: -116.999683
[INFO]:[09:49:52] CPLEX solver finished. Gap: 37.650000
[INFO]:[09:49:52] New incumbent found with objective value: 37.65
[INFO]:[09:49:52] Starting CPLEX solver on instance: /home/yorig/tuner/mpils-tests/instances/miplib/medium-1/cvs16r128-89.mps with config: /scratch/yorig/mpils-results-grid-seconds-5/medium-1/24proc/seed-2/4_cvs16r128-89_seed-2_20260503_094456/iterated_local_search/run_4_worker_19/ils_config_1047156129266844245.prm
[INFO]:[09:49:52] Starting CPLEX solver on instance: /home/yorig/tuner/mpils-tests/instances/miplib/medium-1/cvs16r128-89.mps with config: /scratch/yorig/mpils-results-grid-seconds-5/medium-1/24proc/seed-2/4_cvs16r128-89_seed-2_20260503_094456/iterated_local_search/run_4_worker_19/ils_config_1047156129266844245.prm
[INFO]:[09:49:57] CPLEX results. Gap: 37.650000, upper bound: -85.000000, lower bound: -116.999683
[INFO]:[09:49:57] CPLEX solver finished. Gap: 37.650000
[INFO]:[09:49:57] Starting CPLEX solver on instance: /home/yorig/tuner/mpils-tests/instances/miplib/medium-1/cvs16r128-89.mps with config: /scratch/yorig/mpils-results-grid-seconds-5/medium-1/24proc/seed-2/4_cvs16r128-89_seed-2_20260503_094456/iterated_local_search/run_4_worker_19/ils_config_1801207063932278237.prm
[INFO]:[09:49:57] Starting CPLEX solver on instance: /home/yorig/tuner/mpils-tests/instances/miplib/medium-1/cvs16r128-89.mps with config: /scratch/yorig/mpils-results-grid-seconds-5/medium-1/24proc/seed-2/4_cvs16r128-89_seed-2_20260503_094456/iterated_local_search/run_4_worker_19/ils_config_1801207063932278237.prm
[INFO]:[09:50:02] CPLEX results. Gap: 36.050000, upper bound: -86.000000, lower bound: -116.999683
[INFO]:[09:50:02] CPLEX solver finished. Gap: 36.050000
[INFO]:[09:50:02] New incumbent found with objective value: 36.05
[INFO]:[09:50:02] Starting CPLEX solver on instance: /home/yorig/tuner/mpils-tests/instances/miplib/medium-1/cvs16r128-89.mps with config: /scratch/yorig/mpils-results-grid-seconds-5/medium-1/24proc/seed-2/4_cvs16r128-89_seed-2_20260503_094456/iterated_local_search/run_4_worker_19/ils_config_17607914955830155082.prm
[INFO]:[09:50:02] Starting CPLEX solver on instance: /home/yorig/tuner/mpils-tests/instances/miplib/medium-1/cvs16r128-89.mps with config: /scratch/yorig/mpils-results-grid-seconds-5/medium-1/24proc/seed-2/4_cvs16r128-89_seed-2_20260503_094456/iterated_local_search/run_4_worker_19/ils_config_17607914955830155082.prm
[INFO]:[09:50:07] CPLEX results. Gap: 36.050000, upper bound: -86.000000, lower bound: -116.999683
[INFO]:[09:50:07] CPLEX solver finished. Gap: 36.050000
[INFO]:[09:50:07] Starting CPLEX solver on instance: /home/yorig/tuner/mpils-tests/instances/miplib/medium-1/cvs16r128-89.mps with config: /scratch/yorig/mpils-results-grid-seconds-5/medium-1/24proc/seed-2/4_cvs16r128-89_seed-2_20260503_094456/iterated_local_search/run_4_worker_19/ils_config_7123974853980178188.prm
[INFO]:[09:50:07] Starting CPLEX solver on instance: /home/yorig/tuner/mpils-tests/instances/miplib/medium-1/cvs16r128-89.mps with config: /scratch/yorig/mpils-results-grid-seconds-5/medium-1/24proc/seed-2/4_cvs16r128-89_seed-2_20260503_094456/iterated_local_search/run_4_worker_19/ils_config_7123974853980178188.prm
[INFO]:[09:50:12] CPLEX results. Gap: 35.810000, upper bound: -85.000000, lower bound: -115.441210
[INFO]:[09:50:12] CPLEX solver finished. Gap: 35.810000
[INFO]:[09:50:12] New incumbent found with objective value: 35.81
[INFO]:[09:50:12] Starting CPLEX solver on instance: /home/yorig/tuner/mpils-tests/instances/miplib/medium-1/cvs16r128-89.mps with config: /scratch/yorig/mpils-results-grid-seconds-5/medium-1/24proc/seed-2/4_cvs16r128-89_seed-2_20260503_094456/iterated_local_search/run_4_worker_19/ils_config_11241649912780202784.prm
[INFO]:[09:50:12] Starting CPLEX solver on instance: /home/yorig/tuner/mpils-tests/instances/miplib/medium-1/cvs16r128-89.mps with config: /scratch/yorig/mpils-results-grid-seconds-5/medium-1/24proc/seed-2/4_cvs16r128-89_seed-2_20260503_094456/iterated_local_search/run_4_worker_19/ils_config_11241649912780202784.prm
[INFO]:[09:50:17] CPLEX results. Gap: 54.220000, upper bound: -83.000000, lower bound: -128.000000
[INFO]:[09:50:17] CPLEX solver finished. Gap: 54.220000
[INFO]:[09:50:17] Starting CPLEX solver on instance: /home/yorig/tuner/mpils-tests/instances/miplib/medium-1/cvs16r128-89.mps with config: /scratch/yorig/mpils-results-grid-seconds-5/medium-1/24proc/seed-2/4_cvs16r128-89_seed-2_20260503_094456/iterated_local_search/run_4_worker_19/ils_config_3161392716254974638.prm
[INFO]:[09:50:17] Starting CPLEX solver on instance: /home/yorig/tuner/mpils-tests/instances/miplib/medium-1/cvs16r128-89.mps with config: /scratch/yorig/mpils-results-grid-seconds-5/medium-1/24proc/seed-2/4_cvs16r128-89_seed-2_20260503_094456/iterated_local_search/run_4_worker_19/ils_config_3161392716254974638.prm
[INFO]:[09:50:22] CPLEX results. Gap: 35.810000, upper bound: -85.000000, lower bound: -115.441210
[INFO]:[09:50:22] CPLEX solver finished. Gap: 35.810000
[INFO]:[09:50:22] Starting CPLEX solver on instance: /home/yorig/tuner/mpils-tests/instances/miplib/medium-1/cvs16r128-89.mps with config: /scratch/yorig/mpils-results-grid-seconds-5/medium-1/24proc/seed-2/4_cvs16r128-89_seed-2_20260503_094456/iterated_local_search/run_4_worker_19/ils_config_17318683150344123254.prm
[INFO]:[09:50:22] Starting CPLEX solver on instance: /home/yorig/tuner/mpils-tests/instances/miplib/medium-1/cvs16r128-89.mps with config: /scratch/yorig/mpils-results-grid-seconds-5/medium-1/24proc/seed-2/4_cvs16r128-89_seed-2_20260503_094456/iterated_local_search/run_4_worker_19/ils_config_17318683150344123254.prm
[INFO]:[09:50:27] CPLEX results. Gap: 35.810000, upper bound: -85.000000, lower bound: -115.441210
[INFO]:[09:50:27] CPLEX solver finished. Gap: 35.810000
[INFO]:[09:50:27] Starting CPLEX solver on instance: /home/yorig/tuner/mpils-tests/instances/miplib/medium-1/cvs16r128-89.mps with config: /scratch/yorig/mpils-results-grid-seconds-5/medium-1/24proc/seed-2/4_cvs16r128-89_seed-2_20260503_094456/iterated_local_search/run_4_worker_19/ils_config_16017037239031459564.prm
[INFO]:[09:50:27] Starting CPLEX solver on instance: /home/yorig/tuner/mpils-tests/instances/miplib/medium-1/cvs16r128-89.mps with config: /scratch/yorig/mpils-results-grid-seconds-5/medium-1/24proc/seed-2/4_cvs16r128-89_seed-2_20260503_094456/iterated_local_search/run_4_worker_19/ils_config_16017037239031459564.prm
[INFO]:[09:50:32] CPLEX results. Gap: 35.810000, upper bound: -85.000000, lower bound: -115.441210
[INFO]:[09:50:32] CPLEX solver finished. Gap: 35.810000
[INFO]:[09:50:32] Starting CPLEX solver on instance: /home/yorig/tuner/mpils-tests/instances/miplib/medium-1/cvs16r128-89.mps with config: /scratch/yorig/mpils-results-grid-seconds-5/medium-1/24proc/seed-2/4_cvs16r128-89_seed-2_20260503_094456/iterated_local_search/run_4_worker_19/ils_config_9734211655645452045.prm
[INFO]:[09:50:32] Starting CPLEX solver on instance: /home/yorig/tuner/mpils-tests/instances/miplib/medium-1/cvs16r128-89.mps with config: /scratch/yorig/mpils-results-grid-seconds-5/medium-1/24proc/seed-2/4_cvs16r128-89_seed-2_20260503_094456/iterated_local_search/run_4_worker_19/ils_config_9734211655645452045.prm
[INFO]:[09:50:37] CPLEX results. Gap: 35.810000, upper bound: -85.000000, lower bound: -115.441210
[INFO]:[09:50:37] CPLEX solver finished. Gap: 35.810000
[INFO]:[09:50:37] Starting CPLEX solver on instance: /home/yorig/tuner/mpils-tests/instances/miplib/medium-1/cvs16r128-89.mps with config: /scratch/yorig/mpils-results-grid-seconds-5/medium-1/24proc/seed-2/4_cvs16r128-89_seed-2_20260503_094456/iterated_local_search/run_4_worker_19/ils_config_9607465902320112742.prm
[INFO]:[09:50:37] Starting CPLEX solver on instance: /home/yorig/tuner/mpils-tests/instances/miplib/medium-1/cvs16r128-89.mps with config: /scratch/yorig/mpils-results-grid-seconds-5/medium-1/24proc/seed-2/4_cvs16r128-89_seed-2_20260503_094456/iterated_local_search/run_4_worker_19/ils_config_9607465902320112742.prm
[WARN]:[09:50:42] CPLEX finished without a primal feasible solution for config /scratch/yorig/mpils-results-grid-seconds-5/medium-1/24proc/seed-2/4_cvs16r128-89_seed-2_20260503_094456/iterated_local_search/run_4_worker_19/ils_config_9607465902320112742.prm.
[INFO]:[09:50:42] CPLEX results. Gap: unavailable, upper bound: null, lower bound: -114.566834
[INFO]:[09:50:42] CPLEX solver finished. Gap: 179769313486231570814527423731704356798070567525844996598917476803157260780028538760589558632766878171540458953514382464234321326889464182768467546703537516986049910576551282076245490090389328944075868508455133942304583236903222948165808559332123348274797826204144723168738177180919299881250404026184124858368.000000
[INFO]:[09:50:42] Starting CPLEX solver on instance: /home/yorig/tuner/mpils-tests/instances/miplib/medium-1/cvs16r128-89.mps with config: /scratch/yorig/mpils-results-grid-seconds-5/medium-1/24proc/seed-2/4_cvs16r128-89_seed-2_20260503_094456/iterated_local_search/run_4_worker_19/ils_config_3490422462116695468.prm
[INFO]:[09:50:42] Starting CPLEX solver on instance: /home/yorig/tuner/mpils-tests/instances/miplib/medium-1/cvs16r128-89.mps with config: /scratch/yorig/mpils-results-grid-seconds-5/medium-1/24proc/seed-2/4_cvs16r128-89_seed-2_20260503_094456/iterated_local_search/run_4_worker_19/ils_config_3490422462116695468.prm
[INFO]:[09:50:47] CPLEX results. Gap: 35.810000, upper bound: -85.000000, lower bound: -115.441210
[INFO]:[09:50:47] CPLEX solver finished. Gap: 35.810000
[INFO]:[09:50:47] Starting CPLEX solver on instance: /home/yorig/tuner/mpils-tests/instances/miplib/medium-1/cvs16r128-89.mps with config: /scratch/yorig/mpils-results-grid-seconds-5/medium-1/24proc/seed-2/4_cvs16r128-89_seed-2_20260503_094456/iterated_local_search/run_4_worker_19/ils_config_15121147112875109063.prm
[INFO]:[09:50:47] Starting CPLEX solver on instance: /home/yorig/tuner/mpils-tests/instances/miplib/medium-1/cvs16r128-89.mps with config: /scratch/yorig/mpils-results-grid-seconds-5/medium-1/24proc/seed-2/4_cvs16r128-89_seed-2_20260503_094456/iterated_local_search/run_4_worker_19/ils_config_15121147112875109063.prm
[INFO]:[09:50:52] CPLEX results. Gap: 35.810000, upper bound: -85.000000, lower bound: -115.441210
[INFO]:[09:50:52] CPLEX solver finished. Gap: 35.810000
[INFO]:[09:50:52] Starting CPLEX solver on instance: /home/yorig/tuner/mpils-tests/instances/miplib/medium-1/cvs16r128-89.mps with config: /scratch/yorig/mpils-results-grid-seconds-5/medium-1/24proc/seed-2/4_cvs16r128-89_seed-2_20260503_094456/iterated_local_search/run_4_worker_19/ils_config_17577038085971368837.prm
[INFO]:[09:50:52] Starting CPLEX solver on instance: /home/yorig/tuner/mpils-tests/instances/miplib/medium-1/cvs16r128-89.mps with config: /scratch/yorig/mpils-results-grid-seconds-5/medium-1/24proc/seed-2/4_cvs16r128-89_seed-2_20260503_094456/iterated_local_search/run_4_worker_19/ils_config_17577038085971368837.prm
[INFO]:[09:50:57] CPLEX results. Gap: 35.810000, upper bound: -85.000000, lower bound: -115.441210
[INFO]:[09:50:57] CPLEX solver finished. Gap: 35.810000
[INFO]:[09:50:57] Starting CPLEX solver on instance: /home/yorig/tuner/mpils-tests/instances/miplib/medium-1/cvs16r128-89.mps with config: /scratch/yorig/mpils-results-grid-seconds-5/medium-1/24proc/seed-2/4_cvs16r128-89_seed-2_20260503_094456/iterated_local_search/run_4_worker_19/ils_config_17818504480849396171.prm
[INFO]:[09:50:57] Starting CPLEX solver on instance: /home/yorig/tuner/mpils-tests/instances/miplib/medium-1/cvs16r128-89.mps with config: /scratch/yorig/mpils-results-grid-seconds-5/medium-1/24proc/seed-2/4_cvs16r128-89_seed-2_20260503_094456/iterated_local_search/run_4_worker_19/ils_config_17818504480849396171.prm
[INFO]:[09:51:02] CPLEX results. Gap: 31.180000, upper bound: -88.000000, lower bound: -115.441210
[INFO]:[09:51:02] CPLEX solver finished. Gap: 31.180000
[INFO]:[09:51:02] New incumbent found with objective value: 31.18
[INFO]:[09:51:02] Starting CPLEX solver on instance: /home/yorig/tuner/mpils-tests/instances/miplib/medium-1/cvs16r128-89.mps with config: /scratch/yorig/mpils-results-grid-seconds-5/medium-1/24proc/seed-2/4_cvs16r128-89_seed-2_20260503_094456/iterated_local_search/run_4_worker_19/ils_config_16939028378433599495.prm
[INFO]:[09:51:02] Starting CPLEX solver on instance: /home/yorig/tuner/mpils-tests/instances/miplib/medium-1/cvs16r128-89.mps with config: /scratch/yorig/mpils-results-grid-seconds-5/medium-1/24proc/seed-2/4_cvs16r128-89_seed-2_20260503_094456/iterated_local_search/run_4_worker_19/ils_config_16939028378433599495.prm
[INFO]:[09:51:07] CPLEX results. Gap: 34.480000, upper bound: -87.000000, lower bound: -116.999683
[INFO]:[09:51:07] CPLEX solver finished. Gap: 34.480000
[INFO]:[09:51:07] Starting CPLEX solver on instance: /home/yorig/tuner/mpils-tests/instances/miplib/medium-1/cvs16r128-89.mps with config: /scratch/yorig/mpils-results-grid-seconds-5/medium-1/24proc/seed-2/4_cvs16r128-89_seed-2_20260503_094456/iterated_local_search/run_4_worker_19/ils_config_13186129157029225502.prm
[INFO]:[09:51:07] Starting CPLEX solver on instance: /home/yorig/tuner/mpils-tests/instances/miplib/medium-1/cvs16r128-89.mps with config: /scratch/yorig/mpils-results-grid-seconds-5/medium-1/24proc/seed-2/4_cvs16r128-89_seed-2_20260503_094456/iterated_local_search/run_4_worker_19/ils_config_13186129157029225502.prm
[INFO]:[09:51:12] CPLEX results. Gap: 35.810000, upper bound: -85.000000, lower bound: -115.441210
[INFO]:[09:51:12] CPLEX solver finished. Gap: 35.810000
[INFO]:[09:51:12] Starting CPLEX solver on instance: /home/yorig/tuner/mpils-tests/instances/miplib/medium-1/cvs16r128-89.mps with config: /scratch/yorig/mpils-results-grid-seconds-5/medium-1/24proc/seed-2/4_cvs16r128-89_seed-2_20260503_094456/iterated_local_search/run_4_worker_19/ils_config_8698587209837210482.prm
[INFO]:[09:51:12] Starting CPLEX solver on instance: /home/yorig/tuner/mpils-tests/instances/miplib/medium-1/cvs16r128-89.mps with config: /scratch/yorig/mpils-results-grid-seconds-5/medium-1/24proc/seed-2/4_cvs16r128-89_seed-2_20260503_094456/iterated_local_search/run_4_worker_19/ils_config_8698587209837210482.prm
[INFO]:[09:51:17] CPLEX results. Gap: 31.180000, upper bound: -88.000000, lower bound: -115.441210
[INFO]:[09:51:17] CPLEX solver finished. Gap: 31.180000
[INFO]:[09:51:17] Starting CPLEX solver on instance: /home/yorig/tuner/mpils-tests/instances/miplib/medium-1/cvs16r128-89.mps with config: /scratch/yorig/mpils-results-grid-seconds-5/medium-1/24proc/seed-2/4_cvs16r128-89_seed-2_20260503_094456/iterated_local_search/run_4_worker_19/ils_config_9956449594466937803.prm
[INFO]:[09:51:17] Starting CPLEX solver on instance: /home/yorig/tuner/mpils-tests/instances/miplib/medium-1/cvs16r128-89.mps with config: /scratch/yorig/mpils-results-grid-seconds-5/medium-1/24proc/seed-2/4_cvs16r128-89_seed-2_20260503_094456/iterated_local_search/run_4_worker_19/ils_config_9956449594466937803.prm
[INFO]:[09:51:22] CPLEX results. Gap: 31.180000, upper bound: -88.000000, lower bound: -115.441210
[INFO]:[09:51:22] CPLEX solver finished. Gap: 31.180000
[INFO]:[09:51:22] Starting CPLEX solver on instance: /home/yorig/tuner/mpils-tests/instances/miplib/medium-1/cvs16r128-89.mps with config: /scratch/yorig/mpils-results-grid-seconds-5/medium-1/24proc/seed-2/4_cvs16r128-89_seed-2_20260503_094456/iterated_local_search/run_4_worker_19/ils_config_13441061630124556565.prm
[INFO]:[09:51:22] Starting CPLEX solver on instance: /home/yorig/tuner/mpils-tests/instances/miplib/medium-1/cvs16r128-89.mps with config: /scratch/yorig/mpils-results-grid-seconds-5/medium-1/24proc/seed-2/4_cvs16r128-89_seed-2_20260503_094456/iterated_local_search/run_4_worker_19/ils_config_13441061630124556565.prm
[INFO]:[09:51:27] CPLEX results. Gap: 31.180000, upper bound: -88.000000, lower bound: -115.441210
[INFO]:[09:51:27] CPLEX solver finished. Gap: 31.180000
[INFO]:[09:51:27] Starting CPLEX solver on instance: /home/yorig/tuner/mpils-tests/instances/miplib/medium-1/cvs16r128-89.mps with config: /scratch/yorig/mpils-results-grid-seconds-5/medium-1/24proc/seed-2/4_cvs16r128-89_seed-2_20260503_094456/iterated_local_search/run_4_worker_19/ils_config_8336249590263535760.prm
[INFO]:[09:51:27] Starting CPLEX solver on instance: /home/yorig/tuner/mpils-tests/instances/miplib/medium-1/cvs16r128-89.mps with config: /scratch/yorig/mpils-results-grid-seconds-5/medium-1/24proc/seed-2/4_cvs16r128-89_seed-2_20260503_094456/iterated_local_search/run_4_worker_19/ils_config_8336249590263535760.prm
[INFO]:[09:51:32] CPLEX results. Gap: 32.690000, upper bound: -87.000000, lower bound: -115.441210
[INFO]:[09:51:32] CPLEX solver finished. Gap: 32.690000
[INFO]:[09:51:32] Starting CPLEX solver on instance: /home/yorig/tuner/mpils-tests/instances/miplib/medium-1/cvs16r128-89.mps with config: /scratch/yorig/mpils-results-grid-seconds-5/medium-1/24proc/seed-2/4_cvs16r128-89_seed-2_20260503_094456/iterated_local_search/run_4_worker_19/ils_config_3505494420022155861.prm
[INFO]:[09:51:32] Starting CPLEX solver on instance: /home/yorig/tuner/mpils-tests/instances/miplib/medium-1/cvs16r128-89.mps with config: /scratch/yorig/mpils-results-grid-seconds-5/medium-1/24proc/seed-2/4_cvs16r128-89_seed-2_20260503_094456/iterated_local_search/run_4_worker_19/ils_config_3505494420022155861.prm
[INFO]:[09:51:37] CPLEX results. Gap: 31.180000, upper bound: -88.000000, lower bound: -115.441210
[INFO]:[09:51:37] CPLEX solver finished. Gap: 31.180000
[INFO]:[09:51:37] Local search phase completed.
[INFO]:[09:51:37] Total number of new local-search evaluations: 28
[INFO]:[09:51:37] Final incumbent objective value: 31.18
[INFO]:[09:51:38] Worker 19 completed exploration phase.
[INFO]:[09:51:38] Worker 19 received order for step 2.
[INFO]:[09:51:38] Worker 19 running expansion phase for iteration 4.
[INFO]:[09:51:38] Worker 19 will use solver log file: /scratch/yorig/mpils-results-grid-seconds-5/medium-1/24proc/seed-2/4_cvs16r128-89_seed-2_20260503_094456/solver/cplex.log_iteration_expansion_4_worker_19
[INFO]:[09:51:38] Expansion Worker 19 starting expansion for iteration 4.
[INFO]:[09:51:38] Starting CPLEX solver on instance: /home/yorig/tuner/mpils-tests/instances/miplib/medium-1/cvs16r128-89.mps with config: /scratch/yorig/mpils-results-grid-seconds-5/medium-1/24proc/seed-2/4_cvs16r128-89_seed-2_20260503_094456/expansion/config_param_CPXPARAM_MIP_Strategy_File_3_iter_4.prm
[INFO]:[09:51:43] CPLEX results. Gap: 17.190000, upper bound: -97.000000, lower bound: -113.676741
[INFO]:[09:51:43] CPLEX solver finished. Gap: 17.190000
[INFO]:[09:51:48] Expansion Worker 19 completed expansion.
[INFO]:[09:51:48] Worker 19 completed expansion phase.
[INFO]:[09:51:51] Worker 19 received order for step 1.
[INFO]:[09:51:51] Worker 19 running exploration phase for iteration 5.
[INFO]:[09:51:51] Worker 19 at iteration 5 will not use a MIP start file. Current best MIP-start upper bound threshold is -97.
[INFO]:[09:51:51] Starting local search phase...
[INFO]:[09:51:51] Creating local search space from parameter space file: /scratch/yorig/mpils-results-grid-seconds-5/medium-1/24proc/seed-2/4_cvs16r128-89_seed-2_20260503_094456/iterated_local_search/search_space/search_space_file_5_worker_19.txt
[INFO]:[09:51:51] Local search space loaded from file: /scratch/yorig/mpils-results-grid-seconds-5/medium-1/24proc/seed-2/4_cvs16r128-89_seed-2_20260503_094456/iterated_local_search/search_space/search_space_file_5_worker_19.txt
[INFO]:[09:51:51] Number of parameters in local search space: 71
[INFO]:[09:51:51] Number of forbidden tuples in local search space: 103
[INFO]:[09:51:51] Number of conditionals in local search space: 6
[INFO]:[09:51:51] MIP start option not enabled. Local search will proceed without MIP start.
[INFO]:[09:51:51] Evaluating initial configuration for local search phase...
[INFO]:[09:51:51] Starting CPLEX solver on instance: /home/yorig/tuner/mpils-tests/instances/miplib/medium-1/cvs16r128-89.mps with config: /scratch/yorig/mpils-results-grid-seconds-5/medium-1/24proc/seed-2/4_cvs16r128-89_seed-2_20260503_094456/iterated_local_search/run_5_worker_19/ils_config_11493330725390653119.prm
[INFO]:[09:51:51] Starting CPLEX solver on instance: /home/yorig/tuner/mpils-tests/instances/miplib/medium-1/cvs16r128-89.mps with config: /scratch/yorig/mpils-results-grid-seconds-5/medium-1/24proc/seed-2/4_cvs16r128-89_seed-2_20260503_094456/iterated_local_search/run_5_worker_19/ils_config_11493330725390653119.prm
[WARN]:[09:51:56] CPLEX finished without a primal feasible solution for config /scratch/yorig/mpils-results-grid-seconds-5/medium-1/24proc/seed-2/4_cvs16r128-89_seed-2_20260503_094456/iterated_local_search/run_5_worker_19/ils_config_11493330725390653119.prm.
[INFO]:[09:51:56] CPLEX results. Gap: unavailable, upper bound: null, lower bound: -128.000000
[INFO]:[09:51:56] CPLEX solver finished. Gap: 179769313486231570814527423731704356798070567525844996598917476803157260780028538760589558632766878171540458953514382464234321326889464182768467546703537516986049910576551282076245490090389328944075868508455133942304583236903222948165808559332123348274797826204144723168738177180919299881250404026184124858368.000000
[INFO]:[09:51:56] Initial configuration evaluated with objective value: 1.79769e+308
[INFO]:[09:51:56] Starting CPLEX solver on instance: /home/yorig/tuner/mpils-tests/instances/miplib/medium-1/cvs16r128-89.mps with config: /scratch/yorig/mpils-results-grid-seconds-5/medium-1/24proc/seed-2/4_cvs16r128-89_seed-2_20260503_094456/iterated_local_search/run_5_worker_19/ils_config_16795096458088380653.prm
[INFO]:[09:51:56] Starting CPLEX solver on instance: /home/yorig/tuner/mpils-tests/instances/miplib/medium-1/cvs16r128-89.mps with config: /scratch/yorig/mpils-results-grid-seconds-5/medium-1/24proc/seed-2/4_cvs16r128-89_seed-2_20260503_094456/iterated_local_search/run_5_worker_19/ils_config_16795096458088380653.prm
[WARN]:[09:52:01] CPLEX finished without a primal feasible solution for config /scratch/yorig/mpils-results-grid-seconds-5/medium-1/24proc/seed-2/4_cvs16r128-89_seed-2_20260503_094456/iterated_local_search/run_5_worker_19/ils_config_16795096458088380653.prm.
[INFO]:[09:52:01] CPLEX results. Gap: unavailable, upper bound: null, lower bound: -128.000000
[INFO]:[09:52:01] CPLEX solver finished. Gap: 179769313486231570814527423731704356798070567525844996598917476803157260780028538760589558632766878171540458953514382464234321326889464182768467546703537516986049910576551282076245490090389328944075868508455133942304583236903222948165808559332123348274797826204144723168738177180919299881250404026184124858368.000000
[INFO]:[09:52:01] Starting CPLEX solver on instance: /home/yorig/tuner/mpils-tests/instances/miplib/medium-1/cvs16r128-89.mps with config: /scratch/yorig/mpils-results-grid-seconds-5/medium-1/24proc/seed-2/4_cvs16r128-89_seed-2_20260503_094456/iterated_local_search/run_5_worker_19/ils_config_11104107448279042066.prm
[INFO]:[09:52:01] Starting CPLEX solver on instance: /home/yorig/tuner/mpils-tests/instances/miplib/medium-1/cvs16r128-89.mps with config: /scratch/yorig/mpils-results-grid-seconds-5/medium-1/24proc/seed-2/4_cvs16r128-89_seed-2_20260503_094456/iterated_local_search/run_5_worker_19/ils_config_11104107448279042066.prm
[WARN]:[09:52:06] CPLEX finished without a primal feasible solution for config /scratch/yorig/mpils-results-grid-seconds-5/medium-1/24proc/seed-2/4_cvs16r128-89_seed-2_20260503_094456/iterated_local_search/run_5_worker_19/ils_config_11104107448279042066.prm.
[INFO]:[09:52:06] CPLEX results. Gap: unavailable, upper bound: null, lower bound: -128.000000
[INFO]:[09:52:06] CPLEX solver finished. Gap: 179769313486231570814527423731704356798070567525844996598917476803157260780028538760589558632766878171540458953514382464234321326889464182768467546703537516986049910576551282076245490090389328944075868508455133942304583236903222948165808559332123348274797826204144723168738177180919299881250404026184124858368.000000
[INFO]:[09:52:06] Starting CPLEX solver on instance: /home/yorig/tuner/mpils-tests/instances/miplib/medium-1/cvs16r128-89.mps with config: /scratch/yorig/mpils-results-grid-seconds-5/medium-1/24proc/seed-2/4_cvs16r128-89_seed-2_20260503_094456/iterated_local_search/run_5_worker_19/ils_config_8427052185907420535.prm
[INFO]:[09:52:06] Starting CPLEX solver on instance: /home/yorig/tuner/mpils-tests/instances/miplib/medium-1/cvs16r128-89.mps with config: /scratch/yorig/mpils-results-grid-seconds-5/medium-1/24proc/seed-2/4_cvs16r128-89_seed-2_20260503_094456/iterated_local_search/run_5_worker_19/ils_config_8427052185907420535.prm
[INFO]:[09:52:11] CPLEX results. Gap: 29.520000, upper bound: -94.000000, lower bound: -121.749655
[INFO]:[09:52:11] CPLEX solver finished. Gap: 29.520000
[INFO]:[09:52:11] New incumbent found with objective value: 29.52
[INFO]:[09:52:11] Starting CPLEX solver on instance: /home/yorig/tuner/mpils-tests/instances/miplib/medium-1/cvs16r128-89.mps with config: /scratch/yorig/mpils-results-grid-seconds-5/medium-1/24proc/seed-2/4_cvs16r128-89_seed-2_20260503_094456/iterated_local_search/run_5_worker_19/ils_config_3995649643180324299.prm
[INFO]:[09:52:11] Starting CPLEX solver on instance: /home/yorig/tuner/mpils-tests/instances/miplib/medium-1/cvs16r128-89.mps with config: /scratch/yorig/mpils-results-grid-seconds-5/medium-1/24proc/seed-2/4_cvs16r128-89_seed-2_20260503_094456/iterated_local_search/run_5_worker_19/ils_config_3995649643180324299.prm
[INFO]:[09:52:16] CPLEX results. Gap: 29.520000, upper bound: -94.000000, lower bound: -121.749655
[INFO]:[09:52:16] CPLEX solver finished. Gap: 29.520000
[INFO]:[09:52:16] Starting CPLEX solver on instance: /home/yorig/tuner/mpils-tests/instances/miplib/medium-1/cvs16r128-89.mps with config: /scratch/yorig/mpils-results-grid-seconds-5/medium-1/24proc/seed-2/4_cvs16r128-89_seed-2_20260503_094456/iterated_local_search/run_5_worker_19/ils_config_18336708854877549689.prm
[INFO]:[09:52:16] Starting CPLEX solver on instance: /home/yorig/tuner/mpils-tests/instances/miplib/medium-1/cvs16r128-89.mps with config: /scratch/yorig/mpils-results-grid-seconds-5/medium-1/24proc/seed-2/4_cvs16r128-89_seed-2_20260503_094456/iterated_local_search/run_5_worker_19/ils_config_18336708854877549689.prm
[INFO]:[09:52:21] CPLEX results. Gap: 29.520000, upper bound: -94.000000, lower bound: -121.749655
[INFO]:[09:52:21] CPLEX solver finished. Gap: 29.520000
[INFO]:[09:52:21] Starting CPLEX solver on instance: /home/yorig/tuner/mpils-tests/instances/miplib/medium-1/cvs16r128-89.mps with config: /scratch/yorig/mpils-results-grid-seconds-5/medium-1/24proc/seed-2/4_cvs16r128-89_seed-2_20260503_094456/iterated_local_search/run_5_worker_19/ils_config_1523798511317844014.prm
[INFO]:[09:52:21] Starting CPLEX solver on instance: /home/yorig/tuner/mpils-tests/instances/miplib/medium-1/cvs16r128-89.mps with config: /scratch/yorig/mpils-results-grid-seconds-5/medium-1/24proc/seed-2/4_cvs16r128-89_seed-2_20260503_094456/iterated_local_search/run_5_worker_19/ils_config_1523798511317844014.prm
[INFO]:[09:52:26] CPLEX results. Gap: 38.480000, upper bound: -88.000000, lower bound: -121.864127
[INFO]:[09:52:26] CPLEX solver finished. Gap: 38.480000
[INFO]:[09:52:26] Starting CPLEX solver on instance: /home/yorig/tuner/mpils-tests/instances/miplib/medium-1/cvs16r128-89.mps with config: /scratch/yorig/mpils-results-grid-seconds-5/medium-1/24proc/seed-2/4_cvs16r128-89_seed-2_20260503_094456/iterated_local_search/run_5_worker_19/ils_config_4291664535890273237.prm
[INFO]:[09:52:26] Starting CPLEX solver on instance: /home/yorig/tuner/mpils-tests/instances/miplib/medium-1/cvs16r128-89.mps with config: /scratch/yorig/mpils-results-grid-seconds-5/medium-1/24proc/seed-2/4_cvs16r128-89_seed-2_20260503_094456/iterated_local_search/run_5_worker_19/ils_config_4291664535890273237.prm
[INFO]:[09:52:31] CPLEX results. Gap: 29.520000, upper bound: -94.000000, lower bound: -121.749655
[INFO]:[09:52:31] CPLEX solver finished. Gap: 29.520000
[INFO]:[09:52:31] Starting CPLEX solver on instance: /home/yorig/tuner/mpils-tests/instances/miplib/medium-1/cvs16r128-89.mps with config: /scratch/yorig/mpils-results-grid-seconds-5/medium-1/24proc/seed-2/4_cvs16r128-89_seed-2_20260503_094456/iterated_local_search/run_5_worker_19/ils_config_17123228963093737779.prm
[INFO]:[09:52:31] Starting CPLEX solver on instance: /home/yorig/tuner/mpils-tests/instances/miplib/medium-1/cvs16r128-89.mps with config: /scratch/yorig/mpils-results-grid-seconds-5/medium-1/24proc/seed-2/4_cvs16r128-89_seed-2_20260503_094456/iterated_local_search/run_5_worker_19/ils_config_17123228963093737779.prm
[INFO]:[09:52:36] CPLEX results. Gap: 29.560000, upper bound: -94.000000, lower bound: -121.786547
[INFO]:[09:52:36] CPLEX solver finished. Gap: 29.560000
[INFO]:[09:52:36] Starting CPLEX solver on instance: /home/yorig/tuner/mpils-tests/instances/miplib/medium-1/cvs16r128-89.mps with config: /scratch/yorig/mpils-results-grid-seconds-5/medium-1/24proc/seed-2/4_cvs16r128-89_seed-2_20260503_094456/iterated_local_search/run_5_worker_19/ils_config_6916857627056900730.prm
[INFO]:[09:52:36] Starting CPLEX solver on instance: /home/yorig/tuner/mpils-tests/instances/miplib/medium-1/cvs16r128-89.mps with config: /scratch/yorig/mpils-results-grid-seconds-5/medium-1/24proc/seed-2/4_cvs16r128-89_seed-2_20260503_094456/iterated_local_search/run_5_worker_19/ils_config_6916857627056900730.prm
[INFO]:[09:52:41] CPLEX results. Gap: 23.620000, upper bound: -93.000000, lower bound: -114.967480
[INFO]:[09:52:41] CPLEX solver finished. Gap: 23.620000
[INFO]:[09:52:41] New incumbent found with objective value: 23.62
[INFO]:[09:52:41] Starting CPLEX solver on instance: /home/yorig/tuner/mpils-tests/instances/miplib/medium-1/cvs16r128-89.mps with config: /scratch/yorig/mpils-results-grid-seconds-5/medium-1/24proc/seed-2/4_cvs16r128-89_seed-2_20260503_094456/iterated_local_search/run_5_worker_19/ils_config_13750659726835646043.prm
[INFO]:[09:52:41] Starting CPLEX solver on instance: /home/yorig/tuner/mpils-tests/instances/miplib/medium-1/cvs16r128-89.mps with config: /scratch/yorig/mpils-results-grid-seconds-5/medium-1/24proc/seed-2/4_cvs16r128-89_seed-2_20260503_094456/iterated_local_search/run_5_worker_19/ils_config_13750659726835646043.prm
[INFO]:[09:52:46] CPLEX results. Gap: 21.020000, upper bound: -95.000000, lower bound: -114.967480
[INFO]:[09:52:46] CPLEX solver finished. Gap: 21.020000
[INFO]:[09:52:46] New incumbent found with objective value: 21.02
[INFO]:[09:52:46] Starting CPLEX solver on instance: /home/yorig/tuner/mpils-tests/instances/miplib/medium-1/cvs16r128-89.mps with config: /scratch/yorig/mpils-results-grid-seconds-5/medium-1/24proc/seed-2/4_cvs16r128-89_seed-2_20260503_094456/iterated_local_search/run_5_worker_19/ils_config_2664805734308268816.prm
[INFO]:[09:52:46] Starting CPLEX solver on instance: /home/yorig/tuner/mpils-tests/instances/miplib/medium-1/cvs16r128-89.mps with config: /scratch/yorig/mpils-results-grid-seconds-5/medium-1/24proc/seed-2/4_cvs16r128-89_seed-2_20260503_094456/iterated_local_search/run_5_worker_19/ils_config_2664805734308268816.prm
[INFO]:[09:52:51] CPLEX results. Gap: 21.780000, upper bound: -94.000000, lower bound: -114.474301
[INFO]:[09:52:51] CPLEX solver finished. Gap: 21.780000
[INFO]:[09:52:51] Starting CPLEX solver on instance: /home/yorig/tuner/mpils-tests/instances/miplib/medium-1/cvs16r128-89.mps with config: /scratch/yorig/mpils-results-grid-seconds-5/medium-1/24proc/seed-2/4_cvs16r128-89_seed-2_20260503_094456/iterated_local_search/run_5_worker_19/ils_config_2072313243377088038.prm
[INFO]:[09:52:51] Starting CPLEX solver on instance: /home/yorig/tuner/mpils-tests/instances/miplib/medium-1/cvs16r128-89.mps with config: /scratch/yorig/mpils-results-grid-seconds-5/medium-1/24proc/seed-2/4_cvs16r128-89_seed-2_20260503_094456/iterated_local_search/run_5_worker_19/ils_config_2072313243377088038.prm
[INFO]:[09:52:56] CPLEX results. Gap: 21.020000, upper bound: -95.000000, lower bound: -114.967480
[INFO]:[09:52:56] CPLEX solver finished. Gap: 21.020000
[INFO]:[09:52:56] Starting CPLEX solver on instance: /home/yorig/tuner/mpils-tests/instances/miplib/medium-1/cvs16r128-89.mps with config: /scratch/yorig/mpils-results-grid-seconds-5/medium-1/24proc/seed-2/4_cvs16r128-89_seed-2_20260503_094456/iterated_local_search/run_5_worker_19/ils_config_15811428142335756.prm
[INFO]:[09:52:56] Starting CPLEX solver on instance: /home/yorig/tuner/mpils-tests/instances/miplib/medium-1/cvs16r128-89.mps with config: /scratch/yorig/mpils-results-grid-seconds-5/medium-1/24proc/seed-2/4_cvs16r128-89_seed-2_20260503_094456/iterated_local_search/run_5_worker_19/ils_config_15811428142335756.prm
[INFO]:[09:53:01] CPLEX results. Gap: 21.020000, upper bound: -95.000000, lower bound: -114.967480
[INFO]:[09:53:01] CPLEX solver finished. Gap: 21.020000
[INFO]:[09:53:01] Starting CPLEX solver on instance: /home/yorig/tuner/mpils-tests/instances/miplib/medium-1/cvs16r128-89.mps with config: /scratch/yorig/mpils-results-grid-seconds-5/medium-1/24proc/seed-2/4_cvs16r128-89_seed-2_20260503_094456/iterated_local_search/run_5_worker_19/ils_config_2853246432314641900.prm
[INFO]:[09:53:01] Starting CPLEX solver on instance: /home/yorig/tuner/mpils-tests/instances/miplib/medium-1/cvs16r128-89.mps with config: /scratch/yorig/mpils-results-grid-seconds-5/medium-1/24proc/seed-2/4_cvs16r128-89_seed-2_20260503_094456/iterated_local_search/run_5_worker_19/ils_config_2853246432314641900.prm
[INFO]:[09:53:06] CPLEX results. Gap: 32.530000, upper bound: -88.000000, lower bound: -116.627907
[INFO]:[09:53:06] CPLEX solver finished. Gap: 32.530000
[INFO]:[09:53:06] Starting CPLEX solver on instance: /home/yorig/tuner/mpils-tests/instances/miplib/medium-1/cvs16r128-89.mps with config: /scratch/yorig/mpils-results-grid-seconds-5/medium-1/24proc/seed-2/4_cvs16r128-89_seed-2_20260503_094456/iterated_local_search/run_5_worker_19/ils_config_14653180100164391870.prm
[INFO]:[09:53:06] Starting CPLEX solver on instance: /home/yorig/tuner/mpils-tests/instances/miplib/medium-1/cvs16r128-89.mps with config: /scratch/yorig/mpils-results-grid-seconds-5/medium-1/24proc/seed-2/4_cvs16r128-89_seed-2_20260503_094456/iterated_local_search/run_5_worker_19/ils_config_14653180100164391870.prm
[INFO]:[09:53:11] CPLEX results. Gap: 23.620000, upper bound: -93.000000, lower bound: -114.967480
[INFO]:[09:53:11] CPLEX solver finished. Gap: 23.620000
[INFO]:[09:53:11] Starting CPLEX solver on instance: /home/yorig/tuner/mpils-tests/instances/miplib/medium-1/cvs16r128-89.mps with config: /scratch/yorig/mpils-results-grid-seconds-5/medium-1/24proc/seed-2/4_cvs16r128-89_seed-2_20260503_094456/iterated_local_search/run_5_worker_19/ils_config_17695076863674056739.prm
[INFO]:[09:53:11] Starting CPLEX solver on instance: /home/yorig/tuner/mpils-tests/instances/miplib/medium-1/cvs16r128-89.mps with config: /scratch/yorig/mpils-results-grid-seconds-5/medium-1/24proc/seed-2/4_cvs16r128-89_seed-2_20260503_094456/iterated_local_search/run_5_worker_19/ils_config_17695076863674056739.prm
[INFO]:[09:53:16] CPLEX results. Gap: 20.690000, upper bound: -95.000000, lower bound: -114.657397
[INFO]:[09:53:16] CPLEX solver finished. Gap: 20.690000
[INFO]:[09:53:16] New incumbent found with objective value: 20.69
[INFO]:[09:53:16] Starting CPLEX solver on instance: /home/yorig/tuner/mpils-tests/instances/miplib/medium-1/cvs16r128-89.mps with config: /scratch/yorig/mpils-results-grid-seconds-5/medium-1/24proc/seed-2/4_cvs16r128-89_seed-2_20260503_094456/iterated_local_search/run_5_worker_19/ils_config_18082796136941129575.prm
[INFO]:[09:53:16] Starting CPLEX solver on instance: /home/yorig/tuner/mpils-tests/instances/miplib/medium-1/cvs16r128-89.mps with config: /scratch/yorig/mpils-results-grid-seconds-5/medium-1/24proc/seed-2/4_cvs16r128-89_seed-2_20260503_094456/iterated_local_search/run_5_worker_19/ils_config_18082796136941129575.prm
[INFO]:[09:53:21] CPLEX results. Gap: 20.690000, upper bound: -95.000000, lower bound: -114.657397
[INFO]:[09:53:21] CPLEX solver finished. Gap: 20.690000
[INFO]:[09:53:21] Local search phase completed.
[INFO]:[09:53:21] Total number of new local-search evaluations: 18
[INFO]:[09:53:21] Final incumbent objective value: 20.69
[INFO]:[09:53:22] Worker 19 completed exploration phase.
[INFO]:[09:53:22] Worker 19 received order for step 2.
[INFO]:[09:53:22] Worker 19 running expansion phase for iteration 5.
[INFO]:[09:53:22] Worker 19 will use solver log file: /scratch/yorig/mpils-results-grid-seconds-5/medium-1/24proc/seed-2/4_cvs16r128-89_seed-2_20260503_094456/solver/cplex.log_iteration_expansion_5_worker_19
[INFO]:[09:53:22] Expansion Worker 19 starting expansion for iteration 5.
[INFO]:[09:53:22] Starting CPLEX solver on instance: /home/yorig/tuner/mpils-tests/instances/miplib/medium-1/cvs16r128-89.mps with config: /scratch/yorig/mpils-results-grid-seconds-5/medium-1/24proc/seed-2/4_cvs16r128-89_seed-2_20260503_094456/expansion/config_param_CPXPARAM_MIP_Limits_StrongCand_5_iter_5.prm
[INFO]:[09:53:27] CPLEX results. Gap: 17.190000, upper bound: -97.000000, lower bound: -113.676741
[INFO]:[09:53:27] CPLEX solver finished. Gap: 17.190000
[INFO]:[09:53:32] Expansion Worker 19 completed expansion.
[INFO]:[09:53:32] Worker 19 completed expansion phase.
[INFO]:[09:53:36] Worker 19 received order for step 1.
[INFO]:[09:53:36] Worker 19 running exploration phase for iteration 6.
[INFO]:[09:53:36] Worker 19 at iteration 6 will not use a MIP start file. Current best MIP-start upper bound threshold is -97.
[INFO]:[09:53:36] Starting local search phase...
[INFO]:[09:53:36] Creating local search space from parameter space file: /scratch/yorig/mpils-results-grid-seconds-5/medium-1/24proc/seed-2/4_cvs16r128-89_seed-2_20260503_094456/iterated_local_search/search_space/search_space_file_6_worker_19.txt
[INFO]:[09:53:36] Local search space loaded from file: /scratch/yorig/mpils-results-grid-seconds-5/medium-1/24proc/seed-2/4_cvs16r128-89_seed-2_20260503_094456/iterated_local_search/search_space/search_space_file_6_worker_19.txt
[INFO]:[09:53:36] Number of parameters in local search space: 71
[INFO]:[09:53:36] Number of forbidden tuples in local search space: 133
[INFO]:[09:53:36] Number of conditionals in local search space: 6
[INFO]:[09:53:36] MIP start option not enabled. Local search will proceed without MIP start.
[INFO]:[09:53:36] Evaluating initial configuration for local search phase...
[INFO]:[09:53:36] Starting CPLEX solver on instance: /home/yorig/tuner/mpils-tests/instances/miplib/medium-1/cvs16r128-89.mps with config: /scratch/yorig/mpils-results-grid-seconds-5/medium-1/24proc/seed-2/4_cvs16r128-89_seed-2_20260503_094456/iterated_local_search/run_6_worker_19/ils_config_824687851709275648.prm
[INFO]:[09:53:36] Starting CPLEX solver on instance: /home/yorig/tuner/mpils-tests/instances/miplib/medium-1/cvs16r128-89.mps with config: /scratch/yorig/mpils-results-grid-seconds-5/medium-1/24proc/seed-2/4_cvs16r128-89_seed-2_20260503_094456/iterated_local_search/run_6_worker_19/ils_config_824687851709275648.prm
[INFO]:[09:53:41] CPLEX results. Gap: 54.220000, upper bound: -83.000000, lower bound: -128.000000
[INFO]:[09:53:41] CPLEX solver finished. Gap: 54.220000
[INFO]:[09:53:41] Initial configuration evaluated with objective value: 54.22
[INFO]:[09:53:42] Starting CPLEX solver on instance: /home/yorig/tuner/mpils-tests/instances/miplib/medium-1/cvs16r128-89.mps with config: /scratch/yorig/mpils-results-grid-seconds-5/medium-1/24proc/seed-2/4_cvs16r128-89_seed-2_20260503_094456/iterated_local_search/run_6_worker_19/ils_config_7490726788077776378.prm
[INFO]:[09:53:42] Starting CPLEX solver on instance: /home/yorig/tuner/mpils-tests/instances/miplib/medium-1/cvs16r128-89.mps with config: /scratch/yorig/mpils-results-grid-seconds-5/medium-1/24proc/seed-2/4_cvs16r128-89_seed-2_20260503_094456/iterated_local_search/run_6_worker_19/ils_config_7490726788077776378.prm
[INFO]:[09:53:47] CPLEX results. Gap: 54.220000, upper bound: -83.000000, lower bound: -128.000000
[INFO]:[09:53:47] CPLEX solver finished. Gap: 54.220000
[INFO]:[09:53:47] Starting CPLEX solver on instance: /home/yorig/tuner/mpils-tests/instances/miplib/medium-1/cvs16r128-89.mps with config: /scratch/yorig/mpils-results-grid-seconds-5/medium-1/24proc/seed-2/4_cvs16r128-89_seed-2_20260503_094456/iterated_local_search/run_6_worker_19/ils_config_3516131790392335304.prm
[INFO]:[09:53:47] Starting CPLEX solver on instance: /home/yorig/tuner/mpils-tests/instances/miplib/medium-1/cvs16r128-89.mps with config: /scratch/yorig/mpils-results-grid-seconds-5/medium-1/24proc/seed-2/4_cvs16r128-89_seed-2_20260503_094456/iterated_local_search/run_6_worker_19/ils_config_3516131790392335304.prm
[INFO]:[09:53:52] CPLEX results. Gap: 41.990000, upper bound: -90.000000, lower bound: -127.788666
[INFO]:[09:53:52] CPLEX solver finished. Gap: 41.990000
[INFO]:[09:53:52] New incumbent found with objective value: 41.99
[INFO]:[09:53:52] Starting CPLEX solver on instance: /home/yorig/tuner/mpils-tests/instances/miplib/medium-1/cvs16r128-89.mps with config: /scratch/yorig/mpils-results-grid-seconds-5/medium-1/24proc/seed-2/4_cvs16r128-89_seed-2_20260503_094456/iterated_local_search/run_6_worker_19/ils_config_11956467337119054936.prm
[INFO]:[09:53:52] Starting CPLEX solver on instance: /home/yorig/tuner/mpils-tests/instances/miplib/medium-1/cvs16r128-89.mps with config: /scratch/yorig/mpils-results-grid-seconds-5/medium-1/24proc/seed-2/4_cvs16r128-89_seed-2_20260503_094456/iterated_local_search/run_6_worker_19/ils_config_11956467337119054936.prm
[INFO]:[09:53:57] CPLEX results. Gap: 41.990000, upper bound: -90.000000, lower bound: -127.788666
[INFO]:[09:53:57] CPLEX solver finished. Gap: 41.990000
[INFO]:[09:53:57] Starting CPLEX solver on instance: /home/yorig/tuner/mpils-tests/instances/miplib/medium-1/cvs16r128-89.mps with config: /scratch/yorig/mpils-results-grid-seconds-5/medium-1/24proc/seed-2/4_cvs16r128-89_seed-2_20260503_094456/iterated_local_search/run_6_worker_19/ils_config_6375800035327262493.prm
[INFO]:[09:53:57] Starting CPLEX solver on instance: /home/yorig/tuner/mpils-tests/instances/miplib/medium-1/cvs16r128-89.mps with config: /scratch/yorig/mpils-results-grid-seconds-5/medium-1/24proc/seed-2/4_cvs16r128-89_seed-2_20260503_094456/iterated_local_search/run_6_worker_19/ils_config_6375800035327262493.prm
[INFO]:[09:54:02] CPLEX results. Gap: 36.050000, upper bound: -94.000000, lower bound: -127.887839
[INFO]:[09:54:02] CPLEX solver finished. Gap: 36.050000
[INFO]:[09:54:02] New incumbent found with objective value: 36.05
[INFO]:[09:54:02] Starting CPLEX solver on instance: /home/yorig/tuner/mpils-tests/instances/miplib/medium-1/cvs16r128-89.mps with config: /scratch/yorig/mpils-results-grid-seconds-5/medium-1/24proc/seed-2/4_cvs16r128-89_seed-2_20260503_094456/iterated_local_search/run_6_worker_19/ils_config_13558061784465150749.prm
[INFO]:[09:54:02] Starting CPLEX solver on instance: /home/yorig/tuner/mpils-tests/instances/miplib/medium-1/cvs16r128-89.mps with config: /scratch/yorig/mpils-results-grid-seconds-5/medium-1/24proc/seed-2/4_cvs16r128-89_seed-2_20260503_094456/iterated_local_search/run_6_worker_19/ils_config_13558061784465150749.prm
[INFO]:[09:54:07] CPLEX results. Gap: 36.050000, upper bound: -94.000000, lower bound: -127.887839
[INFO]:[09:54:07] CPLEX solver finished. Gap: 36.050000
[INFO]:[09:54:07] Starting CPLEX solver on instance: /home/yorig/tuner/mpils-tests/instances/miplib/medium-1/cvs16r128-89.mps with config: /scratch/yorig/mpils-results-grid-seconds-5/medium-1/24proc/seed-2/4_cvs16r128-89_seed-2_20260503_094456/iterated_local_search/run_6_worker_19/ils_config_7969330960992477144.prm
[INFO]:[09:54:07] Starting CPLEX solver on instance: /home/yorig/tuner/mpils-tests/instances/miplib/medium-1/cvs16r128-89.mps with config: /scratch/yorig/mpils-results-grid-seconds-5/medium-1/24proc/seed-2/4_cvs16r128-89_seed-2_20260503_094456/iterated_local_search/run_6_worker_19/ils_config_7969330960992477144.prm
[INFO]:[09:54:12] CPLEX results. Gap: 36.090000, upper bound: -94.000000, lower bound: -127.928571
[INFO]:[09:54:12] CPLEX solver finished. Gap: 36.090000
[INFO]:[09:54:12] Starting CPLEX solver on instance: /home/yorig/tuner/mpils-tests/instances/miplib/medium-1/cvs16r128-89.mps with config: /scratch/yorig/mpils-results-grid-seconds-5/medium-1/24proc/seed-2/4_cvs16r128-89_seed-2_20260503_094456/iterated_local_search/run_6_worker_19/ils_config_5201605485808971129.prm
[INFO]:[09:54:12] Starting CPLEX solver on instance: /home/yorig/tuner/mpils-tests/instances/miplib/medium-1/cvs16r128-89.mps with config: /scratch/yorig/mpils-results-grid-seconds-5/medium-1/24proc/seed-2/4_cvs16r128-89_seed-2_20260503_094456/iterated_local_search/run_6_worker_19/ils_config_5201605485808971129.prm
[INFO]:[09:54:17] CPLEX results. Gap: 36.050000, upper bound: -94.000000, lower bound: -127.887839
[INFO]:[09:54:17] CPLEX solver finished. Gap: 36.050000
[INFO]:[09:54:17] Starting CPLEX solver on instance: /home/yorig/tuner/mpils-tests/instances/miplib/medium-1/cvs16r128-89.mps with config: /scratch/yorig/mpils-results-grid-seconds-5/medium-1/24proc/seed-2/4_cvs16r128-89_seed-2_20260503_094456/iterated_local_search/run_6_worker_19/ils_config_447146129509534767.prm
[INFO]:[09:54:17] Starting CPLEX solver on instance: /home/yorig/tuner/mpils-tests/instances/miplib/medium-1/cvs16r128-89.mps with config: /scratch/yorig/mpils-results-grid-seconds-5/medium-1/24proc/seed-2/4_cvs16r128-89_seed-2_20260503_094456/iterated_local_search/run_6_worker_19/ils_config_447146129509534767.prm
[INFO]:[09:54:22] CPLEX results. Gap: 38.900000, upper bound: -92.000000, lower bound: -127.786848
[INFO]:[09:54:22] CPLEX solver finished. Gap: 38.900000
[INFO]:[09:54:22] Local search phase completed.
[INFO]:[09:54:22] Total number of new local-search evaluations: 9
[INFO]:[09:54:22] Final incumbent objective value: 36.05
[INFO]:[09:54:22] Worker 19 completed exploration phase.
[INFO]:[09:54:22] Worker 19 received order for step 3.
[INFO]:[09:54:22] Worker 19 finished.
