[INFO]:[11:40:53] Worker 23 starting.
[INFO]:[11:40:54] Worker 23 received order for step 1.
[INFO]:[11:40:54] Worker 23 running exploration phase for iteration 1.
[INFO]:[11:40:54] Current MIP start info file not found: /scratch/yorig/mpils-results-grid-seconds-5/medium-2/24proc/seed-5/9_supportcase6_seed-5_20260503_114052/iterated_local_search/mip_start/current_mip_start_1.txt
[INFO]:[11:40:54] Worker 23 at iteration 1 will not use a MIP start file. Current best MIP-start upper bound threshold is 1.79769e+308.
[INFO]:[11:40:54] Starting local search phase...
[INFO]:[11:40:54] Creating local search space from parameter space file: /scratch/yorig/mpils-results-grid-seconds-5/medium-2/24proc/seed-5/9_supportcase6_seed-5_20260503_114052/iterated_local_search/search_space/search_space_file_1_worker_23.txt
[INFO]:[11:40:54] Local search space loaded from file: /scratch/yorig/mpils-results-grid-seconds-5/medium-2/24proc/seed-5/9_supportcase6_seed-5_20260503_114052/iterated_local_search/search_space/search_space_file_1_worker_23.txt
[INFO]:[11:40:54] Number of parameters in local search space: 71
[INFO]:[11:40:54] Number of forbidden tuples in local search space: 0
[INFO]:[11:40:54] Number of conditionals in local search space: 6
[INFO]:[11:40:54] MIP start option not enabled. Local search will proceed without MIP start.
[INFO]:[11:40:54] Evaluating initial configuration for local search phase...
[INFO]:[11:40:54] Starting CPLEX solver on instance: /home/yorig/tuner/mpils-tests/instances/miplib/medium-2/supportcase6.mps with config: /scratch/yorig/mpils-results-grid-seconds-5/medium-2/24proc/seed-5/9_supportcase6_seed-5_20260503_114052/iterated_local_search/run_1_worker_23/ils_config_15281337108282521976.prm
[INFO]:[11:40:54] Starting CPLEX solver on instance: /home/yorig/tuner/mpils-tests/instances/miplib/medium-2/supportcase6.mps with config: /scratch/yorig/mpils-results-grid-seconds-5/medium-2/24proc/seed-5/9_supportcase6_seed-5_20260503_114052/iterated_local_search/run_1_worker_23/ils_config_15281337108282521976.prm
[INFO]:[11:40:59] CPLEX results. Gap: 55.980000, upper bound: 102597.533860, lower bound: 45165.579073
[INFO]:[11:40:59] Writing MIP start file: /scratch/yorig/mpils-results-grid-seconds-5/medium-2/24proc/seed-5/9_supportcase6_seed-5_20260503_114052/iterated_local_search/run_1_worker_23/mip_starts/mip_start_eval_1_config_15281337108282521976.mst
[INFO]:[11:40:59] CPLEX solver finished. Gap: 55.980000
[INFO]:[11:40:59] Initial configuration evaluated with objective value: 55.98
[INFO]:[11:40:59] Starting CPLEX solver on instance: /home/yorig/tuner/mpils-tests/instances/miplib/medium-2/supportcase6.mps with config: /scratch/yorig/mpils-results-grid-seconds-5/medium-2/24proc/seed-5/9_supportcase6_seed-5_20260503_114052/iterated_local_search/run_1_worker_23/ils_config_18122314123292010932.prm
[INFO]:[11:40:59] Starting CPLEX solver on instance: /home/yorig/tuner/mpils-tests/instances/miplib/medium-2/supportcase6.mps with config: /scratch/yorig/mpils-results-grid-seconds-5/medium-2/24proc/seed-5/9_supportcase6_seed-5_20260503_114052/iterated_local_search/run_1_worker_23/ils_config_18122314123292010932.prm
[INFO]:[11:41:04] CPLEX results. Gap: 55.980000, upper bound: 102597.533860, lower bound: 45165.579073
[INFO]:[11:41:04] CPLEX solver finished. Gap: 55.980000
[INFO]:[11:41:04] Starting CPLEX solver on instance: /home/yorig/tuner/mpils-tests/instances/miplib/medium-2/supportcase6.mps with config: /scratch/yorig/mpils-results-grid-seconds-5/medium-2/24proc/seed-5/9_supportcase6_seed-5_20260503_114052/iterated_local_search/run_1_worker_23/ils_config_11687276490350897832.prm
[INFO]:[11:41:04] Starting CPLEX solver on instance: /home/yorig/tuner/mpils-tests/instances/miplib/medium-2/supportcase6.mps with config: /scratch/yorig/mpils-results-grid-seconds-5/medium-2/24proc/seed-5/9_supportcase6_seed-5_20260503_114052/iterated_local_search/run_1_worker_23/ils_config_11687276490350897832.prm
[INFO]:[11:41:09] CPLEX results. Gap: 55.980000, upper bound: 102597.533860, lower bound: 45165.579073
[INFO]:[11:41:09] CPLEX solver finished. Gap: 55.980000
[INFO]:[11:41:09] Starting CPLEX solver on instance: /home/yorig/tuner/mpils-tests/instances/miplib/medium-2/supportcase6.mps with config: /scratch/yorig/mpils-results-grid-seconds-5/medium-2/24proc/seed-5/9_supportcase6_seed-5_20260503_114052/iterated_local_search/run_1_worker_23/ils_config_9175790509994652460.prm
[INFO]:[11:41:09] Starting CPLEX solver on instance: /home/yorig/tuner/mpils-tests/instances/miplib/medium-2/supportcase6.mps with config: /scratch/yorig/mpils-results-grid-seconds-5/medium-2/24proc/seed-5/9_supportcase6_seed-5_20260503_114052/iterated_local_search/run_1_worker_23/ils_config_9175790509994652460.prm
[INFO]:[11:41:15] CPLEX results. Gap: 55.980000, upper bound: 102597.533860, lower bound: 45165.579073
[INFO]:[11:41:15] CPLEX solver finished. Gap: 55.980000
[INFO]:[11:41:15] Starting CPLEX solver on instance: /home/yorig/tuner/mpils-tests/instances/miplib/medium-2/supportcase6.mps with config: /scratch/yorig/mpils-results-grid-seconds-5/medium-2/24proc/seed-5/9_supportcase6_seed-5_20260503_114052/iterated_local_search/run_1_worker_23/ils_config_9430030541060878567.prm
[INFO]:[11:41:15] Starting CPLEX solver on instance: /home/yorig/tuner/mpils-tests/instances/miplib/medium-2/supportcase6.mps with config: /scratch/yorig/mpils-results-grid-seconds-5/medium-2/24proc/seed-5/9_supportcase6_seed-5_20260503_114052/iterated_local_search/run_1_worker_23/ils_config_9430030541060878567.prm
[INFO]:[11:41:20] CPLEX results. Gap: 55.980000, upper bound: 102597.533860, lower bound: 45165.579073
[INFO]:[11:41:20] CPLEX solver finished. Gap: 55.980000
[INFO]:[11:41:20] Starting CPLEX solver on instance: /home/yorig/tuner/mpils-tests/instances/miplib/medium-2/supportcase6.mps with config: /scratch/yorig/mpils-results-grid-seconds-5/medium-2/24proc/seed-5/9_supportcase6_seed-5_20260503_114052/iterated_local_search/run_1_worker_23/ils_config_15281767213089713386.prm
[INFO]:[11:41:20] Starting CPLEX solver on instance: /home/yorig/tuner/mpils-tests/instances/miplib/medium-2/supportcase6.mps with config: /scratch/yorig/mpils-results-grid-seconds-5/medium-2/24proc/seed-5/9_supportcase6_seed-5_20260503_114052/iterated_local_search/run_1_worker_23/ils_config_15281767213089713386.prm
[INFO]:[11:41:25] CPLEX results. Gap: 55.980000, upper bound: 102597.533860, lower bound: 45165.579073
[INFO]:[11:41:25] CPLEX solver finished. Gap: 55.980000
[INFO]:[11:41:25] Starting CPLEX solver on instance: /home/yorig/tuner/mpils-tests/instances/miplib/medium-2/supportcase6.mps with config: /scratch/yorig/mpils-results-grid-seconds-5/medium-2/24proc/seed-5/9_supportcase6_seed-5_20260503_114052/iterated_local_search/run_1_worker_23/ils_config_2593070771755433926.prm
[INFO]:[11:41:25] Starting CPLEX solver on instance: /home/yorig/tuner/mpils-tests/instances/miplib/medium-2/supportcase6.mps with config: /scratch/yorig/mpils-results-grid-seconds-5/medium-2/24proc/seed-5/9_supportcase6_seed-5_20260503_114052/iterated_local_search/run_1_worker_23/ils_config_2593070771755433926.prm
[INFO]:[11:41:30] CPLEX results. Gap: 56.050000, upper bound: 102597.533860, lower bound: 45090.732163
[INFO]:[11:41:30] CPLEX solver finished. Gap: 56.050000
[INFO]:[11:41:30] Starting CPLEX solver on instance: /home/yorig/tuner/mpils-tests/instances/miplib/medium-2/supportcase6.mps with config: /scratch/yorig/mpils-results-grid-seconds-5/medium-2/24proc/seed-5/9_supportcase6_seed-5_20260503_114052/iterated_local_search/run_1_worker_23/ils_config_7623035833064472333.prm
[INFO]:[11:41:30] Starting CPLEX solver on instance: /home/yorig/tuner/mpils-tests/instances/miplib/medium-2/supportcase6.mps with config: /scratch/yorig/mpils-results-grid-seconds-5/medium-2/24proc/seed-5/9_supportcase6_seed-5_20260503_114052/iterated_local_search/run_1_worker_23/ils_config_7623035833064472333.prm
[INFO]:[11:41:36] CPLEX results. Gap: 51.310000, upper bound: 92599.946613, lower bound: 45090.732163
[INFO]:[11:41:36] Writing MIP start file: /scratch/yorig/mpils-results-grid-seconds-5/medium-2/24proc/seed-5/9_supportcase6_seed-5_20260503_114052/iterated_local_search/run_1_worker_23/mip_starts/mip_start_eval_8_config_7623035833064472333.mst
[INFO]:[11:41:36] CPLEX solver finished. Gap: 51.310000
[INFO]:[11:41:36] New incumbent found with objective value: 51.31
[INFO]:[11:41:36] Starting CPLEX solver on instance: /home/yorig/tuner/mpils-tests/instances/miplib/medium-2/supportcase6.mps with config: /scratch/yorig/mpils-results-grid-seconds-5/medium-2/24proc/seed-5/9_supportcase6_seed-5_20260503_114052/iterated_local_search/run_1_worker_23/ils_config_4160710221661490177.prm
[INFO]:[11:41:36] Starting CPLEX solver on instance: /home/yorig/tuner/mpils-tests/instances/miplib/medium-2/supportcase6.mps with config: /scratch/yorig/mpils-results-grid-seconds-5/medium-2/24proc/seed-5/9_supportcase6_seed-5_20260503_114052/iterated_local_search/run_1_worker_23/ils_config_4160710221661490177.prm
[INFO]:[11:41:41] CPLEX results. Gap: 51.310000, upper bound: 92599.946613, lower bound: 45090.732163
[INFO]:[11:41:41] CPLEX solver finished. Gap: 51.310000
[INFO]:[11:41:41] Starting CPLEX solver on instance: /home/yorig/tuner/mpils-tests/instances/miplib/medium-2/supportcase6.mps with config: /scratch/yorig/mpils-results-grid-seconds-5/medium-2/24proc/seed-5/9_supportcase6_seed-5_20260503_114052/iterated_local_search/run_1_worker_23/ils_config_15334339517329464854.prm
[INFO]:[11:41:41] Starting CPLEX solver on instance: /home/yorig/tuner/mpils-tests/instances/miplib/medium-2/supportcase6.mps with config: /scratch/yorig/mpils-results-grid-seconds-5/medium-2/24proc/seed-5/9_supportcase6_seed-5_20260503_114052/iterated_local_search/run_1_worker_23/ils_config_15334339517329464854.prm
[INFO]:[11:41:46] CPLEX results. Gap: 51.310000, upper bound: 92599.946613, lower bound: 45090.732163
[INFO]:[11:41:46] CPLEX solver finished. Gap: 51.310000
[INFO]:[11:41:46] Starting CPLEX solver on instance: /home/yorig/tuner/mpils-tests/instances/miplib/medium-2/supportcase6.mps with config: /scratch/yorig/mpils-results-grid-seconds-5/medium-2/24proc/seed-5/9_supportcase6_seed-5_20260503_114052/iterated_local_search/run_1_worker_23/ils_config_2422452357720496455.prm
[INFO]:[11:41:46] Starting CPLEX solver on instance: /home/yorig/tuner/mpils-tests/instances/miplib/medium-2/supportcase6.mps with config: /scratch/yorig/mpils-results-grid-seconds-5/medium-2/24proc/seed-5/9_supportcase6_seed-5_20260503_114052/iterated_local_search/run_1_worker_23/ils_config_2422452357720496455.prm
[INFO]:[11:41:52] CPLEX results. Gap: 51.310000, upper bound: 92599.946613, lower bound: 45090.732163
[INFO]:[11:41:52] CPLEX solver finished. Gap: 51.310000
[INFO]:[11:41:52] Starting CPLEX solver on instance: /home/yorig/tuner/mpils-tests/instances/miplib/medium-2/supportcase6.mps with config: /scratch/yorig/mpils-results-grid-seconds-5/medium-2/24proc/seed-5/9_supportcase6_seed-5_20260503_114052/iterated_local_search/run_1_worker_23/ils_config_8265632864272157258.prm
[INFO]:[11:41:52] Starting CPLEX solver on instance: /home/yorig/tuner/mpils-tests/instances/miplib/medium-2/supportcase6.mps with config: /scratch/yorig/mpils-results-grid-seconds-5/medium-2/24proc/seed-5/9_supportcase6_seed-5_20260503_114052/iterated_local_search/run_1_worker_23/ils_config_8265632864272157258.prm
[INFO]:[11:41:57] CPLEX results. Gap: 51.310000, upper bound: 92599.946613, lower bound: 45090.732163
[INFO]:[11:41:57] CPLEX solver finished. Gap: 51.310000
[INFO]:[11:41:57] Starting CPLEX solver on instance: /home/yorig/tuner/mpils-tests/instances/miplib/medium-2/supportcase6.mps with config: /scratch/yorig/mpils-results-grid-seconds-5/medium-2/24proc/seed-5/9_supportcase6_seed-5_20260503_114052/iterated_local_search/run_1_worker_23/ils_config_14095873470225883784.prm
[INFO]:[11:41:57] Starting CPLEX solver on instance: /home/yorig/tuner/mpils-tests/instances/miplib/medium-2/supportcase6.mps with config: /scratch/yorig/mpils-results-grid-seconds-5/medium-2/24proc/seed-5/9_supportcase6_seed-5_20260503_114052/iterated_local_search/run_1_worker_23/ils_config_14095873470225883784.prm
[INFO]:[11:42:02] CPLEX results. Gap: 51.310000, upper bound: 92599.946613, lower bound: 45090.732163
[INFO]:[11:42:02] CPLEX solver finished. Gap: 51.310000
[INFO]:[11:42:02] Starting CPLEX solver on instance: /home/yorig/tuner/mpils-tests/instances/miplib/medium-2/supportcase6.mps with config: /scratch/yorig/mpils-results-grid-seconds-5/medium-2/24proc/seed-5/9_supportcase6_seed-5_20260503_114052/iterated_local_search/run_1_worker_23/ils_config_1706720313639092200.prm
[INFO]:[11:42:02] Starting CPLEX solver on instance: /home/yorig/tuner/mpils-tests/instances/miplib/medium-2/supportcase6.mps with config: /scratch/yorig/mpils-results-grid-seconds-5/medium-2/24proc/seed-5/9_supportcase6_seed-5_20260503_114052/iterated_local_search/run_1_worker_23/ils_config_1706720313639092200.prm
[INFO]:[11:42:07] CPLEX results. Gap: 51.310000, upper bound: 92599.946613, lower bound: 45090.732163
[INFO]:[11:42:07] CPLEX solver finished. Gap: 51.310000
[INFO]:[11:42:07] Starting CPLEX solver on instance: /home/yorig/tuner/mpils-tests/instances/miplib/medium-2/supportcase6.mps with config: /scratch/yorig/mpils-results-grid-seconds-5/medium-2/24proc/seed-5/9_supportcase6_seed-5_20260503_114052/iterated_local_search/run_1_worker_23/ils_config_5514150287225076656.prm
[INFO]:[11:42:07] Starting CPLEX solver on instance: /home/yorig/tuner/mpils-tests/instances/miplib/medium-2/supportcase6.mps with config: /scratch/yorig/mpils-results-grid-seconds-5/medium-2/24proc/seed-5/9_supportcase6_seed-5_20260503_114052/iterated_local_search/run_1_worker_23/ils_config_5514150287225076656.prm
[INFO]:[11:42:13] CPLEX results. Gap: 51.310000, upper bound: 92599.946613, lower bound: 45090.732163
[INFO]:[11:42:13] CPLEX solver finished. Gap: 51.310000
[INFO]:[11:42:13] Starting CPLEX solver on instance: /home/yorig/tuner/mpils-tests/instances/miplib/medium-2/supportcase6.mps with config: /scratch/yorig/mpils-results-grid-seconds-5/medium-2/24proc/seed-5/9_supportcase6_seed-5_20260503_114052/iterated_local_search/run_1_worker_23/ils_config_5013222768029781705.prm
[INFO]:[11:42:13] Starting CPLEX solver on instance: /home/yorig/tuner/mpils-tests/instances/miplib/medium-2/supportcase6.mps with config: /scratch/yorig/mpils-results-grid-seconds-5/medium-2/24proc/seed-5/9_supportcase6_seed-5_20260503_114052/iterated_local_search/run_1_worker_23/ils_config_5013222768029781705.prm
[INFO]:[11:42:18] CPLEX results. Gap: 51.310000, upper bound: 92599.946613, lower bound: 45090.732163
[INFO]:[11:42:18] CPLEX solver finished. Gap: 51.310000
[INFO]:[11:42:18] Starting CPLEX solver on instance: /home/yorig/tuner/mpils-tests/instances/miplib/medium-2/supportcase6.mps with config: /scratch/yorig/mpils-results-grid-seconds-5/medium-2/24proc/seed-5/9_supportcase6_seed-5_20260503_114052/iterated_local_search/run_1_worker_23/ils_config_6780741327703925497.prm
[INFO]:[11:42:18] Starting CPLEX solver on instance: /home/yorig/tuner/mpils-tests/instances/miplib/medium-2/supportcase6.mps with config: /scratch/yorig/mpils-results-grid-seconds-5/medium-2/24proc/seed-5/9_supportcase6_seed-5_20260503_114052/iterated_local_search/run_1_worker_23/ils_config_6780741327703925497.prm
[INFO]:[11:42:23] CPLEX results. Gap: 51.310000, upper bound: 92599.946613, lower bound: 45090.732163
[INFO]:[11:42:23] CPLEX solver finished. Gap: 51.310000
[INFO]:[11:42:23] Starting CPLEX solver on instance: /home/yorig/tuner/mpils-tests/instances/miplib/medium-2/supportcase6.mps with config: /scratch/yorig/mpils-results-grid-seconds-5/medium-2/24proc/seed-5/9_supportcase6_seed-5_20260503_114052/iterated_local_search/run_1_worker_23/ils_config_9357906311880905466.prm
[INFO]:[11:42:23] Starting CPLEX solver on instance: /home/yorig/tuner/mpils-tests/instances/miplib/medium-2/supportcase6.mps with config: /scratch/yorig/mpils-results-grid-seconds-5/medium-2/24proc/seed-5/9_supportcase6_seed-5_20260503_114052/iterated_local_search/run_1_worker_23/ils_config_9357906311880905466.prm
[INFO]:[11:42:28] CPLEX results. Gap: 51.310000, upper bound: 92599.946613, lower bound: 45090.732163
[INFO]:[11:42:28] CPLEX solver finished. Gap: 51.310000
[INFO]:[11:42:28] Starting CPLEX solver on instance: /home/yorig/tuner/mpils-tests/instances/miplib/medium-2/supportcase6.mps with config: /scratch/yorig/mpils-results-grid-seconds-5/medium-2/24proc/seed-5/9_supportcase6_seed-5_20260503_114052/iterated_local_search/run_1_worker_23/ils_config_18351650181501131394.prm
[INFO]:[11:42:28] Starting CPLEX solver on instance: /home/yorig/tuner/mpils-tests/instances/miplib/medium-2/supportcase6.mps with config: /scratch/yorig/mpils-results-grid-seconds-5/medium-2/24proc/seed-5/9_supportcase6_seed-5_20260503_114052/iterated_local_search/run_1_worker_23/ils_config_18351650181501131394.prm
[INFO]:[11:42:34] CPLEX results. Gap: 51.310000, upper bound: 92599.946613, lower bound: 45090.732163
[INFO]:[11:42:34] CPLEX solver finished. Gap: 51.310000
[INFO]:[11:42:34] Starting CPLEX solver on instance: /home/yorig/tuner/mpils-tests/instances/miplib/medium-2/supportcase6.mps with config: /scratch/yorig/mpils-results-grid-seconds-5/medium-2/24proc/seed-5/9_supportcase6_seed-5_20260503_114052/iterated_local_search/run_1_worker_23/ils_config_15835259004417764424.prm
[INFO]:[11:42:34] Starting CPLEX solver on instance: /home/yorig/tuner/mpils-tests/instances/miplib/medium-2/supportcase6.mps with config: /scratch/yorig/mpils-results-grid-seconds-5/medium-2/24proc/seed-5/9_supportcase6_seed-5_20260503_114052/iterated_local_search/run_1_worker_23/ils_config_15835259004417764424.prm
[INFO]:[11:42:39] CPLEX results. Gap: 51.310000, upper bound: 92599.946613, lower bound: 45090.732163
[INFO]:[11:42:39] CPLEX solver finished. Gap: 51.310000
[INFO]:[11:42:39] Local search phase completed.
[INFO]:[11:42:39] Total number of new local-search evaluations: 20
[INFO]:[11:42:39] Final incumbent objective value: 51.31
[INFO]:[11:42:44] Worker 23 completed exploration phase.
[INFO]:[11:42:44] Worker 23 received order for step 2.
[INFO]:[11:42:44] Worker 23 running expansion phase for iteration 1.
[INFO]:[11:42:44] Worker 23 will use solver log file: /scratch/yorig/mpils-results-grid-seconds-5/medium-2/24proc/seed-5/9_supportcase6_seed-5_20260503_114052/solver/cplex.log_iteration_expansion_1_worker_23
[INFO]:[11:42:44] Expansion Worker 23 starting expansion for iteration 1.
[INFO]:[11:42:44] Starting CPLEX solver on instance: /home/yorig/tuner/mpils-tests/instances/miplib/medium-2/supportcase6.mps with config: /scratch/yorig/mpils-results-grid-seconds-5/medium-2/24proc/seed-5/9_supportcase6_seed-5_20260503_114052/expansion/config_param_CPXPARAM_MIP_Limits_CutsFactor_8_iter_1.prm
[INFO]:[11:42:49] CPLEX results. Gap: 13.330000, upper bound: 52112.367686, lower bound: 45165.579073
[INFO]:[11:42:49] CPLEX solver finished. Gap: 13.330000
[INFO]:[11:42:49] Starting CPLEX solver on instance: /home/yorig/tuner/mpils-tests/instances/miplib/medium-2/supportcase6.mps with config: /scratch/yorig/mpils-results-grid-seconds-5/medium-2/24proc/seed-5/9_supportcase6_seed-5_20260503_114052/expansion/config_param_CPXPARAM_MIP_Limits_CutsFactor_16_iter_1.prm
[INFO]:[11:42:54] CPLEX results. Gap: 13.330000, upper bound: 52112.367686, lower bound: 45165.579073
[INFO]:[11:42:54] CPLEX solver finished. Gap: 13.330000
[INFO]:[11:42:59] Expansion Worker 23 completed expansion.
[INFO]:[11:42:59] Worker 23 completed expansion phase.
[INFO]:[11:43:00] Worker 23 received order for step 1.
[INFO]:[11:43:00] Worker 23 running exploration phase for iteration 2.
[INFO]:[11:43:00] Worker 23 at iteration 2 will not use a MIP start file. Current best MIP-start upper bound threshold is 52112.4.
[INFO]:[11:43:00] Starting local search phase...
[INFO]:[11:43:00] Creating local search space from parameter space file: /scratch/yorig/mpils-results-grid-seconds-5/medium-2/24proc/seed-5/9_supportcase6_seed-5_20260503_114052/iterated_local_search/search_space/search_space_file_2_worker_23.txt
[INFO]:[11:43:00] Local search space loaded from file: /scratch/yorig/mpils-results-grid-seconds-5/medium-2/24proc/seed-5/9_supportcase6_seed-5_20260503_114052/iterated_local_search/search_space/search_space_file_2_worker_23.txt
[INFO]:[11:43:00] Number of parameters in local search space: 71
[INFO]:[11:43:00] Number of forbidden tuples in local search space: 28
[INFO]:[11:43:00] Number of conditionals in local search space: 6
[INFO]:[11:43:00] MIP start option not enabled. Local search will proceed without MIP start.
[INFO]:[11:43:00] Evaluating initial configuration for local search phase...
[INFO]:[11:43:00] Starting CPLEX solver on instance: /home/yorig/tuner/mpils-tests/instances/miplib/medium-2/supportcase6.mps with config: /scratch/yorig/mpils-results-grid-seconds-5/medium-2/24proc/seed-5/9_supportcase6_seed-5_20260503_114052/iterated_local_search/run_2_worker_23/ils_config_4420739538117298074.prm
[INFO]:[11:43:00] Starting CPLEX solver on instance: /home/yorig/tuner/mpils-tests/instances/miplib/medium-2/supportcase6.mps with config: /scratch/yorig/mpils-results-grid-seconds-5/medium-2/24proc/seed-5/9_supportcase6_seed-5_20260503_114052/iterated_local_search/run_2_worker_23/ils_config_4420739538117298074.prm
[INFO]:[11:43:05] CPLEX results. Gap: 100.000000, upper bound: 102597.533860, lower bound: 0.000000
[INFO]:[11:43:05] CPLEX solver finished. Gap: 100.000000
[INFO]:[11:43:05] Initial configuration evaluated with objective value: 100
[INFO]:[11:43:05] Starting CPLEX solver on instance: /home/yorig/tuner/mpils-tests/instances/miplib/medium-2/supportcase6.mps with config: /scratch/yorig/mpils-results-grid-seconds-5/medium-2/24proc/seed-5/9_supportcase6_seed-5_20260503_114052/iterated_local_search/run_2_worker_23/ils_config_12534272407633594165.prm
[INFO]:[11:43:05] Starting CPLEX solver on instance: /home/yorig/tuner/mpils-tests/instances/miplib/medium-2/supportcase6.mps with config: /scratch/yorig/mpils-results-grid-seconds-5/medium-2/24proc/seed-5/9_supportcase6_seed-5_20260503_114052/iterated_local_search/run_2_worker_23/ils_config_12534272407633594165.prm
[INFO]:[11:43:10] CPLEX results. Gap: 100.000000, upper bound: 102597.533860, lower bound: 0.000000
[INFO]:[11:43:10] CPLEX solver finished. Gap: 100.000000
[INFO]:[11:43:10] Starting CPLEX solver on instance: /home/yorig/tuner/mpils-tests/instances/miplib/medium-2/supportcase6.mps with config: /scratch/yorig/mpils-results-grid-seconds-5/medium-2/24proc/seed-5/9_supportcase6_seed-5_20260503_114052/iterated_local_search/run_2_worker_23/ils_config_9148827115299642752.prm
[INFO]:[11:43:10] Starting CPLEX solver on instance: /home/yorig/tuner/mpils-tests/instances/miplib/medium-2/supportcase6.mps with config: /scratch/yorig/mpils-results-grid-seconds-5/medium-2/24proc/seed-5/9_supportcase6_seed-5_20260503_114052/iterated_local_search/run_2_worker_23/ils_config_9148827115299642752.prm
[INFO]:[11:43:15] CPLEX results. Gap: 100.000000, upper bound: 102597.533860, lower bound: 0.000000
[INFO]:[11:43:15] CPLEX solver finished. Gap: 100.000000
[INFO]:[11:43:15] Starting CPLEX solver on instance: /home/yorig/tuner/mpils-tests/instances/miplib/medium-2/supportcase6.mps with config: /scratch/yorig/mpils-results-grid-seconds-5/medium-2/24proc/seed-5/9_supportcase6_seed-5_20260503_114052/iterated_local_search/run_2_worker_23/ils_config_13257733906780078166.prm
[INFO]:[11:43:15] Starting CPLEX solver on instance: /home/yorig/tuner/mpils-tests/instances/miplib/medium-2/supportcase6.mps with config: /scratch/yorig/mpils-results-grid-seconds-5/medium-2/24proc/seed-5/9_supportcase6_seed-5_20260503_114052/iterated_local_search/run_2_worker_23/ils_config_13257733906780078166.prm
[INFO]:[11:43:21] CPLEX results. Gap: 100.000000, upper bound: 102597.533860, lower bound: 0.000000
[INFO]:[11:43:21] CPLEX solver finished. Gap: 100.000000
[INFO]:[11:43:21] Starting CPLEX solver on instance: /home/yorig/tuner/mpils-tests/instances/miplib/medium-2/supportcase6.mps with config: /scratch/yorig/mpils-results-grid-seconds-5/medium-2/24proc/seed-5/9_supportcase6_seed-5_20260503_114052/iterated_local_search/run_2_worker_23/ils_config_8111820541466578064.prm
[INFO]:[11:43:21] Starting CPLEX solver on instance: /home/yorig/tuner/mpils-tests/instances/miplib/medium-2/supportcase6.mps with config: /scratch/yorig/mpils-results-grid-seconds-5/medium-2/24proc/seed-5/9_supportcase6_seed-5_20260503_114052/iterated_local_search/run_2_worker_23/ils_config_8111820541466578064.prm
[INFO]:[11:43:26] CPLEX results. Gap: 100.000000, upper bound: 102597.533860, lower bound: 0.000000
[INFO]:[11:43:26] CPLEX solver finished. Gap: 100.000000
[INFO]:[11:43:26] Starting CPLEX solver on instance: /home/yorig/tuner/mpils-tests/instances/miplib/medium-2/supportcase6.mps with config: /scratch/yorig/mpils-results-grid-seconds-5/medium-2/24proc/seed-5/9_supportcase6_seed-5_20260503_114052/iterated_local_search/run_2_worker_23/ils_config_304897062827361982.prm
[INFO]:[11:43:26] Starting CPLEX solver on instance: /home/yorig/tuner/mpils-tests/instances/miplib/medium-2/supportcase6.mps with config: /scratch/yorig/mpils-results-grid-seconds-5/medium-2/24proc/seed-5/9_supportcase6_seed-5_20260503_114052/iterated_local_search/run_2_worker_23/ils_config_304897062827361982.prm
[INFO]:[11:43:31] CPLEX results. Gap: 100.000000, upper bound: 102597.533860, lower bound: 0.000000
[INFO]:[11:43:31] CPLEX solver finished. Gap: 100.000000
[INFO]:[11:43:31] Local search phase completed.
[INFO]:[11:43:31] Total number of new local-search evaluations: 6
[INFO]:[11:43:31] Final incumbent objective value: 100
[INFO]:[11:43:33] Worker 23 completed exploration phase.
[INFO]:[11:43:33] Worker 23 received order for step 2.
[INFO]:[11:43:33] Worker 23 running expansion phase for iteration 2.
[INFO]:[11:43:33] Worker 23 will use solver log file: /scratch/yorig/mpils-results-grid-seconds-5/medium-2/24proc/seed-5/9_supportcase6_seed-5_20260503_114052/solver/cplex.log_iteration_expansion_2_worker_23
[INFO]:[11:43:33] Expansion Worker 23 starting expansion for iteration 2.
[INFO]:[11:43:33] Starting CPLEX solver on instance: /home/yorig/tuner/mpils-tests/instances/miplib/medium-2/supportcase6.mps with config: /scratch/yorig/mpils-results-grid-seconds-5/medium-2/24proc/seed-5/9_supportcase6_seed-5_20260503_114052/expansion/config_param_CPXPARAM_Simplex_DGradient_5_iter_2.prm
[INFO]:[11:43:38] CPLEX results. Gap: 27.190000, upper bound: 62032.134051, lower bound: 45165.579073
[INFO]:[11:43:38] CPLEX solver finished. Gap: 27.190000
[INFO]:[11:43:38] Expansion Worker 23 stopping early after global MPI expansion stop was activated.
[INFO]:[11:43:38] Expansion Worker 23 completed expansion.
[INFO]:[11:43:38] Worker 23 completed expansion phase.
[INFO]:[11:43:39] Worker 23 received order for step 1.
[INFO]:[11:43:39] Worker 23 running exploration phase for iteration 3.
[INFO]:[11:43:39] Worker 23 at iteration 3 will not use a MIP start file. Current best MIP-start upper bound threshold is 52014.4.
[INFO]:[11:43:39] Starting local search phase...
[INFO]:[11:43:39] Creating local search space from parameter space file: /scratch/yorig/mpils-results-grid-seconds-5/medium-2/24proc/seed-5/9_supportcase6_seed-5_20260503_114052/iterated_local_search/search_space/search_space_file_3_worker_23.txt
[INFO]:[11:43:39] Local search space loaded from file: /scratch/yorig/mpils-results-grid-seconds-5/medium-2/24proc/seed-5/9_supportcase6_seed-5_20260503_114052/iterated_local_search/search_space/search_space_file_3_worker_23.txt
[INFO]:[11:43:39] Number of parameters in local search space: 71
[INFO]:[11:43:39] Number of forbidden tuples in local search space: 57
[INFO]:[11:43:39] Number of conditionals in local search space: 6
[INFO]:[11:43:39] MIP start option not enabled. Local search will proceed without MIP start.
[INFO]:[11:43:39] Evaluating initial configuration for local search phase...
[INFO]:[11:43:39] Starting CPLEX solver on instance: /home/yorig/tuner/mpils-tests/instances/miplib/medium-2/supportcase6.mps with config: /scratch/yorig/mpils-results-grid-seconds-5/medium-2/24proc/seed-5/9_supportcase6_seed-5_20260503_114052/iterated_local_search/run_3_worker_23/ils_config_567865206964468093.prm
[INFO]:[11:43:39] Starting CPLEX solver on instance: /home/yorig/tuner/mpils-tests/instances/miplib/medium-2/supportcase6.mps with config: /scratch/yorig/mpils-results-grid-seconds-5/medium-2/24proc/seed-5/9_supportcase6_seed-5_20260503_114052/iterated_local_search/run_3_worker_23/ils_config_567865206964468093.prm
[INFO]:[11:43:44] CPLEX results. Gap: 100.000000, upper bound: 102597.533860, lower bound: 0.000000
[INFO]:[11:43:44] CPLEX solver finished. Gap: 100.000000
[INFO]:[11:43:44] Initial configuration evaluated with objective value: 100
[INFO]:[11:43:44] Starting CPLEX solver on instance: /home/yorig/tuner/mpils-tests/instances/miplib/medium-2/supportcase6.mps with config: /scratch/yorig/mpils-results-grid-seconds-5/medium-2/24proc/seed-5/9_supportcase6_seed-5_20260503_114052/iterated_local_search/run_3_worker_23/ils_config_6528904967358763677.prm
[INFO]:[11:43:44] Starting CPLEX solver on instance: /home/yorig/tuner/mpils-tests/instances/miplib/medium-2/supportcase6.mps with config: /scratch/yorig/mpils-results-grid-seconds-5/medium-2/24proc/seed-5/9_supportcase6_seed-5_20260503_114052/iterated_local_search/run_3_worker_23/ils_config_6528904967358763677.prm
[INFO]:[11:43:49] CPLEX results. Gap: 100.000000, upper bound: 102597.533860, lower bound: 0.000000
[INFO]:[11:43:49] CPLEX solver finished. Gap: 100.000000
[INFO]:[11:43:49] Starting CPLEX solver on instance: /home/yorig/tuner/mpils-tests/instances/miplib/medium-2/supportcase6.mps with config: /scratch/yorig/mpils-results-grid-seconds-5/medium-2/24proc/seed-5/9_supportcase6_seed-5_20260503_114052/iterated_local_search/run_3_worker_23/ils_config_12521287227072387683.prm
[INFO]:[11:43:49] Starting CPLEX solver on instance: /home/yorig/tuner/mpils-tests/instances/miplib/medium-2/supportcase6.mps with config: /scratch/yorig/mpils-results-grid-seconds-5/medium-2/24proc/seed-5/9_supportcase6_seed-5_20260503_114052/iterated_local_search/run_3_worker_23/ils_config_12521287227072387683.prm
[INFO]:[11:43:55] CPLEX results. Gap: 100.000000, upper bound: 102597.533860, lower bound: 0.000000
[INFO]:[11:43:55] CPLEX solver finished. Gap: 100.000000
[INFO]:[11:43:55] Received global ILS stop signal from rank 1.
[INFO]:[11:43:55] Local search phase completed.
[INFO]:[11:43:55] Total number of new local-search evaluations: 3
[INFO]:[11:43:55] Final incumbent objective value: 100
[INFO]:[11:43:55] Worker 23 completed exploration phase.
[INFO]:[11:43:55] Worker 23 received order for step 3.
[INFO]:[11:43:55] Worker 23 finished.
