[INFO]:[04:20:27] Worker 7 starting.
[INFO]:[04:20:27] Worker 7 received order for step 1.
[INFO]:[04:20:27] Worker 7 running exploration phase for iteration 1.
[INFO]:[04:20:27] Worker 7 at iteration 1 will not use a MIP start file. Current best MIP-start upper bound threshold is 1.79769e+308.
[INFO]:[04:20:27] Starting local search phase...
[INFO]:[04:20:27] Creating local search space from parameter space file: /scratch/yorig/mpils-results-grid-seconds-5-watchdog/medium-1/8proc/seed-1/6_momentum1_seed-1_20260504_042026/iterated_local_search/search_space/search_space_file_1_worker_7.txt
[INFO]:[04:20:27] Local search space loaded from file: /scratch/yorig/mpils-results-grid-seconds-5-watchdog/medium-1/8proc/seed-1/6_momentum1_seed-1_20260504_042026/iterated_local_search/search_space/search_space_file_1_worker_7.txt
[INFO]:[04:20:27] Number of parameters in local search space: 71
[INFO]:[04:20:27] Number of forbidden tuples in local search space: 0
[INFO]:[04:20:27] Number of conditionals in local search space: 6
[INFO]:[04:20:27] MIP start option not enabled. Local search will proceed without MIP start.
[INFO]:[04:20:27] Evaluating initial configuration for local search phase...
[INFO]:[04:20:27] Starting CPLEX solver on instance: /home/yorig/tuner/mpils-tests/instances/miplib/medium-1/momentum1.mps with config: /scratch/yorig/mpils-results-grid-seconds-5-watchdog/medium-1/8proc/seed-1/6_momentum1_seed-1_20260504_042026/iterated_local_search/run_1_worker_7/ils_config_3328272113575592546.prm
[INFO]:[04:20:27] Starting CPLEX solver on instance: /home/yorig/tuner/mpils-tests/instances/miplib/medium-1/momentum1.mps with config: /scratch/yorig/mpils-results-grid-seconds-5-watchdog/medium-1/8proc/seed-1/6_momentum1_seed-1_20260504_042026/iterated_local_search/run_1_worker_7/ils_config_3328272113575592546.prm
[INFO]:[04:20:32] CPLEX results. Gap: 25.040000, upper bound: 128431.628230, lower bound: 96271.763114
[INFO]:[04:20:32] CPLEX solver finished. Gap: 25.040000
[INFO]:[04:20:32] Initial configuration evaluated with objective value: 25.04
[INFO]:[04:20:32] Starting CPLEX solver on instance: /home/yorig/tuner/mpils-tests/instances/miplib/medium-1/momentum1.mps with config: /scratch/yorig/mpils-results-grid-seconds-5-watchdog/medium-1/8proc/seed-1/6_momentum1_seed-1_20260504_042026/iterated_local_search/run_1_worker_7/ils_config_16404540997480691519.prm
[INFO]:[04:20:32] Starting CPLEX solver on instance: /home/yorig/tuner/mpils-tests/instances/miplib/medium-1/momentum1.mps with config: /scratch/yorig/mpils-results-grid-seconds-5-watchdog/medium-1/8proc/seed-1/6_momentum1_seed-1_20260504_042026/iterated_local_search/run_1_worker_7/ils_config_16404540997480691519.prm
[INFO]:[04:20:37] CPLEX results. Gap: 21.070000, upper bound: 121996.049332, lower bound: 96289.434964
[INFO]:[04:20:37] CPLEX solver finished. Gap: 21.070000
[INFO]:[04:20:37] New incumbent found with objective value: 21.07
[INFO]:[04:20:37] Starting CPLEX solver on instance: /home/yorig/tuner/mpils-tests/instances/miplib/medium-1/momentum1.mps with config: /scratch/yorig/mpils-results-grid-seconds-5-watchdog/medium-1/8proc/seed-1/6_momentum1_seed-1_20260504_042026/iterated_local_search/run_1_worker_7/ils_config_1427103697420142585.prm
[INFO]:[04:20:37] Starting CPLEX solver on instance: /home/yorig/tuner/mpils-tests/instances/miplib/medium-1/momentum1.mps with config: /scratch/yorig/mpils-results-grid-seconds-5-watchdog/medium-1/8proc/seed-1/6_momentum1_seed-1_20260504_042026/iterated_local_search/run_1_worker_7/ils_config_1427103697420142585.prm
[INFO]:[04:20:42] CPLEX results. Gap: 25.040000, upper bound: 128431.628230, lower bound: 96271.763114
[INFO]:[04:20:42] CPLEX solver finished. Gap: 25.040000
[INFO]:[04:20:42] Starting CPLEX solver on instance: /home/yorig/tuner/mpils-tests/instances/miplib/medium-1/momentum1.mps with config: /scratch/yorig/mpils-results-grid-seconds-5-watchdog/medium-1/8proc/seed-1/6_momentum1_seed-1_20260504_042026/iterated_local_search/run_1_worker_7/ils_config_17902631289582558241.prm
[INFO]:[04:20:42] Starting CPLEX solver on instance: /home/yorig/tuner/mpils-tests/instances/miplib/medium-1/momentum1.mps with config: /scratch/yorig/mpils-results-grid-seconds-5-watchdog/medium-1/8proc/seed-1/6_momentum1_seed-1_20260504_042026/iterated_local_search/run_1_worker_7/ils_config_17902631289582558241.prm
[INFO]:[04:20:47] CPLEX results. Gap: 25.030000, upper bound: 128433.327440, lower bound: 96285.325442
[INFO]:[04:20:47] CPLEX solver finished. Gap: 25.030000
[INFO]:[04:20:47] Starting CPLEX solver on instance: /home/yorig/tuner/mpils-tests/instances/miplib/medium-1/momentum1.mps with config: /scratch/yorig/mpils-results-grid-seconds-5-watchdog/medium-1/8proc/seed-1/6_momentum1_seed-1_20260504_042026/iterated_local_search/run_1_worker_7/ils_config_9783563407472026101.prm
[INFO]:[04:20:47] Starting CPLEX solver on instance: /home/yorig/tuner/mpils-tests/instances/miplib/medium-1/momentum1.mps with config: /scratch/yorig/mpils-results-grid-seconds-5-watchdog/medium-1/8proc/seed-1/6_momentum1_seed-1_20260504_042026/iterated_local_search/run_1_worker_7/ils_config_9783563407472026101.prm
[INFO]:[04:20:53] CPLEX results. Gap: 68.760000, upper bound: 308141.563210, lower bound: 96276.900158
[INFO]:[04:20:53] CPLEX solver finished. Gap: 68.760000
[INFO]:[04:20:53] Starting CPLEX solver on instance: /home/yorig/tuner/mpils-tests/instances/miplib/medium-1/momentum1.mps with config: /scratch/yorig/mpils-results-grid-seconds-5-watchdog/medium-1/8proc/seed-1/6_momentum1_seed-1_20260504_042026/iterated_local_search/run_1_worker_7/ils_config_12212797759371304164.prm
[INFO]:[04:20:53] Starting CPLEX solver on instance: /home/yorig/tuner/mpils-tests/instances/miplib/medium-1/momentum1.mps with config: /scratch/yorig/mpils-results-grid-seconds-5-watchdog/medium-1/8proc/seed-1/6_momentum1_seed-1_20260504_042026/iterated_local_search/run_1_worker_7/ils_config_12212797759371304164.prm
[INFO]:[04:20:58] CPLEX results. Gap: 21.070000, upper bound: 121996.049332, lower bound: 96289.434964
[INFO]:[04:20:58] CPLEX solver finished. Gap: 21.070000
[INFO]:[04:20:58] Starting CPLEX solver on instance: /home/yorig/tuner/mpils-tests/instances/miplib/medium-1/momentum1.mps with config: /scratch/yorig/mpils-results-grid-seconds-5-watchdog/medium-1/8proc/seed-1/6_momentum1_seed-1_20260504_042026/iterated_local_search/run_1_worker_7/ils_config_11236455298577178501.prm
[INFO]:[04:20:58] Starting CPLEX solver on instance: /home/yorig/tuner/mpils-tests/instances/miplib/medium-1/momentum1.mps with config: /scratch/yorig/mpils-results-grid-seconds-5-watchdog/medium-1/8proc/seed-1/6_momentum1_seed-1_20260504_042026/iterated_local_search/run_1_worker_7/ils_config_11236455298577178501.prm
[INFO]:[04:21:03] CPLEX results. Gap: 21.070000, upper bound: 121996.049332, lower bound: 96289.434964
[INFO]:[04:21:03] CPLEX solver finished. Gap: 21.070000
[INFO]:[04:21:03] Starting CPLEX solver on instance: /home/yorig/tuner/mpils-tests/instances/miplib/medium-1/momentum1.mps with config: /scratch/yorig/mpils-results-grid-seconds-5-watchdog/medium-1/8proc/seed-1/6_momentum1_seed-1_20260504_042026/iterated_local_search/run_1_worker_7/ils_config_2272366028230456651.prm
[INFO]:[04:21:03] Starting CPLEX solver on instance: /home/yorig/tuner/mpils-tests/instances/miplib/medium-1/momentum1.mps with config: /scratch/yorig/mpils-results-grid-seconds-5-watchdog/medium-1/8proc/seed-1/6_momentum1_seed-1_20260504_042026/iterated_local_search/run_1_worker_7/ils_config_2272366028230456651.prm
[INFO]:[04:21:08] CPLEX results. Gap: 25.030000, upper bound: 128443.171680, lower bound: 96289.376161
[INFO]:[04:21:08] CPLEX solver finished. Gap: 25.030000
[INFO]:[04:21:08] Starting CPLEX solver on instance: /home/yorig/tuner/mpils-tests/instances/miplib/medium-1/momentum1.mps with config: /scratch/yorig/mpils-results-grid-seconds-5-watchdog/medium-1/8proc/seed-1/6_momentum1_seed-1_20260504_042026/iterated_local_search/run_1_worker_7/ils_config_1685435198644608417.prm
[INFO]:[04:21:08] Starting CPLEX solver on instance: /home/yorig/tuner/mpils-tests/instances/miplib/medium-1/momentum1.mps with config: /scratch/yorig/mpils-results-grid-seconds-5-watchdog/medium-1/8proc/seed-1/6_momentum1_seed-1_20260504_042026/iterated_local_search/run_1_worker_7/ils_config_1685435198644608417.prm
[INFO]:[04:21:13] CPLEX results. Gap: 25.030000, upper bound: 128433.332950, lower bound: 96282.411318
[INFO]:[04:21:13] CPLEX solver finished. Gap: 25.030000
[INFO]:[04:21:13] Starting CPLEX solver on instance: /home/yorig/tuner/mpils-tests/instances/miplib/medium-1/momentum1.mps with config: /scratch/yorig/mpils-results-grid-seconds-5-watchdog/medium-1/8proc/seed-1/6_momentum1_seed-1_20260504_042026/iterated_local_search/run_1_worker_7/ils_config_4151432673869856974.prm
[INFO]:[04:21:13] Starting CPLEX solver on instance: /home/yorig/tuner/mpils-tests/instances/miplib/medium-1/momentum1.mps with config: /scratch/yorig/mpils-results-grid-seconds-5-watchdog/medium-1/8proc/seed-1/6_momentum1_seed-1_20260504_042026/iterated_local_search/run_1_worker_7/ils_config_4151432673869856974.prm
[INFO]:[04:21:18] CPLEX results. Gap: 21.070000, upper bound: 121996.049332, lower bound: 96289.434964
[INFO]:[04:21:18] CPLEX solver finished. Gap: 21.070000
[INFO]:[04:21:18] Starting CPLEX solver on instance: /home/yorig/tuner/mpils-tests/instances/miplib/medium-1/momentum1.mps with config: /scratch/yorig/mpils-results-grid-seconds-5-watchdog/medium-1/8proc/seed-1/6_momentum1_seed-1_20260504_042026/iterated_local_search/run_1_worker_7/ils_config_10107896007047403765.prm
[INFO]:[04:21:18] Starting CPLEX solver on instance: /home/yorig/tuner/mpils-tests/instances/miplib/medium-1/momentum1.mps with config: /scratch/yorig/mpils-results-grid-seconds-5-watchdog/medium-1/8proc/seed-1/6_momentum1_seed-1_20260504_042026/iterated_local_search/run_1_worker_7/ils_config_10107896007047403765.prm
[INFO]:[04:21:23] CPLEX results. Gap: 21.070000, upper bound: 121996.049332, lower bound: 96289.434964
[INFO]:[04:21:23] CPLEX solver finished. Gap: 21.070000
[INFO]:[04:21:23] Starting CPLEX solver on instance: /home/yorig/tuner/mpils-tests/instances/miplib/medium-1/momentum1.mps with config: /scratch/yorig/mpils-results-grid-seconds-5-watchdog/medium-1/8proc/seed-1/6_momentum1_seed-1_20260504_042026/iterated_local_search/run_1_worker_7/ils_config_14219678067103556017.prm
[INFO]:[04:21:23] Starting CPLEX solver on instance: /home/yorig/tuner/mpils-tests/instances/miplib/medium-1/momentum1.mps with config: /scratch/yorig/mpils-results-grid-seconds-5-watchdog/medium-1/8proc/seed-1/6_momentum1_seed-1_20260504_042026/iterated_local_search/run_1_worker_7/ils_config_14219678067103556017.prm
[INFO]:[04:21:28] CPLEX results. Gap: 21.070000, upper bound: 121996.049332, lower bound: 96289.434964
[INFO]:[04:21:28] CPLEX solver finished. Gap: 21.070000
[INFO]:[04:21:28] Starting CPLEX solver on instance: /home/yorig/tuner/mpils-tests/instances/miplib/medium-1/momentum1.mps with config: /scratch/yorig/mpils-results-grid-seconds-5-watchdog/medium-1/8proc/seed-1/6_momentum1_seed-1_20260504_042026/iterated_local_search/run_1_worker_7/ils_config_5548617271192656787.prm
[INFO]:[04:21:28] Starting CPLEX solver on instance: /home/yorig/tuner/mpils-tests/instances/miplib/medium-1/momentum1.mps with config: /scratch/yorig/mpils-results-grid-seconds-5-watchdog/medium-1/8proc/seed-1/6_momentum1_seed-1_20260504_042026/iterated_local_search/run_1_worker_7/ils_config_5548617271192656787.prm
[INFO]:[04:21:33] CPLEX results. Gap: 21.070000, upper bound: 121996.049332, lower bound: 96289.434964
[INFO]:[04:21:33] CPLEX solver finished. Gap: 21.070000
[INFO]:[04:21:33] Starting CPLEX solver on instance: /home/yorig/tuner/mpils-tests/instances/miplib/medium-1/momentum1.mps with config: /scratch/yorig/mpils-results-grid-seconds-5-watchdog/medium-1/8proc/seed-1/6_momentum1_seed-1_20260504_042026/iterated_local_search/run_1_worker_7/ils_config_1407821851467905246.prm
[INFO]:[04:21:33] Starting CPLEX solver on instance: /home/yorig/tuner/mpils-tests/instances/miplib/medium-1/momentum1.mps with config: /scratch/yorig/mpils-results-grid-seconds-5-watchdog/medium-1/8proc/seed-1/6_momentum1_seed-1_20260504_042026/iterated_local_search/run_1_worker_7/ils_config_1407821851467905246.prm
[INFO]:[04:21:38] CPLEX results. Gap: 25.010000, upper bound: 128392.319533, lower bound: 96285.325442
[INFO]:[04:21:38] CPLEX solver finished. Gap: 25.010000
[INFO]:[04:21:38] Starting CPLEX solver on instance: /home/yorig/tuner/mpils-tests/instances/miplib/medium-1/momentum1.mps with config: /scratch/yorig/mpils-results-grid-seconds-5-watchdog/medium-1/8proc/seed-1/6_momentum1_seed-1_20260504_042026/iterated_local_search/run_1_worker_7/ils_config_11712197438695978915.prm
[INFO]:[04:21:38] Starting CPLEX solver on instance: /home/yorig/tuner/mpils-tests/instances/miplib/medium-1/momentum1.mps with config: /scratch/yorig/mpils-results-grid-seconds-5-watchdog/medium-1/8proc/seed-1/6_momentum1_seed-1_20260504_042026/iterated_local_search/run_1_worker_7/ils_config_11712197438695978915.prm
[INFO]:[04:21:43] CPLEX results. Gap: 21.050000, upper bound: 122000.612965, lower bound: 96313.719428
[INFO]:[04:21:43] CPLEX solver finished. Gap: 21.050000
[INFO]:[04:21:43] New incumbent found with objective value: 21.05
[INFO]:[04:21:43] Starting CPLEX solver on instance: /home/yorig/tuner/mpils-tests/instances/miplib/medium-1/momentum1.mps with config: /scratch/yorig/mpils-results-grid-seconds-5-watchdog/medium-1/8proc/seed-1/6_momentum1_seed-1_20260504_042026/iterated_local_search/run_1_worker_7/ils_config_5824984282616526339.prm
[INFO]:[04:21:43] Starting CPLEX solver on instance: /home/yorig/tuner/mpils-tests/instances/miplib/medium-1/momentum1.mps with config: /scratch/yorig/mpils-results-grid-seconds-5-watchdog/medium-1/8proc/seed-1/6_momentum1_seed-1_20260504_042026/iterated_local_search/run_1_worker_7/ils_config_5824984282616526339.prm
[INFO]:[04:21:48] CPLEX results. Gap: 21.060000, upper bound: 122000.613069, lower bound: 96309.443498
[INFO]:[04:21:48] CPLEX solver finished. Gap: 21.060000
[INFO]:[04:21:48] Starting CPLEX solver on instance: /home/yorig/tuner/mpils-tests/instances/miplib/medium-1/momentum1.mps with config: /scratch/yorig/mpils-results-grid-seconds-5-watchdog/medium-1/8proc/seed-1/6_momentum1_seed-1_20260504_042026/iterated_local_search/run_1_worker_7/ils_config_5495184218242772616.prm
[INFO]:[04:21:48] Starting CPLEX solver on instance: /home/yorig/tuner/mpils-tests/instances/miplib/medium-1/momentum1.mps with config: /scratch/yorig/mpils-results-grid-seconds-5-watchdog/medium-1/8proc/seed-1/6_momentum1_seed-1_20260504_042026/iterated_local_search/run_1_worker_7/ils_config_5495184218242772616.prm
[INFO]:[04:21:53] CPLEX results. Gap: 67.400000, upper bound: 295335.239797, lower bound: 96293.514260
[INFO]:[04:21:53] CPLEX solver finished. Gap: 67.400000
[INFO]:[04:21:53] Starting CPLEX solver on instance: /home/yorig/tuner/mpils-tests/instances/miplib/medium-1/momentum1.mps with config: /scratch/yorig/mpils-results-grid-seconds-5-watchdog/medium-1/8proc/seed-1/6_momentum1_seed-1_20260504_042026/iterated_local_search/run_1_worker_7/ils_config_3655534089992898723.prm
[INFO]:[04:21:53] Starting CPLEX solver on instance: /home/yorig/tuner/mpils-tests/instances/miplib/medium-1/momentum1.mps with config: /scratch/yorig/mpils-results-grid-seconds-5-watchdog/medium-1/8proc/seed-1/6_momentum1_seed-1_20260504_042026/iterated_local_search/run_1_worker_7/ils_config_3655534089992898723.prm
[INFO]:[04:21:58] CPLEX results. Gap: 21.050000, upper bound: 122000.612965, lower bound: 96313.719428
[INFO]:[04:21:58] CPLEX solver finished. Gap: 21.050000
[INFO]:[04:21:58] Starting CPLEX solver on instance: /home/yorig/tuner/mpils-tests/instances/miplib/medium-1/momentum1.mps with config: /scratch/yorig/mpils-results-grid-seconds-5-watchdog/medium-1/8proc/seed-1/6_momentum1_seed-1_20260504_042026/iterated_local_search/run_1_worker_7/ils_config_9556263409914719993.prm
[INFO]:[04:21:58] Starting CPLEX solver on instance: /home/yorig/tuner/mpils-tests/instances/miplib/medium-1/momentum1.mps with config: /scratch/yorig/mpils-results-grid-seconds-5-watchdog/medium-1/8proc/seed-1/6_momentum1_seed-1_20260504_042026/iterated_local_search/run_1_worker_7/ils_config_9556263409914719993.prm
[INFO]:[04:22:03] CPLEX results. Gap: 21.050000, upper bound: 122000.612965, lower bound: 96313.719428
[INFO]:[04:22:03] CPLEX solver finished. Gap: 21.050000
[INFO]:[04:22:03] Starting CPLEX solver on instance: /home/yorig/tuner/mpils-tests/instances/miplib/medium-1/momentum1.mps with config: /scratch/yorig/mpils-results-grid-seconds-5-watchdog/medium-1/8proc/seed-1/6_momentum1_seed-1_20260504_042026/iterated_local_search/run_1_worker_7/ils_config_17663351008820971214.prm
[INFO]:[04:22:03] Starting CPLEX solver on instance: /home/yorig/tuner/mpils-tests/instances/miplib/medium-1/momentum1.mps with config: /scratch/yorig/mpils-results-grid-seconds-5-watchdog/medium-1/8proc/seed-1/6_momentum1_seed-1_20260504_042026/iterated_local_search/run_1_worker_7/ils_config_17663351008820971214.prm
[INFO]:[04:22:08] CPLEX results. Gap: 21.060000, upper bound: 122000.613069, lower bound: 96309.443498
[INFO]:[04:22:08] CPLEX solver finished. Gap: 21.060000
[INFO]:[04:22:08] Local search phase completed.
[INFO]:[04:22:08] Total number of new local-search evaluations: 20
[INFO]:[04:22:08] Final incumbent objective value: 21.05
[INFO]:[04:22:08] Worker 7 completed exploration phase.
[INFO]:[04:22:08] Worker 7 received order for step 2.
[INFO]:[04:22:08] Worker 7 running expansion phase for iteration 1.
[INFO]:[04:22:08] Worker 7 will use solver log file: /scratch/yorig/mpils-results-grid-seconds-5-watchdog/medium-1/8proc/seed-1/6_momentum1_seed-1_20260504_042026/solver/cplex.log_iteration_expansion_1_worker_7
[INFO]:[04:22:08] Expansion Worker 7 starting expansion for iteration 1.
[INFO]:[04:22:08] Starting CPLEX solver on instance: /home/yorig/tuner/mpils-tests/instances/miplib/medium-1/momentum1.mps with config: /scratch/yorig/mpils-results-grid-seconds-5-watchdog/medium-1/8proc/seed-1/6_momentum1_seed-1_20260504_042026/expansion/config_param_CPXPARAM_MIP_Strategy_Branch_1_iter_1.prm
[INFO]:[04:22:14] CPLEX results. Gap: 48.280000, upper bound: 186146.654569, lower bound: 96278.708284
[INFO]:[04:22:14] CPLEX solver finished. Gap: 48.280000
[INFO]:[04:22:14] Starting CPLEX solver on instance: /home/yorig/tuner/mpils-tests/instances/miplib/medium-1/momentum1.mps with config: /scratch/yorig/mpils-results-grid-seconds-5-watchdog/medium-1/8proc/seed-1/6_momentum1_seed-1_20260504_042026/expansion/config_param_CPXPARAM_MIP_Limits_CutsFactor_1_iter_1.prm
[INFO]:[04:22:19] CPLEX results. Gap: 19.600000, upper bound: 109159.220245, lower bound: 87768.965402
[INFO]:[04:22:19] CPLEX solver finished. Gap: 19.600000
[INFO]:[04:22:19] Starting CPLEX solver on instance: /home/yorig/tuner/mpils-tests/instances/miplib/medium-1/momentum1.mps with config: /scratch/yorig/mpils-results-grid-seconds-5-watchdog/medium-1/8proc/seed-1/6_momentum1_seed-1_20260504_042026/expansion/config_param_CPXPARAM_MIP_Limits_CutsFactor_2_iter_1.prm
[INFO]:[04:22:24] CPLEX results. Gap: 11.810000, upper bound: 109159.497265, lower bound: 96262.606217
[INFO]:[04:22:24] CPLEX solver finished. Gap: 11.810000
[INFO]:[04:22:24] Starting CPLEX solver on instance: /home/yorig/tuner/mpils-tests/instances/miplib/medium-1/momentum1.mps with config: /scratch/yorig/mpils-results-grid-seconds-5-watchdog/medium-1/8proc/seed-1/6_momentum1_seed-1_20260504_042026/expansion/config_param_CPXPARAM_MIP_Limits_CutsFactor_4_iter_1.prm
[INFO]:[04:22:29] CPLEX results. Gap: 11.810000, upper bound: 109159.497265, lower bound: 96262.606217
[INFO]:[04:22:29] CPLEX solver finished. Gap: 11.810000
[INFO]:[04:22:29] Starting CPLEX solver on instance: /home/yorig/tuner/mpils-tests/instances/miplib/medium-1/momentum1.mps with config: /scratch/yorig/mpils-results-grid-seconds-5-watchdog/medium-1/8proc/seed-1/6_momentum1_seed-1_20260504_042026/expansion/config_param_CPXPARAM_MIP_Limits_CutsFactor_8_iter_1.prm
[INFO]:[04:22:34] CPLEX results. Gap: 11.810000, upper bound: 109159.497265, lower bound: 96262.606217
[INFO]:[04:22:34] CPLEX solver finished. Gap: 11.810000
[INFO]:[04:22:34] Starting CPLEX solver on instance: /home/yorig/tuner/mpils-tests/instances/miplib/medium-1/momentum1.mps with config: /scratch/yorig/mpils-results-grid-seconds-5-watchdog/medium-1/8proc/seed-1/6_momentum1_seed-1_20260504_042026/expansion/config_param_CPXPARAM_MIP_Limits_CutsFactor_16_iter_1.prm
[INFO]:[04:22:39] CPLEX results. Gap: 11.810000, upper bound: 109159.497265, lower bound: 96262.606217
[INFO]:[04:22:39] CPLEX solver finished. Gap: 11.810000
[INFO]:[04:22:44] Expansion Worker 7 stopping early after global MPI expansion stop was activated.
[INFO]:[04:22:44] Expansion Worker 7 completed expansion.
[INFO]:[04:22:44] Worker 7 completed expansion phase.
[INFO]:[04:22:44] Worker 7 received order for step 1.
[INFO]:[04:22:44] Worker 7 running exploration phase for iteration 2.
[INFO]:[04:22:44] Worker 7 at iteration 2 will not use a MIP start file. Current best MIP-start upper bound threshold is 1.79769e+308.
[INFO]:[04:22:44] Starting local search phase...
[INFO]:[04:22:44] Creating local search space from parameter space file: /scratch/yorig/mpils-results-grid-seconds-5-watchdog/medium-1/8proc/seed-1/6_momentum1_seed-1_20260504_042026/iterated_local_search/search_space/search_space_file_2_worker_7.txt
[INFO]:[04:22:44] Local search space loaded from file: /scratch/yorig/mpils-results-grid-seconds-5-watchdog/medium-1/8proc/seed-1/6_momentum1_seed-1_20260504_042026/iterated_local_search/search_space/search_space_file_2_worker_7.txt
[INFO]:[04:22:44] Number of parameters in local search space: 71
[INFO]:[04:22:44] Number of forbidden tuples in local search space: 25
[INFO]:[04:22:44] Number of conditionals in local search space: 6
[INFO]:[04:22:44] MIP start option not enabled. Local search will proceed without MIP start.
[INFO]:[04:22:44] Evaluating initial configuration for local search phase...
[INFO]:[04:22:44] Starting CPLEX solver on instance: /home/yorig/tuner/mpils-tests/instances/miplib/medium-1/momentum1.mps with config: /scratch/yorig/mpils-results-grid-seconds-5-watchdog/medium-1/8proc/seed-1/6_momentum1_seed-1_20260504_042026/iterated_local_search/run_2_worker_7/ils_config_6630510543360600997.prm
[INFO]:[04:22:44] Starting CPLEX solver on instance: /home/yorig/tuner/mpils-tests/instances/miplib/medium-1/momentum1.mps with config: /scratch/yorig/mpils-results-grid-seconds-5-watchdog/medium-1/8proc/seed-1/6_momentum1_seed-1_20260504_042026/iterated_local_search/run_2_worker_7/ils_config_6630510543360600997.prm
[INFO]:[04:22:49] CPLEX results. Gap: 68.760000, upper bound: 308123.031398, lower bound: 96263.222942
[INFO]:[04:22:49] CPLEX solver finished. Gap: 68.760000
[INFO]:[04:22:49] Initial configuration evaluated with objective value: 68.76
[INFO]:[04:22:49] Starting CPLEX solver on instance: /home/yorig/tuner/mpils-tests/instances/miplib/medium-1/momentum1.mps with config: /scratch/yorig/mpils-results-grid-seconds-5-watchdog/medium-1/8proc/seed-1/6_momentum1_seed-1_20260504_042026/iterated_local_search/run_2_worker_7/ils_config_15462346719527627483.prm
[INFO]:[04:22:49] Starting CPLEX solver on instance: /home/yorig/tuner/mpils-tests/instances/miplib/medium-1/momentum1.mps with config: /scratch/yorig/mpils-results-grid-seconds-5-watchdog/medium-1/8proc/seed-1/6_momentum1_seed-1_20260504_042026/iterated_local_search/run_2_worker_7/ils_config_15462346719527627483.prm
[INFO]:[04:22:54] CPLEX results. Gap: 68.760000, upper bound: 308123.031398, lower bound: 96263.222942
[INFO]:[04:22:54] CPLEX solver finished. Gap: 68.760000
[INFO]:[04:22:54] Starting CPLEX solver on instance: /home/yorig/tuner/mpils-tests/instances/miplib/medium-1/momentum1.mps with config: /scratch/yorig/mpils-results-grid-seconds-5-watchdog/medium-1/8proc/seed-1/6_momentum1_seed-1_20260504_042026/iterated_local_search/run_2_worker_7/ils_config_12536109060772293075.prm
[INFO]:[04:22:54] Starting CPLEX solver on instance: /home/yorig/tuner/mpils-tests/instances/miplib/medium-1/momentum1.mps with config: /scratch/yorig/mpils-results-grid-seconds-5-watchdog/medium-1/8proc/seed-1/6_momentum1_seed-1_20260504_042026/iterated_local_search/run_2_worker_7/ils_config_12536109060772293075.prm
[INFO]:[04:22:59] CPLEX results. Gap: 68.760000, upper bound: 308096.169106, lower bound: 96264.085208
[INFO]:[04:22:59] CPLEX solver finished. Gap: 68.760000
[INFO]:[04:22:59] Starting CPLEX solver on instance: /home/yorig/tuner/mpils-tests/instances/miplib/medium-1/momentum1.mps with config: /scratch/yorig/mpils-results-grid-seconds-5-watchdog/medium-1/8proc/seed-1/6_momentum1_seed-1_20260504_042026/iterated_local_search/run_2_worker_7/ils_config_1651644959192352001.prm
[INFO]:[04:22:59] Starting CPLEX solver on instance: /home/yorig/tuner/mpils-tests/instances/miplib/medium-1/momentum1.mps with config: /scratch/yorig/mpils-results-grid-seconds-5-watchdog/medium-1/8proc/seed-1/6_momentum1_seed-1_20260504_042026/iterated_local_search/run_2_worker_7/ils_config_1651644959192352001.prm
[INFO]:[04:23:04] CPLEX results. Gap: 64.300000, upper bound: 269661.907503, lower bound: 96274.611242
[INFO]:[04:23:04] CPLEX solver finished. Gap: 64.300000
[INFO]:[04:23:04] New incumbent found with objective value: 64.3
[INFO]:[04:23:04] Starting CPLEX solver on instance: /home/yorig/tuner/mpils-tests/instances/miplib/medium-1/momentum1.mps with config: /scratch/yorig/mpils-results-grid-seconds-5-watchdog/medium-1/8proc/seed-1/6_momentum1_seed-1_20260504_042026/iterated_local_search/run_2_worker_7/ils_config_9137464603383732541.prm
[INFO]:[04:23:04] Starting CPLEX solver on instance: /home/yorig/tuner/mpils-tests/instances/miplib/medium-1/momentum1.mps with config: /scratch/yorig/mpils-results-grid-seconds-5-watchdog/medium-1/8proc/seed-1/6_momentum1_seed-1_20260504_042026/iterated_local_search/run_2_worker_7/ils_config_9137464603383732541.prm
[INFO]:[04:23:09] CPLEX results. Gap: 64.300000, upper bound: 269661.907503, lower bound: 96274.611242
[INFO]:[04:23:09] CPLEX solver finished. Gap: 64.300000
[INFO]:[04:23:09] Starting CPLEX solver on instance: /home/yorig/tuner/mpils-tests/instances/miplib/medium-1/momentum1.mps with config: /scratch/yorig/mpils-results-grid-seconds-5-watchdog/medium-1/8proc/seed-1/6_momentum1_seed-1_20260504_042026/iterated_local_search/run_2_worker_7/ils_config_13698671155161793908.prm
[INFO]:[04:23:09] Starting CPLEX solver on instance: /home/yorig/tuner/mpils-tests/instances/miplib/medium-1/momentum1.mps with config: /scratch/yorig/mpils-results-grid-seconds-5-watchdog/medium-1/8proc/seed-1/6_momentum1_seed-1_20260504_042026/iterated_local_search/run_2_worker_7/ils_config_13698671155161793908.prm
[INFO]:[04:23:14] CPLEX results. Gap: 68.720000, upper bound: 308121.734713, lower bound: 96380.471745
[INFO]:[04:23:14] CPLEX solver finished. Gap: 68.720000
[INFO]:[04:23:14] Starting CPLEX solver on instance: /home/yorig/tuner/mpils-tests/instances/miplib/medium-1/momentum1.mps with config: /scratch/yorig/mpils-results-grid-seconds-5-watchdog/medium-1/8proc/seed-1/6_momentum1_seed-1_20260504_042026/iterated_local_search/run_2_worker_7/ils_config_16842453455036867467.prm
[INFO]:[04:23:14] Starting CPLEX solver on instance: /home/yorig/tuner/mpils-tests/instances/miplib/medium-1/momentum1.mps with config: /scratch/yorig/mpils-results-grid-seconds-5-watchdog/medium-1/8proc/seed-1/6_momentum1_seed-1_20260504_042026/iterated_local_search/run_2_worker_7/ils_config_16842453455036867467.prm
[INFO]:[04:23:19] CPLEX results. Gap: 66.680000, upper bound: 288897.713506, lower bound: 96266.092524
[INFO]:[04:23:19] CPLEX solver finished. Gap: 66.680000
[INFO]:[04:23:19] Starting CPLEX solver on instance: /home/yorig/tuner/mpils-tests/instances/miplib/medium-1/momentum1.mps with config: /scratch/yorig/mpils-results-grid-seconds-5-watchdog/medium-1/8proc/seed-1/6_momentum1_seed-1_20260504_042026/iterated_local_search/run_2_worker_7/ils_config_14738348112893365477.prm
[INFO]:[04:23:19] Starting CPLEX solver on instance: /home/yorig/tuner/mpils-tests/instances/miplib/medium-1/momentum1.mps with config: /scratch/yorig/mpils-results-grid-seconds-5-watchdog/medium-1/8proc/seed-1/6_momentum1_seed-1_20260504_042026/iterated_local_search/run_2_worker_7/ils_config_14738348112893365477.prm
[INFO]:[04:23:24] CPLEX results. Gap: 69.390000, upper bound: 314571.074345, lower bound: 96275.453315
[INFO]:[04:23:24] CPLEX solver finished. Gap: 69.390000
[INFO]:[04:23:24] Starting CPLEX solver on instance: /home/yorig/tuner/mpils-tests/instances/miplib/medium-1/momentum1.mps with config: /scratch/yorig/mpils-results-grid-seconds-5-watchdog/medium-1/8proc/seed-1/6_momentum1_seed-1_20260504_042026/iterated_local_search/run_2_worker_7/ils_config_16283236148956760845.prm
[INFO]:[04:23:24] Starting CPLEX solver on instance: /home/yorig/tuner/mpils-tests/instances/miplib/medium-1/momentum1.mps with config: /scratch/yorig/mpils-results-grid-seconds-5-watchdog/medium-1/8proc/seed-1/6_momentum1_seed-1_20260504_042026/iterated_local_search/run_2_worker_7/ils_config_16283236148956760845.prm
[INFO]:[04:23:30] CPLEX results. Gap: 64.300000, upper bound: 269661.907503, lower bound: 96274.611242
[INFO]:[04:23:30] CPLEX solver finished. Gap: 64.300000
[INFO]:[04:23:30] Local search phase completed.
[INFO]:[04:23:30] Total number of new local-search evaluations: 9
[INFO]:[04:23:30] Final incumbent objective value: 64.3
[INFO]:[04:23:30] Worker 7 completed exploration phase.
[INFO]:[04:23:30] Worker 7 received order for step 2.
[INFO]:[04:23:30] Worker 7 running expansion phase for iteration 2.
[INFO]:[04:23:30] Worker 7 will use solver log file: /scratch/yorig/mpils-results-grid-seconds-5-watchdog/medium-1/8proc/seed-1/6_momentum1_seed-1_20260504_042026/solver/cplex.log_iteration_expansion_2_worker_7
[INFO]:[04:23:30] Expansion Worker 7 starting expansion for iteration 2.
[INFO]:[04:23:30] Starting CPLEX solver on instance: /home/yorig/tuner/mpils-tests/instances/miplib/medium-1/momentum1.mps with config: /scratch/yorig/mpils-results-grid-seconds-5-watchdog/medium-1/8proc/seed-1/6_momentum1_seed-1_20260504_042026/expansion/config_param_CPXPARAM_Simplex_DGradient_2_iter_2.prm
[INFO]:[04:23:35] CPLEX results. Gap: 16.700000, upper bound: 115563.452899, lower bound: 96262.316945
[INFO]:[04:23:35] CPLEX solver finished. Gap: 16.700000
[INFO]:[04:23:35] Starting CPLEX solver on instance: /home/yorig/tuner/mpils-tests/instances/miplib/medium-1/momentum1.mps with config: /scratch/yorig/mpils-results-grid-seconds-5-watchdog/medium-1/8proc/seed-1/6_momentum1_seed-1_20260504_042026/expansion/config_param_CPXPARAM_Simplex_DGradient_3_iter_2.prm
[INFO]:[04:23:40] CPLEX results. Gap: 16.740000, upper bound: 115610.701258, lower bound: 96262.316947
[INFO]:[04:23:40] CPLEX solver finished. Gap: 16.740000
[INFO]:[04:23:40] Starting CPLEX solver on instance: /home/yorig/tuner/mpils-tests/instances/miplib/medium-1/momentum1.mps with config: /scratch/yorig/mpils-results-grid-seconds-5-watchdog/medium-1/8proc/seed-1/6_momentum1_seed-1_20260504_042026/expansion/config_param_CPXPARAM_Simplex_DGradient_4_iter_2.prm
[INFO]:[04:23:45] CPLEX results. Gap: 16.720000, upper bound: 115585.431425, lower bound: 96262.457968
[INFO]:[04:23:45] CPLEX solver finished. Gap: 16.720000
[INFO]:[04:23:45] Starting CPLEX solver on instance: /home/yorig/tuner/mpils-tests/instances/miplib/medium-1/momentum1.mps with config: /scratch/yorig/mpils-results-grid-seconds-5-watchdog/medium-1/8proc/seed-1/6_momentum1_seed-1_20260504_042026/expansion/config_param_CPXPARAM_Simplex_DGradient_5_iter_2.prm
[INFO]:[04:23:50] CPLEX results. Gap: 21.110000, upper bound: 122031.260615, lower bound: 96265.828722
[INFO]:[04:23:50] CPLEX solver finished. Gap: 21.110000
[INFO]:[04:23:55] Expansion Worker 7 completed expansion.
[INFO]:[04:23:55] Worker 7 completed expansion phase.
[INFO]:[04:23:55] Worker 7 received order for step 1.
[INFO]:[04:23:55] Worker 7 running exploration phase for iteration 3.
[INFO]:[04:23:55] Worker 7 at iteration 3 will not use a MIP start file. Current best MIP-start upper bound threshold is 1.79769e+308.
[INFO]:[04:23:55] Starting local search phase...
[INFO]:[04:23:55] Creating local search space from parameter space file: /scratch/yorig/mpils-results-grid-seconds-5-watchdog/medium-1/8proc/seed-1/6_momentum1_seed-1_20260504_042026/iterated_local_search/search_space/search_space_file_3_worker_7.txt
[INFO]:[04:23:55] Local search space loaded from file: /scratch/yorig/mpils-results-grid-seconds-5-watchdog/medium-1/8proc/seed-1/6_momentum1_seed-1_20260504_042026/iterated_local_search/search_space/search_space_file_3_worker_7.txt
[INFO]:[04:23:55] Number of parameters in local search space: 71
[INFO]:[04:23:55] Number of forbidden tuples in local search space: 22
[INFO]:[04:23:55] Number of conditionals in local search space: 6
[INFO]:[04:23:55] MIP start option not enabled. Local search will proceed without MIP start.
[INFO]:[04:23:55] Evaluating initial configuration for local search phase...
[INFO]:[04:23:55] Starting CPLEX solver on instance: /home/yorig/tuner/mpils-tests/instances/miplib/medium-1/momentum1.mps with config: /scratch/yorig/mpils-results-grid-seconds-5-watchdog/medium-1/8proc/seed-1/6_momentum1_seed-1_20260504_042026/iterated_local_search/run_3_worker_7/ils_config_2972182311463789740.prm
[INFO]:[04:23:55] Starting CPLEX solver on instance: /home/yorig/tuner/mpils-tests/instances/miplib/medium-1/momentum1.mps with config: /scratch/yorig/mpils-results-grid-seconds-5-watchdog/medium-1/8proc/seed-1/6_momentum1_seed-1_20260504_042026/iterated_local_search/run_3_worker_7/ils_config_2972182311463789740.prm
[INFO]:[04:24:00] CPLEX results. Gap: 71.160000, upper bound: 333808.747679, lower bound: 96258.795157
[INFO]:[04:24:00] CPLEX solver finished. Gap: 71.160000
[INFO]:[04:24:00] Initial configuration evaluated with objective value: 71.16
[INFO]:[04:24:00] Starting CPLEX solver on instance: /home/yorig/tuner/mpils-tests/instances/miplib/medium-1/momentum1.mps with config: /scratch/yorig/mpils-results-grid-seconds-5-watchdog/medium-1/8proc/seed-1/6_momentum1_seed-1_20260504_042026/iterated_local_search/run_3_worker_7/ils_config_16196638209235018026.prm
[INFO]:[04:24:00] Starting CPLEX solver on instance: /home/yorig/tuner/mpils-tests/instances/miplib/medium-1/momentum1.mps with config: /scratch/yorig/mpils-results-grid-seconds-5-watchdog/medium-1/8proc/seed-1/6_momentum1_seed-1_20260504_042026/iterated_local_search/run_3_worker_7/ils_config_16196638209235018026.prm
[INFO]:[04:24:05] CPLEX results. Gap: 71.160000, upper bound: 333808.747679, lower bound: 96258.794472
[INFO]:[04:24:05] CPLEX solver finished. Gap: 71.160000
[INFO]:[04:24:05] Starting CPLEX solver on instance: /home/yorig/tuner/mpils-tests/instances/miplib/medium-1/momentum1.mps with config: /scratch/yorig/mpils-results-grid-seconds-5-watchdog/medium-1/8proc/seed-1/6_momentum1_seed-1_20260504_042026/iterated_local_search/run_3_worker_7/ils_config_7308113530691061186.prm
[INFO]:[04:24:05] Starting CPLEX solver on instance: /home/yorig/tuner/mpils-tests/instances/miplib/medium-1/momentum1.mps with config: /scratch/yorig/mpils-results-grid-seconds-5-watchdog/medium-1/8proc/seed-1/6_momentum1_seed-1_20260504_042026/iterated_local_search/run_3_worker_7/ils_config_7308113530691061186.prm
[INFO]:[04:24:10] CPLEX results. Gap: 71.160000, upper bound: 333808.747679, lower bound: 96258.774796
[INFO]:[04:24:10] CPLEX solver finished. Gap: 71.160000
[INFO]:[04:24:10] Starting CPLEX solver on instance: /home/yorig/tuner/mpils-tests/instances/miplib/medium-1/momentum1.mps with config: /scratch/yorig/mpils-results-grid-seconds-5-watchdog/medium-1/8proc/seed-1/6_momentum1_seed-1_20260504_042026/iterated_local_search/run_3_worker_7/ils_config_2018294160420808355.prm
[INFO]:[04:24:10] Starting CPLEX solver on instance: /home/yorig/tuner/mpils-tests/instances/miplib/medium-1/momentum1.mps with config: /scratch/yorig/mpils-results-grid-seconds-5-watchdog/medium-1/8proc/seed-1/6_momentum1_seed-1_20260504_042026/iterated_local_search/run_3_worker_7/ils_config_2018294160420808355.prm
[INFO]:[04:24:15] CPLEX results. Gap: 71.160000, upper bound: 333809.066583, lower bound: 96258.800305
[INFO]:[04:24:15] CPLEX solver finished. Gap: 71.160000
[INFO]:[04:24:15] Starting CPLEX solver on instance: /home/yorig/tuner/mpils-tests/instances/miplib/medium-1/momentum1.mps with config: /scratch/yorig/mpils-results-grid-seconds-5-watchdog/medium-1/8proc/seed-1/6_momentum1_seed-1_20260504_042026/iterated_local_search/run_3_worker_7/ils_config_4595728450156074916.prm
[INFO]:[04:24:15] Starting CPLEX solver on instance: /home/yorig/tuner/mpils-tests/instances/miplib/medium-1/momentum1.mps with config: /scratch/yorig/mpils-results-grid-seconds-5-watchdog/medium-1/8proc/seed-1/6_momentum1_seed-1_20260504_042026/iterated_local_search/run_3_worker_7/ils_config_4595728450156074916.prm
[INFO]:[04:24:20] CPLEX results. Gap: 71.160000, upper bound: 333808.747679, lower bound: 96258.795157
[INFO]:[04:24:20] CPLEX solver finished. Gap: 71.160000
[INFO]:[04:24:20] Local search phase completed.
[INFO]:[04:24:20] Total number of new local-search evaluations: 5
[INFO]:[04:24:20] Final incumbent objective value: 71.16
[INFO]:[04:24:20] Worker 7 completed exploration phase.
[INFO]:[04:24:20] Worker 7 received order for step 2.
[INFO]:[04:24:20] Worker 7 running expansion phase for iteration 3.
[INFO]:[04:24:20] Worker 7 will use solver log file: /scratch/yorig/mpils-results-grid-seconds-5-watchdog/medium-1/8proc/seed-1/6_momentum1_seed-1_20260504_042026/solver/cplex.log_iteration_expansion_3_worker_7
[INFO]:[04:24:20] Expansion Worker 7 starting expansion for iteration 3.
[INFO]:[04:24:20] Starting CPLEX solver on instance: /home/yorig/tuner/mpils-tests/instances/miplib/medium-1/momentum1.mps with config: /scratch/yorig/mpils-results-grid-seconds-5-watchdog/medium-1/8proc/seed-1/6_momentum1_seed-1_20260504_042026/expansion/config_param_CPXPARAM_Preprocessing_CoeffReduce_2_iter_3.prm
[INFO]:[04:24:25] CPLEX results. Gap: 11.800000, upper bound: 109146.747636, lower bound: 96262.316947
[INFO]:[04:24:25] CPLEX solver finished. Gap: 11.800000
[INFO]:[04:24:25] Starting CPLEX solver on instance: /home/yorig/tuner/mpils-tests/instances/miplib/medium-1/momentum1.mps with config: /scratch/yorig/mpils-results-grid-seconds-5-watchdog/medium-1/8proc/seed-1/6_momentum1_seed-1_20260504_042026/expansion/config_param_CPXPARAM_Preprocessing_CoeffReduce_3_iter_3.prm
[INFO]:[04:24:30] CPLEX results. Gap: 11.800000, upper bound: 109146.747636, lower bound: 96262.316947
[INFO]:[04:24:30] CPLEX solver finished. Gap: 11.800000
[INFO]:[04:24:30] Starting CPLEX solver on instance: /home/yorig/tuner/mpils-tests/instances/miplib/medium-1/momentum1.mps with config: /scratch/yorig/mpils-results-grid-seconds-5-watchdog/medium-1/8proc/seed-1/6_momentum1_seed-1_20260504_042026/expansion/config_param_CPXPARAM_Simplex_Crash_-1_iter_3.prm
[INFO]:[04:24:36] CPLEX results. Gap: 11.800000, upper bound: 109146.845967, lower bound: 96262.316947
[INFO]:[04:24:36] CPLEX solver finished. Gap: 11.800000
[INFO]:[04:24:36] Starting CPLEX solver on instance: /home/yorig/tuner/mpils-tests/instances/miplib/medium-1/momentum1.mps with config: /scratch/yorig/mpils-results-grid-seconds-5-watchdog/medium-1/8proc/seed-1/6_momentum1_seed-1_20260504_042026/expansion/config_param_CPXPARAM_Simplex_Crash_0_iter_3.prm
[INFO]:[04:24:41] CPLEX results. Gap: 11.800000, upper bound: 109146.845967, lower bound: 96262.316947
[INFO]:[04:24:41] CPLEX solver finished. Gap: 11.800000
[INFO]:[04:24:41] Expansion Worker 7 completed expansion.
[INFO]:[04:24:41] Worker 7 completed expansion phase.
[INFO]:[04:24:41] Worker 7 received order for step 1.
[INFO]:[04:24:41] Worker 7 running exploration phase for iteration 4.
[INFO]:[04:24:41] Worker 7 at iteration 4 will not use a MIP start file. Current best MIP-start upper bound threshold is 1.79769e+308.
[INFO]:[04:24:41] Starting local search phase...
[INFO]:[04:24:41] Creating local search space from parameter space file: /scratch/yorig/mpils-results-grid-seconds-5-watchdog/medium-1/8proc/seed-1/6_momentum1_seed-1_20260504_042026/iterated_local_search/search_space/search_space_file_4_worker_7.txt
[INFO]:[04:24:41] Local search space loaded from file: /scratch/yorig/mpils-results-grid-seconds-5-watchdog/medium-1/8proc/seed-1/6_momentum1_seed-1_20260504_042026/iterated_local_search/search_space/search_space_file_4_worker_7.txt
[INFO]:[04:24:41] Number of parameters in local search space: 71
[INFO]:[04:24:41] Number of forbidden tuples in local search space: 23
[INFO]:[04:24:41] Number of conditionals in local search space: 6
[INFO]:[04:24:41] MIP start option not enabled. Local search will proceed without MIP start.
[INFO]:[04:24:41] Evaluating initial configuration for local search phase...
[INFO]:[04:24:41] Starting CPLEX solver on instance: /home/yorig/tuner/mpils-tests/instances/miplib/medium-1/momentum1.mps with config: /scratch/yorig/mpils-results-grid-seconds-5-watchdog/medium-1/8proc/seed-1/6_momentum1_seed-1_20260504_042026/iterated_local_search/run_4_worker_7/ils_config_14536113102532223519.prm
[INFO]:[04:24:41] Starting CPLEX solver on instance: /home/yorig/tuner/mpils-tests/instances/miplib/medium-1/momentum1.mps with config: /scratch/yorig/mpils-results-grid-seconds-5-watchdog/medium-1/8proc/seed-1/6_momentum1_seed-1_20260504_042026/iterated_local_search/run_4_worker_7/ils_config_14536113102532223519.prm
[INFO]:[04:24:46] CPLEX results. Gap: 67.390000, upper bound: 295295.260848, lower bound: 96310.152011
[INFO]:[04:24:46] CPLEX solver finished. Gap: 67.390000
[INFO]:[04:24:46] Initial configuration evaluated with objective value: 67.39
[INFO]:[04:24:46] Starting CPLEX solver on instance: /home/yorig/tuner/mpils-tests/instances/miplib/medium-1/momentum1.mps with config: /scratch/yorig/mpils-results-grid-seconds-5-watchdog/medium-1/8proc/seed-1/6_momentum1_seed-1_20260504_042026/iterated_local_search/run_4_worker_7/ils_config_10942412395646446772.prm
[INFO]:[04:24:46] Starting CPLEX solver on instance: /home/yorig/tuner/mpils-tests/instances/miplib/medium-1/momentum1.mps with config: /scratch/yorig/mpils-results-grid-seconds-5-watchdog/medium-1/8proc/seed-1/6_momentum1_seed-1_20260504_042026/iterated_local_search/run_4_worker_7/ils_config_10942412395646446772.prm
[INFO]:[04:24:51] CPLEX results. Gap: 68.740000, upper bound: 308124.652483, lower bound: 96306.229753
[INFO]:[04:24:51] CPLEX solver finished. Gap: 68.740000
[INFO]:[04:24:51] Starting CPLEX solver on instance: /home/yorig/tuner/mpils-tests/instances/miplib/medium-1/momentum1.mps with config: /scratch/yorig/mpils-results-grid-seconds-5-watchdog/medium-1/8proc/seed-1/6_momentum1_seed-1_20260504_042026/iterated_local_search/run_4_worker_7/ils_config_16343043067486919096.prm
[INFO]:[04:24:51] Starting CPLEX solver on instance: /home/yorig/tuner/mpils-tests/instances/miplib/medium-1/momentum1.mps with config: /scratch/yorig/mpils-results-grid-seconds-5-watchdog/medium-1/8proc/seed-1/6_momentum1_seed-1_20260504_042026/iterated_local_search/run_4_worker_7/ils_config_16343043067486919096.prm
[INFO]:[04:24:56] CPLEX results. Gap: 65.910000, upper bound: 282486.210846, lower bound: 96286.469945
[INFO]:[04:24:56] CPLEX solver finished. Gap: 65.910000
[INFO]:[04:24:56] New incumbent found with objective value: 65.91
[INFO]:[04:24:56] Starting CPLEX solver on instance: /home/yorig/tuner/mpils-tests/instances/miplib/medium-1/momentum1.mps with config: /scratch/yorig/mpils-results-grid-seconds-5-watchdog/medium-1/8proc/seed-1/6_momentum1_seed-1_20260504_042026/iterated_local_search/run_4_worker_7/ils_config_2759229769342291559.prm
[INFO]:[04:24:56] Starting CPLEX solver on instance: /home/yorig/tuner/mpils-tests/instances/miplib/medium-1/momentum1.mps with config: /scratch/yorig/mpils-results-grid-seconds-5-watchdog/medium-1/8proc/seed-1/6_momentum1_seed-1_20260504_042026/iterated_local_search/run_4_worker_7/ils_config_2759229769342291559.prm
[INFO]:[04:25:01] CPLEX results. Gap: 70.000000, upper bound: 320961.941223, lower bound: 96280.987698
[INFO]:[04:25:01] CPLEX solver finished. Gap: 70.000000
[INFO]:[04:25:01] Starting CPLEX solver on instance: /home/yorig/tuner/mpils-tests/instances/miplib/medium-1/momentum1.mps with config: /scratch/yorig/mpils-results-grid-seconds-5-watchdog/medium-1/8proc/seed-1/6_momentum1_seed-1_20260504_042026/iterated_local_search/run_4_worker_7/ils_config_3272594707320012314.prm
[INFO]:[04:25:01] Starting CPLEX solver on instance: /home/yorig/tuner/mpils-tests/instances/miplib/medium-1/momentum1.mps with config: /scratch/yorig/mpils-results-grid-seconds-5-watchdog/medium-1/8proc/seed-1/6_momentum1_seed-1_20260504_042026/iterated_local_search/run_4_worker_7/ils_config_3272594707320012314.prm
[INFO]:[04:25:06] CPLEX results. Gap: 71.160000, upper bound: 333953.630703, lower bound: 96311.265792
[INFO]:[04:25:06] CPLEX solver finished. Gap: 71.160000
[INFO]:[04:25:06] Starting CPLEX solver on instance: /home/yorig/tuner/mpils-tests/instances/miplib/medium-1/momentum1.mps with config: /scratch/yorig/mpils-results-grid-seconds-5-watchdog/medium-1/8proc/seed-1/6_momentum1_seed-1_20260504_042026/iterated_local_search/run_4_worker_7/ils_config_7391300395398568470.prm
[INFO]:[04:25:06] Starting CPLEX solver on instance: /home/yorig/tuner/mpils-tests/instances/miplib/medium-1/momentum1.mps with config: /scratch/yorig/mpils-results-grid-seconds-5-watchdog/medium-1/8proc/seed-1/6_momentum1_seed-1_20260504_042026/iterated_local_search/run_4_worker_7/ils_config_7391300395398568470.prm
[INFO]:[04:25:11] CPLEX results. Gap: 65.910000, upper bound: 282486.210846, lower bound: 96286.469945
[INFO]:[04:25:11] CPLEX solver finished. Gap: 65.910000
[INFO]:[04:25:11] Starting CPLEX solver on instance: /home/yorig/tuner/mpils-tests/instances/miplib/medium-1/momentum1.mps with config: /scratch/yorig/mpils-results-grid-seconds-5-watchdog/medium-1/8proc/seed-1/6_momentum1_seed-1_20260504_042026/iterated_local_search/run_4_worker_7/ils_config_2184344283666912137.prm
[INFO]:[04:25:11] Starting CPLEX solver on instance: /home/yorig/tuner/mpils-tests/instances/miplib/medium-1/momentum1.mps with config: /scratch/yorig/mpils-results-grid-seconds-5-watchdog/medium-1/8proc/seed-1/6_momentum1_seed-1_20260504_042026/iterated_local_search/run_4_worker_7/ils_config_2184344283666912137.prm
[INFO]:[04:25:16] CPLEX results. Gap: 70.410000, upper bound: 314554.907733, lower bound: 93075.444482
[INFO]:[04:25:16] CPLEX solver finished. Gap: 70.410000
[INFO]:[04:25:16] Starting CPLEX solver on instance: /home/yorig/tuner/mpils-tests/instances/miplib/medium-1/momentum1.mps with config: /scratch/yorig/mpils-results-grid-seconds-5-watchdog/medium-1/8proc/seed-1/6_momentum1_seed-1_20260504_042026/iterated_local_search/run_4_worker_7/ils_config_17550017931149045701.prm
[INFO]:[04:25:16] Starting CPLEX solver on instance: /home/yorig/tuner/mpils-tests/instances/miplib/medium-1/momentum1.mps with config: /scratch/yorig/mpils-results-grid-seconds-5-watchdog/medium-1/8proc/seed-1/6_momentum1_seed-1_20260504_042026/iterated_local_search/run_4_worker_7/ils_config_17550017931149045701.prm
[INFO]:[04:25:21] CPLEX results. Gap: 65.120000, upper bound: 276072.098094, lower bound: 96292.105276
[INFO]:[04:25:21] CPLEX solver finished. Gap: 65.120000
[INFO]:[04:25:21] New incumbent found with objective value: 65.12
[INFO]:[04:25:21] Starting CPLEX solver on instance: /home/yorig/tuner/mpils-tests/instances/miplib/medium-1/momentum1.mps with config: /scratch/yorig/mpils-results-grid-seconds-5-watchdog/medium-1/8proc/seed-1/6_momentum1_seed-1_20260504_042026/iterated_local_search/run_4_worker_7/ils_config_3995051411807236732.prm
[INFO]:[04:25:21] Starting CPLEX solver on instance: /home/yorig/tuner/mpils-tests/instances/miplib/medium-1/momentum1.mps with config: /scratch/yorig/mpils-results-grid-seconds-5-watchdog/medium-1/8proc/seed-1/6_momentum1_seed-1_20260504_042026/iterated_local_search/run_4_worker_7/ils_config_3995051411807236732.prm
[INFO]:[04:25:26] CPLEX results. Gap: 67.390000, upper bound: 295317.648708, lower bound: 96289.835437
[INFO]:[04:25:26] CPLEX solver finished. Gap: 67.390000
[INFO]:[04:25:26] Starting CPLEX solver on instance: /home/yorig/tuner/mpils-tests/instances/miplib/medium-1/momentum1.mps with config: /scratch/yorig/mpils-results-grid-seconds-5-watchdog/medium-1/8proc/seed-1/6_momentum1_seed-1_20260504_042026/iterated_local_search/run_4_worker_7/ils_config_11913003449947571952.prm
[INFO]:[04:25:26] Starting CPLEX solver on instance: /home/yorig/tuner/mpils-tests/instances/miplib/medium-1/momentum1.mps with config: /scratch/yorig/mpils-results-grid-seconds-5-watchdog/medium-1/8proc/seed-1/6_momentum1_seed-1_20260504_042026/iterated_local_search/run_4_worker_7/ils_config_11913003449947571952.prm
[INFO]:[04:25:31] CPLEX results. Gap: 68.070000, upper bound: 301707.477498, lower bound: 96332.121166
[INFO]:[04:25:31] CPLEX solver finished. Gap: 68.070000
[INFO]:[04:25:31] Starting CPLEX solver on instance: /home/yorig/tuner/mpils-tests/instances/miplib/medium-1/momentum1.mps with config: /scratch/yorig/mpils-results-grid-seconds-5-watchdog/medium-1/8proc/seed-1/6_momentum1_seed-1_20260504_042026/iterated_local_search/run_4_worker_7/ils_config_1962283661895358818.prm
[INFO]:[04:25:31] Starting CPLEX solver on instance: /home/yorig/tuner/mpils-tests/instances/miplib/medium-1/momentum1.mps with config: /scratch/yorig/mpils-results-grid-seconds-5-watchdog/medium-1/8proc/seed-1/6_momentum1_seed-1_20260504_042026/iterated_local_search/run_4_worker_7/ils_config_1962283661895358818.prm
[INFO]:[04:25:36] CPLEX results. Gap: 65.120000, upper bound: 276072.098094, lower bound: 96292.105276
[INFO]:[04:25:36] CPLEX solver finished. Gap: 65.120000
[INFO]:[04:25:36] Starting CPLEX solver on instance: /home/yorig/tuner/mpils-tests/instances/miplib/medium-1/momentum1.mps with config: /scratch/yorig/mpils-results-grid-seconds-5-watchdog/medium-1/8proc/seed-1/6_momentum1_seed-1_20260504_042026/iterated_local_search/run_4_worker_7/ils_config_7133454240405632655.prm
[INFO]:[04:25:36] Starting CPLEX solver on instance: /home/yorig/tuner/mpils-tests/instances/miplib/medium-1/momentum1.mps with config: /scratch/yorig/mpils-results-grid-seconds-5-watchdog/medium-1/8proc/seed-1/6_momentum1_seed-1_20260504_042026/iterated_local_search/run_4_worker_7/ils_config_7133454240405632655.prm
[INFO]:[04:25:41] CPLEX results. Gap: 65.910000, upper bound: 282456.965444, lower bound: 96292.488023
[INFO]:[04:25:41] CPLEX solver finished. Gap: 65.910000
[INFO]:[04:25:41] Starting CPLEX solver on instance: /home/yorig/tuner/mpils-tests/instances/miplib/medium-1/momentum1.mps with config: /scratch/yorig/mpils-results-grid-seconds-5-watchdog/medium-1/8proc/seed-1/6_momentum1_seed-1_20260504_042026/iterated_local_search/run_4_worker_7/ils_config_4995918834399111781.prm
[INFO]:[04:25:41] Starting CPLEX solver on instance: /home/yorig/tuner/mpils-tests/instances/miplib/medium-1/momentum1.mps with config: /scratch/yorig/mpils-results-grid-seconds-5-watchdog/medium-1/8proc/seed-1/6_momentum1_seed-1_20260504_042026/iterated_local_search/run_4_worker_7/ils_config_4995918834399111781.prm
[INFO]:[04:25:46] CPLEX results. Gap: 68.470000, upper bound: 295250.391750, lower bound: 93083.492341
[INFO]:[04:25:46] CPLEX solver finished. Gap: 68.470000
[INFO]:[04:25:46] Starting CPLEX solver on instance: /home/yorig/tuner/mpils-tests/instances/miplib/medium-1/momentum1.mps with config: /scratch/yorig/mpils-results-grid-seconds-5-watchdog/medium-1/8proc/seed-1/6_momentum1_seed-1_20260504_042026/iterated_local_search/run_4_worker_7/ils_config_18358698264741587794.prm
[INFO]:[04:25:46] Starting CPLEX solver on instance: /home/yorig/tuner/mpils-tests/instances/miplib/medium-1/momentum1.mps with config: /scratch/yorig/mpils-results-grid-seconds-5-watchdog/medium-1/8proc/seed-1/6_momentum1_seed-1_20260504_042026/iterated_local_search/run_4_worker_7/ils_config_18358698264741587794.prm
[INFO]:[04:25:51] CPLEX results. Gap: 74.370000, upper bound: 327396.381848, lower bound: 83895.402971
[INFO]:[04:25:52] CPLEX solver finished. Gap: 74.370000
[INFO]:[04:25:52] Local search phase completed.
[INFO]:[04:25:52] Total number of new local-search evaluations: 14
[INFO]:[04:25:52] Final incumbent objective value: 65.12
[INFO]:[04:25:52] Worker 7 completed exploration phase.
[INFO]:[04:25:52] Worker 7 received order for step 2.
[INFO]:[04:25:52] Worker 7 running expansion phase for iteration 4.
[INFO]:[04:25:52] Worker 7 will use solver log file: /scratch/yorig/mpils-results-grid-seconds-5-watchdog/medium-1/8proc/seed-1/6_momentum1_seed-1_20260504_042026/solver/cplex.log_iteration_expansion_4_worker_7
[INFO]:[04:25:52] Expansion Worker 7 starting expansion for iteration 4.
[INFO]:[04:25:52] Starting CPLEX solver on instance: /home/yorig/tuner/mpils-tests/instances/miplib/medium-1/momentum1.mps with config: /scratch/yorig/mpils-results-grid-seconds-5-watchdog/medium-1/8proc/seed-1/6_momentum1_seed-1_20260504_042026/expansion/config_param_CPXPARAM_Preprocessing_Reduce_2_iter_4.prm
[INFO]:[04:25:57] CPLEX results. Gap: 72.240000, upper bound: 346763.142534, lower bound: 96248.035350
[INFO]:[04:25:57] CPLEX solver finished. Gap: 72.240000
[INFO]:[04:25:57] Starting CPLEX solver on instance: /home/yorig/tuner/mpils-tests/instances/miplib/medium-1/momentum1.mps with config: /scratch/yorig/mpils-results-grid-seconds-5-watchdog/medium-1/8proc/seed-1/6_momentum1_seed-1_20260504_042026/expansion/config_param_CPXPARAM_Preprocessing_Relax_0_iter_4.prm
[INFO]:[04:26:02] CPLEX results. Gap: 16.700000, upper bound: 115557.693408, lower bound: 96262.316947
[INFO]:[04:26:02] CPLEX solver finished. Gap: 16.700000
[INFO]:[04:26:02] Starting CPLEX solver on instance: /home/yorig/tuner/mpils-tests/instances/miplib/medium-1/momentum1.mps with config: /scratch/yorig/mpils-results-grid-seconds-5-watchdog/medium-1/8proc/seed-1/6_momentum1_seed-1_20260504_042026/expansion/config_param_CPXPARAM_Preprocessing_Relax_1_iter_4.prm
[INFO]:[04:26:07] CPLEX results. Gap: 11.800000, upper bound: 109146.845967, lower bound: 96262.316947
[INFO]:[04:26:07] CPLEX solver finished. Gap: 11.800000
[INFO]:[04:26:12] Expansion Worker 7 completed expansion.
[INFO]:[04:26:12] Worker 7 completed expansion phase.
[INFO]:[04:26:12] Worker 7 received order for step 1.
[INFO]:[04:26:12] Worker 7 running exploration phase for iteration 5.
[INFO]:[04:26:12] Worker 7 at iteration 5 will not use a MIP start file. Current best MIP-start upper bound threshold is 1.79769e+308.
[INFO]:[04:26:12] Starting local search phase...
[INFO]:[04:26:12] Creating local search space from parameter space file: /scratch/yorig/mpils-results-grid-seconds-5-watchdog/medium-1/8proc/seed-1/6_momentum1_seed-1_20260504_042026/iterated_local_search/search_space/search_space_file_5_worker_7.txt
[INFO]:[04:26:12] Local search space loaded from file: /scratch/yorig/mpils-results-grid-seconds-5-watchdog/medium-1/8proc/seed-1/6_momentum1_seed-1_20260504_042026/iterated_local_search/search_space/search_space_file_5_worker_7.txt
[INFO]:[04:26:12] Number of parameters in local search space: 71
[INFO]:[04:26:12] Number of forbidden tuples in local search space: 22
[INFO]:[04:26:12] Number of conditionals in local search space: 6
[INFO]:[04:26:12] MIP start option not enabled. Local search will proceed without MIP start.
[INFO]:[04:26:12] Evaluating initial configuration for local search phase...
[INFO]:[04:26:12] Starting CPLEX solver on instance: /home/yorig/tuner/mpils-tests/instances/miplib/medium-1/momentum1.mps with config: /scratch/yorig/mpils-results-grid-seconds-5-watchdog/medium-1/8proc/seed-1/6_momentum1_seed-1_20260504_042026/iterated_local_search/run_5_worker_7/ils_config_7143343803546682747.prm
[INFO]:[04:26:12] Starting CPLEX solver on instance: /home/yorig/tuner/mpils-tests/instances/miplib/medium-1/momentum1.mps with config: /scratch/yorig/mpils-results-grid-seconds-5-watchdog/medium-1/8proc/seed-1/6_momentum1_seed-1_20260504_042026/iterated_local_search/run_5_worker_7/ils_config_7143343803546682747.prm
[INFO]:[04:26:17] CPLEX results. Gap: 76.210000, upper bound: 404604.197952, lower bound: 96251.090182
[INFO]:[04:26:17] CPLEX solver finished. Gap: 76.210000
[INFO]:[04:26:17] Initial configuration evaluated with objective value: 76.21
[INFO]:[04:26:17] Starting CPLEX solver on instance: /home/yorig/tuner/mpils-tests/instances/miplib/medium-1/momentum1.mps with config: /scratch/yorig/mpils-results-grid-seconds-5-watchdog/medium-1/8proc/seed-1/6_momentum1_seed-1_20260504_042026/iterated_local_search/run_5_worker_7/ils_config_458619890105130210.prm
[INFO]:[04:26:17] Starting CPLEX solver on instance: /home/yorig/tuner/mpils-tests/instances/miplib/medium-1/momentum1.mps with config: /scratch/yorig/mpils-results-grid-seconds-5-watchdog/medium-1/8proc/seed-1/6_momentum1_seed-1_20260504_042026/iterated_local_search/run_5_worker_7/ils_config_458619890105130210.prm
[INFO]:[04:26:22] CPLEX results. Gap: 76.580000, upper bound: 410996.350270, lower bound: 96252.214640
[INFO]:[04:26:22] CPLEX solver finished. Gap: 76.580000
[INFO]:[04:26:22] Starting CPLEX solver on instance: /home/yorig/tuner/mpils-tests/instances/miplib/medium-1/momentum1.mps with config: /scratch/yorig/mpils-results-grid-seconds-5-watchdog/medium-1/8proc/seed-1/6_momentum1_seed-1_20260504_042026/iterated_local_search/run_5_worker_7/ils_config_12699481665938404069.prm
[INFO]:[04:26:22] Starting CPLEX solver on instance: /home/yorig/tuner/mpils-tests/instances/miplib/medium-1/momentum1.mps with config: /scratch/yorig/mpils-results-grid-seconds-5-watchdog/medium-1/8proc/seed-1/6_momentum1_seed-1_20260504_042026/iterated_local_search/run_5_worker_7/ils_config_12699481665938404069.prm
[INFO]:[04:26:27] CPLEX results. Gap: 76.210000, upper bound: 404604.197952, lower bound: 96251.090182
[INFO]:[04:26:27] CPLEX solver finished. Gap: 76.210000
[INFO]:[04:26:27] Starting CPLEX solver on instance: /home/yorig/tuner/mpils-tests/instances/miplib/medium-1/momentum1.mps with config: /scratch/yorig/mpils-results-grid-seconds-5-watchdog/medium-1/8proc/seed-1/6_momentum1_seed-1_20260504_042026/iterated_local_search/run_5_worker_7/ils_config_2035188256157198299.prm
[INFO]:[04:26:27] Starting CPLEX solver on instance: /home/yorig/tuner/mpils-tests/instances/miplib/medium-1/momentum1.mps with config: /scratch/yorig/mpils-results-grid-seconds-5-watchdog/medium-1/8proc/seed-1/6_momentum1_seed-1_20260504_042026/iterated_local_search/run_5_worker_7/ils_config_2035188256157198299.prm
[INFO]:[04:26:32] CPLEX results. Gap: 77.970000, upper bound: 436811.804688, lower bound: 96249.799522
[INFO]:[04:26:32] CPLEX solver finished. Gap: 77.970000
[INFO]:[04:26:32] Starting CPLEX solver on instance: /home/yorig/tuner/mpils-tests/instances/miplib/medium-1/momentum1.mps with config: /scratch/yorig/mpils-results-grid-seconds-5-watchdog/medium-1/8proc/seed-1/6_momentum1_seed-1_20260504_042026/iterated_local_search/run_5_worker_7/ils_config_571090612458153702.prm
[INFO]:[04:26:32] Starting CPLEX solver on instance: /home/yorig/tuner/mpils-tests/instances/miplib/medium-1/momentum1.mps with config: /scratch/yorig/mpils-results-grid-seconds-5-watchdog/medium-1/8proc/seed-1/6_momentum1_seed-1_20260504_042026/iterated_local_search/run_5_worker_7/ils_config_571090612458153702.prm
[INFO]:[04:26:37] CPLEX results. Gap: 76.950000, upper bound: 417574.341704, lower bound: 96250.857670
[INFO]:[04:26:37] CPLEX solver finished. Gap: 76.950000
[INFO]:[04:26:37] Starting CPLEX solver on instance: /home/yorig/tuner/mpils-tests/instances/miplib/medium-1/momentum1.mps with config: /scratch/yorig/mpils-results-grid-seconds-5-watchdog/medium-1/8proc/seed-1/6_momentum1_seed-1_20260504_042026/iterated_local_search/run_5_worker_7/ils_config_1023803670308216407.prm
[INFO]:[04:26:37] Starting CPLEX solver on instance: /home/yorig/tuner/mpils-tests/instances/miplib/medium-1/momentum1.mps with config: /scratch/yorig/mpils-results-grid-seconds-5-watchdog/medium-1/8proc/seed-1/6_momentum1_seed-1_20260504_042026/iterated_local_search/run_5_worker_7/ils_config_1023803670308216407.prm
[INFO]:[04:26:42] CPLEX results. Gap: 70.010000, upper bound: 320989.178667, lower bound: 96257.328076
[INFO]:[04:26:42] CPLEX solver finished. Gap: 70.010000
[INFO]:[04:26:42] New incumbent found with objective value: 70.01
[INFO]:[04:26:42] Starting CPLEX solver on instance: /home/yorig/tuner/mpils-tests/instances/miplib/medium-1/momentum1.mps with config: /scratch/yorig/mpils-results-grid-seconds-5-watchdog/medium-1/8proc/seed-1/6_momentum1_seed-1_20260504_042026/iterated_local_search/run_5_worker_7/ils_config_7828378410225712594.prm
[INFO]:[04:26:42] Starting CPLEX solver on instance: /home/yorig/tuner/mpils-tests/instances/miplib/medium-1/momentum1.mps with config: /scratch/yorig/mpils-results-grid-seconds-5-watchdog/medium-1/8proc/seed-1/6_momentum1_seed-1_20260504_042026/iterated_local_search/run_5_worker_7/ils_config_7828378410225712594.prm
[INFO]:[04:26:48] CPLEX results. Gap: 69.390000, upper bound: 314558.013746, lower bound: 96278.047620
[INFO]:[04:26:48] CPLEX solver finished. Gap: 69.390000
[INFO]:[04:26:48] New incumbent found with objective value: 69.39
[INFO]:[04:26:48] Starting CPLEX solver on instance: /home/yorig/tuner/mpils-tests/instances/miplib/medium-1/momentum1.mps with config: /scratch/yorig/mpils-results-grid-seconds-5-watchdog/medium-1/8proc/seed-1/6_momentum1_seed-1_20260504_042026/iterated_local_search/run_5_worker_7/ils_config_3827920111758658414.prm
[INFO]:[04:26:48] Starting CPLEX solver on instance: /home/yorig/tuner/mpils-tests/instances/miplib/medium-1/momentum1.mps with config: /scratch/yorig/mpils-results-grid-seconds-5-watchdog/medium-1/8proc/seed-1/6_momentum1_seed-1_20260504_042026/iterated_local_search/run_5_worker_7/ils_config_3827920111758658414.prm
[INFO]:[04:26:53] CPLEX results. Gap: 69.390000, upper bound: 314558.013746, lower bound: 96278.047620
[INFO]:[04:26:53] CPLEX solver finished. Gap: 69.390000
[INFO]:[04:26:53] Starting CPLEX solver on instance: /home/yorig/tuner/mpils-tests/instances/miplib/medium-1/momentum1.mps with config: /scratch/yorig/mpils-results-grid-seconds-5-watchdog/medium-1/8proc/seed-1/6_momentum1_seed-1_20260504_042026/iterated_local_search/run_5_worker_7/ils_config_13755669884861064682.prm
[INFO]:[04:26:53] Starting CPLEX solver on instance: /home/yorig/tuner/mpils-tests/instances/miplib/medium-1/momentum1.mps with config: /scratch/yorig/mpils-results-grid-seconds-5-watchdog/medium-1/8proc/seed-1/6_momentum1_seed-1_20260504_042026/iterated_local_search/run_5_worker_7/ils_config_13755669884861064682.prm
[INFO]:[04:26:58] CPLEX results. Gap: 77.160000, upper bound: 346763.142348, lower bound: 79201.732840
[INFO]:[04:26:58] CPLEX solver finished. Gap: 77.160000
[INFO]:[04:26:58] Starting CPLEX solver on instance: /home/yorig/tuner/mpils-tests/instances/miplib/medium-1/momentum1.mps with config: /scratch/yorig/mpils-results-grid-seconds-5-watchdog/medium-1/8proc/seed-1/6_momentum1_seed-1_20260504_042026/iterated_local_search/run_5_worker_7/ils_config_16302695270619155363.prm
[INFO]:[04:26:58] Starting CPLEX solver on instance: /home/yorig/tuner/mpils-tests/instances/miplib/medium-1/momentum1.mps with config: /scratch/yorig/mpils-results-grid-seconds-5-watchdog/medium-1/8proc/seed-1/6_momentum1_seed-1_20260504_042026/iterated_local_search/run_5_worker_7/ils_config_16302695270619155363.prm
[INFO]:[04:27:03] CPLEX results. Gap: 68.750000, upper bound: 308121.247297, lower bound: 96277.921567
[INFO]:[04:27:03] CPLEX solver finished. Gap: 68.750000
[INFO]:[04:27:03] New incumbent found with objective value: 68.75
[INFO]:[04:27:03] Starting CPLEX solver on instance: /home/yorig/tuner/mpils-tests/instances/miplib/medium-1/momentum1.mps with config: /scratch/yorig/mpils-results-grid-seconds-5-watchdog/medium-1/8proc/seed-1/6_momentum1_seed-1_20260504_042026/iterated_local_search/run_5_worker_7/ils_config_15875763894032888382.prm
[INFO]:[04:27:03] Starting CPLEX solver on instance: /home/yorig/tuner/mpils-tests/instances/miplib/medium-1/momentum1.mps with config: /scratch/yorig/mpils-results-grid-seconds-5-watchdog/medium-1/8proc/seed-1/6_momentum1_seed-1_20260504_042026/iterated_local_search/run_5_worker_7/ils_config_15875763894032888382.prm
[INFO]:[04:27:08] CPLEX results. Gap: 70.590000, upper bound: 327358.463524, lower bound: 96262.398222
[INFO]:[04:27:08] CPLEX solver finished. Gap: 70.590000
[INFO]:[04:27:08] Starting CPLEX solver on instance: /home/yorig/tuner/mpils-tests/instances/miplib/medium-1/momentum1.mps with config: /scratch/yorig/mpils-results-grid-seconds-5-watchdog/medium-1/8proc/seed-1/6_momentum1_seed-1_20260504_042026/iterated_local_search/run_5_worker_7/ils_config_7850069886805635005.prm
[INFO]:[04:27:08] Starting CPLEX solver on instance: /home/yorig/tuner/mpils-tests/instances/miplib/medium-1/momentum1.mps with config: /scratch/yorig/mpils-results-grid-seconds-5-watchdog/medium-1/8proc/seed-1/6_momentum1_seed-1_20260504_042026/iterated_local_search/run_5_worker_7/ils_config_7850069886805635005.prm
[INFO]:[04:27:13] CPLEX results. Gap: 68.750000, upper bound: 308121.247297, lower bound: 96277.921567
[INFO]:[04:27:13] CPLEX solver finished. Gap: 68.750000
[INFO]:[04:27:13] Starting CPLEX solver on instance: /home/yorig/tuner/mpils-tests/instances/miplib/medium-1/momentum1.mps with config: /scratch/yorig/mpils-results-grid-seconds-5-watchdog/medium-1/8proc/seed-1/6_momentum1_seed-1_20260504_042026/iterated_local_search/run_5_worker_7/ils_config_17370071466981478689.prm
[INFO]:[04:27:13] Starting CPLEX solver on instance: /home/yorig/tuner/mpils-tests/instances/miplib/medium-1/momentum1.mps with config: /scratch/yorig/mpils-results-grid-seconds-5-watchdog/medium-1/8proc/seed-1/6_momentum1_seed-1_20260504_042026/iterated_local_search/run_5_worker_7/ils_config_17370071466981478689.prm
[INFO]:[04:27:18] CPLEX results. Gap: 69.390000, upper bound: 314546.828292, lower bound: 96277.674060
[INFO]:[04:27:18] CPLEX solver finished. Gap: 69.390000
[INFO]:[04:27:18] Starting CPLEX solver on instance: /home/yorig/tuner/mpils-tests/instances/miplib/medium-1/momentum1.mps with config: /scratch/yorig/mpils-results-grid-seconds-5-watchdog/medium-1/8proc/seed-1/6_momentum1_seed-1_20260504_042026/iterated_local_search/run_5_worker_7/ils_config_8152826348337407115.prm
[INFO]:[04:27:18] Starting CPLEX solver on instance: /home/yorig/tuner/mpils-tests/instances/miplib/medium-1/momentum1.mps with config: /scratch/yorig/mpils-results-grid-seconds-5-watchdog/medium-1/8proc/seed-1/6_momentum1_seed-1_20260504_042026/iterated_local_search/run_5_worker_7/ils_config_8152826348337407115.prm
[INFO]:[04:27:23] CPLEX results. Gap: 68.750000, upper bound: 308121.247297, lower bound: 96277.921567
[INFO]:[04:27:23] CPLEX solver finished. Gap: 68.750000
[INFO]:[04:27:23] Starting CPLEX solver on instance: /home/yorig/tuner/mpils-tests/instances/miplib/medium-1/momentum1.mps with config: /scratch/yorig/mpils-results-grid-seconds-5-watchdog/medium-1/8proc/seed-1/6_momentum1_seed-1_20260504_042026/iterated_local_search/run_5_worker_7/ils_config_7982425003779742859.prm
[INFO]:[04:27:23] Starting CPLEX solver on instance: /home/yorig/tuner/mpils-tests/instances/miplib/medium-1/momentum1.mps with config: /scratch/yorig/mpils-results-grid-seconds-5-watchdog/medium-1/8proc/seed-1/6_momentum1_seed-1_20260504_042026/iterated_local_search/run_5_worker_7/ils_config_7982425003779742859.prm
[INFO]:[04:27:28] CPLEX results. Gap: 70.590000, upper bound: 327386.367985, lower bound: 96277.963246
[INFO]:[04:27:28] CPLEX solver finished. Gap: 70.590000
[INFO]:[04:27:28] Starting CPLEX solver on instance: /home/yorig/tuner/mpils-tests/instances/miplib/medium-1/momentum1.mps with config: /scratch/yorig/mpils-results-grid-seconds-5-watchdog/medium-1/8proc/seed-1/6_momentum1_seed-1_20260504_042026/iterated_local_search/run_5_worker_7/ils_config_4866556396214623569.prm
[INFO]:[04:27:28] Starting CPLEX solver on instance: /home/yorig/tuner/mpils-tests/instances/miplib/medium-1/momentum1.mps with config: /scratch/yorig/mpils-results-grid-seconds-5-watchdog/medium-1/8proc/seed-1/6_momentum1_seed-1_20260504_042026/iterated_local_search/run_5_worker_7/ils_config_4866556396214623569.prm
[INFO]:[04:27:33] CPLEX results. Gap: 68.090000, upper bound: 301723.316038, lower bound: 96274.413614
[INFO]:[04:27:33] CPLEX solver finished. Gap: 68.090000
[INFO]:[04:27:33] New incumbent found with objective value: 68.09
[INFO]:[04:27:33] Starting CPLEX solver on instance: /home/yorig/tuner/mpils-tests/instances/miplib/medium-1/momentum1.mps with config: /scratch/yorig/mpils-results-grid-seconds-5-watchdog/medium-1/8proc/seed-1/6_momentum1_seed-1_20260504_042026/iterated_local_search/run_5_worker_7/ils_config_2718164490209451120.prm
[INFO]:[04:27:33] Starting CPLEX solver on instance: /home/yorig/tuner/mpils-tests/instances/miplib/medium-1/momentum1.mps with config: /scratch/yorig/mpils-results-grid-seconds-5-watchdog/medium-1/8proc/seed-1/6_momentum1_seed-1_20260504_042026/iterated_local_search/run_5_worker_7/ils_config_2718164490209451120.prm
[INFO]:[04:27:38] CPLEX results. Gap: 68.090000, upper bound: 301723.316038, lower bound: 96274.413614
[INFO]:[04:27:38] CPLEX solver finished. Gap: 68.090000
[INFO]:[04:27:38] Starting CPLEX solver on instance: /home/yorig/tuner/mpils-tests/instances/miplib/medium-1/momentum1.mps with config: /scratch/yorig/mpils-results-grid-seconds-5-watchdog/medium-1/8proc/seed-1/6_momentum1_seed-1_20260504_042026/iterated_local_search/run_5_worker_7/ils_config_902822182341001234.prm
[INFO]:[04:27:38] Starting CPLEX solver on instance: /home/yorig/tuner/mpils-tests/instances/miplib/medium-1/momentum1.mps with config: /scratch/yorig/mpils-results-grid-seconds-5-watchdog/medium-1/8proc/seed-1/6_momentum1_seed-1_20260504_042026/iterated_local_search/run_5_worker_7/ils_config_902822182341001234.prm
[INFO]:[04:27:43] CPLEX results. Gap: 68.090000, upper bound: 301723.316038, lower bound: 96274.413614
[INFO]:[04:27:43] CPLEX solver finished. Gap: 68.090000
[INFO]:[04:27:43] Local search phase completed.
[INFO]:[04:27:43] Total number of new local-search evaluations: 18
[INFO]:[04:27:43] Final incumbent objective value: 68.09
[INFO]:[04:27:44] Worker 7 completed exploration phase.
[INFO]:[04:27:44] Worker 7 received order for step 2.
[INFO]:[04:27:44] Worker 7 running expansion phase for iteration 5.
[INFO]:[04:27:44] Worker 7 will use solver log file: /scratch/yorig/mpils-results-grid-seconds-5-watchdog/medium-1/8proc/seed-1/6_momentum1_seed-1_20260504_042026/solver/cplex.log_iteration_expansion_5_worker_7
[INFO]:[04:27:44] Expansion Worker 7 starting expansion for iteration 5.
[INFO]:[04:27:44] Starting CPLEX solver on instance: /home/yorig/tuner/mpils-tests/instances/miplib/medium-1/momentum1.mps with config: /scratch/yorig/mpils-results-grid-seconds-5-watchdog/medium-1/8proc/seed-1/6_momentum1_seed-1_20260504_042026/expansion/config_param_CPXPARAM_MIP_Limits_StrongCand_40_iter_5.prm
[INFO]:[04:27:49] CPLEX results. Gap: 11.800000, upper bound: 109146.845967, lower bound: 96262.316947
[INFO]:[04:27:49] CPLEX solver finished. Gap: 11.800000
[INFO]:[04:27:49] Starting CPLEX solver on instance: /home/yorig/tuner/mpils-tests/instances/miplib/medium-1/momentum1.mps with config: /scratch/yorig/mpils-results-grid-seconds-5-watchdog/medium-1/8proc/seed-1/6_momentum1_seed-1_20260504_042026/expansion/config_param_CPXPARAM_Preprocessing_QPMakePSD_0_iter_5.prm
[INFO]:[04:27:54] CPLEX results. Gap: 11.800000, upper bound: 109146.845967, lower bound: 96262.316947
[INFO]:[04:27:54] CPLEX solver finished. Gap: 11.800000
[INFO]:[04:27:54] Starting CPLEX solver on instance: /home/yorig/tuner/mpils-tests/instances/miplib/medium-1/momentum1.mps with config: /scratch/yorig/mpils-results-grid-seconds-5-watchdog/medium-1/8proc/seed-1/6_momentum1_seed-1_20260504_042026/expansion/config_param_CPXPARAM_MIP_Limits_Nodes_0_iter_5.prm
[INFO]:[04:27:55] CPLEX results. Gap: 69.400000, upper bound: 314572.339496, lower bound: 96254.812048
[INFO]:[04:27:55] CPLEX solver finished. Gap: 69.400000
[INFO]:[04:28:04] Expansion Worker 7 completed expansion.
[INFO]:[04:28:04] Worker 7 completed expansion phase.
[INFO]:[04:28:04] Worker 7 received order for step 1.
[INFO]:[04:28:04] Worker 7 running exploration phase for iteration 6.
[INFO]:[04:28:04] Worker 7 at iteration 6 will not use a MIP start file. Current best MIP-start upper bound threshold is 1.79769e+308.
[INFO]:[04:28:04] Starting local search phase...
[INFO]:[04:28:04] Creating local search space from parameter space file: /scratch/yorig/mpils-results-grid-seconds-5-watchdog/medium-1/8proc/seed-1/6_momentum1_seed-1_20260504_042026/iterated_local_search/search_space/search_space_file_6_worker_7.txt
[INFO]:[04:28:04] Local search space loaded from file: /scratch/yorig/mpils-results-grid-seconds-5-watchdog/medium-1/8proc/seed-1/6_momentum1_seed-1_20260504_042026/iterated_local_search/search_space/search_space_file_6_worker_7.txt
[INFO]:[04:28:04] Number of parameters in local search space: 71
[INFO]:[04:28:04] Number of forbidden tuples in local search space: 21
[INFO]:[04:28:04] Number of conditionals in local search space: 6
[INFO]:[04:28:04] MIP start option not enabled. Local search will proceed without MIP start.
[INFO]:[04:28:04] Evaluating initial configuration for local search phase...
[INFO]:[04:28:04] Starting CPLEX solver on instance: /home/yorig/tuner/mpils-tests/instances/miplib/medium-1/momentum1.mps with config: /scratch/yorig/mpils-results-grid-seconds-5-watchdog/medium-1/8proc/seed-1/6_momentum1_seed-1_20260504_042026/iterated_local_search/run_6_worker_7/ils_config_1252617281386781782.prm
[INFO]:[04:28:04] Starting CPLEX solver on instance: /home/yorig/tuner/mpils-tests/instances/miplib/medium-1/momentum1.mps with config: /scratch/yorig/mpils-results-grid-seconds-5-watchdog/medium-1/8proc/seed-1/6_momentum1_seed-1_20260504_042026/iterated_local_search/run_6_worker_7/ils_config_1252617281386781782.prm
[INFO]:[04:28:09] CPLEX results. Gap: 75.450000, upper bound: 365983.682780, lower bound: 89846.615469
[INFO]:[04:28:09] CPLEX solver finished. Gap: 75.450000
[INFO]:[04:28:09] Initial configuration evaluated with objective value: 75.45
[INFO]:[04:28:09] Starting CPLEX solver on instance: /home/yorig/tuner/mpils-tests/instances/miplib/medium-1/momentum1.mps with config: /scratch/yorig/mpils-results-grid-seconds-5-watchdog/medium-1/8proc/seed-1/6_momentum1_seed-1_20260504_042026/iterated_local_search/run_6_worker_7/ils_config_7553529584256844838.prm
[INFO]:[04:28:09] Starting CPLEX solver on instance: /home/yorig/tuner/mpils-tests/instances/miplib/medium-1/momentum1.mps with config: /scratch/yorig/mpils-results-grid-seconds-5-watchdog/medium-1/8proc/seed-1/6_momentum1_seed-1_20260504_042026/iterated_local_search/run_6_worker_7/ils_config_7553529584256844838.prm
[INFO]:[04:28:15] CPLEX results. Gap: 75.450000, upper bound: 365983.682780, lower bound: 89846.615469
[INFO]:[04:28:15] CPLEX solver finished. Gap: 75.450000
[INFO]:[04:28:15] Starting CPLEX solver on instance: /home/yorig/tuner/mpils-tests/instances/miplib/medium-1/momentum1.mps with config: /scratch/yorig/mpils-results-grid-seconds-5-watchdog/medium-1/8proc/seed-1/6_momentum1_seed-1_20260504_042026/iterated_local_search/run_6_worker_7/ils_config_9252046723854130529.prm
[INFO]:[04:28:15] Starting CPLEX solver on instance: /home/yorig/tuner/mpils-tests/instances/miplib/medium-1/momentum1.mps with config: /scratch/yorig/mpils-results-grid-seconds-5-watchdog/medium-1/8proc/seed-1/6_momentum1_seed-1_20260504_042026/iterated_local_search/run_6_worker_7/ils_config_9252046723854130529.prm
[INFO]:[04:28:20] CPLEX results. Gap: 78.360000, upper bound: 365983.682780, lower bound: 79212.100171
[INFO]:[04:28:20] CPLEX solver finished. Gap: 78.360000
[INFO]:[04:28:20] Starting CPLEX solver on instance: /home/yorig/tuner/mpils-tests/instances/miplib/medium-1/momentum1.mps with config: /scratch/yorig/mpils-results-grid-seconds-5-watchdog/medium-1/8proc/seed-1/6_momentum1_seed-1_20260504_042026/iterated_local_search/run_6_worker_7/ils_config_7475017073862902307.prm
[INFO]:[04:28:20] Starting CPLEX solver on instance: /home/yorig/tuner/mpils-tests/instances/miplib/medium-1/momentum1.mps with config: /scratch/yorig/mpils-results-grid-seconds-5-watchdog/medium-1/8proc/seed-1/6_momentum1_seed-1_20260504_042026/iterated_local_search/run_6_worker_7/ils_config_7475017073862902307.prm
[INFO]:[04:28:25] CPLEX results. Gap: 78.360000, upper bound: 365983.682780, lower bound: 79212.100171
[INFO]:[04:28:25] CPLEX solver finished. Gap: 78.360000
[INFO]:[04:28:25] Starting CPLEX solver on instance: /home/yorig/tuner/mpils-tests/instances/miplib/medium-1/momentum1.mps with config: /scratch/yorig/mpils-results-grid-seconds-5-watchdog/medium-1/8proc/seed-1/6_momentum1_seed-1_20260504_042026/iterated_local_search/run_6_worker_7/ils_config_2203495419092274685.prm
[INFO]:[04:28:25] Starting CPLEX solver on instance: /home/yorig/tuner/mpils-tests/instances/miplib/medium-1/momentum1.mps with config: /scratch/yorig/mpils-results-grid-seconds-5-watchdog/medium-1/8proc/seed-1/6_momentum1_seed-1_20260504_042026/iterated_local_search/run_6_worker_7/ils_config_2203495419092274685.prm
[INFO]:[04:28:30] CPLEX results. Gap: 75.450000, upper bound: 365983.682780, lower bound: 89846.615469
[INFO]:[04:28:30] CPLEX solver finished. Gap: 75.450000
[INFO]:[04:28:30] Starting CPLEX solver on instance: /home/yorig/tuner/mpils-tests/instances/miplib/medium-1/momentum1.mps with config: /scratch/yorig/mpils-results-grid-seconds-5-watchdog/medium-1/8proc/seed-1/6_momentum1_seed-1_20260504_042026/iterated_local_search/run_6_worker_7/ils_config_6647752871996699756.prm
[INFO]:[04:28:30] Starting CPLEX solver on instance: /home/yorig/tuner/mpils-tests/instances/miplib/medium-1/momentum1.mps with config: /scratch/yorig/mpils-results-grid-seconds-5-watchdog/medium-1/8proc/seed-1/6_momentum1_seed-1_20260504_042026/iterated_local_search/run_6_worker_7/ils_config_6647752871996699756.prm
[INFO]:[04:28:35] CPLEX results. Gap: 77.970000, upper bound: 359519.400765, lower bound: 79212.100106
[INFO]:[04:28:35] CPLEX solver finished. Gap: 77.970000
[INFO]:[04:28:35] Starting CPLEX solver on instance: /home/yorig/tuner/mpils-tests/instances/miplib/medium-1/momentum1.mps with config: /scratch/yorig/mpils-results-grid-seconds-5-watchdog/medium-1/8proc/seed-1/6_momentum1_seed-1_20260504_042026/iterated_local_search/run_6_worker_7/ils_config_12517865357576259705.prm
[INFO]:[04:28:35] Starting CPLEX solver on instance: /home/yorig/tuner/mpils-tests/instances/miplib/medium-1/momentum1.mps with config: /scratch/yorig/mpils-results-grid-seconds-5-watchdog/medium-1/8proc/seed-1/6_momentum1_seed-1_20260504_042026/iterated_local_search/run_6_worker_7/ils_config_12517865357576259705.prm
[INFO]:[04:28:40] CPLEX results. Gap: 74.190000, upper bound: 327401.414216, lower bound: 84486.827121
[INFO]:[04:28:40] CPLEX solver finished. Gap: 74.190000
[INFO]:[04:28:40] New incumbent found with objective value: 74.19
[INFO]:[04:28:40] Starting CPLEX solver on instance: /home/yorig/tuner/mpils-tests/instances/miplib/medium-1/momentum1.mps with config: /scratch/yorig/mpils-results-grid-seconds-5-watchdog/medium-1/8proc/seed-1/6_momentum1_seed-1_20260504_042026/iterated_local_search/run_6_worker_7/ils_config_4447737714870841496.prm
[INFO]:[04:28:40] Starting CPLEX solver on instance: /home/yorig/tuner/mpils-tests/instances/miplib/medium-1/momentum1.mps with config: /scratch/yorig/mpils-results-grid-seconds-5-watchdog/medium-1/8proc/seed-1/6_momentum1_seed-1_20260504_042026/iterated_local_search/run_6_worker_7/ils_config_4447737714870841496.prm
[INFO]:[04:28:45] CPLEX results. Gap: 74.190000, upper bound: 327401.414216, lower bound: 84486.827121
[INFO]:[04:28:45] CPLEX solver finished. Gap: 74.190000
[INFO]:[04:28:45] Starting CPLEX solver on instance: /home/yorig/tuner/mpils-tests/instances/miplib/medium-1/momentum1.mps with config: /scratch/yorig/mpils-results-grid-seconds-5-watchdog/medium-1/8proc/seed-1/6_momentum1_seed-1_20260504_042026/iterated_local_search/run_6_worker_7/ils_config_5835356694260360451.prm
[INFO]:[04:28:45] Starting CPLEX solver on instance: /home/yorig/tuner/mpils-tests/instances/miplib/medium-1/momentum1.mps with config: /scratch/yorig/mpils-results-grid-seconds-5-watchdog/medium-1/8proc/seed-1/6_momentum1_seed-1_20260504_042026/iterated_local_search/run_6_worker_7/ils_config_5835356694260360451.prm
[INFO]:[04:28:50] CPLEX results. Gap: 75.810000, upper bound: 327401.414216, lower bound: 79213.033531
[INFO]:[04:28:50] CPLEX solver finished. Gap: 75.810000
[INFO]:[04:28:50] Starting CPLEX solver on instance: /home/yorig/tuner/mpils-tests/instances/miplib/medium-1/momentum1.mps with config: /scratch/yorig/mpils-results-grid-seconds-5-watchdog/medium-1/8proc/seed-1/6_momentum1_seed-1_20260504_042026/iterated_local_search/run_6_worker_7/ils_config_16574155150343534498.prm
[INFO]:[04:28:50] Starting CPLEX solver on instance: /home/yorig/tuner/mpils-tests/instances/miplib/medium-1/momentum1.mps with config: /scratch/yorig/mpils-results-grid-seconds-5-watchdog/medium-1/8proc/seed-1/6_momentum1_seed-1_20260504_042026/iterated_local_search/run_6_worker_7/ils_config_16574155150343534498.prm
[INFO]:[04:28:55] CPLEX results. Gap: 74.190000, upper bound: 327401.414216, lower bound: 84486.827121
[INFO]:[04:28:55] CPLEX solver finished. Gap: 74.190000
[INFO]:[04:28:55] Starting CPLEX solver on instance: /home/yorig/tuner/mpils-tests/instances/miplib/medium-1/momentum1.mps with config: /scratch/yorig/mpils-results-grid-seconds-5-watchdog/medium-1/8proc/seed-1/6_momentum1_seed-1_20260504_042026/iterated_local_search/run_6_worker_7/ils_config_14580846402426523650.prm
[INFO]:[04:28:55] Starting CPLEX solver on instance: /home/yorig/tuner/mpils-tests/instances/miplib/medium-1/momentum1.mps with config: /scratch/yorig/mpils-results-grid-seconds-5-watchdog/medium-1/8proc/seed-1/6_momentum1_seed-1_20260504_042026/iterated_local_search/run_6_worker_7/ils_config_14580846402426523650.prm
[INFO]:[04:29:00] CPLEX results. Gap: 74.190000, upper bound: 327401.414216, lower bound: 84486.827121
[INFO]:[04:29:00] CPLEX solver finished. Gap: 74.190000
[INFO]:[04:29:00] Starting CPLEX solver on instance: /home/yorig/tuner/mpils-tests/instances/miplib/medium-1/momentum1.mps with config: /scratch/yorig/mpils-results-grid-seconds-5-watchdog/medium-1/8proc/seed-1/6_momentum1_seed-1_20260504_042026/iterated_local_search/run_6_worker_7/ils_config_5898490628951142847.prm
[INFO]:[04:29:00] Starting CPLEX solver on instance: /home/yorig/tuner/mpils-tests/instances/miplib/medium-1/momentum1.mps with config: /scratch/yorig/mpils-results-grid-seconds-5-watchdog/medium-1/8proc/seed-1/6_momentum1_seed-1_20260504_042026/iterated_local_search/run_6_worker_7/ils_config_5898490628951142847.prm
[INFO]:[04:29:05] CPLEX results. Gap: 73.670000, upper bound: 327401.414216, lower bound: 86218.742830
[INFO]:[04:29:05] CPLEX solver finished. Gap: 73.670000
[INFO]:[04:29:05] New incumbent found with objective value: 73.67
[INFO]:[04:29:05] Starting CPLEX solver on instance: /home/yorig/tuner/mpils-tests/instances/miplib/medium-1/momentum1.mps with config: /scratch/yorig/mpils-results-grid-seconds-5-watchdog/medium-1/8proc/seed-1/6_momentum1_seed-1_20260504_042026/iterated_local_search/run_6_worker_7/ils_config_10250015333673092987.prm
[INFO]:[04:29:05] Starting CPLEX solver on instance: /home/yorig/tuner/mpils-tests/instances/miplib/medium-1/momentum1.mps with config: /scratch/yorig/mpils-results-grid-seconds-5-watchdog/medium-1/8proc/seed-1/6_momentum1_seed-1_20260504_042026/iterated_local_search/run_6_worker_7/ils_config_10250015333673092987.prm
[INFO]:[04:29:10] CPLEX results. Gap: 80.160000, upper bound: 475543.760972, lower bound: 94340.132860
[INFO]:[04:29:10] CPLEX solver finished. Gap: 80.160000
[INFO]:[04:29:10] Starting CPLEX solver on instance: /home/yorig/tuner/mpils-tests/instances/miplib/medium-1/momentum1.mps with config: /scratch/yorig/mpils-results-grid-seconds-5-watchdog/medium-1/8proc/seed-1/6_momentum1_seed-1_20260504_042026/iterated_local_search/run_6_worker_7/ils_config_13112227346975453659.prm
[INFO]:[04:29:10] Starting CPLEX solver on instance: /home/yorig/tuner/mpils-tests/instances/miplib/medium-1/momentum1.mps with config: /scratch/yorig/mpils-results-grid-seconds-5-watchdog/medium-1/8proc/seed-1/6_momentum1_seed-1_20260504_042026/iterated_local_search/run_6_worker_7/ils_config_13112227346975453659.prm
[INFO]:[04:29:15] CPLEX results. Gap: 73.670000, upper bound: 327401.414216, lower bound: 86218.742830
[INFO]:[04:29:15] CPLEX solver finished. Gap: 73.670000
[INFO]:[04:29:15] Starting CPLEX solver on instance: /home/yorig/tuner/mpils-tests/instances/miplib/medium-1/momentum1.mps with config: /scratch/yorig/mpils-results-grid-seconds-5-watchdog/medium-1/8proc/seed-1/6_momentum1_seed-1_20260504_042026/iterated_local_search/run_6_worker_7/ils_config_7934007018298350128.prm
[INFO]:[04:29:15] Starting CPLEX solver on instance: /home/yorig/tuner/mpils-tests/instances/miplib/medium-1/momentum1.mps with config: /scratch/yorig/mpils-results-grid-seconds-5-watchdog/medium-1/8proc/seed-1/6_momentum1_seed-1_20260504_042026/iterated_local_search/run_6_worker_7/ils_config_7934007018298350128.prm
[INFO]:[04:29:20] CPLEX results. Gap: 73.670000, upper bound: 327401.414216, lower bound: 86218.742830
[INFO]:[04:29:20] CPLEX solver finished. Gap: 73.670000
[INFO]:[04:29:20] Starting CPLEX solver on instance: /home/yorig/tuner/mpils-tests/instances/miplib/medium-1/momentum1.mps with config: /scratch/yorig/mpils-results-grid-seconds-5-watchdog/medium-1/8proc/seed-1/6_momentum1_seed-1_20260504_042026/iterated_local_search/run_6_worker_7/ils_config_3567455716598968309.prm
[INFO]:[04:29:20] Starting CPLEX solver on instance: /home/yorig/tuner/mpils-tests/instances/miplib/medium-1/momentum1.mps with config: /scratch/yorig/mpils-results-grid-seconds-5-watchdog/medium-1/8proc/seed-1/6_momentum1_seed-1_20260504_042026/iterated_local_search/run_6_worker_7/ils_config_3567455716598968309.prm
[INFO]:[04:29:25] CPLEX results. Gap: 73.670000, upper bound: 327401.414216, lower bound: 86218.742830
[INFO]:[04:29:25] CPLEX solver finished. Gap: 73.670000
[INFO]:[04:29:25] Starting CPLEX solver on instance: /home/yorig/tuner/mpils-tests/instances/miplib/medium-1/momentum1.mps with config: /scratch/yorig/mpils-results-grid-seconds-5-watchdog/medium-1/8proc/seed-1/6_momentum1_seed-1_20260504_042026/iterated_local_search/run_6_worker_7/ils_config_17911635436558642720.prm
[INFO]:[04:29:25] Starting CPLEX solver on instance: /home/yorig/tuner/mpils-tests/instances/miplib/medium-1/momentum1.mps with config: /scratch/yorig/mpils-results-grid-seconds-5-watchdog/medium-1/8proc/seed-1/6_momentum1_seed-1_20260504_042026/iterated_local_search/run_6_worker_7/ils_config_17911635436558642720.prm
[INFO]:[04:29:31] CPLEX results. Gap: 75.810000, upper bound: 327401.414216, lower bound: 79213.209812
[INFO]:[04:29:31] CPLEX solver finished. Gap: 75.810000
[INFO]:[04:29:31] Starting CPLEX solver on instance: /home/yorig/tuner/mpils-tests/instances/miplib/medium-1/momentum1.mps with config: /scratch/yorig/mpils-results-grid-seconds-5-watchdog/medium-1/8proc/seed-1/6_momentum1_seed-1_20260504_042026/iterated_local_search/run_6_worker_7/ils_config_10942397892041747319.prm
[INFO]:[04:29:31] Starting CPLEX solver on instance: /home/yorig/tuner/mpils-tests/instances/miplib/medium-1/momentum1.mps with config: /scratch/yorig/mpils-results-grid-seconds-5-watchdog/medium-1/8proc/seed-1/6_momentum1_seed-1_20260504_042026/iterated_local_search/run_6_worker_7/ils_config_10942397892041747319.prm
[INFO]:[04:29:36] CPLEX results. Gap: 73.670000, upper bound: 327401.414216, lower bound: 86218.742830
[INFO]:[04:29:36] CPLEX solver finished. Gap: 73.670000
[INFO]:[04:29:36] Starting CPLEX solver on instance: /home/yorig/tuner/mpils-tests/instances/miplib/medium-1/momentum1.mps with config: /scratch/yorig/mpils-results-grid-seconds-5-watchdog/medium-1/8proc/seed-1/6_momentum1_seed-1_20260504_042026/iterated_local_search/run_6_worker_7/ils_config_14976414265572699589.prm
[INFO]:[04:29:36] Starting CPLEX solver on instance: /home/yorig/tuner/mpils-tests/instances/miplib/medium-1/momentum1.mps with config: /scratch/yorig/mpils-results-grid-seconds-5-watchdog/medium-1/8proc/seed-1/6_momentum1_seed-1_20260504_042026/iterated_local_search/run_6_worker_7/ils_config_14976414265572699589.prm
[INFO]:[04:29:41] CPLEX results. Gap: 75.810000, upper bound: 327401.414216, lower bound: 79211.951629
[INFO]:[04:29:41] CPLEX solver finished. Gap: 75.810000
[INFO]:[04:29:41] Starting CPLEX solver on instance: /home/yorig/tuner/mpils-tests/instances/miplib/medium-1/momentum1.mps with config: /scratch/yorig/mpils-results-grid-seconds-5-watchdog/medium-1/8proc/seed-1/6_momentum1_seed-1_20260504_042026/iterated_local_search/run_6_worker_7/ils_config_1193483526816508515.prm
[INFO]:[04:29:41] Starting CPLEX solver on instance: /home/yorig/tuner/mpils-tests/instances/miplib/medium-1/momentum1.mps with config: /scratch/yorig/mpils-results-grid-seconds-5-watchdog/medium-1/8proc/seed-1/6_momentum1_seed-1_20260504_042026/iterated_local_search/run_6_worker_7/ils_config_1193483526816508515.prm
[INFO]:[04:29:46] CPLEX results. Gap: 77.570000, upper bound: 353088.282765, lower bound: 79212.945709
[INFO]:[04:29:46] CPLEX solver finished. Gap: 77.570000
[INFO]:[04:29:46] Starting CPLEX solver on instance: /home/yorig/tuner/mpils-tests/instances/miplib/medium-1/momentum1.mps with config: /scratch/yorig/mpils-results-grid-seconds-5-watchdog/medium-1/8proc/seed-1/6_momentum1_seed-1_20260504_042026/iterated_local_search/run_6_worker_7/ils_config_7288988546561440430.prm
[INFO]:[04:29:46] Starting CPLEX solver on instance: /home/yorig/tuner/mpils-tests/instances/miplib/medium-1/momentum1.mps with config: /scratch/yorig/mpils-results-grid-seconds-5-watchdog/medium-1/8proc/seed-1/6_momentum1_seed-1_20260504_042026/iterated_local_search/run_6_worker_7/ils_config_7288988546561440430.prm
[INFO]:[04:29:51] CPLEX results. Gap: 73.670000, upper bound: 327401.414216, lower bound: 86218.742830
[INFO]:[04:29:51] CPLEX solver finished. Gap: 73.670000
[INFO]:[04:29:51] Starting CPLEX solver on instance: /home/yorig/tuner/mpils-tests/instances/miplib/medium-1/momentum1.mps with config: /scratch/yorig/mpils-results-grid-seconds-5-watchdog/medium-1/8proc/seed-1/6_momentum1_seed-1_20260504_042026/iterated_local_search/run_6_worker_7/ils_config_1922846678384240079.prm
[INFO]:[04:29:51] Starting CPLEX solver on instance: /home/yorig/tuner/mpils-tests/instances/miplib/medium-1/momentum1.mps with config: /scratch/yorig/mpils-results-grid-seconds-5-watchdog/medium-1/8proc/seed-1/6_momentum1_seed-1_20260504_042026/iterated_local_search/run_6_worker_7/ils_config_1922846678384240079.prm
[INFO]:[04:29:56] CPLEX results. Gap: 73.670000, upper bound: 327401.414216, lower bound: 86218.742830
[INFO]:[04:29:56] CPLEX solver finished. Gap: 73.670000
[INFO]:[04:29:56] Starting CPLEX solver on instance: /home/yorig/tuner/mpils-tests/instances/miplib/medium-1/momentum1.mps with config: /scratch/yorig/mpils-results-grid-seconds-5-watchdog/medium-1/8proc/seed-1/6_momentum1_seed-1_20260504_042026/iterated_local_search/run_6_worker_7/ils_config_7707786823859846324.prm
[INFO]:[04:29:56] Starting CPLEX solver on instance: /home/yorig/tuner/mpils-tests/instances/miplib/medium-1/momentum1.mps with config: /scratch/yorig/mpils-results-grid-seconds-5-watchdog/medium-1/8proc/seed-1/6_momentum1_seed-1_20260504_042026/iterated_local_search/run_6_worker_7/ils_config_7707786823859846324.prm
[INFO]:[04:30:01] CPLEX results. Gap: 73.670000, upper bound: 327401.414216, lower bound: 86218.742830
[INFO]:[04:30:01] CPLEX solver finished. Gap: 73.670000
[INFO]:[04:30:01] Starting CPLEX solver on instance: /home/yorig/tuner/mpils-tests/instances/miplib/medium-1/momentum1.mps with config: /scratch/yorig/mpils-results-grid-seconds-5-watchdog/medium-1/8proc/seed-1/6_momentum1_seed-1_20260504_042026/iterated_local_search/run_6_worker_7/ils_config_15080938570073119982.prm
[INFO]:[04:30:01] Starting CPLEX solver on instance: /home/yorig/tuner/mpils-tests/instances/miplib/medium-1/momentum1.mps with config: /scratch/yorig/mpils-results-grid-seconds-5-watchdog/medium-1/8proc/seed-1/6_momentum1_seed-1_20260504_042026/iterated_local_search/run_6_worker_7/ils_config_15080938570073119982.prm
[INFO]:[04:30:06] CPLEX results. Gap: 73.670000, upper bound: 327401.414216, lower bound: 86218.742830
[INFO]:[04:30:06] CPLEX solver finished. Gap: 73.670000
[INFO]:[04:30:06] Starting CPLEX solver on instance: /home/yorig/tuner/mpils-tests/instances/miplib/medium-1/momentum1.mps with config: /scratch/yorig/mpils-results-grid-seconds-5-watchdog/medium-1/8proc/seed-1/6_momentum1_seed-1_20260504_042026/iterated_local_search/run_6_worker_7/ils_config_10797815599249877348.prm
[INFO]:[04:30:06] Starting CPLEX solver on instance: /home/yorig/tuner/mpils-tests/instances/miplib/medium-1/momentum1.mps with config: /scratch/yorig/mpils-results-grid-seconds-5-watchdog/medium-1/8proc/seed-1/6_momentum1_seed-1_20260504_042026/iterated_local_search/run_6_worker_7/ils_config_10797815599249877348.prm
[INFO]:[04:30:11] CPLEX results. Gap: 73.670000, upper bound: 327401.414216, lower bound: 86218.742830
[INFO]:[04:30:11] CPLEX solver finished. Gap: 73.670000
[INFO]:[04:30:11] Starting CPLEX solver on instance: /home/yorig/tuner/mpils-tests/instances/miplib/medium-1/momentum1.mps with config: /scratch/yorig/mpils-results-grid-seconds-5-watchdog/medium-1/8proc/seed-1/6_momentum1_seed-1_20260504_042026/iterated_local_search/run_6_worker_7/ils_config_7252387201271564412.prm
[INFO]:[04:30:11] Starting CPLEX solver on instance: /home/yorig/tuner/mpils-tests/instances/miplib/medium-1/momentum1.mps with config: /scratch/yorig/mpils-results-grid-seconds-5-watchdog/medium-1/8proc/seed-1/6_momentum1_seed-1_20260504_042026/iterated_local_search/run_6_worker_7/ils_config_7252387201271564412.prm
[INFO]:[04:30:16] CPLEX results. Gap: 73.670000, upper bound: 327401.414216, lower bound: 86218.742830
[INFO]:[04:30:16] CPLEX solver finished. Gap: 73.670000
[INFO]:[04:30:16] Starting CPLEX solver on instance: /home/yorig/tuner/mpils-tests/instances/miplib/medium-1/momentum1.mps with config: /scratch/yorig/mpils-results-grid-seconds-5-watchdog/medium-1/8proc/seed-1/6_momentum1_seed-1_20260504_042026/iterated_local_search/run_6_worker_7/ils_config_9299018793841372200.prm
[INFO]:[04:30:16] Starting CPLEX solver on instance: /home/yorig/tuner/mpils-tests/instances/miplib/medium-1/momentum1.mps with config: /scratch/yorig/mpils-results-grid-seconds-5-watchdog/medium-1/8proc/seed-1/6_momentum1_seed-1_20260504_042026/iterated_local_search/run_6_worker_7/ils_config_9299018793841372200.prm
[INFO]:[04:30:21] CPLEX results. Gap: 73.670000, upper bound: 327401.414216, lower bound: 86218.742830
[INFO]:[04:30:21] CPLEX solver finished. Gap: 73.670000
[INFO]:[04:30:21] Starting CPLEX solver on instance: /home/yorig/tuner/mpils-tests/instances/miplib/medium-1/momentum1.mps with config: /scratch/yorig/mpils-results-grid-seconds-5-watchdog/medium-1/8proc/seed-1/6_momentum1_seed-1_20260504_042026/iterated_local_search/run_6_worker_7/ils_config_17856488176982522187.prm
[INFO]:[04:30:21] Starting CPLEX solver on instance: /home/yorig/tuner/mpils-tests/instances/miplib/medium-1/momentum1.mps with config: /scratch/yorig/mpils-results-grid-seconds-5-watchdog/medium-1/8proc/seed-1/6_momentum1_seed-1_20260504_042026/iterated_local_search/run_6_worker_7/ils_config_17856488176982522187.prm
[INFO]:[04:30:26] CPLEX results. Gap: 69.390000, upper bound: 314554.417261, lower bound: 96273.654731
[INFO]:[04:30:26] CPLEX solver finished. Gap: 69.390000
[INFO]:[04:30:26] New incumbent found with objective value: 69.39
[INFO]:[04:30:26] Starting CPLEX solver on instance: /home/yorig/tuner/mpils-tests/instances/miplib/medium-1/momentum1.mps with config: /scratch/yorig/mpils-results-grid-seconds-5-watchdog/medium-1/8proc/seed-1/6_momentum1_seed-1_20260504_042026/iterated_local_search/run_6_worker_7/ils_config_4800597493049057888.prm
[INFO]:[04:30:26] Starting CPLEX solver on instance: /home/yorig/tuner/mpils-tests/instances/miplib/medium-1/momentum1.mps with config: /scratch/yorig/mpils-results-grid-seconds-5-watchdog/medium-1/8proc/seed-1/6_momentum1_seed-1_20260504_042026/iterated_local_search/run_6_worker_7/ils_config_4800597493049057888.prm
[INFO]:[04:30:31] CPLEX results. Gap: 70.910000, upper bound: 327401.396559, lower bound: 95227.701834
[INFO]:[04:30:31] CPLEX solver finished. Gap: 70.910000
[INFO]:[04:30:31] Starting CPLEX solver on instance: /home/yorig/tuner/mpils-tests/instances/miplib/medium-1/momentum1.mps with config: /scratch/yorig/mpils-results-grid-seconds-5-watchdog/medium-1/8proc/seed-1/6_momentum1_seed-1_20260504_042026/iterated_local_search/run_6_worker_7/ils_config_8814792701623620540.prm
[INFO]:[04:30:31] Starting CPLEX solver on instance: /home/yorig/tuner/mpils-tests/instances/miplib/medium-1/momentum1.mps with config: /scratch/yorig/mpils-results-grid-seconds-5-watchdog/medium-1/8proc/seed-1/6_momentum1_seed-1_20260504_042026/iterated_local_search/run_6_worker_7/ils_config_8814792701623620540.prm
[INFO]:[04:30:36] CPLEX results. Gap: 69.390000, upper bound: 314554.417261, lower bound: 96273.654731
[INFO]:[04:30:36] CPLEX solver finished. Gap: 69.390000
[INFO]:[04:30:36] Local search phase completed.
[INFO]:[04:30:36] Total number of new local-search evaluations: 30
[INFO]:[04:30:36] Final incumbent objective value: 69.39
[INFO]:[04:30:37] Worker 7 completed exploration phase.
[INFO]:[04:30:37] Worker 7 received order for step 3.
[INFO]:[04:30:37] Worker 7 finished.
