[INFO]:[23:26:50] Worker 11 starting.
[INFO]:[23:26:50] Worker 11 received order for step 1.
[INFO]:[23:26:50] Worker 11 running exploration phase for iteration 1.
[INFO]:[23:26:50] Current MIP start info file not found: /scratch/yorig/mpils-results-grid-seconds-5/easy/16proc/seed-1/9_supportcase18_seed-1_20260502_232649/iterated_local_search/mip_start/current_mip_start_1.txt
[INFO]:[23:26:50] Worker 11 at iteration 1 will not use a MIP start file. Current best MIP-start upper bound threshold is 1.79769e+308.
[INFO]:[23:26:50] Starting local search phase...
[INFO]:[23:26:50] Creating local search space from parameter space file: /scratch/yorig/mpils-results-grid-seconds-5/easy/16proc/seed-1/9_supportcase18_seed-1_20260502_232649/iterated_local_search/search_space/search_space_file_1_worker_11.txt
[INFO]:[23:26:50] Local search space loaded from file: /scratch/yorig/mpils-results-grid-seconds-5/easy/16proc/seed-1/9_supportcase18_seed-1_20260502_232649/iterated_local_search/search_space/search_space_file_1_worker_11.txt
[INFO]:[23:26:50] Number of parameters in local search space: 71
[INFO]:[23:26:50] Number of forbidden tuples in local search space: 0
[INFO]:[23:26:50] Number of conditionals in local search space: 6
[INFO]:[23:26:50] MIP start option not enabled. Local search will proceed without MIP start.
[INFO]:[23:26:50] Evaluating initial configuration for local search phase...
[INFO]:[23:26:51] Starting CPLEX solver on instance: /home/yorig/tuner/mpils-tests/instances/miplib/easy/supportcase18.mps with config: /scratch/yorig/mpils-results-grid-seconds-5/easy/16proc/seed-1/9_supportcase18_seed-1_20260502_232649/iterated_local_search/run_1_worker_11/ils_config_14110895929605178491.prm
[INFO]:[23:26:51] Starting CPLEX solver on instance: /home/yorig/tuner/mpils-tests/instances/miplib/easy/supportcase18.mps with config: /scratch/yorig/mpils-results-grid-seconds-5/easy/16proc/seed-1/9_supportcase18_seed-1_20260502_232649/iterated_local_search/run_1_worker_11/ils_config_14110895929605178491.prm
[INFO]:[23:26:56] CPLEX results. Gap: 3.700000, upper bound: 49.000000, lower bound: 47.186667
[INFO]:[23:26:56] Writing MIP start file: /scratch/yorig/mpils-results-grid-seconds-5/easy/16proc/seed-1/9_supportcase18_seed-1_20260502_232649/iterated_local_search/run_1_worker_11/mip_starts/mip_start_eval_1_config_14110895929605178491.mst
[INFO]:[23:26:56] CPLEX solver finished. Gap: 3.700000
[INFO]:[23:26:56] Initial configuration evaluated with objective value: 3.7
[INFO]:[23:26:56] Starting CPLEX solver on instance: /home/yorig/tuner/mpils-tests/instances/miplib/easy/supportcase18.mps with config: /scratch/yorig/mpils-results-grid-seconds-5/easy/16proc/seed-1/9_supportcase18_seed-1_20260502_232649/iterated_local_search/run_1_worker_11/ils_config_7333021521942397765.prm
[INFO]:[23:26:56] Starting CPLEX solver on instance: /home/yorig/tuner/mpils-tests/instances/miplib/easy/supportcase18.mps with config: /scratch/yorig/mpils-results-grid-seconds-5/easy/16proc/seed-1/9_supportcase18_seed-1_20260502_232649/iterated_local_search/run_1_worker_11/ils_config_7333021521942397765.prm
[INFO]:[23:27:01] CPLEX results. Gap: 3.700000, upper bound: 49.000000, lower bound: 47.186667
[INFO]:[23:27:01] CPLEX solver finished. Gap: 3.700000
[INFO]:[23:27:01] Starting CPLEX solver on instance: /home/yorig/tuner/mpils-tests/instances/miplib/easy/supportcase18.mps with config: /scratch/yorig/mpils-results-grid-seconds-5/easy/16proc/seed-1/9_supportcase18_seed-1_20260502_232649/iterated_local_search/run_1_worker_11/ils_config_9204347870876158547.prm
[INFO]:[23:27:01] Starting CPLEX solver on instance: /home/yorig/tuner/mpils-tests/instances/miplib/easy/supportcase18.mps with config: /scratch/yorig/mpils-results-grid-seconds-5/easy/16proc/seed-1/9_supportcase18_seed-1_20260502_232649/iterated_local_search/run_1_worker_11/ils_config_9204347870876158547.prm
[INFO]:[23:27:06] CPLEX results. Gap: 3.700000, upper bound: 49.000000, lower bound: 47.186667
[INFO]:[23:27:06] CPLEX solver finished. Gap: 3.700000
[INFO]:[23:27:06] Starting CPLEX solver on instance: /home/yorig/tuner/mpils-tests/instances/miplib/easy/supportcase18.mps with config: /scratch/yorig/mpils-results-grid-seconds-5/easy/16proc/seed-1/9_supportcase18_seed-1_20260502_232649/iterated_local_search/run_1_worker_11/ils_config_3123662560092684349.prm
[INFO]:[23:27:06] Starting CPLEX solver on instance: /home/yorig/tuner/mpils-tests/instances/miplib/easy/supportcase18.mps with config: /scratch/yorig/mpils-results-grid-seconds-5/easy/16proc/seed-1/9_supportcase18_seed-1_20260502_232649/iterated_local_search/run_1_worker_11/ils_config_3123662560092684349.prm
[INFO]:[23:27:11] CPLEX results. Gap: 3.700000, upper bound: 49.000000, lower bound: 47.186667
[INFO]:[23:27:11] CPLEX solver finished. Gap: 3.700000
[INFO]:[23:27:11] Starting CPLEX solver on instance: /home/yorig/tuner/mpils-tests/instances/miplib/easy/supportcase18.mps with config: /scratch/yorig/mpils-results-grid-seconds-5/easy/16proc/seed-1/9_supportcase18_seed-1_20260502_232649/iterated_local_search/run_1_worker_11/ils_config_433907297882552943.prm
[INFO]:[23:27:11] Starting CPLEX solver on instance: /home/yorig/tuner/mpils-tests/instances/miplib/easy/supportcase18.mps with config: /scratch/yorig/mpils-results-grid-seconds-5/easy/16proc/seed-1/9_supportcase18_seed-1_20260502_232649/iterated_local_search/run_1_worker_11/ils_config_433907297882552943.prm
[INFO]:[23:27:16] CPLEX results. Gap: 3.700000, upper bound: 49.000000, lower bound: 47.186667
[INFO]:[23:27:16] CPLEX solver finished. Gap: 3.700000
[INFO]:[23:27:16] Starting CPLEX solver on instance: /home/yorig/tuner/mpils-tests/instances/miplib/easy/supportcase18.mps with config: /scratch/yorig/mpils-results-grid-seconds-5/easy/16proc/seed-1/9_supportcase18_seed-1_20260502_232649/iterated_local_search/run_1_worker_11/ils_config_9617928938118566663.prm
[INFO]:[23:27:16] Starting CPLEX solver on instance: /home/yorig/tuner/mpils-tests/instances/miplib/easy/supportcase18.mps with config: /scratch/yorig/mpils-results-grid-seconds-5/easy/16proc/seed-1/9_supportcase18_seed-1_20260502_232649/iterated_local_search/run_1_worker_11/ils_config_9617928938118566663.prm
[INFO]:[23:27:21] CPLEX results. Gap: 3.700000, upper bound: 49.000000, lower bound: 47.186667
[INFO]:[23:27:21] CPLEX solver finished. Gap: 3.700000
[INFO]:[23:27:21] Starting CPLEX solver on instance: /home/yorig/tuner/mpils-tests/instances/miplib/easy/supportcase18.mps with config: /scratch/yorig/mpils-results-grid-seconds-5/easy/16proc/seed-1/9_supportcase18_seed-1_20260502_232649/iterated_local_search/run_1_worker_11/ils_config_4774512125037611778.prm
[INFO]:[23:27:21] Starting CPLEX solver on instance: /home/yorig/tuner/mpils-tests/instances/miplib/easy/supportcase18.mps with config: /scratch/yorig/mpils-results-grid-seconds-5/easy/16proc/seed-1/9_supportcase18_seed-1_20260502_232649/iterated_local_search/run_1_worker_11/ils_config_4774512125037611778.prm
[INFO]:[23:27:26] CPLEX results. Gap: 5.630000, upper bound: 50.000000, lower bound: 47.186667
[INFO]:[23:27:26] CPLEX solver finished. Gap: 5.630000
[INFO]:[23:27:26] Starting CPLEX solver on instance: /home/yorig/tuner/mpils-tests/instances/miplib/easy/supportcase18.mps with config: /scratch/yorig/mpils-results-grid-seconds-5/easy/16proc/seed-1/9_supportcase18_seed-1_20260502_232649/iterated_local_search/run_1_worker_11/ils_config_14039397758633649922.prm
[INFO]:[23:27:26] Starting CPLEX solver on instance: /home/yorig/tuner/mpils-tests/instances/miplib/easy/supportcase18.mps with config: /scratch/yorig/mpils-results-grid-seconds-5/easy/16proc/seed-1/9_supportcase18_seed-1_20260502_232649/iterated_local_search/run_1_worker_11/ils_config_14039397758633649922.prm
[INFO]:[23:27:31] CPLEX results. Gap: 3.700000, upper bound: 49.000000, lower bound: 47.186667
[INFO]:[23:27:31] CPLEX solver finished. Gap: 3.700000
[INFO]:[23:27:31] Starting CPLEX solver on instance: /home/yorig/tuner/mpils-tests/instances/miplib/easy/supportcase18.mps with config: /scratch/yorig/mpils-results-grid-seconds-5/easy/16proc/seed-1/9_supportcase18_seed-1_20260502_232649/iterated_local_search/run_1_worker_11/ils_config_13588896965195607384.prm
[INFO]:[23:27:31] Starting CPLEX solver on instance: /home/yorig/tuner/mpils-tests/instances/miplib/easy/supportcase18.mps with config: /scratch/yorig/mpils-results-grid-seconds-5/easy/16proc/seed-1/9_supportcase18_seed-1_20260502_232649/iterated_local_search/run_1_worker_11/ils_config_13588896965195607384.prm
[INFO]:[23:27:36] CPLEX results. Gap: 3.700000, upper bound: 49.000000, lower bound: 47.186667
[INFO]:[23:27:36] CPLEX solver finished. Gap: 3.700000
[INFO]:[23:27:36] Starting CPLEX solver on instance: /home/yorig/tuner/mpils-tests/instances/miplib/easy/supportcase18.mps with config: /scratch/yorig/mpils-results-grid-seconds-5/easy/16proc/seed-1/9_supportcase18_seed-1_20260502_232649/iterated_local_search/run_1_worker_11/ils_config_731830360158658273.prm
[INFO]:[23:27:36] Starting CPLEX solver on instance: /home/yorig/tuner/mpils-tests/instances/miplib/easy/supportcase18.mps with config: /scratch/yorig/mpils-results-grid-seconds-5/easy/16proc/seed-1/9_supportcase18_seed-1_20260502_232649/iterated_local_search/run_1_worker_11/ils_config_731830360158658273.prm
[INFO]:[23:27:41] CPLEX results. Gap: 3.700000, upper bound: 49.000000, lower bound: 47.186667
[INFO]:[23:27:41] CPLEX solver finished. Gap: 3.700000
[INFO]:[23:27:41] Starting CPLEX solver on instance: /home/yorig/tuner/mpils-tests/instances/miplib/easy/supportcase18.mps with config: /scratch/yorig/mpils-results-grid-seconds-5/easy/16proc/seed-1/9_supportcase18_seed-1_20260502_232649/iterated_local_search/run_1_worker_11/ils_config_17560814627209175688.prm
[INFO]:[23:27:41] Starting CPLEX solver on instance: /home/yorig/tuner/mpils-tests/instances/miplib/easy/supportcase18.mps with config: /scratch/yorig/mpils-results-grid-seconds-5/easy/16proc/seed-1/9_supportcase18_seed-1_20260502_232649/iterated_local_search/run_1_worker_11/ils_config_17560814627209175688.prm
[INFO]:[23:27:46] CPLEX results. Gap: 3.700000, upper bound: 49.000000, lower bound: 47.186667
[INFO]:[23:27:46] CPLEX solver finished. Gap: 3.700000
[INFO]:[23:27:46] Starting CPLEX solver on instance: /home/yorig/tuner/mpils-tests/instances/miplib/easy/supportcase18.mps with config: /scratch/yorig/mpils-results-grid-seconds-5/easy/16proc/seed-1/9_supportcase18_seed-1_20260502_232649/iterated_local_search/run_1_worker_11/ils_config_11248046085668610735.prm
[INFO]:[23:27:46] Starting CPLEX solver on instance: /home/yorig/tuner/mpils-tests/instances/miplib/easy/supportcase18.mps with config: /scratch/yorig/mpils-results-grid-seconds-5/easy/16proc/seed-1/9_supportcase18_seed-1_20260502_232649/iterated_local_search/run_1_worker_11/ils_config_11248046085668610735.prm
[INFO]:[23:27:51] CPLEX results. Gap: 3.700000, upper bound: 49.000000, lower bound: 47.186667
[INFO]:[23:27:51] CPLEX solver finished. Gap: 3.700000
[INFO]:[23:27:51] Starting CPLEX solver on instance: /home/yorig/tuner/mpils-tests/instances/miplib/easy/supportcase18.mps with config: /scratch/yorig/mpils-results-grid-seconds-5/easy/16proc/seed-1/9_supportcase18_seed-1_20260502_232649/iterated_local_search/run_1_worker_11/ils_config_16535054483992436458.prm
[INFO]:[23:27:51] Starting CPLEX solver on instance: /home/yorig/tuner/mpils-tests/instances/miplib/easy/supportcase18.mps with config: /scratch/yorig/mpils-results-grid-seconds-5/easy/16proc/seed-1/9_supportcase18_seed-1_20260502_232649/iterated_local_search/run_1_worker_11/ils_config_16535054483992436458.prm
[INFO]:[23:27:56] CPLEX results. Gap: 3.700000, upper bound: 49.000000, lower bound: 47.186667
[INFO]:[23:27:56] CPLEX solver finished. Gap: 3.700000
[INFO]:[23:27:56] Starting CPLEX solver on instance: /home/yorig/tuner/mpils-tests/instances/miplib/easy/supportcase18.mps with config: /scratch/yorig/mpils-results-grid-seconds-5/easy/16proc/seed-1/9_supportcase18_seed-1_20260502_232649/iterated_local_search/run_1_worker_11/ils_config_12925099479528910042.prm
[INFO]:[23:27:56] Starting CPLEX solver on instance: /home/yorig/tuner/mpils-tests/instances/miplib/easy/supportcase18.mps with config: /scratch/yorig/mpils-results-grid-seconds-5/easy/16proc/seed-1/9_supportcase18_seed-1_20260502_232649/iterated_local_search/run_1_worker_11/ils_config_12925099479528910042.prm
[INFO]:[23:28:01] CPLEX results. Gap: 5.630000, upper bound: 50.000000, lower bound: 47.186667
[INFO]:[23:28:01] CPLEX solver finished. Gap: 5.630000
[INFO]:[23:28:01] Starting CPLEX solver on instance: /home/yorig/tuner/mpils-tests/instances/miplib/easy/supportcase18.mps with config: /scratch/yorig/mpils-results-grid-seconds-5/easy/16proc/seed-1/9_supportcase18_seed-1_20260502_232649/iterated_local_search/run_1_worker_11/ils_config_1439657272179297545.prm
[INFO]:[23:28:01] Starting CPLEX solver on instance: /home/yorig/tuner/mpils-tests/instances/miplib/easy/supportcase18.mps with config: /scratch/yorig/mpils-results-grid-seconds-5/easy/16proc/seed-1/9_supportcase18_seed-1_20260502_232649/iterated_local_search/run_1_worker_11/ils_config_1439657272179297545.prm
[INFO]:[23:28:06] CPLEX results. Gap: 3.700000, upper bound: 49.000000, lower bound: 47.186667
[INFO]:[23:28:06] CPLEX solver finished. Gap: 3.700000
[INFO]:[23:28:06] Starting CPLEX solver on instance: /home/yorig/tuner/mpils-tests/instances/miplib/easy/supportcase18.mps with config: /scratch/yorig/mpils-results-grid-seconds-5/easy/16proc/seed-1/9_supportcase18_seed-1_20260502_232649/iterated_local_search/run_1_worker_11/ils_config_11428859841105547154.prm
[INFO]:[23:28:06] Starting CPLEX solver on instance: /home/yorig/tuner/mpils-tests/instances/miplib/easy/supportcase18.mps with config: /scratch/yorig/mpils-results-grid-seconds-5/easy/16proc/seed-1/9_supportcase18_seed-1_20260502_232649/iterated_local_search/run_1_worker_11/ils_config_11428859841105547154.prm
[INFO]:[23:28:11] CPLEX results. Gap: 3.700000, upper bound: 49.000000, lower bound: 47.186667
[INFO]:[23:28:11] CPLEX solver finished. Gap: 3.700000
[INFO]:[23:28:11] Starting CPLEX solver on instance: /home/yorig/tuner/mpils-tests/instances/miplib/easy/supportcase18.mps with config: /scratch/yorig/mpils-results-grid-seconds-5/easy/16proc/seed-1/9_supportcase18_seed-1_20260502_232649/iterated_local_search/run_1_worker_11/ils_config_2667020744758094044.prm
[INFO]:[23:28:11] Starting CPLEX solver on instance: /home/yorig/tuner/mpils-tests/instances/miplib/easy/supportcase18.mps with config: /scratch/yorig/mpils-results-grid-seconds-5/easy/16proc/seed-1/9_supportcase18_seed-1_20260502_232649/iterated_local_search/run_1_worker_11/ils_config_2667020744758094044.prm
[INFO]:[23:28:16] CPLEX results. Gap: 5.630000, upper bound: 50.000000, lower bound: 47.186667
[INFO]:[23:28:16] CPLEX solver finished. Gap: 5.630000
[INFO]:[23:28:16] Starting CPLEX solver on instance: /home/yorig/tuner/mpils-tests/instances/miplib/easy/supportcase18.mps with config: /scratch/yorig/mpils-results-grid-seconds-5/easy/16proc/seed-1/9_supportcase18_seed-1_20260502_232649/iterated_local_search/run_1_worker_11/ils_config_13619679891428552574.prm
[INFO]:[23:28:16] Starting CPLEX solver on instance: /home/yorig/tuner/mpils-tests/instances/miplib/easy/supportcase18.mps with config: /scratch/yorig/mpils-results-grid-seconds-5/easy/16proc/seed-1/9_supportcase18_seed-1_20260502_232649/iterated_local_search/run_1_worker_11/ils_config_13619679891428552574.prm
[INFO]:[23:28:21] CPLEX results. Gap: 3.700000, upper bound: 49.000000, lower bound: 47.186667
[INFO]:[23:28:21] CPLEX solver finished. Gap: 3.700000
[INFO]:[23:28:21] Starting CPLEX solver on instance: /home/yorig/tuner/mpils-tests/instances/miplib/easy/supportcase18.mps with config: /scratch/yorig/mpils-results-grid-seconds-5/easy/16proc/seed-1/9_supportcase18_seed-1_20260502_232649/iterated_local_search/run_1_worker_11/ils_config_11217644169475235461.prm
[INFO]:[23:28:21] Starting CPLEX solver on instance: /home/yorig/tuner/mpils-tests/instances/miplib/easy/supportcase18.mps with config: /scratch/yorig/mpils-results-grid-seconds-5/easy/16proc/seed-1/9_supportcase18_seed-1_20260502_232649/iterated_local_search/run_1_worker_11/ils_config_11217644169475235461.prm
[INFO]:[23:28:26] CPLEX results. Gap: 5.630000, upper bound: 50.000000, lower bound: 47.186667
[INFO]:[23:28:26] CPLEX solver finished. Gap: 5.630000
[INFO]:[23:28:26] Starting CPLEX solver on instance: /home/yorig/tuner/mpils-tests/instances/miplib/easy/supportcase18.mps with config: /scratch/yorig/mpils-results-grid-seconds-5/easy/16proc/seed-1/9_supportcase18_seed-1_20260502_232649/iterated_local_search/run_1_worker_11/ils_config_16568892046875473749.prm
[INFO]:[23:28:26] Starting CPLEX solver on instance: /home/yorig/tuner/mpils-tests/instances/miplib/easy/supportcase18.mps with config: /scratch/yorig/mpils-results-grid-seconds-5/easy/16proc/seed-1/9_supportcase18_seed-1_20260502_232649/iterated_local_search/run_1_worker_11/ils_config_16568892046875473749.prm
[INFO]:[23:28:31] CPLEX results. Gap: 3.700000, upper bound: 49.000000, lower bound: 47.186667
[INFO]:[23:28:31] CPLEX solver finished. Gap: 3.700000
[INFO]:[23:28:31] Local search phase completed.
[INFO]:[23:28:31] Total number of new local-search evaluations: 20
[INFO]:[23:28:31] Final incumbent objective value: 3.7
[INFO]:[23:28:31] Worker 11 completed exploration phase.
[INFO]:[23:28:31] Worker 11 received order for step 2.
[INFO]:[23:28:31] Worker 11 running expansion phase for iteration 1.
[INFO]:[23:28:31] Worker 11 will use solver log file: /scratch/yorig/mpils-results-grid-seconds-5/easy/16proc/seed-1/9_supportcase18_seed-1_20260502_232649/solver/cplex.log_iteration_expansion_1_worker_11
[INFO]:[23:28:31] Expansion Worker 11 starting expansion for iteration 1.
[INFO]:[23:28:31] Starting CPLEX solver on instance: /home/yorig/tuner/mpils-tests/instances/miplib/easy/supportcase18.mps with config: /scratch/yorig/mpils-results-grid-seconds-5/easy/16proc/seed-1/9_supportcase18_seed-1_20260502_232649/expansion/config_param_CPXPARAM_MIP_Strategy_BBInterval_0_iter_1.prm
[INFO]:[23:28:36] CPLEX results. Gap: 3.700000, upper bound: 49.000000, lower bound: 47.186667
[INFO]:[23:28:36] CPLEX solver finished. Gap: 3.700000
[INFO]:[23:28:36] Starting CPLEX solver on instance: /home/yorig/tuner/mpils-tests/instances/miplib/easy/supportcase18.mps with config: /scratch/yorig/mpils-results-grid-seconds-5/easy/16proc/seed-1/9_supportcase18_seed-1_20260502_232649/expansion/config_param_CPXPARAM_MIP_Strategy_BBInterval_2_iter_1.prm
[INFO]:[23:28:41] CPLEX results. Gap: 3.700000, upper bound: 49.000000, lower bound: 47.186667
[INFO]:[23:28:41] CPLEX solver finished. Gap: 3.700000
[INFO]:[23:28:41] Starting CPLEX solver on instance: /home/yorig/tuner/mpils-tests/instances/miplib/easy/supportcase18.mps with config: /scratch/yorig/mpils-results-grid-seconds-5/easy/16proc/seed-1/9_supportcase18_seed-1_20260502_232649/expansion/config_param_CPXPARAM_MIP_Strategy_BBInterval_3_iter_1.prm
[INFO]:[23:28:47] CPLEX results. Gap: 3.700000, upper bound: 49.000000, lower bound: 47.186667
[INFO]:[23:28:47] CPLEX solver finished. Gap: 3.700000
[INFO]:[23:28:52] Expansion Worker 11 completed expansion.
[INFO]:[23:28:52] Worker 11 completed expansion phase.
[INFO]:[23:28:52] Worker 11 received order for step 1.
[INFO]:[23:28:52] Worker 11 running exploration phase for iteration 2.
[INFO]:[23:28:52] Worker 11 at iteration 2 will not use a MIP start file. Current best MIP-start upper bound threshold is 49.
[INFO]:[23:28:52] Starting local search phase...
[INFO]:[23:28:52] Creating local search space from parameter space file: /scratch/yorig/mpils-results-grid-seconds-5/easy/16proc/seed-1/9_supportcase18_seed-1_20260502_232649/iterated_local_search/search_space/search_space_file_2_worker_11.txt
[INFO]:[23:28:52] Local search space loaded from file: /scratch/yorig/mpils-results-grid-seconds-5/easy/16proc/seed-1/9_supportcase18_seed-1_20260502_232649/iterated_local_search/search_space/search_space_file_2_worker_11.txt
[INFO]:[23:28:52] Number of parameters in local search space: 71
[INFO]:[23:28:52] Number of forbidden tuples in local search space: 17
[INFO]:[23:28:52] Number of conditionals in local search space: 6
[INFO]:[23:28:52] MIP start option not enabled. Local search will proceed without MIP start.
[INFO]:[23:28:52] Evaluating initial configuration for local search phase...
[INFO]:[23:28:52] Starting CPLEX solver on instance: /home/yorig/tuner/mpils-tests/instances/miplib/easy/supportcase18.mps with config: /scratch/yorig/mpils-results-grid-seconds-5/easy/16proc/seed-1/9_supportcase18_seed-1_20260502_232649/iterated_local_search/run_2_worker_11/ils_config_14421893936161294576.prm
[INFO]:[23:28:52] Starting CPLEX solver on instance: /home/yorig/tuner/mpils-tests/instances/miplib/easy/supportcase18.mps with config: /scratch/yorig/mpils-results-grid-seconds-5/easy/16proc/seed-1/9_supportcase18_seed-1_20260502_232649/iterated_local_search/run_2_worker_11/ils_config_14421893936161294576.prm
[INFO]:[23:28:57] CPLEX results. Gap: 3.700000, upper bound: 49.000000, lower bound: 47.186667
[INFO]:[23:28:57] CPLEX solver finished. Gap: 3.700000
[INFO]:[23:28:57] Initial configuration evaluated with objective value: 3.7
[INFO]:[23:28:57] Starting CPLEX solver on instance: /home/yorig/tuner/mpils-tests/instances/miplib/easy/supportcase18.mps with config: /scratch/yorig/mpils-results-grid-seconds-5/easy/16proc/seed-1/9_supportcase18_seed-1_20260502_232649/iterated_local_search/run_2_worker_11/ils_config_8254535574567431389.prm
[INFO]:[23:28:57] Starting CPLEX solver on instance: /home/yorig/tuner/mpils-tests/instances/miplib/easy/supportcase18.mps with config: /scratch/yorig/mpils-results-grid-seconds-5/easy/16proc/seed-1/9_supportcase18_seed-1_20260502_232649/iterated_local_search/run_2_worker_11/ils_config_8254535574567431389.prm
[INFO]:[23:29:02] CPLEX results. Gap: 3.700000, upper bound: 49.000000, lower bound: 47.186667
[INFO]:[23:29:02] CPLEX solver finished. Gap: 3.700000
[INFO]:[23:29:02] Starting CPLEX solver on instance: /home/yorig/tuner/mpils-tests/instances/miplib/easy/supportcase18.mps with config: /scratch/yorig/mpils-results-grid-seconds-5/easy/16proc/seed-1/9_supportcase18_seed-1_20260502_232649/iterated_local_search/run_2_worker_11/ils_config_5469875989984985126.prm
[INFO]:[23:29:02] Starting CPLEX solver on instance: /home/yorig/tuner/mpils-tests/instances/miplib/easy/supportcase18.mps with config: /scratch/yorig/mpils-results-grid-seconds-5/easy/16proc/seed-1/9_supportcase18_seed-1_20260502_232649/iterated_local_search/run_2_worker_11/ils_config_5469875989984985126.prm
[INFO]:[23:29:07] CPLEX results. Gap: 3.700000, upper bound: 49.000000, lower bound: 47.186667
[INFO]:[23:29:07] CPLEX solver finished. Gap: 3.700000
[INFO]:[23:29:07] Received global ILS stop signal from rank 7.
[INFO]:[23:29:07] Local search phase completed.
[INFO]:[23:29:07] Total number of new local-search evaluations: 3
[INFO]:[23:29:07] Final incumbent objective value: 3.7
[INFO]:[23:29:07] Worker 11 completed exploration phase.
[INFO]:[23:29:07] Worker 11 received order for step 3.
[INFO]:[23:29:07] Worker 11 finished.
