[INFO]:[00:26:35] Worker 21 starting.
[INFO]:[00:26:35] Worker 21 received order for step 1.
[INFO]:[00:26:35] Worker 21 running exploration phase for iteration 1.
[INFO]:[00:26:35] Worker 21 at iteration 1 will not use a MIP start file. Current best MIP-start upper bound threshold is 1.79769e+308.
[INFO]:[00:26:35] Starting local search phase...
[INFO]:[00:26:35] Creating local search space from parameter space file: /scratch/yorig/mpils-results-grid-seconds-5-watchdog-mip-start/medium-2/24proc/seed-3/5_rococoB10-011000_seed-3_20260504_002634/iterated_local_search/search_space/search_space_file_1_worker_21.txt
[INFO]:[00:26:35] Local search space loaded from file: /scratch/yorig/mpils-results-grid-seconds-5-watchdog-mip-start/medium-2/24proc/seed-3/5_rococoB10-011000_seed-3_20260504_002634/iterated_local_search/search_space/search_space_file_1_worker_21.txt
[INFO]:[00:26:35] Number of parameters in local search space: 71
[INFO]:[00:26:35] Number of forbidden tuples in local search space: 0
[INFO]:[00:26:35] Number of conditionals in local search space: 6
[INFO]:[00:26:35] MIP start option not enabled. Local search will proceed without MIP start.
[INFO]:[00:26:35] Evaluating initial configuration for local search phase...
[INFO]:[00:26:35] Starting CPLEX solver on instance: /home/yorig/tuner/mpils-tests/instances/miplib/medium-2/rococoB10-011000.mps with config: /scratch/yorig/mpils-results-grid-seconds-5-watchdog-mip-start/medium-2/24proc/seed-3/5_rococoB10-011000_seed-3_20260504_002634/iterated_local_search/run_1_worker_21/ils_config_18290534222169684802.prm
[INFO]:[00:26:35] Starting CPLEX solver on instance: /home/yorig/tuner/mpils-tests/instances/miplib/medium-2/rococoB10-011000.mps with config: /scratch/yorig/mpils-results-grid-seconds-5-watchdog-mip-start/medium-2/24proc/seed-3/5_rococoB10-011000_seed-3_20260504_002634/iterated_local_search/run_1_worker_21/ils_config_18290534222169684802.prm
[INFO]:[00:26:40] CPLEX results. Gap: 34.850000, upper bound: 21228.000000, lower bound: 13830.304458
[INFO]:[00:26:40] CPLEX solver finished. Gap: 34.850000
[INFO]:[00:26:40] Initial configuration evaluated with objective value: 34.85
[INFO]:[00:26:40] Starting CPLEX solver on instance: /home/yorig/tuner/mpils-tests/instances/miplib/medium-2/rococoB10-011000.mps with config: /scratch/yorig/mpils-results-grid-seconds-5-watchdog-mip-start/medium-2/24proc/seed-3/5_rococoB10-011000_seed-3_20260504_002634/iterated_local_search/run_1_worker_21/ils_config_10435777497061121456.prm
[INFO]:[00:26:40] Starting CPLEX solver on instance: /home/yorig/tuner/mpils-tests/instances/miplib/medium-2/rococoB10-011000.mps with config: /scratch/yorig/mpils-results-grid-seconds-5-watchdog-mip-start/medium-2/24proc/seed-3/5_rococoB10-011000_seed-3_20260504_002634/iterated_local_search/run_1_worker_21/ils_config_10435777497061121456.prm
[INFO]:[00:26:46] CPLEX results. Gap: 34.850000, upper bound: 21228.000000, lower bound: 13830.304458
[INFO]:[00:26:46] CPLEX solver finished. Gap: 34.850000
[INFO]:[00:26:46] Starting CPLEX solver on instance: /home/yorig/tuner/mpils-tests/instances/miplib/medium-2/rococoB10-011000.mps with config: /scratch/yorig/mpils-results-grid-seconds-5-watchdog-mip-start/medium-2/24proc/seed-3/5_rococoB10-011000_seed-3_20260504_002634/iterated_local_search/run_1_worker_21/ils_config_17493581491138576465.prm
[INFO]:[00:26:46] Starting CPLEX solver on instance: /home/yorig/tuner/mpils-tests/instances/miplib/medium-2/rococoB10-011000.mps with config: /scratch/yorig/mpils-results-grid-seconds-5-watchdog-mip-start/medium-2/24proc/seed-3/5_rococoB10-011000_seed-3_20260504_002634/iterated_local_search/run_1_worker_21/ils_config_17493581491138576465.prm
[INFO]:[00:26:51] CPLEX results. Gap: 34.940000, upper bound: 21083.000000, lower bound: 13717.386270
[INFO]:[00:26:51] CPLEX solver finished. Gap: 34.940000
[INFO]:[00:26:51] Starting CPLEX solver on instance: /home/yorig/tuner/mpils-tests/instances/miplib/medium-2/rococoB10-011000.mps with config: /scratch/yorig/mpils-results-grid-seconds-5-watchdog-mip-start/medium-2/24proc/seed-3/5_rococoB10-011000_seed-3_20260504_002634/iterated_local_search/run_1_worker_21/ils_config_269747702971200849.prm
[INFO]:[00:26:51] Starting CPLEX solver on instance: /home/yorig/tuner/mpils-tests/instances/miplib/medium-2/rococoB10-011000.mps with config: /scratch/yorig/mpils-results-grid-seconds-5-watchdog-mip-start/medium-2/24proc/seed-3/5_rococoB10-011000_seed-3_20260504_002634/iterated_local_search/run_1_worker_21/ils_config_269747702971200849.prm
[INFO]:[00:26:56] CPLEX results. Gap: 34.850000, upper bound: 21228.000000, lower bound: 13830.304458
[INFO]:[00:26:56] CPLEX solver finished. Gap: 34.850000
[INFO]:[00:26:56] Starting CPLEX solver on instance: /home/yorig/tuner/mpils-tests/instances/miplib/medium-2/rococoB10-011000.mps with config: /scratch/yorig/mpils-results-grid-seconds-5-watchdog-mip-start/medium-2/24proc/seed-3/5_rococoB10-011000_seed-3_20260504_002634/iterated_local_search/run_1_worker_21/ils_config_18085482802079476862.prm
[INFO]:[00:26:56] Starting CPLEX solver on instance: /home/yorig/tuner/mpils-tests/instances/miplib/medium-2/rococoB10-011000.mps with config: /scratch/yorig/mpils-results-grid-seconds-5-watchdog-mip-start/medium-2/24proc/seed-3/5_rococoB10-011000_seed-3_20260504_002634/iterated_local_search/run_1_worker_21/ils_config_18085482802079476862.prm
[INFO]:[00:27:01] CPLEX results. Gap: 34.750000, upper bound: 21228.000000, lower bound: 13852.316761
[INFO]:[00:27:01] CPLEX solver finished. Gap: 34.750000
[INFO]:[00:27:01] New incumbent found with objective value: 34.75
[INFO]:[00:27:01] Starting CPLEX solver on instance: /home/yorig/tuner/mpils-tests/instances/miplib/medium-2/rococoB10-011000.mps with config: /scratch/yorig/mpils-results-grid-seconds-5-watchdog-mip-start/medium-2/24proc/seed-3/5_rococoB10-011000_seed-3_20260504_002634/iterated_local_search/run_1_worker_21/ils_config_410666672624168681.prm
[INFO]:[00:27:01] Starting CPLEX solver on instance: /home/yorig/tuner/mpils-tests/instances/miplib/medium-2/rococoB10-011000.mps with config: /scratch/yorig/mpils-results-grid-seconds-5-watchdog-mip-start/medium-2/24proc/seed-3/5_rococoB10-011000_seed-3_20260504_002634/iterated_local_search/run_1_worker_21/ils_config_410666672624168681.prm
[INFO]:[00:27:06] CPLEX results. Gap: 41.510000, upper bound: 21110.000000, lower bound: 12347.008386
[INFO]:[00:27:06] CPLEX solver finished. Gap: 41.510000
[INFO]:[00:27:06] Starting CPLEX solver on instance: /home/yorig/tuner/mpils-tests/instances/miplib/medium-2/rococoB10-011000.mps with config: /scratch/yorig/mpils-results-grid-seconds-5-watchdog-mip-start/medium-2/24proc/seed-3/5_rococoB10-011000_seed-3_20260504_002634/iterated_local_search/run_1_worker_21/ils_config_1923614746365401092.prm
[INFO]:[00:27:06] Starting CPLEX solver on instance: /home/yorig/tuner/mpils-tests/instances/miplib/medium-2/rococoB10-011000.mps with config: /scratch/yorig/mpils-results-grid-seconds-5-watchdog-mip-start/medium-2/24proc/seed-3/5_rococoB10-011000_seed-3_20260504_002634/iterated_local_search/run_1_worker_21/ils_config_1923614746365401092.prm
[INFO]:[00:27:11] CPLEX results. Gap: 34.750000, upper bound: 21228.000000, lower bound: 13852.316761
[INFO]:[00:27:11] CPLEX solver finished. Gap: 34.750000
[INFO]:[00:27:11] Starting CPLEX solver on instance: /home/yorig/tuner/mpils-tests/instances/miplib/medium-2/rococoB10-011000.mps with config: /scratch/yorig/mpils-results-grid-seconds-5-watchdog-mip-start/medium-2/24proc/seed-3/5_rococoB10-011000_seed-3_20260504_002634/iterated_local_search/run_1_worker_21/ils_config_2928499852733456514.prm
[INFO]:[00:27:11] Starting CPLEX solver on instance: /home/yorig/tuner/mpils-tests/instances/miplib/medium-2/rococoB10-011000.mps with config: /scratch/yorig/mpils-results-grid-seconds-5-watchdog-mip-start/medium-2/24proc/seed-3/5_rococoB10-011000_seed-3_20260504_002634/iterated_local_search/run_1_worker_21/ils_config_2928499852733456514.prm
[INFO]:[00:27:16] CPLEX results. Gap: 34.910000, upper bound: 21228.000000, lower bound: 13816.277768
[INFO]:[00:27:16] CPLEX solver finished. Gap: 34.910000
[INFO]:[00:27:16] Starting CPLEX solver on instance: /home/yorig/tuner/mpils-tests/instances/miplib/medium-2/rococoB10-011000.mps with config: /scratch/yorig/mpils-results-grid-seconds-5-watchdog-mip-start/medium-2/24proc/seed-3/5_rococoB10-011000_seed-3_20260504_002634/iterated_local_search/run_1_worker_21/ils_config_7685147475766674633.prm
[INFO]:[00:27:16] Starting CPLEX solver on instance: /home/yorig/tuner/mpils-tests/instances/miplib/medium-2/rococoB10-011000.mps with config: /scratch/yorig/mpils-results-grid-seconds-5-watchdog-mip-start/medium-2/24proc/seed-3/5_rococoB10-011000_seed-3_20260504_002634/iterated_local_search/run_1_worker_21/ils_config_7685147475766674633.prm
[INFO]:[00:27:21] CPLEX results. Gap: 34.750000, upper bound: 21228.000000, lower bound: 13852.316761
[INFO]:[00:27:21] CPLEX solver finished. Gap: 34.750000
[INFO]:[00:27:21] Starting CPLEX solver on instance: /home/yorig/tuner/mpils-tests/instances/miplib/medium-2/rococoB10-011000.mps with config: /scratch/yorig/mpils-results-grid-seconds-5-watchdog-mip-start/medium-2/24proc/seed-3/5_rococoB10-011000_seed-3_20260504_002634/iterated_local_search/run_1_worker_21/ils_config_11291745312725806167.prm
[INFO]:[00:27:21] Starting CPLEX solver on instance: /home/yorig/tuner/mpils-tests/instances/miplib/medium-2/rococoB10-011000.mps with config: /scratch/yorig/mpils-results-grid-seconds-5-watchdog-mip-start/medium-2/24proc/seed-3/5_rococoB10-011000_seed-3_20260504_002634/iterated_local_search/run_1_worker_21/ils_config_11291745312725806167.prm
[INFO]:[00:27:26] CPLEX results. Gap: 34.750000, upper bound: 21228.000000, lower bound: 13852.316761
[INFO]:[00:27:26] CPLEX solver finished. Gap: 34.750000
[INFO]:[00:27:26] Starting CPLEX solver on instance: /home/yorig/tuner/mpils-tests/instances/miplib/medium-2/rococoB10-011000.mps with config: /scratch/yorig/mpils-results-grid-seconds-5-watchdog-mip-start/medium-2/24proc/seed-3/5_rococoB10-011000_seed-3_20260504_002634/iterated_local_search/run_1_worker_21/ils_config_7384300545951698059.prm
[INFO]:[00:27:26] Starting CPLEX solver on instance: /home/yorig/tuner/mpils-tests/instances/miplib/medium-2/rococoB10-011000.mps with config: /scratch/yorig/mpils-results-grid-seconds-5-watchdog-mip-start/medium-2/24proc/seed-3/5_rococoB10-011000_seed-3_20260504_002634/iterated_local_search/run_1_worker_21/ils_config_7384300545951698059.prm
[INFO]:[00:27:31] CPLEX results. Gap: 34.750000, upper bound: 21228.000000, lower bound: 13852.316761
[INFO]:[00:27:31] CPLEX solver finished. Gap: 34.750000
[INFO]:[00:27:31] Starting CPLEX solver on instance: /home/yorig/tuner/mpils-tests/instances/miplib/medium-2/rococoB10-011000.mps with config: /scratch/yorig/mpils-results-grid-seconds-5-watchdog-mip-start/medium-2/24proc/seed-3/5_rococoB10-011000_seed-3_20260504_002634/iterated_local_search/run_1_worker_21/ils_config_6279223110825297805.prm
[INFO]:[00:27:31] Starting CPLEX solver on instance: /home/yorig/tuner/mpils-tests/instances/miplib/medium-2/rococoB10-011000.mps with config: /scratch/yorig/mpils-results-grid-seconds-5-watchdog-mip-start/medium-2/24proc/seed-3/5_rococoB10-011000_seed-3_20260504_002634/iterated_local_search/run_1_worker_21/ils_config_6279223110825297805.prm
[INFO]:[00:27:36] CPLEX results. Gap: 34.750000, upper bound: 21228.000000, lower bound: 13852.316761
[INFO]:[00:27:36] CPLEX solver finished. Gap: 34.750000
[INFO]:[00:27:36] Starting CPLEX solver on instance: /home/yorig/tuner/mpils-tests/instances/miplib/medium-2/rococoB10-011000.mps with config: /scratch/yorig/mpils-results-grid-seconds-5-watchdog-mip-start/medium-2/24proc/seed-3/5_rococoB10-011000_seed-3_20260504_002634/iterated_local_search/run_1_worker_21/ils_config_13046382294372753574.prm
[INFO]:[00:27:36] Starting CPLEX solver on instance: /home/yorig/tuner/mpils-tests/instances/miplib/medium-2/rococoB10-011000.mps with config: /scratch/yorig/mpils-results-grid-seconds-5-watchdog-mip-start/medium-2/24proc/seed-3/5_rococoB10-011000_seed-3_20260504_002634/iterated_local_search/run_1_worker_21/ils_config_13046382294372753574.prm
[INFO]:[00:27:41] CPLEX results. Gap: 34.850000, upper bound: 21228.000000, lower bound: 13830.304458
[INFO]:[00:27:41] CPLEX solver finished. Gap: 34.850000
[INFO]:[00:27:41] Starting CPLEX solver on instance: /home/yorig/tuner/mpils-tests/instances/miplib/medium-2/rococoB10-011000.mps with config: /scratch/yorig/mpils-results-grid-seconds-5-watchdog-mip-start/medium-2/24proc/seed-3/5_rococoB10-011000_seed-3_20260504_002634/iterated_local_search/run_1_worker_21/ils_config_572911879321124757.prm
[INFO]:[00:27:41] Starting CPLEX solver on instance: /home/yorig/tuner/mpils-tests/instances/miplib/medium-2/rococoB10-011000.mps with config: /scratch/yorig/mpils-results-grid-seconds-5-watchdog-mip-start/medium-2/24proc/seed-3/5_rococoB10-011000_seed-3_20260504_002634/iterated_local_search/run_1_worker_21/ils_config_572911879321124757.prm
[INFO]:[00:27:46] CPLEX results. Gap: 34.750000, upper bound: 21228.000000, lower bound: 13852.316761
[INFO]:[00:27:46] CPLEX solver finished. Gap: 34.750000
[INFO]:[00:27:46] Starting CPLEX solver on instance: /home/yorig/tuner/mpils-tests/instances/miplib/medium-2/rococoB10-011000.mps with config: /scratch/yorig/mpils-results-grid-seconds-5-watchdog-mip-start/medium-2/24proc/seed-3/5_rococoB10-011000_seed-3_20260504_002634/iterated_local_search/run_1_worker_21/ils_config_2016701240366618536.prm
[INFO]:[00:27:46] Starting CPLEX solver on instance: /home/yorig/tuner/mpils-tests/instances/miplib/medium-2/rococoB10-011000.mps with config: /scratch/yorig/mpils-results-grid-seconds-5-watchdog-mip-start/medium-2/24proc/seed-3/5_rococoB10-011000_seed-3_20260504_002634/iterated_local_search/run_1_worker_21/ils_config_2016701240366618536.prm
[INFO]:[00:27:51] CPLEX results. Gap: 44.610000, upper bound: 21228.000000, lower bound: 11758.240831
[INFO]:[00:27:51] CPLEX solver finished. Gap: 44.610000
[INFO]:[00:27:51] Starting CPLEX solver on instance: /home/yorig/tuner/mpils-tests/instances/miplib/medium-2/rococoB10-011000.mps with config: /scratch/yorig/mpils-results-grid-seconds-5-watchdog-mip-start/medium-2/24proc/seed-3/5_rococoB10-011000_seed-3_20260504_002634/iterated_local_search/run_1_worker_21/ils_config_13090168576802341252.prm
[INFO]:[00:27:51] Starting CPLEX solver on instance: /home/yorig/tuner/mpils-tests/instances/miplib/medium-2/rococoB10-011000.mps with config: /scratch/yorig/mpils-results-grid-seconds-5-watchdog-mip-start/medium-2/24proc/seed-3/5_rococoB10-011000_seed-3_20260504_002634/iterated_local_search/run_1_worker_21/ils_config_13090168576802341252.prm
[INFO]:[00:27:56] CPLEX results. Gap: 34.750000, upper bound: 21228.000000, lower bound: 13852.316761
[INFO]:[00:27:56] CPLEX solver finished. Gap: 34.750000
[INFO]:[00:27:56] Starting CPLEX solver on instance: /home/yorig/tuner/mpils-tests/instances/miplib/medium-2/rococoB10-011000.mps with config: /scratch/yorig/mpils-results-grid-seconds-5-watchdog-mip-start/medium-2/24proc/seed-3/5_rococoB10-011000_seed-3_20260504_002634/iterated_local_search/run_1_worker_21/ils_config_18380837089452384159.prm
[INFO]:[00:27:56] Starting CPLEX solver on instance: /home/yorig/tuner/mpils-tests/instances/miplib/medium-2/rococoB10-011000.mps with config: /scratch/yorig/mpils-results-grid-seconds-5-watchdog-mip-start/medium-2/24proc/seed-3/5_rococoB10-011000_seed-3_20260504_002634/iterated_local_search/run_1_worker_21/ils_config_18380837089452384159.prm
[INFO]:[00:28:01] CPLEX results. Gap: 34.750000, upper bound: 21228.000000, lower bound: 13852.316761
[INFO]:[00:28:01] CPLEX solver finished. Gap: 34.750000
[INFO]:[00:28:01] Starting CPLEX solver on instance: /home/yorig/tuner/mpils-tests/instances/miplib/medium-2/rococoB10-011000.mps with config: /scratch/yorig/mpils-results-grid-seconds-5-watchdog-mip-start/medium-2/24proc/seed-3/5_rococoB10-011000_seed-3_20260504_002634/iterated_local_search/run_1_worker_21/ils_config_672315649747204241.prm
[INFO]:[00:28:01] Starting CPLEX solver on instance: /home/yorig/tuner/mpils-tests/instances/miplib/medium-2/rococoB10-011000.mps with config: /scratch/yorig/mpils-results-grid-seconds-5-watchdog-mip-start/medium-2/24proc/seed-3/5_rococoB10-011000_seed-3_20260504_002634/iterated_local_search/run_1_worker_21/ils_config_672315649747204241.prm
[INFO]:[00:28:06] CPLEX results. Gap: 34.870000, upper bound: 21228.000000, lower bound: 13825.264523
[INFO]:[00:28:06] CPLEX solver finished. Gap: 34.870000
[INFO]:[00:28:06] Starting CPLEX solver on instance: /home/yorig/tuner/mpils-tests/instances/miplib/medium-2/rococoB10-011000.mps with config: /scratch/yorig/mpils-results-grid-seconds-5-watchdog-mip-start/medium-2/24proc/seed-3/5_rococoB10-011000_seed-3_20260504_002634/iterated_local_search/run_1_worker_21/ils_config_14897841965032953193.prm
[INFO]:[00:28:06] Starting CPLEX solver on instance: /home/yorig/tuner/mpils-tests/instances/miplib/medium-2/rococoB10-011000.mps with config: /scratch/yorig/mpils-results-grid-seconds-5-watchdog-mip-start/medium-2/24proc/seed-3/5_rococoB10-011000_seed-3_20260504_002634/iterated_local_search/run_1_worker_21/ils_config_14897841965032953193.prm
[INFO]:[00:28:11] CPLEX results. Gap: 34.830000, upper bound: 21228.000000, lower bound: 13833.838067
[INFO]:[00:28:11] CPLEX solver finished. Gap: 34.830000
[INFO]:[00:28:11] Starting CPLEX solver on instance: /home/yorig/tuner/mpils-tests/instances/miplib/medium-2/rococoB10-011000.mps with config: /scratch/yorig/mpils-results-grid-seconds-5-watchdog-mip-start/medium-2/24proc/seed-3/5_rococoB10-011000_seed-3_20260504_002634/iterated_local_search/run_1_worker_21/ils_config_597700171528539949.prm
[INFO]:[00:28:11] Starting CPLEX solver on instance: /home/yorig/tuner/mpils-tests/instances/miplib/medium-2/rococoB10-011000.mps with config: /scratch/yorig/mpils-results-grid-seconds-5-watchdog-mip-start/medium-2/24proc/seed-3/5_rococoB10-011000_seed-3_20260504_002634/iterated_local_search/run_1_worker_21/ils_config_597700171528539949.prm
[INFO]:[00:28:16] CPLEX results. Gap: 34.850000, upper bound: 21228.000000, lower bound: 13830.304458
[INFO]:[00:28:16] CPLEX solver finished. Gap: 34.850000
[INFO]:[00:28:16] Local search phase completed.
[INFO]:[00:28:16] Total number of new local-search evaluations: 20
[INFO]:[00:28:16] Final incumbent objective value: 34.75
[INFO]:[00:28:17] Worker 21 completed exploration phase.
[INFO]:[00:28:17] Worker 21 received order for step 2.
[INFO]:[00:28:17] Worker 21 running expansion phase for iteration 1.
[INFO]:[00:28:17] Worker 21 will use solver log file: /scratch/yorig/mpils-results-grid-seconds-5-watchdog-mip-start/medium-2/24proc/seed-3/5_rococoB10-011000_seed-3_20260504_002634/solver/cplex.log_iteration_expansion_1_worker_21
[INFO]:[00:28:17] Expansion Worker 21 starting expansion for iteration 1.
[INFO]:[00:28:17] Starting CPLEX solver on instance: /home/yorig/tuner/mpils-tests/instances/miplib/medium-2/rococoB10-011000.mps with config: /scratch/yorig/mpils-results-grid-seconds-5-watchdog-mip-start/medium-2/24proc/seed-3/5_rococoB10-011000_seed-3_20260504_002634/expansion/config_param_CPXPARAM_MIP_Strategy_Branch_1_iter_1.prm
[INFO]:[00:28:22] CPLEX results. Gap: 32.290000, upper bound: 21137.000000, lower bound: 14312.897264
[INFO]:[00:28:22] CPLEX solver finished. Gap: 32.290000
[INFO]:[00:28:22] Starting CPLEX solver on instance: /home/yorig/tuner/mpils-tests/instances/miplib/medium-2/rococoB10-011000.mps with config: /scratch/yorig/mpils-results-grid-seconds-5-watchdog-mip-start/medium-2/24proc/seed-3/5_rococoB10-011000_seed-3_20260504_002634/expansion/config_param_CPXPARAM_MIP_Limits_CutsFactor_1_iter_1.prm
[INFO]:[00:28:27] CPLEX results. Gap: 40.470000, upper bound: 20225.000000, lower bound: 12039.353311
[INFO]:[00:28:27] CPLEX solver finished. Gap: 40.470000
[INFO]:[00:28:32] Expansion Worker 21 stopping early after global MPI expansion stop was activated.
[INFO]:[00:28:32] Expansion Worker 21 completed expansion.
[INFO]:[00:28:32] Worker 21 completed expansion phase.
[INFO]:[00:28:32] Worker 21 received order for step 1.
[INFO]:[00:28:32] Worker 21 running exploration phase for iteration 2.
[INFO]:[00:28:32] Worker 21 at iteration 2 will not use a MIP start file. Current best MIP-start upper bound threshold is 1.79769e+308.
[INFO]:[00:28:32] Starting local search phase...
[INFO]:[00:28:32] Creating local search space from parameter space file: /scratch/yorig/mpils-results-grid-seconds-5-watchdog-mip-start/medium-2/24proc/seed-3/5_rococoB10-011000_seed-3_20260504_002634/iterated_local_search/search_space/search_space_file_2_worker_21.txt
[INFO]:[00:28:32] Local search space loaded from file: /scratch/yorig/mpils-results-grid-seconds-5-watchdog-mip-start/medium-2/24proc/seed-3/5_rococoB10-011000_seed-3_20260504_002634/iterated_local_search/search_space/search_space_file_2_worker_21.txt
[INFO]:[00:28:32] Number of parameters in local search space: 71
[INFO]:[00:28:32] Number of forbidden tuples in local search space: 26
[INFO]:[00:28:32] Number of conditionals in local search space: 6
[INFO]:[00:28:32] MIP start option not enabled. Local search will proceed without MIP start.
[INFO]:[00:28:32] Evaluating initial configuration for local search phase...
[INFO]:[00:28:32] Starting CPLEX solver on instance: /home/yorig/tuner/mpils-tests/instances/miplib/medium-2/rococoB10-011000.mps with config: /scratch/yorig/mpils-results-grid-seconds-5-watchdog-mip-start/medium-2/24proc/seed-3/5_rococoB10-011000_seed-3_20260504_002634/iterated_local_search/run_2_worker_21/ils_config_3684905421943214506.prm
[INFO]:[00:28:32] Starting CPLEX solver on instance: /home/yorig/tuner/mpils-tests/instances/miplib/medium-2/rococoB10-011000.mps with config: /scratch/yorig/mpils-results-grid-seconds-5-watchdog-mip-start/medium-2/24proc/seed-3/5_rococoB10-011000_seed-3_20260504_002634/iterated_local_search/run_2_worker_21/ils_config_3684905421943214506.prm
[INFO]:[00:28:37] CPLEX results. Gap: 47.400000, upper bound: 24375.000000, lower bound: 12821.384897
[INFO]:[00:28:37] CPLEX solver finished. Gap: 47.400000
[INFO]:[00:28:37] Initial configuration evaluated with objective value: 47.4
[INFO]:[00:28:37] Starting CPLEX solver on instance: /home/yorig/tuner/mpils-tests/instances/miplib/medium-2/rococoB10-011000.mps with config: /scratch/yorig/mpils-results-grid-seconds-5-watchdog-mip-start/medium-2/24proc/seed-3/5_rococoB10-011000_seed-3_20260504_002634/iterated_local_search/run_2_worker_21/ils_config_229597139734116618.prm
[INFO]:[00:28:37] Starting CPLEX solver on instance: /home/yorig/tuner/mpils-tests/instances/miplib/medium-2/rococoB10-011000.mps with config: /scratch/yorig/mpils-results-grid-seconds-5-watchdog-mip-start/medium-2/24proc/seed-3/5_rococoB10-011000_seed-3_20260504_002634/iterated_local_search/run_2_worker_21/ils_config_229597139734116618.prm
[INFO]:[00:28:42] CPLEX results. Gap: 48.760000, upper bound: 24375.000000, lower bound: 12489.615448
[INFO]:[00:28:42] CPLEX solver finished. Gap: 48.760000
[INFO]:[00:28:42] Starting CPLEX solver on instance: /home/yorig/tuner/mpils-tests/instances/miplib/medium-2/rococoB10-011000.mps with config: /scratch/yorig/mpils-results-grid-seconds-5-watchdog-mip-start/medium-2/24proc/seed-3/5_rococoB10-011000_seed-3_20260504_002634/iterated_local_search/run_2_worker_21/ils_config_5163190322548163103.prm
[INFO]:[00:28:42] Starting CPLEX solver on instance: /home/yorig/tuner/mpils-tests/instances/miplib/medium-2/rococoB10-011000.mps with config: /scratch/yorig/mpils-results-grid-seconds-5-watchdog-mip-start/medium-2/24proc/seed-3/5_rococoB10-011000_seed-3_20260504_002634/iterated_local_search/run_2_worker_21/ils_config_5163190322548163103.prm
[INFO]:[00:28:47] CPLEX results. Gap: 47.400000, upper bound: 24375.000000, lower bound: 12821.384897
[INFO]:[00:28:47] CPLEX solver finished. Gap: 47.400000
[INFO]:[00:28:47] Starting CPLEX solver on instance: /home/yorig/tuner/mpils-tests/instances/miplib/medium-2/rococoB10-011000.mps with config: /scratch/yorig/mpils-results-grid-seconds-5-watchdog-mip-start/medium-2/24proc/seed-3/5_rococoB10-011000_seed-3_20260504_002634/iterated_local_search/run_2_worker_21/ils_config_13777203136802826795.prm
[INFO]:[00:28:47] Starting CPLEX solver on instance: /home/yorig/tuner/mpils-tests/instances/miplib/medium-2/rococoB10-011000.mps with config: /scratch/yorig/mpils-results-grid-seconds-5-watchdog-mip-start/medium-2/24proc/seed-3/5_rococoB10-011000_seed-3_20260504_002634/iterated_local_search/run_2_worker_21/ils_config_13777203136802826795.prm
[INFO]:[00:28:52] CPLEX results. Gap: 47.580000, upper bound: 24788.000000, lower bound: 12994.625641
[INFO]:[00:28:52] CPLEX solver finished. Gap: 47.580000
[INFO]:[00:28:52] Starting CPLEX solver on instance: /home/yorig/tuner/mpils-tests/instances/miplib/medium-2/rococoB10-011000.mps with config: /scratch/yorig/mpils-results-grid-seconds-5-watchdog-mip-start/medium-2/24proc/seed-3/5_rococoB10-011000_seed-3_20260504_002634/iterated_local_search/run_2_worker_21/ils_config_4218143701332535445.prm
[INFO]:[00:28:52] Starting CPLEX solver on instance: /home/yorig/tuner/mpils-tests/instances/miplib/medium-2/rococoB10-011000.mps with config: /scratch/yorig/mpils-results-grid-seconds-5-watchdog-mip-start/medium-2/24proc/seed-3/5_rococoB10-011000_seed-3_20260504_002634/iterated_local_search/run_2_worker_21/ils_config_4218143701332535445.prm
[INFO]:[00:28:57] CPLEX results. Gap: 48.330000, upper bound: 24782.000000, lower bound: 12805.198591
[INFO]:[00:28:57] CPLEX solver finished. Gap: 48.330000
[INFO]:[00:28:57] Starting CPLEX solver on instance: /home/yorig/tuner/mpils-tests/instances/miplib/medium-2/rococoB10-011000.mps with config: /scratch/yorig/mpils-results-grid-seconds-5-watchdog-mip-start/medium-2/24proc/seed-3/5_rococoB10-011000_seed-3_20260504_002634/iterated_local_search/run_2_worker_21/ils_config_13826184154503660321.prm
[INFO]:[00:28:57] Starting CPLEX solver on instance: /home/yorig/tuner/mpils-tests/instances/miplib/medium-2/rococoB10-011000.mps with config: /scratch/yorig/mpils-results-grid-seconds-5-watchdog-mip-start/medium-2/24proc/seed-3/5_rococoB10-011000_seed-3_20260504_002634/iterated_local_search/run_2_worker_21/ils_config_13826184154503660321.prm
[INFO]:[00:29:02] CPLEX results. Gap: 47.400000, upper bound: 24375.000000, lower bound: 12821.384897
[INFO]:[00:29:02] CPLEX solver finished. Gap: 47.400000
[INFO]:[00:29:02] Local search phase completed.
[INFO]:[00:29:02] Total number of new local-search evaluations: 6
[INFO]:[00:29:02] Final incumbent objective value: 47.4
[INFO]:[00:29:03] Worker 21 completed exploration phase.
[INFO]:[00:29:03] Worker 21 received order for step 2.
[INFO]:[00:29:03] Worker 21 running expansion phase for iteration 2.
[INFO]:[00:29:03] Worker 21 will use solver log file: /scratch/yorig/mpils-results-grid-seconds-5-watchdog-mip-start/medium-2/24proc/seed-3/5_rococoB10-011000_seed-3_20260504_002634/solver/cplex.log_iteration_expansion_2_worker_21
[INFO]:[00:29:03] Expansion Worker 21 starting expansion for iteration 2.
[INFO]:[00:29:03] Starting CPLEX solver on instance: /home/yorig/tuner/mpils-tests/instances/miplib/medium-2/rococoB10-011000.mps with config: /scratch/yorig/mpils-results-grid-seconds-5-watchdog-mip-start/medium-2/24proc/seed-3/5_rococoB10-011000_seed-3_20260504_002634/expansion/config_param_CPXPARAM_Simplex_DGradient_3_iter_2.prm
[INFO]:[00:29:08] CPLEX results. Gap: 31.090000, upper bound: 20286.000000, lower bound: 13979.289702
[INFO]:[00:29:08] CPLEX solver finished. Gap: 31.090000
[INFO]:[00:29:13] Expansion Worker 21 completed expansion.
[INFO]:[00:29:13] Worker 21 completed expansion phase.
[INFO]:[00:29:13] Worker 21 received order for step 1.
[INFO]:[00:29:13] Worker 21 running exploration phase for iteration 3.
[INFO]:[00:29:13] Worker 21 at iteration 3 will not use a MIP start file. Current best MIP-start upper bound threshold is 1.79769e+308.
[INFO]:[00:29:13] Starting local search phase...
[INFO]:[00:29:13] Creating local search space from parameter space file: /scratch/yorig/mpils-results-grid-seconds-5-watchdog-mip-start/medium-2/24proc/seed-3/5_rococoB10-011000_seed-3_20260504_002634/iterated_local_search/search_space/search_space_file_3_worker_21.txt
[INFO]:[00:29:13] Local search space loaded from file: /scratch/yorig/mpils-results-grid-seconds-5-watchdog-mip-start/medium-2/24proc/seed-3/5_rococoB10-011000_seed-3_20260504_002634/iterated_local_search/search_space/search_space_file_3_worker_21.txt
[INFO]:[00:29:13] Number of parameters in local search space: 71
[INFO]:[00:29:13] Number of forbidden tuples in local search space: 54
[INFO]:[00:29:13] Number of conditionals in local search space: 6
[INFO]:[00:29:13] MIP start option not enabled. Local search will proceed without MIP start.
[INFO]:[00:29:13] Evaluating initial configuration for local search phase...
[INFO]:[00:29:13] Starting CPLEX solver on instance: /home/yorig/tuner/mpils-tests/instances/miplib/medium-2/rococoB10-011000.mps with config: /scratch/yorig/mpils-results-grid-seconds-5-watchdog-mip-start/medium-2/24proc/seed-3/5_rococoB10-011000_seed-3_20260504_002634/iterated_local_search/run_3_worker_21/ils_config_15425530053160574748.prm
[INFO]:[00:29:13] Starting CPLEX solver on instance: /home/yorig/tuner/mpils-tests/instances/miplib/medium-2/rococoB10-011000.mps with config: /scratch/yorig/mpils-results-grid-seconds-5-watchdog-mip-start/medium-2/24proc/seed-3/5_rococoB10-011000_seed-3_20260504_002634/iterated_local_search/run_3_worker_21/ils_config_15425530053160574748.prm
[INFO]:[00:29:18] CPLEX results. Gap: 54.880000, upper bound: 27146.000000, lower bound: 12247.992684
[INFO]:[00:29:18] CPLEX solver finished. Gap: 54.880000
[INFO]:[00:29:18] Initial configuration evaluated with objective value: 54.88
[INFO]:[00:29:18] Starting CPLEX solver on instance: /home/yorig/tuner/mpils-tests/instances/miplib/medium-2/rococoB10-011000.mps with config: /scratch/yorig/mpils-results-grid-seconds-5-watchdog-mip-start/medium-2/24proc/seed-3/5_rococoB10-011000_seed-3_20260504_002634/iterated_local_search/run_3_worker_21/ils_config_13421942004593555351.prm
[INFO]:[00:29:18] Starting CPLEX solver on instance: /home/yorig/tuner/mpils-tests/instances/miplib/medium-2/rococoB10-011000.mps with config: /scratch/yorig/mpils-results-grid-seconds-5-watchdog-mip-start/medium-2/24proc/seed-3/5_rococoB10-011000_seed-3_20260504_002634/iterated_local_search/run_3_worker_21/ils_config_13421942004593555351.prm
[INFO]:[00:29:23] CPLEX results. Gap: 54.880000, upper bound: 27146.000000, lower bound: 12247.992684
[INFO]:[00:29:23] CPLEX solver finished. Gap: 54.880000
[INFO]:[00:29:23] Starting CPLEX solver on instance: /home/yorig/tuner/mpils-tests/instances/miplib/medium-2/rococoB10-011000.mps with config: /scratch/yorig/mpils-results-grid-seconds-5-watchdog-mip-start/medium-2/24proc/seed-3/5_rococoB10-011000_seed-3_20260504_002634/iterated_local_search/run_3_worker_21/ils_config_14851550249715101830.prm
[INFO]:[00:29:23] Starting CPLEX solver on instance: /home/yorig/tuner/mpils-tests/instances/miplib/medium-2/rococoB10-011000.mps with config: /scratch/yorig/mpils-results-grid-seconds-5-watchdog-mip-start/medium-2/24proc/seed-3/5_rococoB10-011000_seed-3_20260504_002634/iterated_local_search/run_3_worker_21/ils_config_14851550249715101830.prm
[INFO]:[00:29:28] CPLEX results. Gap: 52.690000, upper bound: 29232.000000, lower bound: 13829.679014
[INFO]:[00:29:28] CPLEX solver finished. Gap: 52.690000
[INFO]:[00:29:28] New incumbent found with objective value: 52.69
[INFO]:[00:29:28] Starting CPLEX solver on instance: /home/yorig/tuner/mpils-tests/instances/miplib/medium-2/rococoB10-011000.mps with config: /scratch/yorig/mpils-results-grid-seconds-5-watchdog-mip-start/medium-2/24proc/seed-3/5_rococoB10-011000_seed-3_20260504_002634/iterated_local_search/run_3_worker_21/ils_config_9477618800759512337.prm
[INFO]:[00:29:28] Starting CPLEX solver on instance: /home/yorig/tuner/mpils-tests/instances/miplib/medium-2/rococoB10-011000.mps with config: /scratch/yorig/mpils-results-grid-seconds-5-watchdog-mip-start/medium-2/24proc/seed-3/5_rococoB10-011000_seed-3_20260504_002634/iterated_local_search/run_3_worker_21/ils_config_9477618800759512337.prm
[INFO]:[00:29:33] CPLEX results. Gap: 52.690000, upper bound: 29232.000000, lower bound: 13829.829455
[INFO]:[00:29:33] CPLEX solver finished. Gap: 52.690000
[INFO]:[00:29:33] Starting CPLEX solver on instance: /home/yorig/tuner/mpils-tests/instances/miplib/medium-2/rococoB10-011000.mps with config: /scratch/yorig/mpils-results-grid-seconds-5-watchdog-mip-start/medium-2/24proc/seed-3/5_rococoB10-011000_seed-3_20260504_002634/iterated_local_search/run_3_worker_21/ils_config_2965468120952607688.prm
[INFO]:[00:29:33] Starting CPLEX solver on instance: /home/yorig/tuner/mpils-tests/instances/miplib/medium-2/rococoB10-011000.mps with config: /scratch/yorig/mpils-results-grid-seconds-5-watchdog-mip-start/medium-2/24proc/seed-3/5_rococoB10-011000_seed-3_20260504_002634/iterated_local_search/run_3_worker_21/ils_config_2965468120952607688.prm
[INFO]:[00:29:38] CPLEX results. Gap: 52.690000, upper bound: 29232.000000, lower bound: 13829.099025
[INFO]:[00:29:38] CPLEX solver finished. Gap: 52.690000
[INFO]:[00:29:38] Local search phase completed.
[INFO]:[00:29:38] Total number of new local-search evaluations: 5
[INFO]:[00:29:38] Final incumbent objective value: 52.69
[INFO]:[00:29:39] Worker 21 completed exploration phase.
[INFO]:[00:29:39] Worker 21 received order for step 2.
[INFO]:[00:29:39] Worker 21 running expansion phase for iteration 3.
[INFO]:[00:29:39] Worker 21 will use solver log file: /scratch/yorig/mpils-results-grid-seconds-5-watchdog-mip-start/medium-2/24proc/seed-3/5_rococoB10-011000_seed-3_20260504_002634/solver/cplex.log_iteration_expansion_3_worker_21
[INFO]:[00:29:39] Expansion Worker 21 starting expansion for iteration 3.
[INFO]:[00:29:39] Starting CPLEX solver on instance: /home/yorig/tuner/mpils-tests/instances/miplib/medium-2/rococoB10-011000.mps with config: /scratch/yorig/mpils-results-grid-seconds-5-watchdog-mip-start/medium-2/24proc/seed-3/5_rococoB10-011000_seed-3_20260504_002634/expansion/config_param_CPXPARAM_Preprocessing_CoeffReduce_3_iter_3.prm
[INFO]:[00:29:44] CPLEX results. Gap: 24.400000, upper bound: 19565.000000, lower bound: 14790.748544
[INFO]:[00:29:44] CPLEX solver finished. Gap: 24.400000
[INFO]:[00:29:49] Expansion Worker 21 completed expansion.
[INFO]:[00:29:49] Worker 21 completed expansion phase.
[INFO]:[00:29:49] Worker 21 received order for step 1.
[INFO]:[00:29:49] Worker 21 running exploration phase for iteration 4.
[INFO]:[00:29:49] Worker 21 at iteration 4 will not use a MIP start file. Current best MIP-start upper bound threshold is 1.79769e+308.
[INFO]:[00:29:49] Starting local search phase...
[INFO]:[00:29:49] Creating local search space from parameter space file: /scratch/yorig/mpils-results-grid-seconds-5-watchdog-mip-start/medium-2/24proc/seed-3/5_rococoB10-011000_seed-3_20260504_002634/iterated_local_search/search_space/search_space_file_4_worker_21.txt
[INFO]:[00:29:49] Local search space loaded from file: /scratch/yorig/mpils-results-grid-seconds-5-watchdog-mip-start/medium-2/24proc/seed-3/5_rococoB10-011000_seed-3_20260504_002634/iterated_local_search/search_space/search_space_file_4_worker_21.txt
[INFO]:[00:29:49] Number of parameters in local search space: 71
[INFO]:[00:29:49] Number of forbidden tuples in local search space: 83
[INFO]:[00:29:49] Number of conditionals in local search space: 6
[INFO]:[00:29:49] MIP start option not enabled. Local search will proceed without MIP start.
[INFO]:[00:29:49] Evaluating initial configuration for local search phase...
[INFO]:[00:29:49] Starting CPLEX solver on instance: /home/yorig/tuner/mpils-tests/instances/miplib/medium-2/rococoB10-011000.mps with config: /scratch/yorig/mpils-results-grid-seconds-5-watchdog-mip-start/medium-2/24proc/seed-3/5_rococoB10-011000_seed-3_20260504_002634/iterated_local_search/run_4_worker_21/ils_config_17189416112892689128.prm
[INFO]:[00:29:49] Starting CPLEX solver on instance: /home/yorig/tuner/mpils-tests/instances/miplib/medium-2/rococoB10-011000.mps with config: /scratch/yorig/mpils-results-grid-seconds-5-watchdog-mip-start/medium-2/24proc/seed-3/5_rococoB10-011000_seed-3_20260504_002634/iterated_local_search/run_4_worker_21/ils_config_17189416112892689128.prm
[INFO]:[00:29:54] CPLEX results. Gap: 56.910000, upper bound: 28165.000000, lower bound: 12135.902146
[INFO]:[00:29:54] CPLEX solver finished. Gap: 56.910000
[INFO]:[00:29:54] Initial configuration evaluated with objective value: 56.91
[INFO]:[00:29:54] Starting CPLEX solver on instance: /home/yorig/tuner/mpils-tests/instances/miplib/medium-2/rococoB10-011000.mps with config: /scratch/yorig/mpils-results-grid-seconds-5-watchdog-mip-start/medium-2/24proc/seed-3/5_rococoB10-011000_seed-3_20260504_002634/iterated_local_search/run_4_worker_21/ils_config_7411274742442077883.prm
[INFO]:[00:29:54] Starting CPLEX solver on instance: /home/yorig/tuner/mpils-tests/instances/miplib/medium-2/rococoB10-011000.mps with config: /scratch/yorig/mpils-results-grid-seconds-5-watchdog-mip-start/medium-2/24proc/seed-3/5_rococoB10-011000_seed-3_20260504_002634/iterated_local_search/run_4_worker_21/ils_config_7411274742442077883.prm
[INFO]:[00:29:59] CPLEX results. Gap: 56.910000, upper bound: 28165.000000, lower bound: 12135.902146
[INFO]:[00:29:59] CPLEX solver finished. Gap: 56.910000
[INFO]:[00:29:59] Starting CPLEX solver on instance: /home/yorig/tuner/mpils-tests/instances/miplib/medium-2/rococoB10-011000.mps with config: /scratch/yorig/mpils-results-grid-seconds-5-watchdog-mip-start/medium-2/24proc/seed-3/5_rococoB10-011000_seed-3_20260504_002634/iterated_local_search/run_4_worker_21/ils_config_1571927163203523983.prm
[INFO]:[00:29:59] Starting CPLEX solver on instance: /home/yorig/tuner/mpils-tests/instances/miplib/medium-2/rococoB10-011000.mps with config: /scratch/yorig/mpils-results-grid-seconds-5-watchdog-mip-start/medium-2/24proc/seed-3/5_rococoB10-011000_seed-3_20260504_002634/iterated_local_search/run_4_worker_21/ils_config_1571927163203523983.prm
[INFO]:[00:30:04] CPLEX results. Gap: 56.910000, upper bound: 28165.000000, lower bound: 12135.902146
[INFO]:[00:30:04] CPLEX solver finished. Gap: 56.910000
[INFO]:[00:30:04] Starting CPLEX solver on instance: /home/yorig/tuner/mpils-tests/instances/miplib/medium-2/rococoB10-011000.mps with config: /scratch/yorig/mpils-results-grid-seconds-5-watchdog-mip-start/medium-2/24proc/seed-3/5_rococoB10-011000_seed-3_20260504_002634/iterated_local_search/run_4_worker_21/ils_config_4435724289845792245.prm
[INFO]:[00:30:04] Starting CPLEX solver on instance: /home/yorig/tuner/mpils-tests/instances/miplib/medium-2/rococoB10-011000.mps with config: /scratch/yorig/mpils-results-grid-seconds-5-watchdog-mip-start/medium-2/24proc/seed-3/5_rococoB10-011000_seed-3_20260504_002634/iterated_local_search/run_4_worker_21/ils_config_4435724289845792245.prm
[INFO]:[00:30:09] CPLEX results. Gap: 54.680000, upper bound: 26611.000000, lower bound: 12059.877675
[INFO]:[00:30:09] CPLEX solver finished. Gap: 54.680000
[INFO]:[00:30:09] New incumbent found with objective value: 54.68
[INFO]:[00:30:09] Starting CPLEX solver on instance: /home/yorig/tuner/mpils-tests/instances/miplib/medium-2/rococoB10-011000.mps with config: /scratch/yorig/mpils-results-grid-seconds-5-watchdog-mip-start/medium-2/24proc/seed-3/5_rococoB10-011000_seed-3_20260504_002634/iterated_local_search/run_4_worker_21/ils_config_9570662844656219057.prm
[INFO]:[00:30:09] Starting CPLEX solver on instance: /home/yorig/tuner/mpils-tests/instances/miplib/medium-2/rococoB10-011000.mps with config: /scratch/yorig/mpils-results-grid-seconds-5-watchdog-mip-start/medium-2/24proc/seed-3/5_rococoB10-011000_seed-3_20260504_002634/iterated_local_search/run_4_worker_21/ils_config_9570662844656219057.prm
[INFO]:[00:30:14] CPLEX results. Gap: 58.030000, upper bound: 29232.000000, lower bound: 12269.541752
[INFO]:[00:30:14] CPLEX solver finished. Gap: 58.030000
[INFO]:[00:30:14] Starting CPLEX solver on instance: /home/yorig/tuner/mpils-tests/instances/miplib/medium-2/rococoB10-011000.mps with config: /scratch/yorig/mpils-results-grid-seconds-5-watchdog-mip-start/medium-2/24proc/seed-3/5_rococoB10-011000_seed-3_20260504_002634/iterated_local_search/run_4_worker_21/ils_config_3168627731824565805.prm
[INFO]:[00:30:14] Starting CPLEX solver on instance: /home/yorig/tuner/mpils-tests/instances/miplib/medium-2/rococoB10-011000.mps with config: /scratch/yorig/mpils-results-grid-seconds-5-watchdog-mip-start/medium-2/24proc/seed-3/5_rococoB10-011000_seed-3_20260504_002634/iterated_local_search/run_4_worker_21/ils_config_3168627731824565805.prm
[INFO]:[00:30:19] CPLEX results. Gap: 54.680000, upper bound: 26611.000000, lower bound: 12059.877675
[INFO]:[00:30:19] CPLEX solver finished. Gap: 54.680000
[INFO]:[00:30:19] Starting CPLEX solver on instance: /home/yorig/tuner/mpils-tests/instances/miplib/medium-2/rococoB10-011000.mps with config: /scratch/yorig/mpils-results-grid-seconds-5-watchdog-mip-start/medium-2/24proc/seed-3/5_rococoB10-011000_seed-3_20260504_002634/iterated_local_search/run_4_worker_21/ils_config_14090299006280407594.prm
[INFO]:[00:30:19] Starting CPLEX solver on instance: /home/yorig/tuner/mpils-tests/instances/miplib/medium-2/rococoB10-011000.mps with config: /scratch/yorig/mpils-results-grid-seconds-5-watchdog-mip-start/medium-2/24proc/seed-3/5_rococoB10-011000_seed-3_20260504_002634/iterated_local_search/run_4_worker_21/ils_config_14090299006280407594.prm
[INFO]:[00:30:24] CPLEX results. Gap: 54.680000, upper bound: 26611.000000, lower bound: 12059.877675
[INFO]:[00:30:24] CPLEX solver finished. Gap: 54.680000
[INFO]:[00:30:24] Local search phase completed.
[INFO]:[00:30:24] Total number of new local-search evaluations: 7
[INFO]:[00:30:24] Final incumbent objective value: 54.68
[INFO]:[00:30:25] Worker 21 completed exploration phase.
[INFO]:[00:30:25] Worker 21 received order for step 2.
[INFO]:[00:30:25] Worker 21 running expansion phase for iteration 4.
[INFO]:[00:30:25] Worker 21 will use solver log file: /scratch/yorig/mpils-results-grid-seconds-5-watchdog-mip-start/medium-2/24proc/seed-3/5_rococoB10-011000_seed-3_20260504_002634/solver/cplex.log_iteration_expansion_4_worker_21
[INFO]:[00:30:25] Expansion Worker 21 starting expansion for iteration 4.
[INFO]:[00:30:25] Starting CPLEX solver on instance: /home/yorig/tuner/mpils-tests/instances/miplib/medium-2/rococoB10-011000.mps with config: /scratch/yorig/mpils-results-grid-seconds-5-watchdog-mip-start/medium-2/24proc/seed-3/5_rococoB10-011000_seed-3_20260504_002634/expansion/config_param_CPXPARAM_Preprocessing_Reduce_2_iter_4.prm
[INFO]:[00:30:30] CPLEX results. Gap: 44.460000, upper bound: 24685.000000, lower bound: 13711.283232
[INFO]:[00:30:30] CPLEX solver finished. Gap: 44.460000
[INFO]:[00:30:35] Expansion Worker 21 completed expansion.
[INFO]:[00:30:35] Worker 21 completed expansion phase.
[INFO]:[00:30:35] Worker 21 received order for step 1.
[INFO]:[00:30:35] Worker 21 running exploration phase for iteration 5.
[INFO]:[00:30:35] Worker 21 at iteration 5 will not use a MIP start file. Current best MIP-start upper bound threshold is 1.79769e+308.
[INFO]:[00:30:35] Starting local search phase...
[INFO]:[00:30:35] Creating local search space from parameter space file: /scratch/yorig/mpils-results-grid-seconds-5-watchdog-mip-start/medium-2/24proc/seed-3/5_rococoB10-011000_seed-3_20260504_002634/iterated_local_search/search_space/search_space_file_5_worker_21.txt
[INFO]:[00:30:35] Local search space loaded from file: /scratch/yorig/mpils-results-grid-seconds-5-watchdog-mip-start/medium-2/24proc/seed-3/5_rococoB10-011000_seed-3_20260504_002634/iterated_local_search/search_space/search_space_file_5_worker_21.txt
[INFO]:[00:30:35] Number of parameters in local search space: 71
[INFO]:[00:30:35] Number of forbidden tuples in local search space: 81
[INFO]:[00:30:35] Number of conditionals in local search space: 6
[INFO]:[00:30:35] MIP start option not enabled. Local search will proceed without MIP start.
[INFO]:[00:30:35] Evaluating initial configuration for local search phase...
[INFO]:[00:30:35] Starting CPLEX solver on instance: /home/yorig/tuner/mpils-tests/instances/miplib/medium-2/rococoB10-011000.mps with config: /scratch/yorig/mpils-results-grid-seconds-5-watchdog-mip-start/medium-2/24proc/seed-3/5_rococoB10-011000_seed-3_20260504_002634/iterated_local_search/run_5_worker_21/ils_config_3030148028664174771.prm
[INFO]:[00:30:35] Starting CPLEX solver on instance: /home/yorig/tuner/mpils-tests/instances/miplib/medium-2/rococoB10-011000.mps with config: /scratch/yorig/mpils-results-grid-seconds-5-watchdog-mip-start/medium-2/24proc/seed-3/5_rococoB10-011000_seed-3_20260504_002634/iterated_local_search/run_5_worker_21/ils_config_3030148028664174771.prm
[INFO]:[00:30:40] CPLEX results. Gap: 62.080000, upper bound: 32748.000000, lower bound: 12416.775537
[INFO]:[00:30:40] CPLEX solver finished. Gap: 62.080000
[INFO]:[00:30:40] Initial configuration evaluated with objective value: 62.08
[INFO]:[00:30:40] Starting CPLEX solver on instance: /home/yorig/tuner/mpils-tests/instances/miplib/medium-2/rococoB10-011000.mps with config: /scratch/yorig/mpils-results-grid-seconds-5-watchdog-mip-start/medium-2/24proc/seed-3/5_rococoB10-011000_seed-3_20260504_002634/iterated_local_search/run_5_worker_21/ils_config_8117014066975465350.prm
[INFO]:[00:30:40] Starting CPLEX solver on instance: /home/yorig/tuner/mpils-tests/instances/miplib/medium-2/rococoB10-011000.mps with config: /scratch/yorig/mpils-results-grid-seconds-5-watchdog-mip-start/medium-2/24proc/seed-3/5_rococoB10-011000_seed-3_20260504_002634/iterated_local_search/run_5_worker_21/ils_config_8117014066975465350.prm
[INFO]:[00:30:45] CPLEX results. Gap: 63.290000, upper bound: 33896.000000, lower bound: 12443.885019
[INFO]:[00:30:45] CPLEX solver finished. Gap: 63.290000
[INFO]:[00:30:45] Starting CPLEX solver on instance: /home/yorig/tuner/mpils-tests/instances/miplib/medium-2/rococoB10-011000.mps with config: /scratch/yorig/mpils-results-grid-seconds-5-watchdog-mip-start/medium-2/24proc/seed-3/5_rococoB10-011000_seed-3_20260504_002634/iterated_local_search/run_5_worker_21/ils_config_8728681975837918727.prm
[INFO]:[00:30:45] Starting CPLEX solver on instance: /home/yorig/tuner/mpils-tests/instances/miplib/medium-2/rococoB10-011000.mps with config: /scratch/yorig/mpils-results-grid-seconds-5-watchdog-mip-start/medium-2/24proc/seed-3/5_rococoB10-011000_seed-3_20260504_002634/iterated_local_search/run_5_worker_21/ils_config_8728681975837918727.prm
[INFO]:[00:30:51] CPLEX results. Gap: 61.570000, upper bound: 31785.000000, lower bound: 12213.697490
[INFO]:[00:30:51] CPLEX solver finished. Gap: 61.570000
[INFO]:[00:30:51] New incumbent found with objective value: 61.57
[INFO]:[00:30:51] Starting CPLEX solver on instance: /home/yorig/tuner/mpils-tests/instances/miplib/medium-2/rococoB10-011000.mps with config: /scratch/yorig/mpils-results-grid-seconds-5-watchdog-mip-start/medium-2/24proc/seed-3/5_rococoB10-011000_seed-3_20260504_002634/iterated_local_search/run_5_worker_21/ils_config_15240408450079431480.prm
[INFO]:[00:30:51] Starting CPLEX solver on instance: /home/yorig/tuner/mpils-tests/instances/miplib/medium-2/rococoB10-011000.mps with config: /scratch/yorig/mpils-results-grid-seconds-5-watchdog-mip-start/medium-2/24proc/seed-3/5_rococoB10-011000_seed-3_20260504_002634/iterated_local_search/run_5_worker_21/ils_config_15240408450079431480.prm
[INFO]:[00:30:56] CPLEX results. Gap: 38.560000, upper bound: 20175.000000, lower bound: 12395.043772
[INFO]:[00:30:56] CPLEX solver finished. Gap: 38.560000
[INFO]:[00:30:56] New incumbent found with objective value: 38.56
[INFO]:[00:30:56] Starting CPLEX solver on instance: /home/yorig/tuner/mpils-tests/instances/miplib/medium-2/rococoB10-011000.mps with config: /scratch/yorig/mpils-results-grid-seconds-5-watchdog-mip-start/medium-2/24proc/seed-3/5_rococoB10-011000_seed-3_20260504_002634/iterated_local_search/run_5_worker_21/ils_config_4453089932585477337.prm
[INFO]:[00:30:56] Starting CPLEX solver on instance: /home/yorig/tuner/mpils-tests/instances/miplib/medium-2/rococoB10-011000.mps with config: /scratch/yorig/mpils-results-grid-seconds-5-watchdog-mip-start/medium-2/24proc/seed-3/5_rococoB10-011000_seed-3_20260504_002634/iterated_local_search/run_5_worker_21/ils_config_4453089932585477337.prm
[INFO]:[00:31:01] CPLEX results. Gap: 38.560000, upper bound: 20175.000000, lower bound: 12395.043772
[INFO]:[00:31:01] CPLEX solver finished. Gap: 38.560000
[INFO]:[00:31:01] Starting CPLEX solver on instance: /home/yorig/tuner/mpils-tests/instances/miplib/medium-2/rococoB10-011000.mps with config: /scratch/yorig/mpils-results-grid-seconds-5-watchdog-mip-start/medium-2/24proc/seed-3/5_rococoB10-011000_seed-3_20260504_002634/iterated_local_search/run_5_worker_21/ils_config_7686033200708562250.prm
[INFO]:[00:31:01] Starting CPLEX solver on instance: /home/yorig/tuner/mpils-tests/instances/miplib/medium-2/rococoB10-011000.mps with config: /scratch/yorig/mpils-results-grid-seconds-5-watchdog-mip-start/medium-2/24proc/seed-3/5_rococoB10-011000_seed-3_20260504_002634/iterated_local_search/run_5_worker_21/ils_config_7686033200708562250.prm
[INFO]:[00:31:06] CPLEX results. Gap: 38.530000, upper bound: 19876.000000, lower bound: 12217.837021
[INFO]:[00:31:06] CPLEX solver finished. Gap: 38.530000
[INFO]:[00:31:06] New incumbent found with objective value: 38.53
[INFO]:[00:31:06] Starting CPLEX solver on instance: /home/yorig/tuner/mpils-tests/instances/miplib/medium-2/rococoB10-011000.mps with config: /scratch/yorig/mpils-results-grid-seconds-5-watchdog-mip-start/medium-2/24proc/seed-3/5_rococoB10-011000_seed-3_20260504_002634/iterated_local_search/run_5_worker_21/ils_config_16408208807405759808.prm
[INFO]:[00:31:06] Starting CPLEX solver on instance: /home/yorig/tuner/mpils-tests/instances/miplib/medium-2/rococoB10-011000.mps with config: /scratch/yorig/mpils-results-grid-seconds-5-watchdog-mip-start/medium-2/24proc/seed-3/5_rococoB10-011000_seed-3_20260504_002634/iterated_local_search/run_5_worker_21/ils_config_16408208807405759808.prm
[INFO]:[00:31:11] CPLEX results. Gap: 38.530000, upper bound: 19876.000000, lower bound: 12217.837021
[INFO]:[00:31:11] CPLEX solver finished. Gap: 38.530000
[INFO]:[00:31:11] Starting CPLEX solver on instance: /home/yorig/tuner/mpils-tests/instances/miplib/medium-2/rococoB10-011000.mps with config: /scratch/yorig/mpils-results-grid-seconds-5-watchdog-mip-start/medium-2/24proc/seed-3/5_rococoB10-011000_seed-3_20260504_002634/iterated_local_search/run_5_worker_21/ils_config_12154011337605266659.prm
[INFO]:[00:31:11] Starting CPLEX solver on instance: /home/yorig/tuner/mpils-tests/instances/miplib/medium-2/rococoB10-011000.mps with config: /scratch/yorig/mpils-results-grid-seconds-5-watchdog-mip-start/medium-2/24proc/seed-3/5_rococoB10-011000_seed-3_20260504_002634/iterated_local_search/run_5_worker_21/ils_config_12154011337605266659.prm
[INFO]:[00:31:16] CPLEX results. Gap: 37.430000, upper bound: 20175.000000, lower bound: 12623.511267
[INFO]:[00:31:16] CPLEX solver finished. Gap: 37.430000
[INFO]:[00:31:16] New incumbent found with objective value: 37.43
[INFO]:[00:31:16] Starting CPLEX solver on instance: /home/yorig/tuner/mpils-tests/instances/miplib/medium-2/rococoB10-011000.mps with config: /scratch/yorig/mpils-results-grid-seconds-5-watchdog-mip-start/medium-2/24proc/seed-3/5_rococoB10-011000_seed-3_20260504_002634/iterated_local_search/run_5_worker_21/ils_config_3573228277045054080.prm
[INFO]:[00:31:16] Starting CPLEX solver on instance: /home/yorig/tuner/mpils-tests/instances/miplib/medium-2/rococoB10-011000.mps with config: /scratch/yorig/mpils-results-grid-seconds-5-watchdog-mip-start/medium-2/24proc/seed-3/5_rococoB10-011000_seed-3_20260504_002634/iterated_local_search/run_5_worker_21/ils_config_3573228277045054080.prm
[INFO]:[00:31:21] CPLEX results. Gap: 39.220000, upper bound: 20693.000000, lower bound: 12578.197761
[INFO]:[00:31:21] CPLEX solver finished. Gap: 39.220000
[INFO]:[00:31:21] Starting CPLEX solver on instance: /home/yorig/tuner/mpils-tests/instances/miplib/medium-2/rococoB10-011000.mps with config: /scratch/yorig/mpils-results-grid-seconds-5-watchdog-mip-start/medium-2/24proc/seed-3/5_rococoB10-011000_seed-3_20260504_002634/iterated_local_search/run_5_worker_21/ils_config_2862521927734110196.prm
[INFO]:[00:31:21] Starting CPLEX solver on instance: /home/yorig/tuner/mpils-tests/instances/miplib/medium-2/rococoB10-011000.mps with config: /scratch/yorig/mpils-results-grid-seconds-5-watchdog-mip-start/medium-2/24proc/seed-3/5_rococoB10-011000_seed-3_20260504_002634/iterated_local_search/run_5_worker_21/ils_config_2862521927734110196.prm
[INFO]:[00:31:26] CPLEX results. Gap: 36.980000, upper bound: 20175.000000, lower bound: 12714.780409
[INFO]:[00:31:26] CPLEX solver finished. Gap: 36.980000
[INFO]:[00:31:26] New incumbent found with objective value: 36.98
[INFO]:[00:31:26] Starting CPLEX solver on instance: /home/yorig/tuner/mpils-tests/instances/miplib/medium-2/rococoB10-011000.mps with config: /scratch/yorig/mpils-results-grid-seconds-5-watchdog-mip-start/medium-2/24proc/seed-3/5_rococoB10-011000_seed-3_20260504_002634/iterated_local_search/run_5_worker_21/ils_config_4841363022961781042.prm
[INFO]:[00:31:26] Starting CPLEX solver on instance: /home/yorig/tuner/mpils-tests/instances/miplib/medium-2/rococoB10-011000.mps with config: /scratch/yorig/mpils-results-grid-seconds-5-watchdog-mip-start/medium-2/24proc/seed-3/5_rococoB10-011000_seed-3_20260504_002634/iterated_local_search/run_5_worker_21/ils_config_4841363022961781042.prm
[INFO]:[00:31:31] CPLEX results. Gap: 36.980000, upper bound: 20175.000000, lower bound: 12714.780409
[INFO]:[00:31:31] CPLEX solver finished. Gap: 36.980000
[INFO]:[00:31:31] Starting CPLEX solver on instance: /home/yorig/tuner/mpils-tests/instances/miplib/medium-2/rococoB10-011000.mps with config: /scratch/yorig/mpils-results-grid-seconds-5-watchdog-mip-start/medium-2/24proc/seed-3/5_rococoB10-011000_seed-3_20260504_002634/iterated_local_search/run_5_worker_21/ils_config_10037038004984108491.prm
[INFO]:[00:31:31] Starting CPLEX solver on instance: /home/yorig/tuner/mpils-tests/instances/miplib/medium-2/rococoB10-011000.mps with config: /scratch/yorig/mpils-results-grid-seconds-5-watchdog-mip-start/medium-2/24proc/seed-3/5_rococoB10-011000_seed-3_20260504_002634/iterated_local_search/run_5_worker_21/ils_config_10037038004984108491.prm
[INFO]:[00:31:36] CPLEX results. Gap: 58.170000, upper bound: 29607.000000, lower bound: 12385.833854
[INFO]:[00:31:36] CPLEX solver finished. Gap: 58.170000
[INFO]:[00:31:36] Starting CPLEX solver on instance: /home/yorig/tuner/mpils-tests/instances/miplib/medium-2/rococoB10-011000.mps with config: /scratch/yorig/mpils-results-grid-seconds-5-watchdog-mip-start/medium-2/24proc/seed-3/5_rococoB10-011000_seed-3_20260504_002634/iterated_local_search/run_5_worker_21/ils_config_15218771387636959355.prm
[INFO]:[00:31:36] Starting CPLEX solver on instance: /home/yorig/tuner/mpils-tests/instances/miplib/medium-2/rococoB10-011000.mps with config: /scratch/yorig/mpils-results-grid-seconds-5-watchdog-mip-start/medium-2/24proc/seed-3/5_rococoB10-011000_seed-3_20260504_002634/iterated_local_search/run_5_worker_21/ils_config_15218771387636959355.prm
[INFO]:[00:31:41] CPLEX results. Gap: 37.140000, upper bound: 20240.000000, lower bound: 12722.734935
[INFO]:[00:31:41] CPLEX solver finished. Gap: 37.140000
[INFO]:[00:31:41] Starting CPLEX solver on instance: /home/yorig/tuner/mpils-tests/instances/miplib/medium-2/rococoB10-011000.mps with config: /scratch/yorig/mpils-results-grid-seconds-5-watchdog-mip-start/medium-2/24proc/seed-3/5_rococoB10-011000_seed-3_20260504_002634/iterated_local_search/run_5_worker_21/ils_config_9026555780490870266.prm
[INFO]:[00:31:41] Starting CPLEX solver on instance: /home/yorig/tuner/mpils-tests/instances/miplib/medium-2/rococoB10-011000.mps with config: /scratch/yorig/mpils-results-grid-seconds-5-watchdog-mip-start/medium-2/24proc/seed-3/5_rococoB10-011000_seed-3_20260504_002634/iterated_local_search/run_5_worker_21/ils_config_9026555780490870266.prm
[INFO]:[00:31:46] CPLEX results. Gap: 38.290000, upper bound: 21246.000000, lower bound: 13111.768307
[INFO]:[00:31:46] CPLEX solver finished. Gap: 38.290000
[INFO]:[00:31:46] Starting CPLEX solver on instance: /home/yorig/tuner/mpils-tests/instances/miplib/medium-2/rococoB10-011000.mps with config: /scratch/yorig/mpils-results-grid-seconds-5-watchdog-mip-start/medium-2/24proc/seed-3/5_rococoB10-011000_seed-3_20260504_002634/iterated_local_search/run_5_worker_21/ils_config_7516601517384184747.prm
[INFO]:[00:31:46] Starting CPLEX solver on instance: /home/yorig/tuner/mpils-tests/instances/miplib/medium-2/rococoB10-011000.mps with config: /scratch/yorig/mpils-results-grid-seconds-5-watchdog-mip-start/medium-2/24proc/seed-3/5_rococoB10-011000_seed-3_20260504_002634/iterated_local_search/run_5_worker_21/ils_config_7516601517384184747.prm
[INFO]:[00:31:51] CPLEX results. Gap: 36.980000, upper bound: 20175.000000, lower bound: 12714.780409
[INFO]:[00:31:51] CPLEX solver finished. Gap: 36.980000
[INFO]:[00:31:51] Starting CPLEX solver on instance: /home/yorig/tuner/mpils-tests/instances/miplib/medium-2/rococoB10-011000.mps with config: /scratch/yorig/mpils-results-grid-seconds-5-watchdog-mip-start/medium-2/24proc/seed-3/5_rococoB10-011000_seed-3_20260504_002634/iterated_local_search/run_5_worker_21/ils_config_10777184166169143890.prm
[INFO]:[00:31:51] Starting CPLEX solver on instance: /home/yorig/tuner/mpils-tests/instances/miplib/medium-2/rococoB10-011000.mps with config: /scratch/yorig/mpils-results-grid-seconds-5-watchdog-mip-start/medium-2/24proc/seed-3/5_rococoB10-011000_seed-3_20260504_002634/iterated_local_search/run_5_worker_21/ils_config_10777184166169143890.prm
[INFO]:[00:31:56] CPLEX results. Gap: 37.110000, upper bound: 20240.000000, lower bound: 12728.330331
[INFO]:[00:31:56] CPLEX solver finished. Gap: 37.110000
[INFO]:[00:31:56] Starting CPLEX solver on instance: /home/yorig/tuner/mpils-tests/instances/miplib/medium-2/rococoB10-011000.mps with config: /scratch/yorig/mpils-results-grid-seconds-5-watchdog-mip-start/medium-2/24proc/seed-3/5_rococoB10-011000_seed-3_20260504_002634/iterated_local_search/run_5_worker_21/ils_config_17420050627933496913.prm
[INFO]:[00:31:56] Starting CPLEX solver on instance: /home/yorig/tuner/mpils-tests/instances/miplib/medium-2/rococoB10-011000.mps with config: /scratch/yorig/mpils-results-grid-seconds-5-watchdog-mip-start/medium-2/24proc/seed-3/5_rococoB10-011000_seed-3_20260504_002634/iterated_local_search/run_5_worker_21/ils_config_17420050627933496913.prm
[INFO]:[00:32:01] CPLEX results. Gap: 36.980000, upper bound: 20175.000000, lower bound: 12714.780409
[INFO]:[00:32:01] CPLEX solver finished. Gap: 36.980000
[INFO]:[00:32:01] Starting CPLEX solver on instance: /home/yorig/tuner/mpils-tests/instances/miplib/medium-2/rococoB10-011000.mps with config: /scratch/yorig/mpils-results-grid-seconds-5-watchdog-mip-start/medium-2/24proc/seed-3/5_rococoB10-011000_seed-3_20260504_002634/iterated_local_search/run_5_worker_21/ils_config_3116250505959052208.prm
[INFO]:[00:32:01] Starting CPLEX solver on instance: /home/yorig/tuner/mpils-tests/instances/miplib/medium-2/rococoB10-011000.mps with config: /scratch/yorig/mpils-results-grid-seconds-5-watchdog-mip-start/medium-2/24proc/seed-3/5_rococoB10-011000_seed-3_20260504_002634/iterated_local_search/run_5_worker_21/ils_config_3116250505959052208.prm
[INFO]:[00:32:06] CPLEX results. Gap: 36.980000, upper bound: 20175.000000, lower bound: 12714.780409
[INFO]:[00:32:06] CPLEX solver finished. Gap: 36.980000
[INFO]:[00:32:06] Starting CPLEX solver on instance: /home/yorig/tuner/mpils-tests/instances/miplib/medium-2/rococoB10-011000.mps with config: /scratch/yorig/mpils-results-grid-seconds-5-watchdog-mip-start/medium-2/24proc/seed-3/5_rococoB10-011000_seed-3_20260504_002634/iterated_local_search/run_5_worker_21/ils_config_16760688150483042074.prm
[INFO]:[00:32:06] Starting CPLEX solver on instance: /home/yorig/tuner/mpils-tests/instances/miplib/medium-2/rococoB10-011000.mps with config: /scratch/yorig/mpils-results-grid-seconds-5-watchdog-mip-start/medium-2/24proc/seed-3/5_rococoB10-011000_seed-3_20260504_002634/iterated_local_search/run_5_worker_21/ils_config_16760688150483042074.prm
[INFO]:[00:32:11] CPLEX results. Gap: 62.080000, upper bound: 32748.000000, lower bound: 12416.775537
[INFO]:[00:32:11] CPLEX solver finished. Gap: 62.080000
[INFO]:[00:32:11] Starting CPLEX solver on instance: /home/yorig/tuner/mpils-tests/instances/miplib/medium-2/rococoB10-011000.mps with config: /scratch/yorig/mpils-results-grid-seconds-5-watchdog-mip-start/medium-2/24proc/seed-3/5_rococoB10-011000_seed-3_20260504_002634/iterated_local_search/run_5_worker_21/ils_config_16228356989341297551.prm
[INFO]:[00:32:11] Starting CPLEX solver on instance: /home/yorig/tuner/mpils-tests/instances/miplib/medium-2/rococoB10-011000.mps with config: /scratch/yorig/mpils-results-grid-seconds-5-watchdog-mip-start/medium-2/24proc/seed-3/5_rococoB10-011000_seed-3_20260504_002634/iterated_local_search/run_5_worker_21/ils_config_16228356989341297551.prm
[INFO]:[00:32:16] CPLEX results. Gap: 36.980000, upper bound: 20175.000000, lower bound: 12714.780409
[INFO]:[00:32:16] CPLEX solver finished. Gap: 36.980000
[INFO]:[00:32:16] Starting CPLEX solver on instance: /home/yorig/tuner/mpils-tests/instances/miplib/medium-2/rococoB10-011000.mps with config: /scratch/yorig/mpils-results-grid-seconds-5-watchdog-mip-start/medium-2/24proc/seed-3/5_rococoB10-011000_seed-3_20260504_002634/iterated_local_search/run_5_worker_21/ils_config_12320280456621115256.prm
[INFO]:[00:32:16] Starting CPLEX solver on instance: /home/yorig/tuner/mpils-tests/instances/miplib/medium-2/rococoB10-011000.mps with config: /scratch/yorig/mpils-results-grid-seconds-5-watchdog-mip-start/medium-2/24proc/seed-3/5_rococoB10-011000_seed-3_20260504_002634/iterated_local_search/run_5_worker_21/ils_config_12320280456621115256.prm
[INFO]:[00:32:21] CPLEX results. Gap: 36.980000, upper bound: 20175.000000, lower bound: 12714.780409
[INFO]:[00:32:21] CPLEX solver finished. Gap: 36.980000
[INFO]:[00:32:21] Starting CPLEX solver on instance: /home/yorig/tuner/mpils-tests/instances/miplib/medium-2/rococoB10-011000.mps with config: /scratch/yorig/mpils-results-grid-seconds-5-watchdog-mip-start/medium-2/24proc/seed-3/5_rococoB10-011000_seed-3_20260504_002634/iterated_local_search/run_5_worker_21/ils_config_8447270567496642068.prm
[INFO]:[00:32:21] Starting CPLEX solver on instance: /home/yorig/tuner/mpils-tests/instances/miplib/medium-2/rococoB10-011000.mps with config: /scratch/yorig/mpils-results-grid-seconds-5-watchdog-mip-start/medium-2/24proc/seed-3/5_rococoB10-011000_seed-3_20260504_002634/iterated_local_search/run_5_worker_21/ils_config_8447270567496642068.prm
[INFO]:[00:32:26] CPLEX results. Gap: 34.320000, upper bound: 21141.000000, lower bound: 13886.077062
[INFO]:[00:32:26] CPLEX solver finished. Gap: 34.320000
[INFO]:[00:32:26] New incumbent found with objective value: 34.32
[INFO]:[00:32:26] Starting CPLEX solver on instance: /home/yorig/tuner/mpils-tests/instances/miplib/medium-2/rococoB10-011000.mps with config: /scratch/yorig/mpils-results-grid-seconds-5-watchdog-mip-start/medium-2/24proc/seed-3/5_rococoB10-011000_seed-3_20260504_002634/iterated_local_search/run_5_worker_21/ils_config_7515023456794951435.prm
[INFO]:[00:32:26] Starting CPLEX solver on instance: /home/yorig/tuner/mpils-tests/instances/miplib/medium-2/rococoB10-011000.mps with config: /scratch/yorig/mpils-results-grid-seconds-5-watchdog-mip-start/medium-2/24proc/seed-3/5_rococoB10-011000_seed-3_20260504_002634/iterated_local_search/run_5_worker_21/ils_config_7515023456794951435.prm
[INFO]:[00:32:31] CPLEX results. Gap: 34.310000, upper bound: 21141.000000, lower bound: 13886.672517
[INFO]:[00:32:31] CPLEX solver finished. Gap: 34.310000
[INFO]:[00:32:31] New incumbent found with objective value: 34.31
[INFO]:[00:32:31] Starting CPLEX solver on instance: /home/yorig/tuner/mpils-tests/instances/miplib/medium-2/rococoB10-011000.mps with config: /scratch/yorig/mpils-results-grid-seconds-5-watchdog-mip-start/medium-2/24proc/seed-3/5_rococoB10-011000_seed-3_20260504_002634/iterated_local_search/run_5_worker_21/ils_config_5614544536082504475.prm
[INFO]:[00:32:31] Starting CPLEX solver on instance: /home/yorig/tuner/mpils-tests/instances/miplib/medium-2/rococoB10-011000.mps with config: /scratch/yorig/mpils-results-grid-seconds-5-watchdog-mip-start/medium-2/24proc/seed-3/5_rococoB10-011000_seed-3_20260504_002634/iterated_local_search/run_5_worker_21/ils_config_5614544536082504475.prm
[INFO]:[00:32:36] CPLEX results. Gap: 58.170000, upper bound: 29607.000000, lower bound: 12385.833854
[INFO]:[00:32:36] CPLEX solver finished. Gap: 58.170000
[INFO]:[00:32:36] Starting CPLEX solver on instance: /home/yorig/tuner/mpils-tests/instances/miplib/medium-2/rococoB10-011000.mps with config: /scratch/yorig/mpils-results-grid-seconds-5-watchdog-mip-start/medium-2/24proc/seed-3/5_rococoB10-011000_seed-3_20260504_002634/iterated_local_search/run_5_worker_21/ils_config_15252840387802817307.prm
[INFO]:[00:32:36] Starting CPLEX solver on instance: /home/yorig/tuner/mpils-tests/instances/miplib/medium-2/rococoB10-011000.mps with config: /scratch/yorig/mpils-results-grid-seconds-5-watchdog-mip-start/medium-2/24proc/seed-3/5_rococoB10-011000_seed-3_20260504_002634/iterated_local_search/run_5_worker_21/ils_config_15252840387802817307.prm
[INFO]:[00:32:41] CPLEX results. Gap: 38.010000, upper bound: 22386.000000, lower bound: 13878.028159
[INFO]:[00:32:41] CPLEX solver finished. Gap: 38.010000
[INFO]:[00:32:41] Starting CPLEX solver on instance: /home/yorig/tuner/mpils-tests/instances/miplib/medium-2/rococoB10-011000.mps with config: /scratch/yorig/mpils-results-grid-seconds-5-watchdog-mip-start/medium-2/24proc/seed-3/5_rococoB10-011000_seed-3_20260504_002634/iterated_local_search/run_5_worker_21/ils_config_4014879440130997289.prm
[INFO]:[00:32:41] Starting CPLEX solver on instance: /home/yorig/tuner/mpils-tests/instances/miplib/medium-2/rococoB10-011000.mps with config: /scratch/yorig/mpils-results-grid-seconds-5-watchdog-mip-start/medium-2/24proc/seed-3/5_rococoB10-011000_seed-3_20260504_002634/iterated_local_search/run_5_worker_21/ils_config_4014879440130997289.prm
[INFO]:[00:32:46] CPLEX results. Gap: 34.480000, upper bound: 21176.000000, lower bound: 13875.499839
[INFO]:[00:32:46] CPLEX solver finished. Gap: 34.480000
[INFO]:[00:32:46] Starting CPLEX solver on instance: /home/yorig/tuner/mpils-tests/instances/miplib/medium-2/rococoB10-011000.mps with config: /scratch/yorig/mpils-results-grid-seconds-5-watchdog-mip-start/medium-2/24proc/seed-3/5_rococoB10-011000_seed-3_20260504_002634/iterated_local_search/run_5_worker_21/ils_config_13284803052922368956.prm
[INFO]:[00:32:46] Starting CPLEX solver on instance: /home/yorig/tuner/mpils-tests/instances/miplib/medium-2/rococoB10-011000.mps with config: /scratch/yorig/mpils-results-grid-seconds-5-watchdog-mip-start/medium-2/24proc/seed-3/5_rococoB10-011000_seed-3_20260504_002634/iterated_local_search/run_5_worker_21/ils_config_13284803052922368956.prm
[INFO]:[00:32:51] CPLEX results. Gap: 34.310000, upper bound: 21141.000000, lower bound: 13886.672517
[INFO]:[00:32:51] CPLEX solver finished. Gap: 34.310000
[INFO]:[00:32:51] Local search phase completed.
[INFO]:[00:32:51] Total number of new local-search evaluations: 27
[INFO]:[00:32:51] Final incumbent objective value: 34.31
[INFO]:[00:32:53] Worker 21 completed exploration phase.
[INFO]:[00:32:53] Worker 21 received order for step 2.
[INFO]:[00:32:53] Worker 21 running expansion phase for iteration 5.
[INFO]:[00:32:53] Worker 21 will use solver log file: /scratch/yorig/mpils-results-grid-seconds-5-watchdog-mip-start/medium-2/24proc/seed-3/5_rococoB10-011000_seed-3_20260504_002634/solver/cplex.log_iteration_expansion_5_worker_21
[INFO]:[00:32:53] Expansion Worker 21 starting expansion for iteration 5.
[INFO]:[00:32:53] Starting CPLEX solver on instance: /home/yorig/tuner/mpils-tests/instances/miplib/medium-2/rococoB10-011000.mps with config: /scratch/yorig/mpils-results-grid-seconds-5-watchdog-mip-start/medium-2/24proc/seed-3/5_rococoB10-011000_seed-3_20260504_002634/expansion/config_param_CPXPARAM_MIP_Limits_StrongCand_40_iter_5.prm
[INFO]:[00:32:58] CPLEX results. Gap: 24.090000, upper bound: 19565.000000, lower bound: 14851.869848
[INFO]:[00:32:58] CPLEX solver finished. Gap: 24.090000
[INFO]:[00:33:03] Expansion Worker 21 completed expansion.
[INFO]:[00:33:03] Worker 21 completed expansion phase.
[INFO]:[00:33:05] Worker 21 received order for step 1.
[INFO]:[00:33:05] Worker 21 running exploration phase for iteration 6.
[INFO]:[00:33:05] Worker 21 at iteration 6 will not use a MIP start file. Current best MIP-start upper bound threshold is 1.79769e+308.
[INFO]:[00:33:05] Starting local search phase...
[INFO]:[00:33:05] Creating local search space from parameter space file: /scratch/yorig/mpils-results-grid-seconds-5-watchdog-mip-start/medium-2/24proc/seed-3/5_rococoB10-011000_seed-3_20260504_002634/iterated_local_search/search_space/search_space_file_6_worker_21.txt
[INFO]:[00:33:05] Local search space loaded from file: /scratch/yorig/mpils-results-grid-seconds-5-watchdog-mip-start/medium-2/24proc/seed-3/5_rococoB10-011000_seed-3_20260504_002634/iterated_local_search/search_space/search_space_file_6_worker_21.txt
[INFO]:[00:33:05] Number of parameters in local search space: 71
[INFO]:[00:33:05] Number of forbidden tuples in local search space: 141
[INFO]:[00:33:05] Number of conditionals in local search space: 6
[INFO]:[00:33:05] MIP start option not enabled. Local search will proceed without MIP start.
[INFO]:[00:33:05] Evaluating initial configuration for local search phase...
[INFO]:[00:33:05] Starting CPLEX solver on instance: /home/yorig/tuner/mpils-tests/instances/miplib/medium-2/rococoB10-011000.mps with config: /scratch/yorig/mpils-results-grid-seconds-5-watchdog-mip-start/medium-2/24proc/seed-3/5_rococoB10-011000_seed-3_20260504_002634/iterated_local_search/run_6_worker_21/ils_config_15322748582954321939.prm
[INFO]:[00:33:05] Starting CPLEX solver on instance: /home/yorig/tuner/mpils-tests/instances/miplib/medium-2/rococoB10-011000.mps with config: /scratch/yorig/mpils-results-grid-seconds-5-watchdog-mip-start/medium-2/24proc/seed-3/5_rococoB10-011000_seed-3_20260504_002634/iterated_local_search/run_6_worker_21/ils_config_15322748582954321939.prm
[INFO]:[00:33:10] CPLEX results. Gap: 56.310000, upper bound: 23776.000000, lower bound: 10386.812191
[INFO]:[00:33:10] CPLEX solver finished. Gap: 56.310000
[INFO]:[00:33:10] Initial configuration evaluated with objective value: 56.31
[INFO]:[00:33:10] Starting CPLEX solver on instance: /home/yorig/tuner/mpils-tests/instances/miplib/medium-2/rococoB10-011000.mps with config: /scratch/yorig/mpils-results-grid-seconds-5-watchdog-mip-start/medium-2/24proc/seed-3/5_rococoB10-011000_seed-3_20260504_002634/iterated_local_search/run_6_worker_21/ils_config_7856209804352322269.prm
[INFO]:[00:33:10] Starting CPLEX solver on instance: /home/yorig/tuner/mpils-tests/instances/miplib/medium-2/rococoB10-011000.mps with config: /scratch/yorig/mpils-results-grid-seconds-5-watchdog-mip-start/medium-2/24proc/seed-3/5_rococoB10-011000_seed-3_20260504_002634/iterated_local_search/run_6_worker_21/ils_config_7856209804352322269.prm
[INFO]:[00:33:15] CPLEX results. Gap: 56.310000, upper bound: 23776.000000, lower bound: 10386.812191
[INFO]:[00:33:15] CPLEX solver finished. Gap: 56.310000
[INFO]:[00:33:15] Starting CPLEX solver on instance: /home/yorig/tuner/mpils-tests/instances/miplib/medium-2/rococoB10-011000.mps with config: /scratch/yorig/mpils-results-grid-seconds-5-watchdog-mip-start/medium-2/24proc/seed-3/5_rococoB10-011000_seed-3_20260504_002634/iterated_local_search/run_6_worker_21/ils_config_13309990845999961191.prm
[INFO]:[00:33:15] Starting CPLEX solver on instance: /home/yorig/tuner/mpils-tests/instances/miplib/medium-2/rococoB10-011000.mps with config: /scratch/yorig/mpils-results-grid-seconds-5-watchdog-mip-start/medium-2/24proc/seed-3/5_rococoB10-011000_seed-3_20260504_002634/iterated_local_search/run_6_worker_21/ils_config_13309990845999961191.prm
[INFO]:[00:33:20] CPLEX results. Gap: 56.310000, upper bound: 23776.000000, lower bound: 10386.812191
[INFO]:[00:33:20] CPLEX solver finished. Gap: 56.310000
[INFO]:[00:33:20] Starting CPLEX solver on instance: /home/yorig/tuner/mpils-tests/instances/miplib/medium-2/rococoB10-011000.mps with config: /scratch/yorig/mpils-results-grid-seconds-5-watchdog-mip-start/medium-2/24proc/seed-3/5_rococoB10-011000_seed-3_20260504_002634/iterated_local_search/run_6_worker_21/ils_config_12364029959862124896.prm
[INFO]:[00:33:20] Starting CPLEX solver on instance: /home/yorig/tuner/mpils-tests/instances/miplib/medium-2/rococoB10-011000.mps with config: /scratch/yorig/mpils-results-grid-seconds-5-watchdog-mip-start/medium-2/24proc/seed-3/5_rococoB10-011000_seed-3_20260504_002634/iterated_local_search/run_6_worker_21/ils_config_12364029959862124896.prm
[INFO]:[00:33:25] CPLEX results. Gap: 56.310000, upper bound: 23776.000000, lower bound: 10386.812191
[INFO]:[00:33:25] CPLEX solver finished. Gap: 56.310000
[INFO]:[00:33:25] Starting CPLEX solver on instance: /home/yorig/tuner/mpils-tests/instances/miplib/medium-2/rococoB10-011000.mps with config: /scratch/yorig/mpils-results-grid-seconds-5-watchdog-mip-start/medium-2/24proc/seed-3/5_rococoB10-011000_seed-3_20260504_002634/iterated_local_search/run_6_worker_21/ils_config_4193565493390802652.prm
[INFO]:[00:33:25] Starting CPLEX solver on instance: /home/yorig/tuner/mpils-tests/instances/miplib/medium-2/rococoB10-011000.mps with config: /scratch/yorig/mpils-results-grid-seconds-5-watchdog-mip-start/medium-2/24proc/seed-3/5_rococoB10-011000_seed-3_20260504_002634/iterated_local_search/run_6_worker_21/ils_config_4193565493390802652.prm
[INFO]:[00:33:30] CPLEX results. Gap: 56.310000, upper bound: 23776.000000, lower bound: 10386.812191
[INFO]:[00:33:30] CPLEX solver finished. Gap: 56.310000
[INFO]:[00:33:30] Starting CPLEX solver on instance: /home/yorig/tuner/mpils-tests/instances/miplib/medium-2/rococoB10-011000.mps with config: /scratch/yorig/mpils-results-grid-seconds-5-watchdog-mip-start/medium-2/24proc/seed-3/5_rococoB10-011000_seed-3_20260504_002634/iterated_local_search/run_6_worker_21/ils_config_2738887237613249778.prm
[INFO]:[00:33:30] Starting CPLEX solver on instance: /home/yorig/tuner/mpils-tests/instances/miplib/medium-2/rococoB10-011000.mps with config: /scratch/yorig/mpils-results-grid-seconds-5-watchdog-mip-start/medium-2/24proc/seed-3/5_rococoB10-011000_seed-3_20260504_002634/iterated_local_search/run_6_worker_21/ils_config_2738887237613249778.prm
[INFO]:[00:33:35] CPLEX results. Gap: 56.310000, upper bound: 23776.000000, lower bound: 10386.812191
[INFO]:[00:33:35] CPLEX solver finished. Gap: 56.310000
[INFO]:[00:33:35] Starting CPLEX solver on instance: /home/yorig/tuner/mpils-tests/instances/miplib/medium-2/rococoB10-011000.mps with config: /scratch/yorig/mpils-results-grid-seconds-5-watchdog-mip-start/medium-2/24proc/seed-3/5_rococoB10-011000_seed-3_20260504_002634/iterated_local_search/run_6_worker_21/ils_config_264068522458191833.prm
[INFO]:[00:33:35] Starting CPLEX solver on instance: /home/yorig/tuner/mpils-tests/instances/miplib/medium-2/rococoB10-011000.mps with config: /scratch/yorig/mpils-results-grid-seconds-5-watchdog-mip-start/medium-2/24proc/seed-3/5_rococoB10-011000_seed-3_20260504_002634/iterated_local_search/run_6_worker_21/ils_config_264068522458191833.prm
[INFO]:[00:33:40] CPLEX results. Gap: 53.090000, upper bound: 23109.000000, lower bound: 10840.254933
[INFO]:[00:33:40] CPLEX solver finished. Gap: 53.090000
[INFO]:[00:33:40] New incumbent found with objective value: 53.09
[INFO]:[00:33:40] Starting CPLEX solver on instance: /home/yorig/tuner/mpils-tests/instances/miplib/medium-2/rococoB10-011000.mps with config: /scratch/yorig/mpils-results-grid-seconds-5-watchdog-mip-start/medium-2/24proc/seed-3/5_rococoB10-011000_seed-3_20260504_002634/iterated_local_search/run_6_worker_21/ils_config_1298755226942736436.prm
[INFO]:[00:33:40] Starting CPLEX solver on instance: /home/yorig/tuner/mpils-tests/instances/miplib/medium-2/rococoB10-011000.mps with config: /scratch/yorig/mpils-results-grid-seconds-5-watchdog-mip-start/medium-2/24proc/seed-3/5_rococoB10-011000_seed-3_20260504_002634/iterated_local_search/run_6_worker_21/ils_config_1298755226942736436.prm
[INFO]:[00:33:45] CPLEX results. Gap: 53.090000, upper bound: 23109.000000, lower bound: 10840.254933
[INFO]:[00:33:45] CPLEX solver finished. Gap: 53.090000
[INFO]:[00:33:45] Starting CPLEX solver on instance: /home/yorig/tuner/mpils-tests/instances/miplib/medium-2/rococoB10-011000.mps with config: /scratch/yorig/mpils-results-grid-seconds-5-watchdog-mip-start/medium-2/24proc/seed-3/5_rococoB10-011000_seed-3_20260504_002634/iterated_local_search/run_6_worker_21/ils_config_178348744017200498.prm
[INFO]:[00:33:45] Starting CPLEX solver on instance: /home/yorig/tuner/mpils-tests/instances/miplib/medium-2/rococoB10-011000.mps with config: /scratch/yorig/mpils-results-grid-seconds-5-watchdog-mip-start/medium-2/24proc/seed-3/5_rococoB10-011000_seed-3_20260504_002634/iterated_local_search/run_6_worker_21/ils_config_178348744017200498.prm
[INFO]:[00:33:50] CPLEX results. Gap: 54.680000, upper bound: 23904.000000, lower bound: 10833.641804
[INFO]:[00:33:50] CPLEX solver finished. Gap: 54.680000
[INFO]:[00:33:50] Starting CPLEX solver on instance: /home/yorig/tuner/mpils-tests/instances/miplib/medium-2/rococoB10-011000.mps with config: /scratch/yorig/mpils-results-grid-seconds-5-watchdog-mip-start/medium-2/24proc/seed-3/5_rococoB10-011000_seed-3_20260504_002634/iterated_local_search/run_6_worker_21/ils_config_18341846955209964219.prm
[INFO]:[00:33:50] Starting CPLEX solver on instance: /home/yorig/tuner/mpils-tests/instances/miplib/medium-2/rococoB10-011000.mps with config: /scratch/yorig/mpils-results-grid-seconds-5-watchdog-mip-start/medium-2/24proc/seed-3/5_rococoB10-011000_seed-3_20260504_002634/iterated_local_search/run_6_worker_21/ils_config_18341846955209964219.prm
[INFO]:[00:33:55] CPLEX results. Gap: 48.160000, upper bound: 22877.000000, lower bound: 11860.093544
[INFO]:[00:33:55] CPLEX solver finished. Gap: 48.160000
[INFO]:[00:33:55] New incumbent found with objective value: 48.16
[INFO]:[00:33:55] Starting CPLEX solver on instance: /home/yorig/tuner/mpils-tests/instances/miplib/medium-2/rococoB10-011000.mps with config: /scratch/yorig/mpils-results-grid-seconds-5-watchdog-mip-start/medium-2/24proc/seed-3/5_rococoB10-011000_seed-3_20260504_002634/iterated_local_search/run_6_worker_21/ils_config_14576717026871630105.prm
[INFO]:[00:33:55] Starting CPLEX solver on instance: /home/yorig/tuner/mpils-tests/instances/miplib/medium-2/rococoB10-011000.mps with config: /scratch/yorig/mpils-results-grid-seconds-5-watchdog-mip-start/medium-2/24proc/seed-3/5_rococoB10-011000_seed-3_20260504_002634/iterated_local_search/run_6_worker_21/ils_config_14576717026871630105.prm
[INFO]:[00:34:00] CPLEX results. Gap: 45.920000, upper bound: 22813.000000, lower bound: 12336.229430
[INFO]:[00:34:00] CPLEX solver finished. Gap: 45.920000
[INFO]:[00:34:00] New incumbent found with objective value: 45.92
[INFO]:[00:34:00] Starting CPLEX solver on instance: /home/yorig/tuner/mpils-tests/instances/miplib/medium-2/rococoB10-011000.mps with config: /scratch/yorig/mpils-results-grid-seconds-5-watchdog-mip-start/medium-2/24proc/seed-3/5_rococoB10-011000_seed-3_20260504_002634/iterated_local_search/run_6_worker_21/ils_config_13414152895264852349.prm
[INFO]:[00:34:00] Starting CPLEX solver on instance: /home/yorig/tuner/mpils-tests/instances/miplib/medium-2/rococoB10-011000.mps with config: /scratch/yorig/mpils-results-grid-seconds-5-watchdog-mip-start/medium-2/24proc/seed-3/5_rococoB10-011000_seed-3_20260504_002634/iterated_local_search/run_6_worker_21/ils_config_13414152895264852349.prm
[INFO]:[00:34:05] CPLEX results. Gap: 47.040000, upper bound: 22320.000000, lower bound: 11819.619324
[INFO]:[00:34:05] CPLEX solver finished. Gap: 47.040000
[INFO]:[00:34:05] Starting CPLEX solver on instance: /home/yorig/tuner/mpils-tests/instances/miplib/medium-2/rococoB10-011000.mps with config: /scratch/yorig/mpils-results-grid-seconds-5-watchdog-mip-start/medium-2/24proc/seed-3/5_rococoB10-011000_seed-3_20260504_002634/iterated_local_search/run_6_worker_21/ils_config_10584080139476569207.prm
[INFO]:[00:34:05] Starting CPLEX solver on instance: /home/yorig/tuner/mpils-tests/instances/miplib/medium-2/rococoB10-011000.mps with config: /scratch/yorig/mpils-results-grid-seconds-5-watchdog-mip-start/medium-2/24proc/seed-3/5_rococoB10-011000_seed-3_20260504_002634/iterated_local_search/run_6_worker_21/ils_config_10584080139476569207.prm
[INFO]:[00:34:10] CPLEX results. Gap: 59.730000, upper bound: 30360.000000, lower bound: 12225.836471
[INFO]:[00:34:10] CPLEX solver finished. Gap: 59.730000
[INFO]:[00:34:10] Starting CPLEX solver on instance: /home/yorig/tuner/mpils-tests/instances/miplib/medium-2/rococoB10-011000.mps with config: /scratch/yorig/mpils-results-grid-seconds-5-watchdog-mip-start/medium-2/24proc/seed-3/5_rococoB10-011000_seed-3_20260504_002634/iterated_local_search/run_6_worker_21/ils_config_12563393567743697363.prm
[INFO]:[00:34:10] Starting CPLEX solver on instance: /home/yorig/tuner/mpils-tests/instances/miplib/medium-2/rococoB10-011000.mps with config: /scratch/yorig/mpils-results-grid-seconds-5-watchdog-mip-start/medium-2/24proc/seed-3/5_rococoB10-011000_seed-3_20260504_002634/iterated_local_search/run_6_worker_21/ils_config_12563393567743697363.prm
[INFO]:[00:34:15] CPLEX results. Gap: 59.500000, upper bound: 29178.000000, lower bound: 11818.409103
[INFO]:[00:34:15] CPLEX solver finished. Gap: 59.500000
[INFO]:[00:34:15] Starting CPLEX solver on instance: /home/yorig/tuner/mpils-tests/instances/miplib/medium-2/rococoB10-011000.mps with config: /scratch/yorig/mpils-results-grid-seconds-5-watchdog-mip-start/medium-2/24proc/seed-3/5_rococoB10-011000_seed-3_20260504_002634/iterated_local_search/run_6_worker_21/ils_config_13582230611608782762.prm
[INFO]:[00:34:15] Starting CPLEX solver on instance: /home/yorig/tuner/mpils-tests/instances/miplib/medium-2/rococoB10-011000.mps with config: /scratch/yorig/mpils-results-grid-seconds-5-watchdog-mip-start/medium-2/24proc/seed-3/5_rococoB10-011000_seed-3_20260504_002634/iterated_local_search/run_6_worker_21/ils_config_13582230611608782762.prm
[INFO]:[00:34:20] CPLEX results. Gap: 46.490000, upper bound: 22877.000000, lower bound: 12241.069331
[INFO]:[00:34:20] CPLEX solver finished. Gap: 46.490000
[INFO]:[00:34:20] Starting CPLEX solver on instance: /home/yorig/tuner/mpils-tests/instances/miplib/medium-2/rococoB10-011000.mps with config: /scratch/yorig/mpils-results-grid-seconds-5-watchdog-mip-start/medium-2/24proc/seed-3/5_rococoB10-011000_seed-3_20260504_002634/iterated_local_search/run_6_worker_21/ils_config_11047644666631745260.prm
[INFO]:[00:34:20] Starting CPLEX solver on instance: /home/yorig/tuner/mpils-tests/instances/miplib/medium-2/rococoB10-011000.mps with config: /scratch/yorig/mpils-results-grid-seconds-5-watchdog-mip-start/medium-2/24proc/seed-3/5_rococoB10-011000_seed-3_20260504_002634/iterated_local_search/run_6_worker_21/ils_config_11047644666631745260.prm
[INFO]:[00:34:25] CPLEX results. Gap: 45.920000, upper bound: 22813.000000, lower bound: 12336.229430
[INFO]:[00:34:25] CPLEX solver finished. Gap: 45.920000
[INFO]:[00:34:25] Starting CPLEX solver on instance: /home/yorig/tuner/mpils-tests/instances/miplib/medium-2/rococoB10-011000.mps with config: /scratch/yorig/mpils-results-grid-seconds-5-watchdog-mip-start/medium-2/24proc/seed-3/5_rococoB10-011000_seed-3_20260504_002634/iterated_local_search/run_6_worker_21/ils_config_11066810104304262325.prm
[INFO]:[00:34:25] Starting CPLEX solver on instance: /home/yorig/tuner/mpils-tests/instances/miplib/medium-2/rococoB10-011000.mps with config: /scratch/yorig/mpils-results-grid-seconds-5-watchdog-mip-start/medium-2/24proc/seed-3/5_rococoB10-011000_seed-3_20260504_002634/iterated_local_search/run_6_worker_21/ils_config_11066810104304262325.prm
[INFO]:[00:34:30] CPLEX results. Gap: 45.920000, upper bound: 22813.000000, lower bound: 12336.229430
[INFO]:[00:34:30] CPLEX solver finished. Gap: 45.920000
[INFO]:[00:34:30] Starting CPLEX solver on instance: /home/yorig/tuner/mpils-tests/instances/miplib/medium-2/rococoB10-011000.mps with config: /scratch/yorig/mpils-results-grid-seconds-5-watchdog-mip-start/medium-2/24proc/seed-3/5_rococoB10-011000_seed-3_20260504_002634/iterated_local_search/run_6_worker_21/ils_config_9383760740957460900.prm
[INFO]:[00:34:30] Starting CPLEX solver on instance: /home/yorig/tuner/mpils-tests/instances/miplib/medium-2/rococoB10-011000.mps with config: /scratch/yorig/mpils-results-grid-seconds-5-watchdog-mip-start/medium-2/24proc/seed-3/5_rococoB10-011000_seed-3_20260504_002634/iterated_local_search/run_6_worker_21/ils_config_9383760740957460900.prm
[INFO]:[00:34:35] CPLEX results. Gap: 45.270000, upper bound: 21895.000000, lower bound: 11983.165439
[INFO]:[00:34:35] CPLEX solver finished. Gap: 45.270000
[INFO]:[00:34:35] New incumbent found with objective value: 45.27
[INFO]:[00:34:35] Starting CPLEX solver on instance: /home/yorig/tuner/mpils-tests/instances/miplib/medium-2/rococoB10-011000.mps with config: /scratch/yorig/mpils-results-grid-seconds-5-watchdog-mip-start/medium-2/24proc/seed-3/5_rococoB10-011000_seed-3_20260504_002634/iterated_local_search/run_6_worker_21/ils_config_7410652728438454063.prm
[INFO]:[00:34:35] Starting CPLEX solver on instance: /home/yorig/tuner/mpils-tests/instances/miplib/medium-2/rococoB10-011000.mps with config: /scratch/yorig/mpils-results-grid-seconds-5-watchdog-mip-start/medium-2/24proc/seed-3/5_rococoB10-011000_seed-3_20260504_002634/iterated_local_search/run_6_worker_21/ils_config_7410652728438454063.prm
[INFO]:[00:34:40] CPLEX results. Gap: 44.580000, upper bound: 22732.000000, lower bound: 12598.473924
[INFO]:[00:34:40] CPLEX solver finished. Gap: 44.580000
[INFO]:[00:34:40] New incumbent found with objective value: 44.58
[INFO]:[00:34:40] Starting CPLEX solver on instance: /home/yorig/tuner/mpils-tests/instances/miplib/medium-2/rococoB10-011000.mps with config: /scratch/yorig/mpils-results-grid-seconds-5-watchdog-mip-start/medium-2/24proc/seed-3/5_rococoB10-011000_seed-3_20260504_002634/iterated_local_search/run_6_worker_21/ils_config_18018176521226885314.prm
[INFO]:[00:34:40] Starting CPLEX solver on instance: /home/yorig/tuner/mpils-tests/instances/miplib/medium-2/rococoB10-011000.mps with config: /scratch/yorig/mpils-results-grid-seconds-5-watchdog-mip-start/medium-2/24proc/seed-3/5_rococoB10-011000_seed-3_20260504_002634/iterated_local_search/run_6_worker_21/ils_config_18018176521226885314.prm
[INFO]:[00:34:45] CPLEX results. Gap: 44.580000, upper bound: 22732.000000, lower bound: 12598.473924
[INFO]:[00:34:45] CPLEX solver finished. Gap: 44.580000
[INFO]:[00:34:45] Starting CPLEX solver on instance: /home/yorig/tuner/mpils-tests/instances/miplib/medium-2/rococoB10-011000.mps with config: /scratch/yorig/mpils-results-grid-seconds-5-watchdog-mip-start/medium-2/24proc/seed-3/5_rococoB10-011000_seed-3_20260504_002634/iterated_local_search/run_6_worker_21/ils_config_8244888259601119211.prm
[INFO]:[00:34:45] Starting CPLEX solver on instance: /home/yorig/tuner/mpils-tests/instances/miplib/medium-2/rococoB10-011000.mps with config: /scratch/yorig/mpils-results-grid-seconds-5-watchdog-mip-start/medium-2/24proc/seed-3/5_rococoB10-011000_seed-3_20260504_002634/iterated_local_search/run_6_worker_21/ils_config_8244888259601119211.prm
[INFO]:[00:34:50] CPLEX results. Gap: 45.700000, upper bound: 23276.000000, lower bound: 12638.493856
[INFO]:[00:34:50] CPLEX solver finished. Gap: 45.700000
[INFO]:[00:34:50] Starting CPLEX solver on instance: /home/yorig/tuner/mpils-tests/instances/miplib/medium-2/rococoB10-011000.mps with config: /scratch/yorig/mpils-results-grid-seconds-5-watchdog-mip-start/medium-2/24proc/seed-3/5_rococoB10-011000_seed-3_20260504_002634/iterated_local_search/run_6_worker_21/ils_config_9836529212681215016.prm
[INFO]:[00:34:50] Starting CPLEX solver on instance: /home/yorig/tuner/mpils-tests/instances/miplib/medium-2/rococoB10-011000.mps with config: /scratch/yorig/mpils-results-grid-seconds-5-watchdog-mip-start/medium-2/24proc/seed-3/5_rococoB10-011000_seed-3_20260504_002634/iterated_local_search/run_6_worker_21/ils_config_9836529212681215016.prm
[INFO]:[00:34:55] CPLEX results. Gap: 46.720000, upper bound: 23386.000000, lower bound: 12460.052925
[INFO]:[00:34:55] CPLEX solver finished. Gap: 46.720000
[INFO]:[00:34:55] Starting CPLEX solver on instance: /home/yorig/tuner/mpils-tests/instances/miplib/medium-2/rococoB10-011000.mps with config: /scratch/yorig/mpils-results-grid-seconds-5-watchdog-mip-start/medium-2/24proc/seed-3/5_rococoB10-011000_seed-3_20260504_002634/iterated_local_search/run_6_worker_21/ils_config_3661488976690038211.prm
[INFO]:[00:34:55] Starting CPLEX solver on instance: /home/yorig/tuner/mpils-tests/instances/miplib/medium-2/rococoB10-011000.mps with config: /scratch/yorig/mpils-results-grid-seconds-5-watchdog-mip-start/medium-2/24proc/seed-3/5_rococoB10-011000_seed-3_20260504_002634/iterated_local_search/run_6_worker_21/ils_config_3661488976690038211.prm
[INFO]:[00:35:00] CPLEX results. Gap: 39.090000, upper bound: 21413.000000, lower bound: 13042.768257
[INFO]:[00:35:00] CPLEX solver finished. Gap: 39.090000
[INFO]:[00:35:00] New incumbent found with objective value: 39.09
[INFO]:[00:35:00] Starting CPLEX solver on instance: /home/yorig/tuner/mpils-tests/instances/miplib/medium-2/rococoB10-011000.mps with config: /scratch/yorig/mpils-results-grid-seconds-5-watchdog-mip-start/medium-2/24proc/seed-3/5_rococoB10-011000_seed-3_20260504_002634/iterated_local_search/run_6_worker_21/ils_config_15507916587552467645.prm
[INFO]:[00:35:00] Starting CPLEX solver on instance: /home/yorig/tuner/mpils-tests/instances/miplib/medium-2/rococoB10-011000.mps with config: /scratch/yorig/mpils-results-grid-seconds-5-watchdog-mip-start/medium-2/24proc/seed-3/5_rococoB10-011000_seed-3_20260504_002634/iterated_local_search/run_6_worker_21/ils_config_15507916587552467645.prm
[INFO]:[00:35:05] CPLEX results. Gap: 41.530000, upper bound: 22304.000000, lower bound: 13041.311423
[INFO]:[00:35:05] CPLEX solver finished. Gap: 41.530000
[INFO]:[00:35:05] Starting CPLEX solver on instance: /home/yorig/tuner/mpils-tests/instances/miplib/medium-2/rococoB10-011000.mps with config: /scratch/yorig/mpils-results-grid-seconds-5-watchdog-mip-start/medium-2/24proc/seed-3/5_rococoB10-011000_seed-3_20260504_002634/iterated_local_search/run_6_worker_21/ils_config_226430709989559132.prm
[INFO]:[00:35:05] Starting CPLEX solver on instance: /home/yorig/tuner/mpils-tests/instances/miplib/medium-2/rococoB10-011000.mps with config: /scratch/yorig/mpils-results-grid-seconds-5-watchdog-mip-start/medium-2/24proc/seed-3/5_rococoB10-011000_seed-3_20260504_002634/iterated_local_search/run_6_worker_21/ils_config_226430709989559132.prm
[INFO]:[00:35:10] CPLEX results. Gap: 39.090000, upper bound: 21413.000000, lower bound: 13042.768257
[INFO]:[00:35:10] CPLEX solver finished. Gap: 39.090000
[INFO]:[00:35:10] Starting CPLEX solver on instance: /home/yorig/tuner/mpils-tests/instances/miplib/medium-2/rococoB10-011000.mps with config: /scratch/yorig/mpils-results-grid-seconds-5-watchdog-mip-start/medium-2/24proc/seed-3/5_rococoB10-011000_seed-3_20260504_002634/iterated_local_search/run_6_worker_21/ils_config_10775869756763590186.prm
[INFO]:[00:35:10] Starting CPLEX solver on instance: /home/yorig/tuner/mpils-tests/instances/miplib/medium-2/rococoB10-011000.mps with config: /scratch/yorig/mpils-results-grid-seconds-5-watchdog-mip-start/medium-2/24proc/seed-3/5_rococoB10-011000_seed-3_20260504_002634/iterated_local_search/run_6_worker_21/ils_config_10775869756763590186.prm
[INFO]:[00:35:15] CPLEX results. Gap: 39.090000, upper bound: 21413.000000, lower bound: 13042.768257
[INFO]:[00:35:15] CPLEX solver finished. Gap: 39.090000
[INFO]:[00:35:15] Starting CPLEX solver on instance: /home/yorig/tuner/mpils-tests/instances/miplib/medium-2/rococoB10-011000.mps with config: /scratch/yorig/mpils-results-grid-seconds-5-watchdog-mip-start/medium-2/24proc/seed-3/5_rococoB10-011000_seed-3_20260504_002634/iterated_local_search/run_6_worker_21/ils_config_5175299981080980365.prm
[INFO]:[00:35:15] Starting CPLEX solver on instance: /home/yorig/tuner/mpils-tests/instances/miplib/medium-2/rococoB10-011000.mps with config: /scratch/yorig/mpils-results-grid-seconds-5-watchdog-mip-start/medium-2/24proc/seed-3/5_rococoB10-011000_seed-3_20260504_002634/iterated_local_search/run_6_worker_21/ils_config_5175299981080980365.prm
[INFO]:[00:35:20] CPLEX results. Gap: 41.530000, upper bound: 22304.000000, lower bound: 13041.311423
[INFO]:[00:35:20] CPLEX solver finished. Gap: 41.530000
[INFO]:[00:35:20] Starting CPLEX solver on instance: /home/yorig/tuner/mpils-tests/instances/miplib/medium-2/rococoB10-011000.mps with config: /scratch/yorig/mpils-results-grid-seconds-5-watchdog-mip-start/medium-2/24proc/seed-3/5_rococoB10-011000_seed-3_20260504_002634/iterated_local_search/run_6_worker_21/ils_config_15395722572062209033.prm
[INFO]:[00:35:20] Starting CPLEX solver on instance: /home/yorig/tuner/mpils-tests/instances/miplib/medium-2/rococoB10-011000.mps with config: /scratch/yorig/mpils-results-grid-seconds-5-watchdog-mip-start/medium-2/24proc/seed-3/5_rococoB10-011000_seed-3_20260504_002634/iterated_local_search/run_6_worker_21/ils_config_15395722572062209033.prm
[INFO]:[00:35:25] CPLEX results. Gap: 41.530000, upper bound: 22304.000000, lower bound: 13041.311423
[INFO]:[00:35:25] CPLEX solver finished. Gap: 41.530000
[INFO]:[00:35:25] Starting CPLEX solver on instance: /home/yorig/tuner/mpils-tests/instances/miplib/medium-2/rococoB10-011000.mps with config: /scratch/yorig/mpils-results-grid-seconds-5-watchdog-mip-start/medium-2/24proc/seed-3/5_rococoB10-011000_seed-3_20260504_002634/iterated_local_search/run_6_worker_21/ils_config_13681330507369975535.prm
[INFO]:[00:35:25] Starting CPLEX solver on instance: /home/yorig/tuner/mpils-tests/instances/miplib/medium-2/rococoB10-011000.mps with config: /scratch/yorig/mpils-results-grid-seconds-5-watchdog-mip-start/medium-2/24proc/seed-3/5_rococoB10-011000_seed-3_20260504_002634/iterated_local_search/run_6_worker_21/ils_config_13681330507369975535.prm
[INFO]:[00:35:30] CPLEX results. Gap: 46.550000, upper bound: 24006.000000, lower bound: 12831.933451
[INFO]:[00:35:30] CPLEX solver finished. Gap: 46.550000
[INFO]:[00:35:30] Starting CPLEX solver on instance: /home/yorig/tuner/mpils-tests/instances/miplib/medium-2/rococoB10-011000.mps with config: /scratch/yorig/mpils-results-grid-seconds-5-watchdog-mip-start/medium-2/24proc/seed-3/5_rococoB10-011000_seed-3_20260504_002634/iterated_local_search/run_6_worker_21/ils_config_13843461346108621978.prm
[INFO]:[00:35:30] Starting CPLEX solver on instance: /home/yorig/tuner/mpils-tests/instances/miplib/medium-2/rococoB10-011000.mps with config: /scratch/yorig/mpils-results-grid-seconds-5-watchdog-mip-start/medium-2/24proc/seed-3/5_rococoB10-011000_seed-3_20260504_002634/iterated_local_search/run_6_worker_21/ils_config_13843461346108621978.prm
[INFO]:[00:35:35] CPLEX results. Gap: 39.090000, upper bound: 21413.000000, lower bound: 13042.768257
[INFO]:[00:35:35] CPLEX solver finished. Gap: 39.090000
[INFO]:[00:35:35] Local search phase completed.
[INFO]:[00:35:35] Total number of new local-search evaluations: 30
[INFO]:[00:35:35] Final incumbent objective value: 39.09
[INFO]:[00:35:37] Worker 21 completed exploration phase.
[INFO]:[00:35:37] Worker 21 received order for step 3.
[INFO]:[00:35:37] Worker 21 finished.
