Welcome to the MPILS tuner!
Tuning instance: /home/yorig/tuner/mpils-tests/instances/miplib/medium-2/supportcase6.mps
ILS shared cache: disabled
Local search engine: iterated_local_search
Exploration only: disabled
Seed: 4
Tuning objective: gap
Parameters file: /home/yorig/tuner/mpils/cplex/params_12_cpx.txt
ParamILS instance file: ./cplex/instances.txt
Initial selected parameters: 10
Expansion parameter budget: 10
Expansion select rule: strict
Expansion value strategy: all
Expansion max deviation: 1.79769e+308
Expansion early stop: enabled
Max iterations: 15
MIP starts: disabled
Random worker initial configs: enabled
Solver time mode: ticks
Clean working directory: enabled
Number of evaluations: auto
Exploration budget divisor: none
Worker process 1 started.
Worker 1 starting.
Worker 1 received order for step 1.
Worker 1 running exploration phase for iteration 1.
[INFO]:[00:00:31] Worker 1 at iteration 1 will not use a MIP start file. Current best MIP-start upper bound threshold is 1.79769e+308.
[INFO]:[00:00:31] Starting local search phase...
[INFO]:[00:00:31] Creating local search space from parameter space file: /scratch/yorig/mpils-results-grid-ticks-10000-2proc-no-mip-start/medium-2/2proc/seed-4/9_supportcase6_seed-4_20260502_000030/iterated_local_search/search_space/search_space_file_1_worker_1.txt
[INFO]:[00:00:31] Local search space loaded from file: /scratch/yorig/mpils-results-grid-ticks-10000-2proc-no-mip-start/medium-2/2proc/seed-4/9_supportcase6_seed-4_20260502_000030/iterated_local_search/search_space/search_space_file_1_worker_1.txt
[INFO]:[00:00:31] Number of parameters in local search space: 71
[INFO]:[00:00:31] Number of forbidden tuples in local search space: 0
[INFO]:[00:00:31] Number of conditionals in local search space: 6
[INFO]:[00:00:31] MIP start option not enabled. Local search will proceed without MIP start.
[INFO]:[00:00:31] Evaluating initial configuration for local search phase...
[INFO]:[00:00:31] Starting CPLEX solver on instance: /home/yorig/tuner/mpils-tests/instances/miplib/medium-2/supportcase6.mps with config: /scratch/yorig/mpils-results-grid-ticks-10000-2proc-no-mip-start/medium-2/2proc/seed-4/9_supportcase6_seed-4_20260502_000030/iterated_local_search/run_1_worker_1/ils_config_6439873165248256756.prm
[INFO]:[00:00:31] Starting CPLEX solver on instance: /home/yorig/tuner/mpils-tests/instances/miplib/medium-2/supportcase6.mps with config: /scratch/yorig/mpils-results-grid-ticks-10000-2proc-no-mip-start/medium-2/2proc/seed-4/9_supportcase6_seed-4_20260502_000030/iterated_local_search/run_1_worker_1/ils_config_6439873165248256756.prm
[INFO]:[00:00:38] CPLEX results. Gap: 55.980000, upper bound: 102597.533860, lower bound: 45165.579073
[INFO]:[00:00:38] CPLEX solver finished. Gap: 55.980000
[INFO]:[00:00:38] Initial configuration evaluated with objective value: 55.98
[INFO]:[00:00:38] Starting CPLEX solver on instance: /home/yorig/tuner/mpils-tests/instances/miplib/medium-2/supportcase6.mps with config: /scratch/yorig/mpils-results-grid-ticks-10000-2proc-no-mip-start/medium-2/2proc/seed-4/9_supportcase6_seed-4_20260502_000030/iterated_local_search/run_1_worker_1/ils_config_11255561039145532449.prm
[INFO]:[00:00:38] Starting CPLEX solver on instance: /home/yorig/tuner/mpils-tests/instances/miplib/medium-2/supportcase6.mps with config: /scratch/yorig/mpils-results-grid-ticks-10000-2proc-no-mip-start/medium-2/2proc/seed-4/9_supportcase6_seed-4_20260502_000030/iterated_local_search/run_1_worker_1/ils_config_11255561039145532449.prm
[INFO]:[00:00:46] CPLEX results. Gap: 55.980000, upper bound: 102597.533860, lower bound: 45165.579073
[INFO]:[00:00:46] CPLEX solver finished. Gap: 55.980000
[INFO]:[00:00:46] Starting CPLEX solver on instance: /home/yorig/tuner/mpils-tests/instances/miplib/medium-2/supportcase6.mps with config: /scratch/yorig/mpils-results-grid-ticks-10000-2proc-no-mip-start/medium-2/2proc/seed-4/9_supportcase6_seed-4_20260502_000030/iterated_local_search/run_1_worker_1/ils_config_16491404846762771235.prm
[INFO]:[00:00:46] Starting CPLEX solver on instance: /home/yorig/tuner/mpils-tests/instances/miplib/medium-2/supportcase6.mps with config: /scratch/yorig/mpils-results-grid-ticks-10000-2proc-no-mip-start/medium-2/2proc/seed-4/9_supportcase6_seed-4_20260502_000030/iterated_local_search/run_1_worker_1/ils_config_16491404846762771235.prm
[INFO]:[00:00:53] CPLEX results. Gap: 55.980000, upper bound: 102597.533860, lower bound: 45165.579073
[INFO]:[00:00:53] CPLEX solver finished. Gap: 55.980000
[INFO]:[00:00:53] Starting CPLEX solver on instance: /home/yorig/tuner/mpils-tests/instances/miplib/medium-2/supportcase6.mps with config: /scratch/yorig/mpils-results-grid-ticks-10000-2proc-no-mip-start/medium-2/2proc/seed-4/9_supportcase6_seed-4_20260502_000030/iterated_local_search/run_1_worker_1/ils_config_14641529875676470423.prm
[INFO]:[00:00:53] Starting CPLEX solver on instance: /home/yorig/tuner/mpils-tests/instances/miplib/medium-2/supportcase6.mps with config: /scratch/yorig/mpils-results-grid-ticks-10000-2proc-no-mip-start/medium-2/2proc/seed-4/9_supportcase6_seed-4_20260502_000030/iterated_local_search/run_1_worker_1/ils_config_14641529875676470423.prm
[INFO]:[00:01:01] CPLEX results. Gap: 37.560000, upper bound: 72336.336372, lower bound: 45165.579073
[INFO]:[00:01:01] CPLEX solver finished. Gap: 37.560000
[INFO]:[00:01:01] New incumbent found with objective value: 37.56
[INFO]:[00:01:01] Starting CPLEX solver on instance: /home/yorig/tuner/mpils-tests/instances/miplib/medium-2/supportcase6.mps with config: /scratch/yorig/mpils-results-grid-ticks-10000-2proc-no-mip-start/medium-2/2proc/seed-4/9_supportcase6_seed-4_20260502_000030/iterated_local_search/run_1_worker_1/ils_config_6180013470909553343.prm
[INFO]:[00:01:01] Starting CPLEX solver on instance: /home/yorig/tuner/mpils-tests/instances/miplib/medium-2/supportcase6.mps with config: /scratch/yorig/mpils-results-grid-ticks-10000-2proc-no-mip-start/medium-2/2proc/seed-4/9_supportcase6_seed-4_20260502_000030/iterated_local_search/run_1_worker_1/ils_config_6180013470909553343.prm
[INFO]:[00:01:08] CPLEX results. Gap: 55.980000, upper bound: 102597.533860, lower bound: 45165.579073
[INFO]:[00:01:08] CPLEX solver finished. Gap: 55.980000
[INFO]:[00:01:08] Starting CPLEX solver on instance: /home/yorig/tuner/mpils-tests/instances/miplib/medium-2/supportcase6.mps with config: /scratch/yorig/mpils-results-grid-ticks-10000-2proc-no-mip-start/medium-2/2proc/seed-4/9_supportcase6_seed-4_20260502_000030/iterated_local_search/run_1_worker_1/ils_config_18181308809607689415.prm
[INFO]:[00:01:08] Starting CPLEX solver on instance: /home/yorig/tuner/mpils-tests/instances/miplib/medium-2/supportcase6.mps with config: /scratch/yorig/mpils-results-grid-ticks-10000-2proc-no-mip-start/medium-2/2proc/seed-4/9_supportcase6_seed-4_20260502_000030/iterated_local_search/run_1_worker_1/ils_config_18181308809607689415.prm
[INFO]:[00:01:15] CPLEX results. Gap: 37.560000, upper bound: 72336.336372, lower bound: 45165.579073
[INFO]:[00:01:15] CPLEX solver finished. Gap: 37.560000
[INFO]:[00:01:15] Starting CPLEX solver on instance: /home/yorig/tuner/mpils-tests/instances/miplib/medium-2/supportcase6.mps with config: /scratch/yorig/mpils-results-grid-ticks-10000-2proc-no-mip-start/medium-2/2proc/seed-4/9_supportcase6_seed-4_20260502_000030/iterated_local_search/run_1_worker_1/ils_config_167073399308404491.prm
[INFO]:[00:01:15] Starting CPLEX solver on instance: /home/yorig/tuner/mpils-tests/instances/miplib/medium-2/supportcase6.mps with config: /scratch/yorig/mpils-results-grid-ticks-10000-2proc-no-mip-start/medium-2/2proc/seed-4/9_supportcase6_seed-4_20260502_000030/iterated_local_search/run_1_worker_1/ils_config_167073399308404491.prm
[INFO]:[00:01:22] CPLEX results. Gap: 37.560000, upper bound: 72336.336372, lower bound: 45165.579073
[INFO]:[00:01:22] CPLEX solver finished. Gap: 37.560000
[INFO]:[00:01:23] Starting CPLEX solver on instance: /home/yorig/tuner/mpils-tests/instances/miplib/medium-2/supportcase6.mps with config: /scratch/yorig/mpils-results-grid-ticks-10000-2proc-no-mip-start/medium-2/2proc/seed-4/9_supportcase6_seed-4_20260502_000030/iterated_local_search/run_1_worker_1/ils_config_2124134745575245083.prm
[INFO]:[00:01:23] Starting CPLEX solver on instance: /home/yorig/tuner/mpils-tests/instances/miplib/medium-2/supportcase6.mps with config: /scratch/yorig/mpils-results-grid-ticks-10000-2proc-no-mip-start/medium-2/2proc/seed-4/9_supportcase6_seed-4_20260502_000030/iterated_local_search/run_1_worker_1/ils_config_2124134745575245083.prm
slurmstepd: error: *** STEP 11231067.8 ON rc13415 CANCELLED AT 2026-05-02T04:01:30 DUE TO TIME LIMIT ***
