[INFO]:[09:25:43] Worker 8 starting.
[INFO]:[09:25:43] Worker 8 received order for step 1.
[INFO]:[09:25:43] Worker 8 running exploration phase for iteration 1.
[INFO]:[09:25:43] Current MIP start info file not found: /scratch/yorig/mpils-results-grid-seconds-5/easy/24proc/seed-5/3_glass4_seed-5_20260503_092542/iterated_local_search/mip_start/current_mip_start_1.txt
[INFO]:[09:25:43] Worker 8 at iteration 1 will not use a MIP start file. Current best MIP-start upper bound threshold is 1.79769e+308.
[INFO]:[09:25:43] Starting local search phase...
[INFO]:[09:25:43] Creating local search space from parameter space file: /scratch/yorig/mpils-results-grid-seconds-5/easy/24proc/seed-5/3_glass4_seed-5_20260503_092542/iterated_local_search/search_space/search_space_file_1_worker_8.txt
[INFO]:[09:25:43] Local search space loaded from file: /scratch/yorig/mpils-results-grid-seconds-5/easy/24proc/seed-5/3_glass4_seed-5_20260503_092542/iterated_local_search/search_space/search_space_file_1_worker_8.txt
[INFO]:[09:25:43] Number of parameters in local search space: 71
[INFO]:[09:25:43] Number of forbidden tuples in local search space: 0
[INFO]:[09:25:43] Number of conditionals in local search space: 6
[INFO]:[09:25:43] MIP start option not enabled. Local search will proceed without MIP start.
[INFO]:[09:25:43] Evaluating initial configuration for local search phase...
[INFO]:[09:25:43] Starting CPLEX solver on instance: /home/yorig/tuner/mpils-tests/instances/miplib/easy/glass4.mps with config: /scratch/yorig/mpils-results-grid-seconds-5/easy/24proc/seed-5/3_glass4_seed-5_20260503_092542/iterated_local_search/run_1_worker_8/ils_config_9256882324034231698.prm
[INFO]:[09:25:43] Starting CPLEX solver on instance: /home/yorig/tuner/mpils-tests/instances/miplib/easy/glass4.mps with config: /scratch/yorig/mpils-results-grid-seconds-5/easy/24proc/seed-5/3_glass4_seed-5_20260503_092542/iterated_local_search/run_1_worker_8/ils_config_9256882324034231698.prm
[INFO]:[09:25:48] CPLEX results. Gap: 45.210000, upper bound: 1460013800.000000, lower bound: 800003342.786765
[INFO]:[09:25:48] Writing MIP start file: /scratch/yorig/mpils-results-grid-seconds-5/easy/24proc/seed-5/3_glass4_seed-5_20260503_092542/iterated_local_search/run_1_worker_8/mip_starts/mip_start_eval_1_config_9256882324034231698.mst
[INFO]:[09:25:48] CPLEX solver finished. Gap: 45.210000
[INFO]:[09:25:48] Initial configuration evaluated with objective value: 45.21
[INFO]:[09:25:48] Starting CPLEX solver on instance: /home/yorig/tuner/mpils-tests/instances/miplib/easy/glass4.mps with config: /scratch/yorig/mpils-results-grid-seconds-5/easy/24proc/seed-5/3_glass4_seed-5_20260503_092542/iterated_local_search/run_1_worker_8/ils_config_8293681628283454277.prm
[INFO]:[09:25:48] Starting CPLEX solver on instance: /home/yorig/tuner/mpils-tests/instances/miplib/easy/glass4.mps with config: /scratch/yorig/mpils-results-grid-seconds-5/easy/24proc/seed-5/3_glass4_seed-5_20260503_092542/iterated_local_search/run_1_worker_8/ils_config_8293681628283454277.prm
[INFO]:[09:25:53] CPLEX results. Gap: 50.000000, upper bound: 1600015100.000000, lower bound: 800003584.035123
[INFO]:[09:25:53] CPLEX solver finished. Gap: 50.000000
[INFO]:[09:25:53] Starting CPLEX solver on instance: /home/yorig/tuner/mpils-tests/instances/miplib/easy/glass4.mps with config: /scratch/yorig/mpils-results-grid-seconds-5/easy/24proc/seed-5/3_glass4_seed-5_20260503_092542/iterated_local_search/run_1_worker_8/ils_config_3965877142452217830.prm
[INFO]:[09:25:53] Starting CPLEX solver on instance: /home/yorig/tuner/mpils-tests/instances/miplib/easy/glass4.mps with config: /scratch/yorig/mpils-results-grid-seconds-5/easy/24proc/seed-5/3_glass4_seed-5_20260503_092542/iterated_local_search/run_1_worker_8/ils_config_3965877142452217830.prm
[INFO]:[09:25:58] CPLEX results. Gap: 46.670000, upper bound: 1500012100.000000, lower bound: 800003846.719981
[INFO]:[09:25:58] CPLEX solver finished. Gap: 46.670000
[INFO]:[09:25:58] Starting CPLEX solver on instance: /home/yorig/tuner/mpils-tests/instances/miplib/easy/glass4.mps with config: /scratch/yorig/mpils-results-grid-seconds-5/easy/24proc/seed-5/3_glass4_seed-5_20260503_092542/iterated_local_search/run_1_worker_8/ils_config_15441743505230300048.prm
[INFO]:[09:25:58] Starting CPLEX solver on instance: /home/yorig/tuner/mpils-tests/instances/miplib/easy/glass4.mps with config: /scratch/yorig/mpils-results-grid-seconds-5/easy/24proc/seed-5/3_glass4_seed-5_20260503_092542/iterated_local_search/run_1_worker_8/ils_config_15441743505230300048.prm
[INFO]:[09:26:03] CPLEX results. Gap: 41.820000, upper bound: 1375014725.000000, lower bound: 800003305.085684
[INFO]:[09:26:03] Writing MIP start file: /scratch/yorig/mpils-results-grid-seconds-5/easy/24proc/seed-5/3_glass4_seed-5_20260503_092542/iterated_local_search/run_1_worker_8/mip_starts/mip_start_eval_4_config_15441743505230300048.mst
[INFO]:[09:26:03] CPLEX solver finished. Gap: 41.820000
[INFO]:[09:26:03] New incumbent found with objective value: 41.82
[INFO]:[09:26:03] Starting CPLEX solver on instance: /home/yorig/tuner/mpils-tests/instances/miplib/easy/glass4.mps with config: /scratch/yorig/mpils-results-grid-seconds-5/easy/24proc/seed-5/3_glass4_seed-5_20260503_092542/iterated_local_search/run_1_worker_8/ils_config_6884886439978904334.prm
[INFO]:[09:26:03] Starting CPLEX solver on instance: /home/yorig/tuner/mpils-tests/instances/miplib/easy/glass4.mps with config: /scratch/yorig/mpils-results-grid-seconds-5/easy/24proc/seed-5/3_glass4_seed-5_20260503_092542/iterated_local_search/run_1_worker_8/ils_config_6884886439978904334.prm
[INFO]:[09:26:08] CPLEX results. Gap: 48.390000, upper bound: 1550014710.000000, lower bound: 800003628.645679
[INFO]:[09:26:08] CPLEX solver finished. Gap: 48.390000
[INFO]:[09:26:08] Starting CPLEX solver on instance: /home/yorig/tuner/mpils-tests/instances/miplib/easy/glass4.mps with config: /scratch/yorig/mpils-results-grid-seconds-5/easy/24proc/seed-5/3_glass4_seed-5_20260503_092542/iterated_local_search/run_1_worker_8/ils_config_1636015093756314641.prm
[INFO]:[09:26:08] Starting CPLEX solver on instance: /home/yorig/tuner/mpils-tests/instances/miplib/easy/glass4.mps with config: /scratch/yorig/mpils-results-grid-seconds-5/easy/24proc/seed-5/3_glass4_seed-5_20260503_092542/iterated_local_search/run_1_worker_8/ils_config_1636015093756314641.prm
[INFO]:[09:26:13] CPLEX results. Gap: 47.540000, upper bound: 1525013425.000000, lower bound: 800003933.333128
[INFO]:[09:26:13] CPLEX solver finished. Gap: 47.540000
[INFO]:[09:26:13] Starting CPLEX solver on instance: /home/yorig/tuner/mpils-tests/instances/miplib/easy/glass4.mps with config: /scratch/yorig/mpils-results-grid-seconds-5/easy/24proc/seed-5/3_glass4_seed-5_20260503_092542/iterated_local_search/run_1_worker_8/ils_config_12576506003892619624.prm
[INFO]:[09:26:13] Starting CPLEX solver on instance: /home/yorig/tuner/mpils-tests/instances/miplib/easy/glass4.mps with config: /scratch/yorig/mpils-results-grid-seconds-5/easy/24proc/seed-5/3_glass4_seed-5_20260503_092542/iterated_local_search/run_1_worker_8/ils_config_12576506003892619624.prm
[INFO]:[09:26:18] CPLEX results. Gap: 41.820000, upper bound: 1375014725.000000, lower bound: 800003305.085684
[INFO]:[09:26:18] Writing MIP start file: /scratch/yorig/mpils-results-grid-seconds-5/easy/24proc/seed-5/3_glass4_seed-5_20260503_092542/iterated_local_search/run_1_worker_8/mip_starts/mip_start_eval_7_config_12576506003892619624.mst
[INFO]:[09:26:18] CPLEX solver finished. Gap: 41.820000
[INFO]:[09:26:18] Starting CPLEX solver on instance: /home/yorig/tuner/mpils-tests/instances/miplib/easy/glass4.mps with config: /scratch/yorig/mpils-results-grid-seconds-5/easy/24proc/seed-5/3_glass4_seed-5_20260503_092542/iterated_local_search/run_1_worker_8/ils_config_3329730708437408222.prm
[INFO]:[09:26:18] Starting CPLEX solver on instance: /home/yorig/tuner/mpils-tests/instances/miplib/easy/glass4.mps with config: /scratch/yorig/mpils-results-grid-seconds-5/easy/24proc/seed-5/3_glass4_seed-5_20260503_092542/iterated_local_search/run_1_worker_8/ils_config_3329730708437408222.prm
[INFO]:[09:26:23] CPLEX results. Gap: 41.820000, upper bound: 1375014725.000000, lower bound: 800003305.085684
[INFO]:[09:26:23] CPLEX solver finished. Gap: 41.820000
[INFO]:[09:26:23] Starting CPLEX solver on instance: /home/yorig/tuner/mpils-tests/instances/miplib/easy/glass4.mps with config: /scratch/yorig/mpils-results-grid-seconds-5/easy/24proc/seed-5/3_glass4_seed-5_20260503_092542/iterated_local_search/run_1_worker_8/ils_config_14604554239304327309.prm
[INFO]:[09:26:23] Starting CPLEX solver on instance: /home/yorig/tuner/mpils-tests/instances/miplib/easy/glass4.mps with config: /scratch/yorig/mpils-results-grid-seconds-5/easy/24proc/seed-5/3_glass4_seed-5_20260503_092542/iterated_local_search/run_1_worker_8/ils_config_14604554239304327309.prm
[INFO]:[09:26:28] CPLEX results. Gap: 33.330000, upper bound: 1200012600.000000, lower bound: 800003305.085684
[INFO]:[09:26:28] Writing MIP start file: /scratch/yorig/mpils-results-grid-seconds-5/easy/24proc/seed-5/3_glass4_seed-5_20260503_092542/iterated_local_search/run_1_worker_8/mip_starts/mip_start_eval_9_config_14604554239304327309.mst
[INFO]:[09:26:28] CPLEX solver finished. Gap: 33.330000
[INFO]:[09:26:28] New incumbent found with objective value: 33.33
[INFO]:[09:26:28] Received global ILS stop signal from rank 17.
[INFO]:[09:26:28] Local search phase completed.
[INFO]:[09:26:28] Total number of new local-search evaluations: 9
[INFO]:[09:26:28] Final incumbent objective value: 33.33
[INFO]:[09:26:28] Worker 8 completed exploration phase.
[INFO]:[09:26:28] Worker 8 received order for step 3.
[INFO]:[09:26:28] Worker 8 finished.
