[INFO]:[09:09:22] Worker 13 starting.
[INFO]:[09:09:22] Worker 13 received order for step 1.
[INFO]:[09:09:22] Worker 13 running exploration phase for iteration 1.
[INFO]:[09:09:22] Current MIP start info file not found: /scratch/yorig/mpils-results-grid-seconds-5/medium-1/24proc/seed-1/1_b1c1s1_seed-1_20260503_090919/iterated_local_search/mip_start/current_mip_start_1.txt
[INFO]:[09:09:22] Worker 13 at iteration 1 will not use a MIP start file. Current best MIP-start upper bound threshold is 1.79769e+308.
[INFO]:[09:09:22] Starting local search phase...
[INFO]:[09:09:22] Creating local search space from parameter space file: /scratch/yorig/mpils-results-grid-seconds-5/medium-1/24proc/seed-1/1_b1c1s1_seed-1_20260503_090919/iterated_local_search/search_space/search_space_file_1_worker_13.txt
[INFO]:[09:09:22] Local search space loaded from file: /scratch/yorig/mpils-results-grid-seconds-5/medium-1/24proc/seed-1/1_b1c1s1_seed-1_20260503_090919/iterated_local_search/search_space/search_space_file_1_worker_13.txt
[INFO]:[09:09:22] Number of parameters in local search space: 71
[INFO]:[09:09:22] Number of forbidden tuples in local search space: 0
[INFO]:[09:09:22] Number of conditionals in local search space: 6
[INFO]:[09:09:22] MIP start option not enabled. Local search will proceed without MIP start.
[INFO]:[09:09:22] Evaluating initial configuration for local search phase...
[INFO]:[09:09:22] Starting CPLEX solver on instance: /home/yorig/tuner/mpils-tests/instances/miplib/medium-1/b1c1s1.mps with config: /scratch/yorig/mpils-results-grid-seconds-5/medium-1/24proc/seed-1/1_b1c1s1_seed-1_20260503_090919/iterated_local_search/run_1_worker_13/ils_config_5850072215793602704.prm
[INFO]:[09:09:22] Starting CPLEX solver on instance: /home/yorig/tuner/mpils-tests/instances/miplib/medium-1/b1c1s1.mps with config: /scratch/yorig/mpils-results-grid-seconds-5/medium-1/24proc/seed-1/1_b1c1s1_seed-1_20260503_090919/iterated_local_search/run_1_worker_13/ils_config_5850072215793602704.prm
[INFO]:[09:09:27] CPLEX results. Gap: 42.830000, upper bound: 25630.900000, lower bound: 14653.135860
[INFO]:[09:09:27] Writing MIP start file: /scratch/yorig/mpils-results-grid-seconds-5/medium-1/24proc/seed-1/1_b1c1s1_seed-1_20260503_090919/iterated_local_search/run_1_worker_13/mip_starts/mip_start_eval_1_config_5850072215793602704.mst
[INFO]:[09:09:27] CPLEX solver finished. Gap: 42.830000
[INFO]:[09:09:27] Initial configuration evaluated with objective value: 42.83
[INFO]:[09:09:27] Starting CPLEX solver on instance: /home/yorig/tuner/mpils-tests/instances/miplib/medium-1/b1c1s1.mps with config: /scratch/yorig/mpils-results-grid-seconds-5/medium-1/24proc/seed-1/1_b1c1s1_seed-1_20260503_090919/iterated_local_search/run_1_worker_13/ils_config_11589972596040791738.prm
[INFO]:[09:09:27] Starting CPLEX solver on instance: /home/yorig/tuner/mpils-tests/instances/miplib/medium-1/b1c1s1.mps with config: /scratch/yorig/mpils-results-grid-seconds-5/medium-1/24proc/seed-1/1_b1c1s1_seed-1_20260503_090919/iterated_local_search/run_1_worker_13/ils_config_11589972596040791738.prm
[INFO]:[09:09:32] CPLEX results. Gap: 43.750000, upper bound: 25630.900000, lower bound: 14416.619737
[INFO]:[09:09:32] CPLEX solver finished. Gap: 43.750000
[INFO]:[09:09:32] Starting CPLEX solver on instance: /home/yorig/tuner/mpils-tests/instances/miplib/medium-1/b1c1s1.mps with config: /scratch/yorig/mpils-results-grid-seconds-5/medium-1/24proc/seed-1/1_b1c1s1_seed-1_20260503_090919/iterated_local_search/run_1_worker_13/ils_config_11519745225137149329.prm
[INFO]:[09:09:32] Starting CPLEX solver on instance: /home/yorig/tuner/mpils-tests/instances/miplib/medium-1/b1c1s1.mps with config: /scratch/yorig/mpils-results-grid-seconds-5/medium-1/24proc/seed-1/1_b1c1s1_seed-1_20260503_090919/iterated_local_search/run_1_worker_13/ils_config_11519745225137149329.prm
[INFO]:[09:09:37] CPLEX results. Gap: 43.750000, upper bound: 25630.900000, lower bound: 14416.619737
[INFO]:[09:09:37] CPLEX solver finished. Gap: 43.750000
[INFO]:[09:09:37] Starting CPLEX solver on instance: /home/yorig/tuner/mpils-tests/instances/miplib/medium-1/b1c1s1.mps with config: /scratch/yorig/mpils-results-grid-seconds-5/medium-1/24proc/seed-1/1_b1c1s1_seed-1_20260503_090919/iterated_local_search/run_1_worker_13/ils_config_2154296881432682917.prm
[INFO]:[09:09:37] Starting CPLEX solver on instance: /home/yorig/tuner/mpils-tests/instances/miplib/medium-1/b1c1s1.mps with config: /scratch/yorig/mpils-results-grid-seconds-5/medium-1/24proc/seed-1/1_b1c1s1_seed-1_20260503_090919/iterated_local_search/run_1_worker_13/ils_config_2154296881432682917.prm
[INFO]:[09:09:42] CPLEX results. Gap: 42.830000, upper bound: 25630.900000, lower bound: 14653.135860
[INFO]:[09:09:42] CPLEX solver finished. Gap: 42.830000
[INFO]:[09:09:42] Starting CPLEX solver on instance: /home/yorig/tuner/mpils-tests/instances/miplib/medium-1/b1c1s1.mps with config: /scratch/yorig/mpils-results-grid-seconds-5/medium-1/24proc/seed-1/1_b1c1s1_seed-1_20260503_090919/iterated_local_search/run_1_worker_13/ils_config_838753421387126822.prm
[INFO]:[09:09:42] Starting CPLEX solver on instance: /home/yorig/tuner/mpils-tests/instances/miplib/medium-1/b1c1s1.mps with config: /scratch/yorig/mpils-results-grid-seconds-5/medium-1/24proc/seed-1/1_b1c1s1_seed-1_20260503_090919/iterated_local_search/run_1_worker_13/ils_config_838753421387126822.prm
[INFO]:[09:09:47] CPLEX results. Gap: 23.120000, upper bound: 26199.150000, lower bound: 20142.923674
[INFO]:[09:09:47] CPLEX solver finished. Gap: 23.120000
[INFO]:[09:09:47] New incumbent found with objective value: 23.12
[INFO]:[09:09:47] Starting CPLEX solver on instance: /home/yorig/tuner/mpils-tests/instances/miplib/medium-1/b1c1s1.mps with config: /scratch/yorig/mpils-results-grid-seconds-5/medium-1/24proc/seed-1/1_b1c1s1_seed-1_20260503_090919/iterated_local_search/run_1_worker_13/ils_config_15185495712449162224.prm
[INFO]:[09:09:47] Starting CPLEX solver on instance: /home/yorig/tuner/mpils-tests/instances/miplib/medium-1/b1c1s1.mps with config: /scratch/yorig/mpils-results-grid-seconds-5/medium-1/24proc/seed-1/1_b1c1s1_seed-1_20260503_090919/iterated_local_search/run_1_worker_13/ils_config_15185495712449162224.prm
[INFO]:[09:09:52] CPLEX results. Gap: 24.380000, upper bound: 26791.840000, lower bound: 20258.670774
[INFO]:[09:09:52] CPLEX solver finished. Gap: 24.380000
[INFO]:[09:09:52] Starting CPLEX solver on instance: /home/yorig/tuner/mpils-tests/instances/miplib/medium-1/b1c1s1.mps with config: /scratch/yorig/mpils-results-grid-seconds-5/medium-1/24proc/seed-1/1_b1c1s1_seed-1_20260503_090919/iterated_local_search/run_1_worker_13/ils_config_11131192939172194286.prm
[INFO]:[09:09:52] Starting CPLEX solver on instance: /home/yorig/tuner/mpils-tests/instances/miplib/medium-1/b1c1s1.mps with config: /scratch/yorig/mpils-results-grid-seconds-5/medium-1/24proc/seed-1/1_b1c1s1_seed-1_20260503_090919/iterated_local_search/run_1_worker_13/ils_config_11131192939172194286.prm
[INFO]:[09:09:57] CPLEX results. Gap: 22.100000, upper bound: 25929.350000, lower bound: 20199.321506
[INFO]:[09:09:57] CPLEX solver finished. Gap: 22.100000
[INFO]:[09:09:57] New incumbent found with objective value: 22.1
[INFO]:[09:09:57] Starting CPLEX solver on instance: /home/yorig/tuner/mpils-tests/instances/miplib/medium-1/b1c1s1.mps with config: /scratch/yorig/mpils-results-grid-seconds-5/medium-1/24proc/seed-1/1_b1c1s1_seed-1_20260503_090919/iterated_local_search/run_1_worker_13/ils_config_17961019106466490436.prm
[INFO]:[09:09:57] Starting CPLEX solver on instance: /home/yorig/tuner/mpils-tests/instances/miplib/medium-1/b1c1s1.mps with config: /scratch/yorig/mpils-results-grid-seconds-5/medium-1/24proc/seed-1/1_b1c1s1_seed-1_20260503_090919/iterated_local_search/run_1_worker_13/ils_config_17961019106466490436.prm
[INFO]:[09:10:02] CPLEX results. Gap: 23.010000, upper bound: 26162.950000, lower bound: 20142.923674
[INFO]:[09:10:02] CPLEX solver finished. Gap: 23.010000
[INFO]:[09:10:02] Starting CPLEX solver on instance: /home/yorig/tuner/mpils-tests/instances/miplib/medium-1/b1c1s1.mps with config: /scratch/yorig/mpils-results-grid-seconds-5/medium-1/24proc/seed-1/1_b1c1s1_seed-1_20260503_090919/iterated_local_search/run_1_worker_13/ils_config_4770957198989644075.prm
[INFO]:[09:10:02] Starting CPLEX solver on instance: /home/yorig/tuner/mpils-tests/instances/miplib/medium-1/b1c1s1.mps with config: /scratch/yorig/mpils-results-grid-seconds-5/medium-1/24proc/seed-1/1_b1c1s1_seed-1_20260503_090919/iterated_local_search/run_1_worker_13/ils_config_4770957198989644075.prm
[INFO]:[09:10:07] CPLEX results. Gap: 23.120000, upper bound: 26199.150000, lower bound: 20142.923674
[INFO]:[09:10:07] CPLEX solver finished. Gap: 23.120000
[INFO]:[09:10:07] Starting CPLEX solver on instance: /home/yorig/tuner/mpils-tests/instances/miplib/medium-1/b1c1s1.mps with config: /scratch/yorig/mpils-results-grid-seconds-5/medium-1/24proc/seed-1/1_b1c1s1_seed-1_20260503_090919/iterated_local_search/run_1_worker_13/ils_config_4367706773889569442.prm
[INFO]:[09:10:07] Starting CPLEX solver on instance: /home/yorig/tuner/mpils-tests/instances/miplib/medium-1/b1c1s1.mps with config: /scratch/yorig/mpils-results-grid-seconds-5/medium-1/24proc/seed-1/1_b1c1s1_seed-1_20260503_090919/iterated_local_search/run_1_worker_13/ils_config_4367706773889569442.prm
[INFO]:[09:10:13] CPLEX results. Gap: 21.430000, upper bound: 25764.250000, lower bound: 20242.440981
[INFO]:[09:10:13] CPLEX solver finished. Gap: 21.430000
[INFO]:[09:10:13] New incumbent found with objective value: 21.43
[INFO]:[09:10:13] Starting CPLEX solver on instance: /home/yorig/tuner/mpils-tests/instances/miplib/medium-1/b1c1s1.mps with config: /scratch/yorig/mpils-results-grid-seconds-5/medium-1/24proc/seed-1/1_b1c1s1_seed-1_20260503_090919/iterated_local_search/run_1_worker_13/ils_config_2546250544873600931.prm
[INFO]:[09:10:13] Starting CPLEX solver on instance: /home/yorig/tuner/mpils-tests/instances/miplib/medium-1/b1c1s1.mps with config: /scratch/yorig/mpils-results-grid-seconds-5/medium-1/24proc/seed-1/1_b1c1s1_seed-1_20260503_090919/iterated_local_search/run_1_worker_13/ils_config_2546250544873600931.prm
[INFO]:[09:10:18] CPLEX results. Gap: 21.430000, upper bound: 25764.250000, lower bound: 20242.440981
[INFO]:[09:10:18] CPLEX solver finished. Gap: 21.430000
[INFO]:[09:10:18] Starting CPLEX solver on instance: /home/yorig/tuner/mpils-tests/instances/miplib/medium-1/b1c1s1.mps with config: /scratch/yorig/mpils-results-grid-seconds-5/medium-1/24proc/seed-1/1_b1c1s1_seed-1_20260503_090919/iterated_local_search/run_1_worker_13/ils_config_17711887076285934543.prm
[INFO]:[09:10:18] Starting CPLEX solver on instance: /home/yorig/tuner/mpils-tests/instances/miplib/medium-1/b1c1s1.mps with config: /scratch/yorig/mpils-results-grid-seconds-5/medium-1/24proc/seed-1/1_b1c1s1_seed-1_20260503_090919/iterated_local_search/run_1_worker_13/ils_config_17711887076285934543.prm
[INFO]:[09:10:23] CPLEX results. Gap: 21.430000, upper bound: 25764.250000, lower bound: 20242.440981
[INFO]:[09:10:23] CPLEX solver finished. Gap: 21.430000
[INFO]:[09:10:23] Starting CPLEX solver on instance: /home/yorig/tuner/mpils-tests/instances/miplib/medium-1/b1c1s1.mps with config: /scratch/yorig/mpils-results-grid-seconds-5/medium-1/24proc/seed-1/1_b1c1s1_seed-1_20260503_090919/iterated_local_search/run_1_worker_13/ils_config_3948081296163844465.prm
[INFO]:[09:10:23] Starting CPLEX solver on instance: /home/yorig/tuner/mpils-tests/instances/miplib/medium-1/b1c1s1.mps with config: /scratch/yorig/mpils-results-grid-seconds-5/medium-1/24proc/seed-1/1_b1c1s1_seed-1_20260503_090919/iterated_local_search/run_1_worker_13/ils_config_3948081296163844465.prm
[INFO]:[09:10:28] CPLEX results. Gap: 24.580000, upper bound: 26740.980000, lower bound: 20169.207893
[INFO]:[09:10:28] CPLEX solver finished. Gap: 24.580000
[INFO]:[09:10:28] Starting CPLEX solver on instance: /home/yorig/tuner/mpils-tests/instances/miplib/medium-1/b1c1s1.mps with config: /scratch/yorig/mpils-results-grid-seconds-5/medium-1/24proc/seed-1/1_b1c1s1_seed-1_20260503_090919/iterated_local_search/run_1_worker_13/ils_config_12723766852893286084.prm
[INFO]:[09:10:28] Starting CPLEX solver on instance: /home/yorig/tuner/mpils-tests/instances/miplib/medium-1/b1c1s1.mps with config: /scratch/yorig/mpils-results-grid-seconds-5/medium-1/24proc/seed-1/1_b1c1s1_seed-1_20260503_090919/iterated_local_search/run_1_worker_13/ils_config_12723766852893286084.prm
[INFO]:[09:10:33] CPLEX results. Gap: 21.430000, upper bound: 25764.250000, lower bound: 20242.440981
[INFO]:[09:10:33] CPLEX solver finished. Gap: 21.430000
[INFO]:[09:10:33] Starting CPLEX solver on instance: /home/yorig/tuner/mpils-tests/instances/miplib/medium-1/b1c1s1.mps with config: /scratch/yorig/mpils-results-grid-seconds-5/medium-1/24proc/seed-1/1_b1c1s1_seed-1_20260503_090919/iterated_local_search/run_1_worker_13/ils_config_888914711357710371.prm
[INFO]:[09:10:33] Starting CPLEX solver on instance: /home/yorig/tuner/mpils-tests/instances/miplib/medium-1/b1c1s1.mps with config: /scratch/yorig/mpils-results-grid-seconds-5/medium-1/24proc/seed-1/1_b1c1s1_seed-1_20260503_090919/iterated_local_search/run_1_worker_13/ils_config_888914711357710371.prm
[INFO]:[09:10:38] CPLEX results. Gap: 22.570000, upper bound: 26085.370000, lower bound: 20198.518040
[INFO]:[09:10:38] CPLEX solver finished. Gap: 22.570000
[INFO]:[09:10:38] Starting CPLEX solver on instance: /home/yorig/tuner/mpils-tests/instances/miplib/medium-1/b1c1s1.mps with config: /scratch/yorig/mpils-results-grid-seconds-5/medium-1/24proc/seed-1/1_b1c1s1_seed-1_20260503_090919/iterated_local_search/run_1_worker_13/ils_config_16675841955393889693.prm
[INFO]:[09:10:38] Starting CPLEX solver on instance: /home/yorig/tuner/mpils-tests/instances/miplib/medium-1/b1c1s1.mps with config: /scratch/yorig/mpils-results-grid-seconds-5/medium-1/24proc/seed-1/1_b1c1s1_seed-1_20260503_090919/iterated_local_search/run_1_worker_13/ils_config_16675841955393889693.prm
[INFO]:[09:10:43] CPLEX results. Gap: 23.340000, upper bound: 25763.150000, lower bound: 19748.814279
[INFO]:[09:10:43] CPLEX solver finished. Gap: 23.340000
[INFO]:[09:10:43] Starting CPLEX solver on instance: /home/yorig/tuner/mpils-tests/instances/miplib/medium-1/b1c1s1.mps with config: /scratch/yorig/mpils-results-grid-seconds-5/medium-1/24proc/seed-1/1_b1c1s1_seed-1_20260503_090919/iterated_local_search/run_1_worker_13/ils_config_17394463722672181748.prm
[INFO]:[09:10:43] Starting CPLEX solver on instance: /home/yorig/tuner/mpils-tests/instances/miplib/medium-1/b1c1s1.mps with config: /scratch/yorig/mpils-results-grid-seconds-5/medium-1/24proc/seed-1/1_b1c1s1_seed-1_20260503_090919/iterated_local_search/run_1_worker_13/ils_config_17394463722672181748.prm
[INFO]:[09:10:48] CPLEX results. Gap: 21.870000, upper bound: 25908.930000, lower bound: 20242.440981
[INFO]:[09:10:48] CPLEX solver finished. Gap: 21.870000
[INFO]:[09:10:48] Starting CPLEX solver on instance: /home/yorig/tuner/mpils-tests/instances/miplib/medium-1/b1c1s1.mps with config: /scratch/yorig/mpils-results-grid-seconds-5/medium-1/24proc/seed-1/1_b1c1s1_seed-1_20260503_090919/iterated_local_search/run_1_worker_13/ils_config_11418937169084159195.prm
[INFO]:[09:10:48] Starting CPLEX solver on instance: /home/yorig/tuner/mpils-tests/instances/miplib/medium-1/b1c1s1.mps with config: /scratch/yorig/mpils-results-grid-seconds-5/medium-1/24proc/seed-1/1_b1c1s1_seed-1_20260503_090919/iterated_local_search/run_1_worker_13/ils_config_11418937169084159195.prm
[INFO]:[09:10:53] CPLEX results. Gap: 33.000000, upper bound: 25285.490000, lower bound: 16940.258713
[INFO]:[09:10:53] Writing MIP start file: /scratch/yorig/mpils-results-grid-seconds-5/medium-1/24proc/seed-1/1_b1c1s1_seed-1_20260503_090919/iterated_local_search/run_1_worker_13/mip_starts/mip_start_eval_18_config_11418937169084159195.mst
[INFO]:[09:10:53] CPLEX solver finished. Gap: 33.000000
[INFO]:[09:10:53] Starting CPLEX solver on instance: /home/yorig/tuner/mpils-tests/instances/miplib/medium-1/b1c1s1.mps with config: /scratch/yorig/mpils-results-grid-seconds-5/medium-1/24proc/seed-1/1_b1c1s1_seed-1_20260503_090919/iterated_local_search/run_1_worker_13/ils_config_9019373341485022080.prm
[INFO]:[09:10:53] Starting CPLEX solver on instance: /home/yorig/tuner/mpils-tests/instances/miplib/medium-1/b1c1s1.mps with config: /scratch/yorig/mpils-results-grid-seconds-5/medium-1/24proc/seed-1/1_b1c1s1_seed-1_20260503_090919/iterated_local_search/run_1_worker_13/ils_config_9019373341485022080.prm
[INFO]:[09:10:58] CPLEX results. Gap: 40.220000, upper bound: 27456.560000, lower bound: 16412.262897
[INFO]:[09:10:58] CPLEX solver finished. Gap: 40.220000
[INFO]:[09:10:58] Starting CPLEX solver on instance: /home/yorig/tuner/mpils-tests/instances/miplib/medium-1/b1c1s1.mps with config: /scratch/yorig/mpils-results-grid-seconds-5/medium-1/24proc/seed-1/1_b1c1s1_seed-1_20260503_090919/iterated_local_search/run_1_worker_13/ils_config_3053746486222466655.prm
[INFO]:[09:10:58] Starting CPLEX solver on instance: /home/yorig/tuner/mpils-tests/instances/miplib/medium-1/b1c1s1.mps with config: /scratch/yorig/mpils-results-grid-seconds-5/medium-1/24proc/seed-1/1_b1c1s1_seed-1_20260503_090919/iterated_local_search/run_1_worker_13/ils_config_3053746486222466655.prm
[INFO]:[09:11:03] CPLEX results. Gap: 21.690000, upper bound: 25850.130000, lower bound: 20242.440981
[INFO]:[09:11:03] CPLEX solver finished. Gap: 21.690000
[INFO]:[09:11:03] Local search phase completed.
[INFO]:[09:11:03] Total number of new local-search evaluations: 20
[INFO]:[09:11:03] Final incumbent objective value: 21.43
[INFO]:[09:11:03] Worker 13 completed exploration phase.
[INFO]:[09:11:03] Worker 13 received order for step 2.
[INFO]:[09:11:03] Worker 13 running expansion phase for iteration 1.
[INFO]:[09:11:03] Worker 13 will use solver log file: /scratch/yorig/mpils-results-grid-seconds-5/medium-1/24proc/seed-1/1_b1c1s1_seed-1_20260503_090919/solver/cplex.log_iteration_expansion_1_worker_13
[INFO]:[09:11:03] Expansion Worker 13 starting expansion for iteration 1.
[INFO]:[09:11:03] Starting CPLEX solver on instance: /home/yorig/tuner/mpils-tests/instances/miplib/medium-1/b1c1s1.mps with config: /scratch/yorig/mpils-results-grid-seconds-5/medium-1/24proc/seed-1/1_b1c1s1_seed-1_20260503_090919/expansion/config_param_CPXPARAM_MIP_Strategy_RINSHeur_20_iter_1.prm
[INFO]:[09:11:08] CPLEX results. Gap: 17.810000, upper bound: 25022.240000, lower bound: 20565.127324
[INFO]:[09:11:08] CPLEX solver finished. Gap: 17.810000
[INFO]:[09:11:08] Expansion Worker 13 found an improving configuration with objective value 17.81.
[INFO]:[09:11:08] Expansion Worker 13 stopping early after global MPI expansion stop was activated.
[INFO]:[09:11:08] Expansion Worker 13 completed expansion.
[INFO]:[09:11:08] Worker 13 completed expansion phase.
[INFO]:[09:11:08] Worker 13 received order for step 1.
[INFO]:[09:11:08] Worker 13 running exploration phase for iteration 2.
[INFO]:[09:11:08] Worker 13 at iteration 2 will not use a MIP start file. Current best MIP-start upper bound threshold is 24586.
[INFO]:[09:11:08] Starting local search phase...
[INFO]:[09:11:08] Creating local search space from parameter space file: /scratch/yorig/mpils-results-grid-seconds-5/medium-1/24proc/seed-1/1_b1c1s1_seed-1_20260503_090919/iterated_local_search/search_space/search_space_file_2_worker_13.txt
[INFO]:[09:11:08] Local search space loaded from file: /scratch/yorig/mpils-results-grid-seconds-5/medium-1/24proc/seed-1/1_b1c1s1_seed-1_20260503_090919/iterated_local_search/search_space/search_space_file_2_worker_13.txt
[INFO]:[09:11:08] Number of parameters in local search space: 71
[INFO]:[09:11:08] Number of forbidden tuples in local search space: 25
[INFO]:[09:11:08] Number of conditionals in local search space: 6
[INFO]:[09:11:08] MIP start option not enabled. Local search will proceed without MIP start.
[INFO]:[09:11:08] Evaluating initial configuration for local search phase...
[INFO]:[09:11:08] Starting CPLEX solver on instance: /home/yorig/tuner/mpils-tests/instances/miplib/medium-1/b1c1s1.mps with config: /scratch/yorig/mpils-results-grid-seconds-5/medium-1/24proc/seed-1/1_b1c1s1_seed-1_20260503_090919/iterated_local_search/run_2_worker_13/ils_config_3590638119047314504.prm
[INFO]:[09:11:08] Starting CPLEX solver on instance: /home/yorig/tuner/mpils-tests/instances/miplib/medium-1/b1c1s1.mps with config: /scratch/yorig/mpils-results-grid-seconds-5/medium-1/24proc/seed-1/1_b1c1s1_seed-1_20260503_090919/iterated_local_search/run_2_worker_13/ils_config_3590638119047314504.prm
[INFO]:[09:11:13] CPLEX results. Gap: 29.600000, upper bound: 28888.960000, lower bound: 20338.954160
[INFO]:[09:11:13] CPLEX solver finished. Gap: 29.600000
[INFO]:[09:11:13] Initial configuration evaluated with objective value: 29.6
[INFO]:[09:11:13] Starting CPLEX solver on instance: /home/yorig/tuner/mpils-tests/instances/miplib/medium-1/b1c1s1.mps with config: /scratch/yorig/mpils-results-grid-seconds-5/medium-1/24proc/seed-1/1_b1c1s1_seed-1_20260503_090919/iterated_local_search/run_2_worker_13/ils_config_6972215614645664224.prm
[INFO]:[09:11:13] Starting CPLEX solver on instance: /home/yorig/tuner/mpils-tests/instances/miplib/medium-1/b1c1s1.mps with config: /scratch/yorig/mpils-results-grid-seconds-5/medium-1/24proc/seed-1/1_b1c1s1_seed-1_20260503_090919/iterated_local_search/run_2_worker_13/ils_config_6972215614645664224.prm
[INFO]:[09:11:18] CPLEX results. Gap: 19.390000, upper bound: 25141.110000, lower bound: 20266.650846
[INFO]:[09:11:18] CPLEX solver finished. Gap: 19.390000
[INFO]:[09:11:18] New incumbent found with objective value: 19.39
[INFO]:[09:11:18] Starting CPLEX solver on instance: /home/yorig/tuner/mpils-tests/instances/miplib/medium-1/b1c1s1.mps with config: /scratch/yorig/mpils-results-grid-seconds-5/medium-1/24proc/seed-1/1_b1c1s1_seed-1_20260503_090919/iterated_local_search/run_2_worker_13/ils_config_2083323900270105955.prm
[INFO]:[09:11:18] Starting CPLEX solver on instance: /home/yorig/tuner/mpils-tests/instances/miplib/medium-1/b1c1s1.mps with config: /scratch/yorig/mpils-results-grid-seconds-5/medium-1/24proc/seed-1/1_b1c1s1_seed-1_20260503_090919/iterated_local_search/run_2_worker_13/ils_config_2083323900270105955.prm
[INFO]:[09:11:23] CPLEX results. Gap: 22.670000, upper bound: 25627.210000, lower bound: 19817.346573
[INFO]:[09:11:23] CPLEX solver finished. Gap: 22.670000
[INFO]:[09:11:23] Starting CPLEX solver on instance: /home/yorig/tuner/mpils-tests/instances/miplib/medium-1/b1c1s1.mps with config: /scratch/yorig/mpils-results-grid-seconds-5/medium-1/24proc/seed-1/1_b1c1s1_seed-1_20260503_090919/iterated_local_search/run_2_worker_13/ils_config_7734234263626148756.prm
[INFO]:[09:11:23] Starting CPLEX solver on instance: /home/yorig/tuner/mpils-tests/instances/miplib/medium-1/b1c1s1.mps with config: /scratch/yorig/mpils-results-grid-seconds-5/medium-1/24proc/seed-1/1_b1c1s1_seed-1_20260503_090919/iterated_local_search/run_2_worker_13/ils_config_7734234263626148756.prm
[INFO]:[09:11:28] CPLEX results. Gap: 19.390000, upper bound: 25141.110000, lower bound: 20266.650846
[INFO]:[09:11:28] CPLEX solver finished. Gap: 19.390000
[INFO]:[09:11:28] Starting CPLEX solver on instance: /home/yorig/tuner/mpils-tests/instances/miplib/medium-1/b1c1s1.mps with config: /scratch/yorig/mpils-results-grid-seconds-5/medium-1/24proc/seed-1/1_b1c1s1_seed-1_20260503_090919/iterated_local_search/run_2_worker_13/ils_config_10420204432036367610.prm
[INFO]:[09:11:28] Starting CPLEX solver on instance: /home/yorig/tuner/mpils-tests/instances/miplib/medium-1/b1c1s1.mps with config: /scratch/yorig/mpils-results-grid-seconds-5/medium-1/24proc/seed-1/1_b1c1s1_seed-1_20260503_090919/iterated_local_search/run_2_worker_13/ils_config_10420204432036367610.prm
[INFO]:[09:11:33] CPLEX results. Gap: 29.600000, upper bound: 28888.960000, lower bound: 20338.954160
[INFO]:[09:11:33] CPLEX solver finished. Gap: 29.600000
[INFO]:[09:11:33] Starting CPLEX solver on instance: /home/yorig/tuner/mpils-tests/instances/miplib/medium-1/b1c1s1.mps with config: /scratch/yorig/mpils-results-grid-seconds-5/medium-1/24proc/seed-1/1_b1c1s1_seed-1_20260503_090919/iterated_local_search/run_2_worker_13/ils_config_3980319724688587041.prm
[INFO]:[09:11:33] Starting CPLEX solver on instance: /home/yorig/tuner/mpils-tests/instances/miplib/medium-1/b1c1s1.mps with config: /scratch/yorig/mpils-results-grid-seconds-5/medium-1/24proc/seed-1/1_b1c1s1_seed-1_20260503_090919/iterated_local_search/run_2_worker_13/ils_config_3980319724688587041.prm
[INFO]:[09:11:38] CPLEX results. Gap: 19.390000, upper bound: 25141.110000, lower bound: 20266.650846
[INFO]:[09:11:38] CPLEX solver finished. Gap: 19.390000
[INFO]:[09:11:38] Local search phase completed.
[INFO]:[09:11:38] Total number of new local-search evaluations: 6
[INFO]:[09:11:38] Final incumbent objective value: 19.39
[INFO]:[09:11:38] Worker 13 completed exploration phase.
[INFO]:[09:11:39] Worker 13 received order for step 2.
[INFO]:[09:11:39] Worker 13 running expansion phase for iteration 2.
[INFO]:[09:11:39] Worker 13 will use solver log file: /scratch/yorig/mpils-results-grid-seconds-5/medium-1/24proc/seed-1/1_b1c1s1_seed-1_20260503_090919/solver/cplex.log_iteration_expansion_2_worker_13
[INFO]:[09:11:39] Expansion Worker 13 starting expansion for iteration 2.
[INFO]:[09:11:39] Starting CPLEX solver on instance: /home/yorig/tuner/mpils-tests/instances/miplib/medium-1/b1c1s1.mps with config: /scratch/yorig/mpils-results-grid-seconds-5/medium-1/24proc/seed-1/1_b1c1s1_seed-1_20260503_090919/expansion/config_param_CPXPARAM_MIP_Strategy_StartAlgorithm_6_iter_2.prm
[INFO]:[09:11:44] CPLEX results. Gap: 17.810000, upper bound: 25022.240000, lower bound: 20565.127324
[INFO]:[09:11:44] CPLEX solver finished. Gap: 17.810000
[INFO]:[09:11:49] Expansion Worker 13 completed expansion.
[INFO]:[09:11:49] Worker 13 completed expansion phase.
[INFO]:[09:11:49] Worker 13 received order for step 1.
[INFO]:[09:11:49] Worker 13 running exploration phase for iteration 3.
[INFO]:[09:11:49] Worker 13 at iteration 3 will not use a MIP start file. Current best MIP-start upper bound threshold is 24586.
[INFO]:[09:11:49] Starting local search phase...
[INFO]:[09:11:49] Creating local search space from parameter space file: /scratch/yorig/mpils-results-grid-seconds-5/medium-1/24proc/seed-1/1_b1c1s1_seed-1_20260503_090919/iterated_local_search/search_space/search_space_file_3_worker_13.txt
[INFO]:[09:11:49] Local search space loaded from file: /scratch/yorig/mpils-results-grid-seconds-5/medium-1/24proc/seed-1/1_b1c1s1_seed-1_20260503_090919/iterated_local_search/search_space/search_space_file_3_worker_13.txt
[INFO]:[09:11:49] Number of parameters in local search space: 71
[INFO]:[09:11:49] Number of forbidden tuples in local search space: 27
[INFO]:[09:11:49] Number of conditionals in local search space: 6
[INFO]:[09:11:49] MIP start option not enabled. Local search will proceed without MIP start.
[INFO]:[09:11:49] Evaluating initial configuration for local search phase...
[INFO]:[09:11:49] Starting CPLEX solver on instance: /home/yorig/tuner/mpils-tests/instances/miplib/medium-1/b1c1s1.mps with config: /scratch/yorig/mpils-results-grid-seconds-5/medium-1/24proc/seed-1/1_b1c1s1_seed-1_20260503_090919/iterated_local_search/run_3_worker_13/ils_config_9661193857622547499.prm
[INFO]:[09:11:49] Starting CPLEX solver on instance: /home/yorig/tuner/mpils-tests/instances/miplib/medium-1/b1c1s1.mps with config: /scratch/yorig/mpils-results-grid-seconds-5/medium-1/24proc/seed-1/1_b1c1s1_seed-1_20260503_090919/iterated_local_search/run_3_worker_13/ils_config_9661193857622547499.prm
[INFO]:[09:11:54] CPLEX results. Gap: 46.990000, upper bound: 27639.980000, lower bound: 14652.383346
[INFO]:[09:11:54] CPLEX solver finished. Gap: 46.990000
[INFO]:[09:11:54] Initial configuration evaluated with objective value: 46.99
[INFO]:[09:11:54] Starting CPLEX solver on instance: /home/yorig/tuner/mpils-tests/instances/miplib/medium-1/b1c1s1.mps with config: /scratch/yorig/mpils-results-grid-seconds-5/medium-1/24proc/seed-1/1_b1c1s1_seed-1_20260503_090919/iterated_local_search/run_3_worker_13/ils_config_9796486508185029088.prm
[INFO]:[09:11:54] Starting CPLEX solver on instance: /home/yorig/tuner/mpils-tests/instances/miplib/medium-1/b1c1s1.mps with config: /scratch/yorig/mpils-results-grid-seconds-5/medium-1/24proc/seed-1/1_b1c1s1_seed-1_20260503_090919/iterated_local_search/run_3_worker_13/ils_config_9796486508185029088.prm
[INFO]:[09:11:59] CPLEX results. Gap: 46.990000, upper bound: 27639.980000, lower bound: 14652.383346
[INFO]:[09:11:59] CPLEX solver finished. Gap: 46.990000
[INFO]:[09:11:59] Starting CPLEX solver on instance: /home/yorig/tuner/mpils-tests/instances/miplib/medium-1/b1c1s1.mps with config: /scratch/yorig/mpils-results-grid-seconds-5/medium-1/24proc/seed-1/1_b1c1s1_seed-1_20260503_090919/iterated_local_search/run_3_worker_13/ils_config_14616803078359584856.prm
[INFO]:[09:11:59] Starting CPLEX solver on instance: /home/yorig/tuner/mpils-tests/instances/miplib/medium-1/b1c1s1.mps with config: /scratch/yorig/mpils-results-grid-seconds-5/medium-1/24proc/seed-1/1_b1c1s1_seed-1_20260503_090919/iterated_local_search/run_3_worker_13/ils_config_14616803078359584856.prm
[INFO]:[09:12:04] CPLEX results. Gap: 42.810000, upper bound: 25630.900000, lower bound: 14657.398702
[INFO]:[09:12:04] CPLEX solver finished. Gap: 42.810000
[INFO]:[09:12:04] New incumbent found with objective value: 42.81
[INFO]:[09:12:04] Starting CPLEX solver on instance: /home/yorig/tuner/mpils-tests/instances/miplib/medium-1/b1c1s1.mps with config: /scratch/yorig/mpils-results-grid-seconds-5/medium-1/24proc/seed-1/1_b1c1s1_seed-1_20260503_090919/iterated_local_search/run_3_worker_13/ils_config_12513128092069633616.prm
[INFO]:[09:12:04] Starting CPLEX solver on instance: /home/yorig/tuner/mpils-tests/instances/miplib/medium-1/b1c1s1.mps with config: /scratch/yorig/mpils-results-grid-seconds-5/medium-1/24proc/seed-1/1_b1c1s1_seed-1_20260503_090919/iterated_local_search/run_3_worker_13/ils_config_12513128092069633616.prm
[INFO]:[09:12:09] CPLEX results. Gap: 42.810000, upper bound: 25630.900000, lower bound: 14657.398702
[INFO]:[09:12:09] CPLEX solver finished. Gap: 42.810000
[INFO]:[09:12:09] Starting CPLEX solver on instance: /home/yorig/tuner/mpils-tests/instances/miplib/medium-1/b1c1s1.mps with config: /scratch/yorig/mpils-results-grid-seconds-5/medium-1/24proc/seed-1/1_b1c1s1_seed-1_20260503_090919/iterated_local_search/run_3_worker_13/ils_config_11585554761874252181.prm
[INFO]:[09:12:09] Starting CPLEX solver on instance: /home/yorig/tuner/mpils-tests/instances/miplib/medium-1/b1c1s1.mps with config: /scratch/yorig/mpils-results-grid-seconds-5/medium-1/24proc/seed-1/1_b1c1s1_seed-1_20260503_090919/iterated_local_search/run_3_worker_13/ils_config_11585554761874252181.prm
[INFO]:[09:12:14] CPLEX results. Gap: 42.810000, upper bound: 25630.900000, lower bound: 14657.398702
[INFO]:[09:12:14] CPLEX solver finished. Gap: 42.810000
[INFO]:[09:12:14] Local search phase completed.
[INFO]:[09:12:14] Total number of new local-search evaluations: 5
[INFO]:[09:12:14] Final incumbent objective value: 42.81
[INFO]:[09:12:14] Worker 13 completed exploration phase.
[INFO]:[09:12:14] Worker 13 received order for step 2.
[INFO]:[09:12:14] Worker 13 running expansion phase for iteration 3.
[INFO]:[09:12:14] Worker 13 will use solver log file: /scratch/yorig/mpils-results-grid-seconds-5/medium-1/24proc/seed-1/1_b1c1s1_seed-1_20260503_090919/solver/cplex.log_iteration_expansion_3_worker_13
[INFO]:[09:12:14] Expansion Worker 13 starting expansion for iteration 3.
[INFO]:[09:12:14] Starting CPLEX solver on instance: /home/yorig/tuner/mpils-tests/instances/miplib/medium-1/b1c1s1.mps with config: /scratch/yorig/mpils-results-grid-seconds-5/medium-1/24proc/seed-1/1_b1c1s1_seed-1_20260503_090919/expansion/config_param_CPXPARAM_Barrier_StartAlg_2_iter_3.prm
[INFO]:[09:12:19] CPLEX results. Gap: 17.810000, upper bound: 25022.240000, lower bound: 20565.127324
[INFO]:[09:12:19] CPLEX solver finished. Gap: 17.810000
[INFO]:[09:12:24] Expansion Worker 13 stopping early after global MPI expansion stop was activated.
[INFO]:[09:12:24] Expansion Worker 13 completed expansion.
[INFO]:[09:12:24] Worker 13 completed expansion phase.
[INFO]:[09:12:24] Worker 13 received order for step 1.
[INFO]:[09:12:24] Worker 13 running exploration phase for iteration 4.
[INFO]:[09:12:24] Worker 13 at iteration 4 will not use a MIP start file. Current best MIP-start upper bound threshold is 24586.
[INFO]:[09:12:24] Starting local search phase...
[INFO]:[09:12:24] Creating local search space from parameter space file: /scratch/yorig/mpils-results-grid-seconds-5/medium-1/24proc/seed-1/1_b1c1s1_seed-1_20260503_090919/iterated_local_search/search_space/search_space_file_4_worker_13.txt
[INFO]:[09:12:24] Local search space loaded from file: /scratch/yorig/mpils-results-grid-seconds-5/medium-1/24proc/seed-1/1_b1c1s1_seed-1_20260503_090919/iterated_local_search/search_space/search_space_file_4_worker_13.txt
[INFO]:[09:12:24] Number of parameters in local search space: 71
[INFO]:[09:12:24] Number of forbidden tuples in local search space: 27
[INFO]:[09:12:24] Number of conditionals in local search space: 6
[INFO]:[09:12:24] MIP start option not enabled. Local search will proceed without MIP start.
[INFO]:[09:12:24] Evaluating initial configuration for local search phase...
[INFO]:[09:12:24] Starting CPLEX solver on instance: /home/yorig/tuner/mpils-tests/instances/miplib/medium-1/b1c1s1.mps with config: /scratch/yorig/mpils-results-grid-seconds-5/medium-1/24proc/seed-1/1_b1c1s1_seed-1_20260503_090919/iterated_local_search/run_4_worker_13/ils_config_12314365665421370801.prm
[INFO]:[09:12:24] Starting CPLEX solver on instance: /home/yorig/tuner/mpils-tests/instances/miplib/medium-1/b1c1s1.mps with config: /scratch/yorig/mpils-results-grid-seconds-5/medium-1/24proc/seed-1/1_b1c1s1_seed-1_20260503_090919/iterated_local_search/run_4_worker_13/ils_config_12314365665421370801.prm
[INFO]:[09:12:29] CPLEX results. Gap: 55.130000, upper bound: 33896.980000, lower bound: 15210.849030
[INFO]:[09:12:29] CPLEX solver finished. Gap: 55.130000
[INFO]:[09:12:29] Initial configuration evaluated with objective value: 55.13
[INFO]:[09:12:29] Starting CPLEX solver on instance: /home/yorig/tuner/mpils-tests/instances/miplib/medium-1/b1c1s1.mps with config: /scratch/yorig/mpils-results-grid-seconds-5/medium-1/24proc/seed-1/1_b1c1s1_seed-1_20260503_090919/iterated_local_search/run_4_worker_13/ils_config_16661090683074025068.prm
[INFO]:[09:12:29] Starting CPLEX solver on instance: /home/yorig/tuner/mpils-tests/instances/miplib/medium-1/b1c1s1.mps with config: /scratch/yorig/mpils-results-grid-seconds-5/medium-1/24proc/seed-1/1_b1c1s1_seed-1_20260503_090919/iterated_local_search/run_4_worker_13/ils_config_16661090683074025068.prm
[INFO]:[09:12:34] CPLEX results. Gap: 52.870000, upper bound: 31594.530000, lower bound: 14891.661899
[INFO]:[09:12:34] CPLEX solver finished. Gap: 52.870000
[INFO]:[09:12:34] New incumbent found with objective value: 52.87
[INFO]:[09:12:35] Starting CPLEX solver on instance: /home/yorig/tuner/mpils-tests/instances/miplib/medium-1/b1c1s1.mps with config: /scratch/yorig/mpils-results-grid-seconds-5/medium-1/24proc/seed-1/1_b1c1s1_seed-1_20260503_090919/iterated_local_search/run_4_worker_13/ils_config_12600218275351674915.prm
[INFO]:[09:12:35] Starting CPLEX solver on instance: /home/yorig/tuner/mpils-tests/instances/miplib/medium-1/b1c1s1.mps with config: /scratch/yorig/mpils-results-grid-seconds-5/medium-1/24proc/seed-1/1_b1c1s1_seed-1_20260503_090919/iterated_local_search/run_4_worker_13/ils_config_12600218275351674915.prm
[INFO]:[09:12:40] CPLEX results. Gap: 52.870000, upper bound: 31594.530000, lower bound: 14891.661899
[INFO]:[09:12:40] CPLEX solver finished. Gap: 52.870000
[INFO]:[09:12:40] Starting CPLEX solver on instance: /home/yorig/tuner/mpils-tests/instances/miplib/medium-1/b1c1s1.mps with config: /scratch/yorig/mpils-results-grid-seconds-5/medium-1/24proc/seed-1/1_b1c1s1_seed-1_20260503_090919/iterated_local_search/run_4_worker_13/ils_config_15078707532212485640.prm
[INFO]:[09:12:40] Starting CPLEX solver on instance: /home/yorig/tuner/mpils-tests/instances/miplib/medium-1/b1c1s1.mps with config: /scratch/yorig/mpils-results-grid-seconds-5/medium-1/24proc/seed-1/1_b1c1s1_seed-1_20260503_090919/iterated_local_search/run_4_worker_13/ils_config_15078707532212485640.prm
[INFO]:[09:12:45] CPLEX results. Gap: 52.870000, upper bound: 31594.530000, lower bound: 14891.661899
[INFO]:[09:12:45] CPLEX solver finished. Gap: 52.870000
[INFO]:[09:12:45] Starting CPLEX solver on instance: /home/yorig/tuner/mpils-tests/instances/miplib/medium-1/b1c1s1.mps with config: /scratch/yorig/mpils-results-grid-seconds-5/medium-1/24proc/seed-1/1_b1c1s1_seed-1_20260503_090919/iterated_local_search/run_4_worker_13/ils_config_5152467982065020542.prm
[INFO]:[09:12:45] Starting CPLEX solver on instance: /home/yorig/tuner/mpils-tests/instances/miplib/medium-1/b1c1s1.mps with config: /scratch/yorig/mpils-results-grid-seconds-5/medium-1/24proc/seed-1/1_b1c1s1_seed-1_20260503_090919/iterated_local_search/run_4_worker_13/ils_config_5152467982065020542.prm
[INFO]:[09:12:50] CPLEX results. Gap: 52.870000, upper bound: 31594.530000, lower bound: 14891.661899
[INFO]:[09:12:50] CPLEX solver finished. Gap: 52.870000
[INFO]:[09:12:50] Starting CPLEX solver on instance: /home/yorig/tuner/mpils-tests/instances/miplib/medium-1/b1c1s1.mps with config: /scratch/yorig/mpils-results-grid-seconds-5/medium-1/24proc/seed-1/1_b1c1s1_seed-1_20260503_090919/iterated_local_search/run_4_worker_13/ils_config_18321974034868476933.prm
[INFO]:[09:12:50] Starting CPLEX solver on instance: /home/yorig/tuner/mpils-tests/instances/miplib/medium-1/b1c1s1.mps with config: /scratch/yorig/mpils-results-grid-seconds-5/medium-1/24proc/seed-1/1_b1c1s1_seed-1_20260503_090919/iterated_local_search/run_4_worker_13/ils_config_18321974034868476933.prm
[INFO]:[09:12:55] CPLEX results. Gap: 52.870000, upper bound: 31594.530000, lower bound: 14891.661899
[INFO]:[09:12:55] CPLEX solver finished. Gap: 52.870000
[INFO]:[09:12:55] Starting CPLEX solver on instance: /home/yorig/tuner/mpils-tests/instances/miplib/medium-1/b1c1s1.mps with config: /scratch/yorig/mpils-results-grid-seconds-5/medium-1/24proc/seed-1/1_b1c1s1_seed-1_20260503_090919/iterated_local_search/run_4_worker_13/ils_config_1873314013666286525.prm
[INFO]:[09:12:55] Starting CPLEX solver on instance: /home/yorig/tuner/mpils-tests/instances/miplib/medium-1/b1c1s1.mps with config: /scratch/yorig/mpils-results-grid-seconds-5/medium-1/24proc/seed-1/1_b1c1s1_seed-1_20260503_090919/iterated_local_search/run_4_worker_13/ils_config_1873314013666286525.prm
[INFO]:[09:13:00] CPLEX results. Gap: 43.290000, upper bound: 28153.160000, lower bound: 15964.289891
[INFO]:[09:13:00] CPLEX solver finished. Gap: 43.290000
[INFO]:[09:13:00] New incumbent found with objective value: 43.29
[INFO]:[09:13:00] Starting CPLEX solver on instance: /home/yorig/tuner/mpils-tests/instances/miplib/medium-1/b1c1s1.mps with config: /scratch/yorig/mpils-results-grid-seconds-5/medium-1/24proc/seed-1/1_b1c1s1_seed-1_20260503_090919/iterated_local_search/run_4_worker_13/ils_config_15105398661392231963.prm
[INFO]:[09:13:00] Starting CPLEX solver on instance: /home/yorig/tuner/mpils-tests/instances/miplib/medium-1/b1c1s1.mps with config: /scratch/yorig/mpils-results-grid-seconds-5/medium-1/24proc/seed-1/1_b1c1s1_seed-1_20260503_090919/iterated_local_search/run_4_worker_13/ils_config_15105398661392231963.prm
[INFO]:[09:13:05] CPLEX results. Gap: 45.570000, upper bound: 29619.180000, lower bound: 16122.009555
[INFO]:[09:13:05] CPLEX solver finished. Gap: 45.570000
[INFO]:[09:13:05] Starting CPLEX solver on instance: /home/yorig/tuner/mpils-tests/instances/miplib/medium-1/b1c1s1.mps with config: /scratch/yorig/mpils-results-grid-seconds-5/medium-1/24proc/seed-1/1_b1c1s1_seed-1_20260503_090919/iterated_local_search/run_4_worker_13/ils_config_17184009339080178382.prm
[INFO]:[09:13:05] Starting CPLEX solver on instance: /home/yorig/tuner/mpils-tests/instances/miplib/medium-1/b1c1s1.mps with config: /scratch/yorig/mpils-results-grid-seconds-5/medium-1/24proc/seed-1/1_b1c1s1_seed-1_20260503_090919/iterated_local_search/run_4_worker_13/ils_config_17184009339080178382.prm
[INFO]:[09:13:10] CPLEX results. Gap: 38.360000, upper bound: 26026.700000, lower bound: 16042.232584
[INFO]:[09:13:10] CPLEX solver finished. Gap: 38.360000
[INFO]:[09:13:10] New incumbent found with objective value: 38.36
[INFO]:[09:13:10] Starting CPLEX solver on instance: /home/yorig/tuner/mpils-tests/instances/miplib/medium-1/b1c1s1.mps with config: /scratch/yorig/mpils-results-grid-seconds-5/medium-1/24proc/seed-1/1_b1c1s1_seed-1_20260503_090919/iterated_local_search/run_4_worker_13/ils_config_8233218291688356006.prm
[INFO]:[09:13:10] Starting CPLEX solver on instance: /home/yorig/tuner/mpils-tests/instances/miplib/medium-1/b1c1s1.mps with config: /scratch/yorig/mpils-results-grid-seconds-5/medium-1/24proc/seed-1/1_b1c1s1_seed-1_20260503_090919/iterated_local_search/run_4_worker_13/ils_config_8233218291688356006.prm
[INFO]:[09:13:15] CPLEX results. Gap: 39.810000, upper bound: 25541.830000, lower bound: 15374.173065
[INFO]:[09:13:15] CPLEX solver finished. Gap: 39.810000
[INFO]:[09:13:15] Starting CPLEX solver on instance: /home/yorig/tuner/mpils-tests/instances/miplib/medium-1/b1c1s1.mps with config: /scratch/yorig/mpils-results-grid-seconds-5/medium-1/24proc/seed-1/1_b1c1s1_seed-1_20260503_090919/iterated_local_search/run_4_worker_13/ils_config_10919918322471893529.prm
[INFO]:[09:13:15] Starting CPLEX solver on instance: /home/yorig/tuner/mpils-tests/instances/miplib/medium-1/b1c1s1.mps with config: /scratch/yorig/mpils-results-grid-seconds-5/medium-1/24proc/seed-1/1_b1c1s1_seed-1_20260503_090919/iterated_local_search/run_4_worker_13/ils_config_10919918322471893529.prm
[INFO]:[09:13:20] CPLEX results. Gap: 38.360000, upper bound: 26026.700000, lower bound: 16042.232584
[INFO]:[09:13:20] CPLEX solver finished. Gap: 38.360000
[INFO]:[09:13:20] Starting CPLEX solver on instance: /home/yorig/tuner/mpils-tests/instances/miplib/medium-1/b1c1s1.mps with config: /scratch/yorig/mpils-results-grid-seconds-5/medium-1/24proc/seed-1/1_b1c1s1_seed-1_20260503_090919/iterated_local_search/run_4_worker_13/ils_config_9687202258781350196.prm
[INFO]:[09:13:20] Starting CPLEX solver on instance: /home/yorig/tuner/mpils-tests/instances/miplib/medium-1/b1c1s1.mps with config: /scratch/yorig/mpils-results-grid-seconds-5/medium-1/24proc/seed-1/1_b1c1s1_seed-1_20260503_090919/iterated_local_search/run_4_worker_13/ils_config_9687202258781350196.prm
[INFO]:[09:13:25] CPLEX results. Gap: 36.840000, upper bound: 25851.920000, lower bound: 16327.824014
[INFO]:[09:13:25] CPLEX solver finished. Gap: 36.840000
[INFO]:[09:13:25] New incumbent found with objective value: 36.84
[INFO]:[09:13:25] Starting CPLEX solver on instance: /home/yorig/tuner/mpils-tests/instances/miplib/medium-1/b1c1s1.mps with config: /scratch/yorig/mpils-results-grid-seconds-5/medium-1/24proc/seed-1/1_b1c1s1_seed-1_20260503_090919/iterated_local_search/run_4_worker_13/ils_config_18159414831219078330.prm
[INFO]:[09:13:25] Starting CPLEX solver on instance: /home/yorig/tuner/mpils-tests/instances/miplib/medium-1/b1c1s1.mps with config: /scratch/yorig/mpils-results-grid-seconds-5/medium-1/24proc/seed-1/1_b1c1s1_seed-1_20260503_090919/iterated_local_search/run_4_worker_13/ils_config_18159414831219078330.prm
[INFO]:[09:13:30] CPLEX results. Gap: 38.360000, upper bound: 26026.700000, lower bound: 16042.232584
[INFO]:[09:13:30] CPLEX solver finished. Gap: 38.360000
[INFO]:[09:13:30] Starting CPLEX solver on instance: /home/yorig/tuner/mpils-tests/instances/miplib/medium-1/b1c1s1.mps with config: /scratch/yorig/mpils-results-grid-seconds-5/medium-1/24proc/seed-1/1_b1c1s1_seed-1_20260503_090919/iterated_local_search/run_4_worker_13/ils_config_953779799201181903.prm
[INFO]:[09:13:30] Starting CPLEX solver on instance: /home/yorig/tuner/mpils-tests/instances/miplib/medium-1/b1c1s1.mps with config: /scratch/yorig/mpils-results-grid-seconds-5/medium-1/24proc/seed-1/1_b1c1s1_seed-1_20260503_090919/iterated_local_search/run_4_worker_13/ils_config_953779799201181903.prm
[INFO]:[09:13:35] CPLEX results. Gap: 36.840000, upper bound: 25851.920000, lower bound: 16327.824014
[INFO]:[09:13:35] CPLEX solver finished. Gap: 36.840000
[INFO]:[09:13:35] Starting CPLEX solver on instance: /home/yorig/tuner/mpils-tests/instances/miplib/medium-1/b1c1s1.mps with config: /scratch/yorig/mpils-results-grid-seconds-5/medium-1/24proc/seed-1/1_b1c1s1_seed-1_20260503_090919/iterated_local_search/run_4_worker_13/ils_config_15273892592139902872.prm
[INFO]:[09:13:35] Starting CPLEX solver on instance: /home/yorig/tuner/mpils-tests/instances/miplib/medium-1/b1c1s1.mps with config: /scratch/yorig/mpils-results-grid-seconds-5/medium-1/24proc/seed-1/1_b1c1s1_seed-1_20260503_090919/iterated_local_search/run_4_worker_13/ils_config_15273892592139902872.prm
[INFO]:[09:13:40] CPLEX results. Gap: 43.240000, upper bound: 27409.420000, lower bound: 15557.792772
[INFO]:[09:13:40] CPLEX solver finished. Gap: 43.240000
[INFO]:[09:13:40] Starting CPLEX solver on instance: /home/yorig/tuner/mpils-tests/instances/miplib/medium-1/b1c1s1.mps with config: /scratch/yorig/mpils-results-grid-seconds-5/medium-1/24proc/seed-1/1_b1c1s1_seed-1_20260503_090919/iterated_local_search/run_4_worker_13/ils_config_124676244097136269.prm
[INFO]:[09:13:40] Starting CPLEX solver on instance: /home/yorig/tuner/mpils-tests/instances/miplib/medium-1/b1c1s1.mps with config: /scratch/yorig/mpils-results-grid-seconds-5/medium-1/24proc/seed-1/1_b1c1s1_seed-1_20260503_090919/iterated_local_search/run_4_worker_13/ils_config_124676244097136269.prm
[INFO]:[09:13:45] CPLEX results. Gap: 36.840000, upper bound: 25851.920000, lower bound: 16327.824014
[INFO]:[09:13:45] CPLEX solver finished. Gap: 36.840000
[INFO]:[09:13:45] Starting CPLEX solver on instance: /home/yorig/tuner/mpils-tests/instances/miplib/medium-1/b1c1s1.mps with config: /scratch/yorig/mpils-results-grid-seconds-5/medium-1/24proc/seed-1/1_b1c1s1_seed-1_20260503_090919/iterated_local_search/run_4_worker_13/ils_config_3549462799967193786.prm
[INFO]:[09:13:45] Starting CPLEX solver on instance: /home/yorig/tuner/mpils-tests/instances/miplib/medium-1/b1c1s1.mps with config: /scratch/yorig/mpils-results-grid-seconds-5/medium-1/24proc/seed-1/1_b1c1s1_seed-1_20260503_090919/iterated_local_search/run_4_worker_13/ils_config_3549462799967193786.prm
[INFO]:[09:13:50] CPLEX results. Gap: 36.840000, upper bound: 25851.920000, lower bound: 16327.824014
[INFO]:[09:13:50] CPLEX solver finished. Gap: 36.840000
[INFO]:[09:13:50] Starting CPLEX solver on instance: /home/yorig/tuner/mpils-tests/instances/miplib/medium-1/b1c1s1.mps with config: /scratch/yorig/mpils-results-grid-seconds-5/medium-1/24proc/seed-1/1_b1c1s1_seed-1_20260503_090919/iterated_local_search/run_4_worker_13/ils_config_12164059641235690989.prm
[INFO]:[09:13:50] Starting CPLEX solver on instance: /home/yorig/tuner/mpils-tests/instances/miplib/medium-1/b1c1s1.mps with config: /scratch/yorig/mpils-results-grid-seconds-5/medium-1/24proc/seed-1/1_b1c1s1_seed-1_20260503_090919/iterated_local_search/run_4_worker_13/ils_config_12164059641235690989.prm
[INFO]:[09:13:55] CPLEX results. Gap: 36.840000, upper bound: 25851.920000, lower bound: 16327.824014
[INFO]:[09:13:55] CPLEX solver finished. Gap: 36.840000
[INFO]:[09:13:55] Starting CPLEX solver on instance: /home/yorig/tuner/mpils-tests/instances/miplib/medium-1/b1c1s1.mps with config: /scratch/yorig/mpils-results-grid-seconds-5/medium-1/24proc/seed-1/1_b1c1s1_seed-1_20260503_090919/iterated_local_search/run_4_worker_13/ils_config_17275712270755024476.prm
[INFO]:[09:13:55] Starting CPLEX solver on instance: /home/yorig/tuner/mpils-tests/instances/miplib/medium-1/b1c1s1.mps with config: /scratch/yorig/mpils-results-grid-seconds-5/medium-1/24proc/seed-1/1_b1c1s1_seed-1_20260503_090919/iterated_local_search/run_4_worker_13/ils_config_17275712270755024476.prm
[INFO]:[09:14:00] CPLEX results. Gap: 36.840000, upper bound: 25851.920000, lower bound: 16327.824014
[INFO]:[09:14:00] CPLEX solver finished. Gap: 36.840000
[INFO]:[09:14:00] Starting CPLEX solver on instance: /home/yorig/tuner/mpils-tests/instances/miplib/medium-1/b1c1s1.mps with config: /scratch/yorig/mpils-results-grid-seconds-5/medium-1/24proc/seed-1/1_b1c1s1_seed-1_20260503_090919/iterated_local_search/run_4_worker_13/ils_config_13006503717176568702.prm
[INFO]:[09:14:00] Starting CPLEX solver on instance: /home/yorig/tuner/mpils-tests/instances/miplib/medium-1/b1c1s1.mps with config: /scratch/yorig/mpils-results-grid-seconds-5/medium-1/24proc/seed-1/1_b1c1s1_seed-1_20260503_090919/iterated_local_search/run_4_worker_13/ils_config_13006503717176568702.prm
[INFO]:[09:14:05] CPLEX results. Gap: 36.840000, upper bound: 25851.920000, lower bound: 16327.824014
[INFO]:[09:14:05] CPLEX solver finished. Gap: 36.840000
[INFO]:[09:14:05] Starting CPLEX solver on instance: /home/yorig/tuner/mpils-tests/instances/miplib/medium-1/b1c1s1.mps with config: /scratch/yorig/mpils-results-grid-seconds-5/medium-1/24proc/seed-1/1_b1c1s1_seed-1_20260503_090919/iterated_local_search/run_4_worker_13/ils_config_15836082113525747302.prm
[INFO]:[09:14:05] Starting CPLEX solver on instance: /home/yorig/tuner/mpils-tests/instances/miplib/medium-1/b1c1s1.mps with config: /scratch/yorig/mpils-results-grid-seconds-5/medium-1/24proc/seed-1/1_b1c1s1_seed-1_20260503_090919/iterated_local_search/run_4_worker_13/ils_config_15836082113525747302.prm
[INFO]:[09:14:10] CPLEX results. Gap: 36.840000, upper bound: 25851.920000, lower bound: 16327.824014
[INFO]:[09:14:10] CPLEX solver finished. Gap: 36.840000
[INFO]:[09:14:10] Starting CPLEX solver on instance: /home/yorig/tuner/mpils-tests/instances/miplib/medium-1/b1c1s1.mps with config: /scratch/yorig/mpils-results-grid-seconds-5/medium-1/24proc/seed-1/1_b1c1s1_seed-1_20260503_090919/iterated_local_search/run_4_worker_13/ils_config_7650425267006271971.prm
[INFO]:[09:14:10] Starting CPLEX solver on instance: /home/yorig/tuner/mpils-tests/instances/miplib/medium-1/b1c1s1.mps with config: /scratch/yorig/mpils-results-grid-seconds-5/medium-1/24proc/seed-1/1_b1c1s1_seed-1_20260503_090919/iterated_local_search/run_4_worker_13/ils_config_7650425267006271971.prm
[INFO]:[09:14:15] CPLEX results. Gap: 36.840000, upper bound: 25851.920000, lower bound: 16327.824014
[INFO]:[09:14:15] CPLEX solver finished. Gap: 36.840000
[INFO]:[09:14:15] Starting CPLEX solver on instance: /home/yorig/tuner/mpils-tests/instances/miplib/medium-1/b1c1s1.mps with config: /scratch/yorig/mpils-results-grid-seconds-5/medium-1/24proc/seed-1/1_b1c1s1_seed-1_20260503_090919/iterated_local_search/run_4_worker_13/ils_config_4004706005637183420.prm
[INFO]:[09:14:15] Starting CPLEX solver on instance: /home/yorig/tuner/mpils-tests/instances/miplib/medium-1/b1c1s1.mps with config: /scratch/yorig/mpils-results-grid-seconds-5/medium-1/24proc/seed-1/1_b1c1s1_seed-1_20260503_090919/iterated_local_search/run_4_worker_13/ils_config_4004706005637183420.prm
[INFO]:[09:14:20] CPLEX results. Gap: 36.840000, upper bound: 25851.920000, lower bound: 16327.824014
[INFO]:[09:14:20] CPLEX solver finished. Gap: 36.840000
[INFO]:[09:14:20] Starting CPLEX solver on instance: /home/yorig/tuner/mpils-tests/instances/miplib/medium-1/b1c1s1.mps with config: /scratch/yorig/mpils-results-grid-seconds-5/medium-1/24proc/seed-1/1_b1c1s1_seed-1_20260503_090919/iterated_local_search/run_4_worker_13/ils_config_16513741554598302872.prm
[INFO]:[09:14:20] Starting CPLEX solver on instance: /home/yorig/tuner/mpils-tests/instances/miplib/medium-1/b1c1s1.mps with config: /scratch/yorig/mpils-results-grid-seconds-5/medium-1/24proc/seed-1/1_b1c1s1_seed-1_20260503_090919/iterated_local_search/run_4_worker_13/ils_config_16513741554598302872.prm
[INFO]:[09:14:25] CPLEX results. Gap: 41.570000, upper bound: 25995.460000, lower bound: 15188.288030
[INFO]:[09:14:25] CPLEX solver finished. Gap: 41.570000
[INFO]:[09:14:25] Starting CPLEX solver on instance: /home/yorig/tuner/mpils-tests/instances/miplib/medium-1/b1c1s1.mps with config: /scratch/yorig/mpils-results-grid-seconds-5/medium-1/24proc/seed-1/1_b1c1s1_seed-1_20260503_090919/iterated_local_search/run_4_worker_13/ils_config_3217539909030706390.prm
[INFO]:[09:14:25] Starting CPLEX solver on instance: /home/yorig/tuner/mpils-tests/instances/miplib/medium-1/b1c1s1.mps with config: /scratch/yorig/mpils-results-grid-seconds-5/medium-1/24proc/seed-1/1_b1c1s1_seed-1_20260503_090919/iterated_local_search/run_4_worker_13/ils_config_3217539909030706390.prm
[INFO]:[09:14:30] CPLEX results. Gap: 41.890000, upper bound: 25165.840000, lower bound: 14622.785081
[INFO]:[09:14:30] CPLEX solver finished. Gap: 41.890000
[INFO]:[09:14:30] Starting CPLEX solver on instance: /home/yorig/tuner/mpils-tests/instances/miplib/medium-1/b1c1s1.mps with config: /scratch/yorig/mpils-results-grid-seconds-5/medium-1/24proc/seed-1/1_b1c1s1_seed-1_20260503_090919/iterated_local_search/run_4_worker_13/ils_config_16761000811887681128.prm
[INFO]:[09:14:30] Starting CPLEX solver on instance: /home/yorig/tuner/mpils-tests/instances/miplib/medium-1/b1c1s1.mps with config: /scratch/yorig/mpils-results-grid-seconds-5/medium-1/24proc/seed-1/1_b1c1s1_seed-1_20260503_090919/iterated_local_search/run_4_worker_13/ils_config_16761000811887681128.prm
[INFO]:[09:14:35] CPLEX results. Gap: 36.840000, upper bound: 25851.920000, lower bound: 16327.824014
[INFO]:[09:14:35] CPLEX solver finished. Gap: 36.840000
[INFO]:[09:14:35] Starting CPLEX solver on instance: /home/yorig/tuner/mpils-tests/instances/miplib/medium-1/b1c1s1.mps with config: /scratch/yorig/mpils-results-grid-seconds-5/medium-1/24proc/seed-1/1_b1c1s1_seed-1_20260503_090919/iterated_local_search/run_4_worker_13/ils_config_11003883664932132140.prm
[INFO]:[09:14:35] Starting CPLEX solver on instance: /home/yorig/tuner/mpils-tests/instances/miplib/medium-1/b1c1s1.mps with config: /scratch/yorig/mpils-results-grid-seconds-5/medium-1/24proc/seed-1/1_b1c1s1_seed-1_20260503_090919/iterated_local_search/run_4_worker_13/ils_config_11003883664932132140.prm
[INFO]:[09:14:40] CPLEX results. Gap: 34.360000, upper bound: 25603.810000, lower bound: 16807.026626
[INFO]:[09:14:40] CPLEX solver finished. Gap: 34.360000
[INFO]:[09:14:40] New incumbent found with objective value: 34.36
[INFO]:[09:14:40] Starting CPLEX solver on instance: /home/yorig/tuner/mpils-tests/instances/miplib/medium-1/b1c1s1.mps with config: /scratch/yorig/mpils-results-grid-seconds-5/medium-1/24proc/seed-1/1_b1c1s1_seed-1_20260503_090919/iterated_local_search/run_4_worker_13/ils_config_11963850688280418121.prm
[INFO]:[09:14:40] Starting CPLEX solver on instance: /home/yorig/tuner/mpils-tests/instances/miplib/medium-1/b1c1s1.mps with config: /scratch/yorig/mpils-results-grid-seconds-5/medium-1/24proc/seed-1/1_b1c1s1_seed-1_20260503_090919/iterated_local_search/run_4_worker_13/ils_config_11963850688280418121.prm
[INFO]:[09:14:45] CPLEX results. Gap: 25.720000, upper bound: 27764.060000, lower bound: 20624.110766
[INFO]:[09:14:45] CPLEX solver finished. Gap: 25.720000
[INFO]:[09:14:45] New incumbent found with objective value: 25.72
[INFO]:[09:14:45] Starting CPLEX solver on instance: /home/yorig/tuner/mpils-tests/instances/miplib/medium-1/b1c1s1.mps with config: /scratch/yorig/mpils-results-grid-seconds-5/medium-1/24proc/seed-1/1_b1c1s1_seed-1_20260503_090919/iterated_local_search/run_4_worker_13/ils_config_9246054084024598460.prm
[INFO]:[09:14:45] Starting CPLEX solver on instance: /home/yorig/tuner/mpils-tests/instances/miplib/medium-1/b1c1s1.mps with config: /scratch/yorig/mpils-results-grid-seconds-5/medium-1/24proc/seed-1/1_b1c1s1_seed-1_20260503_090919/iterated_local_search/run_4_worker_13/ils_config_9246054084024598460.prm
[INFO]:[09:14:50] CPLEX results. Gap: 19.220000, upper bound: 25511.280000, lower bound: 20608.459952
[INFO]:[09:14:50] CPLEX solver finished. Gap: 19.220000
[INFO]:[09:14:50] New incumbent found with objective value: 19.22
[INFO]:[09:14:50] Starting CPLEX solver on instance: /home/yorig/tuner/mpils-tests/instances/miplib/medium-1/b1c1s1.mps with config: /scratch/yorig/mpils-results-grid-seconds-5/medium-1/24proc/seed-1/1_b1c1s1_seed-1_20260503_090919/iterated_local_search/run_4_worker_13/ils_config_10584725359464164522.prm
[INFO]:[09:14:50] Starting CPLEX solver on instance: /home/yorig/tuner/mpils-tests/instances/miplib/medium-1/b1c1s1.mps with config: /scratch/yorig/mpils-results-grid-seconds-5/medium-1/24proc/seed-1/1_b1c1s1_seed-1_20260503_090919/iterated_local_search/run_4_worker_13/ils_config_10584725359464164522.prm
[INFO]:[09:14:55] CPLEX results. Gap: 19.220000, upper bound: 25511.280000, lower bound: 20608.459952
[INFO]:[09:14:55] CPLEX solver finished. Gap: 19.220000
[INFO]:[09:14:55] Local search phase completed.
[INFO]:[09:14:55] Total number of new local-search evaluations: 30
[INFO]:[09:14:55] Final incumbent objective value: 19.22
[INFO]:[09:14:56] Worker 13 completed exploration phase.
[INFO]:[09:14:56] Worker 13 received order for step 2.
[INFO]:[09:14:56] Worker 13 running expansion phase for iteration 4.
[INFO]:[09:14:56] Worker 13 will use solver log file: /scratch/yorig/mpils-results-grid-seconds-5/medium-1/24proc/seed-1/1_b1c1s1_seed-1_20260503_090919/solver/cplex.log_iteration_expansion_4_worker_13
[INFO]:[09:14:56] Expansion Worker 13 starting expansion for iteration 4.
[INFO]:[09:14:56] Starting CPLEX solver on instance: /home/yorig/tuner/mpils-tests/instances/miplib/medium-1/b1c1s1.mps with config: /scratch/yorig/mpils-results-grid-seconds-5/medium-1/24proc/seed-1/1_b1c1s1_seed-1_20260503_090919/expansion/config_param_CPXPARAM_Network_Pricing_2_iter_4.prm
[INFO]:[09:15:01] CPLEX results. Gap: 17.810000, upper bound: 25022.240000, lower bound: 20565.127324
[INFO]:[09:15:01] CPLEX solver finished. Gap: 17.810000
[INFO]:[09:15:06] Expansion Worker 13 stopping early after global MPI expansion stop was activated.
[INFO]:[09:15:06] Expansion Worker 13 completed expansion.
[INFO]:[09:15:06] Worker 13 completed expansion phase.
[INFO]:[09:15:06] Worker 13 received order for step 1.
[INFO]:[09:15:06] Worker 13 running exploration phase for iteration 5.
[INFO]:[09:15:06] Worker 13 at iteration 5 will not use a MIP start file. Current best MIP-start upper bound threshold is 24566.5.
[INFO]:[09:15:06] Starting local search phase...
[INFO]:[09:15:06] Creating local search space from parameter space file: /scratch/yorig/mpils-results-grid-seconds-5/medium-1/24proc/seed-1/1_b1c1s1_seed-1_20260503_090919/iterated_local_search/search_space/search_space_file_5_worker_13.txt
[INFO]:[09:15:06] Local search space loaded from file: /scratch/yorig/mpils-results-grid-seconds-5/medium-1/24proc/seed-1/1_b1c1s1_seed-1_20260503_090919/iterated_local_search/search_space/search_space_file_5_worker_13.txt
[INFO]:[09:15:06] Number of parameters in local search space: 71
[INFO]:[09:15:06] Number of forbidden tuples in local search space: 25
[INFO]:[09:15:06] Number of conditionals in local search space: 6
[INFO]:[09:15:06] MIP start option not enabled. Local search will proceed without MIP start.
[INFO]:[09:15:06] Evaluating initial configuration for local search phase...
[INFO]:[09:15:06] Starting CPLEX solver on instance: /home/yorig/tuner/mpils-tests/instances/miplib/medium-1/b1c1s1.mps with config: /scratch/yorig/mpils-results-grid-seconds-5/medium-1/24proc/seed-1/1_b1c1s1_seed-1_20260503_090919/iterated_local_search/run_5_worker_13/ils_config_13387025627797741307.prm
[INFO]:[09:15:06] Starting CPLEX solver on instance: /home/yorig/tuner/mpils-tests/instances/miplib/medium-1/b1c1s1.mps with config: /scratch/yorig/mpils-results-grid-seconds-5/medium-1/24proc/seed-1/1_b1c1s1_seed-1_20260503_090919/iterated_local_search/run_5_worker_13/ils_config_13387025627797741307.prm
[INFO]:[09:15:11] CPLEX results. Gap: 56.360000, upper bound: 27545.810000, lower bound: 12021.725893
[INFO]:[09:15:11] CPLEX solver finished. Gap: 56.360000
[INFO]:[09:15:11] Initial configuration evaluated with objective value: 56.36
[INFO]:[09:15:12] Starting CPLEX solver on instance: /home/yorig/tuner/mpils-tests/instances/miplib/medium-1/b1c1s1.mps with config: /scratch/yorig/mpils-results-grid-seconds-5/medium-1/24proc/seed-1/1_b1c1s1_seed-1_20260503_090919/iterated_local_search/run_5_worker_13/ils_config_4370242137252882324.prm
[INFO]:[09:15:12] Starting CPLEX solver on instance: /home/yorig/tuner/mpils-tests/instances/miplib/medium-1/b1c1s1.mps with config: /scratch/yorig/mpils-results-grid-seconds-5/medium-1/24proc/seed-1/1_b1c1s1_seed-1_20260503_090919/iterated_local_search/run_5_worker_13/ils_config_4370242137252882324.prm
[INFO]:[09:15:17] CPLEX results. Gap: 41.030000, upper bound: 28741.250000, lower bound: 16949.269050
[INFO]:[09:15:17] CPLEX solver finished. Gap: 41.030000
[INFO]:[09:15:17] New incumbent found with objective value: 41.03
[INFO]:[09:15:17] Starting CPLEX solver on instance: /home/yorig/tuner/mpils-tests/instances/miplib/medium-1/b1c1s1.mps with config: /scratch/yorig/mpils-results-grid-seconds-5/medium-1/24proc/seed-1/1_b1c1s1_seed-1_20260503_090919/iterated_local_search/run_5_worker_13/ils_config_822124840579078189.prm
[INFO]:[09:15:17] Starting CPLEX solver on instance: /home/yorig/tuner/mpils-tests/instances/miplib/medium-1/b1c1s1.mps with config: /scratch/yorig/mpils-results-grid-seconds-5/medium-1/24proc/seed-1/1_b1c1s1_seed-1_20260503_090919/iterated_local_search/run_5_worker_13/ils_config_822124840579078189.prm
[INFO]:[09:15:22] CPLEX results. Gap: 40.650000, upper bound: 28741.250000, lower bound: 17057.258863
[INFO]:[09:15:22] CPLEX solver finished. Gap: 40.650000
[INFO]:[09:15:22] New incumbent found with objective value: 40.65
[INFO]:[09:15:22] Starting CPLEX solver on instance: /home/yorig/tuner/mpils-tests/instances/miplib/medium-1/b1c1s1.mps with config: /scratch/yorig/mpils-results-grid-seconds-5/medium-1/24proc/seed-1/1_b1c1s1_seed-1_20260503_090919/iterated_local_search/run_5_worker_13/ils_config_6345568528095028119.prm
[INFO]:[09:15:22] Starting CPLEX solver on instance: /home/yorig/tuner/mpils-tests/instances/miplib/medium-1/b1c1s1.mps with config: /scratch/yorig/mpils-results-grid-seconds-5/medium-1/24proc/seed-1/1_b1c1s1_seed-1_20260503_090919/iterated_local_search/run_5_worker_13/ils_config_6345568528095028119.prm
[INFO]:[09:15:27] CPLEX results. Gap: 40.650000, upper bound: 28741.250000, lower bound: 17057.258863
[INFO]:[09:15:27] CPLEX solver finished. Gap: 40.650000
[INFO]:[09:15:27] Starting CPLEX solver on instance: /home/yorig/tuner/mpils-tests/instances/miplib/medium-1/b1c1s1.mps with config: /scratch/yorig/mpils-results-grid-seconds-5/medium-1/24proc/seed-1/1_b1c1s1_seed-1_20260503_090919/iterated_local_search/run_5_worker_13/ils_config_15481470890334493512.prm
[INFO]:[09:15:27] Starting CPLEX solver on instance: /home/yorig/tuner/mpils-tests/instances/miplib/medium-1/b1c1s1.mps with config: /scratch/yorig/mpils-results-grid-seconds-5/medium-1/24proc/seed-1/1_b1c1s1_seed-1_20260503_090919/iterated_local_search/run_5_worker_13/ils_config_15481470890334493512.prm
[INFO]:[09:15:32] CPLEX results. Gap: 60.490000, upper bound: 27553.800000, lower bound: 10885.197353
[INFO]:[09:15:32] CPLEX solver finished. Gap: 60.490000
[INFO]:[09:15:32] Starting CPLEX solver on instance: /home/yorig/tuner/mpils-tests/instances/miplib/medium-1/b1c1s1.mps with config: /scratch/yorig/mpils-results-grid-seconds-5/medium-1/24proc/seed-1/1_b1c1s1_seed-1_20260503_090919/iterated_local_search/run_5_worker_13/ils_config_6246259010349897236.prm
[INFO]:[09:15:32] Starting CPLEX solver on instance: /home/yorig/tuner/mpils-tests/instances/miplib/medium-1/b1c1s1.mps with config: /scratch/yorig/mpils-results-grid-seconds-5/medium-1/24proc/seed-1/1_b1c1s1_seed-1_20260503_090919/iterated_local_search/run_5_worker_13/ils_config_6246259010349897236.prm
[INFO]:[09:15:37] CPLEX results. Gap: 37.330000, upper bound: 26884.870000, lower bound: 16849.247496
[INFO]:[09:15:37] CPLEX solver finished. Gap: 37.330000
[INFO]:[09:15:37] New incumbent found with objective value: 37.33
[INFO]:[09:15:37] Starting CPLEX solver on instance: /home/yorig/tuner/mpils-tests/instances/miplib/medium-1/b1c1s1.mps with config: /scratch/yorig/mpils-results-grid-seconds-5/medium-1/24proc/seed-1/1_b1c1s1_seed-1_20260503_090919/iterated_local_search/run_5_worker_13/ils_config_13391209761963691483.prm
[INFO]:[09:15:37] Starting CPLEX solver on instance: /home/yorig/tuner/mpils-tests/instances/miplib/medium-1/b1c1s1.mps with config: /scratch/yorig/mpils-results-grid-seconds-5/medium-1/24proc/seed-1/1_b1c1s1_seed-1_20260503_090919/iterated_local_search/run_5_worker_13/ils_config_13391209761963691483.prm
[INFO]:[09:15:42] CPLEX results. Gap: 40.430000, upper bound: 26036.330000, lower bound: 15509.125225
[INFO]:[09:15:42] CPLEX solver finished. Gap: 40.430000
[INFO]:[09:15:42] Starting CPLEX solver on instance: /home/yorig/tuner/mpils-tests/instances/miplib/medium-1/b1c1s1.mps with config: /scratch/yorig/mpils-results-grid-seconds-5/medium-1/24proc/seed-1/1_b1c1s1_seed-1_20260503_090919/iterated_local_search/run_5_worker_13/ils_config_15188353228489569712.prm
[INFO]:[09:15:42] Starting CPLEX solver on instance: /home/yorig/tuner/mpils-tests/instances/miplib/medium-1/b1c1s1.mps with config: /scratch/yorig/mpils-results-grid-seconds-5/medium-1/24proc/seed-1/1_b1c1s1_seed-1_20260503_090919/iterated_local_search/run_5_worker_13/ils_config_15188353228489569712.prm
[INFO]:[09:15:47] CPLEX results. Gap: 40.260000, upper bound: 28218.750000, lower bound: 16856.737392
[INFO]:[09:15:47] CPLEX solver finished. Gap: 40.260000
[INFO]:[09:15:47] Starting CPLEX solver on instance: /home/yorig/tuner/mpils-tests/instances/miplib/medium-1/b1c1s1.mps with config: /scratch/yorig/mpils-results-grid-seconds-5/medium-1/24proc/seed-1/1_b1c1s1_seed-1_20260503_090919/iterated_local_search/run_5_worker_13/ils_config_2411179615546092011.prm
[INFO]:[09:15:47] Starting CPLEX solver on instance: /home/yorig/tuner/mpils-tests/instances/miplib/medium-1/b1c1s1.mps with config: /scratch/yorig/mpils-results-grid-seconds-5/medium-1/24proc/seed-1/1_b1c1s1_seed-1_20260503_090919/iterated_local_search/run_5_worker_13/ils_config_2411179615546092011.prm
[INFO]:[09:15:52] CPLEX results. Gap: 56.440000, upper bound: 28269.840000, lower bound: 12313.511574
[INFO]:[09:15:52] CPLEX solver finished. Gap: 56.440000
[INFO]:[09:15:52] Starting CPLEX solver on instance: /home/yorig/tuner/mpils-tests/instances/miplib/medium-1/b1c1s1.mps with config: /scratch/yorig/mpils-results-grid-seconds-5/medium-1/24proc/seed-1/1_b1c1s1_seed-1_20260503_090919/iterated_local_search/run_5_worker_13/ils_config_13909899309903594396.prm
[INFO]:[09:15:52] Starting CPLEX solver on instance: /home/yorig/tuner/mpils-tests/instances/miplib/medium-1/b1c1s1.mps with config: /scratch/yorig/mpils-results-grid-seconds-5/medium-1/24proc/seed-1/1_b1c1s1_seed-1_20260503_090919/iterated_local_search/run_5_worker_13/ils_config_13909899309903594396.prm
[INFO]:[09:15:57] CPLEX results. Gap: 37.330000, upper bound: 26884.870000, lower bound: 16849.247496
[INFO]:[09:15:57] CPLEX solver finished. Gap: 37.330000
[INFO]:[09:15:57] Starting CPLEX solver on instance: /home/yorig/tuner/mpils-tests/instances/miplib/medium-1/b1c1s1.mps with config: /scratch/yorig/mpils-results-grid-seconds-5/medium-1/24proc/seed-1/1_b1c1s1_seed-1_20260503_090919/iterated_local_search/run_5_worker_13/ils_config_12995280912084085771.prm
[INFO]:[09:15:57] Starting CPLEX solver on instance: /home/yorig/tuner/mpils-tests/instances/miplib/medium-1/b1c1s1.mps with config: /scratch/yorig/mpils-results-grid-seconds-5/medium-1/24proc/seed-1/1_b1c1s1_seed-1_20260503_090919/iterated_local_search/run_5_worker_13/ils_config_12995280912084085771.prm
[INFO]:[09:16:02] CPLEX results. Gap: 41.380000, upper bound: 28741.250000, lower bound: 16849.247496
[INFO]:[09:16:02] CPLEX solver finished. Gap: 41.380000
[INFO]:[09:16:02] Starting CPLEX solver on instance: /home/yorig/tuner/mpils-tests/instances/miplib/medium-1/b1c1s1.mps with config: /scratch/yorig/mpils-results-grid-seconds-5/medium-1/24proc/seed-1/1_b1c1s1_seed-1_20260503_090919/iterated_local_search/run_5_worker_13/ils_config_4052547850824808080.prm
[INFO]:[09:16:02] Starting CPLEX solver on instance: /home/yorig/tuner/mpils-tests/instances/miplib/medium-1/b1c1s1.mps with config: /scratch/yorig/mpils-results-grid-seconds-5/medium-1/24proc/seed-1/1_b1c1s1_seed-1_20260503_090919/iterated_local_search/run_5_worker_13/ils_config_4052547850824808080.prm
[INFO]:[09:16:07] CPLEX results. Gap: 44.240000, upper bound: 29827.710000, lower bound: 16630.666370
[INFO]:[09:16:07] CPLEX solver finished. Gap: 44.240000
[INFO]:[09:16:07] Starting CPLEX solver on instance: /home/yorig/tuner/mpils-tests/instances/miplib/medium-1/b1c1s1.mps with config: /scratch/yorig/mpils-results-grid-seconds-5/medium-1/24proc/seed-1/1_b1c1s1_seed-1_20260503_090919/iterated_local_search/run_5_worker_13/ils_config_16755350715126975711.prm
[INFO]:[09:16:07] Starting CPLEX solver on instance: /home/yorig/tuner/mpils-tests/instances/miplib/medium-1/b1c1s1.mps with config: /scratch/yorig/mpils-results-grid-seconds-5/medium-1/24proc/seed-1/1_b1c1s1_seed-1_20260503_090919/iterated_local_search/run_5_worker_13/ils_config_16755350715126975711.prm
[INFO]:[09:16:12] CPLEX results. Gap: 52.950000, upper bound: 25209.270000, lower bound: 11861.910413
[INFO]:[09:16:12] CPLEX solver finished. Gap: 52.950000
[INFO]:[09:16:12] Starting CPLEX solver on instance: /home/yorig/tuner/mpils-tests/instances/miplib/medium-1/b1c1s1.mps with config: /scratch/yorig/mpils-results-grid-seconds-5/medium-1/24proc/seed-1/1_b1c1s1_seed-1_20260503_090919/iterated_local_search/run_5_worker_13/ils_config_3009512060012214977.prm
[INFO]:[09:16:12] Starting CPLEX solver on instance: /home/yorig/tuner/mpils-tests/instances/miplib/medium-1/b1c1s1.mps with config: /scratch/yorig/mpils-results-grid-seconds-5/medium-1/24proc/seed-1/1_b1c1s1_seed-1_20260503_090919/iterated_local_search/run_5_worker_13/ils_config_3009512060012214977.prm
[INFO]:[09:16:17] CPLEX results. Gap: 25.200000, upper bound: 25929.440000, lower bound: 19395.754598
[INFO]:[09:16:17] CPLEX solver finished. Gap: 25.200000
[INFO]:[09:16:17] New incumbent found with objective value: 25.2
[INFO]:[09:16:17] Starting CPLEX solver on instance: /home/yorig/tuner/mpils-tests/instances/miplib/medium-1/b1c1s1.mps with config: /scratch/yorig/mpils-results-grid-seconds-5/medium-1/24proc/seed-1/1_b1c1s1_seed-1_20260503_090919/iterated_local_search/run_5_worker_13/ils_config_2296604162143149999.prm
[INFO]:[09:16:17] Starting CPLEX solver on instance: /home/yorig/tuner/mpils-tests/instances/miplib/medium-1/b1c1s1.mps with config: /scratch/yorig/mpils-results-grid-seconds-5/medium-1/24proc/seed-1/1_b1c1s1_seed-1_20260503_090919/iterated_local_search/run_5_worker_13/ils_config_2296604162143149999.prm
[INFO]:[09:16:22] CPLEX results. Gap: 25.200000, upper bound: 25929.440000, lower bound: 19395.754598
[INFO]:[09:16:22] CPLEX solver finished. Gap: 25.200000
[INFO]:[09:16:22] Starting CPLEX solver on instance: /home/yorig/tuner/mpils-tests/instances/miplib/medium-1/b1c1s1.mps with config: /scratch/yorig/mpils-results-grid-seconds-5/medium-1/24proc/seed-1/1_b1c1s1_seed-1_20260503_090919/iterated_local_search/run_5_worker_13/ils_config_13243434343553685841.prm
[INFO]:[09:16:22] Starting CPLEX solver on instance: /home/yorig/tuner/mpils-tests/instances/miplib/medium-1/b1c1s1.mps with config: /scratch/yorig/mpils-results-grid-seconds-5/medium-1/24proc/seed-1/1_b1c1s1_seed-1_20260503_090919/iterated_local_search/run_5_worker_13/ils_config_13243434343553685841.prm
[INFO]:[09:16:27] CPLEX results. Gap: 25.200000, upper bound: 25929.440000, lower bound: 19395.754598
[INFO]:[09:16:27] CPLEX solver finished. Gap: 25.200000
[INFO]:[09:16:27] Starting CPLEX solver on instance: /home/yorig/tuner/mpils-tests/instances/miplib/medium-1/b1c1s1.mps with config: /scratch/yorig/mpils-results-grid-seconds-5/medium-1/24proc/seed-1/1_b1c1s1_seed-1_20260503_090919/iterated_local_search/run_5_worker_13/ils_config_10820412238298917539.prm
[INFO]:[09:16:27] Starting CPLEX solver on instance: /home/yorig/tuner/mpils-tests/instances/miplib/medium-1/b1c1s1.mps with config: /scratch/yorig/mpils-results-grid-seconds-5/medium-1/24proc/seed-1/1_b1c1s1_seed-1_20260503_090919/iterated_local_search/run_5_worker_13/ils_config_10820412238298917539.prm
[INFO]:[09:16:32] CPLEX results. Gap: 25.200000, upper bound: 25929.440000, lower bound: 19395.754598
[INFO]:[09:16:32] CPLEX solver finished. Gap: 25.200000
[INFO]:[09:16:32] Starting CPLEX solver on instance: /home/yorig/tuner/mpils-tests/instances/miplib/medium-1/b1c1s1.mps with config: /scratch/yorig/mpils-results-grid-seconds-5/medium-1/24proc/seed-1/1_b1c1s1_seed-1_20260503_090919/iterated_local_search/run_5_worker_13/ils_config_11800660271774139455.prm
[INFO]:[09:16:32] Starting CPLEX solver on instance: /home/yorig/tuner/mpils-tests/instances/miplib/medium-1/b1c1s1.mps with config: /scratch/yorig/mpils-results-grid-seconds-5/medium-1/24proc/seed-1/1_b1c1s1_seed-1_20260503_090919/iterated_local_search/run_5_worker_13/ils_config_11800660271774139455.prm
[INFO]:[09:16:37] CPLEX results. Gap: 25.200000, upper bound: 25929.440000, lower bound: 19395.754598
[INFO]:[09:16:37] CPLEX solver finished. Gap: 25.200000
[INFO]:[09:16:37] Starting CPLEX solver on instance: /home/yorig/tuner/mpils-tests/instances/miplib/medium-1/b1c1s1.mps with config: /scratch/yorig/mpils-results-grid-seconds-5/medium-1/24proc/seed-1/1_b1c1s1_seed-1_20260503_090919/iterated_local_search/run_5_worker_13/ils_config_14026033882355725517.prm
[INFO]:[09:16:37] Starting CPLEX solver on instance: /home/yorig/tuner/mpils-tests/instances/miplib/medium-1/b1c1s1.mps with config: /scratch/yorig/mpils-results-grid-seconds-5/medium-1/24proc/seed-1/1_b1c1s1_seed-1_20260503_090919/iterated_local_search/run_5_worker_13/ils_config_14026033882355725517.prm
[INFO]:[09:16:42] CPLEX results. Gap: 28.540000, upper bound: 28379.950000, lower bound: 20281.534530
[INFO]:[09:16:42] CPLEX solver finished. Gap: 28.540000
[INFO]:[09:16:42] Starting CPLEX solver on instance: /home/yorig/tuner/mpils-tests/instances/miplib/medium-1/b1c1s1.mps with config: /scratch/yorig/mpils-results-grid-seconds-5/medium-1/24proc/seed-1/1_b1c1s1_seed-1_20260503_090919/iterated_local_search/run_5_worker_13/ils_config_17828052797487700479.prm
[INFO]:[09:16:42] Starting CPLEX solver on instance: /home/yorig/tuner/mpils-tests/instances/miplib/medium-1/b1c1s1.mps with config: /scratch/yorig/mpils-results-grid-seconds-5/medium-1/24proc/seed-1/1_b1c1s1_seed-1_20260503_090919/iterated_local_search/run_5_worker_13/ils_config_17828052797487700479.prm
[INFO]:[09:16:47] CPLEX results. Gap: 25.200000, upper bound: 25929.440000, lower bound: 19395.754598
[INFO]:[09:16:47] CPLEX solver finished. Gap: 25.200000
[INFO]:[09:16:47] Starting CPLEX solver on instance: /home/yorig/tuner/mpils-tests/instances/miplib/medium-1/b1c1s1.mps with config: /scratch/yorig/mpils-results-grid-seconds-5/medium-1/24proc/seed-1/1_b1c1s1_seed-1_20260503_090919/iterated_local_search/run_5_worker_13/ils_config_17069892562376114349.prm
[INFO]:[09:16:47] Starting CPLEX solver on instance: /home/yorig/tuner/mpils-tests/instances/miplib/medium-1/b1c1s1.mps with config: /scratch/yorig/mpils-results-grid-seconds-5/medium-1/24proc/seed-1/1_b1c1s1_seed-1_20260503_090919/iterated_local_search/run_5_worker_13/ils_config_17069892562376114349.prm
[INFO]:[09:16:52] CPLEX results. Gap: 25.200000, upper bound: 25929.440000, lower bound: 19395.754598
[INFO]:[09:16:52] CPLEX solver finished. Gap: 25.200000
[INFO]:[09:16:52] Starting CPLEX solver on instance: /home/yorig/tuner/mpils-tests/instances/miplib/medium-1/b1c1s1.mps with config: /scratch/yorig/mpils-results-grid-seconds-5/medium-1/24proc/seed-1/1_b1c1s1_seed-1_20260503_090919/iterated_local_search/run_5_worker_13/ils_config_13211923261963280404.prm
[INFO]:[09:16:52] Starting CPLEX solver on instance: /home/yorig/tuner/mpils-tests/instances/miplib/medium-1/b1c1s1.mps with config: /scratch/yorig/mpils-results-grid-seconds-5/medium-1/24proc/seed-1/1_b1c1s1_seed-1_20260503_090919/iterated_local_search/run_5_worker_13/ils_config_13211923261963280404.prm
[INFO]:[09:16:57] CPLEX results. Gap: 25.200000, upper bound: 25929.440000, lower bound: 19395.754598
[INFO]:[09:16:57] CPLEX solver finished. Gap: 25.200000
[INFO]:[09:16:57] Starting CPLEX solver on instance: /home/yorig/tuner/mpils-tests/instances/miplib/medium-1/b1c1s1.mps with config: /scratch/yorig/mpils-results-grid-seconds-5/medium-1/24proc/seed-1/1_b1c1s1_seed-1_20260503_090919/iterated_local_search/run_5_worker_13/ils_config_13345071386857691384.prm
[INFO]:[09:16:57] Starting CPLEX solver on instance: /home/yorig/tuner/mpils-tests/instances/miplib/medium-1/b1c1s1.mps with config: /scratch/yorig/mpils-results-grid-seconds-5/medium-1/24proc/seed-1/1_b1c1s1_seed-1_20260503_090919/iterated_local_search/run_5_worker_13/ils_config_13345071386857691384.prm
[INFO]:[09:17:02] CPLEX results. Gap: 63.420000, upper bound: 49417.280000, lower bound: 18075.536276
[INFO]:[09:17:02] CPLEX solver finished. Gap: 63.420000
[INFO]:[09:17:02] Starting CPLEX solver on instance: /home/yorig/tuner/mpils-tests/instances/miplib/medium-1/b1c1s1.mps with config: /scratch/yorig/mpils-results-grid-seconds-5/medium-1/24proc/seed-1/1_b1c1s1_seed-1_20260503_090919/iterated_local_search/run_5_worker_13/ils_config_2739735743666151793.prm
[INFO]:[09:17:02] Starting CPLEX solver on instance: /home/yorig/tuner/mpils-tests/instances/miplib/medium-1/b1c1s1.mps with config: /scratch/yorig/mpils-results-grid-seconds-5/medium-1/24proc/seed-1/1_b1c1s1_seed-1_20260503_090919/iterated_local_search/run_5_worker_13/ils_config_2739735743666151793.prm
[INFO]:[09:17:07] CPLEX results. Gap: 27.510000, upper bound: 26756.570000, lower bound: 19395.754598
[INFO]:[09:17:07] CPLEX solver finished. Gap: 27.510000
[INFO]:[09:17:07] Starting CPLEX solver on instance: /home/yorig/tuner/mpils-tests/instances/miplib/medium-1/b1c1s1.mps with config: /scratch/yorig/mpils-results-grid-seconds-5/medium-1/24proc/seed-1/1_b1c1s1_seed-1_20260503_090919/iterated_local_search/run_5_worker_13/ils_config_7473664439809217451.prm
[INFO]:[09:17:07] Starting CPLEX solver on instance: /home/yorig/tuner/mpils-tests/instances/miplib/medium-1/b1c1s1.mps with config: /scratch/yorig/mpils-results-grid-seconds-5/medium-1/24proc/seed-1/1_b1c1s1_seed-1_20260503_090919/iterated_local_search/run_5_worker_13/ils_config_7473664439809217451.prm
[INFO]:[09:17:12] CPLEX results. Gap: 29.240000, upper bound: 27410.760000, lower bound: 19395.754598
[INFO]:[09:17:12] CPLEX solver finished. Gap: 29.240000
[INFO]:[09:17:12] Starting CPLEX solver on instance: /home/yorig/tuner/mpils-tests/instances/miplib/medium-1/b1c1s1.mps with config: /scratch/yorig/mpils-results-grid-seconds-5/medium-1/24proc/seed-1/1_b1c1s1_seed-1_20260503_090919/iterated_local_search/run_5_worker_13/ils_config_11065674707721024216.prm
[INFO]:[09:17:12] Starting CPLEX solver on instance: /home/yorig/tuner/mpils-tests/instances/miplib/medium-1/b1c1s1.mps with config: /scratch/yorig/mpils-results-grid-seconds-5/medium-1/24proc/seed-1/1_b1c1s1_seed-1_20260503_090919/iterated_local_search/run_5_worker_13/ils_config_11065674707721024216.prm
[INFO]:[09:17:17] CPLEX results. Gap: 25.200000, upper bound: 25929.440000, lower bound: 19395.754598
[INFO]:[09:17:17] CPLEX solver finished. Gap: 25.200000
[INFO]:[09:17:17] Starting CPLEX solver on instance: /home/yorig/tuner/mpils-tests/instances/miplib/medium-1/b1c1s1.mps with config: /scratch/yorig/mpils-results-grid-seconds-5/medium-1/24proc/seed-1/1_b1c1s1_seed-1_20260503_090919/iterated_local_search/run_5_worker_13/ils_config_6928151019070543086.prm
[INFO]:[09:17:17] Starting CPLEX solver on instance: /home/yorig/tuner/mpils-tests/instances/miplib/medium-1/b1c1s1.mps with config: /scratch/yorig/mpils-results-grid-seconds-5/medium-1/24proc/seed-1/1_b1c1s1_seed-1_20260503_090919/iterated_local_search/run_5_worker_13/ils_config_6928151019070543086.prm
[INFO]:[09:17:22] CPLEX results. Gap: 25.200000, upper bound: 25929.440000, lower bound: 19395.754598
[INFO]:[09:17:22] CPLEX solver finished. Gap: 25.200000
[INFO]:[09:17:22] Starting CPLEX solver on instance: /home/yorig/tuner/mpils-tests/instances/miplib/medium-1/b1c1s1.mps with config: /scratch/yorig/mpils-results-grid-seconds-5/medium-1/24proc/seed-1/1_b1c1s1_seed-1_20260503_090919/iterated_local_search/run_5_worker_13/ils_config_8546600600083793005.prm
[INFO]:[09:17:22] Starting CPLEX solver on instance: /home/yorig/tuner/mpils-tests/instances/miplib/medium-1/b1c1s1.mps with config: /scratch/yorig/mpils-results-grid-seconds-5/medium-1/24proc/seed-1/1_b1c1s1_seed-1_20260503_090919/iterated_local_search/run_5_worker_13/ils_config_8546600600083793005.prm
[INFO]:[09:17:27] CPLEX results. Gap: 60.320000, upper bound: 27610.900000, lower bound: 10956.652031
[INFO]:[09:17:27] CPLEX solver finished. Gap: 60.320000
[INFO]:[09:17:27] Starting CPLEX solver on instance: /home/yorig/tuner/mpils-tests/instances/miplib/medium-1/b1c1s1.mps with config: /scratch/yorig/mpils-results-grid-seconds-5/medium-1/24proc/seed-1/1_b1c1s1_seed-1_20260503_090919/iterated_local_search/run_5_worker_13/ils_config_17527306394672064049.prm
[INFO]:[09:17:27] Starting CPLEX solver on instance: /home/yorig/tuner/mpils-tests/instances/miplib/medium-1/b1c1s1.mps with config: /scratch/yorig/mpils-results-grid-seconds-5/medium-1/24proc/seed-1/1_b1c1s1_seed-1_20260503_090919/iterated_local_search/run_5_worker_13/ils_config_17527306394672064049.prm
[INFO]:[09:17:32] CPLEX results. Gap: 34.200000, upper bound: 29944.560000, lower bound: 19703.809981
[INFO]:[09:17:32] CPLEX solver finished. Gap: 34.200000
[INFO]:[09:17:32] Starting CPLEX solver on instance: /home/yorig/tuner/mpils-tests/instances/miplib/medium-1/b1c1s1.mps with config: /scratch/yorig/mpils-results-grid-seconds-5/medium-1/24proc/seed-1/1_b1c1s1_seed-1_20260503_090919/iterated_local_search/run_5_worker_13/ils_config_20284435196283448.prm
[INFO]:[09:17:32] Starting CPLEX solver on instance: /home/yorig/tuner/mpils-tests/instances/miplib/medium-1/b1c1s1.mps with config: /scratch/yorig/mpils-results-grid-seconds-5/medium-1/24proc/seed-1/1_b1c1s1_seed-1_20260503_090919/iterated_local_search/run_5_worker_13/ils_config_20284435196283448.prm
[INFO]:[09:17:37] CPLEX results. Gap: 20.890000, upper bound: 25731.300000, lower bound: 20357.279772
[INFO]:[09:17:37] CPLEX solver finished. Gap: 20.890000
[INFO]:[09:17:37] New incumbent found with objective value: 20.89
[INFO]:[09:17:37] Local search phase completed.
[INFO]:[09:17:37] Total number of new local-search evaluations: 30
[INFO]:[09:17:37] Final incumbent objective value: 20.89
[INFO]:[09:17:47] Worker 13 completed exploration phase.
[INFO]:[09:17:47] Worker 13 received order for step 2.
[INFO]:[09:17:47] Worker 13 running expansion phase for iteration 5.
[INFO]:[09:17:47] Worker 13 will use solver log file: /scratch/yorig/mpils-results-grid-seconds-5/medium-1/24proc/seed-1/1_b1c1s1_seed-1_20260503_090919/solver/cplex.log_iteration_expansion_5_worker_13
[INFO]:[09:17:47] Expansion Worker 13 starting expansion for iteration 5.
[INFO]:[09:17:47] Starting CPLEX solver on instance: /home/yorig/tuner/mpils-tests/instances/miplib/medium-1/b1c1s1.mps with config: /scratch/yorig/mpils-results-grid-seconds-5/medium-1/24proc/seed-1/1_b1c1s1_seed-1_20260503_090919/expansion/config_param_CPXPARAM_Simplex_Limits_Singularity_20_iter_5.prm
[INFO]:[09:17:52] CPLEX results. Gap: 17.470000, upper bound: 24922.060000, lower bound: 20568.588565
[INFO]:[09:17:52] CPLEX solver finished. Gap: 17.470000
[INFO]:[09:17:57] Expansion Worker 13 completed expansion.
[INFO]:[09:17:57] Worker 13 completed expansion phase.
[INFO]:[09:17:58] Worker 13 received order for step 1.
[INFO]:[09:17:58] Worker 13 running exploration phase for iteration 6.
[INFO]:[09:17:58] Worker 13 at iteration 6 will not use a MIP start file. Current best MIP-start upper bound threshold is 24566.5.
[INFO]:[09:17:58] Starting local search phase...
[INFO]:[09:17:58] Creating local search space from parameter space file: /scratch/yorig/mpils-results-grid-seconds-5/medium-1/24proc/seed-1/1_b1c1s1_seed-1_20260503_090919/iterated_local_search/search_space/search_space_file_6_worker_13.txt
[INFO]:[09:17:58] Local search space loaded from file: /scratch/yorig/mpils-results-grid-seconds-5/medium-1/24proc/seed-1/1_b1c1s1_seed-1_20260503_090919/iterated_local_search/search_space/search_space_file_6_worker_13.txt
[INFO]:[09:17:58] Number of parameters in local search space: 71
[INFO]:[09:17:58] Number of forbidden tuples in local search space: 24
[INFO]:[09:17:58] Number of conditionals in local search space: 6
[INFO]:[09:17:58] MIP start option not enabled. Local search will proceed without MIP start.
[INFO]:[09:17:58] Evaluating initial configuration for local search phase...
[INFO]:[09:17:58] Starting CPLEX solver on instance: /home/yorig/tuner/mpils-tests/instances/miplib/medium-1/b1c1s1.mps with config: /scratch/yorig/mpils-results-grid-seconds-5/medium-1/24proc/seed-1/1_b1c1s1_seed-1_20260503_090919/iterated_local_search/run_6_worker_13/ils_config_8891444561147949574.prm
[INFO]:[09:17:58] Starting CPLEX solver on instance: /home/yorig/tuner/mpils-tests/instances/miplib/medium-1/b1c1s1.mps with config: /scratch/yorig/mpils-results-grid-seconds-5/medium-1/24proc/seed-1/1_b1c1s1_seed-1_20260503_090919/iterated_local_search/run_6_worker_13/ils_config_8891444561147949574.prm
[INFO]:[09:18:04] CPLEX results. Gap: 45.740000, upper bound: 26655.020000, lower bound: 14463.015815
[INFO]:[09:18:04] CPLEX solver finished. Gap: 45.740000
[INFO]:[09:18:04] Initial configuration evaluated with objective value: 45.74
[INFO]:[09:18:04] Starting CPLEX solver on instance: /home/yorig/tuner/mpils-tests/instances/miplib/medium-1/b1c1s1.mps with config: /scratch/yorig/mpils-results-grid-seconds-5/medium-1/24proc/seed-1/1_b1c1s1_seed-1_20260503_090919/iterated_local_search/run_6_worker_13/ils_config_12303000599679923892.prm
[INFO]:[09:18:04] Starting CPLEX solver on instance: /home/yorig/tuner/mpils-tests/instances/miplib/medium-1/b1c1s1.mps with config: /scratch/yorig/mpils-results-grid-seconds-5/medium-1/24proc/seed-1/1_b1c1s1_seed-1_20260503_090919/iterated_local_search/run_6_worker_13/ils_config_12303000599679923892.prm
[INFO]:[09:18:09] CPLEX results. Gap: 45.910000, upper bound: 26741.140000, lower bound: 14463.015815
[INFO]:[09:18:09] CPLEX solver finished. Gap: 45.910000
[INFO]:[09:18:09] Starting CPLEX solver on instance: /home/yorig/tuner/mpils-tests/instances/miplib/medium-1/b1c1s1.mps with config: /scratch/yorig/mpils-results-grid-seconds-5/medium-1/24proc/seed-1/1_b1c1s1_seed-1_20260503_090919/iterated_local_search/run_6_worker_13/ils_config_11785463773637736841.prm
[INFO]:[09:18:09] Starting CPLEX solver on instance: /home/yorig/tuner/mpils-tests/instances/miplib/medium-1/b1c1s1.mps with config: /scratch/yorig/mpils-results-grid-seconds-5/medium-1/24proc/seed-1/1_b1c1s1_seed-1_20260503_090919/iterated_local_search/run_6_worker_13/ils_config_11785463773637736841.prm
[INFO]:[09:18:14] CPLEX results. Gap: 45.910000, upper bound: 26741.140000, lower bound: 14463.015815
[INFO]:[09:18:14] CPLEX solver finished. Gap: 45.910000
[INFO]:[09:18:14] Starting CPLEX solver on instance: /home/yorig/tuner/mpils-tests/instances/miplib/medium-1/b1c1s1.mps with config: /scratch/yorig/mpils-results-grid-seconds-5/medium-1/24proc/seed-1/1_b1c1s1_seed-1_20260503_090919/iterated_local_search/run_6_worker_13/ils_config_6400447323176219037.prm
[INFO]:[09:18:14] Starting CPLEX solver on instance: /home/yorig/tuner/mpils-tests/instances/miplib/medium-1/b1c1s1.mps with config: /scratch/yorig/mpils-results-grid-seconds-5/medium-1/24proc/seed-1/1_b1c1s1_seed-1_20260503_090919/iterated_local_search/run_6_worker_13/ils_config_6400447323176219037.prm
[INFO]:[09:18:19] CPLEX results. Gap: 49.010000, upper bound: 28338.660000, lower bound: 14449.374449
[INFO]:[09:18:19] CPLEX solver finished. Gap: 49.010000
[INFO]:[09:18:19] Starting CPLEX solver on instance: /home/yorig/tuner/mpils-tests/instances/miplib/medium-1/b1c1s1.mps with config: /scratch/yorig/mpils-results-grid-seconds-5/medium-1/24proc/seed-1/1_b1c1s1_seed-1_20260503_090919/iterated_local_search/run_6_worker_13/ils_config_12858035075164423285.prm
[INFO]:[09:18:19] Starting CPLEX solver on instance: /home/yorig/tuner/mpils-tests/instances/miplib/medium-1/b1c1s1.mps with config: /scratch/yorig/mpils-results-grid-seconds-5/medium-1/24proc/seed-1/1_b1c1s1_seed-1_20260503_090919/iterated_local_search/run_6_worker_13/ils_config_12858035075164423285.prm
[INFO]:[09:18:24] CPLEX results. Gap: 57.210000, upper bound: 25159.320000, lower bound: 10765.456083
[INFO]:[09:18:24] CPLEX solver finished. Gap: 57.210000
[INFO]:[09:18:24] Starting CPLEX solver on instance: /home/yorig/tuner/mpils-tests/instances/miplib/medium-1/b1c1s1.mps with config: /scratch/yorig/mpils-results-grid-seconds-5/medium-1/24proc/seed-1/1_b1c1s1_seed-1_20260503_090919/iterated_local_search/run_6_worker_13/ils_config_12121669269675297900.prm
[INFO]:[09:18:24] Starting CPLEX solver on instance: /home/yorig/tuner/mpils-tests/instances/miplib/medium-1/b1c1s1.mps with config: /scratch/yorig/mpils-results-grid-seconds-5/medium-1/24proc/seed-1/1_b1c1s1_seed-1_20260503_090919/iterated_local_search/run_6_worker_13/ils_config_12121669269675297900.prm
[INFO]:[09:18:29] CPLEX results. Gap: 34.550000, upper bound: 26582.500000, lower bound: 17397.507430
[INFO]:[09:18:29] CPLEX solver finished. Gap: 34.550000
[INFO]:[09:18:29] New incumbent found with objective value: 34.55
[INFO]:[09:18:29] Starting CPLEX solver on instance: /home/yorig/tuner/mpils-tests/instances/miplib/medium-1/b1c1s1.mps with config: /scratch/yorig/mpils-results-grid-seconds-5/medium-1/24proc/seed-1/1_b1c1s1_seed-1_20260503_090919/iterated_local_search/run_6_worker_13/ils_config_7450683971838519722.prm
[INFO]:[09:18:29] Starting CPLEX solver on instance: /home/yorig/tuner/mpils-tests/instances/miplib/medium-1/b1c1s1.mps with config: /scratch/yorig/mpils-results-grid-seconds-5/medium-1/24proc/seed-1/1_b1c1s1_seed-1_20260503_090919/iterated_local_search/run_6_worker_13/ils_config_7450683971838519722.prm
[INFO]:[09:18:34] CPLEX results. Gap: 36.350000, upper bound: 26841.380000, lower bound: 17084.436596
[INFO]:[09:18:34] CPLEX solver finished. Gap: 36.350000
[INFO]:[09:18:34] Starting CPLEX solver on instance: /home/yorig/tuner/mpils-tests/instances/miplib/medium-1/b1c1s1.mps with config: /scratch/yorig/mpils-results-grid-seconds-5/medium-1/24proc/seed-1/1_b1c1s1_seed-1_20260503_090919/iterated_local_search/run_6_worker_13/ils_config_6896148942556248243.prm
[INFO]:[09:18:34] Starting CPLEX solver on instance: /home/yorig/tuner/mpils-tests/instances/miplib/medium-1/b1c1s1.mps with config: /scratch/yorig/mpils-results-grid-seconds-5/medium-1/24proc/seed-1/1_b1c1s1_seed-1_20260503_090919/iterated_local_search/run_6_worker_13/ils_config_6896148942556248243.prm
[INFO]:[09:18:39] CPLEX results. Gap: 35.810000, upper bound: 27101.370000, lower bound: 17397.507430
[INFO]:[09:18:39] CPLEX solver finished. Gap: 35.810000
[INFO]:[09:18:39] Starting CPLEX solver on instance: /home/yorig/tuner/mpils-tests/instances/miplib/medium-1/b1c1s1.mps with config: /scratch/yorig/mpils-results-grid-seconds-5/medium-1/24proc/seed-1/1_b1c1s1_seed-1_20260503_090919/iterated_local_search/run_6_worker_13/ils_config_1170693011459922443.prm
[INFO]:[09:18:39] Starting CPLEX solver on instance: /home/yorig/tuner/mpils-tests/instances/miplib/medium-1/b1c1s1.mps with config: /scratch/yorig/mpils-results-grid-seconds-5/medium-1/24proc/seed-1/1_b1c1s1_seed-1_20260503_090919/iterated_local_search/run_6_worker_13/ils_config_1170693011459922443.prm
[INFO]:[09:18:44] CPLEX results. Gap: 34.550000, upper bound: 26582.500000, lower bound: 17397.507430
[INFO]:[09:18:44] CPLEX solver finished. Gap: 34.550000
[INFO]:[09:18:44] Starting CPLEX solver on instance: /home/yorig/tuner/mpils-tests/instances/miplib/medium-1/b1c1s1.mps with config: /scratch/yorig/mpils-results-grid-seconds-5/medium-1/24proc/seed-1/1_b1c1s1_seed-1_20260503_090919/iterated_local_search/run_6_worker_13/ils_config_1122917729454056199.prm
[INFO]:[09:18:44] Starting CPLEX solver on instance: /home/yorig/tuner/mpils-tests/instances/miplib/medium-1/b1c1s1.mps with config: /scratch/yorig/mpils-results-grid-seconds-5/medium-1/24proc/seed-1/1_b1c1s1_seed-1_20260503_090919/iterated_local_search/run_6_worker_13/ils_config_1122917729454056199.prm
[INFO]:[09:18:49] CPLEX results. Gap: 40.220000, upper bound: 28212.200000, lower bound: 16865.160529
[INFO]:[09:18:49] CPLEX solver finished. Gap: 40.220000
[INFO]:[09:18:49] Starting CPLEX solver on instance: /home/yorig/tuner/mpils-tests/instances/miplib/medium-1/b1c1s1.mps with config: /scratch/yorig/mpils-results-grid-seconds-5/medium-1/24proc/seed-1/1_b1c1s1_seed-1_20260503_090919/iterated_local_search/run_6_worker_13/ils_config_7689649231011265024.prm
[INFO]:[09:18:49] Starting CPLEX solver on instance: /home/yorig/tuner/mpils-tests/instances/miplib/medium-1/b1c1s1.mps with config: /scratch/yorig/mpils-results-grid-seconds-5/medium-1/24proc/seed-1/1_b1c1s1_seed-1_20260503_090919/iterated_local_search/run_6_worker_13/ils_config_7689649231011265024.prm
[INFO]:[09:18:54] CPLEX results. Gap: 40.660000, upper bound: 28499.950000, lower bound: 16910.698565
[INFO]:[09:18:54] CPLEX solver finished. Gap: 40.660000
[INFO]:[09:18:54] Starting CPLEX solver on instance: /home/yorig/tuner/mpils-tests/instances/miplib/medium-1/b1c1s1.mps with config: /scratch/yorig/mpils-results-grid-seconds-5/medium-1/24proc/seed-1/1_b1c1s1_seed-1_20260503_090919/iterated_local_search/run_6_worker_13/ils_config_5646918996991264334.prm
[INFO]:[09:18:54] Starting CPLEX solver on instance: /home/yorig/tuner/mpils-tests/instances/miplib/medium-1/b1c1s1.mps with config: /scratch/yorig/mpils-results-grid-seconds-5/medium-1/24proc/seed-1/1_b1c1s1_seed-1_20260503_090919/iterated_local_search/run_6_worker_13/ils_config_5646918996991264334.prm
[INFO]:[09:18:59] CPLEX results. Gap: 34.550000, upper bound: 26582.500000, lower bound: 17397.507430
[INFO]:[09:18:59] CPLEX solver finished. Gap: 34.550000
[INFO]:[09:18:59] Starting CPLEX solver on instance: /home/yorig/tuner/mpils-tests/instances/miplib/medium-1/b1c1s1.mps with config: /scratch/yorig/mpils-results-grid-seconds-5/medium-1/24proc/seed-1/1_b1c1s1_seed-1_20260503_090919/iterated_local_search/run_6_worker_13/ils_config_2155997020839031344.prm
[INFO]:[09:18:59] Starting CPLEX solver on instance: /home/yorig/tuner/mpils-tests/instances/miplib/medium-1/b1c1s1.mps with config: /scratch/yorig/mpils-results-grid-seconds-5/medium-1/24proc/seed-1/1_b1c1s1_seed-1_20260503_090919/iterated_local_search/run_6_worker_13/ils_config_2155997020839031344.prm
[INFO]:[09:19:04] CPLEX results. Gap: 34.550000, upper bound: 26582.500000, lower bound: 17397.507430
[INFO]:[09:19:04] CPLEX solver finished. Gap: 34.550000
[INFO]:[09:19:04] Starting CPLEX solver on instance: /home/yorig/tuner/mpils-tests/instances/miplib/medium-1/b1c1s1.mps with config: /scratch/yorig/mpils-results-grid-seconds-5/medium-1/24proc/seed-1/1_b1c1s1_seed-1_20260503_090919/iterated_local_search/run_6_worker_13/ils_config_11860124839884149345.prm
[INFO]:[09:19:04] Starting CPLEX solver on instance: /home/yorig/tuner/mpils-tests/instances/miplib/medium-1/b1c1s1.mps with config: /scratch/yorig/mpils-results-grid-seconds-5/medium-1/24proc/seed-1/1_b1c1s1_seed-1_20260503_090919/iterated_local_search/run_6_worker_13/ils_config_11860124839884149345.prm
[INFO]:[09:19:09] CPLEX results. Gap: 34.550000, upper bound: 26582.500000, lower bound: 17397.507430
[INFO]:[09:19:09] CPLEX solver finished. Gap: 34.550000
[INFO]:[09:19:09] Starting CPLEX solver on instance: /home/yorig/tuner/mpils-tests/instances/miplib/medium-1/b1c1s1.mps with config: /scratch/yorig/mpils-results-grid-seconds-5/medium-1/24proc/seed-1/1_b1c1s1_seed-1_20260503_090919/iterated_local_search/run_6_worker_13/ils_config_596484613230525391.prm
[INFO]:[09:19:09] Starting CPLEX solver on instance: /home/yorig/tuner/mpils-tests/instances/miplib/medium-1/b1c1s1.mps with config: /scratch/yorig/mpils-results-grid-seconds-5/medium-1/24proc/seed-1/1_b1c1s1_seed-1_20260503_090919/iterated_local_search/run_6_worker_13/ils_config_596484613230525391.prm
[INFO]:[09:19:14] CPLEX results. Gap: 34.550000, upper bound: 26582.500000, lower bound: 17397.507430
[INFO]:[09:19:14] CPLEX solver finished. Gap: 34.550000
[INFO]:[09:19:14] Starting CPLEX solver on instance: /home/yorig/tuner/mpils-tests/instances/miplib/medium-1/b1c1s1.mps with config: /scratch/yorig/mpils-results-grid-seconds-5/medium-1/24proc/seed-1/1_b1c1s1_seed-1_20260503_090919/iterated_local_search/run_6_worker_13/ils_config_9885481230139878719.prm
[INFO]:[09:19:14] Starting CPLEX solver on instance: /home/yorig/tuner/mpils-tests/instances/miplib/medium-1/b1c1s1.mps with config: /scratch/yorig/mpils-results-grid-seconds-5/medium-1/24proc/seed-1/1_b1c1s1_seed-1_20260503_090919/iterated_local_search/run_6_worker_13/ils_config_9885481230139878719.prm
[INFO]:[09:19:19] CPLEX results. Gap: 69.430000, upper bound: 25862.180000, lower bound: 7905.030331
[INFO]:[09:19:19] CPLEX solver finished. Gap: 69.430000
[INFO]:[09:19:19] Starting CPLEX solver on instance: /home/yorig/tuner/mpils-tests/instances/miplib/medium-1/b1c1s1.mps with config: /scratch/yorig/mpils-results-grid-seconds-5/medium-1/24proc/seed-1/1_b1c1s1_seed-1_20260503_090919/iterated_local_search/run_6_worker_13/ils_config_13085870265538588946.prm
[INFO]:[09:19:19] Starting CPLEX solver on instance: /home/yorig/tuner/mpils-tests/instances/miplib/medium-1/b1c1s1.mps with config: /scratch/yorig/mpils-results-grid-seconds-5/medium-1/24proc/seed-1/1_b1c1s1_seed-1_20260503_090919/iterated_local_search/run_6_worker_13/ils_config_13085870265538588946.prm
[INFO]:[09:19:24] CPLEX results. Gap: 35.150000, upper bound: 26651.360000, lower bound: 17282.833471
[INFO]:[09:19:24] CPLEX solver finished. Gap: 35.150000
[INFO]:[09:19:24] Starting CPLEX solver on instance: /home/yorig/tuner/mpils-tests/instances/miplib/medium-1/b1c1s1.mps with config: /scratch/yorig/mpils-results-grid-seconds-5/medium-1/24proc/seed-1/1_b1c1s1_seed-1_20260503_090919/iterated_local_search/run_6_worker_13/ils_config_5608499183194398065.prm
[INFO]:[09:19:24] Starting CPLEX solver on instance: /home/yorig/tuner/mpils-tests/instances/miplib/medium-1/b1c1s1.mps with config: /scratch/yorig/mpils-results-grid-seconds-5/medium-1/24proc/seed-1/1_b1c1s1_seed-1_20260503_090919/iterated_local_search/run_6_worker_13/ils_config_5608499183194398065.prm
[INFO]:[09:19:29] CPLEX results. Gap: 35.780000, upper bound: 27091.370000, lower bound: 17397.507430
[INFO]:[09:19:29] CPLEX solver finished. Gap: 35.780000
[INFO]:[09:19:29] Local search phase completed.
[INFO]:[09:19:29] Total number of new local-search evaluations: 18
[INFO]:[09:19:29] Final incumbent objective value: 34.55
[INFO]:[09:19:29] Worker 13 completed exploration phase.
[INFO]:[09:19:29] Worker 13 received order for step 3.
[INFO]:[09:19:29] Worker 13 finished.
