[INFO]:[18:52:40] Worker 9 starting.
[INFO]:[18:52:40] Worker 9 received order for step 1.
[INFO]:[18:52:40] Worker 9 running exploration phase for iteration 1.
[INFO]:[18:52:40] Worker 9 at iteration 1 will not use a MIP start file. Current best MIP-start upper bound threshold is 1.79769e+308.
[INFO]:[18:52:40] Starting local search phase...
[INFO]:[18:52:40] Creating local search space from parameter space file: /scratch/yorig/mpils-results-grid-seconds-5-no-mip-start/medium-1/24proc/seed-4/2_cost266-UUE_seed-4_20260502_185238/iterated_local_search/search_space/search_space_file_1_worker_9.txt
[INFO]:[18:52:40] Local search space loaded from file: /scratch/yorig/mpils-results-grid-seconds-5-no-mip-start/medium-1/24proc/seed-4/2_cost266-UUE_seed-4_20260502_185238/iterated_local_search/search_space/search_space_file_1_worker_9.txt
[INFO]:[18:52:40] Number of parameters in local search space: 71
[INFO]:[18:52:40] Number of forbidden tuples in local search space: 0
[INFO]:[18:52:40] Number of conditionals in local search space: 6
[INFO]:[18:52:40] MIP start option not enabled. Local search will proceed without MIP start.
[INFO]:[18:52:40] Evaluating initial configuration for local search phase...
[INFO]:[18:52:40] Starting CPLEX solver on instance: /home/yorig/tuner/mpils-tests/instances/miplib/medium-1/cost266-UUE.mps with config: /scratch/yorig/mpils-results-grid-seconds-5-no-mip-start/medium-1/24proc/seed-4/2_cost266-UUE_seed-4_20260502_185238/iterated_local_search/run_1_worker_9/ils_config_6983409877308215380.prm
[INFO]:[18:52:40] Starting CPLEX solver on instance: /home/yorig/tuner/mpils-tests/instances/miplib/medium-1/cost266-UUE.mps with config: /scratch/yorig/mpils-results-grid-seconds-5-no-mip-start/medium-1/24proc/seed-4/2_cost266-UUE_seed-4_20260502_185238/iterated_local_search/run_1_worker_9/ils_config_6983409877308215380.prm
[INFO]:[18:52:45] CPLEX results. Gap: 8.530000, upper bound: 25427655.600000, lower bound: 23258085.324593
[INFO]:[18:52:45] CPLEX solver finished. Gap: 8.530000
[INFO]:[18:52:45] Initial configuration evaluated with objective value: 8.53
[INFO]:[18:52:45] Starting CPLEX solver on instance: /home/yorig/tuner/mpils-tests/instances/miplib/medium-1/cost266-UUE.mps with config: /scratch/yorig/mpils-results-grid-seconds-5-no-mip-start/medium-1/24proc/seed-4/2_cost266-UUE_seed-4_20260502_185238/iterated_local_search/run_1_worker_9/ils_config_1640541002606058455.prm
[INFO]:[18:52:45] Starting CPLEX solver on instance: /home/yorig/tuner/mpils-tests/instances/miplib/medium-1/cost266-UUE.mps with config: /scratch/yorig/mpils-results-grid-seconds-5-no-mip-start/medium-1/24proc/seed-4/2_cost266-UUE_seed-4_20260502_185238/iterated_local_search/run_1_worker_9/ils_config_1640541002606058455.prm
[INFO]:[18:52:50] CPLEX results. Gap: 8.530000, upper bound: 25427655.600000, lower bound: 23258085.324593
[INFO]:[18:52:50] CPLEX solver finished. Gap: 8.530000
[INFO]:[18:52:50] Starting CPLEX solver on instance: /home/yorig/tuner/mpils-tests/instances/miplib/medium-1/cost266-UUE.mps with config: /scratch/yorig/mpils-results-grid-seconds-5-no-mip-start/medium-1/24proc/seed-4/2_cost266-UUE_seed-4_20260502_185238/iterated_local_search/run_1_worker_9/ils_config_14716727224163786043.prm
[INFO]:[18:52:50] Starting CPLEX solver on instance: /home/yorig/tuner/mpils-tests/instances/miplib/medium-1/cost266-UUE.mps with config: /scratch/yorig/mpils-results-grid-seconds-5-no-mip-start/medium-1/24proc/seed-4/2_cost266-UUE_seed-4_20260502_185238/iterated_local_search/run_1_worker_9/ils_config_14716727224163786043.prm
[INFO]:[18:52:55] CPLEX results. Gap: 9.160000, upper bound: 25591644.080000, lower bound: 23248542.169826
[INFO]:[18:52:55] CPLEX solver finished. Gap: 9.160000
[INFO]:[18:52:55] Starting CPLEX solver on instance: /home/yorig/tuner/mpils-tests/instances/miplib/medium-1/cost266-UUE.mps with config: /scratch/yorig/mpils-results-grid-seconds-5-no-mip-start/medium-1/24proc/seed-4/2_cost266-UUE_seed-4_20260502_185238/iterated_local_search/run_1_worker_9/ils_config_5615771236102750525.prm
[INFO]:[18:52:55] Starting CPLEX solver on instance: /home/yorig/tuner/mpils-tests/instances/miplib/medium-1/cost266-UUE.mps with config: /scratch/yorig/mpils-results-grid-seconds-5-no-mip-start/medium-1/24proc/seed-4/2_cost266-UUE_seed-4_20260502_185238/iterated_local_search/run_1_worker_9/ils_config_5615771236102750525.prm
[INFO]:[18:53:00] CPLEX results. Gap: 9.180000, upper bound: 25591644.080000, lower bound: 23241182.158373
[INFO]:[18:53:00] CPLEX solver finished. Gap: 9.180000
[INFO]:[18:53:00] Starting CPLEX solver on instance: /home/yorig/tuner/mpils-tests/instances/miplib/medium-1/cost266-UUE.mps with config: /scratch/yorig/mpils-results-grid-seconds-5-no-mip-start/medium-1/24proc/seed-4/2_cost266-UUE_seed-4_20260502_185238/iterated_local_search/run_1_worker_9/ils_config_1031003233053932991.prm
[INFO]:[18:53:00] Starting CPLEX solver on instance: /home/yorig/tuner/mpils-tests/instances/miplib/medium-1/cost266-UUE.mps with config: /scratch/yorig/mpils-results-grid-seconds-5-no-mip-start/medium-1/24proc/seed-4/2_cost266-UUE_seed-4_20260502_185238/iterated_local_search/run_1_worker_9/ils_config_1031003233053932991.prm
[INFO]:[18:53:05] CPLEX results. Gap: 9.590000, upper bound: 25653023.510000, lower bound: 23193912.462398
[INFO]:[18:53:05] CPLEX solver finished. Gap: 9.590000
[INFO]:[18:53:05] Starting CPLEX solver on instance: /home/yorig/tuner/mpils-tests/instances/miplib/medium-1/cost266-UUE.mps with config: /scratch/yorig/mpils-results-grid-seconds-5-no-mip-start/medium-1/24proc/seed-4/2_cost266-UUE_seed-4_20260502_185238/iterated_local_search/run_1_worker_9/ils_config_1190254910789641297.prm
[INFO]:[18:53:05] Starting CPLEX solver on instance: /home/yorig/tuner/mpils-tests/instances/miplib/medium-1/cost266-UUE.mps with config: /scratch/yorig/mpils-results-grid-seconds-5-no-mip-start/medium-1/24proc/seed-4/2_cost266-UUE_seed-4_20260502_185238/iterated_local_search/run_1_worker_9/ils_config_1190254910789641297.prm
[INFO]:[18:53:10] CPLEX results. Gap: 9.750000, upper bound: 25657923.890000, lower bound: 23155664.476310
[INFO]:[18:53:10] CPLEX solver finished. Gap: 9.750000
[INFO]:[18:53:10] Starting CPLEX solver on instance: /home/yorig/tuner/mpils-tests/instances/miplib/medium-1/cost266-UUE.mps with config: /scratch/yorig/mpils-results-grid-seconds-5-no-mip-start/medium-1/24proc/seed-4/2_cost266-UUE_seed-4_20260502_185238/iterated_local_search/run_1_worker_9/ils_config_12699467094013404801.prm
[INFO]:[18:53:10] Starting CPLEX solver on instance: /home/yorig/tuner/mpils-tests/instances/miplib/medium-1/cost266-UUE.mps with config: /scratch/yorig/mpils-results-grid-seconds-5-no-mip-start/medium-1/24proc/seed-4/2_cost266-UUE_seed-4_20260502_185238/iterated_local_search/run_1_worker_9/ils_config_12699467094013404801.prm
[INFO]:[18:53:15] CPLEX results. Gap: 9.520000, upper bound: 25670587.124000, lower bound: 23226745.505782
[INFO]:[18:53:15] CPLEX solver finished. Gap: 9.520000
[INFO]:[18:53:15] Starting CPLEX solver on instance: /home/yorig/tuner/mpils-tests/instances/miplib/medium-1/cost266-UUE.mps with config: /scratch/yorig/mpils-results-grid-seconds-5-no-mip-start/medium-1/24proc/seed-4/2_cost266-UUE_seed-4_20260502_185238/iterated_local_search/run_1_worker_9/ils_config_11669223864347518525.prm
[INFO]:[18:53:15] Starting CPLEX solver on instance: /home/yorig/tuner/mpils-tests/instances/miplib/medium-1/cost266-UUE.mps with config: /scratch/yorig/mpils-results-grid-seconds-5-no-mip-start/medium-1/24proc/seed-4/2_cost266-UUE_seed-4_20260502_185238/iterated_local_search/run_1_worker_9/ils_config_11669223864347518525.prm
[INFO]:[18:53:20] CPLEX results. Gap: 8.530000, upper bound: 25427655.600000, lower bound: 23258085.324593
[INFO]:[18:53:20] CPLEX solver finished. Gap: 8.530000
[INFO]:[18:53:20] Starting CPLEX solver on instance: /home/yorig/tuner/mpils-tests/instances/miplib/medium-1/cost266-UUE.mps with config: /scratch/yorig/mpils-results-grid-seconds-5-no-mip-start/medium-1/24proc/seed-4/2_cost266-UUE_seed-4_20260502_185238/iterated_local_search/run_1_worker_9/ils_config_756414852613409922.prm
[INFO]:[18:53:20] Starting CPLEX solver on instance: /home/yorig/tuner/mpils-tests/instances/miplib/medium-1/cost266-UUE.mps with config: /scratch/yorig/mpils-results-grid-seconds-5-no-mip-start/medium-1/24proc/seed-4/2_cost266-UUE_seed-4_20260502_185238/iterated_local_search/run_1_worker_9/ils_config_756414852613409922.prm
[INFO]:[18:53:25] CPLEX results. Gap: 9.180000, upper bound: 25591644.080000, lower bound: 23241182.158373
[INFO]:[18:53:25] CPLEX solver finished. Gap: 9.180000
[INFO]:[18:53:25] Starting CPLEX solver on instance: /home/yorig/tuner/mpils-tests/instances/miplib/medium-1/cost266-UUE.mps with config: /scratch/yorig/mpils-results-grid-seconds-5-no-mip-start/medium-1/24proc/seed-4/2_cost266-UUE_seed-4_20260502_185238/iterated_local_search/run_1_worker_9/ils_config_2880979917318170184.prm
[INFO]:[18:53:25] Starting CPLEX solver on instance: /home/yorig/tuner/mpils-tests/instances/miplib/medium-1/cost266-UUE.mps with config: /scratch/yorig/mpils-results-grid-seconds-5-no-mip-start/medium-1/24proc/seed-4/2_cost266-UUE_seed-4_20260502_185238/iterated_local_search/run_1_worker_9/ils_config_2880979917318170184.prm
[INFO]:[18:53:30] CPLEX results. Gap: 8.470000, upper bound: 25409504.580000, lower bound: 23257300.938743
[INFO]:[18:53:30] CPLEX solver finished. Gap: 8.470000
[INFO]:[18:53:30] New incumbent found with objective value: 8.47
[INFO]:[18:53:30] Starting CPLEX solver on instance: /home/yorig/tuner/mpils-tests/instances/miplib/medium-1/cost266-UUE.mps with config: /scratch/yorig/mpils-results-grid-seconds-5-no-mip-start/medium-1/24proc/seed-4/2_cost266-UUE_seed-4_20260502_185238/iterated_local_search/run_1_worker_9/ils_config_10436103267587657594.prm
[INFO]:[18:53:30] Starting CPLEX solver on instance: /home/yorig/tuner/mpils-tests/instances/miplib/medium-1/cost266-UUE.mps with config: /scratch/yorig/mpils-results-grid-seconds-5-no-mip-start/medium-1/24proc/seed-4/2_cost266-UUE_seed-4_20260502_185238/iterated_local_search/run_1_worker_9/ils_config_10436103267587657594.prm
[INFO]:[18:53:35] CPLEX results. Gap: 9.170000, upper bound: 25591644.080000, lower bound: 23244972.713709
[INFO]:[18:53:35] CPLEX solver finished. Gap: 9.170000
[INFO]:[18:53:35] Starting CPLEX solver on instance: /home/yorig/tuner/mpils-tests/instances/miplib/medium-1/cost266-UUE.mps with config: /scratch/yorig/mpils-results-grid-seconds-5-no-mip-start/medium-1/24proc/seed-4/2_cost266-UUE_seed-4_20260502_185238/iterated_local_search/run_1_worker_9/ils_config_17728008032619724848.prm
[INFO]:[18:53:35] Starting CPLEX solver on instance: /home/yorig/tuner/mpils-tests/instances/miplib/medium-1/cost266-UUE.mps with config: /scratch/yorig/mpils-results-grid-seconds-5-no-mip-start/medium-1/24proc/seed-4/2_cost266-UUE_seed-4_20260502_185238/iterated_local_search/run_1_worker_9/ils_config_17728008032619724848.prm
[INFO]:[18:53:40] CPLEX results. Gap: 8.470000, upper bound: 25409504.580000, lower bound: 23257300.938743
[INFO]:[18:53:40] CPLEX solver finished. Gap: 8.470000
[INFO]:[18:53:40] Starting CPLEX solver on instance: /home/yorig/tuner/mpils-tests/instances/miplib/medium-1/cost266-UUE.mps with config: /scratch/yorig/mpils-results-grid-seconds-5-no-mip-start/medium-1/24proc/seed-4/2_cost266-UUE_seed-4_20260502_185238/iterated_local_search/run_1_worker_9/ils_config_8025022149067939468.prm
[INFO]:[18:53:40] Starting CPLEX solver on instance: /home/yorig/tuner/mpils-tests/instances/miplib/medium-1/cost266-UUE.mps with config: /scratch/yorig/mpils-results-grid-seconds-5-no-mip-start/medium-1/24proc/seed-4/2_cost266-UUE_seed-4_20260502_185238/iterated_local_search/run_1_worker_9/ils_config_8025022149067939468.prm
[INFO]:[18:53:45] CPLEX results. Gap: 8.180000, upper bound: 25396093.260000, lower bound: 23318642.759155
[INFO]:[18:53:45] CPLEX solver finished. Gap: 8.180000
[INFO]:[18:53:45] New incumbent found with objective value: 8.18
[INFO]:[18:53:45] Starting CPLEX solver on instance: /home/yorig/tuner/mpils-tests/instances/miplib/medium-1/cost266-UUE.mps with config: /scratch/yorig/mpils-results-grid-seconds-5-no-mip-start/medium-1/24proc/seed-4/2_cost266-UUE_seed-4_20260502_185238/iterated_local_search/run_1_worker_9/ils_config_4720824613052219036.prm
[INFO]:[18:53:45] Starting CPLEX solver on instance: /home/yorig/tuner/mpils-tests/instances/miplib/medium-1/cost266-UUE.mps with config: /scratch/yorig/mpils-results-grid-seconds-5-no-mip-start/medium-1/24proc/seed-4/2_cost266-UUE_seed-4_20260502_185238/iterated_local_search/run_1_worker_9/ils_config_4720824613052219036.prm
[INFO]:[18:53:50] CPLEX results. Gap: 8.180000, upper bound: 25396093.260000, lower bound: 23318642.759155
[INFO]:[18:53:50] CPLEX solver finished. Gap: 8.180000
[INFO]:[18:53:50] Starting CPLEX solver on instance: /home/yorig/tuner/mpils-tests/instances/miplib/medium-1/cost266-UUE.mps with config: /scratch/yorig/mpils-results-grid-seconds-5-no-mip-start/medium-1/24proc/seed-4/2_cost266-UUE_seed-4_20260502_185238/iterated_local_search/run_1_worker_9/ils_config_17195014563902815727.prm
[INFO]:[18:53:50] Starting CPLEX solver on instance: /home/yorig/tuner/mpils-tests/instances/miplib/medium-1/cost266-UUE.mps with config: /scratch/yorig/mpils-results-grid-seconds-5-no-mip-start/medium-1/24proc/seed-4/2_cost266-UUE_seed-4_20260502_185238/iterated_local_search/run_1_worker_9/ils_config_17195014563902815727.prm
[INFO]:[18:53:55] CPLEX results. Gap: 8.180000, upper bound: 25396093.260000, lower bound: 23318642.759155
[INFO]:[18:53:55] CPLEX solver finished. Gap: 8.180000
[INFO]:[18:53:55] Starting CPLEX solver on instance: /home/yorig/tuner/mpils-tests/instances/miplib/medium-1/cost266-UUE.mps with config: /scratch/yorig/mpils-results-grid-seconds-5-no-mip-start/medium-1/24proc/seed-4/2_cost266-UUE_seed-4_20260502_185238/iterated_local_search/run_1_worker_9/ils_config_9923765979042904688.prm
[INFO]:[18:53:55] Starting CPLEX solver on instance: /home/yorig/tuner/mpils-tests/instances/miplib/medium-1/cost266-UUE.mps with config: /scratch/yorig/mpils-results-grid-seconds-5-no-mip-start/medium-1/24proc/seed-4/2_cost266-UUE_seed-4_20260502_185238/iterated_local_search/run_1_worker_9/ils_config_9923765979042904688.prm
[INFO]:[18:54:00] CPLEX results. Gap: 8.560000, upper bound: 25399025.020000, lower bound: 23224416.220937
[INFO]:[18:54:00] CPLEX solver finished. Gap: 8.560000
[INFO]:[18:54:00] Starting CPLEX solver on instance: /home/yorig/tuner/mpils-tests/instances/miplib/medium-1/cost266-UUE.mps with config: /scratch/yorig/mpils-results-grid-seconds-5-no-mip-start/medium-1/24proc/seed-4/2_cost266-UUE_seed-4_20260502_185238/iterated_local_search/run_1_worker_9/ils_config_11092967980046795216.prm
[INFO]:[18:54:00] Starting CPLEX solver on instance: /home/yorig/tuner/mpils-tests/instances/miplib/medium-1/cost266-UUE.mps with config: /scratch/yorig/mpils-results-grid-seconds-5-no-mip-start/medium-1/24proc/seed-4/2_cost266-UUE_seed-4_20260502_185238/iterated_local_search/run_1_worker_9/ils_config_11092967980046795216.prm
[INFO]:[18:54:05] CPLEX results. Gap: 8.180000, upper bound: 25396093.260000, lower bound: 23318642.759155
[INFO]:[18:54:05] CPLEX solver finished. Gap: 8.180000
[INFO]:[18:54:05] Starting CPLEX solver on instance: /home/yorig/tuner/mpils-tests/instances/miplib/medium-1/cost266-UUE.mps with config: /scratch/yorig/mpils-results-grid-seconds-5-no-mip-start/medium-1/24proc/seed-4/2_cost266-UUE_seed-4_20260502_185238/iterated_local_search/run_1_worker_9/ils_config_18377996627960868529.prm
[INFO]:[18:54:05] Starting CPLEX solver on instance: /home/yorig/tuner/mpils-tests/instances/miplib/medium-1/cost266-UUE.mps with config: /scratch/yorig/mpils-results-grid-seconds-5-no-mip-start/medium-1/24proc/seed-4/2_cost266-UUE_seed-4_20260502_185238/iterated_local_search/run_1_worker_9/ils_config_18377996627960868529.prm
[INFO]:[18:54:10] CPLEX results. Gap: 8.550000, upper bound: 25399025.020000, lower bound: 23226975.165436
[INFO]:[18:54:10] CPLEX solver finished. Gap: 8.550000
[INFO]:[18:54:10] Starting CPLEX solver on instance: /home/yorig/tuner/mpils-tests/instances/miplib/medium-1/cost266-UUE.mps with config: /scratch/yorig/mpils-results-grid-seconds-5-no-mip-start/medium-1/24proc/seed-4/2_cost266-UUE_seed-4_20260502_185238/iterated_local_search/run_1_worker_9/ils_config_16655661834511482476.prm
[INFO]:[18:54:10] Starting CPLEX solver on instance: /home/yorig/tuner/mpils-tests/instances/miplib/medium-1/cost266-UUE.mps with config: /scratch/yorig/mpils-results-grid-seconds-5-no-mip-start/medium-1/24proc/seed-4/2_cost266-UUE_seed-4_20260502_185238/iterated_local_search/run_1_worker_9/ils_config_16655661834511482476.prm
[INFO]:[18:54:15] CPLEX results. Gap: 8.180000, upper bound: 25396093.260000, lower bound: 23318642.759155
[INFO]:[18:54:15] CPLEX solver finished. Gap: 8.180000
[INFO]:[18:54:15] Starting CPLEX solver on instance: /home/yorig/tuner/mpils-tests/instances/miplib/medium-1/cost266-UUE.mps with config: /scratch/yorig/mpils-results-grid-seconds-5-no-mip-start/medium-1/24proc/seed-4/2_cost266-UUE_seed-4_20260502_185238/iterated_local_search/run_1_worker_9/ils_config_17492227709004051759.prm
[INFO]:[18:54:15] Starting CPLEX solver on instance: /home/yorig/tuner/mpils-tests/instances/miplib/medium-1/cost266-UUE.mps with config: /scratch/yorig/mpils-results-grid-seconds-5-no-mip-start/medium-1/24proc/seed-4/2_cost266-UUE_seed-4_20260502_185238/iterated_local_search/run_1_worker_9/ils_config_17492227709004051759.prm
[INFO]:[18:54:20] CPLEX results. Gap: 9.590000, upper bound: 25653023.510000, lower bound: 23193912.462398
[INFO]:[18:54:20] CPLEX solver finished. Gap: 9.590000
[INFO]:[18:54:20] Local search phase completed.
[INFO]:[18:54:20] Total number of new local-search evaluations: 20
[INFO]:[18:54:20] Final incumbent objective value: 8.18
[INFO]:[18:54:20] Worker 9 completed exploration phase.
[INFO]:[18:54:21] Worker 9 received order for step 2.
[INFO]:[18:54:21] Worker 9 running expansion phase for iteration 1.
[INFO]:[18:54:21] Worker 9 will use solver log file: /scratch/yorig/mpils-results-grid-seconds-5-no-mip-start/medium-1/24proc/seed-4/2_cost266-UUE_seed-4_20260502_185238/solver/cplex.log_iteration_expansion_1_worker_9
[INFO]:[18:54:21] Expansion Worker 9 starting expansion for iteration 1.
[INFO]:[18:54:21] Starting CPLEX solver on instance: /home/yorig/tuner/mpils-tests/instances/miplib/medium-1/cost266-UUE.mps with config: /scratch/yorig/mpils-results-grid-seconds-5-no-mip-start/medium-1/24proc/seed-4/2_cost266-UUE_seed-4_20260502_185238/expansion/config_param_CPXPARAM_MIP_Limits_ProbeTime_20_iter_1.prm
[INFO]:[18:54:26] CPLEX results. Gap: 6.170000, upper bound: 25258128.140000, lower bound: 23699312.592497
[INFO]:[18:54:26] CPLEX solver finished. Gap: 6.170000
[INFO]:[18:54:26] Starting CPLEX solver on instance: /home/yorig/tuner/mpils-tests/instances/miplib/medium-1/cost266-UUE.mps with config: /scratch/yorig/mpils-results-grid-seconds-5-no-mip-start/medium-1/24proc/seed-4/2_cost266-UUE_seed-4_20260502_185238/expansion/config_param_CPXPARAM_MIP_Limits_ProbeTime_30_iter_1.prm
[INFO]:[18:54:31] CPLEX results. Gap: 6.170000, upper bound: 25258128.140000, lower bound: 23699312.592497
[INFO]:[18:54:31] CPLEX solver finished. Gap: 6.170000
[INFO]:[18:54:36] Expansion Worker 9 completed expansion.
[INFO]:[18:54:36] Worker 9 completed expansion phase.
[INFO]:[18:54:36] Worker 9 received order for step 1.
[INFO]:[18:54:36] Worker 9 running exploration phase for iteration 2.
[INFO]:[18:54:36] Worker 9 at iteration 2 will not use a MIP start file. Current best MIP-start upper bound threshold is 1.79769e+308.
[INFO]:[18:54:36] Starting local search phase...
[INFO]:[18:54:36] Creating local search space from parameter space file: /scratch/yorig/mpils-results-grid-seconds-5-no-mip-start/medium-1/24proc/seed-4/2_cost266-UUE_seed-4_20260502_185238/iterated_local_search/search_space/search_space_file_2_worker_9.txt
[INFO]:[18:54:36] Local search space loaded from file: /scratch/yorig/mpils-results-grid-seconds-5-no-mip-start/medium-1/24proc/seed-4/2_cost266-UUE_seed-4_20260502_185238/iterated_local_search/search_space/search_space_file_2_worker_9.txt
[INFO]:[18:54:36] Number of parameters in local search space: 71
[INFO]:[18:54:36] Number of forbidden tuples in local search space: 26
[INFO]:[18:54:36] Number of conditionals in local search space: 6
[INFO]:[18:54:36] MIP start option not enabled. Local search will proceed without MIP start.
[INFO]:[18:54:36] Evaluating initial configuration for local search phase...
[INFO]:[18:54:36] Starting CPLEX solver on instance: /home/yorig/tuner/mpils-tests/instances/miplib/medium-1/cost266-UUE.mps with config: /scratch/yorig/mpils-results-grid-seconds-5-no-mip-start/medium-1/24proc/seed-4/2_cost266-UUE_seed-4_20260502_185238/iterated_local_search/run_2_worker_9/ils_config_14743228972517107133.prm
[INFO]:[18:54:36] Starting CPLEX solver on instance: /home/yorig/tuner/mpils-tests/instances/miplib/medium-1/cost266-UUE.mps with config: /scratch/yorig/mpils-results-grid-seconds-5-no-mip-start/medium-1/24proc/seed-4/2_cost266-UUE_seed-4_20260502_185238/iterated_local_search/run_2_worker_9/ils_config_14743228972517107133.prm
[INFO]:[18:54:41] CPLEX results. Gap: 12.020000, upper bound: 25650902.020000, lower bound: 22568585.711541
[INFO]:[18:54:41] CPLEX solver finished. Gap: 12.020000
[INFO]:[18:54:41] Initial configuration evaluated with objective value: 12.02
[INFO]:[18:54:41] Starting CPLEX solver on instance: /home/yorig/tuner/mpils-tests/instances/miplib/medium-1/cost266-UUE.mps with config: /scratch/yorig/mpils-results-grid-seconds-5-no-mip-start/medium-1/24proc/seed-4/2_cost266-UUE_seed-4_20260502_185238/iterated_local_search/run_2_worker_9/ils_config_1622294121911504400.prm
[INFO]:[18:54:41] Starting CPLEX solver on instance: /home/yorig/tuner/mpils-tests/instances/miplib/medium-1/cost266-UUE.mps with config: /scratch/yorig/mpils-results-grid-seconds-5-no-mip-start/medium-1/24proc/seed-4/2_cost266-UUE_seed-4_20260502_185238/iterated_local_search/run_2_worker_9/ils_config_1622294121911504400.prm
[INFO]:[18:54:46] CPLEX results. Gap: 11.880000, upper bound: 25650902.020000, lower bound: 22604020.692810
[INFO]:[18:54:46] CPLEX solver finished. Gap: 11.880000
[INFO]:[18:54:46] New incumbent found with objective value: 11.88
[INFO]:[18:54:46] Starting CPLEX solver on instance: /home/yorig/tuner/mpils-tests/instances/miplib/medium-1/cost266-UUE.mps with config: /scratch/yorig/mpils-results-grid-seconds-5-no-mip-start/medium-1/24proc/seed-4/2_cost266-UUE_seed-4_20260502_185238/iterated_local_search/run_2_worker_9/ils_config_2441389346909319519.prm
[INFO]:[18:54:46] Starting CPLEX solver on instance: /home/yorig/tuner/mpils-tests/instances/miplib/medium-1/cost266-UUE.mps with config: /scratch/yorig/mpils-results-grid-seconds-5-no-mip-start/medium-1/24proc/seed-4/2_cost266-UUE_seed-4_20260502_185238/iterated_local_search/run_2_worker_9/ils_config_2441389346909319519.prm
[INFO]:[18:54:51] CPLEX results. Gap: 11.880000, upper bound: 25650902.020000, lower bound: 22604020.692810
[INFO]:[18:54:51] CPLEX solver finished. Gap: 11.880000
[INFO]:[18:54:51] Starting CPLEX solver on instance: /home/yorig/tuner/mpils-tests/instances/miplib/medium-1/cost266-UUE.mps with config: /scratch/yorig/mpils-results-grid-seconds-5-no-mip-start/medium-1/24proc/seed-4/2_cost266-UUE_seed-4_20260502_185238/iterated_local_search/run_2_worker_9/ils_config_8836692718546999440.prm
[INFO]:[18:54:51] Starting CPLEX solver on instance: /home/yorig/tuner/mpils-tests/instances/miplib/medium-1/cost266-UUE.mps with config: /scratch/yorig/mpils-results-grid-seconds-5-no-mip-start/medium-1/24proc/seed-4/2_cost266-UUE_seed-4_20260502_185238/iterated_local_search/run_2_worker_9/ils_config_8836692718546999440.prm
[INFO]:[18:54:56] CPLEX results. Gap: 11.880000, upper bound: 25650902.020000, lower bound: 22604020.692810
[INFO]:[18:54:56] CPLEX solver finished. Gap: 11.880000
[INFO]:[18:54:56] Starting CPLEX solver on instance: /home/yorig/tuner/mpils-tests/instances/miplib/medium-1/cost266-UUE.mps with config: /scratch/yorig/mpils-results-grid-seconds-5-no-mip-start/medium-1/24proc/seed-4/2_cost266-UUE_seed-4_20260502_185238/iterated_local_search/run_2_worker_9/ils_config_12358691721769174313.prm
[INFO]:[18:54:56] Starting CPLEX solver on instance: /home/yorig/tuner/mpils-tests/instances/miplib/medium-1/cost266-UUE.mps with config: /scratch/yorig/mpils-results-grid-seconds-5-no-mip-start/medium-1/24proc/seed-4/2_cost266-UUE_seed-4_20260502_185238/iterated_local_search/run_2_worker_9/ils_config_12358691721769174313.prm
[INFO]:[18:55:01] CPLEX results. Gap: 14.050000, upper bound: 26216673.180000, lower bound: 22532617.033223
[INFO]:[18:55:01] CPLEX solver finished. Gap: 14.050000
[INFO]:[18:55:01] Starting CPLEX solver on instance: /home/yorig/tuner/mpils-tests/instances/miplib/medium-1/cost266-UUE.mps with config: /scratch/yorig/mpils-results-grid-seconds-5-no-mip-start/medium-1/24proc/seed-4/2_cost266-UUE_seed-4_20260502_185238/iterated_local_search/run_2_worker_9/ils_config_5434504863763316482.prm
[INFO]:[18:55:01] Starting CPLEX solver on instance: /home/yorig/tuner/mpils-tests/instances/miplib/medium-1/cost266-UUE.mps with config: /scratch/yorig/mpils-results-grid-seconds-5-no-mip-start/medium-1/24proc/seed-4/2_cost266-UUE_seed-4_20260502_185238/iterated_local_search/run_2_worker_9/ils_config_5434504863763316482.prm
[INFO]:[18:55:06] CPLEX results. Gap: 9.510000, upper bound: 25533883.500000, lower bound: 23106048.643967
[INFO]:[18:55:06] CPLEX solver finished. Gap: 9.510000
[INFO]:[18:55:06] New incumbent found with objective value: 9.51
[INFO]:[18:55:06] Starting CPLEX solver on instance: /home/yorig/tuner/mpils-tests/instances/miplib/medium-1/cost266-UUE.mps with config: /scratch/yorig/mpils-results-grid-seconds-5-no-mip-start/medium-1/24proc/seed-4/2_cost266-UUE_seed-4_20260502_185238/iterated_local_search/run_2_worker_9/ils_config_5822110031154921857.prm
[INFO]:[18:55:06] Starting CPLEX solver on instance: /home/yorig/tuner/mpils-tests/instances/miplib/medium-1/cost266-UUE.mps with config: /scratch/yorig/mpils-results-grid-seconds-5-no-mip-start/medium-1/24proc/seed-4/2_cost266-UUE_seed-4_20260502_185238/iterated_local_search/run_2_worker_9/ils_config_5822110031154921857.prm
[INFO]:[18:55:11] CPLEX results. Gap: 9.510000, upper bound: 25533883.500000, lower bound: 23106048.643967
[INFO]:[18:55:11] CPLEX solver finished. Gap: 9.510000
[INFO]:[18:55:11] Starting CPLEX solver on instance: /home/yorig/tuner/mpils-tests/instances/miplib/medium-1/cost266-UUE.mps with config: /scratch/yorig/mpils-results-grid-seconds-5-no-mip-start/medium-1/24proc/seed-4/2_cost266-UUE_seed-4_20260502_185238/iterated_local_search/run_2_worker_9/ils_config_7355119396888654148.prm
[INFO]:[18:55:11] Starting CPLEX solver on instance: /home/yorig/tuner/mpils-tests/instances/miplib/medium-1/cost266-UUE.mps with config: /scratch/yorig/mpils-results-grid-seconds-5-no-mip-start/medium-1/24proc/seed-4/2_cost266-UUE_seed-4_20260502_185238/iterated_local_search/run_2_worker_9/ils_config_7355119396888654148.prm
[INFO]:[18:55:16] CPLEX results. Gap: 9.290000, upper bound: 25475500.850000, lower bound: 23109538.085733
[INFO]:[18:55:16] CPLEX solver finished. Gap: 9.290000
[INFO]:[18:55:16] New incumbent found with objective value: 9.29
[INFO]:[18:55:16] Starting CPLEX solver on instance: /home/yorig/tuner/mpils-tests/instances/miplib/medium-1/cost266-UUE.mps with config: /scratch/yorig/mpils-results-grid-seconds-5-no-mip-start/medium-1/24proc/seed-4/2_cost266-UUE_seed-4_20260502_185238/iterated_local_search/run_2_worker_9/ils_config_3009890876151149098.prm
[INFO]:[18:55:16] Starting CPLEX solver on instance: /home/yorig/tuner/mpils-tests/instances/miplib/medium-1/cost266-UUE.mps with config: /scratch/yorig/mpils-results-grid-seconds-5-no-mip-start/medium-1/24proc/seed-4/2_cost266-UUE_seed-4_20260502_185238/iterated_local_search/run_2_worker_9/ils_config_3009890876151149098.prm
[INFO]:[18:55:21] CPLEX results. Gap: 11.880000, upper bound: 25646836.120000, lower bound: 22601114.455020
[INFO]:[18:55:21] CPLEX solver finished. Gap: 11.880000
[INFO]:[18:55:21] Starting CPLEX solver on instance: /home/yorig/tuner/mpils-tests/instances/miplib/medium-1/cost266-UUE.mps with config: /scratch/yorig/mpils-results-grid-seconds-5-no-mip-start/medium-1/24proc/seed-4/2_cost266-UUE_seed-4_20260502_185238/iterated_local_search/run_2_worker_9/ils_config_11038157265277523528.prm
[INFO]:[18:55:21] Starting CPLEX solver on instance: /home/yorig/tuner/mpils-tests/instances/miplib/medium-1/cost266-UUE.mps with config: /scratch/yorig/mpils-results-grid-seconds-5-no-mip-start/medium-1/24proc/seed-4/2_cost266-UUE_seed-4_20260502_185238/iterated_local_search/run_2_worker_9/ils_config_11038157265277523528.prm
[INFO]:[18:55:26] CPLEX results. Gap: 9.290000, upper bound: 25475893.220000, lower bound: 23109538.085733
[INFO]:[18:55:26] CPLEX solver finished. Gap: 9.290000
[INFO]:[18:55:26] Starting CPLEX solver on instance: /home/yorig/tuner/mpils-tests/instances/miplib/medium-1/cost266-UUE.mps with config: /scratch/yorig/mpils-results-grid-seconds-5-no-mip-start/medium-1/24proc/seed-4/2_cost266-UUE_seed-4_20260502_185238/iterated_local_search/run_2_worker_9/ils_config_10269176616103247602.prm
[INFO]:[18:55:26] Starting CPLEX solver on instance: /home/yorig/tuner/mpils-tests/instances/miplib/medium-1/cost266-UUE.mps with config: /scratch/yorig/mpils-results-grid-seconds-5-no-mip-start/medium-1/24proc/seed-4/2_cost266-UUE_seed-4_20260502_185238/iterated_local_search/run_2_worker_9/ils_config_10269176616103247602.prm
[INFO]:[18:55:31] CPLEX results. Gap: 8.260000, upper bound: 25331218.800000, lower bound: 23239861.130491
[INFO]:[18:55:31] CPLEX solver finished. Gap: 8.260000
[INFO]:[18:55:31] New incumbent found with objective value: 8.26
[INFO]:[18:55:31] Starting CPLEX solver on instance: /home/yorig/tuner/mpils-tests/instances/miplib/medium-1/cost266-UUE.mps with config: /scratch/yorig/mpils-results-grid-seconds-5-no-mip-start/medium-1/24proc/seed-4/2_cost266-UUE_seed-4_20260502_185238/iterated_local_search/run_2_worker_9/ils_config_14124769607234925061.prm
[INFO]:[18:55:31] Starting CPLEX solver on instance: /home/yorig/tuner/mpils-tests/instances/miplib/medium-1/cost266-UUE.mps with config: /scratch/yorig/mpils-results-grid-seconds-5-no-mip-start/medium-1/24proc/seed-4/2_cost266-UUE_seed-4_20260502_185238/iterated_local_search/run_2_worker_9/ils_config_14124769607234925061.prm
[INFO]:[18:55:36] CPLEX results. Gap: 8.260000, upper bound: 25331218.800000, lower bound: 23239861.130491
[INFO]:[18:55:36] CPLEX solver finished. Gap: 8.260000
[INFO]:[18:55:36] Starting CPLEX solver on instance: /home/yorig/tuner/mpils-tests/instances/miplib/medium-1/cost266-UUE.mps with config: /scratch/yorig/mpils-results-grid-seconds-5-no-mip-start/medium-1/24proc/seed-4/2_cost266-UUE_seed-4_20260502_185238/iterated_local_search/run_2_worker_9/ils_config_4333631500088023336.prm
[INFO]:[18:55:36] Starting CPLEX solver on instance: /home/yorig/tuner/mpils-tests/instances/miplib/medium-1/cost266-UUE.mps with config: /scratch/yorig/mpils-results-grid-seconds-5-no-mip-start/medium-1/24proc/seed-4/2_cost266-UUE_seed-4_20260502_185238/iterated_local_search/run_2_worker_9/ils_config_4333631500088023336.prm
[INFO]:[18:55:41] CPLEX results. Gap: 9.050000, upper bound: 25484229.300000, lower bound: 23178634.030804
[INFO]:[18:55:41] CPLEX solver finished. Gap: 9.050000
[INFO]:[18:55:41] Starting CPLEX solver on instance: /home/yorig/tuner/mpils-tests/instances/miplib/medium-1/cost266-UUE.mps with config: /scratch/yorig/mpils-results-grid-seconds-5-no-mip-start/medium-1/24proc/seed-4/2_cost266-UUE_seed-4_20260502_185238/iterated_local_search/run_2_worker_9/ils_config_4479660133137974199.prm
[INFO]:[18:55:41] Starting CPLEX solver on instance: /home/yorig/tuner/mpils-tests/instances/miplib/medium-1/cost266-UUE.mps with config: /scratch/yorig/mpils-results-grid-seconds-5-no-mip-start/medium-1/24proc/seed-4/2_cost266-UUE_seed-4_20260502_185238/iterated_local_search/run_2_worker_9/ils_config_4479660133137974199.prm
[INFO]:[18:55:46] CPLEX results. Gap: 8.310000, upper bound: 25344636.200000, lower bound: 23239666.704065
[INFO]:[18:55:46] CPLEX solver finished. Gap: 8.310000
[INFO]:[18:55:46] Starting CPLEX solver on instance: /home/yorig/tuner/mpils-tests/instances/miplib/medium-1/cost266-UUE.mps with config: /scratch/yorig/mpils-results-grid-seconds-5-no-mip-start/medium-1/24proc/seed-4/2_cost266-UUE_seed-4_20260502_185238/iterated_local_search/run_2_worker_9/ils_config_15034063442135648958.prm
[INFO]:[18:55:46] Starting CPLEX solver on instance: /home/yorig/tuner/mpils-tests/instances/miplib/medium-1/cost266-UUE.mps with config: /scratch/yorig/mpils-results-grid-seconds-5-no-mip-start/medium-1/24proc/seed-4/2_cost266-UUE_seed-4_20260502_185238/iterated_local_search/run_2_worker_9/ils_config_15034063442135648958.prm
[INFO]:[18:55:51] CPLEX results. Gap: 10.150000, upper bound: 25803265.300000, lower bound: 23185357.626946
[INFO]:[18:55:51] CPLEX solver finished. Gap: 10.150000
[INFO]:[18:55:51] Local search phase completed.
[INFO]:[18:55:51] Total number of new local-search evaluations: 15
[INFO]:[18:55:51] Final incumbent objective value: 8.26
[INFO]:[18:55:52] Worker 9 completed exploration phase.
[INFO]:[18:55:52] Worker 9 received order for step 2.
[INFO]:[18:55:52] Worker 9 running expansion phase for iteration 2.
[INFO]:[18:55:52] Worker 9 will use solver log file: /scratch/yorig/mpils-results-grid-seconds-5-no-mip-start/medium-1/24proc/seed-4/2_cost266-UUE_seed-4_20260502_185238/solver/cplex.log_iteration_expansion_2_worker_9
[INFO]:[18:55:52] Expansion Worker 9 starting expansion for iteration 2.
[INFO]:[18:55:52] Starting CPLEX solver on instance: /home/yorig/tuner/mpils-tests/instances/miplib/medium-1/cost266-UUE.mps with config: /scratch/yorig/mpils-results-grid-seconds-5-no-mip-start/medium-1/24proc/seed-4/2_cost266-UUE_seed-4_20260502_185238/expansion/config_param_CPXPARAM_MIP_Strategy_HeuristicFreq_100_iter_2.prm
[INFO]:[18:55:57] CPLEX results. Gap: 9.690000, upper bound: 25597040.800000, lower bound: 23116551.172188
[INFO]:[18:55:57] CPLEX solver finished. Gap: 9.690000
[INFO]:[18:55:57] Starting CPLEX solver on instance: /home/yorig/tuner/mpils-tests/instances/miplib/medium-1/cost266-UUE.mps with config: /scratch/yorig/mpils-results-grid-seconds-5-no-mip-start/medium-1/24proc/seed-4/2_cost266-UUE_seed-4_20260502_185238/expansion/config_param_CPXPARAM_MIP_Strategy_HeuristicFreq_500_iter_2.prm
[INFO]:[18:56:02] CPLEX results. Gap: 9.440000, upper bound: 25498923.720000, lower bound: 23091603.845454
[INFO]:[18:56:02] CPLEX solver finished. Gap: 9.440000
[INFO]:[18:56:02] Expansion Worker 9 completed expansion.
[INFO]:[18:56:02] Worker 9 completed expansion phase.
[INFO]:[18:56:02] Worker 9 received order for step 1.
[INFO]:[18:56:02] Worker 9 running exploration phase for iteration 3.
[INFO]:[18:56:02] Worker 9 at iteration 3 will not use a MIP start file. Current best MIP-start upper bound threshold is 1.79769e+308.
[INFO]:[18:56:02] Starting local search phase...
[INFO]:[18:56:02] Creating local search space from parameter space file: /scratch/yorig/mpils-results-grid-seconds-5-no-mip-start/medium-1/24proc/seed-4/2_cost266-UUE_seed-4_20260502_185238/iterated_local_search/search_space/search_space_file_3_worker_9.txt
[INFO]:[18:56:02] Local search space loaded from file: /scratch/yorig/mpils-results-grid-seconds-5-no-mip-start/medium-1/24proc/seed-4/2_cost266-UUE_seed-4_20260502_185238/iterated_local_search/search_space/search_space_file_3_worker_9.txt
[INFO]:[18:56:02] Number of parameters in local search space: 71
[INFO]:[18:56:02] Number of forbidden tuples in local search space: 55
[INFO]:[18:56:02] Number of conditionals in local search space: 6
[INFO]:[18:56:02] MIP start option not enabled. Local search will proceed without MIP start.
[INFO]:[18:56:02] Evaluating initial configuration for local search phase...
[INFO]:[18:56:02] Starting CPLEX solver on instance: /home/yorig/tuner/mpils-tests/instances/miplib/medium-1/cost266-UUE.mps with config: /scratch/yorig/mpils-results-grid-seconds-5-no-mip-start/medium-1/24proc/seed-4/2_cost266-UUE_seed-4_20260502_185238/iterated_local_search/run_3_worker_9/ils_config_2070173708343909481.prm
[INFO]:[18:56:02] Starting CPLEX solver on instance: /home/yorig/tuner/mpils-tests/instances/miplib/medium-1/cost266-UUE.mps with config: /scratch/yorig/mpils-results-grid-seconds-5-no-mip-start/medium-1/24proc/seed-4/2_cost266-UUE_seed-4_20260502_185238/iterated_local_search/run_3_worker_9/ils_config_2070173708343909481.prm
[INFO]:[18:56:07] CPLEX results. Gap: 17.950000, upper bound: 27907651.580000, lower bound: 22899218.621411
[INFO]:[18:56:07] CPLEX solver finished. Gap: 17.950000
[INFO]:[18:56:07] Initial configuration evaluated with objective value: 17.95
[INFO]:[18:56:07] Starting CPLEX solver on instance: /home/yorig/tuner/mpils-tests/instances/miplib/medium-1/cost266-UUE.mps with config: /scratch/yorig/mpils-results-grid-seconds-5-no-mip-start/medium-1/24proc/seed-4/2_cost266-UUE_seed-4_20260502_185238/iterated_local_search/run_3_worker_9/ils_config_17051651739340127323.prm
[INFO]:[18:56:07] Starting CPLEX solver on instance: /home/yorig/tuner/mpils-tests/instances/miplib/medium-1/cost266-UUE.mps with config: /scratch/yorig/mpils-results-grid-seconds-5-no-mip-start/medium-1/24proc/seed-4/2_cost266-UUE_seed-4_20260502_185238/iterated_local_search/run_3_worker_9/ils_config_17051651739340127323.prm
[INFO]:[18:56:12] CPLEX results. Gap: 10.530000, upper bound: 25549054.020000, lower bound: 22857925.672915
[INFO]:[18:56:12] CPLEX solver finished. Gap: 10.530000
[INFO]:[18:56:12] New incumbent found with objective value: 10.53
[INFO]:[18:56:12] Starting CPLEX solver on instance: /home/yorig/tuner/mpils-tests/instances/miplib/medium-1/cost266-UUE.mps with config: /scratch/yorig/mpils-results-grid-seconds-5-no-mip-start/medium-1/24proc/seed-4/2_cost266-UUE_seed-4_20260502_185238/iterated_local_search/run_3_worker_9/ils_config_12160322494748213906.prm
[INFO]:[18:56:12] Starting CPLEX solver on instance: /home/yorig/tuner/mpils-tests/instances/miplib/medium-1/cost266-UUE.mps with config: /scratch/yorig/mpils-results-grid-seconds-5-no-mip-start/medium-1/24proc/seed-4/2_cost266-UUE_seed-4_20260502_185238/iterated_local_search/run_3_worker_9/ils_config_12160322494748213906.prm
[INFO]:[18:56:17] CPLEX results. Gap: 10.530000, upper bound: 25549054.020000, lower bound: 22857925.672915
[INFO]:[18:56:17] CPLEX solver finished. Gap: 10.530000
[INFO]:[18:56:17] Starting CPLEX solver on instance: /home/yorig/tuner/mpils-tests/instances/miplib/medium-1/cost266-UUE.mps with config: /scratch/yorig/mpils-results-grid-seconds-5-no-mip-start/medium-1/24proc/seed-4/2_cost266-UUE_seed-4_20260502_185238/iterated_local_search/run_3_worker_9/ils_config_12237914453079889796.prm
[INFO]:[18:56:17] Starting CPLEX solver on instance: /home/yorig/tuner/mpils-tests/instances/miplib/medium-1/cost266-UUE.mps with config: /scratch/yorig/mpils-results-grid-seconds-5-no-mip-start/medium-1/24proc/seed-4/2_cost266-UUE_seed-4_20260502_185238/iterated_local_search/run_3_worker_9/ils_config_12237914453079889796.prm
[INFO]:[18:56:22] CPLEX results. Gap: 10.300000, upper bound: 25549054.020000, lower bound: 22918227.259763
[INFO]:[18:56:22] CPLEX solver finished. Gap: 10.300000
[INFO]:[18:56:22] New incumbent found with objective value: 10.3
[INFO]:[18:56:22] Starting CPLEX solver on instance: /home/yorig/tuner/mpils-tests/instances/miplib/medium-1/cost266-UUE.mps with config: /scratch/yorig/mpils-results-grid-seconds-5-no-mip-start/medium-1/24proc/seed-4/2_cost266-UUE_seed-4_20260502_185238/iterated_local_search/run_3_worker_9/ils_config_17952576566639628168.prm
[INFO]:[18:56:22] Starting CPLEX solver on instance: /home/yorig/tuner/mpils-tests/instances/miplib/medium-1/cost266-UUE.mps with config: /scratch/yorig/mpils-results-grid-seconds-5-no-mip-start/medium-1/24proc/seed-4/2_cost266-UUE_seed-4_20260502_185238/iterated_local_search/run_3_worker_9/ils_config_17952576566639628168.prm
[INFO]:[18:56:28] CPLEX results. Gap: 10.300000, upper bound: 25549054.020000, lower bound: 22918227.259763
[INFO]:[18:56:28] CPLEX solver finished. Gap: 10.300000
[INFO]:[18:56:28] Local search phase completed.
[INFO]:[18:56:28] Total number of new local-search evaluations: 5
[INFO]:[18:56:28] Final incumbent objective value: 10.3
[INFO]:[18:56:28] Worker 9 completed exploration phase.
[INFO]:[18:56:28] Worker 9 received order for step 2.
[INFO]:[18:56:28] Worker 9 running expansion phase for iteration 3.
[INFO]:[18:56:28] Worker 9 will use solver log file: /scratch/yorig/mpils-results-grid-seconds-5-no-mip-start/medium-1/24proc/seed-4/2_cost266-UUE_seed-4_20260502_185238/solver/cplex.log_iteration_expansion_3_worker_9
[INFO]:[18:56:28] Expansion Worker 9 starting expansion for iteration 3.
[INFO]:[18:56:28] Starting CPLEX solver on instance: /home/yorig/tuner/mpils-tests/instances/miplib/medium-1/cost266-UUE.mps with config: /scratch/yorig/mpils-results-grid-seconds-5-no-mip-start/medium-1/24proc/seed-4/2_cost266-UUE_seed-4_20260502_185238/expansion/config_param_CPXPARAM_Barrier_Crossover_2_iter_3.prm
[INFO]:[18:56:33] CPLEX results. Gap: 6.170000, upper bound: 25258128.140000, lower bound: 23699312.592497
[INFO]:[18:56:33] CPLEX solver finished. Gap: 6.170000
[INFO]:[18:56:38] Expansion Worker 9 completed expansion.
[INFO]:[18:56:38] Worker 9 completed expansion phase.
[INFO]:[18:56:38] Worker 9 received order for step 1.
[INFO]:[18:56:38] Worker 9 running exploration phase for iteration 4.
[INFO]:[18:56:38] Worker 9 at iteration 4 will not use a MIP start file. Current best MIP-start upper bound threshold is 1.79769e+308.
[INFO]:[18:56:38] Starting local search phase...
[INFO]:[18:56:38] Creating local search space from parameter space file: /scratch/yorig/mpils-results-grid-seconds-5-no-mip-start/medium-1/24proc/seed-4/2_cost266-UUE_seed-4_20260502_185238/iterated_local_search/search_space/search_space_file_4_worker_9.txt
[INFO]:[18:56:38] Local search space loaded from file: /scratch/yorig/mpils-results-grid-seconds-5-no-mip-start/medium-1/24proc/seed-4/2_cost266-UUE_seed-4_20260502_185238/iterated_local_search/search_space/search_space_file_4_worker_9.txt
[INFO]:[18:56:38] Number of parameters in local search space: 71
[INFO]:[18:56:38] Number of forbidden tuples in local search space: 83
[INFO]:[18:56:38] Number of conditionals in local search space: 6
[INFO]:[18:56:38] MIP start option not enabled. Local search will proceed without MIP start.
[INFO]:[18:56:38] Evaluating initial configuration for local search phase...
[INFO]:[18:56:38] Starting CPLEX solver on instance: /home/yorig/tuner/mpils-tests/instances/miplib/medium-1/cost266-UUE.mps with config: /scratch/yorig/mpils-results-grid-seconds-5-no-mip-start/medium-1/24proc/seed-4/2_cost266-UUE_seed-4_20260502_185238/iterated_local_search/run_4_worker_9/ils_config_14510303497557006747.prm
[INFO]:[18:56:38] Starting CPLEX solver on instance: /home/yorig/tuner/mpils-tests/instances/miplib/medium-1/cost266-UUE.mps with config: /scratch/yorig/mpils-results-grid-seconds-5-no-mip-start/medium-1/24proc/seed-4/2_cost266-UUE_seed-4_20260502_185238/iterated_local_search/run_4_worker_9/ils_config_14510303497557006747.prm
[INFO]:[18:56:43] CPLEX results. Gap: 9.540000, upper bound: 25342112.800000, lower bound: 22924409.909542
[INFO]:[18:56:44] CPLEX solver finished. Gap: 9.540000
[INFO]:[18:56:44] Initial configuration evaluated with objective value: 9.54
[INFO]:[18:56:44] Starting CPLEX solver on instance: /home/yorig/tuner/mpils-tests/instances/miplib/medium-1/cost266-UUE.mps with config: /scratch/yorig/mpils-results-grid-seconds-5-no-mip-start/medium-1/24proc/seed-4/2_cost266-UUE_seed-4_20260502_185238/iterated_local_search/run_4_worker_9/ils_config_11675282267869353826.prm
[INFO]:[18:56:44] Starting CPLEX solver on instance: /home/yorig/tuner/mpils-tests/instances/miplib/medium-1/cost266-UUE.mps with config: /scratch/yorig/mpils-results-grid-seconds-5-no-mip-start/medium-1/24proc/seed-4/2_cost266-UUE_seed-4_20260502_185238/iterated_local_search/run_4_worker_9/ils_config_11675282267869353826.prm
[INFO]:[18:56:49] CPLEX results. Gap: 9.720000, upper bound: 25342112.800000, lower bound: 22878279.090530
[INFO]:[18:56:49] CPLEX solver finished. Gap: 9.720000
[INFO]:[18:56:49] Starting CPLEX solver on instance: /home/yorig/tuner/mpils-tests/instances/miplib/medium-1/cost266-UUE.mps with config: /scratch/yorig/mpils-results-grid-seconds-5-no-mip-start/medium-1/24proc/seed-4/2_cost266-UUE_seed-4_20260502_185238/iterated_local_search/run_4_worker_9/ils_config_7830850591036679222.prm
[INFO]:[18:56:49] Starting CPLEX solver on instance: /home/yorig/tuner/mpils-tests/instances/miplib/medium-1/cost266-UUE.mps with config: /scratch/yorig/mpils-results-grid-seconds-5-no-mip-start/medium-1/24proc/seed-4/2_cost266-UUE_seed-4_20260502_185238/iterated_local_search/run_4_worker_9/ils_config_7830850591036679222.prm
[INFO]:[18:56:54] CPLEX results. Gap: 9.290000, upper bound: 25445574.820000, lower bound: 23081190.284060
[INFO]:[18:56:54] CPLEX solver finished. Gap: 9.290000
[INFO]:[18:56:54] New incumbent found with objective value: 9.29
[INFO]:[18:56:54] Starting CPLEX solver on instance: /home/yorig/tuner/mpils-tests/instances/miplib/medium-1/cost266-UUE.mps with config: /scratch/yorig/mpils-results-grid-seconds-5-no-mip-start/medium-1/24proc/seed-4/2_cost266-UUE_seed-4_20260502_185238/iterated_local_search/run_4_worker_9/ils_config_16996090302811545204.prm
[INFO]:[18:56:54] Starting CPLEX solver on instance: /home/yorig/tuner/mpils-tests/instances/miplib/medium-1/cost266-UUE.mps with config: /scratch/yorig/mpils-results-grid-seconds-5-no-mip-start/medium-1/24proc/seed-4/2_cost266-UUE_seed-4_20260502_185238/iterated_local_search/run_4_worker_9/ils_config_16996090302811545204.prm
[INFO]:[18:56:59] CPLEX results. Gap: 10.920000, upper bound: 25722826.020000, lower bound: 22914146.743695
[INFO]:[18:56:59] CPLEX solver finished. Gap: 10.920000
[INFO]:[18:56:59] Starting CPLEX solver on instance: /home/yorig/tuner/mpils-tests/instances/miplib/medium-1/cost266-UUE.mps with config: /scratch/yorig/mpils-results-grid-seconds-5-no-mip-start/medium-1/24proc/seed-4/2_cost266-UUE_seed-4_20260502_185238/iterated_local_search/run_4_worker_9/ils_config_3956220854232568327.prm
[INFO]:[18:56:59] Starting CPLEX solver on instance: /home/yorig/tuner/mpils-tests/instances/miplib/medium-1/cost266-UUE.mps with config: /scratch/yorig/mpils-results-grid-seconds-5-no-mip-start/medium-1/24proc/seed-4/2_cost266-UUE_seed-4_20260502_185238/iterated_local_search/run_4_worker_9/ils_config_3956220854232568327.prm
[INFO]:[18:57:04] CPLEX results. Gap: 9.290000, upper bound: 25445574.820000, lower bound: 23081190.284060
[INFO]:[18:57:04] CPLEX solver finished. Gap: 9.290000
[INFO]:[18:57:04] Starting CPLEX solver on instance: /home/yorig/tuner/mpils-tests/instances/miplib/medium-1/cost266-UUE.mps with config: /scratch/yorig/mpils-results-grid-seconds-5-no-mip-start/medium-1/24proc/seed-4/2_cost266-UUE_seed-4_20260502_185238/iterated_local_search/run_4_worker_9/ils_config_7045818241690756243.prm
[INFO]:[18:57:04] Starting CPLEX solver on instance: /home/yorig/tuner/mpils-tests/instances/miplib/medium-1/cost266-UUE.mps with config: /scratch/yorig/mpils-results-grid-seconds-5-no-mip-start/medium-1/24proc/seed-4/2_cost266-UUE_seed-4_20260502_185238/iterated_local_search/run_4_worker_9/ils_config_7045818241690756243.prm
[INFO]:[18:57:09] CPLEX results. Gap: 17.890000, upper bound: 27855656.860000, lower bound: 22872908.463381
[INFO]:[18:57:09] CPLEX solver finished. Gap: 17.890000
[INFO]:[18:57:09] Starting CPLEX solver on instance: /home/yorig/tuner/mpils-tests/instances/miplib/medium-1/cost266-UUE.mps with config: /scratch/yorig/mpils-results-grid-seconds-5-no-mip-start/medium-1/24proc/seed-4/2_cost266-UUE_seed-4_20260502_185238/iterated_local_search/run_4_worker_9/ils_config_18104521602930294109.prm
[INFO]:[18:57:09] Starting CPLEX solver on instance: /home/yorig/tuner/mpils-tests/instances/miplib/medium-1/cost266-UUE.mps with config: /scratch/yorig/mpils-results-grid-seconds-5-no-mip-start/medium-1/24proc/seed-4/2_cost266-UUE_seed-4_20260502_185238/iterated_local_search/run_4_worker_9/ils_config_18104521602930294109.prm
[INFO]:[18:57:14] CPLEX results. Gap: 8.600000, upper bound: 25323222.500000, lower bound: 23145906.895790
[INFO]:[18:57:14] CPLEX solver finished. Gap: 8.600000
[INFO]:[18:57:14] New incumbent found with objective value: 8.6
[INFO]:[18:57:14] Starting CPLEX solver on instance: /home/yorig/tuner/mpils-tests/instances/miplib/medium-1/cost266-UUE.mps with config: /scratch/yorig/mpils-results-grid-seconds-5-no-mip-start/medium-1/24proc/seed-4/2_cost266-UUE_seed-4_20260502_185238/iterated_local_search/run_4_worker_9/ils_config_5256617331492786080.prm
[INFO]:[18:57:14] Starting CPLEX solver on instance: /home/yorig/tuner/mpils-tests/instances/miplib/medium-1/cost266-UUE.mps with config: /scratch/yorig/mpils-results-grid-seconds-5-no-mip-start/medium-1/24proc/seed-4/2_cost266-UUE_seed-4_20260502_185238/iterated_local_search/run_4_worker_9/ils_config_5256617331492786080.prm
[INFO]:[18:57:19] CPLEX results. Gap: 8.600000, upper bound: 25323222.500000, lower bound: 23145906.895790
[INFO]:[18:57:19] CPLEX solver finished. Gap: 8.600000
[INFO]:[18:57:19] Starting CPLEX solver on instance: /home/yorig/tuner/mpils-tests/instances/miplib/medium-1/cost266-UUE.mps with config: /scratch/yorig/mpils-results-grid-seconds-5-no-mip-start/medium-1/24proc/seed-4/2_cost266-UUE_seed-4_20260502_185238/iterated_local_search/run_4_worker_9/ils_config_3402267477125444361.prm
[INFO]:[18:57:19] Starting CPLEX solver on instance: /home/yorig/tuner/mpils-tests/instances/miplib/medium-1/cost266-UUE.mps with config: /scratch/yorig/mpils-results-grid-seconds-5-no-mip-start/medium-1/24proc/seed-4/2_cost266-UUE_seed-4_20260502_185238/iterated_local_search/run_4_worker_9/ils_config_3402267477125444361.prm
[INFO]:[18:57:24] CPLEX results. Gap: 8.600000, upper bound: 25323222.500000, lower bound: 23145906.895790
[INFO]:[18:57:24] CPLEX solver finished. Gap: 8.600000
[INFO]:[18:57:24] Starting CPLEX solver on instance: /home/yorig/tuner/mpils-tests/instances/miplib/medium-1/cost266-UUE.mps with config: /scratch/yorig/mpils-results-grid-seconds-5-no-mip-start/medium-1/24proc/seed-4/2_cost266-UUE_seed-4_20260502_185238/iterated_local_search/run_4_worker_9/ils_config_17720489963937170216.prm
[INFO]:[18:57:24] Starting CPLEX solver on instance: /home/yorig/tuner/mpils-tests/instances/miplib/medium-1/cost266-UUE.mps with config: /scratch/yorig/mpils-results-grid-seconds-5-no-mip-start/medium-1/24proc/seed-4/2_cost266-UUE_seed-4_20260502_185238/iterated_local_search/run_4_worker_9/ils_config_17720489963937170216.prm
[INFO]:[18:57:29] CPLEX results. Gap: 8.370000, upper bound: 25323222.500000, lower bound: 23203415.553884
[INFO]:[18:57:29] CPLEX solver finished. Gap: 8.370000
[INFO]:[18:57:29] New incumbent found with objective value: 8.37
[INFO]:[18:57:29] Starting CPLEX solver on instance: /home/yorig/tuner/mpils-tests/instances/miplib/medium-1/cost266-UUE.mps with config: /scratch/yorig/mpils-results-grid-seconds-5-no-mip-start/medium-1/24proc/seed-4/2_cost266-UUE_seed-4_20260502_185238/iterated_local_search/run_4_worker_9/ils_config_5126630247183458975.prm
[INFO]:[18:57:29] Starting CPLEX solver on instance: /home/yorig/tuner/mpils-tests/instances/miplib/medium-1/cost266-UUE.mps with config: /scratch/yorig/mpils-results-grid-seconds-5-no-mip-start/medium-1/24proc/seed-4/2_cost266-UUE_seed-4_20260502_185238/iterated_local_search/run_4_worker_9/ils_config_5126630247183458975.prm
[INFO]:[18:57:34] CPLEX results. Gap: 8.370000, upper bound: 25323222.500000, lower bound: 23203415.553884
[INFO]:[18:57:34] CPLEX solver finished. Gap: 8.370000
[INFO]:[18:57:34] Starting CPLEX solver on instance: /home/yorig/tuner/mpils-tests/instances/miplib/medium-1/cost266-UUE.mps with config: /scratch/yorig/mpils-results-grid-seconds-5-no-mip-start/medium-1/24proc/seed-4/2_cost266-UUE_seed-4_20260502_185238/iterated_local_search/run_4_worker_9/ils_config_10582989650796685715.prm
[INFO]:[18:57:34] Starting CPLEX solver on instance: /home/yorig/tuner/mpils-tests/instances/miplib/medium-1/cost266-UUE.mps with config: /scratch/yorig/mpils-results-grid-seconds-5-no-mip-start/medium-1/24proc/seed-4/2_cost266-UUE_seed-4_20260502_185238/iterated_local_search/run_4_worker_9/ils_config_10582989650796685715.prm
[INFO]:[18:57:39] CPLEX results. Gap: 8.260000, upper bound: 25323222.500000, lower bound: 23232157.605655
[INFO]:[18:57:39] CPLEX solver finished. Gap: 8.260000
[INFO]:[18:57:39] New incumbent found with objective value: 8.26
[INFO]:[18:57:39] Starting CPLEX solver on instance: /home/yorig/tuner/mpils-tests/instances/miplib/medium-1/cost266-UUE.mps with config: /scratch/yorig/mpils-results-grid-seconds-5-no-mip-start/medium-1/24proc/seed-4/2_cost266-UUE_seed-4_20260502_185238/iterated_local_search/run_4_worker_9/ils_config_9832255959651346668.prm
[INFO]:[18:57:39] Starting CPLEX solver on instance: /home/yorig/tuner/mpils-tests/instances/miplib/medium-1/cost266-UUE.mps with config: /scratch/yorig/mpils-results-grid-seconds-5-no-mip-start/medium-1/24proc/seed-4/2_cost266-UUE_seed-4_20260502_185238/iterated_local_search/run_4_worker_9/ils_config_9832255959651346668.prm
[INFO]:[18:57:44] CPLEX results. Gap: 8.260000, upper bound: 25323222.500000, lower bound: 23232157.605655
[INFO]:[18:57:44] CPLEX solver finished. Gap: 8.260000
[INFO]:[18:57:44] Starting CPLEX solver on instance: /home/yorig/tuner/mpils-tests/instances/miplib/medium-1/cost266-UUE.mps with config: /scratch/yorig/mpils-results-grid-seconds-5-no-mip-start/medium-1/24proc/seed-4/2_cost266-UUE_seed-4_20260502_185238/iterated_local_search/run_4_worker_9/ils_config_3411789686628240536.prm
[INFO]:[18:57:44] Starting CPLEX solver on instance: /home/yorig/tuner/mpils-tests/instances/miplib/medium-1/cost266-UUE.mps with config: /scratch/yorig/mpils-results-grid-seconds-5-no-mip-start/medium-1/24proc/seed-4/2_cost266-UUE_seed-4_20260502_185238/iterated_local_search/run_4_worker_9/ils_config_3411789686628240536.prm
[INFO]:[18:57:49] CPLEX results. Gap: 8.260000, upper bound: 25323222.500000, lower bound: 23232157.605655
[INFO]:[18:57:49] CPLEX solver finished. Gap: 8.260000
[INFO]:[18:57:49] Local search phase completed.
[INFO]:[18:57:49] Total number of new local-search evaluations: 14
[INFO]:[18:57:49] Final incumbent objective value: 8.26
[INFO]:[18:57:49] Worker 9 completed exploration phase.
[INFO]:[18:57:49] Worker 9 received order for step 2.
[INFO]:[18:57:49] Worker 9 running expansion phase for iteration 4.
[INFO]:[18:57:49] Worker 9 will use solver log file: /scratch/yorig/mpils-results-grid-seconds-5-no-mip-start/medium-1/24proc/seed-4/2_cost266-UUE_seed-4_20260502_185238/solver/cplex.log_iteration_expansion_4_worker_9
[INFO]:[18:57:49] Expansion Worker 9 starting expansion for iteration 4.
[INFO]:[18:57:49] Starting CPLEX solver on instance: /home/yorig/tuner/mpils-tests/instances/miplib/medium-1/cost266-UUE.mps with config: /scratch/yorig/mpils-results-grid-seconds-5-no-mip-start/medium-1/24proc/seed-4/2_cost266-UUE_seed-4_20260502_185238/expansion/config_param_CPXPARAM_MIP_OrderType_3_iter_4.prm
[INFO]:[18:57:55] CPLEX results. Gap: 13.410000, upper bound: 26172227.980000, lower bound: 22662115.653039
[INFO]:[18:57:55] CPLEX solver finished. Gap: 13.410000
[INFO]:[18:58:00] Expansion Worker 9 completed expansion.
[INFO]:[18:58:00] Worker 9 completed expansion phase.
[INFO]:[18:58:01] Worker 9 received order for step 1.
[INFO]:[18:58:01] Worker 9 running exploration phase for iteration 5.
[INFO]:[18:58:01] Worker 9 at iteration 5 will not use a MIP start file. Current best MIP-start upper bound threshold is 1.79769e+308.
[INFO]:[18:58:01] Starting local search phase...
[INFO]:[18:58:01] Creating local search space from parameter space file: /scratch/yorig/mpils-results-grid-seconds-5-no-mip-start/medium-1/24proc/seed-4/2_cost266-UUE_seed-4_20260502_185238/iterated_local_search/search_space/search_space_file_5_worker_9.txt
[INFO]:[18:58:01] Local search space loaded from file: /scratch/yorig/mpils-results-grid-seconds-5-no-mip-start/medium-1/24proc/seed-4/2_cost266-UUE_seed-4_20260502_185238/iterated_local_search/search_space/search_space_file_5_worker_9.txt
[INFO]:[18:58:01] Number of parameters in local search space: 71
[INFO]:[18:58:01] Number of forbidden tuples in local search space: 112
[INFO]:[18:58:01] Number of conditionals in local search space: 6
[INFO]:[18:58:01] MIP start option not enabled. Local search will proceed without MIP start.
[INFO]:[18:58:01] Evaluating initial configuration for local search phase...
[INFO]:[18:58:01] Starting CPLEX solver on instance: /home/yorig/tuner/mpils-tests/instances/miplib/medium-1/cost266-UUE.mps with config: /scratch/yorig/mpils-results-grid-seconds-5-no-mip-start/medium-1/24proc/seed-4/2_cost266-UUE_seed-4_20260502_185238/iterated_local_search/run_5_worker_9/ils_config_480386783628698939.prm
[INFO]:[18:58:01] Starting CPLEX solver on instance: /home/yorig/tuner/mpils-tests/instances/miplib/medium-1/cost266-UUE.mps with config: /scratch/yorig/mpils-results-grid-seconds-5-no-mip-start/medium-1/24proc/seed-4/2_cost266-UUE_seed-4_20260502_185238/iterated_local_search/run_5_worker_9/ils_config_480386783628698939.prm
[INFO]:[18:58:06] CPLEX results. Gap: 12.920000, upper bound: 26108431.950000, lower bound: 22734007.470434
[INFO]:[18:58:06] CPLEX solver finished. Gap: 12.920000
[INFO]:[18:58:06] Initial configuration evaluated with objective value: 12.92
[INFO]:[18:58:06] Starting CPLEX solver on instance: /home/yorig/tuner/mpils-tests/instances/miplib/medium-1/cost266-UUE.mps with config: /scratch/yorig/mpils-results-grid-seconds-5-no-mip-start/medium-1/24proc/seed-4/2_cost266-UUE_seed-4_20260502_185238/iterated_local_search/run_5_worker_9/ils_config_9568371102280510448.prm
[INFO]:[18:58:06] Starting CPLEX solver on instance: /home/yorig/tuner/mpils-tests/instances/miplib/medium-1/cost266-UUE.mps with config: /scratch/yorig/mpils-results-grid-seconds-5-no-mip-start/medium-1/24proc/seed-4/2_cost266-UUE_seed-4_20260502_185238/iterated_local_search/run_5_worker_9/ils_config_9568371102280510448.prm
[INFO]:[18:58:11] CPLEX results. Gap: 12.920000, upper bound: 26108431.950000, lower bound: 22734007.470434
[INFO]:[18:58:11] CPLEX solver finished. Gap: 12.920000
[INFO]:[18:58:11] Starting CPLEX solver on instance: /home/yorig/tuner/mpils-tests/instances/miplib/medium-1/cost266-UUE.mps with config: /scratch/yorig/mpils-results-grid-seconds-5-no-mip-start/medium-1/24proc/seed-4/2_cost266-UUE_seed-4_20260502_185238/iterated_local_search/run_5_worker_9/ils_config_8207305466667059105.prm
[INFO]:[18:58:11] Starting CPLEX solver on instance: /home/yorig/tuner/mpils-tests/instances/miplib/medium-1/cost266-UUE.mps with config: /scratch/yorig/mpils-results-grid-seconds-5-no-mip-start/medium-1/24proc/seed-4/2_cost266-UUE_seed-4_20260502_185238/iterated_local_search/run_5_worker_9/ils_config_8207305466667059105.prm
[INFO]:[18:58:16] CPLEX results. Gap: 12.920000, upper bound: 26108431.950000, lower bound: 22734007.470434
[INFO]:[18:58:16] CPLEX solver finished. Gap: 12.920000
[INFO]:[18:58:16] Starting CPLEX solver on instance: /home/yorig/tuner/mpils-tests/instances/miplib/medium-1/cost266-UUE.mps with config: /scratch/yorig/mpils-results-grid-seconds-5-no-mip-start/medium-1/24proc/seed-4/2_cost266-UUE_seed-4_20260502_185238/iterated_local_search/run_5_worker_9/ils_config_5695038866064343654.prm
[INFO]:[18:58:16] Starting CPLEX solver on instance: /home/yorig/tuner/mpils-tests/instances/miplib/medium-1/cost266-UUE.mps with config: /scratch/yorig/mpils-results-grid-seconds-5-no-mip-start/medium-1/24proc/seed-4/2_cost266-UUE_seed-4_20260502_185238/iterated_local_search/run_5_worker_9/ils_config_5695038866064343654.prm
[INFO]:[18:58:21] CPLEX results. Gap: 12.920000, upper bound: 26108431.950000, lower bound: 22734007.470434
[INFO]:[18:58:21] CPLEX solver finished. Gap: 12.920000
[INFO]:[18:58:21] Starting CPLEX solver on instance: /home/yorig/tuner/mpils-tests/instances/miplib/medium-1/cost266-UUE.mps with config: /scratch/yorig/mpils-results-grid-seconds-5-no-mip-start/medium-1/24proc/seed-4/2_cost266-UUE_seed-4_20260502_185238/iterated_local_search/run_5_worker_9/ils_config_13073247296380731417.prm
[INFO]:[18:58:21] Starting CPLEX solver on instance: /home/yorig/tuner/mpils-tests/instances/miplib/medium-1/cost266-UUE.mps with config: /scratch/yorig/mpils-results-grid-seconds-5-no-mip-start/medium-1/24proc/seed-4/2_cost266-UUE_seed-4_20260502_185238/iterated_local_search/run_5_worker_9/ils_config_13073247296380731417.prm
[INFO]:[18:58:26] CPLEX results. Gap: 12.920000, upper bound: 26108431.950000, lower bound: 22734007.470434
[INFO]:[18:58:26] CPLEX solver finished. Gap: 12.920000
[INFO]:[18:58:26] Starting CPLEX solver on instance: /home/yorig/tuner/mpils-tests/instances/miplib/medium-1/cost266-UUE.mps with config: /scratch/yorig/mpils-results-grid-seconds-5-no-mip-start/medium-1/24proc/seed-4/2_cost266-UUE_seed-4_20260502_185238/iterated_local_search/run_5_worker_9/ils_config_14073862154301745484.prm
[INFO]:[18:58:26] Starting CPLEX solver on instance: /home/yorig/tuner/mpils-tests/instances/miplib/medium-1/cost266-UUE.mps with config: /scratch/yorig/mpils-results-grid-seconds-5-no-mip-start/medium-1/24proc/seed-4/2_cost266-UUE_seed-4_20260502_185238/iterated_local_search/run_5_worker_9/ils_config_14073862154301745484.prm
[INFO]:[18:58:31] CPLEX results. Gap: 12.920000, upper bound: 26108431.950000, lower bound: 22734007.470434
[INFO]:[18:58:31] CPLEX solver finished. Gap: 12.920000
[INFO]:[18:58:31] Starting CPLEX solver on instance: /home/yorig/tuner/mpils-tests/instances/miplib/medium-1/cost266-UUE.mps with config: /scratch/yorig/mpils-results-grid-seconds-5-no-mip-start/medium-1/24proc/seed-4/2_cost266-UUE_seed-4_20260502_185238/iterated_local_search/run_5_worker_9/ils_config_8083584074317693517.prm
[INFO]:[18:58:31] Starting CPLEX solver on instance: /home/yorig/tuner/mpils-tests/instances/miplib/medium-1/cost266-UUE.mps with config: /scratch/yorig/mpils-results-grid-seconds-5-no-mip-start/medium-1/24proc/seed-4/2_cost266-UUE_seed-4_20260502_185238/iterated_local_search/run_5_worker_9/ils_config_8083584074317693517.prm
[INFO]:[18:58:36] CPLEX results. Gap: 13.270000, upper bound: 26108431.950000, lower bound: 22643729.489850
[INFO]:[18:58:36] CPLEX solver finished. Gap: 13.270000
[INFO]:[18:58:36] Starting CPLEX solver on instance: /home/yorig/tuner/mpils-tests/instances/miplib/medium-1/cost266-UUE.mps with config: /scratch/yorig/mpils-results-grid-seconds-5-no-mip-start/medium-1/24proc/seed-4/2_cost266-UUE_seed-4_20260502_185238/iterated_local_search/run_5_worker_9/ils_config_14253289497864940997.prm
[INFO]:[18:58:36] Starting CPLEX solver on instance: /home/yorig/tuner/mpils-tests/instances/miplib/medium-1/cost266-UUE.mps with config: /scratch/yorig/mpils-results-grid-seconds-5-no-mip-start/medium-1/24proc/seed-4/2_cost266-UUE_seed-4_20260502_185238/iterated_local_search/run_5_worker_9/ils_config_14253289497864940997.prm
[INFO]:[18:58:41] CPLEX results. Gap: 12.920000, upper bound: 26108431.950000, lower bound: 22734007.470434
[INFO]:[18:58:41] CPLEX solver finished. Gap: 12.920000
[INFO]:[18:58:41] Starting CPLEX solver on instance: /home/yorig/tuner/mpils-tests/instances/miplib/medium-1/cost266-UUE.mps with config: /scratch/yorig/mpils-results-grid-seconds-5-no-mip-start/medium-1/24proc/seed-4/2_cost266-UUE_seed-4_20260502_185238/iterated_local_search/run_5_worker_9/ils_config_3558927605246047933.prm
[INFO]:[18:58:41] Starting CPLEX solver on instance: /home/yorig/tuner/mpils-tests/instances/miplib/medium-1/cost266-UUE.mps with config: /scratch/yorig/mpils-results-grid-seconds-5-no-mip-start/medium-1/24proc/seed-4/2_cost266-UUE_seed-4_20260502_185238/iterated_local_search/run_5_worker_9/ils_config_3558927605246047933.prm
[INFO]:[18:58:46] CPLEX results. Gap: 12.920000, upper bound: 26108431.950000, lower bound: 22734007.470434
[INFO]:[18:58:46] CPLEX solver finished. Gap: 12.920000
[INFO]:[18:58:46] Starting CPLEX solver on instance: /home/yorig/tuner/mpils-tests/instances/miplib/medium-1/cost266-UUE.mps with config: /scratch/yorig/mpils-results-grid-seconds-5-no-mip-start/medium-1/24proc/seed-4/2_cost266-UUE_seed-4_20260502_185238/iterated_local_search/run_5_worker_9/ils_config_1778683052893907860.prm
[INFO]:[18:58:46] Starting CPLEX solver on instance: /home/yorig/tuner/mpils-tests/instances/miplib/medium-1/cost266-UUE.mps with config: /scratch/yorig/mpils-results-grid-seconds-5-no-mip-start/medium-1/24proc/seed-4/2_cost266-UUE_seed-4_20260502_185238/iterated_local_search/run_5_worker_9/ils_config_1778683052893907860.prm
[INFO]:[18:58:51] CPLEX results. Gap: 13.270000, upper bound: 26108431.950000, lower bound: 22643729.489850
[INFO]:[18:58:51] CPLEX solver finished. Gap: 13.270000
[INFO]:[18:58:51] Starting CPLEX solver on instance: /home/yorig/tuner/mpils-tests/instances/miplib/medium-1/cost266-UUE.mps with config: /scratch/yorig/mpils-results-grid-seconds-5-no-mip-start/medium-1/24proc/seed-4/2_cost266-UUE_seed-4_20260502_185238/iterated_local_search/run_5_worker_9/ils_config_8196109033809946363.prm
[INFO]:[18:58:51] Starting CPLEX solver on instance: /home/yorig/tuner/mpils-tests/instances/miplib/medium-1/cost266-UUE.mps with config: /scratch/yorig/mpils-results-grid-seconds-5-no-mip-start/medium-1/24proc/seed-4/2_cost266-UUE_seed-4_20260502_185238/iterated_local_search/run_5_worker_9/ils_config_8196109033809946363.prm
[INFO]:[18:58:56] CPLEX results. Gap: 12.920000, upper bound: 26108431.950000, lower bound: 22734007.470434
[INFO]:[18:58:56] CPLEX solver finished. Gap: 12.920000
[INFO]:[18:58:56] Starting CPLEX solver on instance: /home/yorig/tuner/mpils-tests/instances/miplib/medium-1/cost266-UUE.mps with config: /scratch/yorig/mpils-results-grid-seconds-5-no-mip-start/medium-1/24proc/seed-4/2_cost266-UUE_seed-4_20260502_185238/iterated_local_search/run_5_worker_9/ils_config_13228310309770072227.prm
[INFO]:[18:58:56] Starting CPLEX solver on instance: /home/yorig/tuner/mpils-tests/instances/miplib/medium-1/cost266-UUE.mps with config: /scratch/yorig/mpils-results-grid-seconds-5-no-mip-start/medium-1/24proc/seed-4/2_cost266-UUE_seed-4_20260502_185238/iterated_local_search/run_5_worker_9/ils_config_13228310309770072227.prm
[INFO]:[18:59:01] CPLEX results. Gap: 13.240000, upper bound: 26206498.180000, lower bound: 22735475.768748
[INFO]:[18:59:01] CPLEX solver finished. Gap: 13.240000
[INFO]:[18:59:01] Starting CPLEX solver on instance: /home/yorig/tuner/mpils-tests/instances/miplib/medium-1/cost266-UUE.mps with config: /scratch/yorig/mpils-results-grid-seconds-5-no-mip-start/medium-1/24proc/seed-4/2_cost266-UUE_seed-4_20260502_185238/iterated_local_search/run_5_worker_9/ils_config_11885758615978659081.prm
[INFO]:[18:59:01] Starting CPLEX solver on instance: /home/yorig/tuner/mpils-tests/instances/miplib/medium-1/cost266-UUE.mps with config: /scratch/yorig/mpils-results-grid-seconds-5-no-mip-start/medium-1/24proc/seed-4/2_cost266-UUE_seed-4_20260502_185238/iterated_local_search/run_5_worker_9/ils_config_11885758615978659081.prm
[INFO]:[18:59:06] CPLEX results. Gap: 20.410000, upper bound: 28563534.320000, lower bound: 22735025.541812
[INFO]:[18:59:06] CPLEX solver finished. Gap: 20.410000
[INFO]:[18:59:06] Starting CPLEX solver on instance: /home/yorig/tuner/mpils-tests/instances/miplib/medium-1/cost266-UUE.mps with config: /scratch/yorig/mpils-results-grid-seconds-5-no-mip-start/medium-1/24proc/seed-4/2_cost266-UUE_seed-4_20260502_185238/iterated_local_search/run_5_worker_9/ils_config_13818637050217289225.prm
[INFO]:[18:59:06] Starting CPLEX solver on instance: /home/yorig/tuner/mpils-tests/instances/miplib/medium-1/cost266-UUE.mps with config: /scratch/yorig/mpils-results-grid-seconds-5-no-mip-start/medium-1/24proc/seed-4/2_cost266-UUE_seed-4_20260502_185238/iterated_local_search/run_5_worker_9/ils_config_13818637050217289225.prm
[INFO]:[18:59:11] CPLEX results. Gap: 12.920000, upper bound: 26108431.950000, lower bound: 22734007.470434
[INFO]:[18:59:11] CPLEX solver finished. Gap: 12.920000
[INFO]:[18:59:11] Starting CPLEX solver on instance: /home/yorig/tuner/mpils-tests/instances/miplib/medium-1/cost266-UUE.mps with config: /scratch/yorig/mpils-results-grid-seconds-5-no-mip-start/medium-1/24proc/seed-4/2_cost266-UUE_seed-4_20260502_185238/iterated_local_search/run_5_worker_9/ils_config_10940749250321490619.prm
[INFO]:[18:59:11] Starting CPLEX solver on instance: /home/yorig/tuner/mpils-tests/instances/miplib/medium-1/cost266-UUE.mps with config: /scratch/yorig/mpils-results-grid-seconds-5-no-mip-start/medium-1/24proc/seed-4/2_cost266-UUE_seed-4_20260502_185238/iterated_local_search/run_5_worker_9/ils_config_10940749250321490619.prm
[INFO]:[18:59:16] CPLEX results. Gap: 12.920000, upper bound: 26108431.950000, lower bound: 22734007.470434
[INFO]:[18:59:16] CPLEX solver finished. Gap: 12.920000
[INFO]:[18:59:16] Starting CPLEX solver on instance: /home/yorig/tuner/mpils-tests/instances/miplib/medium-1/cost266-UUE.mps with config: /scratch/yorig/mpils-results-grid-seconds-5-no-mip-start/medium-1/24proc/seed-4/2_cost266-UUE_seed-4_20260502_185238/iterated_local_search/run_5_worker_9/ils_config_3255757291785306429.prm
[INFO]:[18:59:16] Starting CPLEX solver on instance: /home/yorig/tuner/mpils-tests/instances/miplib/medium-1/cost266-UUE.mps with config: /scratch/yorig/mpils-results-grid-seconds-5-no-mip-start/medium-1/24proc/seed-4/2_cost266-UUE_seed-4_20260502_185238/iterated_local_search/run_5_worker_9/ils_config_3255757291785306429.prm
[INFO]:[18:59:21] CPLEX results. Gap: 12.920000, upper bound: 26108431.950000, lower bound: 22734007.470434
[INFO]:[18:59:21] CPLEX solver finished. Gap: 12.920000
[INFO]:[18:59:21] Starting CPLEX solver on instance: /home/yorig/tuner/mpils-tests/instances/miplib/medium-1/cost266-UUE.mps with config: /scratch/yorig/mpils-results-grid-seconds-5-no-mip-start/medium-1/24proc/seed-4/2_cost266-UUE_seed-4_20260502_185238/iterated_local_search/run_5_worker_9/ils_config_4449955626606958045.prm
[INFO]:[18:59:21] Starting CPLEX solver on instance: /home/yorig/tuner/mpils-tests/instances/miplib/medium-1/cost266-UUE.mps with config: /scratch/yorig/mpils-results-grid-seconds-5-no-mip-start/medium-1/24proc/seed-4/2_cost266-UUE_seed-4_20260502_185238/iterated_local_search/run_5_worker_9/ils_config_4449955626606958045.prm
[INFO]:[18:59:26] CPLEX results. Gap: 12.920000, upper bound: 26108431.950000, lower bound: 22734007.470434
[INFO]:[18:59:26] CPLEX solver finished. Gap: 12.920000
[INFO]:[18:59:26] Starting CPLEX solver on instance: /home/yorig/tuner/mpils-tests/instances/miplib/medium-1/cost266-UUE.mps with config: /scratch/yorig/mpils-results-grid-seconds-5-no-mip-start/medium-1/24proc/seed-4/2_cost266-UUE_seed-4_20260502_185238/iterated_local_search/run_5_worker_9/ils_config_15391921512023595672.prm
[INFO]:[18:59:26] Starting CPLEX solver on instance: /home/yorig/tuner/mpils-tests/instances/miplib/medium-1/cost266-UUE.mps with config: /scratch/yorig/mpils-results-grid-seconds-5-no-mip-start/medium-1/24proc/seed-4/2_cost266-UUE_seed-4_20260502_185238/iterated_local_search/run_5_worker_9/ils_config_15391921512023595672.prm
[INFO]:[18:59:31] CPLEX results. Gap: 12.920000, upper bound: 26108431.950000, lower bound: 22734007.470434
[INFO]:[18:59:31] CPLEX solver finished. Gap: 12.920000
[INFO]:[18:59:31] Local search phase completed.
[INFO]:[18:59:31] Total number of new local-search evaluations: 18
[INFO]:[18:59:31] Final incumbent objective value: 12.92
[INFO]:[18:59:31] Worker 9 completed exploration phase.
[INFO]:[18:59:32] Worker 9 received order for step 2.
[INFO]:[18:59:32] Worker 9 running expansion phase for iteration 5.
[INFO]:[18:59:32] Worker 9 will use solver log file: /scratch/yorig/mpils-results-grid-seconds-5-no-mip-start/medium-1/24proc/seed-4/2_cost266-UUE_seed-4_20260502_185238/solver/cplex.log_iteration_expansion_5_worker_9
[INFO]:[18:59:32] Expansion Worker 9 starting expansion for iteration 5.
[INFO]:[18:59:32] Starting CPLEX solver on instance: /home/yorig/tuner/mpils-tests/instances/miplib/medium-1/cost266-UUE.mps with config: /scratch/yorig/mpils-results-grid-seconds-5-no-mip-start/medium-1/24proc/seed-4/2_cost266-UUE_seed-4_20260502_185238/expansion/config_param_CPXPARAM_Sifting_Algorithm_4_iter_5.prm
[INFO]:[18:59:37] CPLEX results. Gap: 6.170000, upper bound: 25258128.140000, lower bound: 23699312.592497
[INFO]:[18:59:37] CPLEX solver finished. Gap: 6.170000
[INFO]:[18:59:42] Expansion Worker 9 completed expansion.
[INFO]:[18:59:42] Worker 9 completed expansion phase.
[INFO]:[18:59:43] Worker 9 received order for step 1.
[INFO]:[18:59:43] Worker 9 running exploration phase for iteration 6.
[INFO]:[18:59:43] Worker 9 at iteration 6 will not use a MIP start file. Current best MIP-start upper bound threshold is 1.79769e+308.
[INFO]:[18:59:43] Starting local search phase...
[INFO]:[18:59:43] Creating local search space from parameter space file: /scratch/yorig/mpils-results-grid-seconds-5-no-mip-start/medium-1/24proc/seed-4/2_cost266-UUE_seed-4_20260502_185238/iterated_local_search/search_space/search_space_file_6_worker_9.txt
[INFO]:[18:59:43] Local search space loaded from file: /scratch/yorig/mpils-results-grid-seconds-5-no-mip-start/medium-1/24proc/seed-4/2_cost266-UUE_seed-4_20260502_185238/iterated_local_search/search_space/search_space_file_6_worker_9.txt
[INFO]:[18:59:43] Number of parameters in local search space: 71
[INFO]:[18:59:43] Number of forbidden tuples in local search space: 111
[INFO]:[18:59:43] Number of conditionals in local search space: 6
[INFO]:[18:59:43] MIP start option not enabled. Local search will proceed without MIP start.
[INFO]:[18:59:43] Evaluating initial configuration for local search phase...
[INFO]:[18:59:43] Starting CPLEX solver on instance: /home/yorig/tuner/mpils-tests/instances/miplib/medium-1/cost266-UUE.mps with config: /scratch/yorig/mpils-results-grid-seconds-5-no-mip-start/medium-1/24proc/seed-4/2_cost266-UUE_seed-4_20260502_185238/iterated_local_search/run_6_worker_9/ils_config_8562210074132836521.prm
[INFO]:[18:59:43] Starting CPLEX solver on instance: /home/yorig/tuner/mpils-tests/instances/miplib/medium-1/cost266-UUE.mps with config: /scratch/yorig/mpils-results-grid-seconds-5-no-mip-start/medium-1/24proc/seed-4/2_cost266-UUE_seed-4_20260502_185238/iterated_local_search/run_6_worker_9/ils_config_8562210074132836521.prm
[INFO]:[18:59:48] CPLEX results. Gap: 26.410000, upper bound: 30821086.280000, lower bound: 22680697.145217
[INFO]:[18:59:48] CPLEX solver finished. Gap: 26.410000
[INFO]:[18:59:48] Initial configuration evaluated with objective value: 26.41
[INFO]:[18:59:49] Starting CPLEX solver on instance: /home/yorig/tuner/mpils-tests/instances/miplib/medium-1/cost266-UUE.mps with config: /scratch/yorig/mpils-results-grid-seconds-5-no-mip-start/medium-1/24proc/seed-4/2_cost266-UUE_seed-4_20260502_185238/iterated_local_search/run_6_worker_9/ils_config_2385974680365793158.prm
[INFO]:[18:59:49] Starting CPLEX solver on instance: /home/yorig/tuner/mpils-tests/instances/miplib/medium-1/cost266-UUE.mps with config: /scratch/yorig/mpils-results-grid-seconds-5-no-mip-start/medium-1/24proc/seed-4/2_cost266-UUE_seed-4_20260502_185238/iterated_local_search/run_6_worker_9/ils_config_2385974680365793158.prm
[INFO]:[18:59:54] CPLEX results. Gap: 26.410000, upper bound: 30821086.280000, lower bound: 22680697.145217
[INFO]:[18:59:54] CPLEX solver finished. Gap: 26.410000
[INFO]:[18:59:54] Starting CPLEX solver on instance: /home/yorig/tuner/mpils-tests/instances/miplib/medium-1/cost266-UUE.mps with config: /scratch/yorig/mpils-results-grid-seconds-5-no-mip-start/medium-1/24proc/seed-4/2_cost266-UUE_seed-4_20260502_185238/iterated_local_search/run_6_worker_9/ils_config_11279795851343258051.prm
[INFO]:[18:59:54] Starting CPLEX solver on instance: /home/yorig/tuner/mpils-tests/instances/miplib/medium-1/cost266-UUE.mps with config: /scratch/yorig/mpils-results-grid-seconds-5-no-mip-start/medium-1/24proc/seed-4/2_cost266-UUE_seed-4_20260502_185238/iterated_local_search/run_6_worker_9/ils_config_11279795851343258051.prm
[INFO]:[18:59:59] CPLEX results. Gap: 26.410000, upper bound: 30821086.280000, lower bound: 22680697.145217
[INFO]:[18:59:59] CPLEX solver finished. Gap: 26.410000
[INFO]:[18:59:59] Starting CPLEX solver on instance: /home/yorig/tuner/mpils-tests/instances/miplib/medium-1/cost266-UUE.mps with config: /scratch/yorig/mpils-results-grid-seconds-5-no-mip-start/medium-1/24proc/seed-4/2_cost266-UUE_seed-4_20260502_185238/iterated_local_search/run_6_worker_9/ils_config_8991861628024925180.prm
[INFO]:[18:59:59] Starting CPLEX solver on instance: /home/yorig/tuner/mpils-tests/instances/miplib/medium-1/cost266-UUE.mps with config: /scratch/yorig/mpils-results-grid-seconds-5-no-mip-start/medium-1/24proc/seed-4/2_cost266-UUE_seed-4_20260502_185238/iterated_local_search/run_6_worker_9/ils_config_8991861628024925180.prm
[INFO]:[19:00:04] CPLEX results. Gap: 26.410000, upper bound: 30821086.280000, lower bound: 22680697.145217
[INFO]:[19:00:04] CPLEX solver finished. Gap: 26.410000
[INFO]:[19:00:04] Starting CPLEX solver on instance: /home/yorig/tuner/mpils-tests/instances/miplib/medium-1/cost266-UUE.mps with config: /scratch/yorig/mpils-results-grid-seconds-5-no-mip-start/medium-1/24proc/seed-4/2_cost266-UUE_seed-4_20260502_185238/iterated_local_search/run_6_worker_9/ils_config_9352702428844796501.prm
[INFO]:[19:00:04] Starting CPLEX solver on instance: /home/yorig/tuner/mpils-tests/instances/miplib/medium-1/cost266-UUE.mps with config: /scratch/yorig/mpils-results-grid-seconds-5-no-mip-start/medium-1/24proc/seed-4/2_cost266-UUE_seed-4_20260502_185238/iterated_local_search/run_6_worker_9/ils_config_9352702428844796501.prm
[INFO]:[19:00:09] CPLEX results. Gap: 26.410000, upper bound: 30821086.280000, lower bound: 22680697.145217
[INFO]:[19:00:09] CPLEX solver finished. Gap: 26.410000
[INFO]:[19:00:09] Starting CPLEX solver on instance: /home/yorig/tuner/mpils-tests/instances/miplib/medium-1/cost266-UUE.mps with config: /scratch/yorig/mpils-results-grid-seconds-5-no-mip-start/medium-1/24proc/seed-4/2_cost266-UUE_seed-4_20260502_185238/iterated_local_search/run_6_worker_9/ils_config_9961447328225522090.prm
[INFO]:[19:00:09] Starting CPLEX solver on instance: /home/yorig/tuner/mpils-tests/instances/miplib/medium-1/cost266-UUE.mps with config: /scratch/yorig/mpils-results-grid-seconds-5-no-mip-start/medium-1/24proc/seed-4/2_cost266-UUE_seed-4_20260502_185238/iterated_local_search/run_6_worker_9/ils_config_9961447328225522090.prm
[INFO]:[19:00:14] CPLEX results. Gap: 26.970000, upper bound: 30821086.280000, lower bound: 22509781.726912
[INFO]:[19:00:14] CPLEX solver finished. Gap: 26.970000
[INFO]:[19:00:14] Starting CPLEX solver on instance: /home/yorig/tuner/mpils-tests/instances/miplib/medium-1/cost266-UUE.mps with config: /scratch/yorig/mpils-results-grid-seconds-5-no-mip-start/medium-1/24proc/seed-4/2_cost266-UUE_seed-4_20260502_185238/iterated_local_search/run_6_worker_9/ils_config_11645732580631245214.prm
[INFO]:[19:00:14] Starting CPLEX solver on instance: /home/yorig/tuner/mpils-tests/instances/miplib/medium-1/cost266-UUE.mps with config: /scratch/yorig/mpils-results-grid-seconds-5-no-mip-start/medium-1/24proc/seed-4/2_cost266-UUE_seed-4_20260502_185238/iterated_local_search/run_6_worker_9/ils_config_11645732580631245214.prm
[INFO]:[19:00:19] CPLEX results. Gap: 26.410000, upper bound: 30821086.280000, lower bound: 22680697.145217
[INFO]:[19:00:19] CPLEX solver finished. Gap: 26.410000
[INFO]:[19:00:19] Starting CPLEX solver on instance: /home/yorig/tuner/mpils-tests/instances/miplib/medium-1/cost266-UUE.mps with config: /scratch/yorig/mpils-results-grid-seconds-5-no-mip-start/medium-1/24proc/seed-4/2_cost266-UUE_seed-4_20260502_185238/iterated_local_search/run_6_worker_9/ils_config_14082061053674133964.prm
[INFO]:[19:00:19] Starting CPLEX solver on instance: /home/yorig/tuner/mpils-tests/instances/miplib/medium-1/cost266-UUE.mps with config: /scratch/yorig/mpils-results-grid-seconds-5-no-mip-start/medium-1/24proc/seed-4/2_cost266-UUE_seed-4_20260502_185238/iterated_local_search/run_6_worker_9/ils_config_14082061053674133964.prm
[INFO]:[19:00:24] CPLEX results. Gap: 26.410000, upper bound: 30821086.280000, lower bound: 22680697.145217
[INFO]:[19:00:24] CPLEX solver finished. Gap: 26.410000
[INFO]:[19:00:24] Starting CPLEX solver on instance: /home/yorig/tuner/mpils-tests/instances/miplib/medium-1/cost266-UUE.mps with config: /scratch/yorig/mpils-results-grid-seconds-5-no-mip-start/medium-1/24proc/seed-4/2_cost266-UUE_seed-4_20260502_185238/iterated_local_search/run_6_worker_9/ils_config_221236348379450016.prm
[INFO]:[19:00:24] Starting CPLEX solver on instance: /home/yorig/tuner/mpils-tests/instances/miplib/medium-1/cost266-UUE.mps with config: /scratch/yorig/mpils-results-grid-seconds-5-no-mip-start/medium-1/24proc/seed-4/2_cost266-UUE_seed-4_20260502_185238/iterated_local_search/run_6_worker_9/ils_config_221236348379450016.prm
[INFO]:[19:00:29] CPLEX results. Gap: 26.410000, upper bound: 30821086.280000, lower bound: 22680697.145217
[INFO]:[19:00:29] CPLEX solver finished. Gap: 26.410000
[INFO]:[19:00:29] Starting CPLEX solver on instance: /home/yorig/tuner/mpils-tests/instances/miplib/medium-1/cost266-UUE.mps with config: /scratch/yorig/mpils-results-grid-seconds-5-no-mip-start/medium-1/24proc/seed-4/2_cost266-UUE_seed-4_20260502_185238/iterated_local_search/run_6_worker_9/ils_config_2035252936576227202.prm
[INFO]:[19:00:29] Starting CPLEX solver on instance: /home/yorig/tuner/mpils-tests/instances/miplib/medium-1/cost266-UUE.mps with config: /scratch/yorig/mpils-results-grid-seconds-5-no-mip-start/medium-1/24proc/seed-4/2_cost266-UUE_seed-4_20260502_185238/iterated_local_search/run_6_worker_9/ils_config_2035252936576227202.prm
[INFO]:[19:00:34] CPLEX results. Gap: 27.890000, upper bound: 30821086.280000, lower bound: 22223771.045490
[INFO]:[19:00:34] CPLEX solver finished. Gap: 27.890000
[INFO]:[19:00:34] Starting CPLEX solver on instance: /home/yorig/tuner/mpils-tests/instances/miplib/medium-1/cost266-UUE.mps with config: /scratch/yorig/mpils-results-grid-seconds-5-no-mip-start/medium-1/24proc/seed-4/2_cost266-UUE_seed-4_20260502_185238/iterated_local_search/run_6_worker_9/ils_config_3183761373969157419.prm
[INFO]:[19:00:34] Starting CPLEX solver on instance: /home/yorig/tuner/mpils-tests/instances/miplib/medium-1/cost266-UUE.mps with config: /scratch/yorig/mpils-results-grid-seconds-5-no-mip-start/medium-1/24proc/seed-4/2_cost266-UUE_seed-4_20260502_185238/iterated_local_search/run_6_worker_9/ils_config_3183761373969157419.prm
[INFO]:[19:00:39] CPLEX results. Gap: 26.410000, upper bound: 30821086.280000, lower bound: 22680697.145217
[INFO]:[19:00:39] CPLEX solver finished. Gap: 26.410000
[INFO]:[19:00:39] Starting CPLEX solver on instance: /home/yorig/tuner/mpils-tests/instances/miplib/medium-1/cost266-UUE.mps with config: /scratch/yorig/mpils-results-grid-seconds-5-no-mip-start/medium-1/24proc/seed-4/2_cost266-UUE_seed-4_20260502_185238/iterated_local_search/run_6_worker_9/ils_config_3830386006825770236.prm
[INFO]:[19:00:39] Starting CPLEX solver on instance: /home/yorig/tuner/mpils-tests/instances/miplib/medium-1/cost266-UUE.mps with config: /scratch/yorig/mpils-results-grid-seconds-5-no-mip-start/medium-1/24proc/seed-4/2_cost266-UUE_seed-4_20260502_185238/iterated_local_search/run_6_worker_9/ils_config_3830386006825770236.prm
[INFO]:[19:00:44] CPLEX results. Gap: 26.400000, upper bound: 30821086.280000, lower bound: 22684778.509743
[INFO]:[19:00:44] CPLEX solver finished. Gap: 26.400000
[INFO]:[19:00:44] New incumbent found with objective value: 26.4
[INFO]:[19:00:44] Starting CPLEX solver on instance: /home/yorig/tuner/mpils-tests/instances/miplib/medium-1/cost266-UUE.mps with config: /scratch/yorig/mpils-results-grid-seconds-5-no-mip-start/medium-1/24proc/seed-4/2_cost266-UUE_seed-4_20260502_185238/iterated_local_search/run_6_worker_9/ils_config_126196130616265419.prm
[INFO]:[19:00:44] Starting CPLEX solver on instance: /home/yorig/tuner/mpils-tests/instances/miplib/medium-1/cost266-UUE.mps with config: /scratch/yorig/mpils-results-grid-seconds-5-no-mip-start/medium-1/24proc/seed-4/2_cost266-UUE_seed-4_20260502_185238/iterated_local_search/run_6_worker_9/ils_config_126196130616265419.prm
[INFO]:[19:00:49] CPLEX results. Gap: 26.350000, upper bound: 30821086.280000, lower bound: 22700723.364832
[INFO]:[19:00:49] CPLEX solver finished. Gap: 26.350000
[INFO]:[19:00:49] New incumbent found with objective value: 26.35
[INFO]:[19:00:49] Starting CPLEX solver on instance: /home/yorig/tuner/mpils-tests/instances/miplib/medium-1/cost266-UUE.mps with config: /scratch/yorig/mpils-results-grid-seconds-5-no-mip-start/medium-1/24proc/seed-4/2_cost266-UUE_seed-4_20260502_185238/iterated_local_search/run_6_worker_9/ils_config_16457696844302353734.prm
[INFO]:[19:00:49] Starting CPLEX solver on instance: /home/yorig/tuner/mpils-tests/instances/miplib/medium-1/cost266-UUE.mps with config: /scratch/yorig/mpils-results-grid-seconds-5-no-mip-start/medium-1/24proc/seed-4/2_cost266-UUE_seed-4_20260502_185238/iterated_local_search/run_6_worker_9/ils_config_16457696844302353734.prm
[INFO]:[19:00:54] CPLEX results. Gap: 18.950000, upper bound: 28055880.920000, lower bound: 22738166.328939
[INFO]:[19:00:54] CPLEX solver finished. Gap: 18.950000
[INFO]:[19:00:54] New incumbent found with objective value: 18.95
[INFO]:[19:00:54] Starting CPLEX solver on instance: /home/yorig/tuner/mpils-tests/instances/miplib/medium-1/cost266-UUE.mps with config: /scratch/yorig/mpils-results-grid-seconds-5-no-mip-start/medium-1/24proc/seed-4/2_cost266-UUE_seed-4_20260502_185238/iterated_local_search/run_6_worker_9/ils_config_6215404295445018742.prm
[INFO]:[19:00:54] Starting CPLEX solver on instance: /home/yorig/tuner/mpils-tests/instances/miplib/medium-1/cost266-UUE.mps with config: /scratch/yorig/mpils-results-grid-seconds-5-no-mip-start/medium-1/24proc/seed-4/2_cost266-UUE_seed-4_20260502_185238/iterated_local_search/run_6_worker_9/ils_config_6215404295445018742.prm
[INFO]:[19:00:59] CPLEX results. Gap: 12.560000, upper bound: 26115264.210000, lower bound: 22836448.616950
[INFO]:[19:00:59] CPLEX solver finished. Gap: 12.560000
[INFO]:[19:00:59] New incumbent found with objective value: 12.56
[INFO]:[19:00:59] Starting CPLEX solver on instance: /home/yorig/tuner/mpils-tests/instances/miplib/medium-1/cost266-UUE.mps with config: /scratch/yorig/mpils-results-grid-seconds-5-no-mip-start/medium-1/24proc/seed-4/2_cost266-UUE_seed-4_20260502_185238/iterated_local_search/run_6_worker_9/ils_config_4125844478130981634.prm
[INFO]:[19:00:59] Starting CPLEX solver on instance: /home/yorig/tuner/mpils-tests/instances/miplib/medium-1/cost266-UUE.mps with config: /scratch/yorig/mpils-results-grid-seconds-5-no-mip-start/medium-1/24proc/seed-4/2_cost266-UUE_seed-4_20260502_185238/iterated_local_search/run_6_worker_9/ils_config_4125844478130981634.prm
[INFO]:[19:01:04] CPLEX results. Gap: 12.560000, upper bound: 26115264.210000, lower bound: 22836448.616950
[INFO]:[19:01:04] CPLEX solver finished. Gap: 12.560000
[INFO]:[19:01:04] Starting CPLEX solver on instance: /home/yorig/tuner/mpils-tests/instances/miplib/medium-1/cost266-UUE.mps with config: /scratch/yorig/mpils-results-grid-seconds-5-no-mip-start/medium-1/24proc/seed-4/2_cost266-UUE_seed-4_20260502_185238/iterated_local_search/run_6_worker_9/ils_config_201699883741458300.prm
[INFO]:[19:01:04] Starting CPLEX solver on instance: /home/yorig/tuner/mpils-tests/instances/miplib/medium-1/cost266-UUE.mps with config: /scratch/yorig/mpils-results-grid-seconds-5-no-mip-start/medium-1/24proc/seed-4/2_cost266-UUE_seed-4_20260502_185238/iterated_local_search/run_6_worker_9/ils_config_201699883741458300.prm
[INFO]:[19:01:09] CPLEX results. Gap: 12.560000, upper bound: 26115264.210000, lower bound: 22836448.616950
[INFO]:[19:01:09] CPLEX solver finished. Gap: 12.560000
[INFO]:[19:01:09] Starting CPLEX solver on instance: /home/yorig/tuner/mpils-tests/instances/miplib/medium-1/cost266-UUE.mps with config: /scratch/yorig/mpils-results-grid-seconds-5-no-mip-start/medium-1/24proc/seed-4/2_cost266-UUE_seed-4_20260502_185238/iterated_local_search/run_6_worker_9/ils_config_2018778822902746959.prm
[INFO]:[19:01:09] Starting CPLEX solver on instance: /home/yorig/tuner/mpils-tests/instances/miplib/medium-1/cost266-UUE.mps with config: /scratch/yorig/mpils-results-grid-seconds-5-no-mip-start/medium-1/24proc/seed-4/2_cost266-UUE_seed-4_20260502_185238/iterated_local_search/run_6_worker_9/ils_config_2018778822902746959.prm
[INFO]:[19:01:14] CPLEX results. Gap: 12.560000, upper bound: 26115264.210000, lower bound: 22836448.616950
[INFO]:[19:01:14] CPLEX solver finished. Gap: 12.560000
[INFO]:[19:01:14] Starting CPLEX solver on instance: /home/yorig/tuner/mpils-tests/instances/miplib/medium-1/cost266-UUE.mps with config: /scratch/yorig/mpils-results-grid-seconds-5-no-mip-start/medium-1/24proc/seed-4/2_cost266-UUE_seed-4_20260502_185238/iterated_local_search/run_6_worker_9/ils_config_7396368696588889752.prm
[INFO]:[19:01:14] Starting CPLEX solver on instance: /home/yorig/tuner/mpils-tests/instances/miplib/medium-1/cost266-UUE.mps with config: /scratch/yorig/mpils-results-grid-seconds-5-no-mip-start/medium-1/24proc/seed-4/2_cost266-UUE_seed-4_20260502_185238/iterated_local_search/run_6_worker_9/ils_config_7396368696588889752.prm
[INFO]:[19:01:19] CPLEX results. Gap: 12.560000, upper bound: 26115264.210000, lower bound: 22836448.616950
[INFO]:[19:01:19] CPLEX solver finished. Gap: 12.560000
[INFO]:[19:01:19] Starting CPLEX solver on instance: /home/yorig/tuner/mpils-tests/instances/miplib/medium-1/cost266-UUE.mps with config: /scratch/yorig/mpils-results-grid-seconds-5-no-mip-start/medium-1/24proc/seed-4/2_cost266-UUE_seed-4_20260502_185238/iterated_local_search/run_6_worker_9/ils_config_13541528788758532806.prm
[INFO]:[19:01:19] Starting CPLEX solver on instance: /home/yorig/tuner/mpils-tests/instances/miplib/medium-1/cost266-UUE.mps with config: /scratch/yorig/mpils-results-grid-seconds-5-no-mip-start/medium-1/24proc/seed-4/2_cost266-UUE_seed-4_20260502_185238/iterated_local_search/run_6_worker_9/ils_config_13541528788758532806.prm
[INFO]:[19:01:24] CPLEX results. Gap: 12.560000, upper bound: 26115264.210000, lower bound: 22836448.616950
[INFO]:[19:01:24] CPLEX solver finished. Gap: 12.560000
[INFO]:[19:01:24] Starting CPLEX solver on instance: /home/yorig/tuner/mpils-tests/instances/miplib/medium-1/cost266-UUE.mps with config: /scratch/yorig/mpils-results-grid-seconds-5-no-mip-start/medium-1/24proc/seed-4/2_cost266-UUE_seed-4_20260502_185238/iterated_local_search/run_6_worker_9/ils_config_12258356301272992371.prm
[INFO]:[19:01:24] Starting CPLEX solver on instance: /home/yorig/tuner/mpils-tests/instances/miplib/medium-1/cost266-UUE.mps with config: /scratch/yorig/mpils-results-grid-seconds-5-no-mip-start/medium-1/24proc/seed-4/2_cost266-UUE_seed-4_20260502_185238/iterated_local_search/run_6_worker_9/ils_config_12258356301272992371.prm
[INFO]:[19:01:29] CPLEX results. Gap: 13.270000, upper bound: 26370657.030000, lower bound: 22870718.168147
[INFO]:[19:01:29] CPLEX solver finished. Gap: 13.270000
[INFO]:[19:01:29] Starting CPLEX solver on instance: /home/yorig/tuner/mpils-tests/instances/miplib/medium-1/cost266-UUE.mps with config: /scratch/yorig/mpils-results-grid-seconds-5-no-mip-start/medium-1/24proc/seed-4/2_cost266-UUE_seed-4_20260502_185238/iterated_local_search/run_6_worker_9/ils_config_1034191117696938138.prm
[INFO]:[19:01:29] Starting CPLEX solver on instance: /home/yorig/tuner/mpils-tests/instances/miplib/medium-1/cost266-UUE.mps with config: /scratch/yorig/mpils-results-grid-seconds-5-no-mip-start/medium-1/24proc/seed-4/2_cost266-UUE_seed-4_20260502_185238/iterated_local_search/run_6_worker_9/ils_config_1034191117696938138.prm
[INFO]:[19:01:34] CPLEX results. Gap: 12.560000, upper bound: 26115264.210000, lower bound: 22836448.616950
[INFO]:[19:01:34] CPLEX solver finished. Gap: 12.560000
[INFO]:[19:01:34] Starting CPLEX solver on instance: /home/yorig/tuner/mpils-tests/instances/miplib/medium-1/cost266-UUE.mps with config: /scratch/yorig/mpils-results-grid-seconds-5-no-mip-start/medium-1/24proc/seed-4/2_cost266-UUE_seed-4_20260502_185238/iterated_local_search/run_6_worker_9/ils_config_8810517384104915750.prm
[INFO]:[19:01:34] Starting CPLEX solver on instance: /home/yorig/tuner/mpils-tests/instances/miplib/medium-1/cost266-UUE.mps with config: /scratch/yorig/mpils-results-grid-seconds-5-no-mip-start/medium-1/24proc/seed-4/2_cost266-UUE_seed-4_20260502_185238/iterated_local_search/run_6_worker_9/ils_config_8810517384104915750.prm
[INFO]:[19:01:39] CPLEX results. Gap: 12.560000, upper bound: 26115264.210000, lower bound: 22836448.616950
[INFO]:[19:01:39] CPLEX solver finished. Gap: 12.560000
[INFO]:[19:01:39] Starting CPLEX solver on instance: /home/yorig/tuner/mpils-tests/instances/miplib/medium-1/cost266-UUE.mps with config: /scratch/yorig/mpils-results-grid-seconds-5-no-mip-start/medium-1/24proc/seed-4/2_cost266-UUE_seed-4_20260502_185238/iterated_local_search/run_6_worker_9/ils_config_14749892377272502318.prm
[INFO]:[19:01:39] Starting CPLEX solver on instance: /home/yorig/tuner/mpils-tests/instances/miplib/medium-1/cost266-UUE.mps with config: /scratch/yorig/mpils-results-grid-seconds-5-no-mip-start/medium-1/24proc/seed-4/2_cost266-UUE_seed-4_20260502_185238/iterated_local_search/run_6_worker_9/ils_config_14749892377272502318.prm
[INFO]:[19:01:44] CPLEX results. Gap: 12.100000, upper bound: 26115264.210000, lower bound: 22956346.822696
[INFO]:[19:01:44] CPLEX solver finished. Gap: 12.100000
[INFO]:[19:01:44] New incumbent found with objective value: 12.1
[INFO]:[19:01:44] Starting CPLEX solver on instance: /home/yorig/tuner/mpils-tests/instances/miplib/medium-1/cost266-UUE.mps with config: /scratch/yorig/mpils-results-grid-seconds-5-no-mip-start/medium-1/24proc/seed-4/2_cost266-UUE_seed-4_20260502_185238/iterated_local_search/run_6_worker_9/ils_config_10214689598957411334.prm
[INFO]:[19:01:44] Starting CPLEX solver on instance: /home/yorig/tuner/mpils-tests/instances/miplib/medium-1/cost266-UUE.mps with config: /scratch/yorig/mpils-results-grid-seconds-5-no-mip-start/medium-1/24proc/seed-4/2_cost266-UUE_seed-4_20260502_185238/iterated_local_search/run_6_worker_9/ils_config_10214689598957411334.prm
[INFO]:[19:01:49] CPLEX results. Gap: 12.100000, upper bound: 26115264.210000, lower bound: 22956346.822696
[INFO]:[19:01:49] CPLEX solver finished. Gap: 12.100000
[INFO]:[19:01:49] Starting CPLEX solver on instance: /home/yorig/tuner/mpils-tests/instances/miplib/medium-1/cost266-UUE.mps with config: /scratch/yorig/mpils-results-grid-seconds-5-no-mip-start/medium-1/24proc/seed-4/2_cost266-UUE_seed-4_20260502_185238/iterated_local_search/run_6_worker_9/ils_config_17113438058624149194.prm
[INFO]:[19:01:49] Starting CPLEX solver on instance: /home/yorig/tuner/mpils-tests/instances/miplib/medium-1/cost266-UUE.mps with config: /scratch/yorig/mpils-results-grid-seconds-5-no-mip-start/medium-1/24proc/seed-4/2_cost266-UUE_seed-4_20260502_185238/iterated_local_search/run_6_worker_9/ils_config_17113438058624149194.prm
[INFO]:[19:01:54] CPLEX results. Gap: 12.100000, upper bound: 26115264.210000, lower bound: 22956346.822696
[INFO]:[19:01:54] CPLEX solver finished. Gap: 12.100000
[INFO]:[19:01:54] Starting CPLEX solver on instance: /home/yorig/tuner/mpils-tests/instances/miplib/medium-1/cost266-UUE.mps with config: /scratch/yorig/mpils-results-grid-seconds-5-no-mip-start/medium-1/24proc/seed-4/2_cost266-UUE_seed-4_20260502_185238/iterated_local_search/run_6_worker_9/ils_config_14024047853893532971.prm
[INFO]:[19:01:54] Starting CPLEX solver on instance: /home/yorig/tuner/mpils-tests/instances/miplib/medium-1/cost266-UUE.mps with config: /scratch/yorig/mpils-results-grid-seconds-5-no-mip-start/medium-1/24proc/seed-4/2_cost266-UUE_seed-4_20260502_185238/iterated_local_search/run_6_worker_9/ils_config_14024047853893532971.prm
[INFO]:[19:01:59] CPLEX results. Gap: 12.100000, upper bound: 26115264.210000, lower bound: 22956346.822696
[INFO]:[19:01:59] CPLEX solver finished. Gap: 12.100000
[INFO]:[19:01:59] Starting CPLEX solver on instance: /home/yorig/tuner/mpils-tests/instances/miplib/medium-1/cost266-UUE.mps with config: /scratch/yorig/mpils-results-grid-seconds-5-no-mip-start/medium-1/24proc/seed-4/2_cost266-UUE_seed-4_20260502_185238/iterated_local_search/run_6_worker_9/ils_config_3640938448662887342.prm
[INFO]:[19:01:59] Starting CPLEX solver on instance: /home/yorig/tuner/mpils-tests/instances/miplib/medium-1/cost266-UUE.mps with config: /scratch/yorig/mpils-results-grid-seconds-5-no-mip-start/medium-1/24proc/seed-4/2_cost266-UUE_seed-4_20260502_185238/iterated_local_search/run_6_worker_9/ils_config_3640938448662887342.prm
[INFO]:[19:02:04] CPLEX results. Gap: 12.100000, upper bound: 26115264.210000, lower bound: 22956346.822696
[INFO]:[19:02:04] CPLEX solver finished. Gap: 12.100000
[INFO]:[19:02:04] Starting CPLEX solver on instance: /home/yorig/tuner/mpils-tests/instances/miplib/medium-1/cost266-UUE.mps with config: /scratch/yorig/mpils-results-grid-seconds-5-no-mip-start/medium-1/24proc/seed-4/2_cost266-UUE_seed-4_20260502_185238/iterated_local_search/run_6_worker_9/ils_config_11174487120670094217.prm
[INFO]:[19:02:04] Starting CPLEX solver on instance: /home/yorig/tuner/mpils-tests/instances/miplib/medium-1/cost266-UUE.mps with config: /scratch/yorig/mpils-results-grid-seconds-5-no-mip-start/medium-1/24proc/seed-4/2_cost266-UUE_seed-4_20260502_185238/iterated_local_search/run_6_worker_9/ils_config_11174487120670094217.prm
[INFO]:[19:02:09] CPLEX results. Gap: 9.990000, upper bound: 25529770.640000, lower bound: 22980191.997943
[INFO]:[19:02:09] CPLEX solver finished. Gap: 9.990000
[INFO]:[19:02:09] New incumbent found with objective value: 9.99
[INFO]:[19:02:09] Starting CPLEX solver on instance: /home/yorig/tuner/mpils-tests/instances/miplib/medium-1/cost266-UUE.mps with config: /scratch/yorig/mpils-results-grid-seconds-5-no-mip-start/medium-1/24proc/seed-4/2_cost266-UUE_seed-4_20260502_185238/iterated_local_search/run_6_worker_9/ils_config_2552940639216037501.prm
[INFO]:[19:02:09] Starting CPLEX solver on instance: /home/yorig/tuner/mpils-tests/instances/miplib/medium-1/cost266-UUE.mps with config: /scratch/yorig/mpils-results-grid-seconds-5-no-mip-start/medium-1/24proc/seed-4/2_cost266-UUE_seed-4_20260502_185238/iterated_local_search/run_6_worker_9/ils_config_2552940639216037501.prm
[INFO]:[19:02:14] CPLEX results. Gap: 9.990000, upper bound: 25529770.640000, lower bound: 22980191.997943
[INFO]:[19:02:14] CPLEX solver finished. Gap: 9.990000
[INFO]:[19:02:14] Local search phase completed.
[INFO]:[19:02:14] Total number of new local-search evaluations: 30
[INFO]:[19:02:14] Final incumbent objective value: 9.99
[INFO]:[19:02:15] Worker 9 completed exploration phase.
[INFO]:[19:02:15] Worker 9 received order for step 3.
[INFO]:[19:02:15] Worker 9 finished.
