[INFO]:[01:58:49] Worker 1 starting.
[INFO]:[01:58:49] Worker 1 received order for step 1.
[INFO]:[01:58:49] Worker 1 running exploration phase for iteration 1.
[INFO]:[01:58:49] Current MIP start info file not found: /scratch/yorig/mpils-results-grid-seconds-5-no-mip-start/easy/4proc/seed-5/10_supportcase33_seed-5_20260503_015848/iterated_local_search/mip_start/current_mip_start_1.txt
[INFO]:[01:58:49] Worker 1 at iteration 1 will not use a MIP start file. Current best MIP-start upper bound threshold is 1.79769e+308.
[INFO]:[01:58:49] Starting local search phase...
[INFO]:[01:58:49] Creating local search space from parameter space file: /scratch/yorig/mpils-results-grid-seconds-5-no-mip-start/easy/4proc/seed-5/10_supportcase33_seed-5_20260503_015848/iterated_local_search/search_space/search_space_file_1_worker_1.txt
[INFO]:[01:58:49] Local search space loaded from file: /scratch/yorig/mpils-results-grid-seconds-5-no-mip-start/easy/4proc/seed-5/10_supportcase33_seed-5_20260503_015848/iterated_local_search/search_space/search_space_file_1_worker_1.txt
[INFO]:[01:58:49] Number of parameters in local search space: 71
[INFO]:[01:58:49] Number of forbidden tuples in local search space: 0
[INFO]:[01:58:49] Number of conditionals in local search space: 6
[INFO]:[01:58:49] MIP start option not enabled. Local search will proceed without MIP start.
[INFO]:[01:58:49] Evaluating initial configuration for local search phase...
[INFO]:[01:58:49] Starting CPLEX solver on instance: /home/yorig/tuner/mpils-tests/instances/miplib/easy/supportcase33.mps with config: /scratch/yorig/mpils-results-grid-seconds-5-no-mip-start/easy/4proc/seed-5/10_supportcase33_seed-5_20260503_015848/iterated_local_search/run_1_worker_1/ils_config_17514050945686148453.prm
[INFO]:[01:58:49] Starting CPLEX solver on instance: /home/yorig/tuner/mpils-tests/instances/miplib/easy/supportcase33.mps with config: /scratch/yorig/mpils-results-grid-seconds-5-no-mip-start/easy/4proc/seed-5/10_supportcase33_seed-5_20260503_015848/iterated_local_search/run_1_worker_1/ils_config_17514050945686148453.prm
[INFO]:[01:58:54] CPLEX results. Gap: 33.870000, upper bound: -310.000000, lower bound: -415.000000
[INFO]:[01:58:54] Writing MIP start file: /scratch/yorig/mpils-results-grid-seconds-5-no-mip-start/easy/4proc/seed-5/10_supportcase33_seed-5_20260503_015848/iterated_local_search/run_1_worker_1/mip_starts/mip_start_eval_1_config_17514050945686148453.mst
[INFO]:[01:58:54] CPLEX solver finished. Gap: 33.870000
[INFO]:[01:58:54] Initial configuration evaluated with objective value: 33.87
[INFO]:[01:58:54] Starting CPLEX solver on instance: /home/yorig/tuner/mpils-tests/instances/miplib/easy/supportcase33.mps with config: /scratch/yorig/mpils-results-grid-seconds-5-no-mip-start/easy/4proc/seed-5/10_supportcase33_seed-5_20260503_015848/iterated_local_search/run_1_worker_1/ils_config_14945327202240187335.prm
[INFO]:[01:58:54] Starting CPLEX solver on instance: /home/yorig/tuner/mpils-tests/instances/miplib/easy/supportcase33.mps with config: /scratch/yorig/mpils-results-grid-seconds-5-no-mip-start/easy/4proc/seed-5/10_supportcase33_seed-5_20260503_015848/iterated_local_search/run_1_worker_1/ils_config_14945327202240187335.prm
[INFO]:[01:58:59] CPLEX results. Gap: 32.900000, upper bound: -310.000000, lower bound: -412.000000
[INFO]:[01:58:59] CPLEX solver finished. Gap: 32.900000
[INFO]:[01:58:59] New incumbent found with objective value: 32.9
[INFO]:[01:58:59] Starting CPLEX solver on instance: /home/yorig/tuner/mpils-tests/instances/miplib/easy/supportcase33.mps with config: /scratch/yorig/mpils-results-grid-seconds-5-no-mip-start/easy/4proc/seed-5/10_supportcase33_seed-5_20260503_015848/iterated_local_search/run_1_worker_1/ils_config_3621045295637817750.prm
[INFO]:[01:58:59] Starting CPLEX solver on instance: /home/yorig/tuner/mpils-tests/instances/miplib/easy/supportcase33.mps with config: /scratch/yorig/mpils-results-grid-seconds-5-no-mip-start/easy/4proc/seed-5/10_supportcase33_seed-5_20260503_015848/iterated_local_search/run_1_worker_1/ils_config_3621045295637817750.prm
[INFO]:[01:59:04] CPLEX results. Gap: 26.560000, upper bound: -320.000000, lower bound: -405.000000
[INFO]:[01:59:05] Writing MIP start file: /scratch/yorig/mpils-results-grid-seconds-5-no-mip-start/easy/4proc/seed-5/10_supportcase33_seed-5_20260503_015848/iterated_local_search/run_1_worker_1/mip_starts/mip_start_eval_3_config_3621045295637817750.mst
[INFO]:[01:59:05] CPLEX solver finished. Gap: 26.560000
[INFO]:[01:59:05] New incumbent found with objective value: 26.56
[INFO]:[01:59:05] Starting CPLEX solver on instance: /home/yorig/tuner/mpils-tests/instances/miplib/easy/supportcase33.mps with config: /scratch/yorig/mpils-results-grid-seconds-5-no-mip-start/easy/4proc/seed-5/10_supportcase33_seed-5_20260503_015848/iterated_local_search/run_1_worker_1/ils_config_13224854944055979737.prm
[INFO]:[01:59:05] Starting CPLEX solver on instance: /home/yorig/tuner/mpils-tests/instances/miplib/easy/supportcase33.mps with config: /scratch/yorig/mpils-results-grid-seconds-5-no-mip-start/easy/4proc/seed-5/10_supportcase33_seed-5_20260503_015848/iterated_local_search/run_1_worker_1/ils_config_13224854944055979737.prm
[INFO]:[01:59:10] CPLEX results. Gap: 39.340000, upper bound: -305.000000, lower bound: -425.000000
[INFO]:[01:59:10] CPLEX solver finished. Gap: 39.340000
[INFO]:[01:59:10] Starting CPLEX solver on instance: /home/yorig/tuner/mpils-tests/instances/miplib/easy/supportcase33.mps with config: /scratch/yorig/mpils-results-grid-seconds-5-no-mip-start/easy/4proc/seed-5/10_supportcase33_seed-5_20260503_015848/iterated_local_search/run_1_worker_1/ils_config_8377826189540281606.prm
[INFO]:[01:59:10] Starting CPLEX solver on instance: /home/yorig/tuner/mpils-tests/instances/miplib/easy/supportcase33.mps with config: /scratch/yorig/mpils-results-grid-seconds-5-no-mip-start/easy/4proc/seed-5/10_supportcase33_seed-5_20260503_015848/iterated_local_search/run_1_worker_1/ils_config_8377826189540281606.prm
[INFO]:[01:59:15] CPLEX results. Gap: 39.660000, upper bound: -290.000000, lower bound: -405.000000
[INFO]:[01:59:15] CPLEX solver finished. Gap: 39.660000
[INFO]:[01:59:15] Starting CPLEX solver on instance: /home/yorig/tuner/mpils-tests/instances/miplib/easy/supportcase33.mps with config: /scratch/yorig/mpils-results-grid-seconds-5-no-mip-start/easy/4proc/seed-5/10_supportcase33_seed-5_20260503_015848/iterated_local_search/run_1_worker_1/ils_config_1258328679775540347.prm
[INFO]:[01:59:15] Starting CPLEX solver on instance: /home/yorig/tuner/mpils-tests/instances/miplib/easy/supportcase33.mps with config: /scratch/yorig/mpils-results-grid-seconds-5-no-mip-start/easy/4proc/seed-5/10_supportcase33_seed-5_20260503_015848/iterated_local_search/run_1_worker_1/ils_config_1258328679775540347.prm
[INFO]:[01:59:20] CPLEX results. Gap: 37.290000, upper bound: -295.000000, lower bound: -405.000000
[INFO]:[01:59:20] CPLEX solver finished. Gap: 37.290000
[INFO]:[01:59:20] Starting CPLEX solver on instance: /home/yorig/tuner/mpils-tests/instances/miplib/easy/supportcase33.mps with config: /scratch/yorig/mpils-results-grid-seconds-5-no-mip-start/easy/4proc/seed-5/10_supportcase33_seed-5_20260503_015848/iterated_local_search/run_1_worker_1/ils_config_10266128255007247855.prm
[INFO]:[01:59:20] Starting CPLEX solver on instance: /home/yorig/tuner/mpils-tests/instances/miplib/easy/supportcase33.mps with config: /scratch/yorig/mpils-results-grid-seconds-5-no-mip-start/easy/4proc/seed-5/10_supportcase33_seed-5_20260503_015848/iterated_local_search/run_1_worker_1/ils_config_10266128255007247855.prm
[INFO]:[01:59:25] CPLEX results. Gap: 32.790000, upper bound: -305.000000, lower bound: -405.000000
[INFO]:[01:59:25] CPLEX solver finished. Gap: 32.790000
[INFO]:[01:59:25] Starting CPLEX solver on instance: /home/yorig/tuner/mpils-tests/instances/miplib/easy/supportcase33.mps with config: /scratch/yorig/mpils-results-grid-seconds-5-no-mip-start/easy/4proc/seed-5/10_supportcase33_seed-5_20260503_015848/iterated_local_search/run_1_worker_1/ils_config_9674964530669669133.prm
[INFO]:[01:59:25] Starting CPLEX solver on instance: /home/yorig/tuner/mpils-tests/instances/miplib/easy/supportcase33.mps with config: /scratch/yorig/mpils-results-grid-seconds-5-no-mip-start/easy/4proc/seed-5/10_supportcase33_seed-5_20260503_015848/iterated_local_search/run_1_worker_1/ils_config_9674964530669669133.prm
[INFO]:[01:59:30] CPLEX results. Gap: 26.560000, upper bound: -320.000000, lower bound: -405.000000
[INFO]:[01:59:30] CPLEX solver finished. Gap: 26.560000
[INFO]:[01:59:30] Starting CPLEX solver on instance: /home/yorig/tuner/mpils-tests/instances/miplib/easy/supportcase33.mps with config: /scratch/yorig/mpils-results-grid-seconds-5-no-mip-start/easy/4proc/seed-5/10_supportcase33_seed-5_20260503_015848/iterated_local_search/run_1_worker_1/ils_config_14683660345963358992.prm
[INFO]:[01:59:30] Starting CPLEX solver on instance: /home/yorig/tuner/mpils-tests/instances/miplib/easy/supportcase33.mps with config: /scratch/yorig/mpils-results-grid-seconds-5-no-mip-start/easy/4proc/seed-5/10_supportcase33_seed-5_20260503_015848/iterated_local_search/run_1_worker_1/ils_config_14683660345963358992.prm
[INFO]:[01:59:35] CPLEX results. Gap: 26.560000, upper bound: -320.000000, lower bound: -405.000000
[INFO]:[01:59:35] CPLEX solver finished. Gap: 26.560000
[INFO]:[01:59:35] Starting CPLEX solver on instance: /home/yorig/tuner/mpils-tests/instances/miplib/easy/supportcase33.mps with config: /scratch/yorig/mpils-results-grid-seconds-5-no-mip-start/easy/4proc/seed-5/10_supportcase33_seed-5_20260503_015848/iterated_local_search/run_1_worker_1/ils_config_17563039011545861839.prm
[INFO]:[01:59:35] Starting CPLEX solver on instance: /home/yorig/tuner/mpils-tests/instances/miplib/easy/supportcase33.mps with config: /scratch/yorig/mpils-results-grid-seconds-5-no-mip-start/easy/4proc/seed-5/10_supportcase33_seed-5_20260503_015848/iterated_local_search/run_1_worker_1/ils_config_17563039011545861839.prm
[INFO]:[01:59:40] CPLEX results. Gap: 32.790000, upper bound: -305.000000, lower bound: -405.000000
[INFO]:[01:59:40] CPLEX solver finished. Gap: 32.790000
[INFO]:[01:59:40] Starting CPLEX solver on instance: /home/yorig/tuner/mpils-tests/instances/miplib/easy/supportcase33.mps with config: /scratch/yorig/mpils-results-grid-seconds-5-no-mip-start/easy/4proc/seed-5/10_supportcase33_seed-5_20260503_015848/iterated_local_search/run_1_worker_1/ils_config_3944182756306912228.prm
[INFO]:[01:59:40] Starting CPLEX solver on instance: /home/yorig/tuner/mpils-tests/instances/miplib/easy/supportcase33.mps with config: /scratch/yorig/mpils-results-grid-seconds-5-no-mip-start/easy/4proc/seed-5/10_supportcase33_seed-5_20260503_015848/iterated_local_search/run_1_worker_1/ils_config_3944182756306912228.prm
[INFO]:[01:59:45] CPLEX results. Gap: 46.170000, upper bound: -285.000000, lower bound: -416.580591
[INFO]:[01:59:45] CPLEX solver finished. Gap: 46.170000
[INFO]:[01:59:45] Starting CPLEX solver on instance: /home/yorig/tuner/mpils-tests/instances/miplib/easy/supportcase33.mps with config: /scratch/yorig/mpils-results-grid-seconds-5-no-mip-start/easy/4proc/seed-5/10_supportcase33_seed-5_20260503_015848/iterated_local_search/run_1_worker_1/ils_config_11320423771409797722.prm
[INFO]:[01:59:45] Starting CPLEX solver on instance: /home/yorig/tuner/mpils-tests/instances/miplib/easy/supportcase33.mps with config: /scratch/yorig/mpils-results-grid-seconds-5-no-mip-start/easy/4proc/seed-5/10_supportcase33_seed-5_20260503_015848/iterated_local_search/run_1_worker_1/ils_config_11320423771409797722.prm
[INFO]:[01:59:50] CPLEX results. Gap: 26.560000, upper bound: -320.000000, lower bound: -405.000000
[INFO]:[01:59:50] CPLEX solver finished. Gap: 26.560000
[INFO]:[01:59:50] Starting CPLEX solver on instance: /home/yorig/tuner/mpils-tests/instances/miplib/easy/supportcase33.mps with config: /scratch/yorig/mpils-results-grid-seconds-5-no-mip-start/easy/4proc/seed-5/10_supportcase33_seed-5_20260503_015848/iterated_local_search/run_1_worker_1/ils_config_2783812858917971051.prm
[INFO]:[01:59:50] Starting CPLEX solver on instance: /home/yorig/tuner/mpils-tests/instances/miplib/easy/supportcase33.mps with config: /scratch/yorig/mpils-results-grid-seconds-5-no-mip-start/easy/4proc/seed-5/10_supportcase33_seed-5_20260503_015848/iterated_local_search/run_1_worker_1/ils_config_2783812858917971051.prm
[INFO]:[01:59:56] CPLEX results. Gap: 26.560000, upper bound: -320.000000, lower bound: -405.000000
[INFO]:[01:59:56] CPLEX solver finished. Gap: 26.560000
[INFO]:[01:59:56] Starting CPLEX solver on instance: /home/yorig/tuner/mpils-tests/instances/miplib/easy/supportcase33.mps with config: /scratch/yorig/mpils-results-grid-seconds-5-no-mip-start/easy/4proc/seed-5/10_supportcase33_seed-5_20260503_015848/iterated_local_search/run_1_worker_1/ils_config_9512254665180561536.prm
[INFO]:[01:59:56] Starting CPLEX solver on instance: /home/yorig/tuner/mpils-tests/instances/miplib/easy/supportcase33.mps with config: /scratch/yorig/mpils-results-grid-seconds-5-no-mip-start/easy/4proc/seed-5/10_supportcase33_seed-5_20260503_015848/iterated_local_search/run_1_worker_1/ils_config_9512254665180561536.prm
[INFO]:[02:00:01] CPLEX results. Gap: 28.570000, upper bound: -315.000000, lower bound: -405.000000
[INFO]:[02:00:01] CPLEX solver finished. Gap: 28.570000
[INFO]:[02:00:01] Starting CPLEX solver on instance: /home/yorig/tuner/mpils-tests/instances/miplib/easy/supportcase33.mps with config: /scratch/yorig/mpils-results-grid-seconds-5-no-mip-start/easy/4proc/seed-5/10_supportcase33_seed-5_20260503_015848/iterated_local_search/run_1_worker_1/ils_config_3773231118836664961.prm
[INFO]:[02:00:01] Starting CPLEX solver on instance: /home/yorig/tuner/mpils-tests/instances/miplib/easy/supportcase33.mps with config: /scratch/yorig/mpils-results-grid-seconds-5-no-mip-start/easy/4proc/seed-5/10_supportcase33_seed-5_20260503_015848/iterated_local_search/run_1_worker_1/ils_config_3773231118836664961.prm
[INFO]:[02:00:06] CPLEX results. Gap: 26.560000, upper bound: -320.000000, lower bound: -405.000000
[INFO]:[02:00:06] CPLEX solver finished. Gap: 26.560000
[INFO]:[02:00:06] Starting CPLEX solver on instance: /home/yorig/tuner/mpils-tests/instances/miplib/easy/supportcase33.mps with config: /scratch/yorig/mpils-results-grid-seconds-5-no-mip-start/easy/4proc/seed-5/10_supportcase33_seed-5_20260503_015848/iterated_local_search/run_1_worker_1/ils_config_17290603548293572903.prm
[INFO]:[02:00:06] Starting CPLEX solver on instance: /home/yorig/tuner/mpils-tests/instances/miplib/easy/supportcase33.mps with config: /scratch/yorig/mpils-results-grid-seconds-5-no-mip-start/easy/4proc/seed-5/10_supportcase33_seed-5_20260503_015848/iterated_local_search/run_1_worker_1/ils_config_17290603548293572903.prm
[INFO]:[02:00:11] CPLEX results. Gap: 39.660000, upper bound: -290.000000, lower bound: -405.000000
[INFO]:[02:00:11] CPLEX solver finished. Gap: 39.660000
[INFO]:[02:00:11] Starting CPLEX solver on instance: /home/yorig/tuner/mpils-tests/instances/miplib/easy/supportcase33.mps with config: /scratch/yorig/mpils-results-grid-seconds-5-no-mip-start/easy/4proc/seed-5/10_supportcase33_seed-5_20260503_015848/iterated_local_search/run_1_worker_1/ils_config_14338906356719743930.prm
[INFO]:[02:00:11] Starting CPLEX solver on instance: /home/yorig/tuner/mpils-tests/instances/miplib/easy/supportcase33.mps with config: /scratch/yorig/mpils-results-grid-seconds-5-no-mip-start/easy/4proc/seed-5/10_supportcase33_seed-5_20260503_015848/iterated_local_search/run_1_worker_1/ils_config_14338906356719743930.prm
[INFO]:[02:00:16] CPLEX results. Gap: 46.170000, upper bound: -285.000000, lower bound: -416.580591
[INFO]:[02:00:16] CPLEX solver finished. Gap: 46.170000
[INFO]:[02:00:16] Starting CPLEX solver on instance: /home/yorig/tuner/mpils-tests/instances/miplib/easy/supportcase33.mps with config: /scratch/yorig/mpils-results-grid-seconds-5-no-mip-start/easy/4proc/seed-5/10_supportcase33_seed-5_20260503_015848/iterated_local_search/run_1_worker_1/ils_config_18076766330858105752.prm
[INFO]:[02:00:16] Starting CPLEX solver on instance: /home/yorig/tuner/mpils-tests/instances/miplib/easy/supportcase33.mps with config: /scratch/yorig/mpils-results-grid-seconds-5-no-mip-start/easy/4proc/seed-5/10_supportcase33_seed-5_20260503_015848/iterated_local_search/run_1_worker_1/ils_config_18076766330858105752.prm
[INFO]:[02:00:21] CPLEX results. Gap: 19.120000, upper bound: -340.000000, lower bound: -405.000000
[INFO]:[02:00:21] Writing MIP start file: /scratch/yorig/mpils-results-grid-seconds-5-no-mip-start/easy/4proc/seed-5/10_supportcase33_seed-5_20260503_015848/iterated_local_search/run_1_worker_1/mip_starts/mip_start_eval_18_config_18076766330858105752.mst
[INFO]:[02:00:21] CPLEX solver finished. Gap: 19.120000
[INFO]:[02:00:21] New incumbent found with objective value: 19.12
[INFO]:[02:00:21] Starting CPLEX solver on instance: /home/yorig/tuner/mpils-tests/instances/miplib/easy/supportcase33.mps with config: /scratch/yorig/mpils-results-grid-seconds-5-no-mip-start/easy/4proc/seed-5/10_supportcase33_seed-5_20260503_015848/iterated_local_search/run_1_worker_1/ils_config_10356028983436867096.prm
[INFO]:[02:00:21] Starting CPLEX solver on instance: /home/yorig/tuner/mpils-tests/instances/miplib/easy/supportcase33.mps with config: /scratch/yorig/mpils-results-grid-seconds-5-no-mip-start/easy/4proc/seed-5/10_supportcase33_seed-5_20260503_015848/iterated_local_search/run_1_worker_1/ils_config_10356028983436867096.prm
[INFO]:[02:00:26] CPLEX results. Gap: 25.000000, upper bound: -320.000000, lower bound: -400.000000
[INFO]:[02:00:26] CPLEX solver finished. Gap: 25.000000
[INFO]:[02:00:26] Starting CPLEX solver on instance: /home/yorig/tuner/mpils-tests/instances/miplib/easy/supportcase33.mps with config: /scratch/yorig/mpils-results-grid-seconds-5-no-mip-start/easy/4proc/seed-5/10_supportcase33_seed-5_20260503_015848/iterated_local_search/run_1_worker_1/ils_config_12362683293850236410.prm
[INFO]:[02:00:26] Starting CPLEX solver on instance: /home/yorig/tuner/mpils-tests/instances/miplib/easy/supportcase33.mps with config: /scratch/yorig/mpils-results-grid-seconds-5-no-mip-start/easy/4proc/seed-5/10_supportcase33_seed-5_20260503_015848/iterated_local_search/run_1_worker_1/ils_config_12362683293850236410.prm
[INFO]:[02:00:31] CPLEX results. Gap: 26.820000, upper bound: -315.000000, lower bound: -399.473684
[INFO]:[02:00:31] CPLEX solver finished. Gap: 26.820000
[INFO]:[02:00:31] Local search phase completed.
[INFO]:[02:00:31] Total number of new local-search evaluations: 20
[INFO]:[02:00:31] Final incumbent objective value: 19.12
[INFO]:[02:00:34] Worker 1 completed exploration phase.
[INFO]:[02:00:34] Worker 1 received order for step 2.
[INFO]:[02:00:34] Worker 1 running expansion phase for iteration 1.
[INFO]:[02:00:34] Worker 1 will use solver log file: /scratch/yorig/mpils-results-grid-seconds-5-no-mip-start/easy/4proc/seed-5/10_supportcase33_seed-5_20260503_015848/solver/cplex.log_iteration_expansion_1_worker_1
[INFO]:[02:00:34] Expansion Worker 1 starting expansion for iteration 1.
[INFO]:[02:00:34] Starting CPLEX solver on instance: /home/yorig/tuner/mpils-tests/instances/miplib/easy/supportcase33.mps with config: /scratch/yorig/mpils-results-grid-seconds-5-no-mip-start/easy/4proc/seed-5/10_supportcase33_seed-5_20260503_015848/expansion/config_param_CPXPARAM_MIP_Strategy_NodeSelect_2_iter_1.prm
[INFO]:[02:00:39] CPLEX results. Gap: 17.390000, upper bound: -345.000000, lower bound: -405.000000
[INFO]:[02:00:39] CPLEX solver finished. Gap: 17.390000
[INFO]:[02:00:39] Starting CPLEX solver on instance: /home/yorig/tuner/mpils-tests/instances/miplib/easy/supportcase33.mps with config: /scratch/yorig/mpils-results-grid-seconds-5-no-mip-start/easy/4proc/seed-5/10_supportcase33_seed-5_20260503_015848/expansion/config_param_CPXPARAM_MIP_Strategy_NodeSelect_3_iter_1.prm
[INFO]:[02:00:44] CPLEX results. Gap: 25.000000, upper bound: -330.000000, lower bound: -412.500000
[INFO]:[02:00:44] CPLEX solver finished. Gap: 25.000000
[INFO]:[02:00:44] Starting CPLEX solver on instance: /home/yorig/tuner/mpils-tests/instances/miplib/easy/supportcase33.mps with config: /scratch/yorig/mpils-results-grid-seconds-5-no-mip-start/easy/4proc/seed-5/10_supportcase33_seed-5_20260503_015848/expansion/config_param_CPXPARAM_MIP_Strategy_Dive_1_iter_1.prm
[INFO]:[02:00:49] CPLEX results. Gap: 26.560000, upper bound: -320.000000, lower bound: -405.000000
[INFO]:[02:00:49] CPLEX solver finished. Gap: 26.560000
[INFO]:[02:00:49] Starting CPLEX solver on instance: /home/yorig/tuner/mpils-tests/instances/miplib/easy/supportcase33.mps with config: /scratch/yorig/mpils-results-grid-seconds-5-no-mip-start/easy/4proc/seed-5/10_supportcase33_seed-5_20260503_015848/expansion/config_param_CPXPARAM_MIP_Strategy_Dive_2_iter_1.prm
[INFO]:[02:00:54] CPLEX results. Gap: 22.550000, upper bound: -340.000000, lower bound: -416.666667
[INFO]:[02:00:54] CPLEX solver finished. Gap: 22.550000
[INFO]:[02:00:54] Starting CPLEX solver on instance: /home/yorig/tuner/mpils-tests/instances/miplib/easy/supportcase33.mps with config: /scratch/yorig/mpils-results-grid-seconds-5-no-mip-start/easy/4proc/seed-5/10_supportcase33_seed-5_20260503_015848/expansion/config_param_CPXPARAM_MIP_Strategy_Dive_3_iter_1.prm
[INFO]:[02:00:59] CPLEX results. Gap: 35.090000, upper bound: -305.000000, lower bound: -412.039324
[INFO]:[02:00:59] CPLEX solver finished. Gap: 35.090000
[INFO]:[02:00:59] Starting CPLEX solver on instance: /home/yorig/tuner/mpils-tests/instances/miplib/easy/supportcase33.mps with config: /scratch/yorig/mpils-results-grid-seconds-5-no-mip-start/easy/4proc/seed-5/10_supportcase33_seed-5_20260503_015848/expansion/config_param_CPXPARAM_MIP_Limits_ProbeTime_0_iter_1.prm
[INFO]:[02:01:04] CPLEX results. Gap: 29.930000, upper bound: -335.000000, lower bound: -435.279458
[INFO]:[02:01:04] CPLEX solver finished. Gap: 29.930000
[INFO]:[02:01:04] Starting CPLEX solver on instance: /home/yorig/tuner/mpils-tests/instances/miplib/easy/supportcase33.mps with config: /scratch/yorig/mpils-results-grid-seconds-5-no-mip-start/easy/4proc/seed-5/10_supportcase33_seed-5_20260503_015848/expansion/config_param_CPXPARAM_MIP_Limits_ProbeTime_1_iter_1.prm
[INFO]:[02:01:09] CPLEX results. Gap: 42.530000, upper bound: -290.000000, lower bound: -413.333333
[INFO]:[02:01:09] CPLEX solver finished. Gap: 42.530000
[INFO]:[02:01:09] Starting CPLEX solver on instance: /home/yorig/tuner/mpils-tests/instances/miplib/easy/supportcase33.mps with config: /scratch/yorig/mpils-results-grid-seconds-5-no-mip-start/easy/4proc/seed-5/10_supportcase33_seed-5_20260503_015848/expansion/config_param_CPXPARAM_MIP_Limits_ProbeTime_2_iter_1.prm
[INFO]:[02:01:14] CPLEX results. Gap: 42.240000, upper bound: -290.000000, lower bound: -412.500000
[INFO]:[02:01:14] CPLEX solver finished. Gap: 42.240000
[INFO]:[02:01:14] Starting CPLEX solver on instance: /home/yorig/tuner/mpils-tests/instances/miplib/easy/supportcase33.mps with config: /scratch/yorig/mpils-results-grid-seconds-5-no-mip-start/easy/4proc/seed-5/10_supportcase33_seed-5_20260503_015848/expansion/config_param_CPXPARAM_MIP_Limits_ProbeTime_5_iter_1.prm
[INFO]:[02:01:20] CPLEX results. Gap: 42.240000, upper bound: -290.000000, lower bound: -412.500000
[INFO]:[02:01:20] CPLEX solver finished. Gap: 42.240000
[INFO]:[02:01:20] Starting CPLEX solver on instance: /home/yorig/tuner/mpils-tests/instances/miplib/easy/supportcase33.mps with config: /scratch/yorig/mpils-results-grid-seconds-5-no-mip-start/easy/4proc/seed-5/10_supportcase33_seed-5_20260503_015848/expansion/config_param_CPXPARAM_MIP_Limits_ProbeTime_10_iter_1.prm
[INFO]:[02:01:25] CPLEX results. Gap: 42.240000, upper bound: -290.000000, lower bound: -412.500000
[INFO]:[02:01:25] CPLEX solver finished. Gap: 42.240000
[INFO]:[02:01:25] Starting CPLEX solver on instance: /home/yorig/tuner/mpils-tests/instances/miplib/easy/supportcase33.mps with config: /scratch/yorig/mpils-results-grid-seconds-5-no-mip-start/easy/4proc/seed-5/10_supportcase33_seed-5_20260503_015848/expansion/config_param_CPXPARAM_MIP_Limits_ProbeTime_20_iter_1.prm
[INFO]:[02:01:30] CPLEX results. Gap: 42.240000, upper bound: -290.000000, lower bound: -412.500000
[INFO]:[02:01:30] CPLEX solver finished. Gap: 42.240000
[INFO]:[02:01:30] Starting CPLEX solver on instance: /home/yorig/tuner/mpils-tests/instances/miplib/easy/supportcase33.mps with config: /scratch/yorig/mpils-results-grid-seconds-5-no-mip-start/easy/4proc/seed-5/10_supportcase33_seed-5_20260503_015848/expansion/config_param_CPXPARAM_MIP_Limits_ProbeTime_30_iter_1.prm
[INFO]:[02:01:35] CPLEX results. Gap: 42.240000, upper bound: -290.000000, lower bound: -412.500000
[INFO]:[02:01:35] CPLEX solver finished. Gap: 42.240000
[INFO]:[02:01:35] Starting CPLEX solver on instance: /home/yorig/tuner/mpils-tests/instances/miplib/easy/supportcase33.mps with config: /scratch/yorig/mpils-results-grid-seconds-5-no-mip-start/easy/4proc/seed-5/10_supportcase33_seed-5_20260503_015848/expansion/config_param_CPXPARAM_MIP_Limits_ProbeTime_40_iter_1.prm
[INFO]:[02:01:40] CPLEX results. Gap: 42.240000, upper bound: -290.000000, lower bound: -412.500000
[INFO]:[02:01:40] CPLEX solver finished. Gap: 42.240000
[INFO]:[02:01:40] Starting CPLEX solver on instance: /home/yorig/tuner/mpils-tests/instances/miplib/easy/supportcase33.mps with config: /scratch/yorig/mpils-results-grid-seconds-5-no-mip-start/easy/4proc/seed-5/10_supportcase33_seed-5_20260503_015848/expansion/config_param_CPXPARAM_MIP_Limits_ProbeTime_50_iter_1.prm
[INFO]:[02:01:45] CPLEX results. Gap: 42.240000, upper bound: -290.000000, lower bound: -412.500000
[INFO]:[02:01:45] CPLEX solver finished. Gap: 42.240000
[INFO]:[02:01:45] Expansion Worker 1 completed expansion.
[INFO]:[02:01:45] Worker 1 completed expansion phase.
[INFO]:[02:01:45] Worker 1 received order for step 1.
[INFO]:[02:01:45] Worker 1 running exploration phase for iteration 2.
[INFO]:[02:01:45] Worker 1 at iteration 2 will use MIP start file: /scratch/yorig/mpils-results-grid-seconds-5-no-mip-start/easy/4proc/seed-5/10_supportcase33_seed-5_20260503_015848/iterated_local_search/run_1_worker_2/mip_starts/mip_start_eval_12_config_9239564763606350172.mst
[INFO]:[02:01:45] Starting local search phase...
[INFO]:[02:01:45] Creating local search space from parameter space file: /scratch/yorig/mpils-results-grid-seconds-5-no-mip-start/easy/4proc/seed-5/10_supportcase33_seed-5_20260503_015848/iterated_local_search/search_space/search_space_file_2_worker_1.txt
[INFO]:[02:01:45] Local search space loaded from file: /scratch/yorig/mpils-results-grid-seconds-5-no-mip-start/easy/4proc/seed-5/10_supportcase33_seed-5_20260503_015848/iterated_local_search/search_space/search_space_file_2_worker_1.txt
[INFO]:[02:01:45] Number of parameters in local search space: 71
[INFO]:[02:01:45] Number of forbidden tuples in local search space: 8
[INFO]:[02:01:45] Number of conditionals in local search space: 6
[INFO]:[02:01:45] Using MIP start file for local search: /scratch/yorig/mpils-results-grid-seconds-5-no-mip-start/easy/4proc/seed-5/10_supportcase33_seed-5_20260503_015848/iterated_local_search/run_1_worker_2/mip_starts/mip_start_eval_12_config_9239564763606350172.mst
[INFO]:[02:01:45] Evaluating initial configuration for local search phase...
[INFO]:[02:01:45] Starting CPLEX solver on instance: /home/yorig/tuner/mpils-tests/instances/miplib/easy/supportcase33.mps with config: /scratch/yorig/mpils-results-grid-seconds-5-no-mip-start/easy/4proc/seed-5/10_supportcase33_seed-5_20260503_015848/iterated_local_search/run_2_worker_1/ils_config_9239564763606350173.prm
[INFO]:[02:01:45] Starting CPLEX solver on instance: /home/yorig/tuner/mpils-tests/instances/miplib/easy/supportcase33.mps with config: /scratch/yorig/mpils-results-grid-seconds-5-no-mip-start/easy/4proc/seed-5/10_supportcase33_seed-5_20260503_015848/iterated_local_search/run_2_worker_1/ils_config_9239564763606350173.prm
[INFO]:[02:01:50] CPLEX results. Gap: 0.000000, upper bound: -345.000000, lower bound: -345.000000
[INFO]:[02:01:50] CPLEX solver finished. Gap: 0.000000
[INFO]:[02:01:50] Stopping local search: gap 0 reached the acceptance threshold 0.
[INFO]:[02:01:50] Initial configuration evaluated with objective value: 0
[INFO]:[02:01:50] Local search phase completed.
[INFO]:[02:01:50] Total number of new local-search evaluations: 1
[INFO]:[02:01:50] Final incumbent objective value: 0
[INFO]:[02:02:01] Worker 1 completed exploration phase.
[INFO]:[02:02:01] Worker 1 received order for step 3.
[INFO]:[02:02:01] Worker 1 finished.
