[INFO]:[01:14:24] Worker 11 starting.
[INFO]:[01:14:24] Worker 11 received order for step 1.
[INFO]:[01:14:24] Worker 11 running exploration phase for iteration 1.
[INFO]:[01:14:24] Worker 11 at iteration 1 will not use a MIP start file. Current best MIP-start upper bound threshold is 1.79769e+308.
[INFO]:[01:14:24] Starting local search phase...
[INFO]:[01:14:24] Creating local search space from parameter space file: /scratch/yorig/mpils-results-grid-seconds-5-watchdog-mip-start/medium-1/24proc/seed-2/6_momentum1_seed-2_20260504_011423/iterated_local_search/search_space/search_space_file_1_worker_11.txt
[INFO]:[01:14:24] Local search space loaded from file: /scratch/yorig/mpils-results-grid-seconds-5-watchdog-mip-start/medium-1/24proc/seed-2/6_momentum1_seed-2_20260504_011423/iterated_local_search/search_space/search_space_file_1_worker_11.txt
[INFO]:[01:14:24] Number of parameters in local search space: 71
[INFO]:[01:14:24] Number of forbidden tuples in local search space: 0
[INFO]:[01:14:24] Number of conditionals in local search space: 6
[INFO]:[01:14:24] MIP start option not enabled. Local search will proceed without MIP start.
[INFO]:[01:14:24] Evaluating initial configuration for local search phase...
[INFO]:[01:14:24] Starting CPLEX solver on instance: /home/yorig/tuner/mpils-tests/instances/miplib/medium-1/momentum1.mps with config: /scratch/yorig/mpils-results-grid-seconds-5-watchdog-mip-start/medium-1/24proc/seed-2/6_momentum1_seed-2_20260504_011423/iterated_local_search/run_1_worker_11/ils_config_11623642072098601399.prm
[INFO]:[01:14:24] Starting CPLEX solver on instance: /home/yorig/tuner/mpils-tests/instances/miplib/medium-1/momentum1.mps with config: /scratch/yorig/mpils-results-grid-seconds-5-watchdog-mip-start/medium-1/24proc/seed-2/6_momentum1_seed-2_20260504_011423/iterated_local_search/run_1_worker_11/ils_config_11623642072098601399.prm
[INFO]:[01:14:29] CPLEX results. Gap: 68.070000, upper bound: 301680.702494, lower bound: 96313.753896
[INFO]:[01:14:29] CPLEX solver finished. Gap: 68.070000
[INFO]:[01:14:29] Initial configuration evaluated with objective value: 68.07
[INFO]:[01:14:29] Starting CPLEX solver on instance: /home/yorig/tuner/mpils-tests/instances/miplib/medium-1/momentum1.mps with config: /scratch/yorig/mpils-results-grid-seconds-5-watchdog-mip-start/medium-1/24proc/seed-2/6_momentum1_seed-2_20260504_011423/iterated_local_search/run_1_worker_11/ils_config_13354252499950585778.prm
[INFO]:[01:14:29] Starting CPLEX solver on instance: /home/yorig/tuner/mpils-tests/instances/miplib/medium-1/momentum1.mps with config: /scratch/yorig/mpils-results-grid-seconds-5-watchdog-mip-start/medium-1/24proc/seed-2/6_momentum1_seed-2_20260504_011423/iterated_local_search/run_1_worker_11/ils_config_13354252499950585778.prm
[INFO]:[01:14:35] CPLEX results. Gap: 69.380000, upper bound: 314527.338666, lower bound: 96319.812880
[INFO]:[01:14:35] CPLEX solver finished. Gap: 69.380000
[INFO]:[01:14:35] Starting CPLEX solver on instance: /home/yorig/tuner/mpils-tests/instances/miplib/medium-1/momentum1.mps with config: /scratch/yorig/mpils-results-grid-seconds-5-watchdog-mip-start/medium-1/24proc/seed-2/6_momentum1_seed-2_20260504_011423/iterated_local_search/run_1_worker_11/ils_config_5422275486473941903.prm
[INFO]:[01:14:35] Starting CPLEX solver on instance: /home/yorig/tuner/mpils-tests/instances/miplib/medium-1/momentum1.mps with config: /scratch/yorig/mpils-results-grid-seconds-5-watchdog-mip-start/medium-1/24proc/seed-2/6_momentum1_seed-2_20260504_011423/iterated_local_search/run_1_worker_11/ils_config_5422275486473941903.prm
[INFO]:[01:14:40] CPLEX results. Gap: 68.060000, upper bound: 301726.701594, lower bound: 96356.981655
[INFO]:[01:14:40] CPLEX solver finished. Gap: 68.060000
[INFO]:[01:14:40] New incumbent found with objective value: 68.06
[INFO]:[01:14:40] Starting CPLEX solver on instance: /home/yorig/tuner/mpils-tests/instances/miplib/medium-1/momentum1.mps with config: /scratch/yorig/mpils-results-grid-seconds-5-watchdog-mip-start/medium-1/24proc/seed-2/6_momentum1_seed-2_20260504_011423/iterated_local_search/run_1_worker_11/ils_config_1019381252135152754.prm
[INFO]:[01:14:40] Starting CPLEX solver on instance: /home/yorig/tuner/mpils-tests/instances/miplib/medium-1/momentum1.mps with config: /scratch/yorig/mpils-results-grid-seconds-5-watchdog-mip-start/medium-1/24proc/seed-2/6_momentum1_seed-2_20260504_011423/iterated_local_search/run_1_worker_11/ils_config_1019381252135152754.prm
[INFO]:[01:14:45] CPLEX results. Gap: 68.760000, upper bound: 308107.491201, lower bound: 96264.659493
[INFO]:[01:14:45] CPLEX solver finished. Gap: 68.760000
[INFO]:[01:14:45] Starting CPLEX solver on instance: /home/yorig/tuner/mpils-tests/instances/miplib/medium-1/momentum1.mps with config: /scratch/yorig/mpils-results-grid-seconds-5-watchdog-mip-start/medium-1/24proc/seed-2/6_momentum1_seed-2_20260504_011423/iterated_local_search/run_1_worker_11/ils_config_3594673850976645649.prm
[INFO]:[01:14:45] Starting CPLEX solver on instance: /home/yorig/tuner/mpils-tests/instances/miplib/medium-1/momentum1.mps with config: /scratch/yorig/mpils-results-grid-seconds-5-watchdog-mip-start/medium-1/24proc/seed-2/6_momentum1_seed-2_20260504_011423/iterated_local_search/run_1_worker_11/ils_config_3594673850976645649.prm
[INFO]:[01:14:50] CPLEX results. Gap: 68.740000, upper bound: 308139.794300, lower bound: 96329.925429
[INFO]:[01:14:50] CPLEX solver finished. Gap: 68.740000
[INFO]:[01:14:50] Starting CPLEX solver on instance: /home/yorig/tuner/mpils-tests/instances/miplib/medium-1/momentum1.mps with config: /scratch/yorig/mpils-results-grid-seconds-5-watchdog-mip-start/medium-1/24proc/seed-2/6_momentum1_seed-2_20260504_011423/iterated_local_search/run_1_worker_11/ils_config_8735711316285188688.prm
[INFO]:[01:14:50] Starting CPLEX solver on instance: /home/yorig/tuner/mpils-tests/instances/miplib/medium-1/momentum1.mps with config: /scratch/yorig/mpils-results-grid-seconds-5-watchdog-mip-start/medium-1/24proc/seed-2/6_momentum1_seed-2_20260504_011423/iterated_local_search/run_1_worker_11/ils_config_8735711316285188688.prm
[INFO]:[01:14:55] CPLEX results. Gap: 68.740000, upper bound: 308126.373732, lower bound: 96335.266893
[INFO]:[01:14:55] CPLEX solver finished. Gap: 68.740000
[INFO]:[01:14:55] Starting CPLEX solver on instance: /home/yorig/tuner/mpils-tests/instances/miplib/medium-1/momentum1.mps with config: /scratch/yorig/mpils-results-grid-seconds-5-watchdog-mip-start/medium-1/24proc/seed-2/6_momentum1_seed-2_20260504_011423/iterated_local_search/run_1_worker_11/ils_config_17036175735369007992.prm
[INFO]:[01:14:55] Starting CPLEX solver on instance: /home/yorig/tuner/mpils-tests/instances/miplib/medium-1/momentum1.mps with config: /scratch/yorig/mpils-results-grid-seconds-5-watchdog-mip-start/medium-1/24proc/seed-2/6_momentum1_seed-2_20260504_011423/iterated_local_search/run_1_worker_11/ils_config_17036175735369007992.prm
[INFO]:[01:15:00] CPLEX results. Gap: 70.240000, upper bound: 320985.033104, lower bound: 95530.046678
[INFO]:[01:15:00] CPLEX solver finished. Gap: 70.240000
[INFO]:[01:15:00] Starting CPLEX solver on instance: /home/yorig/tuner/mpils-tests/instances/miplib/medium-1/momentum1.mps with config: /scratch/yorig/mpils-results-grid-seconds-5-watchdog-mip-start/medium-1/24proc/seed-2/6_momentum1_seed-2_20260504_011423/iterated_local_search/run_1_worker_11/ils_config_12003553496573669512.prm
[INFO]:[01:15:00] Starting CPLEX solver on instance: /home/yorig/tuner/mpils-tests/instances/miplib/medium-1/momentum1.mps with config: /scratch/yorig/mpils-results-grid-seconds-5-watchdog-mip-start/medium-1/24proc/seed-2/6_momentum1_seed-2_20260504_011423/iterated_local_search/run_1_worker_11/ils_config_12003553496573669512.prm
[INFO]:[01:15:05] CPLEX results. Gap: 68.060000, upper bound: 301726.701594, lower bound: 96378.292752
[INFO]:[01:15:05] CPLEX solver finished. Gap: 68.060000
[INFO]:[01:15:05] Starting CPLEX solver on instance: /home/yorig/tuner/mpils-tests/instances/miplib/medium-1/momentum1.mps with config: /scratch/yorig/mpils-results-grid-seconds-5-watchdog-mip-start/medium-1/24proc/seed-2/6_momentum1_seed-2_20260504_011423/iterated_local_search/run_1_worker_11/ils_config_17881459020321278697.prm
[INFO]:[01:15:05] Starting CPLEX solver on instance: /home/yorig/tuner/mpils-tests/instances/miplib/medium-1/momentum1.mps with config: /scratch/yorig/mpils-results-grid-seconds-5-watchdog-mip-start/medium-1/24proc/seed-2/6_momentum1_seed-2_20260504_011423/iterated_local_search/run_1_worker_11/ils_config_17881459020321278697.prm
[INFO]:[01:15:10] CPLEX results. Gap: 69.360000, upper bound: 314555.469693, lower bound: 96385.082781
[INFO]:[01:15:10] CPLEX solver finished. Gap: 69.360000
[INFO]:[01:15:10] Starting CPLEX solver on instance: /home/yorig/tuner/mpils-tests/instances/miplib/medium-1/momentum1.mps with config: /scratch/yorig/mpils-results-grid-seconds-5-watchdog-mip-start/medium-1/24proc/seed-2/6_momentum1_seed-2_20260504_011423/iterated_local_search/run_1_worker_11/ils_config_6460318155326859786.prm
[INFO]:[01:15:10] Starting CPLEX solver on instance: /home/yorig/tuner/mpils-tests/instances/miplib/medium-1/momentum1.mps with config: /scratch/yorig/mpils-results-grid-seconds-5-watchdog-mip-start/medium-1/24proc/seed-2/6_momentum1_seed-2_20260504_011423/iterated_local_search/run_1_worker_11/ils_config_6460318155326859786.prm
[INFO]:[01:15:15] CPLEX results. Gap: 68.060000, upper bound: 301726.701594, lower bound: 96378.267852
[INFO]:[01:15:15] CPLEX solver finished. Gap: 68.060000
[INFO]:[01:15:15] Starting CPLEX solver on instance: /home/yorig/tuner/mpils-tests/instances/miplib/medium-1/momentum1.mps with config: /scratch/yorig/mpils-results-grid-seconds-5-watchdog-mip-start/medium-1/24proc/seed-2/6_momentum1_seed-2_20260504_011423/iterated_local_search/run_1_worker_11/ils_config_9286978243572425336.prm
[INFO]:[01:15:15] Starting CPLEX solver on instance: /home/yorig/tuner/mpils-tests/instances/miplib/medium-1/momentum1.mps with config: /scratch/yorig/mpils-results-grid-seconds-5-watchdog-mip-start/medium-1/24proc/seed-2/6_momentum1_seed-2_20260504_011423/iterated_local_search/run_1_worker_11/ils_config_9286978243572425336.prm
[INFO]:[01:15:20] CPLEX results. Gap: 76.270000, upper bound: 333809.066611, lower bound: 79213.217072
[INFO]:[01:15:20] CPLEX solver finished. Gap: 76.270000
[INFO]:[01:15:20] Starting CPLEX solver on instance: /home/yorig/tuner/mpils-tests/instances/miplib/medium-1/momentum1.mps with config: /scratch/yorig/mpils-results-grid-seconds-5-watchdog-mip-start/medium-1/24proc/seed-2/6_momentum1_seed-2_20260504_011423/iterated_local_search/run_1_worker_11/ils_config_18037644506127495632.prm
[INFO]:[01:15:20] Starting CPLEX solver on instance: /home/yorig/tuner/mpils-tests/instances/miplib/medium-1/momentum1.mps with config: /scratch/yorig/mpils-results-grid-seconds-5-watchdog-mip-start/medium-1/24proc/seed-2/6_momentum1_seed-2_20260504_011423/iterated_local_search/run_1_worker_11/ils_config_18037644506127495632.prm
[INFO]:[01:15:25] CPLEX results. Gap: 68.060000, upper bound: 301726.701594, lower bound: 96356.981655
[INFO]:[01:15:25] CPLEX solver finished. Gap: 68.060000
[INFO]:[01:15:25] Starting CPLEX solver on instance: /home/yorig/tuner/mpils-tests/instances/miplib/medium-1/momentum1.mps with config: /scratch/yorig/mpils-results-grid-seconds-5-watchdog-mip-start/medium-1/24proc/seed-2/6_momentum1_seed-2_20260504_011423/iterated_local_search/run_1_worker_11/ils_config_16875409844522606385.prm
[INFO]:[01:15:25] Starting CPLEX solver on instance: /home/yorig/tuner/mpils-tests/instances/miplib/medium-1/momentum1.mps with config: /scratch/yorig/mpils-results-grid-seconds-5-watchdog-mip-start/medium-1/24proc/seed-2/6_momentum1_seed-2_20260504_011423/iterated_local_search/run_1_worker_11/ils_config_16875409844522606385.prm
[INFO]:[01:15:30] CPLEX results. Gap: 68.050000, upper bound: 301724.270001, lower bound: 96385.894876
[INFO]:[01:15:30] CPLEX solver finished. Gap: 68.050000
[INFO]:[01:15:30] New incumbent found with objective value: 68.05
[INFO]:[01:15:30] Starting CPLEX solver on instance: /home/yorig/tuner/mpils-tests/instances/miplib/medium-1/momentum1.mps with config: /scratch/yorig/mpils-results-grid-seconds-5-watchdog-mip-start/medium-1/24proc/seed-2/6_momentum1_seed-2_20260504_011423/iterated_local_search/run_1_worker_11/ils_config_6255686391559556658.prm
[INFO]:[01:15:30] Starting CPLEX solver on instance: /home/yorig/tuner/mpils-tests/instances/miplib/medium-1/momentum1.mps with config: /scratch/yorig/mpils-results-grid-seconds-5-watchdog-mip-start/medium-1/24proc/seed-2/6_momentum1_seed-2_20260504_011423/iterated_local_search/run_1_worker_11/ils_config_6255686391559556658.prm
[INFO]:[01:15:35] CPLEX results. Gap: 68.090000, upper bound: 301730.860082, lower bound: 96276.615074
[INFO]:[01:15:35] CPLEX solver finished. Gap: 68.090000
[INFO]:[01:15:35] Starting CPLEX solver on instance: /home/yorig/tuner/mpils-tests/instances/miplib/medium-1/momentum1.mps with config: /scratch/yorig/mpils-results-grid-seconds-5-watchdog-mip-start/medium-1/24proc/seed-2/6_momentum1_seed-2_20260504_011423/iterated_local_search/run_1_worker_11/ils_config_15377316292437665690.prm
[INFO]:[01:15:35] Starting CPLEX solver on instance: /home/yorig/tuner/mpils-tests/instances/miplib/medium-1/momentum1.mps with config: /scratch/yorig/mpils-results-grid-seconds-5-watchdog-mip-start/medium-1/24proc/seed-2/6_momentum1_seed-2_20260504_011423/iterated_local_search/run_1_worker_11/ils_config_15377316292437665690.prm
[INFO]:[01:15:40] CPLEX results. Gap: 68.090000, upper bound: 301699.428438, lower bound: 96278.496184
[INFO]:[01:15:40] CPLEX solver finished. Gap: 68.090000
[INFO]:[01:15:40] Starting CPLEX solver on instance: /home/yorig/tuner/mpils-tests/instances/miplib/medium-1/momentum1.mps with config: /scratch/yorig/mpils-results-grid-seconds-5-watchdog-mip-start/medium-1/24proc/seed-2/6_momentum1_seed-2_20260504_011423/iterated_local_search/run_1_worker_11/ils_config_13370485808140476834.prm
[INFO]:[01:15:40] Starting CPLEX solver on instance: /home/yorig/tuner/mpils-tests/instances/miplib/medium-1/momentum1.mps with config: /scratch/yorig/mpils-results-grid-seconds-5-watchdog-mip-start/medium-1/24proc/seed-2/6_momentum1_seed-2_20260504_011423/iterated_local_search/run_1_worker_11/ils_config_13370485808140476834.prm
[INFO]:[01:15:45] CPLEX results. Gap: 68.710000, upper bound: 308143.017095, lower bound: 96408.172811
[INFO]:[01:15:45] CPLEX solver finished. Gap: 68.710000
[INFO]:[01:15:45] Starting CPLEX solver on instance: /home/yorig/tuner/mpils-tests/instances/miplib/medium-1/momentum1.mps with config: /scratch/yorig/mpils-results-grid-seconds-5-watchdog-mip-start/medium-1/24proc/seed-2/6_momentum1_seed-2_20260504_011423/iterated_local_search/run_1_worker_11/ils_config_17852382910251516984.prm
[INFO]:[01:15:45] Starting CPLEX solver on instance: /home/yorig/tuner/mpils-tests/instances/miplib/medium-1/momentum1.mps with config: /scratch/yorig/mpils-results-grid-seconds-5-watchdog-mip-start/medium-1/24proc/seed-2/6_momentum1_seed-2_20260504_011423/iterated_local_search/run_1_worker_11/ils_config_17852382910251516984.prm
[INFO]:[01:15:50] CPLEX results. Gap: 66.670000, upper bound: 288908.609093, lower bound: 96294.723521
[INFO]:[01:15:50] CPLEX solver finished. Gap: 66.670000
[INFO]:[01:15:50] New incumbent found with objective value: 66.67
[INFO]:[01:15:50] Starting CPLEX solver on instance: /home/yorig/tuner/mpils-tests/instances/miplib/medium-1/momentum1.mps with config: /scratch/yorig/mpils-results-grid-seconds-5-watchdog-mip-start/medium-1/24proc/seed-2/6_momentum1_seed-2_20260504_011423/iterated_local_search/run_1_worker_11/ils_config_5738881767669386210.prm
[INFO]:[01:15:50] Starting CPLEX solver on instance: /home/yorig/tuner/mpils-tests/instances/miplib/medium-1/momentum1.mps with config: /scratch/yorig/mpils-results-grid-seconds-5-watchdog-mip-start/medium-1/24proc/seed-2/6_momentum1_seed-2_20260504_011423/iterated_local_search/run_1_worker_11/ils_config_5738881767669386210.prm
[INFO]:[01:15:55] CPLEX results. Gap: 65.900000, upper bound: 282433.937358, lower bound: 96297.168802
[INFO]:[01:15:55] CPLEX solver finished. Gap: 65.900000
[INFO]:[01:15:55] New incumbent found with objective value: 65.9
[INFO]:[01:15:55] Starting CPLEX solver on instance: /home/yorig/tuner/mpils-tests/instances/miplib/medium-1/momentum1.mps with config: /scratch/yorig/mpils-results-grid-seconds-5-watchdog-mip-start/medium-1/24proc/seed-2/6_momentum1_seed-2_20260504_011423/iterated_local_search/run_1_worker_11/ils_config_15119700562547723330.prm
[INFO]:[01:15:55] Starting CPLEX solver on instance: /home/yorig/tuner/mpils-tests/instances/miplib/medium-1/momentum1.mps with config: /scratch/yorig/mpils-results-grid-seconds-5-watchdog-mip-start/medium-1/24proc/seed-2/6_momentum1_seed-2_20260504_011423/iterated_local_search/run_1_worker_11/ils_config_15119700562547723330.prm
[INFO]:[01:16:01] CPLEX results. Gap: 68.740000, upper bound: 308124.588567, lower bound: 96330.665186
[INFO]:[01:16:01] CPLEX solver finished. Gap: 68.740000
[INFO]:[01:16:01] Starting CPLEX solver on instance: /home/yorig/tuner/mpils-tests/instances/miplib/medium-1/momentum1.mps with config: /scratch/yorig/mpils-results-grid-seconds-5-watchdog-mip-start/medium-1/24proc/seed-2/6_momentum1_seed-2_20260504_011423/iterated_local_search/run_1_worker_11/ils_config_10140170717698640260.prm
[INFO]:[01:16:01] Starting CPLEX solver on instance: /home/yorig/tuner/mpils-tests/instances/miplib/medium-1/momentum1.mps with config: /scratch/yorig/mpils-results-grid-seconds-5-watchdog-mip-start/medium-1/24proc/seed-2/6_momentum1_seed-2_20260504_011423/iterated_local_search/run_1_worker_11/ils_config_10140170717698640260.prm
[INFO]:[01:16:06] CPLEX results. Gap: 66.680000, upper bound: 288908.298144, lower bound: 96276.873296
[INFO]:[01:16:06] CPLEX solver finished. Gap: 66.680000
[INFO]:[01:16:06] Local search phase completed.
[INFO]:[01:16:06] Total number of new local-search evaluations: 20
[INFO]:[01:16:06] Final incumbent objective value: 65.9
[INFO]:[01:16:06] Worker 11 completed exploration phase.
[INFO]:[01:16:06] Worker 11 received order for step 2.
[INFO]:[01:16:06] Worker 11 running expansion phase for iteration 1.
[INFO]:[01:16:06] Worker 11 will use solver log file: /scratch/yorig/mpils-results-grid-seconds-5-watchdog-mip-start/medium-1/24proc/seed-2/6_momentum1_seed-2_20260504_011423/solver/cplex.log_iteration_expansion_1_worker_11
[INFO]:[01:16:06] Expansion Worker 11 starting expansion for iteration 1.
[INFO]:[01:16:06] Starting CPLEX solver on instance: /home/yorig/tuner/mpils-tests/instances/miplib/medium-1/momentum1.mps with config: /scratch/yorig/mpils-results-grid-seconds-5-watchdog-mip-start/medium-1/24proc/seed-2/6_momentum1_seed-2_20260504_011423/expansion/config_param_CPXPARAM_MIP_Limits_ProbeTime_60_iter_1.prm
[INFO]:[01:16:11] CPLEX results. Gap: 65.910000, upper bound: 282439.906212, lower bound: 96283.801151
[INFO]:[01:16:11] CPLEX solver finished. Gap: 65.910000
[INFO]:[01:16:11] Starting CPLEX solver on instance: /home/yorig/tuner/mpils-tests/instances/miplib/medium-1/momentum1.mps with config: /scratch/yorig/mpils-results-grid-seconds-5-watchdog-mip-start/medium-1/24proc/seed-2/6_momentum1_seed-2_20260504_011423/expansion/config_param_CPXPARAM_MIP_Limits_ProbeTime_120_iter_1.prm
[INFO]:[01:16:16] CPLEX results. Gap: 65.910000, upper bound: 282439.906212, lower bound: 96283.801151
[INFO]:[01:16:16] CPLEX solver finished. Gap: 65.910000
[INFO]:[01:16:21] Expansion Worker 11 completed expansion.
[INFO]:[01:16:21] Worker 11 completed expansion phase.
[INFO]:[01:16:21] Worker 11 received order for step 1.
[INFO]:[01:16:21] Worker 11 running exploration phase for iteration 2.
[INFO]:[01:16:21] Worker 11 at iteration 2 will not use a MIP start file. Current best MIP-start upper bound threshold is 1.79769e+308.
[INFO]:[01:16:21] Starting local search phase...
[INFO]:[01:16:21] Creating local search space from parameter space file: /scratch/yorig/mpils-results-grid-seconds-5-watchdog-mip-start/medium-1/24proc/seed-2/6_momentum1_seed-2_20260504_011423/iterated_local_search/search_space/search_space_file_2_worker_11.txt
[INFO]:[01:16:21] Local search space loaded from file: /scratch/yorig/mpils-results-grid-seconds-5-watchdog-mip-start/medium-1/24proc/seed-2/6_momentum1_seed-2_20260504_011423/iterated_local_search/search_space/search_space_file_2_worker_11.txt
[INFO]:[01:16:21] Number of parameters in local search space: 71
[INFO]:[01:16:21] Number of forbidden tuples in local search space: 21
[INFO]:[01:16:21] Number of conditionals in local search space: 6
[INFO]:[01:16:21] MIP start option not enabled. Local search will proceed without MIP start.
[INFO]:[01:16:21] Evaluating initial configuration for local search phase...
[INFO]:[01:16:21] Starting CPLEX solver on instance: /home/yorig/tuner/mpils-tests/instances/miplib/medium-1/momentum1.mps with config: /scratch/yorig/mpils-results-grid-seconds-5-watchdog-mip-start/medium-1/24proc/seed-2/6_momentum1_seed-2_20260504_011423/iterated_local_search/run_2_worker_11/ils_config_18252852189456069832.prm
[INFO]:[01:16:21] Starting CPLEX solver on instance: /home/yorig/tuner/mpils-tests/instances/miplib/medium-1/momentum1.mps with config: /scratch/yorig/mpils-results-grid-seconds-5-watchdog-mip-start/medium-1/24proc/seed-2/6_momentum1_seed-2_20260504_011423/iterated_local_search/run_2_worker_11/ils_config_18252852189456069832.prm
[INFO]:[01:16:26] CPLEX results. Gap: 66.680000, upper bound: 288897.983546, lower bound: 96267.706955
[INFO]:[01:16:26] CPLEX solver finished. Gap: 66.680000
[INFO]:[01:16:26] Initial configuration evaluated with objective value: 66.68
[INFO]:[01:16:26] Starting CPLEX solver on instance: /home/yorig/tuner/mpils-tests/instances/miplib/medium-1/momentum1.mps with config: /scratch/yorig/mpils-results-grid-seconds-5-watchdog-mip-start/medium-1/24proc/seed-2/6_momentum1_seed-2_20260504_011423/iterated_local_search/run_2_worker_11/ils_config_12407978110175242453.prm
[INFO]:[01:16:26] Starting CPLEX solver on instance: /home/yorig/tuner/mpils-tests/instances/miplib/medium-1/momentum1.mps with config: /scratch/yorig/mpils-results-grid-seconds-5-watchdog-mip-start/medium-1/24proc/seed-2/6_momentum1_seed-2_20260504_011423/iterated_local_search/run_2_worker_11/ils_config_12407978110175242453.prm
[INFO]:[01:16:31] CPLEX results. Gap: 47.720000, upper bound: 173373.033110, lower bound: 90632.397431
[INFO]:[01:16:31] CPLEX solver finished. Gap: 47.720000
[INFO]:[01:16:31] New incumbent found with objective value: 47.72
[INFO]:[01:16:31] Starting CPLEX solver on instance: /home/yorig/tuner/mpils-tests/instances/miplib/medium-1/momentum1.mps with config: /scratch/yorig/mpils-results-grid-seconds-5-watchdog-mip-start/medium-1/24proc/seed-2/6_momentum1_seed-2_20260504_011423/iterated_local_search/run_2_worker_11/ils_config_5853104422958689497.prm
[INFO]:[01:16:31] Starting CPLEX solver on instance: /home/yorig/tuner/mpils-tests/instances/miplib/medium-1/momentum1.mps with config: /scratch/yorig/mpils-results-grid-seconds-5-watchdog-mip-start/medium-1/24proc/seed-2/6_momentum1_seed-2_20260504_011423/iterated_local_search/run_2_worker_11/ils_config_5853104422958689497.prm
[INFO]:[01:16:36] CPLEX results. Gap: 72.890000, upper bound: 333793.990281, lower bound: 90490.655249
[INFO]:[01:16:36] CPLEX solver finished. Gap: 72.890000
[INFO]:[01:16:36] Starting CPLEX solver on instance: /home/yorig/tuner/mpils-tests/instances/miplib/medium-1/momentum1.mps with config: /scratch/yorig/mpils-results-grid-seconds-5-watchdog-mip-start/medium-1/24proc/seed-2/6_momentum1_seed-2_20260504_011423/iterated_local_search/run_2_worker_11/ils_config_11231902981120903870.prm
[INFO]:[01:16:36] Starting CPLEX solver on instance: /home/yorig/tuner/mpils-tests/instances/miplib/medium-1/momentum1.mps with config: /scratch/yorig/mpils-results-grid-seconds-5-watchdog-mip-start/medium-1/24proc/seed-2/6_momentum1_seed-2_20260504_011423/iterated_local_search/run_2_worker_11/ils_config_11231902981120903870.prm
[INFO]:[01:16:42] CPLEX results. Gap: 24.920000, upper bound: 122066.277833, lower bound: 91646.540371
[INFO]:[01:16:42] CPLEX solver finished. Gap: 24.920000
[INFO]:[01:16:42] New incumbent found with objective value: 24.92
[INFO]:[01:16:42] Starting CPLEX solver on instance: /home/yorig/tuner/mpils-tests/instances/miplib/medium-1/momentum1.mps with config: /scratch/yorig/mpils-results-grid-seconds-5-watchdog-mip-start/medium-1/24proc/seed-2/6_momentum1_seed-2_20260504_011423/iterated_local_search/run_2_worker_11/ils_config_8511588182551998147.prm
[INFO]:[01:16:42] Starting CPLEX solver on instance: /home/yorig/tuner/mpils-tests/instances/miplib/medium-1/momentum1.mps with config: /scratch/yorig/mpils-results-grid-seconds-5-watchdog-mip-start/medium-1/24proc/seed-2/6_momentum1_seed-2_20260504_011423/iterated_local_search/run_2_worker_11/ils_config_8511588182551998147.prm
[INFO]:[01:16:47] CPLEX results. Gap: 74.750000, upper bound: 359606.192305, lower bound: 90802.761884
[INFO]:[01:16:47] CPLEX solver finished. Gap: 74.750000
[INFO]:[01:16:47] Starting CPLEX solver on instance: /home/yorig/tuner/mpils-tests/instances/miplib/medium-1/momentum1.mps with config: /scratch/yorig/mpils-results-grid-seconds-5-watchdog-mip-start/medium-1/24proc/seed-2/6_momentum1_seed-2_20260504_011423/iterated_local_search/run_2_worker_11/ils_config_4656205947748343517.prm
[INFO]:[01:16:47] Starting CPLEX solver on instance: /home/yorig/tuner/mpils-tests/instances/miplib/medium-1/momentum1.mps with config: /scratch/yorig/mpils-results-grid-seconds-5-watchdog-mip-start/medium-1/24proc/seed-2/6_momentum1_seed-2_20260504_011423/iterated_local_search/run_2_worker_11/ils_config_4656205947748343517.prm
[INFO]:[01:16:52] CPLEX results. Gap: 24.920000, upper bound: 122066.277833, lower bound: 91646.540371
[INFO]:[01:16:52] CPLEX solver finished. Gap: 24.920000
[INFO]:[01:16:52] Starting CPLEX solver on instance: /home/yorig/tuner/mpils-tests/instances/miplib/medium-1/momentum1.mps with config: /scratch/yorig/mpils-results-grid-seconds-5-watchdog-mip-start/medium-1/24proc/seed-2/6_momentum1_seed-2_20260504_011423/iterated_local_search/run_2_worker_11/ils_config_17598798323680970743.prm
[INFO]:[01:16:52] Starting CPLEX solver on instance: /home/yorig/tuner/mpils-tests/instances/miplib/medium-1/momentum1.mps with config: /scratch/yorig/mpils-results-grid-seconds-5-watchdog-mip-start/medium-1/24proc/seed-2/6_momentum1_seed-2_20260504_011423/iterated_local_search/run_2_worker_11/ils_config_17598798323680970743.prm
[INFO]:[01:16:57] CPLEX results. Gap: 37.540000, upper bound: 154130.251993, lower bound: 96266.937919
[INFO]:[01:16:57] CPLEX solver finished. Gap: 37.540000
[INFO]:[01:16:57] Starting CPLEX solver on instance: /home/yorig/tuner/mpils-tests/instances/miplib/medium-1/momentum1.mps with config: /scratch/yorig/mpils-results-grid-seconds-5-watchdog-mip-start/medium-1/24proc/seed-2/6_momentum1_seed-2_20260504_011423/iterated_local_search/run_2_worker_11/ils_config_7151429434929903445.prm
[INFO]:[01:16:57] Starting CPLEX solver on instance: /home/yorig/tuner/mpils-tests/instances/miplib/medium-1/momentum1.mps with config: /scratch/yorig/mpils-results-grid-seconds-5-watchdog-mip-start/medium-1/24proc/seed-2/6_momentum1_seed-2_20260504_011423/iterated_local_search/run_2_worker_11/ils_config_7151429434929903445.prm
[INFO]:[01:17:02] CPLEX results. Gap: 24.920000, upper bound: 122066.277833, lower bound: 91646.540371
[INFO]:[01:17:02] CPLEX solver finished. Gap: 24.920000
[INFO]:[01:17:02] Starting CPLEX solver on instance: /home/yorig/tuner/mpils-tests/instances/miplib/medium-1/momentum1.mps with config: /scratch/yorig/mpils-results-grid-seconds-5-watchdog-mip-start/medium-1/24proc/seed-2/6_momentum1_seed-2_20260504_011423/iterated_local_search/run_2_worker_11/ils_config_5921835403159304133.prm
[INFO]:[01:17:02] Starting CPLEX solver on instance: /home/yorig/tuner/mpils-tests/instances/miplib/medium-1/momentum1.mps with config: /scratch/yorig/mpils-results-grid-seconds-5-watchdog-mip-start/medium-1/24proc/seed-2/6_momentum1_seed-2_20260504_011423/iterated_local_search/run_2_worker_11/ils_config_5921835403159304133.prm
[INFO]:[01:17:07] CPLEX results. Gap: 45.440000, upper bound: 166965.345243, lower bound: 91091.072013
[INFO]:[01:17:07] CPLEX solver finished. Gap: 45.440000
[INFO]:[01:17:07] Local search phase completed.
[INFO]:[01:17:07] Total number of new local-search evaluations: 9
[INFO]:[01:17:07] Final incumbent objective value: 24.92
[INFO]:[01:17:07] Worker 11 completed exploration phase.
[INFO]:[01:17:07] Worker 11 received order for step 2.
[INFO]:[01:17:07] Worker 11 running expansion phase for iteration 2.
[INFO]:[01:17:07] Worker 11 will use solver log file: /scratch/yorig/mpils-results-grid-seconds-5-watchdog-mip-start/medium-1/24proc/seed-2/6_momentum1_seed-2_20260504_011423/solver/cplex.log_iteration_expansion_2_worker_11
[INFO]:[01:17:07] Expansion Worker 11 starting expansion for iteration 2.
[INFO]:[01:17:07] Starting CPLEX solver on instance: /home/yorig/tuner/mpils-tests/instances/miplib/medium-1/momentum1.mps with config: /scratch/yorig/mpils-results-grid-seconds-5-watchdog-mip-start/medium-1/24proc/seed-2/6_momentum1_seed-2_20260504_011423/expansion/config_param_CPXPARAM_MIP_Strategy_StartAlgorithm_2_iter_2.prm
[INFO]:[01:17:12] CPLEX results. Gap: 42.310000, upper bound: 166896.336426, lower bound: 96274.627301
[INFO]:[01:17:12] CPLEX solver finished. Gap: 42.310000
[INFO]:[01:17:12] Starting CPLEX solver on instance: /home/yorig/tuner/mpils-tests/instances/miplib/medium-1/momentum1.mps with config: /scratch/yorig/mpils-results-grid-seconds-5-watchdog-mip-start/medium-1/24proc/seed-2/6_momentum1_seed-2_20260504_011423/expansion/config_param_CPXPARAM_MIP_Strategy_StartAlgorithm_3_iter_2.prm
[INFO]:[01:17:17] CPLEX results. Gap: 44.450000, upper bound: 173297.357938, lower bound: 96265.704818
[INFO]:[01:17:17] CPLEX solver finished. Gap: 44.450000
[INFO]:[01:17:17] Expansion Worker 11 completed expansion.
[INFO]:[01:17:17] Worker 11 completed expansion phase.
[INFO]:[01:17:17] Worker 11 received order for step 1.
[INFO]:[01:17:17] Worker 11 running exploration phase for iteration 3.
[INFO]:[01:17:17] Worker 11 at iteration 3 will not use a MIP start file. Current best MIP-start upper bound threshold is 1.79769e+308.
[INFO]:[01:17:17] Starting local search phase...
[INFO]:[01:17:17] Creating local search space from parameter space file: /scratch/yorig/mpils-results-grid-seconds-5-watchdog-mip-start/medium-1/24proc/seed-2/6_momentum1_seed-2_20260504_011423/iterated_local_search/search_space/search_space_file_3_worker_11.txt
[INFO]:[01:17:17] Local search space loaded from file: /scratch/yorig/mpils-results-grid-seconds-5-watchdog-mip-start/medium-1/24proc/seed-2/6_momentum1_seed-2_20260504_011423/iterated_local_search/search_space/search_space_file_3_worker_11.txt
[INFO]:[01:17:17] Number of parameters in local search space: 71
[INFO]:[01:17:17] Number of forbidden tuples in local search space: 27
[INFO]:[01:17:17] Number of conditionals in local search space: 6
[INFO]:[01:17:17] MIP start option not enabled. Local search will proceed without MIP start.
[INFO]:[01:17:17] Evaluating initial configuration for local search phase...
[INFO]:[01:17:17] Starting CPLEX solver on instance: /home/yorig/tuner/mpils-tests/instances/miplib/medium-1/momentum1.mps with config: /scratch/yorig/mpils-results-grid-seconds-5-watchdog-mip-start/medium-1/24proc/seed-2/6_momentum1_seed-2_20260504_011423/iterated_local_search/run_3_worker_11/ils_config_14277814500433994896.prm
[INFO]:[01:17:17] Starting CPLEX solver on instance: /home/yorig/tuner/mpils-tests/instances/miplib/medium-1/momentum1.mps with config: /scratch/yorig/mpils-results-grid-seconds-5-watchdog-mip-start/medium-1/24proc/seed-2/6_momentum1_seed-2_20260504_011423/iterated_local_search/run_3_worker_11/ils_config_14277814500433994896.prm
[INFO]:[01:17:22] CPLEX results. Gap: 71.150000, upper bound: 333809.066579, lower bound: 96292.392336
[INFO]:[01:17:22] CPLEX solver finished. Gap: 71.150000
[INFO]:[01:17:22] Initial configuration evaluated with objective value: 71.15
[INFO]:[01:17:22] Starting CPLEX solver on instance: /home/yorig/tuner/mpils-tests/instances/miplib/medium-1/momentum1.mps with config: /scratch/yorig/mpils-results-grid-seconds-5-watchdog-mip-start/medium-1/24proc/seed-2/6_momentum1_seed-2_20260504_011423/iterated_local_search/run_3_worker_11/ils_config_13429501265114891097.prm
[INFO]:[01:17:22] Starting CPLEX solver on instance: /home/yorig/tuner/mpils-tests/instances/miplib/medium-1/momentum1.mps with config: /scratch/yorig/mpils-results-grid-seconds-5-watchdog-mip-start/medium-1/24proc/seed-2/6_momentum1_seed-2_20260504_011423/iterated_local_search/run_3_worker_11/ils_config_13429501265114891097.prm
[INFO]:[01:17:27] CPLEX results. Gap: 70.590000, upper bound: 327367.148053, lower bound: 96292.403872
[INFO]:[01:17:27] CPLEX solver finished. Gap: 70.590000
[INFO]:[01:17:27] New incumbent found with objective value: 70.59
[INFO]:[01:17:28] Starting CPLEX solver on instance: /home/yorig/tuner/mpils-tests/instances/miplib/medium-1/momentum1.mps with config: /scratch/yorig/mpils-results-grid-seconds-5-watchdog-mip-start/medium-1/24proc/seed-2/6_momentum1_seed-2_20260504_011423/iterated_local_search/run_3_worker_11/ils_config_5796886851919346128.prm
[INFO]:[01:17:28] Starting CPLEX solver on instance: /home/yorig/tuner/mpils-tests/instances/miplib/medium-1/momentum1.mps with config: /scratch/yorig/mpils-results-grid-seconds-5-watchdog-mip-start/medium-1/24proc/seed-2/6_momentum1_seed-2_20260504_011423/iterated_local_search/run_3_worker_11/ils_config_5796886851919346128.prm
[INFO]:[01:17:33] CPLEX results. Gap: 70.590000, upper bound: 327367.148053, lower bound: 96292.403872
[INFO]:[01:17:33] CPLEX solver finished. Gap: 70.590000
[INFO]:[01:17:33] Starting CPLEX solver on instance: /home/yorig/tuner/mpils-tests/instances/miplib/medium-1/momentum1.mps with config: /scratch/yorig/mpils-results-grid-seconds-5-watchdog-mip-start/medium-1/24proc/seed-2/6_momentum1_seed-2_20260504_011423/iterated_local_search/run_3_worker_11/ils_config_11240522642490077315.prm
[INFO]:[01:17:33] Starting CPLEX solver on instance: /home/yorig/tuner/mpils-tests/instances/miplib/medium-1/momentum1.mps with config: /scratch/yorig/mpils-results-grid-seconds-5-watchdog-mip-start/medium-1/24proc/seed-2/6_momentum1_seed-2_20260504_011423/iterated_local_search/run_3_worker_11/ils_config_11240522642490077315.prm
[INFO]:[01:17:38] CPLEX results. Gap: 61.550000, upper bound: 250416.523174, lower bound: 96281.389731
[INFO]:[01:17:38] CPLEX solver finished. Gap: 61.550000
[INFO]:[01:17:38] New incumbent found with objective value: 61.55
[INFO]:[01:17:38] Starting CPLEX solver on instance: /home/yorig/tuner/mpils-tests/instances/miplib/medium-1/momentum1.mps with config: /scratch/yorig/mpils-results-grid-seconds-5-watchdog-mip-start/medium-1/24proc/seed-2/6_momentum1_seed-2_20260504_011423/iterated_local_search/run_3_worker_11/ils_config_4861509022076518643.prm
[INFO]:[01:17:38] Starting CPLEX solver on instance: /home/yorig/tuner/mpils-tests/instances/miplib/medium-1/momentum1.mps with config: /scratch/yorig/mpils-results-grid-seconds-5-watchdog-mip-start/medium-1/24proc/seed-2/6_momentum1_seed-2_20260504_011423/iterated_local_search/run_3_worker_11/ils_config_4861509022076518643.prm
[INFO]:[01:17:43] CPLEX results. Gap: 61.550000, upper bound: 250416.523174, lower bound: 96281.389731
[INFO]:[01:17:43] CPLEX solver finished. Gap: 61.550000
[INFO]:[01:17:43] Local search phase completed.
[INFO]:[01:17:43] Total number of new local-search evaluations: 5
[INFO]:[01:17:43] Final incumbent objective value: 61.55
[INFO]:[01:17:43] Worker 11 completed exploration phase.
[INFO]:[01:17:43] Worker 11 received order for step 2.
[INFO]:[01:17:43] Worker 11 running expansion phase for iteration 3.
[INFO]:[01:17:43] Worker 11 will use solver log file: /scratch/yorig/mpils-results-grid-seconds-5-watchdog-mip-start/medium-1/24proc/seed-2/6_momentum1_seed-2_20260504_011423/solver/cplex.log_iteration_expansion_3_worker_11
[INFO]:[01:17:43] Expansion Worker 11 starting expansion for iteration 3.
[INFO]:[01:17:43] Starting CPLEX solver on instance: /home/yorig/tuner/mpils-tests/instances/miplib/medium-1/momentum1.mps with config: /scratch/yorig/mpils-results-grid-seconds-5-watchdog-mip-start/medium-1/24proc/seed-2/6_momentum1_seed-2_20260504_011423/expansion/config_param_CPXPARAM_Barrier_Ordering_2_iter_3.prm
[INFO]:[01:17:48] CPLEX results. Gap: 11.810000, upper bound: 109169.756617, lower bound: 96274.627341
[INFO]:[01:17:48] CPLEX solver finished. Gap: 11.810000
[INFO]:[01:17:53] Expansion Worker 11 completed expansion.
[INFO]:[01:17:53] Worker 11 completed expansion phase.
[INFO]:[01:17:53] Worker 11 received order for step 1.
[INFO]:[01:17:53] Worker 11 running exploration phase for iteration 4.
[INFO]:[01:17:53] Worker 11 at iteration 4 will not use a MIP start file. Current best MIP-start upper bound threshold is 1.79769e+308.
[INFO]:[01:17:53] Starting local search phase...
[INFO]:[01:17:53] Creating local search space from parameter space file: /scratch/yorig/mpils-results-grid-seconds-5-watchdog-mip-start/medium-1/24proc/seed-2/6_momentum1_seed-2_20260504_011423/iterated_local_search/search_space/search_space_file_4_worker_11.txt
[INFO]:[01:17:53] Local search space loaded from file: /scratch/yorig/mpils-results-grid-seconds-5-watchdog-mip-start/medium-1/24proc/seed-2/6_momentum1_seed-2_20260504_011423/iterated_local_search/search_space/search_space_file_4_worker_11.txt
[INFO]:[01:17:53] Number of parameters in local search space: 71
[INFO]:[01:17:53] Number of forbidden tuples in local search space: 27
[INFO]:[01:17:53] Number of conditionals in local search space: 6
[INFO]:[01:17:53] MIP start option not enabled. Local search will proceed without MIP start.
[INFO]:[01:17:53] Evaluating initial configuration for local search phase...
[INFO]:[01:17:53] Starting CPLEX solver on instance: /home/yorig/tuner/mpils-tests/instances/miplib/medium-1/momentum1.mps with config: /scratch/yorig/mpils-results-grid-seconds-5-watchdog-mip-start/medium-1/24proc/seed-2/6_momentum1_seed-2_20260504_011423/iterated_local_search/run_4_worker_11/ils_config_5863524068726216837.prm
[INFO]:[01:17:53] Starting CPLEX solver on instance: /home/yorig/tuner/mpils-tests/instances/miplib/medium-1/momentum1.mps with config: /scratch/yorig/mpils-results-grid-seconds-5-watchdog-mip-start/medium-1/24proc/seed-2/6_momentum1_seed-2_20260504_011423/iterated_local_search/run_4_worker_11/ils_config_5863524068726216837.prm
[INFO]:[01:17:58] CPLEX results. Gap: 63.290000, upper bound: 263228.577301, lower bound: 96631.551059
[INFO]:[01:17:58] CPLEX solver finished. Gap: 63.290000
[INFO]:[01:17:58] Initial configuration evaluated with objective value: 63.29
[INFO]:[01:17:58] Starting CPLEX solver on instance: /home/yorig/tuner/mpils-tests/instances/miplib/medium-1/momentum1.mps with config: /scratch/yorig/mpils-results-grid-seconds-5-watchdog-mip-start/medium-1/24proc/seed-2/6_momentum1_seed-2_20260504_011423/iterated_local_search/run_4_worker_11/ils_config_16242337634967987860.prm
[INFO]:[01:17:58] Starting CPLEX solver on instance: /home/yorig/tuner/mpils-tests/instances/miplib/medium-1/momentum1.mps with config: /scratch/yorig/mpils-results-grid-seconds-5-watchdog-mip-start/medium-1/24proc/seed-2/6_momentum1_seed-2_20260504_011423/iterated_local_search/run_4_worker_11/ils_config_16242337634967987860.prm
[INFO]:[01:18:03] CPLEX results. Gap: 63.290000, upper bound: 263228.577301, lower bound: 96631.551059
[INFO]:[01:18:03] CPLEX solver finished. Gap: 63.290000
[INFO]:[01:18:03] Starting CPLEX solver on instance: /home/yorig/tuner/mpils-tests/instances/miplib/medium-1/momentum1.mps with config: /scratch/yorig/mpils-results-grid-seconds-5-watchdog-mip-start/medium-1/24proc/seed-2/6_momentum1_seed-2_20260504_011423/iterated_local_search/run_4_worker_11/ils_config_1108755691854160238.prm
[INFO]:[01:18:03] Starting CPLEX solver on instance: /home/yorig/tuner/mpils-tests/instances/miplib/medium-1/momentum1.mps with config: /scratch/yorig/mpils-results-grid-seconds-5-watchdog-mip-start/medium-1/24proc/seed-2/6_momentum1_seed-2_20260504_011423/iterated_local_search/run_4_worker_11/ils_config_1108755691854160238.prm
[INFO]:[01:18:08] CPLEX results. Gap: 73.230000, upper bound: 359534.947049, lower bound: 96253.638517
[INFO]:[01:18:08] CPLEX solver finished. Gap: 73.230000
[INFO]:[01:18:08] Starting CPLEX solver on instance: /home/yorig/tuner/mpils-tests/instances/miplib/medium-1/momentum1.mps with config: /scratch/yorig/mpils-results-grid-seconds-5-watchdog-mip-start/medium-1/24proc/seed-2/6_momentum1_seed-2_20260504_011423/iterated_local_search/run_4_worker_11/ils_config_7645929547657697097.prm
[INFO]:[01:18:08] Starting CPLEX solver on instance: /home/yorig/tuner/mpils-tests/instances/miplib/medium-1/momentum1.mps with config: /scratch/yorig/mpils-results-grid-seconds-5-watchdog-mip-start/medium-1/24proc/seed-2/6_momentum1_seed-2_20260504_011423/iterated_local_search/run_4_worker_11/ils_config_7645929547657697097.prm
[INFO]:[01:18:13] CPLEX results. Gap: 69.360000, upper bound: 314606.837845, lower bound: 96390.529951
[INFO]:[01:18:13] CPLEX solver finished. Gap: 69.360000
[INFO]:[01:18:13] Starting CPLEX solver on instance: /home/yorig/tuner/mpils-tests/instances/miplib/medium-1/momentum1.mps with config: /scratch/yorig/mpils-results-grid-seconds-5-watchdog-mip-start/medium-1/24proc/seed-2/6_momentum1_seed-2_20260504_011423/iterated_local_search/run_4_worker_11/ils_config_749688554401666045.prm
[INFO]:[01:18:13] Starting CPLEX solver on instance: /home/yorig/tuner/mpils-tests/instances/miplib/medium-1/momentum1.mps with config: /scratch/yorig/mpils-results-grid-seconds-5-watchdog-mip-start/medium-1/24proc/seed-2/6_momentum1_seed-2_20260504_011423/iterated_local_search/run_4_worker_11/ils_config_749688554401666045.prm
[INFO]:[01:18:19] CPLEX results. Gap: 59.470000, upper bound: 237474.610696, lower bound: 96254.821019
[INFO]:[01:18:19] CPLEX solver finished. Gap: 59.470000
[INFO]:[01:18:19] New incumbent found with objective value: 59.47
[INFO]:[01:18:19] Starting CPLEX solver on instance: /home/yorig/tuner/mpils-tests/instances/miplib/medium-1/momentum1.mps with config: /scratch/yorig/mpils-results-grid-seconds-5-watchdog-mip-start/medium-1/24proc/seed-2/6_momentum1_seed-2_20260504_011423/iterated_local_search/run_4_worker_11/ils_config_15262363486328485316.prm
[INFO]:[01:18:19] Starting CPLEX solver on instance: /home/yorig/tuner/mpils-tests/instances/miplib/medium-1/momentum1.mps with config: /scratch/yorig/mpils-results-grid-seconds-5-watchdog-mip-start/medium-1/24proc/seed-2/6_momentum1_seed-2_20260504_011423/iterated_local_search/run_4_worker_11/ils_config_15262363486328485316.prm
[INFO]:[01:18:24] CPLEX results. Gap: 67.400000, upper bound: 295289.471360, lower bound: 96266.254041
[INFO]:[01:18:24] CPLEX solver finished. Gap: 67.400000
[INFO]:[01:18:24] Starting CPLEX solver on instance: /home/yorig/tuner/mpils-tests/instances/miplib/medium-1/momentum1.mps with config: /scratch/yorig/mpils-results-grid-seconds-5-watchdog-mip-start/medium-1/24proc/seed-2/6_momentum1_seed-2_20260504_011423/iterated_local_search/run_4_worker_11/ils_config_3981246434820301709.prm
[INFO]:[01:18:24] Starting CPLEX solver on instance: /home/yorig/tuner/mpils-tests/instances/miplib/medium-1/momentum1.mps with config: /scratch/yorig/mpils-results-grid-seconds-5-watchdog-mip-start/medium-1/24proc/seed-2/6_momentum1_seed-2_20260504_011423/iterated_local_search/run_4_worker_11/ils_config_3981246434820301709.prm
[INFO]:[01:18:29] CPLEX results. Gap: 67.400000, upper bound: 295289.471360, lower bound: 96266.254041
[INFO]:[01:18:29] CPLEX solver finished. Gap: 67.400000
[INFO]:[01:18:29] Starting CPLEX solver on instance: /home/yorig/tuner/mpils-tests/instances/miplib/medium-1/momentum1.mps with config: /scratch/yorig/mpils-results-grid-seconds-5-watchdog-mip-start/medium-1/24proc/seed-2/6_momentum1_seed-2_20260504_011423/iterated_local_search/run_4_worker_11/ils_config_7664102646359072791.prm
[INFO]:[01:18:29] Starting CPLEX solver on instance: /home/yorig/tuner/mpils-tests/instances/miplib/medium-1/momentum1.mps with config: /scratch/yorig/mpils-results-grid-seconds-5-watchdog-mip-start/medium-1/24proc/seed-2/6_momentum1_seed-2_20260504_011423/iterated_local_search/run_4_worker_11/ils_config_7664102646359072791.prm
[INFO]:[01:18:34] CPLEX results. Gap: 67.400000, upper bound: 295289.471360, lower bound: 96266.254041
[INFO]:[01:18:34] CPLEX solver finished. Gap: 67.400000
[INFO]:[01:18:34] Starting CPLEX solver on instance: /home/yorig/tuner/mpils-tests/instances/miplib/medium-1/momentum1.mps with config: /scratch/yorig/mpils-results-grid-seconds-5-watchdog-mip-start/medium-1/24proc/seed-2/6_momentum1_seed-2_20260504_011423/iterated_local_search/run_4_worker_11/ils_config_2596823915239503977.prm
[INFO]:[01:18:34] Starting CPLEX solver on instance: /home/yorig/tuner/mpils-tests/instances/miplib/medium-1/momentum1.mps with config: /scratch/yorig/mpils-results-grid-seconds-5-watchdog-mip-start/medium-1/24proc/seed-2/6_momentum1_seed-2_20260504_011423/iterated_local_search/run_4_worker_11/ils_config_2596823915239503977.prm
[INFO]:[01:18:39] CPLEX results. Gap: 71.710000, upper bound: 340227.606493, lower bound: 96255.482216
[INFO]:[01:18:39] CPLEX solver finished. Gap: 71.710000
[INFO]:[01:18:39] Starting CPLEX solver on instance: /home/yorig/tuner/mpils-tests/instances/miplib/medium-1/momentum1.mps with config: /scratch/yorig/mpils-results-grid-seconds-5-watchdog-mip-start/medium-1/24proc/seed-2/6_momentum1_seed-2_20260504_011423/iterated_local_search/run_4_worker_11/ils_config_6261079220693194961.prm
[INFO]:[01:18:39] Starting CPLEX solver on instance: /home/yorig/tuner/mpils-tests/instances/miplib/medium-1/momentum1.mps with config: /scratch/yorig/mpils-results-grid-seconds-5-watchdog-mip-start/medium-1/24proc/seed-2/6_momentum1_seed-2_20260504_011423/iterated_local_search/run_4_worker_11/ils_config_6261079220693194961.prm
[INFO]:[01:18:44] CPLEX results. Gap: 59.470000, upper bound: 237474.610696, lower bound: 96254.821019
[INFO]:[01:18:44] CPLEX solver finished. Gap: 59.470000
[INFO]:[01:18:44] Starting CPLEX solver on instance: /home/yorig/tuner/mpils-tests/instances/miplib/medium-1/momentum1.mps with config: /scratch/yorig/mpils-results-grid-seconds-5-watchdog-mip-start/medium-1/24proc/seed-2/6_momentum1_seed-2_20260504_011423/iterated_local_search/run_4_worker_11/ils_config_1168505417642203129.prm
[INFO]:[01:18:44] Starting CPLEX solver on instance: /home/yorig/tuner/mpils-tests/instances/miplib/medium-1/momentum1.mps with config: /scratch/yorig/mpils-results-grid-seconds-5-watchdog-mip-start/medium-1/24proc/seed-2/6_momentum1_seed-2_20260504_011423/iterated_local_search/run_4_worker_11/ils_config_1168505417642203129.prm
[INFO]:[01:18:49] CPLEX results. Gap: 59.470000, upper bound: 237474.610696, lower bound: 96254.821019
[INFO]:[01:18:49] CPLEX solver finished. Gap: 59.470000
[INFO]:[01:18:49] Starting CPLEX solver on instance: /home/yorig/tuner/mpils-tests/instances/miplib/medium-1/momentum1.mps with config: /scratch/yorig/mpils-results-grid-seconds-5-watchdog-mip-start/medium-1/24proc/seed-2/6_momentum1_seed-2_20260504_011423/iterated_local_search/run_4_worker_11/ils_config_16441430601169039188.prm
[INFO]:[01:18:49] Starting CPLEX solver on instance: /home/yorig/tuner/mpils-tests/instances/miplib/medium-1/momentum1.mps with config: /scratch/yorig/mpils-results-grid-seconds-5-watchdog-mip-start/medium-1/24proc/seed-2/6_momentum1_seed-2_20260504_011423/iterated_local_search/run_4_worker_11/ils_config_16441430601169039188.prm
[INFO]:[01:18:54] CPLEX results. Gap: 64.310000, upper bound: 269665.806940, lower bound: 96254.828658
[INFO]:[01:18:54] CPLEX solver finished. Gap: 64.310000
[INFO]:[01:18:54] Starting CPLEX solver on instance: /home/yorig/tuner/mpils-tests/instances/miplib/medium-1/momentum1.mps with config: /scratch/yorig/mpils-results-grid-seconds-5-watchdog-mip-start/medium-1/24proc/seed-2/6_momentum1_seed-2_20260504_011423/iterated_local_search/run_4_worker_11/ils_config_15874299058402783947.prm
[INFO]:[01:18:54] Starting CPLEX solver on instance: /home/yorig/tuner/mpils-tests/instances/miplib/medium-1/momentum1.mps with config: /scratch/yorig/mpils-results-grid-seconds-5-watchdog-mip-start/medium-1/24proc/seed-2/6_momentum1_seed-2_20260504_011423/iterated_local_search/run_4_worker_11/ils_config_15874299058402783947.prm
[INFO]:[01:18:59] CPLEX results. Gap: 59.470000, upper bound: 237474.610696, lower bound: 96254.821019
[INFO]:[01:18:59] CPLEX solver finished. Gap: 59.470000
[INFO]:[01:18:59] Starting CPLEX solver on instance: /home/yorig/tuner/mpils-tests/instances/miplib/medium-1/momentum1.mps with config: /scratch/yorig/mpils-results-grid-seconds-5-watchdog-mip-start/medium-1/24proc/seed-2/6_momentum1_seed-2_20260504_011423/iterated_local_search/run_4_worker_11/ils_config_3291326544668954277.prm
[INFO]:[01:18:59] Starting CPLEX solver on instance: /home/yorig/tuner/mpils-tests/instances/miplib/medium-1/momentum1.mps with config: /scratch/yorig/mpils-results-grid-seconds-5-watchdog-mip-start/medium-1/24proc/seed-2/6_momentum1_seed-2_20260504_011423/iterated_local_search/run_4_worker_11/ils_config_3291326544668954277.prm
[INFO]:[01:19:04] CPLEX results. Gap: 59.470000, upper bound: 237474.610696, lower bound: 96254.821019
[INFO]:[01:19:04] CPLEX solver finished. Gap: 59.470000
[INFO]:[01:19:04] Local search phase completed.
[INFO]:[01:19:04] Total number of new local-search evaluations: 14
[INFO]:[01:19:04] Final incumbent objective value: 59.47
[INFO]:[01:19:04] Worker 11 completed exploration phase.
[INFO]:[01:19:04] Worker 11 received order for step 2.
[INFO]:[01:19:04] Worker 11 running expansion phase for iteration 4.
[INFO]:[01:19:04] Worker 11 will use solver log file: /scratch/yorig/mpils-results-grid-seconds-5-watchdog-mip-start/medium-1/24proc/seed-2/6_momentum1_seed-2_20260504_011423/solver/cplex.log_iteration_expansion_4_worker_11
[INFO]:[01:19:04] Expansion Worker 11 starting expansion for iteration 4.
[INFO]:[01:19:04] Starting CPLEX solver on instance: /home/yorig/tuner/mpils-tests/instances/miplib/medium-1/momentum1.mps with config: /scratch/yorig/mpils-results-grid-seconds-5-watchdog-mip-start/medium-1/24proc/seed-2/6_momentum1_seed-2_20260504_011423/expansion/config_param_CPXPARAM_Network_NetFind_3_iter_4.prm
[INFO]:[01:19:09] CPLEX results. Gap: 11.810000, upper bound: 109169.756617, lower bound: 96274.627341
[INFO]:[01:19:09] CPLEX solver finished. Gap: 11.810000
[INFO]:[01:19:14] Expansion Worker 11 completed expansion.
[INFO]:[01:19:14] Worker 11 completed expansion phase.
[INFO]:[01:19:15] Worker 11 received order for step 1.
[INFO]:[01:19:15] Worker 11 running exploration phase for iteration 5.
[INFO]:[01:19:15] Worker 11 at iteration 5 will not use a MIP start file. Current best MIP-start upper bound threshold is 1.79769e+308.
[INFO]:[01:19:15] Starting local search phase...
[INFO]:[01:19:15] Creating local search space from parameter space file: /scratch/yorig/mpils-results-grid-seconds-5-watchdog-mip-start/medium-1/24proc/seed-2/6_momentum1_seed-2_20260504_011423/iterated_local_search/search_space/search_space_file_5_worker_11.txt
[INFO]:[01:19:15] Local search space loaded from file: /scratch/yorig/mpils-results-grid-seconds-5-watchdog-mip-start/medium-1/24proc/seed-2/6_momentum1_seed-2_20260504_011423/iterated_local_search/search_space/search_space_file_5_worker_11.txt
[INFO]:[01:19:15] Number of parameters in local search space: 71
[INFO]:[01:19:15] Number of forbidden tuples in local search space: 23
[INFO]:[01:19:15] Number of conditionals in local search space: 6
[INFO]:[01:19:15] MIP start option not enabled. Local search will proceed without MIP start.
[INFO]:[01:19:15] Evaluating initial configuration for local search phase...
[INFO]:[01:19:15] Starting CPLEX solver on instance: /home/yorig/tuner/mpils-tests/instances/miplib/medium-1/momentum1.mps with config: /scratch/yorig/mpils-results-grid-seconds-5-watchdog-mip-start/medium-1/24proc/seed-2/6_momentum1_seed-2_20260504_011423/iterated_local_search/run_5_worker_11/ils_config_10675761569452785274.prm
[INFO]:[01:19:15] Starting CPLEX solver on instance: /home/yorig/tuner/mpils-tests/instances/miplib/medium-1/momentum1.mps with config: /scratch/yorig/mpils-results-grid-seconds-5-watchdog-mip-start/medium-1/24proc/seed-2/6_momentum1_seed-2_20260504_011423/iterated_local_search/run_5_worker_11/ils_config_10675761569452785274.prm
[INFO]:[01:19:20] CPLEX results. Gap: 100.000000, upper bound: 365999.377747, lower bound: 0.000010
[INFO]:[01:19:20] CPLEX solver finished. Gap: 100.000000
[INFO]:[01:19:20] Initial configuration evaluated with objective value: 100
[INFO]:[01:19:20] Starting CPLEX solver on instance: /home/yorig/tuner/mpils-tests/instances/miplib/medium-1/momentum1.mps with config: /scratch/yorig/mpils-results-grid-seconds-5-watchdog-mip-start/medium-1/24proc/seed-2/6_momentum1_seed-2_20260504_011423/iterated_local_search/run_5_worker_11/ils_config_9043768233221049541.prm
[INFO]:[01:19:20] Starting CPLEX solver on instance: /home/yorig/tuner/mpils-tests/instances/miplib/medium-1/momentum1.mps with config: /scratch/yorig/mpils-results-grid-seconds-5-watchdog-mip-start/medium-1/24proc/seed-2/6_momentum1_seed-2_20260504_011423/iterated_local_search/run_5_worker_11/ils_config_9043768233221049541.prm
[INFO]:[01:19:25] CPLEX results. Gap: 100.000000, upper bound: 365999.377747, lower bound: 0.000010
[INFO]:[01:19:25] CPLEX solver finished. Gap: 100.000000
[INFO]:[01:19:25] Starting CPLEX solver on instance: /home/yorig/tuner/mpils-tests/instances/miplib/medium-1/momentum1.mps with config: /scratch/yorig/mpils-results-grid-seconds-5-watchdog-mip-start/medium-1/24proc/seed-2/6_momentum1_seed-2_20260504_011423/iterated_local_search/run_5_worker_11/ils_config_10206103089074123689.prm
[INFO]:[01:19:25] Starting CPLEX solver on instance: /home/yorig/tuner/mpils-tests/instances/miplib/medium-1/momentum1.mps with config: /scratch/yorig/mpils-results-grid-seconds-5-watchdog-mip-start/medium-1/24proc/seed-2/6_momentum1_seed-2_20260504_011423/iterated_local_search/run_5_worker_11/ils_config_10206103089074123689.prm
[INFO]:[01:19:30] CPLEX results. Gap: 71.160000, upper bound: 333794.746251, lower bound: 96260.223046
[INFO]:[01:19:30] CPLEX solver finished. Gap: 71.160000
[INFO]:[01:19:30] New incumbent found with objective value: 71.16
[INFO]:[01:19:30] Starting CPLEX solver on instance: /home/yorig/tuner/mpils-tests/instances/miplib/medium-1/momentum1.mps with config: /scratch/yorig/mpils-results-grid-seconds-5-watchdog-mip-start/medium-1/24proc/seed-2/6_momentum1_seed-2_20260504_011423/iterated_local_search/run_5_worker_11/ils_config_8664131208682514155.prm
[INFO]:[01:19:30] Starting CPLEX solver on instance: /home/yorig/tuner/mpils-tests/instances/miplib/medium-1/momentum1.mps with config: /scratch/yorig/mpils-results-grid-seconds-5-watchdog-mip-start/medium-1/24proc/seed-2/6_momentum1_seed-2_20260504_011423/iterated_local_search/run_5_worker_11/ils_config_8664131208682514155.prm
[INFO]:[01:19:35] CPLEX results. Gap: 68.090000, upper bound: 301712.603463, lower bound: 96262.430236
[INFO]:[01:19:35] CPLEX solver finished. Gap: 68.090000
[INFO]:[01:19:35] New incumbent found with objective value: 68.09
[INFO]:[01:19:35] Starting CPLEX solver on instance: /home/yorig/tuner/mpils-tests/instances/miplib/medium-1/momentum1.mps with config: /scratch/yorig/mpils-results-grid-seconds-5-watchdog-mip-start/medium-1/24proc/seed-2/6_momentum1_seed-2_20260504_011423/iterated_local_search/run_5_worker_11/ils_config_12604999279968884100.prm
[INFO]:[01:19:35] Starting CPLEX solver on instance: /home/yorig/tuner/mpils-tests/instances/miplib/medium-1/momentum1.mps with config: /scratch/yorig/mpils-results-grid-seconds-5-watchdog-mip-start/medium-1/24proc/seed-2/6_momentum1_seed-2_20260504_011423/iterated_local_search/run_5_worker_11/ils_config_12604999279968884100.prm
[INFO]:[01:19:40] CPLEX results. Gap: 67.400000, upper bound: 295308.568792, lower bound: 96262.430236
[INFO]:[01:19:40] CPLEX solver finished. Gap: 67.400000
[INFO]:[01:19:40] New incumbent found with objective value: 67.4
[INFO]:[01:19:40] Starting CPLEX solver on instance: /home/yorig/tuner/mpils-tests/instances/miplib/medium-1/momentum1.mps with config: /scratch/yorig/mpils-results-grid-seconds-5-watchdog-mip-start/medium-1/24proc/seed-2/6_momentum1_seed-2_20260504_011423/iterated_local_search/run_5_worker_11/ils_config_15380139412497981039.prm
[INFO]:[01:19:40] Starting CPLEX solver on instance: /home/yorig/tuner/mpils-tests/instances/miplib/medium-1/momentum1.mps with config: /scratch/yorig/mpils-results-grid-seconds-5-watchdog-mip-start/medium-1/24proc/seed-2/6_momentum1_seed-2_20260504_011423/iterated_local_search/run_5_worker_11/ils_config_15380139412497981039.prm
[INFO]:[01:19:45] CPLEX results. Gap: 55.900000, upper bound: 218279.295298, lower bound: 96261.852280
[INFO]:[01:19:45] CPLEX solver finished. Gap: 55.900000
[INFO]:[01:19:45] New incumbent found with objective value: 55.9
[INFO]:[01:19:45] Starting CPLEX solver on instance: /home/yorig/tuner/mpils-tests/instances/miplib/medium-1/momentum1.mps with config: /scratch/yorig/mpils-results-grid-seconds-5-watchdog-mip-start/medium-1/24proc/seed-2/6_momentum1_seed-2_20260504_011423/iterated_local_search/run_5_worker_11/ils_config_1373474333181098291.prm
[INFO]:[01:19:45] Starting CPLEX solver on instance: /home/yorig/tuner/mpils-tests/instances/miplib/medium-1/momentum1.mps with config: /scratch/yorig/mpils-results-grid-seconds-5-watchdog-mip-start/medium-1/24proc/seed-2/6_momentum1_seed-2_20260504_011423/iterated_local_search/run_5_worker_11/ils_config_1373474333181098291.prm
[INFO]:[01:19:51] CPLEX results. Gap: 78.360000, upper bound: 365999.377747, lower bound: 79212.347858
[INFO]:[01:19:51] CPLEX solver finished. Gap: 78.360000
[INFO]:[01:19:51] Starting CPLEX solver on instance: /home/yorig/tuner/mpils-tests/instances/miplib/medium-1/momentum1.mps with config: /scratch/yorig/mpils-results-grid-seconds-5-watchdog-mip-start/medium-1/24proc/seed-2/6_momentum1_seed-2_20260504_011423/iterated_local_search/run_5_worker_11/ils_config_10281264896002320765.prm
[INFO]:[01:19:51] Starting CPLEX solver on instance: /home/yorig/tuner/mpils-tests/instances/miplib/medium-1/momentum1.mps with config: /scratch/yorig/mpils-results-grid-seconds-5-watchdog-mip-start/medium-1/24proc/seed-2/6_momentum1_seed-2_20260504_011423/iterated_local_search/run_5_worker_11/ils_config_10281264896002320765.prm
[INFO]:[01:19:56] CPLEX results. Gap: 69.400000, upper bound: 314534.055663, lower bound: 96261.747171
[INFO]:[01:19:56] CPLEX solver finished. Gap: 69.400000
[INFO]:[01:19:56] Starting CPLEX solver on instance: /home/yorig/tuner/mpils-tests/instances/miplib/medium-1/momentum1.mps with config: /scratch/yorig/mpils-results-grid-seconds-5-watchdog-mip-start/medium-1/24proc/seed-2/6_momentum1_seed-2_20260504_011423/iterated_local_search/run_5_worker_11/ils_config_17667887291993053492.prm
[INFO]:[01:19:56] Starting CPLEX solver on instance: /home/yorig/tuner/mpils-tests/instances/miplib/medium-1/momentum1.mps with config: /scratch/yorig/mpils-results-grid-seconds-5-watchdog-mip-start/medium-1/24proc/seed-2/6_momentum1_seed-2_20260504_011423/iterated_local_search/run_5_worker_11/ils_config_17667887291993053492.prm
[INFO]:[01:20:01] CPLEX results. Gap: 68.760000, upper bound: 308096.384613, lower bound: 96261.326468
[INFO]:[01:20:01] CPLEX solver finished. Gap: 68.760000
[INFO]:[01:20:01] Starting CPLEX solver on instance: /home/yorig/tuner/mpils-tests/instances/miplib/medium-1/momentum1.mps with config: /scratch/yorig/mpils-results-grid-seconds-5-watchdog-mip-start/medium-1/24proc/seed-2/6_momentum1_seed-2_20260504_011423/iterated_local_search/run_5_worker_11/ils_config_10659621086772191567.prm
[INFO]:[01:20:01] Starting CPLEX solver on instance: /home/yorig/tuner/mpils-tests/instances/miplib/medium-1/momentum1.mps with config: /scratch/yorig/mpils-results-grid-seconds-5-watchdog-mip-start/medium-1/24proc/seed-2/6_momentum1_seed-2_20260504_011423/iterated_local_search/run_5_worker_11/ils_config_10659621086772191567.prm
[INFO]:[01:20:06] CPLEX results. Gap: 66.690000, upper bound: 288932.458249, lower bound: 96254.971459
[INFO]:[01:20:06] CPLEX solver finished. Gap: 66.690000
[INFO]:[01:20:06] Starting CPLEX solver on instance: /home/yorig/tuner/mpils-tests/instances/miplib/medium-1/momentum1.mps with config: /scratch/yorig/mpils-results-grid-seconds-5-watchdog-mip-start/medium-1/24proc/seed-2/6_momentum1_seed-2_20260504_011423/iterated_local_search/run_5_worker_11/ils_config_14672244738270225384.prm
[INFO]:[01:20:06] Starting CPLEX solver on instance: /home/yorig/tuner/mpils-tests/instances/miplib/medium-1/momentum1.mps with config: /scratch/yorig/mpils-results-grid-seconds-5-watchdog-mip-start/medium-1/24proc/seed-2/6_momentum1_seed-2_20260504_011423/iterated_local_search/run_5_worker_11/ils_config_14672244738270225384.prm
[INFO]:[01:20:11] CPLEX results. Gap: 55.900000, upper bound: 218279.295298, lower bound: 96261.852280
[INFO]:[01:20:11] CPLEX solver finished. Gap: 55.900000
[INFO]:[01:20:11] Starting CPLEX solver on instance: /home/yorig/tuner/mpils-tests/instances/miplib/medium-1/momentum1.mps with config: /scratch/yorig/mpils-results-grid-seconds-5-watchdog-mip-start/medium-1/24proc/seed-2/6_momentum1_seed-2_20260504_011423/iterated_local_search/run_5_worker_11/ils_config_7993248879159317448.prm
[INFO]:[01:20:11] Starting CPLEX solver on instance: /home/yorig/tuner/mpils-tests/instances/miplib/medium-1/momentum1.mps with config: /scratch/yorig/mpils-results-grid-seconds-5-watchdog-mip-start/medium-1/24proc/seed-2/6_momentum1_seed-2_20260504_011423/iterated_local_search/run_5_worker_11/ils_config_7993248879159317448.prm
[INFO]:[01:20:16] CPLEX results. Gap: 68.760000, upper bound: 308096.384613, lower bound: 96261.326468
[INFO]:[01:20:16] CPLEX solver finished. Gap: 68.760000
[INFO]:[01:20:16] Starting CPLEX solver on instance: /home/yorig/tuner/mpils-tests/instances/miplib/medium-1/momentum1.mps with config: /scratch/yorig/mpils-results-grid-seconds-5-watchdog-mip-start/medium-1/24proc/seed-2/6_momentum1_seed-2_20260504_011423/iterated_local_search/run_5_worker_11/ils_config_8645182422728571747.prm
[INFO]:[01:20:16] Starting CPLEX solver on instance: /home/yorig/tuner/mpils-tests/instances/miplib/medium-1/momentum1.mps with config: /scratch/yorig/mpils-results-grid-seconds-5-watchdog-mip-start/medium-1/24proc/seed-2/6_momentum1_seed-2_20260504_011423/iterated_local_search/run_5_worker_11/ils_config_8645182422728571747.prm
[INFO]:[01:20:21] CPLEX results. Gap: 58.360000, upper bound: 231170.007164, lower bound: 96261.524006
[INFO]:[01:20:21] CPLEX solver finished. Gap: 58.360000
[INFO]:[01:20:21] Starting CPLEX solver on instance: /home/yorig/tuner/mpils-tests/instances/miplib/medium-1/momentum1.mps with config: /scratch/yorig/mpils-results-grid-seconds-5-watchdog-mip-start/medium-1/24proc/seed-2/6_momentum1_seed-2_20260504_011423/iterated_local_search/run_5_worker_11/ils_config_8242718541932895847.prm
[INFO]:[01:20:21] Starting CPLEX solver on instance: /home/yorig/tuner/mpils-tests/instances/miplib/medium-1/momentum1.mps with config: /scratch/yorig/mpils-results-grid-seconds-5-watchdog-mip-start/medium-1/24proc/seed-2/6_momentum1_seed-2_20260504_011423/iterated_local_search/run_5_worker_11/ils_config_8242718541932895847.prm
[INFO]:[01:20:26] CPLEX results. Gap: 55.900000, upper bound: 218279.295298, lower bound: 96261.852280
[INFO]:[01:20:26] CPLEX solver finished. Gap: 55.900000
[INFO]:[01:20:26] Starting CPLEX solver on instance: /home/yorig/tuner/mpils-tests/instances/miplib/medium-1/momentum1.mps with config: /scratch/yorig/mpils-results-grid-seconds-5-watchdog-mip-start/medium-1/24proc/seed-2/6_momentum1_seed-2_20260504_011423/iterated_local_search/run_5_worker_11/ils_config_16518350994843433446.prm
[INFO]:[01:20:26] Starting CPLEX solver on instance: /home/yorig/tuner/mpils-tests/instances/miplib/medium-1/momentum1.mps with config: /scratch/yorig/mpils-results-grid-seconds-5-watchdog-mip-start/medium-1/24proc/seed-2/6_momentum1_seed-2_20260504_011423/iterated_local_search/run_5_worker_11/ils_config_16518350994843433446.prm
[INFO]:[01:20:31] CPLEX results. Gap: 70.010000, upper bound: 320989.915877, lower bound: 96251.847992
[INFO]:[01:20:31] CPLEX solver finished. Gap: 70.010000
[INFO]:[01:20:31] Starting CPLEX solver on instance: /home/yorig/tuner/mpils-tests/instances/miplib/medium-1/momentum1.mps with config: /scratch/yorig/mpils-results-grid-seconds-5-watchdog-mip-start/medium-1/24proc/seed-2/6_momentum1_seed-2_20260504_011423/iterated_local_search/run_5_worker_11/ils_config_9243423987726052548.prm
[INFO]:[01:20:31] Starting CPLEX solver on instance: /home/yorig/tuner/mpils-tests/instances/miplib/medium-1/momentum1.mps with config: /scratch/yorig/mpils-results-grid-seconds-5-watchdog-mip-start/medium-1/24proc/seed-2/6_momentum1_seed-2_20260504_011423/iterated_local_search/run_5_worker_11/ils_config_9243423987726052548.prm
[INFO]:[01:20:36] CPLEX results. Gap: 55.900000, upper bound: 218279.295298, lower bound: 96261.852280
[INFO]:[01:20:36] CPLEX solver finished. Gap: 55.900000
[INFO]:[01:20:36] Starting CPLEX solver on instance: /home/yorig/tuner/mpils-tests/instances/miplib/medium-1/momentum1.mps with config: /scratch/yorig/mpils-results-grid-seconds-5-watchdog-mip-start/medium-1/24proc/seed-2/6_momentum1_seed-2_20260504_011423/iterated_local_search/run_5_worker_11/ils_config_8158823273540846301.prm
[INFO]:[01:20:36] Starting CPLEX solver on instance: /home/yorig/tuner/mpils-tests/instances/miplib/medium-1/momentum1.mps with config: /scratch/yorig/mpils-results-grid-seconds-5-watchdog-mip-start/medium-1/24proc/seed-2/6_momentum1_seed-2_20260504_011423/iterated_local_search/run_5_worker_11/ils_config_8158823273540846301.prm
[INFO]:[01:20:41] CPLEX results. Gap: 55.900000, upper bound: 218279.295298, lower bound: 96261.852280
[INFO]:[01:20:41] CPLEX solver finished. Gap: 55.900000
[INFO]:[01:20:41] Starting CPLEX solver on instance: /home/yorig/tuner/mpils-tests/instances/miplib/medium-1/momentum1.mps with config: /scratch/yorig/mpils-results-grid-seconds-5-watchdog-mip-start/medium-1/24proc/seed-2/6_momentum1_seed-2_20260504_011423/iterated_local_search/run_5_worker_11/ils_config_9810144297463152573.prm
[INFO]:[01:20:41] Starting CPLEX solver on instance: /home/yorig/tuner/mpils-tests/instances/miplib/medium-1/momentum1.mps with config: /scratch/yorig/mpils-results-grid-seconds-5-watchdog-mip-start/medium-1/24proc/seed-2/6_momentum1_seed-2_20260504_011423/iterated_local_search/run_5_worker_11/ils_config_9810144297463152573.prm
[INFO]:[01:20:46] CPLEX results. Gap: 67.400000, upper bound: 295282.154208, lower bound: 96262.789494
[INFO]:[01:20:46] CPLEX solver finished. Gap: 67.400000
[INFO]:[01:20:46] Local search phase completed.
[INFO]:[01:20:46] Total number of new local-search evaluations: 18
[INFO]:[01:20:46] Final incumbent objective value: 55.9
[INFO]:[01:20:48] Worker 11 completed exploration phase.
[INFO]:[01:20:48] Worker 11 received order for step 2.
[INFO]:[01:20:48] Worker 11 running expansion phase for iteration 5.
[INFO]:[01:20:48] Worker 11 will use solver log file: /scratch/yorig/mpils-results-grid-seconds-5-watchdog-mip-start/medium-1/24proc/seed-2/6_momentum1_seed-2_20260504_011423/solver/cplex.log_iteration_expansion_5_worker_11
[INFO]:[01:20:48] Expansion Worker 11 starting expansion for iteration 5.
[INFO]:[01:20:48] Starting CPLEX solver on instance: /home/yorig/tuner/mpils-tests/instances/miplib/medium-1/momentum1.mps with config: /scratch/yorig/mpils-results-grid-seconds-5-watchdog-mip-start/medium-1/24proc/seed-2/6_momentum1_seed-2_20260504_011423/expansion/config_param_CPXPARAM_Simplex_Limits_Singularity_2_iter_5.prm
[INFO]:[01:20:53] CPLEX results. Gap: 11.810000, upper bound: 109169.756617, lower bound: 96274.627341
[INFO]:[01:20:53] CPLEX solver finished. Gap: 11.810000
[INFO]:[01:20:58] Expansion Worker 11 completed expansion.
[INFO]:[01:20:58] Worker 11 completed expansion phase.
[INFO]:[01:20:59] Worker 11 received order for step 1.
[INFO]:[01:20:59] Worker 11 running exploration phase for iteration 6.
[INFO]:[01:20:59] Worker 11 at iteration 6 will not use a MIP start file. Current best MIP-start upper bound threshold is 1.79769e+308.
[INFO]:[01:20:59] Starting local search phase...
[INFO]:[01:20:59] Creating local search space from parameter space file: /scratch/yorig/mpils-results-grid-seconds-5-watchdog-mip-start/medium-1/24proc/seed-2/6_momentum1_seed-2_20260504_011423/iterated_local_search/search_space/search_space_file_6_worker_11.txt
[INFO]:[01:20:59] Local search space loaded from file: /scratch/yorig/mpils-results-grid-seconds-5-watchdog-mip-start/medium-1/24proc/seed-2/6_momentum1_seed-2_20260504_011423/iterated_local_search/search_space/search_space_file_6_worker_11.txt
[INFO]:[01:20:59] Number of parameters in local search space: 71
[INFO]:[01:20:59] Number of forbidden tuples in local search space: 27
[INFO]:[01:20:59] Number of conditionals in local search space: 6
[INFO]:[01:20:59] MIP start option not enabled. Local search will proceed without MIP start.
[INFO]:[01:20:59] Evaluating initial configuration for local search phase...
[INFO]:[01:20:59] Starting CPLEX solver on instance: /home/yorig/tuner/mpils-tests/instances/miplib/medium-1/momentum1.mps with config: /scratch/yorig/mpils-results-grid-seconds-5-watchdog-mip-start/medium-1/24proc/seed-2/6_momentum1_seed-2_20260504_011423/iterated_local_search/run_6_worker_11/ils_config_5895404493503438807.prm
[INFO]:[01:20:59] Starting CPLEX solver on instance: /home/yorig/tuner/mpils-tests/instances/miplib/medium-1/momentum1.mps with config: /scratch/yorig/mpils-results-grid-seconds-5-watchdog-mip-start/medium-1/24proc/seed-2/6_momentum1_seed-2_20260504_011423/iterated_local_search/run_6_worker_11/ils_config_5895404493503438807.prm
[INFO]:[01:21:04] CPLEX results. Gap: 78.360000, upper bound: 365999.377747, lower bound: 79201.752240
[INFO]:[01:21:04] CPLEX solver finished. Gap: 78.360000
[INFO]:[01:21:04] Initial configuration evaluated with objective value: 78.36
[INFO]:[01:21:04] Starting CPLEX solver on instance: /home/yorig/tuner/mpils-tests/instances/miplib/medium-1/momentum1.mps with config: /scratch/yorig/mpils-results-grid-seconds-5-watchdog-mip-start/medium-1/24proc/seed-2/6_momentum1_seed-2_20260504_011423/iterated_local_search/run_6_worker_11/ils_config_7791706848115205422.prm
[INFO]:[01:21:04] Starting CPLEX solver on instance: /home/yorig/tuner/mpils-tests/instances/miplib/medium-1/momentum1.mps with config: /scratch/yorig/mpils-results-grid-seconds-5-watchdog-mip-start/medium-1/24proc/seed-2/6_momentum1_seed-2_20260504_011423/iterated_local_search/run_6_worker_11/ils_config_7791706848115205422.prm
[INFO]:[01:21:09] CPLEX results. Gap: 78.360000, upper bound: 365999.377747, lower bound: 79201.752240
[INFO]:[01:21:09] CPLEX solver finished. Gap: 78.360000
[INFO]:[01:21:09] Starting CPLEX solver on instance: /home/yorig/tuner/mpils-tests/instances/miplib/medium-1/momentum1.mps with config: /scratch/yorig/mpils-results-grid-seconds-5-watchdog-mip-start/medium-1/24proc/seed-2/6_momentum1_seed-2_20260504_011423/iterated_local_search/run_6_worker_11/ils_config_3157186531409852688.prm
[INFO]:[01:21:09] Starting CPLEX solver on instance: /home/yorig/tuner/mpils-tests/instances/miplib/medium-1/momentum1.mps with config: /scratch/yorig/mpils-results-grid-seconds-5-watchdog-mip-start/medium-1/24proc/seed-2/6_momentum1_seed-2_20260504_011423/iterated_local_search/run_6_worker_11/ils_config_3157186531409852688.prm
[INFO]:[01:21:14] CPLEX results. Gap: 78.360000, upper bound: 365999.377747, lower bound: 79201.752240
[INFO]:[01:21:14] CPLEX solver finished. Gap: 78.360000
[INFO]:[01:21:14] Starting CPLEX solver on instance: /home/yorig/tuner/mpils-tests/instances/miplib/medium-1/momentum1.mps with config: /scratch/yorig/mpils-results-grid-seconds-5-watchdog-mip-start/medium-1/24proc/seed-2/6_momentum1_seed-2_20260504_011423/iterated_local_search/run_6_worker_11/ils_config_17358989280920246087.prm
[INFO]:[01:21:14] Starting CPLEX solver on instance: /home/yorig/tuner/mpils-tests/instances/miplib/medium-1/momentum1.mps with config: /scratch/yorig/mpils-results-grid-seconds-5-watchdog-mip-start/medium-1/24proc/seed-2/6_momentum1_seed-2_20260504_011423/iterated_local_search/run_6_worker_11/ils_config_17358989280920246087.prm
[INFO]:[01:21:19] CPLEX results. Gap: 73.230000, upper bound: 359568.220649, lower bound: 96254.663944
[INFO]:[01:21:19] CPLEX solver finished. Gap: 73.230000
[INFO]:[01:21:19] New incumbent found with objective value: 73.23
[INFO]:[01:21:19] Starting CPLEX solver on instance: /home/yorig/tuner/mpils-tests/instances/miplib/medium-1/momentum1.mps with config: /scratch/yorig/mpils-results-grid-seconds-5-watchdog-mip-start/medium-1/24proc/seed-2/6_momentum1_seed-2_20260504_011423/iterated_local_search/run_6_worker_11/ils_config_11278532313010971069.prm
[INFO]:[01:21:19] Starting CPLEX solver on instance: /home/yorig/tuner/mpils-tests/instances/miplib/medium-1/momentum1.mps with config: /scratch/yorig/mpils-results-grid-seconds-5-watchdog-mip-start/medium-1/24proc/seed-2/6_momentum1_seed-2_20260504_011423/iterated_local_search/run_6_worker_11/ils_config_11278532313010971069.prm
[INFO]:[01:21:24] CPLEX results. Gap: 78.360000, upper bound: 365999.377747, lower bound: 79212.100101
[INFO]:[01:21:24] CPLEX solver finished. Gap: 78.360000
[INFO]:[01:21:24] Starting CPLEX solver on instance: /home/yorig/tuner/mpils-tests/instances/miplib/medium-1/momentum1.mps with config: /scratch/yorig/mpils-results-grid-seconds-5-watchdog-mip-start/medium-1/24proc/seed-2/6_momentum1_seed-2_20260504_011423/iterated_local_search/run_6_worker_11/ils_config_9755567286266936033.prm
[INFO]:[01:21:24] Starting CPLEX solver on instance: /home/yorig/tuner/mpils-tests/instances/miplib/medium-1/momentum1.mps with config: /scratch/yorig/mpils-results-grid-seconds-5-watchdog-mip-start/medium-1/24proc/seed-2/6_momentum1_seed-2_20260504_011423/iterated_local_search/run_6_worker_11/ils_config_9755567286266936033.prm
[INFO]:[01:21:29] CPLEX results. Gap: 73.230000, upper bound: 359568.220649, lower bound: 96254.663944
[INFO]:[01:21:29] CPLEX solver finished. Gap: 73.230000
[INFO]:[01:21:29] Starting CPLEX solver on instance: /home/yorig/tuner/mpils-tests/instances/miplib/medium-1/momentum1.mps with config: /scratch/yorig/mpils-results-grid-seconds-5-watchdog-mip-start/medium-1/24proc/seed-2/6_momentum1_seed-2_20260504_011423/iterated_local_search/run_6_worker_11/ils_config_2869223984920515442.prm
[INFO]:[01:21:29] Starting CPLEX solver on instance: /home/yorig/tuner/mpils-tests/instances/miplib/medium-1/momentum1.mps with config: /scratch/yorig/mpils-results-grid-seconds-5-watchdog-mip-start/medium-1/24proc/seed-2/6_momentum1_seed-2_20260504_011423/iterated_local_search/run_6_worker_11/ils_config_2869223984920515442.prm
[INFO]:[01:21:35] CPLEX results. Gap: 73.230000, upper bound: 359568.220649, lower bound: 96256.875103
[INFO]:[01:21:35] CPLEX solver finished. Gap: 73.230000
[INFO]:[01:21:35] Starting CPLEX solver on instance: /home/yorig/tuner/mpils-tests/instances/miplib/medium-1/momentum1.mps with config: /scratch/yorig/mpils-results-grid-seconds-5-watchdog-mip-start/medium-1/24proc/seed-2/6_momentum1_seed-2_20260504_011423/iterated_local_search/run_6_worker_11/ils_config_6891819648341924469.prm
[INFO]:[01:21:35] Starting CPLEX solver on instance: /home/yorig/tuner/mpils-tests/instances/miplib/medium-1/momentum1.mps with config: /scratch/yorig/mpils-results-grid-seconds-5-watchdog-mip-start/medium-1/24proc/seed-2/6_momentum1_seed-2_20260504_011423/iterated_local_search/run_6_worker_11/ils_config_6891819648341924469.prm
[INFO]:[01:21:40] CPLEX results. Gap: 73.230000, upper bound: 359568.220649, lower bound: 96256.875103
[INFO]:[01:21:40] CPLEX solver finished. Gap: 73.230000
[INFO]:[01:21:40] Starting CPLEX solver on instance: /home/yorig/tuner/mpils-tests/instances/miplib/medium-1/momentum1.mps with config: /scratch/yorig/mpils-results-grid-seconds-5-watchdog-mip-start/medium-1/24proc/seed-2/6_momentum1_seed-2_20260504_011423/iterated_local_search/run_6_worker_11/ils_config_2593156485560324509.prm
[INFO]:[01:21:40] Starting CPLEX solver on instance: /home/yorig/tuner/mpils-tests/instances/miplib/medium-1/momentum1.mps with config: /scratch/yorig/mpils-results-grid-seconds-5-watchdog-mip-start/medium-1/24proc/seed-2/6_momentum1_seed-2_20260504_011423/iterated_local_search/run_6_worker_11/ils_config_2593156485560324509.prm
[INFO]:[01:21:45] CPLEX results. Gap: 73.230000, upper bound: 359568.220649, lower bound: 96254.663944
[INFO]:[01:21:45] CPLEX solver finished. Gap: 73.230000
[INFO]:[01:21:45] Starting CPLEX solver on instance: /home/yorig/tuner/mpils-tests/instances/miplib/medium-1/momentum1.mps with config: /scratch/yorig/mpils-results-grid-seconds-5-watchdog-mip-start/medium-1/24proc/seed-2/6_momentum1_seed-2_20260504_011423/iterated_local_search/run_6_worker_11/ils_config_9801328914475652600.prm
[INFO]:[01:21:45] Starting CPLEX solver on instance: /home/yorig/tuner/mpils-tests/instances/miplib/medium-1/momentum1.mps with config: /scratch/yorig/mpils-results-grid-seconds-5-watchdog-mip-start/medium-1/24proc/seed-2/6_momentum1_seed-2_20260504_011423/iterated_local_search/run_6_worker_11/ils_config_9801328914475652600.prm
[INFO]:[01:21:50] CPLEX results. Gap: 73.230000, upper bound: 359568.220649, lower bound: 96254.663944
[INFO]:[01:21:50] CPLEX solver finished. Gap: 73.230000
[INFO]:[01:21:50] Starting CPLEX solver on instance: /home/yorig/tuner/mpils-tests/instances/miplib/medium-1/momentum1.mps with config: /scratch/yorig/mpils-results-grid-seconds-5-watchdog-mip-start/medium-1/24proc/seed-2/6_momentum1_seed-2_20260504_011423/iterated_local_search/run_6_worker_11/ils_config_960397742425298712.prm
[INFO]:[01:21:50] Starting CPLEX solver on instance: /home/yorig/tuner/mpils-tests/instances/miplib/medium-1/momentum1.mps with config: /scratch/yorig/mpils-results-grid-seconds-5-watchdog-mip-start/medium-1/24proc/seed-2/6_momentum1_seed-2_20260504_011423/iterated_local_search/run_6_worker_11/ils_config_960397742425298712.prm
[INFO]:[01:21:55] CPLEX results. Gap: 73.230000, upper bound: 359568.220649, lower bound: 96247.820116
[INFO]:[01:21:55] CPLEX solver finished. Gap: 73.230000
[INFO]:[01:21:55] Starting CPLEX solver on instance: /home/yorig/tuner/mpils-tests/instances/miplib/medium-1/momentum1.mps with config: /scratch/yorig/mpils-results-grid-seconds-5-watchdog-mip-start/medium-1/24proc/seed-2/6_momentum1_seed-2_20260504_011423/iterated_local_search/run_6_worker_11/ils_config_15535400308818415207.prm
[INFO]:[01:21:55] Starting CPLEX solver on instance: /home/yorig/tuner/mpils-tests/instances/miplib/medium-1/momentum1.mps with config: /scratch/yorig/mpils-results-grid-seconds-5-watchdog-mip-start/medium-1/24proc/seed-2/6_momentum1_seed-2_20260504_011423/iterated_local_search/run_6_worker_11/ils_config_15535400308818415207.prm
[INFO]:[01:22:00] CPLEX results. Gap: 73.230000, upper bound: 359568.220649, lower bound: 96254.663944
[INFO]:[01:22:00] CPLEX solver finished. Gap: 73.230000
[INFO]:[01:22:00] Starting CPLEX solver on instance: /home/yorig/tuner/mpils-tests/instances/miplib/medium-1/momentum1.mps with config: /scratch/yorig/mpils-results-grid-seconds-5-watchdog-mip-start/medium-1/24proc/seed-2/6_momentum1_seed-2_20260504_011423/iterated_local_search/run_6_worker_11/ils_config_14233641710929801815.prm
[INFO]:[01:22:00] Starting CPLEX solver on instance: /home/yorig/tuner/mpils-tests/instances/miplib/medium-1/momentum1.mps with config: /scratch/yorig/mpils-results-grid-seconds-5-watchdog-mip-start/medium-1/24proc/seed-2/6_momentum1_seed-2_20260504_011423/iterated_local_search/run_6_worker_11/ils_config_14233641710929801815.prm
[INFO]:[01:22:05] CPLEX results. Gap: 73.230000, upper bound: 359568.220649, lower bound: 96254.663944
[INFO]:[01:22:05] CPLEX solver finished. Gap: 73.230000
[INFO]:[01:22:05] Starting CPLEX solver on instance: /home/yorig/tuner/mpils-tests/instances/miplib/medium-1/momentum1.mps with config: /scratch/yorig/mpils-results-grid-seconds-5-watchdog-mip-start/medium-1/24proc/seed-2/6_momentum1_seed-2_20260504_011423/iterated_local_search/run_6_worker_11/ils_config_7286355140317128931.prm
[INFO]:[01:22:05] Starting CPLEX solver on instance: /home/yorig/tuner/mpils-tests/instances/miplib/medium-1/momentum1.mps with config: /scratch/yorig/mpils-results-grid-seconds-5-watchdog-mip-start/medium-1/24proc/seed-2/6_momentum1_seed-2_20260504_011423/iterated_local_search/run_6_worker_11/ils_config_7286355140317128931.prm
[INFO]:[01:22:10] CPLEX results. Gap: 73.230000, upper bound: 359568.220649, lower bound: 96254.663944
[INFO]:[01:22:10] CPLEX solver finished. Gap: 73.230000
[INFO]:[01:22:10] Starting CPLEX solver on instance: /home/yorig/tuner/mpils-tests/instances/miplib/medium-1/momentum1.mps with config: /scratch/yorig/mpils-results-grid-seconds-5-watchdog-mip-start/medium-1/24proc/seed-2/6_momentum1_seed-2_20260504_011423/iterated_local_search/run_6_worker_11/ils_config_12977457324550528229.prm
[INFO]:[01:22:10] Starting CPLEX solver on instance: /home/yorig/tuner/mpils-tests/instances/miplib/medium-1/momentum1.mps with config: /scratch/yorig/mpils-results-grid-seconds-5-watchdog-mip-start/medium-1/24proc/seed-2/6_momentum1_seed-2_20260504_011423/iterated_local_search/run_6_worker_11/ils_config_12977457324550528229.prm
[INFO]:[01:22:15] CPLEX results. Gap: 73.230000, upper bound: 359519.400765, lower bound: 96255.504314
[INFO]:[01:22:15] CPLEX solver finished. Gap: 73.230000
[INFO]:[01:22:15] Starting CPLEX solver on instance: /home/yorig/tuner/mpils-tests/instances/miplib/medium-1/momentum1.mps with config: /scratch/yorig/mpils-results-grid-seconds-5-watchdog-mip-start/medium-1/24proc/seed-2/6_momentum1_seed-2_20260504_011423/iterated_local_search/run_6_worker_11/ils_config_4390319490678360427.prm
[INFO]:[01:22:15] Starting CPLEX solver on instance: /home/yorig/tuner/mpils-tests/instances/miplib/medium-1/momentum1.mps with config: /scratch/yorig/mpils-results-grid-seconds-5-watchdog-mip-start/medium-1/24proc/seed-2/6_momentum1_seed-2_20260504_011423/iterated_local_search/run_6_worker_11/ils_config_4390319490678360427.prm
[INFO]:[01:22:20] CPLEX results. Gap: 75.300000, upper bound: 359568.220649, lower bound: 88811.617529
[INFO]:[01:22:20] CPLEX solver finished. Gap: 75.300000
[INFO]:[01:22:20] Starting CPLEX solver on instance: /home/yorig/tuner/mpils-tests/instances/miplib/medium-1/momentum1.mps with config: /scratch/yorig/mpils-results-grid-seconds-5-watchdog-mip-start/medium-1/24proc/seed-2/6_momentum1_seed-2_20260504_011423/iterated_local_search/run_6_worker_11/ils_config_17613055762784807291.prm
[INFO]:[01:22:20] Starting CPLEX solver on instance: /home/yorig/tuner/mpils-tests/instances/miplib/medium-1/momentum1.mps with config: /scratch/yorig/mpils-results-grid-seconds-5-watchdog-mip-start/medium-1/24proc/seed-2/6_momentum1_seed-2_20260504_011423/iterated_local_search/run_6_worker_11/ils_config_17613055762784807291.prm
[INFO]:[01:22:25] CPLEX results. Gap: 78.360000, upper bound: 365999.377747, lower bound: 79212.100106
[INFO]:[01:22:25] CPLEX solver finished. Gap: 78.360000
[INFO]:[01:22:25] Starting CPLEX solver on instance: /home/yorig/tuner/mpils-tests/instances/miplib/medium-1/momentum1.mps with config: /scratch/yorig/mpils-results-grid-seconds-5-watchdog-mip-start/medium-1/24proc/seed-2/6_momentum1_seed-2_20260504_011423/iterated_local_search/run_6_worker_11/ils_config_6603761095497271722.prm
[INFO]:[01:22:25] Starting CPLEX solver on instance: /home/yorig/tuner/mpils-tests/instances/miplib/medium-1/momentum1.mps with config: /scratch/yorig/mpils-results-grid-seconds-5-watchdog-mip-start/medium-1/24proc/seed-2/6_momentum1_seed-2_20260504_011423/iterated_local_search/run_6_worker_11/ils_config_6603761095497271722.prm
[INFO]:[01:22:30] CPLEX results. Gap: 72.740000, upper bound: 353129.142064, lower bound: 96254.663944
[INFO]:[01:22:30] CPLEX solver finished. Gap: 72.740000
[INFO]:[01:22:30] New incumbent found with objective value: 72.74
[INFO]:[01:22:30] Local search phase completed.
[INFO]:[01:22:30] Total number of new local-search evaluations: 18
[INFO]:[01:22:30] Final incumbent objective value: 72.74
[INFO]:[01:22:32] Worker 11 completed exploration phase.
[INFO]:[01:22:32] Worker 11 received order for step 3.
[INFO]:[01:22:32] Worker 11 finished.
