[INFO]:[22:21:40] Worker 12 starting.
[INFO]:[22:21:40] Worker 12 received order for step 1.
[INFO]:[22:21:40] Worker 12 running exploration phase for iteration 1.
[INFO]:[22:21:40] Current MIP start info file not found: /scratch/yorig/mpils-results-grid-seconds-5-no-mip-start/easy/16proc/seed-4/2_fastxgemm-n2r6s0t2_seed-4_20260502_222139/iterated_local_search/mip_start/current_mip_start_1.txt
[INFO]:[22:21:40] Worker 12 at iteration 1 will not use a MIP start file. Current best MIP-start upper bound threshold is 1.79769e+308.
[INFO]:[22:21:40] Starting local search phase...
[INFO]:[22:21:40] Creating local search space from parameter space file: /scratch/yorig/mpils-results-grid-seconds-5-no-mip-start/easy/16proc/seed-4/2_fastxgemm-n2r6s0t2_seed-4_20260502_222139/iterated_local_search/search_space/search_space_file_1_worker_12.txt
[INFO]:[22:21:40] Local search space loaded from file: /scratch/yorig/mpils-results-grid-seconds-5-no-mip-start/easy/16proc/seed-4/2_fastxgemm-n2r6s0t2_seed-4_20260502_222139/iterated_local_search/search_space/search_space_file_1_worker_12.txt
[INFO]:[22:21:40] Number of parameters in local search space: 71
[INFO]:[22:21:40] Number of forbidden tuples in local search space: 0
[INFO]:[22:21:40] Number of conditionals in local search space: 6
[INFO]:[22:21:40] MIP start option not enabled. Local search will proceed without MIP start.
[INFO]:[22:21:40] Evaluating initial configuration for local search phase...
[INFO]:[22:21:40] Starting CPLEX solver on instance: /home/yorig/tuner/mpils-tests/instances/miplib/easy/fastxgemm-n2r6s0t2.mps with config: /scratch/yorig/mpils-results-grid-seconds-5-no-mip-start/easy/16proc/seed-4/2_fastxgemm-n2r6s0t2_seed-4_20260502_222139/iterated_local_search/run_1_worker_12/ils_config_9317250108626102332.prm
[INFO]:[22:21:40] Starting CPLEX solver on instance: /home/yorig/tuner/mpils-tests/instances/miplib/easy/fastxgemm-n2r6s0t2.mps with config: /scratch/yorig/mpils-results-grid-seconds-5-no-mip-start/easy/16proc/seed-4/2_fastxgemm-n2r6s0t2_seed-4_20260502_222139/iterated_local_search/run_1_worker_12/ils_config_9317250108626102332.prm
[INFO]:[22:21:45] CPLEX results. Gap: 88.260000, upper bound: 230.000000, lower bound: 27.000000
[INFO]:[22:21:45] Writing MIP start file: /scratch/yorig/mpils-results-grid-seconds-5-no-mip-start/easy/16proc/seed-4/2_fastxgemm-n2r6s0t2_seed-4_20260502_222139/iterated_local_search/run_1_worker_12/mip_starts/mip_start_eval_1_config_9317250108626102332.mst
[INFO]:[22:21:45] CPLEX solver finished. Gap: 88.260000
[INFO]:[22:21:45] Initial configuration evaluated with objective value: 88.26
[INFO]:[22:21:45] Starting CPLEX solver on instance: /home/yorig/tuner/mpils-tests/instances/miplib/easy/fastxgemm-n2r6s0t2.mps with config: /scratch/yorig/mpils-results-grid-seconds-5-no-mip-start/easy/16proc/seed-4/2_fastxgemm-n2r6s0t2_seed-4_20260502_222139/iterated_local_search/run_1_worker_12/ils_config_15325070210933874443.prm
[INFO]:[22:21:45] Starting CPLEX solver on instance: /home/yorig/tuner/mpils-tests/instances/miplib/easy/fastxgemm-n2r6s0t2.mps with config: /scratch/yorig/mpils-results-grid-seconds-5-no-mip-start/easy/16proc/seed-4/2_fastxgemm-n2r6s0t2_seed-4_20260502_222139/iterated_local_search/run_1_worker_12/ils_config_15325070210933874443.prm
[INFO]:[22:21:50] CPLEX results. Gap: 88.560000, upper bound: 236.000000, lower bound: 27.000000
[INFO]:[22:21:50] CPLEX solver finished. Gap: 88.560000
[INFO]:[22:21:50] Starting CPLEX solver on instance: /home/yorig/tuner/mpils-tests/instances/miplib/easy/fastxgemm-n2r6s0t2.mps with config: /scratch/yorig/mpils-results-grid-seconds-5-no-mip-start/easy/16proc/seed-4/2_fastxgemm-n2r6s0t2_seed-4_20260502_222139/iterated_local_search/run_1_worker_12/ils_config_13552318020899668257.prm
[INFO]:[22:21:50] Starting CPLEX solver on instance: /home/yorig/tuner/mpils-tests/instances/miplib/easy/fastxgemm-n2r6s0t2.mps with config: /scratch/yorig/mpils-results-grid-seconds-5-no-mip-start/easy/16proc/seed-4/2_fastxgemm-n2r6s0t2_seed-4_20260502_222139/iterated_local_search/run_1_worker_12/ils_config_13552318020899668257.prm
[INFO]:[22:21:55] CPLEX results. Gap: 88.260000, upper bound: 230.000000, lower bound: 27.000000
[INFO]:[22:21:55] CPLEX solver finished. Gap: 88.260000
[INFO]:[22:21:55] Starting CPLEX solver on instance: /home/yorig/tuner/mpils-tests/instances/miplib/easy/fastxgemm-n2r6s0t2.mps with config: /scratch/yorig/mpils-results-grid-seconds-5-no-mip-start/easy/16proc/seed-4/2_fastxgemm-n2r6s0t2_seed-4_20260502_222139/iterated_local_search/run_1_worker_12/ils_config_12306046225316279169.prm
[INFO]:[22:21:55] Starting CPLEX solver on instance: /home/yorig/tuner/mpils-tests/instances/miplib/easy/fastxgemm-n2r6s0t2.mps with config: /scratch/yorig/mpils-results-grid-seconds-5-no-mip-start/easy/16proc/seed-4/2_fastxgemm-n2r6s0t2_seed-4_20260502_222139/iterated_local_search/run_1_worker_12/ils_config_12306046225316279169.prm
[INFO]:[22:22:00] CPLEX results. Gap: 88.260000, upper bound: 230.000000, lower bound: 27.000000
[INFO]:[22:22:00] CPLEX solver finished. Gap: 88.260000
[INFO]:[22:22:00] Starting CPLEX solver on instance: /home/yorig/tuner/mpils-tests/instances/miplib/easy/fastxgemm-n2r6s0t2.mps with config: /scratch/yorig/mpils-results-grid-seconds-5-no-mip-start/easy/16proc/seed-4/2_fastxgemm-n2r6s0t2_seed-4_20260502_222139/iterated_local_search/run_1_worker_12/ils_config_17950470280521675248.prm
[INFO]:[22:22:00] Starting CPLEX solver on instance: /home/yorig/tuner/mpils-tests/instances/miplib/easy/fastxgemm-n2r6s0t2.mps with config: /scratch/yorig/mpils-results-grid-seconds-5-no-mip-start/easy/16proc/seed-4/2_fastxgemm-n2r6s0t2_seed-4_20260502_222139/iterated_local_search/run_1_worker_12/ils_config_17950470280521675248.prm
[INFO]:[22:22:05] CPLEX results. Gap: 88.260000, upper bound: 230.000000, lower bound: 27.000000
[INFO]:[22:22:05] CPLEX solver finished. Gap: 88.260000
[INFO]:[22:22:05] Starting CPLEX solver on instance: /home/yorig/tuner/mpils-tests/instances/miplib/easy/fastxgemm-n2r6s0t2.mps with config: /scratch/yorig/mpils-results-grid-seconds-5-no-mip-start/easy/16proc/seed-4/2_fastxgemm-n2r6s0t2_seed-4_20260502_222139/iterated_local_search/run_1_worker_12/ils_config_12881353887696551566.prm
[INFO]:[22:22:05] Starting CPLEX solver on instance: /home/yorig/tuner/mpils-tests/instances/miplib/easy/fastxgemm-n2r6s0t2.mps with config: /scratch/yorig/mpils-results-grid-seconds-5-no-mip-start/easy/16proc/seed-4/2_fastxgemm-n2r6s0t2_seed-4_20260502_222139/iterated_local_search/run_1_worker_12/ils_config_12881353887696551566.prm
[INFO]:[22:22:10] CPLEX results. Gap: 88.260000, upper bound: 230.000000, lower bound: 27.000000
[INFO]:[22:22:10] CPLEX solver finished. Gap: 88.260000
[INFO]:[22:22:10] Starting CPLEX solver on instance: /home/yorig/tuner/mpils-tests/instances/miplib/easy/fastxgemm-n2r6s0t2.mps with config: /scratch/yorig/mpils-results-grid-seconds-5-no-mip-start/easy/16proc/seed-4/2_fastxgemm-n2r6s0t2_seed-4_20260502_222139/iterated_local_search/run_1_worker_12/ils_config_16099091843744989076.prm
[INFO]:[22:22:10] Starting CPLEX solver on instance: /home/yorig/tuner/mpils-tests/instances/miplib/easy/fastxgemm-n2r6s0t2.mps with config: /scratch/yorig/mpils-results-grid-seconds-5-no-mip-start/easy/16proc/seed-4/2_fastxgemm-n2r6s0t2_seed-4_20260502_222139/iterated_local_search/run_1_worker_12/ils_config_16099091843744989076.prm
[INFO]:[22:22:15] CPLEX results. Gap: 88.260000, upper bound: 230.000000, lower bound: 27.000000
[INFO]:[22:22:15] CPLEX solver finished. Gap: 88.260000
[INFO]:[22:22:15] Starting CPLEX solver on instance: /home/yorig/tuner/mpils-tests/instances/miplib/easy/fastxgemm-n2r6s0t2.mps with config: /scratch/yorig/mpils-results-grid-seconds-5-no-mip-start/easy/16proc/seed-4/2_fastxgemm-n2r6s0t2_seed-4_20260502_222139/iterated_local_search/run_1_worker_12/ils_config_17134903396696160926.prm
[INFO]:[22:22:15] Starting CPLEX solver on instance: /home/yorig/tuner/mpils-tests/instances/miplib/easy/fastxgemm-n2r6s0t2.mps with config: /scratch/yorig/mpils-results-grid-seconds-5-no-mip-start/easy/16proc/seed-4/2_fastxgemm-n2r6s0t2_seed-4_20260502_222139/iterated_local_search/run_1_worker_12/ils_config_17134903396696160926.prm
[INFO]:[22:22:20] CPLEX results. Gap: 88.260000, upper bound: 230.000000, lower bound: 27.000000
[INFO]:[22:22:20] CPLEX solver finished. Gap: 88.260000
[INFO]:[22:22:20] Starting CPLEX solver on instance: /home/yorig/tuner/mpils-tests/instances/miplib/easy/fastxgemm-n2r6s0t2.mps with config: /scratch/yorig/mpils-results-grid-seconds-5-no-mip-start/easy/16proc/seed-4/2_fastxgemm-n2r6s0t2_seed-4_20260502_222139/iterated_local_search/run_1_worker_12/ils_config_2408682628397334498.prm
[INFO]:[22:22:20] Starting CPLEX solver on instance: /home/yorig/tuner/mpils-tests/instances/miplib/easy/fastxgemm-n2r6s0t2.mps with config: /scratch/yorig/mpils-results-grid-seconds-5-no-mip-start/easy/16proc/seed-4/2_fastxgemm-n2r6s0t2_seed-4_20260502_222139/iterated_local_search/run_1_worker_12/ils_config_2408682628397334498.prm
[INFO]:[22:22:25] CPLEX results. Gap: 88.260000, upper bound: 230.000000, lower bound: 27.000000
[INFO]:[22:22:25] CPLEX solver finished. Gap: 88.260000
[INFO]:[22:22:25] Starting CPLEX solver on instance: /home/yorig/tuner/mpils-tests/instances/miplib/easy/fastxgemm-n2r6s0t2.mps with config: /scratch/yorig/mpils-results-grid-seconds-5-no-mip-start/easy/16proc/seed-4/2_fastxgemm-n2r6s0t2_seed-4_20260502_222139/iterated_local_search/run_1_worker_12/ils_config_1979677892259857889.prm
[INFO]:[22:22:25] Starting CPLEX solver on instance: /home/yorig/tuner/mpils-tests/instances/miplib/easy/fastxgemm-n2r6s0t2.mps with config: /scratch/yorig/mpils-results-grid-seconds-5-no-mip-start/easy/16proc/seed-4/2_fastxgemm-n2r6s0t2_seed-4_20260502_222139/iterated_local_search/run_1_worker_12/ils_config_1979677892259857889.prm
[INFO]:[22:22:31] CPLEX results. Gap: 88.260000, upper bound: 230.000000, lower bound: 27.000000
[INFO]:[22:22:31] CPLEX solver finished. Gap: 88.260000
[INFO]:[22:22:31] Starting CPLEX solver on instance: /home/yorig/tuner/mpils-tests/instances/miplib/easy/fastxgemm-n2r6s0t2.mps with config: /scratch/yorig/mpils-results-grid-seconds-5-no-mip-start/easy/16proc/seed-4/2_fastxgemm-n2r6s0t2_seed-4_20260502_222139/iterated_local_search/run_1_worker_12/ils_config_13936334373938341284.prm
[INFO]:[22:22:31] Starting CPLEX solver on instance: /home/yorig/tuner/mpils-tests/instances/miplib/easy/fastxgemm-n2r6s0t2.mps with config: /scratch/yorig/mpils-results-grid-seconds-5-no-mip-start/easy/16proc/seed-4/2_fastxgemm-n2r6s0t2_seed-4_20260502_222139/iterated_local_search/run_1_worker_12/ils_config_13936334373938341284.prm
[INFO]:[22:22:36] CPLEX results. Gap: 88.260000, upper bound: 230.000000, lower bound: 27.000000
[INFO]:[22:22:36] CPLEX solver finished. Gap: 88.260000
[INFO]:[22:22:36] Starting CPLEX solver on instance: /home/yorig/tuner/mpils-tests/instances/miplib/easy/fastxgemm-n2r6s0t2.mps with config: /scratch/yorig/mpils-results-grid-seconds-5-no-mip-start/easy/16proc/seed-4/2_fastxgemm-n2r6s0t2_seed-4_20260502_222139/iterated_local_search/run_1_worker_12/ils_config_4316534522036270029.prm
[INFO]:[22:22:36] Starting CPLEX solver on instance: /home/yorig/tuner/mpils-tests/instances/miplib/easy/fastxgemm-n2r6s0t2.mps with config: /scratch/yorig/mpils-results-grid-seconds-5-no-mip-start/easy/16proc/seed-4/2_fastxgemm-n2r6s0t2_seed-4_20260502_222139/iterated_local_search/run_1_worker_12/ils_config_4316534522036270029.prm
[INFO]:[22:22:41] CPLEX results. Gap: 88.260000, upper bound: 230.000000, lower bound: 27.000000
[INFO]:[22:22:41] CPLEX solver finished. Gap: 88.260000
[INFO]:[22:22:41] Starting CPLEX solver on instance: /home/yorig/tuner/mpils-tests/instances/miplib/easy/fastxgemm-n2r6s0t2.mps with config: /scratch/yorig/mpils-results-grid-seconds-5-no-mip-start/easy/16proc/seed-4/2_fastxgemm-n2r6s0t2_seed-4_20260502_222139/iterated_local_search/run_1_worker_12/ils_config_3884228623989327056.prm
[INFO]:[22:22:41] Starting CPLEX solver on instance: /home/yorig/tuner/mpils-tests/instances/miplib/easy/fastxgemm-n2r6s0t2.mps with config: /scratch/yorig/mpils-results-grid-seconds-5-no-mip-start/easy/16proc/seed-4/2_fastxgemm-n2r6s0t2_seed-4_20260502_222139/iterated_local_search/run_1_worker_12/ils_config_3884228623989327056.prm
[INFO]:[22:22:46] CPLEX results. Gap: 88.260000, upper bound: 230.000000, lower bound: 27.000000
[INFO]:[22:22:46] CPLEX solver finished. Gap: 88.260000
[INFO]:[22:22:46] Starting CPLEX solver on instance: /home/yorig/tuner/mpils-tests/instances/miplib/easy/fastxgemm-n2r6s0t2.mps with config: /scratch/yorig/mpils-results-grid-seconds-5-no-mip-start/easy/16proc/seed-4/2_fastxgemm-n2r6s0t2_seed-4_20260502_222139/iterated_local_search/run_1_worker_12/ils_config_13227810307732379804.prm
[INFO]:[22:22:46] Starting CPLEX solver on instance: /home/yorig/tuner/mpils-tests/instances/miplib/easy/fastxgemm-n2r6s0t2.mps with config: /scratch/yorig/mpils-results-grid-seconds-5-no-mip-start/easy/16proc/seed-4/2_fastxgemm-n2r6s0t2_seed-4_20260502_222139/iterated_local_search/run_1_worker_12/ils_config_13227810307732379804.prm
[INFO]:[22:22:51] CPLEX results. Gap: 88.260000, upper bound: 230.000000, lower bound: 27.000000
[INFO]:[22:22:51] CPLEX solver finished. Gap: 88.260000
[INFO]:[22:22:51] Starting CPLEX solver on instance: /home/yorig/tuner/mpils-tests/instances/miplib/easy/fastxgemm-n2r6s0t2.mps with config: /scratch/yorig/mpils-results-grid-seconds-5-no-mip-start/easy/16proc/seed-4/2_fastxgemm-n2r6s0t2_seed-4_20260502_222139/iterated_local_search/run_1_worker_12/ils_config_15888066166118645666.prm
[INFO]:[22:22:51] Starting CPLEX solver on instance: /home/yorig/tuner/mpils-tests/instances/miplib/easy/fastxgemm-n2r6s0t2.mps with config: /scratch/yorig/mpils-results-grid-seconds-5-no-mip-start/easy/16proc/seed-4/2_fastxgemm-n2r6s0t2_seed-4_20260502_222139/iterated_local_search/run_1_worker_12/ils_config_15888066166118645666.prm
[INFO]:[22:22:56] CPLEX results. Gap: 98.700000, upper bound: 2072.450000, lower bound: 27.000000
[INFO]:[22:22:56] CPLEX solver finished. Gap: 98.700000
[INFO]:[22:22:56] Starting CPLEX solver on instance: /home/yorig/tuner/mpils-tests/instances/miplib/easy/fastxgemm-n2r6s0t2.mps with config: /scratch/yorig/mpils-results-grid-seconds-5-no-mip-start/easy/16proc/seed-4/2_fastxgemm-n2r6s0t2_seed-4_20260502_222139/iterated_local_search/run_1_worker_12/ils_config_2981062759763162808.prm
[INFO]:[22:22:56] Starting CPLEX solver on instance: /home/yorig/tuner/mpils-tests/instances/miplib/easy/fastxgemm-n2r6s0t2.mps with config: /scratch/yorig/mpils-results-grid-seconds-5-no-mip-start/easy/16proc/seed-4/2_fastxgemm-n2r6s0t2_seed-4_20260502_222139/iterated_local_search/run_1_worker_12/ils_config_2981062759763162808.prm
[INFO]:[22:23:01] CPLEX results. Gap: 94.880000, upper bound: 527.000000, lower bound: 27.000000
[INFO]:[22:23:01] CPLEX solver finished. Gap: 94.880000
[INFO]:[22:23:01] Starting CPLEX solver on instance: /home/yorig/tuner/mpils-tests/instances/miplib/easy/fastxgemm-n2r6s0t2.mps with config: /scratch/yorig/mpils-results-grid-seconds-5-no-mip-start/easy/16proc/seed-4/2_fastxgemm-n2r6s0t2_seed-4_20260502_222139/iterated_local_search/run_1_worker_12/ils_config_16435111858664220028.prm
[INFO]:[22:23:01] Starting CPLEX solver on instance: /home/yorig/tuner/mpils-tests/instances/miplib/easy/fastxgemm-n2r6s0t2.mps with config: /scratch/yorig/mpils-results-grid-seconds-5-no-mip-start/easy/16proc/seed-4/2_fastxgemm-n2r6s0t2_seed-4_20260502_222139/iterated_local_search/run_1_worker_12/ils_config_16435111858664220028.prm
[INFO]:[22:23:06] CPLEX results. Gap: 88.260000, upper bound: 230.000000, lower bound: 27.000000
[INFO]:[22:23:06] CPLEX solver finished. Gap: 88.260000
[INFO]:[22:23:06] Starting CPLEX solver on instance: /home/yorig/tuner/mpils-tests/instances/miplib/easy/fastxgemm-n2r6s0t2.mps with config: /scratch/yorig/mpils-results-grid-seconds-5-no-mip-start/easy/16proc/seed-4/2_fastxgemm-n2r6s0t2_seed-4_20260502_222139/iterated_local_search/run_1_worker_12/ils_config_15223551759784025974.prm
[INFO]:[22:23:06] Starting CPLEX solver on instance: /home/yorig/tuner/mpils-tests/instances/miplib/easy/fastxgemm-n2r6s0t2.mps with config: /scratch/yorig/mpils-results-grid-seconds-5-no-mip-start/easy/16proc/seed-4/2_fastxgemm-n2r6s0t2_seed-4_20260502_222139/iterated_local_search/run_1_worker_12/ils_config_15223551759784025974.prm
[INFO]:[22:23:11] CPLEX results. Gap: 86.520000, upper bound: 230.000000, lower bound: 31.000000
[INFO]:[22:23:11] CPLEX solver finished. Gap: 86.520000
[INFO]:[22:23:11] New incumbent found with objective value: 86.52
[INFO]:[22:23:11] Starting CPLEX solver on instance: /home/yorig/tuner/mpils-tests/instances/miplib/easy/fastxgemm-n2r6s0t2.mps with config: /scratch/yorig/mpils-results-grid-seconds-5-no-mip-start/easy/16proc/seed-4/2_fastxgemm-n2r6s0t2_seed-4_20260502_222139/iterated_local_search/run_1_worker_12/ils_config_16970062597467237739.prm
[INFO]:[22:23:11] Starting CPLEX solver on instance: /home/yorig/tuner/mpils-tests/instances/miplib/easy/fastxgemm-n2r6s0t2.mps with config: /scratch/yorig/mpils-results-grid-seconds-5-no-mip-start/easy/16proc/seed-4/2_fastxgemm-n2r6s0t2_seed-4_20260502_222139/iterated_local_search/run_1_worker_12/ils_config_16970062597467237739.prm
[INFO]:[22:23:16] CPLEX results. Gap: 86.520000, upper bound: 230.000000, lower bound: 31.000000
[INFO]:[22:23:16] CPLEX solver finished. Gap: 86.520000
[INFO]:[22:23:16] Starting CPLEX solver on instance: /home/yorig/tuner/mpils-tests/instances/miplib/easy/fastxgemm-n2r6s0t2.mps with config: /scratch/yorig/mpils-results-grid-seconds-5-no-mip-start/easy/16proc/seed-4/2_fastxgemm-n2r6s0t2_seed-4_20260502_222139/iterated_local_search/run_1_worker_12/ils_config_13616862056963880896.prm
[INFO]:[22:23:16] Starting CPLEX solver on instance: /home/yorig/tuner/mpils-tests/instances/miplib/easy/fastxgemm-n2r6s0t2.mps with config: /scratch/yorig/mpils-results-grid-seconds-5-no-mip-start/easy/16proc/seed-4/2_fastxgemm-n2r6s0t2_seed-4_20260502_222139/iterated_local_search/run_1_worker_12/ils_config_13616862056963880896.prm
[INFO]:[22:23:21] CPLEX results. Gap: 94.880000, upper bound: 527.000000, lower bound: 27.000000
[INFO]:[22:23:21] CPLEX solver finished. Gap: 94.880000
[INFO]:[22:23:21] Local search phase completed.
[INFO]:[22:23:21] Total number of new local-search evaluations: 20
[INFO]:[22:23:21] Final incumbent objective value: 86.52
[INFO]:[22:23:21] Worker 12 completed exploration phase.
[INFO]:[22:23:21] Worker 12 received order for step 2.
[INFO]:[22:23:21] Worker 12 running expansion phase for iteration 1.
[INFO]:[22:23:21] Worker 12 will use solver log file: /scratch/yorig/mpils-results-grid-seconds-5-no-mip-start/easy/16proc/seed-4/2_fastxgemm-n2r6s0t2_seed-4_20260502_222139/solver/cplex.log_iteration_expansion_1_worker_12
[INFO]:[22:23:21] Expansion Worker 12 starting expansion for iteration 1.
[INFO]:[22:23:21] Starting CPLEX solver on instance: /home/yorig/tuner/mpils-tests/instances/miplib/easy/fastxgemm-n2r6s0t2.mps with config: /scratch/yorig/mpils-results-grid-seconds-5-no-mip-start/easy/16proc/seed-4/2_fastxgemm-n2r6s0t2_seed-4_20260502_222139/expansion/config_param_CPXPARAM_MIP_Strategy_BBInterval_4_iter_1.prm
[INFO]:[22:23:26] CPLEX results. Gap: 85.220000, upper bound: 230.000000, lower bound: 34.000000
[INFO]:[22:23:26] CPLEX solver finished. Gap: 85.220000
[INFO]:[22:23:26] Expansion Worker 12 found an improving configuration with objective value 85.22.
[INFO]:[22:23:26] Expansion Worker 12 stopping early after global MPI expansion stop was activated.
[INFO]:[22:23:26] Expansion Worker 12 completed expansion.
[INFO]:[22:23:26] Worker 12 completed expansion phase.
[INFO]:[22:23:26] Worker 12 received order for step 1.
[INFO]:[22:23:26] Worker 12 running exploration phase for iteration 2.
[INFO]:[22:23:26] Worker 12 at iteration 2 will not use a MIP start file. Current best MIP-start upper bound threshold is 230.
[INFO]:[22:23:26] Starting local search phase...
[INFO]:[22:23:26] Creating local search space from parameter space file: /scratch/yorig/mpils-results-grid-seconds-5-no-mip-start/easy/16proc/seed-4/2_fastxgemm-n2r6s0t2_seed-4_20260502_222139/iterated_local_search/search_space/search_space_file_2_worker_12.txt
[INFO]:[22:23:26] Local search space loaded from file: /scratch/yorig/mpils-results-grid-seconds-5-no-mip-start/easy/16proc/seed-4/2_fastxgemm-n2r6s0t2_seed-4_20260502_222139/iterated_local_search/search_space/search_space_file_2_worker_12.txt
[INFO]:[22:23:26] Number of parameters in local search space: 71
[INFO]:[22:23:26] Number of forbidden tuples in local search space: 27
[INFO]:[22:23:26] Number of conditionals in local search space: 6
[INFO]:[22:23:26] MIP start option not enabled. Local search will proceed without MIP start.
[INFO]:[22:23:26] Evaluating initial configuration for local search phase...
[INFO]:[22:23:26] Starting CPLEX solver on instance: /home/yorig/tuner/mpils-tests/instances/miplib/easy/fastxgemm-n2r6s0t2.mps with config: /scratch/yorig/mpils-results-grid-seconds-5-no-mip-start/easy/16proc/seed-4/2_fastxgemm-n2r6s0t2_seed-4_20260502_222139/iterated_local_search/run_2_worker_12/ils_config_7623775820109498305.prm
[INFO]:[22:23:26] Starting CPLEX solver on instance: /home/yorig/tuner/mpils-tests/instances/miplib/easy/fastxgemm-n2r6s0t2.mps with config: /scratch/yorig/mpils-results-grid-seconds-5-no-mip-start/easy/16proc/seed-4/2_fastxgemm-n2r6s0t2_seed-4_20260502_222139/iterated_local_search/run_2_worker_12/ils_config_7623775820109498305.prm
[INFO]:[22:23:31] CPLEX results. Gap: 94.880000, upper bound: 527.000000, lower bound: 27.000000
[INFO]:[22:23:31] CPLEX solver finished. Gap: 94.880000
[INFO]:[22:23:31] Initial configuration evaluated with objective value: 94.88
[INFO]:[22:23:31] Starting CPLEX solver on instance: /home/yorig/tuner/mpils-tests/instances/miplib/easy/fastxgemm-n2r6s0t2.mps with config: /scratch/yorig/mpils-results-grid-seconds-5-no-mip-start/easy/16proc/seed-4/2_fastxgemm-n2r6s0t2_seed-4_20260502_222139/iterated_local_search/run_2_worker_12/ils_config_6443484154338888154.prm
[INFO]:[22:23:31] Starting CPLEX solver on instance: /home/yorig/tuner/mpils-tests/instances/miplib/easy/fastxgemm-n2r6s0t2.mps with config: /scratch/yorig/mpils-results-grid-seconds-5-no-mip-start/easy/16proc/seed-4/2_fastxgemm-n2r6s0t2_seed-4_20260502_222139/iterated_local_search/run_2_worker_12/ils_config_6443484154338888154.prm
[INFO]:[22:23:36] CPLEX results. Gap: 94.880000, upper bound: 527.000000, lower bound: 27.000000
[INFO]:[22:23:36] CPLEX solver finished. Gap: 94.880000
[INFO]:[22:23:36] Starting CPLEX solver on instance: /home/yorig/tuner/mpils-tests/instances/miplib/easy/fastxgemm-n2r6s0t2.mps with config: /scratch/yorig/mpils-results-grid-seconds-5-no-mip-start/easy/16proc/seed-4/2_fastxgemm-n2r6s0t2_seed-4_20260502_222139/iterated_local_search/run_2_worker_12/ils_config_5296304232671357601.prm
[INFO]:[22:23:36] Starting CPLEX solver on instance: /home/yorig/tuner/mpils-tests/instances/miplib/easy/fastxgemm-n2r6s0t2.mps with config: /scratch/yorig/mpils-results-grid-seconds-5-no-mip-start/easy/16proc/seed-4/2_fastxgemm-n2r6s0t2_seed-4_20260502_222139/iterated_local_search/run_2_worker_12/ils_config_5296304232671357601.prm
[INFO]:[22:23:41] CPLEX results. Gap: 94.880000, upper bound: 527.000000, lower bound: 27.000000
[INFO]:[22:23:41] CPLEX solver finished. Gap: 94.880000
[INFO]:[22:23:41] Starting CPLEX solver on instance: /home/yorig/tuner/mpils-tests/instances/miplib/easy/fastxgemm-n2r6s0t2.mps with config: /scratch/yorig/mpils-results-grid-seconds-5-no-mip-start/easy/16proc/seed-4/2_fastxgemm-n2r6s0t2_seed-4_20260502_222139/iterated_local_search/run_2_worker_12/ils_config_5760697062052485941.prm
[INFO]:[22:23:41] Starting CPLEX solver on instance: /home/yorig/tuner/mpils-tests/instances/miplib/easy/fastxgemm-n2r6s0t2.mps with config: /scratch/yorig/mpils-results-grid-seconds-5-no-mip-start/easy/16proc/seed-4/2_fastxgemm-n2r6s0t2_seed-4_20260502_222139/iterated_local_search/run_2_worker_12/ils_config_5760697062052485941.prm
[INFO]:[22:23:46] CPLEX results. Gap: 94.880000, upper bound: 527.000000, lower bound: 27.000000
[INFO]:[22:23:46] CPLEX solver finished. Gap: 94.880000
[INFO]:[22:23:46] Starting CPLEX solver on instance: /home/yorig/tuner/mpils-tests/instances/miplib/easy/fastxgemm-n2r6s0t2.mps with config: /scratch/yorig/mpils-results-grid-seconds-5-no-mip-start/easy/16proc/seed-4/2_fastxgemm-n2r6s0t2_seed-4_20260502_222139/iterated_local_search/run_2_worker_12/ils_config_3665434903493613609.prm
[INFO]:[22:23:46] Starting CPLEX solver on instance: /home/yorig/tuner/mpils-tests/instances/miplib/easy/fastxgemm-n2r6s0t2.mps with config: /scratch/yorig/mpils-results-grid-seconds-5-no-mip-start/easy/16proc/seed-4/2_fastxgemm-n2r6s0t2_seed-4_20260502_222139/iterated_local_search/run_2_worker_12/ils_config_3665434903493613609.prm
[INFO]:[22:23:51] CPLEX results. Gap: 94.880000, upper bound: 527.000000, lower bound: 27.000000
[INFO]:[22:23:51] CPLEX solver finished. Gap: 94.880000
[INFO]:[22:23:51] Starting CPLEX solver on instance: /home/yorig/tuner/mpils-tests/instances/miplib/easy/fastxgemm-n2r6s0t2.mps with config: /scratch/yorig/mpils-results-grid-seconds-5-no-mip-start/easy/16proc/seed-4/2_fastxgemm-n2r6s0t2_seed-4_20260502_222139/iterated_local_search/run_2_worker_12/ils_config_15778712876171633404.prm
[INFO]:[22:23:51] Starting CPLEX solver on instance: /home/yorig/tuner/mpils-tests/instances/miplib/easy/fastxgemm-n2r6s0t2.mps with config: /scratch/yorig/mpils-results-grid-seconds-5-no-mip-start/easy/16proc/seed-4/2_fastxgemm-n2r6s0t2_seed-4_20260502_222139/iterated_local_search/run_2_worker_12/ils_config_15778712876171633404.prm
[INFO]:[22:23:56] CPLEX results. Gap: 94.880000, upper bound: 527.000000, lower bound: 27.000000
[INFO]:[22:23:56] CPLEX solver finished. Gap: 94.880000
[INFO]:[22:23:56] Starting CPLEX solver on instance: /home/yorig/tuner/mpils-tests/instances/miplib/easy/fastxgemm-n2r6s0t2.mps with config: /scratch/yorig/mpils-results-grid-seconds-5-no-mip-start/easy/16proc/seed-4/2_fastxgemm-n2r6s0t2_seed-4_20260502_222139/iterated_local_search/run_2_worker_12/ils_config_14399621334564485508.prm
[INFO]:[22:23:56] Starting CPLEX solver on instance: /home/yorig/tuner/mpils-tests/instances/miplib/easy/fastxgemm-n2r6s0t2.mps with config: /scratch/yorig/mpils-results-grid-seconds-5-no-mip-start/easy/16proc/seed-4/2_fastxgemm-n2r6s0t2_seed-4_20260502_222139/iterated_local_search/run_2_worker_12/ils_config_14399621334564485508.prm
[INFO]:[22:24:01] CPLEX results. Gap: 98.700000, upper bound: 2072.450000, lower bound: 27.000000
[INFO]:[22:24:01] CPLEX solver finished. Gap: 98.700000
[INFO]:[22:24:01] Starting CPLEX solver on instance: /home/yorig/tuner/mpils-tests/instances/miplib/easy/fastxgemm-n2r6s0t2.mps with config: /scratch/yorig/mpils-results-grid-seconds-5-no-mip-start/easy/16proc/seed-4/2_fastxgemm-n2r6s0t2_seed-4_20260502_222139/iterated_local_search/run_2_worker_12/ils_config_11468358959286794288.prm
[INFO]:[22:24:01] Starting CPLEX solver on instance: /home/yorig/tuner/mpils-tests/instances/miplib/easy/fastxgemm-n2r6s0t2.mps with config: /scratch/yorig/mpils-results-grid-seconds-5-no-mip-start/easy/16proc/seed-4/2_fastxgemm-n2r6s0t2_seed-4_20260502_222139/iterated_local_search/run_2_worker_12/ils_config_11468358959286794288.prm
[INFO]:[22:24:06] CPLEX results. Gap: 94.880000, upper bound: 527.000000, lower bound: 27.000000
[INFO]:[22:24:06] CPLEX solver finished. Gap: 94.880000
[INFO]:[22:24:06] Starting CPLEX solver on instance: /home/yorig/tuner/mpils-tests/instances/miplib/easy/fastxgemm-n2r6s0t2.mps with config: /scratch/yorig/mpils-results-grid-seconds-5-no-mip-start/easy/16proc/seed-4/2_fastxgemm-n2r6s0t2_seed-4_20260502_222139/iterated_local_search/run_2_worker_12/ils_config_16119538683826828662.prm
[INFO]:[22:24:06] Starting CPLEX solver on instance: /home/yorig/tuner/mpils-tests/instances/miplib/easy/fastxgemm-n2r6s0t2.mps with config: /scratch/yorig/mpils-results-grid-seconds-5-no-mip-start/easy/16proc/seed-4/2_fastxgemm-n2r6s0t2_seed-4_20260502_222139/iterated_local_search/run_2_worker_12/ils_config_16119538683826828662.prm
[INFO]:[22:24:11] CPLEX results. Gap: 94.880000, upper bound: 527.000000, lower bound: 27.000000
[INFO]:[22:24:11] CPLEX solver finished. Gap: 94.880000
[INFO]:[22:24:11] Local search phase completed.
[INFO]:[22:24:11] Total number of new local-search evaluations: 9
[INFO]:[22:24:11] Final incumbent objective value: 94.88
[INFO]:[22:24:11] Worker 12 completed exploration phase.
[INFO]:[22:24:11] Worker 12 received order for step 2.
[INFO]:[22:24:11] Worker 12 running expansion phase for iteration 2.
[INFO]:[22:24:11] Worker 12 will use solver log file: /scratch/yorig/mpils-results-grid-seconds-5-no-mip-start/easy/16proc/seed-4/2_fastxgemm-n2r6s0t2_seed-4_20260502_222139/solver/cplex.log_iteration_expansion_2_worker_12
[INFO]:[22:24:11] Expansion Worker 12 starting expansion for iteration 2.
[INFO]:[22:24:11] Starting CPLEX solver on instance: /home/yorig/tuner/mpils-tests/instances/miplib/easy/fastxgemm-n2r6s0t2.mps with config: /scratch/yorig/mpils-results-grid-seconds-5-no-mip-start/easy/16proc/seed-4/2_fastxgemm-n2r6s0t2_seed-4_20260502_222139/expansion/config_param_CPXPARAM_MIP_Strategy_StartAlgorithm_4_iter_2.prm
[INFO]:[22:24:16] CPLEX results. Gap: 93.740000, upper bound: 527.000000, lower bound: 33.000000
[INFO]:[22:24:16] CPLEX solver finished. Gap: 93.740000
[INFO]:[22:24:16] Starting CPLEX solver on instance: /home/yorig/tuner/mpils-tests/instances/miplib/easy/fastxgemm-n2r6s0t2.mps with config: /scratch/yorig/mpils-results-grid-seconds-5-no-mip-start/easy/16proc/seed-4/2_fastxgemm-n2r6s0t2_seed-4_20260502_222139/expansion/config_param_CPXPARAM_MIP_Strategy_StartAlgorithm_5_iter_2.prm
[INFO]:[22:24:21] CPLEX results. Gap: 85.650000, upper bound: 230.000000, lower bound: 33.000000
[INFO]:[22:24:21] CPLEX solver finished. Gap: 85.650000
[INFO]:[22:24:26] Expansion Worker 12 completed expansion.
[INFO]:[22:24:26] Worker 12 completed expansion phase.
[INFO]:[22:24:26] Worker 12 received order for step 1.
[INFO]:[22:24:26] Worker 12 running exploration phase for iteration 3.
[INFO]:[22:24:26] Worker 12 at iteration 3 will not use a MIP start file. Current best MIP-start upper bound threshold is 230.
[INFO]:[22:24:26] Starting local search phase...
[INFO]:[22:24:26] Creating local search space from parameter space file: /scratch/yorig/mpils-results-grid-seconds-5-no-mip-start/easy/16proc/seed-4/2_fastxgemm-n2r6s0t2_seed-4_20260502_222139/iterated_local_search/search_space/search_space_file_3_worker_12.txt
[INFO]:[22:24:26] Local search space loaded from file: /scratch/yorig/mpils-results-grid-seconds-5-no-mip-start/easy/16proc/seed-4/2_fastxgemm-n2r6s0t2_seed-4_20260502_222139/iterated_local_search/search_space/search_space_file_3_worker_12.txt
[INFO]:[22:24:26] Number of parameters in local search space: 71
[INFO]:[22:24:26] Number of forbidden tuples in local search space: 27
[INFO]:[22:24:26] Number of conditionals in local search space: 6
[INFO]:[22:24:26] MIP start option not enabled. Local search will proceed without MIP start.
[INFO]:[22:24:26] Evaluating initial configuration for local search phase...
[INFO]:[22:24:26] Starting CPLEX solver on instance: /home/yorig/tuner/mpils-tests/instances/miplib/easy/fastxgemm-n2r6s0t2.mps with config: /scratch/yorig/mpils-results-grid-seconds-5-no-mip-start/easy/16proc/seed-4/2_fastxgemm-n2r6s0t2_seed-4_20260502_222139/iterated_local_search/run_3_worker_12/ils_config_4262467368150124789.prm
[INFO]:[22:24:26] Starting CPLEX solver on instance: /home/yorig/tuner/mpils-tests/instances/miplib/easy/fastxgemm-n2r6s0t2.mps with config: /scratch/yorig/mpils-results-grid-seconds-5-no-mip-start/easy/16proc/seed-4/2_fastxgemm-n2r6s0t2_seed-4_20260502_222139/iterated_local_search/run_3_worker_12/ils_config_4262467368150124789.prm
[INFO]:[22:24:31] CPLEX results. Gap: 94.880000, upper bound: 527.000000, lower bound: 27.000000
[INFO]:[22:24:31] CPLEX solver finished. Gap: 94.880000
[INFO]:[22:24:31] Initial configuration evaluated with objective value: 94.88
[INFO]:[22:24:32] Starting CPLEX solver on instance: /home/yorig/tuner/mpils-tests/instances/miplib/easy/fastxgemm-n2r6s0t2.mps with config: /scratch/yorig/mpils-results-grid-seconds-5-no-mip-start/easy/16proc/seed-4/2_fastxgemm-n2r6s0t2_seed-4_20260502_222139/iterated_local_search/run_3_worker_12/ils_config_5273871323434682083.prm
[INFO]:[22:24:32] Starting CPLEX solver on instance: /home/yorig/tuner/mpils-tests/instances/miplib/easy/fastxgemm-n2r6s0t2.mps with config: /scratch/yorig/mpils-results-grid-seconds-5-no-mip-start/easy/16proc/seed-4/2_fastxgemm-n2r6s0t2_seed-4_20260502_222139/iterated_local_search/run_3_worker_12/ils_config_5273871323434682083.prm
[INFO]:[22:24:37] CPLEX results. Gap: 94.880000, upper bound: 527.000000, lower bound: 27.000000
[INFO]:[22:24:37] CPLEX solver finished. Gap: 94.880000
[INFO]:[22:24:37] Starting CPLEX solver on instance: /home/yorig/tuner/mpils-tests/instances/miplib/easy/fastxgemm-n2r6s0t2.mps with config: /scratch/yorig/mpils-results-grid-seconds-5-no-mip-start/easy/16proc/seed-4/2_fastxgemm-n2r6s0t2_seed-4_20260502_222139/iterated_local_search/run_3_worker_12/ils_config_18323670264472138325.prm
[INFO]:[22:24:37] Starting CPLEX solver on instance: /home/yorig/tuner/mpils-tests/instances/miplib/easy/fastxgemm-n2r6s0t2.mps with config: /scratch/yorig/mpils-results-grid-seconds-5-no-mip-start/easy/16proc/seed-4/2_fastxgemm-n2r6s0t2_seed-4_20260502_222139/iterated_local_search/run_3_worker_12/ils_config_18323670264472138325.prm
[INFO]:[22:24:42] CPLEX results. Gap: 98.700000, upper bound: 2072.450000, lower bound: 27.000000
[INFO]:[22:24:42] CPLEX solver finished. Gap: 98.700000
[INFO]:[22:24:42] Starting CPLEX solver on instance: /home/yorig/tuner/mpils-tests/instances/miplib/easy/fastxgemm-n2r6s0t2.mps with config: /scratch/yorig/mpils-results-grid-seconds-5-no-mip-start/easy/16proc/seed-4/2_fastxgemm-n2r6s0t2_seed-4_20260502_222139/iterated_local_search/run_3_worker_12/ils_config_17578259025033843577.prm
[INFO]:[22:24:42] Starting CPLEX solver on instance: /home/yorig/tuner/mpils-tests/instances/miplib/easy/fastxgemm-n2r6s0t2.mps with config: /scratch/yorig/mpils-results-grid-seconds-5-no-mip-start/easy/16proc/seed-4/2_fastxgemm-n2r6s0t2_seed-4_20260502_222139/iterated_local_search/run_3_worker_12/ils_config_17578259025033843577.prm
[INFO]:[22:24:47] CPLEX results. Gap: 94.880000, upper bound: 527.000000, lower bound: 27.000000
[INFO]:[22:24:47] CPLEX solver finished. Gap: 94.880000
[INFO]:[22:24:47] Starting CPLEX solver on instance: /home/yorig/tuner/mpils-tests/instances/miplib/easy/fastxgemm-n2r6s0t2.mps with config: /scratch/yorig/mpils-results-grid-seconds-5-no-mip-start/easy/16proc/seed-4/2_fastxgemm-n2r6s0t2_seed-4_20260502_222139/iterated_local_search/run_3_worker_12/ils_config_9514624295033227157.prm
[INFO]:[22:24:47] Starting CPLEX solver on instance: /home/yorig/tuner/mpils-tests/instances/miplib/easy/fastxgemm-n2r6s0t2.mps with config: /scratch/yorig/mpils-results-grid-seconds-5-no-mip-start/easy/16proc/seed-4/2_fastxgemm-n2r6s0t2_seed-4_20260502_222139/iterated_local_search/run_3_worker_12/ils_config_9514624295033227157.prm
[INFO]:[22:24:52] CPLEX results. Gap: 94.880000, upper bound: 527.000000, lower bound: 27.000000
[INFO]:[22:24:52] CPLEX solver finished. Gap: 94.880000
[INFO]:[22:24:52] Local search phase completed.
[INFO]:[22:24:52] Total number of new local-search evaluations: 5
[INFO]:[22:24:52] Final incumbent objective value: 94.88
[INFO]:[22:24:52] Worker 12 completed exploration phase.
[INFO]:[22:24:52] Worker 12 received order for step 2.
[INFO]:[22:24:52] Worker 12 running expansion phase for iteration 3.
[INFO]:[22:24:52] Worker 12 will use solver log file: /scratch/yorig/mpils-results-grid-seconds-5-no-mip-start/easy/16proc/seed-4/2_fastxgemm-n2r6s0t2_seed-4_20260502_222139/solver/cplex.log_iteration_expansion_3_worker_12
[INFO]:[22:24:52] Expansion Worker 12 starting expansion for iteration 3.
[INFO]:[22:24:52] Starting CPLEX solver on instance: /home/yorig/tuner/mpils-tests/instances/miplib/easy/fastxgemm-n2r6s0t2.mps with config: /scratch/yorig/mpils-results-grid-seconds-5-no-mip-start/easy/16proc/seed-4/2_fastxgemm-n2r6s0t2_seed-4_20260502_222139/expansion/config_param_CPXPARAM_Barrier_StartAlg_3_iter_3.prm
[INFO]:[22:24:57] CPLEX results. Gap: 85.220000, upper bound: 230.000000, lower bound: 34.000000
[INFO]:[22:24:57] CPLEX solver finished. Gap: 85.220000
[INFO]:[22:24:57] Expansion Worker 12 stopping early after global MPI expansion stop was activated.
[INFO]:[22:24:57] Expansion Worker 12 completed expansion.
[INFO]:[22:24:57] Worker 12 completed expansion phase.
[INFO]:[22:24:57] Worker 12 received order for step 1.
[INFO]:[22:24:57] Worker 12 running exploration phase for iteration 4.
[INFO]:[22:24:57] Worker 12 at iteration 4 will not use a MIP start file. Current best MIP-start upper bound threshold is 230.
[INFO]:[22:24:57] Starting local search phase...
[INFO]:[22:24:57] Creating local search space from parameter space file: /scratch/yorig/mpils-results-grid-seconds-5-no-mip-start/easy/16proc/seed-4/2_fastxgemm-n2r6s0t2_seed-4_20260502_222139/iterated_local_search/search_space/search_space_file_4_worker_12.txt
[INFO]:[22:24:57] Local search space loaded from file: /scratch/yorig/mpils-results-grid-seconds-5-no-mip-start/easy/16proc/seed-4/2_fastxgemm-n2r6s0t2_seed-4_20260502_222139/iterated_local_search/search_space/search_space_file_4_worker_12.txt
[INFO]:[22:24:57] Number of parameters in local search space: 71
[INFO]:[22:24:57] Number of forbidden tuples in local search space: 25
[INFO]:[22:24:57] Number of conditionals in local search space: 6
[INFO]:[22:24:57] MIP start option not enabled. Local search will proceed without MIP start.
[INFO]:[22:24:57] Evaluating initial configuration for local search phase...
[INFO]:[22:24:57] Starting CPLEX solver on instance: /home/yorig/tuner/mpils-tests/instances/miplib/easy/fastxgemm-n2r6s0t2.mps with config: /scratch/yorig/mpils-results-grid-seconds-5-no-mip-start/easy/16proc/seed-4/2_fastxgemm-n2r6s0t2_seed-4_20260502_222139/iterated_local_search/run_4_worker_12/ils_config_15671412180952116380.prm
[INFO]:[22:24:57] Starting CPLEX solver on instance: /home/yorig/tuner/mpils-tests/instances/miplib/easy/fastxgemm-n2r6s0t2.mps with config: /scratch/yorig/mpils-results-grid-seconds-5-no-mip-start/easy/16proc/seed-4/2_fastxgemm-n2r6s0t2_seed-4_20260502_222139/iterated_local_search/run_4_worker_12/ils_config_15671412180952116380.prm
[INFO]:[22:25:02] CPLEX results. Gap: 96.740000, upper bound: 827.000000, lower bound: 27.000000
[INFO]:[22:25:02] CPLEX solver finished. Gap: 96.740000
[INFO]:[22:25:02] Initial configuration evaluated with objective value: 96.74
[INFO]:[22:25:02] Starting CPLEX solver on instance: /home/yorig/tuner/mpils-tests/instances/miplib/easy/fastxgemm-n2r6s0t2.mps with config: /scratch/yorig/mpils-results-grid-seconds-5-no-mip-start/easy/16proc/seed-4/2_fastxgemm-n2r6s0t2_seed-4_20260502_222139/iterated_local_search/run_4_worker_12/ils_config_17571682324936941809.prm
[INFO]:[22:25:02] Starting CPLEX solver on instance: /home/yorig/tuner/mpils-tests/instances/miplib/easy/fastxgemm-n2r6s0t2.mps with config: /scratch/yorig/mpils-results-grid-seconds-5-no-mip-start/easy/16proc/seed-4/2_fastxgemm-n2r6s0t2_seed-4_20260502_222139/iterated_local_search/run_4_worker_12/ils_config_17571682324936941809.prm
[INFO]:[22:25:07] CPLEX results. Gap: 96.740000, upper bound: 827.000000, lower bound: 27.000000
[INFO]:[22:25:07] CPLEX solver finished. Gap: 96.740000
[INFO]:[22:25:07] Starting CPLEX solver on instance: /home/yorig/tuner/mpils-tests/instances/miplib/easy/fastxgemm-n2r6s0t2.mps with config: /scratch/yorig/mpils-results-grid-seconds-5-no-mip-start/easy/16proc/seed-4/2_fastxgemm-n2r6s0t2_seed-4_20260502_222139/iterated_local_search/run_4_worker_12/ils_config_6313429312643365125.prm
[INFO]:[22:25:07] Starting CPLEX solver on instance: /home/yorig/tuner/mpils-tests/instances/miplib/easy/fastxgemm-n2r6s0t2.mps with config: /scratch/yorig/mpils-results-grid-seconds-5-no-mip-start/easy/16proc/seed-4/2_fastxgemm-n2r6s0t2_seed-4_20260502_222139/iterated_local_search/run_4_worker_12/ils_config_6313429312643365125.prm
[INFO]:[22:25:12] CPLEX results. Gap: 96.740000, upper bound: 827.000000, lower bound: 27.000000
[INFO]:[22:25:12] CPLEX solver finished. Gap: 96.740000
[INFO]:[22:25:12] Starting CPLEX solver on instance: /home/yorig/tuner/mpils-tests/instances/miplib/easy/fastxgemm-n2r6s0t2.mps with config: /scratch/yorig/mpils-results-grid-seconds-5-no-mip-start/easy/16proc/seed-4/2_fastxgemm-n2r6s0t2_seed-4_20260502_222139/iterated_local_search/run_4_worker_12/ils_config_870944870450217667.prm
[INFO]:[22:25:12] Starting CPLEX solver on instance: /home/yorig/tuner/mpils-tests/instances/miplib/easy/fastxgemm-n2r6s0t2.mps with config: /scratch/yorig/mpils-results-grid-seconds-5-no-mip-start/easy/16proc/seed-4/2_fastxgemm-n2r6s0t2_seed-4_20260502_222139/iterated_local_search/run_4_worker_12/ils_config_870944870450217667.prm
[INFO]:[22:25:17] CPLEX results. Gap: 96.740000, upper bound: 827.000000, lower bound: 27.000000
[INFO]:[22:25:17] CPLEX solver finished. Gap: 96.740000
[INFO]:[22:25:17] Starting CPLEX solver on instance: /home/yorig/tuner/mpils-tests/instances/miplib/easy/fastxgemm-n2r6s0t2.mps with config: /scratch/yorig/mpils-results-grid-seconds-5-no-mip-start/easy/16proc/seed-4/2_fastxgemm-n2r6s0t2_seed-4_20260502_222139/iterated_local_search/run_4_worker_12/ils_config_3311966934201130741.prm
[INFO]:[22:25:17] Starting CPLEX solver on instance: /home/yorig/tuner/mpils-tests/instances/miplib/easy/fastxgemm-n2r6s0t2.mps with config: /scratch/yorig/mpils-results-grid-seconds-5-no-mip-start/easy/16proc/seed-4/2_fastxgemm-n2r6s0t2_seed-4_20260502_222139/iterated_local_search/run_4_worker_12/ils_config_3311966934201130741.prm
[INFO]:[22:25:22] CPLEX results. Gap: 95.020000, upper bound: 542.000000, lower bound: 27.000000
[INFO]:[22:25:22] CPLEX solver finished. Gap: 95.020000
[INFO]:[22:25:22] New incumbent found with objective value: 95.02
[INFO]:[22:25:22] Starting CPLEX solver on instance: /home/yorig/tuner/mpils-tests/instances/miplib/easy/fastxgemm-n2r6s0t2.mps with config: /scratch/yorig/mpils-results-grid-seconds-5-no-mip-start/easy/16proc/seed-4/2_fastxgemm-n2r6s0t2_seed-4_20260502_222139/iterated_local_search/run_4_worker_12/ils_config_6211939069163091986.prm
[INFO]:[22:25:22] Starting CPLEX solver on instance: /home/yorig/tuner/mpils-tests/instances/miplib/easy/fastxgemm-n2r6s0t2.mps with config: /scratch/yorig/mpils-results-grid-seconds-5-no-mip-start/easy/16proc/seed-4/2_fastxgemm-n2r6s0t2_seed-4_20260502_222139/iterated_local_search/run_4_worker_12/ils_config_6211939069163091986.prm
[INFO]:[22:25:27] CPLEX results. Gap: 98.110000, upper bound: 1427.000000, lower bound: 27.000000
[INFO]:[22:25:27] CPLEX solver finished. Gap: 98.110000
[INFO]:[22:25:27] Starting CPLEX solver on instance: /home/yorig/tuner/mpils-tests/instances/miplib/easy/fastxgemm-n2r6s0t2.mps with config: /scratch/yorig/mpils-results-grid-seconds-5-no-mip-start/easy/16proc/seed-4/2_fastxgemm-n2r6s0t2_seed-4_20260502_222139/iterated_local_search/run_4_worker_12/ils_config_17981764084762321578.prm
[INFO]:[22:25:27] Starting CPLEX solver on instance: /home/yorig/tuner/mpils-tests/instances/miplib/easy/fastxgemm-n2r6s0t2.mps with config: /scratch/yorig/mpils-results-grid-seconds-5-no-mip-start/easy/16proc/seed-4/2_fastxgemm-n2r6s0t2_seed-4_20260502_222139/iterated_local_search/run_4_worker_12/ils_config_17981764084762321578.prm
[INFO]:[22:25:32] CPLEX results. Gap: 88.260000, upper bound: 230.000000, lower bound: 27.000000
[INFO]:[22:25:32] CPLEX solver finished. Gap: 88.260000
[INFO]:[22:25:32] New incumbent found with objective value: 88.26
[INFO]:[22:25:32] Starting CPLEX solver on instance: /home/yorig/tuner/mpils-tests/instances/miplib/easy/fastxgemm-n2r6s0t2.mps with config: /scratch/yorig/mpils-results-grid-seconds-5-no-mip-start/easy/16proc/seed-4/2_fastxgemm-n2r6s0t2_seed-4_20260502_222139/iterated_local_search/run_4_worker_12/ils_config_2907514233137299658.prm
[INFO]:[22:25:32] Starting CPLEX solver on instance: /home/yorig/tuner/mpils-tests/instances/miplib/easy/fastxgemm-n2r6s0t2.mps with config: /scratch/yorig/mpils-results-grid-seconds-5-no-mip-start/easy/16proc/seed-4/2_fastxgemm-n2r6s0t2_seed-4_20260502_222139/iterated_local_search/run_4_worker_12/ils_config_2907514233137299658.prm
[INFO]:[22:25:37] CPLEX results. Gap: 88.260000, upper bound: 230.000000, lower bound: 27.000000
[INFO]:[22:25:37] CPLEX solver finished. Gap: 88.260000
[INFO]:[22:25:37] Starting CPLEX solver on instance: /home/yorig/tuner/mpils-tests/instances/miplib/easy/fastxgemm-n2r6s0t2.mps with config: /scratch/yorig/mpils-results-grid-seconds-5-no-mip-start/easy/16proc/seed-4/2_fastxgemm-n2r6s0t2_seed-4_20260502_222139/iterated_local_search/run_4_worker_12/ils_config_6216577141018069781.prm
[INFO]:[22:25:37] Starting CPLEX solver on instance: /home/yorig/tuner/mpils-tests/instances/miplib/easy/fastxgemm-n2r6s0t2.mps with config: /scratch/yorig/mpils-results-grid-seconds-5-no-mip-start/easy/16proc/seed-4/2_fastxgemm-n2r6s0t2_seed-4_20260502_222139/iterated_local_search/run_4_worker_12/ils_config_6216577141018069781.prm
[INFO]:[22:25:42] CPLEX results. Gap: 88.260000, upper bound: 230.000000, lower bound: 27.000000
[INFO]:[22:25:42] CPLEX solver finished. Gap: 88.260000
[INFO]:[22:25:42] Starting CPLEX solver on instance: /home/yorig/tuner/mpils-tests/instances/miplib/easy/fastxgemm-n2r6s0t2.mps with config: /scratch/yorig/mpils-results-grid-seconds-5-no-mip-start/easy/16proc/seed-4/2_fastxgemm-n2r6s0t2_seed-4_20260502_222139/iterated_local_search/run_4_worker_12/ils_config_13046630130095801514.prm
[INFO]:[22:25:42] Starting CPLEX solver on instance: /home/yorig/tuner/mpils-tests/instances/miplib/easy/fastxgemm-n2r6s0t2.mps with config: /scratch/yorig/mpils-results-grid-seconds-5-no-mip-start/easy/16proc/seed-4/2_fastxgemm-n2r6s0t2_seed-4_20260502_222139/iterated_local_search/run_4_worker_12/ils_config_13046630130095801514.prm
[INFO]:[22:25:47] CPLEX results. Gap: 94.880000, upper bound: 527.000000, lower bound: 27.000000
[INFO]:[22:25:47] CPLEX solver finished. Gap: 94.880000
[INFO]:[22:25:47] Starting CPLEX solver on instance: /home/yorig/tuner/mpils-tests/instances/miplib/easy/fastxgemm-n2r6s0t2.mps with config: /scratch/yorig/mpils-results-grid-seconds-5-no-mip-start/easy/16proc/seed-4/2_fastxgemm-n2r6s0t2_seed-4_20260502_222139/iterated_local_search/run_4_worker_12/ils_config_4166183484350899097.prm
[INFO]:[22:25:47] Starting CPLEX solver on instance: /home/yorig/tuner/mpils-tests/instances/miplib/easy/fastxgemm-n2r6s0t2.mps with config: /scratch/yorig/mpils-results-grid-seconds-5-no-mip-start/easy/16proc/seed-4/2_fastxgemm-n2r6s0t2_seed-4_20260502_222139/iterated_local_search/run_4_worker_12/ils_config_4166183484350899097.prm
[INFO]:[22:25:52] CPLEX results. Gap: 88.260000, upper bound: 230.000000, lower bound: 27.000000
[INFO]:[22:25:52] CPLEX solver finished. Gap: 88.260000
[INFO]:[22:25:52] Starting CPLEX solver on instance: /home/yorig/tuner/mpils-tests/instances/miplib/easy/fastxgemm-n2r6s0t2.mps with config: /scratch/yorig/mpils-results-grid-seconds-5-no-mip-start/easy/16proc/seed-4/2_fastxgemm-n2r6s0t2_seed-4_20260502_222139/iterated_local_search/run_4_worker_12/ils_config_17143405260088428630.prm
[INFO]:[22:25:52] Starting CPLEX solver on instance: /home/yorig/tuner/mpils-tests/instances/miplib/easy/fastxgemm-n2r6s0t2.mps with config: /scratch/yorig/mpils-results-grid-seconds-5-no-mip-start/easy/16proc/seed-4/2_fastxgemm-n2r6s0t2_seed-4_20260502_222139/iterated_local_search/run_4_worker_12/ils_config_17143405260088428630.prm
[INFO]:[22:25:57] CPLEX results. Gap: 88.260000, upper bound: 230.000000, lower bound: 27.000000
[INFO]:[22:25:57] CPLEX solver finished. Gap: 88.260000
[INFO]:[22:25:57] Starting CPLEX solver on instance: /home/yorig/tuner/mpils-tests/instances/miplib/easy/fastxgemm-n2r6s0t2.mps with config: /scratch/yorig/mpils-results-grid-seconds-5-no-mip-start/easy/16proc/seed-4/2_fastxgemm-n2r6s0t2_seed-4_20260502_222139/iterated_local_search/run_4_worker_12/ils_config_5967156133081231986.prm
[INFO]:[22:25:57] Starting CPLEX solver on instance: /home/yorig/tuner/mpils-tests/instances/miplib/easy/fastxgemm-n2r6s0t2.mps with config: /scratch/yorig/mpils-results-grid-seconds-5-no-mip-start/easy/16proc/seed-4/2_fastxgemm-n2r6s0t2_seed-4_20260502_222139/iterated_local_search/run_4_worker_12/ils_config_5967156133081231986.prm
[INFO]:[22:26:02] CPLEX results. Gap: 96.750000, upper bound: 830.000000, lower bound: 27.000000
[INFO]:[22:26:02] CPLEX solver finished. Gap: 96.750000
[INFO]:[22:26:02] Starting CPLEX solver on instance: /home/yorig/tuner/mpils-tests/instances/miplib/easy/fastxgemm-n2r6s0t2.mps with config: /scratch/yorig/mpils-results-grid-seconds-5-no-mip-start/easy/16proc/seed-4/2_fastxgemm-n2r6s0t2_seed-4_20260502_222139/iterated_local_search/run_4_worker_12/ils_config_6581562072411291467.prm
[INFO]:[22:26:02] Starting CPLEX solver on instance: /home/yorig/tuner/mpils-tests/instances/miplib/easy/fastxgemm-n2r6s0t2.mps with config: /scratch/yorig/mpils-results-grid-seconds-5-no-mip-start/easy/16proc/seed-4/2_fastxgemm-n2r6s0t2_seed-4_20260502_222139/iterated_local_search/run_4_worker_12/ils_config_6581562072411291467.prm
[INFO]:[22:26:07] CPLEX results. Gap: 94.910000, upper bound: 530.000000, lower bound: 27.000000
[INFO]:[22:26:07] CPLEX solver finished. Gap: 94.910000
[INFO]:[22:26:07] Starting CPLEX solver on instance: /home/yorig/tuner/mpils-tests/instances/miplib/easy/fastxgemm-n2r6s0t2.mps with config: /scratch/yorig/mpils-results-grid-seconds-5-no-mip-start/easy/16proc/seed-4/2_fastxgemm-n2r6s0t2_seed-4_20260502_222139/iterated_local_search/run_4_worker_12/ils_config_1052076757455465578.prm
[INFO]:[22:26:07] Starting CPLEX solver on instance: /home/yorig/tuner/mpils-tests/instances/miplib/easy/fastxgemm-n2r6s0t2.mps with config: /scratch/yorig/mpils-results-grid-seconds-5-no-mip-start/easy/16proc/seed-4/2_fastxgemm-n2r6s0t2_seed-4_20260502_222139/iterated_local_search/run_4_worker_12/ils_config_1052076757455465578.prm
[INFO]:[22:26:12] CPLEX results. Gap: 88.260000, upper bound: 230.000000, lower bound: 27.000000
[INFO]:[22:26:12] CPLEX solver finished. Gap: 88.260000
[INFO]:[22:26:12] Starting CPLEX solver on instance: /home/yorig/tuner/mpils-tests/instances/miplib/easy/fastxgemm-n2r6s0t2.mps with config: /scratch/yorig/mpils-results-grid-seconds-5-no-mip-start/easy/16proc/seed-4/2_fastxgemm-n2r6s0t2_seed-4_20260502_222139/iterated_local_search/run_4_worker_12/ils_config_4506589485789361760.prm
[INFO]:[22:26:12] Starting CPLEX solver on instance: /home/yorig/tuner/mpils-tests/instances/miplib/easy/fastxgemm-n2r6s0t2.mps with config: /scratch/yorig/mpils-results-grid-seconds-5-no-mip-start/easy/16proc/seed-4/2_fastxgemm-n2r6s0t2_seed-4_20260502_222139/iterated_local_search/run_4_worker_12/ils_config_4506589485789361760.prm
[INFO]:[22:26:17] CPLEX results. Gap: 88.260000, upper bound: 230.000000, lower bound: 27.000000
[INFO]:[22:26:17] CPLEX solver finished. Gap: 88.260000
[INFO]:[22:26:17] Starting CPLEX solver on instance: /home/yorig/tuner/mpils-tests/instances/miplib/easy/fastxgemm-n2r6s0t2.mps with config: /scratch/yorig/mpils-results-grid-seconds-5-no-mip-start/easy/16proc/seed-4/2_fastxgemm-n2r6s0t2_seed-4_20260502_222139/iterated_local_search/run_4_worker_12/ils_config_10249876223111959589.prm
[INFO]:[22:26:17] Starting CPLEX solver on instance: /home/yorig/tuner/mpils-tests/instances/miplib/easy/fastxgemm-n2r6s0t2.mps with config: /scratch/yorig/mpils-results-grid-seconds-5-no-mip-start/easy/16proc/seed-4/2_fastxgemm-n2r6s0t2_seed-4_20260502_222139/iterated_local_search/run_4_worker_12/ils_config_10249876223111959589.prm
[INFO]:[22:26:22] CPLEX results. Gap: 88.260000, upper bound: 230.000000, lower bound: 27.000000
[INFO]:[22:26:22] CPLEX solver finished. Gap: 88.260000
[INFO]:[22:26:22] Starting CPLEX solver on instance: /home/yorig/tuner/mpils-tests/instances/miplib/easy/fastxgemm-n2r6s0t2.mps with config: /scratch/yorig/mpils-results-grid-seconds-5-no-mip-start/easy/16proc/seed-4/2_fastxgemm-n2r6s0t2_seed-4_20260502_222139/iterated_local_search/run_4_worker_12/ils_config_4622393762785753631.prm
[INFO]:[22:26:22] Starting CPLEX solver on instance: /home/yorig/tuner/mpils-tests/instances/miplib/easy/fastxgemm-n2r6s0t2.mps with config: /scratch/yorig/mpils-results-grid-seconds-5-no-mip-start/easy/16proc/seed-4/2_fastxgemm-n2r6s0t2_seed-4_20260502_222139/iterated_local_search/run_4_worker_12/ils_config_4622393762785753631.prm
[INFO]:[22:26:27] CPLEX results. Gap: 88.260000, upper bound: 230.000000, lower bound: 27.000000
[INFO]:[22:26:27] CPLEX solver finished. Gap: 88.260000
[INFO]:[22:26:27] Starting CPLEX solver on instance: /home/yorig/tuner/mpils-tests/instances/miplib/easy/fastxgemm-n2r6s0t2.mps with config: /scratch/yorig/mpils-results-grid-seconds-5-no-mip-start/easy/16proc/seed-4/2_fastxgemm-n2r6s0t2_seed-4_20260502_222139/iterated_local_search/run_4_worker_12/ils_config_6537669217833595389.prm
[INFO]:[22:26:27] Starting CPLEX solver on instance: /home/yorig/tuner/mpils-tests/instances/miplib/easy/fastxgemm-n2r6s0t2.mps with config: /scratch/yorig/mpils-results-grid-seconds-5-no-mip-start/easy/16proc/seed-4/2_fastxgemm-n2r6s0t2_seed-4_20260502_222139/iterated_local_search/run_4_worker_12/ils_config_6537669217833595389.prm
[INFO]:[22:26:32] CPLEX results. Gap: 88.260000, upper bound: 230.000000, lower bound: 27.000000
[INFO]:[22:26:32] CPLEX solver finished. Gap: 88.260000
[INFO]:[22:26:32] Starting CPLEX solver on instance: /home/yorig/tuner/mpils-tests/instances/miplib/easy/fastxgemm-n2r6s0t2.mps with config: /scratch/yorig/mpils-results-grid-seconds-5-no-mip-start/easy/16proc/seed-4/2_fastxgemm-n2r6s0t2_seed-4_20260502_222139/iterated_local_search/run_4_worker_12/ils_config_17419116012552892559.prm
[INFO]:[22:26:32] Starting CPLEX solver on instance: /home/yorig/tuner/mpils-tests/instances/miplib/easy/fastxgemm-n2r6s0t2.mps with config: /scratch/yorig/mpils-results-grid-seconds-5-no-mip-start/easy/16proc/seed-4/2_fastxgemm-n2r6s0t2_seed-4_20260502_222139/iterated_local_search/run_4_worker_12/ils_config_17419116012552892559.prm
[INFO]:[22:26:37] CPLEX results. Gap: 88.260000, upper bound: 230.000000, lower bound: 27.000000
[INFO]:[22:26:37] CPLEX solver finished. Gap: 88.260000
[INFO]:[22:26:37] Starting CPLEX solver on instance: /home/yorig/tuner/mpils-tests/instances/miplib/easy/fastxgemm-n2r6s0t2.mps with config: /scratch/yorig/mpils-results-grid-seconds-5-no-mip-start/easy/16proc/seed-4/2_fastxgemm-n2r6s0t2_seed-4_20260502_222139/iterated_local_search/run_4_worker_12/ils_config_13888690660140607351.prm
[INFO]:[22:26:37] Starting CPLEX solver on instance: /home/yorig/tuner/mpils-tests/instances/miplib/easy/fastxgemm-n2r6s0t2.mps with config: /scratch/yorig/mpils-results-grid-seconds-5-no-mip-start/easy/16proc/seed-4/2_fastxgemm-n2r6s0t2_seed-4_20260502_222139/iterated_local_search/run_4_worker_12/ils_config_13888690660140607351.prm
[INFO]:[22:26:42] CPLEX results. Gap: 88.260000, upper bound: 230.000000, lower bound: 27.000000
[INFO]:[22:26:42] CPLEX solver finished. Gap: 88.260000
[INFO]:[22:26:42] Local search phase completed.
[INFO]:[22:26:42] Total number of new local-search evaluations: 21
[INFO]:[22:26:42] Final incumbent objective value: 88.26
[INFO]:[22:26:42] Worker 12 completed exploration phase.
[INFO]:[22:26:43] Worker 12 received order for step 2.
[INFO]:[22:26:43] Worker 12 running expansion phase for iteration 4.
[INFO]:[22:26:43] Worker 12 will use solver log file: /scratch/yorig/mpils-results-grid-seconds-5-no-mip-start/easy/16proc/seed-4/2_fastxgemm-n2r6s0t2_seed-4_20260502_222139/solver/cplex.log_iteration_expansion_4_worker_12
[INFO]:[22:26:43] Expansion Worker 12 starting expansion for iteration 4.
[INFO]:[22:26:43] Starting CPLEX solver on instance: /home/yorig/tuner/mpils-tests/instances/miplib/easy/fastxgemm-n2r6s0t2.mps with config: /scratch/yorig/mpils-results-grid-seconds-5-no-mip-start/easy/16proc/seed-4/2_fastxgemm-n2r6s0t2_seed-4_20260502_222139/expansion/config_param_CPXPARAM_Emphasis_Numerical_1_iter_4.prm
[INFO]:[22:26:48] CPLEX results. Gap: 93.860000, upper bound: 527.000000, lower bound: 32.333333
[INFO]:[22:26:48] CPLEX solver finished. Gap: 93.860000
[INFO]:[22:26:53] Expansion Worker 12 completed expansion.
[INFO]:[22:26:53] Worker 12 completed expansion phase.
[INFO]:[22:26:53] Worker 12 received order for step 1.
[INFO]:[22:26:53] Worker 12 running exploration phase for iteration 5.
[INFO]:[22:26:53] Worker 12 at iteration 5 will not use a MIP start file. Current best MIP-start upper bound threshold is 230.
[INFO]:[22:26:53] Starting local search phase...
[INFO]:[22:26:53] Creating local search space from parameter space file: /scratch/yorig/mpils-results-grid-seconds-5-no-mip-start/easy/16proc/seed-4/2_fastxgemm-n2r6s0t2_seed-4_20260502_222139/iterated_local_search/search_space/search_space_file_5_worker_12.txt
[INFO]:[22:26:53] Local search space loaded from file: /scratch/yorig/mpils-results-grid-seconds-5-no-mip-start/easy/16proc/seed-4/2_fastxgemm-n2r6s0t2_seed-4_20260502_222139/iterated_local_search/search_space/search_space_file_5_worker_12.txt
[INFO]:[22:26:53] Number of parameters in local search space: 71
[INFO]:[22:26:53] Number of forbidden tuples in local search space: 26
[INFO]:[22:26:53] Number of conditionals in local search space: 6
[INFO]:[22:26:53] MIP start option not enabled. Local search will proceed without MIP start.
[INFO]:[22:26:53] Evaluating initial configuration for local search phase...
[INFO]:[22:26:53] Starting CPLEX solver on instance: /home/yorig/tuner/mpils-tests/instances/miplib/easy/fastxgemm-n2r6s0t2.mps with config: /scratch/yorig/mpils-results-grid-seconds-5-no-mip-start/easy/16proc/seed-4/2_fastxgemm-n2r6s0t2_seed-4_20260502_222139/iterated_local_search/run_5_worker_12/ils_config_2430139631372265633.prm
[INFO]:[22:26:53] Starting CPLEX solver on instance: /home/yorig/tuner/mpils-tests/instances/miplib/easy/fastxgemm-n2r6s0t2.mps with config: /scratch/yorig/mpils-results-grid-seconds-5-no-mip-start/easy/16proc/seed-4/2_fastxgemm-n2r6s0t2_seed-4_20260502_222139/iterated_local_search/run_5_worker_12/ils_config_2430139631372265633.prm
[INFO]:[22:26:58] CPLEX results. Gap: 96.740000, upper bound: 827.000000, lower bound: 27.000000
[INFO]:[22:26:58] CPLEX solver finished. Gap: 96.740000
[INFO]:[22:26:58] Initial configuration evaluated with objective value: 96.74
[INFO]:[22:26:58] Starting CPLEX solver on instance: /home/yorig/tuner/mpils-tests/instances/miplib/easy/fastxgemm-n2r6s0t2.mps with config: /scratch/yorig/mpils-results-grid-seconds-5-no-mip-start/easy/16proc/seed-4/2_fastxgemm-n2r6s0t2_seed-4_20260502_222139/iterated_local_search/run_5_worker_12/ils_config_14990684615962956607.prm
[INFO]:[22:26:58] Starting CPLEX solver on instance: /home/yorig/tuner/mpils-tests/instances/miplib/easy/fastxgemm-n2r6s0t2.mps with config: /scratch/yorig/mpils-results-grid-seconds-5-no-mip-start/easy/16proc/seed-4/2_fastxgemm-n2r6s0t2_seed-4_20260502_222139/iterated_local_search/run_5_worker_12/ils_config_14990684615962956607.prm
[INFO]:[22:27:03] CPLEX results. Gap: 94.880000, upper bound: 527.000000, lower bound: 27.000000
[INFO]:[22:27:03] CPLEX solver finished. Gap: 94.880000
[INFO]:[22:27:03] New incumbent found with objective value: 94.88
[INFO]:[22:27:03] Starting CPLEX solver on instance: /home/yorig/tuner/mpils-tests/instances/miplib/easy/fastxgemm-n2r6s0t2.mps with config: /scratch/yorig/mpils-results-grid-seconds-5-no-mip-start/easy/16proc/seed-4/2_fastxgemm-n2r6s0t2_seed-4_20260502_222139/iterated_local_search/run_5_worker_12/ils_config_7236975535810245063.prm
[INFO]:[22:27:03] Starting CPLEX solver on instance: /home/yorig/tuner/mpils-tests/instances/miplib/easy/fastxgemm-n2r6s0t2.mps with config: /scratch/yorig/mpils-results-grid-seconds-5-no-mip-start/easy/16proc/seed-4/2_fastxgemm-n2r6s0t2_seed-4_20260502_222139/iterated_local_search/run_5_worker_12/ils_config_7236975535810245063.prm
[INFO]:[22:27:08] CPLEX results. Gap: 96.900000, upper bound: 872.000000, lower bound: 27.000000
[INFO]:[22:27:08] CPLEX solver finished. Gap: 96.900000
[INFO]:[22:27:08] Starting CPLEX solver on instance: /home/yorig/tuner/mpils-tests/instances/miplib/easy/fastxgemm-n2r6s0t2.mps with config: /scratch/yorig/mpils-results-grid-seconds-5-no-mip-start/easy/16proc/seed-4/2_fastxgemm-n2r6s0t2_seed-4_20260502_222139/iterated_local_search/run_5_worker_12/ils_config_4171338785972248893.prm
[INFO]:[22:27:08] Starting CPLEX solver on instance: /home/yorig/tuner/mpils-tests/instances/miplib/easy/fastxgemm-n2r6s0t2.mps with config: /scratch/yorig/mpils-results-grid-seconds-5-no-mip-start/easy/16proc/seed-4/2_fastxgemm-n2r6s0t2_seed-4_20260502_222139/iterated_local_search/run_5_worker_12/ils_config_4171338785972248893.prm
[INFO]:[22:27:13] CPLEX results. Gap: 94.880000, upper bound: 527.000000, lower bound: 27.000000
[INFO]:[22:27:13] CPLEX solver finished. Gap: 94.880000
[INFO]:[22:27:13] Starting CPLEX solver on instance: /home/yorig/tuner/mpils-tests/instances/miplib/easy/fastxgemm-n2r6s0t2.mps with config: /scratch/yorig/mpils-results-grid-seconds-5-no-mip-start/easy/16proc/seed-4/2_fastxgemm-n2r6s0t2_seed-4_20260502_222139/iterated_local_search/run_5_worker_12/ils_config_3272706932145786576.prm
[INFO]:[22:27:13] Starting CPLEX solver on instance: /home/yorig/tuner/mpils-tests/instances/miplib/easy/fastxgemm-n2r6s0t2.mps with config: /scratch/yorig/mpils-results-grid-seconds-5-no-mip-start/easy/16proc/seed-4/2_fastxgemm-n2r6s0t2_seed-4_20260502_222139/iterated_local_search/run_5_worker_12/ils_config_3272706932145786576.prm
[INFO]:[22:27:18] CPLEX results. Gap: 94.880000, upper bound: 527.000000, lower bound: 27.000000
[INFO]:[22:27:18] CPLEX solver finished. Gap: 94.880000
[INFO]:[22:27:18] Starting CPLEX solver on instance: /home/yorig/tuner/mpils-tests/instances/miplib/easy/fastxgemm-n2r6s0t2.mps with config: /scratch/yorig/mpils-results-grid-seconds-5-no-mip-start/easy/16proc/seed-4/2_fastxgemm-n2r6s0t2_seed-4_20260502_222139/iterated_local_search/run_5_worker_12/ils_config_15180390806023787531.prm
[INFO]:[22:27:18] Starting CPLEX solver on instance: /home/yorig/tuner/mpils-tests/instances/miplib/easy/fastxgemm-n2r6s0t2.mps with config: /scratch/yorig/mpils-results-grid-seconds-5-no-mip-start/easy/16proc/seed-4/2_fastxgemm-n2r6s0t2_seed-4_20260502_222139/iterated_local_search/run_5_worker_12/ils_config_15180390806023787531.prm
[INFO]:[22:27:23] CPLEX results. Gap: 94.880000, upper bound: 527.000000, lower bound: 27.000000
[INFO]:[22:27:23] CPLEX solver finished. Gap: 94.880000
[INFO]:[22:27:23] Starting CPLEX solver on instance: /home/yorig/tuner/mpils-tests/instances/miplib/easy/fastxgemm-n2r6s0t2.mps with config: /scratch/yorig/mpils-results-grid-seconds-5-no-mip-start/easy/16proc/seed-4/2_fastxgemm-n2r6s0t2_seed-4_20260502_222139/iterated_local_search/run_5_worker_12/ils_config_7631199464445570645.prm
[INFO]:[22:27:23] Starting CPLEX solver on instance: /home/yorig/tuner/mpils-tests/instances/miplib/easy/fastxgemm-n2r6s0t2.mps with config: /scratch/yorig/mpils-results-grid-seconds-5-no-mip-start/easy/16proc/seed-4/2_fastxgemm-n2r6s0t2_seed-4_20260502_222139/iterated_local_search/run_5_worker_12/ils_config_7631199464445570645.prm
[INFO]:[22:27:28] CPLEX results. Gap: 94.880000, upper bound: 527.000000, lower bound: 27.000000
[INFO]:[22:27:28] CPLEX solver finished. Gap: 94.880000
[INFO]:[22:27:28] Starting CPLEX solver on instance: /home/yorig/tuner/mpils-tests/instances/miplib/easy/fastxgemm-n2r6s0t2.mps with config: /scratch/yorig/mpils-results-grid-seconds-5-no-mip-start/easy/16proc/seed-4/2_fastxgemm-n2r6s0t2_seed-4_20260502_222139/iterated_local_search/run_5_worker_12/ils_config_11431413421200449421.prm
[INFO]:[22:27:28] Starting CPLEX solver on instance: /home/yorig/tuner/mpils-tests/instances/miplib/easy/fastxgemm-n2r6s0t2.mps with config: /scratch/yorig/mpils-results-grid-seconds-5-no-mip-start/easy/16proc/seed-4/2_fastxgemm-n2r6s0t2_seed-4_20260502_222139/iterated_local_search/run_5_worker_12/ils_config_11431413421200449421.prm
[INFO]:[22:27:33] CPLEX results. Gap: 94.880000, upper bound: 527.000000, lower bound: 27.000000
[INFO]:[22:27:33] CPLEX solver finished. Gap: 94.880000
[INFO]:[22:27:33] Starting CPLEX solver on instance: /home/yorig/tuner/mpils-tests/instances/miplib/easy/fastxgemm-n2r6s0t2.mps with config: /scratch/yorig/mpils-results-grid-seconds-5-no-mip-start/easy/16proc/seed-4/2_fastxgemm-n2r6s0t2_seed-4_20260502_222139/iterated_local_search/run_5_worker_12/ils_config_11961565758049212850.prm
[INFO]:[22:27:33] Starting CPLEX solver on instance: /home/yorig/tuner/mpils-tests/instances/miplib/easy/fastxgemm-n2r6s0t2.mps with config: /scratch/yorig/mpils-results-grid-seconds-5-no-mip-start/easy/16proc/seed-4/2_fastxgemm-n2r6s0t2_seed-4_20260502_222139/iterated_local_search/run_5_worker_12/ils_config_11961565758049212850.prm
[INFO]:[22:27:38] CPLEX results. Gap: 94.880000, upper bound: 527.000000, lower bound: 27.000000
[INFO]:[22:27:38] CPLEX solver finished. Gap: 94.880000
[INFO]:[22:27:38] Starting CPLEX solver on instance: /home/yorig/tuner/mpils-tests/instances/miplib/easy/fastxgemm-n2r6s0t2.mps with config: /scratch/yorig/mpils-results-grid-seconds-5-no-mip-start/easy/16proc/seed-4/2_fastxgemm-n2r6s0t2_seed-4_20260502_222139/iterated_local_search/run_5_worker_12/ils_config_3488267957418604714.prm
[INFO]:[22:27:38] Starting CPLEX solver on instance: /home/yorig/tuner/mpils-tests/instances/miplib/easy/fastxgemm-n2r6s0t2.mps with config: /scratch/yorig/mpils-results-grid-seconds-5-no-mip-start/easy/16proc/seed-4/2_fastxgemm-n2r6s0t2_seed-4_20260502_222139/iterated_local_search/run_5_worker_12/ils_config_3488267957418604714.prm
[INFO]:[22:27:43] CPLEX results. Gap: 94.880000, upper bound: 527.000000, lower bound: 27.000000
[INFO]:[22:27:43] CPLEX solver finished. Gap: 94.880000
[INFO]:[22:27:43] Starting CPLEX solver on instance: /home/yorig/tuner/mpils-tests/instances/miplib/easy/fastxgemm-n2r6s0t2.mps with config: /scratch/yorig/mpils-results-grid-seconds-5-no-mip-start/easy/16proc/seed-4/2_fastxgemm-n2r6s0t2_seed-4_20260502_222139/iterated_local_search/run_5_worker_12/ils_config_13883978179324597754.prm
[INFO]:[22:27:43] Starting CPLEX solver on instance: /home/yorig/tuner/mpils-tests/instances/miplib/easy/fastxgemm-n2r6s0t2.mps with config: /scratch/yorig/mpils-results-grid-seconds-5-no-mip-start/easy/16proc/seed-4/2_fastxgemm-n2r6s0t2_seed-4_20260502_222139/iterated_local_search/run_5_worker_12/ils_config_13883978179324597754.prm
[INFO]:[22:27:48] CPLEX results. Gap: 94.880000, upper bound: 527.000000, lower bound: 27.000000
[INFO]:[22:27:48] CPLEX solver finished. Gap: 94.880000
[INFO]:[22:27:48] Starting CPLEX solver on instance: /home/yorig/tuner/mpils-tests/instances/miplib/easy/fastxgemm-n2r6s0t2.mps with config: /scratch/yorig/mpils-results-grid-seconds-5-no-mip-start/easy/16proc/seed-4/2_fastxgemm-n2r6s0t2_seed-4_20260502_222139/iterated_local_search/run_5_worker_12/ils_config_2282324964934942456.prm
[INFO]:[22:27:48] Starting CPLEX solver on instance: /home/yorig/tuner/mpils-tests/instances/miplib/easy/fastxgemm-n2r6s0t2.mps with config: /scratch/yorig/mpils-results-grid-seconds-5-no-mip-start/easy/16proc/seed-4/2_fastxgemm-n2r6s0t2_seed-4_20260502_222139/iterated_local_search/run_5_worker_12/ils_config_2282324964934942456.prm
[INFO]:[22:27:53] CPLEX results. Gap: 94.880000, upper bound: 527.000000, lower bound: 27.000000
[INFO]:[22:27:53] CPLEX solver finished. Gap: 94.880000
[INFO]:[22:27:53] Starting CPLEX solver on instance: /home/yorig/tuner/mpils-tests/instances/miplib/easy/fastxgemm-n2r6s0t2.mps with config: /scratch/yorig/mpils-results-grid-seconds-5-no-mip-start/easy/16proc/seed-4/2_fastxgemm-n2r6s0t2_seed-4_20260502_222139/iterated_local_search/run_5_worker_12/ils_config_24910957715931617.prm
[INFO]:[22:27:53] Starting CPLEX solver on instance: /home/yorig/tuner/mpils-tests/instances/miplib/easy/fastxgemm-n2r6s0t2.mps with config: /scratch/yorig/mpils-results-grid-seconds-5-no-mip-start/easy/16proc/seed-4/2_fastxgemm-n2r6s0t2_seed-4_20260502_222139/iterated_local_search/run_5_worker_12/ils_config_24910957715931617.prm
[INFO]:[22:27:58] CPLEX results. Gap: 94.880000, upper bound: 527.000000, lower bound: 27.000000
[INFO]:[22:27:58] CPLEX solver finished. Gap: 94.880000
[INFO]:[22:27:58] Starting CPLEX solver on instance: /home/yorig/tuner/mpils-tests/instances/miplib/easy/fastxgemm-n2r6s0t2.mps with config: /scratch/yorig/mpils-results-grid-seconds-5-no-mip-start/easy/16proc/seed-4/2_fastxgemm-n2r6s0t2_seed-4_20260502_222139/iterated_local_search/run_5_worker_12/ils_config_5297090599206482372.prm
[INFO]:[22:27:58] Starting CPLEX solver on instance: /home/yorig/tuner/mpils-tests/instances/miplib/easy/fastxgemm-n2r6s0t2.mps with config: /scratch/yorig/mpils-results-grid-seconds-5-no-mip-start/easy/16proc/seed-4/2_fastxgemm-n2r6s0t2_seed-4_20260502_222139/iterated_local_search/run_5_worker_12/ils_config_5297090599206482372.prm
[INFO]:[22:28:03] CPLEX results. Gap: 94.880000, upper bound: 527.000000, lower bound: 27.000000
[INFO]:[22:28:03] CPLEX solver finished. Gap: 94.880000
[INFO]:[22:28:03] Starting CPLEX solver on instance: /home/yorig/tuner/mpils-tests/instances/miplib/easy/fastxgemm-n2r6s0t2.mps with config: /scratch/yorig/mpils-results-grid-seconds-5-no-mip-start/easy/16proc/seed-4/2_fastxgemm-n2r6s0t2_seed-4_20260502_222139/iterated_local_search/run_5_worker_12/ils_config_5884510606134516092.prm
[INFO]:[22:28:03] Starting CPLEX solver on instance: /home/yorig/tuner/mpils-tests/instances/miplib/easy/fastxgemm-n2r6s0t2.mps with config: /scratch/yorig/mpils-results-grid-seconds-5-no-mip-start/easy/16proc/seed-4/2_fastxgemm-n2r6s0t2_seed-4_20260502_222139/iterated_local_search/run_5_worker_12/ils_config_5884510606134516092.prm
[INFO]:[22:28:08] CPLEX results. Gap: 94.880000, upper bound: 527.000000, lower bound: 27.000000
[INFO]:[22:28:08] CPLEX solver finished. Gap: 94.880000
[INFO]:[22:28:08] Starting CPLEX solver on instance: /home/yorig/tuner/mpils-tests/instances/miplib/easy/fastxgemm-n2r6s0t2.mps with config: /scratch/yorig/mpils-results-grid-seconds-5-no-mip-start/easy/16proc/seed-4/2_fastxgemm-n2r6s0t2_seed-4_20260502_222139/iterated_local_search/run_5_worker_12/ils_config_44692074424920986.prm
[INFO]:[22:28:08] Starting CPLEX solver on instance: /home/yorig/tuner/mpils-tests/instances/miplib/easy/fastxgemm-n2r6s0t2.mps with config: /scratch/yorig/mpils-results-grid-seconds-5-no-mip-start/easy/16proc/seed-4/2_fastxgemm-n2r6s0t2_seed-4_20260502_222139/iterated_local_search/run_5_worker_12/ils_config_44692074424920986.prm
[INFO]:[22:28:13] CPLEX results. Gap: 94.880000, upper bound: 527.000000, lower bound: 27.000000
[INFO]:[22:28:13] CPLEX solver finished. Gap: 94.880000
[INFO]:[22:28:13] Starting CPLEX solver on instance: /home/yorig/tuner/mpils-tests/instances/miplib/easy/fastxgemm-n2r6s0t2.mps with config: /scratch/yorig/mpils-results-grid-seconds-5-no-mip-start/easy/16proc/seed-4/2_fastxgemm-n2r6s0t2_seed-4_20260502_222139/iterated_local_search/run_5_worker_12/ils_config_8975090675464992433.prm
[INFO]:[22:28:13] Starting CPLEX solver on instance: /home/yorig/tuner/mpils-tests/instances/miplib/easy/fastxgemm-n2r6s0t2.mps with config: /scratch/yorig/mpils-results-grid-seconds-5-no-mip-start/easy/16proc/seed-4/2_fastxgemm-n2r6s0t2_seed-4_20260502_222139/iterated_local_search/run_5_worker_12/ils_config_8975090675464992433.prm
[INFO]:[22:28:18] CPLEX results. Gap: 96.740000, upper bound: 827.000000, lower bound: 27.000000
[INFO]:[22:28:18] CPLEX solver finished. Gap: 96.740000
[INFO]:[22:28:18] Starting CPLEX solver on instance: /home/yorig/tuner/mpils-tests/instances/miplib/easy/fastxgemm-n2r6s0t2.mps with config: /scratch/yorig/mpils-results-grid-seconds-5-no-mip-start/easy/16proc/seed-4/2_fastxgemm-n2r6s0t2_seed-4_20260502_222139/iterated_local_search/run_5_worker_12/ils_config_12154125957118612390.prm
[INFO]:[22:28:18] Starting CPLEX solver on instance: /home/yorig/tuner/mpils-tests/instances/miplib/easy/fastxgemm-n2r6s0t2.mps with config: /scratch/yorig/mpils-results-grid-seconds-5-no-mip-start/easy/16proc/seed-4/2_fastxgemm-n2r6s0t2_seed-4_20260502_222139/iterated_local_search/run_5_worker_12/ils_config_12154125957118612390.prm
[INFO]:[22:28:23] CPLEX results. Gap: 94.880000, upper bound: 527.000000, lower bound: 27.000000
[INFO]:[22:28:23] CPLEX solver finished. Gap: 94.880000
[INFO]:[22:28:23] Starting CPLEX solver on instance: /home/yorig/tuner/mpils-tests/instances/miplib/easy/fastxgemm-n2r6s0t2.mps with config: /scratch/yorig/mpils-results-grid-seconds-5-no-mip-start/easy/16proc/seed-4/2_fastxgemm-n2r6s0t2_seed-4_20260502_222139/iterated_local_search/run_5_worker_12/ils_config_13989598433372114448.prm
[INFO]:[22:28:23] Starting CPLEX solver on instance: /home/yorig/tuner/mpils-tests/instances/miplib/easy/fastxgemm-n2r6s0t2.mps with config: /scratch/yorig/mpils-results-grid-seconds-5-no-mip-start/easy/16proc/seed-4/2_fastxgemm-n2r6s0t2_seed-4_20260502_222139/iterated_local_search/run_5_worker_12/ils_config_13989598433372114448.prm
[INFO]:[22:28:28] CPLEX results. Gap: 94.880000, upper bound: 527.000000, lower bound: 27.000000
[INFO]:[22:28:28] CPLEX solver finished. Gap: 94.880000
[INFO]:[22:28:28] Starting CPLEX solver on instance: /home/yorig/tuner/mpils-tests/instances/miplib/easy/fastxgemm-n2r6s0t2.mps with config: /scratch/yorig/mpils-results-grid-seconds-5-no-mip-start/easy/16proc/seed-4/2_fastxgemm-n2r6s0t2_seed-4_20260502_222139/iterated_local_search/run_5_worker_12/ils_config_5414381943052930563.prm
[INFO]:[22:28:28] Starting CPLEX solver on instance: /home/yorig/tuner/mpils-tests/instances/miplib/easy/fastxgemm-n2r6s0t2.mps with config: /scratch/yorig/mpils-results-grid-seconds-5-no-mip-start/easy/16proc/seed-4/2_fastxgemm-n2r6s0t2_seed-4_20260502_222139/iterated_local_search/run_5_worker_12/ils_config_5414381943052930563.prm
[INFO]:[22:28:33] CPLEX results. Gap: 94.880000, upper bound: 527.000000, lower bound: 27.000000
[INFO]:[22:28:33] CPLEX solver finished. Gap: 94.880000
[INFO]:[22:28:33] Starting CPLEX solver on instance: /home/yorig/tuner/mpils-tests/instances/miplib/easy/fastxgemm-n2r6s0t2.mps with config: /scratch/yorig/mpils-results-grid-seconds-5-no-mip-start/easy/16proc/seed-4/2_fastxgemm-n2r6s0t2_seed-4_20260502_222139/iterated_local_search/run_5_worker_12/ils_config_5336710238588015368.prm
[INFO]:[22:28:33] Starting CPLEX solver on instance: /home/yorig/tuner/mpils-tests/instances/miplib/easy/fastxgemm-n2r6s0t2.mps with config: /scratch/yorig/mpils-results-grid-seconds-5-no-mip-start/easy/16proc/seed-4/2_fastxgemm-n2r6s0t2_seed-4_20260502_222139/iterated_local_search/run_5_worker_12/ils_config_5336710238588015368.prm
[INFO]:[22:28:38] CPLEX results. Gap: 94.880000, upper bound: 527.000000, lower bound: 27.000000
[INFO]:[22:28:38] CPLEX solver finished. Gap: 94.880000
[INFO]:[22:28:38] Starting CPLEX solver on instance: /home/yorig/tuner/mpils-tests/instances/miplib/easy/fastxgemm-n2r6s0t2.mps with config: /scratch/yorig/mpils-results-grid-seconds-5-no-mip-start/easy/16proc/seed-4/2_fastxgemm-n2r6s0t2_seed-4_20260502_222139/iterated_local_search/run_5_worker_12/ils_config_7712045672083453753.prm
[INFO]:[22:28:38] Starting CPLEX solver on instance: /home/yorig/tuner/mpils-tests/instances/miplib/easy/fastxgemm-n2r6s0t2.mps with config: /scratch/yorig/mpils-results-grid-seconds-5-no-mip-start/easy/16proc/seed-4/2_fastxgemm-n2r6s0t2_seed-4_20260502_222139/iterated_local_search/run_5_worker_12/ils_config_7712045672083453753.prm
[INFO]:[22:28:43] CPLEX results. Gap: 94.880000, upper bound: 527.000000, lower bound: 27.000000
[INFO]:[22:28:43] CPLEX solver finished. Gap: 94.880000
[INFO]:[22:28:43] Starting CPLEX solver on instance: /home/yorig/tuner/mpils-tests/instances/miplib/easy/fastxgemm-n2r6s0t2.mps with config: /scratch/yorig/mpils-results-grid-seconds-5-no-mip-start/easy/16proc/seed-4/2_fastxgemm-n2r6s0t2_seed-4_20260502_222139/iterated_local_search/run_5_worker_12/ils_config_17440484721475577370.prm
[INFO]:[22:28:43] Starting CPLEX solver on instance: /home/yorig/tuner/mpils-tests/instances/miplib/easy/fastxgemm-n2r6s0t2.mps with config: /scratch/yorig/mpils-results-grid-seconds-5-no-mip-start/easy/16proc/seed-4/2_fastxgemm-n2r6s0t2_seed-4_20260502_222139/iterated_local_search/run_5_worker_12/ils_config_17440484721475577370.prm
[INFO]:[22:28:48] CPLEX results. Gap: 94.880000, upper bound: 527.000000, lower bound: 27.000000
[INFO]:[22:28:48] CPLEX solver finished. Gap: 94.880000
[INFO]:[22:28:48] Starting CPLEX solver on instance: /home/yorig/tuner/mpils-tests/instances/miplib/easy/fastxgemm-n2r6s0t2.mps with config: /scratch/yorig/mpils-results-grid-seconds-5-no-mip-start/easy/16proc/seed-4/2_fastxgemm-n2r6s0t2_seed-4_20260502_222139/iterated_local_search/run_5_worker_12/ils_config_8818359919980730066.prm
[INFO]:[22:28:48] Starting CPLEX solver on instance: /home/yorig/tuner/mpils-tests/instances/miplib/easy/fastxgemm-n2r6s0t2.mps with config: /scratch/yorig/mpils-results-grid-seconds-5-no-mip-start/easy/16proc/seed-4/2_fastxgemm-n2r6s0t2_seed-4_20260502_222139/iterated_local_search/run_5_worker_12/ils_config_8818359919980730066.prm
[INFO]:[22:28:53] CPLEX results. Gap: 94.880000, upper bound: 527.000000, lower bound: 27.000000
[INFO]:[22:28:53] CPLEX solver finished. Gap: 94.880000
[INFO]:[22:28:53] Starting CPLEX solver on instance: /home/yorig/tuner/mpils-tests/instances/miplib/easy/fastxgemm-n2r6s0t2.mps with config: /scratch/yorig/mpils-results-grid-seconds-5-no-mip-start/easy/16proc/seed-4/2_fastxgemm-n2r6s0t2_seed-4_20260502_222139/iterated_local_search/run_5_worker_12/ils_config_4670486489443316872.prm
[INFO]:[22:28:53] Starting CPLEX solver on instance: /home/yorig/tuner/mpils-tests/instances/miplib/easy/fastxgemm-n2r6s0t2.mps with config: /scratch/yorig/mpils-results-grid-seconds-5-no-mip-start/easy/16proc/seed-4/2_fastxgemm-n2r6s0t2_seed-4_20260502_222139/iterated_local_search/run_5_worker_12/ils_config_4670486489443316872.prm
[INFO]:[22:28:58] CPLEX results. Gap: 94.880000, upper bound: 527.000000, lower bound: 27.000000
[INFO]:[22:28:58] CPLEX solver finished. Gap: 94.880000
[INFO]:[22:28:58] Starting CPLEX solver on instance: /home/yorig/tuner/mpils-tests/instances/miplib/easy/fastxgemm-n2r6s0t2.mps with config: /scratch/yorig/mpils-results-grid-seconds-5-no-mip-start/easy/16proc/seed-4/2_fastxgemm-n2r6s0t2_seed-4_20260502_222139/iterated_local_search/run_5_worker_12/ils_config_16156211330847673326.prm
[INFO]:[22:28:58] Starting CPLEX solver on instance: /home/yorig/tuner/mpils-tests/instances/miplib/easy/fastxgemm-n2r6s0t2.mps with config: /scratch/yorig/mpils-results-grid-seconds-5-no-mip-start/easy/16proc/seed-4/2_fastxgemm-n2r6s0t2_seed-4_20260502_222139/iterated_local_search/run_5_worker_12/ils_config_16156211330847673326.prm
[INFO]:[22:29:03] CPLEX results. Gap: 94.880000, upper bound: 527.000000, lower bound: 27.000000
[INFO]:[22:29:03] CPLEX solver finished. Gap: 94.880000
[INFO]:[22:29:03] Starting CPLEX solver on instance: /home/yorig/tuner/mpils-tests/instances/miplib/easy/fastxgemm-n2r6s0t2.mps with config: /scratch/yorig/mpils-results-grid-seconds-5-no-mip-start/easy/16proc/seed-4/2_fastxgemm-n2r6s0t2_seed-4_20260502_222139/iterated_local_search/run_5_worker_12/ils_config_13509031338744658145.prm
[INFO]:[22:29:03] Starting CPLEX solver on instance: /home/yorig/tuner/mpils-tests/instances/miplib/easy/fastxgemm-n2r6s0t2.mps with config: /scratch/yorig/mpils-results-grid-seconds-5-no-mip-start/easy/16proc/seed-4/2_fastxgemm-n2r6s0t2_seed-4_20260502_222139/iterated_local_search/run_5_worker_12/ils_config_13509031338744658145.prm
[INFO]:[22:29:08] CPLEX results. Gap: 94.880000, upper bound: 527.000000, lower bound: 27.000000
[INFO]:[22:29:08] CPLEX solver finished. Gap: 94.880000
[INFO]:[22:29:08] Local search phase completed.
[INFO]:[22:29:08] Total number of new local-search evaluations: 27
[INFO]:[22:29:08] Final incumbent objective value: 94.88
[INFO]:[22:29:09] Worker 12 completed exploration phase.
[INFO]:[22:29:09] Worker 12 received order for step 2.
[INFO]:[22:29:09] Worker 12 running expansion phase for iteration 5.
[INFO]:[22:29:09] Worker 12 will use solver log file: /scratch/yorig/mpils-results-grid-seconds-5-no-mip-start/easy/16proc/seed-4/2_fastxgemm-n2r6s0t2_seed-4_20260502_222139/solver/cplex.log_iteration_expansion_5_worker_12
[INFO]:[22:29:09] Expansion Worker 12 starting expansion for iteration 5.
[INFO]:[22:29:09] Starting CPLEX solver on instance: /home/yorig/tuner/mpils-tests/instances/miplib/easy/fastxgemm-n2r6s0t2.mps with config: /scratch/yorig/mpils-results-grid-seconds-5-no-mip-start/easy/16proc/seed-4/2_fastxgemm-n2r6s0t2_seed-4_20260502_222139/expansion/config_param_CPXPARAM_Barrier_Algorithm_2_iter_5.prm
[INFO]:[22:29:14] CPLEX results. Gap: 64.360000, upper bound: 230.000000, lower bound: 81.965517
[INFO]:[22:29:14] CPLEX solver finished. Gap: 64.360000
[INFO]:[22:29:14] Expansion Worker 12 found an improving configuration with objective value 64.36.
[INFO]:[22:29:14] Expansion Worker 12 stopping early after global MPI expansion stop was activated.
[INFO]:[22:29:14] Expansion Worker 12 completed expansion.
[INFO]:[22:29:14] Worker 12 completed expansion phase.
[INFO]:[22:29:15] Worker 12 received order for step 1.
[INFO]:[22:29:15] Worker 12 running exploration phase for iteration 6.
[INFO]:[22:29:15] Worker 12 at iteration 6 will not use a MIP start file. Current best MIP-start upper bound threshold is 230.
[INFO]:[22:29:15] Starting local search phase...
[INFO]:[22:29:15] Creating local search space from parameter space file: /scratch/yorig/mpils-results-grid-seconds-5-no-mip-start/easy/16proc/seed-4/2_fastxgemm-n2r6s0t2_seed-4_20260502_222139/iterated_local_search/search_space/search_space_file_6_worker_12.txt
[INFO]:[22:29:15] Local search space loaded from file: /scratch/yorig/mpils-results-grid-seconds-5-no-mip-start/easy/16proc/seed-4/2_fastxgemm-n2r6s0t2_seed-4_20260502_222139/iterated_local_search/search_space/search_space_file_6_worker_12.txt
[INFO]:[22:29:15] Number of parameters in local search space: 71
[INFO]:[22:29:15] Number of forbidden tuples in local search space: 26
[INFO]:[22:29:15] Number of conditionals in local search space: 6
[INFO]:[22:29:15] MIP start option not enabled. Local search will proceed without MIP start.
[INFO]:[22:29:15] Evaluating initial configuration for local search phase...
[INFO]:[22:29:15] Starting CPLEX solver on instance: /home/yorig/tuner/mpils-tests/instances/miplib/easy/fastxgemm-n2r6s0t2.mps with config: /scratch/yorig/mpils-results-grid-seconds-5-no-mip-start/easy/16proc/seed-4/2_fastxgemm-n2r6s0t2_seed-4_20260502_222139/iterated_local_search/run_6_worker_12/ils_config_15108807312204505911.prm
[INFO]:[22:29:15] Starting CPLEX solver on instance: /home/yorig/tuner/mpils-tests/instances/miplib/easy/fastxgemm-n2r6s0t2.mps with config: /scratch/yorig/mpils-results-grid-seconds-5-no-mip-start/easy/16proc/seed-4/2_fastxgemm-n2r6s0t2_seed-4_20260502_222139/iterated_local_search/run_6_worker_12/ils_config_15108807312204505911.prm
[INFO]:[22:29:20] CPLEX results. Gap: 94.880000, upper bound: 527.000000, lower bound: 27.000000
[INFO]:[22:29:20] CPLEX solver finished. Gap: 94.880000
[INFO]:[22:29:20] Initial configuration evaluated with objective value: 94.88
[INFO]:[22:29:20] Starting CPLEX solver on instance: /home/yorig/tuner/mpils-tests/instances/miplib/easy/fastxgemm-n2r6s0t2.mps with config: /scratch/yorig/mpils-results-grid-seconds-5-no-mip-start/easy/16proc/seed-4/2_fastxgemm-n2r6s0t2_seed-4_20260502_222139/iterated_local_search/run_6_worker_12/ils_config_9733332666261447995.prm
[INFO]:[22:29:20] Starting CPLEX solver on instance: /home/yorig/tuner/mpils-tests/instances/miplib/easy/fastxgemm-n2r6s0t2.mps with config: /scratch/yorig/mpils-results-grid-seconds-5-no-mip-start/easy/16proc/seed-4/2_fastxgemm-n2r6s0t2_seed-4_20260502_222139/iterated_local_search/run_6_worker_12/ils_config_9733332666261447995.prm
[INFO]:[22:29:25] CPLEX results. Gap: 94.880000, upper bound: 527.000000, lower bound: 27.000000
[INFO]:[22:29:25] CPLEX solver finished. Gap: 94.880000
[INFO]:[22:29:25] Starting CPLEX solver on instance: /home/yorig/tuner/mpils-tests/instances/miplib/easy/fastxgemm-n2r6s0t2.mps with config: /scratch/yorig/mpils-results-grid-seconds-5-no-mip-start/easy/16proc/seed-4/2_fastxgemm-n2r6s0t2_seed-4_20260502_222139/iterated_local_search/run_6_worker_12/ils_config_16552331138594693345.prm
[INFO]:[22:29:25] Starting CPLEX solver on instance: /home/yorig/tuner/mpils-tests/instances/miplib/easy/fastxgemm-n2r6s0t2.mps with config: /scratch/yorig/mpils-results-grid-seconds-5-no-mip-start/easy/16proc/seed-4/2_fastxgemm-n2r6s0t2_seed-4_20260502_222139/iterated_local_search/run_6_worker_12/ils_config_16552331138594693345.prm
[INFO]:[22:29:30] CPLEX results. Gap: 94.880000, upper bound: 527.000000, lower bound: 27.000000
[INFO]:[22:29:30] CPLEX solver finished. Gap: 94.880000
[INFO]:[22:29:30] Starting CPLEX solver on instance: /home/yorig/tuner/mpils-tests/instances/miplib/easy/fastxgemm-n2r6s0t2.mps with config: /scratch/yorig/mpils-results-grid-seconds-5-no-mip-start/easy/16proc/seed-4/2_fastxgemm-n2r6s0t2_seed-4_20260502_222139/iterated_local_search/run_6_worker_12/ils_config_8011175358271266197.prm
[INFO]:[22:29:30] Starting CPLEX solver on instance: /home/yorig/tuner/mpils-tests/instances/miplib/easy/fastxgemm-n2r6s0t2.mps with config: /scratch/yorig/mpils-results-grid-seconds-5-no-mip-start/easy/16proc/seed-4/2_fastxgemm-n2r6s0t2_seed-4_20260502_222139/iterated_local_search/run_6_worker_12/ils_config_8011175358271266197.prm
[INFO]:[22:29:35] CPLEX results. Gap: 96.740000, upper bound: 827.000000, lower bound: 27.000000
[INFO]:[22:29:35] CPLEX solver finished. Gap: 96.740000
[INFO]:[22:29:35] Starting CPLEX solver on instance: /home/yorig/tuner/mpils-tests/instances/miplib/easy/fastxgemm-n2r6s0t2.mps with config: /scratch/yorig/mpils-results-grid-seconds-5-no-mip-start/easy/16proc/seed-4/2_fastxgemm-n2r6s0t2_seed-4_20260502_222139/iterated_local_search/run_6_worker_12/ils_config_6270997657423116884.prm
[INFO]:[22:29:35] Starting CPLEX solver on instance: /home/yorig/tuner/mpils-tests/instances/miplib/easy/fastxgemm-n2r6s0t2.mps with config: /scratch/yorig/mpils-results-grid-seconds-5-no-mip-start/easy/16proc/seed-4/2_fastxgemm-n2r6s0t2_seed-4_20260502_222139/iterated_local_search/run_6_worker_12/ils_config_6270997657423116884.prm
[INFO]:[22:29:40] CPLEX results. Gap: 94.880000, upper bound: 527.000000, lower bound: 27.000000
[INFO]:[22:29:40] CPLEX solver finished. Gap: 94.880000
[INFO]:[22:29:40] Starting CPLEX solver on instance: /home/yorig/tuner/mpils-tests/instances/miplib/easy/fastxgemm-n2r6s0t2.mps with config: /scratch/yorig/mpils-results-grid-seconds-5-no-mip-start/easy/16proc/seed-4/2_fastxgemm-n2r6s0t2_seed-4_20260502_222139/iterated_local_search/run_6_worker_12/ils_config_8010665602782689249.prm
[INFO]:[22:29:40] Starting CPLEX solver on instance: /home/yorig/tuner/mpils-tests/instances/miplib/easy/fastxgemm-n2r6s0t2.mps with config: /scratch/yorig/mpils-results-grid-seconds-5-no-mip-start/easy/16proc/seed-4/2_fastxgemm-n2r6s0t2_seed-4_20260502_222139/iterated_local_search/run_6_worker_12/ils_config_8010665602782689249.prm
[INFO]:[22:29:45] CPLEX results. Gap: 94.880000, upper bound: 527.000000, lower bound: 27.000000
[INFO]:[22:29:45] CPLEX solver finished. Gap: 94.880000
[INFO]:[22:29:45] Starting CPLEX solver on instance: /home/yorig/tuner/mpils-tests/instances/miplib/easy/fastxgemm-n2r6s0t2.mps with config: /scratch/yorig/mpils-results-grid-seconds-5-no-mip-start/easy/16proc/seed-4/2_fastxgemm-n2r6s0t2_seed-4_20260502_222139/iterated_local_search/run_6_worker_12/ils_config_808847890352041366.prm
[INFO]:[22:29:45] Starting CPLEX solver on instance: /home/yorig/tuner/mpils-tests/instances/miplib/easy/fastxgemm-n2r6s0t2.mps with config: /scratch/yorig/mpils-results-grid-seconds-5-no-mip-start/easy/16proc/seed-4/2_fastxgemm-n2r6s0t2_seed-4_20260502_222139/iterated_local_search/run_6_worker_12/ils_config_808847890352041366.prm
[INFO]:[22:29:50] CPLEX results. Gap: 94.880000, upper bound: 527.000000, lower bound: 27.000000
[INFO]:[22:29:50] CPLEX solver finished. Gap: 94.880000
[INFO]:[22:29:50] Starting CPLEX solver on instance: /home/yorig/tuner/mpils-tests/instances/miplib/easy/fastxgemm-n2r6s0t2.mps with config: /scratch/yorig/mpils-results-grid-seconds-5-no-mip-start/easy/16proc/seed-4/2_fastxgemm-n2r6s0t2_seed-4_20260502_222139/iterated_local_search/run_6_worker_12/ils_config_3730719475526461855.prm
[INFO]:[22:29:50] Starting CPLEX solver on instance: /home/yorig/tuner/mpils-tests/instances/miplib/easy/fastxgemm-n2r6s0t2.mps with config: /scratch/yorig/mpils-results-grid-seconds-5-no-mip-start/easy/16proc/seed-4/2_fastxgemm-n2r6s0t2_seed-4_20260502_222139/iterated_local_search/run_6_worker_12/ils_config_3730719475526461855.prm
[INFO]:[22:29:55] CPLEX results. Gap: 94.880000, upper bound: 527.000000, lower bound: 27.000000
[INFO]:[22:29:55] CPLEX solver finished. Gap: 94.880000
[INFO]:[22:29:55] Starting CPLEX solver on instance: /home/yorig/tuner/mpils-tests/instances/miplib/easy/fastxgemm-n2r6s0t2.mps with config: /scratch/yorig/mpils-results-grid-seconds-5-no-mip-start/easy/16proc/seed-4/2_fastxgemm-n2r6s0t2_seed-4_20260502_222139/iterated_local_search/run_6_worker_12/ils_config_11199271072168064383.prm
[INFO]:[22:29:55] Starting CPLEX solver on instance: /home/yorig/tuner/mpils-tests/instances/miplib/easy/fastxgemm-n2r6s0t2.mps with config: /scratch/yorig/mpils-results-grid-seconds-5-no-mip-start/easy/16proc/seed-4/2_fastxgemm-n2r6s0t2_seed-4_20260502_222139/iterated_local_search/run_6_worker_12/ils_config_11199271072168064383.prm
[INFO]:[22:30:00] CPLEX results. Gap: 94.880000, upper bound: 527.000000, lower bound: 27.000000
[INFO]:[22:30:00] CPLEX solver finished. Gap: 94.880000
[INFO]:[22:30:00] Received global ILS stop signal from rank 5.
[INFO]:[22:30:00] Local search phase completed.
[INFO]:[22:30:00] Total number of new local-search evaluations: 9
[INFO]:[22:30:00] Final incumbent objective value: 94.88
[INFO]:[22:30:00] Worker 12 completed exploration phase.
[INFO]:[22:30:00] Worker 12 received order for step 3.
[INFO]:[22:30:00] Worker 12 finished.
