[INFO]:[00:31:14] Worker 1 starting.
[INFO]:[00:31:14] Worker 1 received order for step 1.
[INFO]:[00:31:14] Worker 1 running exploration phase for iteration 1.
[INFO]:[00:31:14] Current MIP start info file not found: /scratch/yorig/mpils-results-grid-seconds-5/easy/8proc/seed-2/9_supportcase18_seed-2_20260503_003112/iterated_local_search/mip_start/current_mip_start_1.txt
[INFO]:[00:31:14] Worker 1 at iteration 1 will not use a MIP start file. Current best MIP-start upper bound threshold is 1.79769e+308.
[INFO]:[00:31:14] Starting local search phase...
[INFO]:[00:31:14] Creating local search space from parameter space file: /scratch/yorig/mpils-results-grid-seconds-5/easy/8proc/seed-2/9_supportcase18_seed-2_20260503_003112/iterated_local_search/search_space/search_space_file_1_worker_1.txt
[INFO]:[00:31:14] Local search space loaded from file: /scratch/yorig/mpils-results-grid-seconds-5/easy/8proc/seed-2/9_supportcase18_seed-2_20260503_003112/iterated_local_search/search_space/search_space_file_1_worker_1.txt
[INFO]:[00:31:14] Number of parameters in local search space: 71
[INFO]:[00:31:14] Number of forbidden tuples in local search space: 0
[INFO]:[00:31:14] Number of conditionals in local search space: 6
[INFO]:[00:31:14] MIP start option not enabled. Local search will proceed without MIP start.
[INFO]:[00:31:14] Evaluating initial configuration for local search phase...
[INFO]:[00:31:14] Starting CPLEX solver on instance: /home/yorig/tuner/mpils-tests/instances/miplib/easy/supportcase18.mps with config: /scratch/yorig/mpils-results-grid-seconds-5/easy/8proc/seed-2/9_supportcase18_seed-2_20260503_003112/iterated_local_search/run_1_worker_1/ils_config_9686720361045965965.prm
[INFO]:[00:31:14] Starting CPLEX solver on instance: /home/yorig/tuner/mpils-tests/instances/miplib/easy/supportcase18.mps with config: /scratch/yorig/mpils-results-grid-seconds-5/easy/8proc/seed-2/9_supportcase18_seed-2_20260503_003112/iterated_local_search/run_1_worker_1/ils_config_9686720361045965965.prm
[INFO]:[00:31:19] CPLEX results. Gap: 3.700000, upper bound: 49.000000, lower bound: 47.186667
[INFO]:[00:31:19] Writing MIP start file: /scratch/yorig/mpils-results-grid-seconds-5/easy/8proc/seed-2/9_supportcase18_seed-2_20260503_003112/iterated_local_search/run_1_worker_1/mip_starts/mip_start_eval_1_config_9686720361045965965.mst
[INFO]:[00:31:19] CPLEX solver finished. Gap: 3.700000
[INFO]:[00:31:19] Initial configuration evaluated with objective value: 3.7
[INFO]:[00:31:19] Starting CPLEX solver on instance: /home/yorig/tuner/mpils-tests/instances/miplib/easy/supportcase18.mps with config: /scratch/yorig/mpils-results-grid-seconds-5/easy/8proc/seed-2/9_supportcase18_seed-2_20260503_003112/iterated_local_search/run_1_worker_1/ils_config_14977320980139403669.prm
[INFO]:[00:31:19] Starting CPLEX solver on instance: /home/yorig/tuner/mpils-tests/instances/miplib/easy/supportcase18.mps with config: /scratch/yorig/mpils-results-grid-seconds-5/easy/8proc/seed-2/9_supportcase18_seed-2_20260503_003112/iterated_local_search/run_1_worker_1/ils_config_14977320980139403669.prm
[INFO]:[00:31:24] CPLEX results. Gap: 3.700000, upper bound: 49.000000, lower bound: 47.186667
[INFO]:[00:31:24] CPLEX solver finished. Gap: 3.700000
[INFO]:[00:31:24] Starting CPLEX solver on instance: /home/yorig/tuner/mpils-tests/instances/miplib/easy/supportcase18.mps with config: /scratch/yorig/mpils-results-grid-seconds-5/easy/8proc/seed-2/9_supportcase18_seed-2_20260503_003112/iterated_local_search/run_1_worker_1/ils_config_1871591627137445803.prm
[INFO]:[00:31:24] Starting CPLEX solver on instance: /home/yorig/tuner/mpils-tests/instances/miplib/easy/supportcase18.mps with config: /scratch/yorig/mpils-results-grid-seconds-5/easy/8proc/seed-2/9_supportcase18_seed-2_20260503_003112/iterated_local_search/run_1_worker_1/ils_config_1871591627137445803.prm
[INFO]:[00:31:29] CPLEX results. Gap: 3.700000, upper bound: 49.000000, lower bound: 47.186667
[INFO]:[00:31:29] CPLEX solver finished. Gap: 3.700000
[INFO]:[00:31:29] Starting CPLEX solver on instance: /home/yorig/tuner/mpils-tests/instances/miplib/easy/supportcase18.mps with config: /scratch/yorig/mpils-results-grid-seconds-5/easy/8proc/seed-2/9_supportcase18_seed-2_20260503_003112/iterated_local_search/run_1_worker_1/ils_config_7129054616402336492.prm
[INFO]:[00:31:29] Starting CPLEX solver on instance: /home/yorig/tuner/mpils-tests/instances/miplib/easy/supportcase18.mps with config: /scratch/yorig/mpils-results-grid-seconds-5/easy/8proc/seed-2/9_supportcase18_seed-2_20260503_003112/iterated_local_search/run_1_worker_1/ils_config_7129054616402336492.prm
[INFO]:[00:31:34] CPLEX results. Gap: 3.700000, upper bound: 49.000000, lower bound: 47.186667
[INFO]:[00:31:34] CPLEX solver finished. Gap: 3.700000
[INFO]:[00:31:34] Starting CPLEX solver on instance: /home/yorig/tuner/mpils-tests/instances/miplib/easy/supportcase18.mps with config: /scratch/yorig/mpils-results-grid-seconds-5/easy/8proc/seed-2/9_supportcase18_seed-2_20260503_003112/iterated_local_search/run_1_worker_1/ils_config_5422601811110845924.prm
[INFO]:[00:31:34] Starting CPLEX solver on instance: /home/yorig/tuner/mpils-tests/instances/miplib/easy/supportcase18.mps with config: /scratch/yorig/mpils-results-grid-seconds-5/easy/8proc/seed-2/9_supportcase18_seed-2_20260503_003112/iterated_local_search/run_1_worker_1/ils_config_5422601811110845924.prm
[INFO]:[00:31:39] CPLEX results. Gap: 3.700000, upper bound: 49.000000, lower bound: 47.186667
[INFO]:[00:31:39] CPLEX solver finished. Gap: 3.700000
[INFO]:[00:31:39] Starting CPLEX solver on instance: /home/yorig/tuner/mpils-tests/instances/miplib/easy/supportcase18.mps with config: /scratch/yorig/mpils-results-grid-seconds-5/easy/8proc/seed-2/9_supportcase18_seed-2_20260503_003112/iterated_local_search/run_1_worker_1/ils_config_8357886499274428898.prm
[INFO]:[00:31:39] Starting CPLEX solver on instance: /home/yorig/tuner/mpils-tests/instances/miplib/easy/supportcase18.mps with config: /scratch/yorig/mpils-results-grid-seconds-5/easy/8proc/seed-2/9_supportcase18_seed-2_20260503_003112/iterated_local_search/run_1_worker_1/ils_config_8357886499274428898.prm
[INFO]:[00:31:44] CPLEX results. Gap: 3.700000, upper bound: 49.000000, lower bound: 47.186667
[INFO]:[00:31:44] CPLEX solver finished. Gap: 3.700000
[INFO]:[00:31:44] Starting CPLEX solver on instance: /home/yorig/tuner/mpils-tests/instances/miplib/easy/supportcase18.mps with config: /scratch/yorig/mpils-results-grid-seconds-5/easy/8proc/seed-2/9_supportcase18_seed-2_20260503_003112/iterated_local_search/run_1_worker_1/ils_config_18059988575458826254.prm
[INFO]:[00:31:44] Starting CPLEX solver on instance: /home/yorig/tuner/mpils-tests/instances/miplib/easy/supportcase18.mps with config: /scratch/yorig/mpils-results-grid-seconds-5/easy/8proc/seed-2/9_supportcase18_seed-2_20260503_003112/iterated_local_search/run_1_worker_1/ils_config_18059988575458826254.prm
[INFO]:[00:31:49] CPLEX results. Gap: 3.700000, upper bound: 49.000000, lower bound: 47.186667
[INFO]:[00:31:49] CPLEX solver finished. Gap: 3.700000
[INFO]:[00:31:49] Starting CPLEX solver on instance: /home/yorig/tuner/mpils-tests/instances/miplib/easy/supportcase18.mps with config: /scratch/yorig/mpils-results-grid-seconds-5/easy/8proc/seed-2/9_supportcase18_seed-2_20260503_003112/iterated_local_search/run_1_worker_1/ils_config_12514955137408797677.prm
[INFO]:[00:31:49] Starting CPLEX solver on instance: /home/yorig/tuner/mpils-tests/instances/miplib/easy/supportcase18.mps with config: /scratch/yorig/mpils-results-grid-seconds-5/easy/8proc/seed-2/9_supportcase18_seed-2_20260503_003112/iterated_local_search/run_1_worker_1/ils_config_12514955137408797677.prm
[INFO]:[00:31:54] CPLEX results. Gap: 3.700000, upper bound: 49.000000, lower bound: 47.186667
[INFO]:[00:31:54] CPLEX solver finished. Gap: 3.700000
[INFO]:[00:31:54] Starting CPLEX solver on instance: /home/yorig/tuner/mpils-tests/instances/miplib/easy/supportcase18.mps with config: /scratch/yorig/mpils-results-grid-seconds-5/easy/8proc/seed-2/9_supportcase18_seed-2_20260503_003112/iterated_local_search/run_1_worker_1/ils_config_3878726579294074935.prm
[INFO]:[00:31:54] Starting CPLEX solver on instance: /home/yorig/tuner/mpils-tests/instances/miplib/easy/supportcase18.mps with config: /scratch/yorig/mpils-results-grid-seconds-5/easy/8proc/seed-2/9_supportcase18_seed-2_20260503_003112/iterated_local_search/run_1_worker_1/ils_config_3878726579294074935.prm
[INFO]:[00:31:59] CPLEX results. Gap: 3.700000, upper bound: 49.000000, lower bound: 47.186667
[INFO]:[00:31:59] CPLEX solver finished. Gap: 3.700000
[INFO]:[00:31:59] Starting CPLEX solver on instance: /home/yorig/tuner/mpils-tests/instances/miplib/easy/supportcase18.mps with config: /scratch/yorig/mpils-results-grid-seconds-5/easy/8proc/seed-2/9_supportcase18_seed-2_20260503_003112/iterated_local_search/run_1_worker_1/ils_config_13814313172103390742.prm
[INFO]:[00:31:59] Starting CPLEX solver on instance: /home/yorig/tuner/mpils-tests/instances/miplib/easy/supportcase18.mps with config: /scratch/yorig/mpils-results-grid-seconds-5/easy/8proc/seed-2/9_supportcase18_seed-2_20260503_003112/iterated_local_search/run_1_worker_1/ils_config_13814313172103390742.prm
[INFO]:[00:32:04] CPLEX results. Gap: 3.700000, upper bound: 49.000000, lower bound: 47.186667
[INFO]:[00:32:04] CPLEX solver finished. Gap: 3.700000
[INFO]:[00:32:04] Starting CPLEX solver on instance: /home/yorig/tuner/mpils-tests/instances/miplib/easy/supportcase18.mps with config: /scratch/yorig/mpils-results-grid-seconds-5/easy/8proc/seed-2/9_supportcase18_seed-2_20260503_003112/iterated_local_search/run_1_worker_1/ils_config_925281374657082787.prm
[INFO]:[00:32:04] Starting CPLEX solver on instance: /home/yorig/tuner/mpils-tests/instances/miplib/easy/supportcase18.mps with config: /scratch/yorig/mpils-results-grid-seconds-5/easy/8proc/seed-2/9_supportcase18_seed-2_20260503_003112/iterated_local_search/run_1_worker_1/ils_config_925281374657082787.prm
[INFO]:[00:32:09] CPLEX results. Gap: 3.700000, upper bound: 49.000000, lower bound: 47.186667
[INFO]:[00:32:09] CPLEX solver finished. Gap: 3.700000
[INFO]:[00:32:09] Starting CPLEX solver on instance: /home/yorig/tuner/mpils-tests/instances/miplib/easy/supportcase18.mps with config: /scratch/yorig/mpils-results-grid-seconds-5/easy/8proc/seed-2/9_supportcase18_seed-2_20260503_003112/iterated_local_search/run_1_worker_1/ils_config_16655313693168279273.prm
[INFO]:[00:32:09] Starting CPLEX solver on instance: /home/yorig/tuner/mpils-tests/instances/miplib/easy/supportcase18.mps with config: /scratch/yorig/mpils-results-grid-seconds-5/easy/8proc/seed-2/9_supportcase18_seed-2_20260503_003112/iterated_local_search/run_1_worker_1/ils_config_16655313693168279273.prm
[INFO]:[00:32:15] CPLEX results. Gap: 3.700000, upper bound: 49.000000, lower bound: 47.186667
[INFO]:[00:32:15] CPLEX solver finished. Gap: 3.700000
[INFO]:[00:32:15] Starting CPLEX solver on instance: /home/yorig/tuner/mpils-tests/instances/miplib/easy/supportcase18.mps with config: /scratch/yorig/mpils-results-grid-seconds-5/easy/8proc/seed-2/9_supportcase18_seed-2_20260503_003112/iterated_local_search/run_1_worker_1/ils_config_5491314636354307408.prm
[INFO]:[00:32:15] Starting CPLEX solver on instance: /home/yorig/tuner/mpils-tests/instances/miplib/easy/supportcase18.mps with config: /scratch/yorig/mpils-results-grid-seconds-5/easy/8proc/seed-2/9_supportcase18_seed-2_20260503_003112/iterated_local_search/run_1_worker_1/ils_config_5491314636354307408.prm
[INFO]:[00:32:20] CPLEX results. Gap: 3.700000, upper bound: 49.000000, lower bound: 47.186667
[INFO]:[00:32:20] CPLEX solver finished. Gap: 3.700000
[INFO]:[00:32:20] Starting CPLEX solver on instance: /home/yorig/tuner/mpils-tests/instances/miplib/easy/supportcase18.mps with config: /scratch/yorig/mpils-results-grid-seconds-5/easy/8proc/seed-2/9_supportcase18_seed-2_20260503_003112/iterated_local_search/run_1_worker_1/ils_config_3113789952427914681.prm
[INFO]:[00:32:20] Starting CPLEX solver on instance: /home/yorig/tuner/mpils-tests/instances/miplib/easy/supportcase18.mps with config: /scratch/yorig/mpils-results-grid-seconds-5/easy/8proc/seed-2/9_supportcase18_seed-2_20260503_003112/iterated_local_search/run_1_worker_1/ils_config_3113789952427914681.prm
[INFO]:[00:32:25] CPLEX results. Gap: 3.700000, upper bound: 49.000000, lower bound: 47.186667
[INFO]:[00:32:25] CPLEX solver finished. Gap: 3.700000
[INFO]:[00:32:25] Starting CPLEX solver on instance: /home/yorig/tuner/mpils-tests/instances/miplib/easy/supportcase18.mps with config: /scratch/yorig/mpils-results-grid-seconds-5/easy/8proc/seed-2/9_supportcase18_seed-2_20260503_003112/iterated_local_search/run_1_worker_1/ils_config_16063950082342098170.prm
[INFO]:[00:32:25] Starting CPLEX solver on instance: /home/yorig/tuner/mpils-tests/instances/miplib/easy/supportcase18.mps with config: /scratch/yorig/mpils-results-grid-seconds-5/easy/8proc/seed-2/9_supportcase18_seed-2_20260503_003112/iterated_local_search/run_1_worker_1/ils_config_16063950082342098170.prm
[INFO]:[00:32:30] CPLEX results. Gap: 3.700000, upper bound: 49.000000, lower bound: 47.186667
[INFO]:[00:32:30] CPLEX solver finished. Gap: 3.700000
[INFO]:[00:32:30] Starting CPLEX solver on instance: /home/yorig/tuner/mpils-tests/instances/miplib/easy/supportcase18.mps with config: /scratch/yorig/mpils-results-grid-seconds-5/easy/8proc/seed-2/9_supportcase18_seed-2_20260503_003112/iterated_local_search/run_1_worker_1/ils_config_8272589470833782071.prm
[INFO]:[00:32:30] Starting CPLEX solver on instance: /home/yorig/tuner/mpils-tests/instances/miplib/easy/supportcase18.mps with config: /scratch/yorig/mpils-results-grid-seconds-5/easy/8proc/seed-2/9_supportcase18_seed-2_20260503_003112/iterated_local_search/run_1_worker_1/ils_config_8272589470833782071.prm
[INFO]:[00:32:35] CPLEX results. Gap: 3.700000, upper bound: 49.000000, lower bound: 47.186667
[INFO]:[00:32:35] CPLEX solver finished. Gap: 3.700000
[INFO]:[00:32:35] Starting CPLEX solver on instance: /home/yorig/tuner/mpils-tests/instances/miplib/easy/supportcase18.mps with config: /scratch/yorig/mpils-results-grid-seconds-5/easy/8proc/seed-2/9_supportcase18_seed-2_20260503_003112/iterated_local_search/run_1_worker_1/ils_config_13082717402290976745.prm
[INFO]:[00:32:35] Starting CPLEX solver on instance: /home/yorig/tuner/mpils-tests/instances/miplib/easy/supportcase18.mps with config: /scratch/yorig/mpils-results-grid-seconds-5/easy/8proc/seed-2/9_supportcase18_seed-2_20260503_003112/iterated_local_search/run_1_worker_1/ils_config_13082717402290976745.prm
[INFO]:[00:32:40] CPLEX results. Gap: 3.700000, upper bound: 49.000000, lower bound: 47.186667
[INFO]:[00:32:40] CPLEX solver finished. Gap: 3.700000
[INFO]:[00:32:40] Starting CPLEX solver on instance: /home/yorig/tuner/mpils-tests/instances/miplib/easy/supportcase18.mps with config: /scratch/yorig/mpils-results-grid-seconds-5/easy/8proc/seed-2/9_supportcase18_seed-2_20260503_003112/iterated_local_search/run_1_worker_1/ils_config_13085142890989382541.prm
[INFO]:[00:32:40] Starting CPLEX solver on instance: /home/yorig/tuner/mpils-tests/instances/miplib/easy/supportcase18.mps with config: /scratch/yorig/mpils-results-grid-seconds-5/easy/8proc/seed-2/9_supportcase18_seed-2_20260503_003112/iterated_local_search/run_1_worker_1/ils_config_13085142890989382541.prm
[INFO]:[00:32:45] CPLEX results. Gap: 3.700000, upper bound: 49.000000, lower bound: 47.186667
[INFO]:[00:32:45] CPLEX solver finished. Gap: 3.700000
[INFO]:[00:32:45] Starting CPLEX solver on instance: /home/yorig/tuner/mpils-tests/instances/miplib/easy/supportcase18.mps with config: /scratch/yorig/mpils-results-grid-seconds-5/easy/8proc/seed-2/9_supportcase18_seed-2_20260503_003112/iterated_local_search/run_1_worker_1/ils_config_2259224322631871241.prm
[INFO]:[00:32:45] Starting CPLEX solver on instance: /home/yorig/tuner/mpils-tests/instances/miplib/easy/supportcase18.mps with config: /scratch/yorig/mpils-results-grid-seconds-5/easy/8proc/seed-2/9_supportcase18_seed-2_20260503_003112/iterated_local_search/run_1_worker_1/ils_config_2259224322631871241.prm
[INFO]:[00:32:50] CPLEX results. Gap: 3.700000, upper bound: 49.000000, lower bound: 47.186667
[INFO]:[00:32:50] CPLEX solver finished. Gap: 3.700000
[INFO]:[00:32:50] Starting CPLEX solver on instance: /home/yorig/tuner/mpils-tests/instances/miplib/easy/supportcase18.mps with config: /scratch/yorig/mpils-results-grid-seconds-5/easy/8proc/seed-2/9_supportcase18_seed-2_20260503_003112/iterated_local_search/run_1_worker_1/ils_config_15389274780682699570.prm
[INFO]:[00:32:50] Starting CPLEX solver on instance: /home/yorig/tuner/mpils-tests/instances/miplib/easy/supportcase18.mps with config: /scratch/yorig/mpils-results-grid-seconds-5/easy/8proc/seed-2/9_supportcase18_seed-2_20260503_003112/iterated_local_search/run_1_worker_1/ils_config_15389274780682699570.prm
[INFO]:[00:32:55] CPLEX results. Gap: 3.700000, upper bound: 49.000000, lower bound: 47.186667
[INFO]:[00:32:55] CPLEX solver finished. Gap: 3.700000
[INFO]:[00:32:55] Local search phase completed.
[INFO]:[00:32:55] Total number of new local-search evaluations: 20
[INFO]:[00:32:55] Final incumbent objective value: 3.7
[INFO]:[00:32:55] Worker 1 completed exploration phase.
[INFO]:[00:32:55] Worker 1 received order for step 2.
[INFO]:[00:32:55] Worker 1 running expansion phase for iteration 1.
[INFO]:[00:32:55] Worker 1 will use solver log file: /scratch/yorig/mpils-results-grid-seconds-5/easy/8proc/seed-2/9_supportcase18_seed-2_20260503_003112/solver/cplex.log_iteration_expansion_1_worker_1
[INFO]:[00:32:55] Expansion Worker 1 starting expansion for iteration 1.
[INFO]:[00:32:55] Starting CPLEX solver on instance: /home/yorig/tuner/mpils-tests/instances/miplib/easy/supportcase18.mps with config: /scratch/yorig/mpils-results-grid-seconds-5/easy/8proc/seed-2/9_supportcase18_seed-2_20260503_003112/expansion/config_param_CPXPARAM_MIP_Cuts_Covers_3_iter_1.prm
[INFO]:[00:33:00] CPLEX results. Gap: 3.700000, upper bound: 49.000000, lower bound: 47.186667
[INFO]:[00:33:00] CPLEX solver finished. Gap: 3.700000
[INFO]:[00:33:00] Starting CPLEX solver on instance: /home/yorig/tuner/mpils-tests/instances/miplib/easy/supportcase18.mps with config: /scratch/yorig/mpils-results-grid-seconds-5/easy/8proc/seed-2/9_supportcase18_seed-2_20260503_003112/expansion/config_param_CPXPARAM_MIP_Strategy_VariableSelect_-1_iter_1.prm
[INFO]:[00:33:05] CPLEX results. Gap: 5.630000, upper bound: 50.000000, lower bound: 47.186667
[INFO]:[00:33:05] CPLEX solver finished. Gap: 5.630000
[INFO]:[00:33:05] Starting CPLEX solver on instance: /home/yorig/tuner/mpils-tests/instances/miplib/easy/supportcase18.mps with config: /scratch/yorig/mpils-results-grid-seconds-5/easy/8proc/seed-2/9_supportcase18_seed-2_20260503_003112/expansion/config_param_CPXPARAM_MIP_Strategy_VariableSelect_1_iter_1.prm
[INFO]:[00:33:10] CPLEX results. Gap: 5.630000, upper bound: 50.000000, lower bound: 47.186667
[INFO]:[00:33:10] CPLEX solver finished. Gap: 5.630000
[INFO]:[00:33:10] Starting CPLEX solver on instance: /home/yorig/tuner/mpils-tests/instances/miplib/easy/supportcase18.mps with config: /scratch/yorig/mpils-results-grid-seconds-5/easy/8proc/seed-2/9_supportcase18_seed-2_20260503_003112/expansion/config_param_CPXPARAM_MIP_Strategy_VariableSelect_2_iter_1.prm
[INFO]:[00:33:15] CPLEX results. Gap: 5.630000, upper bound: 50.000000, lower bound: 47.186667
[INFO]:[00:33:15] CPLEX solver finished. Gap: 5.630000
[INFO]:[00:33:15] Starting CPLEX solver on instance: /home/yorig/tuner/mpils-tests/instances/miplib/easy/supportcase18.mps with config: /scratch/yorig/mpils-results-grid-seconds-5/easy/8proc/seed-2/9_supportcase18_seed-2_20260503_003112/expansion/config_param_CPXPARAM_MIP_Strategy_VariableSelect_3_iter_1.prm
[INFO]:[00:33:20] CPLEX results. Gap: 3.700000, upper bound: 49.000000, lower bound: 47.186667
[INFO]:[00:33:20] CPLEX solver finished. Gap: 3.700000
[INFO]:[00:33:20] Starting CPLEX solver on instance: /home/yorig/tuner/mpils-tests/instances/miplib/easy/supportcase18.mps with config: /scratch/yorig/mpils-results-grid-seconds-5/easy/8proc/seed-2/9_supportcase18_seed-2_20260503_003112/expansion/config_param_CPXPARAM_MIP_Strategy_VariableSelect_4_iter_1.prm
[INFO]:[00:33:25] CPLEX results. Gap: 3.700000, upper bound: 49.000000, lower bound: 47.186667
[INFO]:[00:33:25] CPLEX solver finished. Gap: 3.700000
[INFO]:[00:33:25] Starting CPLEX solver on instance: /home/yorig/tuner/mpils-tests/instances/miplib/easy/supportcase18.mps with config: /scratch/yorig/mpils-results-grid-seconds-5/easy/8proc/seed-2/9_supportcase18_seed-2_20260503_003112/expansion/config_param_CPXPARAM_MIP_Strategy_NodeSelect_0_iter_1.prm
[INFO]:[00:33:30] CPLEX results. Gap: 3.700000, upper bound: 49.000000, lower bound: 47.186667
[INFO]:[00:33:30] CPLEX solver finished. Gap: 3.700000
[INFO]:[00:33:30] Expansion Worker 1 completed expansion.
[INFO]:[00:33:30] Worker 1 completed expansion phase.
[INFO]:[00:33:30] Worker 1 received order for step 1.
[INFO]:[00:33:30] Worker 1 running exploration phase for iteration 2.
[INFO]:[00:33:30] Worker 1 at iteration 2 will use MIP start file: /scratch/yorig/mpils-results-grid-seconds-5/easy/8proc/seed-2/9_supportcase18_seed-2_20260503_003112/iterated_local_search/run_1_worker_0/mip_starts/mip_start_eval_3_config_10346973009034893901.mst
[INFO]:[00:33:30] Starting local search phase...
[INFO]:[00:33:30] Creating local search space from parameter space file: /scratch/yorig/mpils-results-grid-seconds-5/easy/8proc/seed-2/9_supportcase18_seed-2_20260503_003112/iterated_local_search/search_space/search_space_file_2_worker_1.txt
[INFO]:[00:33:30] Local search space loaded from file: /scratch/yorig/mpils-results-grid-seconds-5/easy/8proc/seed-2/9_supportcase18_seed-2_20260503_003112/iterated_local_search/search_space/search_space_file_2_worker_1.txt
[INFO]:[00:33:30] Number of parameters in local search space: 71
[INFO]:[00:33:30] Number of forbidden tuples in local search space: 20
[INFO]:[00:33:30] Number of conditionals in local search space: 6
[INFO]:[00:33:30] Using MIP start file for local search: /scratch/yorig/mpils-results-grid-seconds-5/easy/8proc/seed-2/9_supportcase18_seed-2_20260503_003112/iterated_local_search/run_1_worker_0/mip_starts/mip_start_eval_3_config_10346973009034893901.mst
[INFO]:[00:33:30] Evaluating initial configuration for local search phase...
[INFO]:[00:33:30] Starting CPLEX solver on instance: /home/yorig/tuner/mpils-tests/instances/miplib/easy/supportcase18.mps with config: /scratch/yorig/mpils-results-grid-seconds-5/easy/8proc/seed-2/9_supportcase18_seed-2_20260503_003112/iterated_local_search/run_2_worker_1/ils_config_10346973009034893900.prm
[INFO]:[00:33:30] Starting CPLEX solver on instance: /home/yorig/tuner/mpils-tests/instances/miplib/easy/supportcase18.mps with config: /scratch/yorig/mpils-results-grid-seconds-5/easy/8proc/seed-2/9_supportcase18_seed-2_20260503_003112/iterated_local_search/run_2_worker_1/ils_config_10346973009034893900.prm
[INFO]:[00:33:35] CPLEX results. Gap: 3.700000, upper bound: 49.000000, lower bound: 47.186667
[INFO]:[00:33:35] CPLEX solver finished. Gap: 3.700000
[INFO]:[00:33:35] Initial configuration evaluated with objective value: 3.7
[INFO]:[00:33:35] Starting CPLEX solver on instance: /home/yorig/tuner/mpils-tests/instances/miplib/easy/supportcase18.mps with config: /scratch/yorig/mpils-results-grid-seconds-5/easy/8proc/seed-2/9_supportcase18_seed-2_20260503_003112/iterated_local_search/run_2_worker_1/ils_config_2045221141382991417.prm
[INFO]:[00:33:35] Starting CPLEX solver on instance: /home/yorig/tuner/mpils-tests/instances/miplib/easy/supportcase18.mps with config: /scratch/yorig/mpils-results-grid-seconds-5/easy/8proc/seed-2/9_supportcase18_seed-2_20260503_003112/iterated_local_search/run_2_worker_1/ils_config_2045221141382991417.prm
[INFO]:[00:33:40] CPLEX results. Gap: 3.700000, upper bound: 49.000000, lower bound: 47.186667
[INFO]:[00:33:40] CPLEX solver finished. Gap: 3.700000
[INFO]:[00:33:40] Starting CPLEX solver on instance: /home/yorig/tuner/mpils-tests/instances/miplib/easy/supportcase18.mps with config: /scratch/yorig/mpils-results-grid-seconds-5/easy/8proc/seed-2/9_supportcase18_seed-2_20260503_003112/iterated_local_search/run_2_worker_1/ils_config_11071528030943446024.prm
[INFO]:[00:33:40] Starting CPLEX solver on instance: /home/yorig/tuner/mpils-tests/instances/miplib/easy/supportcase18.mps with config: /scratch/yorig/mpils-results-grid-seconds-5/easy/8proc/seed-2/9_supportcase18_seed-2_20260503_003112/iterated_local_search/run_2_worker_1/ils_config_11071528030943446024.prm
[INFO]:[00:33:45] CPLEX results. Gap: 3.700000, upper bound: 49.000000, lower bound: 47.186667
[INFO]:[00:33:45] CPLEX solver finished. Gap: 3.700000
[INFO]:[00:33:45] Starting CPLEX solver on instance: /home/yorig/tuner/mpils-tests/instances/miplib/easy/supportcase18.mps with config: /scratch/yorig/mpils-results-grid-seconds-5/easy/8proc/seed-2/9_supportcase18_seed-2_20260503_003112/iterated_local_search/run_2_worker_1/ils_config_7546529019771280745.prm
[INFO]:[00:33:45] Starting CPLEX solver on instance: /home/yorig/tuner/mpils-tests/instances/miplib/easy/supportcase18.mps with config: /scratch/yorig/mpils-results-grid-seconds-5/easy/8proc/seed-2/9_supportcase18_seed-2_20260503_003112/iterated_local_search/run_2_worker_1/ils_config_7546529019771280745.prm
[INFO]:[00:33:50] CPLEX results. Gap: 3.700000, upper bound: 49.000000, lower bound: 47.186667
[INFO]:[00:33:50] CPLEX solver finished. Gap: 3.700000
[INFO]:[00:33:50] Starting CPLEX solver on instance: /home/yorig/tuner/mpils-tests/instances/miplib/easy/supportcase18.mps with config: /scratch/yorig/mpils-results-grid-seconds-5/easy/8proc/seed-2/9_supportcase18_seed-2_20260503_003112/iterated_local_search/run_2_worker_1/ils_config_13824122303216886341.prm
[INFO]:[00:33:50] Starting CPLEX solver on instance: /home/yorig/tuner/mpils-tests/instances/miplib/easy/supportcase18.mps with config: /scratch/yorig/mpils-results-grid-seconds-5/easy/8proc/seed-2/9_supportcase18_seed-2_20260503_003112/iterated_local_search/run_2_worker_1/ils_config_13824122303216886341.prm
[INFO]:[00:33:56] CPLEX results. Gap: 3.700000, upper bound: 49.000000, lower bound: 47.186667
[INFO]:[00:33:56] CPLEX solver finished. Gap: 3.700000
[INFO]:[00:33:56] Starting CPLEX solver on instance: /home/yorig/tuner/mpils-tests/instances/miplib/easy/supportcase18.mps with config: /scratch/yorig/mpils-results-grid-seconds-5/easy/8proc/seed-2/9_supportcase18_seed-2_20260503_003112/iterated_local_search/run_2_worker_1/ils_config_5612135488525219868.prm
[INFO]:[00:33:56] Starting CPLEX solver on instance: /home/yorig/tuner/mpils-tests/instances/miplib/easy/supportcase18.mps with config: /scratch/yorig/mpils-results-grid-seconds-5/easy/8proc/seed-2/9_supportcase18_seed-2_20260503_003112/iterated_local_search/run_2_worker_1/ils_config_5612135488525219868.prm
[INFO]:[00:34:01] CPLEX results. Gap: 3.700000, upper bound: 49.000000, lower bound: 47.186667
[INFO]:[00:34:01] CPLEX solver finished. Gap: 3.700000
[INFO]:[00:34:01] Local search phase completed.
[INFO]:[00:34:01] Total number of new local-search evaluations: 6
[INFO]:[00:34:01] Final incumbent objective value: 3.7
[INFO]:[00:34:01] Worker 1 completed exploration phase.
[INFO]:[00:34:01] Worker 1 received order for step 2.
[INFO]:[00:34:01] Worker 1 running expansion phase for iteration 2.
[INFO]:[00:34:01] Worker 1 will use solver log file: /scratch/yorig/mpils-results-grid-seconds-5/easy/8proc/seed-2/9_supportcase18_seed-2_20260503_003112/solver/cplex.log_iteration_expansion_2_worker_1
[INFO]:[00:34:01] Expansion Worker 1 starting expansion for iteration 2.
[INFO]:[00:34:01] Starting CPLEX solver on instance: /home/yorig/tuner/mpils-tests/instances/miplib/easy/supportcase18.mps with config: /scratch/yorig/mpils-results-grid-seconds-5/easy/8proc/seed-2/9_supportcase18_seed-2_20260503_003112/expansion/config_param_CPXPARAM_Preprocessing_Presolve_0_iter_2.prm
[INFO]:[00:34:06] CPLEX results. Gap: 5.630000, upper bound: 50.000000, lower bound: 47.186667
[INFO]:[00:34:06] CPLEX solver finished. Gap: 5.630000
[INFO]:[00:34:06] Starting CPLEX solver on instance: /home/yorig/tuner/mpils-tests/instances/miplib/easy/supportcase18.mps with config: /scratch/yorig/mpils-results-grid-seconds-5/easy/8proc/seed-2/9_supportcase18_seed-2_20260503_003112/expansion/config_param_CPXPARAM_Preprocessing_Symmetry_0_iter_2.prm
[INFO]:[00:34:11] CPLEX results. Gap: 5.630000, upper bound: 50.000000, lower bound: 47.186667
[INFO]:[00:34:11] CPLEX solver finished. Gap: 5.630000
[INFO]:[00:34:11] Starting CPLEX solver on instance: /home/yorig/tuner/mpils-tests/instances/miplib/easy/supportcase18.mps with config: /scratch/yorig/mpils-results-grid-seconds-5/easy/8proc/seed-2/9_supportcase18_seed-2_20260503_003112/expansion/config_param_CPXPARAM_Preprocessing_Symmetry_1_iter_2.prm
[INFO]:[00:34:16] CPLEX results. Gap: 5.630000, upper bound: 50.000000, lower bound: 47.186667
[INFO]:[00:34:16] CPLEX solver finished. Gap: 5.630000
[INFO]:[00:34:16] Starting CPLEX solver on instance: /home/yorig/tuner/mpils-tests/instances/miplib/easy/supportcase18.mps with config: /scratch/yorig/mpils-results-grid-seconds-5/easy/8proc/seed-2/9_supportcase18_seed-2_20260503_003112/expansion/config_param_CPXPARAM_Preprocessing_Symmetry_2_iter_2.prm
[INFO]:[00:34:21] CPLEX results. Gap: 3.700000, upper bound: 49.000000, lower bound: 47.186667
[INFO]:[00:34:21] CPLEX solver finished. Gap: 3.700000
[INFO]:[00:34:21] Starting CPLEX solver on instance: /home/yorig/tuner/mpils-tests/instances/miplib/easy/supportcase18.mps with config: /scratch/yorig/mpils-results-grid-seconds-5/easy/8proc/seed-2/9_supportcase18_seed-2_20260503_003112/expansion/config_param_CPXPARAM_Preprocessing_Symmetry_3_iter_2.prm
[INFO]:[00:34:26] CPLEX results. Gap: 3.700000, upper bound: 49.000000, lower bound: 47.186667
[INFO]:[00:34:26] CPLEX solver finished. Gap: 3.700000
[INFO]:[00:34:26] Expansion Worker 1 completed expansion.
[INFO]:[00:34:26] Worker 1 completed expansion phase.
[INFO]:[00:34:26] Worker 1 received order for step 1.
[INFO]:[00:34:26] Worker 1 running exploration phase for iteration 3.
[INFO]:[00:34:26] Worker 1 at iteration 3 will use MIP start file: /scratch/yorig/mpils-results-grid-seconds-5/easy/8proc/seed-2/9_supportcase18_seed-2_20260503_003112/iterated_local_search/run_1_worker_0/mip_starts/mip_start_eval_3_config_10346973009034893901.mst
[INFO]:[00:34:26] Starting local search phase...
[INFO]:[00:34:26] Creating local search space from parameter space file: /scratch/yorig/mpils-results-grid-seconds-5/easy/8proc/seed-2/9_supportcase18_seed-2_20260503_003112/iterated_local_search/search_space/search_space_file_3_worker_1.txt
[INFO]:[00:34:26] Local search space loaded from file: /scratch/yorig/mpils-results-grid-seconds-5/easy/8proc/seed-2/9_supportcase18_seed-2_20260503_003112/iterated_local_search/search_space/search_space_file_3_worker_1.txt
[INFO]:[00:34:26] Number of parameters in local search space: 71
[INFO]:[00:34:26] Number of forbidden tuples in local search space: 32
[INFO]:[00:34:26] Number of conditionals in local search space: 6
[INFO]:[00:34:26] Using MIP start file for local search: /scratch/yorig/mpils-results-grid-seconds-5/easy/8proc/seed-2/9_supportcase18_seed-2_20260503_003112/iterated_local_search/run_1_worker_0/mip_starts/mip_start_eval_3_config_10346973009034893901.mst
[INFO]:[00:34:26] Evaluating initial configuration for local search phase...
[INFO]:[00:34:26] Starting CPLEX solver on instance: /home/yorig/tuner/mpils-tests/instances/miplib/easy/supportcase18.mps with config: /scratch/yorig/mpils-results-grid-seconds-5/easy/8proc/seed-2/9_supportcase18_seed-2_20260503_003112/iterated_local_search/run_3_worker_1/ils_config_10346973009034893900.prm
[INFO]:[00:34:26] Starting CPLEX solver on instance: /home/yorig/tuner/mpils-tests/instances/miplib/easy/supportcase18.mps with config: /scratch/yorig/mpils-results-grid-seconds-5/easy/8proc/seed-2/9_supportcase18_seed-2_20260503_003112/iterated_local_search/run_3_worker_1/ils_config_10346973009034893900.prm
[INFO]:[00:34:31] CPLEX results. Gap: 3.700000, upper bound: 49.000000, lower bound: 47.186667
[INFO]:[00:34:31] CPLEX solver finished. Gap: 3.700000
[INFO]:[00:34:31] Initial configuration evaluated with objective value: 3.7
[INFO]:[00:34:31] Starting CPLEX solver on instance: /home/yorig/tuner/mpils-tests/instances/miplib/easy/supportcase18.mps with config: /scratch/yorig/mpils-results-grid-seconds-5/easy/8proc/seed-2/9_supportcase18_seed-2_20260503_003112/iterated_local_search/run_3_worker_1/ils_config_5757718786072073585.prm
[INFO]:[00:34:31] Starting CPLEX solver on instance: /home/yorig/tuner/mpils-tests/instances/miplib/easy/supportcase18.mps with config: /scratch/yorig/mpils-results-grid-seconds-5/easy/8proc/seed-2/9_supportcase18_seed-2_20260503_003112/iterated_local_search/run_3_worker_1/ils_config_5757718786072073585.prm
[INFO]:[00:34:36] CPLEX results. Gap: 3.700000, upper bound: 49.000000, lower bound: 47.186667
[INFO]:[00:34:36] CPLEX solver finished. Gap: 3.700000
[INFO]:[00:34:36] Starting CPLEX solver on instance: /home/yorig/tuner/mpils-tests/instances/miplib/easy/supportcase18.mps with config: /scratch/yorig/mpils-results-grid-seconds-5/easy/8proc/seed-2/9_supportcase18_seed-2_20260503_003112/iterated_local_search/run_3_worker_1/ils_config_1514151457338696425.prm
[INFO]:[00:34:36] Starting CPLEX solver on instance: /home/yorig/tuner/mpils-tests/instances/miplib/easy/supportcase18.mps with config: /scratch/yorig/mpils-results-grid-seconds-5/easy/8proc/seed-2/9_supportcase18_seed-2_20260503_003112/iterated_local_search/run_3_worker_1/ils_config_1514151457338696425.prm
[INFO]:[00:34:41] CPLEX results. Gap: 3.700000, upper bound: 49.000000, lower bound: 47.186667
[INFO]:[00:34:41] CPLEX solver finished. Gap: 3.700000
[INFO]:[00:34:41] Starting CPLEX solver on instance: /home/yorig/tuner/mpils-tests/instances/miplib/easy/supportcase18.mps with config: /scratch/yorig/mpils-results-grid-seconds-5/easy/8proc/seed-2/9_supportcase18_seed-2_20260503_003112/iterated_local_search/run_3_worker_1/ils_config_3316562428643285200.prm
[INFO]:[00:34:41] Starting CPLEX solver on instance: /home/yorig/tuner/mpils-tests/instances/miplib/easy/supportcase18.mps with config: /scratch/yorig/mpils-results-grid-seconds-5/easy/8proc/seed-2/9_supportcase18_seed-2_20260503_003112/iterated_local_search/run_3_worker_1/ils_config_3316562428643285200.prm
[INFO]:[00:34:46] CPLEX results. Gap: 3.700000, upper bound: 49.000000, lower bound: 47.186667
[INFO]:[00:34:46] CPLEX solver finished. Gap: 3.700000
[INFO]:[00:34:46] Starting CPLEX solver on instance: /home/yorig/tuner/mpils-tests/instances/miplib/easy/supportcase18.mps with config: /scratch/yorig/mpils-results-grid-seconds-5/easy/8proc/seed-2/9_supportcase18_seed-2_20260503_003112/iterated_local_search/run_3_worker_1/ils_config_8774218735760563754.prm
[INFO]:[00:34:46] Starting CPLEX solver on instance: /home/yorig/tuner/mpils-tests/instances/miplib/easy/supportcase18.mps with config: /scratch/yorig/mpils-results-grid-seconds-5/easy/8proc/seed-2/9_supportcase18_seed-2_20260503_003112/iterated_local_search/run_3_worker_1/ils_config_8774218735760563754.prm
[INFO]:[00:34:51] CPLEX results. Gap: 3.700000, upper bound: 49.000000, lower bound: 47.186667
[INFO]:[00:34:51] CPLEX solver finished. Gap: 3.700000
[INFO]:[00:34:51] Local search phase completed.
[INFO]:[00:34:51] Total number of new local-search evaluations: 5
[INFO]:[00:34:51] Final incumbent objective value: 3.7
[INFO]:[00:34:51] Worker 1 completed exploration phase.
[INFO]:[00:34:51] Worker 1 received order for step 2.
[INFO]:[00:34:51] Worker 1 running expansion phase for iteration 3.
[INFO]:[00:34:51] Worker 1 will use solver log file: /scratch/yorig/mpils-results-grid-seconds-5/easy/8proc/seed-2/9_supportcase18_seed-2_20260503_003112/solver/cplex.log_iteration_expansion_3_worker_1
[INFO]:[00:34:51] Expansion Worker 1 starting expansion for iteration 3.
[INFO]:[00:34:51] Starting CPLEX solver on instance: /home/yorig/tuner/mpils-tests/instances/miplib/easy/supportcase18.mps with config: /scratch/yorig/mpils-results-grid-seconds-5/easy/8proc/seed-2/9_supportcase18_seed-2_20260503_003112/expansion/config_param_CPXPARAM_Simplex_PGradient_4_iter_3.prm
[INFO]:[00:34:56] CPLEX results. Gap: 5.630000, upper bound: 50.000000, lower bound: 47.186667
[INFO]:[00:34:56] CPLEX solver finished. Gap: 5.630000
[INFO]:[00:34:56] Starting CPLEX solver on instance: /home/yorig/tuner/mpils-tests/instances/miplib/easy/supportcase18.mps with config: /scratch/yorig/mpils-results-grid-seconds-5/easy/8proc/seed-2/9_supportcase18_seed-2_20260503_003112/expansion/config_param_CPXPARAM_Advance_0_iter_3.prm
[INFO]:[00:35:01] CPLEX results. Gap: 3.700000, upper bound: 49.000000, lower bound: 47.186667
[INFO]:[00:35:01] CPLEX solver finished. Gap: 3.700000
[INFO]:[00:35:01] Starting CPLEX solver on instance: /home/yorig/tuner/mpils-tests/instances/miplib/easy/supportcase18.mps with config: /scratch/yorig/mpils-results-grid-seconds-5/easy/8proc/seed-2/9_supportcase18_seed-2_20260503_003112/expansion/config_param_CPXPARAM_Advance_2_iter_3.prm
[INFO]:[00:35:06] CPLEX results. Gap: 3.700000, upper bound: 49.000000, lower bound: 47.186667
[INFO]:[00:35:06] CPLEX solver finished. Gap: 3.700000
[INFO]:[00:35:06] Starting CPLEX solver on instance: /home/yorig/tuner/mpils-tests/instances/miplib/easy/supportcase18.mps with config: /scratch/yorig/mpils-results-grid-seconds-5/easy/8proc/seed-2/9_supportcase18_seed-2_20260503_003112/expansion/config_param_CPXPARAM_MIP_Limits_AggForCut_0_iter_3.prm
[INFO]:[00:35:11] CPLEX results. Gap: 3.700000, upper bound: 49.000000, lower bound: 47.186667
[INFO]:[00:35:11] CPLEX solver finished. Gap: 3.700000
[INFO]:[00:35:11] Expansion Worker 1 completed expansion.
[INFO]:[00:35:11] Worker 1 completed expansion phase.
[INFO]:[00:35:12] Worker 1 received order for step 1.
[INFO]:[00:35:12] Worker 1 running exploration phase for iteration 4.
[INFO]:[00:35:12] Worker 1 at iteration 4 will use MIP start file: /scratch/yorig/mpils-results-grid-seconds-5/easy/8proc/seed-2/9_supportcase18_seed-2_20260503_003112/iterated_local_search/run_1_worker_0/mip_starts/mip_start_eval_3_config_10346973009034893901.mst
[INFO]:[00:35:12] Starting local search phase...
[INFO]:[00:35:12] Creating local search space from parameter space file: /scratch/yorig/mpils-results-grid-seconds-5/easy/8proc/seed-2/9_supportcase18_seed-2_20260503_003112/iterated_local_search/search_space/search_space_file_4_worker_1.txt
[INFO]:[00:35:12] Local search space loaded from file: /scratch/yorig/mpils-results-grid-seconds-5/easy/8proc/seed-2/9_supportcase18_seed-2_20260503_003112/iterated_local_search/search_space/search_space_file_4_worker_1.txt
[INFO]:[00:35:12] Number of parameters in local search space: 71
[INFO]:[00:35:12] Number of forbidden tuples in local search space: 55
[INFO]:[00:35:12] Number of conditionals in local search space: 6
[INFO]:[00:35:12] Using MIP start file for local search: /scratch/yorig/mpils-results-grid-seconds-5/easy/8proc/seed-2/9_supportcase18_seed-2_20260503_003112/iterated_local_search/run_1_worker_0/mip_starts/mip_start_eval_3_config_10346973009034893901.mst
[INFO]:[00:35:12] Evaluating initial configuration for local search phase...
[INFO]:[00:35:12] Starting CPLEX solver on instance: /home/yorig/tuner/mpils-tests/instances/miplib/easy/supportcase18.mps with config: /scratch/yorig/mpils-results-grid-seconds-5/easy/8proc/seed-2/9_supportcase18_seed-2_20260503_003112/iterated_local_search/run_4_worker_1/ils_config_10346973009034893900.prm
[INFO]:[00:35:12] Starting CPLEX solver on instance: /home/yorig/tuner/mpils-tests/instances/miplib/easy/supportcase18.mps with config: /scratch/yorig/mpils-results-grid-seconds-5/easy/8proc/seed-2/9_supportcase18_seed-2_20260503_003112/iterated_local_search/run_4_worker_1/ils_config_10346973009034893900.prm
[INFO]:[00:35:17] CPLEX results. Gap: 3.700000, upper bound: 49.000000, lower bound: 47.186667
[INFO]:[00:35:17] CPLEX solver finished. Gap: 3.700000
[INFO]:[00:35:17] Initial configuration evaluated with objective value: 3.7
[INFO]:[00:35:17] Starting CPLEX solver on instance: /home/yorig/tuner/mpils-tests/instances/miplib/easy/supportcase18.mps with config: /scratch/yorig/mpils-results-grid-seconds-5/easy/8proc/seed-2/9_supportcase18_seed-2_20260503_003112/iterated_local_search/run_4_worker_1/ils_config_9616843984586579835.prm
[INFO]:[00:35:17] Starting CPLEX solver on instance: /home/yorig/tuner/mpils-tests/instances/miplib/easy/supportcase18.mps with config: /scratch/yorig/mpils-results-grid-seconds-5/easy/8proc/seed-2/9_supportcase18_seed-2_20260503_003112/iterated_local_search/run_4_worker_1/ils_config_9616843984586579835.prm
[INFO]:[00:35:22] CPLEX results. Gap: 3.700000, upper bound: 49.000000, lower bound: 47.186667
[INFO]:[00:35:22] CPLEX solver finished. Gap: 3.700000
[INFO]:[00:35:22] Starting CPLEX solver on instance: /home/yorig/tuner/mpils-tests/instances/miplib/easy/supportcase18.mps with config: /scratch/yorig/mpils-results-grid-seconds-5/easy/8proc/seed-2/9_supportcase18_seed-2_20260503_003112/iterated_local_search/run_4_worker_1/ils_config_11017550653942288754.prm
[INFO]:[00:35:22] Starting CPLEX solver on instance: /home/yorig/tuner/mpils-tests/instances/miplib/easy/supportcase18.mps with config: /scratch/yorig/mpils-results-grid-seconds-5/easy/8proc/seed-2/9_supportcase18_seed-2_20260503_003112/iterated_local_search/run_4_worker_1/ils_config_11017550653942288754.prm
[INFO]:[00:35:27] CPLEX results. Gap: 3.700000, upper bound: 49.000000, lower bound: 47.186667
[INFO]:[00:35:27] CPLEX solver finished. Gap: 3.700000
[INFO]:[00:35:27] Starting CPLEX solver on instance: /home/yorig/tuner/mpils-tests/instances/miplib/easy/supportcase18.mps with config: /scratch/yorig/mpils-results-grid-seconds-5/easy/8proc/seed-2/9_supportcase18_seed-2_20260503_003112/iterated_local_search/run_4_worker_1/ils_config_17270530020856439768.prm
[INFO]:[00:35:27] Starting CPLEX solver on instance: /home/yorig/tuner/mpils-tests/instances/miplib/easy/supportcase18.mps with config: /scratch/yorig/mpils-results-grid-seconds-5/easy/8proc/seed-2/9_supportcase18_seed-2_20260503_003112/iterated_local_search/run_4_worker_1/ils_config_17270530020856439768.prm
[INFO]:[00:35:32] CPLEX results. Gap: 3.700000, upper bound: 49.000000, lower bound: 47.186667
[INFO]:[00:35:32] CPLEX solver finished. Gap: 3.700000
[INFO]:[00:35:32] Starting CPLEX solver on instance: /home/yorig/tuner/mpils-tests/instances/miplib/easy/supportcase18.mps with config: /scratch/yorig/mpils-results-grid-seconds-5/easy/8proc/seed-2/9_supportcase18_seed-2_20260503_003112/iterated_local_search/run_4_worker_1/ils_config_10359148922213884816.prm
[INFO]:[00:35:32] Starting CPLEX solver on instance: /home/yorig/tuner/mpils-tests/instances/miplib/easy/supportcase18.mps with config: /scratch/yorig/mpils-results-grid-seconds-5/easy/8proc/seed-2/9_supportcase18_seed-2_20260503_003112/iterated_local_search/run_4_worker_1/ils_config_10359148922213884816.prm
[INFO]:[00:35:37] CPLEX results. Gap: 3.700000, upper bound: 49.000000, lower bound: 47.186667
[INFO]:[00:35:37] CPLEX solver finished. Gap: 3.700000
[INFO]:[00:35:37] Starting CPLEX solver on instance: /home/yorig/tuner/mpils-tests/instances/miplib/easy/supportcase18.mps with config: /scratch/yorig/mpils-results-grid-seconds-5/easy/8proc/seed-2/9_supportcase18_seed-2_20260503_003112/iterated_local_search/run_4_worker_1/ils_config_7182317055943276212.prm
[INFO]:[00:35:37] Starting CPLEX solver on instance: /home/yorig/tuner/mpils-tests/instances/miplib/easy/supportcase18.mps with config: /scratch/yorig/mpils-results-grid-seconds-5/easy/8proc/seed-2/9_supportcase18_seed-2_20260503_003112/iterated_local_search/run_4_worker_1/ils_config_7182317055943276212.prm
[INFO]:[00:35:42] CPLEX results. Gap: 3.700000, upper bound: 49.000000, lower bound: 47.186667
[INFO]:[00:35:42] CPLEX solver finished. Gap: 3.700000
[INFO]:[00:35:42] Starting CPLEX solver on instance: /home/yorig/tuner/mpils-tests/instances/miplib/easy/supportcase18.mps with config: /scratch/yorig/mpils-results-grid-seconds-5/easy/8proc/seed-2/9_supportcase18_seed-2_20260503_003112/iterated_local_search/run_4_worker_1/ils_config_8774218735760563754.prm
[INFO]:[00:35:42] Starting CPLEX solver on instance: /home/yorig/tuner/mpils-tests/instances/miplib/easy/supportcase18.mps with config: /scratch/yorig/mpils-results-grid-seconds-5/easy/8proc/seed-2/9_supportcase18_seed-2_20260503_003112/iterated_local_search/run_4_worker_1/ils_config_8774218735760563754.prm
[INFO]:[00:35:47] CPLEX results. Gap: 3.700000, upper bound: 49.000000, lower bound: 47.186667
[INFO]:[00:35:47] CPLEX solver finished. Gap: 3.700000
[INFO]:[00:35:47] Local search phase completed.
[INFO]:[00:35:47] Total number of new local-search evaluations: 7
[INFO]:[00:35:47] Final incumbent objective value: 3.7
[INFO]:[00:35:47] Worker 1 completed exploration phase.
[INFO]:[00:35:47] Worker 1 received order for step 2.
[INFO]:[00:35:47] Worker 1 running expansion phase for iteration 4.
[INFO]:[00:35:47] Worker 1 will use solver log file: /scratch/yorig/mpils-results-grid-seconds-5/easy/8proc/seed-2/9_supportcase18_seed-2_20260503_003112/solver/cplex.log_iteration_expansion_4_worker_1
[INFO]:[00:35:47] Expansion Worker 1 starting expansion for iteration 4.
[INFO]:[00:35:47] Starting CPLEX solver on instance: /home/yorig/tuner/mpils-tests/instances/miplib/easy/supportcase18.mps with config: /scratch/yorig/mpils-results-grid-seconds-5/easy/8proc/seed-2/9_supportcase18_seed-2_20260503_003112/expansion/config_param_CPXPARAM_Feasopt_Mode_1_iter_4.prm
[INFO]:[00:35:52] CPLEX results. Gap: 3.700000, upper bound: 49.000000, lower bound: 47.186667
[INFO]:[00:35:52] CPLEX solver finished. Gap: 3.700000
[INFO]:[00:35:52] Starting CPLEX solver on instance: /home/yorig/tuner/mpils-tests/instances/miplib/easy/supportcase18.mps with config: /scratch/yorig/mpils-results-grid-seconds-5/easy/8proc/seed-2/9_supportcase18_seed-2_20260503_003112/expansion/config_param_CPXPARAM_Feasopt_Mode_2_iter_4.prm
[INFO]:[00:35:57] CPLEX results. Gap: 3.700000, upper bound: 49.000000, lower bound: 47.186667
[INFO]:[00:35:57] CPLEX solver finished. Gap: 3.700000
[INFO]:[00:35:57] Starting CPLEX solver on instance: /home/yorig/tuner/mpils-tests/instances/miplib/easy/supportcase18.mps with config: /scratch/yorig/mpils-results-grid-seconds-5/easy/8proc/seed-2/9_supportcase18_seed-2_20260503_003112/expansion/config_param_CPXPARAM_Feasopt_Mode_3_iter_4.prm
[INFO]:[00:36:02] CPLEX results. Gap: 3.700000, upper bound: 49.000000, lower bound: 47.186667
[INFO]:[00:36:02] CPLEX solver finished. Gap: 3.700000
[INFO]:[00:36:02] Starting CPLEX solver on instance: /home/yorig/tuner/mpils-tests/instances/miplib/easy/supportcase18.mps with config: /scratch/yorig/mpils-results-grid-seconds-5/easy/8proc/seed-2/9_supportcase18_seed-2_20260503_003112/expansion/config_param_CPXPARAM_Feasopt_Mode_4_iter_4.prm
[INFO]:[00:36:07] CPLEX results. Gap: 3.700000, upper bound: 49.000000, lower bound: 47.186667
[INFO]:[00:36:07] CPLEX solver finished. Gap: 3.700000
[INFO]:[00:36:07] Expansion Worker 1 completed expansion.
[INFO]:[00:36:07] Worker 1 completed expansion phase.
[INFO]:[00:36:07] Worker 1 received order for step 1.
[INFO]:[00:36:07] Worker 1 running exploration phase for iteration 5.
[INFO]:[00:36:07] Worker 1 at iteration 5 will use MIP start file: /scratch/yorig/mpils-results-grid-seconds-5/easy/8proc/seed-2/9_supportcase18_seed-2_20260503_003112/iterated_local_search/run_1_worker_0/mip_starts/mip_start_eval_3_config_10346973009034893901.mst
[INFO]:[00:36:07] Starting local search phase...
[INFO]:[00:36:07] Creating local search space from parameter space file: /scratch/yorig/mpils-results-grid-seconds-5/easy/8proc/seed-2/9_supportcase18_seed-2_20260503_003112/iterated_local_search/search_space/search_space_file_5_worker_1.txt
[INFO]:[00:36:07] Local search space loaded from file: /scratch/yorig/mpils-results-grid-seconds-5/easy/8proc/seed-2/9_supportcase18_seed-2_20260503_003112/iterated_local_search/search_space/search_space_file_5_worker_1.txt
[INFO]:[00:36:07] Number of parameters in local search space: 71
[INFO]:[00:36:07] Number of forbidden tuples in local search space: 67
[INFO]:[00:36:07] Number of conditionals in local search space: 6
[INFO]:[00:36:07] Using MIP start file for local search: /scratch/yorig/mpils-results-grid-seconds-5/easy/8proc/seed-2/9_supportcase18_seed-2_20260503_003112/iterated_local_search/run_1_worker_0/mip_starts/mip_start_eval_3_config_10346973009034893901.mst
[INFO]:[00:36:07] Evaluating initial configuration for local search phase...
[INFO]:[00:36:07] Starting CPLEX solver on instance: /home/yorig/tuner/mpils-tests/instances/miplib/easy/supportcase18.mps with config: /scratch/yorig/mpils-results-grid-seconds-5/easy/8proc/seed-2/9_supportcase18_seed-2_20260503_003112/iterated_local_search/run_5_worker_1/ils_config_10346973009034893900.prm
[INFO]:[00:36:07] Starting CPLEX solver on instance: /home/yorig/tuner/mpils-tests/instances/miplib/easy/supportcase18.mps with config: /scratch/yorig/mpils-results-grid-seconds-5/easy/8proc/seed-2/9_supportcase18_seed-2_20260503_003112/iterated_local_search/run_5_worker_1/ils_config_10346973009034893900.prm
[INFO]:[00:36:12] CPLEX results. Gap: 3.700000, upper bound: 49.000000, lower bound: 47.186667
[INFO]:[00:36:12] CPLEX solver finished. Gap: 3.700000
[INFO]:[00:36:12] Initial configuration evaluated with objective value: 3.7
[INFO]:[00:36:12] Starting CPLEX solver on instance: /home/yorig/tuner/mpils-tests/instances/miplib/easy/supportcase18.mps with config: /scratch/yorig/mpils-results-grid-seconds-5/easy/8proc/seed-2/9_supportcase18_seed-2_20260503_003112/iterated_local_search/run_5_worker_1/ils_config_16198167265198118514.prm
[INFO]:[00:36:12] Starting CPLEX solver on instance: /home/yorig/tuner/mpils-tests/instances/miplib/easy/supportcase18.mps with config: /scratch/yorig/mpils-results-grid-seconds-5/easy/8proc/seed-2/9_supportcase18_seed-2_20260503_003112/iterated_local_search/run_5_worker_1/ils_config_16198167265198118514.prm
[INFO]:[00:36:18] CPLEX results. Gap: 3.700000, upper bound: 49.000000, lower bound: 47.186667
[INFO]:[00:36:18] CPLEX solver finished. Gap: 3.700000
[INFO]:[00:36:18] Starting CPLEX solver on instance: /home/yorig/tuner/mpils-tests/instances/miplib/easy/supportcase18.mps with config: /scratch/yorig/mpils-results-grid-seconds-5/easy/8proc/seed-2/9_supportcase18_seed-2_20260503_003112/iterated_local_search/run_5_worker_1/ils_config_18241476836697581090.prm
[INFO]:[00:36:18] Starting CPLEX solver on instance: /home/yorig/tuner/mpils-tests/instances/miplib/easy/supportcase18.mps with config: /scratch/yorig/mpils-results-grid-seconds-5/easy/8proc/seed-2/9_supportcase18_seed-2_20260503_003112/iterated_local_search/run_5_worker_1/ils_config_18241476836697581090.prm
[INFO]:[00:36:23] CPLEX results. Gap: 3.700000, upper bound: 49.000000, lower bound: 47.186667
[INFO]:[00:36:23] CPLEX solver finished. Gap: 3.700000
[INFO]:[00:36:23] Starting CPLEX solver on instance: /home/yorig/tuner/mpils-tests/instances/miplib/easy/supportcase18.mps with config: /scratch/yorig/mpils-results-grid-seconds-5/easy/8proc/seed-2/9_supportcase18_seed-2_20260503_003112/iterated_local_search/run_5_worker_1/ils_config_5612135488525219868.prm
[INFO]:[00:36:23] Starting CPLEX solver on instance: /home/yorig/tuner/mpils-tests/instances/miplib/easy/supportcase18.mps with config: /scratch/yorig/mpils-results-grid-seconds-5/easy/8proc/seed-2/9_supportcase18_seed-2_20260503_003112/iterated_local_search/run_5_worker_1/ils_config_5612135488525219868.prm
[INFO]:[00:36:28] CPLEX results. Gap: 3.700000, upper bound: 49.000000, lower bound: 47.186667
[INFO]:[00:36:28] CPLEX solver finished. Gap: 3.700000
[INFO]:[00:36:28] Starting CPLEX solver on instance: /home/yorig/tuner/mpils-tests/instances/miplib/easy/supportcase18.mps with config: /scratch/yorig/mpils-results-grid-seconds-5/easy/8proc/seed-2/9_supportcase18_seed-2_20260503_003112/iterated_local_search/run_5_worker_1/ils_config_10359148922213884816.prm
[INFO]:[00:36:28] Starting CPLEX solver on instance: /home/yorig/tuner/mpils-tests/instances/miplib/easy/supportcase18.mps with config: /scratch/yorig/mpils-results-grid-seconds-5/easy/8proc/seed-2/9_supportcase18_seed-2_20260503_003112/iterated_local_search/run_5_worker_1/ils_config_10359148922213884816.prm
[INFO]:[00:36:33] CPLEX results. Gap: 3.700000, upper bound: 49.000000, lower bound: 47.186667
[INFO]:[00:36:33] CPLEX solver finished. Gap: 3.700000
[INFO]:[00:36:33] Starting CPLEX solver on instance: /home/yorig/tuner/mpils-tests/instances/miplib/easy/supportcase18.mps with config: /scratch/yorig/mpils-results-grid-seconds-5/easy/8proc/seed-2/9_supportcase18_seed-2_20260503_003112/iterated_local_search/run_5_worker_1/ils_config_11258626820240412709.prm
[INFO]:[00:36:33] Starting CPLEX solver on instance: /home/yorig/tuner/mpils-tests/instances/miplib/easy/supportcase18.mps with config: /scratch/yorig/mpils-results-grid-seconds-5/easy/8proc/seed-2/9_supportcase18_seed-2_20260503_003112/iterated_local_search/run_5_worker_1/ils_config_11258626820240412709.prm
[INFO]:[00:36:38] CPLEX results. Gap: 3.700000, upper bound: 49.000000, lower bound: 47.186667
[INFO]:[00:36:38] CPLEX solver finished. Gap: 3.700000
[INFO]:[00:36:38] Starting CPLEX solver on instance: /home/yorig/tuner/mpils-tests/instances/miplib/easy/supportcase18.mps with config: /scratch/yorig/mpils-results-grid-seconds-5/easy/8proc/seed-2/9_supportcase18_seed-2_20260503_003112/iterated_local_search/run_5_worker_1/ils_config_15956713994372219933.prm
[INFO]:[00:36:38] Starting CPLEX solver on instance: /home/yorig/tuner/mpils-tests/instances/miplib/easy/supportcase18.mps with config: /scratch/yorig/mpils-results-grid-seconds-5/easy/8proc/seed-2/9_supportcase18_seed-2_20260503_003112/iterated_local_search/run_5_worker_1/ils_config_15956713994372219933.prm
[INFO]:[00:36:43] CPLEX results. Gap: 3.700000, upper bound: 49.000000, lower bound: 47.186667
[INFO]:[00:36:43] CPLEX solver finished. Gap: 3.700000
[INFO]:[00:36:43] Starting CPLEX solver on instance: /home/yorig/tuner/mpils-tests/instances/miplib/easy/supportcase18.mps with config: /scratch/yorig/mpils-results-grid-seconds-5/easy/8proc/seed-2/9_supportcase18_seed-2_20260503_003112/iterated_local_search/run_5_worker_1/ils_config_9305675024517210462.prm
[INFO]:[00:36:43] Starting CPLEX solver on instance: /home/yorig/tuner/mpils-tests/instances/miplib/easy/supportcase18.mps with config: /scratch/yorig/mpils-results-grid-seconds-5/easy/8proc/seed-2/9_supportcase18_seed-2_20260503_003112/iterated_local_search/run_5_worker_1/ils_config_9305675024517210462.prm
[INFO]:[00:36:48] CPLEX results. Gap: 3.700000, upper bound: 49.000000, lower bound: 47.186667
[INFO]:[00:36:48] CPLEX solver finished. Gap: 3.700000
[INFO]:[00:36:48] Starting CPLEX solver on instance: /home/yorig/tuner/mpils-tests/instances/miplib/easy/supportcase18.mps with config: /scratch/yorig/mpils-results-grid-seconds-5/easy/8proc/seed-2/9_supportcase18_seed-2_20260503_003112/iterated_local_search/run_5_worker_1/ils_config_13824122303216886341.prm
[INFO]:[00:36:48] Starting CPLEX solver on instance: /home/yorig/tuner/mpils-tests/instances/miplib/easy/supportcase18.mps with config: /scratch/yorig/mpils-results-grid-seconds-5/easy/8proc/seed-2/9_supportcase18_seed-2_20260503_003112/iterated_local_search/run_5_worker_1/ils_config_13824122303216886341.prm
[INFO]:[00:36:53] CPLEX results. Gap: 3.700000, upper bound: 49.000000, lower bound: 47.186667
[INFO]:[00:36:53] CPLEX solver finished. Gap: 3.700000
[INFO]:[00:36:53] Starting CPLEX solver on instance: /home/yorig/tuner/mpils-tests/instances/miplib/easy/supportcase18.mps with config: /scratch/yorig/mpils-results-grid-seconds-5/easy/8proc/seed-2/9_supportcase18_seed-2_20260503_003112/iterated_local_search/run_5_worker_1/ils_config_17270530020856439768.prm
[INFO]:[00:36:53] Starting CPLEX solver on instance: /home/yorig/tuner/mpils-tests/instances/miplib/easy/supportcase18.mps with config: /scratch/yorig/mpils-results-grid-seconds-5/easy/8proc/seed-2/9_supportcase18_seed-2_20260503_003112/iterated_local_search/run_5_worker_1/ils_config_17270530020856439768.prm
[INFO]:[00:36:58] CPLEX results. Gap: 3.700000, upper bound: 49.000000, lower bound: 47.186667
[INFO]:[00:36:58] CPLEX solver finished. Gap: 3.700000
[INFO]:[00:36:58] Starting CPLEX solver on instance: /home/yorig/tuner/mpils-tests/instances/miplib/easy/supportcase18.mps with config: /scratch/yorig/mpils-results-grid-seconds-5/easy/8proc/seed-2/9_supportcase18_seed-2_20260503_003112/iterated_local_search/run_5_worker_1/ils_config_16904177619344245351.prm
[INFO]:[00:36:58] Starting CPLEX solver on instance: /home/yorig/tuner/mpils-tests/instances/miplib/easy/supportcase18.mps with config: /scratch/yorig/mpils-results-grid-seconds-5/easy/8proc/seed-2/9_supportcase18_seed-2_20260503_003112/iterated_local_search/run_5_worker_1/ils_config_16904177619344245351.prm
[INFO]:[00:37:03] CPLEX results. Gap: 3.700000, upper bound: 49.000000, lower bound: 47.186667
[INFO]:[00:37:03] CPLEX solver finished. Gap: 3.700000
[INFO]:[00:37:03] Starting CPLEX solver on instance: /home/yorig/tuner/mpils-tests/instances/miplib/easy/supportcase18.mps with config: /scratch/yorig/mpils-results-grid-seconds-5/easy/8proc/seed-2/9_supportcase18_seed-2_20260503_003112/iterated_local_search/run_5_worker_1/ils_config_1975221607635446048.prm
[INFO]:[00:37:03] Starting CPLEX solver on instance: /home/yorig/tuner/mpils-tests/instances/miplib/easy/supportcase18.mps with config: /scratch/yorig/mpils-results-grid-seconds-5/easy/8proc/seed-2/9_supportcase18_seed-2_20260503_003112/iterated_local_search/run_5_worker_1/ils_config_1975221607635446048.prm
[INFO]:[00:37:08] CPLEX results. Gap: 3.700000, upper bound: 49.000000, lower bound: 47.186667
[INFO]:[00:37:08] CPLEX solver finished. Gap: 3.700000
[INFO]:[00:37:08] Starting CPLEX solver on instance: /home/yorig/tuner/mpils-tests/instances/miplib/easy/supportcase18.mps with config: /scratch/yorig/mpils-results-grid-seconds-5/easy/8proc/seed-2/9_supportcase18_seed-2_20260503_003112/iterated_local_search/run_5_worker_1/ils_config_18376070986783721603.prm
[INFO]:[00:37:08] Starting CPLEX solver on instance: /home/yorig/tuner/mpils-tests/instances/miplib/easy/supportcase18.mps with config: /scratch/yorig/mpils-results-grid-seconds-5/easy/8proc/seed-2/9_supportcase18_seed-2_20260503_003112/iterated_local_search/run_5_worker_1/ils_config_18376070986783721603.prm
[INFO]:[00:37:13] CPLEX results. Gap: 3.700000, upper bound: 49.000000, lower bound: 47.186667
[INFO]:[00:37:13] CPLEX solver finished. Gap: 3.700000
[INFO]:[00:37:13] Starting CPLEX solver on instance: /home/yorig/tuner/mpils-tests/instances/miplib/easy/supportcase18.mps with config: /scratch/yorig/mpils-results-grid-seconds-5/easy/8proc/seed-2/9_supportcase18_seed-2_20260503_003112/iterated_local_search/run_5_worker_1/ils_config_9238370331218205978.prm
[INFO]:[00:37:13] Starting CPLEX solver on instance: /home/yorig/tuner/mpils-tests/instances/miplib/easy/supportcase18.mps with config: /scratch/yorig/mpils-results-grid-seconds-5/easy/8proc/seed-2/9_supportcase18_seed-2_20260503_003112/iterated_local_search/run_5_worker_1/ils_config_9238370331218205978.prm
[INFO]:[00:37:18] CPLEX results. Gap: 3.700000, upper bound: 49.000000, lower bound: 47.186667
[INFO]:[00:37:18] CPLEX solver finished. Gap: 3.700000
[INFO]:[00:37:18] Starting CPLEX solver on instance: /home/yorig/tuner/mpils-tests/instances/miplib/easy/supportcase18.mps with config: /scratch/yorig/mpils-results-grid-seconds-5/easy/8proc/seed-2/9_supportcase18_seed-2_20260503_003112/iterated_local_search/run_5_worker_1/ils_config_5672817812757806090.prm
[INFO]:[00:37:18] Starting CPLEX solver on instance: /home/yorig/tuner/mpils-tests/instances/miplib/easy/supportcase18.mps with config: /scratch/yorig/mpils-results-grid-seconds-5/easy/8proc/seed-2/9_supportcase18_seed-2_20260503_003112/iterated_local_search/run_5_worker_1/ils_config_5672817812757806090.prm
[INFO]:[00:37:24] CPLEX results. Gap: 3.700000, upper bound: 49.000000, lower bound: 47.186667
[INFO]:[00:37:24] CPLEX solver finished. Gap: 3.700000
[INFO]:[00:37:24] Starting CPLEX solver on instance: /home/yorig/tuner/mpils-tests/instances/miplib/easy/supportcase18.mps with config: /scratch/yorig/mpils-results-grid-seconds-5/easy/8proc/seed-2/9_supportcase18_seed-2_20260503_003112/iterated_local_search/run_5_worker_1/ils_config_15273498181807445163.prm
[INFO]:[00:37:24] Starting CPLEX solver on instance: /home/yorig/tuner/mpils-tests/instances/miplib/easy/supportcase18.mps with config: /scratch/yorig/mpils-results-grid-seconds-5/easy/8proc/seed-2/9_supportcase18_seed-2_20260503_003112/iterated_local_search/run_5_worker_1/ils_config_15273498181807445163.prm
[INFO]:[00:37:29] CPLEX results. Gap: 3.700000, upper bound: 49.000000, lower bound: 47.186667
[INFO]:[00:37:29] CPLEX solver finished. Gap: 3.700000
[INFO]:[00:37:29] Starting CPLEX solver on instance: /home/yorig/tuner/mpils-tests/instances/miplib/easy/supportcase18.mps with config: /scratch/yorig/mpils-results-grid-seconds-5/easy/8proc/seed-2/9_supportcase18_seed-2_20260503_003112/iterated_local_search/run_5_worker_1/ils_config_18069049565768102883.prm
[INFO]:[00:37:29] Starting CPLEX solver on instance: /home/yorig/tuner/mpils-tests/instances/miplib/easy/supportcase18.mps with config: /scratch/yorig/mpils-results-grid-seconds-5/easy/8proc/seed-2/9_supportcase18_seed-2_20260503_003112/iterated_local_search/run_5_worker_1/ils_config_18069049565768102883.prm
[INFO]:[00:37:34] CPLEX results. Gap: 3.700000, upper bound: 49.000000, lower bound: 47.186667
[INFO]:[00:37:34] CPLEX solver finished. Gap: 3.700000
[INFO]:[00:37:34] Starting CPLEX solver on instance: /home/yorig/tuner/mpils-tests/instances/miplib/easy/supportcase18.mps with config: /scratch/yorig/mpils-results-grid-seconds-5/easy/8proc/seed-2/9_supportcase18_seed-2_20260503_003112/iterated_local_search/run_5_worker_1/ils_config_4323609350153015524.prm
[INFO]:[00:37:34] Starting CPLEX solver on instance: /home/yorig/tuner/mpils-tests/instances/miplib/easy/supportcase18.mps with config: /scratch/yorig/mpils-results-grid-seconds-5/easy/8proc/seed-2/9_supportcase18_seed-2_20260503_003112/iterated_local_search/run_5_worker_1/ils_config_4323609350153015524.prm
[INFO]:[00:37:39] CPLEX results. Gap: 3.700000, upper bound: 49.000000, lower bound: 47.186667
[INFO]:[00:37:39] CPLEX solver finished. Gap: 3.700000
[INFO]:[00:37:39] Local search phase completed.
[INFO]:[00:37:39] Total number of new local-search evaluations: 18
[INFO]:[00:37:39] Final incumbent objective value: 3.7
[INFO]:[00:37:39] Worker 1 completed exploration phase.
[INFO]:[00:37:39] Worker 1 received order for step 2.
[INFO]:[00:37:39] Worker 1 running expansion phase for iteration 5.
[INFO]:[00:37:39] Worker 1 will use solver log file: /scratch/yorig/mpils-results-grid-seconds-5/easy/8proc/seed-2/9_supportcase18_seed-2_20260503_003112/solver/cplex.log_iteration_expansion_5_worker_1
[INFO]:[00:37:39] Expansion Worker 1 starting expansion for iteration 5.
[INFO]:[00:37:39] Starting CPLEX solver on instance: /home/yorig/tuner/mpils-tests/instances/miplib/easy/supportcase18.mps with config: /scratch/yorig/mpils-results-grid-seconds-5/easy/8proc/seed-2/9_supportcase18_seed-2_20260503_003112/expansion/config_param_CPXPARAM_LPMethod_1_iter_5.prm
[INFO]:[00:37:44] CPLEX results. Gap: 3.700000, upper bound: 49.000000, lower bound: 47.186667
[INFO]:[00:37:44] CPLEX solver finished. Gap: 3.700000
[INFO]:[00:37:44] Starting CPLEX solver on instance: /home/yorig/tuner/mpils-tests/instances/miplib/easy/supportcase18.mps with config: /scratch/yorig/mpils-results-grid-seconds-5/easy/8proc/seed-2/9_supportcase18_seed-2_20260503_003112/expansion/config_param_CPXPARAM_LPMethod_2_iter_5.prm
[INFO]:[00:37:49] CPLEX results. Gap: 3.700000, upper bound: 49.000000, lower bound: 47.186667
[INFO]:[00:37:49] CPLEX solver finished. Gap: 3.700000
[INFO]:[00:37:49] Starting CPLEX solver on instance: /home/yorig/tuner/mpils-tests/instances/miplib/easy/supportcase18.mps with config: /scratch/yorig/mpils-results-grid-seconds-5/easy/8proc/seed-2/9_supportcase18_seed-2_20260503_003112/expansion/config_param_CPXPARAM_LPMethod_3_iter_5.prm
[INFO]:[00:37:54] CPLEX results. Gap: 3.700000, upper bound: 49.000000, lower bound: 47.186667
[INFO]:[00:37:54] CPLEX solver finished. Gap: 3.700000
[INFO]:[00:37:54] Starting CPLEX solver on instance: /home/yorig/tuner/mpils-tests/instances/miplib/easy/supportcase18.mps with config: /scratch/yorig/mpils-results-grid-seconds-5/easy/8proc/seed-2/9_supportcase18_seed-2_20260503_003112/expansion/config_param_CPXPARAM_LPMethod_4_iter_5.prm
[INFO]:[00:37:59] CPLEX results. Gap: 3.700000, upper bound: 49.000000, lower bound: 47.186667
[INFO]:[00:37:59] CPLEX solver finished. Gap: 3.700000
[INFO]:[00:37:59] Expansion Worker 1 completed expansion.
[INFO]:[00:37:59] Worker 1 completed expansion phase.
[INFO]:[00:37:59] Worker 1 received order for step 1.
[INFO]:[00:37:59] Worker 1 running exploration phase for iteration 6.
[INFO]:[00:37:59] Worker 1 at iteration 6 will use MIP start file: /scratch/yorig/mpils-results-grid-seconds-5/easy/8proc/seed-2/9_supportcase18_seed-2_20260503_003112/iterated_local_search/run_1_worker_0/mip_starts/mip_start_eval_3_config_10346973009034893901.mst
[INFO]:[00:37:59] Starting local search phase...
[INFO]:[00:37:59] Creating local search space from parameter space file: /scratch/yorig/mpils-results-grid-seconds-5/easy/8proc/seed-2/9_supportcase18_seed-2_20260503_003112/iterated_local_search/search_space/search_space_file_6_worker_1.txt
[INFO]:[00:37:59] Local search space loaded from file: /scratch/yorig/mpils-results-grid-seconds-5/easy/8proc/seed-2/9_supportcase18_seed-2_20260503_003112/iterated_local_search/search_space/search_space_file_6_worker_1.txt
[INFO]:[00:37:59] Number of parameters in local search space: 71
[INFO]:[00:37:59] Number of forbidden tuples in local search space: 87
[INFO]:[00:37:59] Number of conditionals in local search space: 6
[INFO]:[00:37:59] Using MIP start file for local search: /scratch/yorig/mpils-results-grid-seconds-5/easy/8proc/seed-2/9_supportcase18_seed-2_20260503_003112/iterated_local_search/run_1_worker_0/mip_starts/mip_start_eval_3_config_10346973009034893901.mst
[INFO]:[00:37:59] Evaluating initial configuration for local search phase...
[INFO]:[00:37:59] Starting CPLEX solver on instance: /home/yorig/tuner/mpils-tests/instances/miplib/easy/supportcase18.mps with config: /scratch/yorig/mpils-results-grid-seconds-5/easy/8proc/seed-2/9_supportcase18_seed-2_20260503_003112/iterated_local_search/run_6_worker_1/ils_config_10346973009034893900.prm
[INFO]:[00:37:59] Starting CPLEX solver on instance: /home/yorig/tuner/mpils-tests/instances/miplib/easy/supportcase18.mps with config: /scratch/yorig/mpils-results-grid-seconds-5/easy/8proc/seed-2/9_supportcase18_seed-2_20260503_003112/iterated_local_search/run_6_worker_1/ils_config_10346973009034893900.prm
[INFO]:[00:38:04] CPLEX results. Gap: 3.700000, upper bound: 49.000000, lower bound: 47.186667
[INFO]:[00:38:04] CPLEX solver finished. Gap: 3.700000
[INFO]:[00:38:04] Initial configuration evaluated with objective value: 3.7
[INFO]:[00:38:04] Starting CPLEX solver on instance: /home/yorig/tuner/mpils-tests/instances/miplib/easy/supportcase18.mps with config: /scratch/yorig/mpils-results-grid-seconds-5/easy/8proc/seed-2/9_supportcase18_seed-2_20260503_003112/iterated_local_search/run_6_worker_1/ils_config_12816146793675668532.prm
[INFO]:[00:38:04] Starting CPLEX solver on instance: /home/yorig/tuner/mpils-tests/instances/miplib/easy/supportcase18.mps with config: /scratch/yorig/mpils-results-grid-seconds-5/easy/8proc/seed-2/9_supportcase18_seed-2_20260503_003112/iterated_local_search/run_6_worker_1/ils_config_12816146793675668532.prm
[INFO]:[00:38:09] CPLEX results. Gap: 3.700000, upper bound: 49.000000, lower bound: 47.186667
[INFO]:[00:38:09] CPLEX solver finished. Gap: 3.700000
[INFO]:[00:38:09] Starting CPLEX solver on instance: /home/yorig/tuner/mpils-tests/instances/miplib/easy/supportcase18.mps with config: /scratch/yorig/mpils-results-grid-seconds-5/easy/8proc/seed-2/9_supportcase18_seed-2_20260503_003112/iterated_local_search/run_6_worker_1/ils_config_15392138444472305866.prm
[INFO]:[00:38:09] Starting CPLEX solver on instance: /home/yorig/tuner/mpils-tests/instances/miplib/easy/supportcase18.mps with config: /scratch/yorig/mpils-results-grid-seconds-5/easy/8proc/seed-2/9_supportcase18_seed-2_20260503_003112/iterated_local_search/run_6_worker_1/ils_config_15392138444472305866.prm
[INFO]:[00:38:14] CPLEX results. Gap: 3.700000, upper bound: 49.000000, lower bound: 47.186667
[INFO]:[00:38:14] CPLEX solver finished. Gap: 3.700000
[INFO]:[00:38:14] Starting CPLEX solver on instance: /home/yorig/tuner/mpils-tests/instances/miplib/easy/supportcase18.mps with config: /scratch/yorig/mpils-results-grid-seconds-5/easy/8proc/seed-2/9_supportcase18_seed-2_20260503_003112/iterated_local_search/run_6_worker_1/ils_config_16198167265198118514.prm
[INFO]:[00:38:14] Starting CPLEX solver on instance: /home/yorig/tuner/mpils-tests/instances/miplib/easy/supportcase18.mps with config: /scratch/yorig/mpils-results-grid-seconds-5/easy/8proc/seed-2/9_supportcase18_seed-2_20260503_003112/iterated_local_search/run_6_worker_1/ils_config_16198167265198118514.prm
[INFO]:[00:38:19] CPLEX results. Gap: 3.700000, upper bound: 49.000000, lower bound: 47.186667
[INFO]:[00:38:19] CPLEX solver finished. Gap: 3.700000
[INFO]:[00:38:19] Starting CPLEX solver on instance: /home/yorig/tuner/mpils-tests/instances/miplib/easy/supportcase18.mps with config: /scratch/yorig/mpils-results-grid-seconds-5/easy/8proc/seed-2/9_supportcase18_seed-2_20260503_003112/iterated_local_search/run_6_worker_1/ils_config_10359148922213884816.prm
[INFO]:[00:38:19] Starting CPLEX solver on instance: /home/yorig/tuner/mpils-tests/instances/miplib/easy/supportcase18.mps with config: /scratch/yorig/mpils-results-grid-seconds-5/easy/8proc/seed-2/9_supportcase18_seed-2_20260503_003112/iterated_local_search/run_6_worker_1/ils_config_10359148922213884816.prm
[INFO]:[00:38:25] CPLEX results. Gap: 3.700000, upper bound: 49.000000, lower bound: 47.186667
[INFO]:[00:38:25] CPLEX solver finished. Gap: 3.700000
[INFO]:[00:38:25] Starting CPLEX solver on instance: /home/yorig/tuner/mpils-tests/instances/miplib/easy/supportcase18.mps with config: /scratch/yorig/mpils-results-grid-seconds-5/easy/8proc/seed-2/9_supportcase18_seed-2_20260503_003112/iterated_local_search/run_6_worker_1/ils_config_7713530131881664635.prm
[INFO]:[00:38:25] Starting CPLEX solver on instance: /home/yorig/tuner/mpils-tests/instances/miplib/easy/supportcase18.mps with config: /scratch/yorig/mpils-results-grid-seconds-5/easy/8proc/seed-2/9_supportcase18_seed-2_20260503_003112/iterated_local_search/run_6_worker_1/ils_config_7713530131881664635.prm
[INFO]:[00:38:30] CPLEX results. Gap: 3.700000, upper bound: 49.000000, lower bound: 47.186667
[INFO]:[00:38:30] CPLEX solver finished. Gap: 3.700000
[INFO]:[00:38:30] Starting CPLEX solver on instance: /home/yorig/tuner/mpils-tests/instances/miplib/easy/supportcase18.mps with config: /scratch/yorig/mpils-results-grid-seconds-5/easy/8proc/seed-2/9_supportcase18_seed-2_20260503_003112/iterated_local_search/run_6_worker_1/ils_config_15273498181807445163.prm
[INFO]:[00:38:30] Starting CPLEX solver on instance: /home/yorig/tuner/mpils-tests/instances/miplib/easy/supportcase18.mps with config: /scratch/yorig/mpils-results-grid-seconds-5/easy/8proc/seed-2/9_supportcase18_seed-2_20260503_003112/iterated_local_search/run_6_worker_1/ils_config_15273498181807445163.prm
[INFO]:[00:38:35] CPLEX results. Gap: 3.700000, upper bound: 49.000000, lower bound: 47.186667
[INFO]:[00:38:35] CPLEX solver finished. Gap: 3.700000
[INFO]:[00:38:35] Starting CPLEX solver on instance: /home/yorig/tuner/mpils-tests/instances/miplib/easy/supportcase18.mps with config: /scratch/yorig/mpils-results-grid-seconds-5/easy/8proc/seed-2/9_supportcase18_seed-2_20260503_003112/iterated_local_search/run_6_worker_1/ils_config_7182317055943276212.prm
[INFO]:[00:38:35] Starting CPLEX solver on instance: /home/yorig/tuner/mpils-tests/instances/miplib/easy/supportcase18.mps with config: /scratch/yorig/mpils-results-grid-seconds-5/easy/8proc/seed-2/9_supportcase18_seed-2_20260503_003112/iterated_local_search/run_6_worker_1/ils_config_7182317055943276212.prm
[INFO]:[00:38:40] CPLEX results. Gap: 3.700000, upper bound: 49.000000, lower bound: 47.186667
[INFO]:[00:38:40] CPLEX solver finished. Gap: 3.700000
[INFO]:[00:38:40] Starting CPLEX solver on instance: /home/yorig/tuner/mpils-tests/instances/miplib/easy/supportcase18.mps with config: /scratch/yorig/mpils-results-grid-seconds-5/easy/8proc/seed-2/9_supportcase18_seed-2_20260503_003112/iterated_local_search/run_6_worker_1/ils_config_14315042941458164986.prm
[INFO]:[00:38:40] Starting CPLEX solver on instance: /home/yorig/tuner/mpils-tests/instances/miplib/easy/supportcase18.mps with config: /scratch/yorig/mpils-results-grid-seconds-5/easy/8proc/seed-2/9_supportcase18_seed-2_20260503_003112/iterated_local_search/run_6_worker_1/ils_config_14315042941458164986.prm
[INFO]:[00:38:45] CPLEX results. Gap: 3.700000, upper bound: 49.000000, lower bound: 47.186667
[INFO]:[00:38:45] CPLEX solver finished. Gap: 3.700000
[INFO]:[00:38:45] Starting CPLEX solver on instance: /home/yorig/tuner/mpils-tests/instances/miplib/easy/supportcase18.mps with config: /scratch/yorig/mpils-results-grid-seconds-5/easy/8proc/seed-2/9_supportcase18_seed-2_20260503_003112/iterated_local_search/run_6_worker_1/ils_config_13824122303216886341.prm
[INFO]:[00:38:45] Starting CPLEX solver on instance: /home/yorig/tuner/mpils-tests/instances/miplib/easy/supportcase18.mps with config: /scratch/yorig/mpils-results-grid-seconds-5/easy/8proc/seed-2/9_supportcase18_seed-2_20260503_003112/iterated_local_search/run_6_worker_1/ils_config_13824122303216886341.prm
[INFO]:[00:38:50] CPLEX results. Gap: 3.700000, upper bound: 49.000000, lower bound: 47.186667
[INFO]:[00:38:50] CPLEX solver finished. Gap: 3.700000
[INFO]:[00:38:50] Starting CPLEX solver on instance: /home/yorig/tuner/mpils-tests/instances/miplib/easy/supportcase18.mps with config: /scratch/yorig/mpils-results-grid-seconds-5/easy/8proc/seed-2/9_supportcase18_seed-2_20260503_003112/iterated_local_search/run_6_worker_1/ils_config_906863947708365551.prm
[INFO]:[00:38:50] Starting CPLEX solver on instance: /home/yorig/tuner/mpils-tests/instances/miplib/easy/supportcase18.mps with config: /scratch/yorig/mpils-results-grid-seconds-5/easy/8proc/seed-2/9_supportcase18_seed-2_20260503_003112/iterated_local_search/run_6_worker_1/ils_config_906863947708365551.prm
[INFO]:[00:38:55] CPLEX results. Gap: 3.700000, upper bound: 49.000000, lower bound: 47.186667
[INFO]:[00:38:55] CPLEX solver finished. Gap: 3.700000
[INFO]:[00:38:55] Starting CPLEX solver on instance: /home/yorig/tuner/mpils-tests/instances/miplib/easy/supportcase18.mps with config: /scratch/yorig/mpils-results-grid-seconds-5/easy/8proc/seed-2/9_supportcase18_seed-2_20260503_003112/iterated_local_search/run_6_worker_1/ils_config_16670300453438049733.prm
[INFO]:[00:38:55] Starting CPLEX solver on instance: /home/yorig/tuner/mpils-tests/instances/miplib/easy/supportcase18.mps with config: /scratch/yorig/mpils-results-grid-seconds-5/easy/8proc/seed-2/9_supportcase18_seed-2_20260503_003112/iterated_local_search/run_6_worker_1/ils_config_16670300453438049733.prm
[INFO]:[00:39:00] CPLEX results. Gap: 3.700000, upper bound: 49.000000, lower bound: 47.186667
[INFO]:[00:39:00] CPLEX solver finished. Gap: 3.700000
[INFO]:[00:39:00] Starting CPLEX solver on instance: /home/yorig/tuner/mpils-tests/instances/miplib/easy/supportcase18.mps with config: /scratch/yorig/mpils-results-grid-seconds-5/easy/8proc/seed-2/9_supportcase18_seed-2_20260503_003112/iterated_local_search/run_6_worker_1/ils_config_18376070986783721603.prm
[INFO]:[00:39:00] Starting CPLEX solver on instance: /home/yorig/tuner/mpils-tests/instances/miplib/easy/supportcase18.mps with config: /scratch/yorig/mpils-results-grid-seconds-5/easy/8proc/seed-2/9_supportcase18_seed-2_20260503_003112/iterated_local_search/run_6_worker_1/ils_config_18376070986783721603.prm
[INFO]:[00:39:05] CPLEX results. Gap: 3.700000, upper bound: 49.000000, lower bound: 47.186667
[INFO]:[00:39:05] CPLEX solver finished. Gap: 3.700000
[INFO]:[00:39:05] Starting CPLEX solver on instance: /home/yorig/tuner/mpils-tests/instances/miplib/easy/supportcase18.mps with config: /scratch/yorig/mpils-results-grid-seconds-5/easy/8proc/seed-2/9_supportcase18_seed-2_20260503_003112/iterated_local_search/run_6_worker_1/ils_config_2045221141382991417.prm
[INFO]:[00:39:05] Starting CPLEX solver on instance: /home/yorig/tuner/mpils-tests/instances/miplib/easy/supportcase18.mps with config: /scratch/yorig/mpils-results-grid-seconds-5/easy/8proc/seed-2/9_supportcase18_seed-2_20260503_003112/iterated_local_search/run_6_worker_1/ils_config_2045221141382991417.prm
[INFO]:[00:39:10] CPLEX results. Gap: 3.700000, upper bound: 49.000000, lower bound: 47.186667
[INFO]:[00:39:10] CPLEX solver finished. Gap: 3.700000
[INFO]:[00:39:10] Starting CPLEX solver on instance: /home/yorig/tuner/mpils-tests/instances/miplib/easy/supportcase18.mps with config: /scratch/yorig/mpils-results-grid-seconds-5/easy/8proc/seed-2/9_supportcase18_seed-2_20260503_003112/iterated_local_search/run_6_worker_1/ils_config_4163833500341535389.prm
[INFO]:[00:39:10] Starting CPLEX solver on instance: /home/yorig/tuner/mpils-tests/instances/miplib/easy/supportcase18.mps with config: /scratch/yorig/mpils-results-grid-seconds-5/easy/8proc/seed-2/9_supportcase18_seed-2_20260503_003112/iterated_local_search/run_6_worker_1/ils_config_4163833500341535389.prm
[INFO]:[00:39:15] CPLEX results. Gap: 3.700000, upper bound: 49.000000, lower bound: 47.186667
[INFO]:[00:39:15] CPLEX solver finished. Gap: 3.700000
[INFO]:[00:39:15] Starting CPLEX solver on instance: /home/yorig/tuner/mpils-tests/instances/miplib/easy/supportcase18.mps with config: /scratch/yorig/mpils-results-grid-seconds-5/easy/8proc/seed-2/9_supportcase18_seed-2_20260503_003112/iterated_local_search/run_6_worker_1/ils_config_11258626820240412709.prm
[INFO]:[00:39:15] Starting CPLEX solver on instance: /home/yorig/tuner/mpils-tests/instances/miplib/easy/supportcase18.mps with config: /scratch/yorig/mpils-results-grid-seconds-5/easy/8proc/seed-2/9_supportcase18_seed-2_20260503_003112/iterated_local_search/run_6_worker_1/ils_config_11258626820240412709.prm
[INFO]:[00:39:20] CPLEX results. Gap: 3.700000, upper bound: 49.000000, lower bound: 47.186667
[INFO]:[00:39:20] CPLEX solver finished. Gap: 3.700000
[INFO]:[00:39:20] Starting CPLEX solver on instance: /home/yorig/tuner/mpils-tests/instances/miplib/easy/supportcase18.mps with config: /scratch/yorig/mpils-results-grid-seconds-5/easy/8proc/seed-2/9_supportcase18_seed-2_20260503_003112/iterated_local_search/run_6_worker_1/ils_config_1975221607635446048.prm
[INFO]:[00:39:20] Starting CPLEX solver on instance: /home/yorig/tuner/mpils-tests/instances/miplib/easy/supportcase18.mps with config: /scratch/yorig/mpils-results-grid-seconds-5/easy/8proc/seed-2/9_supportcase18_seed-2_20260503_003112/iterated_local_search/run_6_worker_1/ils_config_1975221607635446048.prm
[INFO]:[00:39:25] CPLEX results. Gap: 3.700000, upper bound: 49.000000, lower bound: 47.186667
[INFO]:[00:39:25] CPLEX solver finished. Gap: 3.700000
[INFO]:[00:39:25] Starting CPLEX solver on instance: /home/yorig/tuner/mpils-tests/instances/miplib/easy/supportcase18.mps with config: /scratch/yorig/mpils-results-grid-seconds-5/easy/8proc/seed-2/9_supportcase18_seed-2_20260503_003112/iterated_local_search/run_6_worker_1/ils_config_6082029737368658287.prm
[INFO]:[00:39:25] Starting CPLEX solver on instance: /home/yorig/tuner/mpils-tests/instances/miplib/easy/supportcase18.mps with config: /scratch/yorig/mpils-results-grid-seconds-5/easy/8proc/seed-2/9_supportcase18_seed-2_20260503_003112/iterated_local_search/run_6_worker_1/ils_config_6082029737368658287.prm
[INFO]:[00:39:30] CPLEX results. Gap: 3.700000, upper bound: 49.000000, lower bound: 47.186667
[INFO]:[00:39:30] CPLEX solver finished. Gap: 3.700000
[INFO]:[00:39:30] Local search phase completed.
[INFO]:[00:39:30] Total number of new local-search evaluations: 18
[INFO]:[00:39:30] Final incumbent objective value: 3.7
[INFO]:[00:39:30] Worker 1 completed exploration phase.
[INFO]:[00:39:30] Worker 1 received order for step 3.
[INFO]:[00:39:30] Worker 1 finished.
