[INFO]:[10:04:09] Worker 22 starting.
[INFO]:[10:04:09] Worker 22 received order for step 1.
[INFO]:[10:04:09] Worker 22 running exploration phase for iteration 1.
[INFO]:[10:04:09] Current MIP start info file not found: /scratch/yorig/mpils-results-grid-seconds-5/easy/24proc/seed-5/10_supportcase33_seed-5_20260503_100407/iterated_local_search/mip_start/current_mip_start_1.txt
[INFO]:[10:04:09] Worker 22 at iteration 1 will not use a MIP start file. Current best MIP-start upper bound threshold is 1.79769e+308.
[INFO]:[10:04:09] Starting local search phase...
[INFO]:[10:04:09] Creating local search space from parameter space file: /scratch/yorig/mpils-results-grid-seconds-5/easy/24proc/seed-5/10_supportcase33_seed-5_20260503_100407/iterated_local_search/search_space/search_space_file_1_worker_22.txt
[INFO]:[10:04:09] Local search space loaded from file: /scratch/yorig/mpils-results-grid-seconds-5/easy/24proc/seed-5/10_supportcase33_seed-5_20260503_100407/iterated_local_search/search_space/search_space_file_1_worker_22.txt
[INFO]:[10:04:09] Number of parameters in local search space: 71
[INFO]:[10:04:09] Number of forbidden tuples in local search space: 0
[INFO]:[10:04:09] Number of conditionals in local search space: 6
[INFO]:[10:04:09] MIP start option not enabled. Local search will proceed without MIP start.
[INFO]:[10:04:09] Evaluating initial configuration for local search phase...
[INFO]:[10:04:09] Starting CPLEX solver on instance: /home/yorig/tuner/mpils-tests/instances/miplib/easy/supportcase33.mps with config: /scratch/yorig/mpils-results-grid-seconds-5/easy/24proc/seed-5/10_supportcase33_seed-5_20260503_100407/iterated_local_search/run_1_worker_22/ils_config_128722871974727214.prm
[INFO]:[10:04:09] Starting CPLEX solver on instance: /home/yorig/tuner/mpils-tests/instances/miplib/easy/supportcase33.mps with config: /scratch/yorig/mpils-results-grid-seconds-5/easy/24proc/seed-5/10_supportcase33_seed-5_20260503_100407/iterated_local_search/run_1_worker_22/ils_config_128722871974727214.prm
[INFO]:[10:04:14] CPLEX results. Gap: 1075000000000000.000000, upper bound: 0.000000, lower bound: -1075.000000
[INFO]:[10:04:14] Writing MIP start file: /scratch/yorig/mpils-results-grid-seconds-5/easy/24proc/seed-5/10_supportcase33_seed-5_20260503_100407/iterated_local_search/run_1_worker_22/mip_starts/mip_start_eval_1_config_128722871974727214.mst
[INFO]:[10:04:14] CPLEX solver finished. Gap: 1075000000000000.000000
[INFO]:[10:04:14] Initial configuration evaluated with objective value: 1.075e+15
[INFO]:[10:04:14] Starting CPLEX solver on instance: /home/yorig/tuner/mpils-tests/instances/miplib/easy/supportcase33.mps with config: /scratch/yorig/mpils-results-grid-seconds-5/easy/24proc/seed-5/10_supportcase33_seed-5_20260503_100407/iterated_local_search/run_1_worker_22/ils_config_16406625615063887060.prm
[INFO]:[10:04:14] Starting CPLEX solver on instance: /home/yorig/tuner/mpils-tests/instances/miplib/easy/supportcase33.mps with config: /scratch/yorig/mpils-results-grid-seconds-5/easy/24proc/seed-5/10_supportcase33_seed-5_20260503_100407/iterated_local_search/run_1_worker_22/ils_config_16406625615063887060.prm
[INFO]:[10:04:19] CPLEX results. Gap: 1075000000000000.000000, upper bound: 0.000000, lower bound: -1075.000000
[INFO]:[10:04:19] CPLEX solver finished. Gap: 1075000000000000.000000
[INFO]:[10:04:19] Starting CPLEX solver on instance: /home/yorig/tuner/mpils-tests/instances/miplib/easy/supportcase33.mps with config: /scratch/yorig/mpils-results-grid-seconds-5/easy/24proc/seed-5/10_supportcase33_seed-5_20260503_100407/iterated_local_search/run_1_worker_22/ils_config_14079707343694061918.prm
[INFO]:[10:04:19] Starting CPLEX solver on instance: /home/yorig/tuner/mpils-tests/instances/miplib/easy/supportcase33.mps with config: /scratch/yorig/mpils-results-grid-seconds-5/easy/24proc/seed-5/10_supportcase33_seed-5_20260503_100407/iterated_local_search/run_1_worker_22/ils_config_14079707343694061918.prm
[INFO]:[10:04:24] CPLEX results. Gap: 1075000000000000.000000, upper bound: 0.000000, lower bound: -1075.000000
[INFO]:[10:04:24] CPLEX solver finished. Gap: 1075000000000000.000000
[INFO]:[10:04:24] Starting CPLEX solver on instance: /home/yorig/tuner/mpils-tests/instances/miplib/easy/supportcase33.mps with config: /scratch/yorig/mpils-results-grid-seconds-5/easy/24proc/seed-5/10_supportcase33_seed-5_20260503_100407/iterated_local_search/run_1_worker_22/ils_config_5987979841591396449.prm
[INFO]:[10:04:24] Starting CPLEX solver on instance: /home/yorig/tuner/mpils-tests/instances/miplib/easy/supportcase33.mps with config: /scratch/yorig/mpils-results-grid-seconds-5/easy/24proc/seed-5/10_supportcase33_seed-5_20260503_100407/iterated_local_search/run_1_worker_22/ils_config_5987979841591396449.prm
[INFO]:[10:04:29] CPLEX results. Gap: 1075000000000000.000000, upper bound: 0.000000, lower bound: -1075.000000
[INFO]:[10:04:29] CPLEX solver finished. Gap: 1075000000000000.000000
[INFO]:[10:04:29] Starting CPLEX solver on instance: /home/yorig/tuner/mpils-tests/instances/miplib/easy/supportcase33.mps with config: /scratch/yorig/mpils-results-grid-seconds-5/easy/24proc/seed-5/10_supportcase33_seed-5_20260503_100407/iterated_local_search/run_1_worker_22/ils_config_4549769074369802849.prm
[INFO]:[10:04:29] Starting CPLEX solver on instance: /home/yorig/tuner/mpils-tests/instances/miplib/easy/supportcase33.mps with config: /scratch/yorig/mpils-results-grid-seconds-5/easy/24proc/seed-5/10_supportcase33_seed-5_20260503_100407/iterated_local_search/run_1_worker_22/ils_config_4549769074369802849.prm
[INFO]:[10:04:34] CPLEX results. Gap: 1075000000000000.000000, upper bound: 0.000000, lower bound: -1075.000000
[INFO]:[10:04:34] CPLEX solver finished. Gap: 1075000000000000.000000
[INFO]:[10:04:34] Starting CPLEX solver on instance: /home/yorig/tuner/mpils-tests/instances/miplib/easy/supportcase33.mps with config: /scratch/yorig/mpils-results-grid-seconds-5/easy/24proc/seed-5/10_supportcase33_seed-5_20260503_100407/iterated_local_search/run_1_worker_22/ils_config_15327119068650411201.prm
[INFO]:[10:04:34] Starting CPLEX solver on instance: /home/yorig/tuner/mpils-tests/instances/miplib/easy/supportcase33.mps with config: /scratch/yorig/mpils-results-grid-seconds-5/easy/24proc/seed-5/10_supportcase33_seed-5_20260503_100407/iterated_local_search/run_1_worker_22/ils_config_15327119068650411201.prm
[INFO]:[10:04:39] CPLEX results. Gap: 1075000000000000.000000, upper bound: 0.000000, lower bound: -1075.000000
[INFO]:[10:04:39] CPLEX solver finished. Gap: 1075000000000000.000000
[INFO]:[10:04:39] Starting CPLEX solver on instance: /home/yorig/tuner/mpils-tests/instances/miplib/easy/supportcase33.mps with config: /scratch/yorig/mpils-results-grid-seconds-5/easy/24proc/seed-5/10_supportcase33_seed-5_20260503_100407/iterated_local_search/run_1_worker_22/ils_config_3936487986414793534.prm
[INFO]:[10:04:39] Starting CPLEX solver on instance: /home/yorig/tuner/mpils-tests/instances/miplib/easy/supportcase33.mps with config: /scratch/yorig/mpils-results-grid-seconds-5/easy/24proc/seed-5/10_supportcase33_seed-5_20260503_100407/iterated_local_search/run_1_worker_22/ils_config_3936487986414793534.prm
[INFO]:[10:04:44] CPLEX results. Gap: 1075000000000000.000000, upper bound: 0.000000, lower bound: -1075.000000
[INFO]:[10:04:44] CPLEX solver finished. Gap: 1075000000000000.000000
[INFO]:[10:04:44] Starting CPLEX solver on instance: /home/yorig/tuner/mpils-tests/instances/miplib/easy/supportcase33.mps with config: /scratch/yorig/mpils-results-grid-seconds-5/easy/24proc/seed-5/10_supportcase33_seed-5_20260503_100407/iterated_local_search/run_1_worker_22/ils_config_7684161928074065303.prm
[INFO]:[10:04:44] Starting CPLEX solver on instance: /home/yorig/tuner/mpils-tests/instances/miplib/easy/supportcase33.mps with config: /scratch/yorig/mpils-results-grid-seconds-5/easy/24proc/seed-5/10_supportcase33_seed-5_20260503_100407/iterated_local_search/run_1_worker_22/ils_config_7684161928074065303.prm
[INFO]:[10:04:50] CPLEX results. Gap: 1075000000000000.000000, upper bound: 0.000000, lower bound: -1075.000000
[INFO]:[10:04:50] CPLEX solver finished. Gap: 1075000000000000.000000
[INFO]:[10:04:50] Starting CPLEX solver on instance: /home/yorig/tuner/mpils-tests/instances/miplib/easy/supportcase33.mps with config: /scratch/yorig/mpils-results-grid-seconds-5/easy/24proc/seed-5/10_supportcase33_seed-5_20260503_100407/iterated_local_search/run_1_worker_22/ils_config_7476334111662448142.prm
[INFO]:[10:04:50] Starting CPLEX solver on instance: /home/yorig/tuner/mpils-tests/instances/miplib/easy/supportcase33.mps with config: /scratch/yorig/mpils-results-grid-seconds-5/easy/24proc/seed-5/10_supportcase33_seed-5_20260503_100407/iterated_local_search/run_1_worker_22/ils_config_7476334111662448142.prm
[INFO]:[10:04:55] CPLEX results. Gap: 21.160000, upper bound: -315.000000, lower bound: -381.660305
[INFO]:[10:04:55] Writing MIP start file: /scratch/yorig/mpils-results-grid-seconds-5/easy/24proc/seed-5/10_supportcase33_seed-5_20260503_100407/iterated_local_search/run_1_worker_22/mip_starts/mip_start_eval_9_config_7476334111662448142.mst
[INFO]:[10:04:55] CPLEX solver finished. Gap: 21.160000
[INFO]:[10:04:55] New incumbent found with objective value: 21.16
[INFO]:[10:04:55] Starting CPLEX solver on instance: /home/yorig/tuner/mpils-tests/instances/miplib/easy/supportcase33.mps with config: /scratch/yorig/mpils-results-grid-seconds-5/easy/24proc/seed-5/10_supportcase33_seed-5_20260503_100407/iterated_local_search/run_1_worker_22/ils_config_15486880226139729348.prm
[INFO]:[10:04:55] Starting CPLEX solver on instance: /home/yorig/tuner/mpils-tests/instances/miplib/easy/supportcase33.mps with config: /scratch/yorig/mpils-results-grid-seconds-5/easy/24proc/seed-5/10_supportcase33_seed-5_20260503_100407/iterated_local_search/run_1_worker_22/ils_config_15486880226139729348.prm
[INFO]:[10:05:00] CPLEX results. Gap: 26.330000, upper bound: -300.000000, lower bound: -378.985991
[INFO]:[10:05:00] CPLEX solver finished. Gap: 26.330000
[INFO]:[10:05:00] Starting CPLEX solver on instance: /home/yorig/tuner/mpils-tests/instances/miplib/easy/supportcase33.mps with config: /scratch/yorig/mpils-results-grid-seconds-5/easy/24proc/seed-5/10_supportcase33_seed-5_20260503_100407/iterated_local_search/run_1_worker_22/ils_config_13240652274525247373.prm
[INFO]:[10:05:00] Starting CPLEX solver on instance: /home/yorig/tuner/mpils-tests/instances/miplib/easy/supportcase33.mps with config: /scratch/yorig/mpils-results-grid-seconds-5/easy/24proc/seed-5/10_supportcase33_seed-5_20260503_100407/iterated_local_search/run_1_worker_22/ils_config_13240652274525247373.prm
[INFO]:[10:05:05] CPLEX results. Gap: 24.820000, upper bound: -305.000000, lower bound: -380.689655
[INFO]:[10:05:05] CPLEX solver finished. Gap: 24.820000
[INFO]:[10:05:05] Starting CPLEX solver on instance: /home/yorig/tuner/mpils-tests/instances/miplib/easy/supportcase33.mps with config: /scratch/yorig/mpils-results-grid-seconds-5/easy/24proc/seed-5/10_supportcase33_seed-5_20260503_100407/iterated_local_search/run_1_worker_22/ils_config_2781904958643789726.prm
[INFO]:[10:05:05] Starting CPLEX solver on instance: /home/yorig/tuner/mpils-tests/instances/miplib/easy/supportcase33.mps with config: /scratch/yorig/mpils-results-grid-seconds-5/easy/24proc/seed-5/10_supportcase33_seed-5_20260503_100407/iterated_local_search/run_1_worker_22/ils_config_2781904958643789726.prm
[INFO]:[10:05:10] CPLEX results. Gap: 28.570000, upper bound: -315.000000, lower bound: -405.000000
[INFO]:[10:05:10] CPLEX solver finished. Gap: 28.570000
[INFO]:[10:05:10] Starting CPLEX solver on instance: /home/yorig/tuner/mpils-tests/instances/miplib/easy/supportcase33.mps with config: /scratch/yorig/mpils-results-grid-seconds-5/easy/24proc/seed-5/10_supportcase33_seed-5_20260503_100407/iterated_local_search/run_1_worker_22/ils_config_4700205748746297704.prm
[INFO]:[10:05:10] Starting CPLEX solver on instance: /home/yorig/tuner/mpils-tests/instances/miplib/easy/supportcase33.mps with config: /scratch/yorig/mpils-results-grid-seconds-5/easy/24proc/seed-5/10_supportcase33_seed-5_20260503_100407/iterated_local_search/run_1_worker_22/ils_config_4700205748746297704.prm
[INFO]:[10:05:15] CPLEX results. Gap: 28.670000, upper bound: -310.000000, lower bound: -398.875532
[INFO]:[10:05:15] CPLEX solver finished. Gap: 28.670000
[INFO]:[10:05:15] Starting CPLEX solver on instance: /home/yorig/tuner/mpils-tests/instances/miplib/easy/supportcase33.mps with config: /scratch/yorig/mpils-results-grid-seconds-5/easy/24proc/seed-5/10_supportcase33_seed-5_20260503_100407/iterated_local_search/run_1_worker_22/ils_config_15938331062014731012.prm
[INFO]:[10:05:15] Starting CPLEX solver on instance: /home/yorig/tuner/mpils-tests/instances/miplib/easy/supportcase33.mps with config: /scratch/yorig/mpils-results-grid-seconds-5/easy/24proc/seed-5/10_supportcase33_seed-5_20260503_100407/iterated_local_search/run_1_worker_22/ils_config_15938331062014731012.prm
[INFO]:[10:05:20] CPLEX results. Gap: 31.030000, upper bound: -290.000000, lower bound: -380.000000
[INFO]:[10:05:20] CPLEX solver finished. Gap: 31.030000
[INFO]:[10:05:20] Starting CPLEX solver on instance: /home/yorig/tuner/mpils-tests/instances/miplib/easy/supportcase33.mps with config: /scratch/yorig/mpils-results-grid-seconds-5/easy/24proc/seed-5/10_supportcase33_seed-5_20260503_100407/iterated_local_search/run_1_worker_22/ils_config_6499256422059997218.prm
[INFO]:[10:05:20] Starting CPLEX solver on instance: /home/yorig/tuner/mpils-tests/instances/miplib/easy/supportcase33.mps with config: /scratch/yorig/mpils-results-grid-seconds-5/easy/24proc/seed-5/10_supportcase33_seed-5_20260503_100407/iterated_local_search/run_1_worker_22/ils_config_6499256422059997218.prm
[INFO]:[10:05:25] CPLEX results. Gap: 29.060000, upper bound: -295.000000, lower bound: -380.714286
[INFO]:[10:05:25] CPLEX solver finished. Gap: 29.060000
[INFO]:[10:05:25] Starting CPLEX solver on instance: /home/yorig/tuner/mpils-tests/instances/miplib/easy/supportcase33.mps with config: /scratch/yorig/mpils-results-grid-seconds-5/easy/24proc/seed-5/10_supportcase33_seed-5_20260503_100407/iterated_local_search/run_1_worker_22/ils_config_10825334558031282231.prm
[INFO]:[10:05:25] Starting CPLEX solver on instance: /home/yorig/tuner/mpils-tests/instances/miplib/easy/supportcase33.mps with config: /scratch/yorig/mpils-results-grid-seconds-5/easy/24proc/seed-5/10_supportcase33_seed-5_20260503_100407/iterated_local_search/run_1_worker_22/ils_config_10825334558031282231.prm
[INFO]:[10:05:31] CPLEX results. Gap: 21.160000, upper bound: -315.000000, lower bound: -381.660305
[INFO]:[10:05:31] CPLEX solver finished. Gap: 21.160000
[INFO]:[10:05:31] Starting CPLEX solver on instance: /home/yorig/tuner/mpils-tests/instances/miplib/easy/supportcase33.mps with config: /scratch/yorig/mpils-results-grid-seconds-5/easy/24proc/seed-5/10_supportcase33_seed-5_20260503_100407/iterated_local_search/run_1_worker_22/ils_config_5614590612055042179.prm
[INFO]:[10:05:31] Starting CPLEX solver on instance: /home/yorig/tuner/mpils-tests/instances/miplib/easy/supportcase33.mps with config: /scratch/yorig/mpils-results-grid-seconds-5/easy/24proc/seed-5/10_supportcase33_seed-5_20260503_100407/iterated_local_search/run_1_worker_22/ils_config_5614590612055042179.prm
[INFO]:[10:05:36] CPLEX results. Gap: 21.160000, upper bound: -315.000000, lower bound: -381.660305
[INFO]:[10:05:36] CPLEX solver finished. Gap: 21.160000
[INFO]:[10:05:36] Starting CPLEX solver on instance: /home/yorig/tuner/mpils-tests/instances/miplib/easy/supportcase33.mps with config: /scratch/yorig/mpils-results-grid-seconds-5/easy/24proc/seed-5/10_supportcase33_seed-5_20260503_100407/iterated_local_search/run_1_worker_22/ils_config_7135827733905074262.prm
[INFO]:[10:05:36] Starting CPLEX solver on instance: /home/yorig/tuner/mpils-tests/instances/miplib/easy/supportcase33.mps with config: /scratch/yorig/mpils-results-grid-seconds-5/easy/24proc/seed-5/10_supportcase33_seed-5_20260503_100407/iterated_local_search/run_1_worker_22/ils_config_7135827733905074262.prm
[INFO]:[10:05:41] CPLEX results. Gap: 35.590000, upper bound: -295.000000, lower bound: -400.000000
[INFO]:[10:05:41] CPLEX solver finished. Gap: 35.590000
[INFO]:[10:05:41] Starting CPLEX solver on instance: /home/yorig/tuner/mpils-tests/instances/miplib/easy/supportcase33.mps with config: /scratch/yorig/mpils-results-grid-seconds-5/easy/24proc/seed-5/10_supportcase33_seed-5_20260503_100407/iterated_local_search/run_1_worker_22/ils_config_2846534429395906683.prm
[INFO]:[10:05:41] Starting CPLEX solver on instance: /home/yorig/tuner/mpils-tests/instances/miplib/easy/supportcase33.mps with config: /scratch/yorig/mpils-results-grid-seconds-5/easy/24proc/seed-5/10_supportcase33_seed-5_20260503_100407/iterated_local_search/run_1_worker_22/ils_config_2846534429395906683.prm
[INFO]:[10:05:46] CPLEX results. Gap: 21.160000, upper bound: -315.000000, lower bound: -381.660305
[INFO]:[10:05:46] CPLEX solver finished. Gap: 21.160000
[INFO]:[10:05:46] Starting CPLEX solver on instance: /home/yorig/tuner/mpils-tests/instances/miplib/easy/supportcase33.mps with config: /scratch/yorig/mpils-results-grid-seconds-5/easy/24proc/seed-5/10_supportcase33_seed-5_20260503_100407/iterated_local_search/run_1_worker_22/ils_config_7614518798490066799.prm
[INFO]:[10:05:46] Starting CPLEX solver on instance: /home/yorig/tuner/mpils-tests/instances/miplib/easy/supportcase33.mps with config: /scratch/yorig/mpils-results-grid-seconds-5/easy/24proc/seed-5/10_supportcase33_seed-5_20260503_100407/iterated_local_search/run_1_worker_22/ils_config_7614518798490066799.prm
[INFO]:[10:05:51] CPLEX results. Gap: 21.160000, upper bound: -315.000000, lower bound: -381.660305
[INFO]:[10:05:51] CPLEX solver finished. Gap: 21.160000
[INFO]:[10:05:51] Local search phase completed.
[INFO]:[10:05:51] Total number of new local-search evaluations: 20
[INFO]:[10:05:51] Final incumbent objective value: 21.16
[INFO]:[10:06:02] Worker 22 completed exploration phase.
[INFO]:[10:06:02] Worker 22 received order for step 2.
[INFO]:[10:06:02] Worker 22 running expansion phase for iteration 1.
[INFO]:[10:06:02] Worker 22 will use solver log file: /scratch/yorig/mpils-results-grid-seconds-5/easy/24proc/seed-5/10_supportcase33_seed-5_20260503_100407/solver/cplex.log_iteration_expansion_1_worker_22
[INFO]:[10:06:02] Expansion Worker 22 starting expansion for iteration 1.
[INFO]:[10:06:02] Starting CPLEX solver on instance: /home/yorig/tuner/mpils-tests/instances/miplib/easy/supportcase33.mps with config: /scratch/yorig/mpils-results-grid-seconds-5/easy/24proc/seed-5/10_supportcase33_seed-5_20260503_100407/expansion/config_param_CPXPARAM_MIP_Limits_CutsFactor_2_iter_1.prm
[INFO]:[10:06:07] CPLEX results. Gap: 7.620000, upper bound: -340.000000, lower bound: -365.913978
[INFO]:[10:06:07] CPLEX solver finished. Gap: 7.620000
[INFO]:[10:06:07] Starting CPLEX solver on instance: /home/yorig/tuner/mpils-tests/instances/miplib/easy/supportcase33.mps with config: /scratch/yorig/mpils-results-grid-seconds-5/easy/24proc/seed-5/10_supportcase33_seed-5_20260503_100407/expansion/config_param_CPXPARAM_MIP_Limits_CutsFactor_4_iter_1.prm
[INFO]:[10:06:13] CPLEX results. Gap: 7.600000, upper bound: -340.000000, lower bound: -365.833333
[INFO]:[10:06:13] CPLEX solver finished. Gap: 7.600000
[INFO]:[10:06:18] Expansion Worker 22 completed expansion.
[INFO]:[10:06:18] Worker 22 completed expansion phase.
[INFO]:[10:06:18] Worker 22 received order for step 1.
[INFO]:[10:06:18] Worker 22 running exploration phase for iteration 2.
[INFO]:[10:06:18] Worker 22 at iteration 2 will not use a MIP start file. Current best MIP-start upper bound threshold is -345.
[INFO]:[10:06:18] Starting local search phase...
[INFO]:[10:06:18] Creating local search space from parameter space file: /scratch/yorig/mpils-results-grid-seconds-5/easy/24proc/seed-5/10_supportcase33_seed-5_20260503_100407/iterated_local_search/search_space/search_space_file_2_worker_22.txt
[INFO]:[10:06:18] Local search space loaded from file: /scratch/yorig/mpils-results-grid-seconds-5/easy/24proc/seed-5/10_supportcase33_seed-5_20260503_100407/iterated_local_search/search_space/search_space_file_2_worker_22.txt
[INFO]:[10:06:18] Number of parameters in local search space: 71
[INFO]:[10:06:18] Number of forbidden tuples in local search space: 28
[INFO]:[10:06:18] Number of conditionals in local search space: 6
[INFO]:[10:06:18] MIP start option not enabled. Local search will proceed without MIP start.
[INFO]:[10:06:18] Evaluating initial configuration for local search phase...
[INFO]:[10:06:18] Starting CPLEX solver on instance: /home/yorig/tuner/mpils-tests/instances/miplib/easy/supportcase33.mps with config: /scratch/yorig/mpils-results-grid-seconds-5/easy/24proc/seed-5/10_supportcase33_seed-5_20260503_100407/iterated_local_search/run_2_worker_22/ils_config_6267918177850980612.prm
[INFO]:[10:06:18] Starting CPLEX solver on instance: /home/yorig/tuner/mpils-tests/instances/miplib/easy/supportcase33.mps with config: /scratch/yorig/mpils-results-grid-seconds-5/easy/24proc/seed-5/10_supportcase33_seed-5_20260503_100407/iterated_local_search/run_2_worker_22/ils_config_6267918177850980612.prm
[INFO]:[10:06:23] CPLEX results. Gap: 41.670000, upper bound: -300.000000, lower bound: -425.000000
[INFO]:[10:06:23] CPLEX solver finished. Gap: 41.670000
[INFO]:[10:06:23] Initial configuration evaluated with objective value: 41.67
[INFO]:[10:06:23] Starting CPLEX solver on instance: /home/yorig/tuner/mpils-tests/instances/miplib/easy/supportcase33.mps with config: /scratch/yorig/mpils-results-grid-seconds-5/easy/24proc/seed-5/10_supportcase33_seed-5_20260503_100407/iterated_local_search/run_2_worker_22/ils_config_10580711693612626477.prm
[INFO]:[10:06:23] Starting CPLEX solver on instance: /home/yorig/tuner/mpils-tests/instances/miplib/easy/supportcase33.mps with config: /scratch/yorig/mpils-results-grid-seconds-5/easy/24proc/seed-5/10_supportcase33_seed-5_20260503_100407/iterated_local_search/run_2_worker_22/ils_config_10580711693612626477.prm
[INFO]:[10:06:28] CPLEX results. Gap: 41.670000, upper bound: -300.000000, lower bound: -425.000000
[INFO]:[10:06:28] CPLEX solver finished. Gap: 41.670000
[INFO]:[10:06:28] Starting CPLEX solver on instance: /home/yorig/tuner/mpils-tests/instances/miplib/easy/supportcase33.mps with config: /scratch/yorig/mpils-results-grid-seconds-5/easy/24proc/seed-5/10_supportcase33_seed-5_20260503_100407/iterated_local_search/run_2_worker_22/ils_config_5094791783530865119.prm
[INFO]:[10:06:28] Starting CPLEX solver on instance: /home/yorig/tuner/mpils-tests/instances/miplib/easy/supportcase33.mps with config: /scratch/yorig/mpils-results-grid-seconds-5/easy/24proc/seed-5/10_supportcase33_seed-5_20260503_100407/iterated_local_search/run_2_worker_22/ils_config_5094791783530865119.prm
[INFO]:[10:06:33] CPLEX results. Gap: 41.670000, upper bound: -300.000000, lower bound: -425.000000
[INFO]:[10:06:33] CPLEX solver finished. Gap: 41.670000
[INFO]:[10:06:33] Starting CPLEX solver on instance: /home/yorig/tuner/mpils-tests/instances/miplib/easy/supportcase33.mps with config: /scratch/yorig/mpils-results-grid-seconds-5/easy/24proc/seed-5/10_supportcase33_seed-5_20260503_100407/iterated_local_search/run_2_worker_22/ils_config_14978593183805836033.prm
[INFO]:[10:06:33] Starting CPLEX solver on instance: /home/yorig/tuner/mpils-tests/instances/miplib/easy/supportcase33.mps with config: /scratch/yorig/mpils-results-grid-seconds-5/easy/24proc/seed-5/10_supportcase33_seed-5_20260503_100407/iterated_local_search/run_2_worker_22/ils_config_14978593183805836033.prm
[INFO]:[10:06:38] CPLEX results. Gap: 36.710000, upper bound: -320.000000, lower bound: -437.462807
[INFO]:[10:06:38] CPLEX solver finished. Gap: 36.710000
[INFO]:[10:06:38] New incumbent found with objective value: 36.71
[INFO]:[10:06:38] Received global ILS stop signal from rank 1.
[INFO]:[10:06:38] Local search phase completed.
[INFO]:[10:06:38] Total number of new local-search evaluations: 4
[INFO]:[10:06:38] Final incumbent objective value: 36.71
[INFO]:[10:06:38] Worker 22 completed exploration phase.
[INFO]:[10:06:38] Worker 22 received order for step 3.
[INFO]:[10:06:38] Worker 22 finished.
