[INFO]:[00:38:41] Worker 1 starting.
[INFO]:[00:38:41] Worker 1 received order for step 1.
[INFO]:[00:38:41] Worker 1 running exploration phase for iteration 1.
[INFO]:[00:38:41] Current MIP start info file not found: /scratch/yorig/mpils-results-grid-seconds-5-no-mip-start/medium-2/8proc/seed-2/8_supportcase40_seed-2_20260503_003840/iterated_local_search/mip_start/current_mip_start_1.txt
[INFO]:[00:38:41] Worker 1 at iteration 1 will not use a MIP start file. Current best MIP-start upper bound threshold is 1.79769e+308.
[INFO]:[00:38:41] Starting local search phase...
[INFO]:[00:38:41] Creating local search space from parameter space file: /scratch/yorig/mpils-results-grid-seconds-5-no-mip-start/medium-2/8proc/seed-2/8_supportcase40_seed-2_20260503_003840/iterated_local_search/search_space/search_space_file_1_worker_1.txt
[INFO]:[00:38:41] Local search space loaded from file: /scratch/yorig/mpils-results-grid-seconds-5-no-mip-start/medium-2/8proc/seed-2/8_supportcase40_seed-2_20260503_003840/iterated_local_search/search_space/search_space_file_1_worker_1.txt
[INFO]:[00:38:41] Number of parameters in local search space: 71
[INFO]:[00:38:41] Number of forbidden tuples in local search space: 0
[INFO]:[00:38:41] Number of conditionals in local search space: 6
[INFO]:[00:38:41] MIP start option not enabled. Local search will proceed without MIP start.
[INFO]:[00:38:41] Evaluating initial configuration for local search phase...
[INFO]:[00:38:41] Starting CPLEX solver on instance: /home/yorig/tuner/mpils-tests/instances/miplib/medium-2/supportcase40.mps with config: /scratch/yorig/mpils-results-grid-seconds-5-no-mip-start/medium-2/8proc/seed-2/8_supportcase40_seed-2_20260503_003840/iterated_local_search/run_1_worker_1/ils_config_9686720361045965965.prm
[INFO]:[00:38:41] Starting CPLEX solver on instance: /home/yorig/tuner/mpils-tests/instances/miplib/medium-2/supportcase40.mps with config: /scratch/yorig/mpils-results-grid-seconds-5-no-mip-start/medium-2/8proc/seed-2/8_supportcase40_seed-2_20260503_003840/iterated_local_search/run_1_worker_1/ils_config_9686720361045965965.prm
[INFO]:[00:38:46] CPLEX results. Gap: 7.050000, upper bound: 24379.571835, lower bound: 22660.854583
[INFO]:[00:38:46] Writing MIP start file: /scratch/yorig/mpils-results-grid-seconds-5-no-mip-start/medium-2/8proc/seed-2/8_supportcase40_seed-2_20260503_003840/iterated_local_search/run_1_worker_1/mip_starts/mip_start_eval_1_config_9686720361045965965.mst
[INFO]:[00:38:46] CPLEX solver finished. Gap: 7.050000
[INFO]:[00:38:46] Initial configuration evaluated with objective value: 7.05
[INFO]:[00:38:46] Starting CPLEX solver on instance: /home/yorig/tuner/mpils-tests/instances/miplib/medium-2/supportcase40.mps with config: /scratch/yorig/mpils-results-grid-seconds-5-no-mip-start/medium-2/8proc/seed-2/8_supportcase40_seed-2_20260503_003840/iterated_local_search/run_1_worker_1/ils_config_14977320980139403669.prm
[INFO]:[00:38:46] Starting CPLEX solver on instance: /home/yorig/tuner/mpils-tests/instances/miplib/medium-2/supportcase40.mps with config: /scratch/yorig/mpils-results-grid-seconds-5-no-mip-start/medium-2/8proc/seed-2/8_supportcase40_seed-2_20260503_003840/iterated_local_search/run_1_worker_1/ils_config_14977320980139403669.prm
[INFO]:[00:38:51] CPLEX results. Gap: 7.050000, upper bound: 24379.571835, lower bound: 22660.854583
[INFO]:[00:38:51] CPLEX solver finished. Gap: 7.050000
[INFO]:[00:38:51] Starting CPLEX solver on instance: /home/yorig/tuner/mpils-tests/instances/miplib/medium-2/supportcase40.mps with config: /scratch/yorig/mpils-results-grid-seconds-5-no-mip-start/medium-2/8proc/seed-2/8_supportcase40_seed-2_20260503_003840/iterated_local_search/run_1_worker_1/ils_config_1871591627137445803.prm
[INFO]:[00:38:51] Starting CPLEX solver on instance: /home/yorig/tuner/mpils-tests/instances/miplib/medium-2/supportcase40.mps with config: /scratch/yorig/mpils-results-grid-seconds-5-no-mip-start/medium-2/8proc/seed-2/8_supportcase40_seed-2_20260503_003840/iterated_local_search/run_1_worker_1/ils_config_1871591627137445803.prm
[INFO]:[00:38:56] CPLEX results. Gap: 7.050000, upper bound: 24379.571835, lower bound: 22660.854583
[INFO]:[00:38:56] CPLEX solver finished. Gap: 7.050000
[INFO]:[00:38:56] Starting CPLEX solver on instance: /home/yorig/tuner/mpils-tests/instances/miplib/medium-2/supportcase40.mps with config: /scratch/yorig/mpils-results-grid-seconds-5-no-mip-start/medium-2/8proc/seed-2/8_supportcase40_seed-2_20260503_003840/iterated_local_search/run_1_worker_1/ils_config_7129054616402336492.prm
[INFO]:[00:38:56] Starting CPLEX solver on instance: /home/yorig/tuner/mpils-tests/instances/miplib/medium-2/supportcase40.mps with config: /scratch/yorig/mpils-results-grid-seconds-5-no-mip-start/medium-2/8proc/seed-2/8_supportcase40_seed-2_20260503_003840/iterated_local_search/run_1_worker_1/ils_config_7129054616402336492.prm
[INFO]:[00:39:01] CPLEX results. Gap: 7.050000, upper bound: 24379.571835, lower bound: 22660.854583
[INFO]:[00:39:01] CPLEX solver finished. Gap: 7.050000
[INFO]:[00:39:01] Starting CPLEX solver on instance: /home/yorig/tuner/mpils-tests/instances/miplib/medium-2/supportcase40.mps with config: /scratch/yorig/mpils-results-grid-seconds-5-no-mip-start/medium-2/8proc/seed-2/8_supportcase40_seed-2_20260503_003840/iterated_local_search/run_1_worker_1/ils_config_5422601811110845924.prm
[INFO]:[00:39:01] Starting CPLEX solver on instance: /home/yorig/tuner/mpils-tests/instances/miplib/medium-2/supportcase40.mps with config: /scratch/yorig/mpils-results-grid-seconds-5-no-mip-start/medium-2/8proc/seed-2/8_supportcase40_seed-2_20260503_003840/iterated_local_search/run_1_worker_1/ils_config_5422601811110845924.prm
[INFO]:[00:39:06] CPLEX results. Gap: 5.630000, upper bound: 24379.571835, lower bound: 23006.262945
[INFO]:[00:39:06] CPLEX solver finished. Gap: 5.630000
[INFO]:[00:39:06] New incumbent found with objective value: 5.63
[INFO]:[00:39:06] Starting CPLEX solver on instance: /home/yorig/tuner/mpils-tests/instances/miplib/medium-2/supportcase40.mps with config: /scratch/yorig/mpils-results-grid-seconds-5-no-mip-start/medium-2/8proc/seed-2/8_supportcase40_seed-2_20260503_003840/iterated_local_search/run_1_worker_1/ils_config_762089674238848521.prm
[INFO]:[00:39:06] Starting CPLEX solver on instance: /home/yorig/tuner/mpils-tests/instances/miplib/medium-2/supportcase40.mps with config: /scratch/yorig/mpils-results-grid-seconds-5-no-mip-start/medium-2/8proc/seed-2/8_supportcase40_seed-2_20260503_003840/iterated_local_search/run_1_worker_1/ils_config_762089674238848521.prm
[INFO]:[00:39:12] CPLEX results. Gap: 5.630000, upper bound: 24379.571835, lower bound: 23006.262945
[INFO]:[00:39:12] CPLEX solver finished. Gap: 5.630000
[INFO]:[00:39:12] Starting CPLEX solver on instance: /home/yorig/tuner/mpils-tests/instances/miplib/medium-2/supportcase40.mps with config: /scratch/yorig/mpils-results-grid-seconds-5-no-mip-start/medium-2/8proc/seed-2/8_supportcase40_seed-2_20260503_003840/iterated_local_search/run_1_worker_1/ils_config_18048410261294971436.prm
[INFO]:[00:39:12] Starting CPLEX solver on instance: /home/yorig/tuner/mpils-tests/instances/miplib/medium-2/supportcase40.mps with config: /scratch/yorig/mpils-results-grid-seconds-5-no-mip-start/medium-2/8proc/seed-2/8_supportcase40_seed-2_20260503_003840/iterated_local_search/run_1_worker_1/ils_config_18048410261294971436.prm
[INFO]:[00:39:17] CPLEX results. Gap: 5.630000, upper bound: 24379.571835, lower bound: 23006.262945
[INFO]:[00:39:17] CPLEX solver finished. Gap: 5.630000
[INFO]:[00:39:17] Starting CPLEX solver on instance: /home/yorig/tuner/mpils-tests/instances/miplib/medium-2/supportcase40.mps with config: /scratch/yorig/mpils-results-grid-seconds-5-no-mip-start/medium-2/8proc/seed-2/8_supportcase40_seed-2_20260503_003840/iterated_local_search/run_1_worker_1/ils_config_4606096117026724049.prm
[INFO]:[00:39:17] Starting CPLEX solver on instance: /home/yorig/tuner/mpils-tests/instances/miplib/medium-2/supportcase40.mps with config: /scratch/yorig/mpils-results-grid-seconds-5-no-mip-start/medium-2/8proc/seed-2/8_supportcase40_seed-2_20260503_003840/iterated_local_search/run_1_worker_1/ils_config_4606096117026724049.prm
[INFO]:[00:39:22] CPLEX results. Gap: 5.920000, upper bound: 24379.571835, lower bound: 22937.513167
[INFO]:[00:39:22] CPLEX solver finished. Gap: 5.920000
[INFO]:[00:39:22] Starting CPLEX solver on instance: /home/yorig/tuner/mpils-tests/instances/miplib/medium-2/supportcase40.mps with config: /scratch/yorig/mpils-results-grid-seconds-5-no-mip-start/medium-2/8proc/seed-2/8_supportcase40_seed-2_20260503_003840/iterated_local_search/run_1_worker_1/ils_config_14473338074509787936.prm
[INFO]:[00:39:22] Starting CPLEX solver on instance: /home/yorig/tuner/mpils-tests/instances/miplib/medium-2/supportcase40.mps with config: /scratch/yorig/mpils-results-grid-seconds-5-no-mip-start/medium-2/8proc/seed-2/8_supportcase40_seed-2_20260503_003840/iterated_local_search/run_1_worker_1/ils_config_14473338074509787936.prm
[INFO]:[00:39:27] CPLEX results. Gap: 5.630000, upper bound: 24379.571835, lower bound: 23006.262945
[INFO]:[00:39:27] CPLEX solver finished. Gap: 5.630000
[INFO]:[00:39:27] Starting CPLEX solver on instance: /home/yorig/tuner/mpils-tests/instances/miplib/medium-2/supportcase40.mps with config: /scratch/yorig/mpils-results-grid-seconds-5-no-mip-start/medium-2/8proc/seed-2/8_supportcase40_seed-2_20260503_003840/iterated_local_search/run_1_worker_1/ils_config_8498344972460176288.prm
[INFO]:[00:39:27] Starting CPLEX solver on instance: /home/yorig/tuner/mpils-tests/instances/miplib/medium-2/supportcase40.mps with config: /scratch/yorig/mpils-results-grid-seconds-5-no-mip-start/medium-2/8proc/seed-2/8_supportcase40_seed-2_20260503_003840/iterated_local_search/run_1_worker_1/ils_config_8498344972460176288.prm
[INFO]:[00:39:32] CPLEX results. Gap: 5.630000, upper bound: 24379.571835, lower bound: 23006.262945
[INFO]:[00:39:32] CPLEX solver finished. Gap: 5.630000
[INFO]:[00:39:32] Starting CPLEX solver on instance: /home/yorig/tuner/mpils-tests/instances/miplib/medium-2/supportcase40.mps with config: /scratch/yorig/mpils-results-grid-seconds-5-no-mip-start/medium-2/8proc/seed-2/8_supportcase40_seed-2_20260503_003840/iterated_local_search/run_1_worker_1/ils_config_15989468198204871203.prm
[INFO]:[00:39:32] Starting CPLEX solver on instance: /home/yorig/tuner/mpils-tests/instances/miplib/medium-2/supportcase40.mps with config: /scratch/yorig/mpils-results-grid-seconds-5-no-mip-start/medium-2/8proc/seed-2/8_supportcase40_seed-2_20260503_003840/iterated_local_search/run_1_worker_1/ils_config_15989468198204871203.prm
[INFO]:[00:39:37] CPLEX results. Gap: 6.230000, upper bound: 24352.579822, lower bound: 22836.015233
[INFO]:[00:39:37] Writing MIP start file: /scratch/yorig/mpils-results-grid-seconds-5-no-mip-start/medium-2/8proc/seed-2/8_supportcase40_seed-2_20260503_003840/iterated_local_search/run_1_worker_1/mip_starts/mip_start_eval_11_config_15989468198204871203.mst
[INFO]:[00:39:37] CPLEX solver finished. Gap: 6.230000
[INFO]:[00:39:37] Starting CPLEX solver on instance: /home/yorig/tuner/mpils-tests/instances/miplib/medium-2/supportcase40.mps with config: /scratch/yorig/mpils-results-grid-seconds-5-no-mip-start/medium-2/8proc/seed-2/8_supportcase40_seed-2_20260503_003840/iterated_local_search/run_1_worker_1/ils_config_3596732167841548344.prm
[INFO]:[00:39:37] Starting CPLEX solver on instance: /home/yorig/tuner/mpils-tests/instances/miplib/medium-2/supportcase40.mps with config: /scratch/yorig/mpils-results-grid-seconds-5-no-mip-start/medium-2/8proc/seed-2/8_supportcase40_seed-2_20260503_003840/iterated_local_search/run_1_worker_1/ils_config_3596732167841548344.prm
[INFO]:[00:39:42] CPLEX results. Gap: 5.630000, upper bound: 24379.571835, lower bound: 23006.262945
[INFO]:[00:39:42] CPLEX solver finished. Gap: 5.630000
[INFO]:[00:39:42] Starting CPLEX solver on instance: /home/yorig/tuner/mpils-tests/instances/miplib/medium-2/supportcase40.mps with config: /scratch/yorig/mpils-results-grid-seconds-5-no-mip-start/medium-2/8proc/seed-2/8_supportcase40_seed-2_20260503_003840/iterated_local_search/run_1_worker_1/ils_config_14746983111189133578.prm
[INFO]:[00:39:42] Starting CPLEX solver on instance: /home/yorig/tuner/mpils-tests/instances/miplib/medium-2/supportcase40.mps with config: /scratch/yorig/mpils-results-grid-seconds-5-no-mip-start/medium-2/8proc/seed-2/8_supportcase40_seed-2_20260503_003840/iterated_local_search/run_1_worker_1/ils_config_14746983111189133578.prm
[INFO]:[00:39:47] CPLEX results. Gap: 5.630000, upper bound: 24379.571835, lower bound: 23006.262945
[INFO]:[00:39:47] CPLEX solver finished. Gap: 5.630000
[INFO]:[00:39:47] Starting CPLEX solver on instance: /home/yorig/tuner/mpils-tests/instances/miplib/medium-2/supportcase40.mps with config: /scratch/yorig/mpils-results-grid-seconds-5-no-mip-start/medium-2/8proc/seed-2/8_supportcase40_seed-2_20260503_003840/iterated_local_search/run_1_worker_1/ils_config_13841071966915530667.prm
[INFO]:[00:39:47] Starting CPLEX solver on instance: /home/yorig/tuner/mpils-tests/instances/miplib/medium-2/supportcase40.mps with config: /scratch/yorig/mpils-results-grid-seconds-5-no-mip-start/medium-2/8proc/seed-2/8_supportcase40_seed-2_20260503_003840/iterated_local_search/run_1_worker_1/ils_config_13841071966915530667.prm
[INFO]:[00:39:52] CPLEX results. Gap: 6.880000, upper bound: 24379.571835, lower bound: 22702.379139
[INFO]:[00:39:52] CPLEX solver finished. Gap: 6.880000
[INFO]:[00:39:52] Starting CPLEX solver on instance: /home/yorig/tuner/mpils-tests/instances/miplib/medium-2/supportcase40.mps with config: /scratch/yorig/mpils-results-grid-seconds-5-no-mip-start/medium-2/8proc/seed-2/8_supportcase40_seed-2_20260503_003840/iterated_local_search/run_1_worker_1/ils_config_6504206773196831177.prm
[INFO]:[00:39:52] Starting CPLEX solver on instance: /home/yorig/tuner/mpils-tests/instances/miplib/medium-2/supportcase40.mps with config: /scratch/yorig/mpils-results-grid-seconds-5-no-mip-start/medium-2/8proc/seed-2/8_supportcase40_seed-2_20260503_003840/iterated_local_search/run_1_worker_1/ils_config_6504206773196831177.prm
[INFO]:[00:39:58] CPLEX results. Gap: 5.630000, upper bound: 24379.571835, lower bound: 23006.262945
[INFO]:[00:39:58] CPLEX solver finished. Gap: 5.630000
[INFO]:[00:39:58] Starting CPLEX solver on instance: /home/yorig/tuner/mpils-tests/instances/miplib/medium-2/supportcase40.mps with config: /scratch/yorig/mpils-results-grid-seconds-5-no-mip-start/medium-2/8proc/seed-2/8_supportcase40_seed-2_20260503_003840/iterated_local_search/run_1_worker_1/ils_config_17217817938249730232.prm
[INFO]:[00:39:58] Starting CPLEX solver on instance: /home/yorig/tuner/mpils-tests/instances/miplib/medium-2/supportcase40.mps with config: /scratch/yorig/mpils-results-grid-seconds-5-no-mip-start/medium-2/8proc/seed-2/8_supportcase40_seed-2_20260503_003840/iterated_local_search/run_1_worker_1/ils_config_17217817938249730232.prm
[INFO]:[00:40:03] CPLEX results. Gap: 6.220000, upper bound: 24379.571835, lower bound: 22862.254362
[INFO]:[00:40:03] CPLEX solver finished. Gap: 6.220000
[INFO]:[00:40:03] Starting CPLEX solver on instance: /home/yorig/tuner/mpils-tests/instances/miplib/medium-2/supportcase40.mps with config: /scratch/yorig/mpils-results-grid-seconds-5-no-mip-start/medium-2/8proc/seed-2/8_supportcase40_seed-2_20260503_003840/iterated_local_search/run_1_worker_1/ils_config_1069722191599902230.prm
[INFO]:[00:40:03] Starting CPLEX solver on instance: /home/yorig/tuner/mpils-tests/instances/miplib/medium-2/supportcase40.mps with config: /scratch/yorig/mpils-results-grid-seconds-5-no-mip-start/medium-2/8proc/seed-2/8_supportcase40_seed-2_20260503_003840/iterated_local_search/run_1_worker_1/ils_config_1069722191599902230.prm
[INFO]:[00:40:08] CPLEX results. Gap: 5.620000, upper bound: 24379.571835, lower bound: 23010.639231
[INFO]:[00:40:08] CPLEX solver finished. Gap: 5.620000
[INFO]:[00:40:08] New incumbent found with objective value: 5.62
[INFO]:[00:40:08] Starting CPLEX solver on instance: /home/yorig/tuner/mpils-tests/instances/miplib/medium-2/supportcase40.mps with config: /scratch/yorig/mpils-results-grid-seconds-5-no-mip-start/medium-2/8proc/seed-2/8_supportcase40_seed-2_20260503_003840/iterated_local_search/run_1_worker_1/ils_config_4421723367346337253.prm
[INFO]:[00:40:08] Starting CPLEX solver on instance: /home/yorig/tuner/mpils-tests/instances/miplib/medium-2/supportcase40.mps with config: /scratch/yorig/mpils-results-grid-seconds-5-no-mip-start/medium-2/8proc/seed-2/8_supportcase40_seed-2_20260503_003840/iterated_local_search/run_1_worker_1/ils_config_4421723367346337253.prm
[INFO]:[00:40:13] CPLEX results. Gap: 5.620000, upper bound: 24379.571835, lower bound: 23010.639231
[INFO]:[00:40:13] CPLEX solver finished. Gap: 5.620000
[INFO]:[00:40:13] Starting CPLEX solver on instance: /home/yorig/tuner/mpils-tests/instances/miplib/medium-2/supportcase40.mps with config: /scratch/yorig/mpils-results-grid-seconds-5-no-mip-start/medium-2/8proc/seed-2/8_supportcase40_seed-2_20260503_003840/iterated_local_search/run_1_worker_1/ils_config_2341413391308936154.prm
[INFO]:[00:40:13] Starting CPLEX solver on instance: /home/yorig/tuner/mpils-tests/instances/miplib/medium-2/supportcase40.mps with config: /scratch/yorig/mpils-results-grid-seconds-5-no-mip-start/medium-2/8proc/seed-2/8_supportcase40_seed-2_20260503_003840/iterated_local_search/run_1_worker_1/ils_config_2341413391308936154.prm
[INFO]:[00:40:18] CPLEX results. Gap: 5.620000, upper bound: 24379.571835, lower bound: 23010.639231
[INFO]:[00:40:18] CPLEX solver finished. Gap: 5.620000
[INFO]:[00:40:18] Starting CPLEX solver on instance: /home/yorig/tuner/mpils-tests/instances/miplib/medium-2/supportcase40.mps with config: /scratch/yorig/mpils-results-grid-seconds-5-no-mip-start/medium-2/8proc/seed-2/8_supportcase40_seed-2_20260503_003840/iterated_local_search/run_1_worker_1/ils_config_10006434921764547411.prm
[INFO]:[00:40:18] Starting CPLEX solver on instance: /home/yorig/tuner/mpils-tests/instances/miplib/medium-2/supportcase40.mps with config: /scratch/yorig/mpils-results-grid-seconds-5-no-mip-start/medium-2/8proc/seed-2/8_supportcase40_seed-2_20260503_003840/iterated_local_search/run_1_worker_1/ils_config_10006434921764547411.prm
[INFO]:[00:40:23] CPLEX results. Gap: 5.620000, upper bound: 24379.571835, lower bound: 23010.639231
[INFO]:[00:40:23] CPLEX solver finished. Gap: 5.620000
[INFO]:[00:40:23] Local search phase completed.
[INFO]:[00:40:23] Total number of new local-search evaluations: 20
[INFO]:[00:40:23] Final incumbent objective value: 5.62
[INFO]:[00:40:23] Worker 1 completed exploration phase.
[INFO]:[00:40:23] Worker 1 received order for step 2.
[INFO]:[00:40:23] Worker 1 running expansion phase for iteration 1.
[INFO]:[00:40:23] Worker 1 will use solver log file: /scratch/yorig/mpils-results-grid-seconds-5-no-mip-start/medium-2/8proc/seed-2/8_supportcase40_seed-2_20260503_003840/solver/cplex.log_iteration_expansion_1_worker_1
[INFO]:[00:40:23] Expansion Worker 1 starting expansion for iteration 1.
[INFO]:[00:40:23] Starting CPLEX solver on instance: /home/yorig/tuner/mpils-tests/instances/miplib/medium-2/supportcase40.mps with config: /scratch/yorig/mpils-results-grid-seconds-5-no-mip-start/medium-2/8proc/seed-2/8_supportcase40_seed-2_20260503_003840/expansion/config_param_CPXPARAM_MIP_Cuts_Covers_3_iter_1.prm
[INFO]:[00:40:28] CPLEX results. Gap: 4.860000, upper bound: 24340.432888, lower bound: 23156.840936
[INFO]:[00:40:28] CPLEX solver finished. Gap: 4.860000
[INFO]:[00:40:28] Starting CPLEX solver on instance: /home/yorig/tuner/mpils-tests/instances/miplib/medium-2/supportcase40.mps with config: /scratch/yorig/mpils-results-grid-seconds-5-no-mip-start/medium-2/8proc/seed-2/8_supportcase40_seed-2_20260503_003840/expansion/config_param_CPXPARAM_MIP_Strategy_VariableSelect_-1_iter_1.prm
[INFO]:[00:40:33] CPLEX results. Gap: 7.020000, upper bound: 24256.517631, lower bound: 22553.162356
[INFO]:[00:40:33] CPLEX solver finished. Gap: 7.020000
[INFO]:[00:40:33] Expansion Worker 1 stopping early after global MPI expansion stop was activated.
[INFO]:[00:40:33] Expansion Worker 1 completed expansion.
[INFO]:[00:40:33] Worker 1 completed expansion phase.
[INFO]:[00:40:33] Worker 1 received order for step 1.
[INFO]:[00:40:33] Worker 1 running exploration phase for iteration 2.
[INFO]:[00:40:33] Worker 1 at iteration 2 will use MIP start file: /scratch/yorig/mpils-results-grid-seconds-5-no-mip-start/medium-2/8proc/seed-2/8_supportcase40_seed-2_20260503_003840/iterated_local_search/run_1_worker_7/mip_starts/mip_start_eval_15_config_12417417335735499129.mst
[INFO]:[00:40:33] Starting local search phase...
[INFO]:[00:40:33] Creating local search space from parameter space file: /scratch/yorig/mpils-results-grid-seconds-5-no-mip-start/medium-2/8proc/seed-2/8_supportcase40_seed-2_20260503_003840/iterated_local_search/search_space/search_space_file_2_worker_1.txt
[INFO]:[00:40:33] Local search space loaded from file: /scratch/yorig/mpils-results-grid-seconds-5-no-mip-start/medium-2/8proc/seed-2/8_supportcase40_seed-2_20260503_003840/iterated_local_search/search_space/search_space_file_2_worker_1.txt
[INFO]:[00:40:33] Number of parameters in local search space: 71
[INFO]:[00:40:33] Number of forbidden tuples in local search space: 18
[INFO]:[00:40:33] Number of conditionals in local search space: 6
[INFO]:[00:40:33] Using MIP start file for local search: /scratch/yorig/mpils-results-grid-seconds-5-no-mip-start/medium-2/8proc/seed-2/8_supportcase40_seed-2_20260503_003840/iterated_local_search/run_1_worker_7/mip_starts/mip_start_eval_15_config_12417417335735499129.mst
[INFO]:[00:40:33] Evaluating initial configuration for local search phase...
[INFO]:[00:40:33] Starting CPLEX solver on instance: /home/yorig/tuner/mpils-tests/instances/miplib/medium-2/supportcase40.mps with config: /scratch/yorig/mpils-results-grid-seconds-5-no-mip-start/medium-2/8proc/seed-2/8_supportcase40_seed-2_20260503_003840/iterated_local_search/run_2_worker_1/ils_config_7549689344045973995.prm
[INFO]:[00:40:33] Starting CPLEX solver on instance: /home/yorig/tuner/mpils-tests/instances/miplib/medium-2/supportcase40.mps with config: /scratch/yorig/mpils-results-grid-seconds-5-no-mip-start/medium-2/8proc/seed-2/8_supportcase40_seed-2_20260503_003840/iterated_local_search/run_2_worker_1/ils_config_7549689344045973995.prm
[INFO]:[00:40:39] CPLEX results. Gap: 4.420000, upper bound: 24286.507752, lower bound: 23212.783432
[INFO]:[00:40:39] CPLEX solver finished. Gap: 4.420000
[INFO]:[00:40:39] Initial configuration evaluated with objective value: 4.42
[INFO]:[00:40:39] Starting CPLEX solver on instance: /home/yorig/tuner/mpils-tests/instances/miplib/medium-2/supportcase40.mps with config: /scratch/yorig/mpils-results-grid-seconds-5-no-mip-start/medium-2/8proc/seed-2/8_supportcase40_seed-2_20260503_003840/iterated_local_search/run_2_worker_1/ils_config_818861729102890014.prm
[INFO]:[00:40:39] Starting CPLEX solver on instance: /home/yorig/tuner/mpils-tests/instances/miplib/medium-2/supportcase40.mps with config: /scratch/yorig/mpils-results-grid-seconds-5-no-mip-start/medium-2/8proc/seed-2/8_supportcase40_seed-2_20260503_003840/iterated_local_search/run_2_worker_1/ils_config_818861729102890014.prm
[INFO]:[00:40:44] CPLEX results. Gap: 5.290000, upper bound: 24286.507752, lower bound: 23001.368205
[INFO]:[00:40:44] CPLEX solver finished. Gap: 5.290000
[INFO]:[00:40:44] Starting CPLEX solver on instance: /home/yorig/tuner/mpils-tests/instances/miplib/medium-2/supportcase40.mps with config: /scratch/yorig/mpils-results-grid-seconds-5-no-mip-start/medium-2/8proc/seed-2/8_supportcase40_seed-2_20260503_003840/iterated_local_search/run_2_worker_1/ils_config_14129411065303059898.prm
[INFO]:[00:40:44] Starting CPLEX solver on instance: /home/yorig/tuner/mpils-tests/instances/miplib/medium-2/supportcase40.mps with config: /scratch/yorig/mpils-results-grid-seconds-5-no-mip-start/medium-2/8proc/seed-2/8_supportcase40_seed-2_20260503_003840/iterated_local_search/run_2_worker_1/ils_config_14129411065303059898.prm
[INFO]:[00:40:49] CPLEX results. Gap: 4.420000, upper bound: 24286.507752, lower bound: 23212.783432
[INFO]:[00:40:49] CPLEX solver finished. Gap: 4.420000
[INFO]:[00:40:49] Starting CPLEX solver on instance: /home/yorig/tuner/mpils-tests/instances/miplib/medium-2/supportcase40.mps with config: /scratch/yorig/mpils-results-grid-seconds-5-no-mip-start/medium-2/8proc/seed-2/8_supportcase40_seed-2_20260503_003840/iterated_local_search/run_2_worker_1/ils_config_7927708940895721736.prm
[INFO]:[00:40:49] Starting CPLEX solver on instance: /home/yorig/tuner/mpils-tests/instances/miplib/medium-2/supportcase40.mps with config: /scratch/yorig/mpils-results-grid-seconds-5-no-mip-start/medium-2/8proc/seed-2/8_supportcase40_seed-2_20260503_003840/iterated_local_search/run_2_worker_1/ils_config_7927708940895721736.prm
[INFO]:[00:40:54] CPLEX results. Gap: 4.680000, upper bound: 24286.507752, lower bound: 23150.365759
[INFO]:[00:40:54] CPLEX solver finished. Gap: 4.680000
[INFO]:[00:40:54] Starting CPLEX solver on instance: /home/yorig/tuner/mpils-tests/instances/miplib/medium-2/supportcase40.mps with config: /scratch/yorig/mpils-results-grid-seconds-5-no-mip-start/medium-2/8proc/seed-2/8_supportcase40_seed-2_20260503_003840/iterated_local_search/run_2_worker_1/ils_config_5348656715197353189.prm
[INFO]:[00:40:54] Starting CPLEX solver on instance: /home/yorig/tuner/mpils-tests/instances/miplib/medium-2/supportcase40.mps with config: /scratch/yorig/mpils-results-grid-seconds-5-no-mip-start/medium-2/8proc/seed-2/8_supportcase40_seed-2_20260503_003840/iterated_local_search/run_2_worker_1/ils_config_5348656715197353189.prm
[INFO]:[00:40:59] CPLEX results. Gap: 4.420000, upper bound: 24286.507752, lower bound: 23212.783432
[INFO]:[00:40:59] CPLEX solver finished. Gap: 4.420000
[INFO]:[00:40:59] Starting CPLEX solver on instance: /home/yorig/tuner/mpils-tests/instances/miplib/medium-2/supportcase40.mps with config: /scratch/yorig/mpils-results-grid-seconds-5-no-mip-start/medium-2/8proc/seed-2/8_supportcase40_seed-2_20260503_003840/iterated_local_search/run_2_worker_1/ils_config_5765969198942719963.prm
[INFO]:[00:40:59] Starting CPLEX solver on instance: /home/yorig/tuner/mpils-tests/instances/miplib/medium-2/supportcase40.mps with config: /scratch/yorig/mpils-results-grid-seconds-5-no-mip-start/medium-2/8proc/seed-2/8_supportcase40_seed-2_20260503_003840/iterated_local_search/run_2_worker_1/ils_config_5765969198942719963.prm
[INFO]:[00:41:04] CPLEX results. Gap: 4.420000, upper bound: 24286.507752, lower bound: 23212.783432
[INFO]:[00:41:04] CPLEX solver finished. Gap: 4.420000
[INFO]:[00:41:04] Starting CPLEX solver on instance: /home/yorig/tuner/mpils-tests/instances/miplib/medium-2/supportcase40.mps with config: /scratch/yorig/mpils-results-grid-seconds-5-no-mip-start/medium-2/8proc/seed-2/8_supportcase40_seed-2_20260503_003840/iterated_local_search/run_2_worker_1/ils_config_10313343806332972278.prm
[INFO]:[00:41:04] Starting CPLEX solver on instance: /home/yorig/tuner/mpils-tests/instances/miplib/medium-2/supportcase40.mps with config: /scratch/yorig/mpils-results-grid-seconds-5-no-mip-start/medium-2/8proc/seed-2/8_supportcase40_seed-2_20260503_003840/iterated_local_search/run_2_worker_1/ils_config_10313343806332972278.prm
[INFO]:[00:41:09] CPLEX results. Gap: 5.590000, upper bound: 24286.507752, lower bound: 22930.050079
[INFO]:[00:41:09] CPLEX solver finished. Gap: 5.590000
[INFO]:[00:41:09] Starting CPLEX solver on instance: /home/yorig/tuner/mpils-tests/instances/miplib/medium-2/supportcase40.mps with config: /scratch/yorig/mpils-results-grid-seconds-5-no-mip-start/medium-2/8proc/seed-2/8_supportcase40_seed-2_20260503_003840/iterated_local_search/run_2_worker_1/ils_config_12258708389873380910.prm
[INFO]:[00:41:09] Starting CPLEX solver on instance: /home/yorig/tuner/mpils-tests/instances/miplib/medium-2/supportcase40.mps with config: /scratch/yorig/mpils-results-grid-seconds-5-no-mip-start/medium-2/8proc/seed-2/8_supportcase40_seed-2_20260503_003840/iterated_local_search/run_2_worker_1/ils_config_12258708389873380910.prm
[INFO]:[00:41:14] CPLEX results. Gap: 4.420000, upper bound: 24286.507752, lower bound: 23212.783432
[INFO]:[00:41:14] CPLEX solver finished. Gap: 4.420000
[INFO]:[00:41:14] Starting CPLEX solver on instance: /home/yorig/tuner/mpils-tests/instances/miplib/medium-2/supportcase40.mps with config: /scratch/yorig/mpils-results-grid-seconds-5-no-mip-start/medium-2/8proc/seed-2/8_supportcase40_seed-2_20260503_003840/iterated_local_search/run_2_worker_1/ils_config_10041393940843811630.prm
[INFO]:[00:41:14] Starting CPLEX solver on instance: /home/yorig/tuner/mpils-tests/instances/miplib/medium-2/supportcase40.mps with config: /scratch/yorig/mpils-results-grid-seconds-5-no-mip-start/medium-2/8proc/seed-2/8_supportcase40_seed-2_20260503_003840/iterated_local_search/run_2_worker_1/ils_config_10041393940843811630.prm
[INFO]:[00:41:19] CPLEX results. Gap: 4.420000, upper bound: 24286.507752, lower bound: 23212.783432
[INFO]:[00:41:19] CPLEX solver finished. Gap: 4.420000
[INFO]:[00:41:19] Starting CPLEX solver on instance: /home/yorig/tuner/mpils-tests/instances/miplib/medium-2/supportcase40.mps with config: /scratch/yorig/mpils-results-grid-seconds-5-no-mip-start/medium-2/8proc/seed-2/8_supportcase40_seed-2_20260503_003840/iterated_local_search/run_2_worker_1/ils_config_8613551772161953298.prm
[INFO]:[00:41:19] Starting CPLEX solver on instance: /home/yorig/tuner/mpils-tests/instances/miplib/medium-2/supportcase40.mps with config: /scratch/yorig/mpils-results-grid-seconds-5-no-mip-start/medium-2/8proc/seed-2/8_supportcase40_seed-2_20260503_003840/iterated_local_search/run_2_worker_1/ils_config_8613551772161953298.prm
[INFO]:[00:41:24] CPLEX results. Gap: 4.420000, upper bound: 24286.507752, lower bound: 23212.783432
[INFO]:[00:41:24] CPLEX solver finished. Gap: 4.420000
[INFO]:[00:41:24] Starting CPLEX solver on instance: /home/yorig/tuner/mpils-tests/instances/miplib/medium-2/supportcase40.mps with config: /scratch/yorig/mpils-results-grid-seconds-5-no-mip-start/medium-2/8proc/seed-2/8_supportcase40_seed-2_20260503_003840/iterated_local_search/run_2_worker_1/ils_config_2649240067190710173.prm
[INFO]:[00:41:24] Starting CPLEX solver on instance: /home/yorig/tuner/mpils-tests/instances/miplib/medium-2/supportcase40.mps with config: /scratch/yorig/mpils-results-grid-seconds-5-no-mip-start/medium-2/8proc/seed-2/8_supportcase40_seed-2_20260503_003840/iterated_local_search/run_2_worker_1/ils_config_2649240067190710173.prm
[INFO]:[00:41:29] CPLEX results. Gap: 4.420000, upper bound: 24286.507752, lower bound: 23212.783432
[INFO]:[00:41:29] CPLEX solver finished. Gap: 4.420000
[INFO]:[00:41:29] Starting CPLEX solver on instance: /home/yorig/tuner/mpils-tests/instances/miplib/medium-2/supportcase40.mps with config: /scratch/yorig/mpils-results-grid-seconds-5-no-mip-start/medium-2/8proc/seed-2/8_supportcase40_seed-2_20260503_003840/iterated_local_search/run_2_worker_1/ils_config_9214611564953211960.prm
[INFO]:[00:41:29] Starting CPLEX solver on instance: /home/yorig/tuner/mpils-tests/instances/miplib/medium-2/supportcase40.mps with config: /scratch/yorig/mpils-results-grid-seconds-5-no-mip-start/medium-2/8proc/seed-2/8_supportcase40_seed-2_20260503_003840/iterated_local_search/run_2_worker_1/ils_config_9214611564953211960.prm
[INFO]:[00:41:34] CPLEX results. Gap: 4.420000, upper bound: 24286.507752, lower bound: 23212.783432
[INFO]:[00:41:34] CPLEX solver finished. Gap: 4.420000
[INFO]:[00:41:34] Local search phase completed.
[INFO]:[00:41:34] Total number of new local-search evaluations: 12
[INFO]:[00:41:34] Final incumbent objective value: 4.42
[INFO]:[00:41:34] Worker 1 completed exploration phase.
[INFO]:[00:41:35] Worker 1 received order for step 2.
[INFO]:[00:41:35] Worker 1 running expansion phase for iteration 2.
[INFO]:[00:41:35] Worker 1 will use solver log file: /scratch/yorig/mpils-results-grid-seconds-5-no-mip-start/medium-2/8proc/seed-2/8_supportcase40_seed-2_20260503_003840/solver/cplex.log_iteration_expansion_2_worker_1
[INFO]:[00:41:35] Expansion Worker 1 starting expansion for iteration 2.
[INFO]:[00:41:35] Starting CPLEX solver on instance: /home/yorig/tuner/mpils-tests/instances/miplib/medium-2/supportcase40.mps with config: /scratch/yorig/mpils-results-grid-seconds-5-no-mip-start/medium-2/8proc/seed-2/8_supportcase40_seed-2_20260503_003840/expansion/config_param_CPXPARAM_MIP_Strategy_PresolveNode_2_iter_2.prm
[INFO]:[00:41:40] CPLEX results. Gap: 6.340000, upper bound: 24438.747643, lower bound: 22889.351497
[INFO]:[00:41:40] CPLEX solver finished. Gap: 6.340000
[INFO]:[00:41:40] Starting CPLEX solver on instance: /home/yorig/tuner/mpils-tests/instances/miplib/medium-2/supportcase40.mps with config: /scratch/yorig/mpils-results-grid-seconds-5-no-mip-start/medium-2/8proc/seed-2/8_supportcase40_seed-2_20260503_003840/expansion/config_param_CPXPARAM_MIP_Strategy_PresolveNode_3_iter_2.prm
[INFO]:[00:41:45] CPLEX results. Gap: 7.130000, upper bound: 24502.810434, lower bound: 22756.942450
[INFO]:[00:41:45] CPLEX solver finished. Gap: 7.130000
[INFO]:[00:41:45] Starting CPLEX solver on instance: /home/yorig/tuner/mpils-tests/instances/miplib/medium-2/supportcase40.mps with config: /scratch/yorig/mpils-results-grid-seconds-5-no-mip-start/medium-2/8proc/seed-2/8_supportcase40_seed-2_20260503_003840/expansion/config_param_CPXPARAM_MIP_Strategy_Order_0_iter_2.prm
[INFO]:[00:41:50] CPLEX results. Gap: 4.310000, upper bound: 24340.432888, lower bound: 23291.021518
[INFO]:[00:41:50] CPLEX solver finished. Gap: 4.310000
[INFO]:[00:41:50] Starting CPLEX solver on instance: /home/yorig/tuner/mpils-tests/instances/miplib/medium-2/supportcase40.mps with config: /scratch/yorig/mpils-results-grid-seconds-5-no-mip-start/medium-2/8proc/seed-2/8_supportcase40_seed-2_20260503_003840/expansion/config_param_CPXPARAM_Preprocessing_Presolve_0_iter_2.prm
[INFO]:[00:41:55] CPLEX results. Gap: 10.360000, upper bound: 25194.089327, lower bound: 22583.348501
[INFO]:[00:41:55] CPLEX solver finished. Gap: 10.360000
[INFO]:[00:41:55] Expansion Worker 1 stopping early after global MPI expansion stop was activated.
[INFO]:[00:41:55] Expansion Worker 1 completed expansion.
[INFO]:[00:41:55] Worker 1 completed expansion phase.
[INFO]:[00:41:55] Worker 1 received order for step 1.
[INFO]:[00:41:55] Worker 1 running exploration phase for iteration 3.
[INFO]:[00:41:55] Worker 1 at iteration 3 will use MIP start file: /scratch/yorig/mpils-results-grid-seconds-5-no-mip-start/medium-2/8proc/seed-2/8_supportcase40_seed-2_20260503_003840/iterated_local_search/run_1_worker_7/mip_starts/mip_start_eval_15_config_12417417335735499129.mst
[INFO]:[00:41:55] Starting local search phase...
[INFO]:[00:41:55] Creating local search space from parameter space file: /scratch/yorig/mpils-results-grid-seconds-5-no-mip-start/medium-2/8proc/seed-2/8_supportcase40_seed-2_20260503_003840/iterated_local_search/search_space/search_space_file_3_worker_1.txt
[INFO]:[00:41:55] Local search space loaded from file: /scratch/yorig/mpils-results-grid-seconds-5-no-mip-start/medium-2/8proc/seed-2/8_supportcase40_seed-2_20260503_003840/iterated_local_search/search_space/search_space_file_3_worker_1.txt
[INFO]:[00:41:55] Number of parameters in local search space: 71
[INFO]:[00:41:55] Number of forbidden tuples in local search space: 23
[INFO]:[00:41:55] Number of conditionals in local search space: 6
[INFO]:[00:41:55] Using MIP start file for local search: /scratch/yorig/mpils-results-grid-seconds-5-no-mip-start/medium-2/8proc/seed-2/8_supportcase40_seed-2_20260503_003840/iterated_local_search/run_1_worker_7/mip_starts/mip_start_eval_15_config_12417417335735499129.mst
[INFO]:[00:41:55] Evaluating initial configuration for local search phase...
[INFO]:[00:41:55] Starting CPLEX solver on instance: /home/yorig/tuner/mpils-tests/instances/miplib/medium-2/supportcase40.mps with config: /scratch/yorig/mpils-results-grid-seconds-5-no-mip-start/medium-2/8proc/seed-2/8_supportcase40_seed-2_20260503_003840/iterated_local_search/run_3_worker_1/ils_config_5238130170804091401.prm
[INFO]:[00:41:55] Starting CPLEX solver on instance: /home/yorig/tuner/mpils-tests/instances/miplib/medium-2/supportcase40.mps with config: /scratch/yorig/mpils-results-grid-seconds-5-no-mip-start/medium-2/8proc/seed-2/8_supportcase40_seed-2_20260503_003840/iterated_local_search/run_3_worker_1/ils_config_5238130170804091401.prm
[INFO]:[00:42:00] CPLEX results. Gap: 4.640000, upper bound: 24286.507752, lower bound: 23158.863419
[INFO]:[00:42:00] CPLEX solver finished. Gap: 4.640000
[INFO]:[00:42:00] Initial configuration evaluated with objective value: 4.64
[INFO]:[00:42:00] Starting CPLEX solver on instance: /home/yorig/tuner/mpils-tests/instances/miplib/medium-2/supportcase40.mps with config: /scratch/yorig/mpils-results-grid-seconds-5-no-mip-start/medium-2/8proc/seed-2/8_supportcase40_seed-2_20260503_003840/iterated_local_search/run_3_worker_1/ils_config_14683162026312877557.prm
[INFO]:[00:42:00] Starting CPLEX solver on instance: /home/yorig/tuner/mpils-tests/instances/miplib/medium-2/supportcase40.mps with config: /scratch/yorig/mpils-results-grid-seconds-5-no-mip-start/medium-2/8proc/seed-2/8_supportcase40_seed-2_20260503_003840/iterated_local_search/run_3_worker_1/ils_config_14683162026312877557.prm
[INFO]:[00:42:05] CPLEX results. Gap: 4.640000, upper bound: 24286.507752, lower bound: 23158.863419
[INFO]:[00:42:05] CPLEX solver finished. Gap: 4.640000
[INFO]:[00:42:05] Starting CPLEX solver on instance: /home/yorig/tuner/mpils-tests/instances/miplib/medium-2/supportcase40.mps with config: /scratch/yorig/mpils-results-grid-seconds-5-no-mip-start/medium-2/8proc/seed-2/8_supportcase40_seed-2_20260503_003840/iterated_local_search/run_3_worker_1/ils_config_2078026379300166090.prm
[INFO]:[00:42:05] Starting CPLEX solver on instance: /home/yorig/tuner/mpils-tests/instances/miplib/medium-2/supportcase40.mps with config: /scratch/yorig/mpils-results-grid-seconds-5-no-mip-start/medium-2/8proc/seed-2/8_supportcase40_seed-2_20260503_003840/iterated_local_search/run_3_worker_1/ils_config_2078026379300166090.prm
[INFO]:[00:42:10] CPLEX results. Gap: 3.630000, upper bound: 24286.507752, lower bound: 23405.246945
[INFO]:[00:42:10] CPLEX solver finished. Gap: 3.630000
[INFO]:[00:42:10] New incumbent found with objective value: 3.63
[INFO]:[00:42:10] Starting CPLEX solver on instance: /home/yorig/tuner/mpils-tests/instances/miplib/medium-2/supportcase40.mps with config: /scratch/yorig/mpils-results-grid-seconds-5-no-mip-start/medium-2/8proc/seed-2/8_supportcase40_seed-2_20260503_003840/iterated_local_search/run_3_worker_1/ils_config_7298366796710956020.prm
[INFO]:[00:42:10] Starting CPLEX solver on instance: /home/yorig/tuner/mpils-tests/instances/miplib/medium-2/supportcase40.mps with config: /scratch/yorig/mpils-results-grid-seconds-5-no-mip-start/medium-2/8proc/seed-2/8_supportcase40_seed-2_20260503_003840/iterated_local_search/run_3_worker_1/ils_config_7298366796710956020.prm
[INFO]:[00:42:15] CPLEX results. Gap: 4.190000, upper bound: 24286.507752, lower bound: 23267.866359
[INFO]:[00:42:15] CPLEX solver finished. Gap: 4.190000
[INFO]:[00:42:15] Starting CPLEX solver on instance: /home/yorig/tuner/mpils-tests/instances/miplib/medium-2/supportcase40.mps with config: /scratch/yorig/mpils-results-grid-seconds-5-no-mip-start/medium-2/8proc/seed-2/8_supportcase40_seed-2_20260503_003840/iterated_local_search/run_3_worker_1/ils_config_17019410759107703309.prm
[INFO]:[00:42:15] Starting CPLEX solver on instance: /home/yorig/tuner/mpils-tests/instances/miplib/medium-2/supportcase40.mps with config: /scratch/yorig/mpils-results-grid-seconds-5-no-mip-start/medium-2/8proc/seed-2/8_supportcase40_seed-2_20260503_003840/iterated_local_search/run_3_worker_1/ils_config_17019410759107703309.prm
[INFO]:[00:42:20] CPLEX results. Gap: 4.730000, upper bound: 24286.507752, lower bound: 23136.858670
[INFO]:[00:42:20] CPLEX solver finished. Gap: 4.730000
[INFO]:[00:42:20] Starting CPLEX solver on instance: /home/yorig/tuner/mpils-tests/instances/miplib/medium-2/supportcase40.mps with config: /scratch/yorig/mpils-results-grid-seconds-5-no-mip-start/medium-2/8proc/seed-2/8_supportcase40_seed-2_20260503_003840/iterated_local_search/run_3_worker_1/ils_config_17054672974558473465.prm
[INFO]:[00:42:20] Starting CPLEX solver on instance: /home/yorig/tuner/mpils-tests/instances/miplib/medium-2/supportcase40.mps with config: /scratch/yorig/mpils-results-grid-seconds-5-no-mip-start/medium-2/8proc/seed-2/8_supportcase40_seed-2_20260503_003840/iterated_local_search/run_3_worker_1/ils_config_17054672974558473465.prm
[INFO]:[00:42:25] CPLEX results. Gap: 3.630000, upper bound: 24286.507752, lower bound: 23405.246945
[INFO]:[00:42:25] CPLEX solver finished. Gap: 3.630000
[INFO]:[00:42:25] Starting CPLEX solver on instance: /home/yorig/tuner/mpils-tests/instances/miplib/medium-2/supportcase40.mps with config: /scratch/yorig/mpils-results-grid-seconds-5-no-mip-start/medium-2/8proc/seed-2/8_supportcase40_seed-2_20260503_003840/iterated_local_search/run_3_worker_1/ils_config_5230374311414117238.prm
[INFO]:[00:42:25] Starting CPLEX solver on instance: /home/yorig/tuner/mpils-tests/instances/miplib/medium-2/supportcase40.mps with config: /scratch/yorig/mpils-results-grid-seconds-5-no-mip-start/medium-2/8proc/seed-2/8_supportcase40_seed-2_20260503_003840/iterated_local_search/run_3_worker_1/ils_config_5230374311414117238.prm
[INFO]:[00:42:31] CPLEX results. Gap: 3.630000, upper bound: 24286.507752, lower bound: 23405.246945
[INFO]:[00:42:31] CPLEX solver finished. Gap: 3.630000
[INFO]:[00:42:31] Starting CPLEX solver on instance: /home/yorig/tuner/mpils-tests/instances/miplib/medium-2/supportcase40.mps with config: /scratch/yorig/mpils-results-grid-seconds-5-no-mip-start/medium-2/8proc/seed-2/8_supportcase40_seed-2_20260503_003840/iterated_local_search/run_3_worker_1/ils_config_14724747479544079557.prm
[INFO]:[00:42:31] Starting CPLEX solver on instance: /home/yorig/tuner/mpils-tests/instances/miplib/medium-2/supportcase40.mps with config: /scratch/yorig/mpils-results-grid-seconds-5-no-mip-start/medium-2/8proc/seed-2/8_supportcase40_seed-2_20260503_003840/iterated_local_search/run_3_worker_1/ils_config_14724747479544079557.prm
[INFO]:[00:42:36] CPLEX results. Gap: 4.290000, upper bound: 24286.507752, lower bound: 23243.669673
[INFO]:[00:42:36] CPLEX solver finished. Gap: 4.290000
[INFO]:[00:42:36] Starting CPLEX solver on instance: /home/yorig/tuner/mpils-tests/instances/miplib/medium-2/supportcase40.mps with config: /scratch/yorig/mpils-results-grid-seconds-5-no-mip-start/medium-2/8proc/seed-2/8_supportcase40_seed-2_20260503_003840/iterated_local_search/run_3_worker_1/ils_config_5648825532177215739.prm
[INFO]:[00:42:36] Starting CPLEX solver on instance: /home/yorig/tuner/mpils-tests/instances/miplib/medium-2/supportcase40.mps with config: /scratch/yorig/mpils-results-grid-seconds-5-no-mip-start/medium-2/8proc/seed-2/8_supportcase40_seed-2_20260503_003840/iterated_local_search/run_3_worker_1/ils_config_5648825532177215739.prm
[INFO]:[00:42:41] CPLEX results. Gap: 3.950000, upper bound: 24286.507752, lower bound: 23326.697930
[INFO]:[00:42:41] CPLEX solver finished. Gap: 3.950000
[INFO]:[00:42:41] Starting CPLEX solver on instance: /home/yorig/tuner/mpils-tests/instances/miplib/medium-2/supportcase40.mps with config: /scratch/yorig/mpils-results-grid-seconds-5-no-mip-start/medium-2/8proc/seed-2/8_supportcase40_seed-2_20260503_003840/iterated_local_search/run_3_worker_1/ils_config_9943553850382082253.prm
[INFO]:[00:42:41] Starting CPLEX solver on instance: /home/yorig/tuner/mpils-tests/instances/miplib/medium-2/supportcase40.mps with config: /scratch/yorig/mpils-results-grid-seconds-5-no-mip-start/medium-2/8proc/seed-2/8_supportcase40_seed-2_20260503_003840/iterated_local_search/run_3_worker_1/ils_config_9943553850382082253.prm
[INFO]:[00:42:46] CPLEX results. Gap: 4.970000, upper bound: 24286.507752, lower bound: 23080.310055
[INFO]:[00:42:46] CPLEX solver finished. Gap: 4.970000
[INFO]:[00:42:46] Starting CPLEX solver on instance: /home/yorig/tuner/mpils-tests/instances/miplib/medium-2/supportcase40.mps with config: /scratch/yorig/mpils-results-grid-seconds-5-no-mip-start/medium-2/8proc/seed-2/8_supportcase40_seed-2_20260503_003840/iterated_local_search/run_3_worker_1/ils_config_18100370721097729432.prm
[INFO]:[00:42:46] Starting CPLEX solver on instance: /home/yorig/tuner/mpils-tests/instances/miplib/medium-2/supportcase40.mps with config: /scratch/yorig/mpils-results-grid-seconds-5-no-mip-start/medium-2/8proc/seed-2/8_supportcase40_seed-2_20260503_003840/iterated_local_search/run_3_worker_1/ils_config_18100370721097729432.prm
[INFO]:[00:42:51] CPLEX results. Gap: 3.920000, upper bound: 24286.507752, lower bound: 23333.279885
[INFO]:[00:42:51] CPLEX solver finished. Gap: 3.920000
[INFO]:[00:42:51] Starting CPLEX solver on instance: /home/yorig/tuner/mpils-tests/instances/miplib/medium-2/supportcase40.mps with config: /scratch/yorig/mpils-results-grid-seconds-5-no-mip-start/medium-2/8proc/seed-2/8_supportcase40_seed-2_20260503_003840/iterated_local_search/run_3_worker_1/ils_config_4012145195775033917.prm
[INFO]:[00:42:51] Starting CPLEX solver on instance: /home/yorig/tuner/mpils-tests/instances/miplib/medium-2/supportcase40.mps with config: /scratch/yorig/mpils-results-grid-seconds-5-no-mip-start/medium-2/8proc/seed-2/8_supportcase40_seed-2_20260503_003840/iterated_local_search/run_3_worker_1/ils_config_4012145195775033917.prm
[INFO]:[00:42:56] CPLEX results. Gap: 3.630000, upper bound: 24286.507752, lower bound: 23405.246945
[INFO]:[00:42:56] CPLEX solver finished. Gap: 3.630000
[INFO]:[00:42:56] Starting CPLEX solver on instance: /home/yorig/tuner/mpils-tests/instances/miplib/medium-2/supportcase40.mps with config: /scratch/yorig/mpils-results-grid-seconds-5-no-mip-start/medium-2/8proc/seed-2/8_supportcase40_seed-2_20260503_003840/iterated_local_search/run_3_worker_1/ils_config_4471260163660838405.prm
[INFO]:[00:42:56] Starting CPLEX solver on instance: /home/yorig/tuner/mpils-tests/instances/miplib/medium-2/supportcase40.mps with config: /scratch/yorig/mpils-results-grid-seconds-5-no-mip-start/medium-2/8proc/seed-2/8_supportcase40_seed-2_20260503_003840/iterated_local_search/run_3_worker_1/ils_config_4471260163660838405.prm
[INFO]:[00:43:01] CPLEX results. Gap: 4.070000, upper bound: 24286.507752, lower bound: 23298.116023
[INFO]:[00:43:01] CPLEX solver finished. Gap: 4.070000
[INFO]:[00:43:01] Starting CPLEX solver on instance: /home/yorig/tuner/mpils-tests/instances/miplib/medium-2/supportcase40.mps with config: /scratch/yorig/mpils-results-grid-seconds-5-no-mip-start/medium-2/8proc/seed-2/8_supportcase40_seed-2_20260503_003840/iterated_local_search/run_3_worker_1/ils_config_7560628015526521407.prm
[INFO]:[00:43:01] Starting CPLEX solver on instance: /home/yorig/tuner/mpils-tests/instances/miplib/medium-2/supportcase40.mps with config: /scratch/yorig/mpils-results-grid-seconds-5-no-mip-start/medium-2/8proc/seed-2/8_supportcase40_seed-2_20260503_003840/iterated_local_search/run_3_worker_1/ils_config_7560628015526521407.prm
[INFO]:[00:43:06] CPLEX results. Gap: 3.630000, upper bound: 24286.507752, lower bound: 23405.246945
[INFO]:[00:43:06] CPLEX solver finished. Gap: 3.630000
[INFO]:[00:43:06] Starting CPLEX solver on instance: /home/yorig/tuner/mpils-tests/instances/miplib/medium-2/supportcase40.mps with config: /scratch/yorig/mpils-results-grid-seconds-5-no-mip-start/medium-2/8proc/seed-2/8_supportcase40_seed-2_20260503_003840/iterated_local_search/run_3_worker_1/ils_config_18158775243359580650.prm
[INFO]:[00:43:06] Starting CPLEX solver on instance: /home/yorig/tuner/mpils-tests/instances/miplib/medium-2/supportcase40.mps with config: /scratch/yorig/mpils-results-grid-seconds-5-no-mip-start/medium-2/8proc/seed-2/8_supportcase40_seed-2_20260503_003840/iterated_local_search/run_3_worker_1/ils_config_18158775243359580650.prm
[INFO]:[00:43:11] CPLEX results. Gap: 5.780000, upper bound: 24286.507752, lower bound: 22882.668732
[INFO]:[00:43:11] CPLEX solver finished. Gap: 5.780000
[INFO]:[00:43:11] Local search phase completed.
[INFO]:[00:43:11] Total number of new local-search evaluations: 15
[INFO]:[00:43:11] Final incumbent objective value: 3.63
[INFO]:[00:43:11] Worker 1 completed exploration phase.
[INFO]:[00:43:11] Worker 1 received order for step 2.
[INFO]:[00:43:11] Worker 1 running expansion phase for iteration 3.
[INFO]:[00:43:11] Worker 1 will use solver log file: /scratch/yorig/mpils-results-grid-seconds-5-no-mip-start/medium-2/8proc/seed-2/8_supportcase40_seed-2_20260503_003840/solver/cplex.log_iteration_expansion_3_worker_1
[INFO]:[00:43:11] Expansion Worker 1 starting expansion for iteration 3.
[INFO]:[00:43:11] Starting CPLEX solver on instance: /home/yorig/tuner/mpils-tests/instances/miplib/medium-2/supportcase40.mps with config: /scratch/yorig/mpils-results-grid-seconds-5-no-mip-start/medium-2/8proc/seed-2/8_supportcase40_seed-2_20260503_003840/expansion/config_param_CPXPARAM_Simplex_PGradient_-1_iter_3.prm
[INFO]:[00:43:16] CPLEX results. Gap: 3.260000, upper bound: 24379.983046, lower bound: 23585.486248
[INFO]:[00:43:16] CPLEX solver finished. Gap: 3.260000
[INFO]:[00:43:16] Starting CPLEX solver on instance: /home/yorig/tuner/mpils-tests/instances/miplib/medium-2/supportcase40.mps with config: /scratch/yorig/mpils-results-grid-seconds-5-no-mip-start/medium-2/8proc/seed-2/8_supportcase40_seed-2_20260503_003840/expansion/config_param_CPXPARAM_Simplex_PGradient_1_iter_3.prm
[INFO]:[00:43:21] CPLEX results. Gap: 3.260000, upper bound: 24379.983046, lower bound: 23586.045627
[INFO]:[00:43:21] CPLEX solver finished. Gap: 3.260000
[INFO]:[00:43:21] Starting CPLEX solver on instance: /home/yorig/tuner/mpils-tests/instances/miplib/medium-2/supportcase40.mps with config: /scratch/yorig/mpils-results-grid-seconds-5-no-mip-start/medium-2/8proc/seed-2/8_supportcase40_seed-2_20260503_003840/expansion/config_param_CPXPARAM_Simplex_PGradient_2_iter_3.prm
[INFO]:[00:43:27] CPLEX results. Gap: 3.260000, upper bound: 24379.983046, lower bound: 23586.045627
[INFO]:[00:43:27] CPLEX solver finished. Gap: 3.260000
[INFO]:[00:43:27] Starting CPLEX solver on instance: /home/yorig/tuner/mpils-tests/instances/miplib/medium-2/supportcase40.mps with config: /scratch/yorig/mpils-results-grid-seconds-5-no-mip-start/medium-2/8proc/seed-2/8_supportcase40_seed-2_20260503_003840/expansion/config_param_CPXPARAM_Simplex_PGradient_3_iter_3.prm
[INFO]:[00:43:32] CPLEX results. Gap: 3.260000, upper bound: 24379.983046, lower bound: 23586.045627
[INFO]:[00:43:32] CPLEX solver finished. Gap: 3.260000
[INFO]:[00:43:32] Starting CPLEX solver on instance: /home/yorig/tuner/mpils-tests/instances/miplib/medium-2/supportcase40.mps with config: /scratch/yorig/mpils-results-grid-seconds-5-no-mip-start/medium-2/8proc/seed-2/8_supportcase40_seed-2_20260503_003840/expansion/config_param_CPXPARAM_Simplex_PGradient_4_iter_3.prm
[INFO]:[00:43:37] CPLEX results. Gap: 3.260000, upper bound: 24379.983046, lower bound: 23586.045627
[INFO]:[00:43:37] CPLEX solver finished. Gap: 3.260000
[INFO]:[00:43:37] Expansion Worker 1 completed expansion.
[INFO]:[00:43:37] Worker 1 completed expansion phase.
[INFO]:[00:43:37] Worker 1 received order for step 1.
[INFO]:[00:43:37] Worker 1 running exploration phase for iteration 4.
[INFO]:[00:43:37] Worker 1 at iteration 4 will use MIP start file: /scratch/yorig/mpils-results-grid-seconds-5-no-mip-start/medium-2/8proc/seed-2/8_supportcase40_seed-2_20260503_003840/iterated_local_search/run_1_worker_7/mip_starts/mip_start_eval_15_config_12417417335735499129.mst
[INFO]:[00:43:37] Starting local search phase...
[INFO]:[00:43:37] Creating local search space from parameter space file: /scratch/yorig/mpils-results-grid-seconds-5-no-mip-start/medium-2/8proc/seed-2/8_supportcase40_seed-2_20260503_003840/iterated_local_search/search_space/search_space_file_4_worker_1.txt
[INFO]:[00:43:37] Local search space loaded from file: /scratch/yorig/mpils-results-grid-seconds-5-no-mip-start/medium-2/8proc/seed-2/8_supportcase40_seed-2_20260503_003840/iterated_local_search/search_space/search_space_file_4_worker_1.txt
[INFO]:[00:43:37] Number of parameters in local search space: 71
[INFO]:[00:43:37] Number of forbidden tuples in local search space: 49
[INFO]:[00:43:37] Number of conditionals in local search space: 6
[INFO]:[00:43:37] Using MIP start file for local search: /scratch/yorig/mpils-results-grid-seconds-5-no-mip-start/medium-2/8proc/seed-2/8_supportcase40_seed-2_20260503_003840/iterated_local_search/run_1_worker_7/mip_starts/mip_start_eval_15_config_12417417335735499129.mst
[INFO]:[00:43:37] Evaluating initial configuration for local search phase...
[INFO]:[00:43:37] Starting CPLEX solver on instance: /home/yorig/tuner/mpils-tests/instances/miplib/medium-2/supportcase40.mps with config: /scratch/yorig/mpils-results-grid-seconds-5-no-mip-start/medium-2/8proc/seed-2/8_supportcase40_seed-2_20260503_003840/iterated_local_search/run_4_worker_1/ils_config_5158924730818374311.prm
[INFO]:[00:43:37] Starting CPLEX solver on instance: /home/yorig/tuner/mpils-tests/instances/miplib/medium-2/supportcase40.mps with config: /scratch/yorig/mpils-results-grid-seconds-5-no-mip-start/medium-2/8proc/seed-2/8_supportcase40_seed-2_20260503_003840/iterated_local_search/run_4_worker_1/ils_config_5158924730818374311.prm
[INFO]:[00:43:42] CPLEX results. Gap: 3.680000, upper bound: 24286.507752, lower bound: 23392.000119
[INFO]:[00:43:42] CPLEX solver finished. Gap: 3.680000
[INFO]:[00:43:42] Initial configuration evaluated with objective value: 3.68
[INFO]:[00:43:42] Starting CPLEX solver on instance: /home/yorig/tuner/mpils-tests/instances/miplib/medium-2/supportcase40.mps with config: /scratch/yorig/mpils-results-grid-seconds-5-no-mip-start/medium-2/8proc/seed-2/8_supportcase40_seed-2_20260503_003840/iterated_local_search/run_4_worker_1/ils_config_163546388896870228.prm
[INFO]:[00:43:42] Starting CPLEX solver on instance: /home/yorig/tuner/mpils-tests/instances/miplib/medium-2/supportcase40.mps with config: /scratch/yorig/mpils-results-grid-seconds-5-no-mip-start/medium-2/8proc/seed-2/8_supportcase40_seed-2_20260503_003840/iterated_local_search/run_4_worker_1/ils_config_163546388896870228.prm
[INFO]:[00:43:47] CPLEX results. Gap: 4.260000, upper bound: 24286.507752, lower bound: 23250.801831
[INFO]:[00:43:47] CPLEX solver finished. Gap: 4.260000
[INFO]:[00:43:47] Starting CPLEX solver on instance: /home/yorig/tuner/mpils-tests/instances/miplib/medium-2/supportcase40.mps with config: /scratch/yorig/mpils-results-grid-seconds-5-no-mip-start/medium-2/8proc/seed-2/8_supportcase40_seed-2_20260503_003840/iterated_local_search/run_4_worker_1/ils_config_1552585922598090872.prm
[INFO]:[00:43:47] Starting CPLEX solver on instance: /home/yorig/tuner/mpils-tests/instances/miplib/medium-2/supportcase40.mps with config: /scratch/yorig/mpils-results-grid-seconds-5-no-mip-start/medium-2/8proc/seed-2/8_supportcase40_seed-2_20260503_003840/iterated_local_search/run_4_worker_1/ils_config_1552585922598090872.prm
[INFO]:[00:43:52] CPLEX results. Gap: 3.920000, upper bound: 24286.507752, lower bound: 23335.206330
[INFO]:[00:43:52] CPLEX solver finished. Gap: 3.920000
[INFO]:[00:43:52] Starting CPLEX solver on instance: /home/yorig/tuner/mpils-tests/instances/miplib/medium-2/supportcase40.mps with config: /scratch/yorig/mpils-results-grid-seconds-5-no-mip-start/medium-2/8proc/seed-2/8_supportcase40_seed-2_20260503_003840/iterated_local_search/run_4_worker_1/ils_config_5437741675956763747.prm
[INFO]:[00:43:52] Starting CPLEX solver on instance: /home/yorig/tuner/mpils-tests/instances/miplib/medium-2/supportcase40.mps with config: /scratch/yorig/mpils-results-grid-seconds-5-no-mip-start/medium-2/8proc/seed-2/8_supportcase40_seed-2_20260503_003840/iterated_local_search/run_4_worker_1/ils_config_5437741675956763747.prm
[INFO]:[00:43:57] CPLEX results. Gap: 3.680000, upper bound: 24286.507752, lower bound: 23392.000119
[INFO]:[00:43:57] CPLEX solver finished. Gap: 3.680000
[INFO]:[00:43:57] Starting CPLEX solver on instance: /home/yorig/tuner/mpils-tests/instances/miplib/medium-2/supportcase40.mps with config: /scratch/yorig/mpils-results-grid-seconds-5-no-mip-start/medium-2/8proc/seed-2/8_supportcase40_seed-2_20260503_003840/iterated_local_search/run_4_worker_1/ils_config_14260017989628962482.prm
[INFO]:[00:43:57] Starting CPLEX solver on instance: /home/yorig/tuner/mpils-tests/instances/miplib/medium-2/supportcase40.mps with config: /scratch/yorig/mpils-results-grid-seconds-5-no-mip-start/medium-2/8proc/seed-2/8_supportcase40_seed-2_20260503_003840/iterated_local_search/run_4_worker_1/ils_config_14260017989628962482.prm
[INFO]:[00:44:02] CPLEX results. Gap: 3.680000, upper bound: 24286.507752, lower bound: 23392.000119
[INFO]:[00:44:02] CPLEX solver finished. Gap: 3.680000
[INFO]:[00:44:02] Starting CPLEX solver on instance: /home/yorig/tuner/mpils-tests/instances/miplib/medium-2/supportcase40.mps with config: /scratch/yorig/mpils-results-grid-seconds-5-no-mip-start/medium-2/8proc/seed-2/8_supportcase40_seed-2_20260503_003840/iterated_local_search/run_4_worker_1/ils_config_4508316903268468531.prm
[INFO]:[00:44:02] Starting CPLEX solver on instance: /home/yorig/tuner/mpils-tests/instances/miplib/medium-2/supportcase40.mps with config: /scratch/yorig/mpils-results-grid-seconds-5-no-mip-start/medium-2/8proc/seed-2/8_supportcase40_seed-2_20260503_003840/iterated_local_search/run_4_worker_1/ils_config_4508316903268468531.prm
[INFO]:[00:44:07] CPLEX results. Gap: 3.570000, upper bound: 24286.507752, lower bound: 23419.626340
[INFO]:[00:44:07] CPLEX solver finished. Gap: 3.570000
[INFO]:[00:44:07] New incumbent found with objective value: 3.57
[INFO]:[00:44:08] Starting CPLEX solver on instance: /home/yorig/tuner/mpils-tests/instances/miplib/medium-2/supportcase40.mps with config: /scratch/yorig/mpils-results-grid-seconds-5-no-mip-start/medium-2/8proc/seed-2/8_supportcase40_seed-2_20260503_003840/iterated_local_search/run_4_worker_1/ils_config_5170984032918049737.prm
[INFO]:[00:44:08] Starting CPLEX solver on instance: /home/yorig/tuner/mpils-tests/instances/miplib/medium-2/supportcase40.mps with config: /scratch/yorig/mpils-results-grid-seconds-5-no-mip-start/medium-2/8proc/seed-2/8_supportcase40_seed-2_20260503_003840/iterated_local_search/run_4_worker_1/ils_config_5170984032918049737.prm
[INFO]:[00:44:13] CPLEX results. Gap: 3.570000, upper bound: 24286.507752, lower bound: 23419.626340
[INFO]:[00:44:13] CPLEX solver finished. Gap: 3.570000
[INFO]:[00:44:13] Local search phase completed.
[INFO]:[00:44:13] Total number of new local-search evaluations: 7
[INFO]:[00:44:13] Final incumbent objective value: 3.57
[INFO]:[00:44:13] Worker 1 completed exploration phase.
[INFO]:[00:44:13] Worker 1 received order for step 2.
[INFO]:[00:44:13] Worker 1 running expansion phase for iteration 4.
[INFO]:[00:44:13] Worker 1 will use solver log file: /scratch/yorig/mpils-results-grid-seconds-5-no-mip-start/medium-2/8proc/seed-2/8_supportcase40_seed-2_20260503_003840/solver/cplex.log_iteration_expansion_4_worker_1
[INFO]:[00:44:13] Expansion Worker 1 starting expansion for iteration 4.
[INFO]:[00:44:13] Starting CPLEX solver on instance: /home/yorig/tuner/mpils-tests/instances/miplib/medium-2/supportcase40.mps with config: /scratch/yorig/mpils-results-grid-seconds-5-no-mip-start/medium-2/8proc/seed-2/8_supportcase40_seed-2_20260503_003840/expansion/config_param_CPXPARAM_Preprocessing_Dependency_2_iter_4.prm
[INFO]:[00:44:18] CPLEX results. Gap: 3.260000, upper bound: 24379.983046, lower bound: 23586.045627
[INFO]:[00:44:18] CPLEX solver finished. Gap: 3.260000
[INFO]:[00:44:18] Starting CPLEX solver on instance: /home/yorig/tuner/mpils-tests/instances/miplib/medium-2/supportcase40.mps with config: /scratch/yorig/mpils-results-grid-seconds-5-no-mip-start/medium-2/8proc/seed-2/8_supportcase40_seed-2_20260503_003840/expansion/config_param_CPXPARAM_Preprocessing_Dependency_3_iter_4.prm
[INFO]:[00:44:23] CPLEX results. Gap: 3.260000, upper bound: 24379.983046, lower bound: 23586.045627
[INFO]:[00:44:23] CPLEX solver finished. Gap: 3.260000
[INFO]:[00:44:23] Starting CPLEX solver on instance: /home/yorig/tuner/mpils-tests/instances/miplib/medium-2/supportcase40.mps with config: /scratch/yorig/mpils-results-grid-seconds-5-no-mip-start/medium-2/8proc/seed-2/8_supportcase40_seed-2_20260503_003840/expansion/config_param_CPXPARAM_Feasopt_Mode_1_iter_4.prm
[INFO]:[00:44:28] CPLEX results. Gap: 3.260000, upper bound: 24379.983046, lower bound: 23586.045627
[INFO]:[00:44:28] CPLEX solver finished. Gap: 3.260000
[INFO]:[00:44:28] Starting CPLEX solver on instance: /home/yorig/tuner/mpils-tests/instances/miplib/medium-2/supportcase40.mps with config: /scratch/yorig/mpils-results-grid-seconds-5-no-mip-start/medium-2/8proc/seed-2/8_supportcase40_seed-2_20260503_003840/expansion/config_param_CPXPARAM_Feasopt_Mode_2_iter_4.prm
[INFO]:[00:44:33] CPLEX results. Gap: 3.260000, upper bound: 24379.983046, lower bound: 23586.045627
[INFO]:[00:44:33] CPLEX solver finished. Gap: 3.260000
[INFO]:[00:44:33] Expansion Worker 1 completed expansion.
[INFO]:[00:44:33] Worker 1 completed expansion phase.
[INFO]:[00:44:34] Worker 1 received order for step 1.
[INFO]:[00:44:34] Worker 1 running exploration phase for iteration 5.
[INFO]:[00:44:34] Worker 1 at iteration 5 will use MIP start file: /scratch/yorig/mpils-results-grid-seconds-5-no-mip-start/medium-2/8proc/seed-2/8_supportcase40_seed-2_20260503_003840/iterated_local_search/run_1_worker_7/mip_starts/mip_start_eval_15_config_12417417335735499129.mst
[INFO]:[00:44:34] Starting local search phase...
[INFO]:[00:44:34] Creating local search space from parameter space file: /scratch/yorig/mpils-results-grid-seconds-5-no-mip-start/medium-2/8proc/seed-2/8_supportcase40_seed-2_20260503_003840/iterated_local_search/search_space/search_space_file_5_worker_1.txt
[INFO]:[00:44:34] Local search space loaded from file: /scratch/yorig/mpils-results-grid-seconds-5-no-mip-start/medium-2/8proc/seed-2/8_supportcase40_seed-2_20260503_003840/iterated_local_search/search_space/search_space_file_5_worker_1.txt
[INFO]:[00:44:34] Number of parameters in local search space: 71
[INFO]:[00:44:34] Number of forbidden tuples in local search space: 76
[INFO]:[00:44:34] Number of conditionals in local search space: 6
[INFO]:[00:44:34] Using MIP start file for local search: /scratch/yorig/mpils-results-grid-seconds-5-no-mip-start/medium-2/8proc/seed-2/8_supportcase40_seed-2_20260503_003840/iterated_local_search/run_1_worker_7/mip_starts/mip_start_eval_15_config_12417417335735499129.mst
[INFO]:[00:44:34] Evaluating initial configuration for local search phase...
[INFO]:[00:44:34] Starting CPLEX solver on instance: /home/yorig/tuner/mpils-tests/instances/miplib/medium-2/supportcase40.mps with config: /scratch/yorig/mpils-results-grid-seconds-5-no-mip-start/medium-2/8proc/seed-2/8_supportcase40_seed-2_20260503_003840/iterated_local_search/run_5_worker_1/ils_config_15131737693497110783.prm
[INFO]:[00:44:34] Starting CPLEX solver on instance: /home/yorig/tuner/mpils-tests/instances/miplib/medium-2/supportcase40.mps with config: /scratch/yorig/mpils-results-grid-seconds-5-no-mip-start/medium-2/8proc/seed-2/8_supportcase40_seed-2_20260503_003840/iterated_local_search/run_5_worker_1/ils_config_15131737693497110783.prm
[INFO]:[00:44:39] CPLEX results. Gap: 3.680000, upper bound: 24286.507752, lower bound: 23391.776758
[INFO]:[00:44:39] CPLEX solver finished. Gap: 3.680000
[INFO]:[00:44:39] Initial configuration evaluated with objective value: 3.68
[INFO]:[00:44:39] Starting CPLEX solver on instance: /home/yorig/tuner/mpils-tests/instances/miplib/medium-2/supportcase40.mps with config: /scratch/yorig/mpils-results-grid-seconds-5-no-mip-start/medium-2/8proc/seed-2/8_supportcase40_seed-2_20260503_003840/iterated_local_search/run_5_worker_1/ils_config_15473600307753013010.prm
[INFO]:[00:44:39] Starting CPLEX solver on instance: /home/yorig/tuner/mpils-tests/instances/miplib/medium-2/supportcase40.mps with config: /scratch/yorig/mpils-results-grid-seconds-5-no-mip-start/medium-2/8proc/seed-2/8_supportcase40_seed-2_20260503_003840/iterated_local_search/run_5_worker_1/ils_config_15473600307753013010.prm
[INFO]:[00:44:44] CPLEX results. Gap: 3.720000, upper bound: 24286.507752, lower bound: 23382.929828
[INFO]:[00:44:44] CPLEX solver finished. Gap: 3.720000
[INFO]:[00:44:44] Starting CPLEX solver on instance: /home/yorig/tuner/mpils-tests/instances/miplib/medium-2/supportcase40.mps with config: /scratch/yorig/mpils-results-grid-seconds-5-no-mip-start/medium-2/8proc/seed-2/8_supportcase40_seed-2_20260503_003840/iterated_local_search/run_5_worker_1/ils_config_9611345457802866236.prm
[INFO]:[00:44:44] Starting CPLEX solver on instance: /home/yorig/tuner/mpils-tests/instances/miplib/medium-2/supportcase40.mps with config: /scratch/yorig/mpils-results-grid-seconds-5-no-mip-start/medium-2/8proc/seed-2/8_supportcase40_seed-2_20260503_003840/iterated_local_search/run_5_worker_1/ils_config_9611345457802866236.prm
[INFO]:[00:44:49] CPLEX results. Gap: 3.680000, upper bound: 24286.507752, lower bound: 23391.886994
[INFO]:[00:44:49] CPLEX solver finished. Gap: 3.680000
[INFO]:[00:44:49] Starting CPLEX solver on instance: /home/yorig/tuner/mpils-tests/instances/miplib/medium-2/supportcase40.mps with config: /scratch/yorig/mpils-results-grid-seconds-5-no-mip-start/medium-2/8proc/seed-2/8_supportcase40_seed-2_20260503_003840/iterated_local_search/run_5_worker_1/ils_config_3578416452982445172.prm
[INFO]:[00:44:49] Starting CPLEX solver on instance: /home/yorig/tuner/mpils-tests/instances/miplib/medium-2/supportcase40.mps with config: /scratch/yorig/mpils-results-grid-seconds-5-no-mip-start/medium-2/8proc/seed-2/8_supportcase40_seed-2_20260503_003840/iterated_local_search/run_5_worker_1/ils_config_3578416452982445172.prm
[INFO]:[00:44:54] CPLEX results. Gap: 3.680000, upper bound: 24286.507752, lower bound: 23392.000119
[INFO]:[00:44:54] CPLEX solver finished. Gap: 3.680000
[INFO]:[00:44:54] Starting CPLEX solver on instance: /home/yorig/tuner/mpils-tests/instances/miplib/medium-2/supportcase40.mps with config: /scratch/yorig/mpils-results-grid-seconds-5-no-mip-start/medium-2/8proc/seed-2/8_supportcase40_seed-2_20260503_003840/iterated_local_search/run_5_worker_1/ils_config_8764479453087959543.prm
[INFO]:[00:44:54] Starting CPLEX solver on instance: /home/yorig/tuner/mpils-tests/instances/miplib/medium-2/supportcase40.mps with config: /scratch/yorig/mpils-results-grid-seconds-5-no-mip-start/medium-2/8proc/seed-2/8_supportcase40_seed-2_20260503_003840/iterated_local_search/run_5_worker_1/ils_config_8764479453087959543.prm
[INFO]:[00:44:59] CPLEX results. Gap: 3.580000, upper bound: 24286.507752, lower bound: 23417.636539
[INFO]:[00:44:59] CPLEX solver finished. Gap: 3.580000
[INFO]:[00:44:59] New incumbent found with objective value: 3.58
[INFO]:[00:44:59] Starting CPLEX solver on instance: /home/yorig/tuner/mpils-tests/instances/miplib/medium-2/supportcase40.mps with config: /scratch/yorig/mpils-results-grid-seconds-5-no-mip-start/medium-2/8proc/seed-2/8_supportcase40_seed-2_20260503_003840/iterated_local_search/run_5_worker_1/ils_config_5569803058223812521.prm
[INFO]:[00:44:59] Starting CPLEX solver on instance: /home/yorig/tuner/mpils-tests/instances/miplib/medium-2/supportcase40.mps with config: /scratch/yorig/mpils-results-grid-seconds-5-no-mip-start/medium-2/8proc/seed-2/8_supportcase40_seed-2_20260503_003840/iterated_local_search/run_5_worker_1/ils_config_5569803058223812521.prm
[INFO]:[00:45:04] CPLEX results. Gap: 3.540000, upper bound: 24286.507752, lower bound: 23427.333313
[INFO]:[00:45:04] CPLEX solver finished. Gap: 3.540000
[INFO]:[00:45:04] New incumbent found with objective value: 3.54
[INFO]:[00:45:04] Starting CPLEX solver on instance: /home/yorig/tuner/mpils-tests/instances/miplib/medium-2/supportcase40.mps with config: /scratch/yorig/mpils-results-grid-seconds-5-no-mip-start/medium-2/8proc/seed-2/8_supportcase40_seed-2_20260503_003840/iterated_local_search/run_5_worker_1/ils_config_1213891254212360204.prm
[INFO]:[00:45:04] Starting CPLEX solver on instance: /home/yorig/tuner/mpils-tests/instances/miplib/medium-2/supportcase40.mps with config: /scratch/yorig/mpils-results-grid-seconds-5-no-mip-start/medium-2/8proc/seed-2/8_supportcase40_seed-2_20260503_003840/iterated_local_search/run_5_worker_1/ils_config_1213891254212360204.prm
[INFO]:[00:45:10] CPLEX results. Gap: 3.480000, upper bound: 24286.507752, lower bound: 23441.817818
[INFO]:[00:45:10] CPLEX solver finished. Gap: 3.480000
[INFO]:[00:45:10] New incumbent found with objective value: 3.48
[INFO]:[00:45:10] Starting CPLEX solver on instance: /home/yorig/tuner/mpils-tests/instances/miplib/medium-2/supportcase40.mps with config: /scratch/yorig/mpils-results-grid-seconds-5-no-mip-start/medium-2/8proc/seed-2/8_supportcase40_seed-2_20260503_003840/iterated_local_search/run_5_worker_1/ils_config_5927127642978597115.prm
[INFO]:[00:45:10] Starting CPLEX solver on instance: /home/yorig/tuner/mpils-tests/instances/miplib/medium-2/supportcase40.mps with config: /scratch/yorig/mpils-results-grid-seconds-5-no-mip-start/medium-2/8proc/seed-2/8_supportcase40_seed-2_20260503_003840/iterated_local_search/run_5_worker_1/ils_config_5927127642978597115.prm
[INFO]:[00:45:15] CPLEX results. Gap: 3.570000, upper bound: 24286.507752, lower bound: 23419.441316
[INFO]:[00:45:15] CPLEX solver finished. Gap: 3.570000
[INFO]:[00:45:15] Starting CPLEX solver on instance: /home/yorig/tuner/mpils-tests/instances/miplib/medium-2/supportcase40.mps with config: /scratch/yorig/mpils-results-grid-seconds-5-no-mip-start/medium-2/8proc/seed-2/8_supportcase40_seed-2_20260503_003840/iterated_local_search/run_5_worker_1/ils_config_13582244872969248793.prm
[INFO]:[00:45:15] Starting CPLEX solver on instance: /home/yorig/tuner/mpils-tests/instances/miplib/medium-2/supportcase40.mps with config: /scratch/yorig/mpils-results-grid-seconds-5-no-mip-start/medium-2/8proc/seed-2/8_supportcase40_seed-2_20260503_003840/iterated_local_search/run_5_worker_1/ils_config_13582244872969248793.prm
[INFO]:[00:45:20] CPLEX results. Gap: 3.480000, upper bound: 24286.507752, lower bound: 23441.817818
[INFO]:[00:45:20] CPLEX solver finished. Gap: 3.480000
[INFO]:[00:45:20] Local search phase completed.
[INFO]:[00:45:20] Total number of new local-search evaluations: 9
[INFO]:[00:45:20] Final incumbent objective value: 3.48
[INFO]:[00:45:20] Worker 1 completed exploration phase.
[INFO]:[00:45:20] Worker 1 received order for step 2.
[INFO]:[00:45:20] Worker 1 running expansion phase for iteration 5.
[INFO]:[00:45:20] Worker 1 will use solver log file: /scratch/yorig/mpils-results-grid-seconds-5-no-mip-start/medium-2/8proc/seed-2/8_supportcase40_seed-2_20260503_003840/solver/cplex.log_iteration_expansion_5_worker_1
[INFO]:[00:45:20] Expansion Worker 1 starting expansion for iteration 5.
[INFO]:[00:45:20] Starting CPLEX solver on instance: /home/yorig/tuner/mpils-tests/instances/miplib/medium-2/supportcase40.mps with config: /scratch/yorig/mpils-results-grid-seconds-5-no-mip-start/medium-2/8proc/seed-2/8_supportcase40_seed-2_20260503_003840/expansion/config_param_CPXPARAM_Preprocessing_RepeatPresolve_2_iter_5.prm
[INFO]:[00:45:25] CPLEX results. Gap: 8.150000, upper bound: 24830.528352, lower bound: 22807.621028
[INFO]:[00:45:25] CPLEX solver finished. Gap: 8.150000
[INFO]:[00:45:25] Starting CPLEX solver on instance: /home/yorig/tuner/mpils-tests/instances/miplib/medium-2/supportcase40.mps with config: /scratch/yorig/mpils-results-grid-seconds-5-no-mip-start/medium-2/8proc/seed-2/8_supportcase40_seed-2_20260503_003840/expansion/config_param_CPXPARAM_Preprocessing_RepeatPresolve_3_iter_5.prm
[INFO]:[00:45:30] CPLEX results. Gap: 5.100000, upper bound: 24341.591982, lower bound: 23099.997082
[INFO]:[00:45:30] CPLEX solver finished. Gap: 5.100000
[INFO]:[00:45:30] Starting CPLEX solver on instance: /home/yorig/tuner/mpils-tests/instances/miplib/medium-2/supportcase40.mps with config: /scratch/yorig/mpils-results-grid-seconds-5-no-mip-start/medium-2/8proc/seed-2/8_supportcase40_seed-2_20260503_003840/expansion/config_param_CPXPARAM_LPMethod_1_iter_5.prm
[INFO]:[00:45:35] CPLEX results. Gap: 3.260000, upper bound: 24379.983046, lower bound: 23586.045627
[INFO]:[00:45:35] CPLEX solver finished. Gap: 3.260000
[INFO]:[00:45:35] Starting CPLEX solver on instance: /home/yorig/tuner/mpils-tests/instances/miplib/medium-2/supportcase40.mps with config: /scratch/yorig/mpils-results-grid-seconds-5-no-mip-start/medium-2/8proc/seed-2/8_supportcase40_seed-2_20260503_003840/expansion/config_param_CPXPARAM_LPMethod_2_iter_5.prm
[INFO]:[00:45:40] CPLEX results. Gap: 3.260000, upper bound: 24379.983046, lower bound: 23586.045627
[INFO]:[00:45:40] CPLEX solver finished. Gap: 3.260000
[INFO]:[00:45:40] Expansion Worker 1 completed expansion.
[INFO]:[00:45:40] Worker 1 completed expansion phase.
[INFO]:[00:45:41] Worker 1 received order for step 1.
[INFO]:[00:45:41] Worker 1 running exploration phase for iteration 6.
[INFO]:[00:45:41] Worker 1 at iteration 6 will use MIP start file: /scratch/yorig/mpils-results-grid-seconds-5-no-mip-start/medium-2/8proc/seed-2/8_supportcase40_seed-2_20260503_003840/iterated_local_search/run_1_worker_7/mip_starts/mip_start_eval_15_config_12417417335735499129.mst
[INFO]:[00:45:41] Starting local search phase...
[INFO]:[00:45:41] Creating local search space from parameter space file: /scratch/yorig/mpils-results-grid-seconds-5-no-mip-start/medium-2/8proc/seed-2/8_supportcase40_seed-2_20260503_003840/iterated_local_search/search_space/search_space_file_6_worker_1.txt
[INFO]:[00:45:41] Local search space loaded from file: /scratch/yorig/mpils-results-grid-seconds-5-no-mip-start/medium-2/8proc/seed-2/8_supportcase40_seed-2_20260503_003840/iterated_local_search/search_space/search_space_file_6_worker_1.txt
[INFO]:[00:45:41] Number of parameters in local search space: 71
[INFO]:[00:45:41] Number of forbidden tuples in local search space: 105
[INFO]:[00:45:41] Number of conditionals in local search space: 6
[INFO]:[00:45:41] Using MIP start file for local search: /scratch/yorig/mpils-results-grid-seconds-5-no-mip-start/medium-2/8proc/seed-2/8_supportcase40_seed-2_20260503_003840/iterated_local_search/run_1_worker_7/mip_starts/mip_start_eval_15_config_12417417335735499129.mst
[INFO]:[00:45:41] Evaluating initial configuration for local search phase...
[INFO]:[00:45:41] Starting CPLEX solver on instance: /home/yorig/tuner/mpils-tests/instances/miplib/medium-2/supportcase40.mps with config: /scratch/yorig/mpils-results-grid-seconds-5-no-mip-start/medium-2/8proc/seed-2/8_supportcase40_seed-2_20260503_003840/iterated_local_search/run_6_worker_1/ils_config_15131737693497110783.prm
[INFO]:[00:45:41] Starting CPLEX solver on instance: /home/yorig/tuner/mpils-tests/instances/miplib/medium-2/supportcase40.mps with config: /scratch/yorig/mpils-results-grid-seconds-5-no-mip-start/medium-2/8proc/seed-2/8_supportcase40_seed-2_20260503_003840/iterated_local_search/run_6_worker_1/ils_config_15131737693497110783.prm
[INFO]:[00:45:46] CPLEX results. Gap: 3.680000, upper bound: 24286.507752, lower bound: 23392.177432
[INFO]:[00:45:46] CPLEX solver finished. Gap: 3.680000
[INFO]:[00:45:46] Initial configuration evaluated with objective value: 3.68
[INFO]:[00:45:46] Starting CPLEX solver on instance: /home/yorig/tuner/mpils-tests/instances/miplib/medium-2/supportcase40.mps with config: /scratch/yorig/mpils-results-grid-seconds-5-no-mip-start/medium-2/8proc/seed-2/8_supportcase40_seed-2_20260503_003840/iterated_local_search/run_6_worker_1/ils_config_11941462920051114341.prm
[INFO]:[00:45:46] Starting CPLEX solver on instance: /home/yorig/tuner/mpils-tests/instances/miplib/medium-2/supportcase40.mps with config: /scratch/yorig/mpils-results-grid-seconds-5-no-mip-start/medium-2/8proc/seed-2/8_supportcase40_seed-2_20260503_003840/iterated_local_search/run_6_worker_1/ils_config_11941462920051114341.prm
[INFO]:[00:45:51] CPLEX results. Gap: 4.140000, upper bound: 24286.507752, lower bound: 23280.323993
[INFO]:[00:45:51] CPLEX solver finished. Gap: 4.140000
[INFO]:[00:45:51] Starting CPLEX solver on instance: /home/yorig/tuner/mpils-tests/instances/miplib/medium-2/supportcase40.mps with config: /scratch/yorig/mpils-results-grid-seconds-5-no-mip-start/medium-2/8proc/seed-2/8_supportcase40_seed-2_20260503_003840/iterated_local_search/run_6_worker_1/ils_config_10954339184104683502.prm
[INFO]:[00:45:51] Starting CPLEX solver on instance: /home/yorig/tuner/mpils-tests/instances/miplib/medium-2/supportcase40.mps with config: /scratch/yorig/mpils-results-grid-seconds-5-no-mip-start/medium-2/8proc/seed-2/8_supportcase40_seed-2_20260503_003840/iterated_local_search/run_6_worker_1/ils_config_10954339184104683502.prm
[INFO]:[00:45:56] CPLEX results. Gap: 3.020000, upper bound: 24286.507752, lower bound: 23552.424530
[INFO]:[00:45:56] CPLEX solver finished. Gap: 3.020000
[INFO]:[00:45:56] New incumbent found with objective value: 3.02
[INFO]:[00:45:56] Starting CPLEX solver on instance: /home/yorig/tuner/mpils-tests/instances/miplib/medium-2/supportcase40.mps with config: /scratch/yorig/mpils-results-grid-seconds-5-no-mip-start/medium-2/8proc/seed-2/8_supportcase40_seed-2_20260503_003840/iterated_local_search/run_6_worker_1/ils_config_7026655380642520007.prm
[INFO]:[00:45:56] Starting CPLEX solver on instance: /home/yorig/tuner/mpils-tests/instances/miplib/medium-2/supportcase40.mps with config: /scratch/yorig/mpils-results-grid-seconds-5-no-mip-start/medium-2/8proc/seed-2/8_supportcase40_seed-2_20260503_003840/iterated_local_search/run_6_worker_1/ils_config_7026655380642520007.prm
[INFO]:[00:46:01] CPLEX results. Gap: 3.020000, upper bound: 24286.507752, lower bound: 23552.424530
[INFO]:[00:46:01] CPLEX solver finished. Gap: 3.020000
[INFO]:[00:46:01] Starting CPLEX solver on instance: /home/yorig/tuner/mpils-tests/instances/miplib/medium-2/supportcase40.mps with config: /scratch/yorig/mpils-results-grid-seconds-5-no-mip-start/medium-2/8proc/seed-2/8_supportcase40_seed-2_20260503_003840/iterated_local_search/run_6_worker_1/ils_config_10833785654637290434.prm
[INFO]:[00:46:01] Starting CPLEX solver on instance: /home/yorig/tuner/mpils-tests/instances/miplib/medium-2/supportcase40.mps with config: /scratch/yorig/mpils-results-grid-seconds-5-no-mip-start/medium-2/8proc/seed-2/8_supportcase40_seed-2_20260503_003840/iterated_local_search/run_6_worker_1/ils_config_10833785654637290434.prm
[INFO]:[00:46:06] CPLEX results. Gap: 2.980000, upper bound: 24286.507752, lower bound: 23562.175060
[INFO]:[00:46:06] CPLEX solver finished. Gap: 2.980000
[INFO]:[00:46:06] New incumbent found with objective value: 2.98
[INFO]:[00:46:06] Starting CPLEX solver on instance: /home/yorig/tuner/mpils-tests/instances/miplib/medium-2/supportcase40.mps with config: /scratch/yorig/mpils-results-grid-seconds-5-no-mip-start/medium-2/8proc/seed-2/8_supportcase40_seed-2_20260503_003840/iterated_local_search/run_6_worker_1/ils_config_367431782595704535.prm
[INFO]:[00:46:06] Starting CPLEX solver on instance: /home/yorig/tuner/mpils-tests/instances/miplib/medium-2/supportcase40.mps with config: /scratch/yorig/mpils-results-grid-seconds-5-no-mip-start/medium-2/8proc/seed-2/8_supportcase40_seed-2_20260503_003840/iterated_local_search/run_6_worker_1/ils_config_367431782595704535.prm
[INFO]:[00:46:11] CPLEX results. Gap: 4.130000, upper bound: 24286.507752, lower bound: 23283.308133
[INFO]:[00:46:11] CPLEX solver finished. Gap: 4.130000
[INFO]:[00:46:11] Starting CPLEX solver on instance: /home/yorig/tuner/mpils-tests/instances/miplib/medium-2/supportcase40.mps with config: /scratch/yorig/mpils-results-grid-seconds-5-no-mip-start/medium-2/8proc/seed-2/8_supportcase40_seed-2_20260503_003840/iterated_local_search/run_6_worker_1/ils_config_10468251954950127949.prm
[INFO]:[00:46:11] Starting CPLEX solver on instance: /home/yorig/tuner/mpils-tests/instances/miplib/medium-2/supportcase40.mps with config: /scratch/yorig/mpils-results-grid-seconds-5-no-mip-start/medium-2/8proc/seed-2/8_supportcase40_seed-2_20260503_003840/iterated_local_search/run_6_worker_1/ils_config_10468251954950127949.prm
[INFO]:[00:46:16] CPLEX results. Gap: 2.980000, upper bound: 24286.507752, lower bound: 23562.175060
[INFO]:[00:46:16] CPLEX solver finished. Gap: 2.980000
[INFO]:[00:46:16] Starting CPLEX solver on instance: /home/yorig/tuner/mpils-tests/instances/miplib/medium-2/supportcase40.mps with config: /scratch/yorig/mpils-results-grid-seconds-5-no-mip-start/medium-2/8proc/seed-2/8_supportcase40_seed-2_20260503_003840/iterated_local_search/run_6_worker_1/ils_config_15114100279980082386.prm
[INFO]:[00:46:16] Starting CPLEX solver on instance: /home/yorig/tuner/mpils-tests/instances/miplib/medium-2/supportcase40.mps with config: /scratch/yorig/mpils-results-grid-seconds-5-no-mip-start/medium-2/8proc/seed-2/8_supportcase40_seed-2_20260503_003840/iterated_local_search/run_6_worker_1/ils_config_15114100279980082386.prm
[INFO]:[00:46:22] CPLEX results. Gap: 3.020000, upper bound: 24286.507752, lower bound: 23552.424530
[INFO]:[00:46:22] CPLEX solver finished. Gap: 3.020000
[INFO]:[00:46:22] Starting CPLEX solver on instance: /home/yorig/tuner/mpils-tests/instances/miplib/medium-2/supportcase40.mps with config: /scratch/yorig/mpils-results-grid-seconds-5-no-mip-start/medium-2/8proc/seed-2/8_supportcase40_seed-2_20260503_003840/iterated_local_search/run_6_worker_1/ils_config_12838788326326992369.prm
[INFO]:[00:46:22] Starting CPLEX solver on instance: /home/yorig/tuner/mpils-tests/instances/miplib/medium-2/supportcase40.mps with config: /scratch/yorig/mpils-results-grid-seconds-5-no-mip-start/medium-2/8proc/seed-2/8_supportcase40_seed-2_20260503_003840/iterated_local_search/run_6_worker_1/ils_config_12838788326326992369.prm
[INFO]:[00:46:27] CPLEX results. Gap: 6.150000, upper bound: 24256.312290, lower bound: 22764.827597
[INFO]:[00:46:27] Writing MIP start file: /scratch/yorig/mpils-results-grid-seconds-5-no-mip-start/medium-2/8proc/seed-2/8_supportcase40_seed-2_20260503_003840/iterated_local_search/run_6_worker_1/mip_starts/mip_start_eval_9_config_12838788326326992369.mst
[INFO]:[00:46:27] CPLEX solver finished. Gap: 6.150000
[INFO]:[00:46:27] Starting CPLEX solver on instance: /home/yorig/tuner/mpils-tests/instances/miplib/medium-2/supportcase40.mps with config: /scratch/yorig/mpils-results-grid-seconds-5-no-mip-start/medium-2/8proc/seed-2/8_supportcase40_seed-2_20260503_003840/iterated_local_search/run_6_worker_1/ils_config_12310922760752272208.prm
[INFO]:[00:46:27] Starting CPLEX solver on instance: /home/yorig/tuner/mpils-tests/instances/miplib/medium-2/supportcase40.mps with config: /scratch/yorig/mpils-results-grid-seconds-5-no-mip-start/medium-2/8proc/seed-2/8_supportcase40_seed-2_20260503_003840/iterated_local_search/run_6_worker_1/ils_config_12310922760752272208.prm
[INFO]:[00:46:32] CPLEX results. Gap: 2.980000, upper bound: 24286.507752, lower bound: 23562.175060
[INFO]:[00:46:32] CPLEX solver finished. Gap: 2.980000
[INFO]:[00:46:32] Starting CPLEX solver on instance: /home/yorig/tuner/mpils-tests/instances/miplib/medium-2/supportcase40.mps with config: /scratch/yorig/mpils-results-grid-seconds-5-no-mip-start/medium-2/8proc/seed-2/8_supportcase40_seed-2_20260503_003840/iterated_local_search/run_6_worker_1/ils_config_1720438217122279557.prm
[INFO]:[00:46:32] Starting CPLEX solver on instance: /home/yorig/tuner/mpils-tests/instances/miplib/medium-2/supportcase40.mps with config: /scratch/yorig/mpils-results-grid-seconds-5-no-mip-start/medium-2/8proc/seed-2/8_supportcase40_seed-2_20260503_003840/iterated_local_search/run_6_worker_1/ils_config_1720438217122279557.prm
[INFO]:[00:46:37] CPLEX results. Gap: 2.980000, upper bound: 24286.507752, lower bound: 23562.175060
[INFO]:[00:46:37] CPLEX solver finished. Gap: 2.980000
[INFO]:[00:46:37] Starting CPLEX solver on instance: /home/yorig/tuner/mpils-tests/instances/miplib/medium-2/supportcase40.mps with config: /scratch/yorig/mpils-results-grid-seconds-5-no-mip-start/medium-2/8proc/seed-2/8_supportcase40_seed-2_20260503_003840/iterated_local_search/run_6_worker_1/ils_config_493207188579920778.prm
[INFO]:[00:46:37] Starting CPLEX solver on instance: /home/yorig/tuner/mpils-tests/instances/miplib/medium-2/supportcase40.mps with config: /scratch/yorig/mpils-results-grid-seconds-5-no-mip-start/medium-2/8proc/seed-2/8_supportcase40_seed-2_20260503_003840/iterated_local_search/run_6_worker_1/ils_config_493207188579920778.prm
[INFO]:[00:46:42] CPLEX results. Gap: 4.940000, upper bound: 24286.507752, lower bound: 23086.764295
[INFO]:[00:46:42] CPLEX solver finished. Gap: 4.940000
[INFO]:[00:46:42] Starting CPLEX solver on instance: /home/yorig/tuner/mpils-tests/instances/miplib/medium-2/supportcase40.mps with config: /scratch/yorig/mpils-results-grid-seconds-5-no-mip-start/medium-2/8proc/seed-2/8_supportcase40_seed-2_20260503_003840/iterated_local_search/run_6_worker_1/ils_config_13941782045668075038.prm
[INFO]:[00:46:42] Starting CPLEX solver on instance: /home/yorig/tuner/mpils-tests/instances/miplib/medium-2/supportcase40.mps with config: /scratch/yorig/mpils-results-grid-seconds-5-no-mip-start/medium-2/8proc/seed-2/8_supportcase40_seed-2_20260503_003840/iterated_local_search/run_6_worker_1/ils_config_13941782045668075038.prm
[INFO]:[00:46:47] CPLEX results. Gap: 2.980000, upper bound: 24286.507752, lower bound: 23562.175060
[INFO]:[00:46:47] CPLEX solver finished. Gap: 2.980000
[INFO]:[00:46:47] Starting CPLEX solver on instance: /home/yorig/tuner/mpils-tests/instances/miplib/medium-2/supportcase40.mps with config: /scratch/yorig/mpils-results-grid-seconds-5-no-mip-start/medium-2/8proc/seed-2/8_supportcase40_seed-2_20260503_003840/iterated_local_search/run_6_worker_1/ils_config_2010210485957774928.prm
[INFO]:[00:46:47] Starting CPLEX solver on instance: /home/yorig/tuner/mpils-tests/instances/miplib/medium-2/supportcase40.mps with config: /scratch/yorig/mpils-results-grid-seconds-5-no-mip-start/medium-2/8proc/seed-2/8_supportcase40_seed-2_20260503_003840/iterated_local_search/run_6_worker_1/ils_config_2010210485957774928.prm
[INFO]:[00:46:52] CPLEX results. Gap: 2.980000, upper bound: 24286.507752, lower bound: 23562.175060
[INFO]:[00:46:52] CPLEX solver finished. Gap: 2.980000
[INFO]:[00:46:52] Starting CPLEX solver on instance: /home/yorig/tuner/mpils-tests/instances/miplib/medium-2/supportcase40.mps with config: /scratch/yorig/mpils-results-grid-seconds-5-no-mip-start/medium-2/8proc/seed-2/8_supportcase40_seed-2_20260503_003840/iterated_local_search/run_6_worker_1/ils_config_17206244316293773233.prm
[INFO]:[00:46:52] Starting CPLEX solver on instance: /home/yorig/tuner/mpils-tests/instances/miplib/medium-2/supportcase40.mps with config: /scratch/yorig/mpils-results-grid-seconds-5-no-mip-start/medium-2/8proc/seed-2/8_supportcase40_seed-2_20260503_003840/iterated_local_search/run_6_worker_1/ils_config_17206244316293773233.prm
[INFO]:[00:46:57] CPLEX results. Gap: 2.980000, upper bound: 24286.507752, lower bound: 23562.175060
[INFO]:[00:46:57] CPLEX solver finished. Gap: 2.980000
[INFO]:[00:46:57] Starting CPLEX solver on instance: /home/yorig/tuner/mpils-tests/instances/miplib/medium-2/supportcase40.mps with config: /scratch/yorig/mpils-results-grid-seconds-5-no-mip-start/medium-2/8proc/seed-2/8_supportcase40_seed-2_20260503_003840/iterated_local_search/run_6_worker_1/ils_config_13681992669245706546.prm
[INFO]:[00:46:57] Starting CPLEX solver on instance: /home/yorig/tuner/mpils-tests/instances/miplib/medium-2/supportcase40.mps with config: /scratch/yorig/mpils-results-grid-seconds-5-no-mip-start/medium-2/8proc/seed-2/8_supportcase40_seed-2_20260503_003840/iterated_local_search/run_6_worker_1/ils_config_13681992669245706546.prm
[INFO]:[00:47:02] CPLEX results. Gap: 3.010000, upper bound: 24286.507752, lower bound: 23554.821922
[INFO]:[00:47:02] CPLEX solver finished. Gap: 3.010000
[INFO]:[00:47:02] Starting CPLEX solver on instance: /home/yorig/tuner/mpils-tests/instances/miplib/medium-2/supportcase40.mps with config: /scratch/yorig/mpils-results-grid-seconds-5-no-mip-start/medium-2/8proc/seed-2/8_supportcase40_seed-2_20260503_003840/iterated_local_search/run_6_worker_1/ils_config_3399762521511622904.prm
[INFO]:[00:47:02] Starting CPLEX solver on instance: /home/yorig/tuner/mpils-tests/instances/miplib/medium-2/supportcase40.mps with config: /scratch/yorig/mpils-results-grid-seconds-5-no-mip-start/medium-2/8proc/seed-2/8_supportcase40_seed-2_20260503_003840/iterated_local_search/run_6_worker_1/ils_config_3399762521511622904.prm
[INFO]:[00:47:07] CPLEX results. Gap: 2.980000, upper bound: 24286.507752, lower bound: 23562.175060
[INFO]:[00:47:07] CPLEX solver finished. Gap: 2.980000
[INFO]:[00:47:07] Starting CPLEX solver on instance: /home/yorig/tuner/mpils-tests/instances/miplib/medium-2/supportcase40.mps with config: /scratch/yorig/mpils-results-grid-seconds-5-no-mip-start/medium-2/8proc/seed-2/8_supportcase40_seed-2_20260503_003840/iterated_local_search/run_6_worker_1/ils_config_6423985265475505176.prm
[INFO]:[00:47:07] Starting CPLEX solver on instance: /home/yorig/tuner/mpils-tests/instances/miplib/medium-2/supportcase40.mps with config: /scratch/yorig/mpils-results-grid-seconds-5-no-mip-start/medium-2/8proc/seed-2/8_supportcase40_seed-2_20260503_003840/iterated_local_search/run_6_worker_1/ils_config_6423985265475505176.prm
[INFO]:[00:47:12] CPLEX results. Gap: 2.980000, upper bound: 24286.507752, lower bound: 23562.175060
[INFO]:[00:47:12] CPLEX solver finished. Gap: 2.980000
[INFO]:[00:47:12] Local search phase completed.
[INFO]:[00:47:12] Total number of new local-search evaluations: 18
[INFO]:[00:47:12] Final incumbent objective value: 2.98
[INFO]:[00:47:12] Worker 1 completed exploration phase.
[INFO]:[00:47:12] Worker 1 received order for step 3.
[INFO]:[00:47:12] Worker 1 finished.
