[INFO]:[22:38:01] Worker 20 starting.
[INFO]:[22:38:01] Worker 20 received order for step 1.
[INFO]:[22:38:01] Worker 20 running exploration phase for iteration 1.
[INFO]:[22:38:01] Current MIP start info file not found: /scratch/yorig/mpils-results-grid-seconds-5-watchdog-mip-start/easy/24proc/seed-2/3_glass4_seed-2_20260503_223800/iterated_local_search/mip_start/current_mip_start_1.txt
[INFO]:[22:38:01] Worker 20 at iteration 1 will not use a MIP start file. Current best MIP-start upper bound threshold is 1.79769e+308.
[INFO]:[22:38:01] Starting local search phase...
[INFO]:[22:38:01] Creating local search space from parameter space file: /scratch/yorig/mpils-results-grid-seconds-5-watchdog-mip-start/easy/24proc/seed-2/3_glass4_seed-2_20260503_223800/iterated_local_search/search_space/search_space_file_1_worker_20.txt
[INFO]:[22:38:01] Local search space loaded from file: /scratch/yorig/mpils-results-grid-seconds-5-watchdog-mip-start/easy/24proc/seed-2/3_glass4_seed-2_20260503_223800/iterated_local_search/search_space/search_space_file_1_worker_20.txt
[INFO]:[22:38:01] Number of parameters in local search space: 71
[INFO]:[22:38:01] Number of forbidden tuples in local search space: 0
[INFO]:[22:38:01] Number of conditionals in local search space: 6
[INFO]:[22:38:01] MIP start option not enabled. Local search will proceed without MIP start.
[INFO]:[22:38:01] Evaluating initial configuration for local search phase...
[INFO]:[22:38:01] Starting CPLEX solver on instance: /home/yorig/tuner/mpils-tests/instances/miplib/easy/glass4.mps with config: /scratch/yorig/mpils-results-grid-seconds-5-watchdog-mip-start/easy/24proc/seed-2/3_glass4_seed-2_20260503_223800/iterated_local_search/run_1_worker_20/ils_config_15907269540239146054.prm
[INFO]:[22:38:01] Starting CPLEX solver on instance: /home/yorig/tuner/mpils-tests/instances/miplib/easy/glass4.mps with config: /scratch/yorig/mpils-results-grid-seconds-5-watchdog-mip-start/easy/24proc/seed-2/3_glass4_seed-2_20260503_223800/iterated_local_search/run_1_worker_20/ils_config_15907269540239146054.prm
[INFO]:[22:38:06] CPLEX results. Gap: 52.940000, upper bound: 1700016700.000000, lower bound: 800008100.000000
[INFO]:[22:38:06] Writing MIP start file: /scratch/yorig/mpils-results-grid-seconds-5-watchdog-mip-start/easy/24proc/seed-2/3_glass4_seed-2_20260503_223800/iterated_local_search/run_1_worker_20/mip_starts/mip_start_eval_1_config_15907269540239146054.mst
[INFO]:[22:38:06] CPLEX solver finished. Gap: 52.940000
[INFO]:[22:38:06] Initial configuration evaluated with objective value: 52.94
[INFO]:[22:38:06] Starting CPLEX solver on instance: /home/yorig/tuner/mpils-tests/instances/miplib/easy/glass4.mps with config: /scratch/yorig/mpils-results-grid-seconds-5-watchdog-mip-start/easy/24proc/seed-2/3_glass4_seed-2_20260503_223800/iterated_local_search/run_1_worker_20/ils_config_11576948555036077660.prm
[INFO]:[22:38:06] Starting CPLEX solver on instance: /home/yorig/tuner/mpils-tests/instances/miplib/easy/glass4.mps with config: /scratch/yorig/mpils-results-grid-seconds-5-watchdog-mip-start/easy/24proc/seed-2/3_glass4_seed-2_20260503_223800/iterated_local_search/run_1_worker_20/ils_config_11576948555036077660.prm
[INFO]:[22:38:11] CPLEX results. Gap: 45.120000, upper bound: 1640013439.999999, lower bound: 900005806.787431
[INFO]:[22:38:11] Writing MIP start file: /scratch/yorig/mpils-results-grid-seconds-5-watchdog-mip-start/easy/24proc/seed-2/3_glass4_seed-2_20260503_223800/iterated_local_search/run_1_worker_20/mip_starts/mip_start_eval_2_config_11576948555036077660.mst
[INFO]:[22:38:11] CPLEX solver finished. Gap: 45.120000
[INFO]:[22:38:11] New incumbent found with objective value: 45.12
[INFO]:[22:38:11] Starting CPLEX solver on instance: /home/yorig/tuner/mpils-tests/instances/miplib/easy/glass4.mps with config: /scratch/yorig/mpils-results-grid-seconds-5-watchdog-mip-start/easy/24proc/seed-2/3_glass4_seed-2_20260503_223800/iterated_local_search/run_1_worker_20/ils_config_3544894844022327000.prm
[INFO]:[22:38:11] Starting CPLEX solver on instance: /home/yorig/tuner/mpils-tests/instances/miplib/easy/glass4.mps with config: /scratch/yorig/mpils-results-grid-seconds-5-watchdog-mip-start/easy/24proc/seed-2/3_glass4_seed-2_20260503_223800/iterated_local_search/run_1_worker_20/ils_config_3544894844022327000.prm
[INFO]:[22:38:16] CPLEX results. Gap: 45.120000, upper bound: 1640013440.000000, lower bound: 900005755.000000
[INFO]:[22:38:16] CPLEX solver finished. Gap: 45.120000
[INFO]:[22:38:16] Starting CPLEX solver on instance: /home/yorig/tuner/mpils-tests/instances/miplib/easy/glass4.mps with config: /scratch/yorig/mpils-results-grid-seconds-5-watchdog-mip-start/easy/24proc/seed-2/3_glass4_seed-2_20260503_223800/iterated_local_search/run_1_worker_20/ils_config_4882081573185376800.prm
[INFO]:[22:38:16] Starting CPLEX solver on instance: /home/yorig/tuner/mpils-tests/instances/miplib/easy/glass4.mps with config: /scratch/yorig/mpils-results-grid-seconds-5-watchdog-mip-start/easy/24proc/seed-2/3_glass4_seed-2_20260503_223800/iterated_local_search/run_1_worker_20/ils_config_4882081573185376800.prm
[INFO]:[22:38:21] CPLEX results. Gap: 47.060000, upper bound: 1700015075.000000, lower bound: 900006138.297872
[INFO]:[22:38:21] CPLEX solver finished. Gap: 47.060000
[INFO]:[22:38:21] Starting CPLEX solver on instance: /home/yorig/tuner/mpils-tests/instances/miplib/easy/glass4.mps with config: /scratch/yorig/mpils-results-grid-seconds-5-watchdog-mip-start/easy/24proc/seed-2/3_glass4_seed-2_20260503_223800/iterated_local_search/run_1_worker_20/ils_config_13925615556238014319.prm
[INFO]:[22:38:21] Starting CPLEX solver on instance: /home/yorig/tuner/mpils-tests/instances/miplib/easy/glass4.mps with config: /scratch/yorig/mpils-results-grid-seconds-5-watchdog-mip-start/easy/24proc/seed-2/3_glass4_seed-2_20260503_223800/iterated_local_search/run_1_worker_20/ils_config_13925615556238014319.prm
[INFO]:[22:38:26] CPLEX results. Gap: 45.120000, upper bound: 1640013440.000000, lower bound: 900005755.000000
[INFO]:[22:38:26] CPLEX solver finished. Gap: 45.120000
[INFO]:[22:38:26] Starting CPLEX solver on instance: /home/yorig/tuner/mpils-tests/instances/miplib/easy/glass4.mps with config: /scratch/yorig/mpils-results-grid-seconds-5-watchdog-mip-start/easy/24proc/seed-2/3_glass4_seed-2_20260503_223800/iterated_local_search/run_1_worker_20/ils_config_1252746722110745803.prm
[INFO]:[22:38:26] Starting CPLEX solver on instance: /home/yorig/tuner/mpils-tests/instances/miplib/easy/glass4.mps with config: /scratch/yorig/mpils-results-grid-seconds-5-watchdog-mip-start/easy/24proc/seed-2/3_glass4_seed-2_20260503_223800/iterated_local_search/run_1_worker_20/ils_config_1252746722110745803.prm
[INFO]:[22:38:31] CPLEX results. Gap: 47.060000, upper bound: 1700014400.000000, lower bound: 900005800.000000
[INFO]:[22:38:31] CPLEX solver finished. Gap: 47.060000
[INFO]:[22:38:31] Starting CPLEX solver on instance: /home/yorig/tuner/mpils-tests/instances/miplib/easy/glass4.mps with config: /scratch/yorig/mpils-results-grid-seconds-5-watchdog-mip-start/easy/24proc/seed-2/3_glass4_seed-2_20260503_223800/iterated_local_search/run_1_worker_20/ils_config_9483433557229831563.prm
[INFO]:[22:38:31] Starting CPLEX solver on instance: /home/yorig/tuner/mpils-tests/instances/miplib/easy/glass4.mps with config: /scratch/yorig/mpils-results-grid-seconds-5-watchdog-mip-start/easy/24proc/seed-2/3_glass4_seed-2_20260503_223800/iterated_local_search/run_1_worker_20/ils_config_9483433557229831563.prm
[INFO]:[22:38:36] CPLEX results. Gap: 51.520000, upper bound: 1650014850.000000, lower bound: 800007250.000001
[INFO]:[22:38:36] CPLEX solver finished. Gap: 51.520000
[INFO]:[22:38:36] Starting CPLEX solver on instance: /home/yorig/tuner/mpils-tests/instances/miplib/easy/glass4.mps with config: /scratch/yorig/mpils-results-grid-seconds-5-watchdog-mip-start/easy/24proc/seed-2/3_glass4_seed-2_20260503_223800/iterated_local_search/run_1_worker_20/ils_config_9384941802130626356.prm
[INFO]:[22:38:36] Starting CPLEX solver on instance: /home/yorig/tuner/mpils-tests/instances/miplib/easy/glass4.mps with config: /scratch/yorig/mpils-results-grid-seconds-5-watchdog-mip-start/easy/24proc/seed-2/3_glass4_seed-2_20260503_223800/iterated_local_search/run_1_worker_20/ils_config_9384941802130626356.prm
[INFO]:[22:38:41] CPLEX results. Gap: 56.760000, upper bound: 1850014350.000000, lower bound: 800006601.785490
[INFO]:[22:38:41] CPLEX solver finished. Gap: 56.760000
[INFO]:[22:38:41] Starting CPLEX solver on instance: /home/yorig/tuner/mpils-tests/instances/miplib/easy/glass4.mps with config: /scratch/yorig/mpils-results-grid-seconds-5-watchdog-mip-start/easy/24proc/seed-2/3_glass4_seed-2_20260503_223800/iterated_local_search/run_1_worker_20/ils_config_16079595501154751100.prm
[INFO]:[22:38:41] Starting CPLEX solver on instance: /home/yorig/tuner/mpils-tests/instances/miplib/easy/glass4.mps with config: /scratch/yorig/mpils-results-grid-seconds-5-watchdog-mip-start/easy/24proc/seed-2/3_glass4_seed-2_20260503_223800/iterated_local_search/run_1_worker_20/ils_config_16079595501154751100.prm
[INFO]:[22:38:46] CPLEX results. Gap: 47.060000, upper bound: 1700015649.999000, lower bound: 900006095.755086
[INFO]:[22:38:46] CPLEX solver finished. Gap: 47.060000
[INFO]:[22:38:46] Received global ILS stop signal from rank 17.
[INFO]:[22:38:46] Local search phase completed.
[INFO]:[22:38:46] Total number of new local-search evaluations: 9
[INFO]:[22:38:46] Final incumbent objective value: 45.12
[INFO]:[22:38:49] Worker 20 completed exploration phase.
[INFO]:[22:38:49] Worker 20 received order for step 3.
[INFO]:[22:38:49] Worker 20 finished.
