[INFO]:[19:25:01] Worker 21 starting.
[INFO]:[19:25:01] Worker 21 received order for step 1.
[INFO]:[19:25:01] Worker 21 running exploration phase for iteration 1.
[INFO]:[19:25:01] Worker 21 at iteration 1 will not use a MIP start file. Current best MIP-start upper bound threshold is 1.79769e+308.
[INFO]:[19:25:01] Starting local search phase...
[INFO]:[19:25:01] Creating local search space from parameter space file: /scratch/yorig/mpils-results-grid-seconds-5-no-mip-start/medium-2/24proc/seed-3/6_sorrell3_seed-3_20260502_192500/iterated_local_search/search_space/search_space_file_1_worker_21.txt
[INFO]:[19:25:01] Local search space loaded from file: /scratch/yorig/mpils-results-grid-seconds-5-no-mip-start/medium-2/24proc/seed-3/6_sorrell3_seed-3_20260502_192500/iterated_local_search/search_space/search_space_file_1_worker_21.txt
[INFO]:[19:25:01] Number of parameters in local search space: 71
[INFO]:[19:25:01] Number of forbidden tuples in local search space: 0
[INFO]:[19:25:01] Number of conditionals in local search space: 6
[INFO]:[19:25:01] MIP start option not enabled. Local search will proceed without MIP start.
[INFO]:[19:25:01] Evaluating initial configuration for local search phase...
[INFO]:[19:25:01] Starting CPLEX solver on instance: /home/yorig/tuner/mpils-tests/instances/miplib/medium-2/sorrell3.mps with config: /scratch/yorig/mpils-results-grid-seconds-5-no-mip-start/medium-2/24proc/seed-3/6_sorrell3_seed-3_20260502_192500/iterated_local_search/run_1_worker_21/ils_config_18290534222169684802.prm
[INFO]:[19:25:01] Starting CPLEX solver on instance: /home/yorig/tuner/mpils-tests/instances/miplib/medium-2/sorrell3.mps with config: /scratch/yorig/mpils-results-grid-seconds-5-no-mip-start/medium-2/24proc/seed-3/6_sorrell3_seed-3_20260502_192500/iterated_local_search/run_1_worker_21/ils_config_18290534222169684802.prm
[INFO]:[19:25:06] CPLEX results. Gap: 42.790000, upper bound: -15.000000, lower bound: -21.418937
[INFO]:[19:25:06] CPLEX solver finished. Gap: 42.790000
[INFO]:[19:25:06] Initial configuration evaluated with objective value: 42.79
[INFO]:[19:25:06] Starting CPLEX solver on instance: /home/yorig/tuner/mpils-tests/instances/miplib/medium-2/sorrell3.mps with config: /scratch/yorig/mpils-results-grid-seconds-5-no-mip-start/medium-2/24proc/seed-3/6_sorrell3_seed-3_20260502_192500/iterated_local_search/run_1_worker_21/ils_config_10435777497061121456.prm
[INFO]:[19:25:06] Starting CPLEX solver on instance: /home/yorig/tuner/mpils-tests/instances/miplib/medium-2/sorrell3.mps with config: /scratch/yorig/mpils-results-grid-seconds-5-no-mip-start/medium-2/24proc/seed-3/6_sorrell3_seed-3_20260502_192500/iterated_local_search/run_1_worker_21/ils_config_10435777497061121456.prm
[INFO]:[19:25:12] CPLEX results. Gap: 42.790000, upper bound: -15.000000, lower bound: -21.418937
[INFO]:[19:25:12] CPLEX solver finished. Gap: 42.790000
[INFO]:[19:25:12] Starting CPLEX solver on instance: /home/yorig/tuner/mpils-tests/instances/miplib/medium-2/sorrell3.mps with config: /scratch/yorig/mpils-results-grid-seconds-5-no-mip-start/medium-2/24proc/seed-3/6_sorrell3_seed-3_20260502_192500/iterated_local_search/run_1_worker_21/ils_config_17493581491138576465.prm
[INFO]:[19:25:12] Starting CPLEX solver on instance: /home/yorig/tuner/mpils-tests/instances/miplib/medium-2/sorrell3.mps with config: /scratch/yorig/mpils-results-grid-seconds-5-no-mip-start/medium-2/24proc/seed-3/6_sorrell3_seed-3_20260502_192500/iterated_local_search/run_1_worker_21/ils_config_17493581491138576465.prm
[INFO]:[19:25:17] CPLEX results. Gap: 35.520000, upper bound: -15.000000, lower bound: -20.327254
[INFO]:[19:25:17] CPLEX solver finished. Gap: 35.520000
[INFO]:[19:25:17] New incumbent found with objective value: 35.52
[INFO]:[19:25:17] Starting CPLEX solver on instance: /home/yorig/tuner/mpils-tests/instances/miplib/medium-2/sorrell3.mps with config: /scratch/yorig/mpils-results-grid-seconds-5-no-mip-start/medium-2/24proc/seed-3/6_sorrell3_seed-3_20260502_192500/iterated_local_search/run_1_worker_21/ils_config_6835624565050186301.prm
[INFO]:[19:25:17] Starting CPLEX solver on instance: /home/yorig/tuner/mpils-tests/instances/miplib/medium-2/sorrell3.mps with config: /scratch/yorig/mpils-results-grid-seconds-5-no-mip-start/medium-2/24proc/seed-3/6_sorrell3_seed-3_20260502_192500/iterated_local_search/run_1_worker_21/ils_config_6835624565050186301.prm
[INFO]:[19:25:22] CPLEX results. Gap: 42.510000, upper bound: -15.000000, lower bound: -21.375870
[INFO]:[19:25:22] CPLEX solver finished. Gap: 42.510000
[INFO]:[19:25:22] Starting CPLEX solver on instance: /home/yorig/tuner/mpils-tests/instances/miplib/medium-2/sorrell3.mps with config: /scratch/yorig/mpils-results-grid-seconds-5-no-mip-start/medium-2/24proc/seed-3/6_sorrell3_seed-3_20260502_192500/iterated_local_search/run_1_worker_21/ils_config_2175963634644291651.prm
[INFO]:[19:25:22] Starting CPLEX solver on instance: /home/yorig/tuner/mpils-tests/instances/miplib/medium-2/sorrell3.mps with config: /scratch/yorig/mpils-results-grid-seconds-5-no-mip-start/medium-2/24proc/seed-3/6_sorrell3_seed-3_20260502_192500/iterated_local_search/run_1_worker_21/ils_config_2175963634644291651.prm
[INFO]:[19:25:27] CPLEX results. Gap: 35.520000, upper bound: -15.000000, lower bound: -20.327254
[INFO]:[19:25:27] CPLEX solver finished. Gap: 35.520000
[INFO]:[19:25:27] Starting CPLEX solver on instance: /home/yorig/tuner/mpils-tests/instances/miplib/medium-2/sorrell3.mps with config: /scratch/yorig/mpils-results-grid-seconds-5-no-mip-start/medium-2/24proc/seed-3/6_sorrell3_seed-3_20260502_192500/iterated_local_search/run_1_worker_21/ils_config_208802855249863619.prm
[INFO]:[19:25:27] Starting CPLEX solver on instance: /home/yorig/tuner/mpils-tests/instances/miplib/medium-2/sorrell3.mps with config: /scratch/yorig/mpils-results-grid-seconds-5-no-mip-start/medium-2/24proc/seed-3/6_sorrell3_seed-3_20260502_192500/iterated_local_search/run_1_worker_21/ils_config_208802855249863619.prm
[INFO]:[19:25:33] CPLEX results. Gap: 35.520000, upper bound: -15.000000, lower bound: -20.327254
[INFO]:[19:25:33] CPLEX solver finished. Gap: 35.520000
[INFO]:[19:25:33] Starting CPLEX solver on instance: /home/yorig/tuner/mpils-tests/instances/miplib/medium-2/sorrell3.mps with config: /scratch/yorig/mpils-results-grid-seconds-5-no-mip-start/medium-2/24proc/seed-3/6_sorrell3_seed-3_20260502_192500/iterated_local_search/run_1_worker_21/ils_config_9161538932098236161.prm
[INFO]:[19:25:33] Starting CPLEX solver on instance: /home/yorig/tuner/mpils-tests/instances/miplib/medium-2/sorrell3.mps with config: /scratch/yorig/mpils-results-grid-seconds-5-no-mip-start/medium-2/24proc/seed-3/6_sorrell3_seed-3_20260502_192500/iterated_local_search/run_1_worker_21/ils_config_9161538932098236161.prm
[INFO]:[19:25:38] CPLEX results. Gap: 35.520000, upper bound: -15.000000, lower bound: -20.327254
[INFO]:[19:25:38] CPLEX solver finished. Gap: 35.520000
[INFO]:[19:25:38] Starting CPLEX solver on instance: /home/yorig/tuner/mpils-tests/instances/miplib/medium-2/sorrell3.mps with config: /scratch/yorig/mpils-results-grid-seconds-5-no-mip-start/medium-2/24proc/seed-3/6_sorrell3_seed-3_20260502_192500/iterated_local_search/run_1_worker_21/ils_config_13965337945162771001.prm
[INFO]:[19:25:38] Starting CPLEX solver on instance: /home/yorig/tuner/mpils-tests/instances/miplib/medium-2/sorrell3.mps with config: /scratch/yorig/mpils-results-grid-seconds-5-no-mip-start/medium-2/24proc/seed-3/6_sorrell3_seed-3_20260502_192500/iterated_local_search/run_1_worker_21/ils_config_13965337945162771001.prm
[INFO]:[19:25:43] CPLEX results. Gap: 35.520000, upper bound: -15.000000, lower bound: -20.327254
[INFO]:[19:25:43] CPLEX solver finished. Gap: 35.520000
[INFO]:[19:25:43] Starting CPLEX solver on instance: /home/yorig/tuner/mpils-tests/instances/miplib/medium-2/sorrell3.mps with config: /scratch/yorig/mpils-results-grid-seconds-5-no-mip-start/medium-2/24proc/seed-3/6_sorrell3_seed-3_20260502_192500/iterated_local_search/run_1_worker_21/ils_config_340267425640619364.prm
[INFO]:[19:25:43] Starting CPLEX solver on instance: /home/yorig/tuner/mpils-tests/instances/miplib/medium-2/sorrell3.mps with config: /scratch/yorig/mpils-results-grid-seconds-5-no-mip-start/medium-2/24proc/seed-3/6_sorrell3_seed-3_20260502_192500/iterated_local_search/run_1_worker_21/ils_config_340267425640619364.prm
[INFO]:[19:25:48] CPLEX results. Gap: 35.520000, upper bound: -15.000000, lower bound: -20.327254
[INFO]:[19:25:48] CPLEX solver finished. Gap: 35.520000
[INFO]:[19:25:48] Starting CPLEX solver on instance: /home/yorig/tuner/mpils-tests/instances/miplib/medium-2/sorrell3.mps with config: /scratch/yorig/mpils-results-grid-seconds-5-no-mip-start/medium-2/24proc/seed-3/6_sorrell3_seed-3_20260502_192500/iterated_local_search/run_1_worker_21/ils_config_4301931455117516806.prm
[INFO]:[19:25:48] Starting CPLEX solver on instance: /home/yorig/tuner/mpils-tests/instances/miplib/medium-2/sorrell3.mps with config: /scratch/yorig/mpils-results-grid-seconds-5-no-mip-start/medium-2/24proc/seed-3/6_sorrell3_seed-3_20260502_192500/iterated_local_search/run_1_worker_21/ils_config_4301931455117516806.prm
[INFO]:[19:25:54] CPLEX results. Gap: 35.520000, upper bound: -15.000000, lower bound: -20.327254
[INFO]:[19:25:54] CPLEX solver finished. Gap: 35.520000
[INFO]:[19:25:54] Starting CPLEX solver on instance: /home/yorig/tuner/mpils-tests/instances/miplib/medium-2/sorrell3.mps with config: /scratch/yorig/mpils-results-grid-seconds-5-no-mip-start/medium-2/24proc/seed-3/6_sorrell3_seed-3_20260502_192500/iterated_local_search/run_1_worker_21/ils_config_7253007617121293379.prm
[INFO]:[19:25:54] Starting CPLEX solver on instance: /home/yorig/tuner/mpils-tests/instances/miplib/medium-2/sorrell3.mps with config: /scratch/yorig/mpils-results-grid-seconds-5-no-mip-start/medium-2/24proc/seed-3/6_sorrell3_seed-3_20260502_192500/iterated_local_search/run_1_worker_21/ils_config_7253007617121293379.prm
[INFO]:[19:25:59] CPLEX results. Gap: 35.520000, upper bound: -15.000000, lower bound: -20.327254
[INFO]:[19:25:59] CPLEX solver finished. Gap: 35.520000
[INFO]:[19:25:59] Starting CPLEX solver on instance: /home/yorig/tuner/mpils-tests/instances/miplib/medium-2/sorrell3.mps with config: /scratch/yorig/mpils-results-grid-seconds-5-no-mip-start/medium-2/24proc/seed-3/6_sorrell3_seed-3_20260502_192500/iterated_local_search/run_1_worker_21/ils_config_5644051180787521863.prm
[INFO]:[19:25:59] Starting CPLEX solver on instance: /home/yorig/tuner/mpils-tests/instances/miplib/medium-2/sorrell3.mps with config: /scratch/yorig/mpils-results-grid-seconds-5-no-mip-start/medium-2/24proc/seed-3/6_sorrell3_seed-3_20260502_192500/iterated_local_search/run_1_worker_21/ils_config_5644051180787521863.prm
[INFO]:[19:26:04] CPLEX results. Gap: 35.520000, upper bound: -15.000000, lower bound: -20.327254
[INFO]:[19:26:04] CPLEX solver finished. Gap: 35.520000
[INFO]:[19:26:04] Starting CPLEX solver on instance: /home/yorig/tuner/mpils-tests/instances/miplib/medium-2/sorrell3.mps with config: /scratch/yorig/mpils-results-grid-seconds-5-no-mip-start/medium-2/24proc/seed-3/6_sorrell3_seed-3_20260502_192500/iterated_local_search/run_1_worker_21/ils_config_1966069849276991204.prm
[INFO]:[19:26:04] Starting CPLEX solver on instance: /home/yorig/tuner/mpils-tests/instances/miplib/medium-2/sorrell3.mps with config: /scratch/yorig/mpils-results-grid-seconds-5-no-mip-start/medium-2/24proc/seed-3/6_sorrell3_seed-3_20260502_192500/iterated_local_search/run_1_worker_21/ils_config_1966069849276991204.prm
[INFO]:[19:26:09] CPLEX results. Gap: 35.520000, upper bound: -15.000000, lower bound: -20.327254
[INFO]:[19:26:09] CPLEX solver finished. Gap: 35.520000
[INFO]:[19:26:09] Starting CPLEX solver on instance: /home/yorig/tuner/mpils-tests/instances/miplib/medium-2/sorrell3.mps with config: /scratch/yorig/mpils-results-grid-seconds-5-no-mip-start/medium-2/24proc/seed-3/6_sorrell3_seed-3_20260502_192500/iterated_local_search/run_1_worker_21/ils_config_8792035393577426130.prm
[INFO]:[19:26:09] Starting CPLEX solver on instance: /home/yorig/tuner/mpils-tests/instances/miplib/medium-2/sorrell3.mps with config: /scratch/yorig/mpils-results-grid-seconds-5-no-mip-start/medium-2/24proc/seed-3/6_sorrell3_seed-3_20260502_192500/iterated_local_search/run_1_worker_21/ils_config_8792035393577426130.prm
[INFO]:[19:26:15] CPLEX results. Gap: 36.560000, upper bound: -15.000000, lower bound: -20.483874
[INFO]:[19:26:15] CPLEX solver finished. Gap: 36.560000
[INFO]:[19:26:15] Starting CPLEX solver on instance: /home/yorig/tuner/mpils-tests/instances/miplib/medium-2/sorrell3.mps with config: /scratch/yorig/mpils-results-grid-seconds-5-no-mip-start/medium-2/24proc/seed-3/6_sorrell3_seed-3_20260502_192500/iterated_local_search/run_1_worker_21/ils_config_6157004709484424516.prm
[INFO]:[19:26:15] Starting CPLEX solver on instance: /home/yorig/tuner/mpils-tests/instances/miplib/medium-2/sorrell3.mps with config: /scratch/yorig/mpils-results-grid-seconds-5-no-mip-start/medium-2/24proc/seed-3/6_sorrell3_seed-3_20260502_192500/iterated_local_search/run_1_worker_21/ils_config_6157004709484424516.prm
[INFO]:[19:26:20] CPLEX results. Gap: 35.520000, upper bound: -15.000000, lower bound: -20.327254
[INFO]:[19:26:20] CPLEX solver finished. Gap: 35.520000
[INFO]:[19:26:20] Starting CPLEX solver on instance: /home/yorig/tuner/mpils-tests/instances/miplib/medium-2/sorrell3.mps with config: /scratch/yorig/mpils-results-grid-seconds-5-no-mip-start/medium-2/24proc/seed-3/6_sorrell3_seed-3_20260502_192500/iterated_local_search/run_1_worker_21/ils_config_18274490424814730381.prm
[INFO]:[19:26:20] Starting CPLEX solver on instance: /home/yorig/tuner/mpils-tests/instances/miplib/medium-2/sorrell3.mps with config: /scratch/yorig/mpils-results-grid-seconds-5-no-mip-start/medium-2/24proc/seed-3/6_sorrell3_seed-3_20260502_192500/iterated_local_search/run_1_worker_21/ils_config_18274490424814730381.prm
[INFO]:[19:26:25] CPLEX results. Gap: 35.520000, upper bound: -15.000000, lower bound: -20.327254
[INFO]:[19:26:25] CPLEX solver finished. Gap: 35.520000
[INFO]:[19:26:25] Starting CPLEX solver on instance: /home/yorig/tuner/mpils-tests/instances/miplib/medium-2/sorrell3.mps with config: /scratch/yorig/mpils-results-grid-seconds-5-no-mip-start/medium-2/24proc/seed-3/6_sorrell3_seed-3_20260502_192500/iterated_local_search/run_1_worker_21/ils_config_13885960194228032940.prm
[INFO]:[19:26:25] Starting CPLEX solver on instance: /home/yorig/tuner/mpils-tests/instances/miplib/medium-2/sorrell3.mps with config: /scratch/yorig/mpils-results-grid-seconds-5-no-mip-start/medium-2/24proc/seed-3/6_sorrell3_seed-3_20260502_192500/iterated_local_search/run_1_worker_21/ils_config_13885960194228032940.prm
[INFO]:[19:26:30] CPLEX results. Gap: 35.520000, upper bound: -15.000000, lower bound: -20.327254
[INFO]:[19:26:30] CPLEX solver finished. Gap: 35.520000
[INFO]:[19:26:30] Starting CPLEX solver on instance: /home/yorig/tuner/mpils-tests/instances/miplib/medium-2/sorrell3.mps with config: /scratch/yorig/mpils-results-grid-seconds-5-no-mip-start/medium-2/24proc/seed-3/6_sorrell3_seed-3_20260502_192500/iterated_local_search/run_1_worker_21/ils_config_4247469491488187150.prm
[INFO]:[19:26:30] Starting CPLEX solver on instance: /home/yorig/tuner/mpils-tests/instances/miplib/medium-2/sorrell3.mps with config: /scratch/yorig/mpils-results-grid-seconds-5-no-mip-start/medium-2/24proc/seed-3/6_sorrell3_seed-3_20260502_192500/iterated_local_search/run_1_worker_21/ils_config_4247469491488187150.prm
[INFO]:[19:26:36] CPLEX results. Gap: 35.520000, upper bound: -15.000000, lower bound: -20.327254
[INFO]:[19:26:36] CPLEX solver finished. Gap: 35.520000
[INFO]:[19:26:36] Starting CPLEX solver on instance: /home/yorig/tuner/mpils-tests/instances/miplib/medium-2/sorrell3.mps with config: /scratch/yorig/mpils-results-grid-seconds-5-no-mip-start/medium-2/24proc/seed-3/6_sorrell3_seed-3_20260502_192500/iterated_local_search/run_1_worker_21/ils_config_17465365861884061774.prm
[INFO]:[19:26:36] Starting CPLEX solver on instance: /home/yorig/tuner/mpils-tests/instances/miplib/medium-2/sorrell3.mps with config: /scratch/yorig/mpils-results-grid-seconds-5-no-mip-start/medium-2/24proc/seed-3/6_sorrell3_seed-3_20260502_192500/iterated_local_search/run_1_worker_21/ils_config_17465365861884061774.prm
[INFO]:[19:26:41] CPLEX results. Gap: 35.520000, upper bound: -15.000000, lower bound: -20.327254
[INFO]:[19:26:41] CPLEX solver finished. Gap: 35.520000
[INFO]:[19:26:41] Starting CPLEX solver on instance: /home/yorig/tuner/mpils-tests/instances/miplib/medium-2/sorrell3.mps with config: /scratch/yorig/mpils-results-grid-seconds-5-no-mip-start/medium-2/24proc/seed-3/6_sorrell3_seed-3_20260502_192500/iterated_local_search/run_1_worker_21/ils_config_14603944168824511603.prm
[INFO]:[19:26:41] Starting CPLEX solver on instance: /home/yorig/tuner/mpils-tests/instances/miplib/medium-2/sorrell3.mps with config: /scratch/yorig/mpils-results-grid-seconds-5-no-mip-start/medium-2/24proc/seed-3/6_sorrell3_seed-3_20260502_192500/iterated_local_search/run_1_worker_21/ils_config_14603944168824511603.prm
[INFO]:[19:26:46] CPLEX results. Gap: 35.520000, upper bound: -15.000000, lower bound: -20.327254
[INFO]:[19:26:46] CPLEX solver finished. Gap: 35.520000
[INFO]:[19:26:46] Local search phase completed.
[INFO]:[19:26:46] Total number of new local-search evaluations: 20
[INFO]:[19:26:46] Final incumbent objective value: 35.52
[INFO]:[19:26:46] Worker 21 completed exploration phase.
[INFO]:[19:26:47] Worker 21 received order for step 2.
[INFO]:[19:26:47] Worker 21 running expansion phase for iteration 1.
[INFO]:[19:26:47] Worker 21 will use solver log file: /scratch/yorig/mpils-results-grid-seconds-5-no-mip-start/medium-2/24proc/seed-3/6_sorrell3_seed-3_20260502_192500/solver/cplex.log_iteration_expansion_1_worker_21
[INFO]:[19:26:47] Expansion Worker 21 starting expansion for iteration 1.
[INFO]:[19:26:47] Starting CPLEX solver on instance: /home/yorig/tuner/mpils-tests/instances/miplib/medium-2/sorrell3.mps with config: /scratch/yorig/mpils-results-grid-seconds-5-no-mip-start/medium-2/24proc/seed-3/6_sorrell3_seed-3_20260502_192500/expansion/config_param_CPXPARAM_MIP_Strategy_Branch_1_iter_1.prm
[INFO]:[19:26:52] CPLEX results. Gap: 33.980000, upper bound: -15.000000, lower bound: -20.097566
[INFO]:[19:26:52] CPLEX solver finished. Gap: 33.980000
[INFO]:[19:26:52] Starting CPLEX solver on instance: /home/yorig/tuner/mpils-tests/instances/miplib/medium-2/sorrell3.mps with config: /scratch/yorig/mpils-results-grid-seconds-5-no-mip-start/medium-2/24proc/seed-3/6_sorrell3_seed-3_20260502_192500/expansion/config_param_CPXPARAM_MIP_Limits_CutsFactor_1_iter_1.prm
[INFO]:[19:26:57] CPLEX results. Gap: 42.920000, upper bound: -15.000000, lower bound: -21.437708
[INFO]:[19:26:57] CPLEX solver finished. Gap: 42.920000
[INFO]:[19:27:02] Expansion Worker 21 stopping early after global MPI expansion stop was activated.
[INFO]:[19:27:02] Expansion Worker 21 completed expansion.
[INFO]:[19:27:02] Worker 21 completed expansion phase.
[INFO]:[19:27:03] Worker 21 received order for step 1.
[INFO]:[19:27:03] Worker 21 running exploration phase for iteration 2.
[INFO]:[19:27:03] Worker 21 at iteration 2 will not use a MIP start file. Current best MIP-start upper bound threshold is 1.79769e+308.
[INFO]:[19:27:03] Starting local search phase...
[INFO]:[19:27:03] Creating local search space from parameter space file: /scratch/yorig/mpils-results-grid-seconds-5-no-mip-start/medium-2/24proc/seed-3/6_sorrell3_seed-3_20260502_192500/iterated_local_search/search_space/search_space_file_2_worker_21.txt
[INFO]:[19:27:03] Local search space loaded from file: /scratch/yorig/mpils-results-grid-seconds-5-no-mip-start/medium-2/24proc/seed-3/6_sorrell3_seed-3_20260502_192500/iterated_local_search/search_space/search_space_file_2_worker_21.txt
[INFO]:[19:27:03] Number of parameters in local search space: 71
[INFO]:[19:27:03] Number of forbidden tuples in local search space: 26
[INFO]:[19:27:03] Number of conditionals in local search space: 6
[INFO]:[19:27:03] MIP start option not enabled. Local search will proceed without MIP start.
[INFO]:[19:27:03] Evaluating initial configuration for local search phase...
[INFO]:[19:27:03] Starting CPLEX solver on instance: /home/yorig/tuner/mpils-tests/instances/miplib/medium-2/sorrell3.mps with config: /scratch/yorig/mpils-results-grid-seconds-5-no-mip-start/medium-2/24proc/seed-3/6_sorrell3_seed-3_20260502_192500/iterated_local_search/run_2_worker_21/ils_config_806600804863013644.prm
[INFO]:[19:27:03] Starting CPLEX solver on instance: /home/yorig/tuner/mpils-tests/instances/miplib/medium-2/sorrell3.mps with config: /scratch/yorig/mpils-results-grid-seconds-5-no-mip-start/medium-2/24proc/seed-3/6_sorrell3_seed-3_20260502_192500/iterated_local_search/run_2_worker_21/ils_config_806600804863013644.prm
[INFO]:[19:27:08] CPLEX results. Gap: 34.130000, upper bound: -15.000000, lower bound: -20.119077
[INFO]:[19:27:08] CPLEX solver finished. Gap: 34.130000
[INFO]:[19:27:08] Initial configuration evaluated with objective value: 34.13
[INFO]:[19:27:08] Starting CPLEX solver on instance: /home/yorig/tuner/mpils-tests/instances/miplib/medium-2/sorrell3.mps with config: /scratch/yorig/mpils-results-grid-seconds-5-no-mip-start/medium-2/24proc/seed-3/6_sorrell3_seed-3_20260502_192500/iterated_local_search/run_2_worker_21/ils_config_5823728911086733343.prm
[INFO]:[19:27:08] Starting CPLEX solver on instance: /home/yorig/tuner/mpils-tests/instances/miplib/medium-2/sorrell3.mps with config: /scratch/yorig/mpils-results-grid-seconds-5-no-mip-start/medium-2/24proc/seed-3/6_sorrell3_seed-3_20260502_192500/iterated_local_search/run_2_worker_21/ils_config_5823728911086733343.prm
[INFO]:[19:27:13] CPLEX results. Gap: 34.450000, upper bound: -15.000000, lower bound: -20.167324
[INFO]:[19:27:13] CPLEX solver finished. Gap: 34.450000
[INFO]:[19:27:13] Starting CPLEX solver on instance: /home/yorig/tuner/mpils-tests/instances/miplib/medium-2/sorrell3.mps with config: /scratch/yorig/mpils-results-grid-seconds-5-no-mip-start/medium-2/24proc/seed-3/6_sorrell3_seed-3_20260502_192500/iterated_local_search/run_2_worker_21/ils_config_15651591545201331545.prm
[INFO]:[19:27:13] Starting CPLEX solver on instance: /home/yorig/tuner/mpils-tests/instances/miplib/medium-2/sorrell3.mps with config: /scratch/yorig/mpils-results-grid-seconds-5-no-mip-start/medium-2/24proc/seed-3/6_sorrell3_seed-3_20260502_192500/iterated_local_search/run_2_worker_21/ils_config_15651591545201331545.prm
[INFO]:[19:27:18] CPLEX results. Gap: 34.130000, upper bound: -15.000000, lower bound: -20.119077
[INFO]:[19:27:18] CPLEX solver finished. Gap: 34.130000
[INFO]:[19:27:18] Starting CPLEX solver on instance: /home/yorig/tuner/mpils-tests/instances/miplib/medium-2/sorrell3.mps with config: /scratch/yorig/mpils-results-grid-seconds-5-no-mip-start/medium-2/24proc/seed-3/6_sorrell3_seed-3_20260502_192500/iterated_local_search/run_2_worker_21/ils_config_7727402517262537103.prm
[INFO]:[19:27:18] Starting CPLEX solver on instance: /home/yorig/tuner/mpils-tests/instances/miplib/medium-2/sorrell3.mps with config: /scratch/yorig/mpils-results-grid-seconds-5-no-mip-start/medium-2/24proc/seed-3/6_sorrell3_seed-3_20260502_192500/iterated_local_search/run_2_worker_21/ils_config_7727402517262537103.prm
[INFO]:[19:27:24] CPLEX results. Gap: 33.980000, upper bound: -15.000000, lower bound: -20.097566
[INFO]:[19:27:24] CPLEX solver finished. Gap: 33.980000
[INFO]:[19:27:24] New incumbent found with objective value: 33.98
[INFO]:[19:27:24] Starting CPLEX solver on instance: /home/yorig/tuner/mpils-tests/instances/miplib/medium-2/sorrell3.mps with config: /scratch/yorig/mpils-results-grid-seconds-5-no-mip-start/medium-2/24proc/seed-3/6_sorrell3_seed-3_20260502_192500/iterated_local_search/run_2_worker_21/ils_config_14751699452223947803.prm
[INFO]:[19:27:24] Starting CPLEX solver on instance: /home/yorig/tuner/mpils-tests/instances/miplib/medium-2/sorrell3.mps with config: /scratch/yorig/mpils-results-grid-seconds-5-no-mip-start/medium-2/24proc/seed-3/6_sorrell3_seed-3_20260502_192500/iterated_local_search/run_2_worker_21/ils_config_14751699452223947803.prm
[INFO]:[19:27:29] CPLEX results. Gap: 33.980000, upper bound: -15.000000, lower bound: -20.097566
[INFO]:[19:27:29] CPLEX solver finished. Gap: 33.980000
[INFO]:[19:27:29] Starting CPLEX solver on instance: /home/yorig/tuner/mpils-tests/instances/miplib/medium-2/sorrell3.mps with config: /scratch/yorig/mpils-results-grid-seconds-5-no-mip-start/medium-2/24proc/seed-3/6_sorrell3_seed-3_20260502_192500/iterated_local_search/run_2_worker_21/ils_config_8428461381801656098.prm
[INFO]:[19:27:29] Starting CPLEX solver on instance: /home/yorig/tuner/mpils-tests/instances/miplib/medium-2/sorrell3.mps with config: /scratch/yorig/mpils-results-grid-seconds-5-no-mip-start/medium-2/24proc/seed-3/6_sorrell3_seed-3_20260502_192500/iterated_local_search/run_2_worker_21/ils_config_8428461381801656098.prm
[INFO]:[19:27:34] CPLEX results. Gap: 33.980000, upper bound: -15.000000, lower bound: -20.097566
[INFO]:[19:27:34] CPLEX solver finished. Gap: 33.980000
[INFO]:[19:27:34] Starting CPLEX solver on instance: /home/yorig/tuner/mpils-tests/instances/miplib/medium-2/sorrell3.mps with config: /scratch/yorig/mpils-results-grid-seconds-5-no-mip-start/medium-2/24proc/seed-3/6_sorrell3_seed-3_20260502_192500/iterated_local_search/run_2_worker_21/ils_config_4695868591678870950.prm
[INFO]:[19:27:34] Starting CPLEX solver on instance: /home/yorig/tuner/mpils-tests/instances/miplib/medium-2/sorrell3.mps with config: /scratch/yorig/mpils-results-grid-seconds-5-no-mip-start/medium-2/24proc/seed-3/6_sorrell3_seed-3_20260502_192500/iterated_local_search/run_2_worker_21/ils_config_4695868591678870950.prm
[INFO]:[19:27:39] CPLEX results. Gap: 42.800000, upper bound: -15.000000, lower bound: -21.420554
[INFO]:[19:27:39] CPLEX solver finished. Gap: 42.800000
[INFO]:[19:27:39] Starting CPLEX solver on instance: /home/yorig/tuner/mpils-tests/instances/miplib/medium-2/sorrell3.mps with config: /scratch/yorig/mpils-results-grid-seconds-5-no-mip-start/medium-2/24proc/seed-3/6_sorrell3_seed-3_20260502_192500/iterated_local_search/run_2_worker_21/ils_config_12050587425813126098.prm
[INFO]:[19:27:39] Starting CPLEX solver on instance: /home/yorig/tuner/mpils-tests/instances/miplib/medium-2/sorrell3.mps with config: /scratch/yorig/mpils-results-grid-seconds-5-no-mip-start/medium-2/24proc/seed-3/6_sorrell3_seed-3_20260502_192500/iterated_local_search/run_2_worker_21/ils_config_12050587425813126098.prm
[INFO]:[19:27:45] CPLEX results. Gap: 33.980000, upper bound: -15.000000, lower bound: -20.097566
[INFO]:[19:27:45] CPLEX solver finished. Gap: 33.980000
[INFO]:[19:27:45] Starting CPLEX solver on instance: /home/yorig/tuner/mpils-tests/instances/miplib/medium-2/sorrell3.mps with config: /scratch/yorig/mpils-results-grid-seconds-5-no-mip-start/medium-2/24proc/seed-3/6_sorrell3_seed-3_20260502_192500/iterated_local_search/run_2_worker_21/ils_config_8271943769869161462.prm
[INFO]:[19:27:45] Starting CPLEX solver on instance: /home/yorig/tuner/mpils-tests/instances/miplib/medium-2/sorrell3.mps with config: /scratch/yorig/mpils-results-grid-seconds-5-no-mip-start/medium-2/24proc/seed-3/6_sorrell3_seed-3_20260502_192500/iterated_local_search/run_2_worker_21/ils_config_8271943769869161462.prm
[INFO]:[19:27:50] CPLEX results. Gap: 33.980000, upper bound: -15.000000, lower bound: -20.097566
[INFO]:[19:27:50] CPLEX solver finished. Gap: 33.980000
[INFO]:[19:27:50] Local search phase completed.
[INFO]:[19:27:50] Total number of new local-search evaluations: 9
[INFO]:[19:27:50] Final incumbent objective value: 33.98
[INFO]:[19:27:50] Worker 21 completed exploration phase.
[INFO]:[19:27:50] Worker 21 received order for step 2.
[INFO]:[19:27:50] Worker 21 running expansion phase for iteration 2.
[INFO]:[19:27:50] Worker 21 will use solver log file: /scratch/yorig/mpils-results-grid-seconds-5-no-mip-start/medium-2/24proc/seed-3/6_sorrell3_seed-3_20260502_192500/solver/cplex.log_iteration_expansion_2_worker_21
[INFO]:[19:27:50] Expansion Worker 21 starting expansion for iteration 2.
[INFO]:[19:27:50] Starting CPLEX solver on instance: /home/yorig/tuner/mpils-tests/instances/miplib/medium-2/sorrell3.mps with config: /scratch/yorig/mpils-results-grid-seconds-5-no-mip-start/medium-2/24proc/seed-3/6_sorrell3_seed-3_20260502_192500/expansion/config_param_CPXPARAM_Simplex_DGradient_3_iter_2.prm
[INFO]:[19:27:55] CPLEX results. Gap: 34.780000, upper bound: -15.000000, lower bound: -20.216816
[INFO]:[19:27:55] CPLEX solver finished. Gap: 34.780000
[INFO]:[19:27:55] Expansion Worker 21 stopping early after global MPI expansion stop was activated.
[INFO]:[19:27:55] Expansion Worker 21 completed expansion.
[INFO]:[19:27:55] Worker 21 completed expansion phase.
[INFO]:[19:27:56] Worker 21 received order for step 1.
[INFO]:[19:27:56] Worker 21 running exploration phase for iteration 3.
[INFO]:[19:27:56] Worker 21 at iteration 3 will not use a MIP start file. Current best MIP-start upper bound threshold is 1.79769e+308.
[INFO]:[19:27:56] Starting local search phase...
[INFO]:[19:27:56] Creating local search space from parameter space file: /scratch/yorig/mpils-results-grid-seconds-5-no-mip-start/medium-2/24proc/seed-3/6_sorrell3_seed-3_20260502_192500/iterated_local_search/search_space/search_space_file_3_worker_21.txt
[INFO]:[19:27:56] Local search space loaded from file: /scratch/yorig/mpils-results-grid-seconds-5-no-mip-start/medium-2/24proc/seed-3/6_sorrell3_seed-3_20260502_192500/iterated_local_search/search_space/search_space_file_3_worker_21.txt
[INFO]:[19:27:56] Number of parameters in local search space: 71
[INFO]:[19:27:56] Number of forbidden tuples in local search space: 48
[INFO]:[19:27:56] Number of conditionals in local search space: 6
[INFO]:[19:27:56] MIP start option not enabled. Local search will proceed without MIP start.
[INFO]:[19:27:56] Evaluating initial configuration for local search phase...
[INFO]:[19:27:56] Starting CPLEX solver on instance: /home/yorig/tuner/mpils-tests/instances/miplib/medium-2/sorrell3.mps with config: /scratch/yorig/mpils-results-grid-seconds-5-no-mip-start/medium-2/24proc/seed-3/6_sorrell3_seed-3_20260502_192500/iterated_local_search/run_3_worker_21/ils_config_14616744302191251951.prm
[INFO]:[19:27:56] Starting CPLEX solver on instance: /home/yorig/tuner/mpils-tests/instances/miplib/medium-2/sorrell3.mps with config: /scratch/yorig/mpils-results-grid-seconds-5-no-mip-start/medium-2/24proc/seed-3/6_sorrell3_seed-3_20260502_192500/iterated_local_search/run_3_worker_21/ils_config_14616744302191251951.prm
[INFO]:[19:28:01] CPLEX results. Gap: 42.790000, upper bound: -15.000000, lower bound: -21.419147
[INFO]:[19:28:01] CPLEX solver finished. Gap: 42.790000
[INFO]:[19:28:01] Initial configuration evaluated with objective value: 42.79
[INFO]:[19:28:01] Starting CPLEX solver on instance: /home/yorig/tuner/mpils-tests/instances/miplib/medium-2/sorrell3.mps with config: /scratch/yorig/mpils-results-grid-seconds-5-no-mip-start/medium-2/24proc/seed-3/6_sorrell3_seed-3_20260502_192500/iterated_local_search/run_3_worker_21/ils_config_9710823388117692146.prm
[INFO]:[19:28:01] Starting CPLEX solver on instance: /home/yorig/tuner/mpils-tests/instances/miplib/medium-2/sorrell3.mps with config: /scratch/yorig/mpils-results-grid-seconds-5-no-mip-start/medium-2/24proc/seed-3/6_sorrell3_seed-3_20260502_192500/iterated_local_search/run_3_worker_21/ils_config_9710823388117692146.prm
[INFO]:[19:28:06] CPLEX results. Gap: 42.790000, upper bound: -15.000000, lower bound: -21.419147
[INFO]:[19:28:06] CPLEX solver finished. Gap: 42.790000
[INFO]:[19:28:06] Starting CPLEX solver on instance: /home/yorig/tuner/mpils-tests/instances/miplib/medium-2/sorrell3.mps with config: /scratch/yorig/mpils-results-grid-seconds-5-no-mip-start/medium-2/24proc/seed-3/6_sorrell3_seed-3_20260502_192500/iterated_local_search/run_3_worker_21/ils_config_17928137499904826005.prm
[INFO]:[19:28:06] Starting CPLEX solver on instance: /home/yorig/tuner/mpils-tests/instances/miplib/medium-2/sorrell3.mps with config: /scratch/yorig/mpils-results-grid-seconds-5-no-mip-start/medium-2/24proc/seed-3/6_sorrell3_seed-3_20260502_192500/iterated_local_search/run_3_worker_21/ils_config_17928137499904826005.prm
[INFO]:[19:28:11] CPLEX results. Gap: 42.790000, upper bound: -15.000000, lower bound: -21.419147
[INFO]:[19:28:11] CPLEX solver finished. Gap: 42.790000
[INFO]:[19:28:11] Starting CPLEX solver on instance: /home/yorig/tuner/mpils-tests/instances/miplib/medium-2/sorrell3.mps with config: /scratch/yorig/mpils-results-grid-seconds-5-no-mip-start/medium-2/24proc/seed-3/6_sorrell3_seed-3_20260502_192500/iterated_local_search/run_3_worker_21/ils_config_5178302031058449503.prm
[INFO]:[19:28:11] Starting CPLEX solver on instance: /home/yorig/tuner/mpils-tests/instances/miplib/medium-2/sorrell3.mps with config: /scratch/yorig/mpils-results-grid-seconds-5-no-mip-start/medium-2/24proc/seed-3/6_sorrell3_seed-3_20260502_192500/iterated_local_search/run_3_worker_21/ils_config_5178302031058449503.prm
[INFO]:[19:28:17] CPLEX results. Gap: 42.920000, upper bound: -15.000000, lower bound: -21.438064
[INFO]:[19:28:17] CPLEX solver finished. Gap: 42.920000
[INFO]:[19:28:17] Starting CPLEX solver on instance: /home/yorig/tuner/mpils-tests/instances/miplib/medium-2/sorrell3.mps with config: /scratch/yorig/mpils-results-grid-seconds-5-no-mip-start/medium-2/24proc/seed-3/6_sorrell3_seed-3_20260502_192500/iterated_local_search/run_3_worker_21/ils_config_310696799252794969.prm
[INFO]:[19:28:17] Starting CPLEX solver on instance: /home/yorig/tuner/mpils-tests/instances/miplib/medium-2/sorrell3.mps with config: /scratch/yorig/mpils-results-grid-seconds-5-no-mip-start/medium-2/24proc/seed-3/6_sorrell3_seed-3_20260502_192500/iterated_local_search/run_3_worker_21/ils_config_310696799252794969.prm
[INFO]:[19:28:22] CPLEX results. Gap: 42.790000, upper bound: -15.000000, lower bound: -21.419147
[INFO]:[19:28:22] CPLEX solver finished. Gap: 42.790000
[INFO]:[19:28:22] Starting CPLEX solver on instance: /home/yorig/tuner/mpils-tests/instances/miplib/medium-2/sorrell3.mps with config: /scratch/yorig/mpils-results-grid-seconds-5-no-mip-start/medium-2/24proc/seed-3/6_sorrell3_seed-3_20260502_192500/iterated_local_search/run_3_worker_21/ils_config_8586705934781085475.prm
[INFO]:[19:28:22] Starting CPLEX solver on instance: /home/yorig/tuner/mpils-tests/instances/miplib/medium-2/sorrell3.mps with config: /scratch/yorig/mpils-results-grid-seconds-5-no-mip-start/medium-2/24proc/seed-3/6_sorrell3_seed-3_20260502_192500/iterated_local_search/run_3_worker_21/ils_config_8586705934781085475.prm
[INFO]:[19:28:27] CPLEX results. Gap: 42.790000, upper bound: -15.000000, lower bound: -21.419147
[INFO]:[19:28:27] CPLEX solver finished. Gap: 42.790000
[INFO]:[19:28:27] Starting CPLEX solver on instance: /home/yorig/tuner/mpils-tests/instances/miplib/medium-2/sorrell3.mps with config: /scratch/yorig/mpils-results-grid-seconds-5-no-mip-start/medium-2/24proc/seed-3/6_sorrell3_seed-3_20260502_192500/iterated_local_search/run_3_worker_21/ils_config_4858307853068977069.prm
[INFO]:[19:28:27] Starting CPLEX solver on instance: /home/yorig/tuner/mpils-tests/instances/miplib/medium-2/sorrell3.mps with config: /scratch/yorig/mpils-results-grid-seconds-5-no-mip-start/medium-2/24proc/seed-3/6_sorrell3_seed-3_20260502_192500/iterated_local_search/run_3_worker_21/ils_config_4858307853068977069.prm
[INFO]:[19:28:32] CPLEX results. Gap: 42.790000, upper bound: -15.000000, lower bound: -21.419147
[INFO]:[19:28:32] CPLEX solver finished. Gap: 42.790000
[INFO]:[19:28:32] Starting CPLEX solver on instance: /home/yorig/tuner/mpils-tests/instances/miplib/medium-2/sorrell3.mps with config: /scratch/yorig/mpils-results-grid-seconds-5-no-mip-start/medium-2/24proc/seed-3/6_sorrell3_seed-3_20260502_192500/iterated_local_search/run_3_worker_21/ils_config_2395726530276508360.prm
[INFO]:[19:28:32] Starting CPLEX solver on instance: /home/yorig/tuner/mpils-tests/instances/miplib/medium-2/sorrell3.mps with config: /scratch/yorig/mpils-results-grid-seconds-5-no-mip-start/medium-2/24proc/seed-3/6_sorrell3_seed-3_20260502_192500/iterated_local_search/run_3_worker_21/ils_config_2395726530276508360.prm
[INFO]:[19:28:38] CPLEX results. Gap: 42.790000, upper bound: -15.000000, lower bound: -21.419147
[INFO]:[19:28:38] CPLEX solver finished. Gap: 42.790000
[INFO]:[19:28:38] Starting CPLEX solver on instance: /home/yorig/tuner/mpils-tests/instances/miplib/medium-2/sorrell3.mps with config: /scratch/yorig/mpils-results-grid-seconds-5-no-mip-start/medium-2/24proc/seed-3/6_sorrell3_seed-3_20260502_192500/iterated_local_search/run_3_worker_21/ils_config_9393205309034808340.prm
[INFO]:[19:28:38] Starting CPLEX solver on instance: /home/yorig/tuner/mpils-tests/instances/miplib/medium-2/sorrell3.mps with config: /scratch/yorig/mpils-results-grid-seconds-5-no-mip-start/medium-2/24proc/seed-3/6_sorrell3_seed-3_20260502_192500/iterated_local_search/run_3_worker_21/ils_config_9393205309034808340.prm
[INFO]:[19:28:43] CPLEX results. Gap: 42.790000, upper bound: -15.000000, lower bound: -21.419147
[INFO]:[19:28:43] CPLEX solver finished. Gap: 42.790000
[INFO]:[19:28:43] Starting CPLEX solver on instance: /home/yorig/tuner/mpils-tests/instances/miplib/medium-2/sorrell3.mps with config: /scratch/yorig/mpils-results-grid-seconds-5-no-mip-start/medium-2/24proc/seed-3/6_sorrell3_seed-3_20260502_192500/iterated_local_search/run_3_worker_21/ils_config_14185655591487762236.prm
[INFO]:[19:28:43] Starting CPLEX solver on instance: /home/yorig/tuner/mpils-tests/instances/miplib/medium-2/sorrell3.mps with config: /scratch/yorig/mpils-results-grid-seconds-5-no-mip-start/medium-2/24proc/seed-3/6_sorrell3_seed-3_20260502_192500/iterated_local_search/run_3_worker_21/ils_config_14185655591487762236.prm
[INFO]:[19:28:48] CPLEX results. Gap: 42.790000, upper bound: -15.000000, lower bound: -21.419147
[INFO]:[19:28:48] CPLEX solver finished. Gap: 42.790000
[INFO]:[19:28:48] Local search phase completed.
[INFO]:[19:28:48] Total number of new local-search evaluations: 10
[INFO]:[19:28:48] Final incumbent objective value: 42.79
[INFO]:[19:28:48] Worker 21 completed exploration phase.
[INFO]:[19:28:48] Worker 21 received order for step 2.
[INFO]:[19:28:48] Worker 21 running expansion phase for iteration 3.
[INFO]:[19:28:48] Worker 21 will use solver log file: /scratch/yorig/mpils-results-grid-seconds-5-no-mip-start/medium-2/24proc/seed-3/6_sorrell3_seed-3_20260502_192500/solver/cplex.log_iteration_expansion_3_worker_21
[INFO]:[19:28:48] Expansion Worker 21 starting expansion for iteration 3.
[INFO]:[19:28:48] Starting CPLEX solver on instance: /home/yorig/tuner/mpils-tests/instances/miplib/medium-2/sorrell3.mps with config: /scratch/yorig/mpils-results-grid-seconds-5-no-mip-start/medium-2/24proc/seed-3/6_sorrell3_seed-3_20260502_192500/expansion/config_param_CPXPARAM_Preprocessing_CoeffReduce_1_iter_3.prm
[INFO]:[19:28:54] CPLEX results. Gap: 33.200000, upper bound: -15.000000, lower bound: -19.979965
[INFO]:[19:28:54] CPLEX solver finished. Gap: 33.200000
[INFO]:[19:28:59] Expansion Worker 21 completed expansion.
[INFO]:[19:28:59] Worker 21 completed expansion phase.
[INFO]:[19:28:59] Worker 21 received order for step 1.
[INFO]:[19:28:59] Worker 21 running exploration phase for iteration 4.
[INFO]:[19:28:59] Worker 21 at iteration 4 will not use a MIP start file. Current best MIP-start upper bound threshold is 1.79769e+308.
[INFO]:[19:28:59] Starting local search phase...
[INFO]:[19:28:59] Creating local search space from parameter space file: /scratch/yorig/mpils-results-grid-seconds-5-no-mip-start/medium-2/24proc/seed-3/6_sorrell3_seed-3_20260502_192500/iterated_local_search/search_space/search_space_file_4_worker_21.txt
[INFO]:[19:28:59] Local search space loaded from file: /scratch/yorig/mpils-results-grid-seconds-5-no-mip-start/medium-2/24proc/seed-3/6_sorrell3_seed-3_20260502_192500/iterated_local_search/search_space/search_space_file_4_worker_21.txt
[INFO]:[19:28:59] Number of parameters in local search space: 71
[INFO]:[19:28:59] Number of forbidden tuples in local search space: 52
[INFO]:[19:28:59] Number of conditionals in local search space: 6
[INFO]:[19:28:59] MIP start option not enabled. Local search will proceed without MIP start.
[INFO]:[19:28:59] Evaluating initial configuration for local search phase...
[INFO]:[19:28:59] Starting CPLEX solver on instance: /home/yorig/tuner/mpils-tests/instances/miplib/medium-2/sorrell3.mps with config: /scratch/yorig/mpils-results-grid-seconds-5-no-mip-start/medium-2/24proc/seed-3/6_sorrell3_seed-3_20260502_192500/iterated_local_search/run_4_worker_21/ils_config_10518424919959488979.prm
[INFO]:[19:28:59] Starting CPLEX solver on instance: /home/yorig/tuner/mpils-tests/instances/miplib/medium-2/sorrell3.mps with config: /scratch/yorig/mpils-results-grid-seconds-5-no-mip-start/medium-2/24proc/seed-3/6_sorrell3_seed-3_20260502_192500/iterated_local_search/run_4_worker_21/ils_config_10518424919959488979.prm
[INFO]:[19:29:05] CPLEX results. Gap: 42.790000, upper bound: -15.000000, lower bound: -21.418937
[INFO]:[19:29:05] CPLEX solver finished. Gap: 42.790000
[INFO]:[19:29:05] Initial configuration evaluated with objective value: 42.79
[INFO]:[19:29:05] Starting CPLEX solver on instance: /home/yorig/tuner/mpils-tests/instances/miplib/medium-2/sorrell3.mps with config: /scratch/yorig/mpils-results-grid-seconds-5-no-mip-start/medium-2/24proc/seed-3/6_sorrell3_seed-3_20260502_192500/iterated_local_search/run_4_worker_21/ils_config_16476815833568867536.prm
[INFO]:[19:29:05] Starting CPLEX solver on instance: /home/yorig/tuner/mpils-tests/instances/miplib/medium-2/sorrell3.mps with config: /scratch/yorig/mpils-results-grid-seconds-5-no-mip-start/medium-2/24proc/seed-3/6_sorrell3_seed-3_20260502_192500/iterated_local_search/run_4_worker_21/ils_config_16476815833568867536.prm
[INFO]:[19:29:10] CPLEX results. Gap: 42.790000, upper bound: -15.000000, lower bound: -21.418937
[INFO]:[19:29:10] CPLEX solver finished. Gap: 42.790000
[INFO]:[19:29:10] Starting CPLEX solver on instance: /home/yorig/tuner/mpils-tests/instances/miplib/medium-2/sorrell3.mps with config: /scratch/yorig/mpils-results-grid-seconds-5-no-mip-start/medium-2/24proc/seed-3/6_sorrell3_seed-3_20260502_192500/iterated_local_search/run_4_worker_21/ils_config_1495882902100038444.prm
[INFO]:[19:29:10] Starting CPLEX solver on instance: /home/yorig/tuner/mpils-tests/instances/miplib/medium-2/sorrell3.mps with config: /scratch/yorig/mpils-results-grid-seconds-5-no-mip-start/medium-2/24proc/seed-3/6_sorrell3_seed-3_20260502_192500/iterated_local_search/run_4_worker_21/ils_config_1495882902100038444.prm
[INFO]:[19:29:15] CPLEX results. Gap: 42.790000, upper bound: -15.000000, lower bound: -21.418937
[INFO]:[19:29:15] CPLEX solver finished. Gap: 42.790000
[INFO]:[19:29:15] Starting CPLEX solver on instance: /home/yorig/tuner/mpils-tests/instances/miplib/medium-2/sorrell3.mps with config: /scratch/yorig/mpils-results-grid-seconds-5-no-mip-start/medium-2/24proc/seed-3/6_sorrell3_seed-3_20260502_192500/iterated_local_search/run_4_worker_21/ils_config_3028044228582211938.prm
[INFO]:[19:29:15] Starting CPLEX solver on instance: /home/yorig/tuner/mpils-tests/instances/miplib/medium-2/sorrell3.mps with config: /scratch/yorig/mpils-results-grid-seconds-5-no-mip-start/medium-2/24proc/seed-3/6_sorrell3_seed-3_20260502_192500/iterated_local_search/run_4_worker_21/ils_config_3028044228582211938.prm
[INFO]:[19:29:20] CPLEX results. Gap: 42.790000, upper bound: -15.000000, lower bound: -21.418937
[INFO]:[19:29:20] CPLEX solver finished. Gap: 42.790000
[INFO]:[19:29:20] Starting CPLEX solver on instance: /home/yorig/tuner/mpils-tests/instances/miplib/medium-2/sorrell3.mps with config: /scratch/yorig/mpils-results-grid-seconds-5-no-mip-start/medium-2/24proc/seed-3/6_sorrell3_seed-3_20260502_192500/iterated_local_search/run_4_worker_21/ils_config_9249934458381431750.prm
[INFO]:[19:29:20] Starting CPLEX solver on instance: /home/yorig/tuner/mpils-tests/instances/miplib/medium-2/sorrell3.mps with config: /scratch/yorig/mpils-results-grid-seconds-5-no-mip-start/medium-2/24proc/seed-3/6_sorrell3_seed-3_20260502_192500/iterated_local_search/run_4_worker_21/ils_config_9249934458381431750.prm
[INFO]:[19:29:26] CPLEX results. Gap: 42.790000, upper bound: -15.000000, lower bound: -21.418937
[INFO]:[19:29:26] CPLEX solver finished. Gap: 42.790000
[INFO]:[19:29:26] Starting CPLEX solver on instance: /home/yorig/tuner/mpils-tests/instances/miplib/medium-2/sorrell3.mps with config: /scratch/yorig/mpils-results-grid-seconds-5-no-mip-start/medium-2/24proc/seed-3/6_sorrell3_seed-3_20260502_192500/iterated_local_search/run_4_worker_21/ils_config_316409675799032447.prm
[INFO]:[19:29:26] Starting CPLEX solver on instance: /home/yorig/tuner/mpils-tests/instances/miplib/medium-2/sorrell3.mps with config: /scratch/yorig/mpils-results-grid-seconds-5-no-mip-start/medium-2/24proc/seed-3/6_sorrell3_seed-3_20260502_192500/iterated_local_search/run_4_worker_21/ils_config_316409675799032447.prm
[INFO]:[19:29:31] CPLEX results. Gap: 42.790000, upper bound: -15.000000, lower bound: -21.418937
[INFO]:[19:29:31] CPLEX solver finished. Gap: 42.790000
[INFO]:[19:29:31] Starting CPLEX solver on instance: /home/yorig/tuner/mpils-tests/instances/miplib/medium-2/sorrell3.mps with config: /scratch/yorig/mpils-results-grid-seconds-5-no-mip-start/medium-2/24proc/seed-3/6_sorrell3_seed-3_20260502_192500/iterated_local_search/run_4_worker_21/ils_config_11827612612216331918.prm
[INFO]:[19:29:31] Starting CPLEX solver on instance: /home/yorig/tuner/mpils-tests/instances/miplib/medium-2/sorrell3.mps with config: /scratch/yorig/mpils-results-grid-seconds-5-no-mip-start/medium-2/24proc/seed-3/6_sorrell3_seed-3_20260502_192500/iterated_local_search/run_4_worker_21/ils_config_11827612612216331918.prm
[INFO]:[19:29:36] CPLEX results. Gap: 42.790000, upper bound: -15.000000, lower bound: -21.418937
[INFO]:[19:29:36] CPLEX solver finished. Gap: 42.790000
[INFO]:[19:29:36] Local search phase completed.
[INFO]:[19:29:36] Total number of new local-search evaluations: 7
[INFO]:[19:29:36] Final incumbent objective value: 42.79
[INFO]:[19:29:36] Worker 21 completed exploration phase.
[INFO]:[19:29:36] Worker 21 received order for step 2.
[INFO]:[19:29:36] Worker 21 running expansion phase for iteration 4.
[INFO]:[19:29:36] Worker 21 will use solver log file: /scratch/yorig/mpils-results-grid-seconds-5-no-mip-start/medium-2/24proc/seed-3/6_sorrell3_seed-3_20260502_192500/solver/cplex.log_iteration_expansion_4_worker_21
[INFO]:[19:29:36] Expansion Worker 21 starting expansion for iteration 4.
[INFO]:[19:29:36] Starting CPLEX solver on instance: /home/yorig/tuner/mpils-tests/instances/miplib/medium-2/sorrell3.mps with config: /scratch/yorig/mpils-results-grid-seconds-5-no-mip-start/medium-2/24proc/seed-3/6_sorrell3_seed-3_20260502_192500/expansion/config_param_CPXPARAM_Preprocessing_Reduce_0_iter_4.prm
[INFO]:[19:29:42] CPLEX results. Gap: 3313.330000, upper bound: -15.000000, lower bound: -512.000000
[INFO]:[19:29:42] CPLEX solver finished. Gap: 3313.330000
[INFO]:[19:29:47] Expansion Worker 21 completed expansion.
[INFO]:[19:29:47] Worker 21 completed expansion phase.
[INFO]:[19:29:47] Worker 21 received order for step 1.
[INFO]:[19:29:47] Worker 21 running exploration phase for iteration 5.
[INFO]:[19:29:47] Worker 21 at iteration 5 will not use a MIP start file. Current best MIP-start upper bound threshold is 1.79769e+308.
[INFO]:[19:29:47] Starting local search phase...
[INFO]:[19:29:47] Creating local search space from parameter space file: /scratch/yorig/mpils-results-grid-seconds-5-no-mip-start/medium-2/24proc/seed-3/6_sorrell3_seed-3_20260502_192500/iterated_local_search/search_space/search_space_file_5_worker_21.txt
[INFO]:[19:29:47] Local search space loaded from file: /scratch/yorig/mpils-results-grid-seconds-5-no-mip-start/medium-2/24proc/seed-3/6_sorrell3_seed-3_20260502_192500/iterated_local_search/search_space/search_space_file_5_worker_21.txt
[INFO]:[19:29:47] Number of parameters in local search space: 71
[INFO]:[19:29:47] Number of forbidden tuples in local search space: 72
[INFO]:[19:29:47] Number of conditionals in local search space: 6
[INFO]:[19:29:47] MIP start option not enabled. Local search will proceed without MIP start.
[INFO]:[19:29:47] Evaluating initial configuration for local search phase...
[INFO]:[19:29:47] Starting CPLEX solver on instance: /home/yorig/tuner/mpils-tests/instances/miplib/medium-2/sorrell3.mps with config: /scratch/yorig/mpils-results-grid-seconds-5-no-mip-start/medium-2/24proc/seed-3/6_sorrell3_seed-3_20260502_192500/iterated_local_search/run_5_worker_21/ils_config_2281785029036041252.prm
[INFO]:[19:29:47] Starting CPLEX solver on instance: /home/yorig/tuner/mpils-tests/instances/miplib/medium-2/sorrell3.mps with config: /scratch/yorig/mpils-results-grid-seconds-5-no-mip-start/medium-2/24proc/seed-3/6_sorrell3_seed-3_20260502_192500/iterated_local_search/run_5_worker_21/ils_config_2281785029036041252.prm
[INFO]:[19:29:53] CPLEX results. Gap: 3313.330000, upper bound: -15.000000, lower bound: -512.000000
[INFO]:[19:29:53] CPLEX solver finished. Gap: 3313.330000
[INFO]:[19:29:53] Initial configuration evaluated with objective value: 3313.33
[INFO]:[19:29:53] Starting CPLEX solver on instance: /home/yorig/tuner/mpils-tests/instances/miplib/medium-2/sorrell3.mps with config: /scratch/yorig/mpils-results-grid-seconds-5-no-mip-start/medium-2/24proc/seed-3/6_sorrell3_seed-3_20260502_192500/iterated_local_search/run_5_worker_21/ils_config_5318988152068037343.prm
[INFO]:[19:29:53] Starting CPLEX solver on instance: /home/yorig/tuner/mpils-tests/instances/miplib/medium-2/sorrell3.mps with config: /scratch/yorig/mpils-results-grid-seconds-5-no-mip-start/medium-2/24proc/seed-3/6_sorrell3_seed-3_20260502_192500/iterated_local_search/run_5_worker_21/ils_config_5318988152068037343.prm
[INFO]:[19:29:58] CPLEX results. Gap: 3313.330000, upper bound: -15.000000, lower bound: -512.000000
[INFO]:[19:29:58] CPLEX solver finished. Gap: 3313.330000
[INFO]:[19:29:58] Starting CPLEX solver on instance: /home/yorig/tuner/mpils-tests/instances/miplib/medium-2/sorrell3.mps with config: /scratch/yorig/mpils-results-grid-seconds-5-no-mip-start/medium-2/24proc/seed-3/6_sorrell3_seed-3_20260502_192500/iterated_local_search/run_5_worker_21/ils_config_3700446266397672977.prm
[INFO]:[19:29:58] Starting CPLEX solver on instance: /home/yorig/tuner/mpils-tests/instances/miplib/medium-2/sorrell3.mps with config: /scratch/yorig/mpils-results-grid-seconds-5-no-mip-start/medium-2/24proc/seed-3/6_sorrell3_seed-3_20260502_192500/iterated_local_search/run_5_worker_21/ils_config_3700446266397672977.prm
[INFO]:[19:30:03] CPLEX results. Gap: 3313.330000, upper bound: -15.000000, lower bound: -512.000000
[INFO]:[19:30:03] CPLEX solver finished. Gap: 3313.330000
[INFO]:[19:30:03] Starting CPLEX solver on instance: /home/yorig/tuner/mpils-tests/instances/miplib/medium-2/sorrell3.mps with config: /scratch/yorig/mpils-results-grid-seconds-5-no-mip-start/medium-2/24proc/seed-3/6_sorrell3_seed-3_20260502_192500/iterated_local_search/run_5_worker_21/ils_config_6503471020495511965.prm
[INFO]:[19:30:03] Starting CPLEX solver on instance: /home/yorig/tuner/mpils-tests/instances/miplib/medium-2/sorrell3.mps with config: /scratch/yorig/mpils-results-grid-seconds-5-no-mip-start/medium-2/24proc/seed-3/6_sorrell3_seed-3_20260502_192500/iterated_local_search/run_5_worker_21/ils_config_6503471020495511965.prm
[INFO]:[19:30:09] CPLEX results. Gap: 3313.330000, upper bound: -15.000000, lower bound: -512.000000
[INFO]:[19:30:09] CPLEX solver finished. Gap: 3313.330000
[INFO]:[19:30:09] Starting CPLEX solver on instance: /home/yorig/tuner/mpils-tests/instances/miplib/medium-2/sorrell3.mps with config: /scratch/yorig/mpils-results-grid-seconds-5-no-mip-start/medium-2/24proc/seed-3/6_sorrell3_seed-3_20260502_192500/iterated_local_search/run_5_worker_21/ils_config_17624969109859458097.prm
[INFO]:[19:30:09] Starting CPLEX solver on instance: /home/yorig/tuner/mpils-tests/instances/miplib/medium-2/sorrell3.mps with config: /scratch/yorig/mpils-results-grid-seconds-5-no-mip-start/medium-2/24proc/seed-3/6_sorrell3_seed-3_20260502_192500/iterated_local_search/run_5_worker_21/ils_config_17624969109859458097.prm
[INFO]:[19:30:14] CPLEX results. Gap: 3313.330000, upper bound: -15.000000, lower bound: -512.000000
[INFO]:[19:30:14] CPLEX solver finished. Gap: 3313.330000
[INFO]:[19:30:14] Starting CPLEX solver on instance: /home/yorig/tuner/mpils-tests/instances/miplib/medium-2/sorrell3.mps with config: /scratch/yorig/mpils-results-grid-seconds-5-no-mip-start/medium-2/24proc/seed-3/6_sorrell3_seed-3_20260502_192500/iterated_local_search/run_5_worker_21/ils_config_15201781939372972790.prm
[INFO]:[19:30:14] Starting CPLEX solver on instance: /home/yorig/tuner/mpils-tests/instances/miplib/medium-2/sorrell3.mps with config: /scratch/yorig/mpils-results-grid-seconds-5-no-mip-start/medium-2/24proc/seed-3/6_sorrell3_seed-3_20260502_192500/iterated_local_search/run_5_worker_21/ils_config_15201781939372972790.prm
[INFO]:[19:30:19] CPLEX results. Gap: 3313.330000, upper bound: -15.000000, lower bound: -512.000000
[INFO]:[19:30:19] CPLEX solver finished. Gap: 3313.330000
[INFO]:[19:30:19] Starting CPLEX solver on instance: /home/yorig/tuner/mpils-tests/instances/miplib/medium-2/sorrell3.mps with config: /scratch/yorig/mpils-results-grid-seconds-5-no-mip-start/medium-2/24proc/seed-3/6_sorrell3_seed-3_20260502_192500/iterated_local_search/run_5_worker_21/ils_config_5357627934735930422.prm
[INFO]:[19:30:19] Starting CPLEX solver on instance: /home/yorig/tuner/mpils-tests/instances/miplib/medium-2/sorrell3.mps with config: /scratch/yorig/mpils-results-grid-seconds-5-no-mip-start/medium-2/24proc/seed-3/6_sorrell3_seed-3_20260502_192500/iterated_local_search/run_5_worker_21/ils_config_5357627934735930422.prm
[INFO]:[19:30:24] CPLEX results. Gap: 42.920000, upper bound: -15.000000, lower bound: -21.438064
[INFO]:[19:30:24] CPLEX solver finished. Gap: 42.920000
[INFO]:[19:30:24] New incumbent found with objective value: 42.92
[INFO]:[19:30:24] Starting CPLEX solver on instance: /home/yorig/tuner/mpils-tests/instances/miplib/medium-2/sorrell3.mps with config: /scratch/yorig/mpils-results-grid-seconds-5-no-mip-start/medium-2/24proc/seed-3/6_sorrell3_seed-3_20260502_192500/iterated_local_search/run_5_worker_21/ils_config_1145092916642677833.prm
[INFO]:[19:30:24] Starting CPLEX solver on instance: /home/yorig/tuner/mpils-tests/instances/miplib/medium-2/sorrell3.mps with config: /scratch/yorig/mpils-results-grid-seconds-5-no-mip-start/medium-2/24proc/seed-3/6_sorrell3_seed-3_20260502_192500/iterated_local_search/run_5_worker_21/ils_config_1145092916642677833.prm
[INFO]:[19:30:30] CPLEX results. Gap: 42.920000, upper bound: -15.000000, lower bound: -21.438064
[INFO]:[19:30:30] CPLEX solver finished. Gap: 42.920000
[INFO]:[19:30:30] Starting CPLEX solver on instance: /home/yorig/tuner/mpils-tests/instances/miplib/medium-2/sorrell3.mps with config: /scratch/yorig/mpils-results-grid-seconds-5-no-mip-start/medium-2/24proc/seed-3/6_sorrell3_seed-3_20260502_192500/iterated_local_search/run_5_worker_21/ils_config_16330697066051294513.prm
[INFO]:[19:30:30] Starting CPLEX solver on instance: /home/yorig/tuner/mpils-tests/instances/miplib/medium-2/sorrell3.mps with config: /scratch/yorig/mpils-results-grid-seconds-5-no-mip-start/medium-2/24proc/seed-3/6_sorrell3_seed-3_20260502_192500/iterated_local_search/run_5_worker_21/ils_config_16330697066051294513.prm
[INFO]:[19:30:35] CPLEX results. Gap: 42.920000, upper bound: -15.000000, lower bound: -21.438064
[INFO]:[19:30:35] CPLEX solver finished. Gap: 42.920000
[INFO]:[19:30:35] Starting CPLEX solver on instance: /home/yorig/tuner/mpils-tests/instances/miplib/medium-2/sorrell3.mps with config: /scratch/yorig/mpils-results-grid-seconds-5-no-mip-start/medium-2/24proc/seed-3/6_sorrell3_seed-3_20260502_192500/iterated_local_search/run_5_worker_21/ils_config_14440687654759023178.prm
[INFO]:[19:30:35] Starting CPLEX solver on instance: /home/yorig/tuner/mpils-tests/instances/miplib/medium-2/sorrell3.mps with config: /scratch/yorig/mpils-results-grid-seconds-5-no-mip-start/medium-2/24proc/seed-3/6_sorrell3_seed-3_20260502_192500/iterated_local_search/run_5_worker_21/ils_config_14440687654759023178.prm
[INFO]:[19:30:40] CPLEX results. Gap: 42.920000, upper bound: -15.000000, lower bound: -21.438064
[INFO]:[19:30:40] CPLEX solver finished. Gap: 42.920000
[INFO]:[19:30:40] Starting CPLEX solver on instance: /home/yorig/tuner/mpils-tests/instances/miplib/medium-2/sorrell3.mps with config: /scratch/yorig/mpils-results-grid-seconds-5-no-mip-start/medium-2/24proc/seed-3/6_sorrell3_seed-3_20260502_192500/iterated_local_search/run_5_worker_21/ils_config_13100805155083579940.prm
[INFO]:[19:30:40] Starting CPLEX solver on instance: /home/yorig/tuner/mpils-tests/instances/miplib/medium-2/sorrell3.mps with config: /scratch/yorig/mpils-results-grid-seconds-5-no-mip-start/medium-2/24proc/seed-3/6_sorrell3_seed-3_20260502_192500/iterated_local_search/run_5_worker_21/ils_config_13100805155083579940.prm
[INFO]:[19:30:45] CPLEX results. Gap: 42.920000, upper bound: -15.000000, lower bound: -21.438064
[INFO]:[19:30:45] CPLEX solver finished. Gap: 42.920000
[INFO]:[19:30:45] Starting CPLEX solver on instance: /home/yorig/tuner/mpils-tests/instances/miplib/medium-2/sorrell3.mps with config: /scratch/yorig/mpils-results-grid-seconds-5-no-mip-start/medium-2/24proc/seed-3/6_sorrell3_seed-3_20260502_192500/iterated_local_search/run_5_worker_21/ils_config_8272469720481565042.prm
[INFO]:[19:30:45] Starting CPLEX solver on instance: /home/yorig/tuner/mpils-tests/instances/miplib/medium-2/sorrell3.mps with config: /scratch/yorig/mpils-results-grid-seconds-5-no-mip-start/medium-2/24proc/seed-3/6_sorrell3_seed-3_20260502_192500/iterated_local_search/run_5_worker_21/ils_config_8272469720481565042.prm
[INFO]:[19:30:51] CPLEX results. Gap: 42.920000, upper bound: -15.000000, lower bound: -21.438064
[INFO]:[19:30:51] CPLEX solver finished. Gap: 42.920000
[INFO]:[19:30:51] Starting CPLEX solver on instance: /home/yorig/tuner/mpils-tests/instances/miplib/medium-2/sorrell3.mps with config: /scratch/yorig/mpils-results-grid-seconds-5-no-mip-start/medium-2/24proc/seed-3/6_sorrell3_seed-3_20260502_192500/iterated_local_search/run_5_worker_21/ils_config_16247881979588201707.prm
[INFO]:[19:30:51] Starting CPLEX solver on instance: /home/yorig/tuner/mpils-tests/instances/miplib/medium-2/sorrell3.mps with config: /scratch/yorig/mpils-results-grid-seconds-5-no-mip-start/medium-2/24proc/seed-3/6_sorrell3_seed-3_20260502_192500/iterated_local_search/run_5_worker_21/ils_config_16247881979588201707.prm
[INFO]:[19:30:56] CPLEX results. Gap: 42.920000, upper bound: -15.000000, lower bound: -21.438064
[INFO]:[19:30:56] CPLEX solver finished. Gap: 42.920000
[INFO]:[19:30:56] Starting CPLEX solver on instance: /home/yorig/tuner/mpils-tests/instances/miplib/medium-2/sorrell3.mps with config: /scratch/yorig/mpils-results-grid-seconds-5-no-mip-start/medium-2/24proc/seed-3/6_sorrell3_seed-3_20260502_192500/iterated_local_search/run_5_worker_21/ils_config_8373780817442943540.prm
[INFO]:[19:30:56] Starting CPLEX solver on instance: /home/yorig/tuner/mpils-tests/instances/miplib/medium-2/sorrell3.mps with config: /scratch/yorig/mpils-results-grid-seconds-5-no-mip-start/medium-2/24proc/seed-3/6_sorrell3_seed-3_20260502_192500/iterated_local_search/run_5_worker_21/ils_config_8373780817442943540.prm
[INFO]:[19:31:01] CPLEX results. Gap: 42.920000, upper bound: -15.000000, lower bound: -21.438064
[INFO]:[19:31:01] CPLEX solver finished. Gap: 42.920000
[INFO]:[19:31:01] Starting CPLEX solver on instance: /home/yorig/tuner/mpils-tests/instances/miplib/medium-2/sorrell3.mps with config: /scratch/yorig/mpils-results-grid-seconds-5-no-mip-start/medium-2/24proc/seed-3/6_sorrell3_seed-3_20260502_192500/iterated_local_search/run_5_worker_21/ils_config_15577537801888734787.prm
[INFO]:[19:31:01] Starting CPLEX solver on instance: /home/yorig/tuner/mpils-tests/instances/miplib/medium-2/sorrell3.mps with config: /scratch/yorig/mpils-results-grid-seconds-5-no-mip-start/medium-2/24proc/seed-3/6_sorrell3_seed-3_20260502_192500/iterated_local_search/run_5_worker_21/ils_config_15577537801888734787.prm
[INFO]:[19:31:06] CPLEX results. Gap: 42.920000, upper bound: -15.000000, lower bound: -21.438064
[INFO]:[19:31:06] CPLEX solver finished. Gap: 42.920000
[INFO]:[19:31:06] Starting CPLEX solver on instance: /home/yorig/tuner/mpils-tests/instances/miplib/medium-2/sorrell3.mps with config: /scratch/yorig/mpils-results-grid-seconds-5-no-mip-start/medium-2/24proc/seed-3/6_sorrell3_seed-3_20260502_192500/iterated_local_search/run_5_worker_21/ils_config_7032718812519382810.prm
[INFO]:[19:31:06] Starting CPLEX solver on instance: /home/yorig/tuner/mpils-tests/instances/miplib/medium-2/sorrell3.mps with config: /scratch/yorig/mpils-results-grid-seconds-5-no-mip-start/medium-2/24proc/seed-3/6_sorrell3_seed-3_20260502_192500/iterated_local_search/run_5_worker_21/ils_config_7032718812519382810.prm
[INFO]:[19:31:12] CPLEX results. Gap: 42.920000, upper bound: -15.000000, lower bound: -21.438064
[INFO]:[19:31:12] CPLEX solver finished. Gap: 42.920000
[INFO]:[19:31:12] Starting CPLEX solver on instance: /home/yorig/tuner/mpils-tests/instances/miplib/medium-2/sorrell3.mps with config: /scratch/yorig/mpils-results-grid-seconds-5-no-mip-start/medium-2/24proc/seed-3/6_sorrell3_seed-3_20260502_192500/iterated_local_search/run_5_worker_21/ils_config_10427267292966928638.prm
[INFO]:[19:31:12] Starting CPLEX solver on instance: /home/yorig/tuner/mpils-tests/instances/miplib/medium-2/sorrell3.mps with config: /scratch/yorig/mpils-results-grid-seconds-5-no-mip-start/medium-2/24proc/seed-3/6_sorrell3_seed-3_20260502_192500/iterated_local_search/run_5_worker_21/ils_config_10427267292966928638.prm
[INFO]:[19:31:17] CPLEX results. Gap: 42.920000, upper bound: -15.000000, lower bound: -21.438064
[INFO]:[19:31:17] CPLEX solver finished. Gap: 42.920000
[INFO]:[19:31:17] Starting CPLEX solver on instance: /home/yorig/tuner/mpils-tests/instances/miplib/medium-2/sorrell3.mps with config: /scratch/yorig/mpils-results-grid-seconds-5-no-mip-start/medium-2/24proc/seed-3/6_sorrell3_seed-3_20260502_192500/iterated_local_search/run_5_worker_21/ils_config_2666323638569915768.prm
[INFO]:[19:31:17] Starting CPLEX solver on instance: /home/yorig/tuner/mpils-tests/instances/miplib/medium-2/sorrell3.mps with config: /scratch/yorig/mpils-results-grid-seconds-5-no-mip-start/medium-2/24proc/seed-3/6_sorrell3_seed-3_20260502_192500/iterated_local_search/run_5_worker_21/ils_config_2666323638569915768.prm
[INFO]:[19:31:22] CPLEX results. Gap: 42.920000, upper bound: -15.000000, lower bound: -21.438064
[INFO]:[19:31:22] CPLEX solver finished. Gap: 42.920000
[INFO]:[19:31:22] Starting CPLEX solver on instance: /home/yorig/tuner/mpils-tests/instances/miplib/medium-2/sorrell3.mps with config: /scratch/yorig/mpils-results-grid-seconds-5-no-mip-start/medium-2/24proc/seed-3/6_sorrell3_seed-3_20260502_192500/iterated_local_search/run_5_worker_21/ils_config_17686616456783698165.prm
[INFO]:[19:31:22] Starting CPLEX solver on instance: /home/yorig/tuner/mpils-tests/instances/miplib/medium-2/sorrell3.mps with config: /scratch/yorig/mpils-results-grid-seconds-5-no-mip-start/medium-2/24proc/seed-3/6_sorrell3_seed-3_20260502_192500/iterated_local_search/run_5_worker_21/ils_config_17686616456783698165.prm
[INFO]:[19:31:27] CPLEX results. Gap: 42.920000, upper bound: -15.000000, lower bound: -21.438064
[INFO]:[19:31:27] CPLEX solver finished. Gap: 42.920000
[INFO]:[19:31:27] Starting CPLEX solver on instance: /home/yorig/tuner/mpils-tests/instances/miplib/medium-2/sorrell3.mps with config: /scratch/yorig/mpils-results-grid-seconds-5-no-mip-start/medium-2/24proc/seed-3/6_sorrell3_seed-3_20260502_192500/iterated_local_search/run_5_worker_21/ils_config_2037446291045985530.prm
[INFO]:[19:31:27] Starting CPLEX solver on instance: /home/yorig/tuner/mpils-tests/instances/miplib/medium-2/sorrell3.mps with config: /scratch/yorig/mpils-results-grid-seconds-5-no-mip-start/medium-2/24proc/seed-3/6_sorrell3_seed-3_20260502_192500/iterated_local_search/run_5_worker_21/ils_config_2037446291045985530.prm
[INFO]:[19:31:33] CPLEX results. Gap: 42.920000, upper bound: -15.000000, lower bound: -21.438064
[INFO]:[19:31:33] CPLEX solver finished. Gap: 42.920000
[INFO]:[19:31:33] Starting CPLEX solver on instance: /home/yorig/tuner/mpils-tests/instances/miplib/medium-2/sorrell3.mps with config: /scratch/yorig/mpils-results-grid-seconds-5-no-mip-start/medium-2/24proc/seed-3/6_sorrell3_seed-3_20260502_192500/iterated_local_search/run_5_worker_21/ils_config_2685459916707978817.prm
[INFO]:[19:31:33] Starting CPLEX solver on instance: /home/yorig/tuner/mpils-tests/instances/miplib/medium-2/sorrell3.mps with config: /scratch/yorig/mpils-results-grid-seconds-5-no-mip-start/medium-2/24proc/seed-3/6_sorrell3_seed-3_20260502_192500/iterated_local_search/run_5_worker_21/ils_config_2685459916707978817.prm
[INFO]:[19:31:38] CPLEX results. Gap: 42.920000, upper bound: -15.000000, lower bound: -21.438064
[INFO]:[19:31:38] CPLEX solver finished. Gap: 42.920000
[INFO]:[19:31:38] Starting CPLEX solver on instance: /home/yorig/tuner/mpils-tests/instances/miplib/medium-2/sorrell3.mps with config: /scratch/yorig/mpils-results-grid-seconds-5-no-mip-start/medium-2/24proc/seed-3/6_sorrell3_seed-3_20260502_192500/iterated_local_search/run_5_worker_21/ils_config_8978360396770456151.prm
[INFO]:[19:31:38] Starting CPLEX solver on instance: /home/yorig/tuner/mpils-tests/instances/miplib/medium-2/sorrell3.mps with config: /scratch/yorig/mpils-results-grid-seconds-5-no-mip-start/medium-2/24proc/seed-3/6_sorrell3_seed-3_20260502_192500/iterated_local_search/run_5_worker_21/ils_config_8978360396770456151.prm
[INFO]:[19:31:43] CPLEX results. Gap: 42.920000, upper bound: -15.000000, lower bound: -21.438064
[INFO]:[19:31:43] CPLEX solver finished. Gap: 42.920000
[INFO]:[19:31:43] Starting CPLEX solver on instance: /home/yorig/tuner/mpils-tests/instances/miplib/medium-2/sorrell3.mps with config: /scratch/yorig/mpils-results-grid-seconds-5-no-mip-start/medium-2/24proc/seed-3/6_sorrell3_seed-3_20260502_192500/iterated_local_search/run_5_worker_21/ils_config_9734386025049836356.prm
[INFO]:[19:31:43] Starting CPLEX solver on instance: /home/yorig/tuner/mpils-tests/instances/miplib/medium-2/sorrell3.mps with config: /scratch/yorig/mpils-results-grid-seconds-5-no-mip-start/medium-2/24proc/seed-3/6_sorrell3_seed-3_20260502_192500/iterated_local_search/run_5_worker_21/ils_config_9734386025049836356.prm
[INFO]:[19:31:48] CPLEX results. Gap: 42.920000, upper bound: -15.000000, lower bound: -21.438064
[INFO]:[19:31:48] CPLEX solver finished. Gap: 42.920000
[INFO]:[19:31:48] Starting CPLEX solver on instance: /home/yorig/tuner/mpils-tests/instances/miplib/medium-2/sorrell3.mps with config: /scratch/yorig/mpils-results-grid-seconds-5-no-mip-start/medium-2/24proc/seed-3/6_sorrell3_seed-3_20260502_192500/iterated_local_search/run_5_worker_21/ils_config_4200927141804554162.prm
[INFO]:[19:31:48] Starting CPLEX solver on instance: /home/yorig/tuner/mpils-tests/instances/miplib/medium-2/sorrell3.mps with config: /scratch/yorig/mpils-results-grid-seconds-5-no-mip-start/medium-2/24proc/seed-3/6_sorrell3_seed-3_20260502_192500/iterated_local_search/run_5_worker_21/ils_config_4200927141804554162.prm
[INFO]:[19:31:54] CPLEX results. Gap: 42.920000, upper bound: -15.000000, lower bound: -21.438064
[INFO]:[19:31:54] CPLEX solver finished. Gap: 42.920000
[INFO]:[19:31:54] Starting CPLEX solver on instance: /home/yorig/tuner/mpils-tests/instances/miplib/medium-2/sorrell3.mps with config: /scratch/yorig/mpils-results-grid-seconds-5-no-mip-start/medium-2/24proc/seed-3/6_sorrell3_seed-3_20260502_192500/iterated_local_search/run_5_worker_21/ils_config_11028238472266033949.prm
[INFO]:[19:31:54] Starting CPLEX solver on instance: /home/yorig/tuner/mpils-tests/instances/miplib/medium-2/sorrell3.mps with config: /scratch/yorig/mpils-results-grid-seconds-5-no-mip-start/medium-2/24proc/seed-3/6_sorrell3_seed-3_20260502_192500/iterated_local_search/run_5_worker_21/ils_config_11028238472266033949.prm
[INFO]:[19:31:59] CPLEX results. Gap: 42.920000, upper bound: -15.000000, lower bound: -21.438064
[INFO]:[19:31:59] CPLEX solver finished. Gap: 42.920000
[INFO]:[19:31:59] Starting CPLEX solver on instance: /home/yorig/tuner/mpils-tests/instances/miplib/medium-2/sorrell3.mps with config: /scratch/yorig/mpils-results-grid-seconds-5-no-mip-start/medium-2/24proc/seed-3/6_sorrell3_seed-3_20260502_192500/iterated_local_search/run_5_worker_21/ils_config_12045487562604559325.prm
[INFO]:[19:31:59] Starting CPLEX solver on instance: /home/yorig/tuner/mpils-tests/instances/miplib/medium-2/sorrell3.mps with config: /scratch/yorig/mpils-results-grid-seconds-5-no-mip-start/medium-2/24proc/seed-3/6_sorrell3_seed-3_20260502_192500/iterated_local_search/run_5_worker_21/ils_config_12045487562604559325.prm
[INFO]:[19:32:04] CPLEX results. Gap: 42.920000, upper bound: -15.000000, lower bound: -21.438064
[INFO]:[19:32:04] CPLEX solver finished. Gap: 42.920000
[INFO]:[19:32:04] Starting CPLEX solver on instance: /home/yorig/tuner/mpils-tests/instances/miplib/medium-2/sorrell3.mps with config: /scratch/yorig/mpils-results-grid-seconds-5-no-mip-start/medium-2/24proc/seed-3/6_sorrell3_seed-3_20260502_192500/iterated_local_search/run_5_worker_21/ils_config_13466758886112290905.prm
[INFO]:[19:32:04] Starting CPLEX solver on instance: /home/yorig/tuner/mpils-tests/instances/miplib/medium-2/sorrell3.mps with config: /scratch/yorig/mpils-results-grid-seconds-5-no-mip-start/medium-2/24proc/seed-3/6_sorrell3_seed-3_20260502_192500/iterated_local_search/run_5_worker_21/ils_config_13466758886112290905.prm
[INFO]:[19:32:09] CPLEX results. Gap: 42.920000, upper bound: -15.000000, lower bound: -21.438064
[INFO]:[19:32:09] CPLEX solver finished. Gap: 42.920000
[INFO]:[19:32:09] Starting CPLEX solver on instance: /home/yorig/tuner/mpils-tests/instances/miplib/medium-2/sorrell3.mps with config: /scratch/yorig/mpils-results-grid-seconds-5-no-mip-start/medium-2/24proc/seed-3/6_sorrell3_seed-3_20260502_192500/iterated_local_search/run_5_worker_21/ils_config_13952021629081459753.prm
[INFO]:[19:32:09] Starting CPLEX solver on instance: /home/yorig/tuner/mpils-tests/instances/miplib/medium-2/sorrell3.mps with config: /scratch/yorig/mpils-results-grid-seconds-5-no-mip-start/medium-2/24proc/seed-3/6_sorrell3_seed-3_20260502_192500/iterated_local_search/run_5_worker_21/ils_config_13952021629081459753.prm
[INFO]:[19:32:15] CPLEX results. Gap: 53.130000, upper bound: -14.000000, lower bound: -21.438064
[INFO]:[19:32:15] CPLEX solver finished. Gap: 53.130000
[INFO]:[19:32:15] Starting CPLEX solver on instance: /home/yorig/tuner/mpils-tests/instances/miplib/medium-2/sorrell3.mps with config: /scratch/yorig/mpils-results-grid-seconds-5-no-mip-start/medium-2/24proc/seed-3/6_sorrell3_seed-3_20260502_192500/iterated_local_search/run_5_worker_21/ils_config_7971148070700223045.prm
[INFO]:[19:32:15] Starting CPLEX solver on instance: /home/yorig/tuner/mpils-tests/instances/miplib/medium-2/sorrell3.mps with config: /scratch/yorig/mpils-results-grid-seconds-5-no-mip-start/medium-2/24proc/seed-3/6_sorrell3_seed-3_20260502_192500/iterated_local_search/run_5_worker_21/ils_config_7971148070700223045.prm
[INFO]:[19:32:20] CPLEX results. Gap: 42.920000, upper bound: -15.000000, lower bound: -21.438064
[INFO]:[19:32:20] CPLEX solver finished. Gap: 42.920000
[INFO]:[19:32:20] Starting CPLEX solver on instance: /home/yorig/tuner/mpils-tests/instances/miplib/medium-2/sorrell3.mps with config: /scratch/yorig/mpils-results-grid-seconds-5-no-mip-start/medium-2/24proc/seed-3/6_sorrell3_seed-3_20260502_192500/iterated_local_search/run_5_worker_21/ils_config_7829285364728145924.prm
[INFO]:[19:32:20] Starting CPLEX solver on instance: /home/yorig/tuner/mpils-tests/instances/miplib/medium-2/sorrell3.mps with config: /scratch/yorig/mpils-results-grid-seconds-5-no-mip-start/medium-2/24proc/seed-3/6_sorrell3_seed-3_20260502_192500/iterated_local_search/run_5_worker_21/ils_config_7829285364728145924.prm
[INFO]:[19:32:25] CPLEX results. Gap: 42.920000, upper bound: -15.000000, lower bound: -21.438064
[INFO]:[19:32:25] CPLEX solver finished. Gap: 42.920000
[INFO]:[19:32:25] Local search phase completed.
[INFO]:[19:32:25] Total number of new local-search evaluations: 30
[INFO]:[19:32:25] Final incumbent objective value: 42.92
[INFO]:[19:52:23] Worker 21 completed exploration phase.
[INFO]:[19:52:23] Worker 21 received order for step 2.
[INFO]:[19:52:23] Worker 21 running expansion phase for iteration 5.
[INFO]:[19:52:23] Worker 21 will use solver log file: /scratch/yorig/mpils-results-grid-seconds-5-no-mip-start/medium-2/24proc/seed-3/6_sorrell3_seed-3_20260502_192500/solver/cplex.log_iteration_expansion_5_worker_21
[INFO]:[19:52:23] Expansion Worker 21 starting expansion for iteration 5.
[INFO]:[19:52:23] Starting CPLEX solver on instance: /home/yorig/tuner/mpils-tests/instances/miplib/medium-2/sorrell3.mps with config: /scratch/yorig/mpils-results-grid-seconds-5-no-mip-start/medium-2/24proc/seed-3/6_sorrell3_seed-3_20260502_192500/expansion/config_param_CPXPARAM_MIP_Limits_StrongCand_40_iter_5.prm
[INFO]:[19:52:28] CPLEX results. Gap: 33.380000, upper bound: -15.000000, lower bound: -20.007229
[INFO]:[19:52:28] CPLEX solver finished. Gap: 33.380000
[INFO]:[19:52:34] Expansion Worker 21 completed expansion.
[INFO]:[19:52:34] Worker 21 completed expansion phase.
[INFO]:[19:52:35] Worker 21 received order for step 1.
[INFO]:[19:52:35] Worker 21 running exploration phase for iteration 6.
[INFO]:[19:52:35] Worker 21 at iteration 6 will not use a MIP start file. Current best MIP-start upper bound threshold is 1.79769e+308.
[INFO]:[19:52:35] Starting local search phase...
[INFO]:[19:52:35] Creating local search space from parameter space file: /scratch/yorig/mpils-results-grid-seconds-5-no-mip-start/medium-2/24proc/seed-3/6_sorrell3_seed-3_20260502_192500/iterated_local_search/search_space/search_space_file_6_worker_21.txt
[INFO]:[19:52:35] Local search space loaded from file: /scratch/yorig/mpils-results-grid-seconds-5-no-mip-start/medium-2/24proc/seed-3/6_sorrell3_seed-3_20260502_192500/iterated_local_search/search_space/search_space_file_6_worker_21.txt
[INFO]:[19:52:35] Number of parameters in local search space: 71
[INFO]:[19:52:35] Number of forbidden tuples in local search space: 102
[INFO]:[19:52:35] Number of conditionals in local search space: 6
[INFO]:[19:52:35] MIP start option not enabled. Local search will proceed without MIP start.
[INFO]:[19:52:35] Evaluating initial configuration for local search phase...
[INFO]:[19:52:35] Starting CPLEX solver on instance: /home/yorig/tuner/mpils-tests/instances/miplib/medium-2/sorrell3.mps with config: /scratch/yorig/mpils-results-grid-seconds-5-no-mip-start/medium-2/24proc/seed-3/6_sorrell3_seed-3_20260502_192500/iterated_local_search/run_6_worker_21/ils_config_5506878435581751571.prm
[INFO]:[19:52:35] Starting CPLEX solver on instance: /home/yorig/tuner/mpils-tests/instances/miplib/medium-2/sorrell3.mps with config: /scratch/yorig/mpils-results-grid-seconds-5-no-mip-start/medium-2/24proc/seed-3/6_sorrell3_seed-3_20260502_192500/iterated_local_search/run_6_worker_21/ils_config_5506878435581751571.prm
[INFO]:[19:52:41] CPLEX results. Gap: 45.120000, upper bound: -14.000000, lower bound: -20.316552
[INFO]:[19:52:41] CPLEX solver finished. Gap: 45.120000
[INFO]:[19:52:41] Initial configuration evaluated with objective value: 45.12
[INFO]:[19:52:41] Starting CPLEX solver on instance: /home/yorig/tuner/mpils-tests/instances/miplib/medium-2/sorrell3.mps with config: /scratch/yorig/mpils-results-grid-seconds-5-no-mip-start/medium-2/24proc/seed-3/6_sorrell3_seed-3_20260502_192500/iterated_local_search/run_6_worker_21/ils_config_2840758649024090580.prm
[INFO]:[19:52:41] Starting CPLEX solver on instance: /home/yorig/tuner/mpils-tests/instances/miplib/medium-2/sorrell3.mps with config: /scratch/yorig/mpils-results-grid-seconds-5-no-mip-start/medium-2/24proc/seed-3/6_sorrell3_seed-3_20260502_192500/iterated_local_search/run_6_worker_21/ils_config_2840758649024090580.prm
[INFO]:[19:52:46] CPLEX results. Gap: 59.810000, upper bound: -13.000000, lower bound: -20.775504
[INFO]:[19:52:46] CPLEX solver finished. Gap: 59.810000
[INFO]:[19:52:46] Starting CPLEX solver on instance: /home/yorig/tuner/mpils-tests/instances/miplib/medium-2/sorrell3.mps with config: /scratch/yorig/mpils-results-grid-seconds-5-no-mip-start/medium-2/24proc/seed-3/6_sorrell3_seed-3_20260502_192500/iterated_local_search/run_6_worker_21/ils_config_13851341958683561420.prm
[INFO]:[19:52:46] Starting CPLEX solver on instance: /home/yorig/tuner/mpils-tests/instances/miplib/medium-2/sorrell3.mps with config: /scratch/yorig/mpils-results-grid-seconds-5-no-mip-start/medium-2/24proc/seed-3/6_sorrell3_seed-3_20260502_192500/iterated_local_search/run_6_worker_21/ils_config_13851341958683561420.prm
[INFO]:[19:52:51] CPLEX results. Gap: 44.980000, upper bound: -14.000000, lower bound: -20.296686
[INFO]:[19:52:51] CPLEX solver finished. Gap: 44.980000
[INFO]:[19:52:51] New incumbent found with objective value: 44.98
[INFO]:[19:52:51] Starting CPLEX solver on instance: /home/yorig/tuner/mpils-tests/instances/miplib/medium-2/sorrell3.mps with config: /scratch/yorig/mpils-results-grid-seconds-5-no-mip-start/medium-2/24proc/seed-3/6_sorrell3_seed-3_20260502_192500/iterated_local_search/run_6_worker_21/ils_config_1846023579867581233.prm
[INFO]:[19:52:51] Starting CPLEX solver on instance: /home/yorig/tuner/mpils-tests/instances/miplib/medium-2/sorrell3.mps with config: /scratch/yorig/mpils-results-grid-seconds-5-no-mip-start/medium-2/24proc/seed-3/6_sorrell3_seed-3_20260502_192500/iterated_local_search/run_6_worker_21/ils_config_1846023579867581233.prm
[INFO]:[19:52:56] CPLEX results. Gap: 70.620000, upper bound: -12.000000, lower bound: -20.474697
[INFO]:[19:52:56] CPLEX solver finished. Gap: 70.620000
[INFO]:[19:52:56] Starting CPLEX solver on instance: /home/yorig/tuner/mpils-tests/instances/miplib/medium-2/sorrell3.mps with config: /scratch/yorig/mpils-results-grid-seconds-5-no-mip-start/medium-2/24proc/seed-3/6_sorrell3_seed-3_20260502_192500/iterated_local_search/run_6_worker_21/ils_config_2266932901030071885.prm
[INFO]:[19:52:56] Starting CPLEX solver on instance: /home/yorig/tuner/mpils-tests/instances/miplib/medium-2/sorrell3.mps with config: /scratch/yorig/mpils-results-grid-seconds-5-no-mip-start/medium-2/24proc/seed-3/6_sorrell3_seed-3_20260502_192500/iterated_local_search/run_6_worker_21/ils_config_2266932901030071885.prm
[INFO]:[19:53:02] CPLEX results. Gap: 44.310000, upper bound: -14.000000, lower bound: -20.203770
[INFO]:[19:53:02] CPLEX solver finished. Gap: 44.310000
[INFO]:[19:53:02] New incumbent found with objective value: 44.31
[INFO]:[19:53:02] Starting CPLEX solver on instance: /home/yorig/tuner/mpils-tests/instances/miplib/medium-2/sorrell3.mps with config: /scratch/yorig/mpils-results-grid-seconds-5-no-mip-start/medium-2/24proc/seed-3/6_sorrell3_seed-3_20260502_192500/iterated_local_search/run_6_worker_21/ils_config_8956674671962795394.prm
[INFO]:[19:53:02] Starting CPLEX solver on instance: /home/yorig/tuner/mpils-tests/instances/miplib/medium-2/sorrell3.mps with config: /scratch/yorig/mpils-results-grid-seconds-5-no-mip-start/medium-2/24proc/seed-3/6_sorrell3_seed-3_20260502_192500/iterated_local_search/run_6_worker_21/ils_config_8956674671962795394.prm
[INFO]:[19:53:07] CPLEX results. Gap: 44.310000, upper bound: -14.000000, lower bound: -20.203770
[INFO]:[19:53:07] CPLEX solver finished. Gap: 44.310000
[INFO]:[19:53:07] Starting CPLEX solver on instance: /home/yorig/tuner/mpils-tests/instances/miplib/medium-2/sorrell3.mps with config: /scratch/yorig/mpils-results-grid-seconds-5-no-mip-start/medium-2/24proc/seed-3/6_sorrell3_seed-3_20260502_192500/iterated_local_search/run_6_worker_21/ils_config_7362754003218370389.prm
[INFO]:[19:53:07] Starting CPLEX solver on instance: /home/yorig/tuner/mpils-tests/instances/miplib/medium-2/sorrell3.mps with config: /scratch/yorig/mpils-results-grid-seconds-5-no-mip-start/medium-2/24proc/seed-3/6_sorrell3_seed-3_20260502_192500/iterated_local_search/run_6_worker_21/ils_config_7362754003218370389.prm
[INFO]:[19:53:12] CPLEX results. Gap: 44.310000, upper bound: -14.000000, lower bound: -20.203770
[INFO]:[19:53:12] CPLEX solver finished. Gap: 44.310000
[INFO]:[19:53:12] Starting CPLEX solver on instance: /home/yorig/tuner/mpils-tests/instances/miplib/medium-2/sorrell3.mps with config: /scratch/yorig/mpils-results-grid-seconds-5-no-mip-start/medium-2/24proc/seed-3/6_sorrell3_seed-3_20260502_192500/iterated_local_search/run_6_worker_21/ils_config_12248674646464777097.prm
[INFO]:[19:53:12] Starting CPLEX solver on instance: /home/yorig/tuner/mpils-tests/instances/miplib/medium-2/sorrell3.mps with config: /scratch/yorig/mpils-results-grid-seconds-5-no-mip-start/medium-2/24proc/seed-3/6_sorrell3_seed-3_20260502_192500/iterated_local_search/run_6_worker_21/ils_config_12248674646464777097.prm
[INFO]:[19:53:17] CPLEX results. Gap: 44.310000, upper bound: -14.000000, lower bound: -20.203770
[INFO]:[19:53:17] CPLEX solver finished. Gap: 44.310000
[INFO]:[19:53:17] Starting CPLEX solver on instance: /home/yorig/tuner/mpils-tests/instances/miplib/medium-2/sorrell3.mps with config: /scratch/yorig/mpils-results-grid-seconds-5-no-mip-start/medium-2/24proc/seed-3/6_sorrell3_seed-3_20260502_192500/iterated_local_search/run_6_worker_21/ils_config_14440231152790122765.prm
[INFO]:[19:53:17] Starting CPLEX solver on instance: /home/yorig/tuner/mpils-tests/instances/miplib/medium-2/sorrell3.mps with config: /scratch/yorig/mpils-results-grid-seconds-5-no-mip-start/medium-2/24proc/seed-3/6_sorrell3_seed-3_20260502_192500/iterated_local_search/run_6_worker_21/ils_config_14440231152790122765.prm
[INFO]:[19:53:23] CPLEX results. Gap: 44.310000, upper bound: -14.000000, lower bound: -20.203770
[INFO]:[19:53:23] CPLEX solver finished. Gap: 44.310000
[INFO]:[19:53:23] Local search phase completed.
[INFO]:[19:53:23] Total number of new local-search evaluations: 9
[INFO]:[19:53:23] Final incumbent objective value: 44.31
[INFO]:[19:59:31] Worker 21 completed exploration phase.
[INFO]:[19:59:31] Worker 21 received order for step 3.
[INFO]:[19:59:31] Worker 21 finished.
