[INFO]:[03:16:47] Worker 6 starting.
[INFO]:[03:16:47] Worker 6 received order for step 1.
[INFO]:[03:16:47] Worker 6 running exploration phase for iteration 1.
[INFO]:[03:16:47] Worker 6 at iteration 1 will not use a MIP start file. Current best MIP-start upper bound threshold is 1.79769e+308.
[INFO]:[03:16:47] Starting local search phase...
[INFO]:[03:16:47] Creating local search space from parameter space file: /scratch/yorig/mpils-results-grid-seconds-5-watchdog/easy/16proc/seed-1/8_rocI-4-11_seed-1_20260504_031646/iterated_local_search/search_space/search_space_file_1_worker_6.txt
[INFO]:[03:16:47] Local search space loaded from file: /scratch/yorig/mpils-results-grid-seconds-5-watchdog/easy/16proc/seed-1/8_rocI-4-11_seed-1_20260504_031646/iterated_local_search/search_space/search_space_file_1_worker_6.txt
[INFO]:[03:16:47] Number of parameters in local search space: 71
[INFO]:[03:16:47] Number of forbidden tuples in local search space: 0
[INFO]:[03:16:47] Number of conditionals in local search space: 6
[INFO]:[03:16:47] MIP start option not enabled. Local search will proceed without MIP start.
[INFO]:[03:16:47] Evaluating initial configuration for local search phase...
[INFO]:[03:16:47] Starting CPLEX solver on instance: /home/yorig/tuner/mpils-tests/instances/miplib/easy/rocI-4-11.mps with config: /scratch/yorig/mpils-results-grid-seconds-5-watchdog/easy/16proc/seed-1/8_rocI-4-11_seed-1_20260504_031646/iterated_local_search/run_1_worker_6/ils_config_3886030221489175234.prm
[INFO]:[03:16:47] Starting CPLEX solver on instance: /home/yorig/tuner/mpils-tests/instances/miplib/easy/rocI-4-11.mps with config: /scratch/yorig/mpils-results-grid-seconds-5-watchdog/easy/16proc/seed-1/8_rocI-4-11_seed-1_20260504_031646/iterated_local_search/run_1_worker_6/ils_config_3886030221489175234.prm
[INFO]:[03:16:52] CPLEX results. Gap: 174.000000, upper bound: -4040303.000000, lower bound: -11070503.000000
[INFO]:[03:16:52] CPLEX solver finished. Gap: 174.000000
[INFO]:[03:16:52] Initial configuration evaluated with objective value: 174
[INFO]:[03:16:52] Starting CPLEX solver on instance: /home/yorig/tuner/mpils-tests/instances/miplib/easy/rocI-4-11.mps with config: /scratch/yorig/mpils-results-grid-seconds-5-watchdog/easy/16proc/seed-1/8_rocI-4-11_seed-1_20260504_031646/iterated_local_search/run_1_worker_6/ils_config_2823973172439724300.prm
[INFO]:[03:16:52] Starting CPLEX solver on instance: /home/yorig/tuner/mpils-tests/instances/miplib/easy/rocI-4-11.mps with config: /scratch/yorig/mpils-results-grid-seconds-5-watchdog/easy/16proc/seed-1/8_rocI-4-11_seed-1_20260504_031646/iterated_local_search/run_1_worker_6/ils_config_2823973172439724300.prm
[INFO]:[03:16:57] CPLEX results. Gap: 174.000000, upper bound: -4040403.000000, lower bound: -11070503.000000
[INFO]:[03:16:57] CPLEX solver finished. Gap: 174.000000
[INFO]:[03:16:57] Starting CPLEX solver on instance: /home/yorig/tuner/mpils-tests/instances/miplib/easy/rocI-4-11.mps with config: /scratch/yorig/mpils-results-grid-seconds-5-watchdog/easy/16proc/seed-1/8_rocI-4-11_seed-1_20260504_031646/iterated_local_search/run_1_worker_6/ils_config_11763017448820016897.prm
[INFO]:[03:16:57] Starting CPLEX solver on instance: /home/yorig/tuner/mpils-tests/instances/miplib/easy/rocI-4-11.mps with config: /scratch/yorig/mpils-results-grid-seconds-5-watchdog/easy/16proc/seed-1/8_rocI-4-11_seed-1_20260504_031646/iterated_local_search/run_1_worker_6/ils_config_11763017448820016897.prm
[INFO]:[03:17:02] CPLEX results. Gap: 174.000000, upper bound: -4040303.000000, lower bound: -11070503.000000
[INFO]:[03:17:02] CPLEX solver finished. Gap: 174.000000
[INFO]:[03:17:02] Starting CPLEX solver on instance: /home/yorig/tuner/mpils-tests/instances/miplib/easy/rocI-4-11.mps with config: /scratch/yorig/mpils-results-grid-seconds-5-watchdog/easy/16proc/seed-1/8_rocI-4-11_seed-1_20260504_031646/iterated_local_search/run_1_worker_6/ils_config_9324734250369630069.prm
[INFO]:[03:17:02] Starting CPLEX solver on instance: /home/yorig/tuner/mpils-tests/instances/miplib/easy/rocI-4-11.mps with config: /scratch/yorig/mpils-results-grid-seconds-5-watchdog/easy/16proc/seed-1/8_rocI-4-11_seed-1_20260504_031646/iterated_local_search/run_1_worker_6/ils_config_9324734250369630069.prm
[INFO]:[03:17:07] CPLEX results. Gap: 119.640000, upper bound: -5040202.971631, lower bound: -11070503.000000
[INFO]:[03:17:07] CPLEX solver finished. Gap: 119.640000
[INFO]:[03:17:07] New incumbent found with objective value: 119.64
[INFO]:[03:17:07] Starting CPLEX solver on instance: /home/yorig/tuner/mpils-tests/instances/miplib/easy/rocI-4-11.mps with config: /scratch/yorig/mpils-results-grid-seconds-5-watchdog/easy/16proc/seed-1/8_rocI-4-11_seed-1_20260504_031646/iterated_local_search/run_1_worker_6/ils_config_3003206400479790658.prm
[INFO]:[03:17:07] Starting CPLEX solver on instance: /home/yorig/tuner/mpils-tests/instances/miplib/easy/rocI-4-11.mps with config: /scratch/yorig/mpils-results-grid-seconds-5-watchdog/easy/16proc/seed-1/8_rocI-4-11_seed-1_20260504_031646/iterated_local_search/run_1_worker_6/ils_config_3003206400479790658.prm
[INFO]:[03:17:12] CPLEX results. Gap: 83.890000, upper bound: -6020203.000000, lower bound: -11070503.000000
[INFO]:[03:17:12] CPLEX solver finished. Gap: 83.890000
[INFO]:[03:17:12] New incumbent found with objective value: 83.89
[INFO]:[03:17:12] Starting CPLEX solver on instance: /home/yorig/tuner/mpils-tests/instances/miplib/easy/rocI-4-11.mps with config: /scratch/yorig/mpils-results-grid-seconds-5-watchdog/easy/16proc/seed-1/8_rocI-4-11_seed-1_20260504_031646/iterated_local_search/run_1_worker_6/ils_config_10492231886500931401.prm
[INFO]:[03:17:12] Starting CPLEX solver on instance: /home/yorig/tuner/mpils-tests/instances/miplib/easy/rocI-4-11.mps with config: /scratch/yorig/mpils-results-grid-seconds-5-watchdog/easy/16proc/seed-1/8_rocI-4-11_seed-1_20260504_031646/iterated_local_search/run_1_worker_6/ils_config_10492231886500931401.prm
[INFO]:[03:17:17] CPLEX results. Gap: 119.180000, upper bound: -5050303.000000, lower bound: -11069158.532474
[INFO]:[03:17:17] CPLEX solver finished. Gap: 119.180000
[INFO]:[03:17:17] Starting CPLEX solver on instance: /home/yorig/tuner/mpils-tests/instances/miplib/easy/rocI-4-11.mps with config: /scratch/yorig/mpils-results-grid-seconds-5-watchdog/easy/16proc/seed-1/8_rocI-4-11_seed-1_20260504_031646/iterated_local_search/run_1_worker_6/ils_config_865753512925256669.prm
[INFO]:[03:17:17] Starting CPLEX solver on instance: /home/yorig/tuner/mpils-tests/instances/miplib/easy/rocI-4-11.mps with config: /scratch/yorig/mpils-results-grid-seconds-5-watchdog/easy/16proc/seed-1/8_rocI-4-11_seed-1_20260504_031646/iterated_local_search/run_1_worker_6/ils_config_865753512925256669.prm
[INFO]:[03:17:22] CPLEX results. Gap: 119.640000, upper bound: -5040303.000000, lower bound: -11070503.000000
[INFO]:[03:17:22] CPLEX solver finished. Gap: 119.640000
[INFO]:[03:17:22] Starting CPLEX solver on instance: /home/yorig/tuner/mpils-tests/instances/miplib/easy/rocI-4-11.mps with config: /scratch/yorig/mpils-results-grid-seconds-5-watchdog/easy/16proc/seed-1/8_rocI-4-11_seed-1_20260504_031646/iterated_local_search/run_1_worker_6/ils_config_6728757331880135977.prm
[INFO]:[03:17:22] Starting CPLEX solver on instance: /home/yorig/tuner/mpils-tests/instances/miplib/easy/rocI-4-11.mps with config: /scratch/yorig/mpils-results-grid-seconds-5-watchdog/easy/16proc/seed-1/8_rocI-4-11_seed-1_20260504_031646/iterated_local_search/run_1_worker_6/ils_config_6728757331880135977.prm
[INFO]:[03:17:27] CPLEX results. Gap: 83.890000, upper bound: -6020203.000000, lower bound: -11070503.000000
[INFO]:[03:17:27] CPLEX solver finished. Gap: 83.890000
[INFO]:[03:17:27] Starting CPLEX solver on instance: /home/yorig/tuner/mpils-tests/instances/miplib/easy/rocI-4-11.mps with config: /scratch/yorig/mpils-results-grid-seconds-5-watchdog/easy/16proc/seed-1/8_rocI-4-11_seed-1_20260504_031646/iterated_local_search/run_1_worker_6/ils_config_2869110573944324088.prm
[INFO]:[03:17:27] Starting CPLEX solver on instance: /home/yorig/tuner/mpils-tests/instances/miplib/easy/rocI-4-11.mps with config: /scratch/yorig/mpils-results-grid-seconds-5-watchdog/easy/16proc/seed-1/8_rocI-4-11_seed-1_20260504_031646/iterated_local_search/run_1_worker_6/ils_config_2869110573944324088.prm
[INFO]:[03:17:32] CPLEX results. Gap: 83.890000, upper bound: -6020203.000000, lower bound: -11070503.000000
[INFO]:[03:17:32] CPLEX solver finished. Gap: 83.890000
[INFO]:[03:17:32] Starting CPLEX solver on instance: /home/yorig/tuner/mpils-tests/instances/miplib/easy/rocI-4-11.mps with config: /scratch/yorig/mpils-results-grid-seconds-5-watchdog/easy/16proc/seed-1/8_rocI-4-11_seed-1_20260504_031646/iterated_local_search/run_1_worker_6/ils_config_10417969234518154531.prm
[INFO]:[03:17:32] Starting CPLEX solver on instance: /home/yorig/tuner/mpils-tests/instances/miplib/easy/rocI-4-11.mps with config: /scratch/yorig/mpils-results-grid-seconds-5-watchdog/easy/16proc/seed-1/8_rocI-4-11_seed-1_20260504_031646/iterated_local_search/run_1_worker_6/ils_config_10417969234518154531.prm
[INFO]:[03:17:37] CPLEX results. Gap: 173.750000, upper bound: -4040303.000000, lower bound: -11060503.000000
[INFO]:[03:17:37] CPLEX solver finished. Gap: 173.750000
[INFO]:[03:17:37] Starting CPLEX solver on instance: /home/yorig/tuner/mpils-tests/instances/miplib/easy/rocI-4-11.mps with config: /scratch/yorig/mpils-results-grid-seconds-5-watchdog/easy/16proc/seed-1/8_rocI-4-11_seed-1_20260504_031646/iterated_local_search/run_1_worker_6/ils_config_6963752675128243137.prm
[INFO]:[03:17:37] Starting CPLEX solver on instance: /home/yorig/tuner/mpils-tests/instances/miplib/easy/rocI-4-11.mps with config: /scratch/yorig/mpils-results-grid-seconds-5-watchdog/easy/16proc/seed-1/8_rocI-4-11_seed-1_20260504_031646/iterated_local_search/run_1_worker_6/ils_config_6963752675128243137.prm
[INFO]:[03:17:42] CPLEX results. Gap: 83.890000, upper bound: -6020203.000000, lower bound: -11070503.000000
[INFO]:[03:17:42] CPLEX solver finished. Gap: 83.890000
[INFO]:[03:17:42] Starting CPLEX solver on instance: /home/yorig/tuner/mpils-tests/instances/miplib/easy/rocI-4-11.mps with config: /scratch/yorig/mpils-results-grid-seconds-5-watchdog/easy/16proc/seed-1/8_rocI-4-11_seed-1_20260504_031646/iterated_local_search/run_1_worker_6/ils_config_1728641262127017818.prm
[INFO]:[03:17:42] Starting CPLEX solver on instance: /home/yorig/tuner/mpils-tests/instances/miplib/easy/rocI-4-11.mps with config: /scratch/yorig/mpils-results-grid-seconds-5-watchdog/easy/16proc/seed-1/8_rocI-4-11_seed-1_20260504_031646/iterated_local_search/run_1_worker_6/ils_config_1728641262127017818.prm
[INFO]:[03:17:47] CPLEX results. Gap: 119.640000, upper bound: -5040303.000000, lower bound: -11070503.000000
[INFO]:[03:17:47] CPLEX solver finished. Gap: 119.640000
[INFO]:[03:17:47] Starting CPLEX solver on instance: /home/yorig/tuner/mpils-tests/instances/miplib/easy/rocI-4-11.mps with config: /scratch/yorig/mpils-results-grid-seconds-5-watchdog/easy/16proc/seed-1/8_rocI-4-11_seed-1_20260504_031646/iterated_local_search/run_1_worker_6/ils_config_15042640504476922308.prm
[INFO]:[03:17:47] Starting CPLEX solver on instance: /home/yorig/tuner/mpils-tests/instances/miplib/easy/rocI-4-11.mps with config: /scratch/yorig/mpils-results-grid-seconds-5-watchdog/easy/16proc/seed-1/8_rocI-4-11_seed-1_20260504_031646/iterated_local_search/run_1_worker_6/ils_config_15042640504476922308.prm
[INFO]:[03:17:52] CPLEX results. Gap: 124.500000, upper bound: -4040303.000000, lower bound: -9070403.000000
[INFO]:[03:17:52] CPLEX solver finished. Gap: 124.500000
[INFO]:[03:17:52] Starting CPLEX solver on instance: /home/yorig/tuner/mpils-tests/instances/miplib/easy/rocI-4-11.mps with config: /scratch/yorig/mpils-results-grid-seconds-5-watchdog/easy/16proc/seed-1/8_rocI-4-11_seed-1_20260504_031646/iterated_local_search/run_1_worker_6/ils_config_4098851184855062906.prm
[INFO]:[03:17:52] Starting CPLEX solver on instance: /home/yorig/tuner/mpils-tests/instances/miplib/easy/rocI-4-11.mps with config: /scratch/yorig/mpils-results-grid-seconds-5-watchdog/easy/16proc/seed-1/8_rocI-4-11_seed-1_20260504_031646/iterated_local_search/run_1_worker_6/ils_config_4098851184855062906.prm
[INFO]:[03:17:57] CPLEX results. Gap: 120.520000, upper bound: -5020203.000000, lower bound: -11070503.000000
[INFO]:[03:17:57] CPLEX solver finished. Gap: 120.520000
[INFO]:[03:17:57] Starting CPLEX solver on instance: /home/yorig/tuner/mpils-tests/instances/miplib/easy/rocI-4-11.mps with config: /scratch/yorig/mpils-results-grid-seconds-5-watchdog/easy/16proc/seed-1/8_rocI-4-11_seed-1_20260504_031646/iterated_local_search/run_1_worker_6/ils_config_1024551677472249420.prm
[INFO]:[03:17:57] Starting CPLEX solver on instance: /home/yorig/tuner/mpils-tests/instances/miplib/easy/rocI-4-11.mps with config: /scratch/yorig/mpils-results-grid-seconds-5-watchdog/easy/16proc/seed-1/8_rocI-4-11_seed-1_20260504_031646/iterated_local_search/run_1_worker_6/ils_config_1024551677472249420.prm
[INFO]:[03:18:02] CPLEX results. Gap: 119.200000, upper bound: -5050303.000000, lower bound: -11070403.000000
[INFO]:[03:18:02] CPLEX solver finished. Gap: 119.200000
[INFO]:[03:18:02] Starting CPLEX solver on instance: /home/yorig/tuner/mpils-tests/instances/miplib/easy/rocI-4-11.mps with config: /scratch/yorig/mpils-results-grid-seconds-5-watchdog/easy/16proc/seed-1/8_rocI-4-11_seed-1_20260504_031646/iterated_local_search/run_1_worker_6/ils_config_15806780551235028959.prm
[INFO]:[03:18:02] Starting CPLEX solver on instance: /home/yorig/tuner/mpils-tests/instances/miplib/easy/rocI-4-11.mps with config: /scratch/yorig/mpils-results-grid-seconds-5-watchdog/easy/16proc/seed-1/8_rocI-4-11_seed-1_20260504_031646/iterated_local_search/run_1_worker_6/ils_config_15806780551235028959.prm
[INFO]:[03:18:07] CPLEX results. Gap: 124.500000, upper bound: -4040303.000000, lower bound: -9070403.000000
[INFO]:[03:18:07] CPLEX solver finished. Gap: 124.500000
[INFO]:[03:18:07] Starting CPLEX solver on instance: /home/yorig/tuner/mpils-tests/instances/miplib/easy/rocI-4-11.mps with config: /scratch/yorig/mpils-results-grid-seconds-5-watchdog/easy/16proc/seed-1/8_rocI-4-11_seed-1_20260504_031646/iterated_local_search/run_1_worker_6/ils_config_10599435525441883542.prm
[INFO]:[03:18:07] Starting CPLEX solver on instance: /home/yorig/tuner/mpils-tests/instances/miplib/easy/rocI-4-11.mps with config: /scratch/yorig/mpils-results-grid-seconds-5-watchdog/easy/16proc/seed-1/8_rocI-4-11_seed-1_20260504_031646/iterated_local_search/run_1_worker_6/ils_config_10599435525441883542.prm
[INFO]:[03:18:12] CPLEX results. Gap: 119.200000, upper bound: -5050303.000000, lower bound: -11070503.000000
[INFO]:[03:18:12] CPLEX solver finished. Gap: 119.200000
[INFO]:[03:18:12] Starting CPLEX solver on instance: /home/yorig/tuner/mpils-tests/instances/miplib/easy/rocI-4-11.mps with config: /scratch/yorig/mpils-results-grid-seconds-5-watchdog/easy/16proc/seed-1/8_rocI-4-11_seed-1_20260504_031646/iterated_local_search/run_1_worker_6/ils_config_17706344056364805882.prm
[INFO]:[03:18:12] Starting CPLEX solver on instance: /home/yorig/tuner/mpils-tests/instances/miplib/easy/rocI-4-11.mps with config: /scratch/yorig/mpils-results-grid-seconds-5-watchdog/easy/16proc/seed-1/8_rocI-4-11_seed-1_20260504_031646/iterated_local_search/run_1_worker_6/ils_config_17706344056364805882.prm
[INFO]:[03:18:17] CPLEX results. Gap: 83.890000, upper bound: -6020203.000000, lower bound: -11070503.000000
[INFO]:[03:18:17] CPLEX solver finished. Gap: 83.890000
[INFO]:[03:18:17] Starting CPLEX solver on instance: /home/yorig/tuner/mpils-tests/instances/miplib/easy/rocI-4-11.mps with config: /scratch/yorig/mpils-results-grid-seconds-5-watchdog/easy/16proc/seed-1/8_rocI-4-11_seed-1_20260504_031646/iterated_local_search/run_1_worker_6/ils_config_4906767178769501121.prm
[INFO]:[03:18:17] Starting CPLEX solver on instance: /home/yorig/tuner/mpils-tests/instances/miplib/easy/rocI-4-11.mps with config: /scratch/yorig/mpils-results-grid-seconds-5-watchdog/easy/16proc/seed-1/8_rocI-4-11_seed-1_20260504_031646/iterated_local_search/run_1_worker_6/ils_config_4906767178769501121.prm
[INFO]:[03:18:22] CPLEX results. Gap: 119.200000, upper bound: -5050303.000000, lower bound: -11070503.000000
[INFO]:[03:18:22] CPLEX solver finished. Gap: 119.200000
[INFO]:[03:18:22] Starting CPLEX solver on instance: /home/yorig/tuner/mpils-tests/instances/miplib/easy/rocI-4-11.mps with config: /scratch/yorig/mpils-results-grid-seconds-5-watchdog/easy/16proc/seed-1/8_rocI-4-11_seed-1_20260504_031646/iterated_local_search/run_1_worker_6/ils_config_11445670609045747858.prm
[INFO]:[03:18:22] Starting CPLEX solver on instance: /home/yorig/tuner/mpils-tests/instances/miplib/easy/rocI-4-11.mps with config: /scratch/yorig/mpils-results-grid-seconds-5-watchdog/easy/16proc/seed-1/8_rocI-4-11_seed-1_20260504_031646/iterated_local_search/run_1_worker_6/ils_config_11445670609045747858.prm
[INFO]:[03:18:27] CPLEX results. Gap: 119.640000, upper bound: -5040303.000000, lower bound: -11070503.000000
[INFO]:[03:18:27] CPLEX solver finished. Gap: 119.640000
[INFO]:[03:18:27] Local search phase completed.
[INFO]:[03:18:27] Total number of new local-search evaluations: 20
[INFO]:[03:18:27] Final incumbent objective value: 83.89
[INFO]:[03:18:28] Worker 6 completed exploration phase.
[INFO]:[03:18:28] Worker 6 received order for step 2.
[INFO]:[03:18:28] Worker 6 running expansion phase for iteration 1.
[INFO]:[03:18:28] Worker 6 will use solver log file: /scratch/yorig/mpils-results-grid-seconds-5-watchdog/easy/16proc/seed-1/8_rocI-4-11_seed-1_20260504_031646/solver/cplex.log_iteration_expansion_1_worker_6
[INFO]:[03:18:28] Expansion Worker 6 starting expansion for iteration 1.
[INFO]:[03:18:28] Starting CPLEX solver on instance: /home/yorig/tuner/mpils-tests/instances/miplib/easy/rocI-4-11.mps with config: /scratch/yorig/mpils-results-grid-seconds-5-watchdog/easy/16proc/seed-1/8_rocI-4-11_seed-1_20260504_031646/expansion/config_param_CPXPARAM_MIP_Limits_ProbeTime_20_iter_1.prm
[INFO]:[03:18:33] CPLEX results. Gap: 119.440000, upper bound: -5040303.000000, lower bound: -11060285.410772
[INFO]:[03:18:33] CPLEX solver finished. Gap: 119.440000
[INFO]:[03:18:33] Starting CPLEX solver on instance: /home/yorig/tuner/mpils-tests/instances/miplib/easy/rocI-4-11.mps with config: /scratch/yorig/mpils-results-grid-seconds-5-watchdog/easy/16proc/seed-1/8_rocI-4-11_seed-1_20260504_031646/expansion/config_param_CPXPARAM_MIP_Limits_ProbeTime_30_iter_1.prm
[INFO]:[03:18:38] CPLEX results. Gap: 119.440000, upper bound: -5040303.000000, lower bound: -11060285.410772
[INFO]:[03:18:38] CPLEX solver finished. Gap: 119.440000
[INFO]:[03:18:38] Expansion Worker 6 stopping early after global MPI expansion stop was activated.
[INFO]:[03:18:38] Expansion Worker 6 completed expansion.
[INFO]:[03:18:38] Worker 6 completed expansion phase.
[INFO]:[03:18:38] Worker 6 received order for step 1.
[INFO]:[03:18:38] Worker 6 running exploration phase for iteration 2.
[INFO]:[03:18:38] Worker 6 at iteration 2 will not use a MIP start file. Current best MIP-start upper bound threshold is 1.79769e+308.
[INFO]:[03:18:38] Starting local search phase...
[INFO]:[03:18:38] Creating local search space from parameter space file: /scratch/yorig/mpils-results-grid-seconds-5-watchdog/easy/16proc/seed-1/8_rocI-4-11_seed-1_20260504_031646/iterated_local_search/search_space/search_space_file_2_worker_6.txt
[INFO]:[03:18:38] Local search space loaded from file: /scratch/yorig/mpils-results-grid-seconds-5-watchdog/easy/16proc/seed-1/8_rocI-4-11_seed-1_20260504_031646/iterated_local_search/search_space/search_space_file_2_worker_6.txt
[INFO]:[03:18:38] Number of parameters in local search space: 71
[INFO]:[03:18:38] Number of forbidden tuples in local search space: 27
[INFO]:[03:18:38] Number of conditionals in local search space: 6
[INFO]:[03:18:38] MIP start option not enabled. Local search will proceed without MIP start.
[INFO]:[03:18:38] Evaluating initial configuration for local search phase...
[INFO]:[03:18:38] Starting CPLEX solver on instance: /home/yorig/tuner/mpils-tests/instances/miplib/easy/rocI-4-11.mps with config: /scratch/yorig/mpils-results-grid-seconds-5-watchdog/easy/16proc/seed-1/8_rocI-4-11_seed-1_20260504_031646/iterated_local_search/run_2_worker_6/ils_config_13790734699225527534.prm
[INFO]:[03:18:38] Starting CPLEX solver on instance: /home/yorig/tuner/mpils-tests/instances/miplib/easy/rocI-4-11.mps with config: /scratch/yorig/mpils-results-grid-seconds-5-watchdog/easy/16proc/seed-1/8_rocI-4-11_seed-1_20260504_031646/iterated_local_search/run_2_worker_6/ils_config_13790734699225527534.prm
[INFO]:[03:18:43] CPLEX results. Gap: 118.800000, upper bound: -5050303.000000, lower bound: -11050303.000000
[INFO]:[03:18:43] CPLEX solver finished. Gap: 118.800000
[INFO]:[03:18:43] Initial configuration evaluated with objective value: 118.8
[INFO]:[03:18:43] Starting CPLEX solver on instance: /home/yorig/tuner/mpils-tests/instances/miplib/easy/rocI-4-11.mps with config: /scratch/yorig/mpils-results-grid-seconds-5-watchdog/easy/16proc/seed-1/8_rocI-4-11_seed-1_20260504_031646/iterated_local_search/run_2_worker_6/ils_config_239318943726487914.prm
[INFO]:[03:18:43] Starting CPLEX solver on instance: /home/yorig/tuner/mpils-tests/instances/miplib/easy/rocI-4-11.mps with config: /scratch/yorig/mpils-results-grid-seconds-5-watchdog/easy/16proc/seed-1/8_rocI-4-11_seed-1_20260504_031646/iterated_local_search/run_2_worker_6/ils_config_239318943726487914.prm
[INFO]:[03:18:48] CPLEX results. Gap: 118.980000, upper bound: -5050303.000000, lower bound: -11059012.339011
[INFO]:[03:18:48] CPLEX solver finished. Gap: 118.980000
[INFO]:[03:18:48] Starting CPLEX solver on instance: /home/yorig/tuner/mpils-tests/instances/miplib/easy/rocI-4-11.mps with config: /scratch/yorig/mpils-results-grid-seconds-5-watchdog/easy/16proc/seed-1/8_rocI-4-11_seed-1_20260504_031646/iterated_local_search/run_2_worker_6/ils_config_1747336037354631281.prm
[INFO]:[03:18:48] Starting CPLEX solver on instance: /home/yorig/tuner/mpils-tests/instances/miplib/easy/rocI-4-11.mps with config: /scratch/yorig/mpils-results-grid-seconds-5-watchdog/easy/16proc/seed-1/8_rocI-4-11_seed-1_20260504_031646/iterated_local_search/run_2_worker_6/ils_config_1747336037354631281.prm
[INFO]:[03:18:53] CPLEX results. Gap: 99.200000, upper bound: -5050303.000000, lower bound: -10060303.000000
[INFO]:[03:18:53] CPLEX solver finished. Gap: 99.200000
[INFO]:[03:18:53] New incumbent found with objective value: 99.2
[INFO]:[03:18:53] Starting CPLEX solver on instance: /home/yorig/tuner/mpils-tests/instances/miplib/easy/rocI-4-11.mps with config: /scratch/yorig/mpils-results-grid-seconds-5-watchdog/easy/16proc/seed-1/8_rocI-4-11_seed-1_20260504_031646/iterated_local_search/run_2_worker_6/ils_config_13931398340769630102.prm
[INFO]:[03:18:53] Starting CPLEX solver on instance: /home/yorig/tuner/mpils-tests/instances/miplib/easy/rocI-4-11.mps with config: /scratch/yorig/mpils-results-grid-seconds-5-watchdog/easy/16proc/seed-1/8_rocI-4-11_seed-1_20260504_031646/iterated_local_search/run_2_worker_6/ils_config_13931398340769630102.prm
[INFO]:[03:18:58] CPLEX results. Gap: 118.970000, upper bound: -5050303.000000, lower bound: -11058884.450833
[INFO]:[03:18:58] CPLEX solver finished. Gap: 118.970000
[INFO]:[03:18:58] Starting CPLEX solver on instance: /home/yorig/tuner/mpils-tests/instances/miplib/easy/rocI-4-11.mps with config: /scratch/yorig/mpils-results-grid-seconds-5-watchdog/easy/16proc/seed-1/8_rocI-4-11_seed-1_20260504_031646/iterated_local_search/run_2_worker_6/ils_config_17349082887787347524.prm
[INFO]:[03:18:58] Starting CPLEX solver on instance: /home/yorig/tuner/mpils-tests/instances/miplib/easy/rocI-4-11.mps with config: /scratch/yorig/mpils-results-grid-seconds-5-watchdog/easy/16proc/seed-1/8_rocI-4-11_seed-1_20260504_031646/iterated_local_search/run_2_worker_6/ils_config_17349082887787347524.prm
[INFO]:[03:19:03] CPLEX results. Gap: 99.200000, upper bound: -5050303.000000, lower bound: -10060303.000000
[INFO]:[03:19:03] CPLEX solver finished. Gap: 99.200000
[INFO]:[03:19:03] Starting CPLEX solver on instance: /home/yorig/tuner/mpils-tests/instances/miplib/easy/rocI-4-11.mps with config: /scratch/yorig/mpils-results-grid-seconds-5-watchdog/easy/16proc/seed-1/8_rocI-4-11_seed-1_20260504_031646/iterated_local_search/run_2_worker_6/ils_config_2502290676972962286.prm
[INFO]:[03:19:03] Starting CPLEX solver on instance: /home/yorig/tuner/mpils-tests/instances/miplib/easy/rocI-4-11.mps with config: /scratch/yorig/mpils-results-grid-seconds-5-watchdog/easy/16proc/seed-1/8_rocI-4-11_seed-1_20260504_031646/iterated_local_search/run_2_worker_6/ils_config_2502290676972962286.prm
[INFO]:[03:19:08] CPLEX results. Gap: 118.800000, upper bound: -5050303.000000, lower bound: -11050303.000000
[INFO]:[03:19:08] CPLEX solver finished. Gap: 118.800000
[INFO]:[03:19:08] Starting CPLEX solver on instance: /home/yorig/tuner/mpils-tests/instances/miplib/easy/rocI-4-11.mps with config: /scratch/yorig/mpils-results-grid-seconds-5-watchdog/easy/16proc/seed-1/8_rocI-4-11_seed-1_20260504_031646/iterated_local_search/run_2_worker_6/ils_config_944815638414197482.prm
[INFO]:[03:19:08] Starting CPLEX solver on instance: /home/yorig/tuner/mpils-tests/instances/miplib/easy/rocI-4-11.mps with config: /scratch/yorig/mpils-results-grid-seconds-5-watchdog/easy/16proc/seed-1/8_rocI-4-11_seed-1_20260504_031646/iterated_local_search/run_2_worker_6/ils_config_944815638414197482.prm
[INFO]:[03:19:13] CPLEX results. Gap: 118.610000, upper bound: -5050303.000000, lower bound: -11040303.000000
[INFO]:[03:19:13] CPLEX solver finished. Gap: 118.610000
[INFO]:[03:19:13] Starting CPLEX solver on instance: /home/yorig/tuner/mpils-tests/instances/miplib/easy/rocI-4-11.mps with config: /scratch/yorig/mpils-results-grid-seconds-5-watchdog/easy/16proc/seed-1/8_rocI-4-11_seed-1_20260504_031646/iterated_local_search/run_2_worker_6/ils_config_593674115424780860.prm
[INFO]:[03:19:13] Starting CPLEX solver on instance: /home/yorig/tuner/mpils-tests/instances/miplib/easy/rocI-4-11.mps with config: /scratch/yorig/mpils-results-grid-seconds-5-watchdog/easy/16proc/seed-1/8_rocI-4-11_seed-1_20260504_031646/iterated_local_search/run_2_worker_6/ils_config_593674115424780860.prm
[INFO]:[03:19:18] CPLEX results. Gap: 119.000000, upper bound: -5050303.000000, lower bound: -11060164.724054
[INFO]:[03:19:18] CPLEX solver finished. Gap: 119.000000
[INFO]:[03:19:18] Starting CPLEX solver on instance: /home/yorig/tuner/mpils-tests/instances/miplib/easy/rocI-4-11.mps with config: /scratch/yorig/mpils-results-grid-seconds-5-watchdog/easy/16proc/seed-1/8_rocI-4-11_seed-1_20260504_031646/iterated_local_search/run_2_worker_6/ils_config_13641509451211675012.prm
[INFO]:[03:19:18] Starting CPLEX solver on instance: /home/yorig/tuner/mpils-tests/instances/miplib/easy/rocI-4-11.mps with config: /scratch/yorig/mpils-results-grid-seconds-5-watchdog/easy/16proc/seed-1/8_rocI-4-11_seed-1_20260504_031646/iterated_local_search/run_2_worker_6/ils_config_13641509451211675012.prm
[INFO]:[03:19:23] CPLEX results. Gap: 99.200000, upper bound: -5050303.000000, lower bound: -10060303.000000
[INFO]:[03:19:23] CPLEX solver finished. Gap: 99.200000
[INFO]:[03:19:23] Starting CPLEX solver on instance: /home/yorig/tuner/mpils-tests/instances/miplib/easy/rocI-4-11.mps with config: /scratch/yorig/mpils-results-grid-seconds-5-watchdog/easy/16proc/seed-1/8_rocI-4-11_seed-1_20260504_031646/iterated_local_search/run_2_worker_6/ils_config_17144327779348721046.prm
[INFO]:[03:19:23] Starting CPLEX solver on instance: /home/yorig/tuner/mpils-tests/instances/miplib/easy/rocI-4-11.mps with config: /scratch/yorig/mpils-results-grid-seconds-5-watchdog/easy/16proc/seed-1/8_rocI-4-11_seed-1_20260504_031646/iterated_local_search/run_2_worker_6/ils_config_17144327779348721046.prm
[INFO]:[03:19:28] CPLEX results. Gap: 99.200000, upper bound: -5050303.000000, lower bound: -10060203.000000
[INFO]:[03:19:28] CPLEX solver finished. Gap: 99.200000
[INFO]:[03:19:28] Starting CPLEX solver on instance: /home/yorig/tuner/mpils-tests/instances/miplib/easy/rocI-4-11.mps with config: /scratch/yorig/mpils-results-grid-seconds-5-watchdog/easy/16proc/seed-1/8_rocI-4-11_seed-1_20260504_031646/iterated_local_search/run_2_worker_6/ils_config_17623362484519586033.prm
[INFO]:[03:19:28] Starting CPLEX solver on instance: /home/yorig/tuner/mpils-tests/instances/miplib/easy/rocI-4-11.mps with config: /scratch/yorig/mpils-results-grid-seconds-5-watchdog/easy/16proc/seed-1/8_rocI-4-11_seed-1_20260504_031646/iterated_local_search/run_2_worker_6/ils_config_17623362484519586033.prm
[INFO]:[03:19:33] CPLEX results. Gap: 119.000000, upper bound: -5050303.000000, lower bound: -11060303.000000
[INFO]:[03:19:33] CPLEX solver finished. Gap: 119.000000
[INFO]:[03:19:33] Starting CPLEX solver on instance: /home/yorig/tuner/mpils-tests/instances/miplib/easy/rocI-4-11.mps with config: /scratch/yorig/mpils-results-grid-seconds-5-watchdog/easy/16proc/seed-1/8_rocI-4-11_seed-1_20260504_031646/iterated_local_search/run_2_worker_6/ils_config_3758380693642611423.prm
[INFO]:[03:19:33] Starting CPLEX solver on instance: /home/yorig/tuner/mpils-tests/instances/miplib/easy/rocI-4-11.mps with config: /scratch/yorig/mpils-results-grid-seconds-5-watchdog/easy/16proc/seed-1/8_rocI-4-11_seed-1_20260504_031646/iterated_local_search/run_2_worker_6/ils_config_3758380693642611423.prm
[INFO]:[03:19:38] CPLEX results. Gap: 99.200000, upper bound: -5050303.000000, lower bound: -10060303.000000
[INFO]:[03:19:38] CPLEX solver finished. Gap: 99.200000
[INFO]:[03:19:38] Starting CPLEX solver on instance: /home/yorig/tuner/mpils-tests/instances/miplib/easy/rocI-4-11.mps with config: /scratch/yorig/mpils-results-grid-seconds-5-watchdog/easy/16proc/seed-1/8_rocI-4-11_seed-1_20260504_031646/iterated_local_search/run_2_worker_6/ils_config_10086686423304885487.prm
[INFO]:[03:19:38] Starting CPLEX solver on instance: /home/yorig/tuner/mpils-tests/instances/miplib/easy/rocI-4-11.mps with config: /scratch/yorig/mpils-results-grid-seconds-5-watchdog/easy/16proc/seed-1/8_rocI-4-11_seed-1_20260504_031646/iterated_local_search/run_2_worker_6/ils_config_10086686423304885487.prm
[INFO]:[03:19:43] CPLEX results. Gap: 119.000000, upper bound: -5050303.000000, lower bound: -11060137.343185
[INFO]:[03:19:43] CPLEX solver finished. Gap: 119.000000
[INFO]:[03:19:43] Starting CPLEX solver on instance: /home/yorig/tuner/mpils-tests/instances/miplib/easy/rocI-4-11.mps with config: /scratch/yorig/mpils-results-grid-seconds-5-watchdog/easy/16proc/seed-1/8_rocI-4-11_seed-1_20260504_031646/iterated_local_search/run_2_worker_6/ils_config_7900148567855997912.prm
[INFO]:[03:19:43] Starting CPLEX solver on instance: /home/yorig/tuner/mpils-tests/instances/miplib/easy/rocI-4-11.mps with config: /scratch/yorig/mpils-results-grid-seconds-5-watchdog/easy/16proc/seed-1/8_rocI-4-11_seed-1_20260504_031646/iterated_local_search/run_2_worker_6/ils_config_7900148567855997912.prm
[INFO]:[03:19:48] CPLEX results. Gap: 113.400000, upper bound: -5050303.000000, lower bound: -10777252.913585
[INFO]:[03:19:48] CPLEX solver finished. Gap: 113.400000
[INFO]:[03:19:48] Starting CPLEX solver on instance: /home/yorig/tuner/mpils-tests/instances/miplib/easy/rocI-4-11.mps with config: /scratch/yorig/mpils-results-grid-seconds-5-watchdog/easy/16proc/seed-1/8_rocI-4-11_seed-1_20260504_031646/iterated_local_search/run_2_worker_6/ils_config_9649060111024035261.prm
[INFO]:[03:19:48] Starting CPLEX solver on instance: /home/yorig/tuner/mpils-tests/instances/miplib/easy/rocI-4-11.mps with config: /scratch/yorig/mpils-results-grid-seconds-5-watchdog/easy/16proc/seed-1/8_rocI-4-11_seed-1_20260504_031646/iterated_local_search/run_2_worker_6/ils_config_9649060111024035261.prm
[INFO]:[03:19:53] CPLEX results. Gap: 99.200000, upper bound: -5050303.000000, lower bound: -10060303.000000
[INFO]:[03:19:53] CPLEX solver finished. Gap: 99.200000
[INFO]:[03:19:53] Local search phase completed.
[INFO]:[03:19:53] Total number of new local-search evaluations: 15
[INFO]:[03:19:53] Final incumbent objective value: 99.2
[INFO]:[03:19:54] Worker 6 completed exploration phase.
[INFO]:[03:19:54] Worker 6 received order for step 2.
[INFO]:[03:19:54] Worker 6 running expansion phase for iteration 2.
[INFO]:[03:19:54] Worker 6 will use solver log file: /scratch/yorig/mpils-results-grid-seconds-5-watchdog/easy/16proc/seed-1/8_rocI-4-11_seed-1_20260504_031646/solver/cplex.log_iteration_expansion_2_worker_6
[INFO]:[03:19:54] Expansion Worker 6 starting expansion for iteration 2.
[INFO]:[03:19:54] Starting CPLEX solver on instance: /home/yorig/tuner/mpils-tests/instances/miplib/easy/rocI-4-11.mps with config: /scratch/yorig/mpils-results-grid-seconds-5-watchdog/easy/16proc/seed-1/8_rocI-4-11_seed-1_20260504_031646/expansion/config_param_CPXPARAM_MIP_Strategy_HeuristicFreq_40_iter_2.prm
[INFO]:[03:19:59] CPLEX results. Gap: 17.110000, upper bound: -6020203.000000, lower bound: -7050203.000000
[INFO]:[03:19:59] CPLEX solver finished. Gap: 17.110000
[INFO]:[03:19:59] Expansion Worker 6 found an improving configuration with objective value 17.11.
[INFO]:[03:19:59] Expansion Worker 6 stopping early after global MPI expansion stop was activated.
[INFO]:[03:19:59] Expansion Worker 6 completed expansion.
[INFO]:[03:19:59] Worker 6 completed expansion phase.
[INFO]:[03:19:59] Worker 6 received order for step 3.
[INFO]:[03:19:59] Worker 6 finished.
