[INFO]:[02:59:38] Worker 9 starting.
[INFO]:[02:59:38] Worker 9 received order for step 1.
[INFO]:[02:59:38] Worker 9 running exploration phase for iteration 1.
[INFO]:[02:59:38] Worker 9 at iteration 1 will not use a MIP start file. Current best MIP-start upper bound threshold is 1.79769e+308.
[INFO]:[02:59:38] Starting local search phase...
[INFO]:[02:59:38] Creating local search space from parameter space file: /scratch/yorig/mpils-results-grid-seconds-5-watchdog-mip-start/easy/16proc/seed-4/9_supportcase18_seed-4_20260504_025937/iterated_local_search/search_space/search_space_file_1_worker_9.txt
[INFO]:[02:59:38] Local search space loaded from file: /scratch/yorig/mpils-results-grid-seconds-5-watchdog-mip-start/easy/16proc/seed-4/9_supportcase18_seed-4_20260504_025937/iterated_local_search/search_space/search_space_file_1_worker_9.txt
[INFO]:[02:59:38] Number of parameters in local search space: 71
[INFO]:[02:59:38] Number of forbidden tuples in local search space: 0
[INFO]:[02:59:38] Number of conditionals in local search space: 6
[INFO]:[02:59:38] MIP start option not enabled. Local search will proceed without MIP start.
[INFO]:[02:59:38] Evaluating initial configuration for local search phase...
[INFO]:[02:59:38] Starting CPLEX solver on instance: /home/yorig/tuner/mpils-tests/instances/miplib/easy/supportcase18.mps with config: /scratch/yorig/mpils-results-grid-seconds-5-watchdog-mip-start/easy/16proc/seed-4/9_supportcase18_seed-4_20260504_025937/iterated_local_search/run_1_worker_9/ils_config_6983409877308215380.prm
[INFO]:[02:59:38] Starting CPLEX solver on instance: /home/yorig/tuner/mpils-tests/instances/miplib/easy/supportcase18.mps with config: /scratch/yorig/mpils-results-grid-seconds-5-watchdog-mip-start/easy/16proc/seed-4/9_supportcase18_seed-4_20260504_025937/iterated_local_search/run_1_worker_9/ils_config_6983409877308215380.prm
[INFO]:[02:59:43] CPLEX results. Gap: 3.700000, upper bound: 49.000000, lower bound: 47.186667
[INFO]:[02:59:43] CPLEX solver finished. Gap: 3.700000
[INFO]:[02:59:43] Initial configuration evaluated with objective value: 3.7
[INFO]:[02:59:43] Starting CPLEX solver on instance: /home/yorig/tuner/mpils-tests/instances/miplib/easy/supportcase18.mps with config: /scratch/yorig/mpils-results-grid-seconds-5-watchdog-mip-start/easy/16proc/seed-4/9_supportcase18_seed-4_20260504_025937/iterated_local_search/run_1_worker_9/ils_config_1640541002606058455.prm
[INFO]:[02:59:43] Starting CPLEX solver on instance: /home/yorig/tuner/mpils-tests/instances/miplib/easy/supportcase18.mps with config: /scratch/yorig/mpils-results-grid-seconds-5-watchdog-mip-start/easy/16proc/seed-4/9_supportcase18_seed-4_20260504_025937/iterated_local_search/run_1_worker_9/ils_config_1640541002606058455.prm
[INFO]:[02:59:48] CPLEX results. Gap: 3.700000, upper bound: 49.000000, lower bound: 47.186667
[INFO]:[02:59:48] CPLEX solver finished. Gap: 3.700000
[INFO]:[02:59:48] Starting CPLEX solver on instance: /home/yorig/tuner/mpils-tests/instances/miplib/easy/supportcase18.mps with config: /scratch/yorig/mpils-results-grid-seconds-5-watchdog-mip-start/easy/16proc/seed-4/9_supportcase18_seed-4_20260504_025937/iterated_local_search/run_1_worker_9/ils_config_14716727224163786043.prm
[INFO]:[02:59:48] Starting CPLEX solver on instance: /home/yorig/tuner/mpils-tests/instances/miplib/easy/supportcase18.mps with config: /scratch/yorig/mpils-results-grid-seconds-5-watchdog-mip-start/easy/16proc/seed-4/9_supportcase18_seed-4_20260504_025937/iterated_local_search/run_1_worker_9/ils_config_14716727224163786043.prm
[INFO]:[02:59:53] CPLEX results. Gap: 5.630000, upper bound: 50.000000, lower bound: 47.186667
[INFO]:[02:59:53] CPLEX solver finished. Gap: 5.630000
[INFO]:[02:59:53] Starting CPLEX solver on instance: /home/yorig/tuner/mpils-tests/instances/miplib/easy/supportcase18.mps with config: /scratch/yorig/mpils-results-grid-seconds-5-watchdog-mip-start/easy/16proc/seed-4/9_supportcase18_seed-4_20260504_025937/iterated_local_search/run_1_worker_9/ils_config_5615771236102750525.prm
[INFO]:[02:59:53] Starting CPLEX solver on instance: /home/yorig/tuner/mpils-tests/instances/miplib/easy/supportcase18.mps with config: /scratch/yorig/mpils-results-grid-seconds-5-watchdog-mip-start/easy/16proc/seed-4/9_supportcase18_seed-4_20260504_025937/iterated_local_search/run_1_worker_9/ils_config_5615771236102750525.prm
[INFO]:[02:59:58] CPLEX results. Gap: 3.700000, upper bound: 49.000000, lower bound: 47.186667
[INFO]:[02:59:58] CPLEX solver finished. Gap: 3.700000
[INFO]:[02:59:58] Starting CPLEX solver on instance: /home/yorig/tuner/mpils-tests/instances/miplib/easy/supportcase18.mps with config: /scratch/yorig/mpils-results-grid-seconds-5-watchdog-mip-start/easy/16proc/seed-4/9_supportcase18_seed-4_20260504_025937/iterated_local_search/run_1_worker_9/ils_config_1031003233053932991.prm
[INFO]:[02:59:58] Starting CPLEX solver on instance: /home/yorig/tuner/mpils-tests/instances/miplib/easy/supportcase18.mps with config: /scratch/yorig/mpils-results-grid-seconds-5-watchdog-mip-start/easy/16proc/seed-4/9_supportcase18_seed-4_20260504_025937/iterated_local_search/run_1_worker_9/ils_config_1031003233053932991.prm
[INFO]:[03:00:03] CPLEX results. Gap: 5.630000, upper bound: 50.000000, lower bound: 47.186667
[INFO]:[03:00:03] CPLEX solver finished. Gap: 5.630000
[INFO]:[03:00:03] Starting CPLEX solver on instance: /home/yorig/tuner/mpils-tests/instances/miplib/easy/supportcase18.mps with config: /scratch/yorig/mpils-results-grid-seconds-5-watchdog-mip-start/easy/16proc/seed-4/9_supportcase18_seed-4_20260504_025937/iterated_local_search/run_1_worker_9/ils_config_1190254910789641297.prm
[INFO]:[03:00:03] Starting CPLEX solver on instance: /home/yorig/tuner/mpils-tests/instances/miplib/easy/supportcase18.mps with config: /scratch/yorig/mpils-results-grid-seconds-5-watchdog-mip-start/easy/16proc/seed-4/9_supportcase18_seed-4_20260504_025937/iterated_local_search/run_1_worker_9/ils_config_1190254910789641297.prm
[INFO]:[03:00:08] CPLEX results. Gap: 3.700000, upper bound: 49.000000, lower bound: 47.186667
[INFO]:[03:00:08] CPLEX solver finished. Gap: 3.700000
[INFO]:[03:00:08] Starting CPLEX solver on instance: /home/yorig/tuner/mpils-tests/instances/miplib/easy/supportcase18.mps with config: /scratch/yorig/mpils-results-grid-seconds-5-watchdog-mip-start/easy/16proc/seed-4/9_supportcase18_seed-4_20260504_025937/iterated_local_search/run_1_worker_9/ils_config_12699467094013404801.prm
[INFO]:[03:00:08] Starting CPLEX solver on instance: /home/yorig/tuner/mpils-tests/instances/miplib/easy/supportcase18.mps with config: /scratch/yorig/mpils-results-grid-seconds-5-watchdog-mip-start/easy/16proc/seed-4/9_supportcase18_seed-4_20260504_025937/iterated_local_search/run_1_worker_9/ils_config_12699467094013404801.prm
[INFO]:[03:00:13] CPLEX results. Gap: 5.630000, upper bound: 50.000000, lower bound: 47.186667
[INFO]:[03:00:13] CPLEX solver finished. Gap: 5.630000
[INFO]:[03:00:13] Starting CPLEX solver on instance: /home/yorig/tuner/mpils-tests/instances/miplib/easy/supportcase18.mps with config: /scratch/yorig/mpils-results-grid-seconds-5-watchdog-mip-start/easy/16proc/seed-4/9_supportcase18_seed-4_20260504_025937/iterated_local_search/run_1_worker_9/ils_config_11669223864347518525.prm
[INFO]:[03:00:13] Starting CPLEX solver on instance: /home/yorig/tuner/mpils-tests/instances/miplib/easy/supportcase18.mps with config: /scratch/yorig/mpils-results-grid-seconds-5-watchdog-mip-start/easy/16proc/seed-4/9_supportcase18_seed-4_20260504_025937/iterated_local_search/run_1_worker_9/ils_config_11669223864347518525.prm
[INFO]:[03:00:18] CPLEX results. Gap: 3.700000, upper bound: 49.000000, lower bound: 47.186667
[INFO]:[03:00:18] CPLEX solver finished. Gap: 3.700000
[INFO]:[03:00:18] Starting CPLEX solver on instance: /home/yorig/tuner/mpils-tests/instances/miplib/easy/supportcase18.mps with config: /scratch/yorig/mpils-results-grid-seconds-5-watchdog-mip-start/easy/16proc/seed-4/9_supportcase18_seed-4_20260504_025937/iterated_local_search/run_1_worker_9/ils_config_756414852613409922.prm
[INFO]:[03:00:18] Starting CPLEX solver on instance: /home/yorig/tuner/mpils-tests/instances/miplib/easy/supportcase18.mps with config: /scratch/yorig/mpils-results-grid-seconds-5-watchdog-mip-start/easy/16proc/seed-4/9_supportcase18_seed-4_20260504_025937/iterated_local_search/run_1_worker_9/ils_config_756414852613409922.prm
[INFO]:[03:00:23] CPLEX results. Gap: 3.700000, upper bound: 49.000000, lower bound: 47.186667
[INFO]:[03:00:23] CPLEX solver finished. Gap: 3.700000
[INFO]:[03:00:23] Starting CPLEX solver on instance: /home/yorig/tuner/mpils-tests/instances/miplib/easy/supportcase18.mps with config: /scratch/yorig/mpils-results-grid-seconds-5-watchdog-mip-start/easy/16proc/seed-4/9_supportcase18_seed-4_20260504_025937/iterated_local_search/run_1_worker_9/ils_config_2880979917318170184.prm
[INFO]:[03:00:23] Starting CPLEX solver on instance: /home/yorig/tuner/mpils-tests/instances/miplib/easy/supportcase18.mps with config: /scratch/yorig/mpils-results-grid-seconds-5-watchdog-mip-start/easy/16proc/seed-4/9_supportcase18_seed-4_20260504_025937/iterated_local_search/run_1_worker_9/ils_config_2880979917318170184.prm
[INFO]:[03:00:28] CPLEX results. Gap: 3.700000, upper bound: 49.000000, lower bound: 47.186667
[INFO]:[03:00:28] CPLEX solver finished. Gap: 3.700000
[INFO]:[03:00:28] Starting CPLEX solver on instance: /home/yorig/tuner/mpils-tests/instances/miplib/easy/supportcase18.mps with config: /scratch/yorig/mpils-results-grid-seconds-5-watchdog-mip-start/easy/16proc/seed-4/9_supportcase18_seed-4_20260504_025937/iterated_local_search/run_1_worker_9/ils_config_3733892474056458921.prm
[INFO]:[03:00:28] Starting CPLEX solver on instance: /home/yorig/tuner/mpils-tests/instances/miplib/easy/supportcase18.mps with config: /scratch/yorig/mpils-results-grid-seconds-5-watchdog-mip-start/easy/16proc/seed-4/9_supportcase18_seed-4_20260504_025937/iterated_local_search/run_1_worker_9/ils_config_3733892474056458921.prm
[INFO]:[03:00:33] CPLEX results. Gap: 3.700000, upper bound: 49.000000, lower bound: 47.186667
[INFO]:[03:00:33] CPLEX solver finished. Gap: 3.700000
[INFO]:[03:00:33] Starting CPLEX solver on instance: /home/yorig/tuner/mpils-tests/instances/miplib/easy/supportcase18.mps with config: /scratch/yorig/mpils-results-grid-seconds-5-watchdog-mip-start/easy/16proc/seed-4/9_supportcase18_seed-4_20260504_025937/iterated_local_search/run_1_worker_9/ils_config_14106267194645277932.prm
[INFO]:[03:00:33] Starting CPLEX solver on instance: /home/yorig/tuner/mpils-tests/instances/miplib/easy/supportcase18.mps with config: /scratch/yorig/mpils-results-grid-seconds-5-watchdog-mip-start/easy/16proc/seed-4/9_supportcase18_seed-4_20260504_025937/iterated_local_search/run_1_worker_9/ils_config_14106267194645277932.prm
[INFO]:[03:00:38] CPLEX results. Gap: 3.700000, upper bound: 49.000000, lower bound: 47.186667
[INFO]:[03:00:38] CPLEX solver finished. Gap: 3.700000
[INFO]:[03:00:38] Starting CPLEX solver on instance: /home/yorig/tuner/mpils-tests/instances/miplib/easy/supportcase18.mps with config: /scratch/yorig/mpils-results-grid-seconds-5-watchdog-mip-start/easy/16proc/seed-4/9_supportcase18_seed-4_20260504_025937/iterated_local_search/run_1_worker_9/ils_config_7281966740176641563.prm
[INFO]:[03:00:38] Starting CPLEX solver on instance: /home/yorig/tuner/mpils-tests/instances/miplib/easy/supportcase18.mps with config: /scratch/yorig/mpils-results-grid-seconds-5-watchdog-mip-start/easy/16proc/seed-4/9_supportcase18_seed-4_20260504_025937/iterated_local_search/run_1_worker_9/ils_config_7281966740176641563.prm
[INFO]:[03:00:43] CPLEX results. Gap: 3.700000, upper bound: 49.000000, lower bound: 47.186667
[INFO]:[03:00:43] CPLEX solver finished. Gap: 3.700000
[INFO]:[03:00:43] Starting CPLEX solver on instance: /home/yorig/tuner/mpils-tests/instances/miplib/easy/supportcase18.mps with config: /scratch/yorig/mpils-results-grid-seconds-5-watchdog-mip-start/easy/16proc/seed-4/9_supportcase18_seed-4_20260504_025937/iterated_local_search/run_1_worker_9/ils_config_4997338716559914206.prm
[INFO]:[03:00:43] Starting CPLEX solver on instance: /home/yorig/tuner/mpils-tests/instances/miplib/easy/supportcase18.mps with config: /scratch/yorig/mpils-results-grid-seconds-5-watchdog-mip-start/easy/16proc/seed-4/9_supportcase18_seed-4_20260504_025937/iterated_local_search/run_1_worker_9/ils_config_4997338716559914206.prm
[INFO]:[03:00:48] CPLEX results. Gap: 3.700000, upper bound: 49.000000, lower bound: 47.186667
[INFO]:[03:00:48] CPLEX solver finished. Gap: 3.700000
[INFO]:[03:00:48] Starting CPLEX solver on instance: /home/yorig/tuner/mpils-tests/instances/miplib/easy/supportcase18.mps with config: /scratch/yorig/mpils-results-grid-seconds-5-watchdog-mip-start/easy/16proc/seed-4/9_supportcase18_seed-4_20260504_025937/iterated_local_search/run_1_worker_9/ils_config_1622086846642490982.prm
[INFO]:[03:00:48] Starting CPLEX solver on instance: /home/yorig/tuner/mpils-tests/instances/miplib/easy/supportcase18.mps with config: /scratch/yorig/mpils-results-grid-seconds-5-watchdog-mip-start/easy/16proc/seed-4/9_supportcase18_seed-4_20260504_025937/iterated_local_search/run_1_worker_9/ils_config_1622086846642490982.prm
[INFO]:[03:00:53] CPLEX results. Gap: 3.700000, upper bound: 49.000000, lower bound: 47.186667
[INFO]:[03:00:53] CPLEX solver finished. Gap: 3.700000
[INFO]:[03:00:53] Starting CPLEX solver on instance: /home/yorig/tuner/mpils-tests/instances/miplib/easy/supportcase18.mps with config: /scratch/yorig/mpils-results-grid-seconds-5-watchdog-mip-start/easy/16proc/seed-4/9_supportcase18_seed-4_20260504_025937/iterated_local_search/run_1_worker_9/ils_config_17164485125729656429.prm
[INFO]:[03:00:53] Starting CPLEX solver on instance: /home/yorig/tuner/mpils-tests/instances/miplib/easy/supportcase18.mps with config: /scratch/yorig/mpils-results-grid-seconds-5-watchdog-mip-start/easy/16proc/seed-4/9_supportcase18_seed-4_20260504_025937/iterated_local_search/run_1_worker_9/ils_config_17164485125729656429.prm
[INFO]:[03:00:58] CPLEX results. Gap: 3.700000, upper bound: 49.000000, lower bound: 47.186667
[INFO]:[03:00:58] CPLEX solver finished. Gap: 3.700000
[INFO]:[03:00:58] Starting CPLEX solver on instance: /home/yorig/tuner/mpils-tests/instances/miplib/easy/supportcase18.mps with config: /scratch/yorig/mpils-results-grid-seconds-5-watchdog-mip-start/easy/16proc/seed-4/9_supportcase18_seed-4_20260504_025937/iterated_local_search/run_1_worker_9/ils_config_11946756173241288193.prm
[INFO]:[03:00:58] Starting CPLEX solver on instance: /home/yorig/tuner/mpils-tests/instances/miplib/easy/supportcase18.mps with config: /scratch/yorig/mpils-results-grid-seconds-5-watchdog-mip-start/easy/16proc/seed-4/9_supportcase18_seed-4_20260504_025937/iterated_local_search/run_1_worker_9/ils_config_11946756173241288193.prm
[INFO]:[03:01:03] CPLEX results. Gap: 3.700000, upper bound: 49.000000, lower bound: 47.186667
[INFO]:[03:01:03] CPLEX solver finished. Gap: 3.700000
[INFO]:[03:01:03] Starting CPLEX solver on instance: /home/yorig/tuner/mpils-tests/instances/miplib/easy/supportcase18.mps with config: /scratch/yorig/mpils-results-grid-seconds-5-watchdog-mip-start/easy/16proc/seed-4/9_supportcase18_seed-4_20260504_025937/iterated_local_search/run_1_worker_9/ils_config_18298336689598212475.prm
[INFO]:[03:01:03] Starting CPLEX solver on instance: /home/yorig/tuner/mpils-tests/instances/miplib/easy/supportcase18.mps with config: /scratch/yorig/mpils-results-grid-seconds-5-watchdog-mip-start/easy/16proc/seed-4/9_supportcase18_seed-4_20260504_025937/iterated_local_search/run_1_worker_9/ils_config_18298336689598212475.prm
[INFO]:[03:01:08] CPLEX results. Gap: 3.700000, upper bound: 49.000000, lower bound: 47.186667
[INFO]:[03:01:08] CPLEX solver finished. Gap: 3.700000
[INFO]:[03:01:08] Starting CPLEX solver on instance: /home/yorig/tuner/mpils-tests/instances/miplib/easy/supportcase18.mps with config: /scratch/yorig/mpils-results-grid-seconds-5-watchdog-mip-start/easy/16proc/seed-4/9_supportcase18_seed-4_20260504_025937/iterated_local_search/run_1_worker_9/ils_config_17968701788228524286.prm
[INFO]:[03:01:08] Starting CPLEX solver on instance: /home/yorig/tuner/mpils-tests/instances/miplib/easy/supportcase18.mps with config: /scratch/yorig/mpils-results-grid-seconds-5-watchdog-mip-start/easy/16proc/seed-4/9_supportcase18_seed-4_20260504_025937/iterated_local_search/run_1_worker_9/ils_config_17968701788228524286.prm
[INFO]:[03:01:13] CPLEX results. Gap: 3.700000, upper bound: 49.000000, lower bound: 47.186667
[INFO]:[03:01:13] CPLEX solver finished. Gap: 3.700000
[INFO]:[03:01:13] Starting CPLEX solver on instance: /home/yorig/tuner/mpils-tests/instances/miplib/easy/supportcase18.mps with config: /scratch/yorig/mpils-results-grid-seconds-5-watchdog-mip-start/easy/16proc/seed-4/9_supportcase18_seed-4_20260504_025937/iterated_local_search/run_1_worker_9/ils_config_12974135803917108389.prm
[INFO]:[03:01:13] Starting CPLEX solver on instance: /home/yorig/tuner/mpils-tests/instances/miplib/easy/supportcase18.mps with config: /scratch/yorig/mpils-results-grid-seconds-5-watchdog-mip-start/easy/16proc/seed-4/9_supportcase18_seed-4_20260504_025937/iterated_local_search/run_1_worker_9/ils_config_12974135803917108389.prm
[INFO]:[03:01:18] CPLEX results. Gap: 5.630000, upper bound: 50.000000, lower bound: 47.186667
[INFO]:[03:01:18] CPLEX solver finished. Gap: 5.630000
[INFO]:[03:01:18] Local search phase completed.
[INFO]:[03:01:18] Total number of new local-search evaluations: 20
[INFO]:[03:01:18] Final incumbent objective value: 3.7
[INFO]:[03:01:18] Worker 9 completed exploration phase.
[INFO]:[03:01:18] Worker 9 received order for step 2.
[INFO]:[03:01:18] Worker 9 running expansion phase for iteration 1.
[INFO]:[03:01:18] Worker 9 will use solver log file: /scratch/yorig/mpils-results-grid-seconds-5-watchdog-mip-start/easy/16proc/seed-4/9_supportcase18_seed-4_20260504_025937/solver/cplex.log_iteration_expansion_1_worker_9
[INFO]:[03:01:18] Expansion Worker 9 starting expansion for iteration 1.
[INFO]:[03:01:18] Starting CPLEX solver on instance: /home/yorig/tuner/mpils-tests/instances/miplib/easy/supportcase18.mps with config: /scratch/yorig/mpils-results-grid-seconds-5-watchdog-mip-start/easy/16proc/seed-4/9_supportcase18_seed-4_20260504_025937/expansion/config_param_CPXPARAM_MIP_Strategy_RINSHeur_40_iter_1.prm
[INFO]:[03:01:23] CPLEX results. Gap: 5.630000, upper bound: 50.000000, lower bound: 47.186667
[INFO]:[03:01:23] CPLEX solver finished. Gap: 5.630000
[INFO]:[03:01:23] Starting CPLEX solver on instance: /home/yorig/tuner/mpils-tests/instances/miplib/easy/supportcase18.mps with config: /scratch/yorig/mpils-results-grid-seconds-5-watchdog-mip-start/easy/16proc/seed-4/9_supportcase18_seed-4_20260504_025937/expansion/config_param_CPXPARAM_MIP_Strategy_RINSHeur_60_iter_1.prm
[INFO]:[03:01:28] CPLEX results. Gap: 5.630000, upper bound: 50.000000, lower bound: 47.186667
[INFO]:[03:01:28] CPLEX solver finished. Gap: 5.630000
[INFO]:[03:01:28] Starting CPLEX solver on instance: /home/yorig/tuner/mpils-tests/instances/miplib/easy/supportcase18.mps with config: /scratch/yorig/mpils-results-grid-seconds-5-watchdog-mip-start/easy/16proc/seed-4/9_supportcase18_seed-4_20260504_025937/expansion/config_param_CPXPARAM_MIP_Strategy_RINSHeur_100_iter_1.prm
[INFO]:[03:01:33] CPLEX results. Gap: 5.630000, upper bound: 50.000000, lower bound: 47.186667
[INFO]:[03:01:33] CPLEX solver finished. Gap: 5.630000
[INFO]:[03:01:39] Expansion Worker 9 completed expansion.
[INFO]:[03:01:39] Worker 9 completed expansion phase.
[INFO]:[03:01:39] Worker 9 received order for step 1.
[INFO]:[03:01:39] Worker 9 running exploration phase for iteration 2.
[INFO]:[03:01:39] Worker 9 at iteration 2 will not use a MIP start file. Current best MIP-start upper bound threshold is 1.79769e+308.
[INFO]:[03:01:39] Starting local search phase...
[INFO]:[03:01:39] Creating local search space from parameter space file: /scratch/yorig/mpils-results-grid-seconds-5-watchdog-mip-start/easy/16proc/seed-4/9_supportcase18_seed-4_20260504_025937/iterated_local_search/search_space/search_space_file_2_worker_9.txt
[INFO]:[03:01:39] Local search space loaded from file: /scratch/yorig/mpils-results-grid-seconds-5-watchdog-mip-start/easy/16proc/seed-4/9_supportcase18_seed-4_20260504_025937/iterated_local_search/search_space/search_space_file_2_worker_9.txt
[INFO]:[03:01:39] Number of parameters in local search space: 71
[INFO]:[03:01:39] Number of forbidden tuples in local search space: 6
[INFO]:[03:01:39] Number of conditionals in local search space: 6
[INFO]:[03:01:39] MIP start option not enabled. Local search will proceed without MIP start.
[INFO]:[03:01:39] Evaluating initial configuration for local search phase...
[INFO]:[03:01:39] Starting CPLEX solver on instance: /home/yorig/tuner/mpils-tests/instances/miplib/easy/supportcase18.mps with config: /scratch/yorig/mpils-results-grid-seconds-5-watchdog-mip-start/easy/16proc/seed-4/9_supportcase18_seed-4_20260504_025937/iterated_local_search/run_2_worker_9/ils_config_6604718001905884444.prm
[INFO]:[03:01:39] Starting CPLEX solver on instance: /home/yorig/tuner/mpils-tests/instances/miplib/easy/supportcase18.mps with config: /scratch/yorig/mpils-results-grid-seconds-5-watchdog-mip-start/easy/16proc/seed-4/9_supportcase18_seed-4_20260504_025937/iterated_local_search/run_2_worker_9/ils_config_6604718001905884444.prm
[INFO]:[03:01:44] CPLEX results. Gap: 3.700000, upper bound: 49.000000, lower bound: 47.186667
[INFO]:[03:01:44] CPLEX solver finished. Gap: 3.700000
[INFO]:[03:01:44] Initial configuration evaluated with objective value: 3.7
[INFO]:[03:01:44] Starting CPLEX solver on instance: /home/yorig/tuner/mpils-tests/instances/miplib/easy/supportcase18.mps with config: /scratch/yorig/mpils-results-grid-seconds-5-watchdog-mip-start/easy/16proc/seed-4/9_supportcase18_seed-4_20260504_025937/iterated_local_search/run_2_worker_9/ils_config_15139338165309052105.prm
[INFO]:[03:01:44] Starting CPLEX solver on instance: /home/yorig/tuner/mpils-tests/instances/miplib/easy/supportcase18.mps with config: /scratch/yorig/mpils-results-grid-seconds-5-watchdog-mip-start/easy/16proc/seed-4/9_supportcase18_seed-4_20260504_025937/iterated_local_search/run_2_worker_9/ils_config_15139338165309052105.prm
[INFO]:[03:01:49] CPLEX results. Gap: 5.630000, upper bound: 50.000000, lower bound: 47.186667
[INFO]:[03:01:49] CPLEX solver finished. Gap: 5.630000
[INFO]:[03:01:49] Starting CPLEX solver on instance: /home/yorig/tuner/mpils-tests/instances/miplib/easy/supportcase18.mps with config: /scratch/yorig/mpils-results-grid-seconds-5-watchdog-mip-start/easy/16proc/seed-4/9_supportcase18_seed-4_20260504_025937/iterated_local_search/run_2_worker_9/ils_config_14974480610404693559.prm
[INFO]:[03:01:49] Starting CPLEX solver on instance: /home/yorig/tuner/mpils-tests/instances/miplib/easy/supportcase18.mps with config: /scratch/yorig/mpils-results-grid-seconds-5-watchdog-mip-start/easy/16proc/seed-4/9_supportcase18_seed-4_20260504_025937/iterated_local_search/run_2_worker_9/ils_config_14974480610404693559.prm
[INFO]:[03:01:54] CPLEX results. Gap: 3.700000, upper bound: 49.000000, lower bound: 47.186667
[INFO]:[03:01:54] CPLEX solver finished. Gap: 3.700000
[INFO]:[03:01:54] Starting CPLEX solver on instance: /home/yorig/tuner/mpils-tests/instances/miplib/easy/supportcase18.mps with config: /scratch/yorig/mpils-results-grid-seconds-5-watchdog-mip-start/easy/16proc/seed-4/9_supportcase18_seed-4_20260504_025937/iterated_local_search/run_2_worker_9/ils_config_6847851708082454349.prm
[INFO]:[03:01:54] Starting CPLEX solver on instance: /home/yorig/tuner/mpils-tests/instances/miplib/easy/supportcase18.mps with config: /scratch/yorig/mpils-results-grid-seconds-5-watchdog-mip-start/easy/16proc/seed-4/9_supportcase18_seed-4_20260504_025937/iterated_local_search/run_2_worker_9/ils_config_6847851708082454349.prm
[INFO]:[03:01:59] CPLEX results. Gap: 5.630000, upper bound: 50.000000, lower bound: 47.186667
[INFO]:[03:01:59] CPLEX solver finished. Gap: 5.630000
[INFO]:[03:01:59] Starting CPLEX solver on instance: /home/yorig/tuner/mpils-tests/instances/miplib/easy/supportcase18.mps with config: /scratch/yorig/mpils-results-grid-seconds-5-watchdog-mip-start/easy/16proc/seed-4/9_supportcase18_seed-4_20260504_025937/iterated_local_search/run_2_worker_9/ils_config_10685814144082300295.prm
[INFO]:[03:01:59] Starting CPLEX solver on instance: /home/yorig/tuner/mpils-tests/instances/miplib/easy/supportcase18.mps with config: /scratch/yorig/mpils-results-grid-seconds-5-watchdog-mip-start/easy/16proc/seed-4/9_supportcase18_seed-4_20260504_025937/iterated_local_search/run_2_worker_9/ils_config_10685814144082300295.prm
[INFO]:[03:02:04] CPLEX results. Gap: 5.630000, upper bound: 50.000000, lower bound: 47.186667
[INFO]:[03:02:04] CPLEX solver finished. Gap: 5.630000
[INFO]:[03:02:04] Starting CPLEX solver on instance: /home/yorig/tuner/mpils-tests/instances/miplib/easy/supportcase18.mps with config: /scratch/yorig/mpils-results-grid-seconds-5-watchdog-mip-start/easy/16proc/seed-4/9_supportcase18_seed-4_20260504_025937/iterated_local_search/run_2_worker_9/ils_config_17651622421637732107.prm
[INFO]:[03:02:04] Starting CPLEX solver on instance: /home/yorig/tuner/mpils-tests/instances/miplib/easy/supportcase18.mps with config: /scratch/yorig/mpils-results-grid-seconds-5-watchdog-mip-start/easy/16proc/seed-4/9_supportcase18_seed-4_20260504_025937/iterated_local_search/run_2_worker_9/ils_config_17651622421637732107.prm
[INFO]:[03:02:09] CPLEX results. Gap: 5.630000, upper bound: 50.000000, lower bound: 47.186667
[INFO]:[03:02:09] CPLEX solver finished. Gap: 5.630000
[INFO]:[03:02:09] Local search phase completed.
[INFO]:[03:02:09] Total number of new local-search evaluations: 6
[INFO]:[03:02:09] Final incumbent objective value: 3.7
[INFO]:[03:02:09] Worker 9 completed exploration phase.
[INFO]:[03:02:09] Worker 9 received order for step 2.
[INFO]:[03:02:09] Worker 9 running expansion phase for iteration 2.
[INFO]:[03:02:09] Worker 9 will use solver log file: /scratch/yorig/mpils-results-grid-seconds-5-watchdog-mip-start/easy/16proc/seed-4/9_supportcase18_seed-4_20260504_025937/solver/cplex.log_iteration_expansion_2_worker_9
[INFO]:[03:02:09] Expansion Worker 9 starting expansion for iteration 2.
[INFO]:[03:02:09] Starting CPLEX solver on instance: /home/yorig/tuner/mpils-tests/instances/miplib/easy/supportcase18.mps with config: /scratch/yorig/mpils-results-grid-seconds-5-watchdog-mip-start/easy/16proc/seed-4/9_supportcase18_seed-4_20260504_025937/expansion/config_param_CPXPARAM_MIP_Strategy_StartAlgorithm_3_iter_2.prm
[INFO]:[03:02:14] CPLEX results. Gap: 5.630000, upper bound: 50.000000, lower bound: 47.186667
[INFO]:[03:02:14] CPLEX solver finished. Gap: 5.630000
[INFO]:[03:02:14] Starting CPLEX solver on instance: /home/yorig/tuner/mpils-tests/instances/miplib/easy/supportcase18.mps with config: /scratch/yorig/mpils-results-grid-seconds-5-watchdog-mip-start/easy/16proc/seed-4/9_supportcase18_seed-4_20260504_025937/expansion/config_param_CPXPARAM_MIP_Strategy_StartAlgorithm_4_iter_2.prm
[INFO]:[03:02:19] CPLEX results. Gap: 5.630000, upper bound: 50.000000, lower bound: 47.186667
[INFO]:[03:02:19] CPLEX solver finished. Gap: 5.630000
[INFO]:[03:02:24] Expansion Worker 9 completed expansion.
[INFO]:[03:02:24] Worker 9 completed expansion phase.
[INFO]:[03:02:24] Worker 9 received order for step 1.
[INFO]:[03:02:24] Worker 9 running exploration phase for iteration 3.
[INFO]:[03:02:24] Worker 9 at iteration 3 will not use a MIP start file. Current best MIP-start upper bound threshold is 1.79769e+308.
[INFO]:[03:02:24] Starting local search phase...
[INFO]:[03:02:24] Creating local search space from parameter space file: /scratch/yorig/mpils-results-grid-seconds-5-watchdog-mip-start/easy/16proc/seed-4/9_supportcase18_seed-4_20260504_025937/iterated_local_search/search_space/search_space_file_3_worker_9.txt
[INFO]:[03:02:24] Local search space loaded from file: /scratch/yorig/mpils-results-grid-seconds-5-watchdog-mip-start/easy/16proc/seed-4/9_supportcase18_seed-4_20260504_025937/iterated_local_search/search_space/search_space_file_3_worker_9.txt
[INFO]:[03:02:24] Number of parameters in local search space: 71
[INFO]:[03:02:24] Number of forbidden tuples in local search space: 14
[INFO]:[03:02:24] Number of conditionals in local search space: 6
[INFO]:[03:02:24] MIP start option not enabled. Local search will proceed without MIP start.
[INFO]:[03:02:24] Evaluating initial configuration for local search phase...
[INFO]:[03:02:24] Starting CPLEX solver on instance: /home/yorig/tuner/mpils-tests/instances/miplib/easy/supportcase18.mps with config: /scratch/yorig/mpils-results-grid-seconds-5-watchdog-mip-start/easy/16proc/seed-4/9_supportcase18_seed-4_20260504_025937/iterated_local_search/run_3_worker_9/ils_config_12197814627271339328.prm
[INFO]:[03:02:24] Starting CPLEX solver on instance: /home/yorig/tuner/mpils-tests/instances/miplib/easy/supportcase18.mps with config: /scratch/yorig/mpils-results-grid-seconds-5-watchdog-mip-start/easy/16proc/seed-4/9_supportcase18_seed-4_20260504_025937/iterated_local_search/run_3_worker_9/ils_config_12197814627271339328.prm
[INFO]:[03:02:29] CPLEX results. Gap: 9.260000, upper bound: 52.000000, lower bound: 47.186667
[INFO]:[03:02:29] CPLEX solver finished. Gap: 9.260000
[INFO]:[03:02:29] Initial configuration evaluated with objective value: 9.26
[INFO]:[03:02:29] Starting CPLEX solver on instance: /home/yorig/tuner/mpils-tests/instances/miplib/easy/supportcase18.mps with config: /scratch/yorig/mpils-results-grid-seconds-5-watchdog-mip-start/easy/16proc/seed-4/9_supportcase18_seed-4_20260504_025937/iterated_local_search/run_3_worker_9/ils_config_4792721550745365101.prm
[INFO]:[03:02:29] Starting CPLEX solver on instance: /home/yorig/tuner/mpils-tests/instances/miplib/easy/supportcase18.mps with config: /scratch/yorig/mpils-results-grid-seconds-5-watchdog-mip-start/easy/16proc/seed-4/9_supportcase18_seed-4_20260504_025937/iterated_local_search/run_3_worker_9/ils_config_4792721550745365101.prm
[INFO]:[03:02:34] CPLEX results. Gap: 10.970000, upper bound: 53.000000, lower bound: 47.186667
[INFO]:[03:02:34] CPLEX solver finished. Gap: 10.970000
[INFO]:[03:02:34] Starting CPLEX solver on instance: /home/yorig/tuner/mpils-tests/instances/miplib/easy/supportcase18.mps with config: /scratch/yorig/mpils-results-grid-seconds-5-watchdog-mip-start/easy/16proc/seed-4/9_supportcase18_seed-4_20260504_025937/iterated_local_search/run_3_worker_9/ils_config_5640697404023228071.prm
[INFO]:[03:02:34] Starting CPLEX solver on instance: /home/yorig/tuner/mpils-tests/instances/miplib/easy/supportcase18.mps with config: /scratch/yorig/mpils-results-grid-seconds-5-watchdog-mip-start/easy/16proc/seed-4/9_supportcase18_seed-4_20260504_025937/iterated_local_search/run_3_worker_9/ils_config_5640697404023228071.prm
[INFO]:[03:02:39] CPLEX results. Gap: 9.260000, upper bound: 52.000000, lower bound: 47.186667
[INFO]:[03:02:39] CPLEX solver finished. Gap: 9.260000
[INFO]:[03:02:39] Starting CPLEX solver on instance: /home/yorig/tuner/mpils-tests/instances/miplib/easy/supportcase18.mps with config: /scratch/yorig/mpils-results-grid-seconds-5-watchdog-mip-start/easy/16proc/seed-4/9_supportcase18_seed-4_20260504_025937/iterated_local_search/run_3_worker_9/ils_config_7523169429230326564.prm
[INFO]:[03:02:39] Starting CPLEX solver on instance: /home/yorig/tuner/mpils-tests/instances/miplib/easy/supportcase18.mps with config: /scratch/yorig/mpils-results-grid-seconds-5-watchdog-mip-start/easy/16proc/seed-4/9_supportcase18_seed-4_20260504_025937/iterated_local_search/run_3_worker_9/ils_config_7523169429230326564.prm
[INFO]:[03:02:44] CPLEX results. Gap: 9.260000, upper bound: 52.000000, lower bound: 47.186667
[INFO]:[03:02:44] CPLEX solver finished. Gap: 9.260000
[INFO]:[03:02:44] Starting CPLEX solver on instance: /home/yorig/tuner/mpils-tests/instances/miplib/easy/supportcase18.mps with config: /scratch/yorig/mpils-results-grid-seconds-5-watchdog-mip-start/easy/16proc/seed-4/9_supportcase18_seed-4_20260504_025937/iterated_local_search/run_3_worker_9/ils_config_15320314800352969345.prm
[INFO]:[03:02:44] Starting CPLEX solver on instance: /home/yorig/tuner/mpils-tests/instances/miplib/easy/supportcase18.mps with config: /scratch/yorig/mpils-results-grid-seconds-5-watchdog-mip-start/easy/16proc/seed-4/9_supportcase18_seed-4_20260504_025937/iterated_local_search/run_3_worker_9/ils_config_15320314800352969345.prm
[INFO]:[03:02:49] CPLEX results. Gap: 9.260000, upper bound: 52.000000, lower bound: 47.186667
[INFO]:[03:02:49] CPLEX solver finished. Gap: 9.260000
[INFO]:[03:02:49] Local search phase completed.
[INFO]:[03:02:49] Total number of new local-search evaluations: 5
[INFO]:[03:02:49] Final incumbent objective value: 9.26
[INFO]:[03:02:49] Worker 9 completed exploration phase.
[INFO]:[03:02:49] Worker 9 received order for step 2.
[INFO]:[03:02:49] Worker 9 running expansion phase for iteration 3.
[INFO]:[03:02:49] Worker 9 will use solver log file: /scratch/yorig/mpils-results-grid-seconds-5-watchdog-mip-start/easy/16proc/seed-4/9_supportcase18_seed-4_20260504_025937/solver/cplex.log_iteration_expansion_3_worker_9
[INFO]:[03:02:49] Expansion Worker 9 starting expansion for iteration 3.
[INFO]:[03:02:49] Starting CPLEX solver on instance: /home/yorig/tuner/mpils-tests/instances/miplib/easy/supportcase18.mps with config: /scratch/yorig/mpils-results-grid-seconds-5-watchdog-mip-start/easy/16proc/seed-4/9_supportcase18_seed-4_20260504_025937/expansion/config_param_CPXPARAM_Barrier_Ordering_1_iter_3.prm
[INFO]:[03:02:54] CPLEX results. Gap: 3.700000, upper bound: 49.000000, lower bound: 47.186667
[INFO]:[03:02:54] CPLEX solver finished. Gap: 3.700000
[INFO]:[03:02:54] Starting CPLEX solver on instance: /home/yorig/tuner/mpils-tests/instances/miplib/easy/supportcase18.mps with config: /scratch/yorig/mpils-results-grid-seconds-5-watchdog-mip-start/easy/16proc/seed-4/9_supportcase18_seed-4_20260504_025937/expansion/config_param_CPXPARAM_Barrier_Ordering_2_iter_3.prm
[INFO]:[03:02:59] CPLEX results. Gap: 3.700000, upper bound: 49.000000, lower bound: 47.186667
[INFO]:[03:02:59] CPLEX solver finished. Gap: 3.700000
[INFO]:[03:02:59] Expansion Worker 9 completed expansion.
[INFO]:[03:02:59] Worker 9 completed expansion phase.
[INFO]:[03:03:00] Worker 9 received order for step 1.
[INFO]:[03:03:00] Worker 9 running exploration phase for iteration 4.
[INFO]:[03:03:00] Worker 9 at iteration 4 will not use a MIP start file. Current best MIP-start upper bound threshold is 1.79769e+308.
[INFO]:[03:03:00] Starting local search phase...
[INFO]:[03:03:00] Creating local search space from parameter space file: /scratch/yorig/mpils-results-grid-seconds-5-watchdog-mip-start/easy/16proc/seed-4/9_supportcase18_seed-4_20260504_025937/iterated_local_search/search_space/search_space_file_4_worker_9.txt
[INFO]:[03:03:00] Local search space loaded from file: /scratch/yorig/mpils-results-grid-seconds-5-watchdog-mip-start/easy/16proc/seed-4/9_supportcase18_seed-4_20260504_025937/iterated_local_search/search_space/search_space_file_4_worker_9.txt
[INFO]:[03:03:00] Number of parameters in local search space: 71
[INFO]:[03:03:00] Number of forbidden tuples in local search space: 34
[INFO]:[03:03:00] Number of conditionals in local search space: 6
[INFO]:[03:03:00] MIP start option not enabled. Local search will proceed without MIP start.
[INFO]:[03:03:00] Evaluating initial configuration for local search phase...
[INFO]:[03:03:00] Starting CPLEX solver on instance: /home/yorig/tuner/mpils-tests/instances/miplib/easy/supportcase18.mps with config: /scratch/yorig/mpils-results-grid-seconds-5-watchdog-mip-start/easy/16proc/seed-4/9_supportcase18_seed-4_20260504_025937/iterated_local_search/run_4_worker_9/ils_config_2888379736871719899.prm
[INFO]:[03:03:00] Starting CPLEX solver on instance: /home/yorig/tuner/mpils-tests/instances/miplib/easy/supportcase18.mps with config: /scratch/yorig/mpils-results-grid-seconds-5-watchdog-mip-start/easy/16proc/seed-4/9_supportcase18_seed-4_20260504_025937/iterated_local_search/run_4_worker_9/ils_config_2888379736871719899.prm
[INFO]:[03:03:05] CPLEX results. Gap: 3.700000, upper bound: 49.000000, lower bound: 47.186667
[INFO]:[03:03:05] CPLEX solver finished. Gap: 3.700000
[INFO]:[03:03:05] Initial configuration evaluated with objective value: 3.7
[INFO]:[03:03:05] Starting CPLEX solver on instance: /home/yorig/tuner/mpils-tests/instances/miplib/easy/supportcase18.mps with config: /scratch/yorig/mpils-results-grid-seconds-5-watchdog-mip-start/easy/16proc/seed-4/9_supportcase18_seed-4_20260504_025937/iterated_local_search/run_4_worker_9/ils_config_17965211230094104111.prm
[INFO]:[03:03:05] Starting CPLEX solver on instance: /home/yorig/tuner/mpils-tests/instances/miplib/easy/supportcase18.mps with config: /scratch/yorig/mpils-results-grid-seconds-5-watchdog-mip-start/easy/16proc/seed-4/9_supportcase18_seed-4_20260504_025937/iterated_local_search/run_4_worker_9/ils_config_17965211230094104111.prm
[INFO]:[03:03:10] CPLEX results. Gap: 3.700000, upper bound: 49.000000, lower bound: 47.186667
[INFO]:[03:03:10] CPLEX solver finished. Gap: 3.700000
[INFO]:[03:03:10] Starting CPLEX solver on instance: /home/yorig/tuner/mpils-tests/instances/miplib/easy/supportcase18.mps with config: /scratch/yorig/mpils-results-grid-seconds-5-watchdog-mip-start/easy/16proc/seed-4/9_supportcase18_seed-4_20260504_025937/iterated_local_search/run_4_worker_9/ils_config_11026144015502958089.prm
[INFO]:[03:03:10] Starting CPLEX solver on instance: /home/yorig/tuner/mpils-tests/instances/miplib/easy/supportcase18.mps with config: /scratch/yorig/mpils-results-grid-seconds-5-watchdog-mip-start/easy/16proc/seed-4/9_supportcase18_seed-4_20260504_025937/iterated_local_search/run_4_worker_9/ils_config_11026144015502958089.prm
[INFO]:[03:03:15] CPLEX results. Gap: 3.700000, upper bound: 49.000000, lower bound: 47.186667
[INFO]:[03:03:15] CPLEX solver finished. Gap: 3.700000
[INFO]:[03:03:15] Starting CPLEX solver on instance: /home/yorig/tuner/mpils-tests/instances/miplib/easy/supportcase18.mps with config: /scratch/yorig/mpils-results-grid-seconds-5-watchdog-mip-start/easy/16proc/seed-4/9_supportcase18_seed-4_20260504_025937/iterated_local_search/run_4_worker_9/ils_config_10285162423845213323.prm
[INFO]:[03:03:15] Starting CPLEX solver on instance: /home/yorig/tuner/mpils-tests/instances/miplib/easy/supportcase18.mps with config: /scratch/yorig/mpils-results-grid-seconds-5-watchdog-mip-start/easy/16proc/seed-4/9_supportcase18_seed-4_20260504_025937/iterated_local_search/run_4_worker_9/ils_config_10285162423845213323.prm
[INFO]:[03:03:20] CPLEX results. Gap: 3.700000, upper bound: 49.000000, lower bound: 47.186667
[INFO]:[03:03:20] CPLEX solver finished. Gap: 3.700000
[INFO]:[03:03:20] Starting CPLEX solver on instance: /home/yorig/tuner/mpils-tests/instances/miplib/easy/supportcase18.mps with config: /scratch/yorig/mpils-results-grid-seconds-5-watchdog-mip-start/easy/16proc/seed-4/9_supportcase18_seed-4_20260504_025937/iterated_local_search/run_4_worker_9/ils_config_16408425558114802625.prm
[INFO]:[03:03:20] Starting CPLEX solver on instance: /home/yorig/tuner/mpils-tests/instances/miplib/easy/supportcase18.mps with config: /scratch/yorig/mpils-results-grid-seconds-5-watchdog-mip-start/easy/16proc/seed-4/9_supportcase18_seed-4_20260504_025937/iterated_local_search/run_4_worker_9/ils_config_16408425558114802625.prm
[INFO]:[03:03:25] CPLEX results. Gap: 3.700000, upper bound: 49.000000, lower bound: 47.186667
[INFO]:[03:03:25] CPLEX solver finished. Gap: 3.700000
[INFO]:[03:03:25] Starting CPLEX solver on instance: /home/yorig/tuner/mpils-tests/instances/miplib/easy/supportcase18.mps with config: /scratch/yorig/mpils-results-grid-seconds-5-watchdog-mip-start/easy/16proc/seed-4/9_supportcase18_seed-4_20260504_025937/iterated_local_search/run_4_worker_9/ils_config_14527634606156108167.prm
[INFO]:[03:03:25] Starting CPLEX solver on instance: /home/yorig/tuner/mpils-tests/instances/miplib/easy/supportcase18.mps with config: /scratch/yorig/mpils-results-grid-seconds-5-watchdog-mip-start/easy/16proc/seed-4/9_supportcase18_seed-4_20260504_025937/iterated_local_search/run_4_worker_9/ils_config_14527634606156108167.prm
[INFO]:[03:03:30] CPLEX results. Gap: 3.700000, upper bound: 49.000000, lower bound: 47.186667
[INFO]:[03:03:30] CPLEX solver finished. Gap: 3.700000
[INFO]:[03:03:30] Starting CPLEX solver on instance: /home/yorig/tuner/mpils-tests/instances/miplib/easy/supportcase18.mps with config: /scratch/yorig/mpils-results-grid-seconds-5-watchdog-mip-start/easy/16proc/seed-4/9_supportcase18_seed-4_20260504_025937/iterated_local_search/run_4_worker_9/ils_config_8911445540240132228.prm
[INFO]:[03:03:30] Starting CPLEX solver on instance: /home/yorig/tuner/mpils-tests/instances/miplib/easy/supportcase18.mps with config: /scratch/yorig/mpils-results-grid-seconds-5-watchdog-mip-start/easy/16proc/seed-4/9_supportcase18_seed-4_20260504_025937/iterated_local_search/run_4_worker_9/ils_config_8911445540240132228.prm
[INFO]:[03:03:35] CPLEX results. Gap: 3.700000, upper bound: 49.000000, lower bound: 47.186667
[INFO]:[03:03:35] CPLEX solver finished. Gap: 3.700000
[INFO]:[03:03:35] Local search phase completed.
[INFO]:[03:03:35] Total number of new local-search evaluations: 7
[INFO]:[03:03:35] Final incumbent objective value: 3.7
[INFO]:[03:03:35] Worker 9 completed exploration phase.
[INFO]:[03:03:35] Worker 9 received order for step 2.
[INFO]:[03:03:35] Worker 9 running expansion phase for iteration 4.
[INFO]:[03:03:35] Worker 9 will use solver log file: /scratch/yorig/mpils-results-grid-seconds-5-watchdog-mip-start/easy/16proc/seed-4/9_supportcase18_seed-4_20260504_025937/solver/cplex.log_iteration_expansion_4_worker_9
[INFO]:[03:03:35] Expansion Worker 9 starting expansion for iteration 4.
[INFO]:[03:03:35] Starting CPLEX solver on instance: /home/yorig/tuner/mpils-tests/instances/miplib/easy/supportcase18.mps with config: /scratch/yorig/mpils-results-grid-seconds-5-watchdog-mip-start/easy/16proc/seed-4/9_supportcase18_seed-4_20260504_025937/expansion/config_param_CPXPARAM_MIP_Strategy_File_0_iter_4.prm
[INFO]:[03:03:40] CPLEX results. Gap: 3.700000, upper bound: 49.000000, lower bound: 47.186667
[INFO]:[03:03:40] CPLEX solver finished. Gap: 3.700000
[INFO]:[03:03:40] Starting CPLEX solver on instance: /home/yorig/tuner/mpils-tests/instances/miplib/easy/supportcase18.mps with config: /scratch/yorig/mpils-results-grid-seconds-5-watchdog-mip-start/easy/16proc/seed-4/9_supportcase18_seed-4_20260504_025937/expansion/config_param_CPXPARAM_MIP_Strategy_File_2_iter_4.prm
[INFO]:[03:03:45] CPLEX results. Gap: 3.700000, upper bound: 49.000000, lower bound: 47.186667
[INFO]:[03:03:45] CPLEX solver finished. Gap: 3.700000
[INFO]:[03:03:45] Expansion Worker 9 completed expansion.
[INFO]:[03:03:45] Worker 9 completed expansion phase.
[INFO]:[03:03:45] Worker 9 received order for step 1.
[INFO]:[03:03:45] Worker 9 running exploration phase for iteration 5.
[INFO]:[03:03:45] Worker 9 at iteration 5 will not use a MIP start file. Current best MIP-start upper bound threshold is 1.79769e+308.
[INFO]:[03:03:45] Starting local search phase...
[INFO]:[03:03:45] Creating local search space from parameter space file: /scratch/yorig/mpils-results-grid-seconds-5-watchdog-mip-start/easy/16proc/seed-4/9_supportcase18_seed-4_20260504_025937/iterated_local_search/search_space/search_space_file_5_worker_9.txt
[INFO]:[03:03:45] Local search space loaded from file: /scratch/yorig/mpils-results-grid-seconds-5-watchdog-mip-start/easy/16proc/seed-4/9_supportcase18_seed-4_20260504_025937/iterated_local_search/search_space/search_space_file_5_worker_9.txt
[INFO]:[03:03:45] Number of parameters in local search space: 71
[INFO]:[03:03:45] Number of forbidden tuples in local search space: 56
[INFO]:[03:03:45] Number of conditionals in local search space: 6
[INFO]:[03:03:45] MIP start option not enabled. Local search will proceed without MIP start.
[INFO]:[03:03:45] Evaluating initial configuration for local search phase...
[INFO]:[03:03:45] Starting CPLEX solver on instance: /home/yorig/tuner/mpils-tests/instances/miplib/easy/supportcase18.mps with config: /scratch/yorig/mpils-results-grid-seconds-5-watchdog-mip-start/easy/16proc/seed-4/9_supportcase18_seed-4_20260504_025937/iterated_local_search/run_5_worker_9/ils_config_15003187513013055613.prm
[INFO]:[03:03:45] Starting CPLEX solver on instance: /home/yorig/tuner/mpils-tests/instances/miplib/easy/supportcase18.mps with config: /scratch/yorig/mpils-results-grid-seconds-5-watchdog-mip-start/easy/16proc/seed-4/9_supportcase18_seed-4_20260504_025937/iterated_local_search/run_5_worker_9/ils_config_15003187513013055613.prm
[INFO]:[03:03:50] CPLEX results. Gap: 5.630000, upper bound: 50.000000, lower bound: 47.186667
[INFO]:[03:03:50] CPLEX solver finished. Gap: 5.630000
[INFO]:[03:03:50] Initial configuration evaluated with objective value: 5.63
[INFO]:[03:03:50] Starting CPLEX solver on instance: /home/yorig/tuner/mpils-tests/instances/miplib/easy/supportcase18.mps with config: /scratch/yorig/mpils-results-grid-seconds-5-watchdog-mip-start/easy/16proc/seed-4/9_supportcase18_seed-4_20260504_025937/iterated_local_search/run_5_worker_9/ils_config_2719785961750895244.prm
[INFO]:[03:03:50] Starting CPLEX solver on instance: /home/yorig/tuner/mpils-tests/instances/miplib/easy/supportcase18.mps with config: /scratch/yorig/mpils-results-grid-seconds-5-watchdog-mip-start/easy/16proc/seed-4/9_supportcase18_seed-4_20260504_025937/iterated_local_search/run_5_worker_9/ils_config_2719785961750895244.prm
[INFO]:[03:03:55] CPLEX results. Gap: 5.630000, upper bound: 50.000000, lower bound: 47.186667
[INFO]:[03:03:55] CPLEX solver finished. Gap: 5.630000
[INFO]:[03:03:55] Starting CPLEX solver on instance: /home/yorig/tuner/mpils-tests/instances/miplib/easy/supportcase18.mps with config: /scratch/yorig/mpils-results-grid-seconds-5-watchdog-mip-start/easy/16proc/seed-4/9_supportcase18_seed-4_20260504_025937/iterated_local_search/run_5_worker_9/ils_config_5414432792416765362.prm
[INFO]:[03:03:55] Starting CPLEX solver on instance: /home/yorig/tuner/mpils-tests/instances/miplib/easy/supportcase18.mps with config: /scratch/yorig/mpils-results-grid-seconds-5-watchdog-mip-start/easy/16proc/seed-4/9_supportcase18_seed-4_20260504_025937/iterated_local_search/run_5_worker_9/ils_config_5414432792416765362.prm
[INFO]:[03:04:00] CPLEX results. Gap: 5.630000, upper bound: 50.000000, lower bound: 47.186667
[INFO]:[03:04:00] CPLEX solver finished. Gap: 5.630000
[INFO]:[03:04:00] Starting CPLEX solver on instance: /home/yorig/tuner/mpils-tests/instances/miplib/easy/supportcase18.mps with config: /scratch/yorig/mpils-results-grid-seconds-5-watchdog-mip-start/easy/16proc/seed-4/9_supportcase18_seed-4_20260504_025937/iterated_local_search/run_5_worker_9/ils_config_9917404481399090835.prm
[INFO]:[03:04:00] Starting CPLEX solver on instance: /home/yorig/tuner/mpils-tests/instances/miplib/easy/supportcase18.mps with config: /scratch/yorig/mpils-results-grid-seconds-5-watchdog-mip-start/easy/16proc/seed-4/9_supportcase18_seed-4_20260504_025937/iterated_local_search/run_5_worker_9/ils_config_9917404481399090835.prm
[INFO]:[03:04:05] CPLEX results. Gap: 5.630000, upper bound: 50.000000, lower bound: 47.186667
[INFO]:[03:04:05] CPLEX solver finished. Gap: 5.630000
[INFO]:[03:04:05] Starting CPLEX solver on instance: /home/yorig/tuner/mpils-tests/instances/miplib/easy/supportcase18.mps with config: /scratch/yorig/mpils-results-grid-seconds-5-watchdog-mip-start/easy/16proc/seed-4/9_supportcase18_seed-4_20260504_025937/iterated_local_search/run_5_worker_9/ils_config_12403257343058315153.prm
[INFO]:[03:04:05] Starting CPLEX solver on instance: /home/yorig/tuner/mpils-tests/instances/miplib/easy/supportcase18.mps with config: /scratch/yorig/mpils-results-grid-seconds-5-watchdog-mip-start/easy/16proc/seed-4/9_supportcase18_seed-4_20260504_025937/iterated_local_search/run_5_worker_9/ils_config_12403257343058315153.prm
[INFO]:[03:04:11] CPLEX results. Gap: 5.630000, upper bound: 50.000000, lower bound: 47.186667
[INFO]:[03:04:11] CPLEX solver finished. Gap: 5.630000
[INFO]:[03:04:11] Starting CPLEX solver on instance: /home/yorig/tuner/mpils-tests/instances/miplib/easy/supportcase18.mps with config: /scratch/yorig/mpils-results-grid-seconds-5-watchdog-mip-start/easy/16proc/seed-4/9_supportcase18_seed-4_20260504_025937/iterated_local_search/run_5_worker_9/ils_config_8287059881988036905.prm
[INFO]:[03:04:11] Starting CPLEX solver on instance: /home/yorig/tuner/mpils-tests/instances/miplib/easy/supportcase18.mps with config: /scratch/yorig/mpils-results-grid-seconds-5-watchdog-mip-start/easy/16proc/seed-4/9_supportcase18_seed-4_20260504_025937/iterated_local_search/run_5_worker_9/ils_config_8287059881988036905.prm
[INFO]:[03:04:16] CPLEX results. Gap: 5.630000, upper bound: 50.000000, lower bound: 47.186667
[INFO]:[03:04:16] CPLEX solver finished. Gap: 5.630000
[INFO]:[03:04:16] Starting CPLEX solver on instance: /home/yorig/tuner/mpils-tests/instances/miplib/easy/supportcase18.mps with config: /scratch/yorig/mpils-results-grid-seconds-5-watchdog-mip-start/easy/16proc/seed-4/9_supportcase18_seed-4_20260504_025937/iterated_local_search/run_5_worker_9/ils_config_17330542801218059330.prm
[INFO]:[03:04:16] Starting CPLEX solver on instance: /home/yorig/tuner/mpils-tests/instances/miplib/easy/supportcase18.mps with config: /scratch/yorig/mpils-results-grid-seconds-5-watchdog-mip-start/easy/16proc/seed-4/9_supportcase18_seed-4_20260504_025937/iterated_local_search/run_5_worker_9/ils_config_17330542801218059330.prm
[INFO]:[03:04:21] CPLEX results. Gap: 5.630000, upper bound: 50.000000, lower bound: 47.186667
[INFO]:[03:04:21] CPLEX solver finished. Gap: 5.630000
[INFO]:[03:04:21] Starting CPLEX solver on instance: /home/yorig/tuner/mpils-tests/instances/miplib/easy/supportcase18.mps with config: /scratch/yorig/mpils-results-grid-seconds-5-watchdog-mip-start/easy/16proc/seed-4/9_supportcase18_seed-4_20260504_025937/iterated_local_search/run_5_worker_9/ils_config_10568323369311387216.prm
[INFO]:[03:04:21] Starting CPLEX solver on instance: /home/yorig/tuner/mpils-tests/instances/miplib/easy/supportcase18.mps with config: /scratch/yorig/mpils-results-grid-seconds-5-watchdog-mip-start/easy/16proc/seed-4/9_supportcase18_seed-4_20260504_025937/iterated_local_search/run_5_worker_9/ils_config_10568323369311387216.prm
[INFO]:[03:04:26] CPLEX results. Gap: 5.630000, upper bound: 50.000000, lower bound: 47.186667
[INFO]:[03:04:26] CPLEX solver finished. Gap: 5.630000
[INFO]:[03:04:26] Starting CPLEX solver on instance: /home/yorig/tuner/mpils-tests/instances/miplib/easy/supportcase18.mps with config: /scratch/yorig/mpils-results-grid-seconds-5-watchdog-mip-start/easy/16proc/seed-4/9_supportcase18_seed-4_20260504_025937/iterated_local_search/run_5_worker_9/ils_config_18322339352399349009.prm
[INFO]:[03:04:26] Starting CPLEX solver on instance: /home/yorig/tuner/mpils-tests/instances/miplib/easy/supportcase18.mps with config: /scratch/yorig/mpils-results-grid-seconds-5-watchdog-mip-start/easy/16proc/seed-4/9_supportcase18_seed-4_20260504_025937/iterated_local_search/run_5_worker_9/ils_config_18322339352399349009.prm
[INFO]:[03:04:31] CPLEX results. Gap: 3.700000, upper bound: 49.000000, lower bound: 47.186667
[INFO]:[03:04:31] CPLEX solver finished. Gap: 3.700000
[INFO]:[03:04:31] New incumbent found with objective value: 3.7
[INFO]:[03:04:31] Starting CPLEX solver on instance: /home/yorig/tuner/mpils-tests/instances/miplib/easy/supportcase18.mps with config: /scratch/yorig/mpils-results-grid-seconds-5-watchdog-mip-start/easy/16proc/seed-4/9_supportcase18_seed-4_20260504_025937/iterated_local_search/run_5_worker_9/ils_config_16497105182061794942.prm
[INFO]:[03:04:31] Starting CPLEX solver on instance: /home/yorig/tuner/mpils-tests/instances/miplib/easy/supportcase18.mps with config: /scratch/yorig/mpils-results-grid-seconds-5-watchdog-mip-start/easy/16proc/seed-4/9_supportcase18_seed-4_20260504_025937/iterated_local_search/run_5_worker_9/ils_config_16497105182061794942.prm
[INFO]:[03:04:36] CPLEX results. Gap: 3.700000, upper bound: 49.000000, lower bound: 47.186667
[INFO]:[03:04:36] CPLEX solver finished. Gap: 3.700000
[INFO]:[03:04:36] Starting CPLEX solver on instance: /home/yorig/tuner/mpils-tests/instances/miplib/easy/supportcase18.mps with config: /scratch/yorig/mpils-results-grid-seconds-5-watchdog-mip-start/easy/16proc/seed-4/9_supportcase18_seed-4_20260504_025937/iterated_local_search/run_5_worker_9/ils_config_5745533460210654908.prm
[INFO]:[03:04:36] Starting CPLEX solver on instance: /home/yorig/tuner/mpils-tests/instances/miplib/easy/supportcase18.mps with config: /scratch/yorig/mpils-results-grid-seconds-5-watchdog-mip-start/easy/16proc/seed-4/9_supportcase18_seed-4_20260504_025937/iterated_local_search/run_5_worker_9/ils_config_5745533460210654908.prm
[INFO]:[03:04:41] CPLEX results. Gap: 5.630000, upper bound: 50.000000, lower bound: 47.186667
[INFO]:[03:04:41] CPLEX solver finished. Gap: 5.630000
[INFO]:[03:04:41] Starting CPLEX solver on instance: /home/yorig/tuner/mpils-tests/instances/miplib/easy/supportcase18.mps with config: /scratch/yorig/mpils-results-grid-seconds-5-watchdog-mip-start/easy/16proc/seed-4/9_supportcase18_seed-4_20260504_025937/iterated_local_search/run_5_worker_9/ils_config_7804420011546500225.prm
[INFO]:[03:04:41] Starting CPLEX solver on instance: /home/yorig/tuner/mpils-tests/instances/miplib/easy/supportcase18.mps with config: /scratch/yorig/mpils-results-grid-seconds-5-watchdog-mip-start/easy/16proc/seed-4/9_supportcase18_seed-4_20260504_025937/iterated_local_search/run_5_worker_9/ils_config_7804420011546500225.prm
[INFO]:[03:04:46] CPLEX results. Gap: 5.630000, upper bound: 50.000000, lower bound: 47.186667
[INFO]:[03:04:46] CPLEX solver finished. Gap: 5.630000
[INFO]:[03:04:46] Starting CPLEX solver on instance: /home/yorig/tuner/mpils-tests/instances/miplib/easy/supportcase18.mps with config: /scratch/yorig/mpils-results-grid-seconds-5-watchdog-mip-start/easy/16proc/seed-4/9_supportcase18_seed-4_20260504_025937/iterated_local_search/run_5_worker_9/ils_config_11164053421786165289.prm
[INFO]:[03:04:46] Starting CPLEX solver on instance: /home/yorig/tuner/mpils-tests/instances/miplib/easy/supportcase18.mps with config: /scratch/yorig/mpils-results-grid-seconds-5-watchdog-mip-start/easy/16proc/seed-4/9_supportcase18_seed-4_20260504_025937/iterated_local_search/run_5_worker_9/ils_config_11164053421786165289.prm
[INFO]:[03:04:51] CPLEX results. Gap: 5.630000, upper bound: 50.000000, lower bound: 47.186667
[INFO]:[03:04:51] CPLEX solver finished. Gap: 5.630000
[INFO]:[03:04:51] Starting CPLEX solver on instance: /home/yorig/tuner/mpils-tests/instances/miplib/easy/supportcase18.mps with config: /scratch/yorig/mpils-results-grid-seconds-5-watchdog-mip-start/easy/16proc/seed-4/9_supportcase18_seed-4_20260504_025937/iterated_local_search/run_5_worker_9/ils_config_18208731722935940311.prm
[INFO]:[03:04:51] Starting CPLEX solver on instance: /home/yorig/tuner/mpils-tests/instances/miplib/easy/supportcase18.mps with config: /scratch/yorig/mpils-results-grid-seconds-5-watchdog-mip-start/easy/16proc/seed-4/9_supportcase18_seed-4_20260504_025937/iterated_local_search/run_5_worker_9/ils_config_18208731722935940311.prm
[INFO]:[03:04:56] CPLEX results. Gap: 3.700000, upper bound: 49.000000, lower bound: 47.186667
[INFO]:[03:04:56] CPLEX solver finished. Gap: 3.700000
[INFO]:[03:04:56] Starting CPLEX solver on instance: /home/yorig/tuner/mpils-tests/instances/miplib/easy/supportcase18.mps with config: /scratch/yorig/mpils-results-grid-seconds-5-watchdog-mip-start/easy/16proc/seed-4/9_supportcase18_seed-4_20260504_025937/iterated_local_search/run_5_worker_9/ils_config_89102266592706800.prm
[INFO]:[03:04:56] Starting CPLEX solver on instance: /home/yorig/tuner/mpils-tests/instances/miplib/easy/supportcase18.mps with config: /scratch/yorig/mpils-results-grid-seconds-5-watchdog-mip-start/easy/16proc/seed-4/9_supportcase18_seed-4_20260504_025937/iterated_local_search/run_5_worker_9/ils_config_89102266592706800.prm
[INFO]:[03:05:01] CPLEX results. Gap: 3.700000, upper bound: 49.000000, lower bound: 47.186667
[INFO]:[03:05:01] CPLEX solver finished. Gap: 3.700000
[INFO]:[03:05:01] Starting CPLEX solver on instance: /home/yorig/tuner/mpils-tests/instances/miplib/easy/supportcase18.mps with config: /scratch/yorig/mpils-results-grid-seconds-5-watchdog-mip-start/easy/16proc/seed-4/9_supportcase18_seed-4_20260504_025937/iterated_local_search/run_5_worker_9/ils_config_10877861155879326534.prm
[INFO]:[03:05:01] Starting CPLEX solver on instance: /home/yorig/tuner/mpils-tests/instances/miplib/easy/supportcase18.mps with config: /scratch/yorig/mpils-results-grid-seconds-5-watchdog-mip-start/easy/16proc/seed-4/9_supportcase18_seed-4_20260504_025937/iterated_local_search/run_5_worker_9/ils_config_10877861155879326534.prm
[INFO]:[03:05:06] CPLEX results. Gap: 5.630000, upper bound: 50.000000, lower bound: 47.186667
[INFO]:[03:05:06] CPLEX solver finished. Gap: 5.630000
[INFO]:[03:05:06] Starting CPLEX solver on instance: /home/yorig/tuner/mpils-tests/instances/miplib/easy/supportcase18.mps with config: /scratch/yorig/mpils-results-grid-seconds-5-watchdog-mip-start/easy/16proc/seed-4/9_supportcase18_seed-4_20260504_025937/iterated_local_search/run_5_worker_9/ils_config_3986272534256241180.prm
[INFO]:[03:05:06] Starting CPLEX solver on instance: /home/yorig/tuner/mpils-tests/instances/miplib/easy/supportcase18.mps with config: /scratch/yorig/mpils-results-grid-seconds-5-watchdog-mip-start/easy/16proc/seed-4/9_supportcase18_seed-4_20260504_025937/iterated_local_search/run_5_worker_9/ils_config_3986272534256241180.prm
[INFO]:[03:05:11] CPLEX results. Gap: 3.700000, upper bound: 49.000000, lower bound: 47.186667
[INFO]:[03:05:11] CPLEX solver finished. Gap: 3.700000
[INFO]:[03:05:11] Starting CPLEX solver on instance: /home/yorig/tuner/mpils-tests/instances/miplib/easy/supportcase18.mps with config: /scratch/yorig/mpils-results-grid-seconds-5-watchdog-mip-start/easy/16proc/seed-4/9_supportcase18_seed-4_20260504_025937/iterated_local_search/run_5_worker_9/ils_config_172371334618313095.prm
[INFO]:[03:05:11] Starting CPLEX solver on instance: /home/yorig/tuner/mpils-tests/instances/miplib/easy/supportcase18.mps with config: /scratch/yorig/mpils-results-grid-seconds-5-watchdog-mip-start/easy/16proc/seed-4/9_supportcase18_seed-4_20260504_025937/iterated_local_search/run_5_worker_9/ils_config_172371334618313095.prm
[INFO]:[03:05:16] CPLEX results. Gap: 3.700000, upper bound: 49.000000, lower bound: 47.186667
[INFO]:[03:05:16] CPLEX solver finished. Gap: 3.700000
[INFO]:[03:05:16] Local search phase completed.
[INFO]:[03:05:16] Total number of new local-search evaluations: 18
[INFO]:[03:05:16] Final incumbent objective value: 3.7
[INFO]:[03:05:16] Worker 9 completed exploration phase.
[INFO]:[03:05:16] Worker 9 received order for step 2.
[INFO]:[03:05:16] Worker 9 running expansion phase for iteration 5.
[INFO]:[03:05:16] Worker 9 will use solver log file: /scratch/yorig/mpils-results-grid-seconds-5-watchdog-mip-start/easy/16proc/seed-4/9_supportcase18_seed-4_20260504_025937/solver/cplex.log_iteration_expansion_5_worker_9
[INFO]:[03:05:16] Expansion Worker 9 starting expansion for iteration 5.
[INFO]:[03:05:16] Starting CPLEX solver on instance: /home/yorig/tuner/mpils-tests/instances/miplib/easy/supportcase18.mps with config: /scratch/yorig/mpils-results-grid-seconds-5-watchdog-mip-start/easy/16proc/seed-4/9_supportcase18_seed-4_20260504_025937/expansion/config_param_CPXPARAM_Simplex_Limits_Singularity_5_iter_5.prm
[INFO]:[03:05:21] CPLEX results. Gap: 3.700000, upper bound: 49.000000, lower bound: 47.186667
[INFO]:[03:05:21] CPLEX solver finished. Gap: 3.700000
[INFO]:[03:05:21] Starting CPLEX solver on instance: /home/yorig/tuner/mpils-tests/instances/miplib/easy/supportcase18.mps with config: /scratch/yorig/mpils-results-grid-seconds-5-watchdog-mip-start/easy/16proc/seed-4/9_supportcase18_seed-4_20260504_025937/expansion/config_param_CPXPARAM_Simplex_Limits_Singularity_20_iter_5.prm
[INFO]:[03:05:26] CPLEX results. Gap: 3.700000, upper bound: 49.000000, lower bound: 47.186667
[INFO]:[03:05:26] CPLEX solver finished. Gap: 3.700000
[INFO]:[03:05:26] Expansion Worker 9 completed expansion.
[INFO]:[03:05:26] Worker 9 completed expansion phase.
[INFO]:[03:05:27] Worker 9 received order for step 1.
[INFO]:[03:05:27] Worker 9 running exploration phase for iteration 6.
[INFO]:[03:05:27] Worker 9 at iteration 6 will not use a MIP start file. Current best MIP-start upper bound threshold is 1.79769e+308.
[INFO]:[03:05:27] Starting local search phase...
[INFO]:[03:05:27] Creating local search space from parameter space file: /scratch/yorig/mpils-results-grid-seconds-5-watchdog-mip-start/easy/16proc/seed-4/9_supportcase18_seed-4_20260504_025937/iterated_local_search/search_space/search_space_file_6_worker_9.txt
[INFO]:[03:05:27] Local search space loaded from file: /scratch/yorig/mpils-results-grid-seconds-5-watchdog-mip-start/easy/16proc/seed-4/9_supportcase18_seed-4_20260504_025937/iterated_local_search/search_space/search_space_file_6_worker_9.txt
[INFO]:[03:05:27] Number of parameters in local search space: 71
[INFO]:[03:05:27] Number of forbidden tuples in local search space: 74
[INFO]:[03:05:27] Number of conditionals in local search space: 6
[INFO]:[03:05:27] MIP start option not enabled. Local search will proceed without MIP start.
[INFO]:[03:05:27] Evaluating initial configuration for local search phase...
[INFO]:[03:05:27] Starting CPLEX solver on instance: /home/yorig/tuner/mpils-tests/instances/miplib/easy/supportcase18.mps with config: /scratch/yorig/mpils-results-grid-seconds-5-watchdog-mip-start/easy/16proc/seed-4/9_supportcase18_seed-4_20260504_025937/iterated_local_search/run_6_worker_9/ils_config_7339871760395728709.prm
[INFO]:[03:05:27] Starting CPLEX solver on instance: /home/yorig/tuner/mpils-tests/instances/miplib/easy/supportcase18.mps with config: /scratch/yorig/mpils-results-grid-seconds-5-watchdog-mip-start/easy/16proc/seed-4/9_supportcase18_seed-4_20260504_025937/iterated_local_search/run_6_worker_9/ils_config_7339871760395728709.prm
[INFO]:[03:05:32] CPLEX results. Gap: 3.700000, upper bound: 49.000000, lower bound: 47.186667
[INFO]:[03:05:32] CPLEX solver finished. Gap: 3.700000
[INFO]:[03:05:32] Initial configuration evaluated with objective value: 3.7
[INFO]:[03:05:32] Starting CPLEX solver on instance: /home/yorig/tuner/mpils-tests/instances/miplib/easy/supportcase18.mps with config: /scratch/yorig/mpils-results-grid-seconds-5-watchdog-mip-start/easy/16proc/seed-4/9_supportcase18_seed-4_20260504_025937/iterated_local_search/run_6_worker_9/ils_config_8868728536497296971.prm
[INFO]:[03:05:32] Starting CPLEX solver on instance: /home/yorig/tuner/mpils-tests/instances/miplib/easy/supportcase18.mps with config: /scratch/yorig/mpils-results-grid-seconds-5-watchdog-mip-start/easy/16proc/seed-4/9_supportcase18_seed-4_20260504_025937/iterated_local_search/run_6_worker_9/ils_config_8868728536497296971.prm
[INFO]:[03:05:37] CPLEX results. Gap: 3.700000, upper bound: 49.000000, lower bound: 47.186667
[INFO]:[03:05:37] CPLEX solver finished. Gap: 3.700000
[INFO]:[03:05:37] Starting CPLEX solver on instance: /home/yorig/tuner/mpils-tests/instances/miplib/easy/supportcase18.mps with config: /scratch/yorig/mpils-results-grid-seconds-5-watchdog-mip-start/easy/16proc/seed-4/9_supportcase18_seed-4_20260504_025937/iterated_local_search/run_6_worker_9/ils_config_4179069887872018208.prm
[INFO]:[03:05:37] Starting CPLEX solver on instance: /home/yorig/tuner/mpils-tests/instances/miplib/easy/supportcase18.mps with config: /scratch/yorig/mpils-results-grid-seconds-5-watchdog-mip-start/easy/16proc/seed-4/9_supportcase18_seed-4_20260504_025937/iterated_local_search/run_6_worker_9/ils_config_4179069887872018208.prm
[INFO]:[03:05:42] CPLEX results. Gap: 3.700000, upper bound: 49.000000, lower bound: 47.186667
[INFO]:[03:05:42] CPLEX solver finished. Gap: 3.700000
[INFO]:[03:05:42] Starting CPLEX solver on instance: /home/yorig/tuner/mpils-tests/instances/miplib/easy/supportcase18.mps with config: /scratch/yorig/mpils-results-grid-seconds-5-watchdog-mip-start/easy/16proc/seed-4/9_supportcase18_seed-4_20260504_025937/iterated_local_search/run_6_worker_9/ils_config_12620100847849467524.prm
[INFO]:[03:05:42] Starting CPLEX solver on instance: /home/yorig/tuner/mpils-tests/instances/miplib/easy/supportcase18.mps with config: /scratch/yorig/mpils-results-grid-seconds-5-watchdog-mip-start/easy/16proc/seed-4/9_supportcase18_seed-4_20260504_025937/iterated_local_search/run_6_worker_9/ils_config_12620100847849467524.prm
[INFO]:[03:05:47] CPLEX results. Gap: 3.700000, upper bound: 49.000000, lower bound: 47.186667
[INFO]:[03:05:47] CPLEX solver finished. Gap: 3.700000
[INFO]:[03:05:47] Starting CPLEX solver on instance: /home/yorig/tuner/mpils-tests/instances/miplib/easy/supportcase18.mps with config: /scratch/yorig/mpils-results-grid-seconds-5-watchdog-mip-start/easy/16proc/seed-4/9_supportcase18_seed-4_20260504_025937/iterated_local_search/run_6_worker_9/ils_config_16275366855682696897.prm
[INFO]:[03:05:47] Starting CPLEX solver on instance: /home/yorig/tuner/mpils-tests/instances/miplib/easy/supportcase18.mps with config: /scratch/yorig/mpils-results-grid-seconds-5-watchdog-mip-start/easy/16proc/seed-4/9_supportcase18_seed-4_20260504_025937/iterated_local_search/run_6_worker_9/ils_config_16275366855682696897.prm
[INFO]:[03:05:52] CPLEX results. Gap: 3.700000, upper bound: 49.000000, lower bound: 47.186667
[INFO]:[03:05:52] CPLEX solver finished. Gap: 3.700000
[INFO]:[03:05:52] Starting CPLEX solver on instance: /home/yorig/tuner/mpils-tests/instances/miplib/easy/supportcase18.mps with config: /scratch/yorig/mpils-results-grid-seconds-5-watchdog-mip-start/easy/16proc/seed-4/9_supportcase18_seed-4_20260504_025937/iterated_local_search/run_6_worker_9/ils_config_6275687830136895936.prm
[INFO]:[03:05:52] Starting CPLEX solver on instance: /home/yorig/tuner/mpils-tests/instances/miplib/easy/supportcase18.mps with config: /scratch/yorig/mpils-results-grid-seconds-5-watchdog-mip-start/easy/16proc/seed-4/9_supportcase18_seed-4_20260504_025937/iterated_local_search/run_6_worker_9/ils_config_6275687830136895936.prm
[INFO]:[03:05:57] CPLEX results. Gap: 3.700000, upper bound: 49.000000, lower bound: 47.186667
[INFO]:[03:05:57] CPLEX solver finished. Gap: 3.700000
[INFO]:[03:05:57] Starting CPLEX solver on instance: /home/yorig/tuner/mpils-tests/instances/miplib/easy/supportcase18.mps with config: /scratch/yorig/mpils-results-grid-seconds-5-watchdog-mip-start/easy/16proc/seed-4/9_supportcase18_seed-4_20260504_025937/iterated_local_search/run_6_worker_9/ils_config_7098830607224623037.prm
[INFO]:[03:05:57] Starting CPLEX solver on instance: /home/yorig/tuner/mpils-tests/instances/miplib/easy/supportcase18.mps with config: /scratch/yorig/mpils-results-grid-seconds-5-watchdog-mip-start/easy/16proc/seed-4/9_supportcase18_seed-4_20260504_025937/iterated_local_search/run_6_worker_9/ils_config_7098830607224623037.prm
[INFO]:[03:06:02] CPLEX results. Gap: 3.700000, upper bound: 49.000000, lower bound: 47.186667
[INFO]:[03:06:02] CPLEX solver finished. Gap: 3.700000
[INFO]:[03:06:02] Starting CPLEX solver on instance: /home/yorig/tuner/mpils-tests/instances/miplib/easy/supportcase18.mps with config: /scratch/yorig/mpils-results-grid-seconds-5-watchdog-mip-start/easy/16proc/seed-4/9_supportcase18_seed-4_20260504_025937/iterated_local_search/run_6_worker_9/ils_config_16973228727005373787.prm
[INFO]:[03:06:02] Starting CPLEX solver on instance: /home/yorig/tuner/mpils-tests/instances/miplib/easy/supportcase18.mps with config: /scratch/yorig/mpils-results-grid-seconds-5-watchdog-mip-start/easy/16proc/seed-4/9_supportcase18_seed-4_20260504_025937/iterated_local_search/run_6_worker_9/ils_config_16973228727005373787.prm
[INFO]:[03:06:07] CPLEX results. Gap: 3.700000, upper bound: 49.000000, lower bound: 47.186667
[INFO]:[03:06:07] CPLEX solver finished. Gap: 3.700000
[INFO]:[03:06:07] Starting CPLEX solver on instance: /home/yorig/tuner/mpils-tests/instances/miplib/easy/supportcase18.mps with config: /scratch/yorig/mpils-results-grid-seconds-5-watchdog-mip-start/easy/16proc/seed-4/9_supportcase18_seed-4_20260504_025937/iterated_local_search/run_6_worker_9/ils_config_14956839922422254017.prm
[INFO]:[03:06:07] Starting CPLEX solver on instance: /home/yorig/tuner/mpils-tests/instances/miplib/easy/supportcase18.mps with config: /scratch/yorig/mpils-results-grid-seconds-5-watchdog-mip-start/easy/16proc/seed-4/9_supportcase18_seed-4_20260504_025937/iterated_local_search/run_6_worker_9/ils_config_14956839922422254017.prm
[INFO]:[03:06:12] CPLEX results. Gap: 3.700000, upper bound: 49.000000, lower bound: 47.186667
[INFO]:[03:06:12] CPLEX solver finished. Gap: 3.700000
[INFO]:[03:06:12] Starting CPLEX solver on instance: /home/yorig/tuner/mpils-tests/instances/miplib/easy/supportcase18.mps with config: /scratch/yorig/mpils-results-grid-seconds-5-watchdog-mip-start/easy/16proc/seed-4/9_supportcase18_seed-4_20260504_025937/iterated_local_search/run_6_worker_9/ils_config_9905199519749272886.prm
[INFO]:[03:06:12] Starting CPLEX solver on instance: /home/yorig/tuner/mpils-tests/instances/miplib/easy/supportcase18.mps with config: /scratch/yorig/mpils-results-grid-seconds-5-watchdog-mip-start/easy/16proc/seed-4/9_supportcase18_seed-4_20260504_025937/iterated_local_search/run_6_worker_9/ils_config_9905199519749272886.prm
[INFO]:[03:06:17] CPLEX results. Gap: 3.700000, upper bound: 49.000000, lower bound: 47.186667
[INFO]:[03:06:17] CPLEX solver finished. Gap: 3.700000
[INFO]:[03:06:17] Starting CPLEX solver on instance: /home/yorig/tuner/mpils-tests/instances/miplib/easy/supportcase18.mps with config: /scratch/yorig/mpils-results-grid-seconds-5-watchdog-mip-start/easy/16proc/seed-4/9_supportcase18_seed-4_20260504_025937/iterated_local_search/run_6_worker_9/ils_config_10551543747232866764.prm
[INFO]:[03:06:17] Starting CPLEX solver on instance: /home/yorig/tuner/mpils-tests/instances/miplib/easy/supportcase18.mps with config: /scratch/yorig/mpils-results-grid-seconds-5-watchdog-mip-start/easy/16proc/seed-4/9_supportcase18_seed-4_20260504_025937/iterated_local_search/run_6_worker_9/ils_config_10551543747232866764.prm
[INFO]:[03:06:22] CPLEX results. Gap: 3.700000, upper bound: 49.000000, lower bound: 47.186667
[INFO]:[03:06:22] CPLEX solver finished. Gap: 3.700000
[INFO]:[03:06:22] Starting CPLEX solver on instance: /home/yorig/tuner/mpils-tests/instances/miplib/easy/supportcase18.mps with config: /scratch/yorig/mpils-results-grid-seconds-5-watchdog-mip-start/easy/16proc/seed-4/9_supportcase18_seed-4_20260504_025937/iterated_local_search/run_6_worker_9/ils_config_17576473876803964982.prm
[INFO]:[03:06:22] Starting CPLEX solver on instance: /home/yorig/tuner/mpils-tests/instances/miplib/easy/supportcase18.mps with config: /scratch/yorig/mpils-results-grid-seconds-5-watchdog-mip-start/easy/16proc/seed-4/9_supportcase18_seed-4_20260504_025937/iterated_local_search/run_6_worker_9/ils_config_17576473876803964982.prm
[INFO]:[03:06:27] CPLEX results. Gap: 3.700000, upper bound: 49.000000, lower bound: 47.186667
[INFO]:[03:06:27] CPLEX solver finished. Gap: 3.700000
[INFO]:[03:06:27] Starting CPLEX solver on instance: /home/yorig/tuner/mpils-tests/instances/miplib/easy/supportcase18.mps with config: /scratch/yorig/mpils-results-grid-seconds-5-watchdog-mip-start/easy/16proc/seed-4/9_supportcase18_seed-4_20260504_025937/iterated_local_search/run_6_worker_9/ils_config_2538039920441892879.prm
[INFO]:[03:06:27] Starting CPLEX solver on instance: /home/yorig/tuner/mpils-tests/instances/miplib/easy/supportcase18.mps with config: /scratch/yorig/mpils-results-grid-seconds-5-watchdog-mip-start/easy/16proc/seed-4/9_supportcase18_seed-4_20260504_025937/iterated_local_search/run_6_worker_9/ils_config_2538039920441892879.prm
[INFO]:[03:06:32] CPLEX results. Gap: 3.700000, upper bound: 49.000000, lower bound: 47.186667
[INFO]:[03:06:32] CPLEX solver finished. Gap: 3.700000
[INFO]:[03:06:32] Starting CPLEX solver on instance: /home/yorig/tuner/mpils-tests/instances/miplib/easy/supportcase18.mps with config: /scratch/yorig/mpils-results-grid-seconds-5-watchdog-mip-start/easy/16proc/seed-4/9_supportcase18_seed-4_20260504_025937/iterated_local_search/run_6_worker_9/ils_config_11721965705167796221.prm
[INFO]:[03:06:32] Starting CPLEX solver on instance: /home/yorig/tuner/mpils-tests/instances/miplib/easy/supportcase18.mps with config: /scratch/yorig/mpils-results-grid-seconds-5-watchdog-mip-start/easy/16proc/seed-4/9_supportcase18_seed-4_20260504_025937/iterated_local_search/run_6_worker_9/ils_config_11721965705167796221.prm
[INFO]:[03:06:37] CPLEX results. Gap: 3.700000, upper bound: 49.000000, lower bound: 47.186667
[INFO]:[03:06:37] CPLEX solver finished. Gap: 3.700000
[INFO]:[03:06:37] Starting CPLEX solver on instance: /home/yorig/tuner/mpils-tests/instances/miplib/easy/supportcase18.mps with config: /scratch/yorig/mpils-results-grid-seconds-5-watchdog-mip-start/easy/16proc/seed-4/9_supportcase18_seed-4_20260504_025937/iterated_local_search/run_6_worker_9/ils_config_2846828647909581769.prm
[INFO]:[03:06:37] Starting CPLEX solver on instance: /home/yorig/tuner/mpils-tests/instances/miplib/easy/supportcase18.mps with config: /scratch/yorig/mpils-results-grid-seconds-5-watchdog-mip-start/easy/16proc/seed-4/9_supportcase18_seed-4_20260504_025937/iterated_local_search/run_6_worker_9/ils_config_2846828647909581769.prm
[INFO]:[03:06:42] CPLEX results. Gap: 3.700000, upper bound: 49.000000, lower bound: 47.186667
[INFO]:[03:06:42] CPLEX solver finished. Gap: 3.700000
[INFO]:[03:06:42] Starting CPLEX solver on instance: /home/yorig/tuner/mpils-tests/instances/miplib/easy/supportcase18.mps with config: /scratch/yorig/mpils-results-grid-seconds-5-watchdog-mip-start/easy/16proc/seed-4/9_supportcase18_seed-4_20260504_025937/iterated_local_search/run_6_worker_9/ils_config_5548138249920856348.prm
[INFO]:[03:06:42] Starting CPLEX solver on instance: /home/yorig/tuner/mpils-tests/instances/miplib/easy/supportcase18.mps with config: /scratch/yorig/mpils-results-grid-seconds-5-watchdog-mip-start/easy/16proc/seed-4/9_supportcase18_seed-4_20260504_025937/iterated_local_search/run_6_worker_9/ils_config_5548138249920856348.prm
[INFO]:[03:06:47] CPLEX results. Gap: 3.700000, upper bound: 49.000000, lower bound: 47.186667
[INFO]:[03:06:47] CPLEX solver finished. Gap: 3.700000
[INFO]:[03:06:47] Starting CPLEX solver on instance: /home/yorig/tuner/mpils-tests/instances/miplib/easy/supportcase18.mps with config: /scratch/yorig/mpils-results-grid-seconds-5-watchdog-mip-start/easy/16proc/seed-4/9_supportcase18_seed-4_20260504_025937/iterated_local_search/run_6_worker_9/ils_config_239222588070899295.prm
[INFO]:[03:06:47] Starting CPLEX solver on instance: /home/yorig/tuner/mpils-tests/instances/miplib/easy/supportcase18.mps with config: /scratch/yorig/mpils-results-grid-seconds-5-watchdog-mip-start/easy/16proc/seed-4/9_supportcase18_seed-4_20260504_025937/iterated_local_search/run_6_worker_9/ils_config_239222588070899295.prm
[INFO]:[03:06:52] CPLEX results. Gap: 3.700000, upper bound: 49.000000, lower bound: 47.186667
[INFO]:[03:06:52] CPLEX solver finished. Gap: 3.700000
[INFO]:[03:06:52] Received global ILS stop signal from rank 4.
[INFO]:[03:06:52] Local search phase completed.
[INFO]:[03:06:52] Total number of new local-search evaluations: 17
[INFO]:[03:06:52] Final incumbent objective value: 3.7
[INFO]:[03:06:52] Worker 9 completed exploration phase.
[INFO]:[03:06:52] Worker 9 received order for step 3.
[INFO]:[03:06:52] Worker 9 finished.
