[INFO]:[09:28:20] Worker 12 starting.
[INFO]:[09:28:20] Worker 12 received order for step 1.
[INFO]:[09:28:20] Worker 12 running exploration phase for iteration 1.
[INFO]:[09:28:20] Current MIP start info file not found: /scratch/yorig/mpils-results-grid-seconds-5/medium-2/24proc/seed-2/1_neos-4387871-tavua_seed-2_20260503_092816/iterated_local_search/mip_start/current_mip_start_1.txt
[INFO]:[09:28:20] Worker 12 at iteration 1 will not use a MIP start file. Current best MIP-start upper bound threshold is 1.79769e+308.
[INFO]:[09:28:20] Starting local search phase...
[INFO]:[09:28:20] Creating local search space from parameter space file: /scratch/yorig/mpils-results-grid-seconds-5/medium-2/24proc/seed-2/1_neos-4387871-tavua_seed-2_20260503_092816/iterated_local_search/search_space/search_space_file_1_worker_12.txt
[INFO]:[09:28:20] Local search space loaded from file: /scratch/yorig/mpils-results-grid-seconds-5/medium-2/24proc/seed-2/1_neos-4387871-tavua_seed-2_20260503_092816/iterated_local_search/search_space/search_space_file_1_worker_12.txt
[INFO]:[09:28:20] Number of parameters in local search space: 71
[INFO]:[09:28:20] Number of forbidden tuples in local search space: 0
[INFO]:[09:28:20] Number of conditionals in local search space: 6
[INFO]:[09:28:20] MIP start option not enabled. Local search will proceed without MIP start.
[INFO]:[09:28:20] Evaluating initial configuration for local search phase...
[INFO]:[09:28:20] Starting CPLEX solver on instance: /home/yorig/tuner/mpils-tests/instances/miplib/medium-2/neos-4387871-tavua.mps with config: /scratch/yorig/mpils-results-grid-seconds-5/medium-2/24proc/seed-2/1_neos-4387871-tavua_seed-2_20260503_092816/iterated_local_search/run_1_worker_12/ils_config_9472371551250258267.prm
[INFO]:[09:28:20] Starting CPLEX solver on instance: /home/yorig/tuner/mpils-tests/instances/miplib/medium-2/neos-4387871-tavua.mps with config: /scratch/yorig/mpils-results-grid-seconds-5/medium-2/24proc/seed-2/1_neos-4387871-tavua_seed-2_20260503_092816/iterated_local_search/run_1_worker_12/ils_config_9472371551250258267.prm
[INFO]:[09:28:25] CPLEX results. Gap: 28.210000, upper bound: 33.556310, lower bound: 24.091641
[INFO]:[09:28:25] Writing MIP start file: /scratch/yorig/mpils-results-grid-seconds-5/medium-2/24proc/seed-2/1_neos-4387871-tavua_seed-2_20260503_092816/iterated_local_search/run_1_worker_12/mip_starts/mip_start_eval_1_config_9472371551250258267.mst
[INFO]:[09:28:25] CPLEX solver finished. Gap: 28.210000
[INFO]:[09:28:25] Initial configuration evaluated with objective value: 28.21
[INFO]:[09:28:25] Starting CPLEX solver on instance: /home/yorig/tuner/mpils-tests/instances/miplib/medium-2/neos-4387871-tavua.mps with config: /scratch/yorig/mpils-results-grid-seconds-5/medium-2/24proc/seed-2/1_neos-4387871-tavua_seed-2_20260503_092816/iterated_local_search/run_1_worker_12/ils_config_1451391126414025819.prm
[INFO]:[09:28:25] Starting CPLEX solver on instance: /home/yorig/tuner/mpils-tests/instances/miplib/medium-2/neos-4387871-tavua.mps with config: /scratch/yorig/mpils-results-grid-seconds-5/medium-2/24proc/seed-2/1_neos-4387871-tavua_seed-2_20260503_092816/iterated_local_search/run_1_worker_12/ils_config_1451391126414025819.prm
[INFO]:[09:28:30] CPLEX results. Gap: 36.590000, upper bound: 33.970520, lower bound: 21.542126
[INFO]:[09:28:30] CPLEX solver finished. Gap: 36.590000
[INFO]:[09:28:30] Starting CPLEX solver on instance: /home/yorig/tuner/mpils-tests/instances/miplib/medium-2/neos-4387871-tavua.mps with config: /scratch/yorig/mpils-results-grid-seconds-5/medium-2/24proc/seed-2/1_neos-4387871-tavua_seed-2_20260503_092816/iterated_local_search/run_1_worker_12/ils_config_7062578842648358838.prm
[INFO]:[09:28:30] Starting CPLEX solver on instance: /home/yorig/tuner/mpils-tests/instances/miplib/medium-2/neos-4387871-tavua.mps with config: /scratch/yorig/mpils-results-grid-seconds-5/medium-2/24proc/seed-2/1_neos-4387871-tavua_seed-2_20260503_092816/iterated_local_search/run_1_worker_12/ils_config_7062578842648358838.prm
[INFO]:[09:28:35] CPLEX results. Gap: 28.350000, upper bound: 33.556310, lower bound: 24.042483
[INFO]:[09:28:35] CPLEX solver finished. Gap: 28.350000
[INFO]:[09:28:35] Starting CPLEX solver on instance: /home/yorig/tuner/mpils-tests/instances/miplib/medium-2/neos-4387871-tavua.mps with config: /scratch/yorig/mpils-results-grid-seconds-5/medium-2/24proc/seed-2/1_neos-4387871-tavua_seed-2_20260503_092816/iterated_local_search/run_1_worker_12/ils_config_16440462523655279179.prm
[INFO]:[09:28:35] Starting CPLEX solver on instance: /home/yorig/tuner/mpils-tests/instances/miplib/medium-2/neos-4387871-tavua.mps with config: /scratch/yorig/mpils-results-grid-seconds-5/medium-2/24proc/seed-2/1_neos-4387871-tavua_seed-2_20260503_092816/iterated_local_search/run_1_worker_12/ils_config_16440462523655279179.prm
[INFO]:[09:28:40] CPLEX results. Gap: 28.210000, upper bound: 33.556310, lower bound: 24.091641
[INFO]:[09:28:40] CPLEX solver finished. Gap: 28.210000
[INFO]:[09:28:40] Starting CPLEX solver on instance: /home/yorig/tuner/mpils-tests/instances/miplib/medium-2/neos-4387871-tavua.mps with config: /scratch/yorig/mpils-results-grid-seconds-5/medium-2/24proc/seed-2/1_neos-4387871-tavua_seed-2_20260503_092816/iterated_local_search/run_1_worker_12/ils_config_7893969719215247234.prm
[INFO]:[09:28:40] Starting CPLEX solver on instance: /home/yorig/tuner/mpils-tests/instances/miplib/medium-2/neos-4387871-tavua.mps with config: /scratch/yorig/mpils-results-grid-seconds-5/medium-2/24proc/seed-2/1_neos-4387871-tavua_seed-2_20260503_092816/iterated_local_search/run_1_worker_12/ils_config_7893969719215247234.prm
[INFO]:[09:28:45] CPLEX results. Gap: 37.480000, upper bound: 34.384730, lower bound: 21.498980
[INFO]:[09:28:45] CPLEX solver finished. Gap: 37.480000
[INFO]:[09:28:45] Starting CPLEX solver on instance: /home/yorig/tuner/mpils-tests/instances/miplib/medium-2/neos-4387871-tavua.mps with config: /scratch/yorig/mpils-results-grid-seconds-5/medium-2/24proc/seed-2/1_neos-4387871-tavua_seed-2_20260503_092816/iterated_local_search/run_1_worker_12/ils_config_13513101557038122361.prm
[INFO]:[09:28:45] Starting CPLEX solver on instance: /home/yorig/tuner/mpils-tests/instances/miplib/medium-2/neos-4387871-tavua.mps with config: /scratch/yorig/mpils-results-grid-seconds-5/medium-2/24proc/seed-2/1_neos-4387871-tavua_seed-2_20260503_092816/iterated_local_search/run_1_worker_12/ils_config_13513101557038122361.prm
[INFO]:[09:28:50] CPLEX results. Gap: 51.000000, upper bound: 33.556310, lower bound: 16.444059
[INFO]:[09:28:50] CPLEX solver finished. Gap: 51.000000
[INFO]:[09:28:50] Starting CPLEX solver on instance: /home/yorig/tuner/mpils-tests/instances/miplib/medium-2/neos-4387871-tavua.mps with config: /scratch/yorig/mpils-results-grid-seconds-5/medium-2/24proc/seed-2/1_neos-4387871-tavua_seed-2_20260503_092816/iterated_local_search/run_1_worker_12/ils_config_8911926933511167454.prm
[INFO]:[09:28:50] Starting CPLEX solver on instance: /home/yorig/tuner/mpils-tests/instances/miplib/medium-2/neos-4387871-tavua.mps with config: /scratch/yorig/mpils-results-grid-seconds-5/medium-2/24proc/seed-2/1_neos-4387871-tavua_seed-2_20260503_092816/iterated_local_search/run_1_worker_12/ils_config_8911926933511167454.prm
[INFO]:[09:28:55] CPLEX results. Gap: 28.210000, upper bound: 33.556310, lower bound: 24.091641
[INFO]:[09:28:55] CPLEX solver finished. Gap: 28.210000
[INFO]:[09:28:55] Starting CPLEX solver on instance: /home/yorig/tuner/mpils-tests/instances/miplib/medium-2/neos-4387871-tavua.mps with config: /scratch/yorig/mpils-results-grid-seconds-5/medium-2/24proc/seed-2/1_neos-4387871-tavua_seed-2_20260503_092816/iterated_local_search/run_1_worker_12/ils_config_15573052666051985794.prm
[INFO]:[09:28:55] Starting CPLEX solver on instance: /home/yorig/tuner/mpils-tests/instances/miplib/medium-2/neos-4387871-tavua.mps with config: /scratch/yorig/mpils-results-grid-seconds-5/medium-2/24proc/seed-2/1_neos-4387871-tavua_seed-2_20260503_092816/iterated_local_search/run_1_worker_12/ils_config_15573052666051985794.prm
[INFO]:[09:29:00] CPLEX results. Gap: 28.210000, upper bound: 33.556310, lower bound: 24.091641
[INFO]:[09:29:00] CPLEX solver finished. Gap: 28.210000
[INFO]:[09:29:00] Starting CPLEX solver on instance: /home/yorig/tuner/mpils-tests/instances/miplib/medium-2/neos-4387871-tavua.mps with config: /scratch/yorig/mpils-results-grid-seconds-5/medium-2/24proc/seed-2/1_neos-4387871-tavua_seed-2_20260503_092816/iterated_local_search/run_1_worker_12/ils_config_2602194511990287368.prm
[INFO]:[09:29:00] Starting CPLEX solver on instance: /home/yorig/tuner/mpils-tests/instances/miplib/medium-2/neos-4387871-tavua.mps with config: /scratch/yorig/mpils-results-grid-seconds-5/medium-2/24proc/seed-2/1_neos-4387871-tavua_seed-2_20260503_092816/iterated_local_search/run_1_worker_12/ils_config_2602194511990287368.prm
[INFO]:[09:29:05] CPLEX results. Gap: 34.750000, upper bound: 34.727890, lower bound: 22.659402
[INFO]:[09:29:05] CPLEX solver finished. Gap: 34.750000
[INFO]:[09:29:05] Starting CPLEX solver on instance: /home/yorig/tuner/mpils-tests/instances/miplib/medium-2/neos-4387871-tavua.mps with config: /scratch/yorig/mpils-results-grid-seconds-5/medium-2/24proc/seed-2/1_neos-4387871-tavua_seed-2_20260503_092816/iterated_local_search/run_1_worker_12/ils_config_8107222607247601698.prm
[INFO]:[09:29:05] Starting CPLEX solver on instance: /home/yorig/tuner/mpils-tests/instances/miplib/medium-2/neos-4387871-tavua.mps with config: /scratch/yorig/mpils-results-grid-seconds-5/medium-2/24proc/seed-2/1_neos-4387871-tavua_seed-2_20260503_092816/iterated_local_search/run_1_worker_12/ils_config_8107222607247601698.prm
[INFO]:[09:29:10] CPLEX results. Gap: 28.210000, upper bound: 33.556310, lower bound: 24.091641
[INFO]:[09:29:10] CPLEX solver finished. Gap: 28.210000
[INFO]:[09:29:10] Starting CPLEX solver on instance: /home/yorig/tuner/mpils-tests/instances/miplib/medium-2/neos-4387871-tavua.mps with config: /scratch/yorig/mpils-results-grid-seconds-5/medium-2/24proc/seed-2/1_neos-4387871-tavua_seed-2_20260503_092816/iterated_local_search/run_1_worker_12/ils_config_6075528897840935802.prm
[INFO]:[09:29:10] Starting CPLEX solver on instance: /home/yorig/tuner/mpils-tests/instances/miplib/medium-2/neos-4387871-tavua.mps with config: /scratch/yorig/mpils-results-grid-seconds-5/medium-2/24proc/seed-2/1_neos-4387871-tavua_seed-2_20260503_092816/iterated_local_search/run_1_worker_12/ils_config_6075528897840935802.prm
[INFO]:[09:29:15] CPLEX results. Gap: 34.510000, upper bound: 33.556310, lower bound: 21.975808
[INFO]:[09:29:15] Writing MIP start file: /scratch/yorig/mpils-results-grid-seconds-5/medium-2/24proc/seed-2/1_neos-4387871-tavua_seed-2_20260503_092816/iterated_local_search/run_1_worker_12/mip_starts/mip_start_eval_11_config_6075528897840935802.mst
[INFO]:[09:29:15] CPLEX solver finished. Gap: 34.510000
[INFO]:[09:29:15] Starting CPLEX solver on instance: /home/yorig/tuner/mpils-tests/instances/miplib/medium-2/neos-4387871-tavua.mps with config: /scratch/yorig/mpils-results-grid-seconds-5/medium-2/24proc/seed-2/1_neos-4387871-tavua_seed-2_20260503_092816/iterated_local_search/run_1_worker_12/ils_config_14256876814180253200.prm
[INFO]:[09:29:15] Starting CPLEX solver on instance: /home/yorig/tuner/mpils-tests/instances/miplib/medium-2/neos-4387871-tavua.mps with config: /scratch/yorig/mpils-results-grid-seconds-5/medium-2/24proc/seed-2/1_neos-4387871-tavua_seed-2_20260503_092816/iterated_local_search/run_1_worker_12/ils_config_14256876814180253200.prm
[INFO]:[09:29:20] CPLEX results. Gap: 41.250000, upper bound: 33.970520, lower bound: 19.958613
[INFO]:[09:29:20] CPLEX solver finished. Gap: 41.250000
[INFO]:[09:29:20] Starting CPLEX solver on instance: /home/yorig/tuner/mpils-tests/instances/miplib/medium-2/neos-4387871-tavua.mps with config: /scratch/yorig/mpils-results-grid-seconds-5/medium-2/24proc/seed-2/1_neos-4387871-tavua_seed-2_20260503_092816/iterated_local_search/run_1_worker_12/ils_config_6887592041426718390.prm
[INFO]:[09:29:20] Starting CPLEX solver on instance: /home/yorig/tuner/mpils-tests/instances/miplib/medium-2/neos-4387871-tavua.mps with config: /scratch/yorig/mpils-results-grid-seconds-5/medium-2/24proc/seed-2/1_neos-4387871-tavua_seed-2_20260503_092816/iterated_local_search/run_1_worker_12/ils_config_6887592041426718390.prm
[INFO]:[09:29:25] CPLEX results. Gap: 28.350000, upper bound: 33.556310, lower bound: 24.042483
[INFO]:[09:29:25] CPLEX solver finished. Gap: 28.350000
[INFO]:[09:29:25] Starting CPLEX solver on instance: /home/yorig/tuner/mpils-tests/instances/miplib/medium-2/neos-4387871-tavua.mps with config: /scratch/yorig/mpils-results-grid-seconds-5/medium-2/24proc/seed-2/1_neos-4387871-tavua_seed-2_20260503_092816/iterated_local_search/run_1_worker_12/ils_config_952844479130461285.prm
[INFO]:[09:29:25] Starting CPLEX solver on instance: /home/yorig/tuner/mpils-tests/instances/miplib/medium-2/neos-4387871-tavua.mps with config: /scratch/yorig/mpils-results-grid-seconds-5/medium-2/24proc/seed-2/1_neos-4387871-tavua_seed-2_20260503_092816/iterated_local_search/run_1_worker_12/ils_config_952844479130461285.prm
[INFO]:[09:29:30] CPLEX results. Gap: 28.210000, upper bound: 33.556310, lower bound: 24.091641
[INFO]:[09:29:30] CPLEX solver finished. Gap: 28.210000
[INFO]:[09:29:30] Starting CPLEX solver on instance: /home/yorig/tuner/mpils-tests/instances/miplib/medium-2/neos-4387871-tavua.mps with config: /scratch/yorig/mpils-results-grid-seconds-5/medium-2/24proc/seed-2/1_neos-4387871-tavua_seed-2_20260503_092816/iterated_local_search/run_1_worker_12/ils_config_4344822302607491382.prm
[INFO]:[09:29:30] Starting CPLEX solver on instance: /home/yorig/tuner/mpils-tests/instances/miplib/medium-2/neos-4387871-tavua.mps with config: /scratch/yorig/mpils-results-grid-seconds-5/medium-2/24proc/seed-2/1_neos-4387871-tavua_seed-2_20260503_092816/iterated_local_search/run_1_worker_12/ils_config_4344822302607491382.prm
[INFO]:[09:29:35] CPLEX results. Gap: 27.570000, upper bound: 33.556310, lower bound: 24.303667
[INFO]:[09:29:35] CPLEX solver finished. Gap: 27.570000
[INFO]:[09:29:35] New incumbent found with objective value: 27.57
[INFO]:[09:29:35] Starting CPLEX solver on instance: /home/yorig/tuner/mpils-tests/instances/miplib/medium-2/neos-4387871-tavua.mps with config: /scratch/yorig/mpils-results-grid-seconds-5/medium-2/24proc/seed-2/1_neos-4387871-tavua_seed-2_20260503_092816/iterated_local_search/run_1_worker_12/ils_config_12341654215664825130.prm
[INFO]:[09:29:35] Starting CPLEX solver on instance: /home/yorig/tuner/mpils-tests/instances/miplib/medium-2/neos-4387871-tavua.mps with config: /scratch/yorig/mpils-results-grid-seconds-5/medium-2/24proc/seed-2/1_neos-4387871-tavua_seed-2_20260503_092816/iterated_local_search/run_1_worker_12/ils_config_12341654215664825130.prm
[INFO]:[09:29:40] CPLEX results. Gap: 27.470000, upper bound: 33.556310, lower bound: 24.339406
[INFO]:[09:29:40] CPLEX solver finished. Gap: 27.470000
[INFO]:[09:29:40] New incumbent found with objective value: 27.47
[INFO]:[09:29:41] Starting CPLEX solver on instance: /home/yorig/tuner/mpils-tests/instances/miplib/medium-2/neos-4387871-tavua.mps with config: /scratch/yorig/mpils-results-grid-seconds-5/medium-2/24proc/seed-2/1_neos-4387871-tavua_seed-2_20260503_092816/iterated_local_search/run_1_worker_12/ils_config_7574181040607923978.prm
[INFO]:[09:29:41] Starting CPLEX solver on instance: /home/yorig/tuner/mpils-tests/instances/miplib/medium-2/neos-4387871-tavua.mps with config: /scratch/yorig/mpils-results-grid-seconds-5/medium-2/24proc/seed-2/1_neos-4387871-tavua_seed-2_20260503_092816/iterated_local_search/run_1_worker_12/ils_config_7574181040607923978.prm
[INFO]:[09:29:46] CPLEX results. Gap: 34.690000, upper bound: 34.142100, lower bound: 22.298597
[INFO]:[09:29:46] CPLEX solver finished. Gap: 34.690000
[INFO]:[09:29:46] Starting CPLEX solver on instance: /home/yorig/tuner/mpils-tests/instances/miplib/medium-2/neos-4387871-tavua.mps with config: /scratch/yorig/mpils-results-grid-seconds-5/medium-2/24proc/seed-2/1_neos-4387871-tavua_seed-2_20260503_092816/iterated_local_search/run_1_worker_12/ils_config_13092163853748266672.prm
[INFO]:[09:29:46] Starting CPLEX solver on instance: /home/yorig/tuner/mpils-tests/instances/miplib/medium-2/neos-4387871-tavua.mps with config: /scratch/yorig/mpils-results-grid-seconds-5/medium-2/24proc/seed-2/1_neos-4387871-tavua_seed-2_20260503_092816/iterated_local_search/run_1_worker_12/ils_config_13092163853748266672.prm
[INFO]:[09:29:51] CPLEX results. Gap: 34.990000, upper bound: 33.970520, lower bound: 22.082934
[INFO]:[09:29:51] CPLEX solver finished. Gap: 34.990000
[INFO]:[09:29:51] Starting CPLEX solver on instance: /home/yorig/tuner/mpils-tests/instances/miplib/medium-2/neos-4387871-tavua.mps with config: /scratch/yorig/mpils-results-grid-seconds-5/medium-2/24proc/seed-2/1_neos-4387871-tavua_seed-2_20260503_092816/iterated_local_search/run_1_worker_12/ils_config_8810869169898130457.prm
[INFO]:[09:29:51] Starting CPLEX solver on instance: /home/yorig/tuner/mpils-tests/instances/miplib/medium-2/neos-4387871-tavua.mps with config: /scratch/yorig/mpils-results-grid-seconds-5/medium-2/24proc/seed-2/1_neos-4387871-tavua_seed-2_20260503_092816/iterated_local_search/run_1_worker_12/ils_config_8810869169898130457.prm
[INFO]:[09:29:56] CPLEX results. Gap: 28.350000, upper bound: 33.556310, lower bound: 24.042483
[INFO]:[09:29:56] CPLEX solver finished. Gap: 28.350000
[INFO]:[09:29:56] Starting CPLEX solver on instance: /home/yorig/tuner/mpils-tests/instances/miplib/medium-2/neos-4387871-tavua.mps with config: /scratch/yorig/mpils-results-grid-seconds-5/medium-2/24proc/seed-2/1_neos-4387871-tavua_seed-2_20260503_092816/iterated_local_search/run_1_worker_12/ils_config_13757582663867719221.prm
[INFO]:[09:29:56] Starting CPLEX solver on instance: /home/yorig/tuner/mpils-tests/instances/miplib/medium-2/neos-4387871-tavua.mps with config: /scratch/yorig/mpils-results-grid-seconds-5/medium-2/24proc/seed-2/1_neos-4387871-tavua_seed-2_20260503_092816/iterated_local_search/run_1_worker_12/ils_config_13757582663867719221.prm
[INFO]:[09:30:01] CPLEX results. Gap: 27.960000, upper bound: 33.556310, lower bound: 24.174968
[INFO]:[09:30:01] CPLEX solver finished. Gap: 27.960000
[INFO]:[09:30:01] Local search phase completed.
[INFO]:[09:30:01] Total number of new local-search evaluations: 20
[INFO]:[09:30:01] Final incumbent objective value: 27.47
[INFO]:[09:30:01] Worker 12 completed exploration phase.
[INFO]:[09:30:01] Worker 12 received order for step 2.
[INFO]:[09:30:01] Worker 12 running expansion phase for iteration 1.
[INFO]:[09:30:01] Worker 12 will use solver log file: /scratch/yorig/mpils-results-grid-seconds-5/medium-2/24proc/seed-2/1_neos-4387871-tavua_seed-2_20260503_092816/solver/cplex.log_iteration_expansion_1_worker_12
[INFO]:[09:30:01] Expansion Worker 12 starting expansion for iteration 1.
[INFO]:[09:30:01] Starting CPLEX solver on instance: /home/yorig/tuner/mpils-tests/instances/miplib/medium-2/neos-4387871-tavua.mps with config: /scratch/yorig/mpils-results-grid-seconds-5/medium-2/24proc/seed-2/1_neos-4387871-tavua_seed-2_20260503_092816/expansion/config_param_CPXPARAM_MIP_Limits_ProbeTime_240_iter_1.prm
[INFO]:[09:30:06] CPLEX results. Gap: 24.670000, upper bound: 33.556310, lower bound: 25.277030
[INFO]:[09:30:06] CPLEX solver finished. Gap: 24.670000
[INFO]:[09:30:06] Expansion Worker 12 stopping early after global MPI expansion stop was activated.
[INFO]:[09:30:06] Expansion Worker 12 completed expansion.
[INFO]:[09:30:06] Worker 12 completed expansion phase.
[INFO]:[09:30:06] Worker 12 received order for step 1.
[INFO]:[09:30:06] Worker 12 running exploration phase for iteration 2.
[INFO]:[09:30:06] Worker 12 at iteration 2 will not use a MIP start file. Current best MIP-start upper bound threshold is 33.3847.
[INFO]:[09:30:06] Starting local search phase...
[INFO]:[09:30:06] Creating local search space from parameter space file: /scratch/yorig/mpils-results-grid-seconds-5/medium-2/24proc/seed-2/1_neos-4387871-tavua_seed-2_20260503_092816/iterated_local_search/search_space/search_space_file_2_worker_12.txt
[INFO]:[09:30:06] Local search space loaded from file: /scratch/yorig/mpils-results-grid-seconds-5/medium-2/24proc/seed-2/1_neos-4387871-tavua_seed-2_20260503_092816/iterated_local_search/search_space/search_space_file_2_worker_12.txt
[INFO]:[09:30:06] Number of parameters in local search space: 71
[INFO]:[09:30:06] Number of forbidden tuples in local search space: 24
[INFO]:[09:30:06] Number of conditionals in local search space: 6
[INFO]:[09:30:06] MIP start option not enabled. Local search will proceed without MIP start.
[INFO]:[09:30:06] Evaluating initial configuration for local search phase...
[INFO]:[09:30:06] Starting CPLEX solver on instance: /home/yorig/tuner/mpils-tests/instances/miplib/medium-2/neos-4387871-tavua.mps with config: /scratch/yorig/mpils-results-grid-seconds-5/medium-2/24proc/seed-2/1_neos-4387871-tavua_seed-2_20260503_092816/iterated_local_search/run_2_worker_12/ils_config_4379948940631685717.prm
[INFO]:[09:30:06] Starting CPLEX solver on instance: /home/yorig/tuner/mpils-tests/instances/miplib/medium-2/neos-4387871-tavua.mps with config: /scratch/yorig/mpils-results-grid-seconds-5/medium-2/24proc/seed-2/1_neos-4387871-tavua_seed-2_20260503_092816/iterated_local_search/run_2_worker_12/ils_config_4379948940631685717.prm
[INFO]:[09:30:11] CPLEX results. Gap: 58.400000, upper bound: 33.556310, lower bound: 13.960405
[INFO]:[09:30:11] CPLEX solver finished. Gap: 58.400000
[INFO]:[09:30:11] Initial configuration evaluated with objective value: 58.4
[INFO]:[09:30:11] Starting CPLEX solver on instance: /home/yorig/tuner/mpils-tests/instances/miplib/medium-2/neos-4387871-tavua.mps with config: /scratch/yorig/mpils-results-grid-seconds-5/medium-2/24proc/seed-2/1_neos-4387871-tavua_seed-2_20260503_092816/iterated_local_search/run_2_worker_12/ils_config_3566189398301893434.prm
[INFO]:[09:30:11] Starting CPLEX solver on instance: /home/yorig/tuner/mpils-tests/instances/miplib/medium-2/neos-4387871-tavua.mps with config: /scratch/yorig/mpils-results-grid-seconds-5/medium-2/24proc/seed-2/1_neos-4387871-tavua_seed-2_20260503_092816/iterated_local_search/run_2_worker_12/ils_config_3566189398301893434.prm
[INFO]:[09:30:16] CPLEX results. Gap: 55.770000, upper bound: 33.384730, lower bound: 14.766033
[INFO]:[09:30:16] CPLEX solver finished. Gap: 55.770000
[INFO]:[09:30:16] New incumbent found with objective value: 55.77
[INFO]:[09:30:16] Starting CPLEX solver on instance: /home/yorig/tuner/mpils-tests/instances/miplib/medium-2/neos-4387871-tavua.mps with config: /scratch/yorig/mpils-results-grid-seconds-5/medium-2/24proc/seed-2/1_neos-4387871-tavua_seed-2_20260503_092816/iterated_local_search/run_2_worker_12/ils_config_12921310869077823341.prm
[INFO]:[09:30:16] Starting CPLEX solver on instance: /home/yorig/tuner/mpils-tests/instances/miplib/medium-2/neos-4387871-tavua.mps with config: /scratch/yorig/mpils-results-grid-seconds-5/medium-2/24proc/seed-2/1_neos-4387871-tavua_seed-2_20260503_092816/iterated_local_search/run_2_worker_12/ils_config_12921310869077823341.prm
[INFO]:[09:30:21] CPLEX results. Gap: 55.770000, upper bound: 33.384730, lower bound: 14.766033
[INFO]:[09:30:21] CPLEX solver finished. Gap: 55.770000
[INFO]:[09:30:21] Starting CPLEX solver on instance: /home/yorig/tuner/mpils-tests/instances/miplib/medium-2/neos-4387871-tavua.mps with config: /scratch/yorig/mpils-results-grid-seconds-5/medium-2/24proc/seed-2/1_neos-4387871-tavua_seed-2_20260503_092816/iterated_local_search/run_2_worker_12/ils_config_12305429687582029732.prm
[INFO]:[09:30:21] Starting CPLEX solver on instance: /home/yorig/tuner/mpils-tests/instances/miplib/medium-2/neos-4387871-tavua.mps with config: /scratch/yorig/mpils-results-grid-seconds-5/medium-2/24proc/seed-2/1_neos-4387871-tavua_seed-2_20260503_092816/iterated_local_search/run_2_worker_12/ils_config_12305429687582029732.prm
[INFO]:[09:30:26] CPLEX results. Gap: 55.770000, upper bound: 33.384730, lower bound: 14.766033
[INFO]:[09:30:26] CPLEX solver finished. Gap: 55.770000
[INFO]:[09:30:26] Starting CPLEX solver on instance: /home/yorig/tuner/mpils-tests/instances/miplib/medium-2/neos-4387871-tavua.mps with config: /scratch/yorig/mpils-results-grid-seconds-5/medium-2/24proc/seed-2/1_neos-4387871-tavua_seed-2_20260503_092816/iterated_local_search/run_2_worker_12/ils_config_8761530446701483970.prm
[INFO]:[09:30:26] Starting CPLEX solver on instance: /home/yorig/tuner/mpils-tests/instances/miplib/medium-2/neos-4387871-tavua.mps with config: /scratch/yorig/mpils-results-grid-seconds-5/medium-2/24proc/seed-2/1_neos-4387871-tavua_seed-2_20260503_092816/iterated_local_search/run_2_worker_12/ils_config_8761530446701483970.prm
[INFO]:[09:30:31] CPLEX results. Gap: 54.510000, upper bound: 33.556310, lower bound: 15.263154
[INFO]:[09:30:31] CPLEX solver finished. Gap: 54.510000
[INFO]:[09:30:31] New incumbent found with objective value: 54.51
[INFO]:[09:30:31] Starting CPLEX solver on instance: /home/yorig/tuner/mpils-tests/instances/miplib/medium-2/neos-4387871-tavua.mps with config: /scratch/yorig/mpils-results-grid-seconds-5/medium-2/24proc/seed-2/1_neos-4387871-tavua_seed-2_20260503_092816/iterated_local_search/run_2_worker_12/ils_config_7531956733202765871.prm
[INFO]:[09:30:31] Starting CPLEX solver on instance: /home/yorig/tuner/mpils-tests/instances/miplib/medium-2/neos-4387871-tavua.mps with config: /scratch/yorig/mpils-results-grid-seconds-5/medium-2/24proc/seed-2/1_neos-4387871-tavua_seed-2_20260503_092816/iterated_local_search/run_2_worker_12/ils_config_7531956733202765871.prm
[INFO]:[09:30:36] CPLEX results. Gap: 54.520000, upper bound: 33.556310, lower bound: 15.259956
[INFO]:[09:30:36] CPLEX solver finished. Gap: 54.520000
[INFO]:[09:30:36] Starting CPLEX solver on instance: /home/yorig/tuner/mpils-tests/instances/miplib/medium-2/neos-4387871-tavua.mps with config: /scratch/yorig/mpils-results-grid-seconds-5/medium-2/24proc/seed-2/1_neos-4387871-tavua_seed-2_20260503_092816/iterated_local_search/run_2_worker_12/ils_config_6381436975831703594.prm
[INFO]:[09:30:36] Starting CPLEX solver on instance: /home/yorig/tuner/mpils-tests/instances/miplib/medium-2/neos-4387871-tavua.mps with config: /scratch/yorig/mpils-results-grid-seconds-5/medium-2/24proc/seed-2/1_neos-4387871-tavua_seed-2_20260503_092816/iterated_local_search/run_2_worker_12/ils_config_6381436975831703594.prm
[INFO]:[09:30:41] CPLEX results. Gap: 32.840000, upper bound: 34.556310, lower bound: 23.209265
[INFO]:[09:30:41] CPLEX solver finished. Gap: 32.840000
[INFO]:[09:30:41] New incumbent found with objective value: 32.84
[INFO]:[09:30:41] Starting CPLEX solver on instance: /home/yorig/tuner/mpils-tests/instances/miplib/medium-2/neos-4387871-tavua.mps with config: /scratch/yorig/mpils-results-grid-seconds-5/medium-2/24proc/seed-2/1_neos-4387871-tavua_seed-2_20260503_092816/iterated_local_search/run_2_worker_12/ils_config_13025362459706286448.prm
[INFO]:[09:30:41] Starting CPLEX solver on instance: /home/yorig/tuner/mpils-tests/instances/miplib/medium-2/neos-4387871-tavua.mps with config: /scratch/yorig/mpils-results-grid-seconds-5/medium-2/24proc/seed-2/1_neos-4387871-tavua_seed-2_20260503_092816/iterated_local_search/run_2_worker_12/ils_config_13025362459706286448.prm
[INFO]:[09:30:46] CPLEX results. Gap: 32.340000, upper bound: 34.556310, lower bound: 23.379320
[INFO]:[09:30:46] CPLEX solver finished. Gap: 32.340000
[INFO]:[09:30:46] New incumbent found with objective value: 32.34
[INFO]:[09:30:47] Starting CPLEX solver on instance: /home/yorig/tuner/mpils-tests/instances/miplib/medium-2/neos-4387871-tavua.mps with config: /scratch/yorig/mpils-results-grid-seconds-5/medium-2/24proc/seed-2/1_neos-4387871-tavua_seed-2_20260503_092816/iterated_local_search/run_2_worker_12/ils_config_2706949461435684446.prm
[INFO]:[09:30:47] Starting CPLEX solver on instance: /home/yorig/tuner/mpils-tests/instances/miplib/medium-2/neos-4387871-tavua.mps with config: /scratch/yorig/mpils-results-grid-seconds-5/medium-2/24proc/seed-2/1_neos-4387871-tavua_seed-2_20260503_092816/iterated_local_search/run_2_worker_12/ils_config_2706949461435684446.prm
[INFO]:[09:30:52] CPLEX results. Gap: 32.280000, upper bound: 34.556310, lower bound: 23.400727
[INFO]:[09:30:52] CPLEX solver finished. Gap: 32.280000
[INFO]:[09:30:52] New incumbent found with objective value: 32.28
[INFO]:[09:30:52] Starting CPLEX solver on instance: /home/yorig/tuner/mpils-tests/instances/miplib/medium-2/neos-4387871-tavua.mps with config: /scratch/yorig/mpils-results-grid-seconds-5/medium-2/24proc/seed-2/1_neos-4387871-tavua_seed-2_20260503_092816/iterated_local_search/run_2_worker_12/ils_config_16887552105603423039.prm
[INFO]:[09:30:52] Starting CPLEX solver on instance: /home/yorig/tuner/mpils-tests/instances/miplib/medium-2/neos-4387871-tavua.mps with config: /scratch/yorig/mpils-results-grid-seconds-5/medium-2/24proc/seed-2/1_neos-4387871-tavua_seed-2_20260503_092816/iterated_local_search/run_2_worker_12/ils_config_16887552105603423039.prm
[INFO]:[09:30:57] CPLEX results. Gap: 33.750000, upper bound: 34.142100, lower bound: 22.618189
[INFO]:[09:30:57] CPLEX solver finished. Gap: 33.750000
[INFO]:[09:30:57] Starting CPLEX solver on instance: /home/yorig/tuner/mpils-tests/instances/miplib/medium-2/neos-4387871-tavua.mps with config: /scratch/yorig/mpils-results-grid-seconds-5/medium-2/24proc/seed-2/1_neos-4387871-tavua_seed-2_20260503_092816/iterated_local_search/run_2_worker_12/ils_config_12308751095617610866.prm
[INFO]:[09:30:57] Starting CPLEX solver on instance: /home/yorig/tuner/mpils-tests/instances/miplib/medium-2/neos-4387871-tavua.mps with config: /scratch/yorig/mpils-results-grid-seconds-5/medium-2/24proc/seed-2/1_neos-4387871-tavua_seed-2_20260503_092816/iterated_local_search/run_2_worker_12/ils_config_12308751095617610866.prm
[INFO]:[09:31:02] CPLEX results. Gap: 32.340000, upper bound: 34.556310, lower bound: 23.379320
[INFO]:[09:31:02] CPLEX solver finished. Gap: 32.340000
[INFO]:[09:31:02] Starting CPLEX solver on instance: /home/yorig/tuner/mpils-tests/instances/miplib/medium-2/neos-4387871-tavua.mps with config: /scratch/yorig/mpils-results-grid-seconds-5/medium-2/24proc/seed-2/1_neos-4387871-tavua_seed-2_20260503_092816/iterated_local_search/run_2_worker_12/ils_config_17546728431461220374.prm
[INFO]:[09:31:02] Starting CPLEX solver on instance: /home/yorig/tuner/mpils-tests/instances/miplib/medium-2/neos-4387871-tavua.mps with config: /scratch/yorig/mpils-results-grid-seconds-5/medium-2/24proc/seed-2/1_neos-4387871-tavua_seed-2_20260503_092816/iterated_local_search/run_2_worker_12/ils_config_17546728431461220374.prm
[INFO]:[09:31:07] CPLEX results. Gap: 29.690000, upper bound: 34.142100, lower bound: 24.003787
[INFO]:[09:31:07] CPLEX solver finished. Gap: 29.690000
[INFO]:[09:31:07] New incumbent found with objective value: 29.69
[INFO]:[09:31:07] Local search phase completed.
[INFO]:[09:31:07] Total number of new local-search evaluations: 12
[INFO]:[09:31:07] Final incumbent objective value: 29.69
[INFO]:[09:31:07] Worker 12 completed exploration phase.
[INFO]:[09:31:07] Worker 12 received order for step 2.
[INFO]:[09:31:07] Worker 12 running expansion phase for iteration 2.
[INFO]:[09:31:07] Worker 12 will use solver log file: /scratch/yorig/mpils-results-grid-seconds-5/medium-2/24proc/seed-2/1_neos-4387871-tavua_seed-2_20260503_092816/solver/cplex.log_iteration_expansion_2_worker_12
[INFO]:[09:31:07] Expansion Worker 12 starting expansion for iteration 2.
[INFO]:[09:31:07] Starting CPLEX solver on instance: /home/yorig/tuner/mpils-tests/instances/miplib/medium-2/neos-4387871-tavua.mps with config: /scratch/yorig/mpils-results-grid-seconds-5/medium-2/24proc/seed-2/1_neos-4387871-tavua_seed-2_20260503_092816/expansion/config_param_CPXPARAM_MIP_Strategy_StartAlgorithm_4_iter_2.prm
[INFO]:[09:31:12] CPLEX results. Gap: 30.630000, upper bound: 34.142100, lower bound: 23.683836
[INFO]:[09:31:12] CPLEX solver finished. Gap: 30.630000
[INFO]:[09:31:12] Expansion Worker 12 stopping early after global MPI expansion stop was activated.
[INFO]:[09:31:12] Expansion Worker 12 completed expansion.
[INFO]:[09:31:12] Worker 12 completed expansion phase.
[INFO]:[09:31:12] Worker 12 received order for step 1.
[INFO]:[09:31:12] Worker 12 running exploration phase for iteration 3.
[INFO]:[09:31:12] Worker 12 at iteration 3 will not use a MIP start file. Current best MIP-start upper bound threshold is 33.3847.
[INFO]:[09:31:12] Starting local search phase...
[INFO]:[09:31:12] Creating local search space from parameter space file: /scratch/yorig/mpils-results-grid-seconds-5/medium-2/24proc/seed-2/1_neos-4387871-tavua_seed-2_20260503_092816/iterated_local_search/search_space/search_space_file_3_worker_12.txt
[INFO]:[09:31:12] Local search space loaded from file: /scratch/yorig/mpils-results-grid-seconds-5/medium-2/24proc/seed-2/1_neos-4387871-tavua_seed-2_20260503_092816/iterated_local_search/search_space/search_space_file_3_worker_12.txt
[INFO]:[09:31:12] Number of parameters in local search space: 71
[INFO]:[09:31:12] Number of forbidden tuples in local search space: 22
[INFO]:[09:31:12] Number of conditionals in local search space: 6
[INFO]:[09:31:12] MIP start option not enabled. Local search will proceed without MIP start.
[INFO]:[09:31:12] Evaluating initial configuration for local search phase...
[INFO]:[09:31:12] Starting CPLEX solver on instance: /home/yorig/tuner/mpils-tests/instances/miplib/medium-2/neos-4387871-tavua.mps with config: /scratch/yorig/mpils-results-grid-seconds-5/medium-2/24proc/seed-2/1_neos-4387871-tavua_seed-2_20260503_092816/iterated_local_search/run_3_worker_12/ils_config_12057039088785329367.prm
[INFO]:[09:31:12] Starting CPLEX solver on instance: /home/yorig/tuner/mpils-tests/instances/miplib/medium-2/neos-4387871-tavua.mps with config: /scratch/yorig/mpils-results-grid-seconds-5/medium-2/24proc/seed-2/1_neos-4387871-tavua_seed-2_20260503_092816/iterated_local_search/run_3_worker_12/ils_config_12057039088785329367.prm
[INFO]:[09:31:17] CPLEX results. Gap: 36.090000, upper bound: 34.798940, lower bound: 22.240728
[INFO]:[09:31:17] CPLEX solver finished. Gap: 36.090000
[INFO]:[09:31:17] Initial configuration evaluated with objective value: 36.09
[INFO]:[09:31:17] Starting CPLEX solver on instance: /home/yorig/tuner/mpils-tests/instances/miplib/medium-2/neos-4387871-tavua.mps with config: /scratch/yorig/mpils-results-grid-seconds-5/medium-2/24proc/seed-2/1_neos-4387871-tavua_seed-2_20260503_092816/iterated_local_search/run_3_worker_12/ils_config_9571943644538853779.prm
[INFO]:[09:31:17] Starting CPLEX solver on instance: /home/yorig/tuner/mpils-tests/instances/miplib/medium-2/neos-4387871-tavua.mps with config: /scratch/yorig/mpils-results-grid-seconds-5/medium-2/24proc/seed-2/1_neos-4387871-tavua_seed-2_20260503_092816/iterated_local_search/run_3_worker_12/ils_config_9571943644538853779.prm
[INFO]:[09:31:22] CPLEX results. Gap: 36.990000, upper bound: 35.970520, lower bound: 22.665198
[INFO]:[09:31:22] CPLEX solver finished. Gap: 36.990000
[INFO]:[09:31:22] Starting CPLEX solver on instance: /home/yorig/tuner/mpils-tests/instances/miplib/medium-2/neos-4387871-tavua.mps with config: /scratch/yorig/mpils-results-grid-seconds-5/medium-2/24proc/seed-2/1_neos-4387871-tavua_seed-2_20260503_092816/iterated_local_search/run_3_worker_12/ils_config_9659056977106668438.prm
[INFO]:[09:31:22] Starting CPLEX solver on instance: /home/yorig/tuner/mpils-tests/instances/miplib/medium-2/neos-4387871-tavua.mps with config: /scratch/yorig/mpils-results-grid-seconds-5/medium-2/24proc/seed-2/1_neos-4387871-tavua_seed-2_20260503_092816/iterated_local_search/run_3_worker_12/ils_config_9659056977106668438.prm
[INFO]:[09:31:27] CPLEX results. Gap: 36.500000, upper bound: 34.798940, lower bound: 22.098134
[INFO]:[09:31:27] CPLEX solver finished. Gap: 36.500000
[INFO]:[09:31:27] Received global ILS stop signal from rank 21.
[INFO]:[09:31:27] Local search phase completed.
[INFO]:[09:31:27] Total number of new local-search evaluations: 3
[INFO]:[09:31:27] Final incumbent objective value: 36.09
[INFO]:[09:31:27] Worker 12 completed exploration phase.
[INFO]:[09:31:27] Worker 12 received order for step 3.
[INFO]:[09:31:27] Worker 12 finished.
