[INFO]:[01:41:27] Worker 18 starting.
[INFO]:[01:41:27] Worker 18 received order for step 1.
[INFO]:[01:41:27] Worker 18 running exploration phase for iteration 1.
[INFO]:[01:41:27] Worker 18 at iteration 1 will not use a MIP start file. Current best MIP-start upper bound threshold is 1.79769e+308.
[INFO]:[01:41:27] Starting local search phase...
[INFO]:[01:41:27] Creating local search space from parameter space file: /scratch/yorig/mpils-results-grid-seconds-5-watchdog-mip-start/medium-1/24proc/seed-5/10_neos-3555904-turama_seed-5_20260504_014126/iterated_local_search/search_space/search_space_file_1_worker_18.txt
[INFO]:[01:41:27] Local search space loaded from file: /scratch/yorig/mpils-results-grid-seconds-5-watchdog-mip-start/medium-1/24proc/seed-5/10_neos-3555904-turama_seed-5_20260504_014126/iterated_local_search/search_space/search_space_file_1_worker_18.txt
[INFO]:[01:41:27] Number of parameters in local search space: 71
[INFO]:[01:41:27] Number of forbidden tuples in local search space: 0
[INFO]:[01:41:27] Number of conditionals in local search space: 6
[INFO]:[01:41:27] MIP start option not enabled. Local search will proceed without MIP start.
[INFO]:[01:41:27] Evaluating initial configuration for local search phase...
[INFO]:[01:41:27] Starting CPLEX solver on instance: /home/yorig/tuner/mpils-tests/instances/miplib/medium-1/neos-3555904-turama.mps with config: /scratch/yorig/mpils-results-grid-seconds-5-watchdog-mip-start/medium-1/24proc/seed-5/10_neos-3555904-turama_seed-5_20260504_014126/iterated_local_search/run_1_worker_18/ils_config_4741231945083591322.prm
[INFO]:[01:41:27] Starting CPLEX solver on instance: /home/yorig/tuner/mpils-tests/instances/miplib/medium-1/neos-3555904-turama.mps with config: /scratch/yorig/mpils-results-grid-seconds-5-watchdog-mip-start/medium-1/24proc/seed-5/10_neos-3555904-turama_seed-5_20260504_014126/iterated_local_search/run_1_worker_18/ils_config_4741231945083591322.prm
[INFO]:[01:41:32] CPLEX results. Gap: 23.340000, upper bound: -33.200000, lower bound: -40.950000
[INFO]:[01:41:32] CPLEX solver finished. Gap: 23.340000
[INFO]:[01:41:32] Initial configuration evaluated with objective value: 23.34
[INFO]:[01:41:32] Starting CPLEX solver on instance: /home/yorig/tuner/mpils-tests/instances/miplib/medium-1/neos-3555904-turama.mps with config: /scratch/yorig/mpils-results-grid-seconds-5-watchdog-mip-start/medium-1/24proc/seed-5/10_neos-3555904-turama_seed-5_20260504_014126/iterated_local_search/run_1_worker_18/ils_config_13607819362478906567.prm
[INFO]:[01:41:32] Starting CPLEX solver on instance: /home/yorig/tuner/mpils-tests/instances/miplib/medium-1/neos-3555904-turama.mps with config: /scratch/yorig/mpils-results-grid-seconds-5-watchdog-mip-start/medium-1/24proc/seed-5/10_neos-3555904-turama_seed-5_20260504_014126/iterated_local_search/run_1_worker_18/ils_config_13607819362478906567.prm
[INFO]:[01:41:37] CPLEX results. Gap: 81360.540000, upper bound: -33.200000, lower bound: -27044.900000
[INFO]:[01:41:37] CPLEX solver finished. Gap: 81360.540000
[INFO]:[01:41:37] Starting CPLEX solver on instance: /home/yorig/tuner/mpils-tests/instances/miplib/medium-1/neos-3555904-turama.mps with config: /scratch/yorig/mpils-results-grid-seconds-5-watchdog-mip-start/medium-1/24proc/seed-5/10_neos-3555904-turama_seed-5_20260504_014126/iterated_local_search/run_1_worker_18/ils_config_10189952875921345212.prm
[INFO]:[01:41:37] Starting CPLEX solver on instance: /home/yorig/tuner/mpils-tests/instances/miplib/medium-1/neos-3555904-turama.mps with config: /scratch/yorig/mpils-results-grid-seconds-5-watchdog-mip-start/medium-1/24proc/seed-5/10_neos-3555904-turama_seed-5_20260504_014126/iterated_local_search/run_1_worker_18/ils_config_10189952875921345212.prm
[INFO]:[01:41:43] CPLEX results. Gap: 23.340000, upper bound: -33.200000, lower bound: -40.950000
[INFO]:[01:41:43] CPLEX solver finished. Gap: 23.340000
[INFO]:[01:41:43] Starting CPLEX solver on instance: /home/yorig/tuner/mpils-tests/instances/miplib/medium-1/neos-3555904-turama.mps with config: /scratch/yorig/mpils-results-grid-seconds-5-watchdog-mip-start/medium-1/24proc/seed-5/10_neos-3555904-turama_seed-5_20260504_014126/iterated_local_search/run_1_worker_18/ils_config_12838418070058989248.prm
[INFO]:[01:41:43] Starting CPLEX solver on instance: /home/yorig/tuner/mpils-tests/instances/miplib/medium-1/neos-3555904-turama.mps with config: /scratch/yorig/mpils-results-grid-seconds-5-watchdog-mip-start/medium-1/24proc/seed-5/10_neos-3555904-turama_seed-5_20260504_014126/iterated_local_search/run_1_worker_18/ils_config_12838418070058989248.prm
[INFO]:[01:41:48] CPLEX results. Gap: 23.340000, upper bound: -33.200000, lower bound: -40.950000
[INFO]:[01:41:48] CPLEX solver finished. Gap: 23.340000
[INFO]:[01:41:48] Starting CPLEX solver on instance: /home/yorig/tuner/mpils-tests/instances/miplib/medium-1/neos-3555904-turama.mps with config: /scratch/yorig/mpils-results-grid-seconds-5-watchdog-mip-start/medium-1/24proc/seed-5/10_neos-3555904-turama_seed-5_20260504_014126/iterated_local_search/run_1_worker_18/ils_config_18104315440546489570.prm
[INFO]:[01:41:48] Starting CPLEX solver on instance: /home/yorig/tuner/mpils-tests/instances/miplib/medium-1/neos-3555904-turama.mps with config: /scratch/yorig/mpils-results-grid-seconds-5-watchdog-mip-start/medium-1/24proc/seed-5/10_neos-3555904-turama_seed-5_20260504_014126/iterated_local_search/run_1_worker_18/ils_config_18104315440546489570.prm
[INFO]:[01:41:53] CPLEX results. Gap: 23.340000, upper bound: -33.200000, lower bound: -40.950000
[INFO]:[01:41:53] CPLEX solver finished. Gap: 23.340000
[INFO]:[01:41:53] Starting CPLEX solver on instance: /home/yorig/tuner/mpils-tests/instances/miplib/medium-1/neos-3555904-turama.mps with config: /scratch/yorig/mpils-results-grid-seconds-5-watchdog-mip-start/medium-1/24proc/seed-5/10_neos-3555904-turama_seed-5_20260504_014126/iterated_local_search/run_1_worker_18/ils_config_3664464358767792420.prm
[INFO]:[01:41:53] Starting CPLEX solver on instance: /home/yorig/tuner/mpils-tests/instances/miplib/medium-1/neos-3555904-turama.mps with config: /scratch/yorig/mpils-results-grid-seconds-5-watchdog-mip-start/medium-1/24proc/seed-5/10_neos-3555904-turama_seed-5_20260504_014126/iterated_local_search/run_1_worker_18/ils_config_3664464358767792420.prm
[INFO]:[01:41:59] CPLEX results. Gap: 23.340000, upper bound: -33.200000, lower bound: -40.950000
[INFO]:[01:41:59] CPLEX solver finished. Gap: 23.340000
[INFO]:[01:41:59] Starting CPLEX solver on instance: /home/yorig/tuner/mpils-tests/instances/miplib/medium-1/neos-3555904-turama.mps with config: /scratch/yorig/mpils-results-grid-seconds-5-watchdog-mip-start/medium-1/24proc/seed-5/10_neos-3555904-turama_seed-5_20260504_014126/iterated_local_search/run_1_worker_18/ils_config_8241819376168994395.prm
[INFO]:[01:41:59] Starting CPLEX solver on instance: /home/yorig/tuner/mpils-tests/instances/miplib/medium-1/neos-3555904-turama.mps with config: /scratch/yorig/mpils-results-grid-seconds-5-watchdog-mip-start/medium-1/24proc/seed-5/10_neos-3555904-turama_seed-5_20260504_014126/iterated_local_search/run_1_worker_18/ils_config_8241819376168994395.prm
[INFO]:[01:42:04] CPLEX results. Gap: 23.340000, upper bound: -33.200000, lower bound: -40.950000
[INFO]:[01:42:04] CPLEX solver finished. Gap: 23.340000
[INFO]:[01:42:04] Starting CPLEX solver on instance: /home/yorig/tuner/mpils-tests/instances/miplib/medium-1/neos-3555904-turama.mps with config: /scratch/yorig/mpils-results-grid-seconds-5-watchdog-mip-start/medium-1/24proc/seed-5/10_neos-3555904-turama_seed-5_20260504_014126/iterated_local_search/run_1_worker_18/ils_config_9482869418891217375.prm
[INFO]:[01:42:04] Starting CPLEX solver on instance: /home/yorig/tuner/mpils-tests/instances/miplib/medium-1/neos-3555904-turama.mps with config: /scratch/yorig/mpils-results-grid-seconds-5-watchdog-mip-start/medium-1/24proc/seed-5/10_neos-3555904-turama_seed-5_20260504_014126/iterated_local_search/run_1_worker_18/ils_config_9482869418891217375.prm
[INFO]:[01:42:09] CPLEX results. Gap: 23.340000, upper bound: -33.200000, lower bound: -40.950000
[INFO]:[01:42:09] CPLEX solver finished. Gap: 23.340000
[INFO]:[01:42:09] Starting CPLEX solver on instance: /home/yorig/tuner/mpils-tests/instances/miplib/medium-1/neos-3555904-turama.mps with config: /scratch/yorig/mpils-results-grid-seconds-5-watchdog-mip-start/medium-1/24proc/seed-5/10_neos-3555904-turama_seed-5_20260504_014126/iterated_local_search/run_1_worker_18/ils_config_978431308484283053.prm
[INFO]:[01:42:09] Starting CPLEX solver on instance: /home/yorig/tuner/mpils-tests/instances/miplib/medium-1/neos-3555904-turama.mps with config: /scratch/yorig/mpils-results-grid-seconds-5-watchdog-mip-start/medium-1/24proc/seed-5/10_neos-3555904-turama_seed-5_20260504_014126/iterated_local_search/run_1_worker_18/ils_config_978431308484283053.prm
[INFO]:[01:42:14] CPLEX results. Gap: 23.340000, upper bound: -33.200000, lower bound: -40.950000
[INFO]:[01:42:14] CPLEX solver finished. Gap: 23.340000
[INFO]:[01:42:14] Starting CPLEX solver on instance: /home/yorig/tuner/mpils-tests/instances/miplib/medium-1/neos-3555904-turama.mps with config: /scratch/yorig/mpils-results-grid-seconds-5-watchdog-mip-start/medium-1/24proc/seed-5/10_neos-3555904-turama_seed-5_20260504_014126/iterated_local_search/run_1_worker_18/ils_config_10053015778690344451.prm
[INFO]:[01:42:14] Starting CPLEX solver on instance: /home/yorig/tuner/mpils-tests/instances/miplib/medium-1/neos-3555904-turama.mps with config: /scratch/yorig/mpils-results-grid-seconds-5-watchdog-mip-start/medium-1/24proc/seed-5/10_neos-3555904-turama_seed-5_20260504_014126/iterated_local_search/run_1_worker_18/ils_config_10053015778690344451.prm
[INFO]:[01:42:20] CPLEX results. Gap: 23.340000, upper bound: -33.200000, lower bound: -40.950000
[INFO]:[01:42:20] CPLEX solver finished. Gap: 23.340000
[INFO]:[01:42:20] Starting CPLEX solver on instance: /home/yorig/tuner/mpils-tests/instances/miplib/medium-1/neos-3555904-turama.mps with config: /scratch/yorig/mpils-results-grid-seconds-5-watchdog-mip-start/medium-1/24proc/seed-5/10_neos-3555904-turama_seed-5_20260504_014126/iterated_local_search/run_1_worker_18/ils_config_9966856093260434791.prm
[INFO]:[01:42:20] Starting CPLEX solver on instance: /home/yorig/tuner/mpils-tests/instances/miplib/medium-1/neos-3555904-turama.mps with config: /scratch/yorig/mpils-results-grid-seconds-5-watchdog-mip-start/medium-1/24proc/seed-5/10_neos-3555904-turama_seed-5_20260504_014126/iterated_local_search/run_1_worker_18/ils_config_9966856093260434791.prm
[INFO]:[01:42:25] CPLEX results. Gap: 23.340000, upper bound: -33.200000, lower bound: -40.950000
[INFO]:[01:42:25] CPLEX solver finished. Gap: 23.340000
[INFO]:[01:42:25] Starting CPLEX solver on instance: /home/yorig/tuner/mpils-tests/instances/miplib/medium-1/neos-3555904-turama.mps with config: /scratch/yorig/mpils-results-grid-seconds-5-watchdog-mip-start/medium-1/24proc/seed-5/10_neos-3555904-turama_seed-5_20260504_014126/iterated_local_search/run_1_worker_18/ils_config_16457716467277493413.prm
[INFO]:[01:42:25] Starting CPLEX solver on instance: /home/yorig/tuner/mpils-tests/instances/miplib/medium-1/neos-3555904-turama.mps with config: /scratch/yorig/mpils-results-grid-seconds-5-watchdog-mip-start/medium-1/24proc/seed-5/10_neos-3555904-turama_seed-5_20260504_014126/iterated_local_search/run_1_worker_18/ils_config_16457716467277493413.prm
[INFO]:[01:42:30] CPLEX results. Gap: 23.340000, upper bound: -33.200000, lower bound: -40.950000
[INFO]:[01:42:30] CPLEX solver finished. Gap: 23.340000
[INFO]:[01:42:30] Starting CPLEX solver on instance: /home/yorig/tuner/mpils-tests/instances/miplib/medium-1/neos-3555904-turama.mps with config: /scratch/yorig/mpils-results-grid-seconds-5-watchdog-mip-start/medium-1/24proc/seed-5/10_neos-3555904-turama_seed-5_20260504_014126/iterated_local_search/run_1_worker_18/ils_config_14923722032866808164.prm
[INFO]:[01:42:30] Starting CPLEX solver on instance: /home/yorig/tuner/mpils-tests/instances/miplib/medium-1/neos-3555904-turama.mps with config: /scratch/yorig/mpils-results-grid-seconds-5-watchdog-mip-start/medium-1/24proc/seed-5/10_neos-3555904-turama_seed-5_20260504_014126/iterated_local_search/run_1_worker_18/ils_config_14923722032866808164.prm
[INFO]:[01:42:36] CPLEX results. Gap: 23.340000, upper bound: -33.200000, lower bound: -40.950000
[INFO]:[01:42:36] CPLEX solver finished. Gap: 23.340000
[INFO]:[01:42:36] Starting CPLEX solver on instance: /home/yorig/tuner/mpils-tests/instances/miplib/medium-1/neos-3555904-turama.mps with config: /scratch/yorig/mpils-results-grid-seconds-5-watchdog-mip-start/medium-1/24proc/seed-5/10_neos-3555904-turama_seed-5_20260504_014126/iterated_local_search/run_1_worker_18/ils_config_4978139251114959245.prm
[INFO]:[01:42:36] Starting CPLEX solver on instance: /home/yorig/tuner/mpils-tests/instances/miplib/medium-1/neos-3555904-turama.mps with config: /scratch/yorig/mpils-results-grid-seconds-5-watchdog-mip-start/medium-1/24proc/seed-5/10_neos-3555904-turama_seed-5_20260504_014126/iterated_local_search/run_1_worker_18/ils_config_4978139251114959245.prm
[INFO]:[01:42:41] CPLEX results. Gap: 23.340000, upper bound: -33.200000, lower bound: -40.950000
[INFO]:[01:42:41] CPLEX solver finished. Gap: 23.340000
[INFO]:[01:42:41] Starting CPLEX solver on instance: /home/yorig/tuner/mpils-tests/instances/miplib/medium-1/neos-3555904-turama.mps with config: /scratch/yorig/mpils-results-grid-seconds-5-watchdog-mip-start/medium-1/24proc/seed-5/10_neos-3555904-turama_seed-5_20260504_014126/iterated_local_search/run_1_worker_18/ils_config_1756546413434701731.prm
[INFO]:[01:42:41] Starting CPLEX solver on instance: /home/yorig/tuner/mpils-tests/instances/miplib/medium-1/neos-3555904-turama.mps with config: /scratch/yorig/mpils-results-grid-seconds-5-watchdog-mip-start/medium-1/24proc/seed-5/10_neos-3555904-turama_seed-5_20260504_014126/iterated_local_search/run_1_worker_18/ils_config_1756546413434701731.prm
[INFO]:[01:42:46] CPLEX results. Gap: 23.340000, upper bound: -33.200000, lower bound: -40.950000
[INFO]:[01:42:46] CPLEX solver finished. Gap: 23.340000
[INFO]:[01:42:46] Starting CPLEX solver on instance: /home/yorig/tuner/mpils-tests/instances/miplib/medium-1/neos-3555904-turama.mps with config: /scratch/yorig/mpils-results-grid-seconds-5-watchdog-mip-start/medium-1/24proc/seed-5/10_neos-3555904-turama_seed-5_20260504_014126/iterated_local_search/run_1_worker_18/ils_config_3531837484531379994.prm
[INFO]:[01:42:46] Starting CPLEX solver on instance: /home/yorig/tuner/mpils-tests/instances/miplib/medium-1/neos-3555904-turama.mps with config: /scratch/yorig/mpils-results-grid-seconds-5-watchdog-mip-start/medium-1/24proc/seed-5/10_neos-3555904-turama_seed-5_20260504_014126/iterated_local_search/run_1_worker_18/ils_config_3531837484531379994.prm
[INFO]:[01:42:51] CPLEX results. Gap: 23.340000, upper bound: -33.200000, lower bound: -40.950000
[INFO]:[01:42:51] CPLEX solver finished. Gap: 23.340000
[INFO]:[01:42:51] Starting CPLEX solver on instance: /home/yorig/tuner/mpils-tests/instances/miplib/medium-1/neos-3555904-turama.mps with config: /scratch/yorig/mpils-results-grid-seconds-5-watchdog-mip-start/medium-1/24proc/seed-5/10_neos-3555904-turama_seed-5_20260504_014126/iterated_local_search/run_1_worker_18/ils_config_12860943714256835299.prm
[INFO]:[01:42:51] Starting CPLEX solver on instance: /home/yorig/tuner/mpils-tests/instances/miplib/medium-1/neos-3555904-turama.mps with config: /scratch/yorig/mpils-results-grid-seconds-5-watchdog-mip-start/medium-1/24proc/seed-5/10_neos-3555904-turama_seed-5_20260504_014126/iterated_local_search/run_1_worker_18/ils_config_12860943714256835299.prm
[INFO]:[01:42:57] CPLEX results. Gap: 23.340000, upper bound: -33.200000, lower bound: -40.950000
[INFO]:[01:42:57] CPLEX solver finished. Gap: 23.340000
[INFO]:[01:42:57] Starting CPLEX solver on instance: /home/yorig/tuner/mpils-tests/instances/miplib/medium-1/neos-3555904-turama.mps with config: /scratch/yorig/mpils-results-grid-seconds-5-watchdog-mip-start/medium-1/24proc/seed-5/10_neos-3555904-turama_seed-5_20260504_014126/iterated_local_search/run_1_worker_18/ils_config_4878920364127060355.prm
[INFO]:[01:42:57] Starting CPLEX solver on instance: /home/yorig/tuner/mpils-tests/instances/miplib/medium-1/neos-3555904-turama.mps with config: /scratch/yorig/mpils-results-grid-seconds-5-watchdog-mip-start/medium-1/24proc/seed-5/10_neos-3555904-turama_seed-5_20260504_014126/iterated_local_search/run_1_worker_18/ils_config_4878920364127060355.prm
[INFO]:[01:43:02] CPLEX results. Gap: 23.340000, upper bound: -33.200000, lower bound: -40.950000
[INFO]:[01:43:02] CPLEX solver finished. Gap: 23.340000
[INFO]:[01:43:02] Starting CPLEX solver on instance: /home/yorig/tuner/mpils-tests/instances/miplib/medium-1/neos-3555904-turama.mps with config: /scratch/yorig/mpils-results-grid-seconds-5-watchdog-mip-start/medium-1/24proc/seed-5/10_neos-3555904-turama_seed-5_20260504_014126/iterated_local_search/run_1_worker_18/ils_config_14286707212286130205.prm
[INFO]:[01:43:02] Starting CPLEX solver on instance: /home/yorig/tuner/mpils-tests/instances/miplib/medium-1/neos-3555904-turama.mps with config: /scratch/yorig/mpils-results-grid-seconds-5-watchdog-mip-start/medium-1/24proc/seed-5/10_neos-3555904-turama_seed-5_20260504_014126/iterated_local_search/run_1_worker_18/ils_config_14286707212286130205.prm
[INFO]:[01:43:07] CPLEX results. Gap: 23.340000, upper bound: -33.200000, lower bound: -40.950000
[INFO]:[01:43:07] CPLEX solver finished. Gap: 23.340000
[INFO]:[01:43:07] Starting CPLEX solver on instance: /home/yorig/tuner/mpils-tests/instances/miplib/medium-1/neos-3555904-turama.mps with config: /scratch/yorig/mpils-results-grid-seconds-5-watchdog-mip-start/medium-1/24proc/seed-5/10_neos-3555904-turama_seed-5_20260504_014126/iterated_local_search/run_1_worker_18/ils_config_13143516766143776407.prm
[INFO]:[01:43:07] Starting CPLEX solver on instance: /home/yorig/tuner/mpils-tests/instances/miplib/medium-1/neos-3555904-turama.mps with config: /scratch/yorig/mpils-results-grid-seconds-5-watchdog-mip-start/medium-1/24proc/seed-5/10_neos-3555904-turama_seed-5_20260504_014126/iterated_local_search/run_1_worker_18/ils_config_13143516766143776407.prm
[INFO]:[01:43:12] CPLEX results. Gap: 23.340000, upper bound: -33.200000, lower bound: -40.950000
[INFO]:[01:43:12] CPLEX solver finished. Gap: 23.340000
[INFO]:[01:43:12] Local search phase completed.
[INFO]:[01:43:12] Total number of new local-search evaluations: 20
[INFO]:[01:43:12] Final incumbent objective value: 23.34
[INFO]:[01:43:13] Worker 18 completed exploration phase.
[INFO]:[01:43:13] Worker 18 received order for step 2.
[INFO]:[01:43:13] Worker 18 running expansion phase for iteration 1.
[INFO]:[01:43:13] Worker 18 will use solver log file: /scratch/yorig/mpils-results-grid-seconds-5-watchdog-mip-start/medium-1/24proc/seed-5/10_neos-3555904-turama_seed-5_20260504_014126/solver/cplex.log_iteration_expansion_1_worker_18
[INFO]:[01:43:13] Expansion Worker 18 starting expansion for iteration 1.
[INFO]:[01:43:13] Starting CPLEX solver on instance: /home/yorig/tuner/mpils-tests/instances/miplib/medium-1/neos-3555904-turama.mps with config: /scratch/yorig/mpils-results-grid-seconds-5-watchdog-mip-start/medium-1/24proc/seed-5/10_neos-3555904-turama_seed-5_20260504_014126/expansion/config_param_CPXPARAM_MIP_Strategy_BBInterval_4_iter_1.prm
[INFO]:[01:43:18] CPLEX results. Gap: 23.340000, upper bound: -33.200000, lower bound: -40.950000
[INFO]:[01:43:18] CPLEX solver finished. Gap: 23.340000
[INFO]:[01:43:19] Starting CPLEX solver on instance: /home/yorig/tuner/mpils-tests/instances/miplib/medium-1/neos-3555904-turama.mps with config: /scratch/yorig/mpils-results-grid-seconds-5-watchdog-mip-start/medium-1/24proc/seed-5/10_neos-3555904-turama_seed-5_20260504_014126/expansion/config_param_CPXPARAM_MIP_Strategy_BBInterval_5_iter_1.prm
[INFO]:[01:43:24] CPLEX results. Gap: 23.340000, upper bound: -33.200000, lower bound: -40.950000
[INFO]:[01:43:24] CPLEX solver finished. Gap: 23.340000
[INFO]:[01:43:31] Expansion Worker 18 completed expansion.
[INFO]:[01:43:31] Worker 18 completed expansion phase.
[INFO]:[01:43:31] Worker 18 received order for step 1.
[INFO]:[01:43:31] Worker 18 running exploration phase for iteration 2.
[INFO]:[01:43:31] Worker 18 at iteration 2 will not use a MIP start file. Current best MIP-start upper bound threshold is 1.79769e+308.
[INFO]:[01:43:31] Starting local search phase...
[INFO]:[01:43:31] Creating local search space from parameter space file: /scratch/yorig/mpils-results-grid-seconds-5-watchdog-mip-start/medium-1/24proc/seed-5/10_neos-3555904-turama_seed-5_20260504_014126/iterated_local_search/search_space/search_space_file_2_worker_18.txt
[INFO]:[01:43:31] Local search space loaded from file: /scratch/yorig/mpils-results-grid-seconds-5-watchdog-mip-start/medium-1/24proc/seed-5/10_neos-3555904-turama_seed-5_20260504_014126/iterated_local_search/search_space/search_space_file_2_worker_18.txt
[INFO]:[01:43:31] Number of parameters in local search space: 71
[INFO]:[01:43:31] Number of forbidden tuples in local search space: 10
[INFO]:[01:43:31] Number of conditionals in local search space: 6
[INFO]:[01:43:31] MIP start option not enabled. Local search will proceed without MIP start.
[INFO]:[01:43:31] Evaluating initial configuration for local search phase...
[INFO]:[01:43:31] Starting CPLEX solver on instance: /home/yorig/tuner/mpils-tests/instances/miplib/medium-1/neos-3555904-turama.mps with config: /scratch/yorig/mpils-results-grid-seconds-5-watchdog-mip-start/medium-1/24proc/seed-5/10_neos-3555904-turama_seed-5_20260504_014126/iterated_local_search/run_2_worker_18/ils_config_1335845227084094685.prm
[INFO]:[01:43:31] Starting CPLEX solver on instance: /home/yorig/tuner/mpils-tests/instances/miplib/medium-1/neos-3555904-turama.mps with config: /scratch/yorig/mpils-results-grid-seconds-5-watchdog-mip-start/medium-1/24proc/seed-5/10_neos-3555904-turama_seed-5_20260504_014126/iterated_local_search/run_2_worker_18/ils_config_1335845227084094685.prm
[INFO]:[01:43:36] CPLEX results. Gap: 84613.250000, upper bound: -33.200000, lower bound: -28124.800000
[INFO]:[01:43:36] CPLEX solver finished. Gap: 84613.250000
[INFO]:[01:43:36] Initial configuration evaluated with objective value: 84613.2
[INFO]:[01:43:36] Starting CPLEX solver on instance: /home/yorig/tuner/mpils-tests/instances/miplib/medium-1/neos-3555904-turama.mps with config: /scratch/yorig/mpils-results-grid-seconds-5-watchdog-mip-start/medium-1/24proc/seed-5/10_neos-3555904-turama_seed-5_20260504_014126/iterated_local_search/run_2_worker_18/ils_config_16242429098343067527.prm
[INFO]:[01:43:36] Starting CPLEX solver on instance: /home/yorig/tuner/mpils-tests/instances/miplib/medium-1/neos-3555904-turama.mps with config: /scratch/yorig/mpils-results-grid-seconds-5-watchdog-mip-start/medium-1/24proc/seed-5/10_neos-3555904-turama_seed-5_20260504_014126/iterated_local_search/run_2_worker_18/ils_config_16242429098343067527.prm
[INFO]:[01:43:42] CPLEX results. Gap: 84076.510000, upper bound: -33.200000, lower bound: -27946.600000
[INFO]:[01:43:42] CPLEX solver finished. Gap: 84076.510000
[INFO]:[01:43:42] New incumbent found with objective value: 84076.5
[INFO]:[01:43:42] Starting CPLEX solver on instance: /home/yorig/tuner/mpils-tests/instances/miplib/medium-1/neos-3555904-turama.mps with config: /scratch/yorig/mpils-results-grid-seconds-5-watchdog-mip-start/medium-1/24proc/seed-5/10_neos-3555904-turama_seed-5_20260504_014126/iterated_local_search/run_2_worker_18/ils_config_5357533123858204863.prm
[INFO]:[01:43:42] Starting CPLEX solver on instance: /home/yorig/tuner/mpils-tests/instances/miplib/medium-1/neos-3555904-turama.mps with config: /scratch/yorig/mpils-results-grid-seconds-5-watchdog-mip-start/medium-1/24proc/seed-5/10_neos-3555904-turama_seed-5_20260504_014126/iterated_local_search/run_2_worker_18/ils_config_5357533123858204863.prm
[INFO]:[01:43:47] CPLEX results. Gap: 84076.510000, upper bound: -33.200000, lower bound: -27946.600000
[INFO]:[01:43:47] CPLEX solver finished. Gap: 84076.510000
[INFO]:[01:43:47] Starting CPLEX solver on instance: /home/yorig/tuner/mpils-tests/instances/miplib/medium-1/neos-3555904-turama.mps with config: /scratch/yorig/mpils-results-grid-seconds-5-watchdog-mip-start/medium-1/24proc/seed-5/10_neos-3555904-turama_seed-5_20260504_014126/iterated_local_search/run_2_worker_18/ils_config_1805931994699191064.prm
[INFO]:[01:43:47] Starting CPLEX solver on instance: /home/yorig/tuner/mpils-tests/instances/miplib/medium-1/neos-3555904-turama.mps with config: /scratch/yorig/mpils-results-grid-seconds-5-watchdog-mip-start/medium-1/24proc/seed-5/10_neos-3555904-turama_seed-5_20260504_014126/iterated_local_search/run_2_worker_18/ils_config_1805931994699191064.prm
[INFO]:[01:43:52] CPLEX results. Gap: 84126.200000, upper bound: -33.200000, lower bound: -27963.100000
[INFO]:[01:43:52] CPLEX solver finished. Gap: 84126.200000
[INFO]:[01:43:52] Starting CPLEX solver on instance: /home/yorig/tuner/mpils-tests/instances/miplib/medium-1/neos-3555904-turama.mps with config: /scratch/yorig/mpils-results-grid-seconds-5-watchdog-mip-start/medium-1/24proc/seed-5/10_neos-3555904-turama_seed-5_20260504_014126/iterated_local_search/run_2_worker_18/ils_config_11742967980266375494.prm
[INFO]:[01:43:52] Starting CPLEX solver on instance: /home/yorig/tuner/mpils-tests/instances/miplib/medium-1/neos-3555904-turama.mps with config: /scratch/yorig/mpils-results-grid-seconds-5-watchdog-mip-start/medium-1/24proc/seed-5/10_neos-3555904-turama_seed-5_20260504_014126/iterated_local_search/run_2_worker_18/ils_config_11742967980266375494.prm
[INFO]:[01:43:58] CPLEX results. Gap: 84373.800000, upper bound: -33.200000, lower bound: -28045.300000
[INFO]:[01:43:58] CPLEX solver finished. Gap: 84373.800000
[INFO]:[01:43:58] Starting CPLEX solver on instance: /home/yorig/tuner/mpils-tests/instances/miplib/medium-1/neos-3555904-turama.mps with config: /scratch/yorig/mpils-results-grid-seconds-5-watchdog-mip-start/medium-1/24proc/seed-5/10_neos-3555904-turama_seed-5_20260504_014126/iterated_local_search/run_2_worker_18/ils_config_5185820405767563040.prm
[INFO]:[01:43:58] Starting CPLEX solver on instance: /home/yorig/tuner/mpils-tests/instances/miplib/medium-1/neos-3555904-turama.mps with config: /scratch/yorig/mpils-results-grid-seconds-5-watchdog-mip-start/medium-1/24proc/seed-5/10_neos-3555904-turama_seed-5_20260504_014126/iterated_local_search/run_2_worker_18/ils_config_5185820405767563040.prm
[INFO]:[01:44:03] CPLEX results. Gap: 84373.800000, upper bound: -33.200000, lower bound: -28045.300000
[INFO]:[01:44:03] CPLEX solver finished. Gap: 84373.800000
[INFO]:[01:44:03] Starting CPLEX solver on instance: /home/yorig/tuner/mpils-tests/instances/miplib/medium-1/neos-3555904-turama.mps with config: /scratch/yorig/mpils-results-grid-seconds-5-watchdog-mip-start/medium-1/24proc/seed-5/10_neos-3555904-turama_seed-5_20260504_014126/iterated_local_search/run_2_worker_18/ils_config_4244100482298236153.prm
[INFO]:[01:44:03] Starting CPLEX solver on instance: /home/yorig/tuner/mpils-tests/instances/miplib/medium-1/neos-3555904-turama.mps with config: /scratch/yorig/mpils-results-grid-seconds-5-watchdog-mip-start/medium-1/24proc/seed-5/10_neos-3555904-turama_seed-5_20260504_014126/iterated_local_search/run_2_worker_18/ils_config_4244100482298236153.prm
[INFO]:[01:44:08] CPLEX results. Gap: 84227.710000, upper bound: -33.200000, lower bound: -27996.800000
[INFO]:[01:44:08] CPLEX solver finished. Gap: 84227.710000
[INFO]:[01:44:08] Starting CPLEX solver on instance: /home/yorig/tuner/mpils-tests/instances/miplib/medium-1/neos-3555904-turama.mps with config: /scratch/yorig/mpils-results-grid-seconds-5-watchdog-mip-start/medium-1/24proc/seed-5/10_neos-3555904-turama_seed-5_20260504_014126/iterated_local_search/run_2_worker_18/ils_config_322309161802466245.prm
[INFO]:[01:44:08] Starting CPLEX solver on instance: /home/yorig/tuner/mpils-tests/instances/miplib/medium-1/neos-3555904-turama.mps with config: /scratch/yorig/mpils-results-grid-seconds-5-watchdog-mip-start/medium-1/24proc/seed-5/10_neos-3555904-turama_seed-5_20260504_014126/iterated_local_search/run_2_worker_18/ils_config_322309161802466245.prm
[INFO]:[01:44:14] CPLEX results. Gap: 84080.720000, upper bound: -33.200000, lower bound: -27948.000000
[INFO]:[01:44:14] CPLEX solver finished. Gap: 84080.720000
[INFO]:[01:44:14] Starting CPLEX solver on instance: /home/yorig/tuner/mpils-tests/instances/miplib/medium-1/neos-3555904-turama.mps with config: /scratch/yorig/mpils-results-grid-seconds-5-watchdog-mip-start/medium-1/24proc/seed-5/10_neos-3555904-turama_seed-5_20260504_014126/iterated_local_search/run_2_worker_18/ils_config_3845399191617303611.prm
[INFO]:[01:44:14] Starting CPLEX solver on instance: /home/yorig/tuner/mpils-tests/instances/miplib/medium-1/neos-3555904-turama.mps with config: /scratch/yorig/mpils-results-grid-seconds-5-watchdog-mip-start/medium-1/24proc/seed-5/10_neos-3555904-turama_seed-5_20260504_014126/iterated_local_search/run_2_worker_18/ils_config_3845399191617303611.prm
[INFO]:[01:44:19] CPLEX results. Gap: 84201.810000, upper bound: -33.200000, lower bound: -27988.200000
[INFO]:[01:44:19] CPLEX solver finished. Gap: 84201.810000
[INFO]:[01:44:19] Starting CPLEX solver on instance: /home/yorig/tuner/mpils-tests/instances/miplib/medium-1/neos-3555904-turama.mps with config: /scratch/yorig/mpils-results-grid-seconds-5-watchdog-mip-start/medium-1/24proc/seed-5/10_neos-3555904-turama_seed-5_20260504_014126/iterated_local_search/run_2_worker_18/ils_config_71556739730557359.prm
[INFO]:[01:44:19] Starting CPLEX solver on instance: /home/yorig/tuner/mpils-tests/instances/miplib/medium-1/neos-3555904-turama.mps with config: /scratch/yorig/mpils-results-grid-seconds-5-watchdog-mip-start/medium-1/24proc/seed-5/10_neos-3555904-turama_seed-5_20260504_014126/iterated_local_search/run_2_worker_18/ils_config_71556739730557359.prm
[INFO]:[01:44:24] CPLEX results. Gap: 80268.010000, upper bound: -34.700000, lower bound: -27887.700000
[INFO]:[01:44:24] CPLEX solver finished. Gap: 80268.010000
[INFO]:[01:44:24] New incumbent found with objective value: 80268
[INFO]:[01:44:24] Starting CPLEX solver on instance: /home/yorig/tuner/mpils-tests/instances/miplib/medium-1/neos-3555904-turama.mps with config: /scratch/yorig/mpils-results-grid-seconds-5-watchdog-mip-start/medium-1/24proc/seed-5/10_neos-3555904-turama_seed-5_20260504_014126/iterated_local_search/run_2_worker_18/ils_config_1253874477669505908.prm
[INFO]:[01:44:24] Starting CPLEX solver on instance: /home/yorig/tuner/mpils-tests/instances/miplib/medium-1/neos-3555904-turama.mps with config: /scratch/yorig/mpils-results-grid-seconds-5-watchdog-mip-start/medium-1/24proc/seed-5/10_neos-3555904-turama_seed-5_20260504_014126/iterated_local_search/run_2_worker_18/ils_config_1253874477669505908.prm
[INFO]:[01:44:29] CPLEX results. Gap: 80235.450000, upper bound: -34.700000, lower bound: -27876.400000
[INFO]:[01:44:29] CPLEX solver finished. Gap: 80235.450000
[INFO]:[01:44:29] New incumbent found with objective value: 80235.4
[INFO]:[01:44:30] Starting CPLEX solver on instance: /home/yorig/tuner/mpils-tests/instances/miplib/medium-1/neos-3555904-turama.mps with config: /scratch/yorig/mpils-results-grid-seconds-5-watchdog-mip-start/medium-1/24proc/seed-5/10_neos-3555904-turama_seed-5_20260504_014126/iterated_local_search/run_2_worker_18/ils_config_3116987178820718408.prm
[INFO]:[01:44:30] Starting CPLEX solver on instance: /home/yorig/tuner/mpils-tests/instances/miplib/medium-1/neos-3555904-turama.mps with config: /scratch/yorig/mpils-results-grid-seconds-5-watchdog-mip-start/medium-1/24proc/seed-5/10_neos-3555904-turama_seed-5_20260504_014126/iterated_local_search/run_2_worker_18/ils_config_3116987178820718408.prm
[INFO]:[01:44:35] CPLEX results. Gap: 80241.210000, upper bound: -34.700000, lower bound: -27878.400000
[INFO]:[01:44:35] CPLEX solver finished. Gap: 80241.210000
[INFO]:[01:44:35] Starting CPLEX solver on instance: /home/yorig/tuner/mpils-tests/instances/miplib/medium-1/neos-3555904-turama.mps with config: /scratch/yorig/mpils-results-grid-seconds-5-watchdog-mip-start/medium-1/24proc/seed-5/10_neos-3555904-turama_seed-5_20260504_014126/iterated_local_search/run_2_worker_18/ils_config_6025486332398213125.prm
[INFO]:[01:44:35] Starting CPLEX solver on instance: /home/yorig/tuner/mpils-tests/instances/miplib/medium-1/neos-3555904-turama.mps with config: /scratch/yorig/mpils-results-grid-seconds-5-watchdog-mip-start/medium-1/24proc/seed-5/10_neos-3555904-turama_seed-5_20260504_014126/iterated_local_search/run_2_worker_18/ils_config_6025486332398213125.prm
[INFO]:[01:44:40] CPLEX results. Gap: 84076.510000, upper bound: -33.200000, lower bound: -27946.600000
[INFO]:[01:44:40] CPLEX solver finished. Gap: 84076.510000
[INFO]:[01:44:40] Starting CPLEX solver on instance: /home/yorig/tuner/mpils-tests/instances/miplib/medium-1/neos-3555904-turama.mps with config: /scratch/yorig/mpils-results-grid-seconds-5-watchdog-mip-start/medium-1/24proc/seed-5/10_neos-3555904-turama_seed-5_20260504_014126/iterated_local_search/run_2_worker_18/ils_config_8960151202791506155.prm
[INFO]:[01:44:40] Starting CPLEX solver on instance: /home/yorig/tuner/mpils-tests/instances/miplib/medium-1/neos-3555904-turama.mps with config: /scratch/yorig/mpils-results-grid-seconds-5-watchdog-mip-start/medium-1/24proc/seed-5/10_neos-3555904-turama_seed-5_20260504_014126/iterated_local_search/run_2_worker_18/ils_config_8960151202791506155.prm
[INFO]:[01:44:45] CPLEX results. Gap: 80263.980000, upper bound: -34.700000, lower bound: -27886.300000
[INFO]:[01:44:45] CPLEX solver finished. Gap: 80263.980000
[INFO]:[01:44:45] Starting CPLEX solver on instance: /home/yorig/tuner/mpils-tests/instances/miplib/medium-1/neos-3555904-turama.mps with config: /scratch/yorig/mpils-results-grid-seconds-5-watchdog-mip-start/medium-1/24proc/seed-5/10_neos-3555904-turama_seed-5_20260504_014126/iterated_local_search/run_2_worker_18/ils_config_6927155907637782320.prm
[INFO]:[01:44:45] Starting CPLEX solver on instance: /home/yorig/tuner/mpils-tests/instances/miplib/medium-1/neos-3555904-turama.mps with config: /scratch/yorig/mpils-results-grid-seconds-5-watchdog-mip-start/medium-1/24proc/seed-5/10_neos-3555904-turama_seed-5_20260504_014126/iterated_local_search/run_2_worker_18/ils_config_6927155907637782320.prm
[INFO]:[01:44:51] CPLEX results. Gap: 80268.010000, upper bound: -34.700000, lower bound: -27887.700000
[INFO]:[01:44:51] CPLEX solver finished. Gap: 80268.010000
[INFO]:[01:44:51] Local search phase completed.
[INFO]:[01:44:51] Total number of new local-search evaluations: 15
[INFO]:[01:44:51] Final incumbent objective value: 80235.4
[INFO]:[01:45:06] Worker 18 completed exploration phase.
[INFO]:[01:45:06] Worker 18 received order for step 2.
[INFO]:[01:45:06] Worker 18 running expansion phase for iteration 2.
[INFO]:[01:45:06] Worker 18 will use solver log file: /scratch/yorig/mpils-results-grid-seconds-5-watchdog-mip-start/medium-1/24proc/seed-5/10_neos-3555904-turama_seed-5_20260504_014126/solver/cplex.log_iteration_expansion_2_worker_18
[INFO]:[01:45:06] Expansion Worker 18 starting expansion for iteration 2.
[INFO]:[01:45:06] Starting CPLEX solver on instance: /home/yorig/tuner/mpils-tests/instances/miplib/medium-1/neos-3555904-turama.mps with config: /scratch/yorig/mpils-results-grid-seconds-5-watchdog-mip-start/medium-1/24proc/seed-5/10_neos-3555904-turama_seed-5_20260504_014126/expansion/config_param_CPXPARAM_MIP_Strategy_SubAlgorithm_5_iter_2.prm
[INFO]:[01:45:11] CPLEX results. Gap: 23.340000, upper bound: -33.200000, lower bound: -40.950000
[INFO]:[01:45:11] CPLEX solver finished. Gap: 23.340000
[INFO]:[01:45:17] Expansion Worker 18 completed expansion.
[INFO]:[01:45:17] Worker 18 completed expansion phase.
[INFO]:[01:45:17] Worker 18 received order for step 1.
[INFO]:[01:45:17] Worker 18 running exploration phase for iteration 3.
[INFO]:[01:45:17] Worker 18 at iteration 3 will not use a MIP start file. Current best MIP-start upper bound threshold is 1.79769e+308.
[INFO]:[01:45:17] Starting local search phase...
[INFO]:[01:45:17] Creating local search space from parameter space file: /scratch/yorig/mpils-results-grid-seconds-5-watchdog-mip-start/medium-1/24proc/seed-5/10_neos-3555904-turama_seed-5_20260504_014126/iterated_local_search/search_space/search_space_file_3_worker_18.txt
[INFO]:[01:45:17] Local search space loaded from file: /scratch/yorig/mpils-results-grid-seconds-5-watchdog-mip-start/medium-1/24proc/seed-5/10_neos-3555904-turama_seed-5_20260504_014126/iterated_local_search/search_space/search_space_file_3_worker_18.txt
[INFO]:[01:45:17] Number of parameters in local search space: 71
[INFO]:[01:45:17] Number of forbidden tuples in local search space: 30
[INFO]:[01:45:17] Number of conditionals in local search space: 6
[INFO]:[01:45:17] MIP start option not enabled. Local search will proceed without MIP start.
[INFO]:[01:45:17] Evaluating initial configuration for local search phase...
[INFO]:[01:45:17] Starting CPLEX solver on instance: /home/yorig/tuner/mpils-tests/instances/miplib/medium-1/neos-3555904-turama.mps with config: /scratch/yorig/mpils-results-grid-seconds-5-watchdog-mip-start/medium-1/24proc/seed-5/10_neos-3555904-turama_seed-5_20260504_014126/iterated_local_search/run_3_worker_18/ils_config_18325575643608675829.prm
[INFO]:[01:45:17] Starting CPLEX solver on instance: /home/yorig/tuner/mpils-tests/instances/miplib/medium-1/neos-3555904-turama.mps with config: /scratch/yorig/mpils-results-grid-seconds-5-watchdog-mip-start/medium-1/24proc/seed-5/10_neos-3555904-turama_seed-5_20260504_014126/iterated_local_search/run_3_worker_18/ils_config_18325575643608675829.prm
[INFO]:[01:45:23] CPLEX results. Gap: 80480.720000, upper bound: -33.200000, lower bound: -26752.800000
[INFO]:[01:45:23] CPLEX solver finished. Gap: 80480.720000
[INFO]:[01:45:23] Initial configuration evaluated with objective value: 80480.7
[INFO]:[01:45:23] Starting CPLEX solver on instance: /home/yorig/tuner/mpils-tests/instances/miplib/medium-1/neos-3555904-turama.mps with config: /scratch/yorig/mpils-results-grid-seconds-5-watchdog-mip-start/medium-1/24proc/seed-5/10_neos-3555904-turama_seed-5_20260504_014126/iterated_local_search/run_3_worker_18/ils_config_131133518034943759.prm
[INFO]:[01:45:23] Starting CPLEX solver on instance: /home/yorig/tuner/mpils-tests/instances/miplib/medium-1/neos-3555904-turama.mps with config: /scratch/yorig/mpils-results-grid-seconds-5-watchdog-mip-start/medium-1/24proc/seed-5/10_neos-3555904-turama_seed-5_20260504_014126/iterated_local_search/run_3_worker_18/ils_config_131133518034943759.prm
[INFO]:[01:45:28] CPLEX results. Gap: 80480.720000, upper bound: -33.200000, lower bound: -26752.800000
[INFO]:[01:45:28] CPLEX solver finished. Gap: 80480.720000
[INFO]:[01:45:28] Starting CPLEX solver on instance: /home/yorig/tuner/mpils-tests/instances/miplib/medium-1/neos-3555904-turama.mps with config: /scratch/yorig/mpils-results-grid-seconds-5-watchdog-mip-start/medium-1/24proc/seed-5/10_neos-3555904-turama_seed-5_20260504_014126/iterated_local_search/run_3_worker_18/ils_config_18004406518415925185.prm
[INFO]:[01:45:28] Starting CPLEX solver on instance: /home/yorig/tuner/mpils-tests/instances/miplib/medium-1/neos-3555904-turama.mps with config: /scratch/yorig/mpils-results-grid-seconds-5-watchdog-mip-start/medium-1/24proc/seed-5/10_neos-3555904-turama_seed-5_20260504_014126/iterated_local_search/run_3_worker_18/ils_config_18004406518415925185.prm
[INFO]:[01:45:33] CPLEX results. Gap: 80480.720000, upper bound: -33.200000, lower bound: -26752.800000
[INFO]:[01:45:33] CPLEX solver finished. Gap: 80480.720000
[INFO]:[01:45:33] Starting CPLEX solver on instance: /home/yorig/tuner/mpils-tests/instances/miplib/medium-1/neos-3555904-turama.mps with config: /scratch/yorig/mpils-results-grid-seconds-5-watchdog-mip-start/medium-1/24proc/seed-5/10_neos-3555904-turama_seed-5_20260504_014126/iterated_local_search/run_3_worker_18/ils_config_9761039633824055473.prm
[INFO]:[01:45:33] Starting CPLEX solver on instance: /home/yorig/tuner/mpils-tests/instances/miplib/medium-1/neos-3555904-turama.mps with config: /scratch/yorig/mpils-results-grid-seconds-5-watchdog-mip-start/medium-1/24proc/seed-5/10_neos-3555904-turama_seed-5_20260504_014126/iterated_local_search/run_3_worker_18/ils_config_9761039633824055473.prm
[INFO]:[01:45:38] CPLEX results. Gap: 80480.720000, upper bound: -33.200000, lower bound: -26752.800000
[INFO]:[01:45:38] CPLEX solver finished. Gap: 80480.720000
[INFO]:[01:45:38] Starting CPLEX solver on instance: /home/yorig/tuner/mpils-tests/instances/miplib/medium-1/neos-3555904-turama.mps with config: /scratch/yorig/mpils-results-grid-seconds-5-watchdog-mip-start/medium-1/24proc/seed-5/10_neos-3555904-turama_seed-5_20260504_014126/iterated_local_search/run_3_worker_18/ils_config_775228421595047923.prm
[INFO]:[01:45:38] Starting CPLEX solver on instance: /home/yorig/tuner/mpils-tests/instances/miplib/medium-1/neos-3555904-turama.mps with config: /scratch/yorig/mpils-results-grid-seconds-5-watchdog-mip-start/medium-1/24proc/seed-5/10_neos-3555904-turama_seed-5_20260504_014126/iterated_local_search/run_3_worker_18/ils_config_775228421595047923.prm
[INFO]:[01:45:44] CPLEX results. Gap: 80480.720000, upper bound: -33.200000, lower bound: -26752.800000
[INFO]:[01:45:44] CPLEX solver finished. Gap: 80480.720000
[INFO]:[01:45:44] Local search phase completed.
[INFO]:[01:45:44] Total number of new local-search evaluations: 5
[INFO]:[01:45:44] Final incumbent objective value: 80480.7
[INFO]:[01:45:49] Worker 18 completed exploration phase.
[INFO]:[01:45:49] Worker 18 received order for step 2.
[INFO]:[01:45:49] Worker 18 running expansion phase for iteration 3.
[INFO]:[01:45:49] Worker 18 will use solver log file: /scratch/yorig/mpils-results-grid-seconds-5-watchdog-mip-start/medium-1/24proc/seed-5/10_neos-3555904-turama_seed-5_20260504_014126/solver/cplex.log_iteration_expansion_3_worker_18
[INFO]:[01:45:49] Expansion Worker 18 starting expansion for iteration 3.
[INFO]:[01:45:49] Starting CPLEX solver on instance: /home/yorig/tuner/mpils-tests/instances/miplib/medium-1/neos-3555904-turama.mps with config: /scratch/yorig/mpils-results-grid-seconds-5-watchdog-mip-start/medium-1/24proc/seed-5/10_neos-3555904-turama_seed-5_20260504_014126/expansion/config_param_CPXPARAM_Preprocessing_CoeffReduce_0_iter_3.prm
[INFO]:[01:45:54] CPLEX results. Gap: 18.010000, upper bound: -34.700000, lower bound: -40.950000
[INFO]:[01:45:54] CPLEX solver finished. Gap: 18.010000
[INFO]:[01:46:00] Expansion Worker 18 completed expansion.
[INFO]:[01:46:00] Worker 18 completed expansion phase.
[INFO]:[01:46:01] Worker 18 received order for step 1.
[INFO]:[01:46:01] Worker 18 running exploration phase for iteration 4.
[INFO]:[01:46:01] Worker 18 at iteration 4 will not use a MIP start file. Current best MIP-start upper bound threshold is 1.79769e+308.
[INFO]:[01:46:01] Starting local search phase...
[INFO]:[01:46:01] Creating local search space from parameter space file: /scratch/yorig/mpils-results-grid-seconds-5-watchdog-mip-start/medium-1/24proc/seed-5/10_neos-3555904-turama_seed-5_20260504_014126/iterated_local_search/search_space/search_space_file_4_worker_18.txt
[INFO]:[01:46:01] Local search space loaded from file: /scratch/yorig/mpils-results-grid-seconds-5-watchdog-mip-start/medium-1/24proc/seed-5/10_neos-3555904-turama_seed-5_20260504_014126/iterated_local_search/search_space/search_space_file_4_worker_18.txt
[INFO]:[01:46:01] Number of parameters in local search space: 71
[INFO]:[01:46:01] Number of forbidden tuples in local search space: 58
[INFO]:[01:46:01] Number of conditionals in local search space: 6
[INFO]:[01:46:01] MIP start option not enabled. Local search will proceed without MIP start.
[INFO]:[01:46:01] Evaluating initial configuration for local search phase...
[INFO]:[01:46:01] Starting CPLEX solver on instance: /home/yorig/tuner/mpils-tests/instances/miplib/medium-1/neos-3555904-turama.mps with config: /scratch/yorig/mpils-results-grid-seconds-5-watchdog-mip-start/medium-1/24proc/seed-5/10_neos-3555904-turama_seed-5_20260504_014126/iterated_local_search/run_4_worker_18/ils_config_2091773430737818595.prm
[INFO]:[01:46:01] Starting CPLEX solver on instance: /home/yorig/tuner/mpils-tests/instances/miplib/medium-1/neos-3555904-turama.mps with config: /scratch/yorig/mpils-results-grid-seconds-5-watchdog-mip-start/medium-1/24proc/seed-5/10_neos-3555904-turama_seed-5_20260504_014126/iterated_local_search/run_4_worker_18/ils_config_2091773430737818595.prm
[INFO]:[01:46:06] CPLEX results. Gap: 80480.720000, upper bound: -33.200000, lower bound: -26752.800000
[INFO]:[01:46:06] CPLEX solver finished. Gap: 80480.720000
[INFO]:[01:46:06] Initial configuration evaluated with objective value: 80480.7
[INFO]:[01:46:06] Starting CPLEX solver on instance: /home/yorig/tuner/mpils-tests/instances/miplib/medium-1/neos-3555904-turama.mps with config: /scratch/yorig/mpils-results-grid-seconds-5-watchdog-mip-start/medium-1/24proc/seed-5/10_neos-3555904-turama_seed-5_20260504_014126/iterated_local_search/run_4_worker_18/ils_config_10500943329672249536.prm
[INFO]:[01:46:06] Starting CPLEX solver on instance: /home/yorig/tuner/mpils-tests/instances/miplib/medium-1/neos-3555904-turama.mps with config: /scratch/yorig/mpils-results-grid-seconds-5-watchdog-mip-start/medium-1/24proc/seed-5/10_neos-3555904-turama_seed-5_20260504_014126/iterated_local_search/run_4_worker_18/ils_config_10500943329672249536.prm
[INFO]:[01:46:11] CPLEX results. Gap: 80480.720000, upper bound: -33.200000, lower bound: -26752.800000
[INFO]:[01:46:11] CPLEX solver finished. Gap: 80480.720000
[INFO]:[01:46:11] Starting CPLEX solver on instance: /home/yorig/tuner/mpils-tests/instances/miplib/medium-1/neos-3555904-turama.mps with config: /scratch/yorig/mpils-results-grid-seconds-5-watchdog-mip-start/medium-1/24proc/seed-5/10_neos-3555904-turama_seed-5_20260504_014126/iterated_local_search/run_4_worker_18/ils_config_898754263357902596.prm
[INFO]:[01:46:11] Starting CPLEX solver on instance: /home/yorig/tuner/mpils-tests/instances/miplib/medium-1/neos-3555904-turama.mps with config: /scratch/yorig/mpils-results-grid-seconds-5-watchdog-mip-start/medium-1/24proc/seed-5/10_neos-3555904-turama_seed-5_20260504_014126/iterated_local_search/run_4_worker_18/ils_config_898754263357902596.prm
[INFO]:[01:46:16] CPLEX results. Gap: 80480.720000, upper bound: -33.200000, lower bound: -26752.800000
[INFO]:[01:46:16] CPLEX solver finished. Gap: 80480.720000
[INFO]:[01:46:16] Starting CPLEX solver on instance: /home/yorig/tuner/mpils-tests/instances/miplib/medium-1/neos-3555904-turama.mps with config: /scratch/yorig/mpils-results-grid-seconds-5-watchdog-mip-start/medium-1/24proc/seed-5/10_neos-3555904-turama_seed-5_20260504_014126/iterated_local_search/run_4_worker_18/ils_config_17634284055288563920.prm
[INFO]:[01:46:16] Starting CPLEX solver on instance: /home/yorig/tuner/mpils-tests/instances/miplib/medium-1/neos-3555904-turama.mps with config: /scratch/yorig/mpils-results-grid-seconds-5-watchdog-mip-start/medium-1/24proc/seed-5/10_neos-3555904-turama_seed-5_20260504_014126/iterated_local_search/run_4_worker_18/ils_config_17634284055288563920.prm
[INFO]:[01:46:22] CPLEX results. Gap: 80480.720000, upper bound: -33.200000, lower bound: -26752.800000
[INFO]:[01:46:22] CPLEX solver finished. Gap: 80480.720000
[INFO]:[01:46:22] Starting CPLEX solver on instance: /home/yorig/tuner/mpils-tests/instances/miplib/medium-1/neos-3555904-turama.mps with config: /scratch/yorig/mpils-results-grid-seconds-5-watchdog-mip-start/medium-1/24proc/seed-5/10_neos-3555904-turama_seed-5_20260504_014126/iterated_local_search/run_4_worker_18/ils_config_15931955621247206889.prm
[INFO]:[01:46:22] Starting CPLEX solver on instance: /home/yorig/tuner/mpils-tests/instances/miplib/medium-1/neos-3555904-turama.mps with config: /scratch/yorig/mpils-results-grid-seconds-5-watchdog-mip-start/medium-1/24proc/seed-5/10_neos-3555904-turama_seed-5_20260504_014126/iterated_local_search/run_4_worker_18/ils_config_15931955621247206889.prm
[INFO]:[01:46:27] CPLEX results. Gap: 80480.720000, upper bound: -33.200000, lower bound: -26752.800000
[INFO]:[01:46:27] CPLEX solver finished. Gap: 80480.720000
[INFO]:[01:46:27] Starting CPLEX solver on instance: /home/yorig/tuner/mpils-tests/instances/miplib/medium-1/neos-3555904-turama.mps with config: /scratch/yorig/mpils-results-grid-seconds-5-watchdog-mip-start/medium-1/24proc/seed-5/10_neos-3555904-turama_seed-5_20260504_014126/iterated_local_search/run_4_worker_18/ils_config_14035671592801608309.prm
[INFO]:[01:46:27] Starting CPLEX solver on instance: /home/yorig/tuner/mpils-tests/instances/miplib/medium-1/neos-3555904-turama.mps with config: /scratch/yorig/mpils-results-grid-seconds-5-watchdog-mip-start/medium-1/24proc/seed-5/10_neos-3555904-turama_seed-5_20260504_014126/iterated_local_search/run_4_worker_18/ils_config_14035671592801608309.prm
[INFO]:[01:46:32] CPLEX results. Gap: 80480.720000, upper bound: -33.200000, lower bound: -26752.800000
[INFO]:[01:46:32] CPLEX solver finished. Gap: 80480.720000
[INFO]:[01:46:32] Starting CPLEX solver on instance: /home/yorig/tuner/mpils-tests/instances/miplib/medium-1/neos-3555904-turama.mps with config: /scratch/yorig/mpils-results-grid-seconds-5-watchdog-mip-start/medium-1/24proc/seed-5/10_neos-3555904-turama_seed-5_20260504_014126/iterated_local_search/run_4_worker_18/ils_config_5566920418880484323.prm
[INFO]:[01:46:32] Starting CPLEX solver on instance: /home/yorig/tuner/mpils-tests/instances/miplib/medium-1/neos-3555904-turama.mps with config: /scratch/yorig/mpils-results-grid-seconds-5-watchdog-mip-start/medium-1/24proc/seed-5/10_neos-3555904-turama_seed-5_20260504_014126/iterated_local_search/run_4_worker_18/ils_config_5566920418880484323.prm
[INFO]:[01:46:37] CPLEX results. Gap: 80480.720000, upper bound: -33.200000, lower bound: -26752.800000
[INFO]:[01:46:37] CPLEX solver finished. Gap: 80480.720000
[INFO]:[01:46:37] Starting CPLEX solver on instance: /home/yorig/tuner/mpils-tests/instances/miplib/medium-1/neos-3555904-turama.mps with config: /scratch/yorig/mpils-results-grid-seconds-5-watchdog-mip-start/medium-1/24proc/seed-5/10_neos-3555904-turama_seed-5_20260504_014126/iterated_local_search/run_4_worker_18/ils_config_3948465836159733995.prm
[INFO]:[01:46:37] Starting CPLEX solver on instance: /home/yorig/tuner/mpils-tests/instances/miplib/medium-1/neos-3555904-turama.mps with config: /scratch/yorig/mpils-results-grid-seconds-5-watchdog-mip-start/medium-1/24proc/seed-5/10_neos-3555904-turama_seed-5_20260504_014126/iterated_local_search/run_4_worker_18/ils_config_3948465836159733995.prm
[INFO]:[01:46:43] CPLEX results. Gap: 80480.720000, upper bound: -33.200000, lower bound: -26752.800000
[INFO]:[01:46:43] CPLEX solver finished. Gap: 80480.720000
[INFO]:[01:46:43] Starting CPLEX solver on instance: /home/yorig/tuner/mpils-tests/instances/miplib/medium-1/neos-3555904-turama.mps with config: /scratch/yorig/mpils-results-grid-seconds-5-watchdog-mip-start/medium-1/24proc/seed-5/10_neos-3555904-turama_seed-5_20260504_014126/iterated_local_search/run_4_worker_18/ils_config_1615417884397555569.prm
[INFO]:[01:46:43] Starting CPLEX solver on instance: /home/yorig/tuner/mpils-tests/instances/miplib/medium-1/neos-3555904-turama.mps with config: /scratch/yorig/mpils-results-grid-seconds-5-watchdog-mip-start/medium-1/24proc/seed-5/10_neos-3555904-turama_seed-5_20260504_014126/iterated_local_search/run_4_worker_18/ils_config_1615417884397555569.prm
[INFO]:[01:46:48] CPLEX results. Gap: 80480.720000, upper bound: -33.200000, lower bound: -26752.800000
[INFO]:[01:46:48] CPLEX solver finished. Gap: 80480.720000
[INFO]:[01:46:48] Starting CPLEX solver on instance: /home/yorig/tuner/mpils-tests/instances/miplib/medium-1/neos-3555904-turama.mps with config: /scratch/yorig/mpils-results-grid-seconds-5-watchdog-mip-start/medium-1/24proc/seed-5/10_neos-3555904-turama_seed-5_20260504_014126/iterated_local_search/run_4_worker_18/ils_config_17494550844125114282.prm
[INFO]:[01:46:48] Starting CPLEX solver on instance: /home/yorig/tuner/mpils-tests/instances/miplib/medium-1/neos-3555904-turama.mps with config: /scratch/yorig/mpils-results-grid-seconds-5-watchdog-mip-start/medium-1/24proc/seed-5/10_neos-3555904-turama_seed-5_20260504_014126/iterated_local_search/run_4_worker_18/ils_config_17494550844125114282.prm
[INFO]:[01:46:53] CPLEX results. Gap: 80480.720000, upper bound: -33.200000, lower bound: -26752.800000
[INFO]:[01:46:53] CPLEX solver finished. Gap: 80480.720000
[INFO]:[01:46:53] Starting CPLEX solver on instance: /home/yorig/tuner/mpils-tests/instances/miplib/medium-1/neos-3555904-turama.mps with config: /scratch/yorig/mpils-results-grid-seconds-5-watchdog-mip-start/medium-1/24proc/seed-5/10_neos-3555904-turama_seed-5_20260504_014126/iterated_local_search/run_4_worker_18/ils_config_3537545966497957582.prm
[INFO]:[01:46:53] Starting CPLEX solver on instance: /home/yorig/tuner/mpils-tests/instances/miplib/medium-1/neos-3555904-turama.mps with config: /scratch/yorig/mpils-results-grid-seconds-5-watchdog-mip-start/medium-1/24proc/seed-5/10_neos-3555904-turama_seed-5_20260504_014126/iterated_local_search/run_4_worker_18/ils_config_3537545966497957582.prm
[INFO]:[01:46:58] CPLEX results. Gap: 80480.720000, upper bound: -33.200000, lower bound: -26752.800000
[INFO]:[01:46:58] CPLEX solver finished. Gap: 80480.720000
[INFO]:[01:46:58] Starting CPLEX solver on instance: /home/yorig/tuner/mpils-tests/instances/miplib/medium-1/neos-3555904-turama.mps with config: /scratch/yorig/mpils-results-grid-seconds-5-watchdog-mip-start/medium-1/24proc/seed-5/10_neos-3555904-turama_seed-5_20260504_014126/iterated_local_search/run_4_worker_18/ils_config_13677078751567055786.prm
[INFO]:[01:46:58] Starting CPLEX solver on instance: /home/yorig/tuner/mpils-tests/instances/miplib/medium-1/neos-3555904-turama.mps with config: /scratch/yorig/mpils-results-grid-seconds-5-watchdog-mip-start/medium-1/24proc/seed-5/10_neos-3555904-turama_seed-5_20260504_014126/iterated_local_search/run_4_worker_18/ils_config_13677078751567055786.prm
[INFO]:[01:47:04] CPLEX results. Gap: 80480.720000, upper bound: -33.200000, lower bound: -26752.800000
[INFO]:[01:47:04] CPLEX solver finished. Gap: 80480.720000
[INFO]:[01:47:04] Starting CPLEX solver on instance: /home/yorig/tuner/mpils-tests/instances/miplib/medium-1/neos-3555904-turama.mps with config: /scratch/yorig/mpils-results-grid-seconds-5-watchdog-mip-start/medium-1/24proc/seed-5/10_neos-3555904-turama_seed-5_20260504_014126/iterated_local_search/run_4_worker_18/ils_config_15665271368906291751.prm
[INFO]:[01:47:04] Starting CPLEX solver on instance: /home/yorig/tuner/mpils-tests/instances/miplib/medium-1/neos-3555904-turama.mps with config: /scratch/yorig/mpils-results-grid-seconds-5-watchdog-mip-start/medium-1/24proc/seed-5/10_neos-3555904-turama_seed-5_20260504_014126/iterated_local_search/run_4_worker_18/ils_config_15665271368906291751.prm
[INFO]:[01:47:09] CPLEX results. Gap: 80480.720000, upper bound: -33.200000, lower bound: -26752.800000
[INFO]:[01:47:09] CPLEX solver finished. Gap: 80480.720000
[INFO]:[01:47:09] Starting CPLEX solver on instance: /home/yorig/tuner/mpils-tests/instances/miplib/medium-1/neos-3555904-turama.mps with config: /scratch/yorig/mpils-results-grid-seconds-5-watchdog-mip-start/medium-1/24proc/seed-5/10_neos-3555904-turama_seed-5_20260504_014126/iterated_local_search/run_4_worker_18/ils_config_6880157954974199394.prm
[INFO]:[01:47:09] Starting CPLEX solver on instance: /home/yorig/tuner/mpils-tests/instances/miplib/medium-1/neos-3555904-turama.mps with config: /scratch/yorig/mpils-results-grid-seconds-5-watchdog-mip-start/medium-1/24proc/seed-5/10_neos-3555904-turama_seed-5_20260504_014126/iterated_local_search/run_4_worker_18/ils_config_6880157954974199394.prm
[INFO]:[01:47:14] CPLEX results. Gap: 80480.720000, upper bound: -33.200000, lower bound: -26752.800000
[INFO]:[01:47:14] CPLEX solver finished. Gap: 80480.720000
[INFO]:[01:47:14] Local search phase completed.
[INFO]:[01:47:14] Total number of new local-search evaluations: 14
[INFO]:[01:47:14] Final incumbent objective value: 80480.7
[INFO]:[01:47:17] Worker 18 completed exploration phase.
[INFO]:[01:47:18] Worker 18 received order for step 2.
[INFO]:[01:47:18] Worker 18 running expansion phase for iteration 4.
[INFO]:[01:47:18] Worker 18 will use solver log file: /scratch/yorig/mpils-results-grid-seconds-5-watchdog-mip-start/medium-1/24proc/seed-5/10_neos-3555904-turama_seed-5_20260504_014126/solver/cplex.log_iteration_expansion_4_worker_18
[INFO]:[01:47:18] Expansion Worker 18 starting expansion for iteration 4.
[INFO]:[01:47:18] Starting CPLEX solver on instance: /home/yorig/tuner/mpils-tests/instances/miplib/medium-1/neos-3555904-turama.mps with config: /scratch/yorig/mpils-results-grid-seconds-5-watchdog-mip-start/medium-1/24proc/seed-5/10_neos-3555904-turama_seed-5_20260504_014126/expansion/config_param_CPXPARAM_Emphasis_Numerical_1_iter_4.prm
[INFO]:[01:47:23] CPLEX results. Gap: 23.340000, upper bound: -33.200000, lower bound: -40.950000
[INFO]:[01:47:23] CPLEX solver finished. Gap: 23.340000
[INFO]:[01:47:29] Expansion Worker 18 completed expansion.
[INFO]:[01:47:29] Worker 18 completed expansion phase.
[INFO]:[01:47:30] Worker 18 received order for step 1.
[INFO]:[01:47:30] Worker 18 running exploration phase for iteration 5.
[INFO]:[01:47:30] Worker 18 at iteration 5 will not use a MIP start file. Current best MIP-start upper bound threshold is 1.79769e+308.
[INFO]:[01:47:30] Starting local search phase...
[INFO]:[01:47:30] Creating local search space from parameter space file: /scratch/yorig/mpils-results-grid-seconds-5-watchdog-mip-start/medium-1/24proc/seed-5/10_neos-3555904-turama_seed-5_20260504_014126/iterated_local_search/search_space/search_space_file_5_worker_18.txt
[INFO]:[01:47:30] Local search space loaded from file: /scratch/yorig/mpils-results-grid-seconds-5-watchdog-mip-start/medium-1/24proc/seed-5/10_neos-3555904-turama_seed-5_20260504_014126/iterated_local_search/search_space/search_space_file_5_worker_18.txt
[INFO]:[01:47:30] Number of parameters in local search space: 71
[INFO]:[01:47:30] Number of forbidden tuples in local search space: 88
[INFO]:[01:47:30] Number of conditionals in local search space: 6
[INFO]:[01:47:30] MIP start option not enabled. Local search will proceed without MIP start.
[INFO]:[01:47:30] Evaluating initial configuration for local search phase...
[INFO]:[01:47:30] Starting CPLEX solver on instance: /home/yorig/tuner/mpils-tests/instances/miplib/medium-1/neos-3555904-turama.mps with config: /scratch/yorig/mpils-results-grid-seconds-5-watchdog-mip-start/medium-1/24proc/seed-5/10_neos-3555904-turama_seed-5_20260504_014126/iterated_local_search/run_5_worker_18/ils_config_14749899066941541995.prm
[INFO]:[01:47:30] Starting CPLEX solver on instance: /home/yorig/tuner/mpils-tests/instances/miplib/medium-1/neos-3555904-turama.mps with config: /scratch/yorig/mpils-results-grid-seconds-5-watchdog-mip-start/medium-1/24proc/seed-5/10_neos-3555904-turama_seed-5_20260504_014126/iterated_local_search/run_5_worker_18/ils_config_14749899066941541995.prm
[INFO]:[01:47:35] CPLEX results. Gap: 80480.720000, upper bound: -33.200000, lower bound: -26752.800000
[INFO]:[01:47:35] CPLEX solver finished. Gap: 80480.720000
[INFO]:[01:47:35] Initial configuration evaluated with objective value: 80480.7
[INFO]:[01:47:35] Starting CPLEX solver on instance: /home/yorig/tuner/mpils-tests/instances/miplib/medium-1/neos-3555904-turama.mps with config: /scratch/yorig/mpils-results-grid-seconds-5-watchdog-mip-start/medium-1/24proc/seed-5/10_neos-3555904-turama_seed-5_20260504_014126/iterated_local_search/run_5_worker_18/ils_config_16899649551985236126.prm
[INFO]:[01:47:35] Starting CPLEX solver on instance: /home/yorig/tuner/mpils-tests/instances/miplib/medium-1/neos-3555904-turama.mps with config: /scratch/yorig/mpils-results-grid-seconds-5-watchdog-mip-start/medium-1/24proc/seed-5/10_neos-3555904-turama_seed-5_20260504_014126/iterated_local_search/run_5_worker_18/ils_config_16899649551985236126.prm
[INFO]:[01:47:41] CPLEX results. Gap: 80480.720000, upper bound: -33.200000, lower bound: -26752.800000
[INFO]:[01:47:41] CPLEX solver finished. Gap: 80480.720000
[INFO]:[01:47:41] Starting CPLEX solver on instance: /home/yorig/tuner/mpils-tests/instances/miplib/medium-1/neos-3555904-turama.mps with config: /scratch/yorig/mpils-results-grid-seconds-5-watchdog-mip-start/medium-1/24proc/seed-5/10_neos-3555904-turama_seed-5_20260504_014126/iterated_local_search/run_5_worker_18/ils_config_4685542133406077294.prm
[INFO]:[01:47:41] Starting CPLEX solver on instance: /home/yorig/tuner/mpils-tests/instances/miplib/medium-1/neos-3555904-turama.mps with config: /scratch/yorig/mpils-results-grid-seconds-5-watchdog-mip-start/medium-1/24proc/seed-5/10_neos-3555904-turama_seed-5_20260504_014126/iterated_local_search/run_5_worker_18/ils_config_4685542133406077294.prm
[INFO]:[01:47:46] CPLEX results. Gap: 80480.720000, upper bound: -33.200000, lower bound: -26752.800000
[INFO]:[01:47:46] CPLEX solver finished. Gap: 80480.720000
[INFO]:[01:47:46] Starting CPLEX solver on instance: /home/yorig/tuner/mpils-tests/instances/miplib/medium-1/neos-3555904-turama.mps with config: /scratch/yorig/mpils-results-grid-seconds-5-watchdog-mip-start/medium-1/24proc/seed-5/10_neos-3555904-turama_seed-5_20260504_014126/iterated_local_search/run_5_worker_18/ils_config_6149531431019902314.prm
[INFO]:[01:47:46] Starting CPLEX solver on instance: /home/yorig/tuner/mpils-tests/instances/miplib/medium-1/neos-3555904-turama.mps with config: /scratch/yorig/mpils-results-grid-seconds-5-watchdog-mip-start/medium-1/24proc/seed-5/10_neos-3555904-turama_seed-5_20260504_014126/iterated_local_search/run_5_worker_18/ils_config_6149531431019902314.prm
[INFO]:[01:47:51] CPLEX results. Gap: 80480.720000, upper bound: -33.200000, lower bound: -26752.800000
[INFO]:[01:47:51] CPLEX solver finished. Gap: 80480.720000
[INFO]:[01:47:51] Starting CPLEX solver on instance: /home/yorig/tuner/mpils-tests/instances/miplib/medium-1/neos-3555904-turama.mps with config: /scratch/yorig/mpils-results-grid-seconds-5-watchdog-mip-start/medium-1/24proc/seed-5/10_neos-3555904-turama_seed-5_20260504_014126/iterated_local_search/run_5_worker_18/ils_config_8573653111311631983.prm
[INFO]:[01:47:51] Starting CPLEX solver on instance: /home/yorig/tuner/mpils-tests/instances/miplib/medium-1/neos-3555904-turama.mps with config: /scratch/yorig/mpils-results-grid-seconds-5-watchdog-mip-start/medium-1/24proc/seed-5/10_neos-3555904-turama_seed-5_20260504_014126/iterated_local_search/run_5_worker_18/ils_config_8573653111311631983.prm
[INFO]:[01:47:56] CPLEX results. Gap: 80480.720000, upper bound: -33.200000, lower bound: -26752.800000
[INFO]:[01:47:57] CPLEX solver finished. Gap: 80480.720000
[INFO]:[01:47:57] Starting CPLEX solver on instance: /home/yorig/tuner/mpils-tests/instances/miplib/medium-1/neos-3555904-turama.mps with config: /scratch/yorig/mpils-results-grid-seconds-5-watchdog-mip-start/medium-1/24proc/seed-5/10_neos-3555904-turama_seed-5_20260504_014126/iterated_local_search/run_5_worker_18/ils_config_15841985611118322150.prm
[INFO]:[01:47:57] Starting CPLEX solver on instance: /home/yorig/tuner/mpils-tests/instances/miplib/medium-1/neos-3555904-turama.mps with config: /scratch/yorig/mpils-results-grid-seconds-5-watchdog-mip-start/medium-1/24proc/seed-5/10_neos-3555904-turama_seed-5_20260504_014126/iterated_local_search/run_5_worker_18/ils_config_15841985611118322150.prm
[INFO]:[01:48:02] CPLEX results. Gap: 80480.720000, upper bound: -33.200000, lower bound: -26752.800000
[INFO]:[01:48:02] CPLEX solver finished. Gap: 80480.720000
[INFO]:[01:48:02] Starting CPLEX solver on instance: /home/yorig/tuner/mpils-tests/instances/miplib/medium-1/neos-3555904-turama.mps with config: /scratch/yorig/mpils-results-grid-seconds-5-watchdog-mip-start/medium-1/24proc/seed-5/10_neos-3555904-turama_seed-5_20260504_014126/iterated_local_search/run_5_worker_18/ils_config_9031132713810210057.prm
[INFO]:[01:48:02] Starting CPLEX solver on instance: /home/yorig/tuner/mpils-tests/instances/miplib/medium-1/neos-3555904-turama.mps with config: /scratch/yorig/mpils-results-grid-seconds-5-watchdog-mip-start/medium-1/24proc/seed-5/10_neos-3555904-turama_seed-5_20260504_014126/iterated_local_search/run_5_worker_18/ils_config_9031132713810210057.prm
[INFO]:[01:48:07] CPLEX results. Gap: 80480.720000, upper bound: -33.200000, lower bound: -26752.800000
[INFO]:[01:48:07] CPLEX solver finished. Gap: 80480.720000
[INFO]:[01:48:07] Starting CPLEX solver on instance: /home/yorig/tuner/mpils-tests/instances/miplib/medium-1/neos-3555904-turama.mps with config: /scratch/yorig/mpils-results-grid-seconds-5-watchdog-mip-start/medium-1/24proc/seed-5/10_neos-3555904-turama_seed-5_20260504_014126/iterated_local_search/run_5_worker_18/ils_config_2347532999753232077.prm
[INFO]:[01:48:07] Starting CPLEX solver on instance: /home/yorig/tuner/mpils-tests/instances/miplib/medium-1/neos-3555904-turama.mps with config: /scratch/yorig/mpils-results-grid-seconds-5-watchdog-mip-start/medium-1/24proc/seed-5/10_neos-3555904-turama_seed-5_20260504_014126/iterated_local_search/run_5_worker_18/ils_config_2347532999753232077.prm
[INFO]:[01:48:12] CPLEX results. Gap: 80480.720000, upper bound: -33.200000, lower bound: -26752.800000
[INFO]:[01:48:12] CPLEX solver finished. Gap: 80480.720000
[INFO]:[01:48:12] Starting CPLEX solver on instance: /home/yorig/tuner/mpils-tests/instances/miplib/medium-1/neos-3555904-turama.mps with config: /scratch/yorig/mpils-results-grid-seconds-5-watchdog-mip-start/medium-1/24proc/seed-5/10_neos-3555904-turama_seed-5_20260504_014126/iterated_local_search/run_5_worker_18/ils_config_5156475416288631372.prm
[INFO]:[01:48:12] Starting CPLEX solver on instance: /home/yorig/tuner/mpils-tests/instances/miplib/medium-1/neos-3555904-turama.mps with config: /scratch/yorig/mpils-results-grid-seconds-5-watchdog-mip-start/medium-1/24proc/seed-5/10_neos-3555904-turama_seed-5_20260504_014126/iterated_local_search/run_5_worker_18/ils_config_5156475416288631372.prm
[INFO]:[01:48:18] CPLEX results. Gap: 80480.720000, upper bound: -33.200000, lower bound: -26752.800000
[INFO]:[01:48:18] CPLEX solver finished. Gap: 80480.720000
[INFO]:[01:48:18] Starting CPLEX solver on instance: /home/yorig/tuner/mpils-tests/instances/miplib/medium-1/neos-3555904-turama.mps with config: /scratch/yorig/mpils-results-grid-seconds-5-watchdog-mip-start/medium-1/24proc/seed-5/10_neos-3555904-turama_seed-5_20260504_014126/iterated_local_search/run_5_worker_18/ils_config_7560121403689346668.prm
[INFO]:[01:48:18] Starting CPLEX solver on instance: /home/yorig/tuner/mpils-tests/instances/miplib/medium-1/neos-3555904-turama.mps with config: /scratch/yorig/mpils-results-grid-seconds-5-watchdog-mip-start/medium-1/24proc/seed-5/10_neos-3555904-turama_seed-5_20260504_014126/iterated_local_search/run_5_worker_18/ils_config_7560121403689346668.prm
[INFO]:[01:48:23] CPLEX results. Gap: 80480.720000, upper bound: -33.200000, lower bound: -26752.800000
[INFO]:[01:48:23] CPLEX solver finished. Gap: 80480.720000
[INFO]:[01:48:23] Starting CPLEX solver on instance: /home/yorig/tuner/mpils-tests/instances/miplib/medium-1/neos-3555904-turama.mps with config: /scratch/yorig/mpils-results-grid-seconds-5-watchdog-mip-start/medium-1/24proc/seed-5/10_neos-3555904-turama_seed-5_20260504_014126/iterated_local_search/run_5_worker_18/ils_config_13378732898164591450.prm
[INFO]:[01:48:23] Starting CPLEX solver on instance: /home/yorig/tuner/mpils-tests/instances/miplib/medium-1/neos-3555904-turama.mps with config: /scratch/yorig/mpils-results-grid-seconds-5-watchdog-mip-start/medium-1/24proc/seed-5/10_neos-3555904-turama_seed-5_20260504_014126/iterated_local_search/run_5_worker_18/ils_config_13378732898164591450.prm
[INFO]:[01:48:28] CPLEX results. Gap: 80480.720000, upper bound: -33.200000, lower bound: -26752.800000
[INFO]:[01:48:28] CPLEX solver finished. Gap: 80480.720000
[INFO]:[01:48:28] Starting CPLEX solver on instance: /home/yorig/tuner/mpils-tests/instances/miplib/medium-1/neos-3555904-turama.mps with config: /scratch/yorig/mpils-results-grid-seconds-5-watchdog-mip-start/medium-1/24proc/seed-5/10_neos-3555904-turama_seed-5_20260504_014126/iterated_local_search/run_5_worker_18/ils_config_17101133463690510004.prm
[INFO]:[01:48:28] Starting CPLEX solver on instance: /home/yorig/tuner/mpils-tests/instances/miplib/medium-1/neos-3555904-turama.mps with config: /scratch/yorig/mpils-results-grid-seconds-5-watchdog-mip-start/medium-1/24proc/seed-5/10_neos-3555904-turama_seed-5_20260504_014126/iterated_local_search/run_5_worker_18/ils_config_17101133463690510004.prm
[INFO]:[01:48:33] CPLEX results. Gap: 80480.720000, upper bound: -33.200000, lower bound: -26752.800000
[INFO]:[01:48:33] CPLEX solver finished. Gap: 80480.720000
[INFO]:[01:48:33] Starting CPLEX solver on instance: /home/yorig/tuner/mpils-tests/instances/miplib/medium-1/neos-3555904-turama.mps with config: /scratch/yorig/mpils-results-grid-seconds-5-watchdog-mip-start/medium-1/24proc/seed-5/10_neos-3555904-turama_seed-5_20260504_014126/iterated_local_search/run_5_worker_18/ils_config_11828598890045136958.prm
[INFO]:[01:48:33] Starting CPLEX solver on instance: /home/yorig/tuner/mpils-tests/instances/miplib/medium-1/neos-3555904-turama.mps with config: /scratch/yorig/mpils-results-grid-seconds-5-watchdog-mip-start/medium-1/24proc/seed-5/10_neos-3555904-turama_seed-5_20260504_014126/iterated_local_search/run_5_worker_18/ils_config_11828598890045136958.prm
[INFO]:[01:48:39] CPLEX results. Gap: 80480.720000, upper bound: -33.200000, lower bound: -26752.800000
[INFO]:[01:48:39] CPLEX solver finished. Gap: 80480.720000
[INFO]:[01:48:39] Starting CPLEX solver on instance: /home/yorig/tuner/mpils-tests/instances/miplib/medium-1/neos-3555904-turama.mps with config: /scratch/yorig/mpils-results-grid-seconds-5-watchdog-mip-start/medium-1/24proc/seed-5/10_neos-3555904-turama_seed-5_20260504_014126/iterated_local_search/run_5_worker_18/ils_config_16805721265299028489.prm
[INFO]:[01:48:39] Starting CPLEX solver on instance: /home/yorig/tuner/mpils-tests/instances/miplib/medium-1/neos-3555904-turama.mps with config: /scratch/yorig/mpils-results-grid-seconds-5-watchdog-mip-start/medium-1/24proc/seed-5/10_neos-3555904-turama_seed-5_20260504_014126/iterated_local_search/run_5_worker_18/ils_config_16805721265299028489.prm
[INFO]:[01:48:44] CPLEX results. Gap: 80480.720000, upper bound: -33.200000, lower bound: -26752.800000
[INFO]:[01:48:44] CPLEX solver finished. Gap: 80480.720000
[INFO]:[01:48:44] Starting CPLEX solver on instance: /home/yorig/tuner/mpils-tests/instances/miplib/medium-1/neos-3555904-turama.mps with config: /scratch/yorig/mpils-results-grid-seconds-5-watchdog-mip-start/medium-1/24proc/seed-5/10_neos-3555904-turama_seed-5_20260504_014126/iterated_local_search/run_5_worker_18/ils_config_4823445491557653641.prm
[INFO]:[01:48:44] Starting CPLEX solver on instance: /home/yorig/tuner/mpils-tests/instances/miplib/medium-1/neos-3555904-turama.mps with config: /scratch/yorig/mpils-results-grid-seconds-5-watchdog-mip-start/medium-1/24proc/seed-5/10_neos-3555904-turama_seed-5_20260504_014126/iterated_local_search/run_5_worker_18/ils_config_4823445491557653641.prm
[INFO]:[01:48:49] CPLEX results. Gap: 84399.700000, upper bound: -33.200000, lower bound: -28053.900000
[INFO]:[01:48:49] CPLEX solver finished. Gap: 84399.700000
[INFO]:[01:48:49] Starting CPLEX solver on instance: /home/yorig/tuner/mpils-tests/instances/miplib/medium-1/neos-3555904-turama.mps with config: /scratch/yorig/mpils-results-grid-seconds-5-watchdog-mip-start/medium-1/24proc/seed-5/10_neos-3555904-turama_seed-5_20260504_014126/iterated_local_search/run_5_worker_18/ils_config_915038783675784835.prm
[INFO]:[01:48:49] Starting CPLEX solver on instance: /home/yorig/tuner/mpils-tests/instances/miplib/medium-1/neos-3555904-turama.mps with config: /scratch/yorig/mpils-results-grid-seconds-5-watchdog-mip-start/medium-1/24proc/seed-5/10_neos-3555904-turama_seed-5_20260504_014126/iterated_local_search/run_5_worker_18/ils_config_915038783675784835.prm
[INFO]:[01:48:54] CPLEX results. Gap: 80480.720000, upper bound: -33.200000, lower bound: -26752.800000
[INFO]:[01:48:54] CPLEX solver finished. Gap: 80480.720000
[INFO]:[01:48:54] Starting CPLEX solver on instance: /home/yorig/tuner/mpils-tests/instances/miplib/medium-1/neos-3555904-turama.mps with config: /scratch/yorig/mpils-results-grid-seconds-5-watchdog-mip-start/medium-1/24proc/seed-5/10_neos-3555904-turama_seed-5_20260504_014126/iterated_local_search/run_5_worker_18/ils_config_8276017930645793230.prm
[INFO]:[01:48:54] Starting CPLEX solver on instance: /home/yorig/tuner/mpils-tests/instances/miplib/medium-1/neos-3555904-turama.mps with config: /scratch/yorig/mpils-results-grid-seconds-5-watchdog-mip-start/medium-1/24proc/seed-5/10_neos-3555904-turama_seed-5_20260504_014126/iterated_local_search/run_5_worker_18/ils_config_8276017930645793230.prm
[INFO]:[01:49:00] CPLEX results. Gap: 80480.720000, upper bound: -33.200000, lower bound: -26752.800000
[INFO]:[01:49:00] CPLEX solver finished. Gap: 80480.720000
[INFO]:[01:49:00] Starting CPLEX solver on instance: /home/yorig/tuner/mpils-tests/instances/miplib/medium-1/neos-3555904-turama.mps with config: /scratch/yorig/mpils-results-grid-seconds-5-watchdog-mip-start/medium-1/24proc/seed-5/10_neos-3555904-turama_seed-5_20260504_014126/iterated_local_search/run_5_worker_18/ils_config_10611426324215601127.prm
[INFO]:[01:49:00] Starting CPLEX solver on instance: /home/yorig/tuner/mpils-tests/instances/miplib/medium-1/neos-3555904-turama.mps with config: /scratch/yorig/mpils-results-grid-seconds-5-watchdog-mip-start/medium-1/24proc/seed-5/10_neos-3555904-turama_seed-5_20260504_014126/iterated_local_search/run_5_worker_18/ils_config_10611426324215601127.prm
[INFO]:[01:49:05] CPLEX results. Gap: 80480.720000, upper bound: -33.200000, lower bound: -26752.800000
[INFO]:[01:49:05] CPLEX solver finished. Gap: 80480.720000
[INFO]:[01:49:05] Starting CPLEX solver on instance: /home/yorig/tuner/mpils-tests/instances/miplib/medium-1/neos-3555904-turama.mps with config: /scratch/yorig/mpils-results-grid-seconds-5-watchdog-mip-start/medium-1/24proc/seed-5/10_neos-3555904-turama_seed-5_20260504_014126/iterated_local_search/run_5_worker_18/ils_config_15722512528560614985.prm
[INFO]:[01:49:05] Starting CPLEX solver on instance: /home/yorig/tuner/mpils-tests/instances/miplib/medium-1/neos-3555904-turama.mps with config: /scratch/yorig/mpils-results-grid-seconds-5-watchdog-mip-start/medium-1/24proc/seed-5/10_neos-3555904-turama_seed-5_20260504_014126/iterated_local_search/run_5_worker_18/ils_config_15722512528560614985.prm
[INFO]:[01:49:10] CPLEX results. Gap: 80480.720000, upper bound: -33.200000, lower bound: -26752.800000
[INFO]:[01:49:10] CPLEX solver finished. Gap: 80480.720000
[INFO]:[01:49:10] Starting CPLEX solver on instance: /home/yorig/tuner/mpils-tests/instances/miplib/medium-1/neos-3555904-turama.mps with config: /scratch/yorig/mpils-results-grid-seconds-5-watchdog-mip-start/medium-1/24proc/seed-5/10_neos-3555904-turama_seed-5_20260504_014126/iterated_local_search/run_5_worker_18/ils_config_70598216935382868.prm
[INFO]:[01:49:10] Starting CPLEX solver on instance: /home/yorig/tuner/mpils-tests/instances/miplib/medium-1/neos-3555904-turama.mps with config: /scratch/yorig/mpils-results-grid-seconds-5-watchdog-mip-start/medium-1/24proc/seed-5/10_neos-3555904-turama_seed-5_20260504_014126/iterated_local_search/run_5_worker_18/ils_config_70598216935382868.prm
[INFO]:[01:49:15] CPLEX results. Gap: 80480.720000, upper bound: -33.200000, lower bound: -26752.800000
[INFO]:[01:49:15] CPLEX solver finished. Gap: 80480.720000
[INFO]:[01:49:15] Starting CPLEX solver on instance: /home/yorig/tuner/mpils-tests/instances/miplib/medium-1/neos-3555904-turama.mps with config: /scratch/yorig/mpils-results-grid-seconds-5-watchdog-mip-start/medium-1/24proc/seed-5/10_neos-3555904-turama_seed-5_20260504_014126/iterated_local_search/run_5_worker_18/ils_config_6878590007302171855.prm
[INFO]:[01:49:15] Starting CPLEX solver on instance: /home/yorig/tuner/mpils-tests/instances/miplib/medium-1/neos-3555904-turama.mps with config: /scratch/yorig/mpils-results-grid-seconds-5-watchdog-mip-start/medium-1/24proc/seed-5/10_neos-3555904-turama_seed-5_20260504_014126/iterated_local_search/run_5_worker_18/ils_config_6878590007302171855.prm
[INFO]:[01:49:21] CPLEX results. Gap: 80480.720000, upper bound: -33.200000, lower bound: -26752.800000
[INFO]:[01:49:21] CPLEX solver finished. Gap: 80480.720000
[INFO]:[01:49:21] Starting CPLEX solver on instance: /home/yorig/tuner/mpils-tests/instances/miplib/medium-1/neos-3555904-turama.mps with config: /scratch/yorig/mpils-results-grid-seconds-5-watchdog-mip-start/medium-1/24proc/seed-5/10_neos-3555904-turama_seed-5_20260504_014126/iterated_local_search/run_5_worker_18/ils_config_2799720930332775319.prm
[INFO]:[01:49:21] Starting CPLEX solver on instance: /home/yorig/tuner/mpils-tests/instances/miplib/medium-1/neos-3555904-turama.mps with config: /scratch/yorig/mpils-results-grid-seconds-5-watchdog-mip-start/medium-1/24proc/seed-5/10_neos-3555904-turama_seed-5_20260504_014126/iterated_local_search/run_5_worker_18/ils_config_2799720930332775319.prm
[INFO]:[01:49:26] CPLEX results. Gap: 107058.500000, upper bound: -34.700000, lower bound: -37184.000000
[INFO]:[01:49:26] CPLEX solver finished. Gap: 107058.500000
[INFO]:[01:49:26] Starting CPLEX solver on instance: /home/yorig/tuner/mpils-tests/instances/miplib/medium-1/neos-3555904-turama.mps with config: /scratch/yorig/mpils-results-grid-seconds-5-watchdog-mip-start/medium-1/24proc/seed-5/10_neos-3555904-turama_seed-5_20260504_014126/iterated_local_search/run_5_worker_18/ils_config_3406540924842901493.prm
[INFO]:[01:49:26] Starting CPLEX solver on instance: /home/yorig/tuner/mpils-tests/instances/miplib/medium-1/neos-3555904-turama.mps with config: /scratch/yorig/mpils-results-grid-seconds-5-watchdog-mip-start/medium-1/24proc/seed-5/10_neos-3555904-turama_seed-5_20260504_014126/iterated_local_search/run_5_worker_18/ils_config_3406540924842901493.prm
[INFO]:[01:49:31] CPLEX results. Gap: 80480.720000, upper bound: -33.200000, lower bound: -26752.800000
[INFO]:[01:49:31] CPLEX solver finished. Gap: 80480.720000
[INFO]:[01:49:31] Starting CPLEX solver on instance: /home/yorig/tuner/mpils-tests/instances/miplib/medium-1/neos-3555904-turama.mps with config: /scratch/yorig/mpils-results-grid-seconds-5-watchdog-mip-start/medium-1/24proc/seed-5/10_neos-3555904-turama_seed-5_20260504_014126/iterated_local_search/run_5_worker_18/ils_config_10130512945928362441.prm
[INFO]:[01:49:31] Starting CPLEX solver on instance: /home/yorig/tuner/mpils-tests/instances/miplib/medium-1/neos-3555904-turama.mps with config: /scratch/yorig/mpils-results-grid-seconds-5-watchdog-mip-start/medium-1/24proc/seed-5/10_neos-3555904-turama_seed-5_20260504_014126/iterated_local_search/run_5_worker_18/ils_config_10130512945928362441.prm
[INFO]:[01:49:37] CPLEX results. Gap: 80480.720000, upper bound: -33.200000, lower bound: -26752.800000
[INFO]:[01:49:37] CPLEX solver finished. Gap: 80480.720000
[INFO]:[01:49:37] Starting CPLEX solver on instance: /home/yorig/tuner/mpils-tests/instances/miplib/medium-1/neos-3555904-turama.mps with config: /scratch/yorig/mpils-results-grid-seconds-5-watchdog-mip-start/medium-1/24proc/seed-5/10_neos-3555904-turama_seed-5_20260504_014126/iterated_local_search/run_5_worker_18/ils_config_6295552958170391155.prm
[INFO]:[01:49:37] Starting CPLEX solver on instance: /home/yorig/tuner/mpils-tests/instances/miplib/medium-1/neos-3555904-turama.mps with config: /scratch/yorig/mpils-results-grid-seconds-5-watchdog-mip-start/medium-1/24proc/seed-5/10_neos-3555904-turama_seed-5_20260504_014126/iterated_local_search/run_5_worker_18/ils_config_6295552958170391155.prm
[INFO]:[01:49:42] CPLEX results. Gap: 80480.720000, upper bound: -33.200000, lower bound: -26752.800000
[INFO]:[01:49:42] CPLEX solver finished. Gap: 80480.720000
[INFO]:[01:49:42] Starting CPLEX solver on instance: /home/yorig/tuner/mpils-tests/instances/miplib/medium-1/neos-3555904-turama.mps with config: /scratch/yorig/mpils-results-grid-seconds-5-watchdog-mip-start/medium-1/24proc/seed-5/10_neos-3555904-turama_seed-5_20260504_014126/iterated_local_search/run_5_worker_18/ils_config_8434493732850005763.prm
[INFO]:[01:49:42] Starting CPLEX solver on instance: /home/yorig/tuner/mpils-tests/instances/miplib/medium-1/neos-3555904-turama.mps with config: /scratch/yorig/mpils-results-grid-seconds-5-watchdog-mip-start/medium-1/24proc/seed-5/10_neos-3555904-turama_seed-5_20260504_014126/iterated_local_search/run_5_worker_18/ils_config_8434493732850005763.prm
[INFO]:[01:49:47] CPLEX results. Gap: 81360.540000, upper bound: -33.200000, lower bound: -27044.900000
[INFO]:[01:49:47] CPLEX solver finished. Gap: 81360.540000
[INFO]:[01:49:47] Starting CPLEX solver on instance: /home/yorig/tuner/mpils-tests/instances/miplib/medium-1/neos-3555904-turama.mps with config: /scratch/yorig/mpils-results-grid-seconds-5-watchdog-mip-start/medium-1/24proc/seed-5/10_neos-3555904-turama_seed-5_20260504_014126/iterated_local_search/run_5_worker_18/ils_config_7536191269133723149.prm
[INFO]:[01:49:47] Starting CPLEX solver on instance: /home/yorig/tuner/mpils-tests/instances/miplib/medium-1/neos-3555904-turama.mps with config: /scratch/yorig/mpils-results-grid-seconds-5-watchdog-mip-start/medium-1/24proc/seed-5/10_neos-3555904-turama_seed-5_20260504_014126/iterated_local_search/run_5_worker_18/ils_config_7536191269133723149.prm
[INFO]:[01:49:52] CPLEX results. Gap: 80480.720000, upper bound: -33.200000, lower bound: -26752.800000
[INFO]:[01:49:52] CPLEX solver finished. Gap: 80480.720000
[INFO]:[01:49:52] Starting CPLEX solver on instance: /home/yorig/tuner/mpils-tests/instances/miplib/medium-1/neos-3555904-turama.mps with config: /scratch/yorig/mpils-results-grid-seconds-5-watchdog-mip-start/medium-1/24proc/seed-5/10_neos-3555904-turama_seed-5_20260504_014126/iterated_local_search/run_5_worker_18/ils_config_13754133152260831128.prm
[INFO]:[01:49:52] Starting CPLEX solver on instance: /home/yorig/tuner/mpils-tests/instances/miplib/medium-1/neos-3555904-turama.mps with config: /scratch/yorig/mpils-results-grid-seconds-5-watchdog-mip-start/medium-1/24proc/seed-5/10_neos-3555904-turama_seed-5_20260504_014126/iterated_local_search/run_5_worker_18/ils_config_13754133152260831128.prm
[INFO]:[01:49:58] CPLEX results. Gap: 80480.720000, upper bound: -33.200000, lower bound: -26752.800000
[INFO]:[01:49:58] CPLEX solver finished. Gap: 80480.720000
[INFO]:[01:49:58] Starting CPLEX solver on instance: /home/yorig/tuner/mpils-tests/instances/miplib/medium-1/neos-3555904-turama.mps with config: /scratch/yorig/mpils-results-grid-seconds-5-watchdog-mip-start/medium-1/24proc/seed-5/10_neos-3555904-turama_seed-5_20260504_014126/iterated_local_search/run_5_worker_18/ils_config_16661731458022104716.prm
[INFO]:[01:49:58] Starting CPLEX solver on instance: /home/yorig/tuner/mpils-tests/instances/miplib/medium-1/neos-3555904-turama.mps with config: /scratch/yorig/mpils-results-grid-seconds-5-watchdog-mip-start/medium-1/24proc/seed-5/10_neos-3555904-turama_seed-5_20260504_014126/iterated_local_search/run_5_worker_18/ils_config_16661731458022104716.prm
[INFO]:[01:50:03] CPLEX results. Gap: 80480.720000, upper bound: -33.200000, lower bound: -26752.800000
[INFO]:[01:50:03] CPLEX solver finished. Gap: 80480.720000
[INFO]:[01:50:03] Starting CPLEX solver on instance: /home/yorig/tuner/mpils-tests/instances/miplib/medium-1/neos-3555904-turama.mps with config: /scratch/yorig/mpils-results-grid-seconds-5-watchdog-mip-start/medium-1/24proc/seed-5/10_neos-3555904-turama_seed-5_20260504_014126/iterated_local_search/run_5_worker_18/ils_config_10800097829539494299.prm
[INFO]:[01:50:03] Starting CPLEX solver on instance: /home/yorig/tuner/mpils-tests/instances/miplib/medium-1/neos-3555904-turama.mps with config: /scratch/yorig/mpils-results-grid-seconds-5-watchdog-mip-start/medium-1/24proc/seed-5/10_neos-3555904-turama_seed-5_20260504_014126/iterated_local_search/run_5_worker_18/ils_config_10800097829539494299.prm
[INFO]:[01:50:08] CPLEX results. Gap: 80480.720000, upper bound: -33.200000, lower bound: -26752.800000
[INFO]:[01:50:08] CPLEX solver finished. Gap: 80480.720000
[INFO]:[01:50:08] Local search phase completed.
[INFO]:[01:50:08] Total number of new local-search evaluations: 30
[INFO]:[01:50:08] Final incumbent objective value: 80480.7
[INFO]:[01:50:42] Worker 18 completed exploration phase.
[INFO]:[01:50:43] Worker 18 received order for step 2.
[INFO]:[01:50:43] Worker 18 running expansion phase for iteration 5.
[INFO]:[01:50:43] Worker 18 will use solver log file: /scratch/yorig/mpils-results-grid-seconds-5-watchdog-mip-start/medium-1/24proc/seed-5/10_neos-3555904-turama_seed-5_20260504_014126/solver/cplex.log_iteration_expansion_5_worker_18
[INFO]:[01:50:43] Expansion Worker 18 starting expansion for iteration 5.
[INFO]:[01:50:43] Starting CPLEX solver on instance: /home/yorig/tuner/mpils-tests/instances/miplib/medium-1/neos-3555904-turama.mps with config: /scratch/yorig/mpils-results-grid-seconds-5-watchdog-mip-start/medium-1/24proc/seed-5/10_neos-3555904-turama_seed-5_20260504_014126/expansion/config_param_CPXPARAM_MIP_Limits_StrongCand_2_iter_5.prm
[INFO]:[01:50:48] CPLEX results. Gap: 23.340000, upper bound: -33.200000, lower bound: -40.950000
[INFO]:[01:50:48] CPLEX solver finished. Gap: 23.340000
[INFO]:[01:50:54] Expansion Worker 18 completed expansion.
[INFO]:[01:50:54] Worker 18 completed expansion phase.
[INFO]:[01:50:57] Worker 18 received order for step 1.
[INFO]:[01:50:57] Worker 18 running exploration phase for iteration 6.
[INFO]:[01:50:57] Worker 18 at iteration 6 will not use a MIP start file. Current best MIP-start upper bound threshold is 1.79769e+308.
[INFO]:[01:50:57] Starting local search phase...
[INFO]:[01:50:57] Creating local search space from parameter space file: /scratch/yorig/mpils-results-grid-seconds-5-watchdog-mip-start/medium-1/24proc/seed-5/10_neos-3555904-turama_seed-5_20260504_014126/iterated_local_search/search_space/search_space_file_6_worker_18.txt
[INFO]:[01:50:57] Local search space loaded from file: /scratch/yorig/mpils-results-grid-seconds-5-watchdog-mip-start/medium-1/24proc/seed-5/10_neos-3555904-turama_seed-5_20260504_014126/iterated_local_search/search_space/search_space_file_6_worker_18.txt
[INFO]:[01:50:57] Number of parameters in local search space: 71
[INFO]:[01:50:57] Number of forbidden tuples in local search space: 106
[INFO]:[01:50:57] Number of conditionals in local search space: 6
[INFO]:[01:50:57] MIP start option not enabled. Local search will proceed without MIP start.
[INFO]:[01:50:57] Evaluating initial configuration for local search phase...
[INFO]:[01:50:57] Starting CPLEX solver on instance: /home/yorig/tuner/mpils-tests/instances/miplib/medium-1/neos-3555904-turama.mps with config: /scratch/yorig/mpils-results-grid-seconds-5-watchdog-mip-start/medium-1/24proc/seed-5/10_neos-3555904-turama_seed-5_20260504_014126/iterated_local_search/run_6_worker_18/ils_config_6709052806729300657.prm
[INFO]:[01:50:57] Starting CPLEX solver on instance: /home/yorig/tuner/mpils-tests/instances/miplib/medium-1/neos-3555904-turama.mps with config: /scratch/yorig/mpils-results-grid-seconds-5-watchdog-mip-start/medium-1/24proc/seed-5/10_neos-3555904-turama_seed-5_20260504_014126/iterated_local_search/run_6_worker_18/ils_config_6709052806729300657.prm
[INFO]:[01:51:02] CPLEX results. Gap: 116155.330000, upper bound: -34.700000, lower bound: -40340.600000
[INFO]:[01:51:02] CPLEX solver finished. Gap: 116155.330000
[INFO]:[01:51:02] Initial configuration evaluated with objective value: 116155
[INFO]:[01:51:02] Starting CPLEX solver on instance: /home/yorig/tuner/mpils-tests/instances/miplib/medium-1/neos-3555904-turama.mps with config: /scratch/yorig/mpils-results-grid-seconds-5-watchdog-mip-start/medium-1/24proc/seed-5/10_neos-3555904-turama_seed-5_20260504_014126/iterated_local_search/run_6_worker_18/ils_config_6425053302867919692.prm
[INFO]:[01:51:02] Starting CPLEX solver on instance: /home/yorig/tuner/mpils-tests/instances/miplib/medium-1/neos-3555904-turama.mps with config: /scratch/yorig/mpils-results-grid-seconds-5-watchdog-mip-start/medium-1/24proc/seed-5/10_neos-3555904-turama_seed-5_20260504_014126/iterated_local_search/run_6_worker_18/ils_config_6425053302867919692.prm
[INFO]:[01:51:07] CPLEX results. Gap: 116155.330000, upper bound: -34.700000, lower bound: -40340.600000
[INFO]:[01:51:07] CPLEX solver finished. Gap: 116155.330000
[INFO]:[01:51:07] Starting CPLEX solver on instance: /home/yorig/tuner/mpils-tests/instances/miplib/medium-1/neos-3555904-turama.mps with config: /scratch/yorig/mpils-results-grid-seconds-5-watchdog-mip-start/medium-1/24proc/seed-5/10_neos-3555904-turama_seed-5_20260504_014126/iterated_local_search/run_6_worker_18/ils_config_7696671166161545304.prm
[INFO]:[01:51:07] Starting CPLEX solver on instance: /home/yorig/tuner/mpils-tests/instances/miplib/medium-1/neos-3555904-turama.mps with config: /scratch/yorig/mpils-results-grid-seconds-5-watchdog-mip-start/medium-1/24proc/seed-5/10_neos-3555904-turama_seed-5_20260504_014126/iterated_local_search/run_6_worker_18/ils_config_7696671166161545304.prm
[INFO]:[01:51:12] CPLEX results. Gap: 116155.330000, upper bound: -34.700000, lower bound: -40340.600000
[INFO]:[01:51:12] CPLEX solver finished. Gap: 116155.330000
[INFO]:[01:51:12] Starting CPLEX solver on instance: /home/yorig/tuner/mpils-tests/instances/miplib/medium-1/neos-3555904-turama.mps with config: /scratch/yorig/mpils-results-grid-seconds-5-watchdog-mip-start/medium-1/24proc/seed-5/10_neos-3555904-turama_seed-5_20260504_014126/iterated_local_search/run_6_worker_18/ils_config_16477430079553261920.prm
[INFO]:[01:51:12] Starting CPLEX solver on instance: /home/yorig/tuner/mpils-tests/instances/miplib/medium-1/neos-3555904-turama.mps with config: /scratch/yorig/mpils-results-grid-seconds-5-watchdog-mip-start/medium-1/24proc/seed-5/10_neos-3555904-turama_seed-5_20260504_014126/iterated_local_search/run_6_worker_18/ils_config_16477430079553261920.prm
[INFO]:[01:51:18] CPLEX results. Gap: 116155.330000, upper bound: -34.700000, lower bound: -40340.600000
[INFO]:[01:51:18] CPLEX solver finished. Gap: 116155.330000
[INFO]:[01:51:18] Starting CPLEX solver on instance: /home/yorig/tuner/mpils-tests/instances/miplib/medium-1/neos-3555904-turama.mps with config: /scratch/yorig/mpils-results-grid-seconds-5-watchdog-mip-start/medium-1/24proc/seed-5/10_neos-3555904-turama_seed-5_20260504_014126/iterated_local_search/run_6_worker_18/ils_config_573062438549581723.prm
[INFO]:[01:51:18] Starting CPLEX solver on instance: /home/yorig/tuner/mpils-tests/instances/miplib/medium-1/neos-3555904-turama.mps with config: /scratch/yorig/mpils-results-grid-seconds-5-watchdog-mip-start/medium-1/24proc/seed-5/10_neos-3555904-turama_seed-5_20260504_014126/iterated_local_search/run_6_worker_18/ils_config_573062438549581723.prm
[INFO]:[01:51:23] CPLEX results. Gap: 121840.660000, upper bound: -33.200000, lower bound: -40484.300000
[INFO]:[01:51:23] CPLEX solver finished. Gap: 121840.660000
[INFO]:[01:51:23] Starting CPLEX solver on instance: /home/yorig/tuner/mpils-tests/instances/miplib/medium-1/neos-3555904-turama.mps with config: /scratch/yorig/mpils-results-grid-seconds-5-watchdog-mip-start/medium-1/24proc/seed-5/10_neos-3555904-turama_seed-5_20260504_014126/iterated_local_search/run_6_worker_18/ils_config_17729289086331697147.prm
[INFO]:[01:51:23] Starting CPLEX solver on instance: /home/yorig/tuner/mpils-tests/instances/miplib/medium-1/neos-3555904-turama.mps with config: /scratch/yorig/mpils-results-grid-seconds-5-watchdog-mip-start/medium-1/24proc/seed-5/10_neos-3555904-turama_seed-5_20260504_014126/iterated_local_search/run_6_worker_18/ils_config_17729289086331697147.prm
[INFO]:[01:51:28] CPLEX results. Gap: 116155.330000, upper bound: -34.700000, lower bound: -40340.600000
[INFO]:[01:51:28] CPLEX solver finished. Gap: 116155.330000
[INFO]:[01:51:28] Starting CPLEX solver on instance: /home/yorig/tuner/mpils-tests/instances/miplib/medium-1/neos-3555904-turama.mps with config: /scratch/yorig/mpils-results-grid-seconds-5-watchdog-mip-start/medium-1/24proc/seed-5/10_neos-3555904-turama_seed-5_20260504_014126/iterated_local_search/run_6_worker_18/ils_config_3593691159982661306.prm
[INFO]:[01:51:28] Starting CPLEX solver on instance: /home/yorig/tuner/mpils-tests/instances/miplib/medium-1/neos-3555904-turama.mps with config: /scratch/yorig/mpils-results-grid-seconds-5-watchdog-mip-start/medium-1/24proc/seed-5/10_neos-3555904-turama_seed-5_20260504_014126/iterated_local_search/run_6_worker_18/ils_config_3593691159982661306.prm
[INFO]:[01:51:34] CPLEX results. Gap: 116155.330000, upper bound: -34.700000, lower bound: -40340.600000
[INFO]:[01:51:34] CPLEX solver finished. Gap: 116155.330000
[INFO]:[01:51:34] Starting CPLEX solver on instance: /home/yorig/tuner/mpils-tests/instances/miplib/medium-1/neos-3555904-turama.mps with config: /scratch/yorig/mpils-results-grid-seconds-5-watchdog-mip-start/medium-1/24proc/seed-5/10_neos-3555904-turama_seed-5_20260504_014126/iterated_local_search/run_6_worker_18/ils_config_7017269931289606412.prm
[INFO]:[01:51:34] Starting CPLEX solver on instance: /home/yorig/tuner/mpils-tests/instances/miplib/medium-1/neos-3555904-turama.mps with config: /scratch/yorig/mpils-results-grid-seconds-5-watchdog-mip-start/medium-1/24proc/seed-5/10_neos-3555904-turama_seed-5_20260504_014126/iterated_local_search/run_6_worker_18/ils_config_7017269931289606412.prm
[INFO]:[01:51:39] CPLEX results. Gap: 116155.330000, upper bound: -34.700000, lower bound: -40340.600000
[INFO]:[01:51:39] CPLEX solver finished. Gap: 116155.330000
[INFO]:[01:51:39] Starting CPLEX solver on instance: /home/yorig/tuner/mpils-tests/instances/miplib/medium-1/neos-3555904-turama.mps with config: /scratch/yorig/mpils-results-grid-seconds-5-watchdog-mip-start/medium-1/24proc/seed-5/10_neos-3555904-turama_seed-5_20260504_014126/iterated_local_search/run_6_worker_18/ils_config_1496009565689934305.prm
[INFO]:[01:51:39] Starting CPLEX solver on instance: /home/yorig/tuner/mpils-tests/instances/miplib/medium-1/neos-3555904-turama.mps with config: /scratch/yorig/mpils-results-grid-seconds-5-watchdog-mip-start/medium-1/24proc/seed-5/10_neos-3555904-turama_seed-5_20260504_014126/iterated_local_search/run_6_worker_18/ils_config_1496009565689934305.prm
[INFO]:[01:51:44] CPLEX results. Gap: 116155.330000, upper bound: -34.700000, lower bound: -40340.600000
[INFO]:[01:51:44] CPLEX solver finished. Gap: 116155.330000
[INFO]:[01:51:44] Local search phase completed.
[INFO]:[01:51:44] Total number of new local-search evaluations: 9
[INFO]:[01:51:44] Final incumbent objective value: 116155
[INFO]:[01:51:54] Worker 18 completed exploration phase.
[INFO]:[01:51:54] Worker 18 received order for step 3.
[INFO]:[01:51:54] Worker 18 finished.
