[INFO]:[00:32:19] Worker 14 starting.
[INFO]:[00:32:19] Worker 14 received order for step 1.
[INFO]:[00:32:19] Worker 14 running exploration phase for iteration 1.
[INFO]:[00:32:19] Current MIP start info file not found: /scratch/yorig/mpils-results-grid-seconds-5/medium-2/16proc/seed-5/9_supportcase6_seed-5_20260503_003218/iterated_local_search/mip_start/current_mip_start_1.txt
[INFO]:[00:32:19] Worker 14 at iteration 1 will not use a MIP start file. Current best MIP-start upper bound threshold is 1.79769e+308.
[INFO]:[00:32:19] Starting local search phase...
[INFO]:[00:32:19] Creating local search space from parameter space file: /scratch/yorig/mpils-results-grid-seconds-5/medium-2/16proc/seed-5/9_supportcase6_seed-5_20260503_003218/iterated_local_search/search_space/search_space_file_1_worker_14.txt
[INFO]:[00:32:19] Local search space loaded from file: /scratch/yorig/mpils-results-grid-seconds-5/medium-2/16proc/seed-5/9_supportcase6_seed-5_20260503_003218/iterated_local_search/search_space/search_space_file_1_worker_14.txt
[INFO]:[00:32:19] Number of parameters in local search space: 71
[INFO]:[00:32:19] Number of forbidden tuples in local search space: 0
[INFO]:[00:32:19] Number of conditionals in local search space: 6
[INFO]:[00:32:19] MIP start option not enabled. Local search will proceed without MIP start.
[INFO]:[00:32:19] Evaluating initial configuration for local search phase...
[INFO]:[00:32:19] Starting CPLEX solver on instance: /home/yorig/tuner/mpils-tests/instances/miplib/medium-2/supportcase6.mps with config: /scratch/yorig/mpils-results-grid-seconds-5/medium-2/16proc/seed-5/9_supportcase6_seed-5_20260503_003218/iterated_local_search/run_1_worker_14/ils_config_3047256862138062019.prm
[INFO]:[00:32:19] Starting CPLEX solver on instance: /home/yorig/tuner/mpils-tests/instances/miplib/medium-2/supportcase6.mps with config: /scratch/yorig/mpils-results-grid-seconds-5/medium-2/16proc/seed-5/9_supportcase6_seed-5_20260503_003218/iterated_local_search/run_1_worker_14/ils_config_3047256862138062019.prm
[INFO]:[00:32:24] CPLEX results. Gap: 55.980000, upper bound: 102597.533860, lower bound: 45163.337634
[INFO]:[00:32:24] Writing MIP start file: /scratch/yorig/mpils-results-grid-seconds-5/medium-2/16proc/seed-5/9_supportcase6_seed-5_20260503_003218/iterated_local_search/run_1_worker_14/mip_starts/mip_start_eval_1_config_3047256862138062019.mst
[INFO]:[00:32:24] CPLEX solver finished. Gap: 55.980000
[INFO]:[00:32:24] Initial configuration evaluated with objective value: 55.98
[INFO]:[00:32:24] Starting CPLEX solver on instance: /home/yorig/tuner/mpils-tests/instances/miplib/medium-2/supportcase6.mps with config: /scratch/yorig/mpils-results-grid-seconds-5/medium-2/16proc/seed-5/9_supportcase6_seed-5_20260503_003218/iterated_local_search/run_1_worker_14/ils_config_14735739320222324222.prm
[INFO]:[00:32:24] Starting CPLEX solver on instance: /home/yorig/tuner/mpils-tests/instances/miplib/medium-2/supportcase6.mps with config: /scratch/yorig/mpils-results-grid-seconds-5/medium-2/16proc/seed-5/9_supportcase6_seed-5_20260503_003218/iterated_local_search/run_1_worker_14/ils_config_14735739320222324222.prm
[INFO]:[00:32:30] CPLEX results. Gap: 55.980000, upper bound: 102597.533860, lower bound: 45163.337634
[INFO]:[00:32:30] CPLEX solver finished. Gap: 55.980000
[INFO]:[00:32:30] Starting CPLEX solver on instance: /home/yorig/tuner/mpils-tests/instances/miplib/medium-2/supportcase6.mps with config: /scratch/yorig/mpils-results-grid-seconds-5/medium-2/16proc/seed-5/9_supportcase6_seed-5_20260503_003218/iterated_local_search/run_1_worker_14/ils_config_2981697530417999977.prm
[INFO]:[00:32:30] Starting CPLEX solver on instance: /home/yorig/tuner/mpils-tests/instances/miplib/medium-2/supportcase6.mps with config: /scratch/yorig/mpils-results-grid-seconds-5/medium-2/16proc/seed-5/9_supportcase6_seed-5_20260503_003218/iterated_local_search/run_1_worker_14/ils_config_2981697530417999977.prm
[INFO]:[00:32:35] CPLEX results. Gap: 55.980000, upper bound: 102597.533860, lower bound: 45163.337634
[INFO]:[00:32:35] CPLEX solver finished. Gap: 55.980000
[INFO]:[00:32:35] Starting CPLEX solver on instance: /home/yorig/tuner/mpils-tests/instances/miplib/medium-2/supportcase6.mps with config: /scratch/yorig/mpils-results-grid-seconds-5/medium-2/16proc/seed-5/9_supportcase6_seed-5_20260503_003218/iterated_local_search/run_1_worker_14/ils_config_15656523573658183545.prm
[INFO]:[00:32:35] Starting CPLEX solver on instance: /home/yorig/tuner/mpils-tests/instances/miplib/medium-2/supportcase6.mps with config: /scratch/yorig/mpils-results-grid-seconds-5/medium-2/16proc/seed-5/9_supportcase6_seed-5_20260503_003218/iterated_local_search/run_1_worker_14/ils_config_15656523573658183545.prm
[INFO]:[00:32:40] CPLEX results. Gap: 55.980000, upper bound: 102597.533860, lower bound: 45163.337634
[INFO]:[00:32:40] CPLEX solver finished. Gap: 55.980000
[INFO]:[00:32:40] Starting CPLEX solver on instance: /home/yorig/tuner/mpils-tests/instances/miplib/medium-2/supportcase6.mps with config: /scratch/yorig/mpils-results-grid-seconds-5/medium-2/16proc/seed-5/9_supportcase6_seed-5_20260503_003218/iterated_local_search/run_1_worker_14/ils_config_5709313094522888425.prm
[INFO]:[00:32:40] Starting CPLEX solver on instance: /home/yorig/tuner/mpils-tests/instances/miplib/medium-2/supportcase6.mps with config: /scratch/yorig/mpils-results-grid-seconds-5/medium-2/16proc/seed-5/9_supportcase6_seed-5_20260503_003218/iterated_local_search/run_1_worker_14/ils_config_5709313094522888425.prm
[INFO]:[00:32:45] CPLEX results. Gap: 55.980000, upper bound: 102597.533860, lower bound: 45163.337634
[INFO]:[00:32:45] CPLEX solver finished. Gap: 55.980000
[INFO]:[00:32:45] Starting CPLEX solver on instance: /home/yorig/tuner/mpils-tests/instances/miplib/medium-2/supportcase6.mps with config: /scratch/yorig/mpils-results-grid-seconds-5/medium-2/16proc/seed-5/9_supportcase6_seed-5_20260503_003218/iterated_local_search/run_1_worker_14/ils_config_132391612698583324.prm
[INFO]:[00:32:45] Starting CPLEX solver on instance: /home/yorig/tuner/mpils-tests/instances/miplib/medium-2/supportcase6.mps with config: /scratch/yorig/mpils-results-grid-seconds-5/medium-2/16proc/seed-5/9_supportcase6_seed-5_20260503_003218/iterated_local_search/run_1_worker_14/ils_config_132391612698583324.prm
[INFO]:[00:32:51] CPLEX results. Gap: 55.980000, upper bound: 102597.533860, lower bound: 45163.337634
[INFO]:[00:32:51] CPLEX solver finished. Gap: 55.980000
[INFO]:[00:32:51] Starting CPLEX solver on instance: /home/yorig/tuner/mpils-tests/instances/miplib/medium-2/supportcase6.mps with config: /scratch/yorig/mpils-results-grid-seconds-5/medium-2/16proc/seed-5/9_supportcase6_seed-5_20260503_003218/iterated_local_search/run_1_worker_14/ils_config_3992168513716531445.prm
[INFO]:[00:32:51] Starting CPLEX solver on instance: /home/yorig/tuner/mpils-tests/instances/miplib/medium-2/supportcase6.mps with config: /scratch/yorig/mpils-results-grid-seconds-5/medium-2/16proc/seed-5/9_supportcase6_seed-5_20260503_003218/iterated_local_search/run_1_worker_14/ils_config_3992168513716531445.prm
[INFO]:[00:32:56] CPLEX results. Gap: 55.980000, upper bound: 102597.533860, lower bound: 45163.337634
[INFO]:[00:32:56] CPLEX solver finished. Gap: 55.980000
[INFO]:[00:32:56] Starting CPLEX solver on instance: /home/yorig/tuner/mpils-tests/instances/miplib/medium-2/supportcase6.mps with config: /scratch/yorig/mpils-results-grid-seconds-5/medium-2/16proc/seed-5/9_supportcase6_seed-5_20260503_003218/iterated_local_search/run_1_worker_14/ils_config_7007015714727629627.prm
[INFO]:[00:32:56] Starting CPLEX solver on instance: /home/yorig/tuner/mpils-tests/instances/miplib/medium-2/supportcase6.mps with config: /scratch/yorig/mpils-results-grid-seconds-5/medium-2/16proc/seed-5/9_supportcase6_seed-5_20260503_003218/iterated_local_search/run_1_worker_14/ils_config_7007015714727629627.prm
[INFO]:[00:33:01] CPLEX results. Gap: 55.980000, upper bound: 102597.533860, lower bound: 45163.337634
[INFO]:[00:33:01] CPLEX solver finished. Gap: 55.980000
[INFO]:[00:33:01] Starting CPLEX solver on instance: /home/yorig/tuner/mpils-tests/instances/miplib/medium-2/supportcase6.mps with config: /scratch/yorig/mpils-results-grid-seconds-5/medium-2/16proc/seed-5/9_supportcase6_seed-5_20260503_003218/iterated_local_search/run_1_worker_14/ils_config_10248505863504166004.prm
[INFO]:[00:33:01] Starting CPLEX solver on instance: /home/yorig/tuner/mpils-tests/instances/miplib/medium-2/supportcase6.mps with config: /scratch/yorig/mpils-results-grid-seconds-5/medium-2/16proc/seed-5/9_supportcase6_seed-5_20260503_003218/iterated_local_search/run_1_worker_14/ils_config_10248505863504166004.prm
[INFO]:[00:33:06] CPLEX results. Gap: 55.980000, upper bound: 102597.533860, lower bound: 45163.337634
[INFO]:[00:33:06] CPLEX solver finished. Gap: 55.980000
[INFO]:[00:33:06] Starting CPLEX solver on instance: /home/yorig/tuner/mpils-tests/instances/miplib/medium-2/supportcase6.mps with config: /scratch/yorig/mpils-results-grid-seconds-5/medium-2/16proc/seed-5/9_supportcase6_seed-5_20260503_003218/iterated_local_search/run_1_worker_14/ils_config_4267887657285984552.prm
[INFO]:[00:33:06] Starting CPLEX solver on instance: /home/yorig/tuner/mpils-tests/instances/miplib/medium-2/supportcase6.mps with config: /scratch/yorig/mpils-results-grid-seconds-5/medium-2/16proc/seed-5/9_supportcase6_seed-5_20260503_003218/iterated_local_search/run_1_worker_14/ils_config_4267887657285984552.prm
[INFO]:[00:33:12] CPLEX results. Gap: 55.980000, upper bound: 102597.533860, lower bound: 45165.579073
[INFO]:[00:33:12] CPLEX solver finished. Gap: 55.980000
[INFO]:[00:33:12] Starting CPLEX solver on instance: /home/yorig/tuner/mpils-tests/instances/miplib/medium-2/supportcase6.mps with config: /scratch/yorig/mpils-results-grid-seconds-5/medium-2/16proc/seed-5/9_supportcase6_seed-5_20260503_003218/iterated_local_search/run_1_worker_14/ils_config_4112237632512996700.prm
[INFO]:[00:33:12] Starting CPLEX solver on instance: /home/yorig/tuner/mpils-tests/instances/miplib/medium-2/supportcase6.mps with config: /scratch/yorig/mpils-results-grid-seconds-5/medium-2/16proc/seed-5/9_supportcase6_seed-5_20260503_003218/iterated_local_search/run_1_worker_14/ils_config_4112237632512996700.prm
[INFO]:[00:33:17] CPLEX results. Gap: 55.980000, upper bound: 102597.533860, lower bound: 45163.337634
[INFO]:[00:33:17] CPLEX solver finished. Gap: 55.980000
[INFO]:[00:33:17] Starting CPLEX solver on instance: /home/yorig/tuner/mpils-tests/instances/miplib/medium-2/supportcase6.mps with config: /scratch/yorig/mpils-results-grid-seconds-5/medium-2/16proc/seed-5/9_supportcase6_seed-5_20260503_003218/iterated_local_search/run_1_worker_14/ils_config_9129321583791082539.prm
[INFO]:[00:33:17] Starting CPLEX solver on instance: /home/yorig/tuner/mpils-tests/instances/miplib/medium-2/supportcase6.mps with config: /scratch/yorig/mpils-results-grid-seconds-5/medium-2/16proc/seed-5/9_supportcase6_seed-5_20260503_003218/iterated_local_search/run_1_worker_14/ils_config_9129321583791082539.prm
[INFO]:[00:33:22] CPLEX results. Gap: 55.980000, upper bound: 102597.533860, lower bound: 45163.337634
[INFO]:[00:33:22] CPLEX solver finished. Gap: 55.980000
[INFO]:[00:33:22] Starting CPLEX solver on instance: /home/yorig/tuner/mpils-tests/instances/miplib/medium-2/supportcase6.mps with config: /scratch/yorig/mpils-results-grid-seconds-5/medium-2/16proc/seed-5/9_supportcase6_seed-5_20260503_003218/iterated_local_search/run_1_worker_14/ils_config_13449695782198933774.prm
[INFO]:[00:33:22] Starting CPLEX solver on instance: /home/yorig/tuner/mpils-tests/instances/miplib/medium-2/supportcase6.mps with config: /scratch/yorig/mpils-results-grid-seconds-5/medium-2/16proc/seed-5/9_supportcase6_seed-5_20260503_003218/iterated_local_search/run_1_worker_14/ils_config_13449695782198933774.prm
[INFO]:[00:33:27] CPLEX results. Gap: 55.980000, upper bound: 102597.533860, lower bound: 45163.337634
[INFO]:[00:33:27] CPLEX solver finished. Gap: 55.980000
[INFO]:[00:33:27] Starting CPLEX solver on instance: /home/yorig/tuner/mpils-tests/instances/miplib/medium-2/supportcase6.mps with config: /scratch/yorig/mpils-results-grid-seconds-5/medium-2/16proc/seed-5/9_supportcase6_seed-5_20260503_003218/iterated_local_search/run_1_worker_14/ils_config_2543768456898819495.prm
[INFO]:[00:33:27] Starting CPLEX solver on instance: /home/yorig/tuner/mpils-tests/instances/miplib/medium-2/supportcase6.mps with config: /scratch/yorig/mpils-results-grid-seconds-5/medium-2/16proc/seed-5/9_supportcase6_seed-5_20260503_003218/iterated_local_search/run_1_worker_14/ils_config_2543768456898819495.prm
[INFO]:[00:33:32] CPLEX results. Gap: 56.050000, upper bound: 102597.533860, lower bound: 45090.732163
[INFO]:[00:33:32] CPLEX solver finished. Gap: 56.050000
[INFO]:[00:33:32] Starting CPLEX solver on instance: /home/yorig/tuner/mpils-tests/instances/miplib/medium-2/supportcase6.mps with config: /scratch/yorig/mpils-results-grid-seconds-5/medium-2/16proc/seed-5/9_supportcase6_seed-5_20260503_003218/iterated_local_search/run_1_worker_14/ils_config_4872830632106674154.prm
[INFO]:[00:33:32] Starting CPLEX solver on instance: /home/yorig/tuner/mpils-tests/instances/miplib/medium-2/supportcase6.mps with config: /scratch/yorig/mpils-results-grid-seconds-5/medium-2/16proc/seed-5/9_supportcase6_seed-5_20260503_003218/iterated_local_search/run_1_worker_14/ils_config_4872830632106674154.prm
[INFO]:[00:33:38] CPLEX results. Gap: 55.980000, upper bound: 102597.533860, lower bound: 45163.337634
[INFO]:[00:33:38] CPLEX solver finished. Gap: 55.980000
[INFO]:[00:33:38] Starting CPLEX solver on instance: /home/yorig/tuner/mpils-tests/instances/miplib/medium-2/supportcase6.mps with config: /scratch/yorig/mpils-results-grid-seconds-5/medium-2/16proc/seed-5/9_supportcase6_seed-5_20260503_003218/iterated_local_search/run_1_worker_14/ils_config_829449575389429859.prm
[INFO]:[00:33:38] Starting CPLEX solver on instance: /home/yorig/tuner/mpils-tests/instances/miplib/medium-2/supportcase6.mps with config: /scratch/yorig/mpils-results-grid-seconds-5/medium-2/16proc/seed-5/9_supportcase6_seed-5_20260503_003218/iterated_local_search/run_1_worker_14/ils_config_829449575389429859.prm
[INFO]:[00:33:43] CPLEX results. Gap: 55.980000, upper bound: 102597.533860, lower bound: 45165.579073
[INFO]:[00:33:43] CPLEX solver finished. Gap: 55.980000
[INFO]:[00:33:43] Starting CPLEX solver on instance: /home/yorig/tuner/mpils-tests/instances/miplib/medium-2/supportcase6.mps with config: /scratch/yorig/mpils-results-grid-seconds-5/medium-2/16proc/seed-5/9_supportcase6_seed-5_20260503_003218/iterated_local_search/run_1_worker_14/ils_config_11587855544280970959.prm
[INFO]:[00:33:43] Starting CPLEX solver on instance: /home/yorig/tuner/mpils-tests/instances/miplib/medium-2/supportcase6.mps with config: /scratch/yorig/mpils-results-grid-seconds-5/medium-2/16proc/seed-5/9_supportcase6_seed-5_20260503_003218/iterated_local_search/run_1_worker_14/ils_config_11587855544280970959.prm
[INFO]:[00:33:48] CPLEX results. Gap: 55.980000, upper bound: 102597.533860, lower bound: 45163.337634
[INFO]:[00:33:48] CPLEX solver finished. Gap: 55.980000
[INFO]:[00:33:48] Starting CPLEX solver on instance: /home/yorig/tuner/mpils-tests/instances/miplib/medium-2/supportcase6.mps with config: /scratch/yorig/mpils-results-grid-seconds-5/medium-2/16proc/seed-5/9_supportcase6_seed-5_20260503_003218/iterated_local_search/run_1_worker_14/ils_config_12792948041759319812.prm
[INFO]:[00:33:48] Starting CPLEX solver on instance: /home/yorig/tuner/mpils-tests/instances/miplib/medium-2/supportcase6.mps with config: /scratch/yorig/mpils-results-grid-seconds-5/medium-2/16proc/seed-5/9_supportcase6_seed-5_20260503_003218/iterated_local_search/run_1_worker_14/ils_config_12792948041759319812.prm
[INFO]:[00:33:53] CPLEX results. Gap: 55.980000, upper bound: 102597.533860, lower bound: 45163.337634
[INFO]:[00:33:53] CPLEX solver finished. Gap: 55.980000
[INFO]:[00:33:53] Starting CPLEX solver on instance: /home/yorig/tuner/mpils-tests/instances/miplib/medium-2/supportcase6.mps with config: /scratch/yorig/mpils-results-grid-seconds-5/medium-2/16proc/seed-5/9_supportcase6_seed-5_20260503_003218/iterated_local_search/run_1_worker_14/ils_config_11175155097250970896.prm
[INFO]:[00:33:53] Starting CPLEX solver on instance: /home/yorig/tuner/mpils-tests/instances/miplib/medium-2/supportcase6.mps with config: /scratch/yorig/mpils-results-grid-seconds-5/medium-2/16proc/seed-5/9_supportcase6_seed-5_20260503_003218/iterated_local_search/run_1_worker_14/ils_config_11175155097250970896.prm
[INFO]:[00:33:59] CPLEX results. Gap: 55.980000, upper bound: 102597.533860, lower bound: 45163.337634
[INFO]:[00:33:59] CPLEX solver finished. Gap: 55.980000
[INFO]:[00:33:59] Starting CPLEX solver on instance: /home/yorig/tuner/mpils-tests/instances/miplib/medium-2/supportcase6.mps with config: /scratch/yorig/mpils-results-grid-seconds-5/medium-2/16proc/seed-5/9_supportcase6_seed-5_20260503_003218/iterated_local_search/run_1_worker_14/ils_config_9816663501520932722.prm
[INFO]:[00:33:59] Starting CPLEX solver on instance: /home/yorig/tuner/mpils-tests/instances/miplib/medium-2/supportcase6.mps with config: /scratch/yorig/mpils-results-grid-seconds-5/medium-2/16proc/seed-5/9_supportcase6_seed-5_20260503_003218/iterated_local_search/run_1_worker_14/ils_config_9816663501520932722.prm
[INFO]:[00:34:04] CPLEX results. Gap: 55.980000, upper bound: 102597.533860, lower bound: 45163.337634
[INFO]:[00:34:04] CPLEX solver finished. Gap: 55.980000
[INFO]:[00:34:04] Local search phase completed.
[INFO]:[00:34:04] Total number of new local-search evaluations: 20
[INFO]:[00:34:04] Final incumbent objective value: 55.98
[INFO]:[00:34:07] Worker 14 completed exploration phase.
[INFO]:[00:34:08] Worker 14 received order for step 2.
[INFO]:[00:34:08] Worker 14 running expansion phase for iteration 1.
[INFO]:[00:34:08] Worker 14 will use solver log file: /scratch/yorig/mpils-results-grid-seconds-5/medium-2/16proc/seed-5/9_supportcase6_seed-5_20260503_003218/solver/cplex.log_iteration_expansion_1_worker_14
[INFO]:[00:34:08] Expansion Worker 14 starting expansion for iteration 1.
[INFO]:[00:34:08] Starting CPLEX solver on instance: /home/yorig/tuner/mpils-tests/instances/miplib/medium-2/supportcase6.mps with config: /scratch/yorig/mpils-results-grid-seconds-5/medium-2/16proc/seed-5/9_supportcase6_seed-5_20260503_003218/expansion/config_param_CPXPARAM_MIP_Strategy_Branch_1_iter_1.prm
[INFO]:[00:34:13] CPLEX results. Gap: 13.330000, upper bound: 52112.367686, lower bound: 45165.579073
[INFO]:[00:34:13] CPLEX solver finished. Gap: 13.330000
[INFO]:[00:34:13] Starting CPLEX solver on instance: /home/yorig/tuner/mpils-tests/instances/miplib/medium-2/supportcase6.mps with config: /scratch/yorig/mpils-results-grid-seconds-5/medium-2/16proc/seed-5/9_supportcase6_seed-5_20260503_003218/expansion/config_param_CPXPARAM_MIP_Limits_CutsFactor_1_iter_1.prm
[INFO]:[00:34:18] CPLEX results. Gap: 13.500000, upper bound: 52128.164183, lower bound: 45090.732163
[INFO]:[00:34:18] CPLEX solver finished. Gap: 13.500000
[INFO]:[00:34:18] Starting CPLEX solver on instance: /home/yorig/tuner/mpils-tests/instances/miplib/medium-2/supportcase6.mps with config: /scratch/yorig/mpils-results-grid-seconds-5/medium-2/16proc/seed-5/9_supportcase6_seed-5_20260503_003218/expansion/config_param_CPXPARAM_MIP_Limits_CutsFactor_2_iter_1.prm
[INFO]:[00:34:23] CPLEX results. Gap: 13.330000, upper bound: 52112.367686, lower bound: 45165.579073
[INFO]:[00:34:23] CPLEX solver finished. Gap: 13.330000
[INFO]:[00:34:29] Expansion Worker 14 completed expansion.
[INFO]:[00:34:29] Worker 14 completed expansion phase.
[INFO]:[00:34:29] Worker 14 received order for step 1.
[INFO]:[00:34:29] Worker 14 running exploration phase for iteration 2.
[INFO]:[00:34:29] Worker 14 at iteration 2 will not use a MIP start file. Current best MIP-start upper bound threshold is 52112.4.
[INFO]:[00:34:29] Starting local search phase...
[INFO]:[00:34:29] Creating local search space from parameter space file: /scratch/yorig/mpils-results-grid-seconds-5/medium-2/16proc/seed-5/9_supportcase6_seed-5_20260503_003218/iterated_local_search/search_space/search_space_file_2_worker_14.txt
[INFO]:[00:34:29] Local search space loaded from file: /scratch/yorig/mpils-results-grid-seconds-5/medium-2/16proc/seed-5/9_supportcase6_seed-5_20260503_003218/iterated_local_search/search_space/search_space_file_2_worker_14.txt
[INFO]:[00:34:29] Number of parameters in local search space: 71
[INFO]:[00:34:29] Number of forbidden tuples in local search space: 28
[INFO]:[00:34:29] Number of conditionals in local search space: 6
[INFO]:[00:34:29] MIP start option not enabled. Local search will proceed without MIP start.
[INFO]:[00:34:29] Evaluating initial configuration for local search phase...
[INFO]:[00:34:29] Starting CPLEX solver on instance: /home/yorig/tuner/mpils-tests/instances/miplib/medium-2/supportcase6.mps with config: /scratch/yorig/mpils-results-grid-seconds-5/medium-2/16proc/seed-5/9_supportcase6_seed-5_20260503_003218/iterated_local_search/run_2_worker_14/ils_config_12975687885343614303.prm
[INFO]:[00:34:29] Starting CPLEX solver on instance: /home/yorig/tuner/mpils-tests/instances/miplib/medium-2/supportcase6.mps with config: /scratch/yorig/mpils-results-grid-seconds-5/medium-2/16proc/seed-5/9_supportcase6_seed-5_20260503_003218/iterated_local_search/run_2_worker_14/ils_config_12975687885343614303.prm
[INFO]:[00:34:34] CPLEX results. Gap: 55.980000, upper bound: 102597.533860, lower bound: 45163.337634
[INFO]:[00:34:34] CPLEX solver finished. Gap: 55.980000
[INFO]:[00:34:34] Initial configuration evaluated with objective value: 55.98
[INFO]:[00:34:34] Starting CPLEX solver on instance: /home/yorig/tuner/mpils-tests/instances/miplib/medium-2/supportcase6.mps with config: /scratch/yorig/mpils-results-grid-seconds-5/medium-2/16proc/seed-5/9_supportcase6_seed-5_20260503_003218/iterated_local_search/run_2_worker_14/ils_config_13469948709733602640.prm
[INFO]:[00:34:34] Starting CPLEX solver on instance: /home/yorig/tuner/mpils-tests/instances/miplib/medium-2/supportcase6.mps with config: /scratch/yorig/mpils-results-grid-seconds-5/medium-2/16proc/seed-5/9_supportcase6_seed-5_20260503_003218/iterated_local_search/run_2_worker_14/ils_config_13469948709733602640.prm
[INFO]:[00:34:39] CPLEX results. Gap: 55.980000, upper bound: 102597.533860, lower bound: 45163.337634
[INFO]:[00:34:39] CPLEX solver finished. Gap: 55.980000
[INFO]:[00:34:39] Starting CPLEX solver on instance: /home/yorig/tuner/mpils-tests/instances/miplib/medium-2/supportcase6.mps with config: /scratch/yorig/mpils-results-grid-seconds-5/medium-2/16proc/seed-5/9_supportcase6_seed-5_20260503_003218/iterated_local_search/run_2_worker_14/ils_config_14893675737419299611.prm
[INFO]:[00:34:39] Starting CPLEX solver on instance: /home/yorig/tuner/mpils-tests/instances/miplib/medium-2/supportcase6.mps with config: /scratch/yorig/mpils-results-grid-seconds-5/medium-2/16proc/seed-5/9_supportcase6_seed-5_20260503_003218/iterated_local_search/run_2_worker_14/ils_config_14893675737419299611.prm
[INFO]:[00:34:45] CPLEX results. Gap: 55.980000, upper bound: 102597.533860, lower bound: 45163.337634
[INFO]:[00:34:45] CPLEX solver finished. Gap: 55.980000
[INFO]:[00:34:45] Starting CPLEX solver on instance: /home/yorig/tuner/mpils-tests/instances/miplib/medium-2/supportcase6.mps with config: /scratch/yorig/mpils-results-grid-seconds-5/medium-2/16proc/seed-5/9_supportcase6_seed-5_20260503_003218/iterated_local_search/run_2_worker_14/ils_config_13233370064655512521.prm
[INFO]:[00:34:45] Starting CPLEX solver on instance: /home/yorig/tuner/mpils-tests/instances/miplib/medium-2/supportcase6.mps with config: /scratch/yorig/mpils-results-grid-seconds-5/medium-2/16proc/seed-5/9_supportcase6_seed-5_20260503_003218/iterated_local_search/run_2_worker_14/ils_config_13233370064655512521.prm
[INFO]:[00:34:50] CPLEX results. Gap: 55.980000, upper bound: 102597.533860, lower bound: 45163.337634
[INFO]:[00:34:50] CPLEX solver finished. Gap: 55.980000
[INFO]:[00:34:50] Starting CPLEX solver on instance: /home/yorig/tuner/mpils-tests/instances/miplib/medium-2/supportcase6.mps with config: /scratch/yorig/mpils-results-grid-seconds-5/medium-2/16proc/seed-5/9_supportcase6_seed-5_20260503_003218/iterated_local_search/run_2_worker_14/ils_config_2122127869685458113.prm
[INFO]:[00:34:50] Starting CPLEX solver on instance: /home/yorig/tuner/mpils-tests/instances/miplib/medium-2/supportcase6.mps with config: /scratch/yorig/mpils-results-grid-seconds-5/medium-2/16proc/seed-5/9_supportcase6_seed-5_20260503_003218/iterated_local_search/run_2_worker_14/ils_config_2122127869685458113.prm
[INFO]:[00:34:55] CPLEX results. Gap: 55.980000, upper bound: 102597.533860, lower bound: 45163.337634
[INFO]:[00:34:55] CPLEX solver finished. Gap: 55.980000
[INFO]:[00:34:55] Starting CPLEX solver on instance: /home/yorig/tuner/mpils-tests/instances/miplib/medium-2/supportcase6.mps with config: /scratch/yorig/mpils-results-grid-seconds-5/medium-2/16proc/seed-5/9_supportcase6_seed-5_20260503_003218/iterated_local_search/run_2_worker_14/ils_config_16175117276006948954.prm
[INFO]:[00:34:55] Starting CPLEX solver on instance: /home/yorig/tuner/mpils-tests/instances/miplib/medium-2/supportcase6.mps with config: /scratch/yorig/mpils-results-grid-seconds-5/medium-2/16proc/seed-5/9_supportcase6_seed-5_20260503_003218/iterated_local_search/run_2_worker_14/ils_config_16175117276006948954.prm
[INFO]:[00:35:00] CPLEX results. Gap: 55.980000, upper bound: 102597.533860, lower bound: 45163.337634
[INFO]:[00:35:00] CPLEX solver finished. Gap: 55.980000
[INFO]:[00:35:00] Local search phase completed.
[INFO]:[00:35:00] Total number of new local-search evaluations: 6
[INFO]:[00:35:00] Final incumbent objective value: 55.98
[INFO]:[00:35:04] Worker 14 completed exploration phase.
[INFO]:[00:35:04] Worker 14 received order for step 2.
[INFO]:[00:35:04] Worker 14 running expansion phase for iteration 2.
[INFO]:[00:35:04] Worker 14 will use solver log file: /scratch/yorig/mpils-results-grid-seconds-5/medium-2/16proc/seed-5/9_supportcase6_seed-5_20260503_003218/solver/cplex.log_iteration_expansion_2_worker_14
[INFO]:[00:35:04] Expansion Worker 14 starting expansion for iteration 2.
[INFO]:[00:35:04] Starting CPLEX solver on instance: /home/yorig/tuner/mpils-tests/instances/miplib/medium-2/supportcase6.mps with config: /scratch/yorig/mpils-results-grid-seconds-5/medium-2/16proc/seed-5/9_supportcase6_seed-5_20260503_003218/expansion/config_param_CPXPARAM_Simplex_DGradient_2_iter_2.prm
[INFO]:[00:35:09] CPLEX results. Gap: 13.330000, upper bound: 52112.367686, lower bound: 45165.579073
[INFO]:[00:35:09] CPLEX solver finished. Gap: 13.330000
[INFO]:[00:35:09] Expansion Worker 14 stopping early after global MPI expansion stop was activated.
[INFO]:[00:35:09] Expansion Worker 14 completed expansion.
[INFO]:[00:35:09] Worker 14 completed expansion phase.
[INFO]:[00:35:09] Worker 14 received order for step 1.
[INFO]:[00:35:09] Worker 14 running exploration phase for iteration 3.
[INFO]:[00:35:09] Worker 14 at iteration 3 will not use a MIP start file. Current best MIP-start upper bound threshold is 52112.4.
[INFO]:[00:35:09] Starting local search phase...
[INFO]:[00:35:09] Creating local search space from parameter space file: /scratch/yorig/mpils-results-grid-seconds-5/medium-2/16proc/seed-5/9_supportcase6_seed-5_20260503_003218/iterated_local_search/search_space/search_space_file_3_worker_14.txt
[INFO]:[00:35:09] Local search space loaded from file: /scratch/yorig/mpils-results-grid-seconds-5/medium-2/16proc/seed-5/9_supportcase6_seed-5_20260503_003218/iterated_local_search/search_space/search_space_file_3_worker_14.txt
[INFO]:[00:35:09] Number of parameters in local search space: 71
[INFO]:[00:35:09] Number of forbidden tuples in local search space: 30
[INFO]:[00:35:09] Number of conditionals in local search space: 6
[INFO]:[00:35:09] MIP start option not enabled. Local search will proceed without MIP start.
[INFO]:[00:35:09] Evaluating initial configuration for local search phase...
[INFO]:[00:35:09] Starting CPLEX solver on instance: /home/yorig/tuner/mpils-tests/instances/miplib/medium-2/supportcase6.mps with config: /scratch/yorig/mpils-results-grid-seconds-5/medium-2/16proc/seed-5/9_supportcase6_seed-5_20260503_003218/iterated_local_search/run_3_worker_14/ils_config_3470472106781463651.prm
[INFO]:[00:35:09] Starting CPLEX solver on instance: /home/yorig/tuner/mpils-tests/instances/miplib/medium-2/supportcase6.mps with config: /scratch/yorig/mpils-results-grid-seconds-5/medium-2/16proc/seed-5/9_supportcase6_seed-5_20260503_003218/iterated_local_search/run_3_worker_14/ils_config_3470472106781463651.prm
[INFO]:[00:35:15] CPLEX results. Gap: 100.000000, upper bound: 102597.533860, lower bound: 0.000000
[INFO]:[00:35:15] CPLEX solver finished. Gap: 100.000000
[INFO]:[00:35:15] Initial configuration evaluated with objective value: 100
[INFO]:[00:35:15] Starting CPLEX solver on instance: /home/yorig/tuner/mpils-tests/instances/miplib/medium-2/supportcase6.mps with config: /scratch/yorig/mpils-results-grid-seconds-5/medium-2/16proc/seed-5/9_supportcase6_seed-5_20260503_003218/iterated_local_search/run_3_worker_14/ils_config_10114699027332470082.prm
[INFO]:[00:35:15] Starting CPLEX solver on instance: /home/yorig/tuner/mpils-tests/instances/miplib/medium-2/supportcase6.mps with config: /scratch/yorig/mpils-results-grid-seconds-5/medium-2/16proc/seed-5/9_supportcase6_seed-5_20260503_003218/iterated_local_search/run_3_worker_14/ils_config_10114699027332470082.prm
[INFO]:[00:35:20] CPLEX results. Gap: 100.000000, upper bound: 102597.533860, lower bound: 0.000000
[INFO]:[00:35:20] CPLEX solver finished. Gap: 100.000000
[INFO]:[00:35:20] Starting CPLEX solver on instance: /home/yorig/tuner/mpils-tests/instances/miplib/medium-2/supportcase6.mps with config: /scratch/yorig/mpils-results-grid-seconds-5/medium-2/16proc/seed-5/9_supportcase6_seed-5_20260503_003218/iterated_local_search/run_3_worker_14/ils_config_4074870228697507772.prm
[INFO]:[00:35:20] Starting CPLEX solver on instance: /home/yorig/tuner/mpils-tests/instances/miplib/medium-2/supportcase6.mps with config: /scratch/yorig/mpils-results-grid-seconds-5/medium-2/16proc/seed-5/9_supportcase6_seed-5_20260503_003218/iterated_local_search/run_3_worker_14/ils_config_4074870228697507772.prm
[INFO]:[00:35:25] CPLEX results. Gap: 56.050000, upper bound: 102597.533860, lower bound: 45090.732163
[INFO]:[00:35:25] CPLEX solver finished. Gap: 56.050000
[INFO]:[00:35:25] New incumbent found with objective value: 56.05
[INFO]:[00:35:25] Starting CPLEX solver on instance: /home/yorig/tuner/mpils-tests/instances/miplib/medium-2/supportcase6.mps with config: /scratch/yorig/mpils-results-grid-seconds-5/medium-2/16proc/seed-5/9_supportcase6_seed-5_20260503_003218/iterated_local_search/run_3_worker_14/ils_config_14648517210165702683.prm
[INFO]:[00:35:25] Starting CPLEX solver on instance: /home/yorig/tuner/mpils-tests/instances/miplib/medium-2/supportcase6.mps with config: /scratch/yorig/mpils-results-grid-seconds-5/medium-2/16proc/seed-5/9_supportcase6_seed-5_20260503_003218/iterated_local_search/run_3_worker_14/ils_config_14648517210165702683.prm
[INFO]:[00:35:30] CPLEX results. Gap: 56.050000, upper bound: 102597.533860, lower bound: 45090.732163
[INFO]:[00:35:30] CPLEX solver finished. Gap: 56.050000
[INFO]:[00:35:30] Starting CPLEX solver on instance: /home/yorig/tuner/mpils-tests/instances/miplib/medium-2/supportcase6.mps with config: /scratch/yorig/mpils-results-grid-seconds-5/medium-2/16proc/seed-5/9_supportcase6_seed-5_20260503_003218/iterated_local_search/run_3_worker_14/ils_config_13856116501102486814.prm
[INFO]:[00:35:30] Starting CPLEX solver on instance: /home/yorig/tuner/mpils-tests/instances/miplib/medium-2/supportcase6.mps with config: /scratch/yorig/mpils-results-grid-seconds-5/medium-2/16proc/seed-5/9_supportcase6_seed-5_20260503_003218/iterated_local_search/run_3_worker_14/ils_config_13856116501102486814.prm
[INFO]:[00:35:36] CPLEX results. Gap: 56.050000, upper bound: 102597.533860, lower bound: 45090.732163
[INFO]:[00:35:36] CPLEX solver finished. Gap: 56.050000
[INFO]:[00:35:36] Starting CPLEX solver on instance: /home/yorig/tuner/mpils-tests/instances/miplib/medium-2/supportcase6.mps with config: /scratch/yorig/mpils-results-grid-seconds-5/medium-2/16proc/seed-5/9_supportcase6_seed-5_20260503_003218/iterated_local_search/run_3_worker_14/ils_config_4835279090988105941.prm
[INFO]:[00:35:36] Starting CPLEX solver on instance: /home/yorig/tuner/mpils-tests/instances/miplib/medium-2/supportcase6.mps with config: /scratch/yorig/mpils-results-grid-seconds-5/medium-2/16proc/seed-5/9_supportcase6_seed-5_20260503_003218/iterated_local_search/run_3_worker_14/ils_config_4835279090988105941.prm
[INFO]:[00:35:41] CPLEX results. Gap: 56.050000, upper bound: 102597.533860, lower bound: 45090.732163
[INFO]:[00:35:41] CPLEX solver finished. Gap: 56.050000
[INFO]:[00:35:41] Starting CPLEX solver on instance: /home/yorig/tuner/mpils-tests/instances/miplib/medium-2/supportcase6.mps with config: /scratch/yorig/mpils-results-grid-seconds-5/medium-2/16proc/seed-5/9_supportcase6_seed-5_20260503_003218/iterated_local_search/run_3_worker_14/ils_config_3438718459208197080.prm
[INFO]:[00:35:41] Starting CPLEX solver on instance: /home/yorig/tuner/mpils-tests/instances/miplib/medium-2/supportcase6.mps with config: /scratch/yorig/mpils-results-grid-seconds-5/medium-2/16proc/seed-5/9_supportcase6_seed-5_20260503_003218/iterated_local_search/run_3_worker_14/ils_config_3438718459208197080.prm
[INFO]:[00:35:46] CPLEX results. Gap: 56.050000, upper bound: 102597.533860, lower bound: 45090.732163
[INFO]:[00:35:46] CPLEX solver finished. Gap: 56.050000
[INFO]:[00:35:46] Starting CPLEX solver on instance: /home/yorig/tuner/mpils-tests/instances/miplib/medium-2/supportcase6.mps with config: /scratch/yorig/mpils-results-grid-seconds-5/medium-2/16proc/seed-5/9_supportcase6_seed-5_20260503_003218/iterated_local_search/run_3_worker_14/ils_config_15801191061615030997.prm
[INFO]:[00:35:46] Starting CPLEX solver on instance: /home/yorig/tuner/mpils-tests/instances/miplib/medium-2/supportcase6.mps with config: /scratch/yorig/mpils-results-grid-seconds-5/medium-2/16proc/seed-5/9_supportcase6_seed-5_20260503_003218/iterated_local_search/run_3_worker_14/ils_config_15801191061615030997.prm
[INFO]:[00:35:51] CPLEX results. Gap: 56.050000, upper bound: 102597.533860, lower bound: 45090.732163
[INFO]:[00:35:51] CPLEX solver finished. Gap: 56.050000
[INFO]:[00:35:51] Starting CPLEX solver on instance: /home/yorig/tuner/mpils-tests/instances/miplib/medium-2/supportcase6.mps with config: /scratch/yorig/mpils-results-grid-seconds-5/medium-2/16proc/seed-5/9_supportcase6_seed-5_20260503_003218/iterated_local_search/run_3_worker_14/ils_config_6850031299726928650.prm
[INFO]:[00:35:51] Starting CPLEX solver on instance: /home/yorig/tuner/mpils-tests/instances/miplib/medium-2/supportcase6.mps with config: /scratch/yorig/mpils-results-grid-seconds-5/medium-2/16proc/seed-5/9_supportcase6_seed-5_20260503_003218/iterated_local_search/run_3_worker_14/ils_config_6850031299726928650.prm
[INFO]:[00:35:57] CPLEX results. Gap: 56.050000, upper bound: 102597.533860, lower bound: 45090.732163
[INFO]:[00:35:57] CPLEX solver finished. Gap: 56.050000
[INFO]:[00:35:57] Starting CPLEX solver on instance: /home/yorig/tuner/mpils-tests/instances/miplib/medium-2/supportcase6.mps with config: /scratch/yorig/mpils-results-grid-seconds-5/medium-2/16proc/seed-5/9_supportcase6_seed-5_20260503_003218/iterated_local_search/run_3_worker_14/ils_config_14399192067124360933.prm
[INFO]:[00:35:57] Starting CPLEX solver on instance: /home/yorig/tuner/mpils-tests/instances/miplib/medium-2/supportcase6.mps with config: /scratch/yorig/mpils-results-grid-seconds-5/medium-2/16proc/seed-5/9_supportcase6_seed-5_20260503_003218/iterated_local_search/run_3_worker_14/ils_config_14399192067124360933.prm
[INFO]:[00:36:02] CPLEX results. Gap: 100.000000, upper bound: 102597.533860, lower bound: 0.000000
[INFO]:[00:36:02] CPLEX solver finished. Gap: 100.000000
[INFO]:[00:36:02] Starting CPLEX solver on instance: /home/yorig/tuner/mpils-tests/instances/miplib/medium-2/supportcase6.mps with config: /scratch/yorig/mpils-results-grid-seconds-5/medium-2/16proc/seed-5/9_supportcase6_seed-5_20260503_003218/iterated_local_search/run_3_worker_14/ils_config_12838953778807521709.prm
[INFO]:[00:36:02] Starting CPLEX solver on instance: /home/yorig/tuner/mpils-tests/instances/miplib/medium-2/supportcase6.mps with config: /scratch/yorig/mpils-results-grid-seconds-5/medium-2/16proc/seed-5/9_supportcase6_seed-5_20260503_003218/iterated_local_search/run_3_worker_14/ils_config_12838953778807521709.prm
[INFO]:[00:36:07] CPLEX results. Gap: 56.050000, upper bound: 102597.533860, lower bound: 45090.732163
[INFO]:[00:36:07] CPLEX solver finished. Gap: 56.050000
[INFO]:[00:36:07] Starting CPLEX solver on instance: /home/yorig/tuner/mpils-tests/instances/miplib/medium-2/supportcase6.mps with config: /scratch/yorig/mpils-results-grid-seconds-5/medium-2/16proc/seed-5/9_supportcase6_seed-5_20260503_003218/iterated_local_search/run_3_worker_14/ils_config_17730499954676911382.prm
[INFO]:[00:36:07] Starting CPLEX solver on instance: /home/yorig/tuner/mpils-tests/instances/miplib/medium-2/supportcase6.mps with config: /scratch/yorig/mpils-results-grid-seconds-5/medium-2/16proc/seed-5/9_supportcase6_seed-5_20260503_003218/iterated_local_search/run_3_worker_14/ils_config_17730499954676911382.prm
[INFO]:[00:36:12] CPLEX results. Gap: 56.050000, upper bound: 102597.533860, lower bound: 45090.732163
[INFO]:[00:36:12] CPLEX solver finished. Gap: 56.050000
[INFO]:[00:36:12] Starting CPLEX solver on instance: /home/yorig/tuner/mpils-tests/instances/miplib/medium-2/supportcase6.mps with config: /scratch/yorig/mpils-results-grid-seconds-5/medium-2/16proc/seed-5/9_supportcase6_seed-5_20260503_003218/iterated_local_search/run_3_worker_14/ils_config_15669740475324835289.prm
[INFO]:[00:36:12] Starting CPLEX solver on instance: /home/yorig/tuner/mpils-tests/instances/miplib/medium-2/supportcase6.mps with config: /scratch/yorig/mpils-results-grid-seconds-5/medium-2/16proc/seed-5/9_supportcase6_seed-5_20260503_003218/iterated_local_search/run_3_worker_14/ils_config_15669740475324835289.prm
[INFO]:[00:36:18] CPLEX results. Gap: 56.050000, upper bound: 102597.533860, lower bound: 45090.732163
[INFO]:[00:36:18] CPLEX solver finished. Gap: 56.050000
[INFO]:[00:36:18] Starting CPLEX solver on instance: /home/yorig/tuner/mpils-tests/instances/miplib/medium-2/supportcase6.mps with config: /scratch/yorig/mpils-results-grid-seconds-5/medium-2/16proc/seed-5/9_supportcase6_seed-5_20260503_003218/iterated_local_search/run_3_worker_14/ils_config_9339500702406103324.prm
[INFO]:[00:36:18] Starting CPLEX solver on instance: /home/yorig/tuner/mpils-tests/instances/miplib/medium-2/supportcase6.mps with config: /scratch/yorig/mpils-results-grid-seconds-5/medium-2/16proc/seed-5/9_supportcase6_seed-5_20260503_003218/iterated_local_search/run_3_worker_14/ils_config_9339500702406103324.prm
[INFO]:[00:36:23] CPLEX results. Gap: 56.050000, upper bound: 102597.533860, lower bound: 45090.732163
[INFO]:[00:36:23] CPLEX solver finished. Gap: 56.050000
[INFO]:[00:36:23] Starting CPLEX solver on instance: /home/yorig/tuner/mpils-tests/instances/miplib/medium-2/supportcase6.mps with config: /scratch/yorig/mpils-results-grid-seconds-5/medium-2/16proc/seed-5/9_supportcase6_seed-5_20260503_003218/iterated_local_search/run_3_worker_14/ils_config_16259138332460948342.prm
[INFO]:[00:36:23] Starting CPLEX solver on instance: /home/yorig/tuner/mpils-tests/instances/miplib/medium-2/supportcase6.mps with config: /scratch/yorig/mpils-results-grid-seconds-5/medium-2/16proc/seed-5/9_supportcase6_seed-5_20260503_003218/iterated_local_search/run_3_worker_14/ils_config_16259138332460948342.prm
[INFO]:[00:36:28] CPLEX results. Gap: 56.050000, upper bound: 102597.533860, lower bound: 45090.732163
[INFO]:[00:36:28] CPLEX solver finished. Gap: 56.050000
[INFO]:[00:36:28] Local search phase completed.
[INFO]:[00:36:28] Total number of new local-search evaluations: 15
[INFO]:[00:36:28] Final incumbent objective value: 56.05
[INFO]:[00:36:33] Worker 14 completed exploration phase.
[INFO]:[00:36:33] Worker 14 received order for step 2.
[INFO]:[00:36:33] Worker 14 running expansion phase for iteration 3.
[INFO]:[00:36:33] Worker 14 will use solver log file: /scratch/yorig/mpils-results-grid-seconds-5/medium-2/16proc/seed-5/9_supportcase6_seed-5_20260503_003218/solver/cplex.log_iteration_expansion_3_worker_14
[INFO]:[00:36:33] Expansion Worker 14 starting expansion for iteration 3.
[INFO]:[00:36:33] Starting CPLEX solver on instance: /home/yorig/tuner/mpils-tests/instances/miplib/medium-2/supportcase6.mps with config: /scratch/yorig/mpils-results-grid-seconds-5/medium-2/16proc/seed-5/9_supportcase6_seed-5_20260503_003218/expansion/config_param_CPXPARAM_Barrier_StartAlg_3_iter_3.prm
[INFO]:[00:36:38] CPLEX results. Gap: 0.210000, upper bound: 51999.634479, lower bound: 51891.352715
[INFO]:[00:36:38] CPLEX solver finished. Gap: 0.210000
[INFO]:[00:36:44] Expansion Worker 14 completed expansion.
[INFO]:[00:36:44] Worker 14 completed expansion phase.
[INFO]:[00:36:44] Worker 14 received order for step 1.
[INFO]:[00:36:44] Worker 14 running exploration phase for iteration 4.
[INFO]:[00:36:44] Worker 14 at iteration 4 will not use a MIP start file. Current best MIP-start upper bound threshold is 51907.1.
[INFO]:[00:36:44] Starting local search phase...
[INFO]:[00:36:44] Creating local search space from parameter space file: /scratch/yorig/mpils-results-grid-seconds-5/medium-2/16proc/seed-5/9_supportcase6_seed-5_20260503_003218/iterated_local_search/search_space/search_space_file_4_worker_14.txt
[INFO]:[00:36:44] Local search space loaded from file: /scratch/yorig/mpils-results-grid-seconds-5/medium-2/16proc/seed-5/9_supportcase6_seed-5_20260503_003218/iterated_local_search/search_space/search_space_file_4_worker_14.txt
[INFO]:[00:36:44] Number of parameters in local search space: 71
[INFO]:[00:36:44] Number of forbidden tuples in local search space: 30
[INFO]:[00:36:44] Number of conditionals in local search space: 6
[INFO]:[00:36:44] MIP start option not enabled. Local search will proceed without MIP start.
[INFO]:[00:36:44] Evaluating initial configuration for local search phase...
[INFO]:[00:36:44] Starting CPLEX solver on instance: /home/yorig/tuner/mpils-tests/instances/miplib/medium-2/supportcase6.mps with config: /scratch/yorig/mpils-results-grid-seconds-5/medium-2/16proc/seed-5/9_supportcase6_seed-5_20260503_003218/iterated_local_search/run_4_worker_14/ils_config_11149968603568956834.prm
[INFO]:[00:36:44] Starting CPLEX solver on instance: /home/yorig/tuner/mpils-tests/instances/miplib/medium-2/supportcase6.mps with config: /scratch/yorig/mpils-results-grid-seconds-5/medium-2/16proc/seed-5/9_supportcase6_seed-5_20260503_003218/iterated_local_search/run_4_worker_14/ils_config_11149968603568956834.prm
[INFO]:[00:36:49] CPLEX results. Gap: 51.310000, upper bound: 92599.946613, lower bound: 45090.732163
[INFO]:[00:36:49] CPLEX solver finished. Gap: 51.310000
[INFO]:[00:36:49] Initial configuration evaluated with objective value: 51.31
[INFO]:[00:36:49] Starting CPLEX solver on instance: /home/yorig/tuner/mpils-tests/instances/miplib/medium-2/supportcase6.mps with config: /scratch/yorig/mpils-results-grid-seconds-5/medium-2/16proc/seed-5/9_supportcase6_seed-5_20260503_003218/iterated_local_search/run_4_worker_14/ils_config_3099264980711329572.prm
[INFO]:[00:36:49] Starting CPLEX solver on instance: /home/yorig/tuner/mpils-tests/instances/miplib/medium-2/supportcase6.mps with config: /scratch/yorig/mpils-results-grid-seconds-5/medium-2/16proc/seed-5/9_supportcase6_seed-5_20260503_003218/iterated_local_search/run_4_worker_14/ils_config_3099264980711329572.prm
[INFO]:[00:36:54] CPLEX results. Gap: 100.000000, upper bound: 102597.533860, lower bound: 0.000000
[INFO]:[00:36:54] CPLEX solver finished. Gap: 100.000000
[INFO]:[00:36:54] Starting CPLEX solver on instance: /home/yorig/tuner/mpils-tests/instances/miplib/medium-2/supportcase6.mps with config: /scratch/yorig/mpils-results-grid-seconds-5/medium-2/16proc/seed-5/9_supportcase6_seed-5_20260503_003218/iterated_local_search/run_4_worker_14/ils_config_2867686124907861355.prm
[INFO]:[00:36:54] Starting CPLEX solver on instance: /home/yorig/tuner/mpils-tests/instances/miplib/medium-2/supportcase6.mps with config: /scratch/yorig/mpils-results-grid-seconds-5/medium-2/16proc/seed-5/9_supportcase6_seed-5_20260503_003218/iterated_local_search/run_4_worker_14/ils_config_2867686124907861355.prm
[INFO]:[00:37:00] CPLEX results. Gap: 56.050000, upper bound: 102597.533860, lower bound: 45090.732163
[INFO]:[00:37:00] CPLEX solver finished. Gap: 56.050000
[INFO]:[00:37:00] Starting CPLEX solver on instance: /home/yorig/tuner/mpils-tests/instances/miplib/medium-2/supportcase6.mps with config: /scratch/yorig/mpils-results-grid-seconds-5/medium-2/16proc/seed-5/9_supportcase6_seed-5_20260503_003218/iterated_local_search/run_4_worker_14/ils_config_1327009247284882783.prm
[INFO]:[00:37:00] Starting CPLEX solver on instance: /home/yorig/tuner/mpils-tests/instances/miplib/medium-2/supportcase6.mps with config: /scratch/yorig/mpils-results-grid-seconds-5/medium-2/16proc/seed-5/9_supportcase6_seed-5_20260503_003218/iterated_local_search/run_4_worker_14/ils_config_1327009247284882783.prm
[INFO]:[00:37:05] CPLEX results. Gap: 51.310000, upper bound: 92599.946613, lower bound: 45090.732163
[INFO]:[00:37:05] CPLEX solver finished. Gap: 51.310000
[INFO]:[00:37:05] Starting CPLEX solver on instance: /home/yorig/tuner/mpils-tests/instances/miplib/medium-2/supportcase6.mps with config: /scratch/yorig/mpils-results-grid-seconds-5/medium-2/16proc/seed-5/9_supportcase6_seed-5_20260503_003218/iterated_local_search/run_4_worker_14/ils_config_12673726641291592333.prm
[INFO]:[00:37:05] Starting CPLEX solver on instance: /home/yorig/tuner/mpils-tests/instances/miplib/medium-2/supportcase6.mps with config: /scratch/yorig/mpils-results-grid-seconds-5/medium-2/16proc/seed-5/9_supportcase6_seed-5_20260503_003218/iterated_local_search/run_4_worker_14/ils_config_12673726641291592333.prm
[INFO]:[00:37:10] CPLEX results. Gap: 100.000000, upper bound: 102597.533860, lower bound: 0.000000
[INFO]:[00:37:10] CPLEX solver finished. Gap: 100.000000
[INFO]:[00:37:10] Starting CPLEX solver on instance: /home/yorig/tuner/mpils-tests/instances/miplib/medium-2/supportcase6.mps with config: /scratch/yorig/mpils-results-grid-seconds-5/medium-2/16proc/seed-5/9_supportcase6_seed-5_20260503_003218/iterated_local_search/run_4_worker_14/ils_config_8030006883329662649.prm
[INFO]:[00:37:10] Starting CPLEX solver on instance: /home/yorig/tuner/mpils-tests/instances/miplib/medium-2/supportcase6.mps with config: /scratch/yorig/mpils-results-grid-seconds-5/medium-2/16proc/seed-5/9_supportcase6_seed-5_20260503_003218/iterated_local_search/run_4_worker_14/ils_config_8030006883329662649.prm
[INFO]:[00:37:15] CPLEX results. Gap: 51.310000, upper bound: 92599.946613, lower bound: 45090.732163
[INFO]:[00:37:15] CPLEX solver finished. Gap: 51.310000
[INFO]:[00:37:15] Starting CPLEX solver on instance: /home/yorig/tuner/mpils-tests/instances/miplib/medium-2/supportcase6.mps with config: /scratch/yorig/mpils-results-grid-seconds-5/medium-2/16proc/seed-5/9_supportcase6_seed-5_20260503_003218/iterated_local_search/run_4_worker_14/ils_config_1857101609925193847.prm
[INFO]:[00:37:15] Starting CPLEX solver on instance: /home/yorig/tuner/mpils-tests/instances/miplib/medium-2/supportcase6.mps with config: /scratch/yorig/mpils-results-grid-seconds-5/medium-2/16proc/seed-5/9_supportcase6_seed-5_20260503_003218/iterated_local_search/run_4_worker_14/ils_config_1857101609925193847.prm
[INFO]:[00:37:21] CPLEX results. Gap: 51.310000, upper bound: 92599.946613, lower bound: 45090.732163
[INFO]:[00:37:21] CPLEX solver finished. Gap: 51.310000
[INFO]:[00:37:21] Local search phase completed.
[INFO]:[00:37:21] Total number of new local-search evaluations: 7
[INFO]:[00:37:21] Final incumbent objective value: 51.31
[INFO]:[00:37:21] Worker 14 completed exploration phase.
[INFO]:[00:37:21] Worker 14 received order for step 2.
[INFO]:[00:37:21] Worker 14 running expansion phase for iteration 4.
[INFO]:[00:37:21] Worker 14 will use solver log file: /scratch/yorig/mpils-results-grid-seconds-5/medium-2/16proc/seed-5/9_supportcase6_seed-5_20260503_003218/solver/cplex.log_iteration_expansion_4_worker_14
[INFO]:[00:37:21] Expansion Worker 14 starting expansion for iteration 4.
[INFO]:[00:37:21] Starting CPLEX solver on instance: /home/yorig/tuner/mpils-tests/instances/miplib/medium-2/supportcase6.mps with config: /scratch/yorig/mpils-results-grid-seconds-5/medium-2/16proc/seed-5/9_supportcase6_seed-5_20260503_003218/expansion/config_param_CPXPARAM_MIP_Strategy_File_2_iter_4.prm
[INFO]:[00:37:26] CPLEX results. Gap: 0.210000, upper bound: 51999.634479, lower bound: 51891.352715
[INFO]:[00:37:26] CPLEX solver finished. Gap: 0.210000
[INFO]:[00:37:32] Expansion Worker 14 completed expansion.
[INFO]:[00:37:32] Worker 14 completed expansion phase.
[INFO]:[00:37:32] Worker 14 received order for step 1.
[INFO]:[00:37:32] Worker 14 running exploration phase for iteration 5.
[INFO]:[00:37:32] Worker 14 at iteration 5 will not use a MIP start file. Current best MIP-start upper bound threshold is 51907.1.
[INFO]:[00:37:32] Starting local search phase...
[INFO]:[00:37:32] Creating local search space from parameter space file: /scratch/yorig/mpils-results-grid-seconds-5/medium-2/16proc/seed-5/9_supportcase6_seed-5_20260503_003218/iterated_local_search/search_space/search_space_file_5_worker_14.txt
[INFO]:[00:37:32] Local search space loaded from file: /scratch/yorig/mpils-results-grid-seconds-5/medium-2/16proc/seed-5/9_supportcase6_seed-5_20260503_003218/iterated_local_search/search_space/search_space_file_5_worker_14.txt
[INFO]:[00:37:32] Number of parameters in local search space: 71
[INFO]:[00:37:32] Number of forbidden tuples in local search space: 29
[INFO]:[00:37:32] Number of conditionals in local search space: 6
[INFO]:[00:37:32] MIP start option not enabled. Local search will proceed without MIP start.
[INFO]:[00:37:32] Evaluating initial configuration for local search phase...
[INFO]:[00:37:32] Starting CPLEX solver on instance: /home/yorig/tuner/mpils-tests/instances/miplib/medium-2/supportcase6.mps with config: /scratch/yorig/mpils-results-grid-seconds-5/medium-2/16proc/seed-5/9_supportcase6_seed-5_20260503_003218/iterated_local_search/run_5_worker_14/ils_config_11749475809033594070.prm
[INFO]:[00:37:32] Starting CPLEX solver on instance: /home/yorig/tuner/mpils-tests/instances/miplib/medium-2/supportcase6.mps with config: /scratch/yorig/mpils-results-grid-seconds-5/medium-2/16proc/seed-5/9_supportcase6_seed-5_20260503_003218/iterated_local_search/run_5_worker_14/ils_config_11749475809033594070.prm
[INFO]:[00:37:37] CPLEX results. Gap: 73.110000, upper bound: 112583.582383, lower bound: 30275.979510
[INFO]:[00:37:37] CPLEX solver finished. Gap: 73.110000
[INFO]:[00:37:37] Initial configuration evaluated with objective value: 73.11
[INFO]:[00:37:37] Starting CPLEX solver on instance: /home/yorig/tuner/mpils-tests/instances/miplib/medium-2/supportcase6.mps with config: /scratch/yorig/mpils-results-grid-seconds-5/medium-2/16proc/seed-5/9_supportcase6_seed-5_20260503_003218/iterated_local_search/run_5_worker_14/ils_config_16310604576185401785.prm
[INFO]:[00:37:37] Starting CPLEX solver on instance: /home/yorig/tuner/mpils-tests/instances/miplib/medium-2/supportcase6.mps with config: /scratch/yorig/mpils-results-grid-seconds-5/medium-2/16proc/seed-5/9_supportcase6_seed-5_20260503_003218/iterated_local_search/run_5_worker_14/ils_config_16310604576185401785.prm
[INFO]:[00:37:43] CPLEX results. Gap: 73.110000, upper bound: 112583.582383, lower bound: 30275.979510
[INFO]:[00:37:43] CPLEX solver finished. Gap: 73.110000
[INFO]:[00:37:43] Starting CPLEX solver on instance: /home/yorig/tuner/mpils-tests/instances/miplib/medium-2/supportcase6.mps with config: /scratch/yorig/mpils-results-grid-seconds-5/medium-2/16proc/seed-5/9_supportcase6_seed-5_20260503_003218/iterated_local_search/run_5_worker_14/ils_config_12800402654602104054.prm
[INFO]:[00:37:43] Starting CPLEX solver on instance: /home/yorig/tuner/mpils-tests/instances/miplib/medium-2/supportcase6.mps with config: /scratch/yorig/mpils-results-grid-seconds-5/medium-2/16proc/seed-5/9_supportcase6_seed-5_20260503_003218/iterated_local_search/run_5_worker_14/ils_config_12800402654602104054.prm
[INFO]:[00:37:48] CPLEX results. Gap: 73.110000, upper bound: 112583.582383, lower bound: 30275.979510
[INFO]:[00:37:48] CPLEX solver finished. Gap: 73.110000
[INFO]:[00:37:48] Starting CPLEX solver on instance: /home/yorig/tuner/mpils-tests/instances/miplib/medium-2/supportcase6.mps with config: /scratch/yorig/mpils-results-grid-seconds-5/medium-2/16proc/seed-5/9_supportcase6_seed-5_20260503_003218/iterated_local_search/run_5_worker_14/ils_config_13745178939996432111.prm
[INFO]:[00:37:48] Starting CPLEX solver on instance: /home/yorig/tuner/mpils-tests/instances/miplib/medium-2/supportcase6.mps with config: /scratch/yorig/mpils-results-grid-seconds-5/medium-2/16proc/seed-5/9_supportcase6_seed-5_20260503_003218/iterated_local_search/run_5_worker_14/ils_config_13745178939996432111.prm
[INFO]:[00:37:53] CPLEX results. Gap: 73.110000, upper bound: 112583.582383, lower bound: 30275.979510
[INFO]:[00:37:53] CPLEX solver finished. Gap: 73.110000
[INFO]:[00:37:53] Starting CPLEX solver on instance: /home/yorig/tuner/mpils-tests/instances/miplib/medium-2/supportcase6.mps with config: /scratch/yorig/mpils-results-grid-seconds-5/medium-2/16proc/seed-5/9_supportcase6_seed-5_20260503_003218/iterated_local_search/run_5_worker_14/ils_config_8768186151025062677.prm
[INFO]:[00:37:53] Starting CPLEX solver on instance: /home/yorig/tuner/mpils-tests/instances/miplib/medium-2/supportcase6.mps with config: /scratch/yorig/mpils-results-grid-seconds-5/medium-2/16proc/seed-5/9_supportcase6_seed-5_20260503_003218/iterated_local_search/run_5_worker_14/ils_config_8768186151025062677.prm
[INFO]:[00:37:58] CPLEX results. Gap: 73.110000, upper bound: 112583.582383, lower bound: 30275.979510
[INFO]:[00:37:58] CPLEX solver finished. Gap: 73.110000
[INFO]:[00:37:58] Starting CPLEX solver on instance: /home/yorig/tuner/mpils-tests/instances/miplib/medium-2/supportcase6.mps with config: /scratch/yorig/mpils-results-grid-seconds-5/medium-2/16proc/seed-5/9_supportcase6_seed-5_20260503_003218/iterated_local_search/run_5_worker_14/ils_config_1255523647333562310.prm
[INFO]:[00:37:58] Starting CPLEX solver on instance: /home/yorig/tuner/mpils-tests/instances/miplib/medium-2/supportcase6.mps with config: /scratch/yorig/mpils-results-grid-seconds-5/medium-2/16proc/seed-5/9_supportcase6_seed-5_20260503_003218/iterated_local_search/run_5_worker_14/ils_config_1255523647333562310.prm
[INFO]:[00:38:04] CPLEX results. Gap: 73.110000, upper bound: 112583.582383, lower bound: 30275.979510
[INFO]:[00:38:04] CPLEX solver finished. Gap: 73.110000
[INFO]:[00:38:04] Starting CPLEX solver on instance: /home/yorig/tuner/mpils-tests/instances/miplib/medium-2/supportcase6.mps with config: /scratch/yorig/mpils-results-grid-seconds-5/medium-2/16proc/seed-5/9_supportcase6_seed-5_20260503_003218/iterated_local_search/run_5_worker_14/ils_config_6078289382540983026.prm
[INFO]:[00:38:04] Starting CPLEX solver on instance: /home/yorig/tuner/mpils-tests/instances/miplib/medium-2/supportcase6.mps with config: /scratch/yorig/mpils-results-grid-seconds-5/medium-2/16proc/seed-5/9_supportcase6_seed-5_20260503_003218/iterated_local_search/run_5_worker_14/ils_config_6078289382540983026.prm
[INFO]:[00:38:09] CPLEX results. Gap: 73.110000, upper bound: 112583.582383, lower bound: 30275.979510
[INFO]:[00:38:09] CPLEX solver finished. Gap: 73.110000
[INFO]:[00:38:09] Starting CPLEX solver on instance: /home/yorig/tuner/mpils-tests/instances/miplib/medium-2/supportcase6.mps with config: /scratch/yorig/mpils-results-grid-seconds-5/medium-2/16proc/seed-5/9_supportcase6_seed-5_20260503_003218/iterated_local_search/run_5_worker_14/ils_config_7616818399381458254.prm
[INFO]:[00:38:09] Starting CPLEX solver on instance: /home/yorig/tuner/mpils-tests/instances/miplib/medium-2/supportcase6.mps with config: /scratch/yorig/mpils-results-grid-seconds-5/medium-2/16proc/seed-5/9_supportcase6_seed-5_20260503_003218/iterated_local_search/run_5_worker_14/ils_config_7616818399381458254.prm
[INFO]:[00:38:14] CPLEX results. Gap: 73.110000, upper bound: 112583.582383, lower bound: 30275.979510
[INFO]:[00:38:14] CPLEX solver finished. Gap: 73.110000
[INFO]:[00:38:14] Starting CPLEX solver on instance: /home/yorig/tuner/mpils-tests/instances/miplib/medium-2/supportcase6.mps with config: /scratch/yorig/mpils-results-grid-seconds-5/medium-2/16proc/seed-5/9_supportcase6_seed-5_20260503_003218/iterated_local_search/run_5_worker_14/ils_config_16715613897236876832.prm
[INFO]:[00:38:14] Starting CPLEX solver on instance: /home/yorig/tuner/mpils-tests/instances/miplib/medium-2/supportcase6.mps with config: /scratch/yorig/mpils-results-grid-seconds-5/medium-2/16proc/seed-5/9_supportcase6_seed-5_20260503_003218/iterated_local_search/run_5_worker_14/ils_config_16715613897236876832.prm
[INFO]:[00:38:19] CPLEX results. Gap: 73.110000, upper bound: 112583.582383, lower bound: 30275.979510
[INFO]:[00:38:19] CPLEX solver finished. Gap: 73.110000
[INFO]:[00:38:19] Starting CPLEX solver on instance: /home/yorig/tuner/mpils-tests/instances/miplib/medium-2/supportcase6.mps with config: /scratch/yorig/mpils-results-grid-seconds-5/medium-2/16proc/seed-5/9_supportcase6_seed-5_20260503_003218/iterated_local_search/run_5_worker_14/ils_config_13688048725654879690.prm
[INFO]:[00:38:19] Starting CPLEX solver on instance: /home/yorig/tuner/mpils-tests/instances/miplib/medium-2/supportcase6.mps with config: /scratch/yorig/mpils-results-grid-seconds-5/medium-2/16proc/seed-5/9_supportcase6_seed-5_20260503_003218/iterated_local_search/run_5_worker_14/ils_config_13688048725654879690.prm
[INFO]:[00:38:25] CPLEX results. Gap: 73.110000, upper bound: 112583.582383, lower bound: 30275.979510
[INFO]:[00:38:25] CPLEX solver finished. Gap: 73.110000
[INFO]:[00:38:25] Starting CPLEX solver on instance: /home/yorig/tuner/mpils-tests/instances/miplib/medium-2/supportcase6.mps with config: /scratch/yorig/mpils-results-grid-seconds-5/medium-2/16proc/seed-5/9_supportcase6_seed-5_20260503_003218/iterated_local_search/run_5_worker_14/ils_config_13378045909098987683.prm
[INFO]:[00:38:25] Starting CPLEX solver on instance: /home/yorig/tuner/mpils-tests/instances/miplib/medium-2/supportcase6.mps with config: /scratch/yorig/mpils-results-grid-seconds-5/medium-2/16proc/seed-5/9_supportcase6_seed-5_20260503_003218/iterated_local_search/run_5_worker_14/ils_config_13378045909098987683.prm
[INFO]:[00:38:30] CPLEX results. Gap: 73.110000, upper bound: 112583.582383, lower bound: 30275.979510
[INFO]:[00:38:30] CPLEX solver finished. Gap: 73.110000
[INFO]:[00:38:30] Starting CPLEX solver on instance: /home/yorig/tuner/mpils-tests/instances/miplib/medium-2/supportcase6.mps with config: /scratch/yorig/mpils-results-grid-seconds-5/medium-2/16proc/seed-5/9_supportcase6_seed-5_20260503_003218/iterated_local_search/run_5_worker_14/ils_config_9244791202183183362.prm
[INFO]:[00:38:30] Starting CPLEX solver on instance: /home/yorig/tuner/mpils-tests/instances/miplib/medium-2/supportcase6.mps with config: /scratch/yorig/mpils-results-grid-seconds-5/medium-2/16proc/seed-5/9_supportcase6_seed-5_20260503_003218/iterated_local_search/run_5_worker_14/ils_config_9244791202183183362.prm
[INFO]:[00:38:35] CPLEX results. Gap: 59.950000, upper bound: 112583.582383, lower bound: 45090.732163
[INFO]:[00:38:35] CPLEX solver finished. Gap: 59.950000
[INFO]:[00:38:35] New incumbent found with objective value: 59.95
[INFO]:[00:38:35] Starting CPLEX solver on instance: /home/yorig/tuner/mpils-tests/instances/miplib/medium-2/supportcase6.mps with config: /scratch/yorig/mpils-results-grid-seconds-5/medium-2/16proc/seed-5/9_supportcase6_seed-5_20260503_003218/iterated_local_search/run_5_worker_14/ils_config_5731856182909436505.prm
[INFO]:[00:38:35] Starting CPLEX solver on instance: /home/yorig/tuner/mpils-tests/instances/miplib/medium-2/supportcase6.mps with config: /scratch/yorig/mpils-results-grid-seconds-5/medium-2/16proc/seed-5/9_supportcase6_seed-5_20260503_003218/iterated_local_search/run_5_worker_14/ils_config_5731856182909436505.prm
[INFO]:[00:38:40] CPLEX results. Gap: 59.950000, upper bound: 112583.582383, lower bound: 45090.732163
[INFO]:[00:38:40] CPLEX solver finished. Gap: 59.950000
[INFO]:[00:38:40] Starting CPLEX solver on instance: /home/yorig/tuner/mpils-tests/instances/miplib/medium-2/supportcase6.mps with config: /scratch/yorig/mpils-results-grid-seconds-5/medium-2/16proc/seed-5/9_supportcase6_seed-5_20260503_003218/iterated_local_search/run_5_worker_14/ils_config_4132783996901760165.prm
[INFO]:[00:38:40] Starting CPLEX solver on instance: /home/yorig/tuner/mpils-tests/instances/miplib/medium-2/supportcase6.mps with config: /scratch/yorig/mpils-results-grid-seconds-5/medium-2/16proc/seed-5/9_supportcase6_seed-5_20260503_003218/iterated_local_search/run_5_worker_14/ils_config_4132783996901760165.prm
[INFO]:[00:38:46] CPLEX results. Gap: 73.110000, upper bound: 112583.582383, lower bound: 30275.979510
[INFO]:[00:38:46] CPLEX solver finished. Gap: 73.110000
[INFO]:[00:38:46] Received global ILS stop signal from rank 1.
[INFO]:[00:38:46] Local search phase completed.
[INFO]:[00:38:46] Total number of new local-search evaluations: 14
[INFO]:[00:38:46] Final incumbent objective value: 59.95
[INFO]:[00:38:46] Worker 14 completed exploration phase.
[INFO]:[00:38:46] Worker 14 received order for step 3.
[INFO]:[00:38:46] Worker 14 finished.
