[INFO]:[00:32:19] Worker 1 starting.
[INFO]:[00:32:19] Worker 1 received order for step 1.
[INFO]:[00:32:19] Worker 1 running exploration phase for iteration 1.
[INFO]:[00:32:19] Current MIP start info file not found: /scratch/yorig/mpils-results-grid-seconds-5/medium-2/16proc/seed-5/9_supportcase6_seed-5_20260503_003218/iterated_local_search/mip_start/current_mip_start_1.txt
[INFO]:[00:32:19] Worker 1 at iteration 1 will not use a MIP start file. Current best MIP-start upper bound threshold is 1.79769e+308.
[INFO]:[00:32:19] Starting local search phase...
[INFO]:[00:32:19] Creating local search space from parameter space file: /scratch/yorig/mpils-results-grid-seconds-5/medium-2/16proc/seed-5/9_supportcase6_seed-5_20260503_003218/iterated_local_search/search_space/search_space_file_1_worker_1.txt
[INFO]:[00:32:19] Local search space loaded from file: /scratch/yorig/mpils-results-grid-seconds-5/medium-2/16proc/seed-5/9_supportcase6_seed-5_20260503_003218/iterated_local_search/search_space/search_space_file_1_worker_1.txt
[INFO]:[00:32:19] Number of parameters in local search space: 71
[INFO]:[00:32:19] Number of forbidden tuples in local search space: 0
[INFO]:[00:32:19] Number of conditionals in local search space: 6
[INFO]:[00:32:19] MIP start option not enabled. Local search will proceed without MIP start.
[INFO]:[00:32:19] Evaluating initial configuration for local search phase...
[INFO]:[00:32:19] Starting CPLEX solver on instance: /home/yorig/tuner/mpils-tests/instances/miplib/medium-2/supportcase6.mps with config: /scratch/yorig/mpils-results-grid-seconds-5/medium-2/16proc/seed-5/9_supportcase6_seed-5_20260503_003218/iterated_local_search/run_1_worker_1/ils_config_17514050945686148453.prm
[INFO]:[00:32:19] Starting CPLEX solver on instance: /home/yorig/tuner/mpils-tests/instances/miplib/medium-2/supportcase6.mps with config: /scratch/yorig/mpils-results-grid-seconds-5/medium-2/16proc/seed-5/9_supportcase6_seed-5_20260503_003218/iterated_local_search/run_1_worker_1/ils_config_17514050945686148453.prm
[INFO]:[00:32:24] CPLEX results. Gap: 55.980000, upper bound: 102597.533860, lower bound: 45165.579073
[INFO]:[00:32:24] Writing MIP start file: /scratch/yorig/mpils-results-grid-seconds-5/medium-2/16proc/seed-5/9_supportcase6_seed-5_20260503_003218/iterated_local_search/run_1_worker_1/mip_starts/mip_start_eval_1_config_17514050945686148453.mst
[INFO]:[00:32:24] CPLEX solver finished. Gap: 55.980000
[INFO]:[00:32:24] Initial configuration evaluated with objective value: 55.98
[INFO]:[00:32:24] Starting CPLEX solver on instance: /home/yorig/tuner/mpils-tests/instances/miplib/medium-2/supportcase6.mps with config: /scratch/yorig/mpils-results-grid-seconds-5/medium-2/16proc/seed-5/9_supportcase6_seed-5_20260503_003218/iterated_local_search/run_1_worker_1/ils_config_14945327202240187335.prm
[INFO]:[00:32:24] Starting CPLEX solver on instance: /home/yorig/tuner/mpils-tests/instances/miplib/medium-2/supportcase6.mps with config: /scratch/yorig/mpils-results-grid-seconds-5/medium-2/16proc/seed-5/9_supportcase6_seed-5_20260503_003218/iterated_local_search/run_1_worker_1/ils_config_14945327202240187335.prm
[INFO]:[00:32:30] CPLEX results. Gap: 55.980000, upper bound: 102597.533860, lower bound: 45165.579073
[INFO]:[00:32:30] CPLEX solver finished. Gap: 55.980000
[INFO]:[00:32:30] Starting CPLEX solver on instance: /home/yorig/tuner/mpils-tests/instances/miplib/medium-2/supportcase6.mps with config: /scratch/yorig/mpils-results-grid-seconds-5/medium-2/16proc/seed-5/9_supportcase6_seed-5_20260503_003218/iterated_local_search/run_1_worker_1/ils_config_5618135918108975868.prm
[INFO]:[00:32:30] Starting CPLEX solver on instance: /home/yorig/tuner/mpils-tests/instances/miplib/medium-2/supportcase6.mps with config: /scratch/yorig/mpils-results-grid-seconds-5/medium-2/16proc/seed-5/9_supportcase6_seed-5_20260503_003218/iterated_local_search/run_1_worker_1/ils_config_5618135918108975868.prm
[INFO]:[00:32:35] CPLEX results. Gap: 55.980000, upper bound: 102597.533860, lower bound: 45163.337634
[INFO]:[00:32:35] CPLEX solver finished. Gap: 55.980000
[INFO]:[00:32:35] Starting CPLEX solver on instance: /home/yorig/tuner/mpils-tests/instances/miplib/medium-2/supportcase6.mps with config: /scratch/yorig/mpils-results-grid-seconds-5/medium-2/16proc/seed-5/9_supportcase6_seed-5_20260503_003218/iterated_local_search/run_1_worker_1/ils_config_14451080528597731927.prm
[INFO]:[00:32:35] Starting CPLEX solver on instance: /home/yorig/tuner/mpils-tests/instances/miplib/medium-2/supportcase6.mps with config: /scratch/yorig/mpils-results-grid-seconds-5/medium-2/16proc/seed-5/9_supportcase6_seed-5_20260503_003218/iterated_local_search/run_1_worker_1/ils_config_14451080528597731927.prm
[INFO]:[00:32:40] CPLEX results. Gap: 55.980000, upper bound: 102597.533860, lower bound: 45165.579073
[INFO]:[00:32:40] CPLEX solver finished. Gap: 55.980000
[INFO]:[00:32:40] Starting CPLEX solver on instance: /home/yorig/tuner/mpils-tests/instances/miplib/medium-2/supportcase6.mps with config: /scratch/yorig/mpils-results-grid-seconds-5/medium-2/16proc/seed-5/9_supportcase6_seed-5_20260503_003218/iterated_local_search/run_1_worker_1/ils_config_14848801465634500120.prm
[INFO]:[00:32:40] Starting CPLEX solver on instance: /home/yorig/tuner/mpils-tests/instances/miplib/medium-2/supportcase6.mps with config: /scratch/yorig/mpils-results-grid-seconds-5/medium-2/16proc/seed-5/9_supportcase6_seed-5_20260503_003218/iterated_local_search/run_1_worker_1/ils_config_14848801465634500120.prm
[INFO]:[00:32:45] CPLEX results. Gap: 45.120000, upper bound: 82302.967557, lower bound: 45165.579073
[INFO]:[00:32:45] Writing MIP start file: /scratch/yorig/mpils-results-grid-seconds-5/medium-2/16proc/seed-5/9_supportcase6_seed-5_20260503_003218/iterated_local_search/run_1_worker_1/mip_starts/mip_start_eval_5_config_14848801465634500120.mst
[INFO]:[00:32:45] CPLEX solver finished. Gap: 45.120000
[INFO]:[00:32:45] New incumbent found with objective value: 45.12
[INFO]:[00:32:46] Starting CPLEX solver on instance: /home/yorig/tuner/mpils-tests/instances/miplib/medium-2/supportcase6.mps with config: /scratch/yorig/mpils-results-grid-seconds-5/medium-2/16proc/seed-5/9_supportcase6_seed-5_20260503_003218/iterated_local_search/run_1_worker_1/ils_config_12933841769560217381.prm
[INFO]:[00:32:46] Starting CPLEX solver on instance: /home/yorig/tuner/mpils-tests/instances/miplib/medium-2/supportcase6.mps with config: /scratch/yorig/mpils-results-grid-seconds-5/medium-2/16proc/seed-5/9_supportcase6_seed-5_20260503_003218/iterated_local_search/run_1_worker_1/ils_config_12933841769560217381.prm
[INFO]:[00:32:51] CPLEX results. Gap: 13.330000, upper bound: 52112.367686, lower bound: 45165.579073
[INFO]:[00:32:51] Writing MIP start file: /scratch/yorig/mpils-results-grid-seconds-5/medium-2/16proc/seed-5/9_supportcase6_seed-5_20260503_003218/iterated_local_search/run_1_worker_1/mip_starts/mip_start_eval_6_config_12933841769560217381.mst
[INFO]:[00:32:51] CPLEX solver finished. Gap: 13.330000
[INFO]:[00:32:51] New incumbent found with objective value: 13.33
[INFO]:[00:32:51] Starting CPLEX solver on instance: /home/yorig/tuner/mpils-tests/instances/miplib/medium-2/supportcase6.mps with config: /scratch/yorig/mpils-results-grid-seconds-5/medium-2/16proc/seed-5/9_supportcase6_seed-5_20260503_003218/iterated_local_search/run_1_worker_1/ils_config_5670168902175278720.prm
[INFO]:[00:32:51] Starting CPLEX solver on instance: /home/yorig/tuner/mpils-tests/instances/miplib/medium-2/supportcase6.mps with config: /scratch/yorig/mpils-results-grid-seconds-5/medium-2/16proc/seed-5/9_supportcase6_seed-5_20260503_003218/iterated_local_search/run_1_worker_1/ils_config_5670168902175278720.prm
[INFO]:[00:32:56] CPLEX results. Gap: 51.310000, upper bound: 92599.946613, lower bound: 45090.732163
[INFO]:[00:32:56] CPLEX solver finished. Gap: 51.310000
[INFO]:[00:32:56] Starting CPLEX solver on instance: /home/yorig/tuner/mpils-tests/instances/miplib/medium-2/supportcase6.mps with config: /scratch/yorig/mpils-results-grid-seconds-5/medium-2/16proc/seed-5/9_supportcase6_seed-5_20260503_003218/iterated_local_search/run_1_worker_1/ils_config_12714870430214713437.prm
[INFO]:[00:32:56] Starting CPLEX solver on instance: /home/yorig/tuner/mpils-tests/instances/miplib/medium-2/supportcase6.mps with config: /scratch/yorig/mpils-results-grid-seconds-5/medium-2/16proc/seed-5/9_supportcase6_seed-5_20260503_003218/iterated_local_search/run_1_worker_1/ils_config_12714870430214713437.prm
[INFO]:[00:33:01] CPLEX results. Gap: 13.330000, upper bound: 52112.367686, lower bound: 45165.579073
[INFO]:[00:33:01] CPLEX solver finished. Gap: 13.330000
[INFO]:[00:33:01] Starting CPLEX solver on instance: /home/yorig/tuner/mpils-tests/instances/miplib/medium-2/supportcase6.mps with config: /scratch/yorig/mpils-results-grid-seconds-5/medium-2/16proc/seed-5/9_supportcase6_seed-5_20260503_003218/iterated_local_search/run_1_worker_1/ils_config_8853562270441570481.prm
[INFO]:[00:33:01] Starting CPLEX solver on instance: /home/yorig/tuner/mpils-tests/instances/miplib/medium-2/supportcase6.mps with config: /scratch/yorig/mpils-results-grid-seconds-5/medium-2/16proc/seed-5/9_supportcase6_seed-5_20260503_003218/iterated_local_search/run_1_worker_1/ils_config_8853562270441570481.prm
[INFO]:[00:33:07] CPLEX results. Gap: 55.980000, upper bound: 102597.533860, lower bound: 45165.579073
[INFO]:[00:33:07] CPLEX solver finished. Gap: 55.980000
[INFO]:[00:33:07] Starting CPLEX solver on instance: /home/yorig/tuner/mpils-tests/instances/miplib/medium-2/supportcase6.mps with config: /scratch/yorig/mpils-results-grid-seconds-5/medium-2/16proc/seed-5/9_supportcase6_seed-5_20260503_003218/iterated_local_search/run_1_worker_1/ils_config_4117200034310648076.prm
[INFO]:[00:33:07] Starting CPLEX solver on instance: /home/yorig/tuner/mpils-tests/instances/miplib/medium-2/supportcase6.mps with config: /scratch/yorig/mpils-results-grid-seconds-5/medium-2/16proc/seed-5/9_supportcase6_seed-5_20260503_003218/iterated_local_search/run_1_worker_1/ils_config_4117200034310648076.prm
[INFO]:[00:33:12] CPLEX results. Gap: 13.330000, upper bound: 52112.367686, lower bound: 45165.579073
[INFO]:[00:33:12] CPLEX solver finished. Gap: 13.330000
[INFO]:[00:33:12] Starting CPLEX solver on instance: /home/yorig/tuner/mpils-tests/instances/miplib/medium-2/supportcase6.mps with config: /scratch/yorig/mpils-results-grid-seconds-5/medium-2/16proc/seed-5/9_supportcase6_seed-5_20260503_003218/iterated_local_search/run_1_worker_1/ils_config_6489723460623148354.prm
[INFO]:[00:33:12] Starting CPLEX solver on instance: /home/yorig/tuner/mpils-tests/instances/miplib/medium-2/supportcase6.mps with config: /scratch/yorig/mpils-results-grid-seconds-5/medium-2/16proc/seed-5/9_supportcase6_seed-5_20260503_003218/iterated_local_search/run_1_worker_1/ils_config_6489723460623148354.prm
[INFO]:[00:33:17] CPLEX results. Gap: 13.330000, upper bound: 52112.367686, lower bound: 45165.579073
[INFO]:[00:33:17] CPLEX solver finished. Gap: 13.330000
[INFO]:[00:33:17] Starting CPLEX solver on instance: /home/yorig/tuner/mpils-tests/instances/miplib/medium-2/supportcase6.mps with config: /scratch/yorig/mpils-results-grid-seconds-5/medium-2/16proc/seed-5/9_supportcase6_seed-5_20260503_003218/iterated_local_search/run_1_worker_1/ils_config_2911599393263295203.prm
[INFO]:[00:33:17] Starting CPLEX solver on instance: /home/yorig/tuner/mpils-tests/instances/miplib/medium-2/supportcase6.mps with config: /scratch/yorig/mpils-results-grid-seconds-5/medium-2/16proc/seed-5/9_supportcase6_seed-5_20260503_003218/iterated_local_search/run_1_worker_1/ils_config_2911599393263295203.prm
[INFO]:[00:33:22] CPLEX results. Gap: 13.330000, upper bound: 52112.367686, lower bound: 45165.579073
[INFO]:[00:33:22] CPLEX solver finished. Gap: 13.330000
[INFO]:[00:33:22] Starting CPLEX solver on instance: /home/yorig/tuner/mpils-tests/instances/miplib/medium-2/supportcase6.mps with config: /scratch/yorig/mpils-results-grid-seconds-5/medium-2/16proc/seed-5/9_supportcase6_seed-5_20260503_003218/iterated_local_search/run_1_worker_1/ils_config_13066026483817195220.prm
[INFO]:[00:33:22] Starting CPLEX solver on instance: /home/yorig/tuner/mpils-tests/instances/miplib/medium-2/supportcase6.mps with config: /scratch/yorig/mpils-results-grid-seconds-5/medium-2/16proc/seed-5/9_supportcase6_seed-5_20260503_003218/iterated_local_search/run_1_worker_1/ils_config_13066026483817195220.prm
[INFO]:[00:33:28] CPLEX results. Gap: 55.980000, upper bound: 102597.533860, lower bound: 45165.327144
[INFO]:[00:33:28] CPLEX solver finished. Gap: 55.980000
[INFO]:[00:33:28] Starting CPLEX solver on instance: /home/yorig/tuner/mpils-tests/instances/miplib/medium-2/supportcase6.mps with config: /scratch/yorig/mpils-results-grid-seconds-5/medium-2/16proc/seed-5/9_supportcase6_seed-5_20260503_003218/iterated_local_search/run_1_worker_1/ils_config_6073849723616856479.prm
[INFO]:[00:33:28] Starting CPLEX solver on instance: /home/yorig/tuner/mpils-tests/instances/miplib/medium-2/supportcase6.mps with config: /scratch/yorig/mpils-results-grid-seconds-5/medium-2/16proc/seed-5/9_supportcase6_seed-5_20260503_003218/iterated_local_search/run_1_worker_1/ils_config_6073849723616856479.prm
[INFO]:[00:33:33] CPLEX results. Gap: 55.980000, upper bound: 102597.533860, lower bound: 45163.337634
[INFO]:[00:33:33] CPLEX solver finished. Gap: 55.980000
[INFO]:[00:33:33] Starting CPLEX solver on instance: /home/yorig/tuner/mpils-tests/instances/miplib/medium-2/supportcase6.mps with config: /scratch/yorig/mpils-results-grid-seconds-5/medium-2/16proc/seed-5/9_supportcase6_seed-5_20260503_003218/iterated_local_search/run_1_worker_1/ils_config_2608824571193149077.prm
[INFO]:[00:33:33] Starting CPLEX solver on instance: /home/yorig/tuner/mpils-tests/instances/miplib/medium-2/supportcase6.mps with config: /scratch/yorig/mpils-results-grid-seconds-5/medium-2/16proc/seed-5/9_supportcase6_seed-5_20260503_003218/iterated_local_search/run_1_worker_1/ils_config_2608824571193149077.prm
[INFO]:[00:33:38] CPLEX results. Gap: 13.330000, upper bound: 52112.367686, lower bound: 45165.579073
[INFO]:[00:33:38] CPLEX solver finished. Gap: 13.330000
[INFO]:[00:33:38] Starting CPLEX solver on instance: /home/yorig/tuner/mpils-tests/instances/miplib/medium-2/supportcase6.mps with config: /scratch/yorig/mpils-results-grid-seconds-5/medium-2/16proc/seed-5/9_supportcase6_seed-5_20260503_003218/iterated_local_search/run_1_worker_1/ils_config_14565276083272853393.prm
[INFO]:[00:33:38] Starting CPLEX solver on instance: /home/yorig/tuner/mpils-tests/instances/miplib/medium-2/supportcase6.mps with config: /scratch/yorig/mpils-results-grid-seconds-5/medium-2/16proc/seed-5/9_supportcase6_seed-5_20260503_003218/iterated_local_search/run_1_worker_1/ils_config_14565276083272853393.prm
[INFO]:[00:33:43] CPLEX results. Gap: 13.330000, upper bound: 52112.367686, lower bound: 45165.579073
[INFO]:[00:33:43] CPLEX solver finished. Gap: 13.330000
[INFO]:[00:33:43] Starting CPLEX solver on instance: /home/yorig/tuner/mpils-tests/instances/miplib/medium-2/supportcase6.mps with config: /scratch/yorig/mpils-results-grid-seconds-5/medium-2/16proc/seed-5/9_supportcase6_seed-5_20260503_003218/iterated_local_search/run_1_worker_1/ils_config_13044348566745741492.prm
[INFO]:[00:33:43] Starting CPLEX solver on instance: /home/yorig/tuner/mpils-tests/instances/miplib/medium-2/supportcase6.mps with config: /scratch/yorig/mpils-results-grid-seconds-5/medium-2/16proc/seed-5/9_supportcase6_seed-5_20260503_003218/iterated_local_search/run_1_worker_1/ils_config_13044348566745741492.prm
[INFO]:[00:33:49] CPLEX results. Gap: 56.050000, upper bound: 102597.533860, lower bound: 45090.732163
[INFO]:[00:33:49] CPLEX solver finished. Gap: 56.050000
[INFO]:[00:33:49] Starting CPLEX solver on instance: /home/yorig/tuner/mpils-tests/instances/miplib/medium-2/supportcase6.mps with config: /scratch/yorig/mpils-results-grid-seconds-5/medium-2/16proc/seed-5/9_supportcase6_seed-5_20260503_003218/iterated_local_search/run_1_worker_1/ils_config_413517394946752596.prm
[INFO]:[00:33:49] Starting CPLEX solver on instance: /home/yorig/tuner/mpils-tests/instances/miplib/medium-2/supportcase6.mps with config: /scratch/yorig/mpils-results-grid-seconds-5/medium-2/16proc/seed-5/9_supportcase6_seed-5_20260503_003218/iterated_local_search/run_1_worker_1/ils_config_413517394946752596.prm
[INFO]:[00:33:54] CPLEX results. Gap: 13.330000, upper bound: 52112.367686, lower bound: 45165.579073
[INFO]:[00:33:54] CPLEX solver finished. Gap: 13.330000
[INFO]:[00:33:54] Starting CPLEX solver on instance: /home/yorig/tuner/mpils-tests/instances/miplib/medium-2/supportcase6.mps with config: /scratch/yorig/mpils-results-grid-seconds-5/medium-2/16proc/seed-5/9_supportcase6_seed-5_20260503_003218/iterated_local_search/run_1_worker_1/ils_config_14616773255507686142.prm
[INFO]:[00:33:54] Starting CPLEX solver on instance: /home/yorig/tuner/mpils-tests/instances/miplib/medium-2/supportcase6.mps with config: /scratch/yorig/mpils-results-grid-seconds-5/medium-2/16proc/seed-5/9_supportcase6_seed-5_20260503_003218/iterated_local_search/run_1_worker_1/ils_config_14616773255507686142.prm
[INFO]:[00:33:59] CPLEX results. Gap: 13.330000, upper bound: 52112.367686, lower bound: 45165.579073
[INFO]:[00:33:59] CPLEX solver finished. Gap: 13.330000
[INFO]:[00:33:59] Starting CPLEX solver on instance: /home/yorig/tuner/mpils-tests/instances/miplib/medium-2/supportcase6.mps with config: /scratch/yorig/mpils-results-grid-seconds-5/medium-2/16proc/seed-5/9_supportcase6_seed-5_20260503_003218/iterated_local_search/run_1_worker_1/ils_config_9476355772308852637.prm
[INFO]:[00:33:59] Starting CPLEX solver on instance: /home/yorig/tuner/mpils-tests/instances/miplib/medium-2/supportcase6.mps with config: /scratch/yorig/mpils-results-grid-seconds-5/medium-2/16proc/seed-5/9_supportcase6_seed-5_20260503_003218/iterated_local_search/run_1_worker_1/ils_config_9476355772308852637.prm
[INFO]:[00:34:04] CPLEX results. Gap: 55.980000, upper bound: 102597.533860, lower bound: 45163.337634
[INFO]:[00:34:04] CPLEX solver finished. Gap: 55.980000
[INFO]:[00:34:04] Local search phase completed.
[INFO]:[00:34:04] Total number of new local-search evaluations: 20
[INFO]:[00:34:04] Final incumbent objective value: 13.33
[INFO]:[00:34:07] Worker 1 completed exploration phase.
[INFO]:[00:34:08] Worker 1 received order for step 2.
[INFO]:[00:34:08] Worker 1 running expansion phase for iteration 1.
[INFO]:[00:34:08] Worker 1 will use solver log file: /scratch/yorig/mpils-results-grid-seconds-5/medium-2/16proc/seed-5/9_supportcase6_seed-5_20260503_003218/solver/cplex.log_iteration_expansion_1_worker_1
[INFO]:[00:34:08] Expansion Worker 1 starting expansion for iteration 1.
[INFO]:[00:34:08] Starting CPLEX solver on instance: /home/yorig/tuner/mpils-tests/instances/miplib/medium-2/supportcase6.mps with config: /scratch/yorig/mpils-results-grid-seconds-5/medium-2/16proc/seed-5/9_supportcase6_seed-5_20260503_003218/expansion/config_param_CPXPARAM_MIP_Cuts_Covers_-1_iter_1.prm
[INFO]:[00:34:13] CPLEX results. Gap: 13.330000, upper bound: 52112.367686, lower bound: 45165.579073
[INFO]:[00:34:13] CPLEX solver finished. Gap: 13.330000
[INFO]:[00:34:13] Starting CPLEX solver on instance: /home/yorig/tuner/mpils-tests/instances/miplib/medium-2/supportcase6.mps with config: /scratch/yorig/mpils-results-grid-seconds-5/medium-2/16proc/seed-5/9_supportcase6_seed-5_20260503_003218/expansion/config_param_CPXPARAM_MIP_Cuts_Covers_1_iter_1.prm
[INFO]:[00:34:18] CPLEX results. Gap: 13.330000, upper bound: 52112.367686, lower bound: 45165.579073
[INFO]:[00:34:18] CPLEX solver finished. Gap: 13.330000
[INFO]:[00:34:18] Starting CPLEX solver on instance: /home/yorig/tuner/mpils-tests/instances/miplib/medium-2/supportcase6.mps with config: /scratch/yorig/mpils-results-grid-seconds-5/medium-2/16proc/seed-5/9_supportcase6_seed-5_20260503_003218/expansion/config_param_CPXPARAM_MIP_Cuts_Covers_2_iter_1.prm
[INFO]:[00:34:23] CPLEX results. Gap: 13.330000, upper bound: 52112.367686, lower bound: 45165.579073
[INFO]:[00:34:23] CPLEX solver finished. Gap: 13.330000
[INFO]:[00:34:23] Starting CPLEX solver on instance: /home/yorig/tuner/mpils-tests/instances/miplib/medium-2/supportcase6.mps with config: /scratch/yorig/mpils-results-grid-seconds-5/medium-2/16proc/seed-5/9_supportcase6_seed-5_20260503_003218/expansion/config_param_CPXPARAM_MIP_Cuts_Covers_3_iter_1.prm
[INFO]:[00:34:29] CPLEX results. Gap: 13.330000, upper bound: 52112.367686, lower bound: 45165.579073
[INFO]:[00:34:29] CPLEX solver finished. Gap: 13.330000
[INFO]:[00:34:29] Expansion Worker 1 completed expansion.
[INFO]:[00:34:29] Worker 1 completed expansion phase.
[INFO]:[00:34:29] Worker 1 received order for step 1.
[INFO]:[00:34:29] Worker 1 running exploration phase for iteration 2.
[INFO]:[00:34:29] Worker 1 at iteration 2 will use MIP start file: /scratch/yorig/mpils-results-grid-seconds-5/medium-2/16proc/seed-5/9_supportcase6_seed-5_20260503_003218/iterated_local_search/run_1_worker_0/mip_starts/mip_start_eval_4_config_12911295086759950527.mst
[INFO]:[00:34:29] Starting local search phase...
[INFO]:[00:34:29] Creating local search space from parameter space file: /scratch/yorig/mpils-results-grid-seconds-5/medium-2/16proc/seed-5/9_supportcase6_seed-5_20260503_003218/iterated_local_search/search_space/search_space_file_2_worker_1.txt
[INFO]:[00:34:29] Local search space loaded from file: /scratch/yorig/mpils-results-grid-seconds-5/medium-2/16proc/seed-5/9_supportcase6_seed-5_20260503_003218/iterated_local_search/search_space/search_space_file_2_worker_1.txt
[INFO]:[00:34:29] Number of parameters in local search space: 71
[INFO]:[00:34:29] Number of forbidden tuples in local search space: 30
[INFO]:[00:34:29] Number of conditionals in local search space: 6
[INFO]:[00:34:29] Using MIP start file for local search: /scratch/yorig/mpils-results-grid-seconds-5/medium-2/16proc/seed-5/9_supportcase6_seed-5_20260503_003218/iterated_local_search/run_1_worker_0/mip_starts/mip_start_eval_4_config_12911295086759950527.mst
[INFO]:[00:34:29] Evaluating initial configuration for local search phase...
[INFO]:[00:34:29] Starting CPLEX solver on instance: /home/yorig/tuner/mpils-tests/instances/miplib/medium-2/supportcase6.mps with config: /scratch/yorig/mpils-results-grid-seconds-5/medium-2/16proc/seed-5/9_supportcase6_seed-5_20260503_003218/iterated_local_search/run_2_worker_1/ils_config_12911295086759950512.prm
[INFO]:[00:34:29] Starting CPLEX solver on instance: /home/yorig/tuner/mpils-tests/instances/miplib/medium-2/supportcase6.mps with config: /scratch/yorig/mpils-results-grid-seconds-5/medium-2/16proc/seed-5/9_supportcase6_seed-5_20260503_003218/iterated_local_search/run_2_worker_1/ils_config_12911295086759950512.prm
[INFO]:[00:34:35] CPLEX results. Gap: 0.420000, upper bound: 52112.367686, lower bound: 51891.352715
[INFO]:[00:34:35] Writing MIP start file: /scratch/yorig/mpils-results-grid-seconds-5/medium-2/16proc/seed-5/9_supportcase6_seed-5_20260503_003218/iterated_local_search/run_2_worker_1/mip_starts/mip_start_eval_1_config_12911295086759950512.mst
[INFO]:[00:34:35] CPLEX solver finished. Gap: 0.420000
[INFO]:[00:34:35] Initial configuration evaluated with objective value: 0.42
[INFO]:[00:34:35] Starting CPLEX solver on instance: /home/yorig/tuner/mpils-tests/instances/miplib/medium-2/supportcase6.mps with config: /scratch/yorig/mpils-results-grid-seconds-5/medium-2/16proc/seed-5/9_supportcase6_seed-5_20260503_003218/iterated_local_search/run_2_worker_1/ils_config_16594890927304093058.prm
[INFO]:[00:34:35] Starting CPLEX solver on instance: /home/yorig/tuner/mpils-tests/instances/miplib/medium-2/supportcase6.mps with config: /scratch/yorig/mpils-results-grid-seconds-5/medium-2/16proc/seed-5/9_supportcase6_seed-5_20260503_003218/iterated_local_search/run_2_worker_1/ils_config_16594890927304093058.prm
[INFO]:[00:34:40] CPLEX results. Gap: 13.470000, upper bound: 52112.367686, lower bound: 45090.732163
[INFO]:[00:34:40] CPLEX solver finished. Gap: 13.470000
[INFO]:[00:34:40] Starting CPLEX solver on instance: /home/yorig/tuner/mpils-tests/instances/miplib/medium-2/supportcase6.mps with config: /scratch/yorig/mpils-results-grid-seconds-5/medium-2/16proc/seed-5/9_supportcase6_seed-5_20260503_003218/iterated_local_search/run_2_worker_1/ils_config_7401414048486118674.prm
[INFO]:[00:34:40] Starting CPLEX solver on instance: /home/yorig/tuner/mpils-tests/instances/miplib/medium-2/supportcase6.mps with config: /scratch/yorig/mpils-results-grid-seconds-5/medium-2/16proc/seed-5/9_supportcase6_seed-5_20260503_003218/iterated_local_search/run_2_worker_1/ils_config_7401414048486118674.prm
[INFO]:[00:34:46] CPLEX results. Gap: 0.420000, upper bound: 52112.367686, lower bound: 51891.352715
[INFO]:[00:34:46] CPLEX solver finished. Gap: 0.420000
[INFO]:[00:34:46] Starting CPLEX solver on instance: /home/yorig/tuner/mpils-tests/instances/miplib/medium-2/supportcase6.mps with config: /scratch/yorig/mpils-results-grid-seconds-5/medium-2/16proc/seed-5/9_supportcase6_seed-5_20260503_003218/iterated_local_search/run_2_worker_1/ils_config_17024471711389641324.prm
[INFO]:[00:34:46] Starting CPLEX solver on instance: /home/yorig/tuner/mpils-tests/instances/miplib/medium-2/supportcase6.mps with config: /scratch/yorig/mpils-results-grid-seconds-5/medium-2/16proc/seed-5/9_supportcase6_seed-5_20260503_003218/iterated_local_search/run_2_worker_1/ils_config_17024471711389641324.prm
[INFO]:[00:34:52] CPLEX results. Gap: 0.420000, upper bound: 52112.367686, lower bound: 51891.352715
[INFO]:[00:34:52] CPLEX solver finished. Gap: 0.420000
[INFO]:[00:34:52] Starting CPLEX solver on instance: /home/yorig/tuner/mpils-tests/instances/miplib/medium-2/supportcase6.mps with config: /scratch/yorig/mpils-results-grid-seconds-5/medium-2/16proc/seed-5/9_supportcase6_seed-5_20260503_003218/iterated_local_search/run_2_worker_1/ils_config_16449025980178702654.prm
[INFO]:[00:34:52] Starting CPLEX solver on instance: /home/yorig/tuner/mpils-tests/instances/miplib/medium-2/supportcase6.mps with config: /scratch/yorig/mpils-results-grid-seconds-5/medium-2/16proc/seed-5/9_supportcase6_seed-5_20260503_003218/iterated_local_search/run_2_worker_1/ils_config_16449025980178702654.prm
[INFO]:[00:34:58] CPLEX results. Gap: 0.420000, upper bound: 52112.367686, lower bound: 51891.352715
[INFO]:[00:34:58] CPLEX solver finished. Gap: 0.420000
[INFO]:[00:34:58] Starting CPLEX solver on instance: /home/yorig/tuner/mpils-tests/instances/miplib/medium-2/supportcase6.mps with config: /scratch/yorig/mpils-results-grid-seconds-5/medium-2/16proc/seed-5/9_supportcase6_seed-5_20260503_003218/iterated_local_search/run_2_worker_1/ils_config_18090118877917844270.prm
[INFO]:[00:34:58] Starting CPLEX solver on instance: /home/yorig/tuner/mpils-tests/instances/miplib/medium-2/supportcase6.mps with config: /scratch/yorig/mpils-results-grid-seconds-5/medium-2/16proc/seed-5/9_supportcase6_seed-5_20260503_003218/iterated_local_search/run_2_worker_1/ils_config_18090118877917844270.prm
[INFO]:[00:35:04] CPLEX results. Gap: 0.420000, upper bound: 52112.367686, lower bound: 51891.352715
[INFO]:[00:35:04] CPLEX solver finished. Gap: 0.420000
[INFO]:[00:35:04] Local search phase completed.
[INFO]:[00:35:04] Total number of new local-search evaluations: 6
[INFO]:[00:35:04] Final incumbent objective value: 0.42
[INFO]:[00:35:04] Worker 1 completed exploration phase.
[INFO]:[00:35:04] Worker 1 received order for step 2.
[INFO]:[00:35:04] Worker 1 running expansion phase for iteration 2.
[INFO]:[00:35:04] Worker 1 will use solver log file: /scratch/yorig/mpils-results-grid-seconds-5/medium-2/16proc/seed-5/9_supportcase6_seed-5_20260503_003218/solver/cplex.log_iteration_expansion_2_worker_1
[INFO]:[00:35:04] Expansion Worker 1 starting expansion for iteration 2.
[INFO]:[00:35:04] Starting CPLEX solver on instance: /home/yorig/tuner/mpils-tests/instances/miplib/medium-2/supportcase6.mps with config: /scratch/yorig/mpils-results-grid-seconds-5/medium-2/16proc/seed-5/9_supportcase6_seed-5_20260503_003218/expansion/config_param_CPXPARAM_MIP_Strategy_PresolveNode_3_iter_2.prm
[INFO]:[00:35:09] CPLEX results. Gap: 13.330000, upper bound: 52112.367686, lower bound: 45165.579073
[INFO]:[00:35:09] CPLEX solver finished. Gap: 13.330000
[INFO]:[00:35:09] Expansion Worker 1 stopping early after global MPI expansion stop was activated.
[INFO]:[00:35:09] Expansion Worker 1 completed expansion.
[INFO]:[00:35:09] Worker 1 completed expansion phase.
[INFO]:[00:35:09] Worker 1 received order for step 1.
[INFO]:[00:35:09] Worker 1 running exploration phase for iteration 3.
[INFO]:[00:35:09] Worker 1 at iteration 3 will use MIP start file: /scratch/yorig/mpils-results-grid-seconds-5/medium-2/16proc/seed-5/9_supportcase6_seed-5_20260503_003218/iterated_local_search/run_1_worker_0/mip_starts/mip_start_eval_4_config_12911295086759950527.mst
[INFO]:[00:35:09] Starting local search phase...
[INFO]:[00:35:09] Creating local search space from parameter space file: /scratch/yorig/mpils-results-grid-seconds-5/medium-2/16proc/seed-5/9_supportcase6_seed-5_20260503_003218/iterated_local_search/search_space/search_space_file_3_worker_1.txt
[INFO]:[00:35:09] Local search space loaded from file: /scratch/yorig/mpils-results-grid-seconds-5/medium-2/16proc/seed-5/9_supportcase6_seed-5_20260503_003218/iterated_local_search/search_space/search_space_file_3_worker_1.txt
[INFO]:[00:35:09] Number of parameters in local search space: 71
[INFO]:[00:35:09] Number of forbidden tuples in local search space: 30
[INFO]:[00:35:09] Number of conditionals in local search space: 6
[INFO]:[00:35:09] Using MIP start file for local search: /scratch/yorig/mpils-results-grid-seconds-5/medium-2/16proc/seed-5/9_supportcase6_seed-5_20260503_003218/iterated_local_search/run_1_worker_0/mip_starts/mip_start_eval_4_config_12911295086759950527.mst
[INFO]:[00:35:09] Evaluating initial configuration for local search phase...
[INFO]:[00:35:09] Starting CPLEX solver on instance: /home/yorig/tuner/mpils-tests/instances/miplib/medium-2/supportcase6.mps with config: /scratch/yorig/mpils-results-grid-seconds-5/medium-2/16proc/seed-5/9_supportcase6_seed-5_20260503_003218/iterated_local_search/run_3_worker_1/ils_config_12911295086759950512.prm
[INFO]:[00:35:09] Starting CPLEX solver on instance: /home/yorig/tuner/mpils-tests/instances/miplib/medium-2/supportcase6.mps with config: /scratch/yorig/mpils-results-grid-seconds-5/medium-2/16proc/seed-5/9_supportcase6_seed-5_20260503_003218/iterated_local_search/run_3_worker_1/ils_config_12911295086759950512.prm
[INFO]:[00:35:15] CPLEX results. Gap: 0.420000, upper bound: 52112.367686, lower bound: 51891.352715
[INFO]:[00:35:15] Writing MIP start file: /scratch/yorig/mpils-results-grid-seconds-5/medium-2/16proc/seed-5/9_supportcase6_seed-5_20260503_003218/iterated_local_search/run_3_worker_1/mip_starts/mip_start_eval_1_config_12911295086759950512.mst
[INFO]:[00:35:15] CPLEX solver finished. Gap: 0.420000
[INFO]:[00:35:15] Initial configuration evaluated with objective value: 0.42
[INFO]:[00:35:15] Starting CPLEX solver on instance: /home/yorig/tuner/mpils-tests/instances/miplib/medium-2/supportcase6.mps with config: /scratch/yorig/mpils-results-grid-seconds-5/medium-2/16proc/seed-5/9_supportcase6_seed-5_20260503_003218/iterated_local_search/run_3_worker_1/ils_config_6660242961526874456.prm
[INFO]:[00:35:15] Starting CPLEX solver on instance: /home/yorig/tuner/mpils-tests/instances/miplib/medium-2/supportcase6.mps with config: /scratch/yorig/mpils-results-grid-seconds-5/medium-2/16proc/seed-5/9_supportcase6_seed-5_20260503_003218/iterated_local_search/run_3_worker_1/ils_config_6660242961526874456.prm
[INFO]:[00:35:21] CPLEX results. Gap: 0.420000, upper bound: 52112.367686, lower bound: 51891.352715
[INFO]:[00:35:21] CPLEX solver finished. Gap: 0.420000
[INFO]:[00:35:21] Starting CPLEX solver on instance: /home/yorig/tuner/mpils-tests/instances/miplib/medium-2/supportcase6.mps with config: /scratch/yorig/mpils-results-grid-seconds-5/medium-2/16proc/seed-5/9_supportcase6_seed-5_20260503_003218/iterated_local_search/run_3_worker_1/ils_config_5573085917217481628.prm
[INFO]:[00:35:21] Starting CPLEX solver on instance: /home/yorig/tuner/mpils-tests/instances/miplib/medium-2/supportcase6.mps with config: /scratch/yorig/mpils-results-grid-seconds-5/medium-2/16proc/seed-5/9_supportcase6_seed-5_20260503_003218/iterated_local_search/run_3_worker_1/ils_config_5573085917217481628.prm
[INFO]:[00:35:27] CPLEX results. Gap: 0.020000, upper bound: 51907.052848, lower bound: 51898.725170
[INFO]:[00:35:27] Writing MIP start file: /scratch/yorig/mpils-results-grid-seconds-5/medium-2/16proc/seed-5/9_supportcase6_seed-5_20260503_003218/iterated_local_search/run_3_worker_1/mip_starts/mip_start_eval_3_config_5573085917217481628.mst
[INFO]:[00:35:27] CPLEX solver finished. Gap: 0.020000
[INFO]:[00:35:27] New incumbent found with objective value: 0.02
[INFO]:[00:35:27] Starting CPLEX solver on instance: /home/yorig/tuner/mpils-tests/instances/miplib/medium-2/supportcase6.mps with config: /scratch/yorig/mpils-results-grid-seconds-5/medium-2/16proc/seed-5/9_supportcase6_seed-5_20260503_003218/iterated_local_search/run_3_worker_1/ils_config_9373803246637501661.prm
[INFO]:[00:35:27] Starting CPLEX solver on instance: /home/yorig/tuner/mpils-tests/instances/miplib/medium-2/supportcase6.mps with config: /scratch/yorig/mpils-results-grid-seconds-5/medium-2/16proc/seed-5/9_supportcase6_seed-5_20260503_003218/iterated_local_search/run_3_worker_1/ils_config_9373803246637501661.prm
[INFO]:[00:35:33] CPLEX results. Gap: 0.420000, upper bound: 52112.367686, lower bound: 51891.352715
[INFO]:[00:35:33] CPLEX solver finished. Gap: 0.420000
[INFO]:[00:35:33] Starting CPLEX solver on instance: /home/yorig/tuner/mpils-tests/instances/miplib/medium-2/supportcase6.mps with config: /scratch/yorig/mpils-results-grid-seconds-5/medium-2/16proc/seed-5/9_supportcase6_seed-5_20260503_003218/iterated_local_search/run_3_worker_1/ils_config_5412983247329445652.prm
[INFO]:[00:35:33] Starting CPLEX solver on instance: /home/yorig/tuner/mpils-tests/instances/miplib/medium-2/supportcase6.mps with config: /scratch/yorig/mpils-results-grid-seconds-5/medium-2/16proc/seed-5/9_supportcase6_seed-5_20260503_003218/iterated_local_search/run_3_worker_1/ils_config_5412983247329445652.prm
[INFO]:[00:35:38] CPLEX results. Gap: 0.100000, upper bound: 51941.025275, lower bound: 51891.352715
[INFO]:[00:35:38] CPLEX solver finished. Gap: 0.100000
[INFO]:[00:35:38] Starting CPLEX solver on instance: /home/yorig/tuner/mpils-tests/instances/miplib/medium-2/supportcase6.mps with config: /scratch/yorig/mpils-results-grid-seconds-5/medium-2/16proc/seed-5/9_supportcase6_seed-5_20260503_003218/iterated_local_search/run_3_worker_1/ils_config_14095071834513240145.prm
[INFO]:[00:35:38] Starting CPLEX solver on instance: /home/yorig/tuner/mpils-tests/instances/miplib/medium-2/supportcase6.mps with config: /scratch/yorig/mpils-results-grid-seconds-5/medium-2/16proc/seed-5/9_supportcase6_seed-5_20260503_003218/iterated_local_search/run_3_worker_1/ils_config_14095071834513240145.prm
[INFO]:[00:35:44] CPLEX results. Gap: 0.020000, upper bound: 51907.052848, lower bound: 51898.725170
[INFO]:[00:35:44] CPLEX solver finished. Gap: 0.020000
[INFO]:[00:35:44] Starting CPLEX solver on instance: /home/yorig/tuner/mpils-tests/instances/miplib/medium-2/supportcase6.mps with config: /scratch/yorig/mpils-results-grid-seconds-5/medium-2/16proc/seed-5/9_supportcase6_seed-5_20260503_003218/iterated_local_search/run_3_worker_1/ils_config_8960483744894696536.prm
[INFO]:[00:35:44] Starting CPLEX solver on instance: /home/yorig/tuner/mpils-tests/instances/miplib/medium-2/supportcase6.mps with config: /scratch/yorig/mpils-results-grid-seconds-5/medium-2/16proc/seed-5/9_supportcase6_seed-5_20260503_003218/iterated_local_search/run_3_worker_1/ils_config_8960483744894696536.prm
[INFO]:[00:35:49] CPLEX results. Gap: 0.020000, upper bound: 51907.052848, lower bound: 51898.725170
[INFO]:[00:35:49] CPLEX solver finished. Gap: 0.020000
[INFO]:[00:35:49] Starting CPLEX solver on instance: /home/yorig/tuner/mpils-tests/instances/miplib/medium-2/supportcase6.mps with config: /scratch/yorig/mpils-results-grid-seconds-5/medium-2/16proc/seed-5/9_supportcase6_seed-5_20260503_003218/iterated_local_search/run_3_worker_1/ils_config_6216654197246910418.prm
[INFO]:[00:35:49] Starting CPLEX solver on instance: /home/yorig/tuner/mpils-tests/instances/miplib/medium-2/supportcase6.mps with config: /scratch/yorig/mpils-results-grid-seconds-5/medium-2/16proc/seed-5/9_supportcase6_seed-5_20260503_003218/iterated_local_search/run_3_worker_1/ils_config_6216654197246910418.prm
[INFO]:[00:35:54] CPLEX results. Gap: 0.060000, upper bound: 51924.054701, lower bound: 51895.258718
[INFO]:[00:35:54] CPLEX solver finished. Gap: 0.060000
[INFO]:[00:35:54] Starting CPLEX solver on instance: /home/yorig/tuner/mpils-tests/instances/miplib/medium-2/supportcase6.mps with config: /scratch/yorig/mpils-results-grid-seconds-5/medium-2/16proc/seed-5/9_supportcase6_seed-5_20260503_003218/iterated_local_search/run_3_worker_1/ils_config_4989838621495297953.prm
[INFO]:[00:35:54] Starting CPLEX solver on instance: /home/yorig/tuner/mpils-tests/instances/miplib/medium-2/supportcase6.mps with config: /scratch/yorig/mpils-results-grid-seconds-5/medium-2/16proc/seed-5/9_supportcase6_seed-5_20260503_003218/iterated_local_search/run_3_worker_1/ils_config_4989838621495297953.prm
[INFO]:[00:36:00] CPLEX results. Gap: 13.470000, upper bound: 52112.367686, lower bound: 45090.732163
[INFO]:[00:36:00] CPLEX solver finished. Gap: 13.470000
[INFO]:[00:36:00] Starting CPLEX solver on instance: /home/yorig/tuner/mpils-tests/instances/miplib/medium-2/supportcase6.mps with config: /scratch/yorig/mpils-results-grid-seconds-5/medium-2/16proc/seed-5/9_supportcase6_seed-5_20260503_003218/iterated_local_search/run_3_worker_1/ils_config_1569711626421000308.prm
[INFO]:[00:36:00] Starting CPLEX solver on instance: /home/yorig/tuner/mpils-tests/instances/miplib/medium-2/supportcase6.mps with config: /scratch/yorig/mpils-results-grid-seconds-5/medium-2/16proc/seed-5/9_supportcase6_seed-5_20260503_003218/iterated_local_search/run_3_worker_1/ils_config_1569711626421000308.prm
[INFO]:[00:36:05] CPLEX results. Gap: 0.020000, upper bound: 51907.052848, lower bound: 51898.725170
[INFO]:[00:36:05] CPLEX solver finished. Gap: 0.020000
[INFO]:[00:36:05] Starting CPLEX solver on instance: /home/yorig/tuner/mpils-tests/instances/miplib/medium-2/supportcase6.mps with config: /scratch/yorig/mpils-results-grid-seconds-5/medium-2/16proc/seed-5/9_supportcase6_seed-5_20260503_003218/iterated_local_search/run_3_worker_1/ils_config_14652455454034797054.prm
[INFO]:[00:36:05] Starting CPLEX solver on instance: /home/yorig/tuner/mpils-tests/instances/miplib/medium-2/supportcase6.mps with config: /scratch/yorig/mpils-results-grid-seconds-5/medium-2/16proc/seed-5/9_supportcase6_seed-5_20260503_003218/iterated_local_search/run_3_worker_1/ils_config_14652455454034797054.prm
[INFO]:[00:36:11] CPLEX results. Gap: 0.040000, upper bound: 51915.007806, lower bound: 51895.772564
[INFO]:[00:36:11] CPLEX solver finished. Gap: 0.040000
[INFO]:[00:36:11] Starting CPLEX solver on instance: /home/yorig/tuner/mpils-tests/instances/miplib/medium-2/supportcase6.mps with config: /scratch/yorig/mpils-results-grid-seconds-5/medium-2/16proc/seed-5/9_supportcase6_seed-5_20260503_003218/iterated_local_search/run_3_worker_1/ils_config_12483950388535802549.prm
[INFO]:[00:36:11] Starting CPLEX solver on instance: /home/yorig/tuner/mpils-tests/instances/miplib/medium-2/supportcase6.mps with config: /scratch/yorig/mpils-results-grid-seconds-5/medium-2/16proc/seed-5/9_supportcase6_seed-5_20260503_003218/iterated_local_search/run_3_worker_1/ils_config_12483950388535802549.prm
[INFO]:[00:36:16] CPLEX results. Gap: 0.100000, upper bound: 51951.648612, lower bound: 51898.725170
[INFO]:[00:36:16] CPLEX solver finished. Gap: 0.100000
[INFO]:[00:36:16] Starting CPLEX solver on instance: /home/yorig/tuner/mpils-tests/instances/miplib/medium-2/supportcase6.mps with config: /scratch/yorig/mpils-results-grid-seconds-5/medium-2/16proc/seed-5/9_supportcase6_seed-5_20260503_003218/iterated_local_search/run_3_worker_1/ils_config_16390988680596329903.prm
[INFO]:[00:36:16] Starting CPLEX solver on instance: /home/yorig/tuner/mpils-tests/instances/miplib/medium-2/supportcase6.mps with config: /scratch/yorig/mpils-results-grid-seconds-5/medium-2/16proc/seed-5/9_supportcase6_seed-5_20260503_003218/iterated_local_search/run_3_worker_1/ils_config_16390988680596329903.prm
[INFO]:[00:36:21] CPLEX results. Gap: 0.120000, upper bound: 51953.454220, lower bound: 51891.352715
[INFO]:[00:36:21] CPLEX solver finished. Gap: 0.120000
[INFO]:[00:36:21] Starting CPLEX solver on instance: /home/yorig/tuner/mpils-tests/instances/miplib/medium-2/supportcase6.mps with config: /scratch/yorig/mpils-results-grid-seconds-5/medium-2/16proc/seed-5/9_supportcase6_seed-5_20260503_003218/iterated_local_search/run_3_worker_1/ils_config_8345268622303241912.prm
[INFO]:[00:36:21] Starting CPLEX solver on instance: /home/yorig/tuner/mpils-tests/instances/miplib/medium-2/supportcase6.mps with config: /scratch/yorig/mpils-results-grid-seconds-5/medium-2/16proc/seed-5/9_supportcase6_seed-5_20260503_003218/iterated_local_search/run_3_worker_1/ils_config_8345268622303241912.prm
[INFO]:[00:36:27] CPLEX results. Gap: 0.310000, upper bound: 52050.501669, lower bound: 51891.352715
[INFO]:[00:36:27] CPLEX solver finished. Gap: 0.310000
[INFO]:[00:36:27] Starting CPLEX solver on instance: /home/yorig/tuner/mpils-tests/instances/miplib/medium-2/supportcase6.mps with config: /scratch/yorig/mpils-results-grid-seconds-5/medium-2/16proc/seed-5/9_supportcase6_seed-5_20260503_003218/iterated_local_search/run_3_worker_1/ils_config_6577279889492967094.prm
[INFO]:[00:36:27] Starting CPLEX solver on instance: /home/yorig/tuner/mpils-tests/instances/miplib/medium-2/supportcase6.mps with config: /scratch/yorig/mpils-results-grid-seconds-5/medium-2/16proc/seed-5/9_supportcase6_seed-5_20260503_003218/iterated_local_search/run_3_worker_1/ils_config_6577279889492967094.prm
[INFO]:[00:36:33] CPLEX results. Gap: 0.420000, upper bound: 52112.367686, lower bound: 51891.352715
[INFO]:[00:36:33] CPLEX solver finished. Gap: 0.420000
[INFO]:[00:36:33] Local search phase completed.
[INFO]:[00:36:33] Total number of new local-search evaluations: 15
[INFO]:[00:36:33] Final incumbent objective value: 0.02
[INFO]:[00:36:33] Worker 1 completed exploration phase.
[INFO]:[00:36:33] Worker 1 received order for step 2.
[INFO]:[00:36:33] Worker 1 running expansion phase for iteration 3.
[INFO]:[00:36:33] Worker 1 will use solver log file: /scratch/yorig/mpils-results-grid-seconds-5/medium-2/16proc/seed-5/9_supportcase6_seed-5_20260503_003218/solver/cplex.log_iteration_expansion_3_worker_1
[INFO]:[00:36:33] Expansion Worker 1 starting expansion for iteration 3.
[INFO]:[00:36:33] Starting CPLEX solver on instance: /home/yorig/tuner/mpils-tests/instances/miplib/medium-2/supportcase6.mps with config: /scratch/yorig/mpils-results-grid-seconds-5/medium-2/16proc/seed-5/9_supportcase6_seed-5_20260503_003218/expansion/config_param_CPXPARAM_MIP_Strategy_LBHeur_1_iter_3.prm
[INFO]:[00:36:38] CPLEX results. Gap: 0.210000, upper bound: 51999.634479, lower bound: 51891.352715
[INFO]:[00:36:38] CPLEX solver finished. Gap: 0.210000
[INFO]:[00:36:38] Starting CPLEX solver on instance: /home/yorig/tuner/mpils-tests/instances/miplib/medium-2/supportcase6.mps with config: /scratch/yorig/mpils-results-grid-seconds-5/medium-2/16proc/seed-5/9_supportcase6_seed-5_20260503_003218/expansion/config_param_CPXPARAM_Simplex_PGradient_-1_iter_3.prm
[INFO]:[00:36:44] CPLEX results. Gap: 0.210000, upper bound: 51999.634479, lower bound: 51891.352715
[INFO]:[00:36:44] CPLEX solver finished. Gap: 0.210000
[INFO]:[00:36:44] Expansion Worker 1 completed expansion.
[INFO]:[00:36:44] Worker 1 completed expansion phase.
[INFO]:[00:36:44] Worker 1 received order for step 1.
[INFO]:[00:36:44] Worker 1 running exploration phase for iteration 4.
[INFO]:[00:36:44] Worker 1 at iteration 4 will use MIP start file: /scratch/yorig/mpils-results-grid-seconds-5/medium-2/16proc/seed-5/9_supportcase6_seed-5_20260503_003218/iterated_local_search/run_3_worker_1/mip_starts/mip_start_eval_3_config_5573085917217481628.mst
[INFO]:[00:36:44] Starting local search phase...
[INFO]:[00:36:44] Creating local search space from parameter space file: /scratch/yorig/mpils-results-grid-seconds-5/medium-2/16proc/seed-5/9_supportcase6_seed-5_20260503_003218/iterated_local_search/search_space/search_space_file_4_worker_1.txt
[INFO]:[00:36:44] Local search space loaded from file: /scratch/yorig/mpils-results-grid-seconds-5/medium-2/16proc/seed-5/9_supportcase6_seed-5_20260503_003218/iterated_local_search/search_space/search_space_file_4_worker_1.txt
[INFO]:[00:36:44] Number of parameters in local search space: 71
[INFO]:[00:36:44] Number of forbidden tuples in local search space: 30
[INFO]:[00:36:44] Number of conditionals in local search space: 6
[INFO]:[00:36:44] Using MIP start file for local search: /scratch/yorig/mpils-results-grid-seconds-5/medium-2/16proc/seed-5/9_supportcase6_seed-5_20260503_003218/iterated_local_search/run_3_worker_1/mip_starts/mip_start_eval_3_config_5573085917217481628.mst
[INFO]:[00:36:44] Evaluating initial configuration for local search phase...
[INFO]:[00:36:44] Starting CPLEX solver on instance: /home/yorig/tuner/mpils-tests/instances/miplib/medium-2/supportcase6.mps with config: /scratch/yorig/mpils-results-grid-seconds-5/medium-2/16proc/seed-5/9_supportcase6_seed-5_20260503_003218/iterated_local_search/run_4_worker_1/ils_config_5573085917217481628.prm
[INFO]:[00:36:44] Starting CPLEX solver on instance: /home/yorig/tuner/mpils-tests/instances/miplib/medium-2/supportcase6.mps with config: /scratch/yorig/mpils-results-grid-seconds-5/medium-2/16proc/seed-5/9_supportcase6_seed-5_20260503_003218/iterated_local_search/run_4_worker_1/ils_config_5573085917217481628.prm
[INFO]:[00:36:49] CPLEX results. Gap: 0.010000, upper bound: 51907.052848, lower bound: 51902.571165
[INFO]:[00:36:49] Writing MIP start file: /scratch/yorig/mpils-results-grid-seconds-5/medium-2/16proc/seed-5/9_supportcase6_seed-5_20260503_003218/iterated_local_search/run_4_worker_1/mip_starts/mip_start_eval_1_config_5573085917217481628.mst
[INFO]:[00:36:49] CPLEX solver finished. Gap: 0.010000
[INFO]:[00:36:49] Initial configuration evaluated with objective value: 0.01
[INFO]:[00:36:49] Starting CPLEX solver on instance: /home/yorig/tuner/mpils-tests/instances/miplib/medium-2/supportcase6.mps with config: /scratch/yorig/mpils-results-grid-seconds-5/medium-2/16proc/seed-5/9_supportcase6_seed-5_20260503_003218/iterated_local_search/run_4_worker_1/ils_config_8345268622303241912.prm
[INFO]:[00:36:49] Starting CPLEX solver on instance: /home/yorig/tuner/mpils-tests/instances/miplib/medium-2/supportcase6.mps with config: /scratch/yorig/mpils-results-grid-seconds-5/medium-2/16proc/seed-5/9_supportcase6_seed-5_20260503_003218/iterated_local_search/run_4_worker_1/ils_config_8345268622303241912.prm
[INFO]:[00:36:55] CPLEX results. Gap: 0.030000, upper bound: 51907.052848, lower bound: 51891.352715
[INFO]:[00:36:55] CPLEX solver finished. Gap: 0.030000
[INFO]:[00:36:55] Starting CPLEX solver on instance: /home/yorig/tuner/mpils-tests/instances/miplib/medium-2/supportcase6.mps with config: /scratch/yorig/mpils-results-grid-seconds-5/medium-2/16proc/seed-5/9_supportcase6_seed-5_20260503_003218/iterated_local_search/run_4_worker_1/ils_config_2444918904036170598.prm
[INFO]:[00:36:55] Starting CPLEX solver on instance: /home/yorig/tuner/mpils-tests/instances/miplib/medium-2/supportcase6.mps with config: /scratch/yorig/mpils-results-grid-seconds-5/medium-2/16proc/seed-5/9_supportcase6_seed-5_20260503_003218/iterated_local_search/run_4_worker_1/ils_config_2444918904036170598.prm
[INFO]:[00:37:01] CPLEX results. Gap: 100.000000, upper bound: 51907.052848, lower bound: 0.000000
[INFO]:[00:37:01] CPLEX solver finished. Gap: 100.000000
[INFO]:[00:37:01] Starting CPLEX solver on instance: /home/yorig/tuner/mpils-tests/instances/miplib/medium-2/supportcase6.mps with config: /scratch/yorig/mpils-results-grid-seconds-5/medium-2/16proc/seed-5/9_supportcase6_seed-5_20260503_003218/iterated_local_search/run_4_worker_1/ils_config_2870123094655302360.prm
[INFO]:[00:37:01] Starting CPLEX solver on instance: /home/yorig/tuner/mpils-tests/instances/miplib/medium-2/supportcase6.mps with config: /scratch/yorig/mpils-results-grid-seconds-5/medium-2/16proc/seed-5/9_supportcase6_seed-5_20260503_003218/iterated_local_search/run_4_worker_1/ils_config_2870123094655302360.prm
[INFO]:[00:37:06] CPLEX results. Gap: 100.000000, upper bound: 51907.052848, lower bound: 0.000000
[INFO]:[00:37:06] CPLEX solver finished. Gap: 100.000000
[INFO]:[00:37:06] Starting CPLEX solver on instance: /home/yorig/tuner/mpils-tests/instances/miplib/medium-2/supportcase6.mps with config: /scratch/yorig/mpils-results-grid-seconds-5/medium-2/16proc/seed-5/9_supportcase6_seed-5_20260503_003218/iterated_local_search/run_4_worker_1/ils_config_14158273955634500117.prm
[INFO]:[00:37:06] Starting CPLEX solver on instance: /home/yorig/tuner/mpils-tests/instances/miplib/medium-2/supportcase6.mps with config: /scratch/yorig/mpils-results-grid-seconds-5/medium-2/16proc/seed-5/9_supportcase6_seed-5_20260503_003218/iterated_local_search/run_4_worker_1/ils_config_14158273955634500117.prm
[INFO]:[00:37:11] CPLEX results. Gap: 0.010000, upper bound: 51907.052848, lower bound: 51902.571165
[INFO]:[00:37:11] CPLEX solver finished. Gap: 0.010000
[INFO]:[00:37:11] Starting CPLEX solver on instance: /home/yorig/tuner/mpils-tests/instances/miplib/medium-2/supportcase6.mps with config: /scratch/yorig/mpils-results-grid-seconds-5/medium-2/16proc/seed-5/9_supportcase6_seed-5_20260503_003218/iterated_local_search/run_4_worker_1/ils_config_2503202371993761376.prm
[INFO]:[00:37:11] Starting CPLEX solver on instance: /home/yorig/tuner/mpils-tests/instances/miplib/medium-2/supportcase6.mps with config: /scratch/yorig/mpils-results-grid-seconds-5/medium-2/16proc/seed-5/9_supportcase6_seed-5_20260503_003218/iterated_local_search/run_4_worker_1/ils_config_2503202371993761376.prm
[INFO]:[00:37:16] CPLEX results. Gap: 0.010000, upper bound: 51907.052848, lower bound: 51902.571165
[INFO]:[00:37:16] CPLEX solver finished. Gap: 0.010000
[INFO]:[00:37:16] Starting CPLEX solver on instance: /home/yorig/tuner/mpils-tests/instances/miplib/medium-2/supportcase6.mps with config: /scratch/yorig/mpils-results-grid-seconds-5/medium-2/16proc/seed-5/9_supportcase6_seed-5_20260503_003218/iterated_local_search/run_4_worker_1/ils_config_13532729362299873754.prm
[INFO]:[00:37:16] Starting CPLEX solver on instance: /home/yorig/tuner/mpils-tests/instances/miplib/medium-2/supportcase6.mps with config: /scratch/yorig/mpils-results-grid-seconds-5/medium-2/16proc/seed-5/9_supportcase6_seed-5_20260503_003218/iterated_local_search/run_4_worker_1/ils_config_13532729362299873754.prm
[INFO]:[00:37:21] CPLEX results. Gap: 0.030000, upper bound: 51907.052848, lower bound: 51891.352715
[INFO]:[00:37:21] CPLEX solver finished. Gap: 0.030000
[INFO]:[00:37:21] Local search phase completed.
[INFO]:[00:37:21] Total number of new local-search evaluations: 7
[INFO]:[00:37:21] Final incumbent objective value: 0.01
[INFO]:[00:37:21] Worker 1 completed exploration phase.
[INFO]:[00:37:21] Worker 1 received order for step 2.
[INFO]:[00:37:21] Worker 1 running expansion phase for iteration 4.
[INFO]:[00:37:21] Worker 1 will use solver log file: /scratch/yorig/mpils-results-grid-seconds-5/medium-2/16proc/seed-5/9_supportcase6_seed-5_20260503_003218/solver/cplex.log_iteration_expansion_4_worker_1
[INFO]:[00:37:21] Expansion Worker 1 starting expansion for iteration 4.
[INFO]:[00:37:21] Starting CPLEX solver on instance: /home/yorig/tuner/mpils-tests/instances/miplib/medium-2/supportcase6.mps with config: /scratch/yorig/mpils-results-grid-seconds-5/medium-2/16proc/seed-5/9_supportcase6_seed-5_20260503_003218/expansion/config_param_CPXPARAM_Preprocessing_CoeffReduce_0_iter_4.prm
[INFO]:[00:37:27] CPLEX results. Gap: 0.210000, upper bound: 51999.634479, lower bound: 51891.352715
[INFO]:[00:37:27] CPLEX solver finished. Gap: 0.210000
[INFO]:[00:37:27] Starting CPLEX solver on instance: /home/yorig/tuner/mpils-tests/instances/miplib/medium-2/supportcase6.mps with config: /scratch/yorig/mpils-results-grid-seconds-5/medium-2/16proc/seed-5/9_supportcase6_seed-5_20260503_003218/expansion/config_param_CPXPARAM_Preprocessing_CoeffReduce_1_iter_4.prm
[INFO]:[00:37:32] CPLEX results. Gap: 0.210000, upper bound: 51999.634479, lower bound: 51891.352715
[INFO]:[00:37:32] CPLEX solver finished. Gap: 0.210000
[INFO]:[00:37:32] Expansion Worker 1 completed expansion.
[INFO]:[00:37:32] Worker 1 completed expansion phase.
[INFO]:[00:37:32] Worker 1 received order for step 1.
[INFO]:[00:37:32] Worker 1 running exploration phase for iteration 5.
[INFO]:[00:37:32] Worker 1 at iteration 5 will use MIP start file: /scratch/yorig/mpils-results-grid-seconds-5/medium-2/16proc/seed-5/9_supportcase6_seed-5_20260503_003218/iterated_local_search/run_3_worker_1/mip_starts/mip_start_eval_3_config_5573085917217481628.mst
[INFO]:[00:37:32] Starting local search phase...
[INFO]:[00:37:32] Creating local search space from parameter space file: /scratch/yorig/mpils-results-grid-seconds-5/medium-2/16proc/seed-5/9_supportcase6_seed-5_20260503_003218/iterated_local_search/search_space/search_space_file_5_worker_1.txt
[INFO]:[00:37:32] Local search space loaded from file: /scratch/yorig/mpils-results-grid-seconds-5/medium-2/16proc/seed-5/9_supportcase6_seed-5_20260503_003218/iterated_local_search/search_space/search_space_file_5_worker_1.txt
[INFO]:[00:37:32] Number of parameters in local search space: 71
[INFO]:[00:37:32] Number of forbidden tuples in local search space: 30
[INFO]:[00:37:32] Number of conditionals in local search space: 6
[INFO]:[00:37:32] Using MIP start file for local search: /scratch/yorig/mpils-results-grid-seconds-5/medium-2/16proc/seed-5/9_supportcase6_seed-5_20260503_003218/iterated_local_search/run_3_worker_1/mip_starts/mip_start_eval_3_config_5573085917217481628.mst
[INFO]:[00:37:32] Evaluating initial configuration for local search phase...
[INFO]:[00:37:32] Starting CPLEX solver on instance: /home/yorig/tuner/mpils-tests/instances/miplib/medium-2/supportcase6.mps with config: /scratch/yorig/mpils-results-grid-seconds-5/medium-2/16proc/seed-5/9_supportcase6_seed-5_20260503_003218/iterated_local_search/run_5_worker_1/ils_config_5573085917217481628.prm
[INFO]:[00:37:32] Starting CPLEX solver on instance: /home/yorig/tuner/mpils-tests/instances/miplib/medium-2/supportcase6.mps with config: /scratch/yorig/mpils-results-grid-seconds-5/medium-2/16proc/seed-5/9_supportcase6_seed-5_20260503_003218/iterated_local_search/run_5_worker_1/ils_config_5573085917217481628.prm
[INFO]:[00:37:37] CPLEX results. Gap: 0.010000, upper bound: 51907.052848, lower bound: 51902.571165
[INFO]:[00:37:37] Writing MIP start file: /scratch/yorig/mpils-results-grid-seconds-5/medium-2/16proc/seed-5/9_supportcase6_seed-5_20260503_003218/iterated_local_search/run_5_worker_1/mip_starts/mip_start_eval_1_config_5573085917217481628.mst
[INFO]:[00:37:37] CPLEX solver finished. Gap: 0.010000
[INFO]:[00:37:37] Initial configuration evaluated with objective value: 0.01
[INFO]:[00:37:37] Starting CPLEX solver on instance: /home/yorig/tuner/mpils-tests/instances/miplib/medium-2/supportcase6.mps with config: /scratch/yorig/mpils-results-grid-seconds-5/medium-2/16proc/seed-5/9_supportcase6_seed-5_20260503_003218/iterated_local_search/run_5_worker_1/ils_config_7840642222922317903.prm
[INFO]:[00:37:37] Starting CPLEX solver on instance: /home/yorig/tuner/mpils-tests/instances/miplib/medium-2/supportcase6.mps with config: /scratch/yorig/mpils-results-grid-seconds-5/medium-2/16proc/seed-5/9_supportcase6_seed-5_20260503_003218/iterated_local_search/run_5_worker_1/ils_config_7840642222922317903.prm
[INFO]:[00:37:43] CPLEX results. Gap: 0.030000, upper bound: 51907.052848, lower bound: 51891.510042
[INFO]:[00:37:43] CPLEX solver finished. Gap: 0.030000
[INFO]:[00:37:43] Starting CPLEX solver on instance: /home/yorig/tuner/mpils-tests/instances/miplib/medium-2/supportcase6.mps with config: /scratch/yorig/mpils-results-grid-seconds-5/medium-2/16proc/seed-5/9_supportcase6_seed-5_20260503_003218/iterated_local_search/run_5_worker_1/ils_config_7197957738770738490.prm
[INFO]:[00:37:43] Starting CPLEX solver on instance: /home/yorig/tuner/mpils-tests/instances/miplib/medium-2/supportcase6.mps with config: /scratch/yorig/mpils-results-grid-seconds-5/medium-2/16proc/seed-5/9_supportcase6_seed-5_20260503_003218/iterated_local_search/run_5_worker_1/ils_config_7197957738770738490.prm
[INFO]:[00:37:48] CPLEX results. Gap: 0.010000, upper bound: 51907.052848, lower bound: 51902.571165
[INFO]:[00:37:48] CPLEX solver finished. Gap: 0.010000
[INFO]:[00:37:48] Starting CPLEX solver on instance: /home/yorig/tuner/mpils-tests/instances/miplib/medium-2/supportcase6.mps with config: /scratch/yorig/mpils-results-grid-seconds-5/medium-2/16proc/seed-5/9_supportcase6_seed-5_20260503_003218/iterated_local_search/run_5_worker_1/ils_config_17167584387048842592.prm
[INFO]:[00:37:48] Starting CPLEX solver on instance: /home/yorig/tuner/mpils-tests/instances/miplib/medium-2/supportcase6.mps with config: /scratch/yorig/mpils-results-grid-seconds-5/medium-2/16proc/seed-5/9_supportcase6_seed-5_20260503_003218/iterated_local_search/run_5_worker_1/ils_config_17167584387048842592.prm
[INFO]:[00:37:52] CPLEX results. Gap: 0.010000, upper bound: 51907.052848, lower bound: 51902.571165
[INFO]:[00:37:52] CPLEX solver finished. Gap: 0.010000
[INFO]:[00:37:52] Starting CPLEX solver on instance: /home/yorig/tuner/mpils-tests/instances/miplib/medium-2/supportcase6.mps with config: /scratch/yorig/mpils-results-grid-seconds-5/medium-2/16proc/seed-5/9_supportcase6_seed-5_20260503_003218/iterated_local_search/run_5_worker_1/ils_config_18126504697953193494.prm
[INFO]:[00:37:52] Starting CPLEX solver on instance: /home/yorig/tuner/mpils-tests/instances/miplib/medium-2/supportcase6.mps with config: /scratch/yorig/mpils-results-grid-seconds-5/medium-2/16proc/seed-5/9_supportcase6_seed-5_20260503_003218/iterated_local_search/run_5_worker_1/ils_config_18126504697953193494.prm
[INFO]:[00:37:58] CPLEX results. Gap: 100.000000, upper bound: 51907.052848, lower bound: 0.000000
[INFO]:[00:37:58] CPLEX solver finished. Gap: 100.000000
[INFO]:[00:37:58] Starting CPLEX solver on instance: /home/yorig/tuner/mpils-tests/instances/miplib/medium-2/supportcase6.mps with config: /scratch/yorig/mpils-results-grid-seconds-5/medium-2/16proc/seed-5/9_supportcase6_seed-5_20260503_003218/iterated_local_search/run_5_worker_1/ils_config_4430588005536664583.prm
[INFO]:[00:37:58] Starting CPLEX solver on instance: /home/yorig/tuner/mpils-tests/instances/miplib/medium-2/supportcase6.mps with config: /scratch/yorig/mpils-results-grid-seconds-5/medium-2/16proc/seed-5/9_supportcase6_seed-5_20260503_003218/iterated_local_search/run_5_worker_1/ils_config_4430588005536664583.prm
[INFO]:[00:38:02] CPLEX results. Gap: 0.010000, upper bound: 51907.052848, lower bound: 51902.571165
[INFO]:[00:38:02] CPLEX solver finished. Gap: 0.010000
[INFO]:[00:38:02] Starting CPLEX solver on instance: /home/yorig/tuner/mpils-tests/instances/miplib/medium-2/supportcase6.mps with config: /scratch/yorig/mpils-results-grid-seconds-5/medium-2/16proc/seed-5/9_supportcase6_seed-5_20260503_003218/iterated_local_search/run_5_worker_1/ils_config_4961243283767562932.prm
[INFO]:[00:38:02] Starting CPLEX solver on instance: /home/yorig/tuner/mpils-tests/instances/miplib/medium-2/supportcase6.mps with config: /scratch/yorig/mpils-results-grid-seconds-5/medium-2/16proc/seed-5/9_supportcase6_seed-5_20260503_003218/iterated_local_search/run_5_worker_1/ils_config_4961243283767562932.prm
[INFO]:[00:38:07] CPLEX results. Gap: 0.010000, upper bound: 51907.052848, lower bound: 51902.571165
[INFO]:[00:38:07] CPLEX solver finished. Gap: 0.010000
[INFO]:[00:38:07] Starting CPLEX solver on instance: /home/yorig/tuner/mpils-tests/instances/miplib/medium-2/supportcase6.mps with config: /scratch/yorig/mpils-results-grid-seconds-5/medium-2/16proc/seed-5/9_supportcase6_seed-5_20260503_003218/iterated_local_search/run_5_worker_1/ils_config_8179780774642403998.prm
[INFO]:[00:38:07] Starting CPLEX solver on instance: /home/yorig/tuner/mpils-tests/instances/miplib/medium-2/supportcase6.mps with config: /scratch/yorig/mpils-results-grid-seconds-5/medium-2/16proc/seed-5/9_supportcase6_seed-5_20260503_003218/iterated_local_search/run_5_worker_1/ils_config_8179780774642403998.prm
[INFO]:[00:38:13] CPLEX results. Gap: 100.000000, upper bound: 51907.052848, lower bound: 0.000000
[INFO]:[00:38:13] CPLEX solver finished. Gap: 100.000000
[INFO]:[00:38:13] Starting CPLEX solver on instance: /home/yorig/tuner/mpils-tests/instances/miplib/medium-2/supportcase6.mps with config: /scratch/yorig/mpils-results-grid-seconds-5/medium-2/16proc/seed-5/9_supportcase6_seed-5_20260503_003218/iterated_local_search/run_5_worker_1/ils_config_9271626767916840510.prm
[INFO]:[00:38:13] Starting CPLEX solver on instance: /home/yorig/tuner/mpils-tests/instances/miplib/medium-2/supportcase6.mps with config: /scratch/yorig/mpils-results-grid-seconds-5/medium-2/16proc/seed-5/9_supportcase6_seed-5_20260503_003218/iterated_local_search/run_5_worker_1/ils_config_9271626767916840510.prm
[INFO]:[00:38:17] CPLEX results. Gap: 0.010000, upper bound: 51907.052848, lower bound: 51903.915660
[INFO]:[00:38:17] CPLEX solver finished. Gap: 0.010000
[INFO]:[00:38:17] Starting CPLEX solver on instance: /home/yorig/tuner/mpils-tests/instances/miplib/medium-2/supportcase6.mps with config: /scratch/yorig/mpils-results-grid-seconds-5/medium-2/16proc/seed-5/9_supportcase6_seed-5_20260503_003218/iterated_local_search/run_5_worker_1/ils_config_5594384247734517448.prm
[INFO]:[00:38:17] Starting CPLEX solver on instance: /home/yorig/tuner/mpils-tests/instances/miplib/medium-2/supportcase6.mps with config: /scratch/yorig/mpils-results-grid-seconds-5/medium-2/16proc/seed-5/9_supportcase6_seed-5_20260503_003218/iterated_local_search/run_5_worker_1/ils_config_5594384247734517448.prm
[INFO]:[00:38:22] CPLEX results. Gap: 0.010000, upper bound: 51907.052848, lower bound: 51903.967756
[INFO]:[00:38:22] CPLEX solver finished. Gap: 0.010000
[INFO]:[00:38:22] Starting CPLEX solver on instance: /home/yorig/tuner/mpils-tests/instances/miplib/medium-2/supportcase6.mps with config: /scratch/yorig/mpils-results-grid-seconds-5/medium-2/16proc/seed-5/9_supportcase6_seed-5_20260503_003218/iterated_local_search/run_5_worker_1/ils_config_17288526154638156964.prm
[INFO]:[00:38:22] Starting CPLEX solver on instance: /home/yorig/tuner/mpils-tests/instances/miplib/medium-2/supportcase6.mps with config: /scratch/yorig/mpils-results-grid-seconds-5/medium-2/16proc/seed-5/9_supportcase6_seed-5_20260503_003218/iterated_local_search/run_5_worker_1/ils_config_17288526154638156964.prm
[INFO]:[00:38:27] CPLEX results. Gap: 0.010000, upper bound: 51907.052848, lower bound: 51902.571165
[INFO]:[00:38:27] CPLEX solver finished. Gap: 0.010000
[INFO]:[00:38:27] Starting CPLEX solver on instance: /home/yorig/tuner/mpils-tests/instances/miplib/medium-2/supportcase6.mps with config: /scratch/yorig/mpils-results-grid-seconds-5/medium-2/16proc/seed-5/9_supportcase6_seed-5_20260503_003218/iterated_local_search/run_5_worker_1/ils_config_5587257195533474778.prm
[INFO]:[00:38:27] Starting CPLEX solver on instance: /home/yorig/tuner/mpils-tests/instances/miplib/medium-2/supportcase6.mps with config: /scratch/yorig/mpils-results-grid-seconds-5/medium-2/16proc/seed-5/9_supportcase6_seed-5_20260503_003218/iterated_local_search/run_5_worker_1/ils_config_5587257195533474778.prm
[INFO]:[00:38:31] CPLEX results. Gap: 0.010000, upper bound: 51906.742282, lower bound: 51901.621021
[INFO]:[00:38:32] Writing MIP start file: /scratch/yorig/mpils-results-grid-seconds-5/medium-2/16proc/seed-5/9_supportcase6_seed-5_20260503_003218/iterated_local_search/run_5_worker_1/mip_starts/mip_start_eval_12_config_5587257195533474778.mst
[INFO]:[00:38:32] CPLEX solver finished. Gap: 0.010000
[INFO]:[00:38:32] Starting CPLEX solver on instance: /home/yorig/tuner/mpils-tests/instances/miplib/medium-2/supportcase6.mps with config: /scratch/yorig/mpils-results-grid-seconds-5/medium-2/16proc/seed-5/9_supportcase6_seed-5_20260503_003218/iterated_local_search/run_5_worker_1/ils_config_12483950388535802549.prm
[INFO]:[00:38:32] Starting CPLEX solver on instance: /home/yorig/tuner/mpils-tests/instances/miplib/medium-2/supportcase6.mps with config: /scratch/yorig/mpils-results-grid-seconds-5/medium-2/16proc/seed-5/9_supportcase6_seed-5_20260503_003218/iterated_local_search/run_5_worker_1/ils_config_12483950388535802549.prm
[INFO]:[00:38:36] CPLEX results. Gap: 0.000000, upper bound: 51907.052848, lower bound: 51906.395389
[INFO]:[00:38:36] CPLEX solver finished. Gap: 0.000000
[INFO]:[00:38:36] Stopping local search: gap 0 reached the acceptance threshold 0.
[INFO]:[00:38:36] New incumbent found with objective value: 0
[INFO]:[00:38:36] Local search phase completed.
[INFO]:[00:38:36] Total number of new local-search evaluations: 13
[INFO]:[00:38:36] Final incumbent objective value: 0
[INFO]:[00:38:46] Worker 1 completed exploration phase.
[INFO]:[00:38:46] Worker 1 received order for step 3.
[INFO]:[00:38:46] Worker 1 finished.
