[INFO]:[18:40:25] Worker 22 starting.
[INFO]:[18:40:25] Worker 22 received order for step 1.
[INFO]:[18:40:25] Worker 22 running exploration phase for iteration 1.
[INFO]:[18:40:25] Worker 22 at iteration 1 will not use a MIP start file. Current best MIP-start upper bound threshold is 1.79769e+308.
[INFO]:[18:40:25] Starting local search phase...
[INFO]:[18:40:25] Creating local search space from parameter space file: /scratch/yorig/mpils-results-grid-seconds-5-no-mip-start/medium-1/24proc/seed-2/1_b1c1s1_seed-2_20260502_184024/iterated_local_search/search_space/search_space_file_1_worker_22.txt
[INFO]:[18:40:25] Local search space loaded from file: /scratch/yorig/mpils-results-grid-seconds-5-no-mip-start/medium-1/24proc/seed-2/1_b1c1s1_seed-2_20260502_184024/iterated_local_search/search_space/search_space_file_1_worker_22.txt
[INFO]:[18:40:25] Number of parameters in local search space: 71
[INFO]:[18:40:25] Number of forbidden tuples in local search space: 0
[INFO]:[18:40:25] Number of conditionals in local search space: 6
[INFO]:[18:40:25] MIP start option not enabled. Local search will proceed without MIP start.
[INFO]:[18:40:25] Evaluating initial configuration for local search phase...
[INFO]:[18:40:26] Starting CPLEX solver on instance: /home/yorig/tuner/mpils-tests/instances/miplib/medium-1/b1c1s1.mps with config: /scratch/yorig/mpils-results-grid-seconds-5-no-mip-start/medium-1/24proc/seed-2/1_b1c1s1_seed-2_20260502_184024/iterated_local_search/run_1_worker_22/ils_config_13465986286917106355.prm
[INFO]:[18:40:26] Starting CPLEX solver on instance: /home/yorig/tuner/mpils-tests/instances/miplib/medium-1/b1c1s1.mps with config: /scratch/yorig/mpils-results-grid-seconds-5-no-mip-start/medium-1/24proc/seed-2/1_b1c1s1_seed-2_20260502_184024/iterated_local_search/run_1_worker_22/ils_config_13465986286917106355.prm
[INFO]:[18:40:31] CPLEX results. Gap: 52.440000, upper bound: 29073.750000, lower bound: 13827.589892
[INFO]:[18:40:31] CPLEX solver finished. Gap: 52.440000
[INFO]:[18:40:31] Initial configuration evaluated with objective value: 52.44
[INFO]:[18:40:31] Starting CPLEX solver on instance: /home/yorig/tuner/mpils-tests/instances/miplib/medium-1/b1c1s1.mps with config: /scratch/yorig/mpils-results-grid-seconds-5-no-mip-start/medium-1/24proc/seed-2/1_b1c1s1_seed-2_20260502_184024/iterated_local_search/run_1_worker_22/ils_config_13592723690124183718.prm
[INFO]:[18:40:31] Starting CPLEX solver on instance: /home/yorig/tuner/mpils-tests/instances/miplib/medium-1/b1c1s1.mps with config: /scratch/yorig/mpils-results-grid-seconds-5-no-mip-start/medium-1/24proc/seed-2/1_b1c1s1_seed-2_20260502_184024/iterated_local_search/run_1_worker_22/ils_config_13592723690124183718.prm
[INFO]:[18:40:36] CPLEX results. Gap: 52.440000, upper bound: 29073.750000, lower bound: 13827.589892
[INFO]:[18:40:36] CPLEX solver finished. Gap: 52.440000
[INFO]:[18:40:36] Starting CPLEX solver on instance: /home/yorig/tuner/mpils-tests/instances/miplib/medium-1/b1c1s1.mps with config: /scratch/yorig/mpils-results-grid-seconds-5-no-mip-start/medium-1/24proc/seed-2/1_b1c1s1_seed-2_20260502_184024/iterated_local_search/run_1_worker_22/ils_config_12665234663296055651.prm
[INFO]:[18:40:36] Starting CPLEX solver on instance: /home/yorig/tuner/mpils-tests/instances/miplib/medium-1/b1c1s1.mps with config: /scratch/yorig/mpils-results-grid-seconds-5-no-mip-start/medium-1/24proc/seed-2/1_b1c1s1_seed-2_20260502_184024/iterated_local_search/run_1_worker_22/ils_config_12665234663296055651.prm
[INFO]:[18:40:41] CPLEX results. Gap: 52.280000, upper bound: 29007.190000, lower bound: 13842.063488
[INFO]:[18:40:41] CPLEX solver finished. Gap: 52.280000
[INFO]:[18:40:41] New incumbent found with objective value: 52.28
[INFO]:[18:40:41] Starting CPLEX solver on instance: /home/yorig/tuner/mpils-tests/instances/miplib/medium-1/b1c1s1.mps with config: /scratch/yorig/mpils-results-grid-seconds-5-no-mip-start/medium-1/24proc/seed-2/1_b1c1s1_seed-2_20260502_184024/iterated_local_search/run_1_worker_22/ils_config_2420617343139831538.prm
[INFO]:[18:40:41] Starting CPLEX solver on instance: /home/yorig/tuner/mpils-tests/instances/miplib/medium-1/b1c1s1.mps with config: /scratch/yorig/mpils-results-grid-seconds-5-no-mip-start/medium-1/24proc/seed-2/1_b1c1s1_seed-2_20260502_184024/iterated_local_search/run_1_worker_22/ils_config_2420617343139831538.prm
[INFO]:[18:40:46] CPLEX results. Gap: 62.120000, upper bound: 29007.190000, lower bound: 10986.687165
[INFO]:[18:40:46] CPLEX solver finished. Gap: 62.120000
[INFO]:[18:40:46] Starting CPLEX solver on instance: /home/yorig/tuner/mpils-tests/instances/miplib/medium-1/b1c1s1.mps with config: /scratch/yorig/mpils-results-grid-seconds-5-no-mip-start/medium-1/24proc/seed-2/1_b1c1s1_seed-2_20260502_184024/iterated_local_search/run_1_worker_22/ils_config_4976892708706954094.prm
[INFO]:[18:40:46] Starting CPLEX solver on instance: /home/yorig/tuner/mpils-tests/instances/miplib/medium-1/b1c1s1.mps with config: /scratch/yorig/mpils-results-grid-seconds-5-no-mip-start/medium-1/24proc/seed-2/1_b1c1s1_seed-2_20260502_184024/iterated_local_search/run_1_worker_22/ils_config_4976892708706954094.prm
[INFO]:[18:40:51] CPLEX results. Gap: 52.280000, upper bound: 29007.190000, lower bound: 13842.063488
[INFO]:[18:40:51] CPLEX solver finished. Gap: 52.280000
[INFO]:[18:40:51] Starting CPLEX solver on instance: /home/yorig/tuner/mpils-tests/instances/miplib/medium-1/b1c1s1.mps with config: /scratch/yorig/mpils-results-grid-seconds-5-no-mip-start/medium-1/24proc/seed-2/1_b1c1s1_seed-2_20260502_184024/iterated_local_search/run_1_worker_22/ils_config_9200432886463120955.prm
[INFO]:[18:40:51] Starting CPLEX solver on instance: /home/yorig/tuner/mpils-tests/instances/miplib/medium-1/b1c1s1.mps with config: /scratch/yorig/mpils-results-grid-seconds-5-no-mip-start/medium-1/24proc/seed-2/1_b1c1s1_seed-2_20260502_184024/iterated_local_search/run_1_worker_22/ils_config_9200432886463120955.prm
[INFO]:[18:40:56] CPLEX results. Gap: 50.770000, upper bound: 29007.190000, lower bound: 14279.596141
[INFO]:[18:40:56] CPLEX solver finished. Gap: 50.770000
[INFO]:[18:40:56] New incumbent found with objective value: 50.77
[INFO]:[18:40:56] Starting CPLEX solver on instance: /home/yorig/tuner/mpils-tests/instances/miplib/medium-1/b1c1s1.mps with config: /scratch/yorig/mpils-results-grid-seconds-5-no-mip-start/medium-1/24proc/seed-2/1_b1c1s1_seed-2_20260502_184024/iterated_local_search/run_1_worker_22/ils_config_6766753576281726334.prm
[INFO]:[18:40:56] Starting CPLEX solver on instance: /home/yorig/tuner/mpils-tests/instances/miplib/medium-1/b1c1s1.mps with config: /scratch/yorig/mpils-results-grid-seconds-5-no-mip-start/medium-1/24proc/seed-2/1_b1c1s1_seed-2_20260502_184024/iterated_local_search/run_1_worker_22/ils_config_6766753576281726334.prm
[INFO]:[18:41:01] CPLEX results. Gap: 50.890000, upper bound: 29073.750000, lower bound: 14278.959916
[INFO]:[18:41:01] CPLEX solver finished. Gap: 50.890000
[INFO]:[18:41:01] Starting CPLEX solver on instance: /home/yorig/tuner/mpils-tests/instances/miplib/medium-1/b1c1s1.mps with config: /scratch/yorig/mpils-results-grid-seconds-5-no-mip-start/medium-1/24proc/seed-2/1_b1c1s1_seed-2_20260502_184024/iterated_local_search/run_1_worker_22/ils_config_14466319446945701704.prm
[INFO]:[18:41:01] Starting CPLEX solver on instance: /home/yorig/tuner/mpils-tests/instances/miplib/medium-1/b1c1s1.mps with config: /scratch/yorig/mpils-results-grid-seconds-5-no-mip-start/medium-1/24proc/seed-2/1_b1c1s1_seed-2_20260502_184024/iterated_local_search/run_1_worker_22/ils_config_14466319446945701704.prm
[INFO]:[18:41:06] CPLEX results. Gap: 60.360000, upper bound: 29007.190000, lower bound: 11499.550424
[INFO]:[18:41:06] CPLEX solver finished. Gap: 60.360000
[INFO]:[18:41:06] Starting CPLEX solver on instance: /home/yorig/tuner/mpils-tests/instances/miplib/medium-1/b1c1s1.mps with config: /scratch/yorig/mpils-results-grid-seconds-5-no-mip-start/medium-1/24proc/seed-2/1_b1c1s1_seed-2_20260502_184024/iterated_local_search/run_1_worker_22/ils_config_17673947116642982082.prm
[INFO]:[18:41:06] Starting CPLEX solver on instance: /home/yorig/tuner/mpils-tests/instances/miplib/medium-1/b1c1s1.mps with config: /scratch/yorig/mpils-results-grid-seconds-5-no-mip-start/medium-1/24proc/seed-2/1_b1c1s1_seed-2_20260502_184024/iterated_local_search/run_1_worker_22/ils_config_17673947116642982082.prm
[INFO]:[18:41:11] CPLEX results. Gap: 50.770000, upper bound: 29007.190000, lower bound: 14279.596141
[INFO]:[18:41:11] CPLEX solver finished. Gap: 50.770000
[INFO]:[18:41:11] Starting CPLEX solver on instance: /home/yorig/tuner/mpils-tests/instances/miplib/medium-1/b1c1s1.mps with config: /scratch/yorig/mpils-results-grid-seconds-5-no-mip-start/medium-1/24proc/seed-2/1_b1c1s1_seed-2_20260502_184024/iterated_local_search/run_1_worker_22/ils_config_12304354784203174042.prm
[INFO]:[18:41:11] Starting CPLEX solver on instance: /home/yorig/tuner/mpils-tests/instances/miplib/medium-1/b1c1s1.mps with config: /scratch/yorig/mpils-results-grid-seconds-5-no-mip-start/medium-1/24proc/seed-2/1_b1c1s1_seed-2_20260502_184024/iterated_local_search/run_1_worker_22/ils_config_12304354784203174042.prm
[INFO]:[18:41:16] CPLEX results. Gap: 50.770000, upper bound: 29007.190000, lower bound: 14279.596141
[INFO]:[18:41:16] CPLEX solver finished. Gap: 50.770000
[INFO]:[18:41:16] Starting CPLEX solver on instance: /home/yorig/tuner/mpils-tests/instances/miplib/medium-1/b1c1s1.mps with config: /scratch/yorig/mpils-results-grid-seconds-5-no-mip-start/medium-1/24proc/seed-2/1_b1c1s1_seed-2_20260502_184024/iterated_local_search/run_1_worker_22/ils_config_9418962947377718138.prm
[INFO]:[18:41:16] Starting CPLEX solver on instance: /home/yorig/tuner/mpils-tests/instances/miplib/medium-1/b1c1s1.mps with config: /scratch/yorig/mpils-results-grid-seconds-5-no-mip-start/medium-1/24proc/seed-2/1_b1c1s1_seed-2_20260502_184024/iterated_local_search/run_1_worker_22/ils_config_9418962947377718138.prm
[INFO]:[18:41:21] CPLEX results. Gap: 50.890000, upper bound: 29073.750000, lower bound: 14276.674275
[INFO]:[18:41:21] CPLEX solver finished. Gap: 50.890000
[INFO]:[18:41:21] Starting CPLEX solver on instance: /home/yorig/tuner/mpils-tests/instances/miplib/medium-1/b1c1s1.mps with config: /scratch/yorig/mpils-results-grid-seconds-5-no-mip-start/medium-1/24proc/seed-2/1_b1c1s1_seed-2_20260502_184024/iterated_local_search/run_1_worker_22/ils_config_17455619675852007384.prm
[INFO]:[18:41:21] Starting CPLEX solver on instance: /home/yorig/tuner/mpils-tests/instances/miplib/medium-1/b1c1s1.mps with config: /scratch/yorig/mpils-results-grid-seconds-5-no-mip-start/medium-1/24proc/seed-2/1_b1c1s1_seed-2_20260502_184024/iterated_local_search/run_1_worker_22/ils_config_17455619675852007384.prm
[INFO]:[18:41:26] CPLEX results. Gap: 50.890000, upper bound: 29073.750000, lower bound: 14278.959916
[INFO]:[18:41:26] CPLEX solver finished. Gap: 50.890000
[INFO]:[18:41:26] Starting CPLEX solver on instance: /home/yorig/tuner/mpils-tests/instances/miplib/medium-1/b1c1s1.mps with config: /scratch/yorig/mpils-results-grid-seconds-5-no-mip-start/medium-1/24proc/seed-2/1_b1c1s1_seed-2_20260502_184024/iterated_local_search/run_1_worker_22/ils_config_1411301330879356408.prm
[INFO]:[18:41:26] Starting CPLEX solver on instance: /home/yorig/tuner/mpils-tests/instances/miplib/medium-1/b1c1s1.mps with config: /scratch/yorig/mpils-results-grid-seconds-5-no-mip-start/medium-1/24proc/seed-2/1_b1c1s1_seed-2_20260502_184024/iterated_local_search/run_1_worker_22/ils_config_1411301330879356408.prm
[INFO]:[18:41:31] CPLEX results. Gap: 50.690000, upper bound: 29007.190000, lower bound: 14303.417488
[INFO]:[18:41:31] CPLEX solver finished. Gap: 50.690000
[INFO]:[18:41:31] New incumbent found with objective value: 50.69
[INFO]:[18:41:31] Starting CPLEX solver on instance: /home/yorig/tuner/mpils-tests/instances/miplib/medium-1/b1c1s1.mps with config: /scratch/yorig/mpils-results-grid-seconds-5-no-mip-start/medium-1/24proc/seed-2/1_b1c1s1_seed-2_20260502_184024/iterated_local_search/run_1_worker_22/ils_config_6615463386120296478.prm
[INFO]:[18:41:31] Starting CPLEX solver on instance: /home/yorig/tuner/mpils-tests/instances/miplib/medium-1/b1c1s1.mps with config: /scratch/yorig/mpils-results-grid-seconds-5-no-mip-start/medium-1/24proc/seed-2/1_b1c1s1_seed-2_20260502_184024/iterated_local_search/run_1_worker_22/ils_config_6615463386120296478.prm
[INFO]:[18:41:36] CPLEX results. Gap: 50.810000, upper bound: 29073.750000, lower bound: 14302.457681
[INFO]:[18:41:36] CPLEX solver finished. Gap: 50.810000
[INFO]:[18:41:36] Starting CPLEX solver on instance: /home/yorig/tuner/mpils-tests/instances/miplib/medium-1/b1c1s1.mps with config: /scratch/yorig/mpils-results-grid-seconds-5-no-mip-start/medium-1/24proc/seed-2/1_b1c1s1_seed-2_20260502_184024/iterated_local_search/run_1_worker_22/ils_config_17929088277427983144.prm
[INFO]:[18:41:36] Starting CPLEX solver on instance: /home/yorig/tuner/mpils-tests/instances/miplib/medium-1/b1c1s1.mps with config: /scratch/yorig/mpils-results-grid-seconds-5-no-mip-start/medium-1/24proc/seed-2/1_b1c1s1_seed-2_20260502_184024/iterated_local_search/run_1_worker_22/ils_config_17929088277427983144.prm
[INFO]:[18:41:41] CPLEX results. Gap: 52.250000, upper bound: 29007.190000, lower bound: 13851.938461
[INFO]:[18:41:41] CPLEX solver finished. Gap: 52.250000
[INFO]:[18:41:41] Starting CPLEX solver on instance: /home/yorig/tuner/mpils-tests/instances/miplib/medium-1/b1c1s1.mps with config: /scratch/yorig/mpils-results-grid-seconds-5-no-mip-start/medium-1/24proc/seed-2/1_b1c1s1_seed-2_20260502_184024/iterated_local_search/run_1_worker_22/ils_config_9889181957304712581.prm
[INFO]:[18:41:41] Starting CPLEX solver on instance: /home/yorig/tuner/mpils-tests/instances/miplib/medium-1/b1c1s1.mps with config: /scratch/yorig/mpils-results-grid-seconds-5-no-mip-start/medium-1/24proc/seed-2/1_b1c1s1_seed-2_20260502_184024/iterated_local_search/run_1_worker_22/ils_config_9889181957304712581.prm
[INFO]:[18:41:46] CPLEX results. Gap: 50.690000, upper bound: 29007.190000, lower bound: 14303.417488
[INFO]:[18:41:46] CPLEX solver finished. Gap: 50.690000
[INFO]:[18:41:46] Starting CPLEX solver on instance: /home/yorig/tuner/mpils-tests/instances/miplib/medium-1/b1c1s1.mps with config: /scratch/yorig/mpils-results-grid-seconds-5-no-mip-start/medium-1/24proc/seed-2/1_b1c1s1_seed-2_20260502_184024/iterated_local_search/run_1_worker_22/ils_config_14235255275092889055.prm
[INFO]:[18:41:46] Starting CPLEX solver on instance: /home/yorig/tuner/mpils-tests/instances/miplib/medium-1/b1c1s1.mps with config: /scratch/yorig/mpils-results-grid-seconds-5-no-mip-start/medium-1/24proc/seed-2/1_b1c1s1_seed-2_20260502_184024/iterated_local_search/run_1_worker_22/ils_config_14235255275092889055.prm
[INFO]:[18:41:51] CPLEX results. Gap: 50.690000, upper bound: 29007.190000, lower bound: 14302.661415
[INFO]:[18:41:51] CPLEX solver finished. Gap: 50.690000
[INFO]:[18:41:51] Starting CPLEX solver on instance: /home/yorig/tuner/mpils-tests/instances/miplib/medium-1/b1c1s1.mps with config: /scratch/yorig/mpils-results-grid-seconds-5-no-mip-start/medium-1/24proc/seed-2/1_b1c1s1_seed-2_20260502_184024/iterated_local_search/run_1_worker_22/ils_config_6586983799555772675.prm
[INFO]:[18:41:51] Starting CPLEX solver on instance: /home/yorig/tuner/mpils-tests/instances/miplib/medium-1/b1c1s1.mps with config: /scratch/yorig/mpils-results-grid-seconds-5-no-mip-start/medium-1/24proc/seed-2/1_b1c1s1_seed-2_20260502_184024/iterated_local_search/run_1_worker_22/ils_config_6586983799555772675.prm
[INFO]:[18:41:56] CPLEX results. Gap: 50.800000, upper bound: 29073.750000, lower bound: 14305.208255
[INFO]:[18:41:56] CPLEX solver finished. Gap: 50.800000
[INFO]:[18:41:56] Starting CPLEX solver on instance: /home/yorig/tuner/mpils-tests/instances/miplib/medium-1/b1c1s1.mps with config: /scratch/yorig/mpils-results-grid-seconds-5-no-mip-start/medium-1/24proc/seed-2/1_b1c1s1_seed-2_20260502_184024/iterated_local_search/run_1_worker_22/ils_config_14008489932995368823.prm
[INFO]:[18:41:56] Starting CPLEX solver on instance: /home/yorig/tuner/mpils-tests/instances/miplib/medium-1/b1c1s1.mps with config: /scratch/yorig/mpils-results-grid-seconds-5-no-mip-start/medium-1/24proc/seed-2/1_b1c1s1_seed-2_20260502_184024/iterated_local_search/run_1_worker_22/ils_config_14008489932995368823.prm
[INFO]:[18:42:01] CPLEX results. Gap: 50.690000, upper bound: 29007.190000, lower bound: 14303.417488
[INFO]:[18:42:01] CPLEX solver finished. Gap: 50.690000
[INFO]:[18:42:01] Starting CPLEX solver on instance: /home/yorig/tuner/mpils-tests/instances/miplib/medium-1/b1c1s1.mps with config: /scratch/yorig/mpils-results-grid-seconds-5-no-mip-start/medium-1/24proc/seed-2/1_b1c1s1_seed-2_20260502_184024/iterated_local_search/run_1_worker_22/ils_config_11917516777485798698.prm
[INFO]:[18:42:01] Starting CPLEX solver on instance: /home/yorig/tuner/mpils-tests/instances/miplib/medium-1/b1c1s1.mps with config: /scratch/yorig/mpils-results-grid-seconds-5-no-mip-start/medium-1/24proc/seed-2/1_b1c1s1_seed-2_20260502_184024/iterated_local_search/run_1_worker_22/ils_config_11917516777485798698.prm
[INFO]:[18:42:06] CPLEX results. Gap: 50.690000, upper bound: 29007.190000, lower bound: 14303.417488
[INFO]:[18:42:06] CPLEX solver finished. Gap: 50.690000
[INFO]:[18:42:06] Local search phase completed.
[INFO]:[18:42:06] Total number of new local-search evaluations: 20
[INFO]:[18:42:06] Final incumbent objective value: 50.69
[INFO]:[18:42:06] Worker 22 completed exploration phase.
[INFO]:[18:42:06] Worker 22 received order for step 2.
[INFO]:[18:42:06] Worker 22 running expansion phase for iteration 1.
[INFO]:[18:42:06] Worker 22 will use solver log file: /scratch/yorig/mpils-results-grid-seconds-5-no-mip-start/medium-1/24proc/seed-2/1_b1c1s1_seed-2_20260502_184024/solver/cplex.log_iteration_expansion_1_worker_22
[INFO]:[18:42:06] Expansion Worker 22 starting expansion for iteration 1.
[INFO]:[18:42:06] Starting CPLEX solver on instance: /home/yorig/tuner/mpils-tests/instances/miplib/medium-1/b1c1s1.mps with config: /scratch/yorig/mpils-results-grid-seconds-5-no-mip-start/medium-1/24proc/seed-2/1_b1c1s1_seed-2_20260502_184024/expansion/config_param_CPXPARAM_MIP_Limits_CutsFactor_2_iter_1.prm
[INFO]:[18:42:11] CPLEX results. Gap: 16.590000, upper bound: 25110.500000, lower bound: 20945.171477
[INFO]:[18:42:11] CPLEX solver finished. Gap: 16.590000
[INFO]:[18:42:11] Starting CPLEX solver on instance: /home/yorig/tuner/mpils-tests/instances/miplib/medium-1/b1c1s1.mps with config: /scratch/yorig/mpils-results-grid-seconds-5-no-mip-start/medium-1/24proc/seed-2/1_b1c1s1_seed-2_20260502_184024/expansion/config_param_CPXPARAM_MIP_Limits_CutsFactor_4_iter_1.prm
[INFO]:[18:42:16] CPLEX results. Gap: 16.590000, upper bound: 25110.500000, lower bound: 20945.171477
[INFO]:[18:42:16] CPLEX solver finished. Gap: 16.590000
[INFO]:[18:42:21] Expansion Worker 22 stopping early after global MPI expansion stop was activated.
[INFO]:[18:42:21] Expansion Worker 22 completed expansion.
[INFO]:[18:42:21] Worker 22 completed expansion phase.
[INFO]:[18:42:22] Worker 22 received order for step 1.
[INFO]:[18:42:22] Worker 22 running exploration phase for iteration 2.
[INFO]:[18:42:22] Worker 22 at iteration 2 will not use a MIP start file. Current best MIP-start upper bound threshold is 1.79769e+308.
[INFO]:[18:42:22] Starting local search phase...
[INFO]:[18:42:22] Creating local search space from parameter space file: /scratch/yorig/mpils-results-grid-seconds-5-no-mip-start/medium-1/24proc/seed-2/1_b1c1s1_seed-2_20260502_184024/iterated_local_search/search_space/search_space_file_2_worker_22.txt
[INFO]:[18:42:22] Local search space loaded from file: /scratch/yorig/mpils-results-grid-seconds-5-no-mip-start/medium-1/24proc/seed-2/1_b1c1s1_seed-2_20260502_184024/iterated_local_search/search_space/search_space_file_2_worker_22.txt
[INFO]:[18:42:22] Number of parameters in local search space: 71
[INFO]:[18:42:22] Number of forbidden tuples in local search space: 27
[INFO]:[18:42:22] Number of conditionals in local search space: 6
[INFO]:[18:42:22] MIP start option not enabled. Local search will proceed without MIP start.
[INFO]:[18:42:22] Evaluating initial configuration for local search phase...
[INFO]:[18:42:22] Starting CPLEX solver on instance: /home/yorig/tuner/mpils-tests/instances/miplib/medium-1/b1c1s1.mps with config: /scratch/yorig/mpils-results-grid-seconds-5-no-mip-start/medium-1/24proc/seed-2/1_b1c1s1_seed-2_20260502_184024/iterated_local_search/run_2_worker_22/ils_config_18296297297007088986.prm
[INFO]:[18:42:22] Starting CPLEX solver on instance: /home/yorig/tuner/mpils-tests/instances/miplib/medium-1/b1c1s1.mps with config: /scratch/yorig/mpils-results-grid-seconds-5-no-mip-start/medium-1/24proc/seed-2/1_b1c1s1_seed-2_20260502_184024/iterated_local_search/run_2_worker_22/ils_config_18296297297007088986.prm
[INFO]:[18:42:27] CPLEX results. Gap: 54.140000, upper bound: 30226.380000, lower bound: 13860.732967
[INFO]:[18:42:27] CPLEX solver finished. Gap: 54.140000
[INFO]:[18:42:27] Initial configuration evaluated with objective value: 54.14
[INFO]:[18:42:27] Starting CPLEX solver on instance: /home/yorig/tuner/mpils-tests/instances/miplib/medium-1/b1c1s1.mps with config: /scratch/yorig/mpils-results-grid-seconds-5-no-mip-start/medium-1/24proc/seed-2/1_b1c1s1_seed-2_20260502_184024/iterated_local_search/run_2_worker_22/ils_config_7027146788208852162.prm
[INFO]:[18:42:27] Starting CPLEX solver on instance: /home/yorig/tuner/mpils-tests/instances/miplib/medium-1/b1c1s1.mps with config: /scratch/yorig/mpils-results-grid-seconds-5-no-mip-start/medium-1/24proc/seed-2/1_b1c1s1_seed-2_20260502_184024/iterated_local_search/run_2_worker_22/ils_config_7027146788208852162.prm
[INFO]:[18:42:32] CPLEX results. Gap: 56.330000, upper bound: 29714.900000, lower bound: 12976.669629
[INFO]:[18:42:32] CPLEX solver finished. Gap: 56.330000
[INFO]:[18:42:32] Starting CPLEX solver on instance: /home/yorig/tuner/mpils-tests/instances/miplib/medium-1/b1c1s1.mps with config: /scratch/yorig/mpils-results-grid-seconds-5-no-mip-start/medium-1/24proc/seed-2/1_b1c1s1_seed-2_20260502_184024/iterated_local_search/run_2_worker_22/ils_config_5410503398835341766.prm
[INFO]:[18:42:32] Starting CPLEX solver on instance: /home/yorig/tuner/mpils-tests/instances/miplib/medium-1/b1c1s1.mps with config: /scratch/yorig/mpils-results-grid-seconds-5-no-mip-start/medium-1/24proc/seed-2/1_b1c1s1_seed-2_20260502_184024/iterated_local_search/run_2_worker_22/ils_config_5410503398835341766.prm
[INFO]:[18:42:37] CPLEX results. Gap: 57.250000, upper bound: 27913.630000, lower bound: 11933.667937
[INFO]:[18:42:37] CPLEX solver finished. Gap: 57.250000
[INFO]:[18:42:37] Starting CPLEX solver on instance: /home/yorig/tuner/mpils-tests/instances/miplib/medium-1/b1c1s1.mps with config: /scratch/yorig/mpils-results-grid-seconds-5-no-mip-start/medium-1/24proc/seed-2/1_b1c1s1_seed-2_20260502_184024/iterated_local_search/run_2_worker_22/ils_config_7021190108626196985.prm
[INFO]:[18:42:37] Starting CPLEX solver on instance: /home/yorig/tuner/mpils-tests/instances/miplib/medium-1/b1c1s1.mps with config: /scratch/yorig/mpils-results-grid-seconds-5-no-mip-start/medium-1/24proc/seed-2/1_b1c1s1_seed-2_20260502_184024/iterated_local_search/run_2_worker_22/ils_config_7021190108626196985.prm
[INFO]:[18:42:42] CPLEX results. Gap: 53.350000, upper bound: 28404.150000, lower bound: 13251.209863
[INFO]:[18:42:42] CPLEX solver finished. Gap: 53.350000
[INFO]:[18:42:42] New incumbent found with objective value: 53.35
[INFO]:[18:42:42] Starting CPLEX solver on instance: /home/yorig/tuner/mpils-tests/instances/miplib/medium-1/b1c1s1.mps with config: /scratch/yorig/mpils-results-grid-seconds-5-no-mip-start/medium-1/24proc/seed-2/1_b1c1s1_seed-2_20260502_184024/iterated_local_search/run_2_worker_22/ils_config_5680487640945173970.prm
[INFO]:[18:42:42] Starting CPLEX solver on instance: /home/yorig/tuner/mpils-tests/instances/miplib/medium-1/b1c1s1.mps with config: /scratch/yorig/mpils-results-grid-seconds-5-no-mip-start/medium-1/24proc/seed-2/1_b1c1s1_seed-2_20260502_184024/iterated_local_search/run_2_worker_22/ils_config_5680487640945173970.prm
[INFO]:[18:42:47] CPLEX results. Gap: 53.350000, upper bound: 28404.150000, lower bound: 13251.209863
[INFO]:[18:42:47] CPLEX solver finished. Gap: 53.350000
[INFO]:[18:42:47] Starting CPLEX solver on instance: /home/yorig/tuner/mpils-tests/instances/miplib/medium-1/b1c1s1.mps with config: /scratch/yorig/mpils-results-grid-seconds-5-no-mip-start/medium-1/24proc/seed-2/1_b1c1s1_seed-2_20260502_184024/iterated_local_search/run_2_worker_22/ils_config_8903673034867515187.prm
[INFO]:[18:42:47] Starting CPLEX solver on instance: /home/yorig/tuner/mpils-tests/instances/miplib/medium-1/b1c1s1.mps with config: /scratch/yorig/mpils-results-grid-seconds-5-no-mip-start/medium-1/24proc/seed-2/1_b1c1s1_seed-2_20260502_184024/iterated_local_search/run_2_worker_22/ils_config_8903673034867515187.prm
[INFO]:[18:42:52] CPLEX results. Gap: 53.740000, upper bound: 27580.240000, lower bound: 12759.995585
[INFO]:[18:42:52] CPLEX solver finished. Gap: 53.740000
[INFO]:[18:42:52] Starting CPLEX solver on instance: /home/yorig/tuner/mpils-tests/instances/miplib/medium-1/b1c1s1.mps with config: /scratch/yorig/mpils-results-grid-seconds-5-no-mip-start/medium-1/24proc/seed-2/1_b1c1s1_seed-2_20260502_184024/iterated_local_search/run_2_worker_22/ils_config_18185384088013964740.prm
[INFO]:[18:42:52] Starting CPLEX solver on instance: /home/yorig/tuner/mpils-tests/instances/miplib/medium-1/b1c1s1.mps with config: /scratch/yorig/mpils-results-grid-seconds-5-no-mip-start/medium-1/24proc/seed-2/1_b1c1s1_seed-2_20260502_184024/iterated_local_search/run_2_worker_22/ils_config_18185384088013964740.prm
[INFO]:[18:42:57] CPLEX results. Gap: 55.360000, upper bound: 26815.350000, lower bound: 11971.690987
[INFO]:[18:42:57] CPLEX solver finished. Gap: 55.360000
[INFO]:[18:42:57] Starting CPLEX solver on instance: /home/yorig/tuner/mpils-tests/instances/miplib/medium-1/b1c1s1.mps with config: /scratch/yorig/mpils-results-grid-seconds-5-no-mip-start/medium-1/24proc/seed-2/1_b1c1s1_seed-2_20260502_184024/iterated_local_search/run_2_worker_22/ils_config_14181896806109888635.prm
[INFO]:[18:42:57] Starting CPLEX solver on instance: /home/yorig/tuner/mpils-tests/instances/miplib/medium-1/b1c1s1.mps with config: /scratch/yorig/mpils-results-grid-seconds-5-no-mip-start/medium-1/24proc/seed-2/1_b1c1s1_seed-2_20260502_184024/iterated_local_search/run_2_worker_22/ils_config_14181896806109888635.prm
[INFO]:[18:43:02] CPLEX results. Gap: 53.350000, upper bound: 28404.150000, lower bound: 13251.209863
[INFO]:[18:43:02] CPLEX solver finished. Gap: 53.350000
[INFO]:[18:43:02] Starting CPLEX solver on instance: /home/yorig/tuner/mpils-tests/instances/miplib/medium-1/b1c1s1.mps with config: /scratch/yorig/mpils-results-grid-seconds-5-no-mip-start/medium-1/24proc/seed-2/1_b1c1s1_seed-2_20260502_184024/iterated_local_search/run_2_worker_22/ils_config_11456408373883311333.prm
[INFO]:[18:43:02] Starting CPLEX solver on instance: /home/yorig/tuner/mpils-tests/instances/miplib/medium-1/b1c1s1.mps with config: /scratch/yorig/mpils-results-grid-seconds-5-no-mip-start/medium-1/24proc/seed-2/1_b1c1s1_seed-2_20260502_184024/iterated_local_search/run_2_worker_22/ils_config_11456408373883311333.prm
[INFO]:[18:43:07] CPLEX results. Gap: 53.350000, upper bound: 28404.150000, lower bound: 13251.209863
[INFO]:[18:43:07] CPLEX solver finished. Gap: 53.350000
[INFO]:[18:43:07] Local search phase completed.
[INFO]:[18:43:07] Total number of new local-search evaluations: 9
[INFO]:[18:43:07] Final incumbent objective value: 53.35
[INFO]:[18:43:07] Worker 22 completed exploration phase.
[INFO]:[18:43:07] Worker 22 received order for step 2.
[INFO]:[18:43:07] Worker 22 running expansion phase for iteration 2.
[INFO]:[18:43:07] Worker 22 will use solver log file: /scratch/yorig/mpils-results-grid-seconds-5-no-mip-start/medium-1/24proc/seed-2/1_b1c1s1_seed-2_20260502_184024/solver/cplex.log_iteration_expansion_2_worker_22
[INFO]:[18:43:07] Expansion Worker 22 starting expansion for iteration 2.
[INFO]:[18:43:07] Starting CPLEX solver on instance: /home/yorig/tuner/mpils-tests/instances/miplib/medium-1/b1c1s1.mps with config: /scratch/yorig/mpils-results-grid-seconds-5-no-mip-start/medium-1/24proc/seed-2/1_b1c1s1_seed-2_20260502_184024/expansion/config_param_CPXPARAM_Simplex_DGradient_4_iter_2.prm
[INFO]:[18:43:12] CPLEX results. Gap: 26.610000, upper bound: 28207.050000, lower bound: 20701.796039
[INFO]:[18:43:12] CPLEX solver finished. Gap: 26.610000
[INFO]:[18:43:17] Expansion Worker 22 completed expansion.
[INFO]:[18:43:17] Worker 22 completed expansion phase.
[INFO]:[18:43:17] Worker 22 received order for step 1.
[INFO]:[18:43:17] Worker 22 running exploration phase for iteration 3.
[INFO]:[18:43:17] Worker 22 at iteration 3 will not use a MIP start file. Current best MIP-start upper bound threshold is 1.79769e+308.
[INFO]:[18:43:17] Starting local search phase...
[INFO]:[18:43:17] Creating local search space from parameter space file: /scratch/yorig/mpils-results-grid-seconds-5-no-mip-start/medium-1/24proc/seed-2/1_b1c1s1_seed-2_20260502_184024/iterated_local_search/search_space/search_space_file_3_worker_22.txt
[INFO]:[18:43:17] Local search space loaded from file: /scratch/yorig/mpils-results-grid-seconds-5-no-mip-start/medium-1/24proc/seed-2/1_b1c1s1_seed-2_20260502_184024/iterated_local_search/search_space/search_space_file_3_worker_22.txt
[INFO]:[18:43:17] Number of parameters in local search space: 71
[INFO]:[18:43:17] Number of forbidden tuples in local search space: 29
[INFO]:[18:43:17] Number of conditionals in local search space: 6
[INFO]:[18:43:17] MIP start option not enabled. Local search will proceed without MIP start.
[INFO]:[18:43:17] Evaluating initial configuration for local search phase...
[INFO]:[18:43:17] Starting CPLEX solver on instance: /home/yorig/tuner/mpils-tests/instances/miplib/medium-1/b1c1s1.mps with config: /scratch/yorig/mpils-results-grid-seconds-5-no-mip-start/medium-1/24proc/seed-2/1_b1c1s1_seed-2_20260502_184024/iterated_local_search/run_3_worker_22/ils_config_10399957233480172407.prm
[INFO]:[18:43:17] Starting CPLEX solver on instance: /home/yorig/tuner/mpils-tests/instances/miplib/medium-1/b1c1s1.mps with config: /scratch/yorig/mpils-results-grid-seconds-5-no-mip-start/medium-1/24proc/seed-2/1_b1c1s1_seed-2_20260502_184024/iterated_local_search/run_3_worker_22/ils_config_10399957233480172407.prm
[INFO]:[18:43:22] CPLEX results. Gap: 27.670000, upper bound: 27504.300000, lower bound: 19892.919742
[INFO]:[18:43:22] CPLEX solver finished. Gap: 27.670000
[INFO]:[18:43:22] Initial configuration evaluated with objective value: 27.67
[INFO]:[18:43:22] Starting CPLEX solver on instance: /home/yorig/tuner/mpils-tests/instances/miplib/medium-1/b1c1s1.mps with config: /scratch/yorig/mpils-results-grid-seconds-5-no-mip-start/medium-1/24proc/seed-2/1_b1c1s1_seed-2_20260502_184024/iterated_local_search/run_3_worker_22/ils_config_1175347562110643322.prm
[INFO]:[18:43:22] Starting CPLEX solver on instance: /home/yorig/tuner/mpils-tests/instances/miplib/medium-1/b1c1s1.mps with config: /scratch/yorig/mpils-results-grid-seconds-5-no-mip-start/medium-1/24proc/seed-2/1_b1c1s1_seed-2_20260502_184024/iterated_local_search/run_3_worker_22/ils_config_1175347562110643322.prm
[INFO]:[18:43:28] CPLEX results. Gap: 27.670000, upper bound: 27504.300000, lower bound: 19892.919742
[INFO]:[18:43:28] CPLEX solver finished. Gap: 27.670000
[INFO]:[18:43:28] Starting CPLEX solver on instance: /home/yorig/tuner/mpils-tests/instances/miplib/medium-1/b1c1s1.mps with config: /scratch/yorig/mpils-results-grid-seconds-5-no-mip-start/medium-1/24proc/seed-2/1_b1c1s1_seed-2_20260502_184024/iterated_local_search/run_3_worker_22/ils_config_429025758809904186.prm
[INFO]:[18:43:28] Starting CPLEX solver on instance: /home/yorig/tuner/mpils-tests/instances/miplib/medium-1/b1c1s1.mps with config: /scratch/yorig/mpils-results-grid-seconds-5-no-mip-start/medium-1/24proc/seed-2/1_b1c1s1_seed-2_20260502_184024/iterated_local_search/run_3_worker_22/ils_config_429025758809904186.prm
[INFO]:[18:43:33] CPLEX results. Gap: 33.810000, upper bound: 25769.720000, lower bound: 17056.645173
[INFO]:[18:43:33] CPLEX solver finished. Gap: 33.810000
[INFO]:[18:43:33] Starting CPLEX solver on instance: /home/yorig/tuner/mpils-tests/instances/miplib/medium-1/b1c1s1.mps with config: /scratch/yorig/mpils-results-grid-seconds-5-no-mip-start/medium-1/24proc/seed-2/1_b1c1s1_seed-2_20260502_184024/iterated_local_search/run_3_worker_22/ils_config_3431240654732218531.prm
[INFO]:[18:43:33] Starting CPLEX solver on instance: /home/yorig/tuner/mpils-tests/instances/miplib/medium-1/b1c1s1.mps with config: /scratch/yorig/mpils-results-grid-seconds-5-no-mip-start/medium-1/24proc/seed-2/1_b1c1s1_seed-2_20260502_184024/iterated_local_search/run_3_worker_22/ils_config_3431240654732218531.prm
[INFO]:[18:43:38] CPLEX results. Gap: 27.840000, upper bound: 27504.300000, lower bound: 19845.899145
[INFO]:[18:43:38] CPLEX solver finished. Gap: 27.840000
[INFO]:[18:43:38] Starting CPLEX solver on instance: /home/yorig/tuner/mpils-tests/instances/miplib/medium-1/b1c1s1.mps with config: /scratch/yorig/mpils-results-grid-seconds-5-no-mip-start/medium-1/24proc/seed-2/1_b1c1s1_seed-2_20260502_184024/iterated_local_search/run_3_worker_22/ils_config_16068502858851653683.prm
[INFO]:[18:43:38] Starting CPLEX solver on instance: /home/yorig/tuner/mpils-tests/instances/miplib/medium-1/b1c1s1.mps with config: /scratch/yorig/mpils-results-grid-seconds-5-no-mip-start/medium-1/24proc/seed-2/1_b1c1s1_seed-2_20260502_184024/iterated_local_search/run_3_worker_22/ils_config_16068502858851653683.prm
[INFO]:[18:43:43] CPLEX results. Gap: 27.840000, upper bound: 27504.300000, lower bound: 19845.899145
[INFO]:[18:43:43] CPLEX solver finished. Gap: 27.840000
[INFO]:[18:43:43] Local search phase completed.
[INFO]:[18:43:43] Total number of new local-search evaluations: 5
[INFO]:[18:43:43] Final incumbent objective value: 27.67
[INFO]:[18:43:43] Worker 22 completed exploration phase.
[INFO]:[18:43:43] Worker 22 received order for step 2.
[INFO]:[18:43:43] Worker 22 running expansion phase for iteration 3.
[INFO]:[18:43:43] Worker 22 will use solver log file: /scratch/yorig/mpils-results-grid-seconds-5-no-mip-start/medium-1/24proc/seed-2/1_b1c1s1_seed-2_20260502_184024/solver/cplex.log_iteration_expansion_3_worker_22
[INFO]:[18:43:43] Expansion Worker 22 starting expansion for iteration 3.
[INFO]:[18:43:43] Starting CPLEX solver on instance: /home/yorig/tuner/mpils-tests/instances/miplib/medium-1/b1c1s1.mps with config: /scratch/yorig/mpils-results-grid-seconds-5-no-mip-start/medium-1/24proc/seed-2/1_b1c1s1_seed-2_20260502_184024/expansion/config_param_CPXPARAM_Simplex_Crash_-1_iter_3.prm
[INFO]:[18:43:48] CPLEX results. Gap: 16.590000, upper bound: 25110.500000, lower bound: 20945.171477
[INFO]:[18:43:48] CPLEX solver finished. Gap: 16.590000
[INFO]:[18:43:53] Expansion Worker 22 completed expansion.
[INFO]:[18:43:53] Worker 22 completed expansion phase.
[INFO]:[18:43:53] Worker 22 received order for step 1.
[INFO]:[18:43:53] Worker 22 running exploration phase for iteration 4.
[INFO]:[18:43:53] Worker 22 at iteration 4 will not use a MIP start file. Current best MIP-start upper bound threshold is 1.79769e+308.
[INFO]:[18:43:53] Starting local search phase...
[INFO]:[18:43:53] Creating local search space from parameter space file: /scratch/yorig/mpils-results-grid-seconds-5-no-mip-start/medium-1/24proc/seed-2/1_b1c1s1_seed-2_20260502_184024/iterated_local_search/search_space/search_space_file_4_worker_22.txt
[INFO]:[18:43:53] Local search space loaded from file: /scratch/yorig/mpils-results-grid-seconds-5-no-mip-start/medium-1/24proc/seed-2/1_b1c1s1_seed-2_20260502_184024/iterated_local_search/search_space/search_space_file_4_worker_22.txt
[INFO]:[18:43:53] Number of parameters in local search space: 71
[INFO]:[18:43:53] Number of forbidden tuples in local search space: 29
[INFO]:[18:43:53] Number of conditionals in local search space: 6
[INFO]:[18:43:53] MIP start option not enabled. Local search will proceed without MIP start.
[INFO]:[18:43:53] Evaluating initial configuration for local search phase...
[INFO]:[18:43:53] Starting CPLEX solver on instance: /home/yorig/tuner/mpils-tests/instances/miplib/medium-1/b1c1s1.mps with config: /scratch/yorig/mpils-results-grid-seconds-5-no-mip-start/medium-1/24proc/seed-2/1_b1c1s1_seed-2_20260502_184024/iterated_local_search/run_4_worker_22/ils_config_14010607880506370457.prm
[INFO]:[18:43:53] Starting CPLEX solver on instance: /home/yorig/tuner/mpils-tests/instances/miplib/medium-1/b1c1s1.mps with config: /scratch/yorig/mpils-results-grid-seconds-5-no-mip-start/medium-1/24proc/seed-2/1_b1c1s1_seed-2_20260502_184024/iterated_local_search/run_4_worker_22/ils_config_14010607880506370457.prm
[INFO]:[18:43:58] CPLEX results. Gap: 56.110000, upper bound: 46960.330000, lower bound: 20613.227822
[INFO]:[18:43:58] CPLEX solver finished. Gap: 56.110000
[INFO]:[18:43:58] Initial configuration evaluated with objective value: 56.11
[INFO]:[18:43:58] Starting CPLEX solver on instance: /home/yorig/tuner/mpils-tests/instances/miplib/medium-1/b1c1s1.mps with config: /scratch/yorig/mpils-results-grid-seconds-5-no-mip-start/medium-1/24proc/seed-2/1_b1c1s1_seed-2_20260502_184024/iterated_local_search/run_4_worker_22/ils_config_4085533525383382355.prm
[INFO]:[18:43:58] Starting CPLEX solver on instance: /home/yorig/tuner/mpils-tests/instances/miplib/medium-1/b1c1s1.mps with config: /scratch/yorig/mpils-results-grid-seconds-5-no-mip-start/medium-1/24proc/seed-2/1_b1c1s1_seed-2_20260502_184024/iterated_local_search/run_4_worker_22/ils_config_4085533525383382355.prm
[INFO]:[18:44:03] CPLEX results. Gap: 55.980000, upper bound: 46960.330000, lower bound: 20671.507027
[INFO]:[18:44:03] CPLEX solver finished. Gap: 55.980000
[INFO]:[18:44:03] New incumbent found with objective value: 55.98
[INFO]:[18:44:03] Starting CPLEX solver on instance: /home/yorig/tuner/mpils-tests/instances/miplib/medium-1/b1c1s1.mps with config: /scratch/yorig/mpils-results-grid-seconds-5-no-mip-start/medium-1/24proc/seed-2/1_b1c1s1_seed-2_20260502_184024/iterated_local_search/run_4_worker_22/ils_config_3981537233428146759.prm
[INFO]:[18:44:03] Starting CPLEX solver on instance: /home/yorig/tuner/mpils-tests/instances/miplib/medium-1/b1c1s1.mps with config: /scratch/yorig/mpils-results-grid-seconds-5-no-mip-start/medium-1/24proc/seed-2/1_b1c1s1_seed-2_20260502_184024/iterated_local_search/run_4_worker_22/ils_config_3981537233428146759.prm
[INFO]:[18:44:08] CPLEX results. Gap: 24.850000, upper bound: 27558.160000, lower bound: 20711.022477
[INFO]:[18:44:08] CPLEX solver finished. Gap: 24.850000
[INFO]:[18:44:08] New incumbent found with objective value: 24.85
[INFO]:[18:44:08] Starting CPLEX solver on instance: /home/yorig/tuner/mpils-tests/instances/miplib/medium-1/b1c1s1.mps with config: /scratch/yorig/mpils-results-grid-seconds-5-no-mip-start/medium-1/24proc/seed-2/1_b1c1s1_seed-2_20260502_184024/iterated_local_search/run_4_worker_22/ils_config_9768671784598350907.prm
[INFO]:[18:44:08] Starting CPLEX solver on instance: /home/yorig/tuner/mpils-tests/instances/miplib/medium-1/b1c1s1.mps with config: /scratch/yorig/mpils-results-grid-seconds-5-no-mip-start/medium-1/24proc/seed-2/1_b1c1s1_seed-2_20260502_184024/iterated_local_search/run_4_worker_22/ils_config_9768671784598350907.prm
[INFO]:[18:44:13] CPLEX results. Gap: 24.850000, upper bound: 27558.160000, lower bound: 20711.022477
[INFO]:[18:44:13] CPLEX solver finished. Gap: 24.850000
[INFO]:[18:44:13] Starting CPLEX solver on instance: /home/yorig/tuner/mpils-tests/instances/miplib/medium-1/b1c1s1.mps with config: /scratch/yorig/mpils-results-grid-seconds-5-no-mip-start/medium-1/24proc/seed-2/1_b1c1s1_seed-2_20260502_184024/iterated_local_search/run_4_worker_22/ils_config_17438758389637794513.prm
[INFO]:[18:44:13] Starting CPLEX solver on instance: /home/yorig/tuner/mpils-tests/instances/miplib/medium-1/b1c1s1.mps with config: /scratch/yorig/mpils-results-grid-seconds-5-no-mip-start/medium-1/24proc/seed-2/1_b1c1s1_seed-2_20260502_184024/iterated_local_search/run_4_worker_22/ils_config_17438758389637794513.prm
[INFO]:[18:44:18] CPLEX results. Gap: 19.410000, upper bound: 25000.610000, lower bound: 20148.621243
[INFO]:[18:44:18] CPLEX solver finished. Gap: 19.410000
[INFO]:[18:44:18] New incumbent found with objective value: 19.41
[INFO]:[18:44:18] Starting CPLEX solver on instance: /home/yorig/tuner/mpils-tests/instances/miplib/medium-1/b1c1s1.mps with config: /scratch/yorig/mpils-results-grid-seconds-5-no-mip-start/medium-1/24proc/seed-2/1_b1c1s1_seed-2_20260502_184024/iterated_local_search/run_4_worker_22/ils_config_2915959031491888693.prm
[INFO]:[18:44:18] Starting CPLEX solver on instance: /home/yorig/tuner/mpils-tests/instances/miplib/medium-1/b1c1s1.mps with config: /scratch/yorig/mpils-results-grid-seconds-5-no-mip-start/medium-1/24proc/seed-2/1_b1c1s1_seed-2_20260502_184024/iterated_local_search/run_4_worker_22/ils_config_2915959031491888693.prm
[INFO]:[18:44:23] CPLEX results. Gap: 26.800000, upper bound: 27578.100000, lower bound: 20187.885043
[INFO]:[18:44:23] CPLEX solver finished. Gap: 26.800000
[INFO]:[18:44:23] Starting CPLEX solver on instance: /home/yorig/tuner/mpils-tests/instances/miplib/medium-1/b1c1s1.mps with config: /scratch/yorig/mpils-results-grid-seconds-5-no-mip-start/medium-1/24proc/seed-2/1_b1c1s1_seed-2_20260502_184024/iterated_local_search/run_4_worker_22/ils_config_14884497778745063938.prm
[INFO]:[18:44:23] Starting CPLEX solver on instance: /home/yorig/tuner/mpils-tests/instances/miplib/medium-1/b1c1s1.mps with config: /scratch/yorig/mpils-results-grid-seconds-5-no-mip-start/medium-1/24proc/seed-2/1_b1c1s1_seed-2_20260502_184024/iterated_local_search/run_4_worker_22/ils_config_14884497778745063938.prm
[INFO]:[18:44:28] CPLEX results. Gap: 20.220000, upper bound: 24949.310000, lower bound: 19905.753311
[INFO]:[18:44:28] CPLEX solver finished. Gap: 20.220000
[INFO]:[18:44:28] Starting CPLEX solver on instance: /home/yorig/tuner/mpils-tests/instances/miplib/medium-1/b1c1s1.mps with config: /scratch/yorig/mpils-results-grid-seconds-5-no-mip-start/medium-1/24proc/seed-2/1_b1c1s1_seed-2_20260502_184024/iterated_local_search/run_4_worker_22/ils_config_15453458325845378964.prm
[INFO]:[18:44:28] Starting CPLEX solver on instance: /home/yorig/tuner/mpils-tests/instances/miplib/medium-1/b1c1s1.mps with config: /scratch/yorig/mpils-results-grid-seconds-5-no-mip-start/medium-1/24proc/seed-2/1_b1c1s1_seed-2_20260502_184024/iterated_local_search/run_4_worker_22/ils_config_15453458325845378964.prm
[INFO]:[18:44:33] CPLEX results. Gap: 19.230000, upper bound: 25000.610000, lower bound: 20194.036804
[INFO]:[18:44:33] CPLEX solver finished. Gap: 19.230000
[INFO]:[18:44:33] New incumbent found with objective value: 19.23
[INFO]:[18:44:33] Starting CPLEX solver on instance: /home/yorig/tuner/mpils-tests/instances/miplib/medium-1/b1c1s1.mps with config: /scratch/yorig/mpils-results-grid-seconds-5-no-mip-start/medium-1/24proc/seed-2/1_b1c1s1_seed-2_20260502_184024/iterated_local_search/run_4_worker_22/ils_config_8316868641713904464.prm
[INFO]:[18:44:33] Starting CPLEX solver on instance: /home/yorig/tuner/mpils-tests/instances/miplib/medium-1/b1c1s1.mps with config: /scratch/yorig/mpils-results-grid-seconds-5-no-mip-start/medium-1/24proc/seed-2/1_b1c1s1_seed-2_20260502_184024/iterated_local_search/run_4_worker_22/ils_config_8316868641713904464.prm
[INFO]:[18:44:38] CPLEX results. Gap: 20.670000, upper bound: 26094.120000, lower bound: 20699.419974
[INFO]:[18:44:38] CPLEX solver finished. Gap: 20.670000
[INFO]:[18:44:38] Starting CPLEX solver on instance: /home/yorig/tuner/mpils-tests/instances/miplib/medium-1/b1c1s1.mps with config: /scratch/yorig/mpils-results-grid-seconds-5-no-mip-start/medium-1/24proc/seed-2/1_b1c1s1_seed-2_20260502_184024/iterated_local_search/run_4_worker_22/ils_config_12620067110080255168.prm
[INFO]:[18:44:38] Starting CPLEX solver on instance: /home/yorig/tuner/mpils-tests/instances/miplib/medium-1/b1c1s1.mps with config: /scratch/yorig/mpils-results-grid-seconds-5-no-mip-start/medium-1/24proc/seed-2/1_b1c1s1_seed-2_20260502_184024/iterated_local_search/run_4_worker_22/ils_config_12620067110080255168.prm
[INFO]:[18:44:43] CPLEX results. Gap: 19.410000, upper bound: 25000.610000, lower bound: 20148.621243
[INFO]:[18:44:43] CPLEX solver finished. Gap: 19.410000
[INFO]:[18:44:43] Starting CPLEX solver on instance: /home/yorig/tuner/mpils-tests/instances/miplib/medium-1/b1c1s1.mps with config: /scratch/yorig/mpils-results-grid-seconds-5-no-mip-start/medium-1/24proc/seed-2/1_b1c1s1_seed-2_20260502_184024/iterated_local_search/run_4_worker_22/ils_config_7699245481086161821.prm
[INFO]:[18:44:43] Starting CPLEX solver on instance: /home/yorig/tuner/mpils-tests/instances/miplib/medium-1/b1c1s1.mps with config: /scratch/yorig/mpils-results-grid-seconds-5-no-mip-start/medium-1/24proc/seed-2/1_b1c1s1_seed-2_20260502_184024/iterated_local_search/run_4_worker_22/ils_config_7699245481086161821.prm
[INFO]:[18:44:48] CPLEX results. Gap: 69.860000, upper bound: 66365.630000, lower bound: 20002.445594
[INFO]:[18:44:48] CPLEX solver finished. Gap: 69.860000
[INFO]:[18:44:48] Starting CPLEX solver on instance: /home/yorig/tuner/mpils-tests/instances/miplib/medium-1/b1c1s1.mps with config: /scratch/yorig/mpils-results-grid-seconds-5-no-mip-start/medium-1/24proc/seed-2/1_b1c1s1_seed-2_20260502_184024/iterated_local_search/run_4_worker_22/ils_config_325178578426649950.prm
[INFO]:[18:44:48] Starting CPLEX solver on instance: /home/yorig/tuner/mpils-tests/instances/miplib/medium-1/b1c1s1.mps with config: /scratch/yorig/mpils-results-grid-seconds-5-no-mip-start/medium-1/24proc/seed-2/1_b1c1s1_seed-2_20260502_184024/iterated_local_search/run_4_worker_22/ils_config_325178578426649950.prm
[INFO]:[18:44:53] CPLEX results. Gap: 19.610000, upper bound: 25000.610000, lower bound: 20098.017093
[INFO]:[18:44:53] CPLEX solver finished. Gap: 19.610000
[INFO]:[18:44:53] Starting CPLEX solver on instance: /home/yorig/tuner/mpils-tests/instances/miplib/medium-1/b1c1s1.mps with config: /scratch/yorig/mpils-results-grid-seconds-5-no-mip-start/medium-1/24proc/seed-2/1_b1c1s1_seed-2_20260502_184024/iterated_local_search/run_4_worker_22/ils_config_15607263834766055388.prm
[INFO]:[18:44:53] Starting CPLEX solver on instance: /home/yorig/tuner/mpils-tests/instances/miplib/medium-1/b1c1s1.mps with config: /scratch/yorig/mpils-results-grid-seconds-5-no-mip-start/medium-1/24proc/seed-2/1_b1c1s1_seed-2_20260502_184024/iterated_local_search/run_4_worker_22/ils_config_15607263834766055388.prm
[INFO]:[18:44:58] CPLEX results. Gap: 18.650000, upper bound: 25146.900000, lower bound: 20457.620631
[INFO]:[18:44:58] CPLEX solver finished. Gap: 18.650000
[INFO]:[18:44:58] New incumbent found with objective value: 18.65
[INFO]:[18:44:59] Starting CPLEX solver on instance: /home/yorig/tuner/mpils-tests/instances/miplib/medium-1/b1c1s1.mps with config: /scratch/yorig/mpils-results-grid-seconds-5-no-mip-start/medium-1/24proc/seed-2/1_b1c1s1_seed-2_20260502_184024/iterated_local_search/run_4_worker_22/ils_config_18038642152229019302.prm
[INFO]:[18:44:59] Starting CPLEX solver on instance: /home/yorig/tuner/mpils-tests/instances/miplib/medium-1/b1c1s1.mps with config: /scratch/yorig/mpils-results-grid-seconds-5-no-mip-start/medium-1/24proc/seed-2/1_b1c1s1_seed-2_20260502_184024/iterated_local_search/run_4_worker_22/ils_config_18038642152229019302.prm
[INFO]:[18:45:04] CPLEX results. Gap: 18.650000, upper bound: 25146.900000, lower bound: 20457.620631
[INFO]:[18:45:04] CPLEX solver finished. Gap: 18.650000
[INFO]:[18:45:04] Starting CPLEX solver on instance: /home/yorig/tuner/mpils-tests/instances/miplib/medium-1/b1c1s1.mps with config: /scratch/yorig/mpils-results-grid-seconds-5-no-mip-start/medium-1/24proc/seed-2/1_b1c1s1_seed-2_20260502_184024/iterated_local_search/run_4_worker_22/ils_config_16651888950716115399.prm
[INFO]:[18:45:04] Starting CPLEX solver on instance: /home/yorig/tuner/mpils-tests/instances/miplib/medium-1/b1c1s1.mps with config: /scratch/yorig/mpils-results-grid-seconds-5-no-mip-start/medium-1/24proc/seed-2/1_b1c1s1_seed-2_20260502_184024/iterated_local_search/run_4_worker_22/ils_config_16651888950716115399.prm
[INFO]:[18:45:09] CPLEX results. Gap: 26.020000, upper bound: 26850.750000, lower bound: 19863.307956
[INFO]:[18:45:09] CPLEX solver finished. Gap: 26.020000
[INFO]:[18:45:09] Starting CPLEX solver on instance: /home/yorig/tuner/mpils-tests/instances/miplib/medium-1/b1c1s1.mps with config: /scratch/yorig/mpils-results-grid-seconds-5-no-mip-start/medium-1/24proc/seed-2/1_b1c1s1_seed-2_20260502_184024/iterated_local_search/run_4_worker_22/ils_config_4031085194461530081.prm
[INFO]:[18:45:09] Starting CPLEX solver on instance: /home/yorig/tuner/mpils-tests/instances/miplib/medium-1/b1c1s1.mps with config: /scratch/yorig/mpils-results-grid-seconds-5-no-mip-start/medium-1/24proc/seed-2/1_b1c1s1_seed-2_20260502_184024/iterated_local_search/run_4_worker_22/ils_config_4031085194461530081.prm
[INFO]:[18:45:14] CPLEX results. Gap: 18.870000, upper bound: 25000.610000, lower bound: 20284.106625
[INFO]:[18:45:14] CPLEX solver finished. Gap: 18.870000
[INFO]:[18:45:14] Starting CPLEX solver on instance: /home/yorig/tuner/mpils-tests/instances/miplib/medium-1/b1c1s1.mps with config: /scratch/yorig/mpils-results-grid-seconds-5-no-mip-start/medium-1/24proc/seed-2/1_b1c1s1_seed-2_20260502_184024/iterated_local_search/run_4_worker_22/ils_config_17054174186317625302.prm
[INFO]:[18:45:14] Starting CPLEX solver on instance: /home/yorig/tuner/mpils-tests/instances/miplib/medium-1/b1c1s1.mps with config: /scratch/yorig/mpils-results-grid-seconds-5-no-mip-start/medium-1/24proc/seed-2/1_b1c1s1_seed-2_20260502_184024/iterated_local_search/run_4_worker_22/ils_config_17054174186317625302.prm
[INFO]:[18:45:19] CPLEX results. Gap: 27.010000, upper bound: 27880.310000, lower bound: 20349.350237
[INFO]:[18:45:19] CPLEX solver finished. Gap: 27.010000
[INFO]:[18:45:19] Starting CPLEX solver on instance: /home/yorig/tuner/mpils-tests/instances/miplib/medium-1/b1c1s1.mps with config: /scratch/yorig/mpils-results-grid-seconds-5-no-mip-start/medium-1/24proc/seed-2/1_b1c1s1_seed-2_20260502_184024/iterated_local_search/run_4_worker_22/ils_config_8496375728747555034.prm
[INFO]:[18:45:19] Starting CPLEX solver on instance: /home/yorig/tuner/mpils-tests/instances/miplib/medium-1/b1c1s1.mps with config: /scratch/yorig/mpils-results-grid-seconds-5-no-mip-start/medium-1/24proc/seed-2/1_b1c1s1_seed-2_20260502_184024/iterated_local_search/run_4_worker_22/ils_config_8496375728747555034.prm
[INFO]:[18:45:24] CPLEX results. Gap: 27.350000, upper bound: 27578.100000, lower bound: 20034.469536
[INFO]:[18:45:24] CPLEX solver finished. Gap: 27.350000
[INFO]:[18:45:24] Starting CPLEX solver on instance: /home/yorig/tuner/mpils-tests/instances/miplib/medium-1/b1c1s1.mps with config: /scratch/yorig/mpils-results-grid-seconds-5-no-mip-start/medium-1/24proc/seed-2/1_b1c1s1_seed-2_20260502_184024/iterated_local_search/run_4_worker_22/ils_config_11887836325653218680.prm
[INFO]:[18:45:24] Starting CPLEX solver on instance: /home/yorig/tuner/mpils-tests/instances/miplib/medium-1/b1c1s1.mps with config: /scratch/yorig/mpils-results-grid-seconds-5-no-mip-start/medium-1/24proc/seed-2/1_b1c1s1_seed-2_20260502_184024/iterated_local_search/run_4_worker_22/ils_config_11887836325653218680.prm
[INFO]:[18:45:29] CPLEX results. Gap: 18.650000, upper bound: 25146.900000, lower bound: 20457.620631
[INFO]:[18:45:29] CPLEX solver finished. Gap: 18.650000
[INFO]:[18:45:29] Starting CPLEX solver on instance: /home/yorig/tuner/mpils-tests/instances/miplib/medium-1/b1c1s1.mps with config: /scratch/yorig/mpils-results-grid-seconds-5-no-mip-start/medium-1/24proc/seed-2/1_b1c1s1_seed-2_20260502_184024/iterated_local_search/run_4_worker_22/ils_config_7477834489092990818.prm
[INFO]:[18:45:29] Starting CPLEX solver on instance: /home/yorig/tuner/mpils-tests/instances/miplib/medium-1/b1c1s1.mps with config: /scratch/yorig/mpils-results-grid-seconds-5-no-mip-start/medium-1/24proc/seed-2/1_b1c1s1_seed-2_20260502_184024/iterated_local_search/run_4_worker_22/ils_config_7477834489092990818.prm
[INFO]:[18:45:34] CPLEX results. Gap: 56.700000, upper bound: 46960.330000, lower bound: 20334.940728
[INFO]:[18:45:34] CPLEX solver finished. Gap: 56.700000
[INFO]:[18:45:34] Starting CPLEX solver on instance: /home/yorig/tuner/mpils-tests/instances/miplib/medium-1/b1c1s1.mps with config: /scratch/yorig/mpils-results-grid-seconds-5-no-mip-start/medium-1/24proc/seed-2/1_b1c1s1_seed-2_20260502_184024/iterated_local_search/run_4_worker_22/ils_config_4707130685003502148.prm
[INFO]:[18:45:34] Starting CPLEX solver on instance: /home/yorig/tuner/mpils-tests/instances/miplib/medium-1/b1c1s1.mps with config: /scratch/yorig/mpils-results-grid-seconds-5-no-mip-start/medium-1/24proc/seed-2/1_b1c1s1_seed-2_20260502_184024/iterated_local_search/run_4_worker_22/ils_config_4707130685003502148.prm
[INFO]:[18:45:39] CPLEX results. Gap: 20.700000, upper bound: 25654.400000, lower bound: 20344.918032
[INFO]:[18:45:39] CPLEX solver finished. Gap: 20.700000
[INFO]:[18:45:39] Local search phase completed.
[INFO]:[18:45:39] Total number of new local-search evaluations: 21
[INFO]:[18:45:39] Final incumbent objective value: 18.65
[INFO]:[18:45:39] Worker 22 completed exploration phase.
[INFO]:[18:45:39] Worker 22 received order for step 2.
[INFO]:[18:45:39] Worker 22 running expansion phase for iteration 4.
[INFO]:[18:45:39] Worker 22 will use solver log file: /scratch/yorig/mpils-results-grid-seconds-5-no-mip-start/medium-1/24proc/seed-2/1_b1c1s1_seed-2_20260502_184024/solver/cplex.log_iteration_expansion_4_worker_22
[INFO]:[18:45:39] Expansion Worker 22 starting expansion for iteration 4.
[INFO]:[18:45:39] Starting CPLEX solver on instance: /home/yorig/tuner/mpils-tests/instances/miplib/medium-1/b1c1s1.mps with config: /scratch/yorig/mpils-results-grid-seconds-5-no-mip-start/medium-1/24proc/seed-2/1_b1c1s1_seed-2_20260502_184024/expansion/config_param_CPXPARAM_Preprocessing_Relax_0_iter_4.prm
[INFO]:[18:45:44] CPLEX results. Gap: 19.250000, upper bound: 25806.210000, lower bound: 20839.549076
[INFO]:[18:45:44] CPLEX solver finished. Gap: 19.250000
[INFO]:[18:45:49] Expansion Worker 22 completed expansion.
[INFO]:[18:45:49] Worker 22 completed expansion phase.
[INFO]:[18:45:50] Worker 22 received order for step 1.
[INFO]:[18:45:50] Worker 22 running exploration phase for iteration 5.
[INFO]:[18:45:50] Worker 22 at iteration 5 will not use a MIP start file. Current best MIP-start upper bound threshold is 1.79769e+308.
[INFO]:[18:45:50] Starting local search phase...
[INFO]:[18:45:50] Creating local search space from parameter space file: /scratch/yorig/mpils-results-grid-seconds-5-no-mip-start/medium-1/24proc/seed-2/1_b1c1s1_seed-2_20260502_184024/iterated_local_search/search_space/search_space_file_5_worker_22.txt
[INFO]:[18:45:50] Local search space loaded from file: /scratch/yorig/mpils-results-grid-seconds-5-no-mip-start/medium-1/24proc/seed-2/1_b1c1s1_seed-2_20260502_184024/iterated_local_search/search_space/search_space_file_5_worker_22.txt
[INFO]:[18:45:50] Number of parameters in local search space: 71
[INFO]:[18:45:50] Number of forbidden tuples in local search space: 29
[INFO]:[18:45:50] Number of conditionals in local search space: 6
[INFO]:[18:45:50] MIP start option not enabled. Local search will proceed without MIP start.
[INFO]:[18:45:50] Evaluating initial configuration for local search phase...
[INFO]:[18:45:50] Starting CPLEX solver on instance: /home/yorig/tuner/mpils-tests/instances/miplib/medium-1/b1c1s1.mps with config: /scratch/yorig/mpils-results-grid-seconds-5-no-mip-start/medium-1/24proc/seed-2/1_b1c1s1_seed-2_20260502_184024/iterated_local_search/run_5_worker_22/ils_config_3000183891228957975.prm
[INFO]:[18:45:50] Starting CPLEX solver on instance: /home/yorig/tuner/mpils-tests/instances/miplib/medium-1/b1c1s1.mps with config: /scratch/yorig/mpils-results-grid-seconds-5-no-mip-start/medium-1/24proc/seed-2/1_b1c1s1_seed-2_20260502_184024/iterated_local_search/run_5_worker_22/ils_config_3000183891228957975.prm
[INFO]:[18:45:55] CPLEX results. Gap: 77.180000, upper bound: 69966.450000, lower bound: 15965.067981
[INFO]:[18:45:55] CPLEX solver finished. Gap: 77.180000
[INFO]:[18:45:55] Initial configuration evaluated with objective value: 77.18
[INFO]:[18:45:55] Starting CPLEX solver on instance: /home/yorig/tuner/mpils-tests/instances/miplib/medium-1/b1c1s1.mps with config: /scratch/yorig/mpils-results-grid-seconds-5-no-mip-start/medium-1/24proc/seed-2/1_b1c1s1_seed-2_20260502_184024/iterated_local_search/run_5_worker_22/ils_config_12769908959995129192.prm
[INFO]:[18:45:55] Starting CPLEX solver on instance: /home/yorig/tuner/mpils-tests/instances/miplib/medium-1/b1c1s1.mps with config: /scratch/yorig/mpils-results-grid-seconds-5-no-mip-start/medium-1/24proc/seed-2/1_b1c1s1_seed-2_20260502_184024/iterated_local_search/run_5_worker_22/ils_config_12769908959995129192.prm
[INFO]:[18:46:00] CPLEX results. Gap: 80.450000, upper bound: 66399.000000, lower bound: 12981.291301
[INFO]:[18:46:00] CPLEX solver finished. Gap: 80.450000
[INFO]:[18:46:00] Starting CPLEX solver on instance: /home/yorig/tuner/mpils-tests/instances/miplib/medium-1/b1c1s1.mps with config: /scratch/yorig/mpils-results-grid-seconds-5-no-mip-start/medium-1/24proc/seed-2/1_b1c1s1_seed-2_20260502_184024/iterated_local_search/run_5_worker_22/ils_config_11276307685307269889.prm
[INFO]:[18:46:00] Starting CPLEX solver on instance: /home/yorig/tuner/mpils-tests/instances/miplib/medium-1/b1c1s1.mps with config: /scratch/yorig/mpils-results-grid-seconds-5-no-mip-start/medium-1/24proc/seed-2/1_b1c1s1_seed-2_20260502_184024/iterated_local_search/run_5_worker_22/ils_config_11276307685307269889.prm
[INFO]:[18:46:05] CPLEX results. Gap: 77.180000, upper bound: 69966.450000, lower bound: 15965.067981
[INFO]:[18:46:05] CPLEX solver finished. Gap: 77.180000
[INFO]:[18:46:05] Starting CPLEX solver on instance: /home/yorig/tuner/mpils-tests/instances/miplib/medium-1/b1c1s1.mps with config: /scratch/yorig/mpils-results-grid-seconds-5-no-mip-start/medium-1/24proc/seed-2/1_b1c1s1_seed-2_20260502_184024/iterated_local_search/run_5_worker_22/ils_config_6751262355886227445.prm
[INFO]:[18:46:05] Starting CPLEX solver on instance: /home/yorig/tuner/mpils-tests/instances/miplib/medium-1/b1c1s1.mps with config: /scratch/yorig/mpils-results-grid-seconds-5-no-mip-start/medium-1/24proc/seed-2/1_b1c1s1_seed-2_20260502_184024/iterated_local_search/run_5_worker_22/ils_config_6751262355886227445.prm
[INFO]:[18:46:10] CPLEX results. Gap: 77.180000, upper bound: 69966.450000, lower bound: 15965.067981
[INFO]:[18:46:10] CPLEX solver finished. Gap: 77.180000
[INFO]:[18:46:10] Starting CPLEX solver on instance: /home/yorig/tuner/mpils-tests/instances/miplib/medium-1/b1c1s1.mps with config: /scratch/yorig/mpils-results-grid-seconds-5-no-mip-start/medium-1/24proc/seed-2/1_b1c1s1_seed-2_20260502_184024/iterated_local_search/run_5_worker_22/ils_config_11482604804448771371.prm
[INFO]:[18:46:10] Starting CPLEX solver on instance: /home/yorig/tuner/mpils-tests/instances/miplib/medium-1/b1c1s1.mps with config: /scratch/yorig/mpils-results-grid-seconds-5-no-mip-start/medium-1/24proc/seed-2/1_b1c1s1_seed-2_20260502_184024/iterated_local_search/run_5_worker_22/ils_config_11482604804448771371.prm
[INFO]:[18:46:15] CPLEX results. Gap: 77.180000, upper bound: 69966.450000, lower bound: 15965.067981
[INFO]:[18:46:15] CPLEX solver finished. Gap: 77.180000
[INFO]:[18:46:15] Starting CPLEX solver on instance: /home/yorig/tuner/mpils-tests/instances/miplib/medium-1/b1c1s1.mps with config: /scratch/yorig/mpils-results-grid-seconds-5-no-mip-start/medium-1/24proc/seed-2/1_b1c1s1_seed-2_20260502_184024/iterated_local_search/run_5_worker_22/ils_config_6581972592694927797.prm
[INFO]:[18:46:15] Starting CPLEX solver on instance: /home/yorig/tuner/mpils-tests/instances/miplib/medium-1/b1c1s1.mps with config: /scratch/yorig/mpils-results-grid-seconds-5-no-mip-start/medium-1/24proc/seed-2/1_b1c1s1_seed-2_20260502_184024/iterated_local_search/run_5_worker_22/ils_config_6581972592694927797.prm
[INFO]:[18:46:20] CPLEX results. Gap: 74.060000, upper bound: 65788.180000, lower bound: 17062.545403
[INFO]:[18:46:20] CPLEX solver finished. Gap: 74.060000
[INFO]:[18:46:20] New incumbent found with objective value: 74.06
[INFO]:[18:46:20] Starting CPLEX solver on instance: /home/yorig/tuner/mpils-tests/instances/miplib/medium-1/b1c1s1.mps with config: /scratch/yorig/mpils-results-grid-seconds-5-no-mip-start/medium-1/24proc/seed-2/1_b1c1s1_seed-2_20260502_184024/iterated_local_search/run_5_worker_22/ils_config_13792975802846739060.prm
[INFO]:[18:46:20] Starting CPLEX solver on instance: /home/yorig/tuner/mpils-tests/instances/miplib/medium-1/b1c1s1.mps with config: /scratch/yorig/mpils-results-grid-seconds-5-no-mip-start/medium-1/24proc/seed-2/1_b1c1s1_seed-2_20260502_184024/iterated_local_search/run_5_worker_22/ils_config_13792975802846739060.prm
[INFO]:[18:46:25] CPLEX results. Gap: 74.060000, upper bound: 65788.180000, lower bound: 17062.545403
[INFO]:[18:46:25] CPLEX solver finished. Gap: 74.060000
[INFO]:[18:46:25] Starting CPLEX solver on instance: /home/yorig/tuner/mpils-tests/instances/miplib/medium-1/b1c1s1.mps with config: /scratch/yorig/mpils-results-grid-seconds-5-no-mip-start/medium-1/24proc/seed-2/1_b1c1s1_seed-2_20260502_184024/iterated_local_search/run_5_worker_22/ils_config_13685844103423674240.prm
[INFO]:[18:46:25] Starting CPLEX solver on instance: /home/yorig/tuner/mpils-tests/instances/miplib/medium-1/b1c1s1.mps with config: /scratch/yorig/mpils-results-grid-seconds-5-no-mip-start/medium-1/24proc/seed-2/1_b1c1s1_seed-2_20260502_184024/iterated_local_search/run_5_worker_22/ils_config_13685844103423674240.prm
[INFO]:[18:46:30] CPLEX results. Gap: 74.060000, upper bound: 65788.180000, lower bound: 17062.545403
[INFO]:[18:46:30] CPLEX solver finished. Gap: 74.060000
[INFO]:[18:46:30] Starting CPLEX solver on instance: /home/yorig/tuner/mpils-tests/instances/miplib/medium-1/b1c1s1.mps with config: /scratch/yorig/mpils-results-grid-seconds-5-no-mip-start/medium-1/24proc/seed-2/1_b1c1s1_seed-2_20260502_184024/iterated_local_search/run_5_worker_22/ils_config_5550895817899793885.prm
[INFO]:[18:46:30] Starting CPLEX solver on instance: /home/yorig/tuner/mpils-tests/instances/miplib/medium-1/b1c1s1.mps with config: /scratch/yorig/mpils-results-grid-seconds-5-no-mip-start/medium-1/24proc/seed-2/1_b1c1s1_seed-2_20260502_184024/iterated_local_search/run_5_worker_22/ils_config_5550895817899793885.prm
[INFO]:[18:46:35] CPLEX results. Gap: 74.060000, upper bound: 65788.180000, lower bound: 17062.545403
[INFO]:[18:46:35] CPLEX solver finished. Gap: 74.060000
[INFO]:[18:46:35] Starting CPLEX solver on instance: /home/yorig/tuner/mpils-tests/instances/miplib/medium-1/b1c1s1.mps with config: /scratch/yorig/mpils-results-grid-seconds-5-no-mip-start/medium-1/24proc/seed-2/1_b1c1s1_seed-2_20260502_184024/iterated_local_search/run_5_worker_22/ils_config_8074872390713861147.prm
[INFO]:[18:46:35] Starting CPLEX solver on instance: /home/yorig/tuner/mpils-tests/instances/miplib/medium-1/b1c1s1.mps with config: /scratch/yorig/mpils-results-grid-seconds-5-no-mip-start/medium-1/24proc/seed-2/1_b1c1s1_seed-2_20260502_184024/iterated_local_search/run_5_worker_22/ils_config_8074872390713861147.prm
[INFO]:[18:46:40] CPLEX results. Gap: 74.060000, upper bound: 65788.180000, lower bound: 17062.545403
[INFO]:[18:46:40] CPLEX solver finished. Gap: 74.060000
[INFO]:[18:46:40] Starting CPLEX solver on instance: /home/yorig/tuner/mpils-tests/instances/miplib/medium-1/b1c1s1.mps with config: /scratch/yorig/mpils-results-grid-seconds-5-no-mip-start/medium-1/24proc/seed-2/1_b1c1s1_seed-2_20260502_184024/iterated_local_search/run_5_worker_22/ils_config_3153960409979181858.prm
[INFO]:[18:46:40] Starting CPLEX solver on instance: /home/yorig/tuner/mpils-tests/instances/miplib/medium-1/b1c1s1.mps with config: /scratch/yorig/mpils-results-grid-seconds-5-no-mip-start/medium-1/24proc/seed-2/1_b1c1s1_seed-2_20260502_184024/iterated_local_search/run_5_worker_22/ils_config_3153960409979181858.prm
[INFO]:[18:46:45] CPLEX results. Gap: 74.060000, upper bound: 65788.180000, lower bound: 17062.545403
[INFO]:[18:46:45] CPLEX solver finished. Gap: 74.060000
[INFO]:[18:46:45] Starting CPLEX solver on instance: /home/yorig/tuner/mpils-tests/instances/miplib/medium-1/b1c1s1.mps with config: /scratch/yorig/mpils-results-grid-seconds-5-no-mip-start/medium-1/24proc/seed-2/1_b1c1s1_seed-2_20260502_184024/iterated_local_search/run_5_worker_22/ils_config_185704862767772701.prm
[INFO]:[18:46:45] Starting CPLEX solver on instance: /home/yorig/tuner/mpils-tests/instances/miplib/medium-1/b1c1s1.mps with config: /scratch/yorig/mpils-results-grid-seconds-5-no-mip-start/medium-1/24proc/seed-2/1_b1c1s1_seed-2_20260502_184024/iterated_local_search/run_5_worker_22/ils_config_185704862767772701.prm
[INFO]:[18:46:50] CPLEX results. Gap: 70.660000, upper bound: 65788.180000, lower bound: 19303.143892
[INFO]:[18:46:50] CPLEX solver finished. Gap: 70.660000
[INFO]:[18:46:50] New incumbent found with objective value: 70.66
[INFO]:[18:46:50] Starting CPLEX solver on instance: /home/yorig/tuner/mpils-tests/instances/miplib/medium-1/b1c1s1.mps with config: /scratch/yorig/mpils-results-grid-seconds-5-no-mip-start/medium-1/24proc/seed-2/1_b1c1s1_seed-2_20260502_184024/iterated_local_search/run_5_worker_22/ils_config_9759357471785526222.prm
[INFO]:[18:46:50] Starting CPLEX solver on instance: /home/yorig/tuner/mpils-tests/instances/miplib/medium-1/b1c1s1.mps with config: /scratch/yorig/mpils-results-grid-seconds-5-no-mip-start/medium-1/24proc/seed-2/1_b1c1s1_seed-2_20260502_184024/iterated_local_search/run_5_worker_22/ils_config_9759357471785526222.prm
[INFO]:[18:46:55] CPLEX results. Gap: 70.660000, upper bound: 65788.180000, lower bound: 19303.143892
[INFO]:[18:46:55] CPLEX solver finished. Gap: 70.660000
[INFO]:[18:46:55] Starting CPLEX solver on instance: /home/yorig/tuner/mpils-tests/instances/miplib/medium-1/b1c1s1.mps with config: /scratch/yorig/mpils-results-grid-seconds-5-no-mip-start/medium-1/24proc/seed-2/1_b1c1s1_seed-2_20260502_184024/iterated_local_search/run_5_worker_22/ils_config_10651960860397698891.prm
[INFO]:[18:46:55] Starting CPLEX solver on instance: /home/yorig/tuner/mpils-tests/instances/miplib/medium-1/b1c1s1.mps with config: /scratch/yorig/mpils-results-grid-seconds-5-no-mip-start/medium-1/24proc/seed-2/1_b1c1s1_seed-2_20260502_184024/iterated_local_search/run_5_worker_22/ils_config_10651960860397698891.prm
[INFO]:[18:47:00] CPLEX results. Gap: 64.350000, upper bound: 53742.880000, lower bound: 19161.775729
[INFO]:[18:47:00] CPLEX solver finished. Gap: 64.350000
[INFO]:[18:47:00] New incumbent found with objective value: 64.35
[INFO]:[18:47:00] Starting CPLEX solver on instance: /home/yorig/tuner/mpils-tests/instances/miplib/medium-1/b1c1s1.mps with config: /scratch/yorig/mpils-results-grid-seconds-5-no-mip-start/medium-1/24proc/seed-2/1_b1c1s1_seed-2_20260502_184024/iterated_local_search/run_5_worker_22/ils_config_4862764985520574341.prm
[INFO]:[18:47:00] Starting CPLEX solver on instance: /home/yorig/tuner/mpils-tests/instances/miplib/medium-1/b1c1s1.mps with config: /scratch/yorig/mpils-results-grid-seconds-5-no-mip-start/medium-1/24proc/seed-2/1_b1c1s1_seed-2_20260502_184024/iterated_local_search/run_5_worker_22/ils_config_4862764985520574341.prm
[INFO]:[18:47:05] CPLEX results. Gap: 64.350000, upper bound: 53742.880000, lower bound: 19161.775729
[INFO]:[18:47:05] CPLEX solver finished. Gap: 64.350000
[INFO]:[18:47:05] Starting CPLEX solver on instance: /home/yorig/tuner/mpils-tests/instances/miplib/medium-1/b1c1s1.mps with config: /scratch/yorig/mpils-results-grid-seconds-5-no-mip-start/medium-1/24proc/seed-2/1_b1c1s1_seed-2_20260502_184024/iterated_local_search/run_5_worker_22/ils_config_2809669792110416642.prm
[INFO]:[18:47:05] Starting CPLEX solver on instance: /home/yorig/tuner/mpils-tests/instances/miplib/medium-1/b1c1s1.mps with config: /scratch/yorig/mpils-results-grid-seconds-5-no-mip-start/medium-1/24proc/seed-2/1_b1c1s1_seed-2_20260502_184024/iterated_local_search/run_5_worker_22/ils_config_2809669792110416642.prm
[INFO]:[18:47:10] CPLEX results. Gap: 64.350000, upper bound: 53742.880000, lower bound: 19161.775729
[INFO]:[18:47:10] CPLEX solver finished. Gap: 64.350000
[INFO]:[18:47:10] Starting CPLEX solver on instance: /home/yorig/tuner/mpils-tests/instances/miplib/medium-1/b1c1s1.mps with config: /scratch/yorig/mpils-results-grid-seconds-5-no-mip-start/medium-1/24proc/seed-2/1_b1c1s1_seed-2_20260502_184024/iterated_local_search/run_5_worker_22/ils_config_7557868986175582605.prm
[INFO]:[18:47:10] Starting CPLEX solver on instance: /home/yorig/tuner/mpils-tests/instances/miplib/medium-1/b1c1s1.mps with config: /scratch/yorig/mpils-results-grid-seconds-5-no-mip-start/medium-1/24proc/seed-2/1_b1c1s1_seed-2_20260502_184024/iterated_local_search/run_5_worker_22/ils_config_7557868986175582605.prm
[INFO]:[18:47:15] CPLEX results. Gap: 57.170000, upper bound: 44246.190000, lower bound: 18949.086861
[INFO]:[18:47:15] CPLEX solver finished. Gap: 57.170000
[INFO]:[18:47:15] New incumbent found with objective value: 57.17
[INFO]:[18:47:16] Starting CPLEX solver on instance: /home/yorig/tuner/mpils-tests/instances/miplib/medium-1/b1c1s1.mps with config: /scratch/yorig/mpils-results-grid-seconds-5-no-mip-start/medium-1/24proc/seed-2/1_b1c1s1_seed-2_20260502_184024/iterated_local_search/run_5_worker_22/ils_config_17574491326445776210.prm
[INFO]:[18:47:16] Starting CPLEX solver on instance: /home/yorig/tuner/mpils-tests/instances/miplib/medium-1/b1c1s1.mps with config: /scratch/yorig/mpils-results-grid-seconds-5-no-mip-start/medium-1/24proc/seed-2/1_b1c1s1_seed-2_20260502_184024/iterated_local_search/run_5_worker_22/ils_config_17574491326445776210.prm
[INFO]:[18:47:21] CPLEX results. Gap: 64.820000, upper bound: 53742.880000, lower bound: 18907.925281
[INFO]:[18:47:21] CPLEX solver finished. Gap: 64.820000
[INFO]:[18:47:21] Local search phase completed.
[INFO]:[18:47:21] Total number of new local-search evaluations: 18
[INFO]:[18:47:21] Final incumbent objective value: 57.17
[INFO]:[18:47:21] Worker 22 completed exploration phase.
[INFO]:[18:47:21] Worker 22 received order for step 2.
[INFO]:[18:47:21] Worker 22 running expansion phase for iteration 5.
[INFO]:[18:47:21] Worker 22 will use solver log file: /scratch/yorig/mpils-results-grid-seconds-5-no-mip-start/medium-1/24proc/seed-2/1_b1c1s1_seed-2_20260502_184024/solver/cplex.log_iteration_expansion_5_worker_22
[INFO]:[18:47:21] Expansion Worker 22 starting expansion for iteration 5.
[INFO]:[18:47:21] Starting CPLEX solver on instance: /home/yorig/tuner/mpils-tests/instances/miplib/medium-1/b1c1s1.mps with config: /scratch/yorig/mpils-results-grid-seconds-5-no-mip-start/medium-1/24proc/seed-2/1_b1c1s1_seed-2_20260502_184024/expansion/config_param_CPXPARAM_Preprocessing_QPMakePSD_0_iter_5.prm
[INFO]:[18:47:26] CPLEX results. Gap: 16.500000, upper bound: 24839.820000, lower bound: 20742.396636
[INFO]:[18:47:26] CPLEX solver finished. Gap: 16.500000
[INFO]:[18:47:31] Expansion Worker 22 completed expansion.
[INFO]:[18:47:31] Worker 22 completed expansion phase.
[INFO]:[18:47:32] Worker 22 received order for step 1.
[INFO]:[18:47:32] Worker 22 running exploration phase for iteration 6.
[INFO]:[18:47:32] Worker 22 at iteration 6 will not use a MIP start file. Current best MIP-start upper bound threshold is 1.79769e+308.
[INFO]:[18:47:32] Starting local search phase...
[INFO]:[18:47:32] Creating local search space from parameter space file: /scratch/yorig/mpils-results-grid-seconds-5-no-mip-start/medium-1/24proc/seed-2/1_b1c1s1_seed-2_20260502_184024/iterated_local_search/search_space/search_space_file_6_worker_22.txt
[INFO]:[18:47:32] Local search space loaded from file: /scratch/yorig/mpils-results-grid-seconds-5-no-mip-start/medium-1/24proc/seed-2/1_b1c1s1_seed-2_20260502_184024/iterated_local_search/search_space/search_space_file_6_worker_22.txt
[INFO]:[18:47:32] Number of parameters in local search space: 71
[INFO]:[18:47:32] Number of forbidden tuples in local search space: 29
[INFO]:[18:47:32] Number of conditionals in local search space: 6
[INFO]:[18:47:32] MIP start option not enabled. Local search will proceed without MIP start.
[INFO]:[18:47:32] Evaluating initial configuration for local search phase...
[INFO]:[18:47:32] Starting CPLEX solver on instance: /home/yorig/tuner/mpils-tests/instances/miplib/medium-1/b1c1s1.mps with config: /scratch/yorig/mpils-results-grid-seconds-5-no-mip-start/medium-1/24proc/seed-2/1_b1c1s1_seed-2_20260502_184024/iterated_local_search/run_6_worker_22/ils_config_6256740416418732261.prm
[INFO]:[18:47:32] Starting CPLEX solver on instance: /home/yorig/tuner/mpils-tests/instances/miplib/medium-1/b1c1s1.mps with config: /scratch/yorig/mpils-results-grid-seconds-5-no-mip-start/medium-1/24proc/seed-2/1_b1c1s1_seed-2_20260502_184024/iterated_local_search/run_6_worker_22/ils_config_6256740416418732261.prm
[INFO]:[18:47:37] CPLEX results. Gap: 82.580000, upper bound: 65883.660000, lower bound: 11479.402050
[INFO]:[18:47:37] CPLEX solver finished. Gap: 82.580000
[INFO]:[18:47:37] Initial configuration evaluated with objective value: 82.58
[INFO]:[18:47:37] Starting CPLEX solver on instance: /home/yorig/tuner/mpils-tests/instances/miplib/medium-1/b1c1s1.mps with config: /scratch/yorig/mpils-results-grid-seconds-5-no-mip-start/medium-1/24proc/seed-2/1_b1c1s1_seed-2_20260502_184024/iterated_local_search/run_6_worker_22/ils_config_17859530178976781027.prm
[INFO]:[18:47:37] Starting CPLEX solver on instance: /home/yorig/tuner/mpils-tests/instances/miplib/medium-1/b1c1s1.mps with config: /scratch/yorig/mpils-results-grid-seconds-5-no-mip-start/medium-1/24proc/seed-2/1_b1c1s1_seed-2_20260502_184024/iterated_local_search/run_6_worker_22/ils_config_17859530178976781027.prm
[INFO]:[18:47:42] CPLEX results. Gap: 82.580000, upper bound: 65883.660000, lower bound: 11479.402050
[INFO]:[18:47:42] CPLEX solver finished. Gap: 82.580000
[INFO]:[18:47:42] Starting CPLEX solver on instance: /home/yorig/tuner/mpils-tests/instances/miplib/medium-1/b1c1s1.mps with config: /scratch/yorig/mpils-results-grid-seconds-5-no-mip-start/medium-1/24proc/seed-2/1_b1c1s1_seed-2_20260502_184024/iterated_local_search/run_6_worker_22/ils_config_9073711752795911232.prm
[INFO]:[18:47:42] Starting CPLEX solver on instance: /home/yorig/tuner/mpils-tests/instances/miplib/medium-1/b1c1s1.mps with config: /scratch/yorig/mpils-results-grid-seconds-5-no-mip-start/medium-1/24proc/seed-2/1_b1c1s1_seed-2_20260502_184024/iterated_local_search/run_6_worker_22/ils_config_9073711752795911232.prm
[INFO]:[18:47:47] CPLEX results. Gap: 82.850000, upper bound: 65847.160000, lower bound: 11292.693238
[INFO]:[18:47:47] CPLEX solver finished. Gap: 82.850000
[INFO]:[18:47:47] Starting CPLEX solver on instance: /home/yorig/tuner/mpils-tests/instances/miplib/medium-1/b1c1s1.mps with config: /scratch/yorig/mpils-results-grid-seconds-5-no-mip-start/medium-1/24proc/seed-2/1_b1c1s1_seed-2_20260502_184024/iterated_local_search/run_6_worker_22/ils_config_7397636234036021891.prm
[INFO]:[18:47:47] Starting CPLEX solver on instance: /home/yorig/tuner/mpils-tests/instances/miplib/medium-1/b1c1s1.mps with config: /scratch/yorig/mpils-results-grid-seconds-5-no-mip-start/medium-1/24proc/seed-2/1_b1c1s1_seed-2_20260502_184024/iterated_local_search/run_6_worker_22/ils_config_7397636234036021891.prm
[INFO]:[18:47:52] CPLEX results. Gap: 82.010000, upper bound: 65883.660000, lower bound: 11855.760998
[INFO]:[18:47:52] CPLEX solver finished. Gap: 82.010000
[INFO]:[18:47:52] New incumbent found with objective value: 82.01
[INFO]:[18:47:52] Starting CPLEX solver on instance: /home/yorig/tuner/mpils-tests/instances/miplib/medium-1/b1c1s1.mps with config: /scratch/yorig/mpils-results-grid-seconds-5-no-mip-start/medium-1/24proc/seed-2/1_b1c1s1_seed-2_20260502_184024/iterated_local_search/run_6_worker_22/ils_config_11164683608306604454.prm
[INFO]:[18:47:52] Starting CPLEX solver on instance: /home/yorig/tuner/mpils-tests/instances/miplib/medium-1/b1c1s1.mps with config: /scratch/yorig/mpils-results-grid-seconds-5-no-mip-start/medium-1/24proc/seed-2/1_b1c1s1_seed-2_20260502_184024/iterated_local_search/run_6_worker_22/ils_config_11164683608306604454.prm
[INFO]:[18:47:57] CPLEX results. Gap: 82.500000, upper bound: 63293.430000, lower bound: 11075.030428
[INFO]:[18:47:57] CPLEX solver finished. Gap: 82.500000
[INFO]:[18:47:57] Starting CPLEX solver on instance: /home/yorig/tuner/mpils-tests/instances/miplib/medium-1/b1c1s1.mps with config: /scratch/yorig/mpils-results-grid-seconds-5-no-mip-start/medium-1/24proc/seed-2/1_b1c1s1_seed-2_20260502_184024/iterated_local_search/run_6_worker_22/ils_config_12493757633729557529.prm
[INFO]:[18:47:57] Starting CPLEX solver on instance: /home/yorig/tuner/mpils-tests/instances/miplib/medium-1/b1c1s1.mps with config: /scratch/yorig/mpils-results-grid-seconds-5-no-mip-start/medium-1/24proc/seed-2/1_b1c1s1_seed-2_20260502_184024/iterated_local_search/run_6_worker_22/ils_config_12493757633729557529.prm
[INFO]:[18:48:02] CPLEX results. Gap: 82.010000, upper bound: 65883.660000, lower bound: 11855.760998
[INFO]:[18:48:02] CPLEX solver finished. Gap: 82.010000
[INFO]:[18:48:02] Starting CPLEX solver on instance: /home/yorig/tuner/mpils-tests/instances/miplib/medium-1/b1c1s1.mps with config: /scratch/yorig/mpils-results-grid-seconds-5-no-mip-start/medium-1/24proc/seed-2/1_b1c1s1_seed-2_20260502_184024/iterated_local_search/run_6_worker_22/ils_config_11856396349470742027.prm
[INFO]:[18:48:02] Starting CPLEX solver on instance: /home/yorig/tuner/mpils-tests/instances/miplib/medium-1/b1c1s1.mps with config: /scratch/yorig/mpils-results-grid-seconds-5-no-mip-start/medium-1/24proc/seed-2/1_b1c1s1_seed-2_20260502_184024/iterated_local_search/run_6_worker_22/ils_config_11856396349470742027.prm
[INFO]:[18:48:07] CPLEX results. Gap: 82.010000, upper bound: 65883.660000, lower bound: 11855.760998
[INFO]:[18:48:07] CPLEX solver finished. Gap: 82.010000
[INFO]:[18:48:07] Starting CPLEX solver on instance: /home/yorig/tuner/mpils-tests/instances/miplib/medium-1/b1c1s1.mps with config: /scratch/yorig/mpils-results-grid-seconds-5-no-mip-start/medium-1/24proc/seed-2/1_b1c1s1_seed-2_20260502_184024/iterated_local_search/run_6_worker_22/ils_config_1748485432297695960.prm
[INFO]:[18:48:07] Starting CPLEX solver on instance: /home/yorig/tuner/mpils-tests/instances/miplib/medium-1/b1c1s1.mps with config: /scratch/yorig/mpils-results-grid-seconds-5-no-mip-start/medium-1/24proc/seed-2/1_b1c1s1_seed-2_20260502_184024/iterated_local_search/run_6_worker_22/ils_config_1748485432297695960.prm
[INFO]:[18:48:12] CPLEX results. Gap: 82.010000, upper bound: 65883.660000, lower bound: 11855.760998
[INFO]:[18:48:12] CPLEX solver finished. Gap: 82.010000
[INFO]:[18:48:12] Starting CPLEX solver on instance: /home/yorig/tuner/mpils-tests/instances/miplib/medium-1/b1c1s1.mps with config: /scratch/yorig/mpils-results-grid-seconds-5-no-mip-start/medium-1/24proc/seed-2/1_b1c1s1_seed-2_20260502_184024/iterated_local_search/run_6_worker_22/ils_config_4900767046096903078.prm
[INFO]:[18:48:12] Starting CPLEX solver on instance: /home/yorig/tuner/mpils-tests/instances/miplib/medium-1/b1c1s1.mps with config: /scratch/yorig/mpils-results-grid-seconds-5-no-mip-start/medium-1/24proc/seed-2/1_b1c1s1_seed-2_20260502_184024/iterated_local_search/run_6_worker_22/ils_config_4900767046096903078.prm
[INFO]:[18:48:17] CPLEX results. Gap: 82.010000, upper bound: 65883.660000, lower bound: 11855.760998
[INFO]:[18:48:17] CPLEX solver finished. Gap: 82.010000
[INFO]:[18:48:17] Starting CPLEX solver on instance: /home/yorig/tuner/mpils-tests/instances/miplib/medium-1/b1c1s1.mps with config: /scratch/yorig/mpils-results-grid-seconds-5-no-mip-start/medium-1/24proc/seed-2/1_b1c1s1_seed-2_20260502_184024/iterated_local_search/run_6_worker_22/ils_config_5068035370428537473.prm
[INFO]:[18:48:17] Starting CPLEX solver on instance: /home/yorig/tuner/mpils-tests/instances/miplib/medium-1/b1c1s1.mps with config: /scratch/yorig/mpils-results-grid-seconds-5-no-mip-start/medium-1/24proc/seed-2/1_b1c1s1_seed-2_20260502_184024/iterated_local_search/run_6_worker_22/ils_config_5068035370428537473.prm
[INFO]:[18:48:22] CPLEX results. Gap: 80.990000, upper bound: 69966.450000, lower bound: 13302.914041
[INFO]:[18:48:22] CPLEX solver finished. Gap: 80.990000
[INFO]:[18:48:22] New incumbent found with objective value: 80.99
[INFO]:[18:48:22] Starting CPLEX solver on instance: /home/yorig/tuner/mpils-tests/instances/miplib/medium-1/b1c1s1.mps with config: /scratch/yorig/mpils-results-grid-seconds-5-no-mip-start/medium-1/24proc/seed-2/1_b1c1s1_seed-2_20260502_184024/iterated_local_search/run_6_worker_22/ils_config_9391751935966431246.prm
[INFO]:[18:48:22] Starting CPLEX solver on instance: /home/yorig/tuner/mpils-tests/instances/miplib/medium-1/b1c1s1.mps with config: /scratch/yorig/mpils-results-grid-seconds-5-no-mip-start/medium-1/24proc/seed-2/1_b1c1s1_seed-2_20260502_184024/iterated_local_search/run_6_worker_22/ils_config_9391751935966431246.prm
[INFO]:[18:48:27] CPLEX results. Gap: 44.020000, upper bound: 29018.490000, lower bound: 16243.498855
[INFO]:[18:48:27] CPLEX solver finished. Gap: 44.020000
[INFO]:[18:48:27] New incumbent found with objective value: 44.02
[INFO]:[18:48:27] Starting CPLEX solver on instance: /home/yorig/tuner/mpils-tests/instances/miplib/medium-1/b1c1s1.mps with config: /scratch/yorig/mpils-results-grid-seconds-5-no-mip-start/medium-1/24proc/seed-2/1_b1c1s1_seed-2_20260502_184024/iterated_local_search/run_6_worker_22/ils_config_11146424709517357051.prm
[INFO]:[18:48:27] Starting CPLEX solver on instance: /home/yorig/tuner/mpils-tests/instances/miplib/medium-1/b1c1s1.mps with config: /scratch/yorig/mpils-results-grid-seconds-5-no-mip-start/medium-1/24proc/seed-2/1_b1c1s1_seed-2_20260502_184024/iterated_local_search/run_6_worker_22/ils_config_11146424709517357051.prm
[INFO]:[18:48:32] CPLEX results. Gap: 44.020000, upper bound: 29018.490000, lower bound: 16243.498855
[INFO]:[18:48:32] CPLEX solver finished. Gap: 44.020000
[INFO]:[18:48:32] Starting CPLEX solver on instance: /home/yorig/tuner/mpils-tests/instances/miplib/medium-1/b1c1s1.mps with config: /scratch/yorig/mpils-results-grid-seconds-5-no-mip-start/medium-1/24proc/seed-2/1_b1c1s1_seed-2_20260502_184024/iterated_local_search/run_6_worker_22/ils_config_9432206125778033488.prm
[INFO]:[18:48:32] Starting CPLEX solver on instance: /home/yorig/tuner/mpils-tests/instances/miplib/medium-1/b1c1s1.mps with config: /scratch/yorig/mpils-results-grid-seconds-5-no-mip-start/medium-1/24proc/seed-2/1_b1c1s1_seed-2_20260502_184024/iterated_local_search/run_6_worker_22/ils_config_9432206125778033488.prm
[INFO]:[18:48:37] CPLEX results. Gap: 44.020000, upper bound: 29018.490000, lower bound: 16243.498855
[INFO]:[18:48:37] CPLEX solver finished. Gap: 44.020000
[INFO]:[18:48:37] Starting CPLEX solver on instance: /home/yorig/tuner/mpils-tests/instances/miplib/medium-1/b1c1s1.mps with config: /scratch/yorig/mpils-results-grid-seconds-5-no-mip-start/medium-1/24proc/seed-2/1_b1c1s1_seed-2_20260502_184024/iterated_local_search/run_6_worker_22/ils_config_2889542440802760539.prm
[INFO]:[18:48:37] Starting CPLEX solver on instance: /home/yorig/tuner/mpils-tests/instances/miplib/medium-1/b1c1s1.mps with config: /scratch/yorig/mpils-results-grid-seconds-5-no-mip-start/medium-1/24proc/seed-2/1_b1c1s1_seed-2_20260502_184024/iterated_local_search/run_6_worker_22/ils_config_2889542440802760539.prm
[INFO]:[18:48:42] CPLEX results. Gap: 44.020000, upper bound: 29018.490000, lower bound: 16243.498855
[INFO]:[18:48:42] CPLEX solver finished. Gap: 44.020000
[INFO]:[18:48:42] Starting CPLEX solver on instance: /home/yorig/tuner/mpils-tests/instances/miplib/medium-1/b1c1s1.mps with config: /scratch/yorig/mpils-results-grid-seconds-5-no-mip-start/medium-1/24proc/seed-2/1_b1c1s1_seed-2_20260502_184024/iterated_local_search/run_6_worker_22/ils_config_15715170174467928627.prm
[INFO]:[18:48:42] Starting CPLEX solver on instance: /home/yorig/tuner/mpils-tests/instances/miplib/medium-1/b1c1s1.mps with config: /scratch/yorig/mpils-results-grid-seconds-5-no-mip-start/medium-1/24proc/seed-2/1_b1c1s1_seed-2_20260502_184024/iterated_local_search/run_6_worker_22/ils_config_15715170174467928627.prm
[INFO]:[18:48:47] CPLEX results. Gap: 44.020000, upper bound: 29018.490000, lower bound: 16243.498855
[INFO]:[18:48:47] CPLEX solver finished. Gap: 44.020000
[INFO]:[18:48:47] Starting CPLEX solver on instance: /home/yorig/tuner/mpils-tests/instances/miplib/medium-1/b1c1s1.mps with config: /scratch/yorig/mpils-results-grid-seconds-5-no-mip-start/medium-1/24proc/seed-2/1_b1c1s1_seed-2_20260502_184024/iterated_local_search/run_6_worker_22/ils_config_16821502127551729313.prm
[INFO]:[18:48:47] Starting CPLEX solver on instance: /home/yorig/tuner/mpils-tests/instances/miplib/medium-1/b1c1s1.mps with config: /scratch/yorig/mpils-results-grid-seconds-5-no-mip-start/medium-1/24proc/seed-2/1_b1c1s1_seed-2_20260502_184024/iterated_local_search/run_6_worker_22/ils_config_16821502127551729313.prm
[INFO]:[18:48:52] CPLEX results. Gap: 44.020000, upper bound: 29018.490000, lower bound: 16243.498855
[INFO]:[18:48:52] CPLEX solver finished. Gap: 44.020000
[INFO]:[18:48:52] Starting CPLEX solver on instance: /home/yorig/tuner/mpils-tests/instances/miplib/medium-1/b1c1s1.mps with config: /scratch/yorig/mpils-results-grid-seconds-5-no-mip-start/medium-1/24proc/seed-2/1_b1c1s1_seed-2_20260502_184024/iterated_local_search/run_6_worker_22/ils_config_17091015965241741085.prm
[INFO]:[18:48:52] Starting CPLEX solver on instance: /home/yorig/tuner/mpils-tests/instances/miplib/medium-1/b1c1s1.mps with config: /scratch/yorig/mpils-results-grid-seconds-5-no-mip-start/medium-1/24proc/seed-2/1_b1c1s1_seed-2_20260502_184024/iterated_local_search/run_6_worker_22/ils_config_17091015965241741085.prm
[INFO]:[18:48:57] CPLEX results. Gap: 44.020000, upper bound: 29018.490000, lower bound: 16243.498855
[INFO]:[18:48:57] CPLEX solver finished. Gap: 44.020000
[INFO]:[18:48:57] Starting CPLEX solver on instance: /home/yorig/tuner/mpils-tests/instances/miplib/medium-1/b1c1s1.mps with config: /scratch/yorig/mpils-results-grid-seconds-5-no-mip-start/medium-1/24proc/seed-2/1_b1c1s1_seed-2_20260502_184024/iterated_local_search/run_6_worker_22/ils_config_15927517494223866520.prm
[INFO]:[18:48:57] Starting CPLEX solver on instance: /home/yorig/tuner/mpils-tests/instances/miplib/medium-1/b1c1s1.mps with config: /scratch/yorig/mpils-results-grid-seconds-5-no-mip-start/medium-1/24proc/seed-2/1_b1c1s1_seed-2_20260502_184024/iterated_local_search/run_6_worker_22/ils_config_15927517494223866520.prm
[INFO]:[18:49:02] CPLEX results. Gap: 44.020000, upper bound: 29018.490000, lower bound: 16243.498855
[INFO]:[18:49:02] CPLEX solver finished. Gap: 44.020000
[INFO]:[18:49:02] Starting CPLEX solver on instance: /home/yorig/tuner/mpils-tests/instances/miplib/medium-1/b1c1s1.mps with config: /scratch/yorig/mpils-results-grid-seconds-5-no-mip-start/medium-1/24proc/seed-2/1_b1c1s1_seed-2_20260502_184024/iterated_local_search/run_6_worker_22/ils_config_4094803057027743427.prm
[INFO]:[18:49:02] Starting CPLEX solver on instance: /home/yorig/tuner/mpils-tests/instances/miplib/medium-1/b1c1s1.mps with config: /scratch/yorig/mpils-results-grid-seconds-5-no-mip-start/medium-1/24proc/seed-2/1_b1c1s1_seed-2_20260502_184024/iterated_local_search/run_6_worker_22/ils_config_4094803057027743427.prm
[INFO]:[18:49:07] CPLEX results. Gap: 52.790000, upper bound: 27629.810000, lower bound: 13043.634472
[INFO]:[18:49:07] CPLEX solver finished. Gap: 52.790000
[INFO]:[18:49:07] Starting CPLEX solver on instance: /home/yorig/tuner/mpils-tests/instances/miplib/medium-1/b1c1s1.mps with config: /scratch/yorig/mpils-results-grid-seconds-5-no-mip-start/medium-1/24proc/seed-2/1_b1c1s1_seed-2_20260502_184024/iterated_local_search/run_6_worker_22/ils_config_4494160134607817831.prm
[INFO]:[18:49:07] Starting CPLEX solver on instance: /home/yorig/tuner/mpils-tests/instances/miplib/medium-1/b1c1s1.mps with config: /scratch/yorig/mpils-results-grid-seconds-5-no-mip-start/medium-1/24proc/seed-2/1_b1c1s1_seed-2_20260502_184024/iterated_local_search/run_6_worker_22/ils_config_4494160134607817831.prm
[INFO]:[18:49:12] CPLEX results. Gap: 44.020000, upper bound: 29018.490000, lower bound: 16243.498855
[INFO]:[18:49:12] CPLEX solver finished. Gap: 44.020000
[INFO]:[18:49:12] Starting CPLEX solver on instance: /home/yorig/tuner/mpils-tests/instances/miplib/medium-1/b1c1s1.mps with config: /scratch/yorig/mpils-results-grid-seconds-5-no-mip-start/medium-1/24proc/seed-2/1_b1c1s1_seed-2_20260502_184024/iterated_local_search/run_6_worker_22/ils_config_12079943330822348532.prm
[INFO]:[18:49:12] Starting CPLEX solver on instance: /home/yorig/tuner/mpils-tests/instances/miplib/medium-1/b1c1s1.mps with config: /scratch/yorig/mpils-results-grid-seconds-5-no-mip-start/medium-1/24proc/seed-2/1_b1c1s1_seed-2_20260502_184024/iterated_local_search/run_6_worker_22/ils_config_12079943330822348532.prm
[INFO]:[18:49:18] CPLEX results. Gap: 47.840000, upper bound: 30619.150000, lower bound: 15969.657703
[INFO]:[18:49:18] CPLEX solver finished. Gap: 47.840000
[INFO]:[18:49:18] Starting CPLEX solver on instance: /home/yorig/tuner/mpils-tests/instances/miplib/medium-1/b1c1s1.mps with config: /scratch/yorig/mpils-results-grid-seconds-5-no-mip-start/medium-1/24proc/seed-2/1_b1c1s1_seed-2_20260502_184024/iterated_local_search/run_6_worker_22/ils_config_13844867014877342888.prm
[INFO]:[18:49:18] Starting CPLEX solver on instance: /home/yorig/tuner/mpils-tests/instances/miplib/medium-1/b1c1s1.mps with config: /scratch/yorig/mpils-results-grid-seconds-5-no-mip-start/medium-1/24proc/seed-2/1_b1c1s1_seed-2_20260502_184024/iterated_local_search/run_6_worker_22/ils_config_13844867014877342888.prm
[INFO]:[18:49:23] CPLEX results. Gap: 47.980000, upper bound: 30974.020000, lower bound: 16113.134883
[INFO]:[18:49:23] CPLEX solver finished. Gap: 47.980000
[INFO]:[18:49:23] Starting CPLEX solver on instance: /home/yorig/tuner/mpils-tests/instances/miplib/medium-1/b1c1s1.mps with config: /scratch/yorig/mpils-results-grid-seconds-5-no-mip-start/medium-1/24proc/seed-2/1_b1c1s1_seed-2_20260502_184024/iterated_local_search/run_6_worker_22/ils_config_13984198219073260441.prm
[INFO]:[18:49:23] Starting CPLEX solver on instance: /home/yorig/tuner/mpils-tests/instances/miplib/medium-1/b1c1s1.mps with config: /scratch/yorig/mpils-results-grid-seconds-5-no-mip-start/medium-1/24proc/seed-2/1_b1c1s1_seed-2_20260502_184024/iterated_local_search/run_6_worker_22/ils_config_13984198219073260441.prm
[INFO]:[18:49:28] CPLEX results. Gap: 44.230000, upper bound: 28772.350000, lower bound: 16045.468896
[INFO]:[18:49:28] CPLEX solver finished. Gap: 44.230000
[INFO]:[18:49:28] Starting CPLEX solver on instance: /home/yorig/tuner/mpils-tests/instances/miplib/medium-1/b1c1s1.mps with config: /scratch/yorig/mpils-results-grid-seconds-5-no-mip-start/medium-1/24proc/seed-2/1_b1c1s1_seed-2_20260502_184024/iterated_local_search/run_6_worker_22/ils_config_14091537032120631014.prm
[INFO]:[18:49:28] Starting CPLEX solver on instance: /home/yorig/tuner/mpils-tests/instances/miplib/medium-1/b1c1s1.mps with config: /scratch/yorig/mpils-results-grid-seconds-5-no-mip-start/medium-1/24proc/seed-2/1_b1c1s1_seed-2_20260502_184024/iterated_local_search/run_6_worker_22/ils_config_14091537032120631014.prm
[INFO]:[18:49:33] CPLEX results. Gap: 44.020000, upper bound: 29018.490000, lower bound: 16243.498855
[INFO]:[18:49:33] CPLEX solver finished. Gap: 44.020000
[INFO]:[18:49:33] Starting CPLEX solver on instance: /home/yorig/tuner/mpils-tests/instances/miplib/medium-1/b1c1s1.mps with config: /scratch/yorig/mpils-results-grid-seconds-5-no-mip-start/medium-1/24proc/seed-2/1_b1c1s1_seed-2_20260502_184024/iterated_local_search/run_6_worker_22/ils_config_17934716321772057136.prm
[INFO]:[18:49:33] Starting CPLEX solver on instance: /home/yorig/tuner/mpils-tests/instances/miplib/medium-1/b1c1s1.mps with config: /scratch/yorig/mpils-results-grid-seconds-5-no-mip-start/medium-1/24proc/seed-2/1_b1c1s1_seed-2_20260502_184024/iterated_local_search/run_6_worker_22/ils_config_17934716321772057136.prm
[INFO]:[18:49:38] CPLEX results. Gap: 44.020000, upper bound: 29018.490000, lower bound: 16243.498855
[INFO]:[18:49:38] CPLEX solver finished. Gap: 44.020000
[INFO]:[18:49:38] Starting CPLEX solver on instance: /home/yorig/tuner/mpils-tests/instances/miplib/medium-1/b1c1s1.mps with config: /scratch/yorig/mpils-results-grid-seconds-5-no-mip-start/medium-1/24proc/seed-2/1_b1c1s1_seed-2_20260502_184024/iterated_local_search/run_6_worker_22/ils_config_10841417115412434747.prm
[INFO]:[18:49:38] Starting CPLEX solver on instance: /home/yorig/tuner/mpils-tests/instances/miplib/medium-1/b1c1s1.mps with config: /scratch/yorig/mpils-results-grid-seconds-5-no-mip-start/medium-1/24proc/seed-2/1_b1c1s1_seed-2_20260502_184024/iterated_local_search/run_6_worker_22/ils_config_10841417115412434747.prm
[INFO]:[18:49:43] CPLEX results. Gap: 37.690000, upper bound: 30619.150000, lower bound: 19079.874382
[INFO]:[18:49:43] CPLEX solver finished. Gap: 37.690000
[INFO]:[18:49:43] New incumbent found with objective value: 37.69
[INFO]:[18:49:43] Starting CPLEX solver on instance: /home/yorig/tuner/mpils-tests/instances/miplib/medium-1/b1c1s1.mps with config: /scratch/yorig/mpils-results-grid-seconds-5-no-mip-start/medium-1/24proc/seed-2/1_b1c1s1_seed-2_20260502_184024/iterated_local_search/run_6_worker_22/ils_config_13307684404825278306.prm
[INFO]:[18:49:43] Starting CPLEX solver on instance: /home/yorig/tuner/mpils-tests/instances/miplib/medium-1/b1c1s1.mps with config: /scratch/yorig/mpils-results-grid-seconds-5-no-mip-start/medium-1/24proc/seed-2/1_b1c1s1_seed-2_20260502_184024/iterated_local_search/run_6_worker_22/ils_config_13307684404825278306.prm
[INFO]:[18:49:48] CPLEX results. Gap: 37.690000, upper bound: 30619.150000, lower bound: 19079.874382
[INFO]:[18:49:48] CPLEX solver finished. Gap: 37.690000
[INFO]:[18:49:48] Local search phase completed.
[INFO]:[18:49:48] Total number of new local-search evaluations: 27
[INFO]:[18:49:48] Final incumbent objective value: 37.69
[INFO]:[18:49:48] Worker 22 completed exploration phase.
[INFO]:[18:49:48] Worker 22 received order for step 3.
[INFO]:[18:49:48] Worker 22 finished.
