[INFO]:[18:40:25] Worker 12 starting.
[INFO]:[18:40:25] Worker 12 received order for step 1.
[INFO]:[18:40:25] Worker 12 running exploration phase for iteration 1.
[INFO]:[18:40:25] Worker 12 at iteration 1 will not use a MIP start file. Current best MIP-start upper bound threshold is 1.79769e+308.
[INFO]:[18:40:25] Starting local search phase...
[INFO]:[18:40:25] Creating local search space from parameter space file: /scratch/yorig/mpils-results-grid-seconds-5-no-mip-start/medium-1/24proc/seed-2/1_b1c1s1_seed-2_20260502_184024/iterated_local_search/search_space/search_space_file_1_worker_12.txt
[INFO]:[18:40:25] Local search space loaded from file: /scratch/yorig/mpils-results-grid-seconds-5-no-mip-start/medium-1/24proc/seed-2/1_b1c1s1_seed-2_20260502_184024/iterated_local_search/search_space/search_space_file_1_worker_12.txt
[INFO]:[18:40:25] Number of parameters in local search space: 71
[INFO]:[18:40:25] Number of forbidden tuples in local search space: 0
[INFO]:[18:40:25] Number of conditionals in local search space: 6
[INFO]:[18:40:25] MIP start option not enabled. Local search will proceed without MIP start.
[INFO]:[18:40:25] Evaluating initial configuration for local search phase...
[INFO]:[18:40:26] Starting CPLEX solver on instance: /home/yorig/tuner/mpils-tests/instances/miplib/medium-1/b1c1s1.mps with config: /scratch/yorig/mpils-results-grid-seconds-5-no-mip-start/medium-1/24proc/seed-2/1_b1c1s1_seed-2_20260502_184024/iterated_local_search/run_1_worker_12/ils_config_9472371551250258267.prm
[INFO]:[18:40:26] Starting CPLEX solver on instance: /home/yorig/tuner/mpils-tests/instances/miplib/medium-1/b1c1s1.mps with config: /scratch/yorig/mpils-results-grid-seconds-5-no-mip-start/medium-1/24proc/seed-2/1_b1c1s1_seed-2_20260502_184024/iterated_local_search/run_1_worker_12/ils_config_9472371551250258267.prm
[INFO]:[18:40:31] CPLEX results. Gap: 32.830000, upper bound: 25883.070000, lower bound: 17384.712792
[INFO]:[18:40:31] CPLEX solver finished. Gap: 32.830000
[INFO]:[18:40:31] Initial configuration evaluated with objective value: 32.83
[INFO]:[18:40:31] Starting CPLEX solver on instance: /home/yorig/tuner/mpils-tests/instances/miplib/medium-1/b1c1s1.mps with config: /scratch/yorig/mpils-results-grid-seconds-5-no-mip-start/medium-1/24proc/seed-2/1_b1c1s1_seed-2_20260502_184024/iterated_local_search/run_1_worker_12/ils_config_1451391126414025819.prm
[INFO]:[18:40:31] Starting CPLEX solver on instance: /home/yorig/tuner/mpils-tests/instances/miplib/medium-1/b1c1s1.mps with config: /scratch/yorig/mpils-results-grid-seconds-5-no-mip-start/medium-1/24proc/seed-2/1_b1c1s1_seed-2_20260502_184024/iterated_local_search/run_1_worker_12/ils_config_1451391126414025819.prm
[INFO]:[18:40:36] CPLEX results. Gap: 37.210000, upper bound: 26921.850000, lower bound: 16904.691705
[INFO]:[18:40:36] CPLEX solver finished. Gap: 37.210000
[INFO]:[18:40:36] Starting CPLEX solver on instance: /home/yorig/tuner/mpils-tests/instances/miplib/medium-1/b1c1s1.mps with config: /scratch/yorig/mpils-results-grid-seconds-5-no-mip-start/medium-1/24proc/seed-2/1_b1c1s1_seed-2_20260502_184024/iterated_local_search/run_1_worker_12/ils_config_7062578842648358838.prm
[INFO]:[18:40:36] Starting CPLEX solver on instance: /home/yorig/tuner/mpils-tests/instances/miplib/medium-1/b1c1s1.mps with config: /scratch/yorig/mpils-results-grid-seconds-5-no-mip-start/medium-1/24proc/seed-2/1_b1c1s1_seed-2_20260502_184024/iterated_local_search/run_1_worker_12/ils_config_7062578842648358838.prm
[INFO]:[18:40:41] CPLEX results. Gap: 37.810000, upper bound: 27401.670000, lower bound: 17041.157224
[INFO]:[18:40:41] CPLEX solver finished. Gap: 37.810000
[INFO]:[18:40:41] Starting CPLEX solver on instance: /home/yorig/tuner/mpils-tests/instances/miplib/medium-1/b1c1s1.mps with config: /scratch/yorig/mpils-results-grid-seconds-5-no-mip-start/medium-1/24proc/seed-2/1_b1c1s1_seed-2_20260502_184024/iterated_local_search/run_1_worker_12/ils_config_16440462523655279179.prm
[INFO]:[18:40:41] Starting CPLEX solver on instance: /home/yorig/tuner/mpils-tests/instances/miplib/medium-1/b1c1s1.mps with config: /scratch/yorig/mpils-results-grid-seconds-5-no-mip-start/medium-1/24proc/seed-2/1_b1c1s1_seed-2_20260502_184024/iterated_local_search/run_1_worker_12/ils_config_16440462523655279179.prm
[INFO]:[18:40:46] CPLEX results. Gap: 32.830000, upper bound: 25883.070000, lower bound: 17384.712792
[INFO]:[18:40:46] CPLEX solver finished. Gap: 32.830000
[INFO]:[18:40:46] Starting CPLEX solver on instance: /home/yorig/tuner/mpils-tests/instances/miplib/medium-1/b1c1s1.mps with config: /scratch/yorig/mpils-results-grid-seconds-5-no-mip-start/medium-1/24proc/seed-2/1_b1c1s1_seed-2_20260502_184024/iterated_local_search/run_1_worker_12/ils_config_7893969719215247234.prm
[INFO]:[18:40:46] Starting CPLEX solver on instance: /home/yorig/tuner/mpils-tests/instances/miplib/medium-1/b1c1s1.mps with config: /scratch/yorig/mpils-results-grid-seconds-5-no-mip-start/medium-1/24proc/seed-2/1_b1c1s1_seed-2_20260502_184024/iterated_local_search/run_1_worker_12/ils_config_7893969719215247234.prm
[INFO]:[18:40:51] CPLEX results. Gap: 41.050000, upper bound: 28333.260000, lower bound: 16701.370208
[INFO]:[18:40:51] CPLEX solver finished. Gap: 41.050000
[INFO]:[18:40:51] Starting CPLEX solver on instance: /home/yorig/tuner/mpils-tests/instances/miplib/medium-1/b1c1s1.mps with config: /scratch/yorig/mpils-results-grid-seconds-5-no-mip-start/medium-1/24proc/seed-2/1_b1c1s1_seed-2_20260502_184024/iterated_local_search/run_1_worker_12/ils_config_13513101557038122361.prm
[INFO]:[18:40:51] Starting CPLEX solver on instance: /home/yorig/tuner/mpils-tests/instances/miplib/medium-1/b1c1s1.mps with config: /scratch/yorig/mpils-results-grid-seconds-5-no-mip-start/medium-1/24proc/seed-2/1_b1c1s1_seed-2_20260502_184024/iterated_local_search/run_1_worker_12/ils_config_13513101557038122361.prm
[INFO]:[18:40:56] CPLEX results. Gap: 62.930000, upper bound: 26938.750000, lower bound: 9985.320115
[INFO]:[18:40:56] CPLEX solver finished. Gap: 62.930000
[INFO]:[18:40:56] Starting CPLEX solver on instance: /home/yorig/tuner/mpils-tests/instances/miplib/medium-1/b1c1s1.mps with config: /scratch/yorig/mpils-results-grid-seconds-5-no-mip-start/medium-1/24proc/seed-2/1_b1c1s1_seed-2_20260502_184024/iterated_local_search/run_1_worker_12/ils_config_8911926933511167454.prm
[INFO]:[18:40:56] Starting CPLEX solver on instance: /home/yorig/tuner/mpils-tests/instances/miplib/medium-1/b1c1s1.mps with config: /scratch/yorig/mpils-results-grid-seconds-5-no-mip-start/medium-1/24proc/seed-2/1_b1c1s1_seed-2_20260502_184024/iterated_local_search/run_1_worker_12/ils_config_8911926933511167454.prm
[INFO]:[18:41:01] CPLEX results. Gap: 37.810000, upper bound: 27401.670000, lower bound: 17041.157224
[INFO]:[18:41:01] CPLEX solver finished. Gap: 37.810000
[INFO]:[18:41:01] Starting CPLEX solver on instance: /home/yorig/tuner/mpils-tests/instances/miplib/medium-1/b1c1s1.mps with config: /scratch/yorig/mpils-results-grid-seconds-5-no-mip-start/medium-1/24proc/seed-2/1_b1c1s1_seed-2_20260502_184024/iterated_local_search/run_1_worker_12/ils_config_15573052666051985794.prm
[INFO]:[18:41:01] Starting CPLEX solver on instance: /home/yorig/tuner/mpils-tests/instances/miplib/medium-1/b1c1s1.mps with config: /scratch/yorig/mpils-results-grid-seconds-5-no-mip-start/medium-1/24proc/seed-2/1_b1c1s1_seed-2_20260502_184024/iterated_local_search/run_1_worker_12/ils_config_15573052666051985794.prm
[INFO]:[18:41:06] CPLEX results. Gap: 32.830000, upper bound: 25883.070000, lower bound: 17384.712792
[INFO]:[18:41:06] CPLEX solver finished. Gap: 32.830000
[INFO]:[18:41:06] Starting CPLEX solver on instance: /home/yorig/tuner/mpils-tests/instances/miplib/medium-1/b1c1s1.mps with config: /scratch/yorig/mpils-results-grid-seconds-5-no-mip-start/medium-1/24proc/seed-2/1_b1c1s1_seed-2_20260502_184024/iterated_local_search/run_1_worker_12/ils_config_2602194511990287368.prm
[INFO]:[18:41:06] Starting CPLEX solver on instance: /home/yorig/tuner/mpils-tests/instances/miplib/medium-1/b1c1s1.mps with config: /scratch/yorig/mpils-results-grid-seconds-5-no-mip-start/medium-1/24proc/seed-2/1_b1c1s1_seed-2_20260502_184024/iterated_local_search/run_1_worker_12/ils_config_2602194511990287368.prm
[INFO]:[18:41:11] CPLEX results. Gap: 19.180000, upper bound: 25369.000000, lower bound: 20503.545740
[INFO]:[18:41:11] CPLEX solver finished. Gap: 19.180000
[INFO]:[18:41:11] New incumbent found with objective value: 19.18
[INFO]:[18:41:11] Starting CPLEX solver on instance: /home/yorig/tuner/mpils-tests/instances/miplib/medium-1/b1c1s1.mps with config: /scratch/yorig/mpils-results-grid-seconds-5-no-mip-start/medium-1/24proc/seed-2/1_b1c1s1_seed-2_20260502_184024/iterated_local_search/run_1_worker_12/ils_config_9978917779661144598.prm
[INFO]:[18:41:11] Starting CPLEX solver on instance: /home/yorig/tuner/mpils-tests/instances/miplib/medium-1/b1c1s1.mps with config: /scratch/yorig/mpils-results-grid-seconds-5-no-mip-start/medium-1/24proc/seed-2/1_b1c1s1_seed-2_20260502_184024/iterated_local_search/run_1_worker_12/ils_config_9978917779661144598.prm
[INFO]:[18:41:16] CPLEX results. Gap: 21.880000, upper bound: 25977.790000, lower bound: 20294.284081
[INFO]:[18:41:16] CPLEX solver finished. Gap: 21.880000
[INFO]:[18:41:16] Starting CPLEX solver on instance: /home/yorig/tuner/mpils-tests/instances/miplib/medium-1/b1c1s1.mps with config: /scratch/yorig/mpils-results-grid-seconds-5-no-mip-start/medium-1/24proc/seed-2/1_b1c1s1_seed-2_20260502_184024/iterated_local_search/run_1_worker_12/ils_config_15668800764403882177.prm
[INFO]:[18:41:16] Starting CPLEX solver on instance: /home/yorig/tuner/mpils-tests/instances/miplib/medium-1/b1c1s1.mps with config: /scratch/yorig/mpils-results-grid-seconds-5-no-mip-start/medium-1/24proc/seed-2/1_b1c1s1_seed-2_20260502_184024/iterated_local_search/run_1_worker_12/ils_config_15668800764403882177.prm
[INFO]:[18:41:21] CPLEX results. Gap: 19.180000, upper bound: 25369.000000, lower bound: 20503.545740
[INFO]:[18:41:21] CPLEX solver finished. Gap: 19.180000
[INFO]:[18:41:21] Starting CPLEX solver on instance: /home/yorig/tuner/mpils-tests/instances/miplib/medium-1/b1c1s1.mps with config: /scratch/yorig/mpils-results-grid-seconds-5-no-mip-start/medium-1/24proc/seed-2/1_b1c1s1_seed-2_20260502_184024/iterated_local_search/run_1_worker_12/ils_config_11508893828745433385.prm
[INFO]:[18:41:21] Starting CPLEX solver on instance: /home/yorig/tuner/mpils-tests/instances/miplib/medium-1/b1c1s1.mps with config: /scratch/yorig/mpils-results-grid-seconds-5-no-mip-start/medium-1/24proc/seed-2/1_b1c1s1_seed-2_20260502_184024/iterated_local_search/run_1_worker_12/ils_config_11508893828745433385.prm
[INFO]:[18:41:26] CPLEX results. Gap: 18.840000, upper bound: 25336.240000, lower bound: 20563.950957
[INFO]:[18:41:26] CPLEX solver finished. Gap: 18.840000
[INFO]:[18:41:26] New incumbent found with objective value: 18.84
[INFO]:[18:41:26] Starting CPLEX solver on instance: /home/yorig/tuner/mpils-tests/instances/miplib/medium-1/b1c1s1.mps with config: /scratch/yorig/mpils-results-grid-seconds-5-no-mip-start/medium-1/24proc/seed-2/1_b1c1s1_seed-2_20260502_184024/iterated_local_search/run_1_worker_12/ils_config_11093038428826835088.prm
[INFO]:[18:41:26] Starting CPLEX solver on instance: /home/yorig/tuner/mpils-tests/instances/miplib/medium-1/b1c1s1.mps with config: /scratch/yorig/mpils-results-grid-seconds-5-no-mip-start/medium-1/24proc/seed-2/1_b1c1s1_seed-2_20260502_184024/iterated_local_search/run_1_worker_12/ils_config_11093038428826835088.prm
[INFO]:[18:41:31] CPLEX results. Gap: 25.970000, upper bound: 27895.300000, lower bound: 20649.649860
[INFO]:[18:41:31] CPLEX solver finished. Gap: 25.970000
[INFO]:[18:41:31] Starting CPLEX solver on instance: /home/yorig/tuner/mpils-tests/instances/miplib/medium-1/b1c1s1.mps with config: /scratch/yorig/mpils-results-grid-seconds-5-no-mip-start/medium-1/24proc/seed-2/1_b1c1s1_seed-2_20260502_184024/iterated_local_search/run_1_worker_12/ils_config_4530433124187486517.prm
[INFO]:[18:41:31] Starting CPLEX solver on instance: /home/yorig/tuner/mpils-tests/instances/miplib/medium-1/b1c1s1.mps with config: /scratch/yorig/mpils-results-grid-seconds-5-no-mip-start/medium-1/24proc/seed-2/1_b1c1s1_seed-2_20260502_184024/iterated_local_search/run_1_worker_12/ils_config_4530433124187486517.prm
[INFO]:[18:41:36] CPLEX results. Gap: 18.840000, upper bound: 25336.240000, lower bound: 20563.950957
[INFO]:[18:41:36] CPLEX solver finished. Gap: 18.840000
[INFO]:[18:41:36] Starting CPLEX solver on instance: /home/yorig/tuner/mpils-tests/instances/miplib/medium-1/b1c1s1.mps with config: /scratch/yorig/mpils-results-grid-seconds-5-no-mip-start/medium-1/24proc/seed-2/1_b1c1s1_seed-2_20260502_184024/iterated_local_search/run_1_worker_12/ils_config_13674121572843986420.prm
[INFO]:[18:41:36] Starting CPLEX solver on instance: /home/yorig/tuner/mpils-tests/instances/miplib/medium-1/b1c1s1.mps with config: /scratch/yorig/mpils-results-grid-seconds-5-no-mip-start/medium-1/24proc/seed-2/1_b1c1s1_seed-2_20260502_184024/iterated_local_search/run_1_worker_12/ils_config_13674121572843986420.prm
[INFO]:[18:41:41] CPLEX results. Gap: 20.970000, upper bound: 25549.520000, lower bound: 20193.052803
[INFO]:[18:41:41] CPLEX solver finished. Gap: 20.970000
[INFO]:[18:41:41] Starting CPLEX solver on instance: /home/yorig/tuner/mpils-tests/instances/miplib/medium-1/b1c1s1.mps with config: /scratch/yorig/mpils-results-grid-seconds-5-no-mip-start/medium-1/24proc/seed-2/1_b1c1s1_seed-2_20260502_184024/iterated_local_search/run_1_worker_12/ils_config_10513318912614775975.prm
[INFO]:[18:41:41] Starting CPLEX solver on instance: /home/yorig/tuner/mpils-tests/instances/miplib/medium-1/b1c1s1.mps with config: /scratch/yorig/mpils-results-grid-seconds-5-no-mip-start/medium-1/24proc/seed-2/1_b1c1s1_seed-2_20260502_184024/iterated_local_search/run_1_worker_12/ils_config_10513318912614775975.prm
[INFO]:[18:41:46] CPLEX results. Gap: 18.840000, upper bound: 25336.240000, lower bound: 20563.950957
[INFO]:[18:41:46] CPLEX solver finished. Gap: 18.840000
[INFO]:[18:41:46] Starting CPLEX solver on instance: /home/yorig/tuner/mpils-tests/instances/miplib/medium-1/b1c1s1.mps with config: /scratch/yorig/mpils-results-grid-seconds-5-no-mip-start/medium-1/24proc/seed-2/1_b1c1s1_seed-2_20260502_184024/iterated_local_search/run_1_worker_12/ils_config_16255930971870578912.prm
[INFO]:[18:41:46] Starting CPLEX solver on instance: /home/yorig/tuner/mpils-tests/instances/miplib/medium-1/b1c1s1.mps with config: /scratch/yorig/mpils-results-grid-seconds-5-no-mip-start/medium-1/24proc/seed-2/1_b1c1s1_seed-2_20260502_184024/iterated_local_search/run_1_worker_12/ils_config_16255930971870578912.prm
[INFO]:[18:41:51] CPLEX results. Gap: 21.270000, upper bound: 25833.360000, lower bound: 20339.281944
[INFO]:[18:41:51] CPLEX solver finished. Gap: 21.270000
[INFO]:[18:41:51] Starting CPLEX solver on instance: /home/yorig/tuner/mpils-tests/instances/miplib/medium-1/b1c1s1.mps with config: /scratch/yorig/mpils-results-grid-seconds-5-no-mip-start/medium-1/24proc/seed-2/1_b1c1s1_seed-2_20260502_184024/iterated_local_search/run_1_worker_12/ils_config_5549133454650641196.prm
[INFO]:[18:41:51] Starting CPLEX solver on instance: /home/yorig/tuner/mpils-tests/instances/miplib/medium-1/b1c1s1.mps with config: /scratch/yorig/mpils-results-grid-seconds-5-no-mip-start/medium-1/24proc/seed-2/1_b1c1s1_seed-2_20260502_184024/iterated_local_search/run_1_worker_12/ils_config_5549133454650641196.prm
[INFO]:[18:41:56] CPLEX results. Gap: 18.760000, upper bound: 25336.240000, lower bound: 20583.960745
[INFO]:[18:41:56] CPLEX solver finished. Gap: 18.760000
[INFO]:[18:41:56] New incumbent found with objective value: 18.76
[INFO]:[18:41:56] Starting CPLEX solver on instance: /home/yorig/tuner/mpils-tests/instances/miplib/medium-1/b1c1s1.mps with config: /scratch/yorig/mpils-results-grid-seconds-5-no-mip-start/medium-1/24proc/seed-2/1_b1c1s1_seed-2_20260502_184024/iterated_local_search/run_1_worker_12/ils_config_7765853496313921104.prm
[INFO]:[18:41:56] Starting CPLEX solver on instance: /home/yorig/tuner/mpils-tests/instances/miplib/medium-1/b1c1s1.mps with config: /scratch/yorig/mpils-results-grid-seconds-5-no-mip-start/medium-1/24proc/seed-2/1_b1c1s1_seed-2_20260502_184024/iterated_local_search/run_1_worker_12/ils_config_7765853496313921104.prm
[INFO]:[18:42:01] CPLEX results. Gap: 27.120000, upper bound: 27993.880000, lower bound: 20401.688794
[INFO]:[18:42:01] CPLEX solver finished. Gap: 27.120000
[INFO]:[18:42:01] Starting CPLEX solver on instance: /home/yorig/tuner/mpils-tests/instances/miplib/medium-1/b1c1s1.mps with config: /scratch/yorig/mpils-results-grid-seconds-5-no-mip-start/medium-1/24proc/seed-2/1_b1c1s1_seed-2_20260502_184024/iterated_local_search/run_1_worker_12/ils_config_14995632045874125798.prm
[INFO]:[18:42:01] Starting CPLEX solver on instance: /home/yorig/tuner/mpils-tests/instances/miplib/medium-1/b1c1s1.mps with config: /scratch/yorig/mpils-results-grid-seconds-5-no-mip-start/medium-1/24proc/seed-2/1_b1c1s1_seed-2_20260502_184024/iterated_local_search/run_1_worker_12/ils_config_14995632045874125798.prm
[INFO]:[18:42:06] CPLEX results. Gap: 18.760000, upper bound: 25336.240000, lower bound: 20583.960745
[INFO]:[18:42:06] CPLEX solver finished. Gap: 18.760000
[INFO]:[18:42:06] Local search phase completed.
[INFO]:[18:42:06] Total number of new local-search evaluations: 20
[INFO]:[18:42:06] Final incumbent objective value: 18.76
[INFO]:[18:42:06] Worker 12 completed exploration phase.
[INFO]:[18:42:06] Worker 12 received order for step 2.
[INFO]:[18:42:06] Worker 12 running expansion phase for iteration 1.
[INFO]:[18:42:06] Worker 12 will use solver log file: /scratch/yorig/mpils-results-grid-seconds-5-no-mip-start/medium-1/24proc/seed-2/1_b1c1s1_seed-2_20260502_184024/solver/cplex.log_iteration_expansion_1_worker_12
[INFO]:[18:42:06] Expansion Worker 12 starting expansion for iteration 1.
[INFO]:[18:42:06] Starting CPLEX solver on instance: /home/yorig/tuner/mpils-tests/instances/miplib/medium-1/b1c1s1.mps with config: /scratch/yorig/mpils-results-grid-seconds-5-no-mip-start/medium-1/24proc/seed-2/1_b1c1s1_seed-2_20260502_184024/expansion/config_param_CPXPARAM_MIP_Limits_ProbeTime_240_iter_1.prm
[INFO]:[18:42:11] CPLEX results. Gap: 22.420000, upper bound: 26549.960000, lower bound: 20598.383283
[INFO]:[18:42:11] CPLEX solver finished. Gap: 22.420000
[INFO]:[18:42:11] Starting CPLEX solver on instance: /home/yorig/tuner/mpils-tests/instances/miplib/medium-1/b1c1s1.mps with config: /scratch/yorig/mpils-results-grid-seconds-5-no-mip-start/medium-1/24proc/seed-2/1_b1c1s1_seed-2_20260502_184024/expansion/config_param_CPXPARAM_MIP_Strategy_RINSHeur_-1_iter_1.prm
[INFO]:[18:42:16] CPLEX results. Gap: 16.680000, upper bound: 25110.500000, lower bound: 20923.245168
[INFO]:[18:42:16] CPLEX solver finished. Gap: 16.680000
[INFO]:[18:42:21] Expansion Worker 12 stopping early after global MPI expansion stop was activated.
[INFO]:[18:42:21] Expansion Worker 12 completed expansion.
[INFO]:[18:42:21] Worker 12 completed expansion phase.
[INFO]:[18:42:22] Worker 12 received order for step 1.
[INFO]:[18:42:22] Worker 12 running exploration phase for iteration 2.
[INFO]:[18:42:22] Worker 12 at iteration 2 will not use a MIP start file. Current best MIP-start upper bound threshold is 1.79769e+308.
[INFO]:[18:42:22] Starting local search phase...
[INFO]:[18:42:22] Creating local search space from parameter space file: /scratch/yorig/mpils-results-grid-seconds-5-no-mip-start/medium-1/24proc/seed-2/1_b1c1s1_seed-2_20260502_184024/iterated_local_search/search_space/search_space_file_2_worker_12.txt
[INFO]:[18:42:22] Local search space loaded from file: /scratch/yorig/mpils-results-grid-seconds-5-no-mip-start/medium-1/24proc/seed-2/1_b1c1s1_seed-2_20260502_184024/iterated_local_search/search_space/search_space_file_2_worker_12.txt
[INFO]:[18:42:22] Number of parameters in local search space: 71
[INFO]:[18:42:22] Number of forbidden tuples in local search space: 24
[INFO]:[18:42:22] Number of conditionals in local search space: 6
[INFO]:[18:42:22] MIP start option not enabled. Local search will proceed without MIP start.
[INFO]:[18:42:22] Evaluating initial configuration for local search phase...
[INFO]:[18:42:22] Starting CPLEX solver on instance: /home/yorig/tuner/mpils-tests/instances/miplib/medium-1/b1c1s1.mps with config: /scratch/yorig/mpils-results-grid-seconds-5-no-mip-start/medium-1/24proc/seed-2/1_b1c1s1_seed-2_20260502_184024/iterated_local_search/run_2_worker_12/ils_config_3694880623688612820.prm
[INFO]:[18:42:22] Starting CPLEX solver on instance: /home/yorig/tuner/mpils-tests/instances/miplib/medium-1/b1c1s1.mps with config: /scratch/yorig/mpils-results-grid-seconds-5-no-mip-start/medium-1/24proc/seed-2/1_b1c1s1_seed-2_20260502_184024/iterated_local_search/run_2_worker_12/ils_config_3694880623688612820.prm
[INFO]:[18:42:27] CPLEX results. Gap: 37.640000, upper bound: 26563.870000, lower bound: 16566.389932
[INFO]:[18:42:27] CPLEX solver finished. Gap: 37.640000
[INFO]:[18:42:27] Initial configuration evaluated with objective value: 37.64
[INFO]:[18:42:27] Starting CPLEX solver on instance: /home/yorig/tuner/mpils-tests/instances/miplib/medium-1/b1c1s1.mps with config: /scratch/yorig/mpils-results-grid-seconds-5-no-mip-start/medium-1/24proc/seed-2/1_b1c1s1_seed-2_20260502_184024/iterated_local_search/run_2_worker_12/ils_config_7252165275659968584.prm
[INFO]:[18:42:27] Starting CPLEX solver on instance: /home/yorig/tuner/mpils-tests/instances/miplib/medium-1/b1c1s1.mps with config: /scratch/yorig/mpils-results-grid-seconds-5-no-mip-start/medium-1/24proc/seed-2/1_b1c1s1_seed-2_20260502_184024/iterated_local_search/run_2_worker_12/ils_config_7252165275659968584.prm
[INFO]:[18:42:32] CPLEX results. Gap: 27.490000, upper bound: 27955.480000, lower bound: 20271.396707
[INFO]:[18:42:32] CPLEX solver finished. Gap: 27.490000
[INFO]:[18:42:32] New incumbent found with objective value: 27.49
[INFO]:[18:42:32] Starting CPLEX solver on instance: /home/yorig/tuner/mpils-tests/instances/miplib/medium-1/b1c1s1.mps with config: /scratch/yorig/mpils-results-grid-seconds-5-no-mip-start/medium-1/24proc/seed-2/1_b1c1s1_seed-2_20260502_184024/iterated_local_search/run_2_worker_12/ils_config_17475314945911531686.prm
[INFO]:[18:42:32] Starting CPLEX solver on instance: /home/yorig/tuner/mpils-tests/instances/miplib/medium-1/b1c1s1.mps with config: /scratch/yorig/mpils-results-grid-seconds-5-no-mip-start/medium-1/24proc/seed-2/1_b1c1s1_seed-2_20260502_184024/iterated_local_search/run_2_worker_12/ils_config_17475314945911531686.prm
[INFO]:[18:42:37] CPLEX results. Gap: 21.190000, upper bound: 26120.900000, lower bound: 20587.128061
[INFO]:[18:42:37] CPLEX solver finished. Gap: 21.190000
[INFO]:[18:42:37] New incumbent found with objective value: 21.19
[INFO]:[18:42:37] Starting CPLEX solver on instance: /home/yorig/tuner/mpils-tests/instances/miplib/medium-1/b1c1s1.mps with config: /scratch/yorig/mpils-results-grid-seconds-5-no-mip-start/medium-1/24proc/seed-2/1_b1c1s1_seed-2_20260502_184024/iterated_local_search/run_2_worker_12/ils_config_11925018669192135085.prm
[INFO]:[18:42:37] Starting CPLEX solver on instance: /home/yorig/tuner/mpils-tests/instances/miplib/medium-1/b1c1s1.mps with config: /scratch/yorig/mpils-results-grid-seconds-5-no-mip-start/medium-1/24proc/seed-2/1_b1c1s1_seed-2_20260502_184024/iterated_local_search/run_2_worker_12/ils_config_11925018669192135085.prm
[INFO]:[18:42:42] CPLEX results. Gap: 20.970000, upper bound: 25549.520000, lower bound: 20193.052803
[INFO]:[18:42:42] CPLEX solver finished. Gap: 20.970000
[INFO]:[18:42:42] New incumbent found with objective value: 20.97
[INFO]:[18:42:42] Starting CPLEX solver on instance: /home/yorig/tuner/mpils-tests/instances/miplib/medium-1/b1c1s1.mps with config: /scratch/yorig/mpils-results-grid-seconds-5-no-mip-start/medium-1/24proc/seed-2/1_b1c1s1_seed-2_20260502_184024/iterated_local_search/run_2_worker_12/ils_config_2462642427952148325.prm
[INFO]:[18:42:42] Starting CPLEX solver on instance: /home/yorig/tuner/mpils-tests/instances/miplib/medium-1/b1c1s1.mps with config: /scratch/yorig/mpils-results-grid-seconds-5-no-mip-start/medium-1/24proc/seed-2/1_b1c1s1_seed-2_20260502_184024/iterated_local_search/run_2_worker_12/ils_config_2462642427952148325.prm
[INFO]:[18:42:47] CPLEX results. Gap: 20.970000, upper bound: 25549.520000, lower bound: 20193.052803
[INFO]:[18:42:47] CPLEX solver finished. Gap: 20.970000
[INFO]:[18:42:47] Starting CPLEX solver on instance: /home/yorig/tuner/mpils-tests/instances/miplib/medium-1/b1c1s1.mps with config: /scratch/yorig/mpils-results-grid-seconds-5-no-mip-start/medium-1/24proc/seed-2/1_b1c1s1_seed-2_20260502_184024/iterated_local_search/run_2_worker_12/ils_config_11859593214455516332.prm
[INFO]:[18:42:47] Starting CPLEX solver on instance: /home/yorig/tuner/mpils-tests/instances/miplib/medium-1/b1c1s1.mps with config: /scratch/yorig/mpils-results-grid-seconds-5-no-mip-start/medium-1/24proc/seed-2/1_b1c1s1_seed-2_20260502_184024/iterated_local_search/run_2_worker_12/ils_config_11859593214455516332.prm
[INFO]:[18:42:52] CPLEX results. Gap: 20.570000, upper bound: 25652.620000, lower bound: 20376.586825
[INFO]:[18:42:52] CPLEX solver finished. Gap: 20.570000
[INFO]:[18:42:52] New incumbent found with objective value: 20.57
[INFO]:[18:42:52] Starting CPLEX solver on instance: /home/yorig/tuner/mpils-tests/instances/miplib/medium-1/b1c1s1.mps with config: /scratch/yorig/mpils-results-grid-seconds-5-no-mip-start/medium-1/24proc/seed-2/1_b1c1s1_seed-2_20260502_184024/iterated_local_search/run_2_worker_12/ils_config_8700019862602260237.prm
[INFO]:[18:42:52] Starting CPLEX solver on instance: /home/yorig/tuner/mpils-tests/instances/miplib/medium-1/b1c1s1.mps with config: /scratch/yorig/mpils-results-grid-seconds-5-no-mip-start/medium-1/24proc/seed-2/1_b1c1s1_seed-2_20260502_184024/iterated_local_search/run_2_worker_12/ils_config_8700019862602260237.prm
[INFO]:[18:42:57] CPLEX results. Gap: 33.540000, upper bound: 28062.080000, lower bound: 18649.282545
[INFO]:[18:42:57] CPLEX solver finished. Gap: 33.540000
[INFO]:[18:42:57] Starting CPLEX solver on instance: /home/yorig/tuner/mpils-tests/instances/miplib/medium-1/b1c1s1.mps with config: /scratch/yorig/mpils-results-grid-seconds-5-no-mip-start/medium-1/24proc/seed-2/1_b1c1s1_seed-2_20260502_184024/iterated_local_search/run_2_worker_12/ils_config_4843364378496247207.prm
[INFO]:[18:42:57] Starting CPLEX solver on instance: /home/yorig/tuner/mpils-tests/instances/miplib/medium-1/b1c1s1.mps with config: /scratch/yorig/mpils-results-grid-seconds-5-no-mip-start/medium-1/24proc/seed-2/1_b1c1s1_seed-2_20260502_184024/iterated_local_search/run_2_worker_12/ils_config_4843364378496247207.prm
[INFO]:[18:43:02] CPLEX results. Gap: 20.570000, upper bound: 25652.620000, lower bound: 20376.586825
[INFO]:[18:43:02] CPLEX solver finished. Gap: 20.570000
[INFO]:[18:43:02] Starting CPLEX solver on instance: /home/yorig/tuner/mpils-tests/instances/miplib/medium-1/b1c1s1.mps with config: /scratch/yorig/mpils-results-grid-seconds-5-no-mip-start/medium-1/24proc/seed-2/1_b1c1s1_seed-2_20260502_184024/iterated_local_search/run_2_worker_12/ils_config_9344872151783012661.prm
[INFO]:[18:43:02] Starting CPLEX solver on instance: /home/yorig/tuner/mpils-tests/instances/miplib/medium-1/b1c1s1.mps with config: /scratch/yorig/mpils-results-grid-seconds-5-no-mip-start/medium-1/24proc/seed-2/1_b1c1s1_seed-2_20260502_184024/iterated_local_search/run_2_worker_12/ils_config_9344872151783012661.prm
[INFO]:[18:43:07] CPLEX results. Gap: 22.120000, upper bound: 26097.600000, lower bound: 20325.908023
[INFO]:[18:43:07] CPLEX solver finished. Gap: 22.120000
[INFO]:[18:43:07] Local search phase completed.
[INFO]:[18:43:07] Total number of new local-search evaluations: 9
[INFO]:[18:43:07] Final incumbent objective value: 20.57
[INFO]:[18:43:07] Worker 12 completed exploration phase.
[INFO]:[18:43:07] Worker 12 received order for step 2.
[INFO]:[18:43:07] Worker 12 running expansion phase for iteration 2.
[INFO]:[18:43:07] Worker 12 will use solver log file: /scratch/yorig/mpils-results-grid-seconds-5-no-mip-start/medium-1/24proc/seed-2/1_b1c1s1_seed-2_20260502_184024/solver/cplex.log_iteration_expansion_2_worker_12
[INFO]:[18:43:07] Expansion Worker 12 starting expansion for iteration 2.
[INFO]:[18:43:07] Starting CPLEX solver on instance: /home/yorig/tuner/mpils-tests/instances/miplib/medium-1/b1c1s1.mps with config: /scratch/yorig/mpils-results-grid-seconds-5-no-mip-start/medium-1/24proc/seed-2/1_b1c1s1_seed-2_20260502_184024/expansion/config_param_CPXPARAM_MIP_Strategy_StartAlgorithm_4_iter_2.prm
[INFO]:[18:43:12] CPLEX results. Gap: 18.550000, upper bound: 25450.540000, lower bound: 20730.117790
[INFO]:[18:43:12] CPLEX solver finished. Gap: 18.550000
[INFO]:[18:43:12] Starting CPLEX solver on instance: /home/yorig/tuner/mpils-tests/instances/miplib/medium-1/b1c1s1.mps with config: /scratch/yorig/mpils-results-grid-seconds-5-no-mip-start/medium-1/24proc/seed-2/1_b1c1s1_seed-2_20260502_184024/expansion/config_param_CPXPARAM_MIP_Strategy_StartAlgorithm_5_iter_2.prm
[INFO]:[18:43:17] CPLEX results. Gap: 21.000000, upper bound: 26370.420000, lower bound: 20833.225955
[INFO]:[18:43:17] CPLEX solver finished. Gap: 21.000000
[INFO]:[18:43:17] Expansion Worker 12 completed expansion.
[INFO]:[18:43:17] Worker 12 completed expansion phase.
[INFO]:[18:43:17] Worker 12 received order for step 1.
[INFO]:[18:43:17] Worker 12 running exploration phase for iteration 3.
[INFO]:[18:43:17] Worker 12 at iteration 3 will not use a MIP start file. Current best MIP-start upper bound threshold is 1.79769e+308.
[INFO]:[18:43:17] Starting local search phase...
[INFO]:[18:43:17] Creating local search space from parameter space file: /scratch/yorig/mpils-results-grid-seconds-5-no-mip-start/medium-1/24proc/seed-2/1_b1c1s1_seed-2_20260502_184024/iterated_local_search/search_space/search_space_file_3_worker_12.txt
[INFO]:[18:43:17] Local search space loaded from file: /scratch/yorig/mpils-results-grid-seconds-5-no-mip-start/medium-1/24proc/seed-2/1_b1c1s1_seed-2_20260502_184024/iterated_local_search/search_space/search_space_file_3_worker_12.txt
[INFO]:[18:43:17] Number of parameters in local search space: 71
[INFO]:[18:43:17] Number of forbidden tuples in local search space: 27
[INFO]:[18:43:17] Number of conditionals in local search space: 6
[INFO]:[18:43:17] MIP start option not enabled. Local search will proceed without MIP start.
[INFO]:[18:43:17] Evaluating initial configuration for local search phase...
[INFO]:[18:43:17] Starting CPLEX solver on instance: /home/yorig/tuner/mpils-tests/instances/miplib/medium-1/b1c1s1.mps with config: /scratch/yorig/mpils-results-grid-seconds-5-no-mip-start/medium-1/24proc/seed-2/1_b1c1s1_seed-2_20260502_184024/iterated_local_search/run_3_worker_12/ils_config_5219230279590527837.prm
[INFO]:[18:43:17] Starting CPLEX solver on instance: /home/yorig/tuner/mpils-tests/instances/miplib/medium-1/b1c1s1.mps with config: /scratch/yorig/mpils-results-grid-seconds-5-no-mip-start/medium-1/24proc/seed-2/1_b1c1s1_seed-2_20260502_184024/iterated_local_search/run_3_worker_12/ils_config_5219230279590527837.prm
[INFO]:[18:43:22] CPLEX results. Gap: 71.330000, upper bound: 69995.090000, lower bound: 20067.333241
[INFO]:[18:43:22] CPLEX solver finished. Gap: 71.330000
[INFO]:[18:43:22] Initial configuration evaluated with objective value: 71.33
[INFO]:[18:43:22] Starting CPLEX solver on instance: /home/yorig/tuner/mpils-tests/instances/miplib/medium-1/b1c1s1.mps with config: /scratch/yorig/mpils-results-grid-seconds-5-no-mip-start/medium-1/24proc/seed-2/1_b1c1s1_seed-2_20260502_184024/iterated_local_search/run_3_worker_12/ils_config_11925600157819755723.prm
[INFO]:[18:43:22] Starting CPLEX solver on instance: /home/yorig/tuner/mpils-tests/instances/miplib/medium-1/b1c1s1.mps with config: /scratch/yorig/mpils-results-grid-seconds-5-no-mip-start/medium-1/24proc/seed-2/1_b1c1s1_seed-2_20260502_184024/iterated_local_search/run_3_worker_12/ils_config_11925600157819755723.prm
[INFO]:[18:43:28] CPLEX results. Gap: 63.150000, upper bound: 53742.880000, lower bound: 19803.149846
[INFO]:[18:43:28] CPLEX solver finished. Gap: 63.150000
[INFO]:[18:43:28] New incumbent found with objective value: 63.15
[INFO]:[18:43:28] Starting CPLEX solver on instance: /home/yorig/tuner/mpils-tests/instances/miplib/medium-1/b1c1s1.mps with config: /scratch/yorig/mpils-results-grid-seconds-5-no-mip-start/medium-1/24proc/seed-2/1_b1c1s1_seed-2_20260502_184024/iterated_local_search/run_3_worker_12/ils_config_10011314690781523359.prm
[INFO]:[18:43:28] Starting CPLEX solver on instance: /home/yorig/tuner/mpils-tests/instances/miplib/medium-1/b1c1s1.mps with config: /scratch/yorig/mpils-results-grid-seconds-5-no-mip-start/medium-1/24proc/seed-2/1_b1c1s1_seed-2_20260502_184024/iterated_local_search/run_3_worker_12/ils_config_10011314690781523359.prm
[INFO]:[18:43:33] CPLEX results. Gap: 63.150000, upper bound: 53742.880000, lower bound: 19803.149846
[INFO]:[18:43:33] CPLEX solver finished. Gap: 63.150000
[INFO]:[18:43:33] Starting CPLEX solver on instance: /home/yorig/tuner/mpils-tests/instances/miplib/medium-1/b1c1s1.mps with config: /scratch/yorig/mpils-results-grid-seconds-5-no-mip-start/medium-1/24proc/seed-2/1_b1c1s1_seed-2_20260502_184024/iterated_local_search/run_3_worker_12/ils_config_16090446081951679621.prm
[INFO]:[18:43:33] Starting CPLEX solver on instance: /home/yorig/tuner/mpils-tests/instances/miplib/medium-1/b1c1s1.mps with config: /scratch/yorig/mpils-results-grid-seconds-5-no-mip-start/medium-1/24proc/seed-2/1_b1c1s1_seed-2_20260502_184024/iterated_local_search/run_3_worker_12/ils_config_16090446081951679621.prm
[INFO]:[18:43:38] CPLEX results. Gap: 30.610000, upper bound: 28195.110000, lower bound: 19564.418526
[INFO]:[18:43:38] CPLEX solver finished. Gap: 30.610000
[INFO]:[18:43:38] New incumbent found with objective value: 30.61
[INFO]:[18:43:38] Starting CPLEX solver on instance: /home/yorig/tuner/mpils-tests/instances/miplib/medium-1/b1c1s1.mps with config: /scratch/yorig/mpils-results-grid-seconds-5-no-mip-start/medium-1/24proc/seed-2/1_b1c1s1_seed-2_20260502_184024/iterated_local_search/run_3_worker_12/ils_config_1795477998254533407.prm
[INFO]:[18:43:38] Starting CPLEX solver on instance: /home/yorig/tuner/mpils-tests/instances/miplib/medium-1/b1c1s1.mps with config: /scratch/yorig/mpils-results-grid-seconds-5-no-mip-start/medium-1/24proc/seed-2/1_b1c1s1_seed-2_20260502_184024/iterated_local_search/run_3_worker_12/ils_config_1795477998254533407.prm
[INFO]:[18:43:43] CPLEX results. Gap: 31.230000, upper bound: 28195.110000, lower bound: 19390.975370
[INFO]:[18:43:43] CPLEX solver finished. Gap: 31.230000
[INFO]:[18:43:43] Local search phase completed.
[INFO]:[18:43:43] Total number of new local-search evaluations: 5
[INFO]:[18:43:43] Final incumbent objective value: 30.61
[INFO]:[18:43:43] Worker 12 completed exploration phase.
[INFO]:[18:43:43] Worker 12 received order for step 2.
[INFO]:[18:43:43] Worker 12 running expansion phase for iteration 3.
[INFO]:[18:43:43] Worker 12 will use solver log file: /scratch/yorig/mpils-results-grid-seconds-5-no-mip-start/medium-1/24proc/seed-2/1_b1c1s1_seed-2_20260502_184024/solver/cplex.log_iteration_expansion_3_worker_12
[INFO]:[18:43:43] Expansion Worker 12 starting expansion for iteration 3.
[INFO]:[18:43:43] Starting CPLEX solver on instance: /home/yorig/tuner/mpils-tests/instances/miplib/medium-1/b1c1s1.mps with config: /scratch/yorig/mpils-results-grid-seconds-5-no-mip-start/medium-1/24proc/seed-2/1_b1c1s1_seed-2_20260502_184024/expansion/config_param_CPXPARAM_Barrier_Ordering_3_iter_3.prm
[INFO]:[18:43:48] CPLEX results. Gap: 16.590000, upper bound: 25110.500000, lower bound: 20945.171477
[INFO]:[18:43:48] CPLEX solver finished. Gap: 16.590000
[INFO]:[18:43:53] Expansion Worker 12 completed expansion.
[INFO]:[18:43:53] Worker 12 completed expansion phase.
[INFO]:[18:43:53] Worker 12 received order for step 1.
[INFO]:[18:43:53] Worker 12 running exploration phase for iteration 4.
[INFO]:[18:43:53] Worker 12 at iteration 4 will not use a MIP start file. Current best MIP-start upper bound threshold is 1.79769e+308.
[INFO]:[18:43:53] Starting local search phase...
[INFO]:[18:43:53] Creating local search space from parameter space file: /scratch/yorig/mpils-results-grid-seconds-5-no-mip-start/medium-1/24proc/seed-2/1_b1c1s1_seed-2_20260502_184024/iterated_local_search/search_space/search_space_file_4_worker_12.txt
[INFO]:[18:43:53] Local search space loaded from file: /scratch/yorig/mpils-results-grid-seconds-5-no-mip-start/medium-1/24proc/seed-2/1_b1c1s1_seed-2_20260502_184024/iterated_local_search/search_space/search_space_file_4_worker_12.txt
[INFO]:[18:43:53] Number of parameters in local search space: 71
[INFO]:[18:43:53] Number of forbidden tuples in local search space: 29
[INFO]:[18:43:53] Number of conditionals in local search space: 6
[INFO]:[18:43:53] MIP start option not enabled. Local search will proceed without MIP start.
[INFO]:[18:43:53] Evaluating initial configuration for local search phase...
[INFO]:[18:43:53] Starting CPLEX solver on instance: /home/yorig/tuner/mpils-tests/instances/miplib/medium-1/b1c1s1.mps with config: /scratch/yorig/mpils-results-grid-seconds-5-no-mip-start/medium-1/24proc/seed-2/1_b1c1s1_seed-2_20260502_184024/iterated_local_search/run_4_worker_12/ils_config_9650592758431435601.prm
[INFO]:[18:43:53] Starting CPLEX solver on instance: /home/yorig/tuner/mpils-tests/instances/miplib/medium-1/b1c1s1.mps with config: /scratch/yorig/mpils-results-grid-seconds-5-no-mip-start/medium-1/24proc/seed-2/1_b1c1s1_seed-2_20260502_184024/iterated_local_search/run_4_worker_12/ils_config_9650592758431435601.prm
[INFO]:[18:43:58] CPLEX results. Gap: 45.070000, upper bound: 26979.590000, lower bound: 14819.465920
[INFO]:[18:43:58] CPLEX solver finished. Gap: 45.070000
[INFO]:[18:43:58] Initial configuration evaluated with objective value: 45.07
[INFO]:[18:43:58] Starting CPLEX solver on instance: /home/yorig/tuner/mpils-tests/instances/miplib/medium-1/b1c1s1.mps with config: /scratch/yorig/mpils-results-grid-seconds-5-no-mip-start/medium-1/24proc/seed-2/1_b1c1s1_seed-2_20260502_184024/iterated_local_search/run_4_worker_12/ils_config_13905541234171039621.prm
[INFO]:[18:43:58] Starting CPLEX solver on instance: /home/yorig/tuner/mpils-tests/instances/miplib/medium-1/b1c1s1.mps with config: /scratch/yorig/mpils-results-grid-seconds-5-no-mip-start/medium-1/24proc/seed-2/1_b1c1s1_seed-2_20260502_184024/iterated_local_search/run_4_worker_12/ils_config_13905541234171039621.prm
[INFO]:[18:44:03] CPLEX results. Gap: 45.070000, upper bound: 26979.590000, lower bound: 14819.465920
[INFO]:[18:44:03] CPLEX solver finished. Gap: 45.070000
[INFO]:[18:44:03] Starting CPLEX solver on instance: /home/yorig/tuner/mpils-tests/instances/miplib/medium-1/b1c1s1.mps with config: /scratch/yorig/mpils-results-grid-seconds-5-no-mip-start/medium-1/24proc/seed-2/1_b1c1s1_seed-2_20260502_184024/iterated_local_search/run_4_worker_12/ils_config_17397219155759434856.prm
[INFO]:[18:44:03] Starting CPLEX solver on instance: /home/yorig/tuner/mpils-tests/instances/miplib/medium-1/b1c1s1.mps with config: /scratch/yorig/mpils-results-grid-seconds-5-no-mip-start/medium-1/24proc/seed-2/1_b1c1s1_seed-2_20260502_184024/iterated_local_search/run_4_worker_12/ils_config_17397219155759434856.prm
[INFO]:[18:44:08] CPLEX results. Gap: 45.630000, upper bound: 26979.590000, lower bound: 14669.754591
[INFO]:[18:44:08] CPLEX solver finished. Gap: 45.630000
[INFO]:[18:44:08] Starting CPLEX solver on instance: /home/yorig/tuner/mpils-tests/instances/miplib/medium-1/b1c1s1.mps with config: /scratch/yorig/mpils-results-grid-seconds-5-no-mip-start/medium-1/24proc/seed-2/1_b1c1s1_seed-2_20260502_184024/iterated_local_search/run_4_worker_12/ils_config_8168816409688390401.prm
[INFO]:[18:44:08] Starting CPLEX solver on instance: /home/yorig/tuner/mpils-tests/instances/miplib/medium-1/b1c1s1.mps with config: /scratch/yorig/mpils-results-grid-seconds-5-no-mip-start/medium-1/24proc/seed-2/1_b1c1s1_seed-2_20260502_184024/iterated_local_search/run_4_worker_12/ils_config_8168816409688390401.prm
[INFO]:[18:44:13] CPLEX results. Gap: 45.070000, upper bound: 26979.590000, lower bound: 14819.465920
[INFO]:[18:44:13] CPLEX solver finished. Gap: 45.070000
[INFO]:[18:44:13] Starting CPLEX solver on instance: /home/yorig/tuner/mpils-tests/instances/miplib/medium-1/b1c1s1.mps with config: /scratch/yorig/mpils-results-grid-seconds-5-no-mip-start/medium-1/24proc/seed-2/1_b1c1s1_seed-2_20260502_184024/iterated_local_search/run_4_worker_12/ils_config_11600185993178257548.prm
[INFO]:[18:44:13] Starting CPLEX solver on instance: /home/yorig/tuner/mpils-tests/instances/miplib/medium-1/b1c1s1.mps with config: /scratch/yorig/mpils-results-grid-seconds-5-no-mip-start/medium-1/24proc/seed-2/1_b1c1s1_seed-2_20260502_184024/iterated_local_search/run_4_worker_12/ils_config_11600185993178257548.prm
[INFO]:[18:44:18] CPLEX results. Gap: 45.070000, upper bound: 26979.590000, lower bound: 14819.465920
[INFO]:[18:44:18] CPLEX solver finished. Gap: 45.070000
[INFO]:[18:44:18] Starting CPLEX solver on instance: /home/yorig/tuner/mpils-tests/instances/miplib/medium-1/b1c1s1.mps with config: /scratch/yorig/mpils-results-grid-seconds-5-no-mip-start/medium-1/24proc/seed-2/1_b1c1s1_seed-2_20260502_184024/iterated_local_search/run_4_worker_12/ils_config_9224345273049318000.prm
[INFO]:[18:44:18] Starting CPLEX solver on instance: /home/yorig/tuner/mpils-tests/instances/miplib/medium-1/b1c1s1.mps with config: /scratch/yorig/mpils-results-grid-seconds-5-no-mip-start/medium-1/24proc/seed-2/1_b1c1s1_seed-2_20260502_184024/iterated_local_search/run_4_worker_12/ils_config_9224345273049318000.prm
[INFO]:[18:44:23] CPLEX results. Gap: 45.650000, upper bound: 26979.590000, lower bound: 14662.685722
[INFO]:[18:44:23] CPLEX solver finished. Gap: 45.650000
[INFO]:[18:44:23] Starting CPLEX solver on instance: /home/yorig/tuner/mpils-tests/instances/miplib/medium-1/b1c1s1.mps with config: /scratch/yorig/mpils-results-grid-seconds-5-no-mip-start/medium-1/24proc/seed-2/1_b1c1s1_seed-2_20260502_184024/iterated_local_search/run_4_worker_12/ils_config_15528981629039116966.prm
[INFO]:[18:44:23] Starting CPLEX solver on instance: /home/yorig/tuner/mpils-tests/instances/miplib/medium-1/b1c1s1.mps with config: /scratch/yorig/mpils-results-grid-seconds-5-no-mip-start/medium-1/24proc/seed-2/1_b1c1s1_seed-2_20260502_184024/iterated_local_search/run_4_worker_12/ils_config_15528981629039116966.prm
[INFO]:[18:44:28] CPLEX results. Gap: 45.380000, upper bound: 27682.570000, lower bound: 15119.311731
[INFO]:[18:44:28] CPLEX solver finished. Gap: 45.380000
[INFO]:[18:44:28] Starting CPLEX solver on instance: /home/yorig/tuner/mpils-tests/instances/miplib/medium-1/b1c1s1.mps with config: /scratch/yorig/mpils-results-grid-seconds-5-no-mip-start/medium-1/24proc/seed-2/1_b1c1s1_seed-2_20260502_184024/iterated_local_search/run_4_worker_12/ils_config_2651314041091919234.prm
[INFO]:[18:44:28] Starting CPLEX solver on instance: /home/yorig/tuner/mpils-tests/instances/miplib/medium-1/b1c1s1.mps with config: /scratch/yorig/mpils-results-grid-seconds-5-no-mip-start/medium-1/24proc/seed-2/1_b1c1s1_seed-2_20260502_184024/iterated_local_search/run_4_worker_12/ils_config_2651314041091919234.prm
[INFO]:[18:44:33] CPLEX results. Gap: 45.120000, upper bound: 26979.590000, lower bound: 14805.809225
[INFO]:[18:44:33] CPLEX solver finished. Gap: 45.120000
[INFO]:[18:44:33] Starting CPLEX solver on instance: /home/yorig/tuner/mpils-tests/instances/miplib/medium-1/b1c1s1.mps with config: /scratch/yorig/mpils-results-grid-seconds-5-no-mip-start/medium-1/24proc/seed-2/1_b1c1s1_seed-2_20260502_184024/iterated_local_search/run_4_worker_12/ils_config_15842965133761042141.prm
[INFO]:[18:44:33] Starting CPLEX solver on instance: /home/yorig/tuner/mpils-tests/instances/miplib/medium-1/b1c1s1.mps with config: /scratch/yorig/mpils-results-grid-seconds-5-no-mip-start/medium-1/24proc/seed-2/1_b1c1s1_seed-2_20260502_184024/iterated_local_search/run_4_worker_12/ils_config_15842965133761042141.prm
[INFO]:[18:44:38] CPLEX results. Gap: 48.580000, upper bound: 26979.590000, lower bound: 13872.148725
[INFO]:[18:44:38] CPLEX solver finished. Gap: 48.580000
[INFO]:[18:44:38] Starting CPLEX solver on instance: /home/yorig/tuner/mpils-tests/instances/miplib/medium-1/b1c1s1.mps with config: /scratch/yorig/mpils-results-grid-seconds-5-no-mip-start/medium-1/24proc/seed-2/1_b1c1s1_seed-2_20260502_184024/iterated_local_search/run_4_worker_12/ils_config_14474940058906756764.prm
[INFO]:[18:44:38] Starting CPLEX solver on instance: /home/yorig/tuner/mpils-tests/instances/miplib/medium-1/b1c1s1.mps with config: /scratch/yorig/mpils-results-grid-seconds-5-no-mip-start/medium-1/24proc/seed-2/1_b1c1s1_seed-2_20260502_184024/iterated_local_search/run_4_worker_12/ils_config_14474940058906756764.prm
[INFO]:[18:44:43] CPLEX results. Gap: 46.670000, upper bound: 26882.740000, lower bound: 14335.522768
[INFO]:[18:44:43] CPLEX solver finished. Gap: 46.670000
[INFO]:[18:44:43] Starting CPLEX solver on instance: /home/yorig/tuner/mpils-tests/instances/miplib/medium-1/b1c1s1.mps with config: /scratch/yorig/mpils-results-grid-seconds-5-no-mip-start/medium-1/24proc/seed-2/1_b1c1s1_seed-2_20260502_184024/iterated_local_search/run_4_worker_12/ils_config_1000441770742049529.prm
[INFO]:[18:44:43] Starting CPLEX solver on instance: /home/yorig/tuner/mpils-tests/instances/miplib/medium-1/b1c1s1.mps with config: /scratch/yorig/mpils-results-grid-seconds-5-no-mip-start/medium-1/24proc/seed-2/1_b1c1s1_seed-2_20260502_184024/iterated_local_search/run_4_worker_12/ils_config_1000441770742049529.prm
[INFO]:[18:44:48] CPLEX results. Gap: 80.090000, upper bound: 60811.910000, lower bound: 12106.765038
[INFO]:[18:44:48] CPLEX solver finished. Gap: 80.090000
[INFO]:[18:44:48] Starting CPLEX solver on instance: /home/yorig/tuner/mpils-tests/instances/miplib/medium-1/b1c1s1.mps with config: /scratch/yorig/mpils-results-grid-seconds-5-no-mip-start/medium-1/24proc/seed-2/1_b1c1s1_seed-2_20260502_184024/iterated_local_search/run_4_worker_12/ils_config_15351684686727020766.prm
[INFO]:[18:44:48] Starting CPLEX solver on instance: /home/yorig/tuner/mpils-tests/instances/miplib/medium-1/b1c1s1.mps with config: /scratch/yorig/mpils-results-grid-seconds-5-no-mip-start/medium-1/24proc/seed-2/1_b1c1s1_seed-2_20260502_184024/iterated_local_search/run_4_worker_12/ils_config_15351684686727020766.prm
[INFO]:[18:44:53] CPLEX results. Gap: 33.320000, upper bound: 26979.590000, lower bound: 17989.048163
[INFO]:[18:44:53] CPLEX solver finished. Gap: 33.320000
[INFO]:[18:44:53] New incumbent found with objective value: 33.32
[INFO]:[18:44:53] Starting CPLEX solver on instance: /home/yorig/tuner/mpils-tests/instances/miplib/medium-1/b1c1s1.mps with config: /scratch/yorig/mpils-results-grid-seconds-5-no-mip-start/medium-1/24proc/seed-2/1_b1c1s1_seed-2_20260502_184024/iterated_local_search/run_4_worker_12/ils_config_14717344065172698770.prm
[INFO]:[18:44:53] Starting CPLEX solver on instance: /home/yorig/tuner/mpils-tests/instances/miplib/medium-1/b1c1s1.mps with config: /scratch/yorig/mpils-results-grid-seconds-5-no-mip-start/medium-1/24proc/seed-2/1_b1c1s1_seed-2_20260502_184024/iterated_local_search/run_4_worker_12/ils_config_14717344065172698770.prm
[INFO]:[18:44:58] CPLEX results. Gap: 40.580000, upper bound: 26002.420000, lower bound: 15450.377271
[INFO]:[18:44:58] CPLEX solver finished. Gap: 40.580000
[INFO]:[18:44:58] Starting CPLEX solver on instance: /home/yorig/tuner/mpils-tests/instances/miplib/medium-1/b1c1s1.mps with config: /scratch/yorig/mpils-results-grid-seconds-5-no-mip-start/medium-1/24proc/seed-2/1_b1c1s1_seed-2_20260502_184024/iterated_local_search/run_4_worker_12/ils_config_18176548172487330920.prm
[INFO]:[18:44:58] Starting CPLEX solver on instance: /home/yorig/tuner/mpils-tests/instances/miplib/medium-1/b1c1s1.mps with config: /scratch/yorig/mpils-results-grid-seconds-5-no-mip-start/medium-1/24proc/seed-2/1_b1c1s1_seed-2_20260502_184024/iterated_local_search/run_4_worker_12/ils_config_18176548172487330920.prm
[INFO]:[18:45:03] CPLEX results. Gap: 33.320000, upper bound: 26979.590000, lower bound: 17989.048163
[INFO]:[18:45:03] CPLEX solver finished. Gap: 33.320000
[INFO]:[18:45:03] Starting CPLEX solver on instance: /home/yorig/tuner/mpils-tests/instances/miplib/medium-1/b1c1s1.mps with config: /scratch/yorig/mpils-results-grid-seconds-5-no-mip-start/medium-1/24proc/seed-2/1_b1c1s1_seed-2_20260502_184024/iterated_local_search/run_4_worker_12/ils_config_7020886170382220122.prm
[INFO]:[18:45:03] Starting CPLEX solver on instance: /home/yorig/tuner/mpils-tests/instances/miplib/medium-1/b1c1s1.mps with config: /scratch/yorig/mpils-results-grid-seconds-5-no-mip-start/medium-1/24proc/seed-2/1_b1c1s1_seed-2_20260502_184024/iterated_local_search/run_4_worker_12/ils_config_7020886170382220122.prm
[INFO]:[18:45:08] CPLEX results. Gap: 29.840000, upper bound: 26979.590000, lower bound: 18930.162092
[INFO]:[18:45:08] CPLEX solver finished. Gap: 29.840000
[INFO]:[18:45:08] New incumbent found with objective value: 29.84
[INFO]:[18:45:08] Starting CPLEX solver on instance: /home/yorig/tuner/mpils-tests/instances/miplib/medium-1/b1c1s1.mps with config: /scratch/yorig/mpils-results-grid-seconds-5-no-mip-start/medium-1/24proc/seed-2/1_b1c1s1_seed-2_20260502_184024/iterated_local_search/run_4_worker_12/ils_config_15553676870213459169.prm
[INFO]:[18:45:08] Starting CPLEX solver on instance: /home/yorig/tuner/mpils-tests/instances/miplib/medium-1/b1c1s1.mps with config: /scratch/yorig/mpils-results-grid-seconds-5-no-mip-start/medium-1/24proc/seed-2/1_b1c1s1_seed-2_20260502_184024/iterated_local_search/run_4_worker_12/ils_config_15553676870213459169.prm
[INFO]:[18:45:13] CPLEX results. Gap: 32.250000, upper bound: 28386.860000, lower bound: 19232.952315
[INFO]:[18:45:13] CPLEX solver finished. Gap: 32.250000
[INFO]:[18:45:13] Starting CPLEX solver on instance: /home/yorig/tuner/mpils-tests/instances/miplib/medium-1/b1c1s1.mps with config: /scratch/yorig/mpils-results-grid-seconds-5-no-mip-start/medium-1/24proc/seed-2/1_b1c1s1_seed-2_20260502_184024/iterated_local_search/run_4_worker_12/ils_config_586709936932511076.prm
[INFO]:[18:45:13] Starting CPLEX solver on instance: /home/yorig/tuner/mpils-tests/instances/miplib/medium-1/b1c1s1.mps with config: /scratch/yorig/mpils-results-grid-seconds-5-no-mip-start/medium-1/24proc/seed-2/1_b1c1s1_seed-2_20260502_184024/iterated_local_search/run_4_worker_12/ils_config_586709936932511076.prm
[INFO]:[18:45:18] CPLEX results. Gap: 26.330000, upper bound: 26979.590000, lower bound: 19875.892981
[INFO]:[18:45:18] CPLEX solver finished. Gap: 26.330000
[INFO]:[18:45:18] New incumbent found with objective value: 26.33
[INFO]:[18:45:19] Starting CPLEX solver on instance: /home/yorig/tuner/mpils-tests/instances/miplib/medium-1/b1c1s1.mps with config: /scratch/yorig/mpils-results-grid-seconds-5-no-mip-start/medium-1/24proc/seed-2/1_b1c1s1_seed-2_20260502_184024/iterated_local_search/run_4_worker_12/ils_config_8817850256490103357.prm
[INFO]:[18:45:19] Starting CPLEX solver on instance: /home/yorig/tuner/mpils-tests/instances/miplib/medium-1/b1c1s1.mps with config: /scratch/yorig/mpils-results-grid-seconds-5-no-mip-start/medium-1/24proc/seed-2/1_b1c1s1_seed-2_20260502_184024/iterated_local_search/run_4_worker_12/ils_config_8817850256490103357.prm
[INFO]:[18:45:24] CPLEX results. Gap: 78.160000, upper bound: 28218.430000, lower bound: 6162.413889
[INFO]:[18:45:24] CPLEX solver finished. Gap: 78.160000
[INFO]:[18:45:24] Starting CPLEX solver on instance: /home/yorig/tuner/mpils-tests/instances/miplib/medium-1/b1c1s1.mps with config: /scratch/yorig/mpils-results-grid-seconds-5-no-mip-start/medium-1/24proc/seed-2/1_b1c1s1_seed-2_20260502_184024/iterated_local_search/run_4_worker_12/ils_config_14467760921844631176.prm
[INFO]:[18:45:24] Starting CPLEX solver on instance: /home/yorig/tuner/mpils-tests/instances/miplib/medium-1/b1c1s1.mps with config: /scratch/yorig/mpils-results-grid-seconds-5-no-mip-start/medium-1/24proc/seed-2/1_b1c1s1_seed-2_20260502_184024/iterated_local_search/run_4_worker_12/ils_config_14467760921844631176.prm
[INFO]:[18:45:29] CPLEX results. Gap: 26.330000, upper bound: 26979.590000, lower bound: 19875.892981
[INFO]:[18:45:29] CPLEX solver finished. Gap: 26.330000
[INFO]:[18:45:29] Starting CPLEX solver on instance: /home/yorig/tuner/mpils-tests/instances/miplib/medium-1/b1c1s1.mps with config: /scratch/yorig/mpils-results-grid-seconds-5-no-mip-start/medium-1/24proc/seed-2/1_b1c1s1_seed-2_20260502_184024/iterated_local_search/run_4_worker_12/ils_config_10381134971242737562.prm
[INFO]:[18:45:29] Starting CPLEX solver on instance: /home/yorig/tuner/mpils-tests/instances/miplib/medium-1/b1c1s1.mps with config: /scratch/yorig/mpils-results-grid-seconds-5-no-mip-start/medium-1/24proc/seed-2/1_b1c1s1_seed-2_20260502_184024/iterated_local_search/run_4_worker_12/ils_config_10381134971242737562.prm
[INFO]:[18:45:34] CPLEX results. Gap: 27.250000, upper bound: 26979.590000, lower bound: 19628.804098
[INFO]:[18:45:34] CPLEX solver finished. Gap: 27.250000
[INFO]:[18:45:34] Starting CPLEX solver on instance: /home/yorig/tuner/mpils-tests/instances/miplib/medium-1/b1c1s1.mps with config: /scratch/yorig/mpils-results-grid-seconds-5-no-mip-start/medium-1/24proc/seed-2/1_b1c1s1_seed-2_20260502_184024/iterated_local_search/run_4_worker_12/ils_config_8212459852333655877.prm
[INFO]:[18:45:34] Starting CPLEX solver on instance: /home/yorig/tuner/mpils-tests/instances/miplib/medium-1/b1c1s1.mps with config: /scratch/yorig/mpils-results-grid-seconds-5-no-mip-start/medium-1/24proc/seed-2/1_b1c1s1_seed-2_20260502_184024/iterated_local_search/run_4_worker_12/ils_config_8212459852333655877.prm
[INFO]:[18:45:39] CPLEX results. Gap: 26.330000, upper bound: 26979.590000, lower bound: 19875.892981
[INFO]:[18:45:39] CPLEX solver finished. Gap: 26.330000
[INFO]:[18:45:39] Local search phase completed.
[INFO]:[18:45:39] Total number of new local-search evaluations: 21
[INFO]:[18:45:39] Final incumbent objective value: 26.33
[INFO]:[18:45:39] Worker 12 completed exploration phase.
[INFO]:[18:45:39] Worker 12 received order for step 2.
[INFO]:[18:45:39] Worker 12 running expansion phase for iteration 4.
[INFO]:[18:45:39] Worker 12 will use solver log file: /scratch/yorig/mpils-results-grid-seconds-5-no-mip-start/medium-1/24proc/seed-2/1_b1c1s1_seed-2_20260502_184024/solver/cplex.log_iteration_expansion_4_worker_12
[INFO]:[18:45:39] Expansion Worker 12 starting expansion for iteration 4.
[INFO]:[18:45:39] Starting CPLEX solver on instance: /home/yorig/tuner/mpils-tests/instances/miplib/medium-1/b1c1s1.mps with config: /scratch/yorig/mpils-results-grid-seconds-5-no-mip-start/medium-1/24proc/seed-2/1_b1c1s1_seed-2_20260502_184024/expansion/config_param_CPXPARAM_Network_Pricing_1_iter_4.prm
[INFO]:[18:45:44] CPLEX results. Gap: 17.010000, upper bound: 24993.840000, lower bound: 20742.396636
[INFO]:[18:45:44] CPLEX solver finished. Gap: 17.010000
[INFO]:[18:45:49] Expansion Worker 12 completed expansion.
[INFO]:[18:45:49] Worker 12 completed expansion phase.
[INFO]:[18:45:50] Worker 12 received order for step 1.
[INFO]:[18:45:50] Worker 12 running exploration phase for iteration 5.
[INFO]:[18:45:50] Worker 12 at iteration 5 will not use a MIP start file. Current best MIP-start upper bound threshold is 1.79769e+308.
[INFO]:[18:45:50] Starting local search phase...
[INFO]:[18:45:50] Creating local search space from parameter space file: /scratch/yorig/mpils-results-grid-seconds-5-no-mip-start/medium-1/24proc/seed-2/1_b1c1s1_seed-2_20260502_184024/iterated_local_search/search_space/search_space_file_5_worker_12.txt
[INFO]:[18:45:50] Local search space loaded from file: /scratch/yorig/mpils-results-grid-seconds-5-no-mip-start/medium-1/24proc/seed-2/1_b1c1s1_seed-2_20260502_184024/iterated_local_search/search_space/search_space_file_5_worker_12.txt
[INFO]:[18:45:50] Number of parameters in local search space: 71
[INFO]:[18:45:50] Number of forbidden tuples in local search space: 23
[INFO]:[18:45:50] Number of conditionals in local search space: 6
[INFO]:[18:45:50] MIP start option not enabled. Local search will proceed without MIP start.
[INFO]:[18:45:50] Evaluating initial configuration for local search phase...
[INFO]:[18:45:50] Starting CPLEX solver on instance: /home/yorig/tuner/mpils-tests/instances/miplib/medium-1/b1c1s1.mps with config: /scratch/yorig/mpils-results-grid-seconds-5-no-mip-start/medium-1/24proc/seed-2/1_b1c1s1_seed-2_20260502_184024/iterated_local_search/run_5_worker_12/ils_config_17740579104747281702.prm
[INFO]:[18:45:50] Starting CPLEX solver on instance: /home/yorig/tuner/mpils-tests/instances/miplib/medium-1/b1c1s1.mps with config: /scratch/yorig/mpils-results-grid-seconds-5-no-mip-start/medium-1/24proc/seed-2/1_b1c1s1_seed-2_20260502_184024/iterated_local_search/run_5_worker_12/ils_config_17740579104747281702.prm
[INFO]:[18:45:55] CPLEX results. Gap: 59.900000, upper bound: 28855.480000, lower bound: 11569.697255
[INFO]:[18:45:55] CPLEX solver finished. Gap: 59.900000
[INFO]:[18:45:55] Initial configuration evaluated with objective value: 59.9
[INFO]:[18:45:55] Starting CPLEX solver on instance: /home/yorig/tuner/mpils-tests/instances/miplib/medium-1/b1c1s1.mps with config: /scratch/yorig/mpils-results-grid-seconds-5-no-mip-start/medium-1/24proc/seed-2/1_b1c1s1_seed-2_20260502_184024/iterated_local_search/run_5_worker_12/ils_config_14077589808530273618.prm
[INFO]:[18:45:55] Starting CPLEX solver on instance: /home/yorig/tuner/mpils-tests/instances/miplib/medium-1/b1c1s1.mps with config: /scratch/yorig/mpils-results-grid-seconds-5-no-mip-start/medium-1/24proc/seed-2/1_b1c1s1_seed-2_20260502_184024/iterated_local_search/run_5_worker_12/ils_config_14077589808530273618.prm
[INFO]:[18:46:00] CPLEX results. Gap: 59.900000, upper bound: 28855.480000, lower bound: 11569.697255
[INFO]:[18:46:00] CPLEX solver finished. Gap: 59.900000
[INFO]:[18:46:00] Starting CPLEX solver on instance: /home/yorig/tuner/mpils-tests/instances/miplib/medium-1/b1c1s1.mps with config: /scratch/yorig/mpils-results-grid-seconds-5-no-mip-start/medium-1/24proc/seed-2/1_b1c1s1_seed-2_20260502_184024/iterated_local_search/run_5_worker_12/ils_config_17621421273727019421.prm
[INFO]:[18:46:00] Starting CPLEX solver on instance: /home/yorig/tuner/mpils-tests/instances/miplib/medium-1/b1c1s1.mps with config: /scratch/yorig/mpils-results-grid-seconds-5-no-mip-start/medium-1/24proc/seed-2/1_b1c1s1_seed-2_20260502_184024/iterated_local_search/run_5_worker_12/ils_config_17621421273727019421.prm
[INFO]:[18:46:05] CPLEX results. Gap: 59.900000, upper bound: 28855.480000, lower bound: 11569.697255
[INFO]:[18:46:05] CPLEX solver finished. Gap: 59.900000
[INFO]:[18:46:05] Starting CPLEX solver on instance: /home/yorig/tuner/mpils-tests/instances/miplib/medium-1/b1c1s1.mps with config: /scratch/yorig/mpils-results-grid-seconds-5-no-mip-start/medium-1/24proc/seed-2/1_b1c1s1_seed-2_20260502_184024/iterated_local_search/run_5_worker_12/ils_config_10591020708243011072.prm
[INFO]:[18:46:05] Starting CPLEX solver on instance: /home/yorig/tuner/mpils-tests/instances/miplib/medium-1/b1c1s1.mps with config: /scratch/yorig/mpils-results-grid-seconds-5-no-mip-start/medium-1/24proc/seed-2/1_b1c1s1_seed-2_20260502_184024/iterated_local_search/run_5_worker_12/ils_config_10591020708243011072.prm
[INFO]:[18:46:10] CPLEX results. Gap: 68.250000, upper bound: 35801.270000, lower bound: 11365.338755
[INFO]:[18:46:10] CPLEX solver finished. Gap: 68.250000
[INFO]:[18:46:10] Starting CPLEX solver on instance: /home/yorig/tuner/mpils-tests/instances/miplib/medium-1/b1c1s1.mps with config: /scratch/yorig/mpils-results-grid-seconds-5-no-mip-start/medium-1/24proc/seed-2/1_b1c1s1_seed-2_20260502_184024/iterated_local_search/run_5_worker_12/ils_config_2678774301781077266.prm
[INFO]:[18:46:10] Starting CPLEX solver on instance: /home/yorig/tuner/mpils-tests/instances/miplib/medium-1/b1c1s1.mps with config: /scratch/yorig/mpils-results-grid-seconds-5-no-mip-start/medium-1/24proc/seed-2/1_b1c1s1_seed-2_20260502_184024/iterated_local_search/run_5_worker_12/ils_config_2678774301781077266.prm
[INFO]:[18:46:15] CPLEX results. Gap: 55.540000, upper bound: 34741.890000, lower bound: 15445.224502
[INFO]:[18:46:15] CPLEX solver finished. Gap: 55.540000
[INFO]:[18:46:15] New incumbent found with objective value: 55.54
[INFO]:[18:46:15] Starting CPLEX solver on instance: /home/yorig/tuner/mpils-tests/instances/miplib/medium-1/b1c1s1.mps with config: /scratch/yorig/mpils-results-grid-seconds-5-no-mip-start/medium-1/24proc/seed-2/1_b1c1s1_seed-2_20260502_184024/iterated_local_search/run_5_worker_12/ils_config_11038453975575715444.prm
[INFO]:[18:46:15] Starting CPLEX solver on instance: /home/yorig/tuner/mpils-tests/instances/miplib/medium-1/b1c1s1.mps with config: /scratch/yorig/mpils-results-grid-seconds-5-no-mip-start/medium-1/24proc/seed-2/1_b1c1s1_seed-2_20260502_184024/iterated_local_search/run_5_worker_12/ils_config_11038453975575715444.prm
[INFO]:[18:46:20] CPLEX results. Gap: 55.540000, upper bound: 34741.890000, lower bound: 15445.224502
[INFO]:[18:46:20] CPLEX solver finished. Gap: 55.540000
[INFO]:[18:46:20] Starting CPLEX solver on instance: /home/yorig/tuner/mpils-tests/instances/miplib/medium-1/b1c1s1.mps with config: /scratch/yorig/mpils-results-grid-seconds-5-no-mip-start/medium-1/24proc/seed-2/1_b1c1s1_seed-2_20260502_184024/iterated_local_search/run_5_worker_12/ils_config_10738077010677618438.prm
[INFO]:[18:46:20] Starting CPLEX solver on instance: /home/yorig/tuner/mpils-tests/instances/miplib/medium-1/b1c1s1.mps with config: /scratch/yorig/mpils-results-grid-seconds-5-no-mip-start/medium-1/24proc/seed-2/1_b1c1s1_seed-2_20260502_184024/iterated_local_search/run_5_worker_12/ils_config_10738077010677618438.prm
[INFO]:[18:46:25] CPLEX results. Gap: 64.390000, upper bound: 43768.470000, lower bound: 15587.630491
[INFO]:[18:46:25] CPLEX solver finished. Gap: 64.390000
[INFO]:[18:46:25] Starting CPLEX solver on instance: /home/yorig/tuner/mpils-tests/instances/miplib/medium-1/b1c1s1.mps with config: /scratch/yorig/mpils-results-grid-seconds-5-no-mip-start/medium-1/24proc/seed-2/1_b1c1s1_seed-2_20260502_184024/iterated_local_search/run_5_worker_12/ils_config_12344879129151064775.prm
[INFO]:[18:46:25] Starting CPLEX solver on instance: /home/yorig/tuner/mpils-tests/instances/miplib/medium-1/b1c1s1.mps with config: /scratch/yorig/mpils-results-grid-seconds-5-no-mip-start/medium-1/24proc/seed-2/1_b1c1s1_seed-2_20260502_184024/iterated_local_search/run_5_worker_12/ils_config_12344879129151064775.prm
[INFO]:[18:46:30] CPLEX results. Gap: 61.900000, upper bound: 30111.060000, lower bound: 11471.128491
[INFO]:[18:46:30] CPLEX solver finished. Gap: 61.900000
[INFO]:[18:46:30] Starting CPLEX solver on instance: /home/yorig/tuner/mpils-tests/instances/miplib/medium-1/b1c1s1.mps with config: /scratch/yorig/mpils-results-grid-seconds-5-no-mip-start/medium-1/24proc/seed-2/1_b1c1s1_seed-2_20260502_184024/iterated_local_search/run_5_worker_12/ils_config_3820843959578064868.prm
[INFO]:[18:46:30] Starting CPLEX solver on instance: /home/yorig/tuner/mpils-tests/instances/miplib/medium-1/b1c1s1.mps with config: /scratch/yorig/mpils-results-grid-seconds-5-no-mip-start/medium-1/24proc/seed-2/1_b1c1s1_seed-2_20260502_184024/iterated_local_search/run_5_worker_12/ils_config_3820843959578064868.prm
[INFO]:[18:46:35] CPLEX results. Gap: 42.030000, upper bound: 27483.140000, lower bound: 15932.352315
[INFO]:[18:46:35] CPLEX solver finished. Gap: 42.030000
[INFO]:[18:46:35] New incumbent found with objective value: 42.03
[INFO]:[18:46:35] Starting CPLEX solver on instance: /home/yorig/tuner/mpils-tests/instances/miplib/medium-1/b1c1s1.mps with config: /scratch/yorig/mpils-results-grid-seconds-5-no-mip-start/medium-1/24proc/seed-2/1_b1c1s1_seed-2_20260502_184024/iterated_local_search/run_5_worker_12/ils_config_4157000230526839855.prm
[INFO]:[18:46:35] Starting CPLEX solver on instance: /home/yorig/tuner/mpils-tests/instances/miplib/medium-1/b1c1s1.mps with config: /scratch/yorig/mpils-results-grid-seconds-5-no-mip-start/medium-1/24proc/seed-2/1_b1c1s1_seed-2_20260502_184024/iterated_local_search/run_5_worker_12/ils_config_4157000230526839855.prm
[INFO]:[18:46:40] CPLEX results. Gap: 37.750000, upper bound: 26483.800000, lower bound: 16487.282153
[INFO]:[18:46:40] CPLEX solver finished. Gap: 37.750000
[INFO]:[18:46:40] New incumbent found with objective value: 37.75
[INFO]:[18:46:40] Starting CPLEX solver on instance: /home/yorig/tuner/mpils-tests/instances/miplib/medium-1/b1c1s1.mps with config: /scratch/yorig/mpils-results-grid-seconds-5-no-mip-start/medium-1/24proc/seed-2/1_b1c1s1_seed-2_20260502_184024/iterated_local_search/run_5_worker_12/ils_config_4593427928315095176.prm
[INFO]:[18:46:40] Starting CPLEX solver on instance: /home/yorig/tuner/mpils-tests/instances/miplib/medium-1/b1c1s1.mps with config: /scratch/yorig/mpils-results-grid-seconds-5-no-mip-start/medium-1/24proc/seed-2/1_b1c1s1_seed-2_20260502_184024/iterated_local_search/run_5_worker_12/ils_config_4593427928315095176.prm
[INFO]:[18:46:46] CPLEX results. Gap: 76.330000, upper bound: 69995.090000, lower bound: 16568.743040
[INFO]:[18:46:46] CPLEX solver finished. Gap: 76.330000
[INFO]:[18:46:46] Starting CPLEX solver on instance: /home/yorig/tuner/mpils-tests/instances/miplib/medium-1/b1c1s1.mps with config: /scratch/yorig/mpils-results-grid-seconds-5-no-mip-start/medium-1/24proc/seed-2/1_b1c1s1_seed-2_20260502_184024/iterated_local_search/run_5_worker_12/ils_config_3344415594277325910.prm
[INFO]:[18:46:46] Starting CPLEX solver on instance: /home/yorig/tuner/mpils-tests/instances/miplib/medium-1/b1c1s1.mps with config: /scratch/yorig/mpils-results-grid-seconds-5-no-mip-start/medium-1/24proc/seed-2/1_b1c1s1_seed-2_20260502_184024/iterated_local_search/run_5_worker_12/ils_config_3344415594277325910.prm
[INFO]:[18:46:51] CPLEX results. Gap: 44.010000, upper bound: 27917.020000, lower bound: 15631.289007
[INFO]:[18:46:51] CPLEX solver finished. Gap: 44.010000
[INFO]:[18:46:51] Starting CPLEX solver on instance: /home/yorig/tuner/mpils-tests/instances/miplib/medium-1/b1c1s1.mps with config: /scratch/yorig/mpils-results-grid-seconds-5-no-mip-start/medium-1/24proc/seed-2/1_b1c1s1_seed-2_20260502_184024/iterated_local_search/run_5_worker_12/ils_config_14326165976562899476.prm
[INFO]:[18:46:51] Starting CPLEX solver on instance: /home/yorig/tuner/mpils-tests/instances/miplib/medium-1/b1c1s1.mps with config: /scratch/yorig/mpils-results-grid-seconds-5-no-mip-start/medium-1/24proc/seed-2/1_b1c1s1_seed-2_20260502_184024/iterated_local_search/run_5_worker_12/ils_config_14326165976562899476.prm
[INFO]:[18:46:56] CPLEX results. Gap: 38.640000, upper bound: 26868.380000, lower bound: 16487.282153
[INFO]:[18:46:56] CPLEX solver finished. Gap: 38.640000
[INFO]:[18:46:56] Starting CPLEX solver on instance: /home/yorig/tuner/mpils-tests/instances/miplib/medium-1/b1c1s1.mps with config: /scratch/yorig/mpils-results-grid-seconds-5-no-mip-start/medium-1/24proc/seed-2/1_b1c1s1_seed-2_20260502_184024/iterated_local_search/run_5_worker_12/ils_config_14589987808538892632.prm
[INFO]:[18:46:56] Starting CPLEX solver on instance: /home/yorig/tuner/mpils-tests/instances/miplib/medium-1/b1c1s1.mps with config: /scratch/yorig/mpils-results-grid-seconds-5-no-mip-start/medium-1/24proc/seed-2/1_b1c1s1_seed-2_20260502_184024/iterated_local_search/run_5_worker_12/ils_config_14589987808538892632.prm
[INFO]:[18:47:01] CPLEX results. Gap: 40.520000, upper bound: 28225.850000, lower bound: 16788.488263
[INFO]:[18:47:01] CPLEX solver finished. Gap: 40.520000
[INFO]:[18:47:01] Starting CPLEX solver on instance: /home/yorig/tuner/mpils-tests/instances/miplib/medium-1/b1c1s1.mps with config: /scratch/yorig/mpils-results-grid-seconds-5-no-mip-start/medium-1/24proc/seed-2/1_b1c1s1_seed-2_20260502_184024/iterated_local_search/run_5_worker_12/ils_config_8872771273472490217.prm
[INFO]:[18:47:01] Starting CPLEX solver on instance: /home/yorig/tuner/mpils-tests/instances/miplib/medium-1/b1c1s1.mps with config: /scratch/yorig/mpils-results-grid-seconds-5-no-mip-start/medium-1/24proc/seed-2/1_b1c1s1_seed-2_20260502_184024/iterated_local_search/run_5_worker_12/ils_config_8872771273472490217.prm
[INFO]:[18:47:06] CPLEX results. Gap: 40.950000, upper bound: 28010.310000, lower bound: 16539.435342
[INFO]:[18:47:06] CPLEX solver finished. Gap: 40.950000
[INFO]:[18:47:06] Starting CPLEX solver on instance: /home/yorig/tuner/mpils-tests/instances/miplib/medium-1/b1c1s1.mps with config: /scratch/yorig/mpils-results-grid-seconds-5-no-mip-start/medium-1/24proc/seed-2/1_b1c1s1_seed-2_20260502_184024/iterated_local_search/run_5_worker_12/ils_config_850747675472696879.prm
[INFO]:[18:47:06] Starting CPLEX solver on instance: /home/yorig/tuner/mpils-tests/instances/miplib/medium-1/b1c1s1.mps with config: /scratch/yorig/mpils-results-grid-seconds-5-no-mip-start/medium-1/24proc/seed-2/1_b1c1s1_seed-2_20260502_184024/iterated_local_search/run_5_worker_12/ils_config_850747675472696879.prm
[INFO]:[18:47:11] CPLEX results. Gap: 66.370000, upper bound: 58456.810000, lower bound: 19656.363810
[INFO]:[18:47:11] CPLEX solver finished. Gap: 66.370000
[INFO]:[18:47:11] Starting CPLEX solver on instance: /home/yorig/tuner/mpils-tests/instances/miplib/medium-1/b1c1s1.mps with config: /scratch/yorig/mpils-results-grid-seconds-5-no-mip-start/medium-1/24proc/seed-2/1_b1c1s1_seed-2_20260502_184024/iterated_local_search/run_5_worker_12/ils_config_11211354730190588408.prm
[INFO]:[18:47:11] Starting CPLEX solver on instance: /home/yorig/tuner/mpils-tests/instances/miplib/medium-1/b1c1s1.mps with config: /scratch/yorig/mpils-results-grid-seconds-5-no-mip-start/medium-1/24proc/seed-2/1_b1c1s1_seed-2_20260502_184024/iterated_local_search/run_5_worker_12/ils_config_11211354730190588408.prm
[INFO]:[18:47:16] CPLEX results. Gap: 39.180000, upper bound: 27109.770000, lower bound: 16487.282153
[INFO]:[18:47:16] CPLEX solver finished. Gap: 39.180000
[INFO]:[18:47:16] Starting CPLEX solver on instance: /home/yorig/tuner/mpils-tests/instances/miplib/medium-1/b1c1s1.mps with config: /scratch/yorig/mpils-results-grid-seconds-5-no-mip-start/medium-1/24proc/seed-2/1_b1c1s1_seed-2_20260502_184024/iterated_local_search/run_5_worker_12/ils_config_6925020389626669349.prm
[INFO]:[18:47:16] Starting CPLEX solver on instance: /home/yorig/tuner/mpils-tests/instances/miplib/medium-1/b1c1s1.mps with config: /scratch/yorig/mpils-results-grid-seconds-5-no-mip-start/medium-1/24proc/seed-2/1_b1c1s1_seed-2_20260502_184024/iterated_local_search/run_5_worker_12/ils_config_6925020389626669349.prm
[INFO]:[18:47:21] CPLEX results. Gap: 45.150000, upper bound: 27592.720000, lower bound: 15133.867211
[INFO]:[18:47:21] CPLEX solver finished. Gap: 45.150000
[INFO]:[18:47:21] Local search phase completed.
[INFO]:[18:47:21] Total number of new local-search evaluations: 18
[INFO]:[18:47:21] Final incumbent objective value: 37.75
[INFO]:[18:47:21] Worker 12 completed exploration phase.
[INFO]:[18:47:21] Worker 12 received order for step 2.
[INFO]:[18:47:21] Worker 12 running expansion phase for iteration 5.
[INFO]:[18:47:21] Worker 12 will use solver log file: /scratch/yorig/mpils-results-grid-seconds-5-no-mip-start/medium-1/24proc/seed-2/1_b1c1s1_seed-2_20260502_184024/solver/cplex.log_iteration_expansion_5_worker_12
[INFO]:[18:47:21] Expansion Worker 12 starting expansion for iteration 5.
[INFO]:[18:47:21] Starting CPLEX solver on instance: /home/yorig/tuner/mpils-tests/instances/miplib/medium-1/b1c1s1.mps with config: /scratch/yorig/mpils-results-grid-seconds-5-no-mip-start/medium-1/24proc/seed-2/1_b1c1s1_seed-2_20260502_184024/expansion/config_param_CPXPARAM_Simplex_Limits_Singularity_5_iter_5.prm
[INFO]:[18:47:26] CPLEX results. Gap: 16.500000, upper bound: 24839.820000, lower bound: 20742.396636
[INFO]:[18:47:26] CPLEX solver finished. Gap: 16.500000
[INFO]:[18:47:31] Expansion Worker 12 completed expansion.
[INFO]:[18:47:31] Worker 12 completed expansion phase.
[INFO]:[18:47:32] Worker 12 received order for step 1.
[INFO]:[18:47:32] Worker 12 running exploration phase for iteration 6.
[INFO]:[18:47:32] Worker 12 at iteration 6 will not use a MIP start file. Current best MIP-start upper bound threshold is 1.79769e+308.
[INFO]:[18:47:32] Starting local search phase...
[INFO]:[18:47:32] Creating local search space from parameter space file: /scratch/yorig/mpils-results-grid-seconds-5-no-mip-start/medium-1/24proc/seed-2/1_b1c1s1_seed-2_20260502_184024/iterated_local_search/search_space/search_space_file_6_worker_12.txt
[INFO]:[18:47:32] Local search space loaded from file: /scratch/yorig/mpils-results-grid-seconds-5-no-mip-start/medium-1/24proc/seed-2/1_b1c1s1_seed-2_20260502_184024/iterated_local_search/search_space/search_space_file_6_worker_12.txt
[INFO]:[18:47:32] Number of parameters in local search space: 71
[INFO]:[18:47:32] Number of forbidden tuples in local search space: 27
[INFO]:[18:47:32] Number of conditionals in local search space: 6
[INFO]:[18:47:32] MIP start option not enabled. Local search will proceed without MIP start.
[INFO]:[18:47:32] Evaluating initial configuration for local search phase...
[INFO]:[18:47:32] Starting CPLEX solver on instance: /home/yorig/tuner/mpils-tests/instances/miplib/medium-1/b1c1s1.mps with config: /scratch/yorig/mpils-results-grid-seconds-5-no-mip-start/medium-1/24proc/seed-2/1_b1c1s1_seed-2_20260502_184024/iterated_local_search/run_6_worker_12/ils_config_16243293083713981089.prm
[INFO]:[18:47:32] Starting CPLEX solver on instance: /home/yorig/tuner/mpils-tests/instances/miplib/medium-1/b1c1s1.mps with config: /scratch/yorig/mpils-results-grid-seconds-5-no-mip-start/medium-1/24proc/seed-2/1_b1c1s1_seed-2_20260502_184024/iterated_local_search/run_6_worker_12/ils_config_16243293083713981089.prm
[INFO]:[18:47:37] CPLEX results. Gap: 79.170000, upper bound: 69966.450000, lower bound: 14573.820099
[INFO]:[18:47:37] CPLEX solver finished. Gap: 79.170000
[INFO]:[18:47:37] Initial configuration evaluated with objective value: 79.17
[INFO]:[18:47:37] Starting CPLEX solver on instance: /home/yorig/tuner/mpils-tests/instances/miplib/medium-1/b1c1s1.mps with config: /scratch/yorig/mpils-results-grid-seconds-5-no-mip-start/medium-1/24proc/seed-2/1_b1c1s1_seed-2_20260502_184024/iterated_local_search/run_6_worker_12/ils_config_10026006775992633191.prm
[INFO]:[18:47:37] Starting CPLEX solver on instance: /home/yorig/tuner/mpils-tests/instances/miplib/medium-1/b1c1s1.mps with config: /scratch/yorig/mpils-results-grid-seconds-5-no-mip-start/medium-1/24proc/seed-2/1_b1c1s1_seed-2_20260502_184024/iterated_local_search/run_6_worker_12/ils_config_10026006775992633191.prm
[INFO]:[18:47:42] CPLEX results. Gap: 81.350000, upper bound: 65188.180000, lower bound: 12154.420243
[INFO]:[18:47:42] CPLEX solver finished. Gap: 81.350000
[INFO]:[18:47:42] Starting CPLEX solver on instance: /home/yorig/tuner/mpils-tests/instances/miplib/medium-1/b1c1s1.mps with config: /scratch/yorig/mpils-results-grid-seconds-5-no-mip-start/medium-1/24proc/seed-2/1_b1c1s1_seed-2_20260502_184024/iterated_local_search/run_6_worker_12/ils_config_15879113902006632026.prm
[INFO]:[18:47:42] Starting CPLEX solver on instance: /home/yorig/tuner/mpils-tests/instances/miplib/medium-1/b1c1s1.mps with config: /scratch/yorig/mpils-results-grid-seconds-5-no-mip-start/medium-1/24proc/seed-2/1_b1c1s1_seed-2_20260502_184024/iterated_local_search/run_6_worker_12/ils_config_15879113902006632026.prm
[INFO]:[18:47:47] CPLEX results. Gap: 79.170000, upper bound: 69966.450000, lower bound: 14573.820099
[INFO]:[18:47:47] CPLEX solver finished. Gap: 79.170000
[INFO]:[18:47:47] Starting CPLEX solver on instance: /home/yorig/tuner/mpils-tests/instances/miplib/medium-1/b1c1s1.mps with config: /scratch/yorig/mpils-results-grid-seconds-5-no-mip-start/medium-1/24proc/seed-2/1_b1c1s1_seed-2_20260502_184024/iterated_local_search/run_6_worker_12/ils_config_15722543964373547429.prm
[INFO]:[18:47:47] Starting CPLEX solver on instance: /home/yorig/tuner/mpils-tests/instances/miplib/medium-1/b1c1s1.mps with config: /scratch/yorig/mpils-results-grid-seconds-5-no-mip-start/medium-1/24proc/seed-2/1_b1c1s1_seed-2_20260502_184024/iterated_local_search/run_6_worker_12/ils_config_15722543964373547429.prm
[INFO]:[18:47:52] CPLEX results. Gap: 79.260000, upper bound: 69966.450000, lower bound: 14508.909270
[INFO]:[18:47:52] CPLEX solver finished. Gap: 79.260000
[INFO]:[18:47:52] Starting CPLEX solver on instance: /home/yorig/tuner/mpils-tests/instances/miplib/medium-1/b1c1s1.mps with config: /scratch/yorig/mpils-results-grid-seconds-5-no-mip-start/medium-1/24proc/seed-2/1_b1c1s1_seed-2_20260502_184024/iterated_local_search/run_6_worker_12/ils_config_2399073090533929184.prm
[INFO]:[18:47:52] Starting CPLEX solver on instance: /home/yorig/tuner/mpils-tests/instances/miplib/medium-1/b1c1s1.mps with config: /scratch/yorig/mpils-results-grid-seconds-5-no-mip-start/medium-1/24proc/seed-2/1_b1c1s1_seed-2_20260502_184024/iterated_local_search/run_6_worker_12/ils_config_2399073090533929184.prm
[INFO]:[18:47:57] CPLEX results. Gap: 79.170000, upper bound: 69966.450000, lower bound: 14573.820099
[INFO]:[18:47:57] CPLEX solver finished. Gap: 79.170000
[INFO]:[18:47:57] Starting CPLEX solver on instance: /home/yorig/tuner/mpils-tests/instances/miplib/medium-1/b1c1s1.mps with config: /scratch/yorig/mpils-results-grid-seconds-5-no-mip-start/medium-1/24proc/seed-2/1_b1c1s1_seed-2_20260502_184024/iterated_local_search/run_6_worker_12/ils_config_1032911439827141253.prm
[INFO]:[18:47:57] Starting CPLEX solver on instance: /home/yorig/tuner/mpils-tests/instances/miplib/medium-1/b1c1s1.mps with config: /scratch/yorig/mpils-results-grid-seconds-5-no-mip-start/medium-1/24proc/seed-2/1_b1c1s1_seed-2_20260502_184024/iterated_local_search/run_6_worker_12/ils_config_1032911439827141253.prm
[INFO]:[18:48:02] CPLEX results. Gap: 79.170000, upper bound: 69966.450000, lower bound: 14573.820099
[INFO]:[18:48:02] CPLEX solver finished. Gap: 79.170000
[INFO]:[18:48:02] Starting CPLEX solver on instance: /home/yorig/tuner/mpils-tests/instances/miplib/medium-1/b1c1s1.mps with config: /scratch/yorig/mpils-results-grid-seconds-5-no-mip-start/medium-1/24proc/seed-2/1_b1c1s1_seed-2_20260502_184024/iterated_local_search/run_6_worker_12/ils_config_4787638751104421219.prm
[INFO]:[18:48:02] Starting CPLEX solver on instance: /home/yorig/tuner/mpils-tests/instances/miplib/medium-1/b1c1s1.mps with config: /scratch/yorig/mpils-results-grid-seconds-5-no-mip-start/medium-1/24proc/seed-2/1_b1c1s1_seed-2_20260502_184024/iterated_local_search/run_6_worker_12/ils_config_4787638751104421219.prm
[INFO]:[18:48:07] CPLEX results. Gap: 79.170000, upper bound: 69966.450000, lower bound: 14573.820099
[INFO]:[18:48:07] CPLEX solver finished. Gap: 79.170000
[INFO]:[18:48:07] Starting CPLEX solver on instance: /home/yorig/tuner/mpils-tests/instances/miplib/medium-1/b1c1s1.mps with config: /scratch/yorig/mpils-results-grid-seconds-5-no-mip-start/medium-1/24proc/seed-2/1_b1c1s1_seed-2_20260502_184024/iterated_local_search/run_6_worker_12/ils_config_9991809373362910490.prm
[INFO]:[18:48:07] Starting CPLEX solver on instance: /home/yorig/tuner/mpils-tests/instances/miplib/medium-1/b1c1s1.mps with config: /scratch/yorig/mpils-results-grid-seconds-5-no-mip-start/medium-1/24proc/seed-2/1_b1c1s1_seed-2_20260502_184024/iterated_local_search/run_6_worker_12/ils_config_9991809373362910490.prm
[INFO]:[18:48:12] CPLEX results. Gap: 79.170000, upper bound: 69966.450000, lower bound: 14573.820099
[INFO]:[18:48:12] CPLEX solver finished. Gap: 79.170000
[INFO]:[18:48:12] Starting CPLEX solver on instance: /home/yorig/tuner/mpils-tests/instances/miplib/medium-1/b1c1s1.mps with config: /scratch/yorig/mpils-results-grid-seconds-5-no-mip-start/medium-1/24proc/seed-2/1_b1c1s1_seed-2_20260502_184024/iterated_local_search/run_6_worker_12/ils_config_3545344060506593763.prm
[INFO]:[18:48:12] Starting CPLEX solver on instance: /home/yorig/tuner/mpils-tests/instances/miplib/medium-1/b1c1s1.mps with config: /scratch/yorig/mpils-results-grid-seconds-5-no-mip-start/medium-1/24proc/seed-2/1_b1c1s1_seed-2_20260502_184024/iterated_local_search/run_6_worker_12/ils_config_3545344060506593763.prm
[INFO]:[18:48:17] CPLEX results. Gap: 79.170000, upper bound: 69966.450000, lower bound: 14573.820099
[INFO]:[18:48:17] CPLEX solver finished. Gap: 79.170000
[INFO]:[18:48:17] Starting CPLEX solver on instance: /home/yorig/tuner/mpils-tests/instances/miplib/medium-1/b1c1s1.mps with config: /scratch/yorig/mpils-results-grid-seconds-5-no-mip-start/medium-1/24proc/seed-2/1_b1c1s1_seed-2_20260502_184024/iterated_local_search/run_6_worker_12/ils_config_12652293033971596979.prm
[INFO]:[18:48:17] Starting CPLEX solver on instance: /home/yorig/tuner/mpils-tests/instances/miplib/medium-1/b1c1s1.mps with config: /scratch/yorig/mpils-results-grid-seconds-5-no-mip-start/medium-1/24proc/seed-2/1_b1c1s1_seed-2_20260502_184024/iterated_local_search/run_6_worker_12/ils_config_12652293033971596979.prm
[INFO]:[18:48:22] CPLEX results. Gap: 50.060000, upper bound: 30204.910000, lower bound: 15085.194578
[INFO]:[18:48:22] CPLEX solver finished. Gap: 50.060000
[INFO]:[18:48:22] New incumbent found with objective value: 50.06
[INFO]:[18:48:22] Starting CPLEX solver on instance: /home/yorig/tuner/mpils-tests/instances/miplib/medium-1/b1c1s1.mps with config: /scratch/yorig/mpils-results-grid-seconds-5-no-mip-start/medium-1/24proc/seed-2/1_b1c1s1_seed-2_20260502_184024/iterated_local_search/run_6_worker_12/ils_config_17819801531576225798.prm
[INFO]:[18:48:22] Starting CPLEX solver on instance: /home/yorig/tuner/mpils-tests/instances/miplib/medium-1/b1c1s1.mps with config: /scratch/yorig/mpils-results-grid-seconds-5-no-mip-start/medium-1/24proc/seed-2/1_b1c1s1_seed-2_20260502_184024/iterated_local_search/run_6_worker_12/ils_config_17819801531576225798.prm
[INFO]:[18:48:27] CPLEX results. Gap: 50.060000, upper bound: 30204.910000, lower bound: 15085.194578
[INFO]:[18:48:27] CPLEX solver finished. Gap: 50.060000
[INFO]:[18:48:27] Starting CPLEX solver on instance: /home/yorig/tuner/mpils-tests/instances/miplib/medium-1/b1c1s1.mps with config: /scratch/yorig/mpils-results-grid-seconds-5-no-mip-start/medium-1/24proc/seed-2/1_b1c1s1_seed-2_20260502_184024/iterated_local_search/run_6_worker_12/ils_config_14347669181585681156.prm
[INFO]:[18:48:27] Starting CPLEX solver on instance: /home/yorig/tuner/mpils-tests/instances/miplib/medium-1/b1c1s1.mps with config: /scratch/yorig/mpils-results-grid-seconds-5-no-mip-start/medium-1/24proc/seed-2/1_b1c1s1_seed-2_20260502_184024/iterated_local_search/run_6_worker_12/ils_config_14347669181585681156.prm
[INFO]:[18:48:32] CPLEX results. Gap: 49.520000, upper bound: 29333.830000, lower bound: 14806.923415
[INFO]:[18:48:32] CPLEX solver finished. Gap: 49.520000
[INFO]:[18:48:32] New incumbent found with objective value: 49.52
[INFO]:[18:48:32] Starting CPLEX solver on instance: /home/yorig/tuner/mpils-tests/instances/miplib/medium-1/b1c1s1.mps with config: /scratch/yorig/mpils-results-grid-seconds-5-no-mip-start/medium-1/24proc/seed-2/1_b1c1s1_seed-2_20260502_184024/iterated_local_search/run_6_worker_12/ils_config_1099140250854335982.prm
[INFO]:[18:48:32] Starting CPLEX solver on instance: /home/yorig/tuner/mpils-tests/instances/miplib/medium-1/b1c1s1.mps with config: /scratch/yorig/mpils-results-grid-seconds-5-no-mip-start/medium-1/24proc/seed-2/1_b1c1s1_seed-2_20260502_184024/iterated_local_search/run_6_worker_12/ils_config_1099140250854335982.prm
[INFO]:[18:48:37] CPLEX results. Gap: 58.360000, upper bound: 29333.830000, lower bound: 12214.129096
[INFO]:[18:48:37] CPLEX solver finished. Gap: 58.360000
[INFO]:[18:48:37] Starting CPLEX solver on instance: /home/yorig/tuner/mpils-tests/instances/miplib/medium-1/b1c1s1.mps with config: /scratch/yorig/mpils-results-grid-seconds-5-no-mip-start/medium-1/24proc/seed-2/1_b1c1s1_seed-2_20260502_184024/iterated_local_search/run_6_worker_12/ils_config_9234904021932346149.prm
[INFO]:[18:48:37] Starting CPLEX solver on instance: /home/yorig/tuner/mpils-tests/instances/miplib/medium-1/b1c1s1.mps with config: /scratch/yorig/mpils-results-grid-seconds-5-no-mip-start/medium-1/24proc/seed-2/1_b1c1s1_seed-2_20260502_184024/iterated_local_search/run_6_worker_12/ils_config_9234904021932346149.prm
[INFO]:[18:48:42] CPLEX results. Gap: 49.520000, upper bound: 29333.830000, lower bound: 14806.923415
[INFO]:[18:48:42] CPLEX solver finished. Gap: 49.520000
[INFO]:[18:48:42] Starting CPLEX solver on instance: /home/yorig/tuner/mpils-tests/instances/miplib/medium-1/b1c1s1.mps with config: /scratch/yorig/mpils-results-grid-seconds-5-no-mip-start/medium-1/24proc/seed-2/1_b1c1s1_seed-2_20260502_184024/iterated_local_search/run_6_worker_12/ils_config_10263422505851317240.prm
[INFO]:[18:48:42] Starting CPLEX solver on instance: /home/yorig/tuner/mpils-tests/instances/miplib/medium-1/b1c1s1.mps with config: /scratch/yorig/mpils-results-grid-seconds-5-no-mip-start/medium-1/24proc/seed-2/1_b1c1s1_seed-2_20260502_184024/iterated_local_search/run_6_worker_12/ils_config_10263422505851317240.prm
[INFO]:[18:48:47] CPLEX results. Gap: 49.610000, upper bound: 29333.830000, lower bound: 14782.356590
[INFO]:[18:48:47] CPLEX solver finished. Gap: 49.610000
[INFO]:[18:48:47] Starting CPLEX solver on instance: /home/yorig/tuner/mpils-tests/instances/miplib/medium-1/b1c1s1.mps with config: /scratch/yorig/mpils-results-grid-seconds-5-no-mip-start/medium-1/24proc/seed-2/1_b1c1s1_seed-2_20260502_184024/iterated_local_search/run_6_worker_12/ils_config_5114926397510545085.prm
[INFO]:[18:48:47] Starting CPLEX solver on instance: /home/yorig/tuner/mpils-tests/instances/miplib/medium-1/b1c1s1.mps with config: /scratch/yorig/mpils-results-grid-seconds-5-no-mip-start/medium-1/24proc/seed-2/1_b1c1s1_seed-2_20260502_184024/iterated_local_search/run_6_worker_12/ils_config_5114926397510545085.prm
[INFO]:[18:48:52] CPLEX results. Gap: 49.410000, upper bound: 29333.830000, lower bound: 14841.025331
[INFO]:[18:48:52] CPLEX solver finished. Gap: 49.410000
[INFO]:[18:48:52] New incumbent found with objective value: 49.41
[INFO]:[18:48:52] Starting CPLEX solver on instance: /home/yorig/tuner/mpils-tests/instances/miplib/medium-1/b1c1s1.mps with config: /scratch/yorig/mpils-results-grid-seconds-5-no-mip-start/medium-1/24proc/seed-2/1_b1c1s1_seed-2_20260502_184024/iterated_local_search/run_6_worker_12/ils_config_222295091752628846.prm
[INFO]:[18:48:52] Starting CPLEX solver on instance: /home/yorig/tuner/mpils-tests/instances/miplib/medium-1/b1c1s1.mps with config: /scratch/yorig/mpils-results-grid-seconds-5-no-mip-start/medium-1/24proc/seed-2/1_b1c1s1_seed-2_20260502_184024/iterated_local_search/run_6_worker_12/ils_config_222295091752628846.prm
[INFO]:[18:48:57] CPLEX results. Gap: 49.410000, upper bound: 29333.830000, lower bound: 14841.025331
[INFO]:[18:48:57] CPLEX solver finished. Gap: 49.410000
[INFO]:[18:48:57] Starting CPLEX solver on instance: /home/yorig/tuner/mpils-tests/instances/miplib/medium-1/b1c1s1.mps with config: /scratch/yorig/mpils-results-grid-seconds-5-no-mip-start/medium-1/24proc/seed-2/1_b1c1s1_seed-2_20260502_184024/iterated_local_search/run_6_worker_12/ils_config_8739265172432295405.prm
[INFO]:[18:48:57] Starting CPLEX solver on instance: /home/yorig/tuner/mpils-tests/instances/miplib/medium-1/b1c1s1.mps with config: /scratch/yorig/mpils-results-grid-seconds-5-no-mip-start/medium-1/24proc/seed-2/1_b1c1s1_seed-2_20260502_184024/iterated_local_search/run_6_worker_12/ils_config_8739265172432295405.prm
[INFO]:[18:49:03] CPLEX results. Gap: 49.410000, upper bound: 29333.830000, lower bound: 14841.025331
[INFO]:[18:49:03] CPLEX solver finished. Gap: 49.410000
[INFO]:[18:49:03] Starting CPLEX solver on instance: /home/yorig/tuner/mpils-tests/instances/miplib/medium-1/b1c1s1.mps with config: /scratch/yorig/mpils-results-grid-seconds-5-no-mip-start/medium-1/24proc/seed-2/1_b1c1s1_seed-2_20260502_184024/iterated_local_search/run_6_worker_12/ils_config_18425195402480310655.prm
[INFO]:[18:49:03] Starting CPLEX solver on instance: /home/yorig/tuner/mpils-tests/instances/miplib/medium-1/b1c1s1.mps with config: /scratch/yorig/mpils-results-grid-seconds-5-no-mip-start/medium-1/24proc/seed-2/1_b1c1s1_seed-2_20260502_184024/iterated_local_search/run_6_worker_12/ils_config_18425195402480310655.prm
[INFO]:[18:49:08] CPLEX results. Gap: 49.410000, upper bound: 29333.830000, lower bound: 14841.025331
[INFO]:[18:49:08] CPLEX solver finished. Gap: 49.410000
[INFO]:[18:49:08] Starting CPLEX solver on instance: /home/yorig/tuner/mpils-tests/instances/miplib/medium-1/b1c1s1.mps with config: /scratch/yorig/mpils-results-grid-seconds-5-no-mip-start/medium-1/24proc/seed-2/1_b1c1s1_seed-2_20260502_184024/iterated_local_search/run_6_worker_12/ils_config_17670834046545512820.prm
[INFO]:[18:49:08] Starting CPLEX solver on instance: /home/yorig/tuner/mpils-tests/instances/miplib/medium-1/b1c1s1.mps with config: /scratch/yorig/mpils-results-grid-seconds-5-no-mip-start/medium-1/24proc/seed-2/1_b1c1s1_seed-2_20260502_184024/iterated_local_search/run_6_worker_12/ils_config_17670834046545512820.prm
[INFO]:[18:49:13] CPLEX results. Gap: 49.410000, upper bound: 29333.830000, lower bound: 14841.025331
[INFO]:[18:49:13] CPLEX solver finished. Gap: 49.410000
[INFO]:[18:49:13] Starting CPLEX solver on instance: /home/yorig/tuner/mpils-tests/instances/miplib/medium-1/b1c1s1.mps with config: /scratch/yorig/mpils-results-grid-seconds-5-no-mip-start/medium-1/24proc/seed-2/1_b1c1s1_seed-2_20260502_184024/iterated_local_search/run_6_worker_12/ils_config_10809587398222785226.prm
[INFO]:[18:49:13] Starting CPLEX solver on instance: /home/yorig/tuner/mpils-tests/instances/miplib/medium-1/b1c1s1.mps with config: /scratch/yorig/mpils-results-grid-seconds-5-no-mip-start/medium-1/24proc/seed-2/1_b1c1s1_seed-2_20260502_184024/iterated_local_search/run_6_worker_12/ils_config_10809587398222785226.prm
[INFO]:[18:49:18] CPLEX results. Gap: 49.610000, upper bound: 29333.830000, lower bound: 14780.436766
[INFO]:[18:49:18] CPLEX solver finished. Gap: 49.610000
[INFO]:[18:49:18] Starting CPLEX solver on instance: /home/yorig/tuner/mpils-tests/instances/miplib/medium-1/b1c1s1.mps with config: /scratch/yorig/mpils-results-grid-seconds-5-no-mip-start/medium-1/24proc/seed-2/1_b1c1s1_seed-2_20260502_184024/iterated_local_search/run_6_worker_12/ils_config_14987205375034746855.prm
[INFO]:[18:49:18] Starting CPLEX solver on instance: /home/yorig/tuner/mpils-tests/instances/miplib/medium-1/b1c1s1.mps with config: /scratch/yorig/mpils-results-grid-seconds-5-no-mip-start/medium-1/24proc/seed-2/1_b1c1s1_seed-2_20260502_184024/iterated_local_search/run_6_worker_12/ils_config_14987205375034746855.prm
[INFO]:[18:49:23] CPLEX results. Gap: 49.410000, upper bound: 29333.830000, lower bound: 14841.025331
[INFO]:[18:49:23] CPLEX solver finished. Gap: 49.410000
[INFO]:[18:49:23] Starting CPLEX solver on instance: /home/yorig/tuner/mpils-tests/instances/miplib/medium-1/b1c1s1.mps with config: /scratch/yorig/mpils-results-grid-seconds-5-no-mip-start/medium-1/24proc/seed-2/1_b1c1s1_seed-2_20260502_184024/iterated_local_search/run_6_worker_12/ils_config_11227155643492036029.prm
[INFO]:[18:49:23] Starting CPLEX solver on instance: /home/yorig/tuner/mpils-tests/instances/miplib/medium-1/b1c1s1.mps with config: /scratch/yorig/mpils-results-grid-seconds-5-no-mip-start/medium-1/24proc/seed-2/1_b1c1s1_seed-2_20260502_184024/iterated_local_search/run_6_worker_12/ils_config_11227155643492036029.prm
[INFO]:[18:49:28] CPLEX results. Gap: 49.610000, upper bound: 29333.830000, lower bound: 14782.496572
[INFO]:[18:49:28] CPLEX solver finished. Gap: 49.610000
[INFO]:[18:49:28] Starting CPLEX solver on instance: /home/yorig/tuner/mpils-tests/instances/miplib/medium-1/b1c1s1.mps with config: /scratch/yorig/mpils-results-grid-seconds-5-no-mip-start/medium-1/24proc/seed-2/1_b1c1s1_seed-2_20260502_184024/iterated_local_search/run_6_worker_12/ils_config_3983243660996943973.prm
[INFO]:[18:49:28] Starting CPLEX solver on instance: /home/yorig/tuner/mpils-tests/instances/miplib/medium-1/b1c1s1.mps with config: /scratch/yorig/mpils-results-grid-seconds-5-no-mip-start/medium-1/24proc/seed-2/1_b1c1s1_seed-2_20260502_184024/iterated_local_search/run_6_worker_12/ils_config_3983243660996943973.prm
[INFO]:[18:49:33] CPLEX results. Gap: 46.910000, upper bound: 27741.020000, lower bound: 14726.387556
[INFO]:[18:49:33] CPLEX solver finished. Gap: 46.910000
[INFO]:[18:49:33] New incumbent found with objective value: 46.91
[INFO]:[18:49:33] Starting CPLEX solver on instance: /home/yorig/tuner/mpils-tests/instances/miplib/medium-1/b1c1s1.mps with config: /scratch/yorig/mpils-results-grid-seconds-5-no-mip-start/medium-1/24proc/seed-2/1_b1c1s1_seed-2_20260502_184024/iterated_local_search/run_6_worker_12/ils_config_8590043135746389798.prm
[INFO]:[18:49:33] Starting CPLEX solver on instance: /home/yorig/tuner/mpils-tests/instances/miplib/medium-1/b1c1s1.mps with config: /scratch/yorig/mpils-results-grid-seconds-5-no-mip-start/medium-1/24proc/seed-2/1_b1c1s1_seed-2_20260502_184024/iterated_local_search/run_6_worker_12/ils_config_8590043135746389798.prm
[INFO]:[18:49:38] CPLEX results. Gap: 35.940000, upper bound: 27701.650000, lower bound: 17744.545914
[INFO]:[18:49:38] CPLEX solver finished. Gap: 35.940000
[INFO]:[18:49:38] New incumbent found with objective value: 35.94
[INFO]:[18:49:38] Starting CPLEX solver on instance: /home/yorig/tuner/mpils-tests/instances/miplib/medium-1/b1c1s1.mps with config: /scratch/yorig/mpils-results-grid-seconds-5-no-mip-start/medium-1/24proc/seed-2/1_b1c1s1_seed-2_20260502_184024/iterated_local_search/run_6_worker_12/ils_config_1158321725367058302.prm
[INFO]:[18:49:38] Starting CPLEX solver on instance: /home/yorig/tuner/mpils-tests/instances/miplib/medium-1/b1c1s1.mps with config: /scratch/yorig/mpils-results-grid-seconds-5-no-mip-start/medium-1/24proc/seed-2/1_b1c1s1_seed-2_20260502_184024/iterated_local_search/run_6_worker_12/ils_config_1158321725367058302.prm
[INFO]:[18:49:43] CPLEX results. Gap: 36.170000, upper bound: 27442.540000, lower bound: 17517.126959
[INFO]:[18:49:43] CPLEX solver finished. Gap: 36.170000
[INFO]:[18:49:43] Starting CPLEX solver on instance: /home/yorig/tuner/mpils-tests/instances/miplib/medium-1/b1c1s1.mps with config: /scratch/yorig/mpils-results-grid-seconds-5-no-mip-start/medium-1/24proc/seed-2/1_b1c1s1_seed-2_20260502_184024/iterated_local_search/run_6_worker_12/ils_config_6386253179022140624.prm
[INFO]:[18:49:43] Starting CPLEX solver on instance: /home/yorig/tuner/mpils-tests/instances/miplib/medium-1/b1c1s1.mps with config: /scratch/yorig/mpils-results-grid-seconds-5-no-mip-start/medium-1/24proc/seed-2/1_b1c1s1_seed-2_20260502_184024/iterated_local_search/run_6_worker_12/ils_config_6386253179022140624.prm
[INFO]:[18:49:48] CPLEX results. Gap: 35.940000, upper bound: 27701.650000, lower bound: 17744.545914
[INFO]:[18:49:48] CPLEX solver finished. Gap: 35.940000
[INFO]:[18:49:48] Local search phase completed.
[INFO]:[18:49:48] Total number of new local-search evaluations: 27
[INFO]:[18:49:48] Final incumbent objective value: 35.94
[INFO]:[18:49:48] Worker 12 completed exploration phase.
[INFO]:[18:49:48] Worker 12 received order for step 3.
[INFO]:[18:49:48] Worker 12 finished.
