[INFO]:[02:34:45] Worker 5 starting.
[INFO]:[02:34:45] Worker 5 received order for step 1.
[INFO]:[02:34:45] Worker 5 running exploration phase for iteration 1.
[INFO]:[02:34:45] Worker 5 at iteration 1 will not use a MIP start file. Current best MIP-start upper bound threshold is 1.79769e+308.
[INFO]:[02:34:45] Starting local search phase...
[INFO]:[02:34:45] Creating local search space from parameter space file: /scratch/yorig/mpils-results-grid-seconds-5-watchdog-mip-start/medium-2/16proc/seed-3/5_rococoB10-011000_seed-3_20260504_023443/iterated_local_search/search_space/search_space_file_1_worker_5.txt
[INFO]:[02:34:45] Local search space loaded from file: /scratch/yorig/mpils-results-grid-seconds-5-watchdog-mip-start/medium-2/16proc/seed-3/5_rococoB10-011000_seed-3_20260504_023443/iterated_local_search/search_space/search_space_file_1_worker_5.txt
[INFO]:[02:34:45] Number of parameters in local search space: 71
[INFO]:[02:34:45] Number of forbidden tuples in local search space: 0
[INFO]:[02:34:45] Number of conditionals in local search space: 6
[INFO]:[02:34:45] MIP start option not enabled. Local search will proceed without MIP start.
[INFO]:[02:34:45] Evaluating initial configuration for local search phase...
[INFO]:[02:34:45] Starting CPLEX solver on instance: /home/yorig/tuner/mpils-tests/instances/miplib/medium-2/rococoB10-011000.mps with config: /scratch/yorig/mpils-results-grid-seconds-5-watchdog-mip-start/medium-2/16proc/seed-3/5_rococoB10-011000_seed-3_20260504_023443/iterated_local_search/run_1_worker_5/ils_config_6128791737735043497.prm
[INFO]:[02:34:45] Starting CPLEX solver on instance: /home/yorig/tuner/mpils-tests/instances/miplib/medium-2/rococoB10-011000.mps with config: /scratch/yorig/mpils-results-grid-seconds-5-watchdog-mip-start/medium-2/16proc/seed-3/5_rococoB10-011000_seed-3_20260504_023443/iterated_local_search/run_1_worker_5/ils_config_6128791737735043497.prm
[INFO]:[02:34:50] CPLEX results. Gap: 46.860000, upper bound: 21228.000000, lower bound: 11280.454995
[INFO]:[02:34:50] CPLEX solver finished. Gap: 46.860000
[INFO]:[02:34:50] Initial configuration evaluated with objective value: 46.86
[INFO]:[02:34:50] Starting CPLEX solver on instance: /home/yorig/tuner/mpils-tests/instances/miplib/medium-2/rococoB10-011000.mps with config: /scratch/yorig/mpils-results-grid-seconds-5-watchdog-mip-start/medium-2/16proc/seed-3/5_rococoB10-011000_seed-3_20260504_023443/iterated_local_search/run_1_worker_5/ils_config_7476122385861717275.prm
[INFO]:[02:34:50] Starting CPLEX solver on instance: /home/yorig/tuner/mpils-tests/instances/miplib/medium-2/rococoB10-011000.mps with config: /scratch/yorig/mpils-results-grid-seconds-5-watchdog-mip-start/medium-2/16proc/seed-3/5_rococoB10-011000_seed-3_20260504_023443/iterated_local_search/run_1_worker_5/ils_config_7476122385861717275.prm
[INFO]:[02:34:55] CPLEX results. Gap: 46.860000, upper bound: 21228.000000, lower bound: 11280.454995
[INFO]:[02:34:55] CPLEX solver finished. Gap: 46.860000
[INFO]:[02:34:55] Starting CPLEX solver on instance: /home/yorig/tuner/mpils-tests/instances/miplib/medium-2/rococoB10-011000.mps with config: /scratch/yorig/mpils-results-grid-seconds-5-watchdog-mip-start/medium-2/16proc/seed-3/5_rococoB10-011000_seed-3_20260504_023443/iterated_local_search/run_1_worker_5/ils_config_902467761583244035.prm
[INFO]:[02:34:55] Starting CPLEX solver on instance: /home/yorig/tuner/mpils-tests/instances/miplib/medium-2/rococoB10-011000.mps with config: /scratch/yorig/mpils-results-grid-seconds-5-watchdog-mip-start/medium-2/16proc/seed-3/5_rococoB10-011000_seed-3_20260504_023443/iterated_local_search/run_1_worker_5/ils_config_902467761583244035.prm
[INFO]:[02:35:00] CPLEX results. Gap: 46.860000, upper bound: 21228.000000, lower bound: 11280.454995
[INFO]:[02:35:00] CPLEX solver finished. Gap: 46.860000
[INFO]:[02:35:00] Starting CPLEX solver on instance: /home/yorig/tuner/mpils-tests/instances/miplib/medium-2/rococoB10-011000.mps with config: /scratch/yorig/mpils-results-grid-seconds-5-watchdog-mip-start/medium-2/16proc/seed-3/5_rococoB10-011000_seed-3_20260504_023443/iterated_local_search/run_1_worker_5/ils_config_2367558522957212399.prm
[INFO]:[02:35:00] Starting CPLEX solver on instance: /home/yorig/tuner/mpils-tests/instances/miplib/medium-2/rococoB10-011000.mps with config: /scratch/yorig/mpils-results-grid-seconds-5-watchdog-mip-start/medium-2/16proc/seed-3/5_rococoB10-011000_seed-3_20260504_023443/iterated_local_search/run_1_worker_5/ils_config_2367558522957212399.prm
[INFO]:[02:35:05] CPLEX results. Gap: 46.860000, upper bound: 21228.000000, lower bound: 11280.454995
[INFO]:[02:35:05] CPLEX solver finished. Gap: 46.860000
[INFO]:[02:35:05] Starting CPLEX solver on instance: /home/yorig/tuner/mpils-tests/instances/miplib/medium-2/rococoB10-011000.mps with config: /scratch/yorig/mpils-results-grid-seconds-5-watchdog-mip-start/medium-2/16proc/seed-3/5_rococoB10-011000_seed-3_20260504_023443/iterated_local_search/run_1_worker_5/ils_config_11706000648323783891.prm
[INFO]:[02:35:05] Starting CPLEX solver on instance: /home/yorig/tuner/mpils-tests/instances/miplib/medium-2/rococoB10-011000.mps with config: /scratch/yorig/mpils-results-grid-seconds-5-watchdog-mip-start/medium-2/16proc/seed-3/5_rococoB10-011000_seed-3_20260504_023443/iterated_local_search/run_1_worker_5/ils_config_11706000648323783891.prm
[INFO]:[02:35:10] CPLEX results. Gap: 34.370000, upper bound: 21228.000000, lower bound: 13932.213505
[INFO]:[02:35:10] CPLEX solver finished. Gap: 34.370000
[INFO]:[02:35:10] New incumbent found with objective value: 34.37
[INFO]:[02:35:10] Starting CPLEX solver on instance: /home/yorig/tuner/mpils-tests/instances/miplib/medium-2/rococoB10-011000.mps with config: /scratch/yorig/mpils-results-grid-seconds-5-watchdog-mip-start/medium-2/16proc/seed-3/5_rococoB10-011000_seed-3_20260504_023443/iterated_local_search/run_1_worker_5/ils_config_6472551375322164322.prm
[INFO]:[02:35:10] Starting CPLEX solver on instance: /home/yorig/tuner/mpils-tests/instances/miplib/medium-2/rococoB10-011000.mps with config: /scratch/yorig/mpils-results-grid-seconds-5-watchdog-mip-start/medium-2/16proc/seed-3/5_rococoB10-011000_seed-3_20260504_023443/iterated_local_search/run_1_worker_5/ils_config_6472551375322164322.prm
[INFO]:[02:35:15] CPLEX results. Gap: 35.360000, upper bound: 21228.000000, lower bound: 13722.130210
[INFO]:[02:35:15] CPLEX solver finished. Gap: 35.360000
[INFO]:[02:35:15] Starting CPLEX solver on instance: /home/yorig/tuner/mpils-tests/instances/miplib/medium-2/rococoB10-011000.mps with config: /scratch/yorig/mpils-results-grid-seconds-5-watchdog-mip-start/medium-2/16proc/seed-3/5_rococoB10-011000_seed-3_20260504_023443/iterated_local_search/run_1_worker_5/ils_config_9054336657336584842.prm
[INFO]:[02:35:15] Starting CPLEX solver on instance: /home/yorig/tuner/mpils-tests/instances/miplib/medium-2/rococoB10-011000.mps with config: /scratch/yorig/mpils-results-grid-seconds-5-watchdog-mip-start/medium-2/16proc/seed-3/5_rococoB10-011000_seed-3_20260504_023443/iterated_local_search/run_1_worker_5/ils_config_9054336657336584842.prm
[INFO]:[02:35:20] CPLEX results. Gap: 39.330000, upper bound: 21228.000000, lower bound: 12878.867121
[INFO]:[02:35:20] CPLEX solver finished. Gap: 39.330000
[INFO]:[02:35:20] Starting CPLEX solver on instance: /home/yorig/tuner/mpils-tests/instances/miplib/medium-2/rococoB10-011000.mps with config: /scratch/yorig/mpils-results-grid-seconds-5-watchdog-mip-start/medium-2/16proc/seed-3/5_rococoB10-011000_seed-3_20260504_023443/iterated_local_search/run_1_worker_5/ils_config_16017145057763565876.prm
[INFO]:[02:35:20] Starting CPLEX solver on instance: /home/yorig/tuner/mpils-tests/instances/miplib/medium-2/rococoB10-011000.mps with config: /scratch/yorig/mpils-results-grid-seconds-5-watchdog-mip-start/medium-2/16proc/seed-3/5_rococoB10-011000_seed-3_20260504_023443/iterated_local_search/run_1_worker_5/ils_config_16017145057763565876.prm
[INFO]:[02:35:25] CPLEX results. Gap: 36.520000, upper bound: 20496.000000, lower bound: 13011.782473
[INFO]:[02:35:25] CPLEX solver finished. Gap: 36.520000
[INFO]:[02:35:25] Starting CPLEX solver on instance: /home/yorig/tuner/mpils-tests/instances/miplib/medium-2/rococoB10-011000.mps with config: /scratch/yorig/mpils-results-grid-seconds-5-watchdog-mip-start/medium-2/16proc/seed-3/5_rococoB10-011000_seed-3_20260504_023443/iterated_local_search/run_1_worker_5/ils_config_16589651771492250313.prm
[INFO]:[02:35:25] Starting CPLEX solver on instance: /home/yorig/tuner/mpils-tests/instances/miplib/medium-2/rococoB10-011000.mps with config: /scratch/yorig/mpils-results-grid-seconds-5-watchdog-mip-start/medium-2/16proc/seed-3/5_rococoB10-011000_seed-3_20260504_023443/iterated_local_search/run_1_worker_5/ils_config_16589651771492250313.prm
[INFO]:[02:35:30] CPLEX results. Gap: 34.370000, upper bound: 21228.000000, lower bound: 13932.213505
[INFO]:[02:35:30] CPLEX solver finished. Gap: 34.370000
[INFO]:[02:35:30] Starting CPLEX solver on instance: /home/yorig/tuner/mpils-tests/instances/miplib/medium-2/rococoB10-011000.mps with config: /scratch/yorig/mpils-results-grid-seconds-5-watchdog-mip-start/medium-2/16proc/seed-3/5_rococoB10-011000_seed-3_20260504_023443/iterated_local_search/run_1_worker_5/ils_config_11371324091317615567.prm
[INFO]:[02:35:30] Starting CPLEX solver on instance: /home/yorig/tuner/mpils-tests/instances/miplib/medium-2/rococoB10-011000.mps with config: /scratch/yorig/mpils-results-grid-seconds-5-watchdog-mip-start/medium-2/16proc/seed-3/5_rococoB10-011000_seed-3_20260504_023443/iterated_local_search/run_1_worker_5/ils_config_11371324091317615567.prm
[INFO]:[02:35:35] CPLEX results. Gap: 34.480000, upper bound: 21228.000000, lower bound: 13908.702108
[INFO]:[02:35:35] CPLEX solver finished. Gap: 34.480000
[INFO]:[02:35:35] Starting CPLEX solver on instance: /home/yorig/tuner/mpils-tests/instances/miplib/medium-2/rococoB10-011000.mps with config: /scratch/yorig/mpils-results-grid-seconds-5-watchdog-mip-start/medium-2/16proc/seed-3/5_rococoB10-011000_seed-3_20260504_023443/iterated_local_search/run_1_worker_5/ils_config_11725643306138661292.prm
[INFO]:[02:35:35] Starting CPLEX solver on instance: /home/yorig/tuner/mpils-tests/instances/miplib/medium-2/rococoB10-011000.mps with config: /scratch/yorig/mpils-results-grid-seconds-5-watchdog-mip-start/medium-2/16proc/seed-3/5_rococoB10-011000_seed-3_20260504_023443/iterated_local_search/run_1_worker_5/ils_config_11725643306138661292.prm
[INFO]:[02:35:40] CPLEX results. Gap: 34.370000, upper bound: 21228.000000, lower bound: 13932.213505
[INFO]:[02:35:40] CPLEX solver finished. Gap: 34.370000
[INFO]:[02:35:40] Starting CPLEX solver on instance: /home/yorig/tuner/mpils-tests/instances/miplib/medium-2/rococoB10-011000.mps with config: /scratch/yorig/mpils-results-grid-seconds-5-watchdog-mip-start/medium-2/16proc/seed-3/5_rococoB10-011000_seed-3_20260504_023443/iterated_local_search/run_1_worker_5/ils_config_17821003608454443149.prm
[INFO]:[02:35:40] Starting CPLEX solver on instance: /home/yorig/tuner/mpils-tests/instances/miplib/medium-2/rococoB10-011000.mps with config: /scratch/yorig/mpils-results-grid-seconds-5-watchdog-mip-start/medium-2/16proc/seed-3/5_rococoB10-011000_seed-3_20260504_023443/iterated_local_search/run_1_worker_5/ils_config_17821003608454443149.prm
[INFO]:[02:35:45] CPLEX results. Gap: 31.080000, upper bound: 21228.000000, lower bound: 14631.391305
[INFO]:[02:35:45] CPLEX solver finished. Gap: 31.080000
[INFO]:[02:35:45] New incumbent found with objective value: 31.08
[INFO]:[02:35:45] Starting CPLEX solver on instance: /home/yorig/tuner/mpils-tests/instances/miplib/medium-2/rococoB10-011000.mps with config: /scratch/yorig/mpils-results-grid-seconds-5-watchdog-mip-start/medium-2/16proc/seed-3/5_rococoB10-011000_seed-3_20260504_023443/iterated_local_search/run_1_worker_5/ils_config_17613505261877282582.prm
[INFO]:[02:35:45] Starting CPLEX solver on instance: /home/yorig/tuner/mpils-tests/instances/miplib/medium-2/rococoB10-011000.mps with config: /scratch/yorig/mpils-results-grid-seconds-5-watchdog-mip-start/medium-2/16proc/seed-3/5_rococoB10-011000_seed-3_20260504_023443/iterated_local_search/run_1_worker_5/ils_config_17613505261877282582.prm
[INFO]:[02:35:50] CPLEX results. Gap: 34.840000, upper bound: 21228.000000, lower bound: 13832.082048
[INFO]:[02:35:50] CPLEX solver finished. Gap: 34.840000
[INFO]:[02:35:50] Starting CPLEX solver on instance: /home/yorig/tuner/mpils-tests/instances/miplib/medium-2/rococoB10-011000.mps with config: /scratch/yorig/mpils-results-grid-seconds-5-watchdog-mip-start/medium-2/16proc/seed-3/5_rococoB10-011000_seed-3_20260504_023443/iterated_local_search/run_1_worker_5/ils_config_16756282902673916960.prm
[INFO]:[02:35:50] Starting CPLEX solver on instance: /home/yorig/tuner/mpils-tests/instances/miplib/medium-2/rococoB10-011000.mps with config: /scratch/yorig/mpils-results-grid-seconds-5-watchdog-mip-start/medium-2/16proc/seed-3/5_rococoB10-011000_seed-3_20260504_023443/iterated_local_search/run_1_worker_5/ils_config_16756282902673916960.prm
[INFO]:[02:35:55] CPLEX results. Gap: 31.080000, upper bound: 21228.000000, lower bound: 14631.391305
[INFO]:[02:35:55] CPLEX solver finished. Gap: 31.080000
[INFO]:[02:35:55] Starting CPLEX solver on instance: /home/yorig/tuner/mpils-tests/instances/miplib/medium-2/rococoB10-011000.mps with config: /scratch/yorig/mpils-results-grid-seconds-5-watchdog-mip-start/medium-2/16proc/seed-3/5_rococoB10-011000_seed-3_20260504_023443/iterated_local_search/run_1_worker_5/ils_config_5818905013152522928.prm
[INFO]:[02:35:55] Starting CPLEX solver on instance: /home/yorig/tuner/mpils-tests/instances/miplib/medium-2/rococoB10-011000.mps with config: /scratch/yorig/mpils-results-grid-seconds-5-watchdog-mip-start/medium-2/16proc/seed-3/5_rococoB10-011000_seed-3_20260504_023443/iterated_local_search/run_1_worker_5/ils_config_5818905013152522928.prm
[INFO]:[02:36:00] CPLEX results. Gap: 34.840000, upper bound: 21228.000000, lower bound: 13832.082048
[INFO]:[02:36:00] CPLEX solver finished. Gap: 34.840000
[INFO]:[02:36:00] Starting CPLEX solver on instance: /home/yorig/tuner/mpils-tests/instances/miplib/medium-2/rococoB10-011000.mps with config: /scratch/yorig/mpils-results-grid-seconds-5-watchdog-mip-start/medium-2/16proc/seed-3/5_rococoB10-011000_seed-3_20260504_023443/iterated_local_search/run_1_worker_5/ils_config_4897447851727083582.prm
[INFO]:[02:36:00] Starting CPLEX solver on instance: /home/yorig/tuner/mpils-tests/instances/miplib/medium-2/rococoB10-011000.mps with config: /scratch/yorig/mpils-results-grid-seconds-5-watchdog-mip-start/medium-2/16proc/seed-3/5_rococoB10-011000_seed-3_20260504_023443/iterated_local_search/run_1_worker_5/ils_config_4897447851727083582.prm
[INFO]:[02:36:05] CPLEX results. Gap: 31.410000, upper bound: 21228.000000, lower bound: 14559.275801
[INFO]:[02:36:05] CPLEX solver finished. Gap: 31.410000
[INFO]:[02:36:05] Starting CPLEX solver on instance: /home/yorig/tuner/mpils-tests/instances/miplib/medium-2/rococoB10-011000.mps with config: /scratch/yorig/mpils-results-grid-seconds-5-watchdog-mip-start/medium-2/16proc/seed-3/5_rococoB10-011000_seed-3_20260504_023443/iterated_local_search/run_1_worker_5/ils_config_5639812590618841762.prm
[INFO]:[02:36:05] Starting CPLEX solver on instance: /home/yorig/tuner/mpils-tests/instances/miplib/medium-2/rococoB10-011000.mps with config: /scratch/yorig/mpils-results-grid-seconds-5-watchdog-mip-start/medium-2/16proc/seed-3/5_rococoB10-011000_seed-3_20260504_023443/iterated_local_search/run_1_worker_5/ils_config_5639812590618841762.prm
[INFO]:[02:36:10] CPLEX results. Gap: 31.410000, upper bound: 21228.000000, lower bound: 14559.275801
[INFO]:[02:36:10] CPLEX solver finished. Gap: 31.410000
[INFO]:[02:36:10] Starting CPLEX solver on instance: /home/yorig/tuner/mpils-tests/instances/miplib/medium-2/rococoB10-011000.mps with config: /scratch/yorig/mpils-results-grid-seconds-5-watchdog-mip-start/medium-2/16proc/seed-3/5_rococoB10-011000_seed-3_20260504_023443/iterated_local_search/run_1_worker_5/ils_config_17043798133732492134.prm
[INFO]:[02:36:10] Starting CPLEX solver on instance: /home/yorig/tuner/mpils-tests/instances/miplib/medium-2/rococoB10-011000.mps with config: /scratch/yorig/mpils-results-grid-seconds-5-watchdog-mip-start/medium-2/16proc/seed-3/5_rococoB10-011000_seed-3_20260504_023443/iterated_local_search/run_1_worker_5/ils_config_17043798133732492134.prm
[INFO]:[02:36:15] CPLEX results. Gap: 31.410000, upper bound: 21228.000000, lower bound: 14559.275801
[INFO]:[02:36:15] CPLEX solver finished. Gap: 31.410000
[INFO]:[02:36:15] Starting CPLEX solver on instance: /home/yorig/tuner/mpils-tests/instances/miplib/medium-2/rococoB10-011000.mps with config: /scratch/yorig/mpils-results-grid-seconds-5-watchdog-mip-start/medium-2/16proc/seed-3/5_rococoB10-011000_seed-3_20260504_023443/iterated_local_search/run_1_worker_5/ils_config_5066514132978782651.prm
[INFO]:[02:36:15] Starting CPLEX solver on instance: /home/yorig/tuner/mpils-tests/instances/miplib/medium-2/rococoB10-011000.mps with config: /scratch/yorig/mpils-results-grid-seconds-5-watchdog-mip-start/medium-2/16proc/seed-3/5_rococoB10-011000_seed-3_20260504_023443/iterated_local_search/run_1_worker_5/ils_config_5066514132978782651.prm
[INFO]:[02:36:20] CPLEX results. Gap: 41.680000, upper bound: 19931.000000, lower bound: 11623.953249
[INFO]:[02:36:20] CPLEX solver finished. Gap: 41.680000
[INFO]:[02:36:20] Starting CPLEX solver on instance: /home/yorig/tuner/mpils-tests/instances/miplib/medium-2/rococoB10-011000.mps with config: /scratch/yorig/mpils-results-grid-seconds-5-watchdog-mip-start/medium-2/16proc/seed-3/5_rococoB10-011000_seed-3_20260504_023443/iterated_local_search/run_1_worker_5/ils_config_18346112452001373281.prm
[INFO]:[02:36:20] Starting CPLEX solver on instance: /home/yorig/tuner/mpils-tests/instances/miplib/medium-2/rococoB10-011000.mps with config: /scratch/yorig/mpils-results-grid-seconds-5-watchdog-mip-start/medium-2/16proc/seed-3/5_rococoB10-011000_seed-3_20260504_023443/iterated_local_search/run_1_worker_5/ils_config_18346112452001373281.prm
[INFO]:[02:36:25] CPLEX results. Gap: 31.410000, upper bound: 21228.000000, lower bound: 14559.275801
[INFO]:[02:36:25] CPLEX solver finished. Gap: 31.410000
[INFO]:[02:36:25] Local search phase completed.
[INFO]:[02:36:25] Total number of new local-search evaluations: 20
[INFO]:[02:36:25] Final incumbent objective value: 31.08
[INFO]:[02:36:25] Worker 5 completed exploration phase.
[INFO]:[02:36:26] Worker 5 received order for step 2.
[INFO]:[02:36:26] Worker 5 running expansion phase for iteration 1.
[INFO]:[02:36:26] Worker 5 will use solver log file: /scratch/yorig/mpils-results-grid-seconds-5-watchdog-mip-start/medium-2/16proc/seed-3/5_rococoB10-011000_seed-3_20260504_023443/solver/cplex.log_iteration_expansion_1_worker_5
[INFO]:[02:36:26] Expansion Worker 5 starting expansion for iteration 1.
[INFO]:[02:36:26] Starting CPLEX solver on instance: /home/yorig/tuner/mpils-tests/instances/miplib/medium-2/rococoB10-011000.mps with config: /scratch/yorig/mpils-results-grid-seconds-5-watchdog-mip-start/medium-2/16proc/seed-3/5_rococoB10-011000_seed-3_20260504_023443/expansion/config_param_CPXPARAM_MIP_Limits_ProbeTime_1_iter_1.prm
[INFO]:[02:36:31] CPLEX results. Gap: 24.400000, upper bound: 19565.000000, lower bound: 14790.748544
[INFO]:[02:36:31] CPLEX solver finished. Gap: 24.400000
[INFO]:[02:36:31] Starting CPLEX solver on instance: /home/yorig/tuner/mpils-tests/instances/miplib/medium-2/rococoB10-011000.mps with config: /scratch/yorig/mpils-results-grid-seconds-5-watchdog-mip-start/medium-2/16proc/seed-3/5_rococoB10-011000_seed-3_20260504_023443/expansion/config_param_CPXPARAM_MIP_Limits_ProbeTime_2_iter_1.prm
[INFO]:[02:36:36] CPLEX results. Gap: 24.400000, upper bound: 19565.000000, lower bound: 14790.748544
[INFO]:[02:36:36] CPLEX solver finished. Gap: 24.400000
[INFO]:[02:36:36] Starting CPLEX solver on instance: /home/yorig/tuner/mpils-tests/instances/miplib/medium-2/rococoB10-011000.mps with config: /scratch/yorig/mpils-results-grid-seconds-5-watchdog-mip-start/medium-2/16proc/seed-3/5_rococoB10-011000_seed-3_20260504_023443/expansion/config_param_CPXPARAM_MIP_Limits_ProbeTime_5_iter_1.prm
[INFO]:[02:36:41] CPLEX results. Gap: 24.400000, upper bound: 19565.000000, lower bound: 14790.748544
[INFO]:[02:36:41] CPLEX solver finished. Gap: 24.400000
[INFO]:[02:36:41] Starting CPLEX solver on instance: /home/yorig/tuner/mpils-tests/instances/miplib/medium-2/rococoB10-011000.mps with config: /scratch/yorig/mpils-results-grid-seconds-5-watchdog-mip-start/medium-2/16proc/seed-3/5_rococoB10-011000_seed-3_20260504_023443/expansion/config_param_CPXPARAM_MIP_Limits_ProbeTime_10_iter_1.prm
[INFO]:[02:36:46] CPLEX results. Gap: 24.400000, upper bound: 19565.000000, lower bound: 14790.748544
[INFO]:[02:36:46] CPLEX solver finished. Gap: 24.400000
[INFO]:[02:36:46] Expansion Worker 5 completed expansion.
[INFO]:[02:36:46] Worker 5 completed expansion phase.
[INFO]:[02:36:46] Worker 5 received order for step 1.
[INFO]:[02:36:46] Worker 5 running exploration phase for iteration 2.
[INFO]:[02:36:46] Worker 5 at iteration 2 will not use a MIP start file. Current best MIP-start upper bound threshold is 1.79769e+308.
[INFO]:[02:36:46] Starting local search phase...
[INFO]:[02:36:46] Creating local search space from parameter space file: /scratch/yorig/mpils-results-grid-seconds-5-watchdog-mip-start/medium-2/16proc/seed-3/5_rococoB10-011000_seed-3_20260504_023443/iterated_local_search/search_space/search_space_file_2_worker_5.txt
[INFO]:[02:36:46] Local search space loaded from file: /scratch/yorig/mpils-results-grid-seconds-5-watchdog-mip-start/medium-2/16proc/seed-3/5_rococoB10-011000_seed-3_20260504_023443/iterated_local_search/search_space/search_space_file_2_worker_5.txt
[INFO]:[02:36:46] Number of parameters in local search space: 71
[INFO]:[02:36:46] Number of forbidden tuples in local search space: 26
[INFO]:[02:36:46] Number of conditionals in local search space: 6
[INFO]:[02:36:46] MIP start option not enabled. Local search will proceed without MIP start.
[INFO]:[02:36:46] Evaluating initial configuration for local search phase...
[INFO]:[02:36:46] Starting CPLEX solver on instance: /home/yorig/tuner/mpils-tests/instances/miplib/medium-2/rococoB10-011000.mps with config: /scratch/yorig/mpils-results-grid-seconds-5-watchdog-mip-start/medium-2/16proc/seed-3/5_rococoB10-011000_seed-3_20260504_023443/iterated_local_search/run_2_worker_5/ils_config_9207511697698179594.prm
[INFO]:[02:36:46] Starting CPLEX solver on instance: /home/yorig/tuner/mpils-tests/instances/miplib/medium-2/rococoB10-011000.mps with config: /scratch/yorig/mpils-results-grid-seconds-5-watchdog-mip-start/medium-2/16proc/seed-3/5_rococoB10-011000_seed-3_20260504_023443/iterated_local_search/run_2_worker_5/ils_config_9207511697698179594.prm
[INFO]:[02:36:51] CPLEX results. Gap: 41.790000, upper bound: 23756.000000, lower bound: 13829.133755
[INFO]:[02:36:51] CPLEX solver finished. Gap: 41.790000
[INFO]:[02:36:51] Initial configuration evaluated with objective value: 41.79
[INFO]:[02:36:51] Starting CPLEX solver on instance: /home/yorig/tuner/mpils-tests/instances/miplib/medium-2/rococoB10-011000.mps with config: /scratch/yorig/mpils-results-grid-seconds-5-watchdog-mip-start/medium-2/16proc/seed-3/5_rococoB10-011000_seed-3_20260504_023443/iterated_local_search/run_2_worker_5/ils_config_16912504670529001315.prm
[INFO]:[02:36:51] Starting CPLEX solver on instance: /home/yorig/tuner/mpils-tests/instances/miplib/medium-2/rococoB10-011000.mps with config: /scratch/yorig/mpils-results-grid-seconds-5-watchdog-mip-start/medium-2/16proc/seed-3/5_rococoB10-011000_seed-3_20260504_023443/iterated_local_search/run_2_worker_5/ils_config_16912504670529001315.prm
[INFO]:[02:36:56] CPLEX results. Gap: 41.790000, upper bound: 23756.000000, lower bound: 13829.133755
[INFO]:[02:36:56] CPLEX solver finished. Gap: 41.790000
[INFO]:[02:36:56] Starting CPLEX solver on instance: /home/yorig/tuner/mpils-tests/instances/miplib/medium-2/rococoB10-011000.mps with config: /scratch/yorig/mpils-results-grid-seconds-5-watchdog-mip-start/medium-2/16proc/seed-3/5_rococoB10-011000_seed-3_20260504_023443/iterated_local_search/run_2_worker_5/ils_config_6944895197742318626.prm
[INFO]:[02:36:56] Starting CPLEX solver on instance: /home/yorig/tuner/mpils-tests/instances/miplib/medium-2/rococoB10-011000.mps with config: /scratch/yorig/mpils-results-grid-seconds-5-watchdog-mip-start/medium-2/16proc/seed-3/5_rococoB10-011000_seed-3_20260504_023443/iterated_local_search/run_2_worker_5/ils_config_6944895197742318626.prm
[INFO]:[02:37:01] CPLEX results. Gap: 43.710000, upper bound: 24613.000000, lower bound: 13854.833979
[INFO]:[02:37:01] CPLEX solver finished. Gap: 43.710000
[INFO]:[02:37:01] Starting CPLEX solver on instance: /home/yorig/tuner/mpils-tests/instances/miplib/medium-2/rococoB10-011000.mps with config: /scratch/yorig/mpils-results-grid-seconds-5-watchdog-mip-start/medium-2/16proc/seed-3/5_rococoB10-011000_seed-3_20260504_023443/iterated_local_search/run_2_worker_5/ils_config_11958338840973831421.prm
[INFO]:[02:37:01] Starting CPLEX solver on instance: /home/yorig/tuner/mpils-tests/instances/miplib/medium-2/rococoB10-011000.mps with config: /scratch/yorig/mpils-results-grid-seconds-5-watchdog-mip-start/medium-2/16proc/seed-3/5_rococoB10-011000_seed-3_20260504_023443/iterated_local_search/run_2_worker_5/ils_config_11958338840973831421.prm
[INFO]:[02:37:06] CPLEX results. Gap: 36.340000, upper bound: 21712.000000, lower bound: 13821.470758
[INFO]:[02:37:06] CPLEX solver finished. Gap: 36.340000
[INFO]:[02:37:06] New incumbent found with objective value: 36.34
[INFO]:[02:37:06] Starting CPLEX solver on instance: /home/yorig/tuner/mpils-tests/instances/miplib/medium-2/rococoB10-011000.mps with config: /scratch/yorig/mpils-results-grid-seconds-5-watchdog-mip-start/medium-2/16proc/seed-3/5_rococoB10-011000_seed-3_20260504_023443/iterated_local_search/run_2_worker_5/ils_config_1745121245436005223.prm
[INFO]:[02:37:06] Starting CPLEX solver on instance: /home/yorig/tuner/mpils-tests/instances/miplib/medium-2/rococoB10-011000.mps with config: /scratch/yorig/mpils-results-grid-seconds-5-watchdog-mip-start/medium-2/16proc/seed-3/5_rococoB10-011000_seed-3_20260504_023443/iterated_local_search/run_2_worker_5/ils_config_1745121245436005223.prm
[INFO]:[02:37:11] CPLEX results. Gap: 36.340000, upper bound: 21712.000000, lower bound: 13821.470758
[INFO]:[02:37:11] CPLEX solver finished. Gap: 36.340000
[INFO]:[02:37:11] Local search phase completed.
[INFO]:[02:37:11] Total number of new local-search evaluations: 5
[INFO]:[02:37:11] Final incumbent objective value: 36.34
[INFO]:[02:37:11] Worker 5 completed exploration phase.
[INFO]:[02:37:11] Worker 5 received order for step 2.
[INFO]:[02:37:11] Worker 5 running expansion phase for iteration 2.
[INFO]:[02:37:11] Worker 5 will use solver log file: /scratch/yorig/mpils-results-grid-seconds-5-watchdog-mip-start/medium-2/16proc/seed-3/5_rococoB10-011000_seed-3_20260504_023443/solver/cplex.log_iteration_expansion_2_worker_5
[INFO]:[02:37:11] Expansion Worker 5 starting expansion for iteration 2.
[INFO]:[02:37:11] Starting CPLEX solver on instance: /home/yorig/tuner/mpils-tests/instances/miplib/medium-2/rococoB10-011000.mps with config: /scratch/yorig/mpils-results-grid-seconds-5-watchdog-mip-start/medium-2/16proc/seed-3/5_rococoB10-011000_seed-3_20260504_023443/expansion/config_param_CPXPARAM_MIP_Strategy_HeuristicFreq_-1_iter_2.prm
[INFO]:[02:37:16] CPLEX results. Gap: 26.390000, upper bound: 20468.000000, lower bound: 15067.413613
[INFO]:[02:37:16] CPLEX solver finished. Gap: 26.390000
[INFO]:[02:37:16] Starting CPLEX solver on instance: /home/yorig/tuner/mpils-tests/instances/miplib/medium-2/rococoB10-011000.mps with config: /scratch/yorig/mpils-results-grid-seconds-5-watchdog-mip-start/medium-2/16proc/seed-3/5_rococoB10-011000_seed-3_20260504_023443/expansion/config_param_CPXPARAM_MIP_Strategy_HeuristicFreq_20_iter_2.prm
[INFO]:[02:37:21] CPLEX results. Gap: 24.680000, upper bound: 19565.000000, lower bound: 14736.314761
[INFO]:[02:37:21] CPLEX solver finished. Gap: 24.680000
[INFO]:[02:37:26] Expansion Worker 5 completed expansion.
[INFO]:[02:37:26] Worker 5 completed expansion phase.
[INFO]:[02:37:26] Worker 5 received order for step 1.
[INFO]:[02:37:26] Worker 5 running exploration phase for iteration 3.
[INFO]:[02:37:26] Worker 5 at iteration 3 will not use a MIP start file. Current best MIP-start upper bound threshold is 1.79769e+308.
[INFO]:[02:37:26] Starting local search phase...
[INFO]:[02:37:26] Creating local search space from parameter space file: /scratch/yorig/mpils-results-grid-seconds-5-watchdog-mip-start/medium-2/16proc/seed-3/5_rococoB10-011000_seed-3_20260504_023443/iterated_local_search/search_space/search_space_file_3_worker_5.txt
[INFO]:[02:37:26] Local search space loaded from file: /scratch/yorig/mpils-results-grid-seconds-5-watchdog-mip-start/medium-2/16proc/seed-3/5_rococoB10-011000_seed-3_20260504_023443/iterated_local_search/search_space/search_space_file_3_worker_5.txt
[INFO]:[02:37:26] Number of parameters in local search space: 71
[INFO]:[02:37:26] Number of forbidden tuples in local search space: 45
[INFO]:[02:37:26] Number of conditionals in local search space: 6
[INFO]:[02:37:26] MIP start option not enabled. Local search will proceed without MIP start.
[INFO]:[02:37:26] Evaluating initial configuration for local search phase...
[INFO]:[02:37:26] Starting CPLEX solver on instance: /home/yorig/tuner/mpils-tests/instances/miplib/medium-2/rococoB10-011000.mps with config: /scratch/yorig/mpils-results-grid-seconds-5-watchdog-mip-start/medium-2/16proc/seed-3/5_rococoB10-011000_seed-3_20260504_023443/iterated_local_search/run_3_worker_5/ils_config_9091582021673921231.prm
[INFO]:[02:37:26] Starting CPLEX solver on instance: /home/yorig/tuner/mpils-tests/instances/miplib/medium-2/rococoB10-011000.mps with config: /scratch/yorig/mpils-results-grid-seconds-5-watchdog-mip-start/medium-2/16proc/seed-3/5_rococoB10-011000_seed-3_20260504_023443/iterated_local_search/run_3_worker_5/ils_config_9091582021673921231.prm
[INFO]:[02:37:31] CPLEX results. Gap: 40.190000, upper bound: 21119.000000, lower bound: 12630.326355
[INFO]:[02:37:31] CPLEX solver finished. Gap: 40.190000
[INFO]:[02:37:31] Initial configuration evaluated with objective value: 40.19
[INFO]:[02:37:31] Starting CPLEX solver on instance: /home/yorig/tuner/mpils-tests/instances/miplib/medium-2/rococoB10-011000.mps with config: /scratch/yorig/mpils-results-grid-seconds-5-watchdog-mip-start/medium-2/16proc/seed-3/5_rococoB10-011000_seed-3_20260504_023443/iterated_local_search/run_3_worker_5/ils_config_6603548067817897098.prm
[INFO]:[02:37:31] Starting CPLEX solver on instance: /home/yorig/tuner/mpils-tests/instances/miplib/medium-2/rococoB10-011000.mps with config: /scratch/yorig/mpils-results-grid-seconds-5-watchdog-mip-start/medium-2/16proc/seed-3/5_rococoB10-011000_seed-3_20260504_023443/iterated_local_search/run_3_worker_5/ils_config_6603548067817897098.prm
[INFO]:[02:37:36] CPLEX results. Gap: 37.740000, upper bound: 20338.000000, lower bound: 12662.473870
[INFO]:[02:37:36] CPLEX solver finished. Gap: 37.740000
[INFO]:[02:37:36] New incumbent found with objective value: 37.74
[INFO]:[02:37:36] Starting CPLEX solver on instance: /home/yorig/tuner/mpils-tests/instances/miplib/medium-2/rococoB10-011000.mps with config: /scratch/yorig/mpils-results-grid-seconds-5-watchdog-mip-start/medium-2/16proc/seed-3/5_rococoB10-011000_seed-3_20260504_023443/iterated_local_search/run_3_worker_5/ils_config_16564906534867083023.prm
[INFO]:[02:37:36] Starting CPLEX solver on instance: /home/yorig/tuner/mpils-tests/instances/miplib/medium-2/rococoB10-011000.mps with config: /scratch/yorig/mpils-results-grid-seconds-5-watchdog-mip-start/medium-2/16proc/seed-3/5_rococoB10-011000_seed-3_20260504_023443/iterated_local_search/run_3_worker_5/ils_config_16564906534867083023.prm
[INFO]:[02:37:41] CPLEX results. Gap: 57.050000, upper bound: 29232.000000, lower bound: 12553.894396
[INFO]:[02:37:41] CPLEX solver finished. Gap: 57.050000
[INFO]:[02:37:41] Starting CPLEX solver on instance: /home/yorig/tuner/mpils-tests/instances/miplib/medium-2/rococoB10-011000.mps with config: /scratch/yorig/mpils-results-grid-seconds-5-watchdog-mip-start/medium-2/16proc/seed-3/5_rococoB10-011000_seed-3_20260504_023443/iterated_local_search/run_3_worker_5/ils_config_14769889008381345756.prm
[INFO]:[02:37:41] Starting CPLEX solver on instance: /home/yorig/tuner/mpils-tests/instances/miplib/medium-2/rococoB10-011000.mps with config: /scratch/yorig/mpils-results-grid-seconds-5-watchdog-mip-start/medium-2/16proc/seed-3/5_rococoB10-011000_seed-3_20260504_023443/iterated_local_search/run_3_worker_5/ils_config_14769889008381345756.prm
[INFO]:[02:37:46] CPLEX results. Gap: 55.210000, upper bound: 27652.000000, lower bound: 12385.095428
[INFO]:[02:37:47] CPLEX solver finished. Gap: 55.210000
[INFO]:[02:37:47] Starting CPLEX solver on instance: /home/yorig/tuner/mpils-tests/instances/miplib/medium-2/rococoB10-011000.mps with config: /scratch/yorig/mpils-results-grid-seconds-5-watchdog-mip-start/medium-2/16proc/seed-3/5_rococoB10-011000_seed-3_20260504_023443/iterated_local_search/run_3_worker_5/ils_config_12764430933701964031.prm
[INFO]:[02:37:47] Starting CPLEX solver on instance: /home/yorig/tuner/mpils-tests/instances/miplib/medium-2/rococoB10-011000.mps with config: /scratch/yorig/mpils-results-grid-seconds-5-watchdog-mip-start/medium-2/16proc/seed-3/5_rococoB10-011000_seed-3_20260504_023443/iterated_local_search/run_3_worker_5/ils_config_12764430933701964031.prm
[INFO]:[02:37:52] CPLEX results. Gap: 35.680000, upper bound: 20349.000000, lower bound: 13089.142512
[INFO]:[02:37:52] CPLEX solver finished. Gap: 35.680000
[INFO]:[02:37:52] New incumbent found with objective value: 35.68
[INFO]:[02:37:52] Local search phase completed.
[INFO]:[02:37:52] Total number of new local-search evaluations: 5
[INFO]:[02:37:52] Final incumbent objective value: 35.68
[INFO]:[02:37:52] Worker 5 completed exploration phase.
[INFO]:[02:37:52] Worker 5 received order for step 2.
[INFO]:[02:37:52] Worker 5 running expansion phase for iteration 3.
[INFO]:[02:37:52] Worker 5 will use solver log file: /scratch/yorig/mpils-results-grid-seconds-5-watchdog-mip-start/medium-2/16proc/seed-3/5_rococoB10-011000_seed-3_20260504_023443/solver/cplex.log_iteration_expansion_3_worker_5
[INFO]:[02:37:52] Expansion Worker 5 starting expansion for iteration 3.
[INFO]:[02:37:52] Starting CPLEX solver on instance: /home/yorig/tuner/mpils-tests/instances/miplib/medium-2/rococoB10-011000.mps with config: /scratch/yorig/mpils-results-grid-seconds-5-watchdog-mip-start/medium-2/16proc/seed-3/5_rococoB10-011000_seed-3_20260504_023443/expansion/config_param_CPXPARAM_MIP_Limits_AggForCut_5_iter_3.prm
[INFO]:[02:37:57] CPLEX results. Gap: 24.400000, upper bound: 19565.000000, lower bound: 14790.748544
[INFO]:[02:37:57] CPLEX solver finished. Gap: 24.400000
[INFO]:[02:37:57] Starting CPLEX solver on instance: /home/yorig/tuner/mpils-tests/instances/miplib/medium-2/rococoB10-011000.mps with config: /scratch/yorig/mpils-results-grid-seconds-5-watchdog-mip-start/medium-2/16proc/seed-3/5_rococoB10-011000_seed-3_20260504_023443/expansion/config_param_CPXPARAM_MIP_Limits_AggForCut_10_iter_3.prm
[INFO]:[02:38:02] CPLEX results. Gap: 24.400000, upper bound: 19565.000000, lower bound: 14790.748544
[INFO]:[02:38:02] CPLEX solver finished. Gap: 24.400000
[INFO]:[02:38:02] Expansion Worker 5 completed expansion.
[INFO]:[02:38:02] Worker 5 completed expansion phase.
[INFO]:[02:38:02] Worker 5 received order for step 1.
[INFO]:[02:38:02] Worker 5 running exploration phase for iteration 4.
[INFO]:[02:38:02] Worker 5 at iteration 4 will not use a MIP start file. Current best MIP-start upper bound threshold is 1.79769e+308.
[INFO]:[02:38:02] Starting local search phase...
[INFO]:[02:38:02] Creating local search space from parameter space file: /scratch/yorig/mpils-results-grid-seconds-5-watchdog-mip-start/medium-2/16proc/seed-3/5_rococoB10-011000_seed-3_20260504_023443/iterated_local_search/search_space/search_space_file_4_worker_5.txt
[INFO]:[02:38:02] Local search space loaded from file: /scratch/yorig/mpils-results-grid-seconds-5-watchdog-mip-start/medium-2/16proc/seed-3/5_rococoB10-011000_seed-3_20260504_023443/iterated_local_search/search_space/search_space_file_4_worker_5.txt
[INFO]:[02:38:02] Number of parameters in local search space: 71
[INFO]:[02:38:02] Number of forbidden tuples in local search space: 81
[INFO]:[02:38:02] Number of conditionals in local search space: 6
[INFO]:[02:38:02] MIP start option not enabled. Local search will proceed without MIP start.
[INFO]:[02:38:02] Evaluating initial configuration for local search phase...
[INFO]:[02:38:02] Starting CPLEX solver on instance: /home/yorig/tuner/mpils-tests/instances/miplib/medium-2/rococoB10-011000.mps with config: /scratch/yorig/mpils-results-grid-seconds-5-watchdog-mip-start/medium-2/16proc/seed-3/5_rococoB10-011000_seed-3_20260504_023443/iterated_local_search/run_4_worker_5/ils_config_3927971617721148502.prm
[INFO]:[02:38:02] Starting CPLEX solver on instance: /home/yorig/tuner/mpils-tests/instances/miplib/medium-2/rococoB10-011000.mps with config: /scratch/yorig/mpils-results-grid-seconds-5-watchdog-mip-start/medium-2/16proc/seed-3/5_rococoB10-011000_seed-3_20260504_023443/iterated_local_search/run_4_worker_5/ils_config_3927971617721148502.prm
[INFO]:[02:38:07] CPLEX results. Gap: 47.470000, upper bound: 23635.000000, lower bound: 12415.106193
[INFO]:[02:38:07] CPLEX solver finished. Gap: 47.470000
[INFO]:[02:38:07] Initial configuration evaluated with objective value: 47.47
[INFO]:[02:38:07] Starting CPLEX solver on instance: /home/yorig/tuner/mpils-tests/instances/miplib/medium-2/rococoB10-011000.mps with config: /scratch/yorig/mpils-results-grid-seconds-5-watchdog-mip-start/medium-2/16proc/seed-3/5_rococoB10-011000_seed-3_20260504_023443/iterated_local_search/run_4_worker_5/ils_config_18264087705739444189.prm
[INFO]:[02:38:07] Starting CPLEX solver on instance: /home/yorig/tuner/mpils-tests/instances/miplib/medium-2/rococoB10-011000.mps with config: /scratch/yorig/mpils-results-grid-seconds-5-watchdog-mip-start/medium-2/16proc/seed-3/5_rococoB10-011000_seed-3_20260504_023443/iterated_local_search/run_4_worker_5/ils_config_18264087705739444189.prm
[INFO]:[02:38:12] CPLEX results. Gap: 52.320000, upper bound: 26172.000000, lower bound: 12479.766251
[INFO]:[02:38:12] CPLEX solver finished. Gap: 52.320000
[INFO]:[02:38:12] Starting CPLEX solver on instance: /home/yorig/tuner/mpils-tests/instances/miplib/medium-2/rococoB10-011000.mps with config: /scratch/yorig/mpils-results-grid-seconds-5-watchdog-mip-start/medium-2/16proc/seed-3/5_rococoB10-011000_seed-3_20260504_023443/iterated_local_search/run_4_worker_5/ils_config_3858191070076409455.prm
[INFO]:[02:38:12] Starting CPLEX solver on instance: /home/yorig/tuner/mpils-tests/instances/miplib/medium-2/rococoB10-011000.mps with config: /scratch/yorig/mpils-results-grid-seconds-5-watchdog-mip-start/medium-2/16proc/seed-3/5_rococoB10-011000_seed-3_20260504_023443/iterated_local_search/run_4_worker_5/ils_config_3858191070076409455.prm
[INFO]:[02:38:17] CPLEX results. Gap: 47.470000, upper bound: 23635.000000, lower bound: 12415.106193
[INFO]:[02:38:17] CPLEX solver finished. Gap: 47.470000
[INFO]:[02:38:17] Starting CPLEX solver on instance: /home/yorig/tuner/mpils-tests/instances/miplib/medium-2/rococoB10-011000.mps with config: /scratch/yorig/mpils-results-grid-seconds-5-watchdog-mip-start/medium-2/16proc/seed-3/5_rococoB10-011000_seed-3_20260504_023443/iterated_local_search/run_4_worker_5/ils_config_256067994659601332.prm
[INFO]:[02:38:17] Starting CPLEX solver on instance: /home/yorig/tuner/mpils-tests/instances/miplib/medium-2/rococoB10-011000.mps with config: /scratch/yorig/mpils-results-grid-seconds-5-watchdog-mip-start/medium-2/16proc/seed-3/5_rococoB10-011000_seed-3_20260504_023443/iterated_local_search/run_4_worker_5/ils_config_256067994659601332.prm
[INFO]:[02:38:22] CPLEX results. Gap: 42.170000, upper bound: 22117.000000, lower bound: 12790.423712
[INFO]:[02:38:22] CPLEX solver finished. Gap: 42.170000
[INFO]:[02:38:22] New incumbent found with objective value: 42.17
[INFO]:[02:38:22] Starting CPLEX solver on instance: /home/yorig/tuner/mpils-tests/instances/miplib/medium-2/rococoB10-011000.mps with config: /scratch/yorig/mpils-results-grid-seconds-5-watchdog-mip-start/medium-2/16proc/seed-3/5_rococoB10-011000_seed-3_20260504_023443/iterated_local_search/run_4_worker_5/ils_config_13851131403167438567.prm
[INFO]:[02:38:22] Starting CPLEX solver on instance: /home/yorig/tuner/mpils-tests/instances/miplib/medium-2/rococoB10-011000.mps with config: /scratch/yorig/mpils-results-grid-seconds-5-watchdog-mip-start/medium-2/16proc/seed-3/5_rococoB10-011000_seed-3_20260504_023443/iterated_local_search/run_4_worker_5/ils_config_13851131403167438567.prm
[INFO]:[02:38:27] CPLEX results. Gap: 51.510000, upper bound: 22117.000000, lower bound: 10723.622716
[INFO]:[02:38:27] CPLEX solver finished. Gap: 51.510000
[INFO]:[02:38:27] Starting CPLEX solver on instance: /home/yorig/tuner/mpils-tests/instances/miplib/medium-2/rococoB10-011000.mps with config: /scratch/yorig/mpils-results-grid-seconds-5-watchdog-mip-start/medium-2/16proc/seed-3/5_rococoB10-011000_seed-3_20260504_023443/iterated_local_search/run_4_worker_5/ils_config_2294647903120816601.prm
[INFO]:[02:38:27] Starting CPLEX solver on instance: /home/yorig/tuner/mpils-tests/instances/miplib/medium-2/rococoB10-011000.mps with config: /scratch/yorig/mpils-results-grid-seconds-5-watchdog-mip-start/medium-2/16proc/seed-3/5_rococoB10-011000_seed-3_20260504_023443/iterated_local_search/run_4_worker_5/ils_config_2294647903120816601.prm
[INFO]:[02:38:32] CPLEX results. Gap: 42.170000, upper bound: 22117.000000, lower bound: 12790.423712
[INFO]:[02:38:32] CPLEX solver finished. Gap: 42.170000
[INFO]:[02:38:32] Starting CPLEX solver on instance: /home/yorig/tuner/mpils-tests/instances/miplib/medium-2/rococoB10-011000.mps with config: /scratch/yorig/mpils-results-grid-seconds-5-watchdog-mip-start/medium-2/16proc/seed-3/5_rococoB10-011000_seed-3_20260504_023443/iterated_local_search/run_4_worker_5/ils_config_8746974792838450001.prm
[INFO]:[02:38:32] Starting CPLEX solver on instance: /home/yorig/tuner/mpils-tests/instances/miplib/medium-2/rococoB10-011000.mps with config: /scratch/yorig/mpils-results-grid-seconds-5-watchdog-mip-start/medium-2/16proc/seed-3/5_rococoB10-011000_seed-3_20260504_023443/iterated_local_search/run_4_worker_5/ils_config_8746974792838450001.prm
[INFO]:[02:38:37] CPLEX results. Gap: 42.170000, upper bound: 22117.000000, lower bound: 12790.423712
[INFO]:[02:38:37] CPLEX solver finished. Gap: 42.170000
[INFO]:[02:38:37] Local search phase completed.
[INFO]:[02:38:37] Total number of new local-search evaluations: 7
[INFO]:[02:38:37] Final incumbent objective value: 42.17
[INFO]:[02:38:38] Worker 5 completed exploration phase.
[INFO]:[02:38:38] Worker 5 received order for step 2.
[INFO]:[02:38:38] Worker 5 running expansion phase for iteration 4.
[INFO]:[02:38:38] Worker 5 will use solver log file: /scratch/yorig/mpils-results-grid-seconds-5-watchdog-mip-start/medium-2/16proc/seed-3/5_rococoB10-011000_seed-3_20260504_023443/solver/cplex.log_iteration_expansion_4_worker_5
[INFO]:[02:38:38] Expansion Worker 5 starting expansion for iteration 4.
[INFO]:[02:38:38] Starting CPLEX solver on instance: /home/yorig/tuner/mpils-tests/instances/miplib/medium-2/rococoB10-011000.mps with config: /scratch/yorig/mpils-results-grid-seconds-5-watchdog-mip-start/medium-2/16proc/seed-3/5_rococoB10-011000_seed-3_20260504_023443/expansion/config_param_CPXPARAM_MIP_OrderType_1_iter_4.prm
[INFO]:[02:38:43] CPLEX results. Gap: 24.400000, upper bound: 19565.000000, lower bound: 14790.748544
[INFO]:[02:38:43] CPLEX solver finished. Gap: 24.400000
[INFO]:[02:38:43] Starting CPLEX solver on instance: /home/yorig/tuner/mpils-tests/instances/miplib/medium-2/rococoB10-011000.mps with config: /scratch/yorig/mpils-results-grid-seconds-5-watchdog-mip-start/medium-2/16proc/seed-3/5_rococoB10-011000_seed-3_20260504_023443/expansion/config_param_CPXPARAM_MIP_OrderType_2_iter_4.prm
[INFO]:[02:38:48] CPLEX results. Gap: 24.400000, upper bound: 19565.000000, lower bound: 14790.748544
[INFO]:[02:38:48] CPLEX solver finished. Gap: 24.400000
[INFO]:[02:38:48] Expansion Worker 5 completed expansion.
[INFO]:[02:38:48] Worker 5 completed expansion phase.
[INFO]:[02:38:49] Worker 5 received order for step 1.
[INFO]:[02:38:49] Worker 5 running exploration phase for iteration 5.
[INFO]:[02:38:49] Worker 5 at iteration 5 will not use a MIP start file. Current best MIP-start upper bound threshold is 1.79769e+308.
[INFO]:[02:38:49] Starting local search phase...
[INFO]:[02:38:49] Creating local search space from parameter space file: /scratch/yorig/mpils-results-grid-seconds-5-watchdog-mip-start/medium-2/16proc/seed-3/5_rococoB10-011000_seed-3_20260504_023443/iterated_local_search/search_space/search_space_file_5_worker_5.txt
[INFO]:[02:38:49] Local search space loaded from file: /scratch/yorig/mpils-results-grid-seconds-5-watchdog-mip-start/medium-2/16proc/seed-3/5_rococoB10-011000_seed-3_20260504_023443/iterated_local_search/search_space/search_space_file_5_worker_5.txt
[INFO]:[02:38:49] Number of parameters in local search space: 71
[INFO]:[02:38:49] Number of forbidden tuples in local search space: 110
[INFO]:[02:38:49] Number of conditionals in local search space: 6
[INFO]:[02:38:49] MIP start option not enabled. Local search will proceed without MIP start.
[INFO]:[02:38:49] Evaluating initial configuration for local search phase...
[INFO]:[02:38:49] Starting CPLEX solver on instance: /home/yorig/tuner/mpils-tests/instances/miplib/medium-2/rococoB10-011000.mps with config: /scratch/yorig/mpils-results-grid-seconds-5-watchdog-mip-start/medium-2/16proc/seed-3/5_rococoB10-011000_seed-3_20260504_023443/iterated_local_search/run_5_worker_5/ils_config_8993716821260048605.prm
[INFO]:[02:38:49] Starting CPLEX solver on instance: /home/yorig/tuner/mpils-tests/instances/miplib/medium-2/rococoB10-011000.mps with config: /scratch/yorig/mpils-results-grid-seconds-5-watchdog-mip-start/medium-2/16proc/seed-3/5_rococoB10-011000_seed-3_20260504_023443/iterated_local_search/run_5_worker_5/ils_config_8993716821260048605.prm
[INFO]:[02:38:54] CPLEX results. Gap: 58.410000, upper bound: 31286.000000, lower bound: 13010.560962
[INFO]:[02:38:54] CPLEX solver finished. Gap: 58.410000
[INFO]:[02:38:54] Initial configuration evaluated with objective value: 58.41
[INFO]:[02:38:54] Starting CPLEX solver on instance: /home/yorig/tuner/mpils-tests/instances/miplib/medium-2/rococoB10-011000.mps with config: /scratch/yorig/mpils-results-grid-seconds-5-watchdog-mip-start/medium-2/16proc/seed-3/5_rococoB10-011000_seed-3_20260504_023443/iterated_local_search/run_5_worker_5/ils_config_13452952375611916943.prm
[INFO]:[02:38:54] Starting CPLEX solver on instance: /home/yorig/tuner/mpils-tests/instances/miplib/medium-2/rococoB10-011000.mps with config: /scratch/yorig/mpils-results-grid-seconds-5-watchdog-mip-start/medium-2/16proc/seed-3/5_rococoB10-011000_seed-3_20260504_023443/iterated_local_search/run_5_worker_5/ils_config_13452952375611916943.prm
[INFO]:[02:38:59] CPLEX results. Gap: 58.470000, upper bound: 31286.000000, lower bound: 12993.795651
[INFO]:[02:38:59] CPLEX solver finished. Gap: 58.470000
[INFO]:[02:38:59] Starting CPLEX solver on instance: /home/yorig/tuner/mpils-tests/instances/miplib/medium-2/rococoB10-011000.mps with config: /scratch/yorig/mpils-results-grid-seconds-5-watchdog-mip-start/medium-2/16proc/seed-3/5_rococoB10-011000_seed-3_20260504_023443/iterated_local_search/run_5_worker_5/ils_config_10392816069552882219.prm
[INFO]:[02:38:59] Starting CPLEX solver on instance: /home/yorig/tuner/mpils-tests/instances/miplib/medium-2/rococoB10-011000.mps with config: /scratch/yorig/mpils-results-grid-seconds-5-watchdog-mip-start/medium-2/16proc/seed-3/5_rococoB10-011000_seed-3_20260504_023443/iterated_local_search/run_5_worker_5/ils_config_10392816069552882219.prm
[INFO]:[02:39:04] CPLEX results. Gap: 58.410000, upper bound: 31286.000000, lower bound: 13010.560962
[INFO]:[02:39:04] CPLEX solver finished. Gap: 58.410000
[INFO]:[02:39:04] Starting CPLEX solver on instance: /home/yorig/tuner/mpils-tests/instances/miplib/medium-2/rococoB10-011000.mps with config: /scratch/yorig/mpils-results-grid-seconds-5-watchdog-mip-start/medium-2/16proc/seed-3/5_rococoB10-011000_seed-3_20260504_023443/iterated_local_search/run_5_worker_5/ils_config_6930113848600872293.prm
[INFO]:[02:39:04] Starting CPLEX solver on instance: /home/yorig/tuner/mpils-tests/instances/miplib/medium-2/rococoB10-011000.mps with config: /scratch/yorig/mpils-results-grid-seconds-5-watchdog-mip-start/medium-2/16proc/seed-3/5_rococoB10-011000_seed-3_20260504_023443/iterated_local_search/run_5_worker_5/ils_config_6930113848600872293.prm
[INFO]:[02:39:09] CPLEX results. Gap: 58.410000, upper bound: 31286.000000, lower bound: 13010.560962
[INFO]:[02:39:09] CPLEX solver finished. Gap: 58.410000
[INFO]:[02:39:09] Starting CPLEX solver on instance: /home/yorig/tuner/mpils-tests/instances/miplib/medium-2/rococoB10-011000.mps with config: /scratch/yorig/mpils-results-grid-seconds-5-watchdog-mip-start/medium-2/16proc/seed-3/5_rococoB10-011000_seed-3_20260504_023443/iterated_local_search/run_5_worker_5/ils_config_5258683684435926077.prm
[INFO]:[02:39:09] Starting CPLEX solver on instance: /home/yorig/tuner/mpils-tests/instances/miplib/medium-2/rococoB10-011000.mps with config: /scratch/yorig/mpils-results-grid-seconds-5-watchdog-mip-start/medium-2/16proc/seed-3/5_rococoB10-011000_seed-3_20260504_023443/iterated_local_search/run_5_worker_5/ils_config_5258683684435926077.prm
[INFO]:[02:39:14] CPLEX results. Gap: 57.260000, upper bound: 31543.000000, lower bound: 13480.598817
[INFO]:[02:39:14] CPLEX solver finished. Gap: 57.260000
[INFO]:[02:39:14] New incumbent found with objective value: 57.26
[INFO]:[02:39:14] Starting CPLEX solver on instance: /home/yorig/tuner/mpils-tests/instances/miplib/medium-2/rococoB10-011000.mps with config: /scratch/yorig/mpils-results-grid-seconds-5-watchdog-mip-start/medium-2/16proc/seed-3/5_rococoB10-011000_seed-3_20260504_023443/iterated_local_search/run_5_worker_5/ils_config_2855773093935464308.prm
[INFO]:[02:39:14] Starting CPLEX solver on instance: /home/yorig/tuner/mpils-tests/instances/miplib/medium-2/rococoB10-011000.mps with config: /scratch/yorig/mpils-results-grid-seconds-5-watchdog-mip-start/medium-2/16proc/seed-3/5_rococoB10-011000_seed-3_20260504_023443/iterated_local_search/run_5_worker_5/ils_config_2855773093935464308.prm
[INFO]:[02:39:19] CPLEX results. Gap: 57.260000, upper bound: 31543.000000, lower bound: 13480.598817
[INFO]:[02:39:19] CPLEX solver finished. Gap: 57.260000
[INFO]:[02:39:19] Starting CPLEX solver on instance: /home/yorig/tuner/mpils-tests/instances/miplib/medium-2/rococoB10-011000.mps with config: /scratch/yorig/mpils-results-grid-seconds-5-watchdog-mip-start/medium-2/16proc/seed-3/5_rococoB10-011000_seed-3_20260504_023443/iterated_local_search/run_5_worker_5/ils_config_14294087754226351487.prm
[INFO]:[02:39:19] Starting CPLEX solver on instance: /home/yorig/tuner/mpils-tests/instances/miplib/medium-2/rococoB10-011000.mps with config: /scratch/yorig/mpils-results-grid-seconds-5-watchdog-mip-start/medium-2/16proc/seed-3/5_rococoB10-011000_seed-3_20260504_023443/iterated_local_search/run_5_worker_5/ils_config_14294087754226351487.prm
[INFO]:[02:39:24] CPLEX results. Gap: 57.260000, upper bound: 31543.000000, lower bound: 13480.598817
[INFO]:[02:39:24] CPLEX solver finished. Gap: 57.260000
[INFO]:[02:39:24] Starting CPLEX solver on instance: /home/yorig/tuner/mpils-tests/instances/miplib/medium-2/rococoB10-011000.mps with config: /scratch/yorig/mpils-results-grid-seconds-5-watchdog-mip-start/medium-2/16proc/seed-3/5_rococoB10-011000_seed-3_20260504_023443/iterated_local_search/run_5_worker_5/ils_config_6581095790106796440.prm
[INFO]:[02:39:24] Starting CPLEX solver on instance: /home/yorig/tuner/mpils-tests/instances/miplib/medium-2/rococoB10-011000.mps with config: /scratch/yorig/mpils-results-grid-seconds-5-watchdog-mip-start/medium-2/16proc/seed-3/5_rococoB10-011000_seed-3_20260504_023443/iterated_local_search/run_5_worker_5/ils_config_6581095790106796440.prm
[INFO]:[02:39:29] CPLEX results. Gap: 52.690000, upper bound: 29232.000000, lower bound: 13828.922640
[INFO]:[02:39:29] CPLEX solver finished. Gap: 52.690000
[INFO]:[02:39:29] New incumbent found with objective value: 52.69
[INFO]:[02:39:29] Starting CPLEX solver on instance: /home/yorig/tuner/mpils-tests/instances/miplib/medium-2/rococoB10-011000.mps with config: /scratch/yorig/mpils-results-grid-seconds-5-watchdog-mip-start/medium-2/16proc/seed-3/5_rococoB10-011000_seed-3_20260504_023443/iterated_local_search/run_5_worker_5/ils_config_6623145053242744171.prm
[INFO]:[02:39:29] Starting CPLEX solver on instance: /home/yorig/tuner/mpils-tests/instances/miplib/medium-2/rococoB10-011000.mps with config: /scratch/yorig/mpils-results-grid-seconds-5-watchdog-mip-start/medium-2/16proc/seed-3/5_rococoB10-011000_seed-3_20260504_023443/iterated_local_search/run_5_worker_5/ils_config_6623145053242744171.prm
[INFO]:[02:39:34] CPLEX results. Gap: 42.660000, upper bound: 24166.000000, lower bound: 13856.743729
[INFO]:[02:39:34] CPLEX solver finished. Gap: 42.660000
[INFO]:[02:39:34] New incumbent found with objective value: 42.66
[INFO]:[02:39:34] Starting CPLEX solver on instance: /home/yorig/tuner/mpils-tests/instances/miplib/medium-2/rococoB10-011000.mps with config: /scratch/yorig/mpils-results-grid-seconds-5-watchdog-mip-start/medium-2/16proc/seed-3/5_rococoB10-011000_seed-3_20260504_023443/iterated_local_search/run_5_worker_5/ils_config_10825730016348445888.prm
[INFO]:[02:39:34] Starting CPLEX solver on instance: /home/yorig/tuner/mpils-tests/instances/miplib/medium-2/rococoB10-011000.mps with config: /scratch/yorig/mpils-results-grid-seconds-5-watchdog-mip-start/medium-2/16proc/seed-3/5_rococoB10-011000_seed-3_20260504_023443/iterated_local_search/run_5_worker_5/ils_config_10825730016348445888.prm
[INFO]:[02:39:39] CPLEX results. Gap: 52.700000, upper bound: 29232.000000, lower bound: 13827.415790
[INFO]:[02:39:39] CPLEX solver finished. Gap: 52.700000
[INFO]:[02:39:39] Starting CPLEX solver on instance: /home/yorig/tuner/mpils-tests/instances/miplib/medium-2/rococoB10-011000.mps with config: /scratch/yorig/mpils-results-grid-seconds-5-watchdog-mip-start/medium-2/16proc/seed-3/5_rococoB10-011000_seed-3_20260504_023443/iterated_local_search/run_5_worker_5/ils_config_7407334308262197492.prm
[INFO]:[02:39:39] Starting CPLEX solver on instance: /home/yorig/tuner/mpils-tests/instances/miplib/medium-2/rococoB10-011000.mps with config: /scratch/yorig/mpils-results-grid-seconds-5-watchdog-mip-start/medium-2/16proc/seed-3/5_rococoB10-011000_seed-3_20260504_023443/iterated_local_search/run_5_worker_5/ils_config_7407334308262197492.prm
[INFO]:[02:39:44] CPLEX results. Gap: 42.660000, upper bound: 24166.000000, lower bound: 13856.743729
[INFO]:[02:39:44] CPLEX solver finished. Gap: 42.660000
[INFO]:[02:39:44] Starting CPLEX solver on instance: /home/yorig/tuner/mpils-tests/instances/miplib/medium-2/rococoB10-011000.mps with config: /scratch/yorig/mpils-results-grid-seconds-5-watchdog-mip-start/medium-2/16proc/seed-3/5_rococoB10-011000_seed-3_20260504_023443/iterated_local_search/run_5_worker_5/ils_config_13637429972980884936.prm
[INFO]:[02:39:44] Starting CPLEX solver on instance: /home/yorig/tuner/mpils-tests/instances/miplib/medium-2/rococoB10-011000.mps with config: /scratch/yorig/mpils-results-grid-seconds-5-watchdog-mip-start/medium-2/16proc/seed-3/5_rococoB10-011000_seed-3_20260504_023443/iterated_local_search/run_5_worker_5/ils_config_13637429972980884936.prm
[INFO]:[02:39:49] CPLEX results. Gap: 42.660000, upper bound: 24166.000000, lower bound: 13856.743729
[INFO]:[02:39:49] CPLEX solver finished. Gap: 42.660000
[INFO]:[02:39:49] Starting CPLEX solver on instance: /home/yorig/tuner/mpils-tests/instances/miplib/medium-2/rococoB10-011000.mps with config: /scratch/yorig/mpils-results-grid-seconds-5-watchdog-mip-start/medium-2/16proc/seed-3/5_rococoB10-011000_seed-3_20260504_023443/iterated_local_search/run_5_worker_5/ils_config_9476816830699558875.prm
[INFO]:[02:39:49] Starting CPLEX solver on instance: /home/yorig/tuner/mpils-tests/instances/miplib/medium-2/rococoB10-011000.mps with config: /scratch/yorig/mpils-results-grid-seconds-5-watchdog-mip-start/medium-2/16proc/seed-3/5_rococoB10-011000_seed-3_20260504_023443/iterated_local_search/run_5_worker_5/ils_config_9476816830699558875.prm
[INFO]:[02:39:54] CPLEX results. Gap: 42.660000, upper bound: 24166.000000, lower bound: 13856.743729
[INFO]:[02:39:54] CPLEX solver finished. Gap: 42.660000
[INFO]:[02:39:54] Starting CPLEX solver on instance: /home/yorig/tuner/mpils-tests/instances/miplib/medium-2/rococoB10-011000.mps with config: /scratch/yorig/mpils-results-grid-seconds-5-watchdog-mip-start/medium-2/16proc/seed-3/5_rococoB10-011000_seed-3_20260504_023443/iterated_local_search/run_5_worker_5/ils_config_2341983715505640773.prm
[INFO]:[02:39:54] Starting CPLEX solver on instance: /home/yorig/tuner/mpils-tests/instances/miplib/medium-2/rococoB10-011000.mps with config: /scratch/yorig/mpils-results-grid-seconds-5-watchdog-mip-start/medium-2/16proc/seed-3/5_rococoB10-011000_seed-3_20260504_023443/iterated_local_search/run_5_worker_5/ils_config_2341983715505640773.prm
[INFO]:[02:39:59] CPLEX results. Gap: 42.660000, upper bound: 24166.000000, lower bound: 13856.743729
[INFO]:[02:39:59] CPLEX solver finished. Gap: 42.660000
[INFO]:[02:39:59] Starting CPLEX solver on instance: /home/yorig/tuner/mpils-tests/instances/miplib/medium-2/rococoB10-011000.mps with config: /scratch/yorig/mpils-results-grid-seconds-5-watchdog-mip-start/medium-2/16proc/seed-3/5_rococoB10-011000_seed-3_20260504_023443/iterated_local_search/run_5_worker_5/ils_config_6380371642117378313.prm
[INFO]:[02:39:59] Starting CPLEX solver on instance: /home/yorig/tuner/mpils-tests/instances/miplib/medium-2/rococoB10-011000.mps with config: /scratch/yorig/mpils-results-grid-seconds-5-watchdog-mip-start/medium-2/16proc/seed-3/5_rococoB10-011000_seed-3_20260504_023443/iterated_local_search/run_5_worker_5/ils_config_6380371642117378313.prm
[INFO]:[02:40:04] CPLEX results. Gap: 42.660000, upper bound: 24166.000000, lower bound: 13856.743729
[INFO]:[02:40:04] CPLEX solver finished. Gap: 42.660000
[INFO]:[02:40:04] Starting CPLEX solver on instance: /home/yorig/tuner/mpils-tests/instances/miplib/medium-2/rococoB10-011000.mps with config: /scratch/yorig/mpils-results-grid-seconds-5-watchdog-mip-start/medium-2/16proc/seed-3/5_rococoB10-011000_seed-3_20260504_023443/iterated_local_search/run_5_worker_5/ils_config_3778516417649308083.prm
[INFO]:[02:40:04] Starting CPLEX solver on instance: /home/yorig/tuner/mpils-tests/instances/miplib/medium-2/rococoB10-011000.mps with config: /scratch/yorig/mpils-results-grid-seconds-5-watchdog-mip-start/medium-2/16proc/seed-3/5_rococoB10-011000_seed-3_20260504_023443/iterated_local_search/run_5_worker_5/ils_config_3778516417649308083.prm
[INFO]:[02:40:09] CPLEX results. Gap: 42.660000, upper bound: 24166.000000, lower bound: 13856.743729
[INFO]:[02:40:09] CPLEX solver finished. Gap: 42.660000
[INFO]:[02:40:09] Starting CPLEX solver on instance: /home/yorig/tuner/mpils-tests/instances/miplib/medium-2/rococoB10-011000.mps with config: /scratch/yorig/mpils-results-grid-seconds-5-watchdog-mip-start/medium-2/16proc/seed-3/5_rococoB10-011000_seed-3_20260504_023443/iterated_local_search/run_5_worker_5/ils_config_3549570888677497968.prm
[INFO]:[02:40:09] Starting CPLEX solver on instance: /home/yorig/tuner/mpils-tests/instances/miplib/medium-2/rococoB10-011000.mps with config: /scratch/yorig/mpils-results-grid-seconds-5-watchdog-mip-start/medium-2/16proc/seed-3/5_rococoB10-011000_seed-3_20260504_023443/iterated_local_search/run_5_worker_5/ils_config_3549570888677497968.prm
[INFO]:[02:40:14] CPLEX results. Gap: 57.820000, upper bound: 29232.000000, lower bound: 12329.720903
[INFO]:[02:40:14] CPLEX solver finished. Gap: 57.820000
[INFO]:[02:40:14] Starting CPLEX solver on instance: /home/yorig/tuner/mpils-tests/instances/miplib/medium-2/rococoB10-011000.mps with config: /scratch/yorig/mpils-results-grid-seconds-5-watchdog-mip-start/medium-2/16proc/seed-3/5_rococoB10-011000_seed-3_20260504_023443/iterated_local_search/run_5_worker_5/ils_config_10866948511257627233.prm
[INFO]:[02:40:14] Starting CPLEX solver on instance: /home/yorig/tuner/mpils-tests/instances/miplib/medium-2/rococoB10-011000.mps with config: /scratch/yorig/mpils-results-grid-seconds-5-watchdog-mip-start/medium-2/16proc/seed-3/5_rococoB10-011000_seed-3_20260504_023443/iterated_local_search/run_5_worker_5/ils_config_10866948511257627233.prm
[INFO]:[02:40:19] CPLEX results. Gap: 42.660000, upper bound: 24166.000000, lower bound: 13856.743729
[INFO]:[02:40:19] CPLEX solver finished. Gap: 42.660000
[INFO]:[02:40:19] Local search phase completed.
[INFO]:[02:40:19] Total number of new local-search evaluations: 18
[INFO]:[02:40:19] Final incumbent objective value: 42.66
[INFO]:[02:40:19] Worker 5 completed exploration phase.
[INFO]:[02:40:19] Worker 5 received order for step 2.
[INFO]:[02:40:19] Worker 5 running expansion phase for iteration 5.
[INFO]:[02:40:19] Worker 5 will use solver log file: /scratch/yorig/mpils-results-grid-seconds-5-watchdog-mip-start/medium-2/16proc/seed-3/5_rococoB10-011000_seed-3_20260504_023443/solver/cplex.log_iteration_expansion_5_worker_5
[INFO]:[02:40:19] Expansion Worker 5 starting expansion for iteration 5.
[INFO]:[02:40:19] Starting CPLEX solver on instance: /home/yorig/tuner/mpils-tests/instances/miplib/medium-2/rococoB10-011000.mps with config: /scratch/yorig/mpils-results-grid-seconds-5-watchdog-mip-start/medium-2/16proc/seed-3/5_rococoB10-011000_seed-3_20260504_023443/expansion/config_param_CPXPARAM_Read_Scale_-1_iter_5.prm
[INFO]:[02:40:24] CPLEX results. Gap: 33.080000, upper bound: 21332.000000, lower bound: 14276.013741
[INFO]:[02:40:24] CPLEX solver finished. Gap: 33.080000
[INFO]:[02:40:24] Starting CPLEX solver on instance: /home/yorig/tuner/mpils-tests/instances/miplib/medium-2/rococoB10-011000.mps with config: /scratch/yorig/mpils-results-grid-seconds-5-watchdog-mip-start/medium-2/16proc/seed-3/5_rococoB10-011000_seed-3_20260504_023443/expansion/config_param_CPXPARAM_Read_Scale_1_iter_5.prm
[INFO]:[02:40:29] CPLEX results. Gap: 27.710000, upper bound: 20094.000000, lower bound: 14525.704273
[INFO]:[02:40:29] CPLEX solver finished. Gap: 27.710000
[INFO]:[02:40:29] Expansion Worker 5 completed expansion.
[INFO]:[02:40:29] Worker 5 completed expansion phase.
[INFO]:[02:40:30] Worker 5 received order for step 1.
[INFO]:[02:40:30] Worker 5 running exploration phase for iteration 6.
[INFO]:[02:40:30] Worker 5 at iteration 6 will not use a MIP start file. Current best MIP-start upper bound threshold is 1.79769e+308.
[INFO]:[02:40:30] Starting local search phase...
[INFO]:[02:40:30] Creating local search space from parameter space file: /scratch/yorig/mpils-results-grid-seconds-5-watchdog-mip-start/medium-2/16proc/seed-3/5_rococoB10-011000_seed-3_20260504_023443/iterated_local_search/search_space/search_space_file_6_worker_5.txt
[INFO]:[02:40:30] Local search space loaded from file: /scratch/yorig/mpils-results-grid-seconds-5-watchdog-mip-start/medium-2/16proc/seed-3/5_rococoB10-011000_seed-3_20260504_023443/iterated_local_search/search_space/search_space_file_6_worker_5.txt
[INFO]:[02:40:30] Number of parameters in local search space: 71
[INFO]:[02:40:30] Number of forbidden tuples in local search space: 139
[INFO]:[02:40:30] Number of conditionals in local search space: 6
[INFO]:[02:40:30] MIP start option not enabled. Local search will proceed without MIP start.
[INFO]:[02:40:30] Evaluating initial configuration for local search phase...
[INFO]:[02:40:30] Starting CPLEX solver on instance: /home/yorig/tuner/mpils-tests/instances/miplib/medium-2/rococoB10-011000.mps with config: /scratch/yorig/mpils-results-grid-seconds-5-watchdog-mip-start/medium-2/16proc/seed-3/5_rococoB10-011000_seed-3_20260504_023443/iterated_local_search/run_6_worker_5/ils_config_8122608950574278018.prm
[INFO]:[02:40:30] Starting CPLEX solver on instance: /home/yorig/tuner/mpils-tests/instances/miplib/medium-2/rococoB10-011000.mps with config: /scratch/yorig/mpils-results-grid-seconds-5-watchdog-mip-start/medium-2/16proc/seed-3/5_rococoB10-011000_seed-3_20260504_023443/iterated_local_search/run_6_worker_5/ils_config_8122608950574278018.prm
[INFO]:[02:40:35] CPLEX results. Gap: 90.720000, upper bound: 117627.000000, lower bound: 10917.197395
[INFO]:[02:40:35] CPLEX solver finished. Gap: 90.720000
[INFO]:[02:40:35] Initial configuration evaluated with objective value: 90.72
[INFO]:[02:40:35] Starting CPLEX solver on instance: /home/yorig/tuner/mpils-tests/instances/miplib/medium-2/rococoB10-011000.mps with config: /scratch/yorig/mpils-results-grid-seconds-5-watchdog-mip-start/medium-2/16proc/seed-3/5_rococoB10-011000_seed-3_20260504_023443/iterated_local_search/run_6_worker_5/ils_config_13920054187961883770.prm
[INFO]:[02:40:35] Starting CPLEX solver on instance: /home/yorig/tuner/mpils-tests/instances/miplib/medium-2/rococoB10-011000.mps with config: /scratch/yorig/mpils-results-grid-seconds-5-watchdog-mip-start/medium-2/16proc/seed-3/5_rococoB10-011000_seed-3_20260504_023443/iterated_local_search/run_6_worker_5/ils_config_13920054187961883770.prm
[INFO]:[02:40:40] CPLEX results. Gap: 90.720000, upper bound: 117627.000000, lower bound: 10917.197395
[INFO]:[02:40:40] CPLEX solver finished. Gap: 90.720000
[INFO]:[02:40:40] Starting CPLEX solver on instance: /home/yorig/tuner/mpils-tests/instances/miplib/medium-2/rococoB10-011000.mps with config: /scratch/yorig/mpils-results-grid-seconds-5-watchdog-mip-start/medium-2/16proc/seed-3/5_rococoB10-011000_seed-3_20260504_023443/iterated_local_search/run_6_worker_5/ils_config_805892777101296349.prm
[INFO]:[02:40:40] Starting CPLEX solver on instance: /home/yorig/tuner/mpils-tests/instances/miplib/medium-2/rococoB10-011000.mps with config: /scratch/yorig/mpils-results-grid-seconds-5-watchdog-mip-start/medium-2/16proc/seed-3/5_rococoB10-011000_seed-3_20260504_023443/iterated_local_search/run_6_worker_5/ils_config_805892777101296349.prm
[INFO]:[02:40:45] CPLEX results. Gap: 90.720000, upper bound: 117627.000000, lower bound: 10917.197395
[INFO]:[02:40:45] CPLEX solver finished. Gap: 90.720000
[INFO]:[02:40:45] Starting CPLEX solver on instance: /home/yorig/tuner/mpils-tests/instances/miplib/medium-2/rococoB10-011000.mps with config: /scratch/yorig/mpils-results-grid-seconds-5-watchdog-mip-start/medium-2/16proc/seed-3/5_rococoB10-011000_seed-3_20260504_023443/iterated_local_search/run_6_worker_5/ils_config_2960802618711881300.prm
[INFO]:[02:40:45] Starting CPLEX solver on instance: /home/yorig/tuner/mpils-tests/instances/miplib/medium-2/rococoB10-011000.mps with config: /scratch/yorig/mpils-results-grid-seconds-5-watchdog-mip-start/medium-2/16proc/seed-3/5_rococoB10-011000_seed-3_20260504_023443/iterated_local_search/run_6_worker_5/ils_config_2960802618711881300.prm
[INFO]:[02:40:50] CPLEX results. Gap: 60.590000, upper bound: 29834.000000, lower bound: 11758.240831
[INFO]:[02:40:50] CPLEX solver finished. Gap: 60.590000
[INFO]:[02:40:50] New incumbent found with objective value: 60.59
[INFO]:[02:40:50] Starting CPLEX solver on instance: /home/yorig/tuner/mpils-tests/instances/miplib/medium-2/rococoB10-011000.mps with config: /scratch/yorig/mpils-results-grid-seconds-5-watchdog-mip-start/medium-2/16proc/seed-3/5_rococoB10-011000_seed-3_20260504_023443/iterated_local_search/run_6_worker_5/ils_config_12881439031288772139.prm
[INFO]:[02:40:50] Starting CPLEX solver on instance: /home/yorig/tuner/mpils-tests/instances/miplib/medium-2/rococoB10-011000.mps with config: /scratch/yorig/mpils-results-grid-seconds-5-watchdog-mip-start/medium-2/16proc/seed-3/5_rococoB10-011000_seed-3_20260504_023443/iterated_local_search/run_6_worker_5/ils_config_12881439031288772139.prm
[INFO]:[02:40:55] CPLEX results. Gap: 60.600000, upper bound: 29834.000000, lower bound: 11755.933537
[INFO]:[02:40:55] CPLEX solver finished. Gap: 60.600000
[INFO]:[02:40:55] Starting CPLEX solver on instance: /home/yorig/tuner/mpils-tests/instances/miplib/medium-2/rococoB10-011000.mps with config: /scratch/yorig/mpils-results-grid-seconds-5-watchdog-mip-start/medium-2/16proc/seed-3/5_rococoB10-011000_seed-3_20260504_023443/iterated_local_search/run_6_worker_5/ils_config_5000033965743576837.prm
[INFO]:[02:40:55] Starting CPLEX solver on instance: /home/yorig/tuner/mpils-tests/instances/miplib/medium-2/rococoB10-011000.mps with config: /scratch/yorig/mpils-results-grid-seconds-5-watchdog-mip-start/medium-2/16proc/seed-3/5_rococoB10-011000_seed-3_20260504_023443/iterated_local_search/run_6_worker_5/ils_config_5000033965743576837.prm
[INFO]:[02:41:00] CPLEX results. Gap: 60.630000, upper bound: 29834.000000, lower bound: 11744.454506
[INFO]:[02:41:00] CPLEX solver finished. Gap: 60.630000
[INFO]:[02:41:00] Starting CPLEX solver on instance: /home/yorig/tuner/mpils-tests/instances/miplib/medium-2/rococoB10-011000.mps with config: /scratch/yorig/mpils-results-grid-seconds-5-watchdog-mip-start/medium-2/16proc/seed-3/5_rococoB10-011000_seed-3_20260504_023443/iterated_local_search/run_6_worker_5/ils_config_12115139147946757907.prm
[INFO]:[02:41:00] Starting CPLEX solver on instance: /home/yorig/tuner/mpils-tests/instances/miplib/medium-2/rococoB10-011000.mps with config: /scratch/yorig/mpils-results-grid-seconds-5-watchdog-mip-start/medium-2/16proc/seed-3/5_rococoB10-011000_seed-3_20260504_023443/iterated_local_search/run_6_worker_5/ils_config_12115139147946757907.prm
[INFO]:[02:41:05] CPLEX results. Gap: 60.590000, upper bound: 29834.000000, lower bound: 11758.240831
[INFO]:[02:41:05] CPLEX solver finished. Gap: 60.590000
[INFO]:[02:41:05] Starting CPLEX solver on instance: /home/yorig/tuner/mpils-tests/instances/miplib/medium-2/rococoB10-011000.mps with config: /scratch/yorig/mpils-results-grid-seconds-5-watchdog-mip-start/medium-2/16proc/seed-3/5_rococoB10-011000_seed-3_20260504_023443/iterated_local_search/run_6_worker_5/ils_config_16505533608607269021.prm
[INFO]:[02:41:05] Starting CPLEX solver on instance: /home/yorig/tuner/mpils-tests/instances/miplib/medium-2/rococoB10-011000.mps with config: /scratch/yorig/mpils-results-grid-seconds-5-watchdog-mip-start/medium-2/16proc/seed-3/5_rococoB10-011000_seed-3_20260504_023443/iterated_local_search/run_6_worker_5/ils_config_16505533608607269021.prm
[INFO]:[02:41:10] CPLEX results. Gap: 60.590000, upper bound: 29834.000000, lower bound: 11758.240831
[INFO]:[02:41:10] CPLEX solver finished. Gap: 60.590000
[INFO]:[02:41:10] Starting CPLEX solver on instance: /home/yorig/tuner/mpils-tests/instances/miplib/medium-2/rococoB10-011000.mps with config: /scratch/yorig/mpils-results-grid-seconds-5-watchdog-mip-start/medium-2/16proc/seed-3/5_rococoB10-011000_seed-3_20260504_023443/iterated_local_search/run_6_worker_5/ils_config_8239552089310055599.prm
[INFO]:[02:41:10] Starting CPLEX solver on instance: /home/yorig/tuner/mpils-tests/instances/miplib/medium-2/rococoB10-011000.mps with config: /scratch/yorig/mpils-results-grid-seconds-5-watchdog-mip-start/medium-2/16proc/seed-3/5_rococoB10-011000_seed-3_20260504_023443/iterated_local_search/run_6_worker_5/ils_config_8239552089310055599.prm
[INFO]:[02:41:15] CPLEX results. Gap: 54.960000, upper bound: 23932.000000, lower bound: 10777.872365
[INFO]:[02:41:15] CPLEX solver finished. Gap: 54.960000
[INFO]:[02:41:15] New incumbent found with objective value: 54.96
[INFO]:[02:41:15] Starting CPLEX solver on instance: /home/yorig/tuner/mpils-tests/instances/miplib/medium-2/rococoB10-011000.mps with config: /scratch/yorig/mpils-results-grid-seconds-5-watchdog-mip-start/medium-2/16proc/seed-3/5_rococoB10-011000_seed-3_20260504_023443/iterated_local_search/run_6_worker_5/ils_config_9722804031023768824.prm
[INFO]:[02:41:15] Starting CPLEX solver on instance: /home/yorig/tuner/mpils-tests/instances/miplib/medium-2/rococoB10-011000.mps with config: /scratch/yorig/mpils-results-grid-seconds-5-watchdog-mip-start/medium-2/16proc/seed-3/5_rococoB10-011000_seed-3_20260504_023443/iterated_local_search/run_6_worker_5/ils_config_9722804031023768824.prm
[INFO]:[02:41:20] CPLEX results. Gap: 54.960000, upper bound: 23932.000000, lower bound: 10777.872365
[INFO]:[02:41:20] CPLEX solver finished. Gap: 54.960000
[INFO]:[02:41:20] Starting CPLEX solver on instance: /home/yorig/tuner/mpils-tests/instances/miplib/medium-2/rococoB10-011000.mps with config: /scratch/yorig/mpils-results-grid-seconds-5-watchdog-mip-start/medium-2/16proc/seed-3/5_rococoB10-011000_seed-3_20260504_023443/iterated_local_search/run_6_worker_5/ils_config_3477782327053600131.prm
[INFO]:[02:41:20] Starting CPLEX solver on instance: /home/yorig/tuner/mpils-tests/instances/miplib/medium-2/rococoB10-011000.mps with config: /scratch/yorig/mpils-results-grid-seconds-5-watchdog-mip-start/medium-2/16proc/seed-3/5_rococoB10-011000_seed-3_20260504_023443/iterated_local_search/run_6_worker_5/ils_config_3477782327053600131.prm
[INFO]:[02:41:25] CPLEX results. Gap: 54.960000, upper bound: 23932.000000, lower bound: 10777.872365
[INFO]:[02:41:25] CPLEX solver finished. Gap: 54.960000
[INFO]:[02:41:25] Starting CPLEX solver on instance: /home/yorig/tuner/mpils-tests/instances/miplib/medium-2/rococoB10-011000.mps with config: /scratch/yorig/mpils-results-grid-seconds-5-watchdog-mip-start/medium-2/16proc/seed-3/5_rococoB10-011000_seed-3_20260504_023443/iterated_local_search/run_6_worker_5/ils_config_11680791504437863263.prm
[INFO]:[02:41:25] Starting CPLEX solver on instance: /home/yorig/tuner/mpils-tests/instances/miplib/medium-2/rococoB10-011000.mps with config: /scratch/yorig/mpils-results-grid-seconds-5-watchdog-mip-start/medium-2/16proc/seed-3/5_rococoB10-011000_seed-3_20260504_023443/iterated_local_search/run_6_worker_5/ils_config_11680791504437863263.prm
[INFO]:[02:41:30] CPLEX results. Gap: 54.960000, upper bound: 23932.000000, lower bound: 10777.872365
[INFO]:[02:41:30] CPLEX solver finished. Gap: 54.960000
[INFO]:[02:41:30] Starting CPLEX solver on instance: /home/yorig/tuner/mpils-tests/instances/miplib/medium-2/rococoB10-011000.mps with config: /scratch/yorig/mpils-results-grid-seconds-5-watchdog-mip-start/medium-2/16proc/seed-3/5_rococoB10-011000_seed-3_20260504_023443/iterated_local_search/run_6_worker_5/ils_config_11725076385188563950.prm
[INFO]:[02:41:30] Starting CPLEX solver on instance: /home/yorig/tuner/mpils-tests/instances/miplib/medium-2/rococoB10-011000.mps with config: /scratch/yorig/mpils-results-grid-seconds-5-watchdog-mip-start/medium-2/16proc/seed-3/5_rococoB10-011000_seed-3_20260504_023443/iterated_local_search/run_6_worker_5/ils_config_11725076385188563950.prm
[INFO]:[02:41:35] CPLEX results. Gap: 54.960000, upper bound: 23932.000000, lower bound: 10777.872365
[INFO]:[02:41:35] CPLEX solver finished. Gap: 54.960000
[INFO]:[02:41:35] Starting CPLEX solver on instance: /home/yorig/tuner/mpils-tests/instances/miplib/medium-2/rococoB10-011000.mps with config: /scratch/yorig/mpils-results-grid-seconds-5-watchdog-mip-start/medium-2/16proc/seed-3/5_rococoB10-011000_seed-3_20260504_023443/iterated_local_search/run_6_worker_5/ils_config_12883742434106142343.prm
[INFO]:[02:41:35] Starting CPLEX solver on instance: /home/yorig/tuner/mpils-tests/instances/miplib/medium-2/rococoB10-011000.mps with config: /scratch/yorig/mpils-results-grid-seconds-5-watchdog-mip-start/medium-2/16proc/seed-3/5_rococoB10-011000_seed-3_20260504_023443/iterated_local_search/run_6_worker_5/ils_config_12883742434106142343.prm
[INFO]:[02:41:40] CPLEX results. Gap: 54.960000, upper bound: 23932.000000, lower bound: 10777.872365
[INFO]:[02:41:40] CPLEX solver finished. Gap: 54.960000
[INFO]:[02:41:40] Starting CPLEX solver on instance: /home/yorig/tuner/mpils-tests/instances/miplib/medium-2/rococoB10-011000.mps with config: /scratch/yorig/mpils-results-grid-seconds-5-watchdog-mip-start/medium-2/16proc/seed-3/5_rococoB10-011000_seed-3_20260504_023443/iterated_local_search/run_6_worker_5/ils_config_13693993796697224941.prm
[INFO]:[02:41:40] Starting CPLEX solver on instance: /home/yorig/tuner/mpils-tests/instances/miplib/medium-2/rococoB10-011000.mps with config: /scratch/yorig/mpils-results-grid-seconds-5-watchdog-mip-start/medium-2/16proc/seed-3/5_rococoB10-011000_seed-3_20260504_023443/iterated_local_search/run_6_worker_5/ils_config_13693993796697224941.prm
[INFO]:[02:41:45] CPLEX results. Gap: 54.960000, upper bound: 23932.000000, lower bound: 10777.872365
[INFO]:[02:41:45] CPLEX solver finished. Gap: 54.960000
[INFO]:[02:41:45] Starting CPLEX solver on instance: /home/yorig/tuner/mpils-tests/instances/miplib/medium-2/rococoB10-011000.mps with config: /scratch/yorig/mpils-results-grid-seconds-5-watchdog-mip-start/medium-2/16proc/seed-3/5_rococoB10-011000_seed-3_20260504_023443/iterated_local_search/run_6_worker_5/ils_config_18363771379299907478.prm
[INFO]:[02:41:45] Starting CPLEX solver on instance: /home/yorig/tuner/mpils-tests/instances/miplib/medium-2/rococoB10-011000.mps with config: /scratch/yorig/mpils-results-grid-seconds-5-watchdog-mip-start/medium-2/16proc/seed-3/5_rococoB10-011000_seed-3_20260504_023443/iterated_local_search/run_6_worker_5/ils_config_18363771379299907478.prm
[INFO]:[02:41:50] CPLEX results. Gap: 54.960000, upper bound: 23932.000000, lower bound: 10777.872365
[INFO]:[02:41:50] CPLEX solver finished. Gap: 54.960000
[INFO]:[02:41:50] Starting CPLEX solver on instance: /home/yorig/tuner/mpils-tests/instances/miplib/medium-2/rococoB10-011000.mps with config: /scratch/yorig/mpils-results-grid-seconds-5-watchdog-mip-start/medium-2/16proc/seed-3/5_rococoB10-011000_seed-3_20260504_023443/iterated_local_search/run_6_worker_5/ils_config_16658161633309703641.prm
[INFO]:[02:41:50] Starting CPLEX solver on instance: /home/yorig/tuner/mpils-tests/instances/miplib/medium-2/rococoB10-011000.mps with config: /scratch/yorig/mpils-results-grid-seconds-5-watchdog-mip-start/medium-2/16proc/seed-3/5_rococoB10-011000_seed-3_20260504_023443/iterated_local_search/run_6_worker_5/ils_config_16658161633309703641.prm
[INFO]:[02:41:55] CPLEX results. Gap: 54.960000, upper bound: 23932.000000, lower bound: 10777.872365
[INFO]:[02:41:55] CPLEX solver finished. Gap: 54.960000
[INFO]:[02:41:55] Starting CPLEX solver on instance: /home/yorig/tuner/mpils-tests/instances/miplib/medium-2/rococoB10-011000.mps with config: /scratch/yorig/mpils-results-grid-seconds-5-watchdog-mip-start/medium-2/16proc/seed-3/5_rococoB10-011000_seed-3_20260504_023443/iterated_local_search/run_6_worker_5/ils_config_17355725240916253897.prm
[INFO]:[02:41:55] Starting CPLEX solver on instance: /home/yorig/tuner/mpils-tests/instances/miplib/medium-2/rococoB10-011000.mps with config: /scratch/yorig/mpils-results-grid-seconds-5-watchdog-mip-start/medium-2/16proc/seed-3/5_rococoB10-011000_seed-3_20260504_023443/iterated_local_search/run_6_worker_5/ils_config_17355725240916253897.prm
[INFO]:[02:42:00] CPLEX results. Gap: 54.960000, upper bound: 23932.000000, lower bound: 10777.872365
[INFO]:[02:42:00] CPLEX solver finished. Gap: 54.960000
[INFO]:[02:42:00] Starting CPLEX solver on instance: /home/yorig/tuner/mpils-tests/instances/miplib/medium-2/rococoB10-011000.mps with config: /scratch/yorig/mpils-results-grid-seconds-5-watchdog-mip-start/medium-2/16proc/seed-3/5_rococoB10-011000_seed-3_20260504_023443/iterated_local_search/run_6_worker_5/ils_config_6326565921615953685.prm
[INFO]:[02:42:00] Starting CPLEX solver on instance: /home/yorig/tuner/mpils-tests/instances/miplib/medium-2/rococoB10-011000.mps with config: /scratch/yorig/mpils-results-grid-seconds-5-watchdog-mip-start/medium-2/16proc/seed-3/5_rococoB10-011000_seed-3_20260504_023443/iterated_local_search/run_6_worker_5/ils_config_6326565921615953685.prm
[INFO]:[02:42:05] CPLEX results. Gap: 54.960000, upper bound: 23932.000000, lower bound: 10777.872365
[INFO]:[02:42:05] CPLEX solver finished. Gap: 54.960000
[INFO]:[02:42:05] Starting CPLEX solver on instance: /home/yorig/tuner/mpils-tests/instances/miplib/medium-2/rococoB10-011000.mps with config: /scratch/yorig/mpils-results-grid-seconds-5-watchdog-mip-start/medium-2/16proc/seed-3/5_rococoB10-011000_seed-3_20260504_023443/iterated_local_search/run_6_worker_5/ils_config_11248554789147315471.prm
[INFO]:[02:42:05] Starting CPLEX solver on instance: /home/yorig/tuner/mpils-tests/instances/miplib/medium-2/rococoB10-011000.mps with config: /scratch/yorig/mpils-results-grid-seconds-5-watchdog-mip-start/medium-2/16proc/seed-3/5_rococoB10-011000_seed-3_20260504_023443/iterated_local_search/run_6_worker_5/ils_config_11248554789147315471.prm
[INFO]:[02:42:10] CPLEX results. Gap: 63.390000, upper bound: 29413.000000, lower bound: 10768.678065
[INFO]:[02:42:10] CPLEX solver finished. Gap: 63.390000
[INFO]:[02:42:10] Starting CPLEX solver on instance: /home/yorig/tuner/mpils-tests/instances/miplib/medium-2/rococoB10-011000.mps with config: /scratch/yorig/mpils-results-grid-seconds-5-watchdog-mip-start/medium-2/16proc/seed-3/5_rococoB10-011000_seed-3_20260504_023443/iterated_local_search/run_6_worker_5/ils_config_15127135333400252219.prm
[INFO]:[02:42:10] Starting CPLEX solver on instance: /home/yorig/tuner/mpils-tests/instances/miplib/medium-2/rococoB10-011000.mps with config: /scratch/yorig/mpils-results-grid-seconds-5-watchdog-mip-start/medium-2/16proc/seed-3/5_rococoB10-011000_seed-3_20260504_023443/iterated_local_search/run_6_worker_5/ils_config_15127135333400252219.prm
[INFO]:[02:42:15] CPLEX results. Gap: 54.960000, upper bound: 23932.000000, lower bound: 10777.872365
[INFO]:[02:42:15] CPLEX solver finished. Gap: 54.960000
[INFO]:[02:42:15] Starting CPLEX solver on instance: /home/yorig/tuner/mpils-tests/instances/miplib/medium-2/rococoB10-011000.mps with config: /scratch/yorig/mpils-results-grid-seconds-5-watchdog-mip-start/medium-2/16proc/seed-3/5_rococoB10-011000_seed-3_20260504_023443/iterated_local_search/run_6_worker_5/ils_config_13628190047812579768.prm
[INFO]:[02:42:15] Starting CPLEX solver on instance: /home/yorig/tuner/mpils-tests/instances/miplib/medium-2/rococoB10-011000.mps with config: /scratch/yorig/mpils-results-grid-seconds-5-watchdog-mip-start/medium-2/16proc/seed-3/5_rococoB10-011000_seed-3_20260504_023443/iterated_local_search/run_6_worker_5/ils_config_13628190047812579768.prm
[INFO]:[02:42:20] CPLEX results. Gap: 43.700000, upper bound: 20861.000000, lower bound: 11744.874332
[INFO]:[02:42:20] CPLEX solver finished. Gap: 43.700000
[INFO]:[02:42:20] New incumbent found with objective value: 43.7
[INFO]:[02:42:21] Starting CPLEX solver on instance: /home/yorig/tuner/mpils-tests/instances/miplib/medium-2/rococoB10-011000.mps with config: /scratch/yorig/mpils-results-grid-seconds-5-watchdog-mip-start/medium-2/16proc/seed-3/5_rococoB10-011000_seed-3_20260504_023443/iterated_local_search/run_6_worker_5/ils_config_250085023053576160.prm
[INFO]:[02:42:21] Starting CPLEX solver on instance: /home/yorig/tuner/mpils-tests/instances/miplib/medium-2/rococoB10-011000.mps with config: /scratch/yorig/mpils-results-grid-seconds-5-watchdog-mip-start/medium-2/16proc/seed-3/5_rococoB10-011000_seed-3_20260504_023443/iterated_local_search/run_6_worker_5/ils_config_250085023053576160.prm
[INFO]:[02:42:26] CPLEX results. Gap: 43.700000, upper bound: 20861.000000, lower bound: 11744.874332
[INFO]:[02:42:26] CPLEX solver finished. Gap: 43.700000
[INFO]:[02:42:26] Starting CPLEX solver on instance: /home/yorig/tuner/mpils-tests/instances/miplib/medium-2/rococoB10-011000.mps with config: /scratch/yorig/mpils-results-grid-seconds-5-watchdog-mip-start/medium-2/16proc/seed-3/5_rococoB10-011000_seed-3_20260504_023443/iterated_local_search/run_6_worker_5/ils_config_15810986597913144920.prm
[INFO]:[02:42:26] Starting CPLEX solver on instance: /home/yorig/tuner/mpils-tests/instances/miplib/medium-2/rococoB10-011000.mps with config: /scratch/yorig/mpils-results-grid-seconds-5-watchdog-mip-start/medium-2/16proc/seed-3/5_rococoB10-011000_seed-3_20260504_023443/iterated_local_search/run_6_worker_5/ils_config_15810986597913144920.prm
[INFO]:[02:42:31] CPLEX results. Gap: 43.700000, upper bound: 20861.000000, lower bound: 11744.874332
[INFO]:[02:42:31] CPLEX solver finished. Gap: 43.700000
[INFO]:[02:42:31] Starting CPLEX solver on instance: /home/yorig/tuner/mpils-tests/instances/miplib/medium-2/rococoB10-011000.mps with config: /scratch/yorig/mpils-results-grid-seconds-5-watchdog-mip-start/medium-2/16proc/seed-3/5_rococoB10-011000_seed-3_20260504_023443/iterated_local_search/run_6_worker_5/ils_config_15015015378630201251.prm
[INFO]:[02:42:31] Starting CPLEX solver on instance: /home/yorig/tuner/mpils-tests/instances/miplib/medium-2/rococoB10-011000.mps with config: /scratch/yorig/mpils-results-grid-seconds-5-watchdog-mip-start/medium-2/16proc/seed-3/5_rococoB10-011000_seed-3_20260504_023443/iterated_local_search/run_6_worker_5/ils_config_15015015378630201251.prm
[INFO]:[02:42:36] CPLEX results. Gap: 43.700000, upper bound: 20861.000000, lower bound: 11744.874332
[INFO]:[02:42:36] CPLEX solver finished. Gap: 43.700000
[INFO]:[02:42:36] Starting CPLEX solver on instance: /home/yorig/tuner/mpils-tests/instances/miplib/medium-2/rococoB10-011000.mps with config: /scratch/yorig/mpils-results-grid-seconds-5-watchdog-mip-start/medium-2/16proc/seed-3/5_rococoB10-011000_seed-3_20260504_023443/iterated_local_search/run_6_worker_5/ils_config_14518804010760814193.prm
[INFO]:[02:42:36] Starting CPLEX solver on instance: /home/yorig/tuner/mpils-tests/instances/miplib/medium-2/rococoB10-011000.mps with config: /scratch/yorig/mpils-results-grid-seconds-5-watchdog-mip-start/medium-2/16proc/seed-3/5_rococoB10-011000_seed-3_20260504_023443/iterated_local_search/run_6_worker_5/ils_config_14518804010760814193.prm
[INFO]:[02:42:41] CPLEX results. Gap: 43.700000, upper bound: 20861.000000, lower bound: 11744.874332
[INFO]:[02:42:41] CPLEX solver finished. Gap: 43.700000
[INFO]:[02:42:41] Starting CPLEX solver on instance: /home/yorig/tuner/mpils-tests/instances/miplib/medium-2/rococoB10-011000.mps with config: /scratch/yorig/mpils-results-grid-seconds-5-watchdog-mip-start/medium-2/16proc/seed-3/5_rococoB10-011000_seed-3_20260504_023443/iterated_local_search/run_6_worker_5/ils_config_2189154015600494046.prm
[INFO]:[02:42:41] Starting CPLEX solver on instance: /home/yorig/tuner/mpils-tests/instances/miplib/medium-2/rococoB10-011000.mps with config: /scratch/yorig/mpils-results-grid-seconds-5-watchdog-mip-start/medium-2/16proc/seed-3/5_rococoB10-011000_seed-3_20260504_023443/iterated_local_search/run_6_worker_5/ils_config_2189154015600494046.prm
[INFO]:[02:42:46] CPLEX results. Gap: 43.700000, upper bound: 20861.000000, lower bound: 11744.874332
[INFO]:[02:42:46] CPLEX solver finished. Gap: 43.700000
[INFO]:[02:42:46] Starting CPLEX solver on instance: /home/yorig/tuner/mpils-tests/instances/miplib/medium-2/rococoB10-011000.mps with config: /scratch/yorig/mpils-results-grid-seconds-5-watchdog-mip-start/medium-2/16proc/seed-3/5_rococoB10-011000_seed-3_20260504_023443/iterated_local_search/run_6_worker_5/ils_config_14086855924338087500.prm
[INFO]:[02:42:46] Starting CPLEX solver on instance: /home/yorig/tuner/mpils-tests/instances/miplib/medium-2/rococoB10-011000.mps with config: /scratch/yorig/mpils-results-grid-seconds-5-watchdog-mip-start/medium-2/16proc/seed-3/5_rococoB10-011000_seed-3_20260504_023443/iterated_local_search/run_6_worker_5/ils_config_14086855924338087500.prm
[INFO]:[02:42:51] CPLEX results. Gap: 45.190000, upper bound: 21428.000000, lower bound: 11744.454506
[INFO]:[02:42:51] CPLEX solver finished. Gap: 45.190000
[INFO]:[02:42:51] Starting CPLEX solver on instance: /home/yorig/tuner/mpils-tests/instances/miplib/medium-2/rococoB10-011000.mps with config: /scratch/yorig/mpils-results-grid-seconds-5-watchdog-mip-start/medium-2/16proc/seed-3/5_rococoB10-011000_seed-3_20260504_023443/iterated_local_search/run_6_worker_5/ils_config_9556347395365954475.prm
[INFO]:[02:42:51] Starting CPLEX solver on instance: /home/yorig/tuner/mpils-tests/instances/miplib/medium-2/rococoB10-011000.mps with config: /scratch/yorig/mpils-results-grid-seconds-5-watchdog-mip-start/medium-2/16proc/seed-3/5_rococoB10-011000_seed-3_20260504_023443/iterated_local_search/run_6_worker_5/ils_config_9556347395365954475.prm
[INFO]:[02:42:56] CPLEX results. Gap: 43.700000, upper bound: 20861.000000, lower bound: 11744.874332
[INFO]:[02:42:56] CPLEX solver finished. Gap: 43.700000
[INFO]:[02:42:56] Starting CPLEX solver on instance: /home/yorig/tuner/mpils-tests/instances/miplib/medium-2/rococoB10-011000.mps with config: /scratch/yorig/mpils-results-grid-seconds-5-watchdog-mip-start/medium-2/16proc/seed-3/5_rococoB10-011000_seed-3_20260504_023443/iterated_local_search/run_6_worker_5/ils_config_7125197173301384338.prm
[INFO]:[02:42:56] Starting CPLEX solver on instance: /home/yorig/tuner/mpils-tests/instances/miplib/medium-2/rococoB10-011000.mps with config: /scratch/yorig/mpils-results-grid-seconds-5-watchdog-mip-start/medium-2/16proc/seed-3/5_rococoB10-011000_seed-3_20260504_023443/iterated_local_search/run_6_worker_5/ils_config_7125197173301384338.prm
[INFO]:[02:43:01] CPLEX results. Gap: 43.700000, upper bound: 20861.000000, lower bound: 11744.874332
[INFO]:[02:43:01] CPLEX solver finished. Gap: 43.700000
[INFO]:[02:43:01] Local search phase completed.
[INFO]:[02:43:01] Total number of new local-search evaluations: 30
[INFO]:[02:43:01] Final incumbent objective value: 43.7
[INFO]:[02:43:01] Worker 5 completed exploration phase.
[INFO]:[02:43:01] Worker 5 received order for step 3.
[INFO]:[02:43:01] Worker 5 finished.
