[INFO]:[18:43:45] Worker 17 starting.
[INFO]:[18:43:45] Worker 17 received order for step 1.
[INFO]:[18:43:45] Worker 17 running exploration phase for iteration 1.
[INFO]:[18:43:45] Worker 17 at iteration 1 will not use a MIP start file. Current best MIP-start upper bound threshold is 1.79769e+308.
[INFO]:[18:43:45] Starting local search phase...
[INFO]:[18:43:45] Creating local search space from parameter space file: /scratch/yorig/mpils-results-grid-seconds-5-no-mip-start/easy/24proc/seed-1/6_neos-4413714-turia_seed-1_20260502_184344/iterated_local_search/search_space/search_space_file_1_worker_17.txt
[INFO]:[18:43:45] Local search space loaded from file: /scratch/yorig/mpils-results-grid-seconds-5-no-mip-start/easy/24proc/seed-1/6_neos-4413714-turia_seed-1_20260502_184344/iterated_local_search/search_space/search_space_file_1_worker_17.txt
[INFO]:[18:43:45] Number of parameters in local search space: 71
[INFO]:[18:43:45] Number of forbidden tuples in local search space: 0
[INFO]:[18:43:45] Number of conditionals in local search space: 6
[INFO]:[18:43:45] MIP start option not enabled. Local search will proceed without MIP start.
[INFO]:[18:43:45] Evaluating initial configuration for local search phase...
[INFO]:[18:43:45] Starting CPLEX solver on instance: /home/yorig/tuner/mpils-tests/instances/miplib/easy/neos-4413714-turia.mps with config: /scratch/yorig/mpils-results-grid-seconds-5-no-mip-start/easy/24proc/seed-1/6_neos-4413714-turia_seed-1_20260502_184344/iterated_local_search/run_1_worker_17/ils_config_18426451321959203352.prm
[INFO]:[18:43:45] Starting CPLEX solver on instance: /home/yorig/tuner/mpils-tests/instances/miplib/easy/neos-4413714-turia.mps with config: /scratch/yorig/mpils-results-grid-seconds-5-no-mip-start/easy/24proc/seed-1/6_neos-4413714-turia_seed-1_20260502_184344/iterated_local_search/run_1_worker_17/ils_config_18426451321959203352.prm
[INFO]:[18:43:51] CPLEX results. Gap: 100.000000, upper bound: 499.635492, lower bound: 0.000000
[INFO]:[18:43:51] CPLEX solver finished. Gap: 100.000000
[INFO]:[18:43:51] Initial configuration evaluated with objective value: 100
[INFO]:[18:43:51] Starting CPLEX solver on instance: /home/yorig/tuner/mpils-tests/instances/miplib/easy/neos-4413714-turia.mps with config: /scratch/yorig/mpils-results-grid-seconds-5-no-mip-start/easy/24proc/seed-1/6_neos-4413714-turia_seed-1_20260502_184344/iterated_local_search/run_1_worker_17/ils_config_15813811400716819602.prm
[INFO]:[18:43:51] Starting CPLEX solver on instance: /home/yorig/tuner/mpils-tests/instances/miplib/easy/neos-4413714-turia.mps with config: /scratch/yorig/mpils-results-grid-seconds-5-no-mip-start/easy/24proc/seed-1/6_neos-4413714-turia_seed-1_20260502_184344/iterated_local_search/run_1_worker_17/ils_config_15813811400716819602.prm
[INFO]:[18:43:57] CPLEX results. Gap: 100.000000, upper bound: 499.635492, lower bound: 0.000000
[INFO]:[18:43:57] CPLEX solver finished. Gap: 100.000000
[INFO]:[18:43:57] Starting CPLEX solver on instance: /home/yorig/tuner/mpils-tests/instances/miplib/easy/neos-4413714-turia.mps with config: /scratch/yorig/mpils-results-grid-seconds-5-no-mip-start/easy/24proc/seed-1/6_neos-4413714-turia_seed-1_20260502_184344/iterated_local_search/run_1_worker_17/ils_config_2550140630047790995.prm
[INFO]:[18:43:57] Starting CPLEX solver on instance: /home/yorig/tuner/mpils-tests/instances/miplib/easy/neos-4413714-turia.mps with config: /scratch/yorig/mpils-results-grid-seconds-5-no-mip-start/easy/24proc/seed-1/6_neos-4413714-turia_seed-1_20260502_184344/iterated_local_search/run_1_worker_17/ils_config_2550140630047790995.prm
[INFO]:[18:44:02] CPLEX results. Gap: 100.000000, upper bound: 499.635492, lower bound: 0.000000
[INFO]:[18:44:02] CPLEX solver finished. Gap: 100.000000
[INFO]:[18:44:02] Starting CPLEX solver on instance: /home/yorig/tuner/mpils-tests/instances/miplib/easy/neos-4413714-turia.mps with config: /scratch/yorig/mpils-results-grid-seconds-5-no-mip-start/easy/24proc/seed-1/6_neos-4413714-turia_seed-1_20260502_184344/iterated_local_search/run_1_worker_17/ils_config_11411807307644879014.prm
[INFO]:[18:44:02] Starting CPLEX solver on instance: /home/yorig/tuner/mpils-tests/instances/miplib/easy/neos-4413714-turia.mps with config: /scratch/yorig/mpils-results-grid-seconds-5-no-mip-start/easy/24proc/seed-1/6_neos-4413714-turia_seed-1_20260502_184344/iterated_local_search/run_1_worker_17/ils_config_11411807307644879014.prm
[INFO]:[18:44:08] CPLEX results. Gap: 100.000000, upper bound: 499.635492, lower bound: 0.000000
[INFO]:[18:44:08] CPLEX solver finished. Gap: 100.000000
[INFO]:[18:44:08] Starting CPLEX solver on instance: /home/yorig/tuner/mpils-tests/instances/miplib/easy/neos-4413714-turia.mps with config: /scratch/yorig/mpils-results-grid-seconds-5-no-mip-start/easy/24proc/seed-1/6_neos-4413714-turia_seed-1_20260502_184344/iterated_local_search/run_1_worker_17/ils_config_485779064342389559.prm
[INFO]:[18:44:08] Starting CPLEX solver on instance: /home/yorig/tuner/mpils-tests/instances/miplib/easy/neos-4413714-turia.mps with config: /scratch/yorig/mpils-results-grid-seconds-5-no-mip-start/easy/24proc/seed-1/6_neos-4413714-turia_seed-1_20260502_184344/iterated_local_search/run_1_worker_17/ils_config_485779064342389559.prm
[INFO]:[18:44:14] CPLEX results. Gap: 100.000000, upper bound: 499.635492, lower bound: 0.000000
[INFO]:[18:44:14] CPLEX solver finished. Gap: 100.000000
[INFO]:[18:44:14] Starting CPLEX solver on instance: /home/yorig/tuner/mpils-tests/instances/miplib/easy/neos-4413714-turia.mps with config: /scratch/yorig/mpils-results-grid-seconds-5-no-mip-start/easy/24proc/seed-1/6_neos-4413714-turia_seed-1_20260502_184344/iterated_local_search/run_1_worker_17/ils_config_8668610883414182997.prm
[INFO]:[18:44:14] Starting CPLEX solver on instance: /home/yorig/tuner/mpils-tests/instances/miplib/easy/neos-4413714-turia.mps with config: /scratch/yorig/mpils-results-grid-seconds-5-no-mip-start/easy/24proc/seed-1/6_neos-4413714-turia_seed-1_20260502_184344/iterated_local_search/run_1_worker_17/ils_config_8668610883414182997.prm
[INFO]:[18:44:19] CPLEX results. Gap: 91.300000, upper bound: 499.635492, lower bound: 43.474651
[INFO]:[18:44:19] CPLEX solver finished. Gap: 91.300000
[INFO]:[18:44:19] New incumbent found with objective value: 91.3
[INFO]:[18:44:19] Starting CPLEX solver on instance: /home/yorig/tuner/mpils-tests/instances/miplib/easy/neos-4413714-turia.mps with config: /scratch/yorig/mpils-results-grid-seconds-5-no-mip-start/easy/24proc/seed-1/6_neos-4413714-turia_seed-1_20260502_184344/iterated_local_search/run_1_worker_17/ils_config_4732510426005279156.prm
[INFO]:[18:44:19] Starting CPLEX solver on instance: /home/yorig/tuner/mpils-tests/instances/miplib/easy/neos-4413714-turia.mps with config: /scratch/yorig/mpils-results-grid-seconds-5-no-mip-start/easy/24proc/seed-1/6_neos-4413714-turia_seed-1_20260502_184344/iterated_local_search/run_1_worker_17/ils_config_4732510426005279156.prm
[INFO]:[18:44:24] CPLEX results. Gap: 91.300000, upper bound: 499.635492, lower bound: 43.474651
[INFO]:[18:44:24] CPLEX solver finished. Gap: 91.300000
[INFO]:[18:44:24] Starting CPLEX solver on instance: /home/yorig/tuner/mpils-tests/instances/miplib/easy/neos-4413714-turia.mps with config: /scratch/yorig/mpils-results-grid-seconds-5-no-mip-start/easy/24proc/seed-1/6_neos-4413714-turia_seed-1_20260502_184344/iterated_local_search/run_1_worker_17/ils_config_11898795734037947470.prm
[INFO]:[18:44:24] Starting CPLEX solver on instance: /home/yorig/tuner/mpils-tests/instances/miplib/easy/neos-4413714-turia.mps with config: /scratch/yorig/mpils-results-grid-seconds-5-no-mip-start/easy/24proc/seed-1/6_neos-4413714-turia_seed-1_20260502_184344/iterated_local_search/run_1_worker_17/ils_config_11898795734037947470.prm
[INFO]:[18:44:30] CPLEX results. Gap: 91.300000, upper bound: 499.635492, lower bound: 43.474651
[INFO]:[18:44:30] CPLEX solver finished. Gap: 91.300000
[INFO]:[18:44:30] Starting CPLEX solver on instance: /home/yorig/tuner/mpils-tests/instances/miplib/easy/neos-4413714-turia.mps with config: /scratch/yorig/mpils-results-grid-seconds-5-no-mip-start/easy/24proc/seed-1/6_neos-4413714-turia_seed-1_20260502_184344/iterated_local_search/run_1_worker_17/ils_config_4178469359119095637.prm
[INFO]:[18:44:30] Starting CPLEX solver on instance: /home/yorig/tuner/mpils-tests/instances/miplib/easy/neos-4413714-turia.mps with config: /scratch/yorig/mpils-results-grid-seconds-5-no-mip-start/easy/24proc/seed-1/6_neos-4413714-turia_seed-1_20260502_184344/iterated_local_search/run_1_worker_17/ils_config_4178469359119095637.prm
[INFO]:[18:44:35] CPLEX results. Gap: 91.300000, upper bound: 499.635492, lower bound: 43.474651
[INFO]:[18:44:35] CPLEX solver finished. Gap: 91.300000
[INFO]:[18:44:35] Starting CPLEX solver on instance: /home/yorig/tuner/mpils-tests/instances/miplib/easy/neos-4413714-turia.mps with config: /scratch/yorig/mpils-results-grid-seconds-5-no-mip-start/easy/24proc/seed-1/6_neos-4413714-turia_seed-1_20260502_184344/iterated_local_search/run_1_worker_17/ils_config_16416307306250753292.prm
[INFO]:[18:44:35] Starting CPLEX solver on instance: /home/yorig/tuner/mpils-tests/instances/miplib/easy/neos-4413714-turia.mps with config: /scratch/yorig/mpils-results-grid-seconds-5-no-mip-start/easy/24proc/seed-1/6_neos-4413714-turia_seed-1_20260502_184344/iterated_local_search/run_1_worker_17/ils_config_16416307306250753292.prm
[INFO]:[18:44:40] CPLEX results. Gap: 91.300000, upper bound: 499.635492, lower bound: 43.474651
[INFO]:[18:44:40] CPLEX solver finished. Gap: 91.300000
[INFO]:[18:44:40] Starting CPLEX solver on instance: /home/yorig/tuner/mpils-tests/instances/miplib/easy/neos-4413714-turia.mps with config: /scratch/yorig/mpils-results-grid-seconds-5-no-mip-start/easy/24proc/seed-1/6_neos-4413714-turia_seed-1_20260502_184344/iterated_local_search/run_1_worker_17/ils_config_16775102865253579912.prm
[INFO]:[18:44:40] Starting CPLEX solver on instance: /home/yorig/tuner/mpils-tests/instances/miplib/easy/neos-4413714-turia.mps with config: /scratch/yorig/mpils-results-grid-seconds-5-no-mip-start/easy/24proc/seed-1/6_neos-4413714-turia_seed-1_20260502_184344/iterated_local_search/run_1_worker_17/ils_config_16775102865253579912.prm
[INFO]:[18:44:46] CPLEX results. Gap: 91.300000, upper bound: 499.635492, lower bound: 43.474651
[INFO]:[18:44:46] CPLEX solver finished. Gap: 91.300000
[INFO]:[18:44:46] Starting CPLEX solver on instance: /home/yorig/tuner/mpils-tests/instances/miplib/easy/neos-4413714-turia.mps with config: /scratch/yorig/mpils-results-grid-seconds-5-no-mip-start/easy/24proc/seed-1/6_neos-4413714-turia_seed-1_20260502_184344/iterated_local_search/run_1_worker_17/ils_config_16489131345932806595.prm
[INFO]:[18:44:46] Starting CPLEX solver on instance: /home/yorig/tuner/mpils-tests/instances/miplib/easy/neos-4413714-turia.mps with config: /scratch/yorig/mpils-results-grid-seconds-5-no-mip-start/easy/24proc/seed-1/6_neos-4413714-turia_seed-1_20260502_184344/iterated_local_search/run_1_worker_17/ils_config_16489131345932806595.prm
[INFO]:[18:44:51] CPLEX results. Gap: 91.300000, upper bound: 499.635492, lower bound: 43.474651
[INFO]:[18:44:51] CPLEX solver finished. Gap: 91.300000
[INFO]:[18:44:51] Starting CPLEX solver on instance: /home/yorig/tuner/mpils-tests/instances/miplib/easy/neos-4413714-turia.mps with config: /scratch/yorig/mpils-results-grid-seconds-5-no-mip-start/easy/24proc/seed-1/6_neos-4413714-turia_seed-1_20260502_184344/iterated_local_search/run_1_worker_17/ils_config_13475335459552959749.prm
[INFO]:[18:44:51] Starting CPLEX solver on instance: /home/yorig/tuner/mpils-tests/instances/miplib/easy/neos-4413714-turia.mps with config: /scratch/yorig/mpils-results-grid-seconds-5-no-mip-start/easy/24proc/seed-1/6_neos-4413714-turia_seed-1_20260502_184344/iterated_local_search/run_1_worker_17/ils_config_13475335459552959749.prm
[INFO]:[18:44:56] CPLEX results. Gap: 91.300000, upper bound: 499.635492, lower bound: 43.474651
[INFO]:[18:44:56] CPLEX solver finished. Gap: 91.300000
[INFO]:[18:44:56] Starting CPLEX solver on instance: /home/yorig/tuner/mpils-tests/instances/miplib/easy/neos-4413714-turia.mps with config: /scratch/yorig/mpils-results-grid-seconds-5-no-mip-start/easy/24proc/seed-1/6_neos-4413714-turia_seed-1_20260502_184344/iterated_local_search/run_1_worker_17/ils_config_2460447174742414392.prm
[INFO]:[18:44:56] Starting CPLEX solver on instance: /home/yorig/tuner/mpils-tests/instances/miplib/easy/neos-4413714-turia.mps with config: /scratch/yorig/mpils-results-grid-seconds-5-no-mip-start/easy/24proc/seed-1/6_neos-4413714-turia_seed-1_20260502_184344/iterated_local_search/run_1_worker_17/ils_config_2460447174742414392.prm
[INFO]:[18:45:02] CPLEX results. Gap: 91.300000, upper bound: 499.635492, lower bound: 43.474651
[INFO]:[18:45:02] CPLEX solver finished. Gap: 91.300000
[INFO]:[18:45:02] Starting CPLEX solver on instance: /home/yorig/tuner/mpils-tests/instances/miplib/easy/neos-4413714-turia.mps with config: /scratch/yorig/mpils-results-grid-seconds-5-no-mip-start/easy/24proc/seed-1/6_neos-4413714-turia_seed-1_20260502_184344/iterated_local_search/run_1_worker_17/ils_config_9846985155491983474.prm
[INFO]:[18:45:02] Starting CPLEX solver on instance: /home/yorig/tuner/mpils-tests/instances/miplib/easy/neos-4413714-turia.mps with config: /scratch/yorig/mpils-results-grid-seconds-5-no-mip-start/easy/24proc/seed-1/6_neos-4413714-turia_seed-1_20260502_184344/iterated_local_search/run_1_worker_17/ils_config_9846985155491983474.prm
[INFO]:[18:45:07] CPLEX results. Gap: 91.300000, upper bound: 499.635492, lower bound: 43.474651
[INFO]:[18:45:07] CPLEX solver finished. Gap: 91.300000
[INFO]:[18:45:07] Starting CPLEX solver on instance: /home/yorig/tuner/mpils-tests/instances/miplib/easy/neos-4413714-turia.mps with config: /scratch/yorig/mpils-results-grid-seconds-5-no-mip-start/easy/24proc/seed-1/6_neos-4413714-turia_seed-1_20260502_184344/iterated_local_search/run_1_worker_17/ils_config_4455159625502964963.prm
[INFO]:[18:45:07] Starting CPLEX solver on instance: /home/yorig/tuner/mpils-tests/instances/miplib/easy/neos-4413714-turia.mps with config: /scratch/yorig/mpils-results-grid-seconds-5-no-mip-start/easy/24proc/seed-1/6_neos-4413714-turia_seed-1_20260502_184344/iterated_local_search/run_1_worker_17/ils_config_4455159625502964963.prm
[INFO]:[18:45:12] CPLEX results. Gap: 91.300000, upper bound: 499.635492, lower bound: 43.474651
[INFO]:[18:45:12] CPLEX solver finished. Gap: 91.300000
[INFO]:[18:45:12] Starting CPLEX solver on instance: /home/yorig/tuner/mpils-tests/instances/miplib/easy/neos-4413714-turia.mps with config: /scratch/yorig/mpils-results-grid-seconds-5-no-mip-start/easy/24proc/seed-1/6_neos-4413714-turia_seed-1_20260502_184344/iterated_local_search/run_1_worker_17/ils_config_13803268305301224982.prm
[INFO]:[18:45:12] Starting CPLEX solver on instance: /home/yorig/tuner/mpils-tests/instances/miplib/easy/neos-4413714-turia.mps with config: /scratch/yorig/mpils-results-grid-seconds-5-no-mip-start/easy/24proc/seed-1/6_neos-4413714-turia_seed-1_20260502_184344/iterated_local_search/run_1_worker_17/ils_config_13803268305301224982.prm
[INFO]:[18:45:18] CPLEX results. Gap: 91.300000, upper bound: 499.635492, lower bound: 43.474651
[INFO]:[18:45:18] CPLEX solver finished. Gap: 91.300000
[INFO]:[18:45:18] Starting CPLEX solver on instance: /home/yorig/tuner/mpils-tests/instances/miplib/easy/neos-4413714-turia.mps with config: /scratch/yorig/mpils-results-grid-seconds-5-no-mip-start/easy/24proc/seed-1/6_neos-4413714-turia_seed-1_20260502_184344/iterated_local_search/run_1_worker_17/ils_config_14279621865951170207.prm
[INFO]:[18:45:18] Starting CPLEX solver on instance: /home/yorig/tuner/mpils-tests/instances/miplib/easy/neos-4413714-turia.mps with config: /scratch/yorig/mpils-results-grid-seconds-5-no-mip-start/easy/24proc/seed-1/6_neos-4413714-turia_seed-1_20260502_184344/iterated_local_search/run_1_worker_17/ils_config_14279621865951170207.prm
[INFO]:[18:45:23] CPLEX results. Gap: 21.570000, upper bound: 55.430127, lower bound: 43.474651
[INFO]:[18:45:23] CPLEX solver finished. Gap: 21.570000
[INFO]:[18:45:23] New incumbent found with objective value: 21.57
[INFO]:[18:45:23] Starting CPLEX solver on instance: /home/yorig/tuner/mpils-tests/instances/miplib/easy/neos-4413714-turia.mps with config: /scratch/yorig/mpils-results-grid-seconds-5-no-mip-start/easy/24proc/seed-1/6_neos-4413714-turia_seed-1_20260502_184344/iterated_local_search/run_1_worker_17/ils_config_18440484551711000997.prm
[INFO]:[18:45:23] Starting CPLEX solver on instance: /home/yorig/tuner/mpils-tests/instances/miplib/easy/neos-4413714-turia.mps with config: /scratch/yorig/mpils-results-grid-seconds-5-no-mip-start/easy/24proc/seed-1/6_neos-4413714-turia_seed-1_20260502_184344/iterated_local_search/run_1_worker_17/ils_config_18440484551711000997.prm
[INFO]:[18:45:28] CPLEX results. Gap: 21.570000, upper bound: 55.430127, lower bound: 43.474651
[INFO]:[18:45:28] CPLEX solver finished. Gap: 21.570000
[INFO]:[18:45:28] Starting CPLEX solver on instance: /home/yorig/tuner/mpils-tests/instances/miplib/easy/neos-4413714-turia.mps with config: /scratch/yorig/mpils-results-grid-seconds-5-no-mip-start/easy/24proc/seed-1/6_neos-4413714-turia_seed-1_20260502_184344/iterated_local_search/run_1_worker_17/ils_config_11818043271344773849.prm
[INFO]:[18:45:28] Starting CPLEX solver on instance: /home/yorig/tuner/mpils-tests/instances/miplib/easy/neos-4413714-turia.mps with config: /scratch/yorig/mpils-results-grid-seconds-5-no-mip-start/easy/24proc/seed-1/6_neos-4413714-turia_seed-1_20260502_184344/iterated_local_search/run_1_worker_17/ils_config_11818043271344773849.prm
[INFO]:[18:45:34] CPLEX results. Gap: 21.570000, upper bound: 55.430127, lower bound: 43.474651
[INFO]:[18:45:34] CPLEX solver finished. Gap: 21.570000
[INFO]:[18:45:34] Local search phase completed.
[INFO]:[18:45:34] Total number of new local-search evaluations: 20
[INFO]:[18:45:34] Final incumbent objective value: 21.57
[INFO]:[18:45:34] Worker 17 completed exploration phase.
[INFO]:[18:45:34] Worker 17 received order for step 2.
[INFO]:[18:45:34] Worker 17 running expansion phase for iteration 1.
[INFO]:[18:45:34] Worker 17 will use solver log file: /scratch/yorig/mpils-results-grid-seconds-5-no-mip-start/easy/24proc/seed-1/6_neos-4413714-turia_seed-1_20260502_184344/solver/cplex.log_iteration_expansion_1_worker_17
[INFO]:[18:45:34] Expansion Worker 17 starting expansion for iteration 1.
[INFO]:[18:45:34] Starting CPLEX solver on instance: /home/yorig/tuner/mpils-tests/instances/miplib/easy/neos-4413714-turia.mps with config: /scratch/yorig/mpils-results-grid-seconds-5-no-mip-start/easy/24proc/seed-1/6_neos-4413714-turia_seed-1_20260502_184344/expansion/config_param_CPXPARAM_MIP_Strategy_BBInterval_2_iter_1.prm
[INFO]:[18:45:39] CPLEX results. Gap: 21.570000, upper bound: 55.430127, lower bound: 43.474651
[INFO]:[18:45:39] CPLEX solver finished. Gap: 21.570000
[INFO]:[18:45:40] Starting CPLEX solver on instance: /home/yorig/tuner/mpils-tests/instances/miplib/easy/neos-4413714-turia.mps with config: /scratch/yorig/mpils-results-grid-seconds-5-no-mip-start/easy/24proc/seed-1/6_neos-4413714-turia_seed-1_20260502_184344/expansion/config_param_CPXPARAM_MIP_Strategy_BBInterval_3_iter_1.prm
[INFO]:[18:45:45] CPLEX results. Gap: 21.570000, upper bound: 55.430127, lower bound: 43.474651
[INFO]:[18:45:45] CPLEX solver finished. Gap: 21.570000
[INFO]:[18:45:52] Expansion Worker 17 completed expansion.
[INFO]:[18:45:52] Worker 17 completed expansion phase.
[INFO]:[18:45:52] Worker 17 received order for step 1.
[INFO]:[18:45:52] Worker 17 running exploration phase for iteration 2.
[INFO]:[18:45:52] Worker 17 at iteration 2 will not use a MIP start file. Current best MIP-start upper bound threshold is 1.79769e+308.
[INFO]:[18:45:52] Starting local search phase...
[INFO]:[18:45:52] Creating local search space from parameter space file: /scratch/yorig/mpils-results-grid-seconds-5-no-mip-start/easy/24proc/seed-1/6_neos-4413714-turia_seed-1_20260502_184344/iterated_local_search/search_space/search_space_file_2_worker_17.txt
[INFO]:[18:45:52] Local search space loaded from file: /scratch/yorig/mpils-results-grid-seconds-5-no-mip-start/easy/24proc/seed-1/6_neos-4413714-turia_seed-1_20260502_184344/iterated_local_search/search_space/search_space_file_2_worker_17.txt
[INFO]:[18:45:52] Number of parameters in local search space: 71
[INFO]:[18:45:52] Number of forbidden tuples in local search space: 29
[INFO]:[18:45:52] Number of conditionals in local search space: 6
[INFO]:[18:45:52] MIP start option not enabled. Local search will proceed without MIP start.
[INFO]:[18:45:52] Evaluating initial configuration for local search phase...
[INFO]:[18:45:52] Starting CPLEX solver on instance: /home/yorig/tuner/mpils-tests/instances/miplib/easy/neos-4413714-turia.mps with config: /scratch/yorig/mpils-results-grid-seconds-5-no-mip-start/easy/24proc/seed-1/6_neos-4413714-turia_seed-1_20260502_184344/iterated_local_search/run_2_worker_17/ils_config_1576153028799022147.prm
[INFO]:[18:45:52] Starting CPLEX solver on instance: /home/yorig/tuner/mpils-tests/instances/miplib/easy/neos-4413714-turia.mps with config: /scratch/yorig/mpils-results-grid-seconds-5-no-mip-start/easy/24proc/seed-1/6_neos-4413714-turia_seed-1_20260502_184344/iterated_local_search/run_2_worker_17/ils_config_1576153028799022147.prm
[INFO]:[18:45:57] CPLEX results. Gap: 69.180000, upper bound: 141.060838, lower bound: 43.474651
[INFO]:[18:45:57] CPLEX solver finished. Gap: 69.180000
[INFO]:[18:45:57] Initial configuration evaluated with objective value: 69.18
[INFO]:[18:45:57] Starting CPLEX solver on instance: /home/yorig/tuner/mpils-tests/instances/miplib/easy/neos-4413714-turia.mps with config: /scratch/yorig/mpils-results-grid-seconds-5-no-mip-start/easy/24proc/seed-1/6_neos-4413714-turia_seed-1_20260502_184344/iterated_local_search/run_2_worker_17/ils_config_14134554755665493863.prm
[INFO]:[18:45:57] Starting CPLEX solver on instance: /home/yorig/tuner/mpils-tests/instances/miplib/easy/neos-4413714-turia.mps with config: /scratch/yorig/mpils-results-grid-seconds-5-no-mip-start/easy/24proc/seed-1/6_neos-4413714-turia_seed-1_20260502_184344/iterated_local_search/run_2_worker_17/ils_config_14134554755665493863.prm
[INFO]:[18:46:02] CPLEX results. Gap: 69.180000, upper bound: 141.060838, lower bound: 43.474651
[INFO]:[18:46:02] CPLEX solver finished. Gap: 69.180000
[INFO]:[18:46:02] Starting CPLEX solver on instance: /home/yorig/tuner/mpils-tests/instances/miplib/easy/neos-4413714-turia.mps with config: /scratch/yorig/mpils-results-grid-seconds-5-no-mip-start/easy/24proc/seed-1/6_neos-4413714-turia_seed-1_20260502_184344/iterated_local_search/run_2_worker_17/ils_config_13989950967939947849.prm
[INFO]:[18:46:02] Starting CPLEX solver on instance: /home/yorig/tuner/mpils-tests/instances/miplib/easy/neos-4413714-turia.mps with config: /scratch/yorig/mpils-results-grid-seconds-5-no-mip-start/easy/24proc/seed-1/6_neos-4413714-turia_seed-1_20260502_184344/iterated_local_search/run_2_worker_17/ils_config_13989950967939947849.prm
[INFO]:[18:46:08] CPLEX results. Gap: 100.000000, upper bound: 499.635492, lower bound: 0.000000
[INFO]:[18:46:08] CPLEX solver finished. Gap: 100.000000
[INFO]:[18:46:08] Starting CPLEX solver on instance: /home/yorig/tuner/mpils-tests/instances/miplib/easy/neos-4413714-turia.mps with config: /scratch/yorig/mpils-results-grid-seconds-5-no-mip-start/easy/24proc/seed-1/6_neos-4413714-turia_seed-1_20260502_184344/iterated_local_search/run_2_worker_17/ils_config_416239404083752963.prm
[INFO]:[18:46:08] Starting CPLEX solver on instance: /home/yorig/tuner/mpils-tests/instances/miplib/easy/neos-4413714-turia.mps with config: /scratch/yorig/mpils-results-grid-seconds-5-no-mip-start/easy/24proc/seed-1/6_neos-4413714-turia_seed-1_20260502_184344/iterated_local_search/run_2_worker_17/ils_config_416239404083752963.prm
[INFO]:[18:46:13] CPLEX results. Gap: 69.180000, upper bound: 141.060838, lower bound: 43.474651
[INFO]:[18:46:13] CPLEX solver finished. Gap: 69.180000
[INFO]:[18:46:13] Starting CPLEX solver on instance: /home/yorig/tuner/mpils-tests/instances/miplib/easy/neos-4413714-turia.mps with config: /scratch/yorig/mpils-results-grid-seconds-5-no-mip-start/easy/24proc/seed-1/6_neos-4413714-turia_seed-1_20260502_184344/iterated_local_search/run_2_worker_17/ils_config_14502741669517512605.prm
[INFO]:[18:46:13] Starting CPLEX solver on instance: /home/yorig/tuner/mpils-tests/instances/miplib/easy/neos-4413714-turia.mps with config: /scratch/yorig/mpils-results-grid-seconds-5-no-mip-start/easy/24proc/seed-1/6_neos-4413714-turia_seed-1_20260502_184344/iterated_local_search/run_2_worker_17/ils_config_14502741669517512605.prm
[INFO]:[18:46:19] CPLEX results. Gap: 69.180000, upper bound: 141.060838, lower bound: 43.474651
[INFO]:[18:46:19] CPLEX solver finished. Gap: 69.180000
[INFO]:[18:46:19] Local search phase completed.
[INFO]:[18:46:19] Total number of new local-search evaluations: 5
[INFO]:[18:46:19] Final incumbent objective value: 69.18
[INFO]:[18:46:21] Worker 17 completed exploration phase.
[INFO]:[18:46:21] Worker 17 received order for step 2.
[INFO]:[18:46:21] Worker 17 running expansion phase for iteration 2.
[INFO]:[18:46:21] Worker 17 will use solver log file: /scratch/yorig/mpils-results-grid-seconds-5-no-mip-start/easy/24proc/seed-1/6_neos-4413714-turia_seed-1_20260502_184344/solver/cplex.log_iteration_expansion_2_worker_17
[INFO]:[18:46:21] Expansion Worker 17 starting expansion for iteration 2.
[INFO]:[18:46:21] Starting CPLEX solver on instance: /home/yorig/tuner/mpils-tests/instances/miplib/easy/neos-4413714-turia.mps with config: /scratch/yorig/mpils-results-grid-seconds-5-no-mip-start/easy/24proc/seed-1/6_neos-4413714-turia_seed-1_20260502_184344/expansion/config_param_CPXPARAM_MIP_Strategy_SubAlgorithm_4_iter_2.prm
[INFO]:[18:46:26] CPLEX results. Gap: 21.570000, upper bound: 55.430127, lower bound: 43.474651
[INFO]:[18:46:26] CPLEX solver finished. Gap: 21.570000
[INFO]:[18:46:26] Expansion Worker 17 stopping early after global MPI expansion stop was activated.
[INFO]:[18:46:26] Expansion Worker 17 completed expansion.
[INFO]:[18:46:26] Worker 17 completed expansion phase.
[INFO]:[18:46:26] Worker 17 received order for step 1.
[INFO]:[18:46:26] Worker 17 running exploration phase for iteration 3.
[INFO]:[18:46:26] Worker 17 at iteration 3 will not use a MIP start file. Current best MIP-start upper bound threshold is 1.79769e+308.
[INFO]:[18:46:26] Starting local search phase...
[INFO]:[18:46:26] Creating local search space from parameter space file: /scratch/yorig/mpils-results-grid-seconds-5-no-mip-start/easy/24proc/seed-1/6_neos-4413714-turia_seed-1_20260502_184344/iterated_local_search/search_space/search_space_file_3_worker_17.txt
[INFO]:[18:46:26] Local search space loaded from file: /scratch/yorig/mpils-results-grid-seconds-5-no-mip-start/easy/24proc/seed-1/6_neos-4413714-turia_seed-1_20260502_184344/iterated_local_search/search_space/search_space_file_3_worker_17.txt
[INFO]:[18:46:26] Number of parameters in local search space: 71
[INFO]:[18:46:26] Number of forbidden tuples in local search space: 41
[INFO]:[18:46:26] Number of conditionals in local search space: 6
[INFO]:[18:46:26] MIP start option not enabled. Local search will proceed without MIP start.
[INFO]:[18:46:26] Evaluating initial configuration for local search phase...
[INFO]:[18:46:26] Starting CPLEX solver on instance: /home/yorig/tuner/mpils-tests/instances/miplib/easy/neos-4413714-turia.mps with config: /scratch/yorig/mpils-results-grid-seconds-5-no-mip-start/easy/24proc/seed-1/6_neos-4413714-turia_seed-1_20260502_184344/iterated_local_search/run_3_worker_17/ils_config_7601307870390036152.prm
[INFO]:[18:46:26] Starting CPLEX solver on instance: /home/yorig/tuner/mpils-tests/instances/miplib/easy/neos-4413714-turia.mps with config: /scratch/yorig/mpils-results-grid-seconds-5-no-mip-start/easy/24proc/seed-1/6_neos-4413714-turia_seed-1_20260502_184344/iterated_local_search/run_3_worker_17/ils_config_7601307870390036152.prm
[INFO]:[18:46:32] CPLEX results. Gap: 91.300000, upper bound: 499.635492, lower bound: 43.474651
[INFO]:[18:46:32] CPLEX solver finished. Gap: 91.300000
[INFO]:[18:46:32] Initial configuration evaluated with objective value: 91.3
[INFO]:[18:46:32] Starting CPLEX solver on instance: /home/yorig/tuner/mpils-tests/instances/miplib/easy/neos-4413714-turia.mps with config: /scratch/yorig/mpils-results-grid-seconds-5-no-mip-start/easy/24proc/seed-1/6_neos-4413714-turia_seed-1_20260502_184344/iterated_local_search/run_3_worker_17/ils_config_7131583917369005900.prm
[INFO]:[18:46:32] Starting CPLEX solver on instance: /home/yorig/tuner/mpils-tests/instances/miplib/easy/neos-4413714-turia.mps with config: /scratch/yorig/mpils-results-grid-seconds-5-no-mip-start/easy/24proc/seed-1/6_neos-4413714-turia_seed-1_20260502_184344/iterated_local_search/run_3_worker_17/ils_config_7131583917369005900.prm
[INFO]:[18:46:37] CPLEX results. Gap: 91.300000, upper bound: 499.635492, lower bound: 43.474651
[INFO]:[18:46:37] CPLEX solver finished. Gap: 91.300000
[INFO]:[18:46:37] Starting CPLEX solver on instance: /home/yorig/tuner/mpils-tests/instances/miplib/easy/neos-4413714-turia.mps with config: /scratch/yorig/mpils-results-grid-seconds-5-no-mip-start/easy/24proc/seed-1/6_neos-4413714-turia_seed-1_20260502_184344/iterated_local_search/run_3_worker_17/ils_config_4579185966430136780.prm
[INFO]:[18:46:37] Starting CPLEX solver on instance: /home/yorig/tuner/mpils-tests/instances/miplib/easy/neos-4413714-turia.mps with config: /scratch/yorig/mpils-results-grid-seconds-5-no-mip-start/easy/24proc/seed-1/6_neos-4413714-turia_seed-1_20260502_184344/iterated_local_search/run_3_worker_17/ils_config_4579185966430136780.prm
[INFO]:[18:46:42] CPLEX results. Gap: 91.300000, upper bound: 499.635492, lower bound: 43.474651
[INFO]:[18:46:42] CPLEX solver finished. Gap: 91.300000
[INFO]:[18:46:42] Starting CPLEX solver on instance: /home/yorig/tuner/mpils-tests/instances/miplib/easy/neos-4413714-turia.mps with config: /scratch/yorig/mpils-results-grid-seconds-5-no-mip-start/easy/24proc/seed-1/6_neos-4413714-turia_seed-1_20260502_184344/iterated_local_search/run_3_worker_17/ils_config_13438035423066958339.prm
[INFO]:[18:46:42] Starting CPLEX solver on instance: /home/yorig/tuner/mpils-tests/instances/miplib/easy/neos-4413714-turia.mps with config: /scratch/yorig/mpils-results-grid-seconds-5-no-mip-start/easy/24proc/seed-1/6_neos-4413714-turia_seed-1_20260502_184344/iterated_local_search/run_3_worker_17/ils_config_13438035423066958339.prm
[INFO]:[18:46:48] CPLEX results. Gap: 91.300000, upper bound: 499.635492, lower bound: 43.474651
[INFO]:[18:46:48] CPLEX solver finished. Gap: 91.300000
[INFO]:[18:46:48] Starting CPLEX solver on instance: /home/yorig/tuner/mpils-tests/instances/miplib/easy/neos-4413714-turia.mps with config: /scratch/yorig/mpils-results-grid-seconds-5-no-mip-start/easy/24proc/seed-1/6_neos-4413714-turia_seed-1_20260502_184344/iterated_local_search/run_3_worker_17/ils_config_8358707101097331776.prm
[INFO]:[18:46:48] Starting CPLEX solver on instance: /home/yorig/tuner/mpils-tests/instances/miplib/easy/neos-4413714-turia.mps with config: /scratch/yorig/mpils-results-grid-seconds-5-no-mip-start/easy/24proc/seed-1/6_neos-4413714-turia_seed-1_20260502_184344/iterated_local_search/run_3_worker_17/ils_config_8358707101097331776.prm
[INFO]:[18:46:53] CPLEX results. Gap: 69.180000, upper bound: 141.060838, lower bound: 43.474651
[INFO]:[18:46:53] CPLEX solver finished. Gap: 69.180000
[INFO]:[18:46:53] New incumbent found with objective value: 69.18
[INFO]:[18:46:53] Starting CPLEX solver on instance: /home/yorig/tuner/mpils-tests/instances/miplib/easy/neos-4413714-turia.mps with config: /scratch/yorig/mpils-results-grid-seconds-5-no-mip-start/easy/24proc/seed-1/6_neos-4413714-turia_seed-1_20260502_184344/iterated_local_search/run_3_worker_17/ils_config_160765723217367520.prm
[INFO]:[18:46:53] Starting CPLEX solver on instance: /home/yorig/tuner/mpils-tests/instances/miplib/easy/neos-4413714-turia.mps with config: /scratch/yorig/mpils-results-grid-seconds-5-no-mip-start/easy/24proc/seed-1/6_neos-4413714-turia_seed-1_20260502_184344/iterated_local_search/run_3_worker_17/ils_config_160765723217367520.prm
[INFO]:[18:46:58] CPLEX results. Gap: 69.180000, upper bound: 141.060838, lower bound: 43.474651
[INFO]:[18:46:58] CPLEX solver finished. Gap: 69.180000
[INFO]:[18:46:58] Starting CPLEX solver on instance: /home/yorig/tuner/mpils-tests/instances/miplib/easy/neos-4413714-turia.mps with config: /scratch/yorig/mpils-results-grid-seconds-5-no-mip-start/easy/24proc/seed-1/6_neos-4413714-turia_seed-1_20260502_184344/iterated_local_search/run_3_worker_17/ils_config_6498172631034215555.prm
[INFO]:[18:46:58] Starting CPLEX solver on instance: /home/yorig/tuner/mpils-tests/instances/miplib/easy/neos-4413714-turia.mps with config: /scratch/yorig/mpils-results-grid-seconds-5-no-mip-start/easy/24proc/seed-1/6_neos-4413714-turia_seed-1_20260502_184344/iterated_local_search/run_3_worker_17/ils_config_6498172631034215555.prm
[INFO]:[18:47:03] CPLEX results. Gap: 18.430000, upper bound: 53.295955, lower bound: 43.474651
[INFO]:[18:47:03] CPLEX solver finished. Gap: 18.430000
[INFO]:[18:47:03] New incumbent found with objective value: 18.43
[INFO]:[18:47:04] Starting CPLEX solver on instance: /home/yorig/tuner/mpils-tests/instances/miplib/easy/neos-4413714-turia.mps with config: /scratch/yorig/mpils-results-grid-seconds-5-no-mip-start/easy/24proc/seed-1/6_neos-4413714-turia_seed-1_20260502_184344/iterated_local_search/run_3_worker_17/ils_config_2212445988405044746.prm
[INFO]:[18:47:04] Starting CPLEX solver on instance: /home/yorig/tuner/mpils-tests/instances/miplib/easy/neos-4413714-turia.mps with config: /scratch/yorig/mpils-results-grid-seconds-5-no-mip-start/easy/24proc/seed-1/6_neos-4413714-turia_seed-1_20260502_184344/iterated_local_search/run_3_worker_17/ils_config_2212445988405044746.prm
[INFO]:[18:47:09] CPLEX results. Gap: 18.430000, upper bound: 53.295955, lower bound: 43.474651
[INFO]:[18:47:09] CPLEX solver finished. Gap: 18.430000
[INFO]:[18:47:09] Starting CPLEX solver on instance: /home/yorig/tuner/mpils-tests/instances/miplib/easy/neos-4413714-turia.mps with config: /scratch/yorig/mpils-results-grid-seconds-5-no-mip-start/easy/24proc/seed-1/6_neos-4413714-turia_seed-1_20260502_184344/iterated_local_search/run_3_worker_17/ils_config_2087757141112158197.prm
[INFO]:[18:47:09] Starting CPLEX solver on instance: /home/yorig/tuner/mpils-tests/instances/miplib/easy/neos-4413714-turia.mps with config: /scratch/yorig/mpils-results-grid-seconds-5-no-mip-start/easy/24proc/seed-1/6_neos-4413714-turia_seed-1_20260502_184344/iterated_local_search/run_3_worker_17/ils_config_2087757141112158197.prm
[INFO]:[18:47:14] CPLEX results. Gap: 100.000000, upper bound: 499.635492, lower bound: 0.000000
[INFO]:[18:47:14] CPLEX solver finished. Gap: 100.000000
[INFO]:[18:47:14] Starting CPLEX solver on instance: /home/yorig/tuner/mpils-tests/instances/miplib/easy/neos-4413714-turia.mps with config: /scratch/yorig/mpils-results-grid-seconds-5-no-mip-start/easy/24proc/seed-1/6_neos-4413714-turia_seed-1_20260502_184344/iterated_local_search/run_3_worker_17/ils_config_6231055650618093872.prm
[INFO]:[18:47:14] Starting CPLEX solver on instance: /home/yorig/tuner/mpils-tests/instances/miplib/easy/neos-4413714-turia.mps with config: /scratch/yorig/mpils-results-grid-seconds-5-no-mip-start/easy/24proc/seed-1/6_neos-4413714-turia_seed-1_20260502_184344/iterated_local_search/run_3_worker_17/ils_config_6231055650618093872.prm
[INFO]:[18:47:19] CPLEX results. Gap: 18.430000, upper bound: 53.295955, lower bound: 43.474651
[INFO]:[18:47:19] CPLEX solver finished. Gap: 18.430000
[INFO]:[18:47:19] Local search phase completed.
[INFO]:[18:47:19] Total number of new local-search evaluations: 10
[INFO]:[18:47:19] Final incumbent objective value: 18.43
[INFO]:[18:47:24] Worker 17 completed exploration phase.
[INFO]:[18:47:24] Worker 17 received order for step 2.
[INFO]:[18:47:24] Worker 17 running expansion phase for iteration 3.
[INFO]:[18:47:24] Worker 17 will use solver log file: /scratch/yorig/mpils-results-grid-seconds-5-no-mip-start/easy/24proc/seed-1/6_neos-4413714-turia_seed-1_20260502_184344/solver/cplex.log_iteration_expansion_3_worker_17
[INFO]:[18:47:24] Expansion Worker 17 starting expansion for iteration 3.
[INFO]:[18:47:24] Starting CPLEX solver on instance: /home/yorig/tuner/mpils-tests/instances/miplib/easy/neos-4413714-turia.mps with config: /scratch/yorig/mpils-results-grid-seconds-5-no-mip-start/easy/24proc/seed-1/6_neos-4413714-turia_seed-1_20260502_184344/expansion/config_param_CPXPARAM_Barrier_StartAlg_4_iter_3.prm
[INFO]:[18:47:29] CPLEX results. Gap: 90.730000, upper bound: 469.188753, lower bound: 43.474651
[INFO]:[18:47:29] CPLEX solver finished. Gap: 90.730000
[INFO]:[18:47:34] Expansion Worker 17 completed expansion.
[INFO]:[18:47:34] Worker 17 completed expansion phase.
[INFO]:[18:47:35] Worker 17 received order for step 1.
[INFO]:[18:47:35] Worker 17 running exploration phase for iteration 4.
[INFO]:[18:47:35] Worker 17 at iteration 4 will not use a MIP start file. Current best MIP-start upper bound threshold is 1.79769e+308.
[INFO]:[18:47:35] Starting local search phase...
[INFO]:[18:47:35] Creating local search space from parameter space file: /scratch/yorig/mpils-results-grid-seconds-5-no-mip-start/easy/24proc/seed-1/6_neos-4413714-turia_seed-1_20260502_184344/iterated_local_search/search_space/search_space_file_4_worker_17.txt
[INFO]:[18:47:35] Local search space loaded from file: /scratch/yorig/mpils-results-grid-seconds-5-no-mip-start/easy/24proc/seed-1/6_neos-4413714-turia_seed-1_20260502_184344/iterated_local_search/search_space/search_space_file_4_worker_17.txt
[INFO]:[18:47:35] Number of parameters in local search space: 71
[INFO]:[18:47:35] Number of forbidden tuples in local search space: 65
[INFO]:[18:47:35] Number of conditionals in local search space: 6
[INFO]:[18:47:35] MIP start option not enabled. Local search will proceed without MIP start.
[INFO]:[18:47:35] Evaluating initial configuration for local search phase...
[INFO]:[18:47:35] Starting CPLEX solver on instance: /home/yorig/tuner/mpils-tests/instances/miplib/easy/neos-4413714-turia.mps with config: /scratch/yorig/mpils-results-grid-seconds-5-no-mip-start/easy/24proc/seed-1/6_neos-4413714-turia_seed-1_20260502_184344/iterated_local_search/run_4_worker_17/ils_config_2865584420852725184.prm
[INFO]:[18:47:35] Starting CPLEX solver on instance: /home/yorig/tuner/mpils-tests/instances/miplib/easy/neos-4413714-turia.mps with config: /scratch/yorig/mpils-results-grid-seconds-5-no-mip-start/easy/24proc/seed-1/6_neos-4413714-turia_seed-1_20260502_184344/iterated_local_search/run_4_worker_17/ils_config_2865584420852725184.prm
[INFO]:[18:47:40] CPLEX results. Gap: 100.000000, upper bound: 499.635492, lower bound: 0.000000
[INFO]:[18:47:40] CPLEX solver finished. Gap: 100.000000
[INFO]:[18:47:40] Initial configuration evaluated with objective value: 100
[INFO]:[18:47:40] Starting CPLEX solver on instance: /home/yorig/tuner/mpils-tests/instances/miplib/easy/neos-4413714-turia.mps with config: /scratch/yorig/mpils-results-grid-seconds-5-no-mip-start/easy/24proc/seed-1/6_neos-4413714-turia_seed-1_20260502_184344/iterated_local_search/run_4_worker_17/ils_config_3690724764378366706.prm
[INFO]:[18:47:40] Starting CPLEX solver on instance: /home/yorig/tuner/mpils-tests/instances/miplib/easy/neos-4413714-turia.mps with config: /scratch/yorig/mpils-results-grid-seconds-5-no-mip-start/easy/24proc/seed-1/6_neos-4413714-turia_seed-1_20260502_184344/iterated_local_search/run_4_worker_17/ils_config_3690724764378366706.prm
[INFO]:[18:47:46] CPLEX results. Gap: 100.000000, upper bound: 499.635492, lower bound: 0.000000
[INFO]:[18:47:46] CPLEX solver finished. Gap: 100.000000
[INFO]:[18:47:46] Starting CPLEX solver on instance: /home/yorig/tuner/mpils-tests/instances/miplib/easy/neos-4413714-turia.mps with config: /scratch/yorig/mpils-results-grid-seconds-5-no-mip-start/easy/24proc/seed-1/6_neos-4413714-turia_seed-1_20260502_184344/iterated_local_search/run_4_worker_17/ils_config_10173958113210511730.prm
[INFO]:[18:47:46] Starting CPLEX solver on instance: /home/yorig/tuner/mpils-tests/instances/miplib/easy/neos-4413714-turia.mps with config: /scratch/yorig/mpils-results-grid-seconds-5-no-mip-start/easy/24proc/seed-1/6_neos-4413714-turia_seed-1_20260502_184344/iterated_local_search/run_4_worker_17/ils_config_10173958113210511730.prm
[INFO]:[18:47:51] CPLEX results. Gap: 100.000000, upper bound: 499.635492, lower bound: 0.000000
[INFO]:[18:47:51] CPLEX solver finished. Gap: 100.000000
[INFO]:[18:47:51] Starting CPLEX solver on instance: /home/yorig/tuner/mpils-tests/instances/miplib/easy/neos-4413714-turia.mps with config: /scratch/yorig/mpils-results-grid-seconds-5-no-mip-start/easy/24proc/seed-1/6_neos-4413714-turia_seed-1_20260502_184344/iterated_local_search/run_4_worker_17/ils_config_2247344022946735059.prm
[INFO]:[18:47:51] Starting CPLEX solver on instance: /home/yorig/tuner/mpils-tests/instances/miplib/easy/neos-4413714-turia.mps with config: /scratch/yorig/mpils-results-grid-seconds-5-no-mip-start/easy/24proc/seed-1/6_neos-4413714-turia_seed-1_20260502_184344/iterated_local_search/run_4_worker_17/ils_config_2247344022946735059.prm
[INFO]:[18:47:57] CPLEX results. Gap: 100.000000, upper bound: 499.635492, lower bound: 0.000000
[INFO]:[18:47:57] CPLEX solver finished. Gap: 100.000000
[INFO]:[18:47:57] Starting CPLEX solver on instance: /home/yorig/tuner/mpils-tests/instances/miplib/easy/neos-4413714-turia.mps with config: /scratch/yorig/mpils-results-grid-seconds-5-no-mip-start/easy/24proc/seed-1/6_neos-4413714-turia_seed-1_20260502_184344/iterated_local_search/run_4_worker_17/ils_config_11947140449661454402.prm
[INFO]:[18:47:57] Starting CPLEX solver on instance: /home/yorig/tuner/mpils-tests/instances/miplib/easy/neos-4413714-turia.mps with config: /scratch/yorig/mpils-results-grid-seconds-5-no-mip-start/easy/24proc/seed-1/6_neos-4413714-turia_seed-1_20260502_184344/iterated_local_search/run_4_worker_17/ils_config_11947140449661454402.prm
[INFO]:[18:48:02] CPLEX results. Gap: 100.000000, upper bound: 499.635492, lower bound: 0.000000
[INFO]:[18:48:02] CPLEX solver finished. Gap: 100.000000
[INFO]:[18:48:02] Starting CPLEX solver on instance: /home/yorig/tuner/mpils-tests/instances/miplib/easy/neos-4413714-turia.mps with config: /scratch/yorig/mpils-results-grid-seconds-5-no-mip-start/easy/24proc/seed-1/6_neos-4413714-turia_seed-1_20260502_184344/iterated_local_search/run_4_worker_17/ils_config_6552572003965090683.prm
[INFO]:[18:48:02] Starting CPLEX solver on instance: /home/yorig/tuner/mpils-tests/instances/miplib/easy/neos-4413714-turia.mps with config: /scratch/yorig/mpils-results-grid-seconds-5-no-mip-start/easy/24proc/seed-1/6_neos-4413714-turia_seed-1_20260502_184344/iterated_local_search/run_4_worker_17/ils_config_6552572003965090683.prm
[INFO]:[18:48:08] CPLEX results. Gap: 100.000000, upper bound: 499.635492, lower bound: 0.000000
[INFO]:[18:48:08] CPLEX solver finished. Gap: 100.000000
[INFO]:[18:48:08] Starting CPLEX solver on instance: /home/yorig/tuner/mpils-tests/instances/miplib/easy/neos-4413714-turia.mps with config: /scratch/yorig/mpils-results-grid-seconds-5-no-mip-start/easy/24proc/seed-1/6_neos-4413714-turia_seed-1_20260502_184344/iterated_local_search/run_4_worker_17/ils_config_1546118590232954477.prm
[INFO]:[18:48:08] Starting CPLEX solver on instance: /home/yorig/tuner/mpils-tests/instances/miplib/easy/neos-4413714-turia.mps with config: /scratch/yorig/mpils-results-grid-seconds-5-no-mip-start/easy/24proc/seed-1/6_neos-4413714-turia_seed-1_20260502_184344/iterated_local_search/run_4_worker_17/ils_config_1546118590232954477.prm
[INFO]:[18:48:13] CPLEX results. Gap: 100.000000, upper bound: 499.635492, lower bound: 0.000000
[INFO]:[18:48:13] CPLEX solver finished. Gap: 100.000000
[INFO]:[18:48:13] Starting CPLEX solver on instance: /home/yorig/tuner/mpils-tests/instances/miplib/easy/neos-4413714-turia.mps with config: /scratch/yorig/mpils-results-grid-seconds-5-no-mip-start/easy/24proc/seed-1/6_neos-4413714-turia_seed-1_20260502_184344/iterated_local_search/run_4_worker_17/ils_config_12672983243345510509.prm
[INFO]:[18:48:13] Starting CPLEX solver on instance: /home/yorig/tuner/mpils-tests/instances/miplib/easy/neos-4413714-turia.mps with config: /scratch/yorig/mpils-results-grid-seconds-5-no-mip-start/easy/24proc/seed-1/6_neos-4413714-turia_seed-1_20260502_184344/iterated_local_search/run_4_worker_17/ils_config_12672983243345510509.prm
[INFO]:[18:48:19] CPLEX results. Gap: 100.000000, upper bound: 499.635492, lower bound: 0.000000
[INFO]:[18:48:19] CPLEX solver finished. Gap: 100.000000
[INFO]:[18:48:19] Starting CPLEX solver on instance: /home/yorig/tuner/mpils-tests/instances/miplib/easy/neos-4413714-turia.mps with config: /scratch/yorig/mpils-results-grid-seconds-5-no-mip-start/easy/24proc/seed-1/6_neos-4413714-turia_seed-1_20260502_184344/iterated_local_search/run_4_worker_17/ils_config_84189080662918062.prm
[INFO]:[18:48:19] Starting CPLEX solver on instance: /home/yorig/tuner/mpils-tests/instances/miplib/easy/neos-4413714-turia.mps with config: /scratch/yorig/mpils-results-grid-seconds-5-no-mip-start/easy/24proc/seed-1/6_neos-4413714-turia_seed-1_20260502_184344/iterated_local_search/run_4_worker_17/ils_config_84189080662918062.prm
[INFO]:[18:48:25] CPLEX results. Gap: 100.000000, upper bound: 499.635492, lower bound: 0.000000
[INFO]:[18:48:25] CPLEX solver finished. Gap: 100.000000
[INFO]:[18:48:25] Starting CPLEX solver on instance: /home/yorig/tuner/mpils-tests/instances/miplib/easy/neos-4413714-turia.mps with config: /scratch/yorig/mpils-results-grid-seconds-5-no-mip-start/easy/24proc/seed-1/6_neos-4413714-turia_seed-1_20260502_184344/iterated_local_search/run_4_worker_17/ils_config_558895829130715319.prm
[INFO]:[18:48:25] Starting CPLEX solver on instance: /home/yorig/tuner/mpils-tests/instances/miplib/easy/neos-4413714-turia.mps with config: /scratch/yorig/mpils-results-grid-seconds-5-no-mip-start/easy/24proc/seed-1/6_neos-4413714-turia_seed-1_20260502_184344/iterated_local_search/run_4_worker_17/ils_config_558895829130715319.prm
[INFO]:[18:48:30] CPLEX results. Gap: 100.000000, upper bound: 499.635492, lower bound: 0.000000
[INFO]:[18:48:30] CPLEX solver finished. Gap: 100.000000
[INFO]:[18:48:30] Starting CPLEX solver on instance: /home/yorig/tuner/mpils-tests/instances/miplib/easy/neos-4413714-turia.mps with config: /scratch/yorig/mpils-results-grid-seconds-5-no-mip-start/easy/24proc/seed-1/6_neos-4413714-turia_seed-1_20260502_184344/iterated_local_search/run_4_worker_17/ils_config_13172444327011517045.prm
[INFO]:[18:48:30] Starting CPLEX solver on instance: /home/yorig/tuner/mpils-tests/instances/miplib/easy/neos-4413714-turia.mps with config: /scratch/yorig/mpils-results-grid-seconds-5-no-mip-start/easy/24proc/seed-1/6_neos-4413714-turia_seed-1_20260502_184344/iterated_local_search/run_4_worker_17/ils_config_13172444327011517045.prm
[INFO]:[18:48:36] CPLEX results. Gap: 100.000000, upper bound: 499.635492, lower bound: 0.000000
[INFO]:[18:48:36] CPLEX solver finished. Gap: 100.000000
[INFO]:[18:48:36] Starting CPLEX solver on instance: /home/yorig/tuner/mpils-tests/instances/miplib/easy/neos-4413714-turia.mps with config: /scratch/yorig/mpils-results-grid-seconds-5-no-mip-start/easy/24proc/seed-1/6_neos-4413714-turia_seed-1_20260502_184344/iterated_local_search/run_4_worker_17/ils_config_4542855409856508128.prm
[INFO]:[18:48:36] Starting CPLEX solver on instance: /home/yorig/tuner/mpils-tests/instances/miplib/easy/neos-4413714-turia.mps with config: /scratch/yorig/mpils-results-grid-seconds-5-no-mip-start/easy/24proc/seed-1/6_neos-4413714-turia_seed-1_20260502_184344/iterated_local_search/run_4_worker_17/ils_config_4542855409856508128.prm
[INFO]:[18:48:41] CPLEX results. Gap: 100.000000, upper bound: 499.635492, lower bound: 0.000000
[INFO]:[18:48:41] CPLEX solver finished. Gap: 100.000000
[INFO]:[18:48:41] Starting CPLEX solver on instance: /home/yorig/tuner/mpils-tests/instances/miplib/easy/neos-4413714-turia.mps with config: /scratch/yorig/mpils-results-grid-seconds-5-no-mip-start/easy/24proc/seed-1/6_neos-4413714-turia_seed-1_20260502_184344/iterated_local_search/run_4_worker_17/ils_config_14554318672519201602.prm
[INFO]:[18:48:41] Starting CPLEX solver on instance: /home/yorig/tuner/mpils-tests/instances/miplib/easy/neos-4413714-turia.mps with config: /scratch/yorig/mpils-results-grid-seconds-5-no-mip-start/easy/24proc/seed-1/6_neos-4413714-turia_seed-1_20260502_184344/iterated_local_search/run_4_worker_17/ils_config_14554318672519201602.prm
[INFO]:[18:48:47] CPLEX results. Gap: 100.000000, upper bound: 499.635492, lower bound: 0.000000
[INFO]:[18:48:47] CPLEX solver finished. Gap: 100.000000
[INFO]:[18:48:47] Starting CPLEX solver on instance: /home/yorig/tuner/mpils-tests/instances/miplib/easy/neos-4413714-turia.mps with config: /scratch/yorig/mpils-results-grid-seconds-5-no-mip-start/easy/24proc/seed-1/6_neos-4413714-turia_seed-1_20260502_184344/iterated_local_search/run_4_worker_17/ils_config_243234836237412455.prm
[INFO]:[18:48:47] Starting CPLEX solver on instance: /home/yorig/tuner/mpils-tests/instances/miplib/easy/neos-4413714-turia.mps with config: /scratch/yorig/mpils-results-grid-seconds-5-no-mip-start/easy/24proc/seed-1/6_neos-4413714-turia_seed-1_20260502_184344/iterated_local_search/run_4_worker_17/ils_config_243234836237412455.prm
[INFO]:[18:48:52] CPLEX results. Gap: 91.300000, upper bound: 499.635492, lower bound: 43.474651
[INFO]:[18:48:52] CPLEX solver finished. Gap: 91.300000
[INFO]:[18:48:52] New incumbent found with objective value: 91.3
[INFO]:[18:48:52] Local search phase completed.
[INFO]:[18:48:52] Total number of new local-search evaluations: 14
[INFO]:[18:48:52] Final incumbent objective value: 91.3
[INFO]:[18:48:54] Worker 17 completed exploration phase.
[INFO]:[18:48:55] Worker 17 received order for step 2.
[INFO]:[18:48:55] Worker 17 running expansion phase for iteration 4.
[INFO]:[18:48:55] Worker 17 will use solver log file: /scratch/yorig/mpils-results-grid-seconds-5-no-mip-start/easy/24proc/seed-1/6_neos-4413714-turia_seed-1_20260502_184344/solver/cplex.log_iteration_expansion_4_worker_17
[INFO]:[18:48:55] Expansion Worker 17 starting expansion for iteration 4.
[INFO]:[18:48:55] Starting CPLEX solver on instance: /home/yorig/tuner/mpils-tests/instances/miplib/easy/neos-4413714-turia.mps with config: /scratch/yorig/mpils-results-grid-seconds-5-no-mip-start/easy/24proc/seed-1/6_neos-4413714-turia_seed-1_20260502_184344/expansion/config_param_CPXPARAM_MIP_Strategy_File_0_iter_4.prm
[INFO]:[18:49:00] CPLEX results. Gap: 91.300000, upper bound: 499.635492, lower bound: 43.474651
[INFO]:[18:49:00] CPLEX solver finished. Gap: 91.300000
[INFO]:[18:49:00] Expansion Worker 17 stopping early after global MPI expansion stop was activated.
[INFO]:[18:49:00] Expansion Worker 17 completed expansion.
[INFO]:[18:49:00] Worker 17 completed expansion phase.
[INFO]:[18:49:00] Worker 17 received order for step 1.
[INFO]:[18:49:00] Worker 17 running exploration phase for iteration 5.
[INFO]:[18:49:00] Worker 17 at iteration 5 will not use a MIP start file. Current best MIP-start upper bound threshold is 1.79769e+308.
[INFO]:[18:49:00] Starting local search phase...
[INFO]:[18:49:00] Creating local search space from parameter space file: /scratch/yorig/mpils-results-grid-seconds-5-no-mip-start/easy/24proc/seed-1/6_neos-4413714-turia_seed-1_20260502_184344/iterated_local_search/search_space/search_space_file_5_worker_17.txt
[INFO]:[18:49:00] Local search space loaded from file: /scratch/yorig/mpils-results-grid-seconds-5-no-mip-start/easy/24proc/seed-1/6_neos-4413714-turia_seed-1_20260502_184344/iterated_local_search/search_space/search_space_file_5_worker_17.txt
[INFO]:[18:49:00] Number of parameters in local search space: 71
[INFO]:[18:49:00] Number of forbidden tuples in local search space: 91
[INFO]:[18:49:00] Number of conditionals in local search space: 6
[INFO]:[18:49:00] MIP start option not enabled. Local search will proceed without MIP start.
[INFO]:[18:49:00] Evaluating initial configuration for local search phase...
[INFO]:[18:49:00] Starting CPLEX solver on instance: /home/yorig/tuner/mpils-tests/instances/miplib/easy/neos-4413714-turia.mps with config: /scratch/yorig/mpils-results-grid-seconds-5-no-mip-start/easy/24proc/seed-1/6_neos-4413714-turia_seed-1_20260502_184344/iterated_local_search/run_5_worker_17/ils_config_3407411754107301442.prm
[INFO]:[18:49:00] Starting CPLEX solver on instance: /home/yorig/tuner/mpils-tests/instances/miplib/easy/neos-4413714-turia.mps with config: /scratch/yorig/mpils-results-grid-seconds-5-no-mip-start/easy/24proc/seed-1/6_neos-4413714-turia_seed-1_20260502_184344/iterated_local_search/run_5_worker_17/ils_config_3407411754107301442.prm
[INFO]:[18:49:06] CPLEX results. Gap: 91.300000, upper bound: 499.635492, lower bound: 43.474651
[INFO]:[18:49:06] CPLEX solver finished. Gap: 91.300000
[INFO]:[18:49:06] Initial configuration evaluated with objective value: 91.3
[INFO]:[18:49:06] Starting CPLEX solver on instance: /home/yorig/tuner/mpils-tests/instances/miplib/easy/neos-4413714-turia.mps with config: /scratch/yorig/mpils-results-grid-seconds-5-no-mip-start/easy/24proc/seed-1/6_neos-4413714-turia_seed-1_20260502_184344/iterated_local_search/run_5_worker_17/ils_config_959633047741120328.prm
[INFO]:[18:49:06] Starting CPLEX solver on instance: /home/yorig/tuner/mpils-tests/instances/miplib/easy/neos-4413714-turia.mps with config: /scratch/yorig/mpils-results-grid-seconds-5-no-mip-start/easy/24proc/seed-1/6_neos-4413714-turia_seed-1_20260502_184344/iterated_local_search/run_5_worker_17/ils_config_959633047741120328.prm
[INFO]:[18:49:11] CPLEX results. Gap: 91.300000, upper bound: 499.635492, lower bound: 43.474651
[INFO]:[18:49:11] CPLEX solver finished. Gap: 91.300000
[INFO]:[18:49:11] Starting CPLEX solver on instance: /home/yorig/tuner/mpils-tests/instances/miplib/easy/neos-4413714-turia.mps with config: /scratch/yorig/mpils-results-grid-seconds-5-no-mip-start/easy/24proc/seed-1/6_neos-4413714-turia_seed-1_20260502_184344/iterated_local_search/run_5_worker_17/ils_config_8151296088052992102.prm
[INFO]:[18:49:11] Starting CPLEX solver on instance: /home/yorig/tuner/mpils-tests/instances/miplib/easy/neos-4413714-turia.mps with config: /scratch/yorig/mpils-results-grid-seconds-5-no-mip-start/easy/24proc/seed-1/6_neos-4413714-turia_seed-1_20260502_184344/iterated_local_search/run_5_worker_17/ils_config_8151296088052992102.prm
[INFO]:[18:49:17] CPLEX results. Gap: 91.300000, upper bound: 499.635492, lower bound: 43.474651
[INFO]:[18:49:17] CPLEX solver finished. Gap: 91.300000
[INFO]:[18:49:17] Starting CPLEX solver on instance: /home/yorig/tuner/mpils-tests/instances/miplib/easy/neos-4413714-turia.mps with config: /scratch/yorig/mpils-results-grid-seconds-5-no-mip-start/easy/24proc/seed-1/6_neos-4413714-turia_seed-1_20260502_184344/iterated_local_search/run_5_worker_17/ils_config_11707859502823368585.prm
[INFO]:[18:49:17] Starting CPLEX solver on instance: /home/yorig/tuner/mpils-tests/instances/miplib/easy/neos-4413714-turia.mps with config: /scratch/yorig/mpils-results-grid-seconds-5-no-mip-start/easy/24proc/seed-1/6_neos-4413714-turia_seed-1_20260502_184344/iterated_local_search/run_5_worker_17/ils_config_11707859502823368585.prm
[INFO]:[18:49:22] CPLEX results. Gap: 91.300000, upper bound: 499.635492, lower bound: 43.474651
[INFO]:[18:49:22] CPLEX solver finished. Gap: 91.300000
[INFO]:[18:49:22] Starting CPLEX solver on instance: /home/yorig/tuner/mpils-tests/instances/miplib/easy/neos-4413714-turia.mps with config: /scratch/yorig/mpils-results-grid-seconds-5-no-mip-start/easy/24proc/seed-1/6_neos-4413714-turia_seed-1_20260502_184344/iterated_local_search/run_5_worker_17/ils_config_9463892259966036372.prm
[INFO]:[18:49:22] Starting CPLEX solver on instance: /home/yorig/tuner/mpils-tests/instances/miplib/easy/neos-4413714-turia.mps with config: /scratch/yorig/mpils-results-grid-seconds-5-no-mip-start/easy/24proc/seed-1/6_neos-4413714-turia_seed-1_20260502_184344/iterated_local_search/run_5_worker_17/ils_config_9463892259966036372.prm
[INFO]:[18:49:27] CPLEX results. Gap: 91.300000, upper bound: 499.635492, lower bound: 43.474651
[INFO]:[18:49:27] CPLEX solver finished. Gap: 91.300000
[INFO]:[18:49:27] Starting CPLEX solver on instance: /home/yorig/tuner/mpils-tests/instances/miplib/easy/neos-4413714-turia.mps with config: /scratch/yorig/mpils-results-grid-seconds-5-no-mip-start/easy/24proc/seed-1/6_neos-4413714-turia_seed-1_20260502_184344/iterated_local_search/run_5_worker_17/ils_config_9579861834566980303.prm
[INFO]:[18:49:27] Starting CPLEX solver on instance: /home/yorig/tuner/mpils-tests/instances/miplib/easy/neos-4413714-turia.mps with config: /scratch/yorig/mpils-results-grid-seconds-5-no-mip-start/easy/24proc/seed-1/6_neos-4413714-turia_seed-1_20260502_184344/iterated_local_search/run_5_worker_17/ils_config_9579861834566980303.prm
[INFO]:[18:49:32] CPLEX results. Gap: 91.300000, upper bound: 499.635492, lower bound: 43.474651
[INFO]:[18:49:32] CPLEX solver finished. Gap: 91.300000
[INFO]:[18:49:32] Starting CPLEX solver on instance: /home/yorig/tuner/mpils-tests/instances/miplib/easy/neos-4413714-turia.mps with config: /scratch/yorig/mpils-results-grid-seconds-5-no-mip-start/easy/24proc/seed-1/6_neos-4413714-turia_seed-1_20260502_184344/iterated_local_search/run_5_worker_17/ils_config_3674983572059285963.prm
[INFO]:[18:49:32] Starting CPLEX solver on instance: /home/yorig/tuner/mpils-tests/instances/miplib/easy/neos-4413714-turia.mps with config: /scratch/yorig/mpils-results-grid-seconds-5-no-mip-start/easy/24proc/seed-1/6_neos-4413714-turia_seed-1_20260502_184344/iterated_local_search/run_5_worker_17/ils_config_3674983572059285963.prm
[INFO]:[18:49:38] CPLEX results. Gap: 91.300000, upper bound: 499.635492, lower bound: 43.474651
[INFO]:[18:49:38] CPLEX solver finished. Gap: 91.300000
[INFO]:[18:49:38] Starting CPLEX solver on instance: /home/yorig/tuner/mpils-tests/instances/miplib/easy/neos-4413714-turia.mps with config: /scratch/yorig/mpils-results-grid-seconds-5-no-mip-start/easy/24proc/seed-1/6_neos-4413714-turia_seed-1_20260502_184344/iterated_local_search/run_5_worker_17/ils_config_9752885410710009842.prm
[INFO]:[18:49:38] Starting CPLEX solver on instance: /home/yorig/tuner/mpils-tests/instances/miplib/easy/neos-4413714-turia.mps with config: /scratch/yorig/mpils-results-grid-seconds-5-no-mip-start/easy/24proc/seed-1/6_neos-4413714-turia_seed-1_20260502_184344/iterated_local_search/run_5_worker_17/ils_config_9752885410710009842.prm
[INFO]:[18:49:43] CPLEX results. Gap: 91.300000, upper bound: 499.635492, lower bound: 43.474651
[INFO]:[18:49:43] CPLEX solver finished. Gap: 91.300000
[INFO]:[18:49:43] Starting CPLEX solver on instance: /home/yorig/tuner/mpils-tests/instances/miplib/easy/neos-4413714-turia.mps with config: /scratch/yorig/mpils-results-grid-seconds-5-no-mip-start/easy/24proc/seed-1/6_neos-4413714-turia_seed-1_20260502_184344/iterated_local_search/run_5_worker_17/ils_config_9765566065895261214.prm
[INFO]:[18:49:43] Starting CPLEX solver on instance: /home/yorig/tuner/mpils-tests/instances/miplib/easy/neos-4413714-turia.mps with config: /scratch/yorig/mpils-results-grid-seconds-5-no-mip-start/easy/24proc/seed-1/6_neos-4413714-turia_seed-1_20260502_184344/iterated_local_search/run_5_worker_17/ils_config_9765566065895261214.prm
[INFO]:[18:49:48] CPLEX results. Gap: 91.300000, upper bound: 499.635492, lower bound: 43.474651
[INFO]:[18:49:48] CPLEX solver finished. Gap: 91.300000
[INFO]:[18:49:48] Starting CPLEX solver on instance: /home/yorig/tuner/mpils-tests/instances/miplib/easy/neos-4413714-turia.mps with config: /scratch/yorig/mpils-results-grid-seconds-5-no-mip-start/easy/24proc/seed-1/6_neos-4413714-turia_seed-1_20260502_184344/iterated_local_search/run_5_worker_17/ils_config_6247341436258866065.prm
[INFO]:[18:49:48] Starting CPLEX solver on instance: /home/yorig/tuner/mpils-tests/instances/miplib/easy/neos-4413714-turia.mps with config: /scratch/yorig/mpils-results-grid-seconds-5-no-mip-start/easy/24proc/seed-1/6_neos-4413714-turia_seed-1_20260502_184344/iterated_local_search/run_5_worker_17/ils_config_6247341436258866065.prm
[INFO]:[18:49:54] CPLEX results. Gap: 91.300000, upper bound: 499.635492, lower bound: 43.474651
[INFO]:[18:49:54] CPLEX solver finished. Gap: 91.300000
[INFO]:[18:49:54] Starting CPLEX solver on instance: /home/yorig/tuner/mpils-tests/instances/miplib/easy/neos-4413714-turia.mps with config: /scratch/yorig/mpils-results-grid-seconds-5-no-mip-start/easy/24proc/seed-1/6_neos-4413714-turia_seed-1_20260502_184344/iterated_local_search/run_5_worker_17/ils_config_8423260293130901887.prm
[INFO]:[18:49:54] Starting CPLEX solver on instance: /home/yorig/tuner/mpils-tests/instances/miplib/easy/neos-4413714-turia.mps with config: /scratch/yorig/mpils-results-grid-seconds-5-no-mip-start/easy/24proc/seed-1/6_neos-4413714-turia_seed-1_20260502_184344/iterated_local_search/run_5_worker_17/ils_config_8423260293130901887.prm
[INFO]:[18:49:59] CPLEX results. Gap: 91.310000, upper bound: 500.000000, lower bound: 43.474651
[INFO]:[18:49:59] CPLEX solver finished. Gap: 91.310000
[INFO]:[18:49:59] Starting CPLEX solver on instance: /home/yorig/tuner/mpils-tests/instances/miplib/easy/neos-4413714-turia.mps with config: /scratch/yorig/mpils-results-grid-seconds-5-no-mip-start/easy/24proc/seed-1/6_neos-4413714-turia_seed-1_20260502_184344/iterated_local_search/run_5_worker_17/ils_config_9054698868021300853.prm
[INFO]:[18:49:59] Starting CPLEX solver on instance: /home/yorig/tuner/mpils-tests/instances/miplib/easy/neos-4413714-turia.mps with config: /scratch/yorig/mpils-results-grid-seconds-5-no-mip-start/easy/24proc/seed-1/6_neos-4413714-turia_seed-1_20260502_184344/iterated_local_search/run_5_worker_17/ils_config_9054698868021300853.prm
[INFO]:[18:50:04] CPLEX results. Gap: 91.300000, upper bound: 499.635492, lower bound: 43.474651
[INFO]:[18:50:04] CPLEX solver finished. Gap: 91.300000
[INFO]:[18:50:04] Starting CPLEX solver on instance: /home/yorig/tuner/mpils-tests/instances/miplib/easy/neos-4413714-turia.mps with config: /scratch/yorig/mpils-results-grid-seconds-5-no-mip-start/easy/24proc/seed-1/6_neos-4413714-turia_seed-1_20260502_184344/iterated_local_search/run_5_worker_17/ils_config_7884979785219365813.prm
[INFO]:[18:50:04] Starting CPLEX solver on instance: /home/yorig/tuner/mpils-tests/instances/miplib/easy/neos-4413714-turia.mps with config: /scratch/yorig/mpils-results-grid-seconds-5-no-mip-start/easy/24proc/seed-1/6_neos-4413714-turia_seed-1_20260502_184344/iterated_local_search/run_5_worker_17/ils_config_7884979785219365813.prm
[INFO]:[18:50:10] CPLEX results. Gap: 21.570000, upper bound: 55.430127, lower bound: 43.474651
[INFO]:[18:50:10] CPLEX solver finished. Gap: 21.570000
[INFO]:[18:50:10] New incumbent found with objective value: 21.57
[INFO]:[18:50:10] Starting CPLEX solver on instance: /home/yorig/tuner/mpils-tests/instances/miplib/easy/neos-4413714-turia.mps with config: /scratch/yorig/mpils-results-grid-seconds-5-no-mip-start/easy/24proc/seed-1/6_neos-4413714-turia_seed-1_20260502_184344/iterated_local_search/run_5_worker_17/ils_config_15013843458802412508.prm
[INFO]:[18:50:10] Starting CPLEX solver on instance: /home/yorig/tuner/mpils-tests/instances/miplib/easy/neos-4413714-turia.mps with config: /scratch/yorig/mpils-results-grid-seconds-5-no-mip-start/easy/24proc/seed-1/6_neos-4413714-turia_seed-1_20260502_184344/iterated_local_search/run_5_worker_17/ils_config_15013843458802412508.prm
[INFO]:[18:50:15] CPLEX results. Gap: 21.570000, upper bound: 55.430127, lower bound: 43.474651
[INFO]:[18:50:15] CPLEX solver finished. Gap: 21.570000
[INFO]:[18:50:15] Starting CPLEX solver on instance: /home/yorig/tuner/mpils-tests/instances/miplib/easy/neos-4413714-turia.mps with config: /scratch/yorig/mpils-results-grid-seconds-5-no-mip-start/easy/24proc/seed-1/6_neos-4413714-turia_seed-1_20260502_184344/iterated_local_search/run_5_worker_17/ils_config_10239862851978715274.prm
[INFO]:[18:50:15] Starting CPLEX solver on instance: /home/yorig/tuner/mpils-tests/instances/miplib/easy/neos-4413714-turia.mps with config: /scratch/yorig/mpils-results-grid-seconds-5-no-mip-start/easy/24proc/seed-1/6_neos-4413714-turia_seed-1_20260502_184344/iterated_local_search/run_5_worker_17/ils_config_10239862851978715274.prm
[INFO]:[18:50:20] CPLEX results. Gap: 91.310000, upper bound: 500.000000, lower bound: 43.474651
[INFO]:[18:50:20] CPLEX solver finished. Gap: 91.310000
[INFO]:[18:50:20] Starting CPLEX solver on instance: /home/yorig/tuner/mpils-tests/instances/miplib/easy/neos-4413714-turia.mps with config: /scratch/yorig/mpils-results-grid-seconds-5-no-mip-start/easy/24proc/seed-1/6_neos-4413714-turia_seed-1_20260502_184344/iterated_local_search/run_5_worker_17/ils_config_12203979087875912031.prm
[INFO]:[18:50:20] Starting CPLEX solver on instance: /home/yorig/tuner/mpils-tests/instances/miplib/easy/neos-4413714-turia.mps with config: /scratch/yorig/mpils-results-grid-seconds-5-no-mip-start/easy/24proc/seed-1/6_neos-4413714-turia_seed-1_20260502_184344/iterated_local_search/run_5_worker_17/ils_config_12203979087875912031.prm
[INFO]:[18:50:26] CPLEX results. Gap: 21.570000, upper bound: 55.430127, lower bound: 43.474651
[INFO]:[18:50:26] CPLEX solver finished. Gap: 21.570000
[INFO]:[18:50:26] Starting CPLEX solver on instance: /home/yorig/tuner/mpils-tests/instances/miplib/easy/neos-4413714-turia.mps with config: /scratch/yorig/mpils-results-grid-seconds-5-no-mip-start/easy/24proc/seed-1/6_neos-4413714-turia_seed-1_20260502_184344/iterated_local_search/run_5_worker_17/ils_config_13469020853034572759.prm
[INFO]:[18:50:26] Starting CPLEX solver on instance: /home/yorig/tuner/mpils-tests/instances/miplib/easy/neos-4413714-turia.mps with config: /scratch/yorig/mpils-results-grid-seconds-5-no-mip-start/easy/24proc/seed-1/6_neos-4413714-turia_seed-1_20260502_184344/iterated_local_search/run_5_worker_17/ils_config_13469020853034572759.prm
[INFO]:[18:50:31] CPLEX results. Gap: 21.570000, upper bound: 55.430127, lower bound: 43.474651
[INFO]:[18:50:31] CPLEX solver finished. Gap: 21.570000
[INFO]:[18:50:31] Starting CPLEX solver on instance: /home/yorig/tuner/mpils-tests/instances/miplib/easy/neos-4413714-turia.mps with config: /scratch/yorig/mpils-results-grid-seconds-5-no-mip-start/easy/24proc/seed-1/6_neos-4413714-turia_seed-1_20260502_184344/iterated_local_search/run_5_worker_17/ils_config_14933709389714485387.prm
[INFO]:[18:50:31] Starting CPLEX solver on instance: /home/yorig/tuner/mpils-tests/instances/miplib/easy/neos-4413714-turia.mps with config: /scratch/yorig/mpils-results-grid-seconds-5-no-mip-start/easy/24proc/seed-1/6_neos-4413714-turia_seed-1_20260502_184344/iterated_local_search/run_5_worker_17/ils_config_14933709389714485387.prm
[INFO]:[18:50:36] CPLEX results. Gap: 21.570000, upper bound: 55.430127, lower bound: 43.474651
[INFO]:[18:50:36] CPLEX solver finished. Gap: 21.570000
[INFO]:[18:50:36] Starting CPLEX solver on instance: /home/yorig/tuner/mpils-tests/instances/miplib/easy/neos-4413714-turia.mps with config: /scratch/yorig/mpils-results-grid-seconds-5-no-mip-start/easy/24proc/seed-1/6_neos-4413714-turia_seed-1_20260502_184344/iterated_local_search/run_5_worker_17/ils_config_12469209600041245902.prm
[INFO]:[18:50:36] Starting CPLEX solver on instance: /home/yorig/tuner/mpils-tests/instances/miplib/easy/neos-4413714-turia.mps with config: /scratch/yorig/mpils-results-grid-seconds-5-no-mip-start/easy/24proc/seed-1/6_neos-4413714-turia_seed-1_20260502_184344/iterated_local_search/run_5_worker_17/ils_config_12469209600041245902.prm
[INFO]:[18:50:42] CPLEX results. Gap: 21.570000, upper bound: 55.430127, lower bound: 43.474651
[INFO]:[18:50:42] CPLEX solver finished. Gap: 21.570000
[INFO]:[18:50:42] Starting CPLEX solver on instance: /home/yorig/tuner/mpils-tests/instances/miplib/easy/neos-4413714-turia.mps with config: /scratch/yorig/mpils-results-grid-seconds-5-no-mip-start/easy/24proc/seed-1/6_neos-4413714-turia_seed-1_20260502_184344/iterated_local_search/run_5_worker_17/ils_config_17133448579913273257.prm
[INFO]:[18:50:42] Starting CPLEX solver on instance: /home/yorig/tuner/mpils-tests/instances/miplib/easy/neos-4413714-turia.mps with config: /scratch/yorig/mpils-results-grid-seconds-5-no-mip-start/easy/24proc/seed-1/6_neos-4413714-turia_seed-1_20260502_184344/iterated_local_search/run_5_worker_17/ils_config_17133448579913273257.prm
[INFO]:[18:50:47] CPLEX results. Gap: 21.570000, upper bound: 55.430127, lower bound: 43.474651
[INFO]:[18:50:47] CPLEX solver finished. Gap: 21.570000
[INFO]:[18:50:47] Starting CPLEX solver on instance: /home/yorig/tuner/mpils-tests/instances/miplib/easy/neos-4413714-turia.mps with config: /scratch/yorig/mpils-results-grid-seconds-5-no-mip-start/easy/24proc/seed-1/6_neos-4413714-turia_seed-1_20260502_184344/iterated_local_search/run_5_worker_17/ils_config_12933126001490732912.prm
[INFO]:[18:50:47] Starting CPLEX solver on instance: /home/yorig/tuner/mpils-tests/instances/miplib/easy/neos-4413714-turia.mps with config: /scratch/yorig/mpils-results-grid-seconds-5-no-mip-start/easy/24proc/seed-1/6_neos-4413714-turia_seed-1_20260502_184344/iterated_local_search/run_5_worker_17/ils_config_12933126001490732912.prm
[INFO]:[18:50:52] CPLEX results. Gap: 21.570000, upper bound: 55.430127, lower bound: 43.474651
[INFO]:[18:50:52] CPLEX solver finished. Gap: 21.570000
[INFO]:[18:50:52] Starting CPLEX solver on instance: /home/yorig/tuner/mpils-tests/instances/miplib/easy/neos-4413714-turia.mps with config: /scratch/yorig/mpils-results-grid-seconds-5-no-mip-start/easy/24proc/seed-1/6_neos-4413714-turia_seed-1_20260502_184344/iterated_local_search/run_5_worker_17/ils_config_7763787240223202849.prm
[INFO]:[18:50:52] Starting CPLEX solver on instance: /home/yorig/tuner/mpils-tests/instances/miplib/easy/neos-4413714-turia.mps with config: /scratch/yorig/mpils-results-grid-seconds-5-no-mip-start/easy/24proc/seed-1/6_neos-4413714-turia_seed-1_20260502_184344/iterated_local_search/run_5_worker_17/ils_config_7763787240223202849.prm
[INFO]:[18:50:58] CPLEX results. Gap: 21.570000, upper bound: 55.430127, lower bound: 43.474651
[INFO]:[18:50:58] CPLEX solver finished. Gap: 21.570000
[INFO]:[18:50:58] Starting CPLEX solver on instance: /home/yorig/tuner/mpils-tests/instances/miplib/easy/neos-4413714-turia.mps with config: /scratch/yorig/mpils-results-grid-seconds-5-no-mip-start/easy/24proc/seed-1/6_neos-4413714-turia_seed-1_20260502_184344/iterated_local_search/run_5_worker_17/ils_config_10176734863022880321.prm
[INFO]:[18:50:58] Starting CPLEX solver on instance: /home/yorig/tuner/mpils-tests/instances/miplib/easy/neos-4413714-turia.mps with config: /scratch/yorig/mpils-results-grid-seconds-5-no-mip-start/easy/24proc/seed-1/6_neos-4413714-turia_seed-1_20260502_184344/iterated_local_search/run_5_worker_17/ils_config_10176734863022880321.prm
[INFO]:[18:51:04] CPLEX results. Gap: 21.570000, upper bound: 55.430127, lower bound: 43.474651
[INFO]:[18:51:04] CPLEX solver finished. Gap: 21.570000
[INFO]:[18:51:04] Starting CPLEX solver on instance: /home/yorig/tuner/mpils-tests/instances/miplib/easy/neos-4413714-turia.mps with config: /scratch/yorig/mpils-results-grid-seconds-5-no-mip-start/easy/24proc/seed-1/6_neos-4413714-turia_seed-1_20260502_184344/iterated_local_search/run_5_worker_17/ils_config_7823662225400224974.prm
[INFO]:[18:51:04] Starting CPLEX solver on instance: /home/yorig/tuner/mpils-tests/instances/miplib/easy/neos-4413714-turia.mps with config: /scratch/yorig/mpils-results-grid-seconds-5-no-mip-start/easy/24proc/seed-1/6_neos-4413714-turia_seed-1_20260502_184344/iterated_local_search/run_5_worker_17/ils_config_7823662225400224974.prm
[INFO]:[18:51:09] CPLEX results. Gap: 21.570000, upper bound: 55.430127, lower bound: 43.474651
[INFO]:[18:51:09] CPLEX solver finished. Gap: 21.570000
[INFO]:[18:51:09] Starting CPLEX solver on instance: /home/yorig/tuner/mpils-tests/instances/miplib/easy/neos-4413714-turia.mps with config: /scratch/yorig/mpils-results-grid-seconds-5-no-mip-start/easy/24proc/seed-1/6_neos-4413714-turia_seed-1_20260502_184344/iterated_local_search/run_5_worker_17/ils_config_8183632078896624394.prm
[INFO]:[18:51:09] Starting CPLEX solver on instance: /home/yorig/tuner/mpils-tests/instances/miplib/easy/neos-4413714-turia.mps with config: /scratch/yorig/mpils-results-grid-seconds-5-no-mip-start/easy/24proc/seed-1/6_neos-4413714-turia_seed-1_20260502_184344/iterated_local_search/run_5_worker_17/ils_config_8183632078896624394.prm
[INFO]:[18:51:14] CPLEX results. Gap: 21.570000, upper bound: 55.430127, lower bound: 43.474651
[INFO]:[18:51:14] CPLEX solver finished. Gap: 21.570000
[INFO]:[18:51:14] Starting CPLEX solver on instance: /home/yorig/tuner/mpils-tests/instances/miplib/easy/neos-4413714-turia.mps with config: /scratch/yorig/mpils-results-grid-seconds-5-no-mip-start/easy/24proc/seed-1/6_neos-4413714-turia_seed-1_20260502_184344/iterated_local_search/run_5_worker_17/ils_config_3539948985856973520.prm
[INFO]:[18:51:14] Starting CPLEX solver on instance: /home/yorig/tuner/mpils-tests/instances/miplib/easy/neos-4413714-turia.mps with config: /scratch/yorig/mpils-results-grid-seconds-5-no-mip-start/easy/24proc/seed-1/6_neos-4413714-turia_seed-1_20260502_184344/iterated_local_search/run_5_worker_17/ils_config_3539948985856973520.prm
[INFO]:[18:51:20] CPLEX results. Gap: 21.570000, upper bound: 55.430127, lower bound: 43.474651
[INFO]:[18:51:20] CPLEX solver finished. Gap: 21.570000
[INFO]:[18:51:20] Starting CPLEX solver on instance: /home/yorig/tuner/mpils-tests/instances/miplib/easy/neos-4413714-turia.mps with config: /scratch/yorig/mpils-results-grid-seconds-5-no-mip-start/easy/24proc/seed-1/6_neos-4413714-turia_seed-1_20260502_184344/iterated_local_search/run_5_worker_17/ils_config_5883765506327378514.prm
[INFO]:[18:51:20] Starting CPLEX solver on instance: /home/yorig/tuner/mpils-tests/instances/miplib/easy/neos-4413714-turia.mps with config: /scratch/yorig/mpils-results-grid-seconds-5-no-mip-start/easy/24proc/seed-1/6_neos-4413714-turia_seed-1_20260502_184344/iterated_local_search/run_5_worker_17/ils_config_5883765506327378514.prm
[INFO]:[18:51:25] CPLEX results. Gap: 21.570000, upper bound: 55.430127, lower bound: 43.474651
[INFO]:[18:51:25] CPLEX solver finished. Gap: 21.570000
[INFO]:[18:51:25] Starting CPLEX solver on instance: /home/yorig/tuner/mpils-tests/instances/miplib/easy/neos-4413714-turia.mps with config: /scratch/yorig/mpils-results-grid-seconds-5-no-mip-start/easy/24proc/seed-1/6_neos-4413714-turia_seed-1_20260502_184344/iterated_local_search/run_5_worker_17/ils_config_7259807899339823046.prm
[INFO]:[18:51:25] Starting CPLEX solver on instance: /home/yorig/tuner/mpils-tests/instances/miplib/easy/neos-4413714-turia.mps with config: /scratch/yorig/mpils-results-grid-seconds-5-no-mip-start/easy/24proc/seed-1/6_neos-4413714-turia_seed-1_20260502_184344/iterated_local_search/run_5_worker_17/ils_config_7259807899339823046.prm
[INFO]:[18:51:30] CPLEX results. Gap: 21.570000, upper bound: 55.430127, lower bound: 43.474651
[INFO]:[18:51:30] CPLEX solver finished. Gap: 21.570000
[INFO]:[18:51:30] Starting CPLEX solver on instance: /home/yorig/tuner/mpils-tests/instances/miplib/easy/neos-4413714-turia.mps with config: /scratch/yorig/mpils-results-grid-seconds-5-no-mip-start/easy/24proc/seed-1/6_neos-4413714-turia_seed-1_20260502_184344/iterated_local_search/run_5_worker_17/ils_config_8215768883161291958.prm
[INFO]:[18:51:30] Starting CPLEX solver on instance: /home/yorig/tuner/mpils-tests/instances/miplib/easy/neos-4413714-turia.mps with config: /scratch/yorig/mpils-results-grid-seconds-5-no-mip-start/easy/24proc/seed-1/6_neos-4413714-turia_seed-1_20260502_184344/iterated_local_search/run_5_worker_17/ils_config_8215768883161291958.prm
[INFO]:[18:51:36] CPLEX results. Gap: 21.570000, upper bound: 55.430127, lower bound: 43.474651
[INFO]:[18:51:36] CPLEX solver finished. Gap: 21.570000
[INFO]:[18:51:36] Starting CPLEX solver on instance: /home/yorig/tuner/mpils-tests/instances/miplib/easy/neos-4413714-turia.mps with config: /scratch/yorig/mpils-results-grid-seconds-5-no-mip-start/easy/24proc/seed-1/6_neos-4413714-turia_seed-1_20260502_184344/iterated_local_search/run_5_worker_17/ils_config_6611463940311527727.prm
[INFO]:[18:51:36] Starting CPLEX solver on instance: /home/yorig/tuner/mpils-tests/instances/miplib/easy/neos-4413714-turia.mps with config: /scratch/yorig/mpils-results-grid-seconds-5-no-mip-start/easy/24proc/seed-1/6_neos-4413714-turia_seed-1_20260502_184344/iterated_local_search/run_5_worker_17/ils_config_6611463940311527727.prm
[INFO]:[18:51:41] CPLEX results. Gap: 21.570000, upper bound: 55.430127, lower bound: 43.474651
[INFO]:[18:51:41] CPLEX solver finished. Gap: 21.570000
[INFO]:[18:51:41] Local search phase completed.
[INFO]:[18:51:41] Total number of new local-search evaluations: 30
[INFO]:[18:51:41] Final incumbent objective value: 21.57
[INFO]:[18:51:55] Worker 17 completed exploration phase.
[INFO]:[18:51:55] Worker 17 received order for step 2.
[INFO]:[18:51:55] Worker 17 running expansion phase for iteration 5.
[INFO]:[18:51:55] Worker 17 will use solver log file: /scratch/yorig/mpils-results-grid-seconds-5-no-mip-start/easy/24proc/seed-1/6_neos-4413714-turia_seed-1_20260502_184344/solver/cplex.log_iteration_expansion_5_worker_17
[INFO]:[18:51:55] Expansion Worker 17 starting expansion for iteration 5.
[INFO]:[18:51:55] Starting CPLEX solver on instance: /home/yorig/tuner/mpils-tests/instances/miplib/easy/neos-4413714-turia.mps with config: /scratch/yorig/mpils-results-grid-seconds-5-no-mip-start/easy/24proc/seed-1/6_neos-4413714-turia_seed-1_20260502_184344/expansion/config_param_CPXPARAM_Barrier_Algorithm_3_iter_5.prm
[INFO]:[18:52:00] CPLEX results. Gap: 6.400000, upper bound: 46.449528, lower bound: 43.474651
[INFO]:[18:52:00] CPLEX solver finished. Gap: 6.400000
[INFO]:[18:52:00] Expansion Worker 17 stopping early after global MPI expansion stop was activated.
[INFO]:[18:52:00] Expansion Worker 17 completed expansion.
[INFO]:[18:52:00] Worker 17 completed expansion phase.
[INFO]:[18:52:03] Worker 17 received order for step 1.
[INFO]:[18:52:03] Worker 17 running exploration phase for iteration 6.
[INFO]:[18:52:03] Worker 17 at iteration 6 will not use a MIP start file. Current best MIP-start upper bound threshold is 1.79769e+308.
[INFO]:[18:52:03] Starting local search phase...
[INFO]:[18:52:03] Creating local search space from parameter space file: /scratch/yorig/mpils-results-grid-seconds-5-no-mip-start/easy/24proc/seed-1/6_neos-4413714-turia_seed-1_20260502_184344/iterated_local_search/search_space/search_space_file_6_worker_17.txt
[INFO]:[18:52:03] Local search space loaded from file: /scratch/yorig/mpils-results-grid-seconds-5-no-mip-start/easy/24proc/seed-1/6_neos-4413714-turia_seed-1_20260502_184344/iterated_local_search/search_space/search_space_file_6_worker_17.txt
[INFO]:[18:52:03] Number of parameters in local search space: 71
[INFO]:[18:52:03] Number of forbidden tuples in local search space: 126
[INFO]:[18:52:03] Number of conditionals in local search space: 6
[INFO]:[18:52:03] MIP start option not enabled. Local search will proceed without MIP start.
[INFO]:[18:52:03] Evaluating initial configuration for local search phase...
[INFO]:[18:52:03] Starting CPLEX solver on instance: /home/yorig/tuner/mpils-tests/instances/miplib/easy/neos-4413714-turia.mps with config: /scratch/yorig/mpils-results-grid-seconds-5-no-mip-start/easy/24proc/seed-1/6_neos-4413714-turia_seed-1_20260502_184344/iterated_local_search/run_6_worker_17/ils_config_13510533804661485766.prm
[INFO]:[18:52:03] Starting CPLEX solver on instance: /home/yorig/tuner/mpils-tests/instances/miplib/easy/neos-4413714-turia.mps with config: /scratch/yorig/mpils-results-grid-seconds-5-no-mip-start/easy/24proc/seed-1/6_neos-4413714-turia_seed-1_20260502_184344/iterated_local_search/run_6_worker_17/ils_config_13510533804661485766.prm
[INFO]:[18:52:08] CPLEX results. Gap: 100.000000, upper bound: 500.000000, lower bound: 0.000000
[INFO]:[18:52:08] CPLEX solver finished. Gap: 100.000000
[INFO]:[18:52:08] Initial configuration evaluated with objective value: 100
[INFO]:[18:52:08] Starting CPLEX solver on instance: /home/yorig/tuner/mpils-tests/instances/miplib/easy/neos-4413714-turia.mps with config: /scratch/yorig/mpils-results-grid-seconds-5-no-mip-start/easy/24proc/seed-1/6_neos-4413714-turia_seed-1_20260502_184344/iterated_local_search/run_6_worker_17/ils_config_4886627829530454331.prm
[INFO]:[18:52:08] Starting CPLEX solver on instance: /home/yorig/tuner/mpils-tests/instances/miplib/easy/neos-4413714-turia.mps with config: /scratch/yorig/mpils-results-grid-seconds-5-no-mip-start/easy/24proc/seed-1/6_neos-4413714-turia_seed-1_20260502_184344/iterated_local_search/run_6_worker_17/ils_config_4886627829530454331.prm
[INFO]:[18:52:14] CPLEX results. Gap: 100.000000, upper bound: 500.000000, lower bound: 0.000000
[INFO]:[18:52:14] CPLEX solver finished. Gap: 100.000000
[INFO]:[18:52:14] Starting CPLEX solver on instance: /home/yorig/tuner/mpils-tests/instances/miplib/easy/neos-4413714-turia.mps with config: /scratch/yorig/mpils-results-grid-seconds-5-no-mip-start/easy/24proc/seed-1/6_neos-4413714-turia_seed-1_20260502_184344/iterated_local_search/run_6_worker_17/ils_config_10430446841298011093.prm
[INFO]:[18:52:14] Starting CPLEX solver on instance: /home/yorig/tuner/mpils-tests/instances/miplib/easy/neos-4413714-turia.mps with config: /scratch/yorig/mpils-results-grid-seconds-5-no-mip-start/easy/24proc/seed-1/6_neos-4413714-turia_seed-1_20260502_184344/iterated_local_search/run_6_worker_17/ils_config_10430446841298011093.prm
[INFO]:[18:52:20] CPLEX results. Gap: 100.000000, upper bound: 500.000000, lower bound: 0.000000
[INFO]:[18:52:20] CPLEX solver finished. Gap: 100.000000
[INFO]:[18:52:20] Starting CPLEX solver on instance: /home/yorig/tuner/mpils-tests/instances/miplib/easy/neos-4413714-turia.mps with config: /scratch/yorig/mpils-results-grid-seconds-5-no-mip-start/easy/24proc/seed-1/6_neos-4413714-turia_seed-1_20260502_184344/iterated_local_search/run_6_worker_17/ils_config_5459865688945611035.prm
[INFO]:[18:52:20] Starting CPLEX solver on instance: /home/yorig/tuner/mpils-tests/instances/miplib/easy/neos-4413714-turia.mps with config: /scratch/yorig/mpils-results-grid-seconds-5-no-mip-start/easy/24proc/seed-1/6_neos-4413714-turia_seed-1_20260502_184344/iterated_local_search/run_6_worker_17/ils_config_5459865688945611035.prm
[INFO]:[18:52:25] CPLEX results. Gap: 100.000000, upper bound: 500.000000, lower bound: 0.000000
[INFO]:[18:52:25] CPLEX solver finished. Gap: 100.000000
[INFO]:[18:52:25] Starting CPLEX solver on instance: /home/yorig/tuner/mpils-tests/instances/miplib/easy/neos-4413714-turia.mps with config: /scratch/yorig/mpils-results-grid-seconds-5-no-mip-start/easy/24proc/seed-1/6_neos-4413714-turia_seed-1_20260502_184344/iterated_local_search/run_6_worker_17/ils_config_4192361752929866036.prm
[INFO]:[18:52:25] Starting CPLEX solver on instance: /home/yorig/tuner/mpils-tests/instances/miplib/easy/neos-4413714-turia.mps with config: /scratch/yorig/mpils-results-grid-seconds-5-no-mip-start/easy/24proc/seed-1/6_neos-4413714-turia_seed-1_20260502_184344/iterated_local_search/run_6_worker_17/ils_config_4192361752929866036.prm
[INFO]:[18:52:31] CPLEX results. Gap: 100.000000, upper bound: 500.000000, lower bound: 0.000000
[INFO]:[18:52:31] CPLEX solver finished. Gap: 100.000000
[INFO]:[18:52:31] Starting CPLEX solver on instance: /home/yorig/tuner/mpils-tests/instances/miplib/easy/neos-4413714-turia.mps with config: /scratch/yorig/mpils-results-grid-seconds-5-no-mip-start/easy/24proc/seed-1/6_neos-4413714-turia_seed-1_20260502_184344/iterated_local_search/run_6_worker_17/ils_config_9671012397271416512.prm
[INFO]:[18:52:31] Starting CPLEX solver on instance: /home/yorig/tuner/mpils-tests/instances/miplib/easy/neos-4413714-turia.mps with config: /scratch/yorig/mpils-results-grid-seconds-5-no-mip-start/easy/24proc/seed-1/6_neos-4413714-turia_seed-1_20260502_184344/iterated_local_search/run_6_worker_17/ils_config_9671012397271416512.prm
[INFO]:[18:52:37] CPLEX results. Gap: 100.000000, upper bound: 500.000000, lower bound: 0.000000
[INFO]:[18:52:37] CPLEX solver finished. Gap: 100.000000
[INFO]:[18:52:37] Starting CPLEX solver on instance: /home/yorig/tuner/mpils-tests/instances/miplib/easy/neos-4413714-turia.mps with config: /scratch/yorig/mpils-results-grid-seconds-5-no-mip-start/easy/24proc/seed-1/6_neos-4413714-turia_seed-1_20260502_184344/iterated_local_search/run_6_worker_17/ils_config_14748039173528434748.prm
[INFO]:[18:52:37] Starting CPLEX solver on instance: /home/yorig/tuner/mpils-tests/instances/miplib/easy/neos-4413714-turia.mps with config: /scratch/yorig/mpils-results-grid-seconds-5-no-mip-start/easy/24proc/seed-1/6_neos-4413714-turia_seed-1_20260502_184344/iterated_local_search/run_6_worker_17/ils_config_14748039173528434748.prm
[INFO]:[18:52:42] CPLEX results. Gap: 100.000000, upper bound: 500.000000, lower bound: 0.000000
[INFO]:[18:52:42] CPLEX solver finished. Gap: 100.000000
[INFO]:[18:52:42] Starting CPLEX solver on instance: /home/yorig/tuner/mpils-tests/instances/miplib/easy/neos-4413714-turia.mps with config: /scratch/yorig/mpils-results-grid-seconds-5-no-mip-start/easy/24proc/seed-1/6_neos-4413714-turia_seed-1_20260502_184344/iterated_local_search/run_6_worker_17/ils_config_18049985844367221906.prm
[INFO]:[18:52:42] Starting CPLEX solver on instance: /home/yorig/tuner/mpils-tests/instances/miplib/easy/neos-4413714-turia.mps with config: /scratch/yorig/mpils-results-grid-seconds-5-no-mip-start/easy/24proc/seed-1/6_neos-4413714-turia_seed-1_20260502_184344/iterated_local_search/run_6_worker_17/ils_config_18049985844367221906.prm
[INFO]:[18:52:48] CPLEX results. Gap: 100.000000, upper bound: 500.000000, lower bound: 0.000000
[INFO]:[18:52:48] CPLEX solver finished. Gap: 100.000000
[INFO]:[18:52:48] Starting CPLEX solver on instance: /home/yorig/tuner/mpils-tests/instances/miplib/easy/neos-4413714-turia.mps with config: /scratch/yorig/mpils-results-grid-seconds-5-no-mip-start/easy/24proc/seed-1/6_neos-4413714-turia_seed-1_20260502_184344/iterated_local_search/run_6_worker_17/ils_config_17867118440011585335.prm
[INFO]:[18:52:48] Starting CPLEX solver on instance: /home/yorig/tuner/mpils-tests/instances/miplib/easy/neos-4413714-turia.mps with config: /scratch/yorig/mpils-results-grid-seconds-5-no-mip-start/easy/24proc/seed-1/6_neos-4413714-turia_seed-1_20260502_184344/iterated_local_search/run_6_worker_17/ils_config_17867118440011585335.prm
[INFO]:[18:52:54] CPLEX results. Gap: 100.000000, upper bound: 500.000000, lower bound: 0.000000
[INFO]:[18:52:54] CPLEX solver finished. Gap: 100.000000
[INFO]:[18:52:54] Starting CPLEX solver on instance: /home/yorig/tuner/mpils-tests/instances/miplib/easy/neos-4413714-turia.mps with config: /scratch/yorig/mpils-results-grid-seconds-5-no-mip-start/easy/24proc/seed-1/6_neos-4413714-turia_seed-1_20260502_184344/iterated_local_search/run_6_worker_17/ils_config_11049393919368849688.prm
[INFO]:[18:52:54] Starting CPLEX solver on instance: /home/yorig/tuner/mpils-tests/instances/miplib/easy/neos-4413714-turia.mps with config: /scratch/yorig/mpils-results-grid-seconds-5-no-mip-start/easy/24proc/seed-1/6_neos-4413714-turia_seed-1_20260502_184344/iterated_local_search/run_6_worker_17/ils_config_11049393919368849688.prm
[INFO]:[18:52:59] CPLEX results. Gap: 100.000000, upper bound: 499.635492, lower bound: 0.000000
[INFO]:[18:52:59] CPLEX solver finished. Gap: 100.000000
[INFO]:[18:52:59] Starting CPLEX solver on instance: /home/yorig/tuner/mpils-tests/instances/miplib/easy/neos-4413714-turia.mps with config: /scratch/yorig/mpils-results-grid-seconds-5-no-mip-start/easy/24proc/seed-1/6_neos-4413714-turia_seed-1_20260502_184344/iterated_local_search/run_6_worker_17/ils_config_9939356767662862256.prm
[INFO]:[18:52:59] Starting CPLEX solver on instance: /home/yorig/tuner/mpils-tests/instances/miplib/easy/neos-4413714-turia.mps with config: /scratch/yorig/mpils-results-grid-seconds-5-no-mip-start/easy/24proc/seed-1/6_neos-4413714-turia_seed-1_20260502_184344/iterated_local_search/run_6_worker_17/ils_config_9939356767662862256.prm
[INFO]:[18:53:05] CPLEX results. Gap: 199999999999959967528972798129034178777029809524957641716099736843245846528.000000, upper bound: 500.000000, lower bound: -999999999999999926539781176481198923508803215199467887262646419780362305536.000000
[INFO]:[18:53:05] CPLEX solver finished. Gap: 199999999999959967528972798129034178777029809524957641716099736843245846528.000000
[INFO]:[18:53:05] Starting CPLEX solver on instance: /home/yorig/tuner/mpils-tests/instances/miplib/easy/neos-4413714-turia.mps with config: /scratch/yorig/mpils-results-grid-seconds-5-no-mip-start/easy/24proc/seed-1/6_neos-4413714-turia_seed-1_20260502_184344/iterated_local_search/run_6_worker_17/ils_config_14134830404867009521.prm
[INFO]:[18:53:05] Starting CPLEX solver on instance: /home/yorig/tuner/mpils-tests/instances/miplib/easy/neos-4413714-turia.mps with config: /scratch/yorig/mpils-results-grid-seconds-5-no-mip-start/easy/24proc/seed-1/6_neos-4413714-turia_seed-1_20260502_184344/iterated_local_search/run_6_worker_17/ils_config_14134830404867009521.prm
[INFO]:[18:53:11] CPLEX results. Gap: 100.000000, upper bound: 500.000000, lower bound: 0.000000
[INFO]:[18:53:11] CPLEX solver finished. Gap: 100.000000
[INFO]:[18:53:11] Starting CPLEX solver on instance: /home/yorig/tuner/mpils-tests/instances/miplib/easy/neos-4413714-turia.mps with config: /scratch/yorig/mpils-results-grid-seconds-5-no-mip-start/easy/24proc/seed-1/6_neos-4413714-turia_seed-1_20260502_184344/iterated_local_search/run_6_worker_17/ils_config_14249483638348155654.prm
[INFO]:[18:53:11] Starting CPLEX solver on instance: /home/yorig/tuner/mpils-tests/instances/miplib/easy/neos-4413714-turia.mps with config: /scratch/yorig/mpils-results-grid-seconds-5-no-mip-start/easy/24proc/seed-1/6_neos-4413714-turia_seed-1_20260502_184344/iterated_local_search/run_6_worker_17/ils_config_14249483638348155654.prm
[INFO]:[18:53:16] CPLEX results. Gap: 100.000000, upper bound: 500.000000, lower bound: 0.000000
[INFO]:[18:53:16] CPLEX solver finished. Gap: 100.000000
[INFO]:[18:53:16] Starting CPLEX solver on instance: /home/yorig/tuner/mpils-tests/instances/miplib/easy/neos-4413714-turia.mps with config: /scratch/yorig/mpils-results-grid-seconds-5-no-mip-start/easy/24proc/seed-1/6_neos-4413714-turia_seed-1_20260502_184344/iterated_local_search/run_6_worker_17/ils_config_3535835976230028919.prm
[INFO]:[18:53:16] Starting CPLEX solver on instance: /home/yorig/tuner/mpils-tests/instances/miplib/easy/neos-4413714-turia.mps with config: /scratch/yorig/mpils-results-grid-seconds-5-no-mip-start/easy/24proc/seed-1/6_neos-4413714-turia_seed-1_20260502_184344/iterated_local_search/run_6_worker_17/ils_config_3535835976230028919.prm
[WARN]:[18:53:22] CPLEX finished without a primal feasible solution for config /scratch/yorig/mpils-results-grid-seconds-5-no-mip-start/easy/24proc/seed-1/6_neos-4413714-turia_seed-1_20260502_184344/iterated_local_search/run_6_worker_17/ils_config_3535835976230028919.prm.
[INFO]:[18:53:22] CPLEX results. Gap: unavailable, upper bound: null, lower bound: 43.474651
[INFO]:[18:53:22] CPLEX solver finished. Gap: 179769313486231570814527423731704356798070567525844996598917476803157260780028538760589558632766878171540458953514382464234321326889464182768467546703537516986049910576551282076245490090389328944075868508455133942304583236903222948165808559332123348274797826204144723168738177180919299881250404026184124858368.000000
[INFO]:[18:53:22] Starting CPLEX solver on instance: /home/yorig/tuner/mpils-tests/instances/miplib/easy/neos-4413714-turia.mps with config: /scratch/yorig/mpils-results-grid-seconds-5-no-mip-start/easy/24proc/seed-1/6_neos-4413714-turia_seed-1_20260502_184344/iterated_local_search/run_6_worker_17/ils_config_14055679391654927421.prm
[INFO]:[18:53:22] Starting CPLEX solver on instance: /home/yorig/tuner/mpils-tests/instances/miplib/easy/neos-4413714-turia.mps with config: /scratch/yorig/mpils-results-grid-seconds-5-no-mip-start/easy/24proc/seed-1/6_neos-4413714-turia_seed-1_20260502_184344/iterated_local_search/run_6_worker_17/ils_config_14055679391654927421.prm
[INFO]:[18:53:27] CPLEX results. Gap: 100.000000, upper bound: 500.000000, lower bound: 0.000000
[INFO]:[18:53:27] CPLEX solver finished. Gap: 100.000000
[INFO]:[18:53:27] Starting CPLEX solver on instance: /home/yorig/tuner/mpils-tests/instances/miplib/easy/neos-4413714-turia.mps with config: /scratch/yorig/mpils-results-grid-seconds-5-no-mip-start/easy/24proc/seed-1/6_neos-4413714-turia_seed-1_20260502_184344/iterated_local_search/run_6_worker_17/ils_config_10020314586266946691.prm
[INFO]:[18:53:27] Starting CPLEX solver on instance: /home/yorig/tuner/mpils-tests/instances/miplib/easy/neos-4413714-turia.mps with config: /scratch/yorig/mpils-results-grid-seconds-5-no-mip-start/easy/24proc/seed-1/6_neos-4413714-turia_seed-1_20260502_184344/iterated_local_search/run_6_worker_17/ils_config_10020314586266946691.prm
[INFO]:[18:53:33] CPLEX results. Gap: 100.000000, upper bound: 500.000000, lower bound: 0.000000
[INFO]:[18:53:33] CPLEX solver finished. Gap: 100.000000
[INFO]:[18:53:33] Starting CPLEX solver on instance: /home/yorig/tuner/mpils-tests/instances/miplib/easy/neos-4413714-turia.mps with config: /scratch/yorig/mpils-results-grid-seconds-5-no-mip-start/easy/24proc/seed-1/6_neos-4413714-turia_seed-1_20260502_184344/iterated_local_search/run_6_worker_17/ils_config_10998475135061626329.prm
[INFO]:[18:53:33] Starting CPLEX solver on instance: /home/yorig/tuner/mpils-tests/instances/miplib/easy/neos-4413714-turia.mps with config: /scratch/yorig/mpils-results-grid-seconds-5-no-mip-start/easy/24proc/seed-1/6_neos-4413714-turia_seed-1_20260502_184344/iterated_local_search/run_6_worker_17/ils_config_10998475135061626329.prm
[INFO]:[18:53:39] CPLEX results. Gap: 100.000000, upper bound: 500.000000, lower bound: 0.000000
[INFO]:[18:53:39] CPLEX solver finished. Gap: 100.000000
[INFO]:[18:53:39] Starting CPLEX solver on instance: /home/yorig/tuner/mpils-tests/instances/miplib/easy/neos-4413714-turia.mps with config: /scratch/yorig/mpils-results-grid-seconds-5-no-mip-start/easy/24proc/seed-1/6_neos-4413714-turia_seed-1_20260502_184344/iterated_local_search/run_6_worker_17/ils_config_9196567504348854633.prm
[INFO]:[18:53:39] Starting CPLEX solver on instance: /home/yorig/tuner/mpils-tests/instances/miplib/easy/neos-4413714-turia.mps with config: /scratch/yorig/mpils-results-grid-seconds-5-no-mip-start/easy/24proc/seed-1/6_neos-4413714-turia_seed-1_20260502_184344/iterated_local_search/run_6_worker_17/ils_config_9196567504348854633.prm
[INFO]:[18:53:44] CPLEX results. Gap: 100.000000, upper bound: 500.000000, lower bound: 0.000000
[INFO]:[18:53:44] CPLEX solver finished. Gap: 100.000000
[INFO]:[18:53:44] Local search phase completed.
[INFO]:[18:53:44] Total number of new local-search evaluations: 18
[INFO]:[18:53:44] Final incumbent objective value: 100
[INFO]:[18:53:51] Worker 17 completed exploration phase.
[INFO]:[18:53:51] Worker 17 received order for step 3.
[INFO]:[18:53:51] Worker 17 finished.
