[INFO]:[23:40:57] Worker 6 starting.
[INFO]:[23:40:57] Worker 6 received order for step 1.
[INFO]:[23:40:57] Worker 6 running exploration phase for iteration 1.
[INFO]:[23:40:57] Current MIP start info file not found: /scratch/yorig/mpils-results-grid-seconds-5/easy/8proc/seed-2/3_glass4_seed-2_20260502_234057/iterated_local_search/mip_start/current_mip_start_1.txt
[INFO]:[23:40:57] Worker 6 at iteration 1 will not use a MIP start file. Current best MIP-start upper bound threshold is 1.79769e+308.
[INFO]:[23:40:57] Starting local search phase...
[INFO]:[23:40:57] Creating local search space from parameter space file: /scratch/yorig/mpils-results-grid-seconds-5/easy/8proc/seed-2/3_glass4_seed-2_20260502_234057/iterated_local_search/search_space/search_space_file_1_worker_6.txt
[INFO]:[23:40:57] Local search space loaded from file: /scratch/yorig/mpils-results-grid-seconds-5/easy/8proc/seed-2/3_glass4_seed-2_20260502_234057/iterated_local_search/search_space/search_space_file_1_worker_6.txt
[INFO]:[23:40:57] Number of parameters in local search space: 71
[INFO]:[23:40:57] Number of forbidden tuples in local search space: 0
[INFO]:[23:40:57] Number of conditionals in local search space: 6
[INFO]:[23:40:57] MIP start option not enabled. Local search will proceed without MIP start.
[INFO]:[23:40:57] Evaluating initial configuration for local search phase...
[INFO]:[23:40:57] Starting CPLEX solver on instance: /home/yorig/tuner/mpils-tests/instances/miplib/easy/glass4.mps with config: /scratch/yorig/mpils-results-grid-seconds-5/easy/8proc/seed-2/3_glass4_seed-2_20260502_234057/iterated_local_search/run_1_worker_6/ils_config_9780203583707233689.prm
[INFO]:[23:40:57] Starting CPLEX solver on instance: /home/yorig/tuner/mpils-tests/instances/miplib/easy/glass4.mps with config: /scratch/yorig/mpils-results-grid-seconds-5/easy/8proc/seed-2/3_glass4_seed-2_20260502_234057/iterated_local_search/run_1_worker_6/ils_config_9780203583707233689.prm
[INFO]:[23:41:02] CPLEX results. Gap: 39.560000, upper bound: 1800015100.000000, lower bound: 1087982067.659002
[INFO]:[23:41:02] Writing MIP start file: /scratch/yorig/mpils-results-grid-seconds-5/easy/8proc/seed-2/3_glass4_seed-2_20260502_234057/iterated_local_search/run_1_worker_6/mip_starts/mip_start_eval_1_config_9780203583707233689.mst
[INFO]:[23:41:02] CPLEX solver finished. Gap: 39.560000
[INFO]:[23:41:02] Initial configuration evaluated with objective value: 39.56
[INFO]:[23:41:02] Starting CPLEX solver on instance: /home/yorig/tuner/mpils-tests/instances/miplib/easy/glass4.mps with config: /scratch/yorig/mpils-results-grid-seconds-5/easy/8proc/seed-2/3_glass4_seed-2_20260502_234057/iterated_local_search/run_1_worker_6/ils_config_2738998000721329484.prm
[INFO]:[23:41:02] Starting CPLEX solver on instance: /home/yorig/tuner/mpils-tests/instances/miplib/easy/glass4.mps with config: /scratch/yorig/mpils-results-grid-seconds-5/easy/8proc/seed-2/3_glass4_seed-2_20260502_234057/iterated_local_search/run_1_worker_6/ils_config_2738998000721329484.prm
[INFO]:[23:41:07] CPLEX results. Gap: 48.080000, upper bound: 1733350981.666877, lower bound: 900004529.587980
[INFO]:[23:41:07] Writing MIP start file: /scratch/yorig/mpils-results-grid-seconds-5/easy/8proc/seed-2/3_glass4_seed-2_20260502_234057/iterated_local_search/run_1_worker_6/mip_starts/mip_start_eval_2_config_2738998000721329484.mst
[INFO]:[23:41:07] CPLEX solver finished. Gap: 48.080000
[INFO]:[23:41:07] Starting CPLEX solver on instance: /home/yorig/tuner/mpils-tests/instances/miplib/easy/glass4.mps with config: /scratch/yorig/mpils-results-grid-seconds-5/easy/8proc/seed-2/3_glass4_seed-2_20260502_234057/iterated_local_search/run_1_worker_6/ils_config_18336645636746358870.prm
[INFO]:[23:41:07] Starting CPLEX solver on instance: /home/yorig/tuner/mpils-tests/instances/miplib/easy/glass4.mps with config: /scratch/yorig/mpils-results-grid-seconds-5/easy/8proc/seed-2/3_glass4_seed-2_20260502_234057/iterated_local_search/run_1_worker_6/ils_config_18336645636746358870.prm
[INFO]:[23:41:12] CPLEX results. Gap: 39.560000, upper bound: 1800015100.000000, lower bound: 1087982067.659002
[INFO]:[23:41:13] CPLEX solver finished. Gap: 39.560000
[INFO]:[23:41:13] Starting CPLEX solver on instance: /home/yorig/tuner/mpils-tests/instances/miplib/easy/glass4.mps with config: /scratch/yorig/mpils-results-grid-seconds-5/easy/8proc/seed-2/3_glass4_seed-2_20260502_234057/iterated_local_search/run_1_worker_6/ils_config_10430870351543335230.prm
[INFO]:[23:41:13] Starting CPLEX solver on instance: /home/yorig/tuner/mpils-tests/instances/miplib/easy/glass4.mps with config: /scratch/yorig/mpils-results-grid-seconds-5/easy/8proc/seed-2/3_glass4_seed-2_20260502_234057/iterated_local_search/run_1_worker_6/ils_config_10430870351543335230.prm
[INFO]:[23:41:18] CPLEX results. Gap: 45.760000, upper bound: 1475012175.000000, lower bound: 800005260.327360
[INFO]:[23:41:18] Writing MIP start file: /scratch/yorig/mpils-results-grid-seconds-5/easy/8proc/seed-2/3_glass4_seed-2_20260502_234057/iterated_local_search/run_1_worker_6/mip_starts/mip_start_eval_4_config_10430870351543335230.mst
[INFO]:[23:41:18] CPLEX solver finished. Gap: 45.760000
[INFO]:[23:41:18] Starting CPLEX solver on instance: /home/yorig/tuner/mpils-tests/instances/miplib/easy/glass4.mps with config: /scratch/yorig/mpils-results-grid-seconds-5/easy/8proc/seed-2/3_glass4_seed-2_20260502_234057/iterated_local_search/run_1_worker_6/ils_config_5067090313668998178.prm
[INFO]:[23:41:18] Starting CPLEX solver on instance: /home/yorig/tuner/mpils-tests/instances/miplib/easy/glass4.mps with config: /scratch/yorig/mpils-results-grid-seconds-5/easy/8proc/seed-2/3_glass4_seed-2_20260502_234057/iterated_local_search/run_1_worker_6/ils_config_5067090313668998178.prm
[INFO]:[23:41:23] CPLEX results. Gap: 39.650000, upper bound: 1800015100.000000, lower bound: 1086365637.998491
[INFO]:[23:41:23] CPLEX solver finished. Gap: 39.650000
[INFO]:[23:41:23] Starting CPLEX solver on instance: /home/yorig/tuner/mpils-tests/instances/miplib/easy/glass4.mps with config: /scratch/yorig/mpils-results-grid-seconds-5/easy/8proc/seed-2/3_glass4_seed-2_20260502_234057/iterated_local_search/run_1_worker_6/ils_config_9349324400397823569.prm
[INFO]:[23:41:23] Starting CPLEX solver on instance: /home/yorig/tuner/mpils-tests/instances/miplib/easy/glass4.mps with config: /scratch/yorig/mpils-results-grid-seconds-5/easy/8proc/seed-2/3_glass4_seed-2_20260502_234057/iterated_local_search/run_1_worker_6/ils_config_9349324400397823569.prm
[INFO]:[23:41:28] CPLEX results. Gap: 52.720000, upper bound: 1800014900.000000, lower bound: 851084508.878141
[INFO]:[23:41:28] CPLEX solver finished. Gap: 52.720000
[INFO]:[23:41:28] Starting CPLEX solver on instance: /home/yorig/tuner/mpils-tests/instances/miplib/easy/glass4.mps with config: /scratch/yorig/mpils-results-grid-seconds-5/easy/8proc/seed-2/3_glass4_seed-2_20260502_234057/iterated_local_search/run_1_worker_6/ils_config_6555934235744962847.prm
[INFO]:[23:41:28] Starting CPLEX solver on instance: /home/yorig/tuner/mpils-tests/instances/miplib/easy/glass4.mps with config: /scratch/yorig/mpils-results-grid-seconds-5/easy/8proc/seed-2/3_glass4_seed-2_20260502_234057/iterated_local_search/run_1_worker_6/ils_config_6555934235744962847.prm
[INFO]:[23:41:33] CPLEX results. Gap: 43.770000, upper bound: 1683347016.666667, lower bound: 946518115.446046
[INFO]:[23:41:33] CPLEX solver finished. Gap: 43.770000
[INFO]:[23:41:33] Starting CPLEX solver on instance: /home/yorig/tuner/mpils-tests/instances/miplib/easy/glass4.mps with config: /scratch/yorig/mpils-results-grid-seconds-5/easy/8proc/seed-2/3_glass4_seed-2_20260502_234057/iterated_local_search/run_1_worker_6/ils_config_14273922129375939757.prm
[INFO]:[23:41:33] Starting CPLEX solver on instance: /home/yorig/tuner/mpils-tests/instances/miplib/easy/glass4.mps with config: /scratch/yorig/mpils-results-grid-seconds-5/easy/8proc/seed-2/3_glass4_seed-2_20260502_234057/iterated_local_search/run_1_worker_6/ils_config_14273922129375939757.prm
[INFO]:[23:41:38] CPLEX results. Gap: 38.240000, upper bound: 1700014999.999000, lower bound: 1050007866.555489
[INFO]:[23:41:38] CPLEX solver finished. Gap: 38.240000
[INFO]:[23:41:38] New incumbent found with objective value: 38.24
[INFO]:[23:41:38] Starting CPLEX solver on instance: /home/yorig/tuner/mpils-tests/instances/miplib/easy/glass4.mps with config: /scratch/yorig/mpils-results-grid-seconds-5/easy/8proc/seed-2/3_glass4_seed-2_20260502_234057/iterated_local_search/run_1_worker_6/ils_config_6356203243796477916.prm
[INFO]:[23:41:38] Starting CPLEX solver on instance: /home/yorig/tuner/mpils-tests/instances/miplib/easy/glass4.mps with config: /scratch/yorig/mpils-results-grid-seconds-5/easy/8proc/seed-2/3_glass4_seed-2_20260502_234057/iterated_local_search/run_1_worker_6/ils_config_6356203243796477916.prm
[INFO]:[23:41:43] CPLEX results. Gap: 51.350000, upper bound: 1850015950.000000, lower bound: 900006043.964695
[INFO]:[23:41:43] CPLEX solver finished. Gap: 51.350000
[INFO]:[23:41:43] Starting CPLEX solver on instance: /home/yorig/tuner/mpils-tests/instances/miplib/easy/glass4.mps with config: /scratch/yorig/mpils-results-grid-seconds-5/easy/8proc/seed-2/3_glass4_seed-2_20260502_234057/iterated_local_search/run_1_worker_6/ils_config_8679814626414845094.prm
[INFO]:[23:41:43] Starting CPLEX solver on instance: /home/yorig/tuner/mpils-tests/instances/miplib/easy/glass4.mps with config: /scratch/yorig/mpils-results-grid-seconds-5/easy/8proc/seed-2/3_glass4_seed-2_20260502_234057/iterated_local_search/run_1_worker_6/ils_config_8679814626414845094.prm
[INFO]:[23:41:48] CPLEX results. Gap: 42.280000, upper bound: 1714300442.857141, lower bound: 989558441.932408
[INFO]:[23:41:48] CPLEX solver finished. Gap: 42.280000
[INFO]:[23:41:48] Starting CPLEX solver on instance: /home/yorig/tuner/mpils-tests/instances/miplib/easy/glass4.mps with config: /scratch/yorig/mpils-results-grid-seconds-5/easy/8proc/seed-2/3_glass4_seed-2_20260502_234057/iterated_local_search/run_1_worker_6/ils_config_17736753210602628006.prm
[INFO]:[23:41:48] Starting CPLEX solver on instance: /home/yorig/tuner/mpils-tests/instances/miplib/easy/glass4.mps with config: /scratch/yorig/mpils-results-grid-seconds-5/easy/8proc/seed-2/3_glass4_seed-2_20260502_234057/iterated_local_search/run_1_worker_6/ils_config_17736753210602628006.prm
[INFO]:[23:41:53] CPLEX results. Gap: 45.410000, upper bound: 1587515737.500000, lower bound: 866671960.344650
[INFO]:[23:41:53] CPLEX solver finished. Gap: 45.410000
[INFO]:[23:41:53] Starting CPLEX solver on instance: /home/yorig/tuner/mpils-tests/instances/miplib/easy/glass4.mps with config: /scratch/yorig/mpils-results-grid-seconds-5/easy/8proc/seed-2/3_glass4_seed-2_20260502_234057/iterated_local_search/run_1_worker_6/ils_config_15818903602004426467.prm
[INFO]:[23:41:53] Starting CPLEX solver on instance: /home/yorig/tuner/mpils-tests/instances/miplib/easy/glass4.mps with config: /scratch/yorig/mpils-results-grid-seconds-5/easy/8proc/seed-2/3_glass4_seed-2_20260502_234057/iterated_local_search/run_1_worker_6/ils_config_15818903602004426467.prm
[INFO]:[23:41:58] CPLEX results. Gap: 46.000000, upper bound: 1700014700.000000, lower bound: 918007363.302428
[INFO]:[23:41:58] CPLEX solver finished. Gap: 46.000000
[INFO]:[23:41:58] Starting CPLEX solver on instance: /home/yorig/tuner/mpils-tests/instances/miplib/easy/glass4.mps with config: /scratch/yorig/mpils-results-grid-seconds-5/easy/8proc/seed-2/3_glass4_seed-2_20260502_234057/iterated_local_search/run_1_worker_6/ils_config_7723025278714052939.prm
[INFO]:[23:41:58] Starting CPLEX solver on instance: /home/yorig/tuner/mpils-tests/instances/miplib/easy/glass4.mps with config: /scratch/yorig/mpils-results-grid-seconds-5/easy/8proc/seed-2/3_glass4_seed-2_20260502_234057/iterated_local_search/run_1_worker_6/ils_config_7723025278714052939.prm
[INFO]:[23:42:03] CPLEX results. Gap: 46.450000, upper bound: 1866681866.666667, lower bound: 999532660.213210
[INFO]:[23:42:03] CPLEX solver finished. Gap: 46.450000
[INFO]:[23:42:03] Starting CPLEX solver on instance: /home/yorig/tuner/mpils-tests/instances/miplib/easy/glass4.mps with config: /scratch/yorig/mpils-results-grid-seconds-5/easy/8proc/seed-2/3_glass4_seed-2_20260502_234057/iterated_local_search/run_1_worker_6/ils_config_14288839546668682172.prm
[INFO]:[23:42:03] Starting CPLEX solver on instance: /home/yorig/tuner/mpils-tests/instances/miplib/easy/glass4.mps with config: /scratch/yorig/mpils-results-grid-seconds-5/easy/8proc/seed-2/3_glass4_seed-2_20260502_234057/iterated_local_search/run_1_worker_6/ils_config_14288839546668682172.prm
[INFO]:[23:42:08] CPLEX results. Gap: 30.000000, upper bound: 1500013400.000000, lower bound: 1050008435.147356
[INFO]:[23:42:08] CPLEX solver finished. Gap: 30.000000
[INFO]:[23:42:08] New incumbent found with objective value: 30
[INFO]:[23:42:08] Starting CPLEX solver on instance: /home/yorig/tuner/mpils-tests/instances/miplib/easy/glass4.mps with config: /scratch/yorig/mpils-results-grid-seconds-5/easy/8proc/seed-2/3_glass4_seed-2_20260502_234057/iterated_local_search/run_1_worker_6/ils_config_12593859216433791425.prm
[INFO]:[23:42:08] Starting CPLEX solver on instance: /home/yorig/tuner/mpils-tests/instances/miplib/easy/glass4.mps with config: /scratch/yorig/mpils-results-grid-seconds-5/easy/8proc/seed-2/3_glass4_seed-2_20260502_234057/iterated_local_search/run_1_worker_6/ils_config_12593859216433791425.prm
[INFO]:[23:42:13] CPLEX results. Gap: 39.390000, upper bound: 1650014850.000000, lower bound: 1000007523.811515
[INFO]:[23:42:13] CPLEX solver finished. Gap: 39.390000
[INFO]:[23:42:13] Starting CPLEX solver on instance: /home/yorig/tuner/mpils-tests/instances/miplib/easy/glass4.mps with config: /scratch/yorig/mpils-results-grid-seconds-5/easy/8proc/seed-2/3_glass4_seed-2_20260502_234057/iterated_local_search/run_1_worker_6/ils_config_10241603277130841863.prm
[INFO]:[23:42:13] Starting CPLEX solver on instance: /home/yorig/tuner/mpils-tests/instances/miplib/easy/glass4.mps with config: /scratch/yorig/mpils-results-grid-seconds-5/easy/8proc/seed-2/3_glass4_seed-2_20260502_234057/iterated_local_search/run_1_worker_6/ils_config_10241603277130841863.prm
[INFO]:[23:42:18] CPLEX results. Gap: 36.760000, upper bound: 1600015250.000000, lower bound: 1011851423.272358
[INFO]:[23:42:18] CPLEX solver finished. Gap: 36.760000
[INFO]:[23:42:18] Starting CPLEX solver on instance: /home/yorig/tuner/mpils-tests/instances/miplib/easy/glass4.mps with config: /scratch/yorig/mpils-results-grid-seconds-5/easy/8proc/seed-2/3_glass4_seed-2_20260502_234057/iterated_local_search/run_1_worker_6/ils_config_13016700551965605599.prm
[INFO]:[23:42:18] Starting CPLEX solver on instance: /home/yorig/tuner/mpils-tests/instances/miplib/easy/glass4.mps with config: /scratch/yorig/mpils-results-grid-seconds-5/easy/8proc/seed-2/3_glass4_seed-2_20260502_234057/iterated_local_search/run_1_worker_6/ils_config_13016700551965605599.prm
[INFO]:[23:42:23] CPLEX results. Gap: 30.000000, upper bound: 1500013400.000000, lower bound: 1050008435.147356
[INFO]:[23:42:23] CPLEX solver finished. Gap: 30.000000
[INFO]:[23:42:23] Starting CPLEX solver on instance: /home/yorig/tuner/mpils-tests/instances/miplib/easy/glass4.mps with config: /scratch/yorig/mpils-results-grid-seconds-5/easy/8proc/seed-2/3_glass4_seed-2_20260502_234057/iterated_local_search/run_1_worker_6/ils_config_14491238395245832876.prm
[INFO]:[23:42:23] Starting CPLEX solver on instance: /home/yorig/tuner/mpils-tests/instances/miplib/easy/glass4.mps with config: /scratch/yorig/mpils-results-grid-seconds-5/easy/8proc/seed-2/3_glass4_seed-2_20260502_234057/iterated_local_search/run_1_worker_6/ils_config_14491238395245832876.prm
[INFO]:[23:42:28] CPLEX results. Gap: 30.000000, upper bound: 1500013400.000000, lower bound: 1050008435.147356
[INFO]:[23:42:28] CPLEX solver finished. Gap: 30.000000
[INFO]:[23:42:28] Starting CPLEX solver on instance: /home/yorig/tuner/mpils-tests/instances/miplib/easy/glass4.mps with config: /scratch/yorig/mpils-results-grid-seconds-5/easy/8proc/seed-2/3_glass4_seed-2_20260502_234057/iterated_local_search/run_1_worker_6/ils_config_6311914839154168683.prm
[INFO]:[23:42:28] Starting CPLEX solver on instance: /home/yorig/tuner/mpils-tests/instances/miplib/easy/glass4.mps with config: /scratch/yorig/mpils-results-grid-seconds-5/easy/8proc/seed-2/3_glass4_seed-2_20260502_234057/iterated_local_search/run_1_worker_6/ils_config_6311914839154168683.prm
[INFO]:[23:42:33] CPLEX results. Gap: 30.000000, upper bound: 1500013400.000000, lower bound: 1050008435.147356
[INFO]:[23:42:33] CPLEX solver finished. Gap: 30.000000
[INFO]:[23:42:33] Starting CPLEX solver on instance: /home/yorig/tuner/mpils-tests/instances/miplib/easy/glass4.mps with config: /scratch/yorig/mpils-results-grid-seconds-5/easy/8proc/seed-2/3_glass4_seed-2_20260502_234057/iterated_local_search/run_1_worker_6/ils_config_3804402013572454490.prm
[INFO]:[23:42:33] Starting CPLEX solver on instance: /home/yorig/tuner/mpils-tests/instances/miplib/easy/glass4.mps with config: /scratch/yorig/mpils-results-grid-seconds-5/easy/8proc/seed-2/3_glass4_seed-2_20260502_234057/iterated_local_search/run_1_worker_6/ils_config_3804402013572454490.prm
[INFO]:[23:42:38] CPLEX results. Gap: 30.000000, upper bound: 1500013400.000000, lower bound: 1050008435.147356
[INFO]:[23:42:38] CPLEX solver finished. Gap: 30.000000
[INFO]:[23:42:38] Local search phase completed.
[INFO]:[23:42:38] Total number of new local-search evaluations: 20
[INFO]:[23:42:38] Final incumbent objective value: 30
[INFO]:[23:42:38] Worker 6 completed exploration phase.
[INFO]:[23:42:38] Worker 6 received order for step 2.
[INFO]:[23:42:38] Worker 6 running expansion phase for iteration 1.
[INFO]:[23:42:38] Worker 6 will use solver log file: /scratch/yorig/mpils-results-grid-seconds-5/easy/8proc/seed-2/3_glass4_seed-2_20260502_234057/solver/cplex.log_iteration_expansion_1_worker_6
[INFO]:[23:42:38] Expansion Worker 6 starting expansion for iteration 1.
[INFO]:[23:42:38] Starting CPLEX solver on instance: /home/yorig/tuner/mpils-tests/instances/miplib/easy/glass4.mps with config: /scratch/yorig/mpils-results-grid-seconds-5/easy/8proc/seed-2/3_glass4_seed-2_20260502_234057/expansion/config_param_CPXPARAM_MIP_Strategy_BBInterval_4_iter_1.prm
[INFO]:[23:42:40] CPLEX results. Gap: 0.010000, upper bound: 1200012600.000000, lower bound: 1199895655.623436
[INFO]:[23:42:40] CPLEX solver finished. Gap: 0.010000
[INFO]:[23:42:43] Starting CPLEX solver on instance: /home/yorig/tuner/mpils-tests/instances/miplib/easy/glass4.mps with config: /scratch/yorig/mpils-results-grid-seconds-5/easy/8proc/seed-2/3_glass4_seed-2_20260502_234057/expansion/config_param_CPXPARAM_MIP_Strategy_BBInterval_5_iter_1.prm
[INFO]:[23:42:45] CPLEX results. Gap: 0.010000, upper bound: 1200012600.000000, lower bound: 1199895655.623436
[INFO]:[23:42:45] CPLEX solver finished. Gap: 0.010000
[INFO]:[23:42:48] Starting CPLEX solver on instance: /home/yorig/tuner/mpils-tests/instances/miplib/easy/glass4.mps with config: /scratch/yorig/mpils-results-grid-seconds-5/easy/8proc/seed-2/3_glass4_seed-2_20260502_234057/expansion/config_param_CPXPARAM_MIP_Strategy_BBInterval_10_iter_1.prm
[INFO]:[23:42:50] CPLEX results. Gap: 0.010000, upper bound: 1200012600.000000, lower bound: 1199895655.623436
[INFO]:[23:42:50] CPLEX solver finished. Gap: 0.010000
[INFO]:[23:42:53] Starting CPLEX solver on instance: /home/yorig/tuner/mpils-tests/instances/miplib/easy/glass4.mps with config: /scratch/yorig/mpils-results-grid-seconds-5/easy/8proc/seed-2/3_glass4_seed-2_20260502_234057/expansion/config_param_CPXPARAM_MIP_Strategy_BBInterval_15_iter_1.prm
[INFO]:[23:42:55] CPLEX results. Gap: 0.010000, upper bound: 1200012600.000000, lower bound: 1199895655.623436
[INFO]:[23:42:55] CPLEX solver finished. Gap: 0.010000
[INFO]:[23:42:58] Starting CPLEX solver on instance: /home/yorig/tuner/mpils-tests/instances/miplib/easy/glass4.mps with config: /scratch/yorig/mpils-results-grid-seconds-5/easy/8proc/seed-2/3_glass4_seed-2_20260502_234057/expansion/config_param_CPXPARAM_MIP_Strategy_BBInterval_30_iter_1.prm
[INFO]:[23:43:00] CPLEX results. Gap: 0.010000, upper bound: 1200012600.000000, lower bound: 1199895655.623436
[INFO]:[23:43:00] CPLEX solver finished. Gap: 0.010000
[INFO]:[23:43:03] Starting CPLEX solver on instance: /home/yorig/tuner/mpils-tests/instances/miplib/easy/glass4.mps with config: /scratch/yorig/mpils-results-grid-seconds-5/easy/8proc/seed-2/3_glass4_seed-2_20260502_234057/expansion/config_param_CPXPARAM_MIP_Strategy_Branch_-1_iter_1.prm
[INFO]:[23:43:08] CPLEX results. Gap: 49.740000, upper bound: 1600015750.000000, lower bound: 804193854.143918
[INFO]:[23:43:08] CPLEX solver finished. Gap: 49.740000
[INFO]:[23:43:13] Expansion Worker 6 completed expansion.
[INFO]:[23:43:13] Worker 6 completed expansion phase.
[INFO]:[23:43:13] Worker 6 received order for step 1.
[INFO]:[23:43:13] Worker 6 running exploration phase for iteration 2.
[INFO]:[23:43:13] Worker 6 at iteration 2 will not use a MIP start file. Current best MIP-start upper bound threshold is 1.20001e+09.
[INFO]:[23:43:13] Starting local search phase...
[INFO]:[23:43:13] Creating local search space from parameter space file: /scratch/yorig/mpils-results-grid-seconds-5/easy/8proc/seed-2/3_glass4_seed-2_20260502_234057/iterated_local_search/search_space/search_space_file_2_worker_6.txt
[INFO]:[23:43:13] Local search space loaded from file: /scratch/yorig/mpils-results-grid-seconds-5/easy/8proc/seed-2/3_glass4_seed-2_20260502_234057/iterated_local_search/search_space/search_space_file_2_worker_6.txt
[INFO]:[23:43:13] Number of parameters in local search space: 71
[INFO]:[23:43:13] Number of forbidden tuples in local search space: 9
[INFO]:[23:43:13] Number of conditionals in local search space: 6
[INFO]:[23:43:13] MIP start option not enabled. Local search will proceed without MIP start.
[INFO]:[23:43:13] Evaluating initial configuration for local search phase...
[INFO]:[23:43:13] Starting CPLEX solver on instance: /home/yorig/tuner/mpils-tests/instances/miplib/easy/glass4.mps with config: /scratch/yorig/mpils-results-grid-seconds-5/easy/8proc/seed-2/3_glass4_seed-2_20260502_234057/iterated_local_search/run_2_worker_6/ils_config_5271058724408487803.prm
[INFO]:[23:43:13] Starting CPLEX solver on instance: /home/yorig/tuner/mpils-tests/instances/miplib/easy/glass4.mps with config: /scratch/yorig/mpils-results-grid-seconds-5/easy/8proc/seed-2/3_glass4_seed-2_20260502_234057/iterated_local_search/run_2_worker_6/ils_config_5271058724408487803.prm
[INFO]:[23:43:18] CPLEX results. Gap: 48.220000, upper bound: 1600014300.000000, lower bound: 828461290.772667
[INFO]:[23:43:18] CPLEX solver finished. Gap: 48.220000
[INFO]:[23:43:18] Initial configuration evaluated with objective value: 48.22
[INFO]:[23:43:18] Received global ILS stop signal from rank 1.
[INFO]:[23:43:18] Local search phase completed.
[INFO]:[23:43:18] Total number of new local-search evaluations: 1
[INFO]:[23:43:18] Final incumbent objective value: 48.22
[INFO]:[23:43:23] Worker 6 completed exploration phase.
[INFO]:[23:43:23] Worker 6 received order for step 3.
[INFO]:[23:43:23] Worker 6 finished.
