[INFO]:[01:42:27] Worker 1 starting.
[INFO]:[01:42:27] Worker 1 received order for step 1.
[INFO]:[01:42:27] Worker 1 running exploration phase for iteration 1.
[INFO]:[01:42:27] Current MIP start info file not found: /scratch/yorig/mpils-results-grid-seconds-5-no-mip-start/easy/4proc/seed-4/9_supportcase18_seed-4_20260503_014226/iterated_local_search/mip_start/current_mip_start_1.txt
[INFO]:[01:42:27] Worker 1 at iteration 1 will not use a MIP start file. Current best MIP-start upper bound threshold is 1.79769e+308.
[INFO]:[01:42:27] Starting local search phase...
[INFO]:[01:42:27] Creating local search space from parameter space file: /scratch/yorig/mpils-results-grid-seconds-5-no-mip-start/easy/4proc/seed-4/9_supportcase18_seed-4_20260503_014226/iterated_local_search/search_space/search_space_file_1_worker_1.txt
[INFO]:[01:42:27] Local search space loaded from file: /scratch/yorig/mpils-results-grid-seconds-5-no-mip-start/easy/4proc/seed-4/9_supportcase18_seed-4_20260503_014226/iterated_local_search/search_space/search_space_file_1_worker_1.txt
[INFO]:[01:42:27] Number of parameters in local search space: 71
[INFO]:[01:42:27] Number of forbidden tuples in local search space: 0
[INFO]:[01:42:27] Number of conditionals in local search space: 6
[INFO]:[01:42:27] MIP start option not enabled. Local search will proceed without MIP start.
[INFO]:[01:42:27] Evaluating initial configuration for local search phase...
[INFO]:[01:42:27] Starting CPLEX solver on instance: /home/yorig/tuner/mpils-tests/instances/miplib/easy/supportcase18.mps with config: /scratch/yorig/mpils-results-grid-seconds-5-no-mip-start/easy/4proc/seed-4/9_supportcase18_seed-4_20260503_014226/iterated_local_search/run_1_worker_1/ils_config_6439873165248256756.prm
[INFO]:[01:42:27] Starting CPLEX solver on instance: /home/yorig/tuner/mpils-tests/instances/miplib/easy/supportcase18.mps with config: /scratch/yorig/mpils-results-grid-seconds-5-no-mip-start/easy/4proc/seed-4/9_supportcase18_seed-4_20260503_014226/iterated_local_search/run_1_worker_1/ils_config_6439873165248256756.prm
[INFO]:[01:42:32] CPLEX results. Gap: 5.630000, upper bound: 50.000000, lower bound: 47.186667
[INFO]:[01:42:32] Writing MIP start file: /scratch/yorig/mpils-results-grid-seconds-5-no-mip-start/easy/4proc/seed-4/9_supportcase18_seed-4_20260503_014226/iterated_local_search/run_1_worker_1/mip_starts/mip_start_eval_1_config_6439873165248256756.mst
[INFO]:[01:42:32] CPLEX solver finished. Gap: 5.630000
[INFO]:[01:42:32] Initial configuration evaluated with objective value: 5.63
[INFO]:[01:42:32] Starting CPLEX solver on instance: /home/yorig/tuner/mpils-tests/instances/miplib/easy/supportcase18.mps with config: /scratch/yorig/mpils-results-grid-seconds-5-no-mip-start/easy/4proc/seed-4/9_supportcase18_seed-4_20260503_014226/iterated_local_search/run_1_worker_1/ils_config_11255561039145532449.prm
[INFO]:[01:42:32] Starting CPLEX solver on instance: /home/yorig/tuner/mpils-tests/instances/miplib/easy/supportcase18.mps with config: /scratch/yorig/mpils-results-grid-seconds-5-no-mip-start/easy/4proc/seed-4/9_supportcase18_seed-4_20260503_014226/iterated_local_search/run_1_worker_1/ils_config_11255561039145532449.prm
[INFO]:[01:42:37] CPLEX results. Gap: 5.630000, upper bound: 50.000000, lower bound: 47.186667
[INFO]:[01:42:37] CPLEX solver finished. Gap: 5.630000
[INFO]:[01:42:37] Starting CPLEX solver on instance: /home/yorig/tuner/mpils-tests/instances/miplib/easy/supportcase18.mps with config: /scratch/yorig/mpils-results-grid-seconds-5-no-mip-start/easy/4proc/seed-4/9_supportcase18_seed-4_20260503_014226/iterated_local_search/run_1_worker_1/ils_config_16491404846762771235.prm
[INFO]:[01:42:37] Starting CPLEX solver on instance: /home/yorig/tuner/mpils-tests/instances/miplib/easy/supportcase18.mps with config: /scratch/yorig/mpils-results-grid-seconds-5-no-mip-start/easy/4proc/seed-4/9_supportcase18_seed-4_20260503_014226/iterated_local_search/run_1_worker_1/ils_config_16491404846762771235.prm
[INFO]:[01:42:42] CPLEX results. Gap: 3.700000, upper bound: 49.000000, lower bound: 47.186667
[INFO]:[01:42:42] Writing MIP start file: /scratch/yorig/mpils-results-grid-seconds-5-no-mip-start/easy/4proc/seed-4/9_supportcase18_seed-4_20260503_014226/iterated_local_search/run_1_worker_1/mip_starts/mip_start_eval_3_config_16491404846762771235.mst
[INFO]:[01:42:42] CPLEX solver finished. Gap: 3.700000
[INFO]:[01:42:42] New incumbent found with objective value: 3.7
[INFO]:[01:42:42] Starting CPLEX solver on instance: /home/yorig/tuner/mpils-tests/instances/miplib/easy/supportcase18.mps with config: /scratch/yorig/mpils-results-grid-seconds-5-no-mip-start/easy/4proc/seed-4/9_supportcase18_seed-4_20260503_014226/iterated_local_search/run_1_worker_1/ils_config_4569552427967643073.prm
[INFO]:[01:42:42] Starting CPLEX solver on instance: /home/yorig/tuner/mpils-tests/instances/miplib/easy/supportcase18.mps with config: /scratch/yorig/mpils-results-grid-seconds-5-no-mip-start/easy/4proc/seed-4/9_supportcase18_seed-4_20260503_014226/iterated_local_search/run_1_worker_1/ils_config_4569552427967643073.prm
[INFO]:[01:42:47] CPLEX results. Gap: 3.700000, upper bound: 49.000000, lower bound: 47.186667
[INFO]:[01:42:47] CPLEX solver finished. Gap: 3.700000
[INFO]:[01:42:47] Starting CPLEX solver on instance: /home/yorig/tuner/mpils-tests/instances/miplib/easy/supportcase18.mps with config: /scratch/yorig/mpils-results-grid-seconds-5-no-mip-start/easy/4proc/seed-4/9_supportcase18_seed-4_20260503_014226/iterated_local_search/run_1_worker_1/ils_config_5212968674792936681.prm
[INFO]:[01:42:47] Starting CPLEX solver on instance: /home/yorig/tuner/mpils-tests/instances/miplib/easy/supportcase18.mps with config: /scratch/yorig/mpils-results-grid-seconds-5-no-mip-start/easy/4proc/seed-4/9_supportcase18_seed-4_20260503_014226/iterated_local_search/run_1_worker_1/ils_config_5212968674792936681.prm
[INFO]:[01:42:52] CPLEX results. Gap: 3.700000, upper bound: 49.000000, lower bound: 47.186667
[INFO]:[01:42:52] CPLEX solver finished. Gap: 3.700000
[INFO]:[01:42:52] Starting CPLEX solver on instance: /home/yorig/tuner/mpils-tests/instances/miplib/easy/supportcase18.mps with config: /scratch/yorig/mpils-results-grid-seconds-5-no-mip-start/easy/4proc/seed-4/9_supportcase18_seed-4_20260503_014226/iterated_local_search/run_1_worker_1/ils_config_8809107036824656699.prm
[INFO]:[01:42:52] Starting CPLEX solver on instance: /home/yorig/tuner/mpils-tests/instances/miplib/easy/supportcase18.mps with config: /scratch/yorig/mpils-results-grid-seconds-5-no-mip-start/easy/4proc/seed-4/9_supportcase18_seed-4_20260503_014226/iterated_local_search/run_1_worker_1/ils_config_8809107036824656699.prm
[INFO]:[01:42:57] CPLEX results. Gap: 3.700000, upper bound: 49.000000, lower bound: 47.186667
[INFO]:[01:42:57] CPLEX solver finished. Gap: 3.700000
[INFO]:[01:42:57] Starting CPLEX solver on instance: /home/yorig/tuner/mpils-tests/instances/miplib/easy/supportcase18.mps with config: /scratch/yorig/mpils-results-grid-seconds-5-no-mip-start/easy/4proc/seed-4/9_supportcase18_seed-4_20260503_014226/iterated_local_search/run_1_worker_1/ils_config_2124134745575245083.prm
[INFO]:[01:42:57] Starting CPLEX solver on instance: /home/yorig/tuner/mpils-tests/instances/miplib/easy/supportcase18.mps with config: /scratch/yorig/mpils-results-grid-seconds-5-no-mip-start/easy/4proc/seed-4/9_supportcase18_seed-4_20260503_014226/iterated_local_search/run_1_worker_1/ils_config_2124134745575245083.prm
[INFO]:[01:43:02] CPLEX results. Gap: 3.700000, upper bound: 49.000000, lower bound: 47.186667
[INFO]:[01:43:02] CPLEX solver finished. Gap: 3.700000
[INFO]:[01:43:02] Starting CPLEX solver on instance: /home/yorig/tuner/mpils-tests/instances/miplib/easy/supportcase18.mps with config: /scratch/yorig/mpils-results-grid-seconds-5-no-mip-start/easy/4proc/seed-4/9_supportcase18_seed-4_20260503_014226/iterated_local_search/run_1_worker_1/ils_config_5934070515384621107.prm
[INFO]:[01:43:02] Starting CPLEX solver on instance: /home/yorig/tuner/mpils-tests/instances/miplib/easy/supportcase18.mps with config: /scratch/yorig/mpils-results-grid-seconds-5-no-mip-start/easy/4proc/seed-4/9_supportcase18_seed-4_20260503_014226/iterated_local_search/run_1_worker_1/ils_config_5934070515384621107.prm
[INFO]:[01:43:07] CPLEX results. Gap: 3.700000, upper bound: 49.000000, lower bound: 47.186667
[INFO]:[01:43:07] CPLEX solver finished. Gap: 3.700000
[INFO]:[01:43:07] Starting CPLEX solver on instance: /home/yorig/tuner/mpils-tests/instances/miplib/easy/supportcase18.mps with config: /scratch/yorig/mpils-results-grid-seconds-5-no-mip-start/easy/4proc/seed-4/9_supportcase18_seed-4_20260503_014226/iterated_local_search/run_1_worker_1/ils_config_15783822686056472735.prm
[INFO]:[01:43:07] Starting CPLEX solver on instance: /home/yorig/tuner/mpils-tests/instances/miplib/easy/supportcase18.mps with config: /scratch/yorig/mpils-results-grid-seconds-5-no-mip-start/easy/4proc/seed-4/9_supportcase18_seed-4_20260503_014226/iterated_local_search/run_1_worker_1/ils_config_15783822686056472735.prm
[INFO]:[01:43:12] CPLEX results. Gap: 3.700000, upper bound: 49.000000, lower bound: 47.186667
[INFO]:[01:43:12] CPLEX solver finished. Gap: 3.700000
[INFO]:[01:43:12] Starting CPLEX solver on instance: /home/yorig/tuner/mpils-tests/instances/miplib/easy/supportcase18.mps with config: /scratch/yorig/mpils-results-grid-seconds-5-no-mip-start/easy/4proc/seed-4/9_supportcase18_seed-4_20260503_014226/iterated_local_search/run_1_worker_1/ils_config_8322809246514251266.prm
[INFO]:[01:43:12] Starting CPLEX solver on instance: /home/yorig/tuner/mpils-tests/instances/miplib/easy/supportcase18.mps with config: /scratch/yorig/mpils-results-grid-seconds-5-no-mip-start/easy/4proc/seed-4/9_supportcase18_seed-4_20260503_014226/iterated_local_search/run_1_worker_1/ils_config_8322809246514251266.prm
[INFO]:[01:43:17] CPLEX results. Gap: 3.700000, upper bound: 49.000000, lower bound: 47.186667
[INFO]:[01:43:17] CPLEX solver finished. Gap: 3.700000
[INFO]:[01:43:17] Starting CPLEX solver on instance: /home/yorig/tuner/mpils-tests/instances/miplib/easy/supportcase18.mps with config: /scratch/yorig/mpils-results-grid-seconds-5-no-mip-start/easy/4proc/seed-4/9_supportcase18_seed-4_20260503_014226/iterated_local_search/run_1_worker_1/ils_config_4349841698254037706.prm
[INFO]:[01:43:17] Starting CPLEX solver on instance: /home/yorig/tuner/mpils-tests/instances/miplib/easy/supportcase18.mps with config: /scratch/yorig/mpils-results-grid-seconds-5-no-mip-start/easy/4proc/seed-4/9_supportcase18_seed-4_20260503_014226/iterated_local_search/run_1_worker_1/ils_config_4349841698254037706.prm
[INFO]:[01:43:22] CPLEX results. Gap: 3.700000, upper bound: 49.000000, lower bound: 47.186667
[INFO]:[01:43:22] CPLEX solver finished. Gap: 3.700000
[INFO]:[01:43:22] Starting CPLEX solver on instance: /home/yorig/tuner/mpils-tests/instances/miplib/easy/supportcase18.mps with config: /scratch/yorig/mpils-results-grid-seconds-5-no-mip-start/easy/4proc/seed-4/9_supportcase18_seed-4_20260503_014226/iterated_local_search/run_1_worker_1/ils_config_2929577956582896675.prm
[INFO]:[01:43:22] Starting CPLEX solver on instance: /home/yorig/tuner/mpils-tests/instances/miplib/easy/supportcase18.mps with config: /scratch/yorig/mpils-results-grid-seconds-5-no-mip-start/easy/4proc/seed-4/9_supportcase18_seed-4_20260503_014226/iterated_local_search/run_1_worker_1/ils_config_2929577956582896675.prm
[INFO]:[01:43:27] CPLEX results. Gap: 3.700000, upper bound: 49.000000, lower bound: 47.186667
[INFO]:[01:43:27] CPLEX solver finished. Gap: 3.700000
[INFO]:[01:43:27] Starting CPLEX solver on instance: /home/yorig/tuner/mpils-tests/instances/miplib/easy/supportcase18.mps with config: /scratch/yorig/mpils-results-grid-seconds-5-no-mip-start/easy/4proc/seed-4/9_supportcase18_seed-4_20260503_014226/iterated_local_search/run_1_worker_1/ils_config_10902920655245845871.prm
[INFO]:[01:43:27] Starting CPLEX solver on instance: /home/yorig/tuner/mpils-tests/instances/miplib/easy/supportcase18.mps with config: /scratch/yorig/mpils-results-grid-seconds-5-no-mip-start/easy/4proc/seed-4/9_supportcase18_seed-4_20260503_014226/iterated_local_search/run_1_worker_1/ils_config_10902920655245845871.prm
[INFO]:[01:43:32] CPLEX results. Gap: 3.700000, upper bound: 49.000000, lower bound: 47.186667
[INFO]:[01:43:32] CPLEX solver finished. Gap: 3.700000
[INFO]:[01:43:32] Starting CPLEX solver on instance: /home/yorig/tuner/mpils-tests/instances/miplib/easy/supportcase18.mps with config: /scratch/yorig/mpils-results-grid-seconds-5-no-mip-start/easy/4proc/seed-4/9_supportcase18_seed-4_20260503_014226/iterated_local_search/run_1_worker_1/ils_config_8910472572270854038.prm
[INFO]:[01:43:32] Starting CPLEX solver on instance: /home/yorig/tuner/mpils-tests/instances/miplib/easy/supportcase18.mps with config: /scratch/yorig/mpils-results-grid-seconds-5-no-mip-start/easy/4proc/seed-4/9_supportcase18_seed-4_20260503_014226/iterated_local_search/run_1_worker_1/ils_config_8910472572270854038.prm
[INFO]:[01:43:37] CPLEX results. Gap: 3.700000, upper bound: 49.000000, lower bound: 47.186667
[INFO]:[01:43:37] CPLEX solver finished. Gap: 3.700000
[INFO]:[01:43:37] Starting CPLEX solver on instance: /home/yorig/tuner/mpils-tests/instances/miplib/easy/supportcase18.mps with config: /scratch/yorig/mpils-results-grid-seconds-5-no-mip-start/easy/4proc/seed-4/9_supportcase18_seed-4_20260503_014226/iterated_local_search/run_1_worker_1/ils_config_16867024972434311996.prm
[INFO]:[01:43:37] Starting CPLEX solver on instance: /home/yorig/tuner/mpils-tests/instances/miplib/easy/supportcase18.mps with config: /scratch/yorig/mpils-results-grid-seconds-5-no-mip-start/easy/4proc/seed-4/9_supportcase18_seed-4_20260503_014226/iterated_local_search/run_1_worker_1/ils_config_16867024972434311996.prm
[INFO]:[01:43:43] CPLEX results. Gap: 3.700000, upper bound: 49.000000, lower bound: 47.186667
[INFO]:[01:43:43] CPLEX solver finished. Gap: 3.700000
[INFO]:[01:43:43] Starting CPLEX solver on instance: /home/yorig/tuner/mpils-tests/instances/miplib/easy/supportcase18.mps with config: /scratch/yorig/mpils-results-grid-seconds-5-no-mip-start/easy/4proc/seed-4/9_supportcase18_seed-4_20260503_014226/iterated_local_search/run_1_worker_1/ils_config_17875557734324739600.prm
[INFO]:[01:43:43] Starting CPLEX solver on instance: /home/yorig/tuner/mpils-tests/instances/miplib/easy/supportcase18.mps with config: /scratch/yorig/mpils-results-grid-seconds-5-no-mip-start/easy/4proc/seed-4/9_supportcase18_seed-4_20260503_014226/iterated_local_search/run_1_worker_1/ils_config_17875557734324739600.prm
[INFO]:[01:43:48] CPLEX results. Gap: 3.700000, upper bound: 49.000000, lower bound: 47.186667
[INFO]:[01:43:48] CPLEX solver finished. Gap: 3.700000
[INFO]:[01:43:48] Starting CPLEX solver on instance: /home/yorig/tuner/mpils-tests/instances/miplib/easy/supportcase18.mps with config: /scratch/yorig/mpils-results-grid-seconds-5-no-mip-start/easy/4proc/seed-4/9_supportcase18_seed-4_20260503_014226/iterated_local_search/run_1_worker_1/ils_config_7291424432590047586.prm
[INFO]:[01:43:48] Starting CPLEX solver on instance: /home/yorig/tuner/mpils-tests/instances/miplib/easy/supportcase18.mps with config: /scratch/yorig/mpils-results-grid-seconds-5-no-mip-start/easy/4proc/seed-4/9_supportcase18_seed-4_20260503_014226/iterated_local_search/run_1_worker_1/ils_config_7291424432590047586.prm
[INFO]:[01:43:53] CPLEX results. Gap: 3.700000, upper bound: 49.000000, lower bound: 47.186667
[INFO]:[01:43:53] CPLEX solver finished. Gap: 3.700000
[INFO]:[01:43:53] Starting CPLEX solver on instance: /home/yorig/tuner/mpils-tests/instances/miplib/easy/supportcase18.mps with config: /scratch/yorig/mpils-results-grid-seconds-5-no-mip-start/easy/4proc/seed-4/9_supportcase18_seed-4_20260503_014226/iterated_local_search/run_1_worker_1/ils_config_6494857804253244111.prm
[INFO]:[01:43:53] Starting CPLEX solver on instance: /home/yorig/tuner/mpils-tests/instances/miplib/easy/supportcase18.mps with config: /scratch/yorig/mpils-results-grid-seconds-5-no-mip-start/easy/4proc/seed-4/9_supportcase18_seed-4_20260503_014226/iterated_local_search/run_1_worker_1/ils_config_6494857804253244111.prm
[INFO]:[01:43:58] CPLEX results. Gap: 3.700000, upper bound: 49.000000, lower bound: 47.186667
[INFO]:[01:43:58] CPLEX solver finished. Gap: 3.700000
[INFO]:[01:43:58] Starting CPLEX solver on instance: /home/yorig/tuner/mpils-tests/instances/miplib/easy/supportcase18.mps with config: /scratch/yorig/mpils-results-grid-seconds-5-no-mip-start/easy/4proc/seed-4/9_supportcase18_seed-4_20260503_014226/iterated_local_search/run_1_worker_1/ils_config_12999124212956322604.prm
[INFO]:[01:43:58] Starting CPLEX solver on instance: /home/yorig/tuner/mpils-tests/instances/miplib/easy/supportcase18.mps with config: /scratch/yorig/mpils-results-grid-seconds-5-no-mip-start/easy/4proc/seed-4/9_supportcase18_seed-4_20260503_014226/iterated_local_search/run_1_worker_1/ils_config_12999124212956322604.prm
[INFO]:[01:44:03] CPLEX results. Gap: 5.630000, upper bound: 50.000000, lower bound: 47.186667
[INFO]:[01:44:03] CPLEX solver finished. Gap: 5.630000
[INFO]:[01:44:03] Starting CPLEX solver on instance: /home/yorig/tuner/mpils-tests/instances/miplib/easy/supportcase18.mps with config: /scratch/yorig/mpils-results-grid-seconds-5-no-mip-start/easy/4proc/seed-4/9_supportcase18_seed-4_20260503_014226/iterated_local_search/run_1_worker_1/ils_config_2521595261559812639.prm
[INFO]:[01:44:03] Starting CPLEX solver on instance: /home/yorig/tuner/mpils-tests/instances/miplib/easy/supportcase18.mps with config: /scratch/yorig/mpils-results-grid-seconds-5-no-mip-start/easy/4proc/seed-4/9_supportcase18_seed-4_20260503_014226/iterated_local_search/run_1_worker_1/ils_config_2521595261559812639.prm
[INFO]:[01:44:08] CPLEX results. Gap: 3.700000, upper bound: 49.000000, lower bound: 47.186667
[INFO]:[01:44:08] CPLEX solver finished. Gap: 3.700000
[INFO]:[01:44:08] Local search phase completed.
[INFO]:[01:44:08] Total number of new local-search evaluations: 20
[INFO]:[01:44:08] Final incumbent objective value: 3.7
[INFO]:[01:44:08] Worker 1 completed exploration phase.
[INFO]:[01:44:08] Worker 1 received order for step 2.
[INFO]:[01:44:08] Worker 1 running expansion phase for iteration 1.
[INFO]:[01:44:08] Worker 1 will use solver log file: /scratch/yorig/mpils-results-grid-seconds-5-no-mip-start/easy/4proc/seed-4/9_supportcase18_seed-4_20260503_014226/solver/cplex.log_iteration_expansion_1_worker_1
[INFO]:[01:44:08] Expansion Worker 1 starting expansion for iteration 1.
[INFO]:[01:44:08] Starting CPLEX solver on instance: /home/yorig/tuner/mpils-tests/instances/miplib/easy/supportcase18.mps with config: /scratch/yorig/mpils-results-grid-seconds-5-no-mip-start/easy/4proc/seed-4/9_supportcase18_seed-4_20260503_014226/expansion/config_param_CPXPARAM_MIP_Strategy_NodeSelect_2_iter_1.prm
[INFO]:[01:44:13] CPLEX results. Gap: 3.700000, upper bound: 49.000000, lower bound: 47.186667
[INFO]:[01:44:13] CPLEX solver finished. Gap: 3.700000
[INFO]:[01:44:13] Starting CPLEX solver on instance: /home/yorig/tuner/mpils-tests/instances/miplib/easy/supportcase18.mps with config: /scratch/yorig/mpils-results-grid-seconds-5-no-mip-start/easy/4proc/seed-4/9_supportcase18_seed-4_20260503_014226/expansion/config_param_CPXPARAM_MIP_Strategy_NodeSelect_3_iter_1.prm
[INFO]:[01:44:18] CPLEX results. Gap: 3.700000, upper bound: 49.000000, lower bound: 47.186667
[INFO]:[01:44:18] CPLEX solver finished. Gap: 3.700000
[INFO]:[01:44:18] Starting CPLEX solver on instance: /home/yorig/tuner/mpils-tests/instances/miplib/easy/supportcase18.mps with config: /scratch/yorig/mpils-results-grid-seconds-5-no-mip-start/easy/4proc/seed-4/9_supportcase18_seed-4_20260503_014226/expansion/config_param_CPXPARAM_MIP_Strategy_Dive_1_iter_1.prm
[INFO]:[01:44:23] CPLEX results. Gap: 5.630000, upper bound: 50.000000, lower bound: 47.186667
[INFO]:[01:44:23] CPLEX solver finished. Gap: 5.630000
[INFO]:[01:44:23] Starting CPLEX solver on instance: /home/yorig/tuner/mpils-tests/instances/miplib/easy/supportcase18.mps with config: /scratch/yorig/mpils-results-grid-seconds-5-no-mip-start/easy/4proc/seed-4/9_supportcase18_seed-4_20260503_014226/expansion/config_param_CPXPARAM_MIP_Strategy_Dive_2_iter_1.prm
[INFO]:[01:44:28] CPLEX results. Gap: 5.630000, upper bound: 50.000000, lower bound: 47.186667
[INFO]:[01:44:28] CPLEX solver finished. Gap: 5.630000
[INFO]:[01:44:28] Starting CPLEX solver on instance: /home/yorig/tuner/mpils-tests/instances/miplib/easy/supportcase18.mps with config: /scratch/yorig/mpils-results-grid-seconds-5-no-mip-start/easy/4proc/seed-4/9_supportcase18_seed-4_20260503_014226/expansion/config_param_CPXPARAM_MIP_Strategy_Dive_3_iter_1.prm
[INFO]:[01:44:33] CPLEX results. Gap: 5.630000, upper bound: 50.000000, lower bound: 47.186667
[INFO]:[01:44:33] CPLEX solver finished. Gap: 5.630000
[INFO]:[01:44:33] Starting CPLEX solver on instance: /home/yorig/tuner/mpils-tests/instances/miplib/easy/supportcase18.mps with config: /scratch/yorig/mpils-results-grid-seconds-5-no-mip-start/easy/4proc/seed-4/9_supportcase18_seed-4_20260503_014226/expansion/config_param_CPXPARAM_MIP_Limits_ProbeTime_0_iter_1.prm
[INFO]:[01:44:38] CPLEX results. Gap: 3.700000, upper bound: 49.000000, lower bound: 47.186667
[INFO]:[01:44:38] CPLEX solver finished. Gap: 3.700000
[INFO]:[01:44:38] Starting CPLEX solver on instance: /home/yorig/tuner/mpils-tests/instances/miplib/easy/supportcase18.mps with config: /scratch/yorig/mpils-results-grid-seconds-5-no-mip-start/easy/4proc/seed-4/9_supportcase18_seed-4_20260503_014226/expansion/config_param_CPXPARAM_MIP_Limits_ProbeTime_1_iter_1.prm
[INFO]:[01:44:43] CPLEX results. Gap: 3.700000, upper bound: 49.000000, lower bound: 47.186667
[INFO]:[01:44:43] CPLEX solver finished. Gap: 3.700000
[INFO]:[01:44:43] Starting CPLEX solver on instance: /home/yorig/tuner/mpils-tests/instances/miplib/easy/supportcase18.mps with config: /scratch/yorig/mpils-results-grid-seconds-5-no-mip-start/easy/4proc/seed-4/9_supportcase18_seed-4_20260503_014226/expansion/config_param_CPXPARAM_MIP_Limits_ProbeTime_2_iter_1.prm
[INFO]:[01:44:48] CPLEX results. Gap: 3.700000, upper bound: 49.000000, lower bound: 47.186667
[INFO]:[01:44:48] CPLEX solver finished. Gap: 3.700000
[INFO]:[01:44:48] Starting CPLEX solver on instance: /home/yorig/tuner/mpils-tests/instances/miplib/easy/supportcase18.mps with config: /scratch/yorig/mpils-results-grid-seconds-5-no-mip-start/easy/4proc/seed-4/9_supportcase18_seed-4_20260503_014226/expansion/config_param_CPXPARAM_MIP_Limits_ProbeTime_5_iter_1.prm
[INFO]:[01:44:53] CPLEX results. Gap: 3.700000, upper bound: 49.000000, lower bound: 47.186667
[INFO]:[01:44:53] CPLEX solver finished. Gap: 3.700000
[INFO]:[01:44:53] Starting CPLEX solver on instance: /home/yorig/tuner/mpils-tests/instances/miplib/easy/supportcase18.mps with config: /scratch/yorig/mpils-results-grid-seconds-5-no-mip-start/easy/4proc/seed-4/9_supportcase18_seed-4_20260503_014226/expansion/config_param_CPXPARAM_MIP_Limits_ProbeTime_10_iter_1.prm
[INFO]:[01:44:58] CPLEX results. Gap: 3.700000, upper bound: 49.000000, lower bound: 47.186667
[INFO]:[01:44:58] CPLEX solver finished. Gap: 3.700000
[INFO]:[01:44:58] Starting CPLEX solver on instance: /home/yorig/tuner/mpils-tests/instances/miplib/easy/supportcase18.mps with config: /scratch/yorig/mpils-results-grid-seconds-5-no-mip-start/easy/4proc/seed-4/9_supportcase18_seed-4_20260503_014226/expansion/config_param_CPXPARAM_MIP_Limits_ProbeTime_20_iter_1.prm
[INFO]:[01:45:03] CPLEX results. Gap: 3.700000, upper bound: 49.000000, lower bound: 47.186667
[INFO]:[01:45:03] CPLEX solver finished. Gap: 3.700000
[INFO]:[01:45:03] Starting CPLEX solver on instance: /home/yorig/tuner/mpils-tests/instances/miplib/easy/supportcase18.mps with config: /scratch/yorig/mpils-results-grid-seconds-5-no-mip-start/easy/4proc/seed-4/9_supportcase18_seed-4_20260503_014226/expansion/config_param_CPXPARAM_MIP_Limits_ProbeTime_30_iter_1.prm
[INFO]:[01:45:08] CPLEX results. Gap: 3.700000, upper bound: 49.000000, lower bound: 47.186667
[INFO]:[01:45:08] CPLEX solver finished. Gap: 3.700000
[INFO]:[01:45:08] Starting CPLEX solver on instance: /home/yorig/tuner/mpils-tests/instances/miplib/easy/supportcase18.mps with config: /scratch/yorig/mpils-results-grid-seconds-5-no-mip-start/easy/4proc/seed-4/9_supportcase18_seed-4_20260503_014226/expansion/config_param_CPXPARAM_MIP_Limits_ProbeTime_40_iter_1.prm
[INFO]:[01:45:13] CPLEX results. Gap: 3.700000, upper bound: 49.000000, lower bound: 47.186667
[INFO]:[01:45:13] CPLEX solver finished. Gap: 3.700000
[INFO]:[01:45:13] Starting CPLEX solver on instance: /home/yorig/tuner/mpils-tests/instances/miplib/easy/supportcase18.mps with config: /scratch/yorig/mpils-results-grid-seconds-5-no-mip-start/easy/4proc/seed-4/9_supportcase18_seed-4_20260503_014226/expansion/config_param_CPXPARAM_MIP_Limits_ProbeTime_50_iter_1.prm
[INFO]:[01:45:18] CPLEX results. Gap: 3.700000, upper bound: 49.000000, lower bound: 47.186667
[INFO]:[01:45:18] CPLEX solver finished. Gap: 3.700000
[INFO]:[01:45:18] Expansion Worker 1 completed expansion.
[INFO]:[01:45:18] Worker 1 completed expansion phase.
[INFO]:[01:45:18] Worker 1 received order for step 1.
[INFO]:[01:45:18] Worker 1 running exploration phase for iteration 2.
[INFO]:[01:45:18] Worker 1 at iteration 2 will use MIP start file: /scratch/yorig/mpils-results-grid-seconds-5-no-mip-start/easy/4proc/seed-4/9_supportcase18_seed-4_20260503_014226/iterated_local_search/run_1_worker_0/mip_starts/mip_start_eval_9_config_10346973009034893901.mst
[INFO]:[01:45:18] Starting local search phase...
[INFO]:[01:45:18] Creating local search space from parameter space file: /scratch/yorig/mpils-results-grid-seconds-5-no-mip-start/easy/4proc/seed-4/9_supportcase18_seed-4_20260503_014226/iterated_local_search/search_space/search_space_file_2_worker_1.txt
[INFO]:[01:45:18] Local search space loaded from file: /scratch/yorig/mpils-results-grid-seconds-5-no-mip-start/easy/4proc/seed-4/9_supportcase18_seed-4_20260503_014226/iterated_local_search/search_space/search_space_file_2_worker_1.txt
[INFO]:[01:45:18] Number of parameters in local search space: 71
[INFO]:[01:45:18] Number of forbidden tuples in local search space: 16
[INFO]:[01:45:18] Number of conditionals in local search space: 6
[INFO]:[01:45:18] Using MIP start file for local search: /scratch/yorig/mpils-results-grid-seconds-5-no-mip-start/easy/4proc/seed-4/9_supportcase18_seed-4_20260503_014226/iterated_local_search/run_1_worker_0/mip_starts/mip_start_eval_9_config_10346973009034893901.mst
[INFO]:[01:45:18] Evaluating initial configuration for local search phase...
[INFO]:[01:45:18] Starting CPLEX solver on instance: /home/yorig/tuner/mpils-tests/instances/miplib/easy/supportcase18.mps with config: /scratch/yorig/mpils-results-grid-seconds-5-no-mip-start/easy/4proc/seed-4/9_supportcase18_seed-4_20260503_014226/iterated_local_search/run_2_worker_1/ils_config_10346973009034893900.prm
[INFO]:[01:45:18] Starting CPLEX solver on instance: /home/yorig/tuner/mpils-tests/instances/miplib/easy/supportcase18.mps with config: /scratch/yorig/mpils-results-grid-seconds-5-no-mip-start/easy/4proc/seed-4/9_supportcase18_seed-4_20260503_014226/iterated_local_search/run_2_worker_1/ils_config_10346973009034893900.prm
[INFO]:[01:45:23] CPLEX results. Gap: 3.700000, upper bound: 49.000000, lower bound: 47.186667
[INFO]:[01:45:23] CPLEX solver finished. Gap: 3.700000
[INFO]:[01:45:23] Initial configuration evaluated with objective value: 3.7
[INFO]:[01:45:23] Starting CPLEX solver on instance: /home/yorig/tuner/mpils-tests/instances/miplib/easy/supportcase18.mps with config: /scratch/yorig/mpils-results-grid-seconds-5-no-mip-start/easy/4proc/seed-4/9_supportcase18_seed-4_20260503_014226/iterated_local_search/run_2_worker_1/ils_config_10359148922213884816.prm
[INFO]:[01:45:23] Starting CPLEX solver on instance: /home/yorig/tuner/mpils-tests/instances/miplib/easy/supportcase18.mps with config: /scratch/yorig/mpils-results-grid-seconds-5-no-mip-start/easy/4proc/seed-4/9_supportcase18_seed-4_20260503_014226/iterated_local_search/run_2_worker_1/ils_config_10359148922213884816.prm
[INFO]:[01:45:28] CPLEX results. Gap: 3.700000, upper bound: 49.000000, lower bound: 47.186667
[INFO]:[01:45:28] CPLEX solver finished. Gap: 3.700000
[INFO]:[01:45:28] Starting CPLEX solver on instance: /home/yorig/tuner/mpils-tests/instances/miplib/easy/supportcase18.mps with config: /scratch/yorig/mpils-results-grid-seconds-5-no-mip-start/easy/4proc/seed-4/9_supportcase18_seed-4_20260503_014226/iterated_local_search/run_2_worker_1/ils_config_6373742263496185551.prm
[INFO]:[01:45:28] Starting CPLEX solver on instance: /home/yorig/tuner/mpils-tests/instances/miplib/easy/supportcase18.mps with config: /scratch/yorig/mpils-results-grid-seconds-5-no-mip-start/easy/4proc/seed-4/9_supportcase18_seed-4_20260503_014226/iterated_local_search/run_2_worker_1/ils_config_6373742263496185551.prm
[INFO]:[01:45:33] CPLEX results. Gap: 3.700000, upper bound: 49.000000, lower bound: 47.186667
[INFO]:[01:45:33] CPLEX solver finished. Gap: 3.700000
[INFO]:[01:45:33] Starting CPLEX solver on instance: /home/yorig/tuner/mpils-tests/instances/miplib/easy/supportcase18.mps with config: /scratch/yorig/mpils-results-grid-seconds-5-no-mip-start/easy/4proc/seed-4/9_supportcase18_seed-4_20260503_014226/iterated_local_search/run_2_worker_1/ils_config_7546529019771280745.prm
[INFO]:[01:45:33] Starting CPLEX solver on instance: /home/yorig/tuner/mpils-tests/instances/miplib/easy/supportcase18.mps with config: /scratch/yorig/mpils-results-grid-seconds-5-no-mip-start/easy/4proc/seed-4/9_supportcase18_seed-4_20260503_014226/iterated_local_search/run_2_worker_1/ils_config_7546529019771280745.prm
[INFO]:[01:45:38] CPLEX results. Gap: 3.700000, upper bound: 49.000000, lower bound: 47.186667
[INFO]:[01:45:39] CPLEX solver finished. Gap: 3.700000
[INFO]:[01:45:39] Starting CPLEX solver on instance: /home/yorig/tuner/mpils-tests/instances/miplib/easy/supportcase18.mps with config: /scratch/yorig/mpils-results-grid-seconds-5-no-mip-start/easy/4proc/seed-4/9_supportcase18_seed-4_20260503_014226/iterated_local_search/run_2_worker_1/ils_config_5672817812757806090.prm
[INFO]:[01:45:39] Starting CPLEX solver on instance: /home/yorig/tuner/mpils-tests/instances/miplib/easy/supportcase18.mps with config: /scratch/yorig/mpils-results-grid-seconds-5-no-mip-start/easy/4proc/seed-4/9_supportcase18_seed-4_20260503_014226/iterated_local_search/run_2_worker_1/ils_config_5672817812757806090.prm
[INFO]:[01:45:44] CPLEX results. Gap: 3.700000, upper bound: 49.000000, lower bound: 47.186667
[INFO]:[01:45:44] CPLEX solver finished. Gap: 3.700000
[INFO]:[01:45:44] Starting CPLEX solver on instance: /home/yorig/tuner/mpils-tests/instances/miplib/easy/supportcase18.mps with config: /scratch/yorig/mpils-results-grid-seconds-5-no-mip-start/easy/4proc/seed-4/9_supportcase18_seed-4_20260503_014226/iterated_local_search/run_2_worker_1/ils_config_9238370331218205978.prm
[INFO]:[01:45:44] Starting CPLEX solver on instance: /home/yorig/tuner/mpils-tests/instances/miplib/easy/supportcase18.mps with config: /scratch/yorig/mpils-results-grid-seconds-5-no-mip-start/easy/4proc/seed-4/9_supportcase18_seed-4_20260503_014226/iterated_local_search/run_2_worker_1/ils_config_9238370331218205978.prm
[INFO]:[01:45:49] CPLEX results. Gap: 3.700000, upper bound: 49.000000, lower bound: 47.186667
[INFO]:[01:45:49] CPLEX solver finished. Gap: 3.700000
[INFO]:[01:45:49] Starting CPLEX solver on instance: /home/yorig/tuner/mpils-tests/instances/miplib/easy/supportcase18.mps with config: /scratch/yorig/mpils-results-grid-seconds-5-no-mip-start/easy/4proc/seed-4/9_supportcase18_seed-4_20260503_014226/iterated_local_search/run_2_worker_1/ils_config_5757718786072073585.prm
[INFO]:[01:45:49] Starting CPLEX solver on instance: /home/yorig/tuner/mpils-tests/instances/miplib/easy/supportcase18.mps with config: /scratch/yorig/mpils-results-grid-seconds-5-no-mip-start/easy/4proc/seed-4/9_supportcase18_seed-4_20260503_014226/iterated_local_search/run_2_worker_1/ils_config_5757718786072073585.prm
[INFO]:[01:45:54] CPLEX results. Gap: 3.700000, upper bound: 49.000000, lower bound: 47.186667
[INFO]:[01:45:54] CPLEX solver finished. Gap: 3.700000
[INFO]:[01:45:54] Starting CPLEX solver on instance: /home/yorig/tuner/mpils-tests/instances/miplib/easy/supportcase18.mps with config: /scratch/yorig/mpils-results-grid-seconds-5-no-mip-start/easy/4proc/seed-4/9_supportcase18_seed-4_20260503_014226/iterated_local_search/run_2_worker_1/ils_config_13370710823576576728.prm
[INFO]:[01:45:54] Starting CPLEX solver on instance: /home/yorig/tuner/mpils-tests/instances/miplib/easy/supportcase18.mps with config: /scratch/yorig/mpils-results-grid-seconds-5-no-mip-start/easy/4proc/seed-4/9_supportcase18_seed-4_20260503_014226/iterated_local_search/run_2_worker_1/ils_config_13370710823576576728.prm
[INFO]:[01:45:59] CPLEX results. Gap: 3.700000, upper bound: 49.000000, lower bound: 47.186667
[INFO]:[01:45:59] CPLEX solver finished. Gap: 3.700000
[INFO]:[01:45:59] Starting CPLEX solver on instance: /home/yorig/tuner/mpils-tests/instances/miplib/easy/supportcase18.mps with config: /scratch/yorig/mpils-results-grid-seconds-5-no-mip-start/easy/4proc/seed-4/9_supportcase18_seed-4_20260503_014226/iterated_local_search/run_2_worker_1/ils_config_5612135488525219868.prm
[INFO]:[01:45:59] Starting CPLEX solver on instance: /home/yorig/tuner/mpils-tests/instances/miplib/easy/supportcase18.mps with config: /scratch/yorig/mpils-results-grid-seconds-5-no-mip-start/easy/4proc/seed-4/9_supportcase18_seed-4_20260503_014226/iterated_local_search/run_2_worker_1/ils_config_5612135488525219868.prm
[INFO]:[01:46:04] CPLEX results. Gap: 3.700000, upper bound: 49.000000, lower bound: 47.186667
[INFO]:[01:46:04] CPLEX solver finished. Gap: 3.700000
[INFO]:[01:46:04] Local search phase completed.
[INFO]:[01:46:04] Total number of new local-search evaluations: 9
[INFO]:[01:46:04] Final incumbent objective value: 3.7
[INFO]:[01:46:04] Worker 1 completed exploration phase.
[INFO]:[01:46:04] Worker 1 received order for step 2.
[INFO]:[01:46:04] Worker 1 running expansion phase for iteration 2.
[INFO]:[01:46:04] Worker 1 will use solver log file: /scratch/yorig/mpils-results-grid-seconds-5-no-mip-start/easy/4proc/seed-4/9_supportcase18_seed-4_20260503_014226/solver/cplex.log_iteration_expansion_2_worker_1
[INFO]:[01:46:04] Expansion Worker 1 starting expansion for iteration 2.
[INFO]:[01:46:04] Starting CPLEX solver on instance: /home/yorig/tuner/mpils-tests/instances/miplib/easy/supportcase18.mps with config: /scratch/yorig/mpils-results-grid-seconds-5-no-mip-start/easy/4proc/seed-4/9_supportcase18_seed-4_20260503_014226/expansion/config_param_CPXPARAM_Preprocessing_Symmetry_4_iter_2.prm
[INFO]:[01:46:09] CPLEX results. Gap: 5.630000, upper bound: 50.000000, lower bound: 47.186667
[INFO]:[01:46:09] CPLEX solver finished. Gap: 5.630000
[INFO]:[01:46:09] Starting CPLEX solver on instance: /home/yorig/tuner/mpils-tests/instances/miplib/easy/supportcase18.mps with config: /scratch/yorig/mpils-results-grid-seconds-5-no-mip-start/easy/4proc/seed-4/9_supportcase18_seed-4_20260503_014226/expansion/config_param_CPXPARAM_Preprocessing_Symmetry_5_iter_2.prm
[INFO]:[01:46:14] CPLEX results. Gap: 5.630000, upper bound: 50.000000, lower bound: 47.186667
[INFO]:[01:46:14] CPLEX solver finished. Gap: 5.630000
[INFO]:[01:46:14] Starting CPLEX solver on instance: /home/yorig/tuner/mpils-tests/instances/miplib/easy/supportcase18.mps with config: /scratch/yorig/mpils-results-grid-seconds-5-no-mip-start/easy/4proc/seed-4/9_supportcase18_seed-4_20260503_014226/expansion/config_param_CPXPARAM_Preprocessing_Dual_-1_iter_2.prm
[INFO]:[01:46:19] CPLEX results. Gap: 3.700000, upper bound: 49.000000, lower bound: 47.186667
[INFO]:[01:46:19] CPLEX solver finished. Gap: 3.700000
[INFO]:[01:46:19] Starting CPLEX solver on instance: /home/yorig/tuner/mpils-tests/instances/miplib/easy/supportcase18.mps with config: /scratch/yorig/mpils-results-grid-seconds-5-no-mip-start/easy/4proc/seed-4/9_supportcase18_seed-4_20260503_014226/expansion/config_param_CPXPARAM_Preprocessing_Dual_1_iter_2.prm
[INFO]:[01:46:24] CPLEX results. Gap: 5.630000, upper bound: 50.000000, lower bound: 47.186667
[INFO]:[01:46:24] CPLEX solver finished. Gap: 5.630000
[INFO]:[01:46:24] Starting CPLEX solver on instance: /home/yorig/tuner/mpils-tests/instances/miplib/easy/supportcase18.mps with config: /scratch/yorig/mpils-results-grid-seconds-5-no-mip-start/easy/4proc/seed-4/9_supportcase18_seed-4_20260503_014226/expansion/config_param_CPXPARAM_MIP_Strategy_LBHeur_1_iter_2.prm
[INFO]:[01:46:29] CPLEX results. Gap: 3.700000, upper bound: 49.000000, lower bound: 47.186667
[INFO]:[01:46:29] CPLEX solver finished. Gap: 3.700000
[INFO]:[01:46:29] Starting CPLEX solver on instance: /home/yorig/tuner/mpils-tests/instances/miplib/easy/supportcase18.mps with config: /scratch/yorig/mpils-results-grid-seconds-5-no-mip-start/easy/4proc/seed-4/9_supportcase18_seed-4_20260503_014226/expansion/config_param_CPXPARAM_MIP_Strategy_HeuristicFreq_-1_iter_2.prm
[INFO]:[01:46:34] CPLEX results. Gap: 5.630000, upper bound: 50.000000, lower bound: 47.186667
[INFO]:[01:46:34] CPLEX solver finished. Gap: 5.630000
[INFO]:[01:46:34] Starting CPLEX solver on instance: /home/yorig/tuner/mpils-tests/instances/miplib/easy/supportcase18.mps with config: /scratch/yorig/mpils-results-grid-seconds-5-no-mip-start/easy/4proc/seed-4/9_supportcase18_seed-4_20260503_014226/expansion/config_param_CPXPARAM_MIP_Strategy_HeuristicFreq_20_iter_2.prm
[INFO]:[01:46:39] CPLEX results. Gap: 3.700000, upper bound: 49.000000, lower bound: 47.186667
[INFO]:[01:46:39] CPLEX solver finished. Gap: 3.700000
[INFO]:[01:46:39] Starting CPLEX solver on instance: /home/yorig/tuner/mpils-tests/instances/miplib/easy/supportcase18.mps with config: /scratch/yorig/mpils-results-grid-seconds-5-no-mip-start/easy/4proc/seed-4/9_supportcase18_seed-4_20260503_014226/expansion/config_param_CPXPARAM_MIP_Strategy_HeuristicFreq_40_iter_2.prm
[INFO]:[01:46:44] CPLEX results. Gap: 5.630000, upper bound: 50.000000, lower bound: 47.186667
[INFO]:[01:46:44] CPLEX solver finished. Gap: 5.630000
[INFO]:[01:46:44] Starting CPLEX solver on instance: /home/yorig/tuner/mpils-tests/instances/miplib/easy/supportcase18.mps with config: /scratch/yorig/mpils-results-grid-seconds-5-no-mip-start/easy/4proc/seed-4/9_supportcase18_seed-4_20260503_014226/expansion/config_param_CPXPARAM_MIP_Strategy_HeuristicFreq_100_iter_2.prm
[INFO]:[01:46:49] CPLEX results. Gap: 5.630000, upper bound: 50.000000, lower bound: 47.186667
[INFO]:[01:46:49] CPLEX solver finished. Gap: 5.630000
[INFO]:[01:46:54] Expansion Worker 1 completed expansion.
[INFO]:[01:46:54] Worker 1 completed expansion phase.
[INFO]:[01:46:54] Worker 1 received order for step 1.
[INFO]:[01:46:54] Worker 1 running exploration phase for iteration 3.
[INFO]:[01:46:54] Worker 1 at iteration 3 will use MIP start file: /scratch/yorig/mpils-results-grid-seconds-5-no-mip-start/easy/4proc/seed-4/9_supportcase18_seed-4_20260503_014226/iterated_local_search/run_1_worker_0/mip_starts/mip_start_eval_9_config_10346973009034893901.mst
[INFO]:[01:46:54] Starting local search phase...
[INFO]:[01:46:54] Creating local search space from parameter space file: /scratch/yorig/mpils-results-grid-seconds-5-no-mip-start/easy/4proc/seed-4/9_supportcase18_seed-4_20260503_014226/iterated_local_search/search_space/search_space_file_3_worker_1.txt
[INFO]:[01:46:54] Local search space loaded from file: /scratch/yorig/mpils-results-grid-seconds-5-no-mip-start/easy/4proc/seed-4/9_supportcase18_seed-4_20260503_014226/iterated_local_search/search_space/search_space_file_3_worker_1.txt
[INFO]:[01:46:54] Number of parameters in local search space: 71
[INFO]:[01:46:54] Number of forbidden tuples in local search space: 29
[INFO]:[01:46:54] Number of conditionals in local search space: 6
[INFO]:[01:46:54] Using MIP start file for local search: /scratch/yorig/mpils-results-grid-seconds-5-no-mip-start/easy/4proc/seed-4/9_supportcase18_seed-4_20260503_014226/iterated_local_search/run_1_worker_0/mip_starts/mip_start_eval_9_config_10346973009034893901.mst
[INFO]:[01:46:54] Evaluating initial configuration for local search phase...
[INFO]:[01:46:54] Starting CPLEX solver on instance: /home/yorig/tuner/mpils-tests/instances/miplib/easy/supportcase18.mps with config: /scratch/yorig/mpils-results-grid-seconds-5-no-mip-start/easy/4proc/seed-4/9_supportcase18_seed-4_20260503_014226/iterated_local_search/run_3_worker_1/ils_config_10346973009034893900.prm
[INFO]:[01:46:54] Starting CPLEX solver on instance: /home/yorig/tuner/mpils-tests/instances/miplib/easy/supportcase18.mps with config: /scratch/yorig/mpils-results-grid-seconds-5-no-mip-start/easy/4proc/seed-4/9_supportcase18_seed-4_20260503_014226/iterated_local_search/run_3_worker_1/ils_config_10346973009034893900.prm
[INFO]:[01:46:59] CPLEX results. Gap: 3.700000, upper bound: 49.000000, lower bound: 47.186667
[INFO]:[01:46:59] CPLEX solver finished. Gap: 3.700000
[INFO]:[01:46:59] Initial configuration evaluated with objective value: 3.7
[INFO]:[01:46:59] Starting CPLEX solver on instance: /home/yorig/tuner/mpils-tests/instances/miplib/easy/supportcase18.mps with config: /scratch/yorig/mpils-results-grid-seconds-5-no-mip-start/easy/4proc/seed-4/9_supportcase18_seed-4_20260503_014226/iterated_local_search/run_3_worker_1/ils_config_5490679000273186069.prm
[INFO]:[01:46:59] Starting CPLEX solver on instance: /home/yorig/tuner/mpils-tests/instances/miplib/easy/supportcase18.mps with config: /scratch/yorig/mpils-results-grid-seconds-5-no-mip-start/easy/4proc/seed-4/9_supportcase18_seed-4_20260503_014226/iterated_local_search/run_3_worker_1/ils_config_5490679000273186069.prm
[INFO]:[01:47:04] CPLEX results. Gap: 3.700000, upper bound: 49.000000, lower bound: 47.186667
[INFO]:[01:47:04] CPLEX solver finished. Gap: 3.700000
[INFO]:[01:47:04] Starting CPLEX solver on instance: /home/yorig/tuner/mpils-tests/instances/miplib/easy/supportcase18.mps with config: /scratch/yorig/mpils-results-grid-seconds-5-no-mip-start/easy/4proc/seed-4/9_supportcase18_seed-4_20260503_014226/iterated_local_search/run_3_worker_1/ils_config_9324240323799673489.prm
[INFO]:[01:47:04] Starting CPLEX solver on instance: /home/yorig/tuner/mpils-tests/instances/miplib/easy/supportcase18.mps with config: /scratch/yorig/mpils-results-grid-seconds-5-no-mip-start/easy/4proc/seed-4/9_supportcase18_seed-4_20260503_014226/iterated_local_search/run_3_worker_1/ils_config_9324240323799673489.prm
[INFO]:[01:47:09] CPLEX results. Gap: 3.700000, upper bound: 49.000000, lower bound: 47.186667
[INFO]:[01:47:09] CPLEX solver finished. Gap: 3.700000
[INFO]:[01:47:09] Starting CPLEX solver on instance: /home/yorig/tuner/mpils-tests/instances/miplib/easy/supportcase18.mps with config: /scratch/yorig/mpils-results-grid-seconds-5-no-mip-start/easy/4proc/seed-4/9_supportcase18_seed-4_20260503_014226/iterated_local_search/run_3_worker_1/ils_config_4163833500341535389.prm
[INFO]:[01:47:09] Starting CPLEX solver on instance: /home/yorig/tuner/mpils-tests/instances/miplib/easy/supportcase18.mps with config: /scratch/yorig/mpils-results-grid-seconds-5-no-mip-start/easy/4proc/seed-4/9_supportcase18_seed-4_20260503_014226/iterated_local_search/run_3_worker_1/ils_config_4163833500341535389.prm
[INFO]:[01:47:15] CPLEX results. Gap: 3.700000, upper bound: 49.000000, lower bound: 47.186667
[INFO]:[01:47:15] CPLEX solver finished. Gap: 3.700000
[INFO]:[01:47:15] Starting CPLEX solver on instance: /home/yorig/tuner/mpils-tests/instances/miplib/easy/supportcase18.mps with config: /scratch/yorig/mpils-results-grid-seconds-5-no-mip-start/easy/4proc/seed-4/9_supportcase18_seed-4_20260503_014226/iterated_local_search/run_3_worker_1/ils_config_4469459305436733725.prm
[INFO]:[01:47:15] Starting CPLEX solver on instance: /home/yorig/tuner/mpils-tests/instances/miplib/easy/supportcase18.mps with config: /scratch/yorig/mpils-results-grid-seconds-5-no-mip-start/easy/4proc/seed-4/9_supportcase18_seed-4_20260503_014226/iterated_local_search/run_3_worker_1/ils_config_4469459305436733725.prm
[INFO]:[01:47:20] CPLEX results. Gap: 3.700000, upper bound: 49.000000, lower bound: 47.186667
[INFO]:[01:47:20] CPLEX solver finished. Gap: 3.700000
[INFO]:[01:47:20] Local search phase completed.
[INFO]:[01:47:20] Total number of new local-search evaluations: 5
[INFO]:[01:47:20] Final incumbent objective value: 3.7
[INFO]:[01:47:20] Worker 1 completed exploration phase.
[INFO]:[01:47:20] Worker 1 received order for step 2.
[INFO]:[01:47:20] Worker 1 running expansion phase for iteration 3.
[INFO]:[01:47:20] Worker 1 will use solver log file: /scratch/yorig/mpils-results-grid-seconds-5-no-mip-start/easy/4proc/seed-4/9_supportcase18_seed-4_20260503_014226/solver/cplex.log_iteration_expansion_3_worker_1
[INFO]:[01:47:20] Expansion Worker 1 starting expansion for iteration 3.
[INFO]:[01:47:20] Starting CPLEX solver on instance: /home/yorig/tuner/mpils-tests/instances/miplib/easy/supportcase18.mps with config: /scratch/yorig/mpils-results-grid-seconds-5-no-mip-start/easy/4proc/seed-4/9_supportcase18_seed-4_20260503_014226/expansion/config_param_CPXPARAM_MIP_Limits_AggForCut_1_iter_3.prm
[INFO]:[01:47:25] CPLEX results. Gap: 3.700000, upper bound: 49.000000, lower bound: 47.186667
[INFO]:[01:47:25] CPLEX solver finished. Gap: 3.700000
[INFO]:[01:47:25] Starting CPLEX solver on instance: /home/yorig/tuner/mpils-tests/instances/miplib/easy/supportcase18.mps with config: /scratch/yorig/mpils-results-grid-seconds-5-no-mip-start/easy/4proc/seed-4/9_supportcase18_seed-4_20260503_014226/expansion/config_param_CPXPARAM_MIP_Limits_AggForCut_2_iter_3.prm
[INFO]:[01:47:30] CPLEX results. Gap: 3.700000, upper bound: 49.000000, lower bound: 47.186667
[INFO]:[01:47:30] CPLEX solver finished. Gap: 3.700000
[INFO]:[01:47:30] Starting CPLEX solver on instance: /home/yorig/tuner/mpils-tests/instances/miplib/easy/supportcase18.mps with config: /scratch/yorig/mpils-results-grid-seconds-5-no-mip-start/easy/4proc/seed-4/9_supportcase18_seed-4_20260503_014226/expansion/config_param_CPXPARAM_MIP_Limits_AggForCut_5_iter_3.prm
[INFO]:[01:47:35] CPLEX results. Gap: 3.700000, upper bound: 49.000000, lower bound: 47.186667
[INFO]:[01:47:35] CPLEX solver finished. Gap: 3.700000
[INFO]:[01:47:35] Starting CPLEX solver on instance: /home/yorig/tuner/mpils-tests/instances/miplib/easy/supportcase18.mps with config: /scratch/yorig/mpils-results-grid-seconds-5-no-mip-start/easy/4proc/seed-4/9_supportcase18_seed-4_20260503_014226/expansion/config_param_CPXPARAM_MIP_Limits_AggForCut_10_iter_3.prm
[INFO]:[01:47:40] CPLEX results. Gap: 3.700000, upper bound: 49.000000, lower bound: 47.186667
[INFO]:[01:47:40] CPLEX solver finished. Gap: 3.700000
[INFO]:[01:47:40] Starting CPLEX solver on instance: /home/yorig/tuner/mpils-tests/instances/miplib/easy/supportcase18.mps with config: /scratch/yorig/mpils-results-grid-seconds-5-no-mip-start/easy/4proc/seed-4/9_supportcase18_seed-4_20260503_014226/expansion/config_param_CPXPARAM_Preprocessing_Fill_2_iter_3.prm
[INFO]:[01:47:45] CPLEX results. Gap: 3.700000, upper bound: 49.000000, lower bound: 47.186667
[INFO]:[01:47:45] CPLEX solver finished. Gap: 3.700000
[INFO]:[01:47:45] Starting CPLEX solver on instance: /home/yorig/tuner/mpils-tests/instances/miplib/easy/supportcase18.mps with config: /scratch/yorig/mpils-results-grid-seconds-5-no-mip-start/easy/4proc/seed-4/9_supportcase18_seed-4_20260503_014226/expansion/config_param_CPXPARAM_Preprocessing_Fill_5_iter_3.prm
[INFO]:[01:47:50] CPLEX results. Gap: 3.700000, upper bound: 49.000000, lower bound: 47.186667
[INFO]:[01:47:50] CPLEX solver finished. Gap: 3.700000
[INFO]:[01:47:50] Starting CPLEX solver on instance: /home/yorig/tuner/mpils-tests/instances/miplib/easy/supportcase18.mps with config: /scratch/yorig/mpils-results-grid-seconds-5-no-mip-start/easy/4proc/seed-4/9_supportcase18_seed-4_20260503_014226/expansion/config_param_CPXPARAM_Preprocessing_Fill_20_iter_3.prm
[INFO]:[01:47:55] CPLEX results. Gap: 3.700000, upper bound: 49.000000, lower bound: 47.186667
[INFO]:[01:47:55] CPLEX solver finished. Gap: 3.700000
[INFO]:[01:47:55] Starting CPLEX solver on instance: /home/yorig/tuner/mpils-tests/instances/miplib/easy/supportcase18.mps with config: /scratch/yorig/mpils-results-grid-seconds-5-no-mip-start/easy/4proc/seed-4/9_supportcase18_seed-4_20260503_014226/expansion/config_param_CPXPARAM_Preprocessing_Fill_40_iter_3.prm
[INFO]:[01:48:00] CPLEX results. Gap: 3.700000, upper bound: 49.000000, lower bound: 47.186667
[INFO]:[01:48:00] CPLEX solver finished. Gap: 3.700000
[INFO]:[01:48:00] Expansion Worker 1 completed expansion.
[INFO]:[01:48:00] Worker 1 completed expansion phase.
[INFO]:[01:48:00] Worker 1 received order for step 1.
[INFO]:[01:48:00] Worker 1 running exploration phase for iteration 4.
[INFO]:[01:48:00] Worker 1 at iteration 4 will use MIP start file: /scratch/yorig/mpils-results-grid-seconds-5-no-mip-start/easy/4proc/seed-4/9_supportcase18_seed-4_20260503_014226/iterated_local_search/run_1_worker_0/mip_starts/mip_start_eval_9_config_10346973009034893901.mst
[INFO]:[01:48:00] Starting local search phase...
[INFO]:[01:48:00] Creating local search space from parameter space file: /scratch/yorig/mpils-results-grid-seconds-5-no-mip-start/easy/4proc/seed-4/9_supportcase18_seed-4_20260503_014226/iterated_local_search/search_space/search_space_file_4_worker_1.txt
[INFO]:[01:48:00] Local search space loaded from file: /scratch/yorig/mpils-results-grid-seconds-5-no-mip-start/easy/4proc/seed-4/9_supportcase18_seed-4_20260503_014226/iterated_local_search/search_space/search_space_file_4_worker_1.txt
[INFO]:[01:48:00] Number of parameters in local search space: 71
[INFO]:[01:48:00] Number of forbidden tuples in local search space: 41
[INFO]:[01:48:00] Number of conditionals in local search space: 6
[INFO]:[01:48:00] Using MIP start file for local search: /scratch/yorig/mpils-results-grid-seconds-5-no-mip-start/easy/4proc/seed-4/9_supportcase18_seed-4_20260503_014226/iterated_local_search/run_1_worker_0/mip_starts/mip_start_eval_9_config_10346973009034893901.mst
[INFO]:[01:48:00] Evaluating initial configuration for local search phase...
[INFO]:[01:48:00] Starting CPLEX solver on instance: /home/yorig/tuner/mpils-tests/instances/miplib/easy/supportcase18.mps with config: /scratch/yorig/mpils-results-grid-seconds-5-no-mip-start/easy/4proc/seed-4/9_supportcase18_seed-4_20260503_014226/iterated_local_search/run_4_worker_1/ils_config_10346973009034893900.prm
[INFO]:[01:48:00] Starting CPLEX solver on instance: /home/yorig/tuner/mpils-tests/instances/miplib/easy/supportcase18.mps with config: /scratch/yorig/mpils-results-grid-seconds-5-no-mip-start/easy/4proc/seed-4/9_supportcase18_seed-4_20260503_014226/iterated_local_search/run_4_worker_1/ils_config_10346973009034893900.prm
[INFO]:[01:48:05] CPLEX results. Gap: 3.700000, upper bound: 49.000000, lower bound: 47.186667
[INFO]:[01:48:05] CPLEX solver finished. Gap: 3.700000
[INFO]:[01:48:05] Initial configuration evaluated with objective value: 3.7
[INFO]:[01:48:05] Starting CPLEX solver on instance: /home/yorig/tuner/mpils-tests/instances/miplib/easy/supportcase18.mps with config: /scratch/yorig/mpils-results-grid-seconds-5-no-mip-start/easy/4proc/seed-4/9_supportcase18_seed-4_20260503_014226/iterated_local_search/run_4_worker_1/ils_config_6373742263496185551.prm
[INFO]:[01:48:05] Starting CPLEX solver on instance: /home/yorig/tuner/mpils-tests/instances/miplib/easy/supportcase18.mps with config: /scratch/yorig/mpils-results-grid-seconds-5-no-mip-start/easy/4proc/seed-4/9_supportcase18_seed-4_20260503_014226/iterated_local_search/run_4_worker_1/ils_config_6373742263496185551.prm
[INFO]:[01:48:10] CPLEX results. Gap: 3.700000, upper bound: 49.000000, lower bound: 47.186667
[INFO]:[01:48:10] CPLEX solver finished. Gap: 3.700000
[INFO]:[01:48:10] Starting CPLEX solver on instance: /home/yorig/tuner/mpils-tests/instances/miplib/easy/supportcase18.mps with config: /scratch/yorig/mpils-results-grid-seconds-5-no-mip-start/easy/4proc/seed-4/9_supportcase18_seed-4_20260503_014226/iterated_local_search/run_4_worker_1/ils_config_13370710823576576728.prm
[INFO]:[01:48:10] Starting CPLEX solver on instance: /home/yorig/tuner/mpils-tests/instances/miplib/easy/supportcase18.mps with config: /scratch/yorig/mpils-results-grid-seconds-5-no-mip-start/easy/4proc/seed-4/9_supportcase18_seed-4_20260503_014226/iterated_local_search/run_4_worker_1/ils_config_13370710823576576728.prm
[INFO]:[01:48:15] CPLEX results. Gap: 3.700000, upper bound: 49.000000, lower bound: 47.186667
[INFO]:[01:48:15] CPLEX solver finished. Gap: 3.700000
[INFO]:[01:48:15] Starting CPLEX solver on instance: /home/yorig/tuner/mpils-tests/instances/miplib/easy/supportcase18.mps with config: /scratch/yorig/mpils-results-grid-seconds-5-no-mip-start/easy/4proc/seed-4/9_supportcase18_seed-4_20260503_014226/iterated_local_search/run_4_worker_1/ils_config_14524213185650344474.prm
[INFO]:[01:48:15] Starting CPLEX solver on instance: /home/yorig/tuner/mpils-tests/instances/miplib/easy/supportcase18.mps with config: /scratch/yorig/mpils-results-grid-seconds-5-no-mip-start/easy/4proc/seed-4/9_supportcase18_seed-4_20260503_014226/iterated_local_search/run_4_worker_1/ils_config_14524213185650344474.prm
[INFO]:[01:48:20] CPLEX results. Gap: 3.700000, upper bound: 49.000000, lower bound: 47.186667
[INFO]:[01:48:20] CPLEX solver finished. Gap: 3.700000
[INFO]:[01:48:20] Starting CPLEX solver on instance: /home/yorig/tuner/mpils-tests/instances/miplib/easy/supportcase18.mps with config: /scratch/yorig/mpils-results-grid-seconds-5-no-mip-start/easy/4proc/seed-4/9_supportcase18_seed-4_20260503_014226/iterated_local_search/run_4_worker_1/ils_config_11820358138067714892.prm
[INFO]:[01:48:20] Starting CPLEX solver on instance: /home/yorig/tuner/mpils-tests/instances/miplib/easy/supportcase18.mps with config: /scratch/yorig/mpils-results-grid-seconds-5-no-mip-start/easy/4proc/seed-4/9_supportcase18_seed-4_20260503_014226/iterated_local_search/run_4_worker_1/ils_config_11820358138067714892.prm
[INFO]:[01:48:25] CPLEX results. Gap: 3.700000, upper bound: 49.000000, lower bound: 47.186667
[INFO]:[01:48:25] CPLEX solver finished. Gap: 3.700000
[INFO]:[01:48:25] Starting CPLEX solver on instance: /home/yorig/tuner/mpils-tests/instances/miplib/easy/supportcase18.mps with config: /scratch/yorig/mpils-results-grid-seconds-5-no-mip-start/easy/4proc/seed-4/9_supportcase18_seed-4_20260503_014226/iterated_local_search/run_4_worker_1/ils_config_4469459305436733725.prm
[INFO]:[01:48:25] Starting CPLEX solver on instance: /home/yorig/tuner/mpils-tests/instances/miplib/easy/supportcase18.mps with config: /scratch/yorig/mpils-results-grid-seconds-5-no-mip-start/easy/4proc/seed-4/9_supportcase18_seed-4_20260503_014226/iterated_local_search/run_4_worker_1/ils_config_4469459305436733725.prm
[INFO]:[01:48:30] CPLEX results. Gap: 3.700000, upper bound: 49.000000, lower bound: 47.186667
[INFO]:[01:48:30] CPLEX solver finished. Gap: 3.700000
[INFO]:[01:48:30] Starting CPLEX solver on instance: /home/yorig/tuner/mpils-tests/instances/miplib/easy/supportcase18.mps with config: /scratch/yorig/mpils-results-grid-seconds-5-no-mip-start/easy/4proc/seed-4/9_supportcase18_seed-4_20260503_014226/iterated_local_search/run_4_worker_1/ils_config_5612135488525219868.prm
[INFO]:[01:48:30] Starting CPLEX solver on instance: /home/yorig/tuner/mpils-tests/instances/miplib/easy/supportcase18.mps with config: /scratch/yorig/mpils-results-grid-seconds-5-no-mip-start/easy/4proc/seed-4/9_supportcase18_seed-4_20260503_014226/iterated_local_search/run_4_worker_1/ils_config_5612135488525219868.prm
[INFO]:[01:48:35] CPLEX results. Gap: 3.700000, upper bound: 49.000000, lower bound: 47.186667
[INFO]:[01:48:35] CPLEX solver finished. Gap: 3.700000
[INFO]:[01:48:35] Local search phase completed.
[INFO]:[01:48:35] Total number of new local-search evaluations: 7
[INFO]:[01:48:35] Final incumbent objective value: 3.7
[INFO]:[01:48:35] Worker 1 completed exploration phase.
[INFO]:[01:48:35] Worker 1 received order for step 2.
[INFO]:[01:48:35] Worker 1 running expansion phase for iteration 4.
[INFO]:[01:48:35] Worker 1 will use solver log file: /scratch/yorig/mpils-results-grid-seconds-5-no-mip-start/easy/4proc/seed-4/9_supportcase18_seed-4_20260503_014226/solver/cplex.log_iteration_expansion_4_worker_1
[INFO]:[01:48:35] Expansion Worker 1 starting expansion for iteration 4.
[INFO]:[01:48:35] Starting CPLEX solver on instance: /home/yorig/tuner/mpils-tests/instances/miplib/easy/supportcase18.mps with config: /scratch/yorig/mpils-results-grid-seconds-5-no-mip-start/easy/4proc/seed-4/9_supportcase18_seed-4_20260503_014226/expansion/config_param_CPXPARAM_Feasopt_Mode_4_iter_4.prm
[INFO]:[01:48:40] CPLEX results. Gap: 3.700000, upper bound: 49.000000, lower bound: 47.186667
[INFO]:[01:48:40] CPLEX solver finished. Gap: 3.700000
[INFO]:[01:48:40] Starting CPLEX solver on instance: /home/yorig/tuner/mpils-tests/instances/miplib/easy/supportcase18.mps with config: /scratch/yorig/mpils-results-grid-seconds-5-no-mip-start/easy/4proc/seed-4/9_supportcase18_seed-4_20260503_014226/expansion/config_param_CPXPARAM_Feasopt_Mode_5_iter_4.prm
[INFO]:[01:48:45] CPLEX results. Gap: 3.700000, upper bound: 49.000000, lower bound: 47.186667
[INFO]:[01:48:45] CPLEX solver finished. Gap: 3.700000
[INFO]:[01:48:46] Starting CPLEX solver on instance: /home/yorig/tuner/mpils-tests/instances/miplib/easy/supportcase18.mps with config: /scratch/yorig/mpils-results-grid-seconds-5-no-mip-start/easy/4proc/seed-4/9_supportcase18_seed-4_20260503_014226/expansion/config_param_CPXPARAM_Emphasis_Memory_1_iter_4.prm
[INFO]:[01:48:51] CPLEX results. Gap: 3.700000, upper bound: 49.000000, lower bound: 47.186667
[INFO]:[01:48:51] CPLEX solver finished. Gap: 3.700000
[INFO]:[01:48:51] Starting CPLEX solver on instance: /home/yorig/tuner/mpils-tests/instances/miplib/easy/supportcase18.mps with config: /scratch/yorig/mpils-results-grid-seconds-5-no-mip-start/easy/4proc/seed-4/9_supportcase18_seed-4_20260503_014226/expansion/config_param_CPXPARAM_MIP_OrderType_1_iter_4.prm
[INFO]:[01:48:56] CPLEX results. Gap: 5.630000, upper bound: 50.000000, lower bound: 47.186667
[INFO]:[01:48:56] CPLEX solver finished. Gap: 5.630000
[INFO]:[01:48:56] Starting CPLEX solver on instance: /home/yorig/tuner/mpils-tests/instances/miplib/easy/supportcase18.mps with config: /scratch/yorig/mpils-results-grid-seconds-5-no-mip-start/easy/4proc/seed-4/9_supportcase18_seed-4_20260503_014226/expansion/config_param_CPXPARAM_MIP_OrderType_2_iter_4.prm
[INFO]:[01:49:01] CPLEX results. Gap: 3.700000, upper bound: 49.000000, lower bound: 47.186667
[INFO]:[01:49:01] CPLEX solver finished. Gap: 3.700000
[INFO]:[01:49:01] Starting CPLEX solver on instance: /home/yorig/tuner/mpils-tests/instances/miplib/easy/supportcase18.mps with config: /scratch/yorig/mpils-results-grid-seconds-5-no-mip-start/easy/4proc/seed-4/9_supportcase18_seed-4_20260503_014226/expansion/config_param_CPXPARAM_MIP_OrderType_3_iter_4.prm
[INFO]:[01:49:06] CPLEX results. Gap: 3.700000, upper bound: 49.000000, lower bound: 47.186667
[INFO]:[01:49:06] CPLEX solver finished. Gap: 3.700000
[INFO]:[01:49:06] Starting CPLEX solver on instance: /home/yorig/tuner/mpils-tests/instances/miplib/easy/supportcase18.mps with config: /scratch/yorig/mpils-results-grid-seconds-5-no-mip-start/easy/4proc/seed-4/9_supportcase18_seed-4_20260503_014226/expansion/config_param_CPXPARAM_Network_NetFind_1_iter_4.prm
[INFO]:[01:49:11] CPLEX results. Gap: 3.700000, upper bound: 49.000000, lower bound: 47.186667
[INFO]:[01:49:11] CPLEX solver finished. Gap: 3.700000
[INFO]:[01:49:11] Expansion Worker 1 completed expansion.
[INFO]:[01:49:11] Worker 1 completed expansion phase.
[INFO]:[01:49:11] Worker 1 received order for step 1.
[INFO]:[01:49:11] Worker 1 running exploration phase for iteration 5.
[INFO]:[01:49:11] Worker 1 at iteration 5 will use MIP start file: /scratch/yorig/mpils-results-grid-seconds-5-no-mip-start/easy/4proc/seed-4/9_supportcase18_seed-4_20260503_014226/iterated_local_search/run_1_worker_0/mip_starts/mip_start_eval_9_config_10346973009034893901.mst
[INFO]:[01:49:11] Starting local search phase...
[INFO]:[01:49:11] Creating local search space from parameter space file: /scratch/yorig/mpils-results-grid-seconds-5-no-mip-start/easy/4proc/seed-4/9_supportcase18_seed-4_20260503_014226/iterated_local_search/search_space/search_space_file_5_worker_1.txt
[INFO]:[01:49:11] Local search space loaded from file: /scratch/yorig/mpils-results-grid-seconds-5-no-mip-start/easy/4proc/seed-4/9_supportcase18_seed-4_20260503_014226/iterated_local_search/search_space/search_space_file_5_worker_1.txt
[INFO]:[01:49:11] Number of parameters in local search space: 71
[INFO]:[01:49:11] Number of forbidden tuples in local search space: 59
[INFO]:[01:49:11] Number of conditionals in local search space: 6
[INFO]:[01:49:11] Using MIP start file for local search: /scratch/yorig/mpils-results-grid-seconds-5-no-mip-start/easy/4proc/seed-4/9_supportcase18_seed-4_20260503_014226/iterated_local_search/run_1_worker_0/mip_starts/mip_start_eval_9_config_10346973009034893901.mst
[INFO]:[01:49:11] Evaluating initial configuration for local search phase...
[INFO]:[01:49:11] Starting CPLEX solver on instance: /home/yorig/tuner/mpils-tests/instances/miplib/easy/supportcase18.mps with config: /scratch/yorig/mpils-results-grid-seconds-5-no-mip-start/easy/4proc/seed-4/9_supportcase18_seed-4_20260503_014226/iterated_local_search/run_5_worker_1/ils_config_10346973009034893900.prm
[INFO]:[01:49:11] Starting CPLEX solver on instance: /home/yorig/tuner/mpils-tests/instances/miplib/easy/supportcase18.mps with config: /scratch/yorig/mpils-results-grid-seconds-5-no-mip-start/easy/4proc/seed-4/9_supportcase18_seed-4_20260503_014226/iterated_local_search/run_5_worker_1/ils_config_10346973009034893900.prm
[INFO]:[01:49:16] CPLEX results. Gap: 3.700000, upper bound: 49.000000, lower bound: 47.186667
[INFO]:[01:49:16] CPLEX solver finished. Gap: 3.700000
[INFO]:[01:49:16] Initial configuration evaluated with objective value: 3.7
[INFO]:[01:49:16] Starting CPLEX solver on instance: /home/yorig/tuner/mpils-tests/instances/miplib/easy/supportcase18.mps with config: /scratch/yorig/mpils-results-grid-seconds-5-no-mip-start/easy/4proc/seed-4/9_supportcase18_seed-4_20260503_014226/iterated_local_search/run_5_worker_1/ils_config_12888482828633900125.prm
[INFO]:[01:49:16] Starting CPLEX solver on instance: /home/yorig/tuner/mpils-tests/instances/miplib/easy/supportcase18.mps with config: /scratch/yorig/mpils-results-grid-seconds-5-no-mip-start/easy/4proc/seed-4/9_supportcase18_seed-4_20260503_014226/iterated_local_search/run_5_worker_1/ils_config_12888482828633900125.prm
[INFO]:[01:49:21] CPLEX results. Gap: 3.700000, upper bound: 49.000000, lower bound: 47.186667
[INFO]:[01:49:21] CPLEX solver finished. Gap: 3.700000
[INFO]:[01:49:21] Starting CPLEX solver on instance: /home/yorig/tuner/mpils-tests/instances/miplib/easy/supportcase18.mps with config: /scratch/yorig/mpils-results-grid-seconds-5-no-mip-start/easy/4proc/seed-4/9_supportcase18_seed-4_20260503_014226/iterated_local_search/run_5_worker_1/ils_config_11881378668426770795.prm
[INFO]:[01:49:21] Starting CPLEX solver on instance: /home/yorig/tuner/mpils-tests/instances/miplib/easy/supportcase18.mps with config: /scratch/yorig/mpils-results-grid-seconds-5-no-mip-start/easy/4proc/seed-4/9_supportcase18_seed-4_20260503_014226/iterated_local_search/run_5_worker_1/ils_config_11881378668426770795.prm
[INFO]:[01:49:26] CPLEX results. Gap: 3.700000, upper bound: 49.000000, lower bound: 47.186667
[INFO]:[01:49:26] CPLEX solver finished. Gap: 3.700000
[INFO]:[01:49:26] Starting CPLEX solver on instance: /home/yorig/tuner/mpils-tests/instances/miplib/easy/supportcase18.mps with config: /scratch/yorig/mpils-results-grid-seconds-5-no-mip-start/easy/4proc/seed-4/9_supportcase18_seed-4_20260503_014226/iterated_local_search/run_5_worker_1/ils_config_1869696623545437225.prm
[INFO]:[01:49:26] Starting CPLEX solver on instance: /home/yorig/tuner/mpils-tests/instances/miplib/easy/supportcase18.mps with config: /scratch/yorig/mpils-results-grid-seconds-5-no-mip-start/easy/4proc/seed-4/9_supportcase18_seed-4_20260503_014226/iterated_local_search/run_5_worker_1/ils_config_1869696623545437225.prm
[INFO]:[01:49:31] CPLEX results. Gap: 3.700000, upper bound: 49.000000, lower bound: 47.186667
[INFO]:[01:49:31] CPLEX solver finished. Gap: 3.700000
[INFO]:[01:49:31] Starting CPLEX solver on instance: /home/yorig/tuner/mpils-tests/instances/miplib/easy/supportcase18.mps with config: /scratch/yorig/mpils-results-grid-seconds-5-no-mip-start/easy/4proc/seed-4/9_supportcase18_seed-4_20260503_014226/iterated_local_search/run_5_worker_1/ils_config_7546529019771280745.prm
[INFO]:[01:49:31] Starting CPLEX solver on instance: /home/yorig/tuner/mpils-tests/instances/miplib/easy/supportcase18.mps with config: /scratch/yorig/mpils-results-grid-seconds-5-no-mip-start/easy/4proc/seed-4/9_supportcase18_seed-4_20260503_014226/iterated_local_search/run_5_worker_1/ils_config_7546529019771280745.prm
[INFO]:[01:49:36] CPLEX results. Gap: 3.700000, upper bound: 49.000000, lower bound: 47.186667
[INFO]:[01:49:36] CPLEX solver finished. Gap: 3.700000
[INFO]:[01:49:36] Starting CPLEX solver on instance: /home/yorig/tuner/mpils-tests/instances/miplib/easy/supportcase18.mps with config: /scratch/yorig/mpils-results-grid-seconds-5-no-mip-start/easy/4proc/seed-4/9_supportcase18_seed-4_20260503_014226/iterated_local_search/run_5_worker_1/ils_config_8774218735760563754.prm
[INFO]:[01:49:36] Starting CPLEX solver on instance: /home/yorig/tuner/mpils-tests/instances/miplib/easy/supportcase18.mps with config: /scratch/yorig/mpils-results-grid-seconds-5-no-mip-start/easy/4proc/seed-4/9_supportcase18_seed-4_20260503_014226/iterated_local_search/run_5_worker_1/ils_config_8774218735760563754.prm
[INFO]:[01:49:41] CPLEX results. Gap: 3.700000, upper bound: 49.000000, lower bound: 47.186667
[INFO]:[01:49:41] CPLEX solver finished. Gap: 3.700000
[INFO]:[01:49:41] Starting CPLEX solver on instance: /home/yorig/tuner/mpils-tests/instances/miplib/easy/supportcase18.mps with config: /scratch/yorig/mpils-results-grid-seconds-5-no-mip-start/easy/4proc/seed-4/9_supportcase18_seed-4_20260503_014226/iterated_local_search/run_5_worker_1/ils_config_9305675024517210462.prm
[INFO]:[01:49:41] Starting CPLEX solver on instance: /home/yorig/tuner/mpils-tests/instances/miplib/easy/supportcase18.mps with config: /scratch/yorig/mpils-results-grid-seconds-5-no-mip-start/easy/4proc/seed-4/9_supportcase18_seed-4_20260503_014226/iterated_local_search/run_5_worker_1/ils_config_9305675024517210462.prm
[INFO]:[01:49:46] CPLEX results. Gap: 3.700000, upper bound: 49.000000, lower bound: 47.186667
[INFO]:[01:49:46] CPLEX solver finished. Gap: 3.700000
[INFO]:[01:49:46] Starting CPLEX solver on instance: /home/yorig/tuner/mpils-tests/instances/miplib/easy/supportcase18.mps with config: /scratch/yorig/mpils-results-grid-seconds-5-no-mip-start/easy/4proc/seed-4/9_supportcase18_seed-4_20260503_014226/iterated_local_search/run_5_worker_1/ils_config_10475899001479897096.prm
[INFO]:[01:49:46] Starting CPLEX solver on instance: /home/yorig/tuner/mpils-tests/instances/miplib/easy/supportcase18.mps with config: /scratch/yorig/mpils-results-grid-seconds-5-no-mip-start/easy/4proc/seed-4/9_supportcase18_seed-4_20260503_014226/iterated_local_search/run_5_worker_1/ils_config_10475899001479897096.prm
[INFO]:[01:49:51] CPLEX results. Gap: 3.700000, upper bound: 49.000000, lower bound: 47.186667
[INFO]:[01:49:51] CPLEX solver finished. Gap: 3.700000
[INFO]:[01:49:51] Starting CPLEX solver on instance: /home/yorig/tuner/mpils-tests/instances/miplib/easy/supportcase18.mps with config: /scratch/yorig/mpils-results-grid-seconds-5-no-mip-start/easy/4proc/seed-4/9_supportcase18_seed-4_20260503_014226/iterated_local_search/run_5_worker_1/ils_config_4323609350153015524.prm
[INFO]:[01:49:51] Starting CPLEX solver on instance: /home/yorig/tuner/mpils-tests/instances/miplib/easy/supportcase18.mps with config: /scratch/yorig/mpils-results-grid-seconds-5-no-mip-start/easy/4proc/seed-4/9_supportcase18_seed-4_20260503_014226/iterated_local_search/run_5_worker_1/ils_config_4323609350153015524.prm
[INFO]:[01:49:56] CPLEX results. Gap: 3.700000, upper bound: 49.000000, lower bound: 47.186667
[INFO]:[01:49:56] CPLEX solver finished. Gap: 3.700000
[INFO]:[01:49:56] Starting CPLEX solver on instance: /home/yorig/tuner/mpils-tests/instances/miplib/easy/supportcase18.mps with config: /scratch/yorig/mpils-results-grid-seconds-5-no-mip-start/easy/4proc/seed-4/9_supportcase18_seed-4_20260503_014226/iterated_local_search/run_5_worker_1/ils_config_6373742263496185551.prm
[INFO]:[01:49:56] Starting CPLEX solver on instance: /home/yorig/tuner/mpils-tests/instances/miplib/easy/supportcase18.mps with config: /scratch/yorig/mpils-results-grid-seconds-5-no-mip-start/easy/4proc/seed-4/9_supportcase18_seed-4_20260503_014226/iterated_local_search/run_5_worker_1/ils_config_6373742263496185551.prm
[INFO]:[01:50:01] CPLEX results. Gap: 3.700000, upper bound: 49.000000, lower bound: 47.186667
[INFO]:[01:50:01] CPLEX solver finished. Gap: 3.700000
[INFO]:[01:50:01] Starting CPLEX solver on instance: /home/yorig/tuner/mpils-tests/instances/miplib/easy/supportcase18.mps with config: /scratch/yorig/mpils-results-grid-seconds-5-no-mip-start/easy/4proc/seed-4/9_supportcase18_seed-4_20260503_014226/iterated_local_search/run_5_worker_1/ils_config_7713530131881664635.prm
[INFO]:[01:50:01] Starting CPLEX solver on instance: /home/yorig/tuner/mpils-tests/instances/miplib/easy/supportcase18.mps with config: /scratch/yorig/mpils-results-grid-seconds-5-no-mip-start/easy/4proc/seed-4/9_supportcase18_seed-4_20260503_014226/iterated_local_search/run_5_worker_1/ils_config_7713530131881664635.prm
[INFO]:[01:50:07] CPLEX results. Gap: 3.700000, upper bound: 49.000000, lower bound: 47.186667
[INFO]:[01:50:07] CPLEX solver finished. Gap: 3.700000
[INFO]:[01:50:07] Starting CPLEX solver on instance: /home/yorig/tuner/mpils-tests/instances/miplib/easy/supportcase18.mps with config: /scratch/yorig/mpils-results-grid-seconds-5-no-mip-start/easy/4proc/seed-4/9_supportcase18_seed-4_20260503_014226/iterated_local_search/run_5_worker_1/ils_config_17270530020856439768.prm
[INFO]:[01:50:07] Starting CPLEX solver on instance: /home/yorig/tuner/mpils-tests/instances/miplib/easy/supportcase18.mps with config: /scratch/yorig/mpils-results-grid-seconds-5-no-mip-start/easy/4proc/seed-4/9_supportcase18_seed-4_20260503_014226/iterated_local_search/run_5_worker_1/ils_config_17270530020856439768.prm
[INFO]:[01:50:12] CPLEX results. Gap: 3.700000, upper bound: 49.000000, lower bound: 47.186667
[INFO]:[01:50:12] CPLEX solver finished. Gap: 3.700000
[INFO]:[01:50:12] Starting CPLEX solver on instance: /home/yorig/tuner/mpils-tests/instances/miplib/easy/supportcase18.mps with config: /scratch/yorig/mpils-results-grid-seconds-5-no-mip-start/easy/4proc/seed-4/9_supportcase18_seed-4_20260503_014226/iterated_local_search/run_5_worker_1/ils_config_11071528030943446024.prm
[INFO]:[01:50:12] Starting CPLEX solver on instance: /home/yorig/tuner/mpils-tests/instances/miplib/easy/supportcase18.mps with config: /scratch/yorig/mpils-results-grid-seconds-5-no-mip-start/easy/4proc/seed-4/9_supportcase18_seed-4_20260503_014226/iterated_local_search/run_5_worker_1/ils_config_11071528030943446024.prm
[INFO]:[01:50:17] CPLEX results. Gap: 3.700000, upper bound: 49.000000, lower bound: 47.186667
[INFO]:[01:50:17] CPLEX solver finished. Gap: 3.700000
[INFO]:[01:50:17] Starting CPLEX solver on instance: /home/yorig/tuner/mpils-tests/instances/miplib/easy/supportcase18.mps with config: /scratch/yorig/mpils-results-grid-seconds-5-no-mip-start/easy/4proc/seed-4/9_supportcase18_seed-4_20260503_014226/iterated_local_search/run_5_worker_1/ils_config_10359148922213884816.prm
[INFO]:[01:50:17] Starting CPLEX solver on instance: /home/yorig/tuner/mpils-tests/instances/miplib/easy/supportcase18.mps with config: /scratch/yorig/mpils-results-grid-seconds-5-no-mip-start/easy/4proc/seed-4/9_supportcase18_seed-4_20260503_014226/iterated_local_search/run_5_worker_1/ils_config_10359148922213884816.prm
[INFO]:[01:50:22] CPLEX results. Gap: 3.700000, upper bound: 49.000000, lower bound: 47.186667
[INFO]:[01:50:22] CPLEX solver finished. Gap: 3.700000
[INFO]:[01:50:22] Starting CPLEX solver on instance: /home/yorig/tuner/mpils-tests/instances/miplib/easy/supportcase18.mps with config: /scratch/yorig/mpils-results-grid-seconds-5-no-mip-start/easy/4proc/seed-4/9_supportcase18_seed-4_20260503_014226/iterated_local_search/run_5_worker_1/ils_config_5612135488525219868.prm
[INFO]:[01:50:22] Starting CPLEX solver on instance: /home/yorig/tuner/mpils-tests/instances/miplib/easy/supportcase18.mps with config: /scratch/yorig/mpils-results-grid-seconds-5-no-mip-start/easy/4proc/seed-4/9_supportcase18_seed-4_20260503_014226/iterated_local_search/run_5_worker_1/ils_config_5612135488525219868.prm
[INFO]:[01:50:27] CPLEX results. Gap: 3.700000, upper bound: 49.000000, lower bound: 47.186667
[INFO]:[01:50:27] CPLEX solver finished. Gap: 3.700000
[INFO]:[01:50:27] Starting CPLEX solver on instance: /home/yorig/tuner/mpils-tests/instances/miplib/easy/supportcase18.mps with config: /scratch/yorig/mpils-results-grid-seconds-5-no-mip-start/easy/4proc/seed-4/9_supportcase18_seed-4_20260503_014226/iterated_local_search/run_5_worker_1/ils_config_7473754322687825764.prm
[INFO]:[01:50:27] Starting CPLEX solver on instance: /home/yorig/tuner/mpils-tests/instances/miplib/easy/supportcase18.mps with config: /scratch/yorig/mpils-results-grid-seconds-5-no-mip-start/easy/4proc/seed-4/9_supportcase18_seed-4_20260503_014226/iterated_local_search/run_5_worker_1/ils_config_7473754322687825764.prm
[INFO]:[01:50:32] CPLEX results. Gap: 3.700000, upper bound: 49.000000, lower bound: 47.186667
[INFO]:[01:50:32] CPLEX solver finished. Gap: 3.700000
[INFO]:[01:50:32] Starting CPLEX solver on instance: /home/yorig/tuner/mpils-tests/instances/miplib/easy/supportcase18.mps with config: /scratch/yorig/mpils-results-grid-seconds-5-no-mip-start/easy/4proc/seed-4/9_supportcase18_seed-4_20260503_014226/iterated_local_search/run_5_worker_1/ils_config_16198167265198118514.prm
[INFO]:[01:50:32] Starting CPLEX solver on instance: /home/yorig/tuner/mpils-tests/instances/miplib/easy/supportcase18.mps with config: /scratch/yorig/mpils-results-grid-seconds-5-no-mip-start/easy/4proc/seed-4/9_supportcase18_seed-4_20260503_014226/iterated_local_search/run_5_worker_1/ils_config_16198167265198118514.prm
[INFO]:[01:50:37] CPLEX results. Gap: 3.700000, upper bound: 49.000000, lower bound: 47.186667
[INFO]:[01:50:37] CPLEX solver finished. Gap: 3.700000
[INFO]:[01:50:37] Starting CPLEX solver on instance: /home/yorig/tuner/mpils-tests/instances/miplib/easy/supportcase18.mps with config: /scratch/yorig/mpils-results-grid-seconds-5-no-mip-start/easy/4proc/seed-4/9_supportcase18_seed-4_20260503_014226/iterated_local_search/run_5_worker_1/ils_config_2045221141382991417.prm
[INFO]:[01:50:37] Starting CPLEX solver on instance: /home/yorig/tuner/mpils-tests/instances/miplib/easy/supportcase18.mps with config: /scratch/yorig/mpils-results-grid-seconds-5-no-mip-start/easy/4proc/seed-4/9_supportcase18_seed-4_20260503_014226/iterated_local_search/run_5_worker_1/ils_config_2045221141382991417.prm
[INFO]:[01:50:42] CPLEX results. Gap: 3.700000, upper bound: 49.000000, lower bound: 47.186667
[INFO]:[01:50:42] CPLEX solver finished. Gap: 3.700000
[INFO]:[01:50:42] Local search phase completed.
[INFO]:[01:50:42] Total number of new local-search evaluations: 18
[INFO]:[01:50:42] Final incumbent objective value: 3.7
[INFO]:[01:50:42] Worker 1 completed exploration phase.
[INFO]:[01:50:42] Worker 1 received order for step 2.
[INFO]:[01:50:42] Worker 1 running expansion phase for iteration 5.
[INFO]:[01:50:42] Worker 1 will use solver log file: /scratch/yorig/mpils-results-grid-seconds-5-no-mip-start/easy/4proc/seed-4/9_supportcase18_seed-4_20260503_014226/solver/cplex.log_iteration_expansion_5_worker_1
[INFO]:[01:50:42] Expansion Worker 1 starting expansion for iteration 5.
[INFO]:[01:50:42] Starting CPLEX solver on instance: /home/yorig/tuner/mpils-tests/instances/miplib/easy/supportcase18.mps with config: /scratch/yorig/mpils-results-grid-seconds-5-no-mip-start/easy/4proc/seed-4/9_supportcase18_seed-4_20260503_014226/expansion/config_param_CPXPARAM_LPMethod_5_iter_5.prm
[INFO]:[01:50:47] CPLEX results. Gap: 3.700000, upper bound: 49.000000, lower bound: 47.186667
[INFO]:[01:50:47] CPLEX solver finished. Gap: 3.700000
[INFO]:[01:50:47] Starting CPLEX solver on instance: /home/yorig/tuner/mpils-tests/instances/miplib/easy/supportcase18.mps with config: /scratch/yorig/mpils-results-grid-seconds-5-no-mip-start/easy/4proc/seed-4/9_supportcase18_seed-4_20260503_014226/expansion/config_param_CPXPARAM_LPMethod_6_iter_5.prm
[INFO]:[01:50:52] CPLEX results. Gap: 3.700000, upper bound: 49.000000, lower bound: 47.186667
[INFO]:[01:50:52] CPLEX solver finished. Gap: 3.700000
[INFO]:[01:50:52] Starting CPLEX solver on instance: /home/yorig/tuner/mpils-tests/instances/miplib/easy/supportcase18.mps with config: /scratch/yorig/mpils-results-grid-seconds-5-no-mip-start/easy/4proc/seed-4/9_supportcase18_seed-4_20260503_014226/expansion/config_param_CPXPARAM_Read_Scale_-1_iter_5.prm
[INFO]:[01:50:57] CPLEX results. Gap: 5.630000, upper bound: 50.000000, lower bound: 47.186667
[INFO]:[01:50:57] CPLEX solver finished. Gap: 5.630000
[INFO]:[01:50:57] Starting CPLEX solver on instance: /home/yorig/tuner/mpils-tests/instances/miplib/easy/supportcase18.mps with config: /scratch/yorig/mpils-results-grid-seconds-5-no-mip-start/easy/4proc/seed-4/9_supportcase18_seed-4_20260503_014226/expansion/config_param_CPXPARAM_Read_Scale_1_iter_5.prm
[INFO]:[01:51:02] CPLEX results. Gap: 5.630000, upper bound: 50.000000, lower bound: 47.186667
[INFO]:[01:51:02] CPLEX solver finished. Gap: 5.630000
[INFO]:[01:51:02] Starting CPLEX solver on instance: /home/yorig/tuner/mpils-tests/instances/miplib/easy/supportcase18.mps with config: /scratch/yorig/mpils-results-grid-seconds-5-no-mip-start/easy/4proc/seed-4/9_supportcase18_seed-4_20260503_014226/expansion/config_param_CPXPARAM_Sifting_Algorithm_1_iter_5.prm
[INFO]:[01:51:07] CPLEX results. Gap: 3.700000, upper bound: 49.000000, lower bound: 47.186667
[INFO]:[01:51:07] CPLEX solver finished. Gap: 3.700000
[INFO]:[01:51:07] Starting CPLEX solver on instance: /home/yorig/tuner/mpils-tests/instances/miplib/easy/supportcase18.mps with config: /scratch/yorig/mpils-results-grid-seconds-5-no-mip-start/easy/4proc/seed-4/9_supportcase18_seed-4_20260503_014226/expansion/config_param_CPXPARAM_Sifting_Algorithm_2_iter_5.prm
[INFO]:[01:51:12] CPLEX results. Gap: 3.700000, upper bound: 49.000000, lower bound: 47.186667
[INFO]:[01:51:12] CPLEX solver finished. Gap: 3.700000
[INFO]:[01:51:12] Starting CPLEX solver on instance: /home/yorig/tuner/mpils-tests/instances/miplib/easy/supportcase18.mps with config: /scratch/yorig/mpils-results-grid-seconds-5-no-mip-start/easy/4proc/seed-4/9_supportcase18_seed-4_20260503_014226/expansion/config_param_CPXPARAM_Sifting_Algorithm_3_iter_5.prm
[INFO]:[01:51:17] CPLEX results. Gap: 3.700000, upper bound: 49.000000, lower bound: 47.186667
[INFO]:[01:51:17] CPLEX solver finished. Gap: 3.700000
[INFO]:[01:51:17] Starting CPLEX solver on instance: /home/yorig/tuner/mpils-tests/instances/miplib/easy/supportcase18.mps with config: /scratch/yorig/mpils-results-grid-seconds-5-no-mip-start/easy/4proc/seed-4/9_supportcase18_seed-4_20260503_014226/expansion/config_param_CPXPARAM_Sifting_Algorithm_4_iter_5.prm
[INFO]:[01:51:22] CPLEX results. Gap: 3.700000, upper bound: 49.000000, lower bound: 47.186667
[INFO]:[01:51:22] CPLEX solver finished. Gap: 3.700000
[INFO]:[01:51:22] Expansion Worker 1 completed expansion.
[INFO]:[01:51:22] Worker 1 completed expansion phase.
[INFO]:[01:51:22] Worker 1 received order for step 1.
[INFO]:[01:51:22] Worker 1 running exploration phase for iteration 6.
[INFO]:[01:51:22] Worker 1 at iteration 6 will use MIP start file: /scratch/yorig/mpils-results-grid-seconds-5-no-mip-start/easy/4proc/seed-4/9_supportcase18_seed-4_20260503_014226/iterated_local_search/run_1_worker_0/mip_starts/mip_start_eval_9_config_10346973009034893901.mst
[INFO]:[01:51:22] Starting local search phase...
[INFO]:[01:51:22] Creating local search space from parameter space file: /scratch/yorig/mpils-results-grid-seconds-5-no-mip-start/easy/4proc/seed-4/9_supportcase18_seed-4_20260503_014226/iterated_local_search/search_space/search_space_file_6_worker_1.txt
[INFO]:[01:51:22] Local search space loaded from file: /scratch/yorig/mpils-results-grid-seconds-5-no-mip-start/easy/4proc/seed-4/9_supportcase18_seed-4_20260503_014226/iterated_local_search/search_space/search_space_file_6_worker_1.txt
[INFO]:[01:51:22] Number of parameters in local search space: 71
[INFO]:[01:51:22] Number of forbidden tuples in local search space: 76
[INFO]:[01:51:22] Number of conditionals in local search space: 6
[INFO]:[01:51:22] Using MIP start file for local search: /scratch/yorig/mpils-results-grid-seconds-5-no-mip-start/easy/4proc/seed-4/9_supportcase18_seed-4_20260503_014226/iterated_local_search/run_1_worker_0/mip_starts/mip_start_eval_9_config_10346973009034893901.mst
[INFO]:[01:51:22] Evaluating initial configuration for local search phase...
[INFO]:[01:51:22] Starting CPLEX solver on instance: /home/yorig/tuner/mpils-tests/instances/miplib/easy/supportcase18.mps with config: /scratch/yorig/mpils-results-grid-seconds-5-no-mip-start/easy/4proc/seed-4/9_supportcase18_seed-4_20260503_014226/iterated_local_search/run_6_worker_1/ils_config_10346973009034893900.prm
[INFO]:[01:51:22] Starting CPLEX solver on instance: /home/yorig/tuner/mpils-tests/instances/miplib/easy/supportcase18.mps with config: /scratch/yorig/mpils-results-grid-seconds-5-no-mip-start/easy/4proc/seed-4/9_supportcase18_seed-4_20260503_014226/iterated_local_search/run_6_worker_1/ils_config_10346973009034893900.prm
[INFO]:[01:51:27] CPLEX results. Gap: 3.700000, upper bound: 49.000000, lower bound: 47.186667
[INFO]:[01:51:27] CPLEX solver finished. Gap: 3.700000
[INFO]:[01:51:27] Initial configuration evaluated with objective value: 3.7
[INFO]:[01:51:27] Starting CPLEX solver on instance: /home/yorig/tuner/mpils-tests/instances/miplib/easy/supportcase18.mps with config: /scratch/yorig/mpils-results-grid-seconds-5-no-mip-start/easy/4proc/seed-4/9_supportcase18_seed-4_20260503_014226/iterated_local_search/run_6_worker_1/ils_config_11881378668426770795.prm
[INFO]:[01:51:27] Starting CPLEX solver on instance: /home/yorig/tuner/mpils-tests/instances/miplib/easy/supportcase18.mps with config: /scratch/yorig/mpils-results-grid-seconds-5-no-mip-start/easy/4proc/seed-4/9_supportcase18_seed-4_20260503_014226/iterated_local_search/run_6_worker_1/ils_config_11881378668426770795.prm
[INFO]:[01:51:33] CPLEX results. Gap: 3.700000, upper bound: 49.000000, lower bound: 47.186667
[INFO]:[01:51:33] CPLEX solver finished. Gap: 3.700000
[INFO]:[01:51:33] Starting CPLEX solver on instance: /home/yorig/tuner/mpils-tests/instances/miplib/easy/supportcase18.mps with config: /scratch/yorig/mpils-results-grid-seconds-5-no-mip-start/easy/4proc/seed-4/9_supportcase18_seed-4_20260503_014226/iterated_local_search/run_6_worker_1/ils_config_12888482828633900125.prm
[INFO]:[01:51:33] Starting CPLEX solver on instance: /home/yorig/tuner/mpils-tests/instances/miplib/easy/supportcase18.mps with config: /scratch/yorig/mpils-results-grid-seconds-5-no-mip-start/easy/4proc/seed-4/9_supportcase18_seed-4_20260503_014226/iterated_local_search/run_6_worker_1/ils_config_12888482828633900125.prm
[INFO]:[01:51:38] CPLEX results. Gap: 3.700000, upper bound: 49.000000, lower bound: 47.186667
[INFO]:[01:51:38] CPLEX solver finished. Gap: 3.700000
[INFO]:[01:51:38] Starting CPLEX solver on instance: /home/yorig/tuner/mpils-tests/instances/miplib/easy/supportcase18.mps with config: /scratch/yorig/mpils-results-grid-seconds-5-no-mip-start/easy/4proc/seed-4/9_supportcase18_seed-4_20260503_014226/iterated_local_search/run_6_worker_1/ils_config_7546529019771280745.prm
[INFO]:[01:51:38] Starting CPLEX solver on instance: /home/yorig/tuner/mpils-tests/instances/miplib/easy/supportcase18.mps with config: /scratch/yorig/mpils-results-grid-seconds-5-no-mip-start/easy/4proc/seed-4/9_supportcase18_seed-4_20260503_014226/iterated_local_search/run_6_worker_1/ils_config_7546529019771280745.prm
[INFO]:[01:51:43] CPLEX results. Gap: 3.700000, upper bound: 49.000000, lower bound: 47.186667
[INFO]:[01:51:43] CPLEX solver finished. Gap: 3.700000
[INFO]:[01:51:43] Starting CPLEX solver on instance: /home/yorig/tuner/mpils-tests/instances/miplib/easy/supportcase18.mps with config: /scratch/yorig/mpils-results-grid-seconds-5-no-mip-start/easy/4proc/seed-4/9_supportcase18_seed-4_20260503_014226/iterated_local_search/run_6_worker_1/ils_config_14524213185650344474.prm
[INFO]:[01:51:43] Starting CPLEX solver on instance: /home/yorig/tuner/mpils-tests/instances/miplib/easy/supportcase18.mps with config: /scratch/yorig/mpils-results-grid-seconds-5-no-mip-start/easy/4proc/seed-4/9_supportcase18_seed-4_20260503_014226/iterated_local_search/run_6_worker_1/ils_config_14524213185650344474.prm
[INFO]:[01:51:48] CPLEX results. Gap: 3.700000, upper bound: 49.000000, lower bound: 47.186667
[INFO]:[01:51:48] CPLEX solver finished. Gap: 3.700000
[INFO]:[01:51:48] Starting CPLEX solver on instance: /home/yorig/tuner/mpils-tests/instances/miplib/easy/supportcase18.mps with config: /scratch/yorig/mpils-results-grid-seconds-5-no-mip-start/easy/4proc/seed-4/9_supportcase18_seed-4_20260503_014226/iterated_local_search/run_6_worker_1/ils_config_11071528030943446024.prm
[INFO]:[01:51:48] Starting CPLEX solver on instance: /home/yorig/tuner/mpils-tests/instances/miplib/easy/supportcase18.mps with config: /scratch/yorig/mpils-results-grid-seconds-5-no-mip-start/easy/4proc/seed-4/9_supportcase18_seed-4_20260503_014226/iterated_local_search/run_6_worker_1/ils_config_11071528030943446024.prm
[INFO]:[01:51:53] CPLEX results. Gap: 3.700000, upper bound: 49.000000, lower bound: 47.186667
[INFO]:[01:51:53] CPLEX solver finished. Gap: 3.700000
[INFO]:[01:51:53] Starting CPLEX solver on instance: /home/yorig/tuner/mpils-tests/instances/miplib/easy/supportcase18.mps with config: /scratch/yorig/mpils-results-grid-seconds-5-no-mip-start/easy/4proc/seed-4/9_supportcase18_seed-4_20260503_014226/iterated_local_search/run_6_worker_1/ils_config_17270530020856439768.prm
[INFO]:[01:51:53] Starting CPLEX solver on instance: /home/yorig/tuner/mpils-tests/instances/miplib/easy/supportcase18.mps with config: /scratch/yorig/mpils-results-grid-seconds-5-no-mip-start/easy/4proc/seed-4/9_supportcase18_seed-4_20260503_014226/iterated_local_search/run_6_worker_1/ils_config_17270530020856439768.prm
[INFO]:[01:51:58] CPLEX results. Gap: 3.700000, upper bound: 49.000000, lower bound: 47.186667
[INFO]:[01:51:58] CPLEX solver finished. Gap: 3.700000
[INFO]:[01:51:58] Starting CPLEX solver on instance: /home/yorig/tuner/mpils-tests/instances/miplib/easy/supportcase18.mps with config: /scratch/yorig/mpils-results-grid-seconds-5-no-mip-start/easy/4proc/seed-4/9_supportcase18_seed-4_20260503_014226/iterated_local_search/run_6_worker_1/ils_config_6336093363667231029.prm
[INFO]:[01:51:58] Starting CPLEX solver on instance: /home/yorig/tuner/mpils-tests/instances/miplib/easy/supportcase18.mps with config: /scratch/yorig/mpils-results-grid-seconds-5-no-mip-start/easy/4proc/seed-4/9_supportcase18_seed-4_20260503_014226/iterated_local_search/run_6_worker_1/ils_config_6336093363667231029.prm
[INFO]:[01:52:03] CPLEX results. Gap: 3.700000, upper bound: 49.000000, lower bound: 47.186667
[INFO]:[01:52:03] CPLEX solver finished. Gap: 3.700000
[INFO]:[01:52:03] Starting CPLEX solver on instance: /home/yorig/tuner/mpils-tests/instances/miplib/easy/supportcase18.mps with config: /scratch/yorig/mpils-results-grid-seconds-5-no-mip-start/easy/4proc/seed-4/9_supportcase18_seed-4_20260503_014226/iterated_local_search/run_6_worker_1/ils_config_5757718786072073585.prm
[INFO]:[01:52:03] Starting CPLEX solver on instance: /home/yorig/tuner/mpils-tests/instances/miplib/easy/supportcase18.mps with config: /scratch/yorig/mpils-results-grid-seconds-5-no-mip-start/easy/4proc/seed-4/9_supportcase18_seed-4_20260503_014226/iterated_local_search/run_6_worker_1/ils_config_5757718786072073585.prm
[INFO]:[01:52:08] CPLEX results. Gap: 3.700000, upper bound: 49.000000, lower bound: 47.186667
[INFO]:[01:52:08] CPLEX solver finished. Gap: 3.700000
[INFO]:[01:52:08] Starting CPLEX solver on instance: /home/yorig/tuner/mpils-tests/instances/miplib/easy/supportcase18.mps with config: /scratch/yorig/mpils-results-grid-seconds-5-no-mip-start/easy/4proc/seed-4/9_supportcase18_seed-4_20260503_014226/iterated_local_search/run_6_worker_1/ils_config_16198167265198118514.prm
[INFO]:[01:52:08] Starting CPLEX solver on instance: /home/yorig/tuner/mpils-tests/instances/miplib/easy/supportcase18.mps with config: /scratch/yorig/mpils-results-grid-seconds-5-no-mip-start/easy/4proc/seed-4/9_supportcase18_seed-4_20260503_014226/iterated_local_search/run_6_worker_1/ils_config_16198167265198118514.prm
[INFO]:[01:52:13] CPLEX results. Gap: 3.700000, upper bound: 49.000000, lower bound: 47.186667
[INFO]:[01:52:13] CPLEX solver finished. Gap: 3.700000
[INFO]:[01:52:13] Starting CPLEX solver on instance: /home/yorig/tuner/mpils-tests/instances/miplib/easy/supportcase18.mps with config: /scratch/yorig/mpils-results-grid-seconds-5-no-mip-start/easy/4proc/seed-4/9_supportcase18_seed-4_20260503_014226/iterated_local_search/run_6_worker_1/ils_config_15495788963469626844.prm
[INFO]:[01:52:13] Starting CPLEX solver on instance: /home/yorig/tuner/mpils-tests/instances/miplib/easy/supportcase18.mps with config: /scratch/yorig/mpils-results-grid-seconds-5-no-mip-start/easy/4proc/seed-4/9_supportcase18_seed-4_20260503_014226/iterated_local_search/run_6_worker_1/ils_config_15495788963469626844.prm
[INFO]:[01:52:18] CPLEX results. Gap: 3.700000, upper bound: 49.000000, lower bound: 47.186667
[INFO]:[01:52:18] CPLEX solver finished. Gap: 3.700000
[INFO]:[01:52:18] Starting CPLEX solver on instance: /home/yorig/tuner/mpils-tests/instances/miplib/easy/supportcase18.mps with config: /scratch/yorig/mpils-results-grid-seconds-5-no-mip-start/easy/4proc/seed-4/9_supportcase18_seed-4_20260503_014226/iterated_local_search/run_6_worker_1/ils_config_18069049565768102883.prm
[INFO]:[01:52:18] Starting CPLEX solver on instance: /home/yorig/tuner/mpils-tests/instances/miplib/easy/supportcase18.mps with config: /scratch/yorig/mpils-results-grid-seconds-5-no-mip-start/easy/4proc/seed-4/9_supportcase18_seed-4_20260503_014226/iterated_local_search/run_6_worker_1/ils_config_18069049565768102883.prm
[INFO]:[01:52:23] CPLEX results. Gap: 3.700000, upper bound: 49.000000, lower bound: 47.186667
[INFO]:[01:52:23] CPLEX solver finished. Gap: 3.700000
[INFO]:[01:52:23] Starting CPLEX solver on instance: /home/yorig/tuner/mpils-tests/instances/miplib/easy/supportcase18.mps with config: /scratch/yorig/mpils-results-grid-seconds-5-no-mip-start/easy/4proc/seed-4/9_supportcase18_seed-4_20260503_014226/iterated_local_search/run_6_worker_1/ils_config_4323609350153015524.prm
[INFO]:[01:52:23] Starting CPLEX solver on instance: /home/yorig/tuner/mpils-tests/instances/miplib/easy/supportcase18.mps with config: /scratch/yorig/mpils-results-grid-seconds-5-no-mip-start/easy/4proc/seed-4/9_supportcase18_seed-4_20260503_014226/iterated_local_search/run_6_worker_1/ils_config_4323609350153015524.prm
[INFO]:[01:52:28] CPLEX results. Gap: 3.700000, upper bound: 49.000000, lower bound: 47.186667
[INFO]:[01:52:28] CPLEX solver finished. Gap: 3.700000
[INFO]:[01:52:28] Starting CPLEX solver on instance: /home/yorig/tuner/mpils-tests/instances/miplib/easy/supportcase18.mps with config: /scratch/yorig/mpils-results-grid-seconds-5-no-mip-start/easy/4proc/seed-4/9_supportcase18_seed-4_20260503_014226/iterated_local_search/run_6_worker_1/ils_config_10359148922213884816.prm
[INFO]:[01:52:28] Starting CPLEX solver on instance: /home/yorig/tuner/mpils-tests/instances/miplib/easy/supportcase18.mps with config: /scratch/yorig/mpils-results-grid-seconds-5-no-mip-start/easy/4proc/seed-4/9_supportcase18_seed-4_20260503_014226/iterated_local_search/run_6_worker_1/ils_config_10359148922213884816.prm
[INFO]:[01:52:33] CPLEX results. Gap: 3.700000, upper bound: 49.000000, lower bound: 47.186667
[INFO]:[01:52:33] CPLEX solver finished. Gap: 3.700000
[INFO]:[01:52:33] Starting CPLEX solver on instance: /home/yorig/tuner/mpils-tests/instances/miplib/easy/supportcase18.mps with config: /scratch/yorig/mpils-results-grid-seconds-5-no-mip-start/easy/4proc/seed-4/9_supportcase18_seed-4_20260503_014226/iterated_local_search/run_6_worker_1/ils_config_2270352037973619203.prm
[INFO]:[01:52:33] Starting CPLEX solver on instance: /home/yorig/tuner/mpils-tests/instances/miplib/easy/supportcase18.mps with config: /scratch/yorig/mpils-results-grid-seconds-5-no-mip-start/easy/4proc/seed-4/9_supportcase18_seed-4_20260503_014226/iterated_local_search/run_6_worker_1/ils_config_2270352037973619203.prm
[INFO]:[01:52:38] CPLEX results. Gap: 3.700000, upper bound: 49.000000, lower bound: 47.186667
[INFO]:[01:52:38] CPLEX solver finished. Gap: 3.700000
[INFO]:[01:52:38] Starting CPLEX solver on instance: /home/yorig/tuner/mpils-tests/instances/miplib/easy/supportcase18.mps with config: /scratch/yorig/mpils-results-grid-seconds-5-no-mip-start/easy/4proc/seed-4/9_supportcase18_seed-4_20260503_014226/iterated_local_search/run_6_worker_1/ils_config_9616843984586579835.prm
[INFO]:[01:52:38] Starting CPLEX solver on instance: /home/yorig/tuner/mpils-tests/instances/miplib/easy/supportcase18.mps with config: /scratch/yorig/mpils-results-grid-seconds-5-no-mip-start/easy/4proc/seed-4/9_supportcase18_seed-4_20260503_014226/iterated_local_search/run_6_worker_1/ils_config_9616843984586579835.prm
[INFO]:[01:52:43] CPLEX results. Gap: 3.700000, upper bound: 49.000000, lower bound: 47.186667
[INFO]:[01:52:43] CPLEX solver finished. Gap: 3.700000
[INFO]:[01:52:43] Starting CPLEX solver on instance: /home/yorig/tuner/mpils-tests/instances/miplib/easy/supportcase18.mps with config: /scratch/yorig/mpils-results-grid-seconds-5-no-mip-start/easy/4proc/seed-4/9_supportcase18_seed-4_20260503_014226/iterated_local_search/run_6_worker_1/ils_config_7713530131881664635.prm
[INFO]:[01:52:43] Starting CPLEX solver on instance: /home/yorig/tuner/mpils-tests/instances/miplib/easy/supportcase18.mps with config: /scratch/yorig/mpils-results-grid-seconds-5-no-mip-start/easy/4proc/seed-4/9_supportcase18_seed-4_20260503_014226/iterated_local_search/run_6_worker_1/ils_config_7713530131881664635.prm
[INFO]:[01:52:49] CPLEX results. Gap: 3.700000, upper bound: 49.000000, lower bound: 47.186667
[INFO]:[01:52:49] CPLEX solver finished. Gap: 3.700000
[INFO]:[01:52:49] Starting CPLEX solver on instance: /home/yorig/tuner/mpils-tests/instances/miplib/easy/supportcase18.mps with config: /scratch/yorig/mpils-results-grid-seconds-5-no-mip-start/easy/4proc/seed-4/9_supportcase18_seed-4_20260503_014226/iterated_local_search/run_6_worker_1/ils_config_6082029737368658287.prm
[INFO]:[01:52:49] Starting CPLEX solver on instance: /home/yorig/tuner/mpils-tests/instances/miplib/easy/supportcase18.mps with config: /scratch/yorig/mpils-results-grid-seconds-5-no-mip-start/easy/4proc/seed-4/9_supportcase18_seed-4_20260503_014226/iterated_local_search/run_6_worker_1/ils_config_6082029737368658287.prm
[INFO]:[01:52:54] CPLEX results. Gap: 3.700000, upper bound: 49.000000, lower bound: 47.186667
[INFO]:[01:52:54] CPLEX solver finished. Gap: 3.700000
[INFO]:[01:52:54] Local search phase completed.
[INFO]:[01:52:54] Total number of new local-search evaluations: 18
[INFO]:[01:52:54] Final incumbent objective value: 3.7
[INFO]:[01:52:54] Worker 1 completed exploration phase.
[INFO]:[01:52:54] Worker 1 received order for step 3.
[INFO]:[01:52:54] Worker 1 finished.
