[INFO]:[09:28:17] Worker 5 starting.
[INFO]:[09:28:17] Worker 5 received order for step 1.
[INFO]:[09:28:17] Worker 5 running exploration phase for iteration 1.
[INFO]:[09:28:17] Current MIP start info file not found: /scratch/yorig/mpils-results-grid-seconds-5/medium-2/24proc/seed-1/1_neos-4387871-tavua_seed-1_20260503_092816/iterated_local_search/mip_start/current_mip_start_1.txt
[INFO]:[09:28:17] Worker 5 at iteration 1 will not use a MIP start file. Current best MIP-start upper bound threshold is 1.79769e+308.
[INFO]:[09:28:17] Starting local search phase...
[INFO]:[09:28:17] Creating local search space from parameter space file: /scratch/yorig/mpils-results-grid-seconds-5/medium-2/24proc/seed-1/1_neos-4387871-tavua_seed-1_20260503_092816/iterated_local_search/search_space/search_space_file_1_worker_5.txt
[INFO]:[09:28:17] Local search space loaded from file: /scratch/yorig/mpils-results-grid-seconds-5/medium-2/24proc/seed-1/1_neos-4387871-tavua_seed-1_20260503_092816/iterated_local_search/search_space/search_space_file_1_worker_5.txt
[INFO]:[09:28:17] Number of parameters in local search space: 71
[INFO]:[09:28:17] Number of forbidden tuples in local search space: 0
[INFO]:[09:28:17] Number of conditionals in local search space: 6
[INFO]:[09:28:17] MIP start option not enabled. Local search will proceed without MIP start.
[INFO]:[09:28:17] Evaluating initial configuration for local search phase...
[INFO]:[09:28:17] Starting CPLEX solver on instance: /home/yorig/tuner/mpils-tests/instances/miplib/medium-2/neos-4387871-tavua.mps with config: /scratch/yorig/mpils-results-grid-seconds-5/medium-2/24proc/seed-1/1_neos-4387871-tavua_seed-1_20260503_092816/iterated_local_search/run_1_worker_5/ils_config_8324574644124398767.prm
[INFO]:[09:28:17] Starting CPLEX solver on instance: /home/yorig/tuner/mpils-tests/instances/miplib/medium-2/neos-4387871-tavua.mps with config: /scratch/yorig/mpils-results-grid-seconds-5/medium-2/24proc/seed-1/1_neos-4387871-tavua_seed-1_20260503_092816/iterated_local_search/run_1_worker_5/ils_config_8324574644124398767.prm
[INFO]:[09:28:22] CPLEX results. Gap: 34.110000, upper bound: 34.142100, lower bound: 22.496782
[INFO]:[09:28:22] Writing MIP start file: /scratch/yorig/mpils-results-grid-seconds-5/medium-2/24proc/seed-1/1_neos-4387871-tavua_seed-1_20260503_092816/iterated_local_search/run_1_worker_5/mip_starts/mip_start_eval_1_config_8324574644124398767.mst
[INFO]:[09:28:22] CPLEX solver finished. Gap: 34.110000
[INFO]:[09:28:22] Initial configuration evaluated with objective value: 34.11
[INFO]:[09:28:22] Starting CPLEX solver on instance: /home/yorig/tuner/mpils-tests/instances/miplib/medium-2/neos-4387871-tavua.mps with config: /scratch/yorig/mpils-results-grid-seconds-5/medium-2/24proc/seed-1/1_neos-4387871-tavua_seed-1_20260503_092816/iterated_local_search/run_1_worker_5/ils_config_5283696125563727597.prm
[INFO]:[09:28:22] Starting CPLEX solver on instance: /home/yorig/tuner/mpils-tests/instances/miplib/medium-2/neos-4387871-tavua.mps with config: /scratch/yorig/mpils-results-grid-seconds-5/medium-2/24proc/seed-1/1_neos-4387871-tavua_seed-1_20260503_092816/iterated_local_search/run_1_worker_5/ils_config_5283696125563727597.prm
[INFO]:[09:28:27] CPLEX results. Gap: 34.110000, upper bound: 34.142100, lower bound: 22.496782
[INFO]:[09:28:27] CPLEX solver finished. Gap: 34.110000
[INFO]:[09:28:27] Starting CPLEX solver on instance: /home/yorig/tuner/mpils-tests/instances/miplib/medium-2/neos-4387871-tavua.mps with config: /scratch/yorig/mpils-results-grid-seconds-5/medium-2/24proc/seed-1/1_neos-4387871-tavua_seed-1_20260503_092816/iterated_local_search/run_1_worker_5/ils_config_14475386990690884369.prm
[INFO]:[09:28:27] Starting CPLEX solver on instance: /home/yorig/tuner/mpils-tests/instances/miplib/medium-2/neos-4387871-tavua.mps with config: /scratch/yorig/mpils-results-grid-seconds-5/medium-2/24proc/seed-1/1_neos-4387871-tavua_seed-1_20260503_092816/iterated_local_search/run_1_worker_5/ils_config_14475386990690884369.prm
[INFO]:[09:28:32] CPLEX results. Gap: 33.940000, upper bound: 33.556310, lower bound: 22.167069
[INFO]:[09:28:32] Writing MIP start file: /scratch/yorig/mpils-results-grid-seconds-5/medium-2/24proc/seed-1/1_neos-4387871-tavua_seed-1_20260503_092816/iterated_local_search/run_1_worker_5/mip_starts/mip_start_eval_3_config_14475386990690884369.mst
[INFO]:[09:28:32] CPLEX solver finished. Gap: 33.940000
[INFO]:[09:28:32] New incumbent found with objective value: 33.94
[INFO]:[09:28:32] Starting CPLEX solver on instance: /home/yorig/tuner/mpils-tests/instances/miplib/medium-2/neos-4387871-tavua.mps with config: /scratch/yorig/mpils-results-grid-seconds-5/medium-2/24proc/seed-1/1_neos-4387871-tavua_seed-1_20260503_092816/iterated_local_search/run_1_worker_5/ils_config_5804632531646231265.prm
[INFO]:[09:28:32] Starting CPLEX solver on instance: /home/yorig/tuner/mpils-tests/instances/miplib/medium-2/neos-4387871-tavua.mps with config: /scratch/yorig/mpils-results-grid-seconds-5/medium-2/24proc/seed-1/1_neos-4387871-tavua_seed-1_20260503_092816/iterated_local_search/run_1_worker_5/ils_config_5804632531646231265.prm
[INFO]:[09:28:37] CPLEX results. Gap: 36.340000, upper bound: 33.556310, lower bound: 21.360683
[INFO]:[09:28:37] CPLEX solver finished. Gap: 36.340000
[INFO]:[09:28:37] Starting CPLEX solver on instance: /home/yorig/tuner/mpils-tests/instances/miplib/medium-2/neos-4387871-tavua.mps with config: /scratch/yorig/mpils-results-grid-seconds-5/medium-2/24proc/seed-1/1_neos-4387871-tavua_seed-1_20260503_092816/iterated_local_search/run_1_worker_5/ils_config_7446913459844639186.prm
[INFO]:[09:28:37] Starting CPLEX solver on instance: /home/yorig/tuner/mpils-tests/instances/miplib/medium-2/neos-4387871-tavua.mps with config: /scratch/yorig/mpils-results-grid-seconds-5/medium-2/24proc/seed-1/1_neos-4387871-tavua_seed-1_20260503_092816/iterated_local_search/run_1_worker_5/ils_config_7446913459844639186.prm
[INFO]:[09:28:42] CPLEX results. Gap: 30.880000, upper bound: 33.556310, lower bound: 23.195041
[INFO]:[09:28:42] CPLEX solver finished. Gap: 30.880000
[INFO]:[09:28:42] New incumbent found with objective value: 30.88
[INFO]:[09:28:42] Starting CPLEX solver on instance: /home/yorig/tuner/mpils-tests/instances/miplib/medium-2/neos-4387871-tavua.mps with config: /scratch/yorig/mpils-results-grid-seconds-5/medium-2/24proc/seed-1/1_neos-4387871-tavua_seed-1_20260503_092816/iterated_local_search/run_1_worker_5/ils_config_8278599696816594311.prm
[INFO]:[09:28:42] Starting CPLEX solver on instance: /home/yorig/tuner/mpils-tests/instances/miplib/medium-2/neos-4387871-tavua.mps with config: /scratch/yorig/mpils-results-grid-seconds-5/medium-2/24proc/seed-1/1_neos-4387871-tavua_seed-1_20260503_092816/iterated_local_search/run_1_worker_5/ils_config_8278599696816594311.prm
[INFO]:[09:28:47] CPLEX results. Gap: 30.240000, upper bound: 34.142100, lower bound: 23.818480
[INFO]:[09:28:47] CPLEX solver finished. Gap: 30.240000
[INFO]:[09:28:47] New incumbent found with objective value: 30.24
[INFO]:[09:28:47] Starting CPLEX solver on instance: /home/yorig/tuner/mpils-tests/instances/miplib/medium-2/neos-4387871-tavua.mps with config: /scratch/yorig/mpils-results-grid-seconds-5/medium-2/24proc/seed-1/1_neos-4387871-tavua_seed-1_20260503_092816/iterated_local_search/run_1_worker_5/ils_config_11824747146342723104.prm
[INFO]:[09:28:47] Starting CPLEX solver on instance: /home/yorig/tuner/mpils-tests/instances/miplib/medium-2/neos-4387871-tavua.mps with config: /scratch/yorig/mpils-results-grid-seconds-5/medium-2/24proc/seed-1/1_neos-4387871-tavua_seed-1_20260503_092816/iterated_local_search/run_1_worker_5/ils_config_11824747146342723104.prm
[INFO]:[09:28:52] CPLEX results. Gap: 30.240000, upper bound: 34.142100, lower bound: 23.818480
[INFO]:[09:28:52] CPLEX solver finished. Gap: 30.240000
[INFO]:[09:28:52] Starting CPLEX solver on instance: /home/yorig/tuner/mpils-tests/instances/miplib/medium-2/neos-4387871-tavua.mps with config: /scratch/yorig/mpils-results-grid-seconds-5/medium-2/24proc/seed-1/1_neos-4387871-tavua_seed-1_20260503_092816/iterated_local_search/run_1_worker_5/ils_config_8512405499276127110.prm
[INFO]:[09:28:52] Starting CPLEX solver on instance: /home/yorig/tuner/mpils-tests/instances/miplib/medium-2/neos-4387871-tavua.mps with config: /scratch/yorig/mpils-results-grid-seconds-5/medium-2/24proc/seed-1/1_neos-4387871-tavua_seed-1_20260503_092816/iterated_local_search/run_1_worker_5/ils_config_8512405499276127110.prm
[INFO]:[09:28:57] CPLEX results. Gap: 30.240000, upper bound: 34.142100, lower bound: 23.818480
[INFO]:[09:28:57] CPLEX solver finished. Gap: 30.240000
[INFO]:[09:28:57] Starting CPLEX solver on instance: /home/yorig/tuner/mpils-tests/instances/miplib/medium-2/neos-4387871-tavua.mps with config: /scratch/yorig/mpils-results-grid-seconds-5/medium-2/24proc/seed-1/1_neos-4387871-tavua_seed-1_20260503_092816/iterated_local_search/run_1_worker_5/ils_config_7877014689732310895.prm
[INFO]:[09:28:57] Starting CPLEX solver on instance: /home/yorig/tuner/mpils-tests/instances/miplib/medium-2/neos-4387871-tavua.mps with config: /scratch/yorig/mpils-results-grid-seconds-5/medium-2/24proc/seed-1/1_neos-4387871-tavua_seed-1_20260503_092816/iterated_local_search/run_1_worker_5/ils_config_7877014689732310895.prm
[INFO]:[09:29:02] CPLEX results. Gap: 33.480000, upper bound: 34.142100, lower bound: 22.710759
[INFO]:[09:29:02] CPLEX solver finished. Gap: 33.480000
[INFO]:[09:29:02] Starting CPLEX solver on instance: /home/yorig/tuner/mpils-tests/instances/miplib/medium-2/neos-4387871-tavua.mps with config: /scratch/yorig/mpils-results-grid-seconds-5/medium-2/24proc/seed-1/1_neos-4387871-tavua_seed-1_20260503_092816/iterated_local_search/run_1_worker_5/ils_config_17789554659688635217.prm
[INFO]:[09:29:02] Starting CPLEX solver on instance: /home/yorig/tuner/mpils-tests/instances/miplib/medium-2/neos-4387871-tavua.mps with config: /scratch/yorig/mpils-results-grid-seconds-5/medium-2/24proc/seed-1/1_neos-4387871-tavua_seed-1_20260503_092816/iterated_local_search/run_1_worker_5/ils_config_17789554659688635217.prm
[INFO]:[09:29:07] CPLEX results. Gap: 30.240000, upper bound: 34.142100, lower bound: 23.818480
[INFO]:[09:29:07] CPLEX solver finished. Gap: 30.240000
[INFO]:[09:29:07] Starting CPLEX solver on instance: /home/yorig/tuner/mpils-tests/instances/miplib/medium-2/neos-4387871-tavua.mps with config: /scratch/yorig/mpils-results-grid-seconds-5/medium-2/24proc/seed-1/1_neos-4387871-tavua_seed-1_20260503_092816/iterated_local_search/run_1_worker_5/ils_config_9916290008415064073.prm
[INFO]:[09:29:07] Starting CPLEX solver on instance: /home/yorig/tuner/mpils-tests/instances/miplib/medium-2/neos-4387871-tavua.mps with config: /scratch/yorig/mpils-results-grid-seconds-5/medium-2/24proc/seed-1/1_neos-4387871-tavua_seed-1_20260503_092816/iterated_local_search/run_1_worker_5/ils_config_9916290008415064073.prm
[INFO]:[09:29:12] CPLEX results. Gap: 33.790000, upper bound: 34.142100, lower bound: 22.604807
[INFO]:[09:29:12] CPLEX solver finished. Gap: 33.790000
[INFO]:[09:29:12] Starting CPLEX solver on instance: /home/yorig/tuner/mpils-tests/instances/miplib/medium-2/neos-4387871-tavua.mps with config: /scratch/yorig/mpils-results-grid-seconds-5/medium-2/24proc/seed-1/1_neos-4387871-tavua_seed-1_20260503_092816/iterated_local_search/run_1_worker_5/ils_config_14748479010010632043.prm
[INFO]:[09:29:12] Starting CPLEX solver on instance: /home/yorig/tuner/mpils-tests/instances/miplib/medium-2/neos-4387871-tavua.mps with config: /scratch/yorig/mpils-results-grid-seconds-5/medium-2/24proc/seed-1/1_neos-4387871-tavua_seed-1_20260503_092816/iterated_local_search/run_1_worker_5/ils_config_14748479010010632043.prm
[INFO]:[09:29:17] CPLEX results. Gap: 30.880000, upper bound: 33.556310, lower bound: 23.195041
[INFO]:[09:29:17] CPLEX solver finished. Gap: 30.880000
[INFO]:[09:29:17] Starting CPLEX solver on instance: /home/yorig/tuner/mpils-tests/instances/miplib/medium-2/neos-4387871-tavua.mps with config: /scratch/yorig/mpils-results-grid-seconds-5/medium-2/24proc/seed-1/1_neos-4387871-tavua_seed-1_20260503_092816/iterated_local_search/run_1_worker_5/ils_config_2893436135280796063.prm
[INFO]:[09:29:17] Starting CPLEX solver on instance: /home/yorig/tuner/mpils-tests/instances/miplib/medium-2/neos-4387871-tavua.mps with config: /scratch/yorig/mpils-results-grid-seconds-5/medium-2/24proc/seed-1/1_neos-4387871-tavua_seed-1_20260503_092816/iterated_local_search/run_1_worker_5/ils_config_2893436135280796063.prm
[INFO]:[09:29:22] CPLEX results. Gap: 30.240000, upper bound: 34.142100, lower bound: 23.818480
[INFO]:[09:29:22] CPLEX solver finished. Gap: 30.240000
[INFO]:[09:29:22] Starting CPLEX solver on instance: /home/yorig/tuner/mpils-tests/instances/miplib/medium-2/neos-4387871-tavua.mps with config: /scratch/yorig/mpils-results-grid-seconds-5/medium-2/24proc/seed-1/1_neos-4387871-tavua_seed-1_20260503_092816/iterated_local_search/run_1_worker_5/ils_config_4610143338282521338.prm
[INFO]:[09:29:22] Starting CPLEX solver on instance: /home/yorig/tuner/mpils-tests/instances/miplib/medium-2/neos-4387871-tavua.mps with config: /scratch/yorig/mpils-results-grid-seconds-5/medium-2/24proc/seed-1/1_neos-4387871-tavua_seed-1_20260503_092816/iterated_local_search/run_1_worker_5/ils_config_4610143338282521338.prm
[INFO]:[09:29:27] CPLEX results. Gap: 30.240000, upper bound: 34.142100, lower bound: 23.818480
[INFO]:[09:29:27] CPLEX solver finished. Gap: 30.240000
[INFO]:[09:29:27] Starting CPLEX solver on instance: /home/yorig/tuner/mpils-tests/instances/miplib/medium-2/neos-4387871-tavua.mps with config: /scratch/yorig/mpils-results-grid-seconds-5/medium-2/24proc/seed-1/1_neos-4387871-tavua_seed-1_20260503_092816/iterated_local_search/run_1_worker_5/ils_config_1364539186693215145.prm
[INFO]:[09:29:27] Starting CPLEX solver on instance: /home/yorig/tuner/mpils-tests/instances/miplib/medium-2/neos-4387871-tavua.mps with config: /scratch/yorig/mpils-results-grid-seconds-5/medium-2/24proc/seed-1/1_neos-4387871-tavua_seed-1_20260503_092816/iterated_local_search/run_1_worker_5/ils_config_1364539186693215145.prm
[INFO]:[09:29:33] CPLEX results. Gap: 33.270000, upper bound: 34.142100, lower bound: 22.783014
[INFO]:[09:29:33] CPLEX solver finished. Gap: 33.270000
[INFO]:[09:29:33] Starting CPLEX solver on instance: /home/yorig/tuner/mpils-tests/instances/miplib/medium-2/neos-4387871-tavua.mps with config: /scratch/yorig/mpils-results-grid-seconds-5/medium-2/24proc/seed-1/1_neos-4387871-tavua_seed-1_20260503_092816/iterated_local_search/run_1_worker_5/ils_config_916485881876908533.prm
[INFO]:[09:29:33] Starting CPLEX solver on instance: /home/yorig/tuner/mpils-tests/instances/miplib/medium-2/neos-4387871-tavua.mps with config: /scratch/yorig/mpils-results-grid-seconds-5/medium-2/24proc/seed-1/1_neos-4387871-tavua_seed-1_20260503_092816/iterated_local_search/run_1_worker_5/ils_config_916485881876908533.prm
[INFO]:[09:29:38] CPLEX results. Gap: 49.430000, upper bound: 33.556310, lower bound: 16.968393
[INFO]:[09:29:38] CPLEX solver finished. Gap: 49.430000
[INFO]:[09:29:38] Starting CPLEX solver on instance: /home/yorig/tuner/mpils-tests/instances/miplib/medium-2/neos-4387871-tavua.mps with config: /scratch/yorig/mpils-results-grid-seconds-5/medium-2/24proc/seed-1/1_neos-4387871-tavua_seed-1_20260503_092816/iterated_local_search/run_1_worker_5/ils_config_13408590616472116738.prm
[INFO]:[09:29:38] Starting CPLEX solver on instance: /home/yorig/tuner/mpils-tests/instances/miplib/medium-2/neos-4387871-tavua.mps with config: /scratch/yorig/mpils-results-grid-seconds-5/medium-2/24proc/seed-1/1_neos-4387871-tavua_seed-1_20260503_092816/iterated_local_search/run_1_worker_5/ils_config_13408590616472116738.prm
[INFO]:[09:29:43] CPLEX results. Gap: 35.150000, upper bound: 34.142100, lower bound: 22.141357
[INFO]:[09:29:43] CPLEX solver finished. Gap: 35.150000
[INFO]:[09:29:43] Starting CPLEX solver on instance: /home/yorig/tuner/mpils-tests/instances/miplib/medium-2/neos-4387871-tavua.mps with config: /scratch/yorig/mpils-results-grid-seconds-5/medium-2/24proc/seed-1/1_neos-4387871-tavua_seed-1_20260503_092816/iterated_local_search/run_1_worker_5/ils_config_1086848298692728384.prm
[INFO]:[09:29:43] Starting CPLEX solver on instance: /home/yorig/tuner/mpils-tests/instances/miplib/medium-2/neos-4387871-tavua.mps with config: /scratch/yorig/mpils-results-grid-seconds-5/medium-2/24proc/seed-1/1_neos-4387871-tavua_seed-1_20260503_092816/iterated_local_search/run_1_worker_5/ils_config_1086848298692728384.prm
[INFO]:[09:29:48] CPLEX results. Gap: 35.150000, upper bound: 34.142100, lower bound: 22.141357
[INFO]:[09:29:48] CPLEX solver finished. Gap: 35.150000
[INFO]:[09:29:48] Starting CPLEX solver on instance: /home/yorig/tuner/mpils-tests/instances/miplib/medium-2/neos-4387871-tavua.mps with config: /scratch/yorig/mpils-results-grid-seconds-5/medium-2/24proc/seed-1/1_neos-4387871-tavua_seed-1_20260503_092816/iterated_local_search/run_1_worker_5/ils_config_14702742821213366917.prm
[INFO]:[09:29:48] Starting CPLEX solver on instance: /home/yorig/tuner/mpils-tests/instances/miplib/medium-2/neos-4387871-tavua.mps with config: /scratch/yorig/mpils-results-grid-seconds-5/medium-2/24proc/seed-1/1_neos-4387871-tavua_seed-1_20260503_092816/iterated_local_search/run_1_worker_5/ils_config_14702742821213366917.prm
[INFO]:[09:29:53] CPLEX results. Gap: 29.960000, upper bound: 34.142100, lower bound: 23.914181
[INFO]:[09:29:53] CPLEX solver finished. Gap: 29.960000
[INFO]:[09:29:53] New incumbent found with objective value: 29.96
[INFO]:[09:29:53] Starting CPLEX solver on instance: /home/yorig/tuner/mpils-tests/instances/miplib/medium-2/neos-4387871-tavua.mps with config: /scratch/yorig/mpils-results-grid-seconds-5/medium-2/24proc/seed-1/1_neos-4387871-tavua_seed-1_20260503_092816/iterated_local_search/run_1_worker_5/ils_config_15454108476149575278.prm
[INFO]:[09:29:53] Starting CPLEX solver on instance: /home/yorig/tuner/mpils-tests/instances/miplib/medium-2/neos-4387871-tavua.mps with config: /scratch/yorig/mpils-results-grid-seconds-5/medium-2/24proc/seed-1/1_neos-4387871-tavua_seed-1_20260503_092816/iterated_local_search/run_1_worker_5/ils_config_15454108476149575278.prm
[INFO]:[09:29:58] CPLEX results. Gap: 30.150000, upper bound: 33.556310, lower bound: 23.437695
[INFO]:[09:29:58] CPLEX solver finished. Gap: 30.150000
[INFO]:[09:29:58] Local search phase completed.
[INFO]:[09:29:58] Total number of new local-search evaluations: 20
[INFO]:[09:29:58] Final incumbent objective value: 29.96
[INFO]:[09:29:58] Worker 5 completed exploration phase.
[INFO]:[09:29:58] Worker 5 received order for step 2.
[INFO]:[09:29:58] Worker 5 running expansion phase for iteration 1.
[INFO]:[09:29:58] Worker 5 will use solver log file: /scratch/yorig/mpils-results-grid-seconds-5/medium-2/24proc/seed-1/1_neos-4387871-tavua_seed-1_20260503_092816/solver/cplex.log_iteration_expansion_1_worker_5
[INFO]:[09:29:58] Expansion Worker 5 starting expansion for iteration 1.
[INFO]:[09:29:58] Starting CPLEX solver on instance: /home/yorig/tuner/mpils-tests/instances/miplib/medium-2/neos-4387871-tavua.mps with config: /scratch/yorig/mpils-results-grid-seconds-5/medium-2/24proc/seed-1/1_neos-4387871-tavua_seed-1_20260503_092816/expansion/config_param_CPXPARAM_MIP_Strategy_NodeSelect_3_iter_1.prm
[INFO]:[09:30:03] CPLEX results. Gap: 32.060000, upper bound: 35.384730, lower bound: 24.039727
[INFO]:[09:30:03] CPLEX solver finished. Gap: 32.060000
[INFO]:[09:30:03] Expansion Worker 5 stopping early after global MPI expansion stop was activated.
[INFO]:[09:30:03] Expansion Worker 5 completed expansion.
[INFO]:[09:30:03] Worker 5 completed expansion phase.
[INFO]:[09:30:03] Worker 5 received order for step 1.
[INFO]:[09:30:03] Worker 5 running exploration phase for iteration 2.
[INFO]:[09:30:03] Worker 5 at iteration 2 will not use a MIP start file. Current best MIP-start upper bound threshold is 33.3847.
[INFO]:[09:30:03] Starting local search phase...
[INFO]:[09:30:03] Creating local search space from parameter space file: /scratch/yorig/mpils-results-grid-seconds-5/medium-2/24proc/seed-1/1_neos-4387871-tavua_seed-1_20260503_092816/iterated_local_search/search_space/search_space_file_2_worker_5.txt
[INFO]:[09:30:03] Local search space loaded from file: /scratch/yorig/mpils-results-grid-seconds-5/medium-2/24proc/seed-1/1_neos-4387871-tavua_seed-1_20260503_092816/iterated_local_search/search_space/search_space_file_2_worker_5.txt
[INFO]:[09:30:03] Number of parameters in local search space: 71
[INFO]:[09:30:03] Number of forbidden tuples in local search space: 24
[INFO]:[09:30:03] Number of conditionals in local search space: 6
[INFO]:[09:30:03] MIP start option not enabled. Local search will proceed without MIP start.
[INFO]:[09:30:03] Evaluating initial configuration for local search phase...
[INFO]:[09:30:03] Starting CPLEX solver on instance: /home/yorig/tuner/mpils-tests/instances/miplib/medium-2/neos-4387871-tavua.mps with config: /scratch/yorig/mpils-results-grid-seconds-5/medium-2/24proc/seed-1/1_neos-4387871-tavua_seed-1_20260503_092816/iterated_local_search/run_2_worker_5/ils_config_5365222545089366384.prm
[INFO]:[09:30:03] Starting CPLEX solver on instance: /home/yorig/tuner/mpils-tests/instances/miplib/medium-2/neos-4387871-tavua.mps with config: /scratch/yorig/mpils-results-grid-seconds-5/medium-2/24proc/seed-1/1_neos-4387871-tavua_seed-1_20260503_092816/iterated_local_search/run_2_worker_5/ils_config_5365222545089366384.prm
[INFO]:[09:30:08] CPLEX results. Gap: 31.280000, upper bound: 33.556310, lower bound: 23.059076
[INFO]:[09:30:08] CPLEX solver finished. Gap: 31.280000
[INFO]:[09:30:08] Initial configuration evaluated with objective value: 31.28
[INFO]:[09:30:08] Starting CPLEX solver on instance: /home/yorig/tuner/mpils-tests/instances/miplib/medium-2/neos-4387871-tavua.mps with config: /scratch/yorig/mpils-results-grid-seconds-5/medium-2/24proc/seed-1/1_neos-4387871-tavua_seed-1_20260503_092816/iterated_local_search/run_2_worker_5/ils_config_17251449756766049660.prm
[INFO]:[09:30:08] Starting CPLEX solver on instance: /home/yorig/tuner/mpils-tests/instances/miplib/medium-2/neos-4387871-tavua.mps with config: /scratch/yorig/mpils-results-grid-seconds-5/medium-2/24proc/seed-1/1_neos-4387871-tavua_seed-1_20260503_092816/iterated_local_search/run_2_worker_5/ils_config_17251449756766049660.prm
[INFO]:[09:30:13] CPLEX results. Gap: 31.280000, upper bound: 33.556310, lower bound: 23.059076
[INFO]:[09:30:13] CPLEX solver finished. Gap: 31.280000
[INFO]:[09:30:13] Starting CPLEX solver on instance: /home/yorig/tuner/mpils-tests/instances/miplib/medium-2/neos-4387871-tavua.mps with config: /scratch/yorig/mpils-results-grid-seconds-5/medium-2/24proc/seed-1/1_neos-4387871-tavua_seed-1_20260503_092816/iterated_local_search/run_2_worker_5/ils_config_13367010026254905741.prm
[INFO]:[09:30:13] Starting CPLEX solver on instance: /home/yorig/tuner/mpils-tests/instances/miplib/medium-2/neos-4387871-tavua.mps with config: /scratch/yorig/mpils-results-grid-seconds-5/medium-2/24proc/seed-1/1_neos-4387871-tavua_seed-1_20260503_092816/iterated_local_search/run_2_worker_5/ils_config_13367010026254905741.prm
[INFO]:[09:30:18] CPLEX results. Gap: 32.170000, upper bound: 33.556310, lower bound: 22.761688
[INFO]:[09:30:18] CPLEX solver finished. Gap: 32.170000
[INFO]:[09:30:18] Starting CPLEX solver on instance: /home/yorig/tuner/mpils-tests/instances/miplib/medium-2/neos-4387871-tavua.mps with config: /scratch/yorig/mpils-results-grid-seconds-5/medium-2/24proc/seed-1/1_neos-4387871-tavua_seed-1_20260503_092816/iterated_local_search/run_2_worker_5/ils_config_3293944236013370318.prm
[INFO]:[09:30:18] Starting CPLEX solver on instance: /home/yorig/tuner/mpils-tests/instances/miplib/medium-2/neos-4387871-tavua.mps with config: /scratch/yorig/mpils-results-grid-seconds-5/medium-2/24proc/seed-1/1_neos-4387871-tavua_seed-1_20260503_092816/iterated_local_search/run_2_worker_5/ils_config_3293944236013370318.prm
[INFO]:[09:30:23] CPLEX results. Gap: 33.460000, upper bound: 34.556310, lower bound: 22.992251
[INFO]:[09:30:23] CPLEX solver finished. Gap: 33.460000
[INFO]:[09:30:23] Starting CPLEX solver on instance: /home/yorig/tuner/mpils-tests/instances/miplib/medium-2/neos-4387871-tavua.mps with config: /scratch/yorig/mpils-results-grid-seconds-5/medium-2/24proc/seed-1/1_neos-4387871-tavua_seed-1_20260503_092816/iterated_local_search/run_2_worker_5/ils_config_14828636936356875811.prm
[INFO]:[09:30:23] Starting CPLEX solver on instance: /home/yorig/tuner/mpils-tests/instances/miplib/medium-2/neos-4387871-tavua.mps with config: /scratch/yorig/mpils-results-grid-seconds-5/medium-2/24proc/seed-1/1_neos-4387871-tavua_seed-1_20260503_092816/iterated_local_search/run_2_worker_5/ils_config_14828636936356875811.prm
[INFO]:[09:30:28] CPLEX results. Gap: 31.280000, upper bound: 33.556310, lower bound: 23.059076
[INFO]:[09:30:28] CPLEX solver finished. Gap: 31.280000
[INFO]:[09:30:28] Starting CPLEX solver on instance: /home/yorig/tuner/mpils-tests/instances/miplib/medium-2/neos-4387871-tavua.mps with config: /scratch/yorig/mpils-results-grid-seconds-5/medium-2/24proc/seed-1/1_neos-4387871-tavua_seed-1_20260503_092816/iterated_local_search/run_2_worker_5/ils_config_11655140445263847454.prm
[INFO]:[09:30:28] Starting CPLEX solver on instance: /home/yorig/tuner/mpils-tests/instances/miplib/medium-2/neos-4387871-tavua.mps with config: /scratch/yorig/mpils-results-grid-seconds-5/medium-2/24proc/seed-1/1_neos-4387871-tavua_seed-1_20260503_092816/iterated_local_search/run_2_worker_5/ils_config_11655140445263847454.prm
[INFO]:[09:30:33] CPLEX results. Gap: 31.190000, upper bound: 33.556310, lower bound: 23.090899
[INFO]:[09:30:33] CPLEX solver finished. Gap: 31.190000
[INFO]:[09:30:33] New incumbent found with objective value: 31.19
[INFO]:[09:30:33] Starting CPLEX solver on instance: /home/yorig/tuner/mpils-tests/instances/miplib/medium-2/neos-4387871-tavua.mps with config: /scratch/yorig/mpils-results-grid-seconds-5/medium-2/24proc/seed-1/1_neos-4387871-tavua_seed-1_20260503_092816/iterated_local_search/run_2_worker_5/ils_config_14768376119513086237.prm
[INFO]:[09:30:33] Starting CPLEX solver on instance: /home/yorig/tuner/mpils-tests/instances/miplib/medium-2/neos-4387871-tavua.mps with config: /scratch/yorig/mpils-results-grid-seconds-5/medium-2/24proc/seed-1/1_neos-4387871-tavua_seed-1_20260503_092816/iterated_local_search/run_2_worker_5/ils_config_14768376119513086237.prm
[INFO]:[09:30:38] CPLEX results. Gap: 46.000000, upper bound: 39.798940, lower bound: 21.492130
[INFO]:[09:30:38] CPLEX solver finished. Gap: 46.000000
[INFO]:[09:30:38] Starting CPLEX solver on instance: /home/yorig/tuner/mpils-tests/instances/miplib/medium-2/neos-4387871-tavua.mps with config: /scratch/yorig/mpils-results-grid-seconds-5/medium-2/24proc/seed-1/1_neos-4387871-tavua_seed-1_20260503_092816/iterated_local_search/run_2_worker_5/ils_config_18126911820571733372.prm
[INFO]:[09:30:38] Starting CPLEX solver on instance: /home/yorig/tuner/mpils-tests/instances/miplib/medium-2/neos-4387871-tavua.mps with config: /scratch/yorig/mpils-results-grid-seconds-5/medium-2/24proc/seed-1/1_neos-4387871-tavua_seed-1_20260503_092816/iterated_local_search/run_2_worker_5/ils_config_18126911820571733372.prm
[INFO]:[09:30:43] CPLEX results. Gap: 33.230000, upper bound: 33.556310, lower bound: 22.404046
[INFO]:[09:30:43] CPLEX solver finished. Gap: 33.230000
[INFO]:[09:30:43] Starting CPLEX solver on instance: /home/yorig/tuner/mpils-tests/instances/miplib/medium-2/neos-4387871-tavua.mps with config: /scratch/yorig/mpils-results-grid-seconds-5/medium-2/24proc/seed-1/1_neos-4387871-tavua_seed-1_20260503_092816/iterated_local_search/run_2_worker_5/ils_config_17806434191201523302.prm
[INFO]:[09:30:43] Starting CPLEX solver on instance: /home/yorig/tuner/mpils-tests/instances/miplib/medium-2/neos-4387871-tavua.mps with config: /scratch/yorig/mpils-results-grid-seconds-5/medium-2/24proc/seed-1/1_neos-4387871-tavua_seed-1_20260503_092816/iterated_local_search/run_2_worker_5/ils_config_17806434191201523302.prm
[INFO]:[09:30:48] CPLEX results. Gap: 31.280000, upper bound: 33.556310, lower bound: 23.059076
[INFO]:[09:30:48] CPLEX solver finished. Gap: 31.280000
[INFO]:[09:30:48] Local search phase completed.
[INFO]:[09:30:48] Total number of new local-search evaluations: 9
[INFO]:[09:30:48] Final incumbent objective value: 31.19
[INFO]:[09:30:49] Worker 5 completed exploration phase.
[INFO]:[09:30:49] Worker 5 received order for step 2.
[INFO]:[09:30:49] Worker 5 running expansion phase for iteration 2.
[INFO]:[09:30:49] Worker 5 will use solver log file: /scratch/yorig/mpils-results-grid-seconds-5/medium-2/24proc/seed-1/1_neos-4387871-tavua_seed-1_20260503_092816/solver/cplex.log_iteration_expansion_2_worker_5
[INFO]:[09:30:49] Expansion Worker 5 starting expansion for iteration 2.
[INFO]:[09:30:49] Starting CPLEX solver on instance: /home/yorig/tuner/mpils-tests/instances/miplib/medium-2/neos-4387871-tavua.mps with config: /scratch/yorig/mpils-results-grid-seconds-5/medium-2/24proc/seed-1/1_neos-4387871-tavua_seed-1_20260503_092816/expansion/config_param_CPXPARAM_Preprocessing_Symmetry_4_iter_2.prm
[INFO]:[09:30:54] CPLEX results. Gap: 25.990000, upper bound: 34.727890, lower bound: 25.701059
[INFO]:[09:30:54] CPLEX solver finished. Gap: 25.990000
[INFO]:[09:30:54] Expansion Worker 5 stopping early after global MPI expansion stop was activated.
[INFO]:[09:30:54] Expansion Worker 5 completed expansion.
[INFO]:[09:30:54] Worker 5 completed expansion phase.
[INFO]:[09:30:54] Worker 5 received order for step 1.
[INFO]:[09:30:54] Worker 5 running exploration phase for iteration 3.
[INFO]:[09:30:54] Worker 5 at iteration 3 will not use a MIP start file. Current best MIP-start upper bound threshold is 33.3847.
[INFO]:[09:30:54] Starting local search phase...
[INFO]:[09:30:54] Creating local search space from parameter space file: /scratch/yorig/mpils-results-grid-seconds-5/medium-2/24proc/seed-1/1_neos-4387871-tavua_seed-1_20260503_092816/iterated_local_search/search_space/search_space_file_3_worker_5.txt
[INFO]:[09:30:54] Local search space loaded from file: /scratch/yorig/mpils-results-grid-seconds-5/medium-2/24proc/seed-1/1_neos-4387871-tavua_seed-1_20260503_092816/iterated_local_search/search_space/search_space_file_3_worker_5.txt
[INFO]:[09:30:54] Number of parameters in local search space: 71
[INFO]:[09:30:54] Number of forbidden tuples in local search space: 26
[INFO]:[09:30:54] Number of conditionals in local search space: 6
[INFO]:[09:30:54] MIP start option not enabled. Local search will proceed without MIP start.
[INFO]:[09:30:54] Evaluating initial configuration for local search phase...
[INFO]:[09:30:54] Starting CPLEX solver on instance: /home/yorig/tuner/mpils-tests/instances/miplib/medium-2/neos-4387871-tavua.mps with config: /scratch/yorig/mpils-results-grid-seconds-5/medium-2/24proc/seed-1/1_neos-4387871-tavua_seed-1_20260503_092816/iterated_local_search/run_3_worker_5/ils_config_3037212328288949932.prm
[INFO]:[09:30:54] Starting CPLEX solver on instance: /home/yorig/tuner/mpils-tests/instances/miplib/medium-2/neos-4387871-tavua.mps with config: /scratch/yorig/mpils-results-grid-seconds-5/medium-2/24proc/seed-1/1_neos-4387871-tavua_seed-1_20260503_092816/iterated_local_search/run_3_worker_5/ils_config_3037212328288949932.prm
[INFO]:[09:30:59] CPLEX results. Gap: 33.600000, upper bound: 34.213150, lower bound: 22.717034
[INFO]:[09:30:59] CPLEX solver finished. Gap: 33.600000
[INFO]:[09:30:59] Initial configuration evaluated with objective value: 33.6
[INFO]:[09:30:59] Starting CPLEX solver on instance: /home/yorig/tuner/mpils-tests/instances/miplib/medium-2/neos-4387871-tavua.mps with config: /scratch/yorig/mpils-results-grid-seconds-5/medium-2/24proc/seed-1/1_neos-4387871-tavua_seed-1_20260503_092816/iterated_local_search/run_3_worker_5/ils_config_4798112747020996903.prm
[INFO]:[09:30:59] Starting CPLEX solver on instance: /home/yorig/tuner/mpils-tests/instances/miplib/medium-2/neos-4387871-tavua.mps with config: /scratch/yorig/mpils-results-grid-seconds-5/medium-2/24proc/seed-1/1_neos-4387871-tavua_seed-1_20260503_092816/iterated_local_search/run_3_worker_5/ils_config_4798112747020996903.prm
[INFO]:[09:31:04] CPLEX results. Gap: 53.930000, upper bound: 33.970520, lower bound: 15.651193
[INFO]:[09:31:04] CPLEX solver finished. Gap: 53.930000
[INFO]:[09:31:04] Starting CPLEX solver on instance: /home/yorig/tuner/mpils-tests/instances/miplib/medium-2/neos-4387871-tavua.mps with config: /scratch/yorig/mpils-results-grid-seconds-5/medium-2/24proc/seed-1/1_neos-4387871-tavua_seed-1_20260503_092816/iterated_local_search/run_3_worker_5/ils_config_2373911129937978427.prm
[INFO]:[09:31:04] Starting CPLEX solver on instance: /home/yorig/tuner/mpils-tests/instances/miplib/medium-2/neos-4387871-tavua.mps with config: /scratch/yorig/mpils-results-grid-seconds-5/medium-2/24proc/seed-1/1_neos-4387871-tavua_seed-1_20260503_092816/iterated_local_search/run_3_worker_5/ils_config_2373911129937978427.prm
[INFO]:[09:31:09] CPLEX results. Gap: 35.010000, upper bound: 35.142100, lower bound: 22.837870
[INFO]:[09:31:09] CPLEX solver finished. Gap: 35.010000
[INFO]:[09:31:09] Starting CPLEX solver on instance: /home/yorig/tuner/mpils-tests/instances/miplib/medium-2/neos-4387871-tavua.mps with config: /scratch/yorig/mpils-results-grid-seconds-5/medium-2/24proc/seed-1/1_neos-4387871-tavua_seed-1_20260503_092816/iterated_local_search/run_3_worker_5/ils_config_9304068051994872811.prm
[INFO]:[09:31:09] Starting CPLEX solver on instance: /home/yorig/tuner/mpils-tests/instances/miplib/medium-2/neos-4387871-tavua.mps with config: /scratch/yorig/mpils-results-grid-seconds-5/medium-2/24proc/seed-1/1_neos-4387871-tavua_seed-1_20260503_092816/iterated_local_search/run_3_worker_5/ils_config_9304068051994872811.prm
[INFO]:[09:31:14] CPLEX results. Gap: 34.010000, upper bound: 34.213150, lower bound: 22.577640
[INFO]:[09:31:14] CPLEX solver finished. Gap: 34.010000
[INFO]:[09:31:14] Starting CPLEX solver on instance: /home/yorig/tuner/mpils-tests/instances/miplib/medium-2/neos-4387871-tavua.mps with config: /scratch/yorig/mpils-results-grid-seconds-5/medium-2/24proc/seed-1/1_neos-4387871-tavua_seed-1_20260503_092816/iterated_local_search/run_3_worker_5/ils_config_16960435799097399134.prm
[INFO]:[09:31:14] Starting CPLEX solver on instance: /home/yorig/tuner/mpils-tests/instances/miplib/medium-2/neos-4387871-tavua.mps with config: /scratch/yorig/mpils-results-grid-seconds-5/medium-2/24proc/seed-1/1_neos-4387871-tavua_seed-1_20260503_092816/iterated_local_search/run_3_worker_5/ils_config_16960435799097399134.prm
[INFO]:[09:31:19] CPLEX results. Gap: 34.010000, upper bound: 34.213150, lower bound: 22.577640
[INFO]:[09:31:19] CPLEX solver finished. Gap: 34.010000
[INFO]:[09:31:19] Starting CPLEX solver on instance: /home/yorig/tuner/mpils-tests/instances/miplib/medium-2/neos-4387871-tavua.mps with config: /scratch/yorig/mpils-results-grid-seconds-5/medium-2/24proc/seed-1/1_neos-4387871-tavua_seed-1_20260503_092816/iterated_local_search/run_3_worker_5/ils_config_14768586239663470919.prm
[INFO]:[09:31:19] Starting CPLEX solver on instance: /home/yorig/tuner/mpils-tests/instances/miplib/medium-2/neos-4387871-tavua.mps with config: /scratch/yorig/mpils-results-grid-seconds-5/medium-2/24proc/seed-1/1_neos-4387871-tavua_seed-1_20260503_092816/iterated_local_search/run_3_worker_5/ils_config_14768586239663470919.prm
[INFO]:[09:31:24] CPLEX results. Gap: 34.010000, upper bound: 34.213150, lower bound: 22.577640
[INFO]:[09:31:24] CPLEX solver finished. Gap: 34.010000
[INFO]:[09:31:24] Starting CPLEX solver on instance: /home/yorig/tuner/mpils-tests/instances/miplib/medium-2/neos-4387871-tavua.mps with config: /scratch/yorig/mpils-results-grid-seconds-5/medium-2/24proc/seed-1/1_neos-4387871-tavua_seed-1_20260503_092816/iterated_local_search/run_3_worker_5/ils_config_13477489126499555186.prm
[INFO]:[09:31:24] Starting CPLEX solver on instance: /home/yorig/tuner/mpils-tests/instances/miplib/medium-2/neos-4387871-tavua.mps with config: /scratch/yorig/mpils-results-grid-seconds-5/medium-2/24proc/seed-1/1_neos-4387871-tavua_seed-1_20260503_092816/iterated_local_search/run_3_worker_5/ils_config_13477489126499555186.prm
[INFO]:[09:31:29] CPLEX results. Gap: 34.010000, upper bound: 34.213150, lower bound: 22.577640
[INFO]:[09:31:29] CPLEX solver finished. Gap: 34.010000
[INFO]:[09:31:29] Starting CPLEX solver on instance: /home/yorig/tuner/mpils-tests/instances/miplib/medium-2/neos-4387871-tavua.mps with config: /scratch/yorig/mpils-results-grid-seconds-5/medium-2/24proc/seed-1/1_neos-4387871-tavua_seed-1_20260503_092816/iterated_local_search/run_3_worker_5/ils_config_6456750466563174635.prm
[INFO]:[09:31:29] Starting CPLEX solver on instance: /home/yorig/tuner/mpils-tests/instances/miplib/medium-2/neos-4387871-tavua.mps with config: /scratch/yorig/mpils-results-grid-seconds-5/medium-2/24proc/seed-1/1_neos-4387871-tavua_seed-1_20260503_092816/iterated_local_search/run_3_worker_5/ils_config_6456750466563174635.prm
[INFO]:[09:31:34] CPLEX results. Gap: 33.890000, upper bound: 34.213150, lower bound: 22.617610
[INFO]:[09:31:34] CPLEX solver finished. Gap: 33.890000
[INFO]:[09:31:34] Starting CPLEX solver on instance: /home/yorig/tuner/mpils-tests/instances/miplib/medium-2/neos-4387871-tavua.mps with config: /scratch/yorig/mpils-results-grid-seconds-5/medium-2/24proc/seed-1/1_neos-4387871-tavua_seed-1_20260503_092816/iterated_local_search/run_3_worker_5/ils_config_16230857512304599466.prm
[INFO]:[09:31:34] Starting CPLEX solver on instance: /home/yorig/tuner/mpils-tests/instances/miplib/medium-2/neos-4387871-tavua.mps with config: /scratch/yorig/mpils-results-grid-seconds-5/medium-2/24proc/seed-1/1_neos-4387871-tavua_seed-1_20260503_092816/iterated_local_search/run_3_worker_5/ils_config_16230857512304599466.prm
[INFO]:[09:31:39] CPLEX results. Gap: 36.250000, upper bound: 33.970520, lower bound: 21.655353
[INFO]:[09:31:39] CPLEX solver finished. Gap: 36.250000
[INFO]:[09:31:39] Starting CPLEX solver on instance: /home/yorig/tuner/mpils-tests/instances/miplib/medium-2/neos-4387871-tavua.mps with config: /scratch/yorig/mpils-results-grid-seconds-5/medium-2/24proc/seed-1/1_neos-4387871-tavua_seed-1_20260503_092816/iterated_local_search/run_3_worker_5/ils_config_9417478245400201154.prm
[INFO]:[09:31:39] Starting CPLEX solver on instance: /home/yorig/tuner/mpils-tests/instances/miplib/medium-2/neos-4387871-tavua.mps with config: /scratch/yorig/mpils-results-grid-seconds-5/medium-2/24proc/seed-1/1_neos-4387871-tavua_seed-1_20260503_092816/iterated_local_search/run_3_worker_5/ils_config_9417478245400201154.prm
[INFO]:[09:31:44] CPLEX results. Gap: 36.400000, upper bound: 34.213150, lower bound: 21.759008
[INFO]:[09:31:44] CPLEX solver finished. Gap: 36.400000
[INFO]:[09:31:44] Starting CPLEX solver on instance: /home/yorig/tuner/mpils-tests/instances/miplib/medium-2/neos-4387871-tavua.mps with config: /scratch/yorig/mpils-results-grid-seconds-5/medium-2/24proc/seed-1/1_neos-4387871-tavua_seed-1_20260503_092816/iterated_local_search/run_3_worker_5/ils_config_5833485860367714138.prm
[INFO]:[09:31:44] Starting CPLEX solver on instance: /home/yorig/tuner/mpils-tests/instances/miplib/medium-2/neos-4387871-tavua.mps with config: /scratch/yorig/mpils-results-grid-seconds-5/medium-2/24proc/seed-1/1_neos-4387871-tavua_seed-1_20260503_092816/iterated_local_search/run_3_worker_5/ils_config_5833485860367714138.prm
[INFO]:[09:31:49] CPLEX results. Gap: 42.860000, upper bound: 39.798940, lower bound: 22.739410
[INFO]:[09:31:49] CPLEX solver finished. Gap: 42.860000
[INFO]:[09:31:49] Starting CPLEX solver on instance: /home/yorig/tuner/mpils-tests/instances/miplib/medium-2/neos-4387871-tavua.mps with config: /scratch/yorig/mpils-results-grid-seconds-5/medium-2/24proc/seed-1/1_neos-4387871-tavua_seed-1_20260503_092816/iterated_local_search/run_3_worker_5/ils_config_9164675006212527237.prm
[INFO]:[09:31:49] Starting CPLEX solver on instance: /home/yorig/tuner/mpils-tests/instances/miplib/medium-2/neos-4387871-tavua.mps with config: /scratch/yorig/mpils-results-grid-seconds-5/medium-2/24proc/seed-1/1_neos-4387871-tavua_seed-1_20260503_092816/iterated_local_search/run_3_worker_5/ils_config_9164675006212527237.prm
[INFO]:[09:31:54] CPLEX results. Gap: 42.860000, upper bound: 39.798940, lower bound: 22.739410
[INFO]:[09:31:54] CPLEX solver finished. Gap: 42.860000
[INFO]:[09:31:54] Received global ILS stop signal from rank 6.
[INFO]:[09:31:54] Local search phase completed.
[INFO]:[09:31:54] Total number of new local-search evaluations: 12
[INFO]:[09:31:54] Final incumbent objective value: 33.6
[INFO]:[09:31:54] Worker 5 completed exploration phase.
[INFO]:[09:31:54] Worker 5 received order for step 3.
[INFO]:[09:31:54] Worker 5 finished.
