Welcome to the MPILS tuner!
Tuning instance: /home/yorig/tuner/mpils-tests/instances/miplib/easy/supportcase33.mps
ILS shared cache: disabled
Local search engine: iterated_local_search
Exploration only: disabled
Seed: 2
Tuning objective: gap
Parameters file: /home/yorig/tuner/mpils/cplex/params_12_cpx.txt
ParamILS instance file: ./cplex/instances.txt
Initial selected parameters: 10
Expansion parameter budget: 10
Expansion select rule: strict
Expansion value strategy: all
Expansion max deviation: 1.79769e+308
Expansion early stop: enabled
Max iterations: 15
MIP starts: disabled
MIP-start initial config policy: producer_config
Random worker initial configs: enabled
Solver time mode: seconds
Solver wall watchdog: enabled | factor: 1 | grace: 1s
Clean working directory: enabled
Number of evaluations: auto
Exploration budget divisor: none
Iteration 1 started
Iteration 1 | exploration started
Iteration 1 | exploration completed | evaluations: 20 | time: 102s
Iteration 1 | expansion started
Iteration 1 | expansion completed | evaluations: 2 | selected: 1 | discarded: 0 | skipped: 0 | time: 10s
Iteration 1 | pruning started
Iteration 1 | pruning completed | pruned options: 4 | pruned tuples: 1 | time: 0s
Iteration 1 completed | best objective: 19.09 | elapsed: 112s
Iteration 2 started
Iteration 2 | exploration started
Iteration 2 | exploration completed | evaluations: 5 | time: 25s
Iteration 2 | expansion started
Iteration 2 | expansion completed | evaluations: 15 | selected: 2 | discarded: 2 | skipped: 0 | time: 77s
Iteration 2 | pruning started
Iteration 2 | pruning completed | pruned options: 5 | pruned tuples: 3 | time: 0s
Iteration 2 completed | best objective: 17.15 | elapsed: 214s
Iteration 3 started
Iteration 3 | exploration started
Iteration 3 | exploration completed | evaluations: 10 | time: 51s
Iteration 3 | expansion started
Iteration 3 | expansion completed | evaluations: 14 | selected: 2 | discarded: 0 | skipped: 0 | time: 71s
Iteration 3 | pruning started
Iteration 3 | pruning completed | pruned options: 5 | pruned tuples: 3 | time: 0s
Iteration 3 completed | best objective: 11.05 | elapsed: 336s
Iteration 4 started
Iteration 4 | exploration started
Iteration 4 | exploration completed | evaluations: 14 | time: 72s
Iteration 4 | expansion started
Iteration 4 | expansion completed | evaluations: 10 | selected: 2 | discarded: 0 | skipped: 0 | time: 50s
Iteration 4 | pruning started
Iteration 4 | pruning completed | pruned options: 5 | pruned tuples: 3 | time: 1s
Iteration 4 completed | best objective: 2.9 | elapsed: 459s
Iteration 5 started
Iteration 5 | exploration started
Iteration 5 | exploration completed | evaluations: 18 | time: 91s
Iteration 5 | expansion started
Iteration 5 | expansion completed | evaluations: 24 | selected: 3 | discarded: 5 | skipped: 0 | time: 122s
Tuning completed | best objective: 0 | elapsed: 672s
Best configuration found:
Objective: 0
Configuration: CPXPARAM_Advance=1 CPXPARAM_Barrier_Algorithm=0 CPXPARAM_Barrier_ColNonzeros=0 CPXPARAM_Barrier_Crossover=0 CPXPARAM_Barrier_Limits_Corrections=-1 CPXPARAM_Barrier_Ordering=0 CPXPARAM_Barrier_StartAlg=1 CPXPARAM_Emphasis_MIP=0 CPXPARAM_Emphasis_Memory=0 CPXPARAM_Emphasis_Numerical=0 CPXPARAM_Feasopt_Mode=0 CPXPARAM_LPMethod=0 CPXPARAM_MIP_Cuts_Cliques=-1 CPXPARAM_MIP_Cuts_Covers=0 CPXPARAM_MIP_Cuts_Disjunctive=0 CPXPARAM_MIP_Cuts_FlowCovers=-1 CPXPARAM_MIP_Cuts_GUBCovers=0 CPXPARAM_MIP_Cuts_Gomory=2 CPXPARAM_MIP_Cuts_Implied=1 CPXPARAM_MIP_Cuts_MIRCut=0 CPXPARAM_MIP_Cuts_PathCut=0 CPXPARAM_MIP_Limits_AggForCut=3 CPXPARAM_MIP_Limits_CutPasses=0 CPXPARAM_MIP_Limits_CutsFactor=-1 CPXPARAM_MIP_Limits_GomoryCand=10 CPXPARAM_MIP_Limits_GomoryPass=0 CPXPARAM_MIP_Limits_Nodes=9223372036800000000 CPXPARAM_MIP_Limits_ProbeTime=1e+75 CPXPARAM_MIP_Limits_RepairTries=0 CPXPARAM_MIP_Limits_StrongCand=10 CPXPARAM_MIP_Limits_StrongIt=0 CPXPARAM_MIP_OrderType=0 CPXPARAM_MIP_Strategy_BBInterval=7 CPXPARAM_MIP_Strategy_Branch=1 CPXPARAM_MIP_Strategy_Dive=3 CPXPARAM_MIP_Strategy_File=1 CPXPARAM_MIP_Strategy_HeuristicFreq=100 CPXPARAM_MIP_Strategy_LBHeur=0 CPXPARAM_MIP_Strategy_NodeSelect=1 CPXPARAM_MIP_Strategy_Order=1 CPXPARAM_MIP_Strategy_PresolveNode=0 CPXPARAM_MIP_Strategy_Probe=1 CPXPARAM_MIP_Strategy_RINSHeur=40 CPXPARAM_MIP_Strategy_StartAlgorithm=0 CPXPARAM_MIP_Strategy_SubAlgorithm=0 CPXPARAM_MIP_Strategy_VariableSelect=4 CPXPARAM_Network_NetFind=2 CPXPARAM_Network_Pricing=0 CPXPARAM_Parallel=1 CPXPARAM_Preprocessing_Aggregator=-1 CPXPARAM_Preprocessing_BoundStrength=-1 CPXPARAM_Preprocessing_CoeffReduce=-1 CPXPARAM_Preprocessing_Dependency=-1 CPXPARAM_Preprocessing_Dual=0 CPXPARAM_Preprocessing_Fill=10 CPXPARAM_Preprocessing_NumPass=-1 CPXPARAM_Preprocessing_Presolve=1 CPXPARAM_Preprocessing_QPMakePSD=1 CPXPARAM_Preprocessing_Reduce=3 CPXPARAM_Preprocessing_Relax=-1 CPXPARAM_Preprocessing_RepeatPresolve=-1 CPXPARAM_Preprocessing_Symmetry=-1 CPXPARAM_Read_Scale=0 CPXPARAM_Sifting_Algorithm=0 CPXPARAM_Simplex_Crash=1 CPXPARAM_Simplex_DGradient=0 CPXPARAM_Simplex_Limits_Perturbation=0 CPXPARAM_Simplex_Limits_Singularity=10 CPXPARAM_Simplex_PGradient=0 CPXPARAM_Simplex_Pricing=0 CPXPARAM_Simplex_Refactor=0 | MIP Start: No 
Total tuning time: 672 seconds.
