[INFO]:[01:02:54] Worker 20 starting.
[INFO]:[01:02:54] Worker 20 received order for step 1.
[INFO]:[01:02:54] Worker 20 running exploration phase for iteration 1.
[INFO]:[01:02:54] Worker 20 at iteration 1 will not use a MIP start file. Current best MIP-start upper bound threshold is 1.79769e+308.
[INFO]:[01:02:54] Starting local search phase...
[INFO]:[01:02:54] Creating local search space from parameter space file: /scratch/yorig/mpils-results-grid-seconds-5-watchdog/easy/24proc/seed-2/3_glass4_seed-2_20260504_010253/iterated_local_search/search_space/search_space_file_1_worker_20.txt
[INFO]:[01:02:54] Local search space loaded from file: /scratch/yorig/mpils-results-grid-seconds-5-watchdog/easy/24proc/seed-2/3_glass4_seed-2_20260504_010253/iterated_local_search/search_space/search_space_file_1_worker_20.txt
[INFO]:[01:02:54] Number of parameters in local search space: 71
[INFO]:[01:02:54] Number of forbidden tuples in local search space: 0
[INFO]:[01:02:54] Number of conditionals in local search space: 6
[INFO]:[01:02:54] MIP start option not enabled. Local search will proceed without MIP start.
[INFO]:[01:02:54] Evaluating initial configuration for local search phase...
[INFO]:[01:02:54] Starting CPLEX solver on instance: /home/yorig/tuner/mpils-tests/instances/miplib/easy/glass4.mps with config: /scratch/yorig/mpils-results-grid-seconds-5-watchdog/easy/24proc/seed-2/3_glass4_seed-2_20260504_010253/iterated_local_search/run_1_worker_20/ils_config_15907269540239146054.prm
[INFO]:[01:02:54] Starting CPLEX solver on instance: /home/yorig/tuner/mpils-tests/instances/miplib/easy/glass4.mps with config: /scratch/yorig/mpils-results-grid-seconds-5-watchdog/easy/24proc/seed-2/3_glass4_seed-2_20260504_010253/iterated_local_search/run_1_worker_20/ils_config_15907269540239146054.prm
[INFO]:[01:02:59] CPLEX results. Gap: 52.940000, upper bound: 1700016250.000000, lower bound: 800011250.000000
[INFO]:[01:02:59] CPLEX solver finished. Gap: 52.940000
[INFO]:[01:02:59] Initial configuration evaluated with objective value: 52.94
[INFO]:[01:02:59] Starting CPLEX solver on instance: /home/yorig/tuner/mpils-tests/instances/miplib/easy/glass4.mps with config: /scratch/yorig/mpils-results-grid-seconds-5-watchdog/easy/24proc/seed-2/3_glass4_seed-2_20260504_010253/iterated_local_search/run_1_worker_20/ils_config_11576948555036077660.prm
[INFO]:[01:02:59] Starting CPLEX solver on instance: /home/yorig/tuner/mpils-tests/instances/miplib/easy/glass4.mps with config: /scratch/yorig/mpils-results-grid-seconds-5-watchdog/easy/24proc/seed-2/3_glass4_seed-2_20260504_010253/iterated_local_search/run_1_worker_20/ils_config_11576948555036077660.prm
[INFO]:[01:03:04] CPLEX results. Gap: 48.080000, upper bound: 1733346350.000000, lower bound: 900005800.000000
[INFO]:[01:03:04] CPLEX solver finished. Gap: 48.080000
[INFO]:[01:03:04] New incumbent found with objective value: 48.08
[INFO]:[01:03:05] Starting CPLEX solver on instance: /home/yorig/tuner/mpils-tests/instances/miplib/easy/glass4.mps with config: /scratch/yorig/mpils-results-grid-seconds-5-watchdog/easy/24proc/seed-2/3_glass4_seed-2_20260504_010253/iterated_local_search/run_1_worker_20/ils_config_3544894844022327000.prm
[INFO]:[01:03:05] Starting CPLEX solver on instance: /home/yorig/tuner/mpils-tests/instances/miplib/easy/glass4.mps with config: /scratch/yorig/mpils-results-grid-seconds-5-watchdog/easy/24proc/seed-2/3_glass4_seed-2_20260504_010253/iterated_local_search/run_1_worker_20/ils_config_3544894844022327000.prm
[INFO]:[01:03:10] CPLEX results. Gap: 45.120000, upper bound: 1640013440.000000, lower bound: 900005756.897600
[INFO]:[01:03:10] CPLEX solver finished. Gap: 45.120000
[INFO]:[01:03:10] New incumbent found with objective value: 45.12
[INFO]:[01:03:10] Starting CPLEX solver on instance: /home/yorig/tuner/mpils-tests/instances/miplib/easy/glass4.mps with config: /scratch/yorig/mpils-results-grid-seconds-5-watchdog/easy/24proc/seed-2/3_glass4_seed-2_20260504_010253/iterated_local_search/run_1_worker_20/ils_config_17031428957681676575.prm
[INFO]:[01:03:10] Starting CPLEX solver on instance: /home/yorig/tuner/mpils-tests/instances/miplib/easy/glass4.mps with config: /scratch/yorig/mpils-results-grid-seconds-5-watchdog/easy/24proc/seed-2/3_glass4_seed-2_20260504_010253/iterated_local_search/run_1_worker_20/ils_config_17031428957681676575.prm
[INFO]:[01:03:15] CPLEX results. Gap: 53.270000, upper bound: 1883350316.666667, lower bound: 880006254.664274
[INFO]:[01:03:15] CPLEX solver finished. Gap: 53.270000
[INFO]:[01:03:15] Starting CPLEX solver on instance: /home/yorig/tuner/mpils-tests/instances/miplib/easy/glass4.mps with config: /scratch/yorig/mpils-results-grid-seconds-5-watchdog/easy/24proc/seed-2/3_glass4_seed-2_20260504_010253/iterated_local_search/run_1_worker_20/ils_config_18211402328974059296.prm
[INFO]:[01:03:15] Starting CPLEX solver on instance: /home/yorig/tuner/mpils-tests/instances/miplib/easy/glass4.mps with config: /scratch/yorig/mpils-results-grid-seconds-5-watchdog/easy/24proc/seed-2/3_glass4_seed-2_20260504_010253/iterated_local_search/run_1_worker_20/ils_config_18211402328974059296.prm
[INFO]:[01:03:20] CPLEX results. Gap: 45.120000, upper bound: 1640013440.000000, lower bound: 900005774.134483
[INFO]:[01:03:20] CPLEX solver finished. Gap: 45.120000
[INFO]:[01:03:20] Starting CPLEX solver on instance: /home/yorig/tuner/mpils-tests/instances/miplib/easy/glass4.mps with config: /scratch/yorig/mpils-results-grid-seconds-5-watchdog/easy/24proc/seed-2/3_glass4_seed-2_20260504_010253/iterated_local_search/run_1_worker_20/ils_config_1027548916336212586.prm
[INFO]:[01:03:20] Starting CPLEX solver on instance: /home/yorig/tuner/mpils-tests/instances/miplib/easy/glass4.mps with config: /scratch/yorig/mpils-results-grid-seconds-5-watchdog/easy/24proc/seed-2/3_glass4_seed-2_20260504_010253/iterated_local_search/run_1_worker_20/ils_config_1027548916336212586.prm
[INFO]:[01:03:25] CPLEX results. Gap: 41.300000, upper bound: 1533347355.557369, lower bound: 900005747.018488
[INFO]:[01:03:25] CPLEX solver finished. Gap: 41.300000
[INFO]:[01:03:25] New incumbent found with objective value: 41.3
[INFO]:[01:03:25] Starting CPLEX solver on instance: /home/yorig/tuner/mpils-tests/instances/miplib/easy/glass4.mps with config: /scratch/yorig/mpils-results-grid-seconds-5-watchdog/easy/24proc/seed-2/3_glass4_seed-2_20260504_010253/iterated_local_search/run_1_worker_20/ils_config_2566307528940853077.prm
[INFO]:[01:03:25] Starting CPLEX solver on instance: /home/yorig/tuner/mpils-tests/instances/miplib/easy/glass4.mps with config: /scratch/yorig/mpils-results-grid-seconds-5-watchdog/easy/24proc/seed-2/3_glass4_seed-2_20260504_010253/iterated_local_search/run_1_worker_20/ils_config_2566307528940853077.prm
[INFO]:[01:03:30] CPLEX results. Gap: 29.030000, upper bound: 1550013850.000000, lower bound: 1100005034.206161
[INFO]:[01:03:30] CPLEX solver finished. Gap: 29.030000
[INFO]:[01:03:30] New incumbent found with objective value: 29.03
[INFO]:[01:03:30] Starting CPLEX solver on instance: /home/yorig/tuner/mpils-tests/instances/miplib/easy/glass4.mps with config: /scratch/yorig/mpils-results-grid-seconds-5-watchdog/easy/24proc/seed-2/3_glass4_seed-2_20260504_010253/iterated_local_search/run_1_worker_20/ils_config_17974287865523560458.prm
[INFO]:[01:03:30] Starting CPLEX solver on instance: /home/yorig/tuner/mpils-tests/instances/miplib/easy/glass4.mps with config: /scratch/yorig/mpils-results-grid-seconds-5-watchdog/easy/24proc/seed-2/3_glass4_seed-2_20260504_010253/iterated_local_search/run_1_worker_20/ils_config_17974287865523560458.prm
[INFO]:[01:03:35] CPLEX results. Gap: 43.750000, upper bound: 1600013433.333333, lower bound: 900001693.204521
[INFO]:[01:03:35] CPLEX solver finished. Gap: 43.750000
[INFO]:[01:03:35] Starting CPLEX solver on instance: /home/yorig/tuner/mpils-tests/instances/miplib/easy/glass4.mps with config: /scratch/yorig/mpils-results-grid-seconds-5-watchdog/easy/24proc/seed-2/3_glass4_seed-2_20260504_010253/iterated_local_search/run_1_worker_20/ils_config_4399160792688023834.prm
[INFO]:[01:03:35] Starting CPLEX solver on instance: /home/yorig/tuner/mpils-tests/instances/miplib/easy/glass4.mps with config: /scratch/yorig/mpils-results-grid-seconds-5-watchdog/easy/24proc/seed-2/3_glass4_seed-2_20260504_010253/iterated_local_search/run_1_worker_20/ils_config_4399160792688023834.prm
[INFO]:[01:03:40] CPLEX results. Gap: 29.030000, upper bound: 1550013850.000000, lower bound: 1100005570.925717
[INFO]:[01:03:40] CPLEX solver finished. Gap: 29.030000
[INFO]:[01:03:40] Received global ILS stop signal from rank 17.
[INFO]:[01:03:40] Local search phase completed.
[INFO]:[01:03:40] Total number of new local-search evaluations: 9
[INFO]:[01:03:40] Final incumbent objective value: 29.03
[INFO]:[01:03:42] Worker 20 completed exploration phase.
[INFO]:[01:03:42] Worker 20 received order for step 3.
[INFO]:[01:03:42] Worker 20 finished.
