[INFO]:[00:56:14] Worker 14 starting.
[INFO]:[00:56:14] Worker 14 received order for step 1.
[INFO]:[00:56:14] Worker 14 running exploration phase for iteration 1.
[INFO]:[00:56:14] Worker 14 at iteration 1 will not use a MIP start file. Current best MIP-start upper bound threshold is 1.79769e+308.
[INFO]:[00:56:14] Starting local search phase...
[INFO]:[00:56:14] Creating local search space from parameter space file: /scratch/yorig/mpils-results-grid-seconds-5-watchdog/medium-2/24proc/seed-1/1_neos-4387871-tavua_seed-1_20260504_005613/iterated_local_search/search_space/search_space_file_1_worker_14.txt
[INFO]:[00:56:14] Local search space loaded from file: /scratch/yorig/mpils-results-grid-seconds-5-watchdog/medium-2/24proc/seed-1/1_neos-4387871-tavua_seed-1_20260504_005613/iterated_local_search/search_space/search_space_file_1_worker_14.txt
[INFO]:[00:56:14] Number of parameters in local search space: 71
[INFO]:[00:56:14] Number of forbidden tuples in local search space: 0
[INFO]:[00:56:14] Number of conditionals in local search space: 6
[INFO]:[00:56:14] MIP start option not enabled. Local search will proceed without MIP start.
[INFO]:[00:56:14] Evaluating initial configuration for local search phase...
[INFO]:[00:56:14] Starting CPLEX solver on instance: /home/yorig/tuner/mpils-tests/instances/miplib/medium-2/neos-4387871-tavua.mps with config: /scratch/yorig/mpils-results-grid-seconds-5-watchdog/medium-2/24proc/seed-1/1_neos-4387871-tavua_seed-1_20260504_005613/iterated_local_search/run_1_worker_14/ils_config_15017979950085684316.prm
[INFO]:[00:56:14] Starting CPLEX solver on instance: /home/yorig/tuner/mpils-tests/instances/miplib/medium-2/neos-4387871-tavua.mps with config: /scratch/yorig/mpils-results-grid-seconds-5-watchdog/medium-2/24proc/seed-1/1_neos-4387871-tavua_seed-1_20260504_005613/iterated_local_search/run_1_worker_14/ils_config_15017979950085684316.prm
[INFO]:[00:56:19] CPLEX results. Gap: 29.690000, upper bound: 34.142100, lower bound: 24.004354
[INFO]:[00:56:19] CPLEX solver finished. Gap: 29.690000
[INFO]:[00:56:19] Initial configuration evaluated with objective value: 29.69
[INFO]:[00:56:19] Starting CPLEX solver on instance: /home/yorig/tuner/mpils-tests/instances/miplib/medium-2/neos-4387871-tavua.mps with config: /scratch/yorig/mpils-results-grid-seconds-5-watchdog/medium-2/24proc/seed-1/1_neos-4387871-tavua_seed-1_20260504_005613/iterated_local_search/run_1_worker_14/ils_config_11201684604971936986.prm
[INFO]:[00:56:19] Starting CPLEX solver on instance: /home/yorig/tuner/mpils-tests/instances/miplib/medium-2/neos-4387871-tavua.mps with config: /scratch/yorig/mpils-results-grid-seconds-5-watchdog/medium-2/24proc/seed-1/1_neos-4387871-tavua_seed-1_20260504_005613/iterated_local_search/run_1_worker_14/ils_config_11201684604971936986.prm
[INFO]:[00:56:24] CPLEX results. Gap: 29.690000, upper bound: 34.142100, lower bound: 24.004354
[INFO]:[00:56:24] CPLEX solver finished. Gap: 29.690000
[INFO]:[00:56:24] Starting CPLEX solver on instance: /home/yorig/tuner/mpils-tests/instances/miplib/medium-2/neos-4387871-tavua.mps with config: /scratch/yorig/mpils-results-grid-seconds-5-watchdog/medium-2/24proc/seed-1/1_neos-4387871-tavua_seed-1_20260504_005613/iterated_local_search/run_1_worker_14/ils_config_16461239301418216505.prm
[INFO]:[00:56:24] Starting CPLEX solver on instance: /home/yorig/tuner/mpils-tests/instances/miplib/medium-2/neos-4387871-tavua.mps with config: /scratch/yorig/mpils-results-grid-seconds-5-watchdog/medium-2/24proc/seed-1/1_neos-4387871-tavua_seed-1_20260504_005613/iterated_local_search/run_1_worker_14/ils_config_16461239301418216505.prm
[INFO]:[00:56:29] CPLEX results. Gap: 31.180000, upper bound: 34.142100, lower bound: 23.497779
[INFO]:[00:56:29] CPLEX solver finished. Gap: 31.180000
[INFO]:[00:56:29] Starting CPLEX solver on instance: /home/yorig/tuner/mpils-tests/instances/miplib/medium-2/neos-4387871-tavua.mps with config: /scratch/yorig/mpils-results-grid-seconds-5-watchdog/medium-2/24proc/seed-1/1_neos-4387871-tavua_seed-1_20260504_005613/iterated_local_search/run_1_worker_14/ils_config_9474143855648973532.prm
[INFO]:[00:56:29] Starting CPLEX solver on instance: /home/yorig/tuner/mpils-tests/instances/miplib/medium-2/neos-4387871-tavua.mps with config: /scratch/yorig/mpils-results-grid-seconds-5-watchdog/medium-2/24proc/seed-1/1_neos-4387871-tavua_seed-1_20260504_005613/iterated_local_search/run_1_worker_14/ils_config_9474143855648973532.prm
[INFO]:[00:56:34] CPLEX results. Gap: 29.690000, upper bound: 34.142100, lower bound: 24.004354
[INFO]:[00:56:34] CPLEX solver finished. Gap: 29.690000
[INFO]:[00:56:34] Starting CPLEX solver on instance: /home/yorig/tuner/mpils-tests/instances/miplib/medium-2/neos-4387871-tavua.mps with config: /scratch/yorig/mpils-results-grid-seconds-5-watchdog/medium-2/24proc/seed-1/1_neos-4387871-tavua_seed-1_20260504_005613/iterated_local_search/run_1_worker_14/ils_config_1606458436549456388.prm
[INFO]:[00:56:34] Starting CPLEX solver on instance: /home/yorig/tuner/mpils-tests/instances/miplib/medium-2/neos-4387871-tavua.mps with config: /scratch/yorig/mpils-results-grid-seconds-5-watchdog/medium-2/24proc/seed-1/1_neos-4387871-tavua_seed-1_20260504_005613/iterated_local_search/run_1_worker_14/ils_config_1606458436549456388.prm
[INFO]:[00:56:39] CPLEX results. Gap: 33.700000, upper bound: 33.556310, lower bound: 22.247096
[INFO]:[00:56:39] CPLEX solver finished. Gap: 33.700000
[INFO]:[00:56:39] Starting CPLEX solver on instance: /home/yorig/tuner/mpils-tests/instances/miplib/medium-2/neos-4387871-tavua.mps with config: /scratch/yorig/mpils-results-grid-seconds-5-watchdog/medium-2/24proc/seed-1/1_neos-4387871-tavua_seed-1_20260504_005613/iterated_local_search/run_1_worker_14/ils_config_10073853328850973530.prm
[INFO]:[00:56:39] Starting CPLEX solver on instance: /home/yorig/tuner/mpils-tests/instances/miplib/medium-2/neos-4387871-tavua.mps with config: /scratch/yorig/mpils-results-grid-seconds-5-watchdog/medium-2/24proc/seed-1/1_neos-4387871-tavua_seed-1_20260504_005613/iterated_local_search/run_1_worker_14/ils_config_10073853328850973530.prm
[INFO]:[00:56:44] CPLEX results. Gap: 32.760000, upper bound: 33.556310, lower bound: 22.562635
[INFO]:[00:56:44] CPLEX solver finished. Gap: 32.760000
[INFO]:[00:56:44] Starting CPLEX solver on instance: /home/yorig/tuner/mpils-tests/instances/miplib/medium-2/neos-4387871-tavua.mps with config: /scratch/yorig/mpils-results-grid-seconds-5-watchdog/medium-2/24proc/seed-1/1_neos-4387871-tavua_seed-1_20260504_005613/iterated_local_search/run_1_worker_14/ils_config_2037325894307531570.prm
[INFO]:[00:56:44] Starting CPLEX solver on instance: /home/yorig/tuner/mpils-tests/instances/miplib/medium-2/neos-4387871-tavua.mps with config: /scratch/yorig/mpils-results-grid-seconds-5-watchdog/medium-2/24proc/seed-1/1_neos-4387871-tavua_seed-1_20260504_005613/iterated_local_search/run_1_worker_14/ils_config_2037325894307531570.prm
[INFO]:[00:56:49] CPLEX results. Gap: 29.690000, upper bound: 34.142100, lower bound: 24.004354
[INFO]:[00:56:49] CPLEX solver finished. Gap: 29.690000
[INFO]:[00:56:49] Starting CPLEX solver on instance: /home/yorig/tuner/mpils-tests/instances/miplib/medium-2/neos-4387871-tavua.mps with config: /scratch/yorig/mpils-results-grid-seconds-5-watchdog/medium-2/24proc/seed-1/1_neos-4387871-tavua_seed-1_20260504_005613/iterated_local_search/run_1_worker_14/ils_config_16688726314074818452.prm
[INFO]:[00:56:49] Starting CPLEX solver on instance: /home/yorig/tuner/mpils-tests/instances/miplib/medium-2/neos-4387871-tavua.mps with config: /scratch/yorig/mpils-results-grid-seconds-5-watchdog/medium-2/24proc/seed-1/1_neos-4387871-tavua_seed-1_20260504_005613/iterated_local_search/run_1_worker_14/ils_config_16688726314074818452.prm
[INFO]:[00:56:54] CPLEX results. Gap: 29.690000, upper bound: 34.142100, lower bound: 24.004354
[INFO]:[00:56:54] CPLEX solver finished. Gap: 29.690000
[INFO]:[00:56:54] Starting CPLEX solver on instance: /home/yorig/tuner/mpils-tests/instances/miplib/medium-2/neos-4387871-tavua.mps with config: /scratch/yorig/mpils-results-grid-seconds-5-watchdog/medium-2/24proc/seed-1/1_neos-4387871-tavua_seed-1_20260504_005613/iterated_local_search/run_1_worker_14/ils_config_10903242957150083746.prm
[INFO]:[00:56:54] Starting CPLEX solver on instance: /home/yorig/tuner/mpils-tests/instances/miplib/medium-2/neos-4387871-tavua.mps with config: /scratch/yorig/mpils-results-grid-seconds-5-watchdog/medium-2/24proc/seed-1/1_neos-4387871-tavua_seed-1_20260504_005613/iterated_local_search/run_1_worker_14/ils_config_10903242957150083746.prm
[INFO]:[00:56:59] CPLEX results. Gap: 29.660000, upper bound: 34.142100, lower bound: 24.016903
[INFO]:[00:56:59] CPLEX solver finished. Gap: 29.660000
[INFO]:[00:56:59] New incumbent found with objective value: 29.66
[INFO]:[00:56:59] Starting CPLEX solver on instance: /home/yorig/tuner/mpils-tests/instances/miplib/medium-2/neos-4387871-tavua.mps with config: /scratch/yorig/mpils-results-grid-seconds-5-watchdog/medium-2/24proc/seed-1/1_neos-4387871-tavua_seed-1_20260504_005613/iterated_local_search/run_1_worker_14/ils_config_3275467537983023926.prm
[INFO]:[00:56:59] Starting CPLEX solver on instance: /home/yorig/tuner/mpils-tests/instances/miplib/medium-2/neos-4387871-tavua.mps with config: /scratch/yorig/mpils-results-grid-seconds-5-watchdog/medium-2/24proc/seed-1/1_neos-4387871-tavua_seed-1_20260504_005613/iterated_local_search/run_1_worker_14/ils_config_3275467537983023926.prm
[INFO]:[00:57:04] CPLEX results. Gap: 29.660000, upper bound: 34.142100, lower bound: 24.016903
[INFO]:[00:57:04] CPLEX solver finished. Gap: 29.660000
[INFO]:[00:57:04] Starting CPLEX solver on instance: /home/yorig/tuner/mpils-tests/instances/miplib/medium-2/neos-4387871-tavua.mps with config: /scratch/yorig/mpils-results-grid-seconds-5-watchdog/medium-2/24proc/seed-1/1_neos-4387871-tavua_seed-1_20260504_005613/iterated_local_search/run_1_worker_14/ils_config_1226655445029838774.prm
[INFO]:[00:57:04] Starting CPLEX solver on instance: /home/yorig/tuner/mpils-tests/instances/miplib/medium-2/neos-4387871-tavua.mps with config: /scratch/yorig/mpils-results-grid-seconds-5-watchdog/medium-2/24proc/seed-1/1_neos-4387871-tavua_seed-1_20260504_005613/iterated_local_search/run_1_worker_14/ils_config_1226655445029838774.prm
[INFO]:[00:57:09] CPLEX results. Gap: 29.690000, upper bound: 34.142100, lower bound: 24.004354
[INFO]:[00:57:09] CPLEX solver finished. Gap: 29.690000
[INFO]:[00:57:09] Starting CPLEX solver on instance: /home/yorig/tuner/mpils-tests/instances/miplib/medium-2/neos-4387871-tavua.mps with config: /scratch/yorig/mpils-results-grid-seconds-5-watchdog/medium-2/24proc/seed-1/1_neos-4387871-tavua_seed-1_20260504_005613/iterated_local_search/run_1_worker_14/ils_config_10519031999102864393.prm
[INFO]:[00:57:09] Starting CPLEX solver on instance: /home/yorig/tuner/mpils-tests/instances/miplib/medium-2/neos-4387871-tavua.mps with config: /scratch/yorig/mpils-results-grid-seconds-5-watchdog/medium-2/24proc/seed-1/1_neos-4387871-tavua_seed-1_20260504_005613/iterated_local_search/run_1_worker_14/ils_config_10519031999102864393.prm
[INFO]:[00:57:15] CPLEX results. Gap: 29.660000, upper bound: 34.142100, lower bound: 24.016903
[INFO]:[00:57:15] CPLEX solver finished. Gap: 29.660000
[INFO]:[00:57:15] Starting CPLEX solver on instance: /home/yorig/tuner/mpils-tests/instances/miplib/medium-2/neos-4387871-tavua.mps with config: /scratch/yorig/mpils-results-grid-seconds-5-watchdog/medium-2/24proc/seed-1/1_neos-4387871-tavua_seed-1_20260504_005613/iterated_local_search/run_1_worker_14/ils_config_1310460174291070743.prm
[INFO]:[00:57:15] Starting CPLEX solver on instance: /home/yorig/tuner/mpils-tests/instances/miplib/medium-2/neos-4387871-tavua.mps with config: /scratch/yorig/mpils-results-grid-seconds-5-watchdog/medium-2/24proc/seed-1/1_neos-4387871-tavua_seed-1_20260504_005613/iterated_local_search/run_1_worker_14/ils_config_1310460174291070743.prm
[INFO]:[00:57:20] CPLEX results. Gap: 35.720000, upper bound: 35.142100, lower bound: 22.588842
[INFO]:[00:57:20] CPLEX solver finished. Gap: 35.720000
[INFO]:[00:57:20] Starting CPLEX solver on instance: /home/yorig/tuner/mpils-tests/instances/miplib/medium-2/neos-4387871-tavua.mps with config: /scratch/yorig/mpils-results-grid-seconds-5-watchdog/medium-2/24proc/seed-1/1_neos-4387871-tavua_seed-1_20260504_005613/iterated_local_search/run_1_worker_14/ils_config_17160114631399827549.prm
[INFO]:[00:57:20] Starting CPLEX solver on instance: /home/yorig/tuner/mpils-tests/instances/miplib/medium-2/neos-4387871-tavua.mps with config: /scratch/yorig/mpils-results-grid-seconds-5-watchdog/medium-2/24proc/seed-1/1_neos-4387871-tavua_seed-1_20260504_005613/iterated_local_search/run_1_worker_14/ils_config_17160114631399827549.prm
[INFO]:[00:57:25] CPLEX results. Gap: 29.690000, upper bound: 34.142100, lower bound: 24.004354
[INFO]:[00:57:25] CPLEX solver finished. Gap: 29.690000
[INFO]:[00:57:25] Starting CPLEX solver on instance: /home/yorig/tuner/mpils-tests/instances/miplib/medium-2/neos-4387871-tavua.mps with config: /scratch/yorig/mpils-results-grid-seconds-5-watchdog/medium-2/24proc/seed-1/1_neos-4387871-tavua_seed-1_20260504_005613/iterated_local_search/run_1_worker_14/ils_config_15610614286998387008.prm
[INFO]:[00:57:25] Starting CPLEX solver on instance: /home/yorig/tuner/mpils-tests/instances/miplib/medium-2/neos-4387871-tavua.mps with config: /scratch/yorig/mpils-results-grid-seconds-5-watchdog/medium-2/24proc/seed-1/1_neos-4387871-tavua_seed-1_20260504_005613/iterated_local_search/run_1_worker_14/ils_config_15610614286998387008.prm
[INFO]:[00:57:30] CPLEX results. Gap: 30.440000, upper bound: 34.142100, lower bound: 23.750041
[INFO]:[00:57:30] CPLEX solver finished. Gap: 30.440000
[INFO]:[00:57:30] Starting CPLEX solver on instance: /home/yorig/tuner/mpils-tests/instances/miplib/medium-2/neos-4387871-tavua.mps with config: /scratch/yorig/mpils-results-grid-seconds-5-watchdog/medium-2/24proc/seed-1/1_neos-4387871-tavua_seed-1_20260504_005613/iterated_local_search/run_1_worker_14/ils_config_9825468367140987057.prm
[INFO]:[00:57:30] Starting CPLEX solver on instance: /home/yorig/tuner/mpils-tests/instances/miplib/medium-2/neos-4387871-tavua.mps with config: /scratch/yorig/mpils-results-grid-seconds-5-watchdog/medium-2/24proc/seed-1/1_neos-4387871-tavua_seed-1_20260504_005613/iterated_local_search/run_1_worker_14/ils_config_9825468367140987057.prm
[INFO]:[00:57:35] CPLEX results. Gap: 33.190000, upper bound: 34.142100, lower bound: 22.810382
[INFO]:[00:57:35] CPLEX solver finished. Gap: 33.190000
[INFO]:[00:57:35] Starting CPLEX solver on instance: /home/yorig/tuner/mpils-tests/instances/miplib/medium-2/neos-4387871-tavua.mps with config: /scratch/yorig/mpils-results-grid-seconds-5-watchdog/medium-2/24proc/seed-1/1_neos-4387871-tavua_seed-1_20260504_005613/iterated_local_search/run_1_worker_14/ils_config_13171897986280171403.prm
[INFO]:[00:57:35] Starting CPLEX solver on instance: /home/yorig/tuner/mpils-tests/instances/miplib/medium-2/neos-4387871-tavua.mps with config: /scratch/yorig/mpils-results-grid-seconds-5-watchdog/medium-2/24proc/seed-1/1_neos-4387871-tavua_seed-1_20260504_005613/iterated_local_search/run_1_worker_14/ils_config_13171897986280171403.prm
[INFO]:[00:57:40] CPLEX results. Gap: 29.660000, upper bound: 34.142100, lower bound: 24.016903
[INFO]:[00:57:40] CPLEX solver finished. Gap: 29.660000
[INFO]:[00:57:40] Starting CPLEX solver on instance: /home/yorig/tuner/mpils-tests/instances/miplib/medium-2/neos-4387871-tavua.mps with config: /scratch/yorig/mpils-results-grid-seconds-5-watchdog/medium-2/24proc/seed-1/1_neos-4387871-tavua_seed-1_20260504_005613/iterated_local_search/run_1_worker_14/ils_config_1800836207800367025.prm
[INFO]:[00:57:40] Starting CPLEX solver on instance: /home/yorig/tuner/mpils-tests/instances/miplib/medium-2/neos-4387871-tavua.mps with config: /scratch/yorig/mpils-results-grid-seconds-5-watchdog/medium-2/24proc/seed-1/1_neos-4387871-tavua_seed-1_20260504_005613/iterated_local_search/run_1_worker_14/ils_config_1800836207800367025.prm
[INFO]:[00:57:45] CPLEX results. Gap: 33.010000, upper bound: 34.142100, lower bound: 22.872343
[INFO]:[00:57:45] CPLEX solver finished. Gap: 33.010000
[INFO]:[00:57:45] Starting CPLEX solver on instance: /home/yorig/tuner/mpils-tests/instances/miplib/medium-2/neos-4387871-tavua.mps with config: /scratch/yorig/mpils-results-grid-seconds-5-watchdog/medium-2/24proc/seed-1/1_neos-4387871-tavua_seed-1_20260504_005613/iterated_local_search/run_1_worker_14/ils_config_8031784212708472234.prm
[INFO]:[00:57:45] Starting CPLEX solver on instance: /home/yorig/tuner/mpils-tests/instances/miplib/medium-2/neos-4387871-tavua.mps with config: /scratch/yorig/mpils-results-grid-seconds-5-watchdog/medium-2/24proc/seed-1/1_neos-4387871-tavua_seed-1_20260504_005613/iterated_local_search/run_1_worker_14/ils_config_8031784212708472234.prm
[INFO]:[00:57:50] CPLEX results. Gap: 30.680000, upper bound: 33.556310, lower bound: 23.259634
[INFO]:[00:57:50] CPLEX solver finished. Gap: 30.680000
[INFO]:[00:57:50] Starting CPLEX solver on instance: /home/yorig/tuner/mpils-tests/instances/miplib/medium-2/neos-4387871-tavua.mps with config: /scratch/yorig/mpils-results-grid-seconds-5-watchdog/medium-2/24proc/seed-1/1_neos-4387871-tavua_seed-1_20260504_005613/iterated_local_search/run_1_worker_14/ils_config_4407173344808815939.prm
[INFO]:[00:57:50] Starting CPLEX solver on instance: /home/yorig/tuner/mpils-tests/instances/miplib/medium-2/neos-4387871-tavua.mps with config: /scratch/yorig/mpils-results-grid-seconds-5-watchdog/medium-2/24proc/seed-1/1_neos-4387871-tavua_seed-1_20260504_005613/iterated_local_search/run_1_worker_14/ils_config_4407173344808815939.prm
[INFO]:[00:57:55] CPLEX results. Gap: 29.660000, upper bound: 34.142100, lower bound: 24.016903
[INFO]:[00:57:55] CPLEX solver finished. Gap: 29.660000
[INFO]:[00:57:55] Local search phase completed.
[INFO]:[00:57:55] Total number of new local-search evaluations: 20
[INFO]:[00:57:55] Final incumbent objective value: 29.66
[INFO]:[00:57:55] Worker 14 completed exploration phase.
[INFO]:[00:57:55] Worker 14 received order for step 2.
[INFO]:[00:57:55] Worker 14 running expansion phase for iteration 1.
[INFO]:[00:57:55] Worker 14 will use solver log file: /scratch/yorig/mpils-results-grid-seconds-5-watchdog/medium-2/24proc/seed-1/1_neos-4387871-tavua_seed-1_20260504_005613/solver/cplex.log_iteration_expansion_1_worker_14
[INFO]:[00:57:55] Expansion Worker 14 starting expansion for iteration 1.
[INFO]:[00:57:55] Starting CPLEX solver on instance: /home/yorig/tuner/mpils-tests/instances/miplib/medium-2/neos-4387871-tavua.mps with config: /scratch/yorig/mpils-results-grid-seconds-5-watchdog/medium-2/24proc/seed-1/1_neos-4387871-tavua_seed-1_20260504_005613/expansion/config_param_CPXPARAM_MIP_Strategy_RINSHeur_60_iter_1.prm
[INFO]:[00:58:00] CPLEX results. Gap: 26.530000, upper bound: 33.556310, lower bound: 24.652394
[INFO]:[00:58:00] CPLEX solver finished. Gap: 26.530000
[INFO]:[00:58:00] Starting CPLEX solver on instance: /home/yorig/tuner/mpils-tests/instances/miplib/medium-2/neos-4387871-tavua.mps with config: /scratch/yorig/mpils-results-grid-seconds-5-watchdog/medium-2/24proc/seed-1/1_neos-4387871-tavua_seed-1_20260504_005613/expansion/config_param_CPXPARAM_MIP_Strategy_RINSHeur_100_iter_1.prm
[INFO]:[00:58:05] CPLEX results. Gap: 27.620000, upper bound: 33.556310, lower bound: 24.287210
[INFO]:[00:58:05] CPLEX solver finished. Gap: 27.620000
[INFO]:[00:58:05] Expansion Worker 14 stopping early after global MPI expansion stop was activated.
[INFO]:[00:58:05] Expansion Worker 14 completed expansion.
[INFO]:[00:58:05] Worker 14 completed expansion phase.
[INFO]:[00:58:05] Worker 14 received order for step 1.
[INFO]:[00:58:05] Worker 14 running exploration phase for iteration 2.
[INFO]:[00:58:05] Worker 14 at iteration 2 will not use a MIP start file. Current best MIP-start upper bound threshold is 1.79769e+308.
[INFO]:[00:58:05] Starting local search phase...
[INFO]:[00:58:05] Creating local search space from parameter space file: /scratch/yorig/mpils-results-grid-seconds-5-watchdog/medium-2/24proc/seed-1/1_neos-4387871-tavua_seed-1_20260504_005613/iterated_local_search/search_space/search_space_file_2_worker_14.txt
[INFO]:[00:58:05] Local search space loaded from file: /scratch/yorig/mpils-results-grid-seconds-5-watchdog/medium-2/24proc/seed-1/1_neos-4387871-tavua_seed-1_20260504_005613/iterated_local_search/search_space/search_space_file_2_worker_14.txt
[INFO]:[00:58:05] Number of parameters in local search space: 71
[INFO]:[00:58:05] Number of forbidden tuples in local search space: 27
[INFO]:[00:58:05] Number of conditionals in local search space: 6
[INFO]:[00:58:05] MIP start option not enabled. Local search will proceed without MIP start.
[INFO]:[00:58:05] Evaluating initial configuration for local search phase...
[INFO]:[00:58:05] Starting CPLEX solver on instance: /home/yorig/tuner/mpils-tests/instances/miplib/medium-2/neos-4387871-tavua.mps with config: /scratch/yorig/mpils-results-grid-seconds-5-watchdog/medium-2/24proc/seed-1/1_neos-4387871-tavua_seed-1_20260504_005613/iterated_local_search/run_2_worker_14/ils_config_1556913557828562716.prm
[INFO]:[00:58:05] Starting CPLEX solver on instance: /home/yorig/tuner/mpils-tests/instances/miplib/medium-2/neos-4387871-tavua.mps with config: /scratch/yorig/mpils-results-grid-seconds-5-watchdog/medium-2/24proc/seed-1/1_neos-4387871-tavua_seed-1_20260504_005613/iterated_local_search/run_2_worker_14/ils_config_1556913557828562716.prm
[INFO]:[00:58:10] CPLEX results. Gap: 32.460000, upper bound: 33.556310, lower bound: 22.663287
[INFO]:[00:58:10] CPLEX solver finished. Gap: 32.460000
[INFO]:[00:58:10] Initial configuration evaluated with objective value: 32.46
[INFO]:[00:58:10] Starting CPLEX solver on instance: /home/yorig/tuner/mpils-tests/instances/miplib/medium-2/neos-4387871-tavua.mps with config: /scratch/yorig/mpils-results-grid-seconds-5-watchdog/medium-2/24proc/seed-1/1_neos-4387871-tavua_seed-1_20260504_005613/iterated_local_search/run_2_worker_14/ils_config_3077338819385683686.prm
[INFO]:[00:58:10] Starting CPLEX solver on instance: /home/yorig/tuner/mpils-tests/instances/miplib/medium-2/neos-4387871-tavua.mps with config: /scratch/yorig/mpils-results-grid-seconds-5-watchdog/medium-2/24proc/seed-1/1_neos-4387871-tavua_seed-1_20260504_005613/iterated_local_search/run_2_worker_14/ils_config_3077338819385683686.prm
[INFO]:[00:58:15] CPLEX results. Gap: 33.710000, upper bound: 34.142100, lower bound: 22.634191
[INFO]:[00:58:15] CPLEX solver finished. Gap: 33.710000
[INFO]:[00:58:15] Starting CPLEX solver on instance: /home/yorig/tuner/mpils-tests/instances/miplib/medium-2/neos-4387871-tavua.mps with config: /scratch/yorig/mpils-results-grid-seconds-5-watchdog/medium-2/24proc/seed-1/1_neos-4387871-tavua_seed-1_20260504_005613/iterated_local_search/run_2_worker_14/ils_config_6011237707344524911.prm
[INFO]:[00:58:15] Starting CPLEX solver on instance: /home/yorig/tuner/mpils-tests/instances/miplib/medium-2/neos-4387871-tavua.mps with config: /scratch/yorig/mpils-results-grid-seconds-5-watchdog/medium-2/24proc/seed-1/1_neos-4387871-tavua_seed-1_20260504_005613/iterated_local_search/run_2_worker_14/ils_config_6011237707344524911.prm
[INFO]:[00:58:20] CPLEX results. Gap: 42.980000, upper bound: 34.142100, lower bound: 19.468140
[INFO]:[00:58:20] CPLEX solver finished. Gap: 42.980000
[INFO]:[00:58:20] Starting CPLEX solver on instance: /home/yorig/tuner/mpils-tests/instances/miplib/medium-2/neos-4387871-tavua.mps with config: /scratch/yorig/mpils-results-grid-seconds-5-watchdog/medium-2/24proc/seed-1/1_neos-4387871-tavua_seed-1_20260504_005613/iterated_local_search/run_2_worker_14/ils_config_16316285946799794811.prm
[INFO]:[00:58:20] Starting CPLEX solver on instance: /home/yorig/tuner/mpils-tests/instances/miplib/medium-2/neos-4387871-tavua.mps with config: /scratch/yorig/mpils-results-grid-seconds-5-watchdog/medium-2/24proc/seed-1/1_neos-4387871-tavua_seed-1_20260504_005613/iterated_local_search/run_2_worker_14/ils_config_16316285946799794811.prm
[INFO]:[00:58:25] CPLEX results. Gap: 32.600000, upper bound: 33.556310, lower bound: 22.616965
[INFO]:[00:58:25] CPLEX solver finished. Gap: 32.600000
[INFO]:[00:58:25] Starting CPLEX solver on instance: /home/yorig/tuner/mpils-tests/instances/miplib/medium-2/neos-4387871-tavua.mps with config: /scratch/yorig/mpils-results-grid-seconds-5-watchdog/medium-2/24proc/seed-1/1_neos-4387871-tavua_seed-1_20260504_005613/iterated_local_search/run_2_worker_14/ils_config_7942759657517730987.prm
[INFO]:[00:58:25] Starting CPLEX solver on instance: /home/yorig/tuner/mpils-tests/instances/miplib/medium-2/neos-4387871-tavua.mps with config: /scratch/yorig/mpils-results-grid-seconds-5-watchdog/medium-2/24proc/seed-1/1_neos-4387871-tavua_seed-1_20260504_005613/iterated_local_search/run_2_worker_14/ils_config_7942759657517730987.prm
[INFO]:[00:58:30] CPLEX results. Gap: 33.810000, upper bound: 34.142100, lower bound: 22.598223
[INFO]:[00:58:30] CPLEX solver finished. Gap: 33.810000
[INFO]:[00:58:30] Starting CPLEX solver on instance: /home/yorig/tuner/mpils-tests/instances/miplib/medium-2/neos-4387871-tavua.mps with config: /scratch/yorig/mpils-results-grid-seconds-5-watchdog/medium-2/24proc/seed-1/1_neos-4387871-tavua_seed-1_20260504_005613/iterated_local_search/run_2_worker_14/ils_config_2789716488485288103.prm
[INFO]:[00:58:30] Starting CPLEX solver on instance: /home/yorig/tuner/mpils-tests/instances/miplib/medium-2/neos-4387871-tavua.mps with config: /scratch/yorig/mpils-results-grid-seconds-5-watchdog/medium-2/24proc/seed-1/1_neos-4387871-tavua_seed-1_20260504_005613/iterated_local_search/run_2_worker_14/ils_config_2789716488485288103.prm
[INFO]:[00:58:35] CPLEX results. Gap: 34.400000, upper bound: 34.142100, lower bound: 22.398513
[INFO]:[00:58:35] CPLEX solver finished. Gap: 34.400000
[INFO]:[00:58:35] Starting CPLEX solver on instance: /home/yorig/tuner/mpils-tests/instances/miplib/medium-2/neos-4387871-tavua.mps with config: /scratch/yorig/mpils-results-grid-seconds-5-watchdog/medium-2/24proc/seed-1/1_neos-4387871-tavua_seed-1_20260504_005613/iterated_local_search/run_2_worker_14/ils_config_17860984993823041894.prm
[INFO]:[00:58:35] Starting CPLEX solver on instance: /home/yorig/tuner/mpils-tests/instances/miplib/medium-2/neos-4387871-tavua.mps with config: /scratch/yorig/mpils-results-grid-seconds-5-watchdog/medium-2/24proc/seed-1/1_neos-4387871-tavua_seed-1_20260504_005613/iterated_local_search/run_2_worker_14/ils_config_17860984993823041894.prm
[INFO]:[00:58:40] CPLEX results. Gap: 32.660000, upper bound: 33.556310, lower bound: 22.595428
[INFO]:[00:58:40] CPLEX solver finished. Gap: 32.660000
[INFO]:[00:58:40] Starting CPLEX solver on instance: /home/yorig/tuner/mpils-tests/instances/miplib/medium-2/neos-4387871-tavua.mps with config: /scratch/yorig/mpils-results-grid-seconds-5-watchdog/medium-2/24proc/seed-1/1_neos-4387871-tavua_seed-1_20260504_005613/iterated_local_search/run_2_worker_14/ils_config_6359228547140939621.prm
[INFO]:[00:58:40] Starting CPLEX solver on instance: /home/yorig/tuner/mpils-tests/instances/miplib/medium-2/neos-4387871-tavua.mps with config: /scratch/yorig/mpils-results-grid-seconds-5-watchdog/medium-2/24proc/seed-1/1_neos-4387871-tavua_seed-1_20260504_005613/iterated_local_search/run_2_worker_14/ils_config_6359228547140939621.prm
[INFO]:[00:58:45] CPLEX results. Gap: 32.600000, upper bound: 33.556310, lower bound: 22.616965
[INFO]:[00:58:45] CPLEX solver finished. Gap: 32.600000
[INFO]:[00:58:45] Starting CPLEX solver on instance: /home/yorig/tuner/mpils-tests/instances/miplib/medium-2/neos-4387871-tavua.mps with config: /scratch/yorig/mpils-results-grid-seconds-5-watchdog/medium-2/24proc/seed-1/1_neos-4387871-tavua_seed-1_20260504_005613/iterated_local_search/run_2_worker_14/ils_config_4108683780926792639.prm
[INFO]:[00:58:45] Starting CPLEX solver on instance: /home/yorig/tuner/mpils-tests/instances/miplib/medium-2/neos-4387871-tavua.mps with config: /scratch/yorig/mpils-results-grid-seconds-5-watchdog/medium-2/24proc/seed-1/1_neos-4387871-tavua_seed-1_20260504_005613/iterated_local_search/run_2_worker_14/ils_config_4108683780926792639.prm
[INFO]:[00:58:50] CPLEX results. Gap: 32.780000, upper bound: 33.556310, lower bound: 22.558026
[INFO]:[00:58:50] CPLEX solver finished. Gap: 32.780000
[INFO]:[00:58:50] Local search phase completed.
[INFO]:[00:58:50] Total number of new local-search evaluations: 9
[INFO]:[00:58:50] Final incumbent objective value: 32.46
[INFO]:[00:58:51] Worker 14 completed exploration phase.
[INFO]:[00:58:51] Worker 14 received order for step 2.
[INFO]:[00:58:51] Worker 14 running expansion phase for iteration 2.
[INFO]:[00:58:51] Worker 14 will use solver log file: /scratch/yorig/mpils-results-grid-seconds-5-watchdog/medium-2/24proc/seed-1/1_neos-4387871-tavua_seed-1_20260504_005613/solver/cplex.log_iteration_expansion_2_worker_14
[INFO]:[00:58:51] Expansion Worker 14 starting expansion for iteration 2.
[INFO]:[00:58:51] Starting CPLEX solver on instance: /home/yorig/tuner/mpils-tests/instances/miplib/medium-2/neos-4387871-tavua.mps with config: /scratch/yorig/mpils-results-grid-seconds-5-watchdog/medium-2/24proc/seed-1/1_neos-4387871-tavua_seed-1_20260504_005613/expansion/config_param_CPXPARAM_MIP_Strategy_SubAlgorithm_1_iter_2.prm
[INFO]:[00:58:56] CPLEX results. Gap: 40.690000, upper bound: 36.384730, lower bound: 21.579075
[INFO]:[00:58:56] CPLEX solver finished. Gap: 40.690000
[INFO]:[00:58:56] Expansion Worker 14 stopping early after global MPI expansion stop was activated.
[INFO]:[00:58:56] Expansion Worker 14 completed expansion.
[INFO]:[00:58:56] Worker 14 completed expansion phase.
[INFO]:[00:58:56] Worker 14 received order for step 3.
[INFO]:[00:58:56] Worker 14 finished.
