[INFO]:[22:10:49] Worker 12 starting.
[INFO]:[22:10:49] Worker 12 received order for step 1.
[INFO]:[22:10:49] Worker 12 running exploration phase for iteration 1.
[INFO]:[22:10:49] Current MIP start info file not found: /scratch/yorig/mpils-results-grid-seconds-5-no-mip-start/easy/16proc/seed-5/1_csched008_seed-5_20260502_221048/iterated_local_search/mip_start/current_mip_start_1.txt
[INFO]:[22:10:49] Worker 12 at iteration 1 will not use a MIP start file. Current best MIP-start upper bound threshold is 1.79769e+308.
[INFO]:[22:10:49] Starting local search phase...
[INFO]:[22:10:49] Creating local search space from parameter space file: /scratch/yorig/mpils-results-grid-seconds-5-no-mip-start/easy/16proc/seed-5/1_csched008_seed-5_20260502_221048/iterated_local_search/search_space/search_space_file_1_worker_12.txt
[INFO]:[22:10:49] Local search space loaded from file: /scratch/yorig/mpils-results-grid-seconds-5-no-mip-start/easy/16proc/seed-5/1_csched008_seed-5_20260502_221048/iterated_local_search/search_space/search_space_file_1_worker_12.txt
[INFO]:[22:10:49] Number of parameters in local search space: 71
[INFO]:[22:10:49] Number of forbidden tuples in local search space: 0
[INFO]:[22:10:49] Number of conditionals in local search space: 6
[INFO]:[22:10:49] MIP start option not enabled. Local search will proceed without MIP start.
[INFO]:[22:10:49] Evaluating initial configuration for local search phase...
[INFO]:[22:10:49] Starting CPLEX solver on instance: /home/yorig/tuner/mpils-tests/instances/miplib/easy/csched008.mps with config: /scratch/yorig/mpils-results-grid-seconds-5-no-mip-start/easy/16proc/seed-5/1_csched008_seed-5_20260502_221048/iterated_local_search/run_1_worker_12/ils_config_4647803165061465844.prm
[INFO]:[22:10:49] Starting CPLEX solver on instance: /home/yorig/tuner/mpils-tests/instances/miplib/easy/csched008.mps with config: /scratch/yorig/mpils-results-grid-seconds-5-no-mip-start/easy/16proc/seed-5/1_csched008_seed-5_20260502_221048/iterated_local_search/run_1_worker_12/ils_config_4647803165061465844.prm
[INFO]:[22:10:54] CPLEX results. Gap: 4.910000, upper bound: 180.000000, lower bound: 171.153098
[INFO]:[22:10:54] Writing MIP start file: /scratch/yorig/mpils-results-grid-seconds-5-no-mip-start/easy/16proc/seed-5/1_csched008_seed-5_20260502_221048/iterated_local_search/run_1_worker_12/mip_starts/mip_start_eval_1_config_4647803165061465844.mst
[INFO]:[22:10:54] CPLEX solver finished. Gap: 4.910000
[INFO]:[22:10:54] Initial configuration evaluated with objective value: 4.91
[INFO]:[22:10:54] Starting CPLEX solver on instance: /home/yorig/tuner/mpils-tests/instances/miplib/easy/csched008.mps with config: /scratch/yorig/mpils-results-grid-seconds-5-no-mip-start/easy/16proc/seed-5/1_csched008_seed-5_20260502_221048/iterated_local_search/run_1_worker_12/ils_config_4744485844507497110.prm
[INFO]:[22:10:54] Starting CPLEX solver on instance: /home/yorig/tuner/mpils-tests/instances/miplib/easy/csched008.mps with config: /scratch/yorig/mpils-results-grid-seconds-5-no-mip-start/easy/16proc/seed-5/1_csched008_seed-5_20260502_221048/iterated_local_search/run_1_worker_12/ils_config_4744485844507497110.prm
[INFO]:[22:10:59] CPLEX results. Gap: 5.000000, upper bound: 180.000000, lower bound: 171.000000
[INFO]:[22:10:59] CPLEX solver finished. Gap: 5.000000
[INFO]:[22:10:59] Starting CPLEX solver on instance: /home/yorig/tuner/mpils-tests/instances/miplib/easy/csched008.mps with config: /scratch/yorig/mpils-results-grid-seconds-5-no-mip-start/easy/16proc/seed-5/1_csched008_seed-5_20260502_221048/iterated_local_search/run_1_worker_12/ils_config_186331974112384676.prm
[INFO]:[22:10:59] Starting CPLEX solver on instance: /home/yorig/tuner/mpils-tests/instances/miplib/easy/csched008.mps with config: /scratch/yorig/mpils-results-grid-seconds-5-no-mip-start/easy/16proc/seed-5/1_csched008_seed-5_20260502_221048/iterated_local_search/run_1_worker_12/ils_config_186331974112384676.prm
[INFO]:[22:11:04] CPLEX results. Gap: 4.980000, upper bound: 180.000000, lower bound: 171.044444
[INFO]:[22:11:04] CPLEX solver finished. Gap: 4.980000
[INFO]:[22:11:04] Starting CPLEX solver on instance: /home/yorig/tuner/mpils-tests/instances/miplib/easy/csched008.mps with config: /scratch/yorig/mpils-results-grid-seconds-5-no-mip-start/easy/16proc/seed-5/1_csched008_seed-5_20260502_221048/iterated_local_search/run_1_worker_12/ils_config_634640222875581367.prm
[INFO]:[22:11:04] Starting CPLEX solver on instance: /home/yorig/tuner/mpils-tests/instances/miplib/easy/csched008.mps with config: /scratch/yorig/mpils-results-grid-seconds-5-no-mip-start/easy/16proc/seed-5/1_csched008_seed-5_20260502_221048/iterated_local_search/run_1_worker_12/ils_config_634640222875581367.prm
[INFO]:[22:11:09] CPLEX results. Gap: 4.910000, upper bound: 180.000000, lower bound: 171.153098
[INFO]:[22:11:09] CPLEX solver finished. Gap: 4.910000
[INFO]:[22:11:09] Starting CPLEX solver on instance: /home/yorig/tuner/mpils-tests/instances/miplib/easy/csched008.mps with config: /scratch/yorig/mpils-results-grid-seconds-5-no-mip-start/easy/16proc/seed-5/1_csched008_seed-5_20260502_221048/iterated_local_search/run_1_worker_12/ils_config_13902214864088166672.prm
[INFO]:[22:11:09] Starting CPLEX solver on instance: /home/yorig/tuner/mpils-tests/instances/miplib/easy/csched008.mps with config: /scratch/yorig/mpils-results-grid-seconds-5-no-mip-start/easy/16proc/seed-5/1_csched008_seed-5_20260502_221048/iterated_local_search/run_1_worker_12/ils_config_13902214864088166672.prm
[INFO]:[22:11:14] CPLEX results. Gap: 1.720000, upper bound: 174.000000, lower bound: 171.000000
[INFO]:[22:11:14] Writing MIP start file: /scratch/yorig/mpils-results-grid-seconds-5-no-mip-start/easy/16proc/seed-5/1_csched008_seed-5_20260502_221048/iterated_local_search/run_1_worker_12/mip_starts/mip_start_eval_5_config_13902214864088166672.mst
[INFO]:[22:11:14] CPLEX solver finished. Gap: 1.720000
[INFO]:[22:11:14] New incumbent found with objective value: 1.72
[INFO]:[22:11:14] Starting CPLEX solver on instance: /home/yorig/tuner/mpils-tests/instances/miplib/easy/csched008.mps with config: /scratch/yorig/mpils-results-grid-seconds-5-no-mip-start/easy/16proc/seed-5/1_csched008_seed-5_20260502_221048/iterated_local_search/run_1_worker_12/ils_config_7318761416889568957.prm
[INFO]:[22:11:14] Starting CPLEX solver on instance: /home/yorig/tuner/mpils-tests/instances/miplib/easy/csched008.mps with config: /scratch/yorig/mpils-results-grid-seconds-5-no-mip-start/easy/16proc/seed-5/1_csched008_seed-5_20260502_221048/iterated_local_search/run_1_worker_12/ils_config_7318761416889568957.prm
[INFO]:[22:11:19] CPLEX results. Gap: 1.720000, upper bound: 174.000000, lower bound: 171.000000
[INFO]:[22:11:19] CPLEX solver finished. Gap: 1.720000
[INFO]:[22:11:19] Starting CPLEX solver on instance: /home/yorig/tuner/mpils-tests/instances/miplib/easy/csched008.mps with config: /scratch/yorig/mpils-results-grid-seconds-5-no-mip-start/easy/16proc/seed-5/1_csched008_seed-5_20260502_221048/iterated_local_search/run_1_worker_12/ils_config_4405489628659119861.prm
[INFO]:[22:11:19] Starting CPLEX solver on instance: /home/yorig/tuner/mpils-tests/instances/miplib/easy/csched008.mps with config: /scratch/yorig/mpils-results-grid-seconds-5-no-mip-start/easy/16proc/seed-5/1_csched008_seed-5_20260502_221048/iterated_local_search/run_1_worker_12/ils_config_4405489628659119861.prm
[INFO]:[22:11:24] CPLEX results. Gap: 2.180000, upper bound: 175.000000, lower bound: 171.181818
[INFO]:[22:11:24] CPLEX solver finished. Gap: 2.180000
[INFO]:[22:11:24] Starting CPLEX solver on instance: /home/yorig/tuner/mpils-tests/instances/miplib/easy/csched008.mps with config: /scratch/yorig/mpils-results-grid-seconds-5-no-mip-start/easy/16proc/seed-5/1_csched008_seed-5_20260502_221048/iterated_local_search/run_1_worker_12/ils_config_12718961107856772423.prm
[INFO]:[22:11:24] Starting CPLEX solver on instance: /home/yorig/tuner/mpils-tests/instances/miplib/easy/csched008.mps with config: /scratch/yorig/mpils-results-grid-seconds-5-no-mip-start/easy/16proc/seed-5/1_csched008_seed-5_20260502_221048/iterated_local_search/run_1_worker_12/ils_config_12718961107856772423.prm
[INFO]:[22:11:29] CPLEX results. Gap: 1.720000, upper bound: 174.000000, lower bound: 171.000000
[INFO]:[22:11:29] CPLEX solver finished. Gap: 1.720000
[INFO]:[22:11:29] Starting CPLEX solver on instance: /home/yorig/tuner/mpils-tests/instances/miplib/easy/csched008.mps with config: /scratch/yorig/mpils-results-grid-seconds-5-no-mip-start/easy/16proc/seed-5/1_csched008_seed-5_20260502_221048/iterated_local_search/run_1_worker_12/ils_config_8425351372759012452.prm
[INFO]:[22:11:29] Starting CPLEX solver on instance: /home/yorig/tuner/mpils-tests/instances/miplib/easy/csched008.mps with config: /scratch/yorig/mpils-results-grid-seconds-5-no-mip-start/easy/16proc/seed-5/1_csched008_seed-5_20260502_221048/iterated_local_search/run_1_worker_12/ils_config_8425351372759012452.prm
[INFO]:[22:11:34] CPLEX results. Gap: 4.470000, upper bound: 179.000000, lower bound: 171.000000
[INFO]:[22:11:34] CPLEX solver finished. Gap: 4.470000
[INFO]:[22:11:34] Starting CPLEX solver on instance: /home/yorig/tuner/mpils-tests/instances/miplib/easy/csched008.mps with config: /scratch/yorig/mpils-results-grid-seconds-5-no-mip-start/easy/16proc/seed-5/1_csched008_seed-5_20260502_221048/iterated_local_search/run_1_worker_12/ils_config_16127203061999911644.prm
[INFO]:[22:11:34] Starting CPLEX solver on instance: /home/yorig/tuner/mpils-tests/instances/miplib/easy/csched008.mps with config: /scratch/yorig/mpils-results-grid-seconds-5-no-mip-start/easy/16proc/seed-5/1_csched008_seed-5_20260502_221048/iterated_local_search/run_1_worker_12/ils_config_16127203061999911644.prm
[INFO]:[22:11:39] CPLEX results. Gap: 2.290000, upper bound: 175.000000, lower bound: 171.000000
[INFO]:[22:11:39] CPLEX solver finished. Gap: 2.290000
[INFO]:[22:11:39] Starting CPLEX solver on instance: /home/yorig/tuner/mpils-tests/instances/miplib/easy/csched008.mps with config: /scratch/yorig/mpils-results-grid-seconds-5-no-mip-start/easy/16proc/seed-5/1_csched008_seed-5_20260502_221048/iterated_local_search/run_1_worker_12/ils_config_726272325794688971.prm
[INFO]:[22:11:39] Starting CPLEX solver on instance: /home/yorig/tuner/mpils-tests/instances/miplib/easy/csched008.mps with config: /scratch/yorig/mpils-results-grid-seconds-5-no-mip-start/easy/16proc/seed-5/1_csched008_seed-5_20260502_221048/iterated_local_search/run_1_worker_12/ils_config_726272325794688971.prm
[INFO]:[22:11:44] CPLEX results. Gap: 2.180000, upper bound: 175.000000, lower bound: 171.181818
[INFO]:[22:11:44] CPLEX solver finished. Gap: 2.180000
[INFO]:[22:11:44] Starting CPLEX solver on instance: /home/yorig/tuner/mpils-tests/instances/miplib/easy/csched008.mps with config: /scratch/yorig/mpils-results-grid-seconds-5-no-mip-start/easy/16proc/seed-5/1_csched008_seed-5_20260502_221048/iterated_local_search/run_1_worker_12/ils_config_2616550343631667418.prm
[INFO]:[22:11:44] Starting CPLEX solver on instance: /home/yorig/tuner/mpils-tests/instances/miplib/easy/csched008.mps with config: /scratch/yorig/mpils-results-grid-seconds-5-no-mip-start/easy/16proc/seed-5/1_csched008_seed-5_20260502_221048/iterated_local_search/run_1_worker_12/ils_config_2616550343631667418.prm
[INFO]:[22:11:49] CPLEX results. Gap: 2.000000, upper bound: 175.000000, lower bound: 171.500000
[INFO]:[22:11:49] CPLEX solver finished. Gap: 2.000000
[INFO]:[22:11:49] Starting CPLEX solver on instance: /home/yorig/tuner/mpils-tests/instances/miplib/easy/csched008.mps with config: /scratch/yorig/mpils-results-grid-seconds-5-no-mip-start/easy/16proc/seed-5/1_csched008_seed-5_20260502_221048/iterated_local_search/run_1_worker_12/ils_config_14702581748615148684.prm
[INFO]:[22:11:49] Starting CPLEX solver on instance: /home/yorig/tuner/mpils-tests/instances/miplib/easy/csched008.mps with config: /scratch/yorig/mpils-results-grid-seconds-5-no-mip-start/easy/16proc/seed-5/1_csched008_seed-5_20260502_221048/iterated_local_search/run_1_worker_12/ils_config_14702581748615148684.prm
[INFO]:[22:11:54] CPLEX results. Gap: 1.720000, upper bound: 174.000000, lower bound: 171.000000
[INFO]:[22:11:54] CPLEX solver finished. Gap: 1.720000
[INFO]:[22:11:54] Starting CPLEX solver on instance: /home/yorig/tuner/mpils-tests/instances/miplib/easy/csched008.mps with config: /scratch/yorig/mpils-results-grid-seconds-5-no-mip-start/easy/16proc/seed-5/1_csched008_seed-5_20260502_221048/iterated_local_search/run_1_worker_12/ils_config_2883330803388604848.prm
[INFO]:[22:11:54] Starting CPLEX solver on instance: /home/yorig/tuner/mpils-tests/instances/miplib/easy/csched008.mps with config: /scratch/yorig/mpils-results-grid-seconds-5-no-mip-start/easy/16proc/seed-5/1_csched008_seed-5_20260502_221048/iterated_local_search/run_1_worker_12/ils_config_2883330803388604848.prm
[INFO]:[22:11:59] CPLEX results. Gap: 5.520000, upper bound: 181.000000, lower bound: 171.000000
[INFO]:[22:11:59] CPLEX solver finished. Gap: 5.520000
[INFO]:[22:11:59] Starting CPLEX solver on instance: /home/yorig/tuner/mpils-tests/instances/miplib/easy/csched008.mps with config: /scratch/yorig/mpils-results-grid-seconds-5-no-mip-start/easy/16proc/seed-5/1_csched008_seed-5_20260502_221048/iterated_local_search/run_1_worker_12/ils_config_5518095352217963381.prm
[INFO]:[22:11:59] Starting CPLEX solver on instance: /home/yorig/tuner/mpils-tests/instances/miplib/easy/csched008.mps with config: /scratch/yorig/mpils-results-grid-seconds-5-no-mip-start/easy/16proc/seed-5/1_csched008_seed-5_20260502_221048/iterated_local_search/run_1_worker_12/ils_config_5518095352217963381.prm
[INFO]:[22:12:04] CPLEX results. Gap: 2.290000, upper bound: 175.000000, lower bound: 171.000000
[INFO]:[22:12:04] CPLEX solver finished. Gap: 2.290000
[INFO]:[22:12:04] Starting CPLEX solver on instance: /home/yorig/tuner/mpils-tests/instances/miplib/easy/csched008.mps with config: /scratch/yorig/mpils-results-grid-seconds-5-no-mip-start/easy/16proc/seed-5/1_csched008_seed-5_20260502_221048/iterated_local_search/run_1_worker_12/ils_config_17238025774298598150.prm
[INFO]:[22:12:04] Starting CPLEX solver on instance: /home/yorig/tuner/mpils-tests/instances/miplib/easy/csched008.mps with config: /scratch/yorig/mpils-results-grid-seconds-5-no-mip-start/easy/16proc/seed-5/1_csched008_seed-5_20260502_221048/iterated_local_search/run_1_worker_12/ils_config_17238025774298598150.prm
[INFO]:[22:12:09] CPLEX results. Gap: 4.910000, upper bound: 180.000000, lower bound: 171.153098
[INFO]:[22:12:09] CPLEX solver finished. Gap: 4.910000
[INFO]:[22:12:09] Starting CPLEX solver on instance: /home/yorig/tuner/mpils-tests/instances/miplib/easy/csched008.mps with config: /scratch/yorig/mpils-results-grid-seconds-5-no-mip-start/easy/16proc/seed-5/1_csched008_seed-5_20260502_221048/iterated_local_search/run_1_worker_12/ils_config_1839377818101608280.prm
[INFO]:[22:12:09] Starting CPLEX solver on instance: /home/yorig/tuner/mpils-tests/instances/miplib/easy/csched008.mps with config: /scratch/yorig/mpils-results-grid-seconds-5-no-mip-start/easy/16proc/seed-5/1_csched008_seed-5_20260502_221048/iterated_local_search/run_1_worker_12/ils_config_1839377818101608280.prm
[INFO]:[22:12:14] CPLEX results. Gap: 3.390000, upper bound: 177.000000, lower bound: 171.000000
[INFO]:[22:12:14] CPLEX solver finished. Gap: 3.390000
[INFO]:[22:12:14] Starting CPLEX solver on instance: /home/yorig/tuner/mpils-tests/instances/miplib/easy/csched008.mps with config: /scratch/yorig/mpils-results-grid-seconds-5-no-mip-start/easy/16proc/seed-5/1_csched008_seed-5_20260502_221048/iterated_local_search/run_1_worker_12/ils_config_9433574514216000876.prm
[INFO]:[22:12:14] Starting CPLEX solver on instance: /home/yorig/tuner/mpils-tests/instances/miplib/easy/csched008.mps with config: /scratch/yorig/mpils-results-grid-seconds-5-no-mip-start/easy/16proc/seed-5/1_csched008_seed-5_20260502_221048/iterated_local_search/run_1_worker_12/ils_config_9433574514216000876.prm
[INFO]:[22:12:19] CPLEX results. Gap: 2.840000, upper bound: 176.000000, lower bound: 171.000000
[INFO]:[22:12:19] CPLEX solver finished. Gap: 2.840000
[INFO]:[22:12:19] Starting CPLEX solver on instance: /home/yorig/tuner/mpils-tests/instances/miplib/easy/csched008.mps with config: /scratch/yorig/mpils-results-grid-seconds-5-no-mip-start/easy/16proc/seed-5/1_csched008_seed-5_20260502_221048/iterated_local_search/run_1_worker_12/ils_config_17767237137597195287.prm
[INFO]:[22:12:19] Starting CPLEX solver on instance: /home/yorig/tuner/mpils-tests/instances/miplib/easy/csched008.mps with config: /scratch/yorig/mpils-results-grid-seconds-5-no-mip-start/easy/16proc/seed-5/1_csched008_seed-5_20260502_221048/iterated_local_search/run_1_worker_12/ils_config_17767237137597195287.prm
[INFO]:[22:12:24] CPLEX results. Gap: 2.290000, upper bound: 175.000000, lower bound: 171.000000
[INFO]:[22:12:24] CPLEX solver finished. Gap: 2.290000
[INFO]:[22:12:24] Starting CPLEX solver on instance: /home/yorig/tuner/mpils-tests/instances/miplib/easy/csched008.mps with config: /scratch/yorig/mpils-results-grid-seconds-5-no-mip-start/easy/16proc/seed-5/1_csched008_seed-5_20260502_221048/iterated_local_search/run_1_worker_12/ils_config_15956378540431771136.prm
[INFO]:[22:12:24] Starting CPLEX solver on instance: /home/yorig/tuner/mpils-tests/instances/miplib/easy/csched008.mps with config: /scratch/yorig/mpils-results-grid-seconds-5-no-mip-start/easy/16proc/seed-5/1_csched008_seed-5_20260502_221048/iterated_local_search/run_1_worker_12/ils_config_15956378540431771136.prm
[INFO]:[22:12:29] CPLEX results. Gap: 2.840000, upper bound: 176.000000, lower bound: 171.000000
[INFO]:[22:12:29] CPLEX solver finished. Gap: 2.840000
[INFO]:[22:12:29] Local search phase completed.
[INFO]:[22:12:29] Total number of new local-search evaluations: 20
[INFO]:[22:12:29] Final incumbent objective value: 1.72
[INFO]:[22:12:29] Worker 12 completed exploration phase.
[INFO]:[22:12:29] Worker 12 received order for step 2.
[INFO]:[22:12:29] Worker 12 running expansion phase for iteration 1.
[INFO]:[22:12:29] Worker 12 will use solver log file: /scratch/yorig/mpils-results-grid-seconds-5-no-mip-start/easy/16proc/seed-5/1_csched008_seed-5_20260502_221048/solver/cplex.log_iteration_expansion_1_worker_12
[INFO]:[22:12:29] Expansion Worker 12 starting expansion for iteration 1.
[INFO]:[22:12:29] Starting CPLEX solver on instance: /home/yorig/tuner/mpils-tests/instances/miplib/easy/csched008.mps with config: /scratch/yorig/mpils-results-grid-seconds-5-no-mip-start/easy/16proc/seed-5/1_csched008_seed-5_20260502_221048/expansion/config_param_CPXPARAM_MIP_Strategy_BBInterval_4_iter_1.prm
[INFO]:[22:12:34] CPLEX results. Gap: 0.580000, upper bound: 173.000000, lower bound: 172.000000
[INFO]:[22:12:34] CPLEX solver finished. Gap: 0.580000
[INFO]:[22:12:34] Starting CPLEX solver on instance: /home/yorig/tuner/mpils-tests/instances/miplib/easy/csched008.mps with config: /scratch/yorig/mpils-results-grid-seconds-5-no-mip-start/easy/16proc/seed-5/1_csched008_seed-5_20260502_221048/expansion/config_param_CPXPARAM_MIP_Strategy_BBInterval_5_iter_1.prm
[INFO]:[22:12:39] CPLEX results. Gap: 0.580000, upper bound: 173.000000, lower bound: 172.000000
[INFO]:[22:12:39] CPLEX solver finished. Gap: 0.580000
[INFO]:[22:12:39] Starting CPLEX solver on instance: /home/yorig/tuner/mpils-tests/instances/miplib/easy/csched008.mps with config: /scratch/yorig/mpils-results-grid-seconds-5-no-mip-start/easy/16proc/seed-5/1_csched008_seed-5_20260502_221048/expansion/config_param_CPXPARAM_MIP_Strategy_BBInterval_10_iter_1.prm
[INFO]:[22:12:44] CPLEX results. Gap: 0.580000, upper bound: 173.000000, lower bound: 172.000000
[INFO]:[22:12:44] CPLEX solver finished. Gap: 0.580000
[INFO]:[22:12:49] Expansion Worker 12 completed expansion.
[INFO]:[22:12:49] Worker 12 completed expansion phase.
[INFO]:[22:12:50] Worker 12 received order for step 1.
[INFO]:[22:12:50] Worker 12 running exploration phase for iteration 2.
[INFO]:[22:12:50] Worker 12 at iteration 2 will not use a MIP start file. Current best MIP-start upper bound threshold is 173.
[INFO]:[22:12:50] Starting local search phase...
[INFO]:[22:12:50] Creating local search space from parameter space file: /scratch/yorig/mpils-results-grid-seconds-5-no-mip-start/easy/16proc/seed-5/1_csched008_seed-5_20260502_221048/iterated_local_search/search_space/search_space_file_2_worker_12.txt
[INFO]:[22:12:50] Local search space loaded from file: /scratch/yorig/mpils-results-grid-seconds-5-no-mip-start/easy/16proc/seed-5/1_csched008_seed-5_20260502_221048/iterated_local_search/search_space/search_space_file_2_worker_12.txt
[INFO]:[22:12:50] Number of parameters in local search space: 71
[INFO]:[22:12:50] Number of forbidden tuples in local search space: 28
[INFO]:[22:12:50] Number of conditionals in local search space: 6
[INFO]:[22:12:50] MIP start option not enabled. Local search will proceed without MIP start.
[INFO]:[22:12:50] Evaluating initial configuration for local search phase...
[INFO]:[22:12:50] Starting CPLEX solver on instance: /home/yorig/tuner/mpils-tests/instances/miplib/easy/csched008.mps with config: /scratch/yorig/mpils-results-grid-seconds-5-no-mip-start/easy/16proc/seed-5/1_csched008_seed-5_20260502_221048/iterated_local_search/run_2_worker_12/ils_config_11385653416270721873.prm
[INFO]:[22:12:50] Starting CPLEX solver on instance: /home/yorig/tuner/mpils-tests/instances/miplib/easy/csched008.mps with config: /scratch/yorig/mpils-results-grid-seconds-5-no-mip-start/easy/16proc/seed-5/1_csched008_seed-5_20260502_221048/iterated_local_search/run_2_worker_12/ils_config_11385653416270721873.prm
[INFO]:[22:12:55] CPLEX results. Gap: 8.560000, upper bound: 187.000000, lower bound: 171.000000
[INFO]:[22:12:55] CPLEX solver finished. Gap: 8.560000
[INFO]:[22:12:55] Initial configuration evaluated with objective value: 8.56
[INFO]:[22:12:55] Starting CPLEX solver on instance: /home/yorig/tuner/mpils-tests/instances/miplib/easy/csched008.mps with config: /scratch/yorig/mpils-results-grid-seconds-5-no-mip-start/easy/16proc/seed-5/1_csched008_seed-5_20260502_221048/iterated_local_search/run_2_worker_12/ils_config_16403603668461347197.prm
[INFO]:[22:12:55] Starting CPLEX solver on instance: /home/yorig/tuner/mpils-tests/instances/miplib/easy/csched008.mps with config: /scratch/yorig/mpils-results-grid-seconds-5-no-mip-start/easy/16proc/seed-5/1_csched008_seed-5_20260502_221048/iterated_local_search/run_2_worker_12/ils_config_16403603668461347197.prm
[INFO]:[22:13:00] CPLEX results. Gap: 8.560000, upper bound: 187.000000, lower bound: 171.000000
[INFO]:[22:13:00] CPLEX solver finished. Gap: 8.560000
[INFO]:[22:13:00] Starting CPLEX solver on instance: /home/yorig/tuner/mpils-tests/instances/miplib/easy/csched008.mps with config: /scratch/yorig/mpils-results-grid-seconds-5-no-mip-start/easy/16proc/seed-5/1_csched008_seed-5_20260502_221048/iterated_local_search/run_2_worker_12/ils_config_8712003893385401032.prm
[INFO]:[22:13:00] Starting CPLEX solver on instance: /home/yorig/tuner/mpils-tests/instances/miplib/easy/csched008.mps with config: /scratch/yorig/mpils-results-grid-seconds-5-no-mip-start/easy/16proc/seed-5/1_csched008_seed-5_20260502_221048/iterated_local_search/run_2_worker_12/ils_config_8712003893385401032.prm
[INFO]:[22:13:05] CPLEX results. Gap: 2.820000, upper bound: 176.000000, lower bound: 171.032257
[INFO]:[22:13:05] CPLEX solver finished. Gap: 2.820000
[INFO]:[22:13:05] New incumbent found with objective value: 2.82
[INFO]:[22:13:05] Starting CPLEX solver on instance: /home/yorig/tuner/mpils-tests/instances/miplib/easy/csched008.mps with config: /scratch/yorig/mpils-results-grid-seconds-5-no-mip-start/easy/16proc/seed-5/1_csched008_seed-5_20260502_221048/iterated_local_search/run_2_worker_12/ils_config_9712875041858321171.prm
[INFO]:[22:13:05] Starting CPLEX solver on instance: /home/yorig/tuner/mpils-tests/instances/miplib/easy/csched008.mps with config: /scratch/yorig/mpils-results-grid-seconds-5-no-mip-start/easy/16proc/seed-5/1_csched008_seed-5_20260502_221048/iterated_local_search/run_2_worker_12/ils_config_9712875041858321171.prm
[INFO]:[22:13:10] CPLEX results. Gap: 2.820000, upper bound: 176.000000, lower bound: 171.033169
[INFO]:[22:13:10] CPLEX solver finished. Gap: 2.820000
[INFO]:[22:13:10] Starting CPLEX solver on instance: /home/yorig/tuner/mpils-tests/instances/miplib/easy/csched008.mps with config: /scratch/yorig/mpils-results-grid-seconds-5-no-mip-start/easy/16proc/seed-5/1_csched008_seed-5_20260502_221048/iterated_local_search/run_2_worker_12/ils_config_16666640008770654797.prm
[INFO]:[22:13:10] Starting CPLEX solver on instance: /home/yorig/tuner/mpils-tests/instances/miplib/easy/csched008.mps with config: /scratch/yorig/mpils-results-grid-seconds-5-no-mip-start/easy/16proc/seed-5/1_csched008_seed-5_20260502_221048/iterated_local_search/run_2_worker_12/ils_config_16666640008770654797.prm
[INFO]:[22:13:15] CPLEX results. Gap: 5.000000, upper bound: 180.000000, lower bound: 171.000000
[INFO]:[22:13:15] CPLEX solver finished. Gap: 5.000000
[INFO]:[22:13:15] Local search phase completed.
[INFO]:[22:13:15] Total number of new local-search evaluations: 5
[INFO]:[22:13:15] Final incumbent objective value: 2.82
[INFO]:[22:13:15] Worker 12 completed exploration phase.
[INFO]:[22:13:15] Worker 12 received order for step 2.
[INFO]:[22:13:15] Worker 12 running expansion phase for iteration 2.
[INFO]:[22:13:15] Worker 12 will use solver log file: /scratch/yorig/mpils-results-grid-seconds-5-no-mip-start/easy/16proc/seed-5/1_csched008_seed-5_20260502_221048/solver/cplex.log_iteration_expansion_2_worker_12
[INFO]:[22:13:15] Expansion Worker 12 starting expansion for iteration 2.
[INFO]:[22:13:15] Starting CPLEX solver on instance: /home/yorig/tuner/mpils-tests/instances/miplib/easy/csched008.mps with config: /scratch/yorig/mpils-results-grid-seconds-5-no-mip-start/easy/16proc/seed-5/1_csched008_seed-5_20260502_221048/expansion/config_param_CPXPARAM_MIP_Strategy_SubAlgorithm_3_iter_2.prm
[INFO]:[22:13:20] CPLEX results. Gap: 6.560000, upper bound: 183.000000, lower bound: 171.000000
[INFO]:[22:13:20] CPLEX solver finished. Gap: 6.560000
[INFO]:[22:13:20] Starting CPLEX solver on instance: /home/yorig/tuner/mpils-tests/instances/miplib/easy/csched008.mps with config: /scratch/yorig/mpils-results-grid-seconds-5-no-mip-start/easy/16proc/seed-5/1_csched008_seed-5_20260502_221048/expansion/config_param_CPXPARAM_MIP_Strategy_SubAlgorithm_4_iter_2.prm
[INFO]:[22:13:25] CPLEX results. Gap: 8.060000, upper bound: 186.000000, lower bound: 171.000000
[INFO]:[22:13:25] CPLEX solver finished. Gap: 8.060000
[INFO]:[22:13:30] Expansion Worker 12 completed expansion.
[INFO]:[22:13:30] Worker 12 completed expansion phase.
[INFO]:[22:13:30] Worker 12 received order for step 1.
[INFO]:[22:13:30] Worker 12 running exploration phase for iteration 3.
[INFO]:[22:13:30] Worker 12 at iteration 3 will not use a MIP start file. Current best MIP-start upper bound threshold is 173.
[INFO]:[22:13:30] Starting local search phase...
[INFO]:[22:13:30] Creating local search space from parameter space file: /scratch/yorig/mpils-results-grid-seconds-5-no-mip-start/easy/16proc/seed-5/1_csched008_seed-5_20260502_221048/iterated_local_search/search_space/search_space_file_3_worker_12.txt
[INFO]:[22:13:30] Local search space loaded from file: /scratch/yorig/mpils-results-grid-seconds-5-no-mip-start/easy/16proc/seed-5/1_csched008_seed-5_20260502_221048/iterated_local_search/search_space/search_space_file_3_worker_12.txt
[INFO]:[22:13:30] Number of parameters in local search space: 71
[INFO]:[22:13:30] Number of forbidden tuples in local search space: 28
[INFO]:[22:13:30] Number of conditionals in local search space: 6
[INFO]:[22:13:30] MIP start option not enabled. Local search will proceed without MIP start.
[INFO]:[22:13:30] Evaluating initial configuration for local search phase...
[INFO]:[22:13:30] Starting CPLEX solver on instance: /home/yorig/tuner/mpils-tests/instances/miplib/easy/csched008.mps with config: /scratch/yorig/mpils-results-grid-seconds-5-no-mip-start/easy/16proc/seed-5/1_csched008_seed-5_20260502_221048/iterated_local_search/run_3_worker_12/ils_config_12422265277057256592.prm
[INFO]:[22:13:30] Starting CPLEX solver on instance: /home/yorig/tuner/mpils-tests/instances/miplib/easy/csched008.mps with config: /scratch/yorig/mpils-results-grid-seconds-5-no-mip-start/easy/16proc/seed-5/1_csched008_seed-5_20260502_221048/iterated_local_search/run_3_worker_12/ils_config_12422265277057256592.prm
[WARN]:[22:13:35] CPLEX finished without a primal feasible solution for config /scratch/yorig/mpils-results-grid-seconds-5-no-mip-start/easy/16proc/seed-5/1_csched008_seed-5_20260502_221048/iterated_local_search/run_3_worker_12/ils_config_12422265277057256592.prm.
[INFO]:[22:13:35] CPLEX results. Gap: unavailable, upper bound: null, lower bound: 171.000000
[INFO]:[22:13:35] CPLEX solver finished. Gap: 179769313486231570814527423731704356798070567525844996598917476803157260780028538760589558632766878171540458953514382464234321326889464182768467546703537516986049910576551282076245490090389328944075868508455133942304583236903222948165808559332123348274797826204144723168738177180919299881250404026184124858368.000000
[INFO]:[22:13:35] Initial configuration evaluated with objective value: 1.79769e+308
[INFO]:[22:13:35] Starting CPLEX solver on instance: /home/yorig/tuner/mpils-tests/instances/miplib/easy/csched008.mps with config: /scratch/yorig/mpils-results-grid-seconds-5-no-mip-start/easy/16proc/seed-5/1_csched008_seed-5_20260502_221048/iterated_local_search/run_3_worker_12/ils_config_11789882731796091657.prm
[INFO]:[22:13:35] Starting CPLEX solver on instance: /home/yorig/tuner/mpils-tests/instances/miplib/easy/csched008.mps with config: /scratch/yorig/mpils-results-grid-seconds-5-no-mip-start/easy/16proc/seed-5/1_csched008_seed-5_20260502_221048/iterated_local_search/run_3_worker_12/ils_config_11789882731796091657.prm
[WARN]:[22:13:40] CPLEX finished without a primal feasible solution for config /scratch/yorig/mpils-results-grid-seconds-5-no-mip-start/easy/16proc/seed-5/1_csched008_seed-5_20260502_221048/iterated_local_search/run_3_worker_12/ils_config_11789882731796091657.prm.
[INFO]:[22:13:40] CPLEX results. Gap: unavailable, upper bound: null, lower bound: 171.000000
[INFO]:[22:13:40] CPLEX solver finished. Gap: 179769313486231570814527423731704356798070567525844996598917476803157260780028538760589558632766878171540458953514382464234321326889464182768467546703537516986049910576551282076245490090389328944075868508455133942304583236903222948165808559332123348274797826204144723168738177180919299881250404026184124858368.000000
[INFO]:[22:13:40] Starting CPLEX solver on instance: /home/yorig/tuner/mpils-tests/instances/miplib/easy/csched008.mps with config: /scratch/yorig/mpils-results-grid-seconds-5-no-mip-start/easy/16proc/seed-5/1_csched008_seed-5_20260502_221048/iterated_local_search/run_3_worker_12/ils_config_7336407345036339809.prm
[INFO]:[22:13:40] Starting CPLEX solver on instance: /home/yorig/tuner/mpils-tests/instances/miplib/easy/csched008.mps with config: /scratch/yorig/mpils-results-grid-seconds-5-no-mip-start/easy/16proc/seed-5/1_csched008_seed-5_20260502_221048/iterated_local_search/run_3_worker_12/ils_config_7336407345036339809.prm
[WARN]:[22:13:45] CPLEX finished without a primal feasible solution for config /scratch/yorig/mpils-results-grid-seconds-5-no-mip-start/easy/16proc/seed-5/1_csched008_seed-5_20260502_221048/iterated_local_search/run_3_worker_12/ils_config_7336407345036339809.prm.
[INFO]:[22:13:45] CPLEX results. Gap: unavailable, upper bound: null, lower bound: 171.000000
[INFO]:[22:13:45] CPLEX solver finished. Gap: 179769313486231570814527423731704356798070567525844996598917476803157260780028538760589558632766878171540458953514382464234321326889464182768467546703537516986049910576551282076245490090389328944075868508455133942304583236903222948165808559332123348274797826204144723168738177180919299881250404026184124858368.000000
[INFO]:[22:13:45] Starting CPLEX solver on instance: /home/yorig/tuner/mpils-tests/instances/miplib/easy/csched008.mps with config: /scratch/yorig/mpils-results-grid-seconds-5-no-mip-start/easy/16proc/seed-5/1_csched008_seed-5_20260502_221048/iterated_local_search/run_3_worker_12/ils_config_17433005559969969252.prm
[INFO]:[22:13:45] Starting CPLEX solver on instance: /home/yorig/tuner/mpils-tests/instances/miplib/easy/csched008.mps with config: /scratch/yorig/mpils-results-grid-seconds-5-no-mip-start/easy/16proc/seed-5/1_csched008_seed-5_20260502_221048/iterated_local_search/run_3_worker_12/ils_config_17433005559969969252.prm
[INFO]:[22:13:50] CPLEX results. Gap: 3.930000, upper bound: 178.000000, lower bound: 171.000000
[INFO]:[22:13:50] CPLEX solver finished. Gap: 3.930000
[INFO]:[22:13:50] New incumbent found with objective value: 3.93
[INFO]:[22:13:50] Starting CPLEX solver on instance: /home/yorig/tuner/mpils-tests/instances/miplib/easy/csched008.mps with config: /scratch/yorig/mpils-results-grid-seconds-5-no-mip-start/easy/16proc/seed-5/1_csched008_seed-5_20260502_221048/iterated_local_search/run_3_worker_12/ils_config_1469436290358429896.prm
[INFO]:[22:13:50] Starting CPLEX solver on instance: /home/yorig/tuner/mpils-tests/instances/miplib/easy/csched008.mps with config: /scratch/yorig/mpils-results-grid-seconds-5-no-mip-start/easy/16proc/seed-5/1_csched008_seed-5_20260502_221048/iterated_local_search/run_3_worker_12/ils_config_1469436290358429896.prm
[INFO]:[22:13:55] CPLEX results. Gap: 3.930000, upper bound: 178.000000, lower bound: 171.000000
[INFO]:[22:13:55] CPLEX solver finished. Gap: 3.930000
[INFO]:[22:13:55] Local search phase completed.
[INFO]:[22:13:55] Total number of new local-search evaluations: 5
[INFO]:[22:13:55] Final incumbent objective value: 3.93
[INFO]:[22:13:55] Worker 12 completed exploration phase.
[INFO]:[22:13:55] Worker 12 received order for step 2.
[INFO]:[22:13:55] Worker 12 running expansion phase for iteration 3.
[INFO]:[22:13:55] Worker 12 will use solver log file: /scratch/yorig/mpils-results-grid-seconds-5-no-mip-start/easy/16proc/seed-5/1_csched008_seed-5_20260502_221048/solver/cplex.log_iteration_expansion_3_worker_12
[INFO]:[22:13:55] Expansion Worker 12 starting expansion for iteration 3.
[INFO]:[22:13:55] Starting CPLEX solver on instance: /home/yorig/tuner/mpils-tests/instances/miplib/easy/csched008.mps with config: /scratch/yorig/mpils-results-grid-seconds-5-no-mip-start/easy/16proc/seed-5/1_csched008_seed-5_20260502_221048/expansion/config_param_CPXPARAM_Preprocessing_BoundStrength_0_iter_3.prm
[INFO]:[22:14:00] CPLEX results. Gap: 1.150000, upper bound: 174.000000, lower bound: 172.000000
[INFO]:[22:14:00] CPLEX solver finished. Gap: 1.150000
[INFO]:[22:14:00] Starting CPLEX solver on instance: /home/yorig/tuner/mpils-tests/instances/miplib/easy/csched008.mps with config: /scratch/yorig/mpils-results-grid-seconds-5-no-mip-start/easy/16proc/seed-5/1_csched008_seed-5_20260502_221048/expansion/config_param_CPXPARAM_Preprocessing_BoundStrength_1_iter_3.prm
[INFO]:[22:14:05] CPLEX results. Gap: 1.150000, upper bound: 174.000000, lower bound: 172.000000
[INFO]:[22:14:05] CPLEX solver finished. Gap: 1.150000
[INFO]:[22:14:05] Expansion Worker 12 completed expansion.
[INFO]:[22:14:05] Worker 12 completed expansion phase.
[INFO]:[22:14:06] Worker 12 received order for step 1.
[INFO]:[22:14:06] Worker 12 running exploration phase for iteration 4.
[INFO]:[22:14:06] Worker 12 at iteration 4 will not use a MIP start file. Current best MIP-start upper bound threshold is 173.
[INFO]:[22:14:06] Starting local search phase...
[INFO]:[22:14:06] Creating local search space from parameter space file: /scratch/yorig/mpils-results-grid-seconds-5-no-mip-start/easy/16proc/seed-5/1_csched008_seed-5_20260502_221048/iterated_local_search/search_space/search_space_file_4_worker_12.txt
[INFO]:[22:14:06] Local search space loaded from file: /scratch/yorig/mpils-results-grid-seconds-5-no-mip-start/easy/16proc/seed-5/1_csched008_seed-5_20260502_221048/iterated_local_search/search_space/search_space_file_4_worker_12.txt
[INFO]:[22:14:06] Number of parameters in local search space: 71
[INFO]:[22:14:06] Number of forbidden tuples in local search space: 53
[INFO]:[22:14:06] Number of conditionals in local search space: 6
[INFO]:[22:14:06] MIP start option not enabled. Local search will proceed without MIP start.
[INFO]:[22:14:06] Evaluating initial configuration for local search phase...
[INFO]:[22:14:06] Starting CPLEX solver on instance: /home/yorig/tuner/mpils-tests/instances/miplib/easy/csched008.mps with config: /scratch/yorig/mpils-results-grid-seconds-5-no-mip-start/easy/16proc/seed-5/1_csched008_seed-5_20260502_221048/iterated_local_search/run_4_worker_12/ils_config_6499715821883533772.prm
[INFO]:[22:14:06] Starting CPLEX solver on instance: /home/yorig/tuner/mpils-tests/instances/miplib/easy/csched008.mps with config: /scratch/yorig/mpils-results-grid-seconds-5-no-mip-start/easy/16proc/seed-5/1_csched008_seed-5_20260502_221048/iterated_local_search/run_4_worker_12/ils_config_6499715821883533772.prm
[WARN]:[22:14:11] CPLEX finished without a primal feasible solution for config /scratch/yorig/mpils-results-grid-seconds-5-no-mip-start/easy/16proc/seed-5/1_csched008_seed-5_20260502_221048/iterated_local_search/run_4_worker_12/ils_config_6499715821883533772.prm.
[INFO]:[22:14:11] CPLEX results. Gap: unavailable, upper bound: null, lower bound: 171.000000
[INFO]:[22:14:11] CPLEX solver finished. Gap: 179769313486231570814527423731704356798070567525844996598917476803157260780028538760589558632766878171540458953514382464234321326889464182768467546703537516986049910576551282076245490090389328944075868508455133942304583236903222948165808559332123348274797826204144723168738177180919299881250404026184124858368.000000
[INFO]:[22:14:11] Initial configuration evaluated with objective value: 1.79769e+308
[INFO]:[22:14:11] Starting CPLEX solver on instance: /home/yorig/tuner/mpils-tests/instances/miplib/easy/csched008.mps with config: /scratch/yorig/mpils-results-grid-seconds-5-no-mip-start/easy/16proc/seed-5/1_csched008_seed-5_20260502_221048/iterated_local_search/run_4_worker_12/ils_config_3772383959590360258.prm
[INFO]:[22:14:11] Starting CPLEX solver on instance: /home/yorig/tuner/mpils-tests/instances/miplib/easy/csched008.mps with config: /scratch/yorig/mpils-results-grid-seconds-5-no-mip-start/easy/16proc/seed-5/1_csched008_seed-5_20260502_221048/iterated_local_search/run_4_worker_12/ils_config_3772383959590360258.prm
[WARN]:[22:14:16] CPLEX finished without a primal feasible solution for config /scratch/yorig/mpils-results-grid-seconds-5-no-mip-start/easy/16proc/seed-5/1_csched008_seed-5_20260502_221048/iterated_local_search/run_4_worker_12/ils_config_3772383959590360258.prm.
[INFO]:[22:14:16] CPLEX results. Gap: unavailable, upper bound: null, lower bound: 171.000000
[INFO]:[22:14:16] CPLEX solver finished. Gap: 179769313486231570814527423731704356798070567525844996598917476803157260780028538760589558632766878171540458953514382464234321326889464182768467546703537516986049910576551282076245490090389328944075868508455133942304583236903222948165808559332123348274797826204144723168738177180919299881250404026184124858368.000000
[INFO]:[22:14:16] Starting CPLEX solver on instance: /home/yorig/tuner/mpils-tests/instances/miplib/easy/csched008.mps with config: /scratch/yorig/mpils-results-grid-seconds-5-no-mip-start/easy/16proc/seed-5/1_csched008_seed-5_20260502_221048/iterated_local_search/run_4_worker_12/ils_config_5642705105489691402.prm
[INFO]:[22:14:16] Starting CPLEX solver on instance: /home/yorig/tuner/mpils-tests/instances/miplib/easy/csched008.mps with config: /scratch/yorig/mpils-results-grid-seconds-5-no-mip-start/easy/16proc/seed-5/1_csched008_seed-5_20260502_221048/iterated_local_search/run_4_worker_12/ils_config_5642705105489691402.prm
[WARN]:[22:14:21] CPLEX finished without a primal feasible solution for config /scratch/yorig/mpils-results-grid-seconds-5-no-mip-start/easy/16proc/seed-5/1_csched008_seed-5_20260502_221048/iterated_local_search/run_4_worker_12/ils_config_5642705105489691402.prm.
[INFO]:[22:14:21] CPLEX results. Gap: unavailable, upper bound: null, lower bound: 171.000000
[INFO]:[22:14:21] CPLEX solver finished. Gap: 179769313486231570814527423731704356798070567525844996598917476803157260780028538760589558632766878171540458953514382464234321326889464182768467546703537516986049910576551282076245490090389328944075868508455133942304583236903222948165808559332123348274797826204144723168738177180919299881250404026184124858368.000000
[INFO]:[22:14:21] Starting CPLEX solver on instance: /home/yorig/tuner/mpils-tests/instances/miplib/easy/csched008.mps with config: /scratch/yorig/mpils-results-grid-seconds-5-no-mip-start/easy/16proc/seed-5/1_csched008_seed-5_20260502_221048/iterated_local_search/run_4_worker_12/ils_config_3703684651609759648.prm
[INFO]:[22:14:21] Starting CPLEX solver on instance: /home/yorig/tuner/mpils-tests/instances/miplib/easy/csched008.mps with config: /scratch/yorig/mpils-results-grid-seconds-5-no-mip-start/easy/16proc/seed-5/1_csched008_seed-5_20260502_221048/iterated_local_search/run_4_worker_12/ils_config_3703684651609759648.prm
[WARN]:[22:14:26] CPLEX finished without a primal feasible solution for config /scratch/yorig/mpils-results-grid-seconds-5-no-mip-start/easy/16proc/seed-5/1_csched008_seed-5_20260502_221048/iterated_local_search/run_4_worker_12/ils_config_3703684651609759648.prm.
[INFO]:[22:14:26] CPLEX results. Gap: unavailable, upper bound: null, lower bound: 171.000000
[INFO]:[22:14:26] CPLEX solver finished. Gap: 179769313486231570814527423731704356798070567525844996598917476803157260780028538760589558632766878171540458953514382464234321326889464182768467546703537516986049910576551282076245490090389328944075868508455133942304583236903222948165808559332123348274797826204144723168738177180919299881250404026184124858368.000000
[INFO]:[22:14:26] Starting CPLEX solver on instance: /home/yorig/tuner/mpils-tests/instances/miplib/easy/csched008.mps with config: /scratch/yorig/mpils-results-grid-seconds-5-no-mip-start/easy/16proc/seed-5/1_csched008_seed-5_20260502_221048/iterated_local_search/run_4_worker_12/ils_config_13045241628729695593.prm
[INFO]:[22:14:26] Starting CPLEX solver on instance: /home/yorig/tuner/mpils-tests/instances/miplib/easy/csched008.mps with config: /scratch/yorig/mpils-results-grid-seconds-5-no-mip-start/easy/16proc/seed-5/1_csched008_seed-5_20260502_221048/iterated_local_search/run_4_worker_12/ils_config_13045241628729695593.prm
[WARN]:[22:14:31] CPLEX finished without a primal feasible solution for config /scratch/yorig/mpils-results-grid-seconds-5-no-mip-start/easy/16proc/seed-5/1_csched008_seed-5_20260502_221048/iterated_local_search/run_4_worker_12/ils_config_13045241628729695593.prm.
[INFO]:[22:14:31] CPLEX results. Gap: unavailable, upper bound: null, lower bound: 171.000000
[INFO]:[22:14:31] CPLEX solver finished. Gap: 179769313486231570814527423731704356798070567525844996598917476803157260780028538760589558632766878171540458953514382464234321326889464182768467546703537516986049910576551282076245490090389328944075868508455133942304583236903222948165808559332123348274797826204144723168738177180919299881250404026184124858368.000000
[INFO]:[22:14:31] Starting CPLEX solver on instance: /home/yorig/tuner/mpils-tests/instances/miplib/easy/csched008.mps with config: /scratch/yorig/mpils-results-grid-seconds-5-no-mip-start/easy/16proc/seed-5/1_csched008_seed-5_20260502_221048/iterated_local_search/run_4_worker_12/ils_config_15218362975319577957.prm
[INFO]:[22:14:31] Starting CPLEX solver on instance: /home/yorig/tuner/mpils-tests/instances/miplib/easy/csched008.mps with config: /scratch/yorig/mpils-results-grid-seconds-5-no-mip-start/easy/16proc/seed-5/1_csched008_seed-5_20260502_221048/iterated_local_search/run_4_worker_12/ils_config_15218362975319577957.prm
[WARN]:[22:14:36] CPLEX finished without a primal feasible solution for config /scratch/yorig/mpils-results-grid-seconds-5-no-mip-start/easy/16proc/seed-5/1_csched008_seed-5_20260502_221048/iterated_local_search/run_4_worker_12/ils_config_15218362975319577957.prm.
[INFO]:[22:14:36] CPLEX results. Gap: unavailable, upper bound: null, lower bound: 171.000000
[INFO]:[22:14:36] CPLEX solver finished. Gap: 179769313486231570814527423731704356798070567525844996598917476803157260780028538760589558632766878171540458953514382464234321326889464182768467546703537516986049910576551282076245490090389328944075868508455133942304583236903222948165808559332123348274797826204144723168738177180919299881250404026184124858368.000000
[INFO]:[22:14:36] Starting CPLEX solver on instance: /home/yorig/tuner/mpils-tests/instances/miplib/easy/csched008.mps with config: /scratch/yorig/mpils-results-grid-seconds-5-no-mip-start/easy/16proc/seed-5/1_csched008_seed-5_20260502_221048/iterated_local_search/run_4_worker_12/ils_config_5220745036326219410.prm
[INFO]:[22:14:36] Starting CPLEX solver on instance: /home/yorig/tuner/mpils-tests/instances/miplib/easy/csched008.mps with config: /scratch/yorig/mpils-results-grid-seconds-5-no-mip-start/easy/16proc/seed-5/1_csched008_seed-5_20260502_221048/iterated_local_search/run_4_worker_12/ils_config_5220745036326219410.prm
[WARN]:[22:14:41] CPLEX finished without a primal feasible solution for config /scratch/yorig/mpils-results-grid-seconds-5-no-mip-start/easy/16proc/seed-5/1_csched008_seed-5_20260502_221048/iterated_local_search/run_4_worker_12/ils_config_5220745036326219410.prm.
[INFO]:[22:14:41] CPLEX results. Gap: unavailable, upper bound: null, lower bound: 171.000000
[INFO]:[22:14:41] CPLEX solver finished. Gap: 179769313486231570814527423731704356798070567525844996598917476803157260780028538760589558632766878171540458953514382464234321326889464182768467546703537516986049910576551282076245490090389328944075868508455133942304583236903222948165808559332123348274797826204144723168738177180919299881250404026184124858368.000000
[INFO]:[22:14:41] Local search phase completed.
[INFO]:[22:14:41] Total number of new local-search evaluations: 7
[INFO]:[22:14:41] Final incumbent objective value: 1.79769e+308
[INFO]:[22:14:41] Worker 12 completed exploration phase.
[INFO]:[22:14:41] Worker 12 received order for step 2.
[INFO]:[22:14:41] Worker 12 running expansion phase for iteration 4.
[INFO]:[22:14:41] Worker 12 will use solver log file: /scratch/yorig/mpils-results-grid-seconds-5-no-mip-start/easy/16proc/seed-5/1_csched008_seed-5_20260502_221048/solver/cplex.log_iteration_expansion_4_worker_12
[INFO]:[22:14:41] Expansion Worker 12 starting expansion for iteration 4.
[INFO]:[22:14:41] Starting CPLEX solver on instance: /home/yorig/tuner/mpils-tests/instances/miplib/easy/csched008.mps with config: /scratch/yorig/mpils-results-grid-seconds-5-no-mip-start/easy/16proc/seed-5/1_csched008_seed-5_20260502_221048/expansion/config_param_CPXPARAM_Preprocessing_Reduce_1_iter_4.prm
[INFO]:[22:14:46] CPLEX results. Gap: 4.920000, upper bound: 180.000000, lower bound: 171.138080
[INFO]:[22:14:46] CPLEX solver finished. Gap: 4.920000
[INFO]:[22:14:51] Expansion Worker 12 completed expansion.
[INFO]:[22:14:51] Worker 12 completed expansion phase.
[INFO]:[22:14:52] Worker 12 received order for step 1.
[INFO]:[22:14:52] Worker 12 running exploration phase for iteration 5.
[INFO]:[22:14:52] Worker 12 at iteration 5 will not use a MIP start file. Current best MIP-start upper bound threshold is 173.
[INFO]:[22:14:52] Starting local search phase...
[INFO]:[22:14:52] Creating local search space from parameter space file: /scratch/yorig/mpils-results-grid-seconds-5-no-mip-start/easy/16proc/seed-5/1_csched008_seed-5_20260502_221048/iterated_local_search/search_space/search_space_file_5_worker_12.txt
[INFO]:[22:14:52] Local search space loaded from file: /scratch/yorig/mpils-results-grid-seconds-5-no-mip-start/easy/16proc/seed-5/1_csched008_seed-5_20260502_221048/iterated_local_search/search_space/search_space_file_5_worker_12.txt
[INFO]:[22:14:52] Number of parameters in local search space: 71
[INFO]:[22:14:52] Number of forbidden tuples in local search space: 80
[INFO]:[22:14:52] Number of conditionals in local search space: 6
[INFO]:[22:14:52] MIP start option not enabled. Local search will proceed without MIP start.
[INFO]:[22:14:52] Evaluating initial configuration for local search phase...
[INFO]:[22:14:52] Starting CPLEX solver on instance: /home/yorig/tuner/mpils-tests/instances/miplib/easy/csched008.mps with config: /scratch/yorig/mpils-results-grid-seconds-5-no-mip-start/easy/16proc/seed-5/1_csched008_seed-5_20260502_221048/iterated_local_search/run_5_worker_12/ils_config_12271242816561290948.prm
[INFO]:[22:14:52] Starting CPLEX solver on instance: /home/yorig/tuner/mpils-tests/instances/miplib/easy/csched008.mps with config: /scratch/yorig/mpils-results-grid-seconds-5-no-mip-start/easy/16proc/seed-5/1_csched008_seed-5_20260502_221048/iterated_local_search/run_5_worker_12/ils_config_12271242816561290948.prm
[WARN]:[22:14:57] CPLEX finished without a primal feasible solution for config /scratch/yorig/mpils-results-grid-seconds-5-no-mip-start/easy/16proc/seed-5/1_csched008_seed-5_20260502_221048/iterated_local_search/run_5_worker_12/ils_config_12271242816561290948.prm.
[INFO]:[22:14:57] CPLEX results. Gap: unavailable, upper bound: null, lower bound: 171.000000
[INFO]:[22:14:57] CPLEX solver finished. Gap: 179769313486231570814527423731704356798070567525844996598917476803157260780028538760589558632766878171540458953514382464234321326889464182768467546703537516986049910576551282076245490090389328944075868508455133942304583236903222948165808559332123348274797826204144723168738177180919299881250404026184124858368.000000
[INFO]:[22:14:57] Initial configuration evaluated with objective value: 1.79769e+308
[INFO]:[22:14:57] Starting CPLEX solver on instance: /home/yorig/tuner/mpils-tests/instances/miplib/easy/csched008.mps with config: /scratch/yorig/mpils-results-grid-seconds-5-no-mip-start/easy/16proc/seed-5/1_csched008_seed-5_20260502_221048/iterated_local_search/run_5_worker_12/ils_config_1851535093867670344.prm
[INFO]:[22:14:57] Starting CPLEX solver on instance: /home/yorig/tuner/mpils-tests/instances/miplib/easy/csched008.mps with config: /scratch/yorig/mpils-results-grid-seconds-5-no-mip-start/easy/16proc/seed-5/1_csched008_seed-5_20260502_221048/iterated_local_search/run_5_worker_12/ils_config_1851535093867670344.prm
[WARN]:[22:15:02] CPLEX finished without a primal feasible solution for config /scratch/yorig/mpils-results-grid-seconds-5-no-mip-start/easy/16proc/seed-5/1_csched008_seed-5_20260502_221048/iterated_local_search/run_5_worker_12/ils_config_1851535093867670344.prm.
[INFO]:[22:15:02] CPLEX results. Gap: unavailable, upper bound: null, lower bound: 171.000000
[INFO]:[22:15:02] CPLEX solver finished. Gap: 179769313486231570814527423731704356798070567525844996598917476803157260780028538760589558632766878171540458953514382464234321326889464182768467546703537516986049910576551282076245490090389328944075868508455133942304583236903222948165808559332123348274797826204144723168738177180919299881250404026184124858368.000000
[INFO]:[22:15:02] Starting CPLEX solver on instance: /home/yorig/tuner/mpils-tests/instances/miplib/easy/csched008.mps with config: /scratch/yorig/mpils-results-grid-seconds-5-no-mip-start/easy/16proc/seed-5/1_csched008_seed-5_20260502_221048/iterated_local_search/run_5_worker_12/ils_config_4665648695140036971.prm
[INFO]:[22:15:02] Starting CPLEX solver on instance: /home/yorig/tuner/mpils-tests/instances/miplib/easy/csched008.mps with config: /scratch/yorig/mpils-results-grid-seconds-5-no-mip-start/easy/16proc/seed-5/1_csched008_seed-5_20260502_221048/iterated_local_search/run_5_worker_12/ils_config_4665648695140036971.prm
[WARN]:[22:15:07] CPLEX finished without a primal feasible solution for config /scratch/yorig/mpils-results-grid-seconds-5-no-mip-start/easy/16proc/seed-5/1_csched008_seed-5_20260502_221048/iterated_local_search/run_5_worker_12/ils_config_4665648695140036971.prm.
[INFO]:[22:15:07] CPLEX results. Gap: unavailable, upper bound: null, lower bound: 171.000000
[INFO]:[22:15:07] CPLEX solver finished. Gap: 179769313486231570814527423731704356798070567525844996598917476803157260780028538760589558632766878171540458953514382464234321326889464182768467546703537516986049910576551282076245490090389328944075868508455133942304583236903222948165808559332123348274797826204144723168738177180919299881250404026184124858368.000000
[INFO]:[22:15:07] Starting CPLEX solver on instance: /home/yorig/tuner/mpils-tests/instances/miplib/easy/csched008.mps with config: /scratch/yorig/mpils-results-grid-seconds-5-no-mip-start/easy/16proc/seed-5/1_csched008_seed-5_20260502_221048/iterated_local_search/run_5_worker_12/ils_config_11266799714388845502.prm
[INFO]:[22:15:07] Starting CPLEX solver on instance: /home/yorig/tuner/mpils-tests/instances/miplib/easy/csched008.mps with config: /scratch/yorig/mpils-results-grid-seconds-5-no-mip-start/easy/16proc/seed-5/1_csched008_seed-5_20260502_221048/iterated_local_search/run_5_worker_12/ils_config_11266799714388845502.prm
[WARN]:[22:15:12] CPLEX finished without a primal feasible solution for config /scratch/yorig/mpils-results-grid-seconds-5-no-mip-start/easy/16proc/seed-5/1_csched008_seed-5_20260502_221048/iterated_local_search/run_5_worker_12/ils_config_11266799714388845502.prm.
[INFO]:[22:15:12] CPLEX results. Gap: unavailable, upper bound: null, lower bound: 171.000000
[INFO]:[22:15:12] CPLEX solver finished. Gap: 179769313486231570814527423731704356798070567525844996598917476803157260780028538760589558632766878171540458953514382464234321326889464182768467546703537516986049910576551282076245490090389328944075868508455133942304583236903222948165808559332123348274797826204144723168738177180919299881250404026184124858368.000000
[INFO]:[22:15:12] Starting CPLEX solver on instance: /home/yorig/tuner/mpils-tests/instances/miplib/easy/csched008.mps with config: /scratch/yorig/mpils-results-grid-seconds-5-no-mip-start/easy/16proc/seed-5/1_csched008_seed-5_20260502_221048/iterated_local_search/run_5_worker_12/ils_config_7231489902625939215.prm
[INFO]:[22:15:12] Starting CPLEX solver on instance: /home/yorig/tuner/mpils-tests/instances/miplib/easy/csched008.mps with config: /scratch/yorig/mpils-results-grid-seconds-5-no-mip-start/easy/16proc/seed-5/1_csched008_seed-5_20260502_221048/iterated_local_search/run_5_worker_12/ils_config_7231489902625939215.prm
[WARN]:[22:15:17] CPLEX finished without a primal feasible solution for config /scratch/yorig/mpils-results-grid-seconds-5-no-mip-start/easy/16proc/seed-5/1_csched008_seed-5_20260502_221048/iterated_local_search/run_5_worker_12/ils_config_7231489902625939215.prm.
[INFO]:[22:15:17] CPLEX results. Gap: unavailable, upper bound: null, lower bound: 171.000000
[INFO]:[22:15:17] CPLEX solver finished. Gap: 179769313486231570814527423731704356798070567525844996598917476803157260780028538760589558632766878171540458953514382464234321326889464182768467546703537516986049910576551282076245490090389328944075868508455133942304583236903222948165808559332123348274797826204144723168738177180919299881250404026184124858368.000000
[INFO]:[22:15:17] Starting CPLEX solver on instance: /home/yorig/tuner/mpils-tests/instances/miplib/easy/csched008.mps with config: /scratch/yorig/mpils-results-grid-seconds-5-no-mip-start/easy/16proc/seed-5/1_csched008_seed-5_20260502_221048/iterated_local_search/run_5_worker_12/ils_config_9911686717323437321.prm
[INFO]:[22:15:17] Starting CPLEX solver on instance: /home/yorig/tuner/mpils-tests/instances/miplib/easy/csched008.mps with config: /scratch/yorig/mpils-results-grid-seconds-5-no-mip-start/easy/16proc/seed-5/1_csched008_seed-5_20260502_221048/iterated_local_search/run_5_worker_12/ils_config_9911686717323437321.prm
[WARN]:[22:15:22] CPLEX finished without a primal feasible solution for config /scratch/yorig/mpils-results-grid-seconds-5-no-mip-start/easy/16proc/seed-5/1_csched008_seed-5_20260502_221048/iterated_local_search/run_5_worker_12/ils_config_9911686717323437321.prm.
[INFO]:[22:15:22] CPLEX results. Gap: unavailable, upper bound: null, lower bound: 171.000000
[INFO]:[22:15:22] CPLEX solver finished. Gap: 179769313486231570814527423731704356798070567525844996598917476803157260780028538760589558632766878171540458953514382464234321326889464182768467546703537516986049910576551282076245490090389328944075868508455133942304583236903222948165808559332123348274797826204144723168738177180919299881250404026184124858368.000000
[INFO]:[22:15:22] Starting CPLEX solver on instance: /home/yorig/tuner/mpils-tests/instances/miplib/easy/csched008.mps with config: /scratch/yorig/mpils-results-grid-seconds-5-no-mip-start/easy/16proc/seed-5/1_csched008_seed-5_20260502_221048/iterated_local_search/run_5_worker_12/ils_config_2952182980160005636.prm
[INFO]:[22:15:22] Starting CPLEX solver on instance: /home/yorig/tuner/mpils-tests/instances/miplib/easy/csched008.mps with config: /scratch/yorig/mpils-results-grid-seconds-5-no-mip-start/easy/16proc/seed-5/1_csched008_seed-5_20260502_221048/iterated_local_search/run_5_worker_12/ils_config_2952182980160005636.prm
[WARN]:[22:15:27] CPLEX finished without a primal feasible solution for config /scratch/yorig/mpils-results-grid-seconds-5-no-mip-start/easy/16proc/seed-5/1_csched008_seed-5_20260502_221048/iterated_local_search/run_5_worker_12/ils_config_2952182980160005636.prm.
[INFO]:[22:15:27] CPLEX results. Gap: unavailable, upper bound: null, lower bound: 171.000000
[INFO]:[22:15:27] CPLEX solver finished. Gap: 179769313486231570814527423731704356798070567525844996598917476803157260780028538760589558632766878171540458953514382464234321326889464182768467546703537516986049910576551282076245490090389328944075868508455133942304583236903222948165808559332123348274797826204144723168738177180919299881250404026184124858368.000000
[INFO]:[22:15:27] Starting CPLEX solver on instance: /home/yorig/tuner/mpils-tests/instances/miplib/easy/csched008.mps with config: /scratch/yorig/mpils-results-grid-seconds-5-no-mip-start/easy/16proc/seed-5/1_csched008_seed-5_20260502_221048/iterated_local_search/run_5_worker_12/ils_config_6166284115632214938.prm
[INFO]:[22:15:27] Starting CPLEX solver on instance: /home/yorig/tuner/mpils-tests/instances/miplib/easy/csched008.mps with config: /scratch/yorig/mpils-results-grid-seconds-5-no-mip-start/easy/16proc/seed-5/1_csched008_seed-5_20260502_221048/iterated_local_search/run_5_worker_12/ils_config_6166284115632214938.prm
[WARN]:[22:15:32] CPLEX finished without a primal feasible solution for config /scratch/yorig/mpils-results-grid-seconds-5-no-mip-start/easy/16proc/seed-5/1_csched008_seed-5_20260502_221048/iterated_local_search/run_5_worker_12/ils_config_6166284115632214938.prm.
[INFO]:[22:15:32] CPLEX results. Gap: unavailable, upper bound: null, lower bound: 171.000000
[INFO]:[22:15:32] CPLEX solver finished. Gap: 179769313486231570814527423731704356798070567525844996598917476803157260780028538760589558632766878171540458953514382464234321326889464182768467546703537516986049910576551282076245490090389328944075868508455133942304583236903222948165808559332123348274797826204144723168738177180919299881250404026184124858368.000000
[INFO]:[22:15:32] Starting CPLEX solver on instance: /home/yorig/tuner/mpils-tests/instances/miplib/easy/csched008.mps with config: /scratch/yorig/mpils-results-grid-seconds-5-no-mip-start/easy/16proc/seed-5/1_csched008_seed-5_20260502_221048/iterated_local_search/run_5_worker_12/ils_config_8860505731552072586.prm
[INFO]:[22:15:32] Starting CPLEX solver on instance: /home/yorig/tuner/mpils-tests/instances/miplib/easy/csched008.mps with config: /scratch/yorig/mpils-results-grid-seconds-5-no-mip-start/easy/16proc/seed-5/1_csched008_seed-5_20260502_221048/iterated_local_search/run_5_worker_12/ils_config_8860505731552072586.prm
[WARN]:[22:15:37] CPLEX finished without a primal feasible solution for config /scratch/yorig/mpils-results-grid-seconds-5-no-mip-start/easy/16proc/seed-5/1_csched008_seed-5_20260502_221048/iterated_local_search/run_5_worker_12/ils_config_8860505731552072586.prm.
[INFO]:[22:15:37] CPLEX results. Gap: unavailable, upper bound: null, lower bound: 171.000000
[INFO]:[22:15:37] CPLEX solver finished. Gap: 179769313486231570814527423731704356798070567525844996598917476803157260780028538760589558632766878171540458953514382464234321326889464182768467546703537516986049910576551282076245490090389328944075868508455133942304583236903222948165808559332123348274797826204144723168738177180919299881250404026184124858368.000000
[INFO]:[22:15:37] Starting CPLEX solver on instance: /home/yorig/tuner/mpils-tests/instances/miplib/easy/csched008.mps with config: /scratch/yorig/mpils-results-grid-seconds-5-no-mip-start/easy/16proc/seed-5/1_csched008_seed-5_20260502_221048/iterated_local_search/run_5_worker_12/ils_config_11993461354778829670.prm
[INFO]:[22:15:37] Starting CPLEX solver on instance: /home/yorig/tuner/mpils-tests/instances/miplib/easy/csched008.mps with config: /scratch/yorig/mpils-results-grid-seconds-5-no-mip-start/easy/16proc/seed-5/1_csched008_seed-5_20260502_221048/iterated_local_search/run_5_worker_12/ils_config_11993461354778829670.prm
[WARN]:[22:15:42] CPLEX finished without a primal feasible solution for config /scratch/yorig/mpils-results-grid-seconds-5-no-mip-start/easy/16proc/seed-5/1_csched008_seed-5_20260502_221048/iterated_local_search/run_5_worker_12/ils_config_11993461354778829670.prm.
[INFO]:[22:15:42] CPLEX results. Gap: unavailable, upper bound: null, lower bound: 171.000000
[INFO]:[22:15:42] CPLEX solver finished. Gap: 179769313486231570814527423731704356798070567525844996598917476803157260780028538760589558632766878171540458953514382464234321326889464182768467546703537516986049910576551282076245490090389328944075868508455133942304583236903222948165808559332123348274797826204144723168738177180919299881250404026184124858368.000000
[INFO]:[22:15:42] Starting CPLEX solver on instance: /home/yorig/tuner/mpils-tests/instances/miplib/easy/csched008.mps with config: /scratch/yorig/mpils-results-grid-seconds-5-no-mip-start/easy/16proc/seed-5/1_csched008_seed-5_20260502_221048/iterated_local_search/run_5_worker_12/ils_config_14558335245317845566.prm
[INFO]:[22:15:42] Starting CPLEX solver on instance: /home/yorig/tuner/mpils-tests/instances/miplib/easy/csched008.mps with config: /scratch/yorig/mpils-results-grid-seconds-5-no-mip-start/easy/16proc/seed-5/1_csched008_seed-5_20260502_221048/iterated_local_search/run_5_worker_12/ils_config_14558335245317845566.prm
[WARN]:[22:15:47] CPLEX finished without a primal feasible solution for config /scratch/yorig/mpils-results-grid-seconds-5-no-mip-start/easy/16proc/seed-5/1_csched008_seed-5_20260502_221048/iterated_local_search/run_5_worker_12/ils_config_14558335245317845566.prm.
[INFO]:[22:15:47] CPLEX results. Gap: unavailable, upper bound: null, lower bound: 171.000000
[INFO]:[22:15:47] CPLEX solver finished. Gap: 179769313486231570814527423731704356798070567525844996598917476803157260780028538760589558632766878171540458953514382464234321326889464182768467546703537516986049910576551282076245490090389328944075868508455133942304583236903222948165808559332123348274797826204144723168738177180919299881250404026184124858368.000000
[INFO]:[22:15:47] Starting CPLEX solver on instance: /home/yorig/tuner/mpils-tests/instances/miplib/easy/csched008.mps with config: /scratch/yorig/mpils-results-grid-seconds-5-no-mip-start/easy/16proc/seed-5/1_csched008_seed-5_20260502_221048/iterated_local_search/run_5_worker_12/ils_config_9731868398428510688.prm
[INFO]:[22:15:47] Starting CPLEX solver on instance: /home/yorig/tuner/mpils-tests/instances/miplib/easy/csched008.mps with config: /scratch/yorig/mpils-results-grid-seconds-5-no-mip-start/easy/16proc/seed-5/1_csched008_seed-5_20260502_221048/iterated_local_search/run_5_worker_12/ils_config_9731868398428510688.prm
[WARN]:[22:15:52] CPLEX finished without a primal feasible solution for config /scratch/yorig/mpils-results-grid-seconds-5-no-mip-start/easy/16proc/seed-5/1_csched008_seed-5_20260502_221048/iterated_local_search/run_5_worker_12/ils_config_9731868398428510688.prm.
[INFO]:[22:15:52] CPLEX results. Gap: unavailable, upper bound: null, lower bound: 171.000000
[INFO]:[22:15:52] CPLEX solver finished. Gap: 179769313486231570814527423731704356798070567525844996598917476803157260780028538760589558632766878171540458953514382464234321326889464182768467546703537516986049910576551282076245490090389328944075868508455133942304583236903222948165808559332123348274797826204144723168738177180919299881250404026184124858368.000000
[INFO]:[22:15:52] Starting CPLEX solver on instance: /home/yorig/tuner/mpils-tests/instances/miplib/easy/csched008.mps with config: /scratch/yorig/mpils-results-grid-seconds-5-no-mip-start/easy/16proc/seed-5/1_csched008_seed-5_20260502_221048/iterated_local_search/run_5_worker_12/ils_config_13957474531924786562.prm
[INFO]:[22:15:52] Starting CPLEX solver on instance: /home/yorig/tuner/mpils-tests/instances/miplib/easy/csched008.mps with config: /scratch/yorig/mpils-results-grid-seconds-5-no-mip-start/easy/16proc/seed-5/1_csched008_seed-5_20260502_221048/iterated_local_search/run_5_worker_12/ils_config_13957474531924786562.prm
[INFO]:[22:15:57] CPLEX results. Gap: 7.070000, upper bound: 184.000000, lower bound: 171.000000
[INFO]:[22:15:57] CPLEX solver finished. Gap: 7.070000
[INFO]:[22:15:57] New incumbent found with objective value: 7.07
[INFO]:[22:15:57] Starting CPLEX solver on instance: /home/yorig/tuner/mpils-tests/instances/miplib/easy/csched008.mps with config: /scratch/yorig/mpils-results-grid-seconds-5-no-mip-start/easy/16proc/seed-5/1_csched008_seed-5_20260502_221048/iterated_local_search/run_5_worker_12/ils_config_6117825067027897711.prm
[INFO]:[22:15:57] Starting CPLEX solver on instance: /home/yorig/tuner/mpils-tests/instances/miplib/easy/csched008.mps with config: /scratch/yorig/mpils-results-grid-seconds-5-no-mip-start/easy/16proc/seed-5/1_csched008_seed-5_20260502_221048/iterated_local_search/run_5_worker_12/ils_config_6117825067027897711.prm
[INFO]:[22:16:02] CPLEX results. Gap: 7.070000, upper bound: 184.000000, lower bound: 171.000000
[INFO]:[22:16:02] CPLEX solver finished. Gap: 7.070000
[INFO]:[22:16:02] Starting CPLEX solver on instance: /home/yorig/tuner/mpils-tests/instances/miplib/easy/csched008.mps with config: /scratch/yorig/mpils-results-grid-seconds-5-no-mip-start/easy/16proc/seed-5/1_csched008_seed-5_20260502_221048/iterated_local_search/run_5_worker_12/ils_config_12701349651668982030.prm
[INFO]:[22:16:02] Starting CPLEX solver on instance: /home/yorig/tuner/mpils-tests/instances/miplib/easy/csched008.mps with config: /scratch/yorig/mpils-results-grid-seconds-5-no-mip-start/easy/16proc/seed-5/1_csched008_seed-5_20260502_221048/iterated_local_search/run_5_worker_12/ils_config_12701349651668982030.prm
[INFO]:[22:16:07] CPLEX results. Gap: 5.520000, upper bound: 181.000000, lower bound: 171.000000
[INFO]:[22:16:07] CPLEX solver finished. Gap: 5.520000
[INFO]:[22:16:07] New incumbent found with objective value: 5.52
[INFO]:[22:16:07] Starting CPLEX solver on instance: /home/yorig/tuner/mpils-tests/instances/miplib/easy/csched008.mps with config: /scratch/yorig/mpils-results-grid-seconds-5-no-mip-start/easy/16proc/seed-5/1_csched008_seed-5_20260502_221048/iterated_local_search/run_5_worker_12/ils_config_12101638336121325250.prm
[INFO]:[22:16:07] Starting CPLEX solver on instance: /home/yorig/tuner/mpils-tests/instances/miplib/easy/csched008.mps with config: /scratch/yorig/mpils-results-grid-seconds-5-no-mip-start/easy/16proc/seed-5/1_csched008_seed-5_20260502_221048/iterated_local_search/run_5_worker_12/ils_config_12101638336121325250.prm
[WARN]:[22:16:12] CPLEX finished without a primal feasible solution for config /scratch/yorig/mpils-results-grid-seconds-5-no-mip-start/easy/16proc/seed-5/1_csched008_seed-5_20260502_221048/iterated_local_search/run_5_worker_12/ils_config_12101638336121325250.prm.
[INFO]:[22:16:12] CPLEX results. Gap: unavailable, upper bound: null, lower bound: 171.000000
[INFO]:[22:16:12] CPLEX solver finished. Gap: 179769313486231570814527423731704356798070567525844996598917476803157260780028538760589558632766878171540458953514382464234321326889464182768467546703537516986049910576551282076245490090389328944075868508455133942304583236903222948165808559332123348274797826204144723168738177180919299881250404026184124858368.000000
[INFO]:[22:16:12] Starting CPLEX solver on instance: /home/yorig/tuner/mpils-tests/instances/miplib/easy/csched008.mps with config: /scratch/yorig/mpils-results-grid-seconds-5-no-mip-start/easy/16proc/seed-5/1_csched008_seed-5_20260502_221048/iterated_local_search/run_5_worker_12/ils_config_4955066706393801401.prm
[INFO]:[22:16:12] Starting CPLEX solver on instance: /home/yorig/tuner/mpils-tests/instances/miplib/easy/csched008.mps with config: /scratch/yorig/mpils-results-grid-seconds-5-no-mip-start/easy/16proc/seed-5/1_csched008_seed-5_20260502_221048/iterated_local_search/run_5_worker_12/ils_config_4955066706393801401.prm
[INFO]:[22:16:17] CPLEX results. Gap: 6.560000, upper bound: 183.000000, lower bound: 171.000000
[INFO]:[22:16:17] CPLEX solver finished. Gap: 6.560000
[INFO]:[22:16:17] Starting CPLEX solver on instance: /home/yorig/tuner/mpils-tests/instances/miplib/easy/csched008.mps with config: /scratch/yorig/mpils-results-grid-seconds-5-no-mip-start/easy/16proc/seed-5/1_csched008_seed-5_20260502_221048/iterated_local_search/run_5_worker_12/ils_config_11375577143183038679.prm
[INFO]:[22:16:17] Starting CPLEX solver on instance: /home/yorig/tuner/mpils-tests/instances/miplib/easy/csched008.mps with config: /scratch/yorig/mpils-results-grid-seconds-5-no-mip-start/easy/16proc/seed-5/1_csched008_seed-5_20260502_221048/iterated_local_search/run_5_worker_12/ils_config_11375577143183038679.prm
[WARN]:[22:16:22] CPLEX finished without a primal feasible solution for config /scratch/yorig/mpils-results-grid-seconds-5-no-mip-start/easy/16proc/seed-5/1_csched008_seed-5_20260502_221048/iterated_local_search/run_5_worker_12/ils_config_11375577143183038679.prm.
[INFO]:[22:16:22] CPLEX results. Gap: unavailable, upper bound: null, lower bound: 171.000000
[INFO]:[22:16:22] CPLEX solver finished. Gap: 179769313486231570814527423731704356798070567525844996598917476803157260780028538760589558632766878171540458953514382464234321326889464182768467546703537516986049910576551282076245490090389328944075868508455133942304583236903222948165808559332123348274797826204144723168738177180919299881250404026184124858368.000000
[INFO]:[22:16:22] Local search phase completed.
[INFO]:[22:16:22] Total number of new local-search evaluations: 18
[INFO]:[22:16:22] Final incumbent objective value: 5.52
[INFO]:[22:16:22] Worker 12 completed exploration phase.
[INFO]:[22:16:22] Worker 12 received order for step 2.
[INFO]:[22:16:22] Worker 12 running expansion phase for iteration 5.
[INFO]:[22:16:22] Worker 12 will use solver log file: /scratch/yorig/mpils-results-grid-seconds-5-no-mip-start/easy/16proc/seed-5/1_csched008_seed-5_20260502_221048/solver/cplex.log_iteration_expansion_5_worker_12
[INFO]:[22:16:22] Expansion Worker 12 starting expansion for iteration 5.
[INFO]:[22:16:22] Starting CPLEX solver on instance: /home/yorig/tuner/mpils-tests/instances/miplib/easy/csched008.mps with config: /scratch/yorig/mpils-results-grid-seconds-5-no-mip-start/easy/16proc/seed-5/1_csched008_seed-5_20260502_221048/expansion/config_param_CPXPARAM_MIP_Limits_StrongCand_2_iter_5.prm
[INFO]:[22:16:27] CPLEX results. Gap: 0.580000, upper bound: 173.000000, lower bound: 172.000000
[INFO]:[22:16:27] CPLEX solver finished. Gap: 0.580000
[INFO]:[22:16:27] Starting CPLEX solver on instance: /home/yorig/tuner/mpils-tests/instances/miplib/easy/csched008.mps with config: /scratch/yorig/mpils-results-grid-seconds-5-no-mip-start/easy/16proc/seed-5/1_csched008_seed-5_20260502_221048/expansion/config_param_CPXPARAM_MIP_Limits_StrongCand_5_iter_5.prm
[INFO]:[22:16:32] CPLEX results. Gap: 0.580000, upper bound: 173.000000, lower bound: 172.000000
[INFO]:[22:16:32] CPLEX solver finished. Gap: 0.580000
[INFO]:[22:16:32] Expansion Worker 12 completed expansion.
[INFO]:[22:16:32] Worker 12 completed expansion phase.
[INFO]:[22:16:34] Worker 12 received order for step 1.
[INFO]:[22:16:34] Worker 12 running exploration phase for iteration 6.
[INFO]:[22:16:34] Worker 12 at iteration 6 will not use a MIP start file. Current best MIP-start upper bound threshold is 173.
[INFO]:[22:16:34] Starting local search phase...
[INFO]:[22:16:34] Creating local search space from parameter space file: /scratch/yorig/mpils-results-grid-seconds-5-no-mip-start/easy/16proc/seed-5/1_csched008_seed-5_20260502_221048/iterated_local_search/search_space/search_space_file_6_worker_12.txt
[INFO]:[22:16:34] Local search space loaded from file: /scratch/yorig/mpils-results-grid-seconds-5-no-mip-start/easy/16proc/seed-5/1_csched008_seed-5_20260502_221048/iterated_local_search/search_space/search_space_file_6_worker_12.txt
[INFO]:[22:16:34] Number of parameters in local search space: 71
[INFO]:[22:16:34] Number of forbidden tuples in local search space: 105
[INFO]:[22:16:34] Number of conditionals in local search space: 6
[INFO]:[22:16:34] MIP start option not enabled. Local search will proceed without MIP start.
[INFO]:[22:16:34] Evaluating initial configuration for local search phase...
[INFO]:[22:16:34] Starting CPLEX solver on instance: /home/yorig/tuner/mpils-tests/instances/miplib/easy/csched008.mps with config: /scratch/yorig/mpils-results-grid-seconds-5-no-mip-start/easy/16proc/seed-5/1_csched008_seed-5_20260502_221048/iterated_local_search/run_6_worker_12/ils_config_8400518621698873960.prm
[INFO]:[22:16:34] Starting CPLEX solver on instance: /home/yorig/tuner/mpils-tests/instances/miplib/easy/csched008.mps with config: /scratch/yorig/mpils-results-grid-seconds-5-no-mip-start/easy/16proc/seed-5/1_csched008_seed-5_20260502_221048/iterated_local_search/run_6_worker_12/ils_config_8400518621698873960.prm
[WARN]:[22:16:39] CPLEX finished without a primal feasible solution for config /scratch/yorig/mpils-results-grid-seconds-5-no-mip-start/easy/16proc/seed-5/1_csched008_seed-5_20260502_221048/iterated_local_search/run_6_worker_12/ils_config_8400518621698873960.prm.
[INFO]:[22:16:39] CPLEX results. Gap: unavailable, upper bound: null, lower bound: 171.000000
[INFO]:[22:16:39] CPLEX solver finished. Gap: 179769313486231570814527423731704356798070567525844996598917476803157260780028538760589558632766878171540458953514382464234321326889464182768467546703537516986049910576551282076245490090389328944075868508455133942304583236903222948165808559332123348274797826204144723168738177180919299881250404026184124858368.000000
[INFO]:[22:16:39] Initial configuration evaluated with objective value: 1.79769e+308
[INFO]:[22:16:39] Starting CPLEX solver on instance: /home/yorig/tuner/mpils-tests/instances/miplib/easy/csched008.mps with config: /scratch/yorig/mpils-results-grid-seconds-5-no-mip-start/easy/16proc/seed-5/1_csched008_seed-5_20260502_221048/iterated_local_search/run_6_worker_12/ils_config_6593459040021982601.prm
[INFO]:[22:16:39] Starting CPLEX solver on instance: /home/yorig/tuner/mpils-tests/instances/miplib/easy/csched008.mps with config: /scratch/yorig/mpils-results-grid-seconds-5-no-mip-start/easy/16proc/seed-5/1_csched008_seed-5_20260502_221048/iterated_local_search/run_6_worker_12/ils_config_6593459040021982601.prm
[WARN]:[22:16:44] CPLEX finished without a primal feasible solution for config /scratch/yorig/mpils-results-grid-seconds-5-no-mip-start/easy/16proc/seed-5/1_csched008_seed-5_20260502_221048/iterated_local_search/run_6_worker_12/ils_config_6593459040021982601.prm.
[INFO]:[22:16:44] CPLEX results. Gap: unavailable, upper bound: null, lower bound: 171.000000
[INFO]:[22:16:44] CPLEX solver finished. Gap: 179769313486231570814527423731704356798070567525844996598917476803157260780028538760589558632766878171540458953514382464234321326889464182768467546703537516986049910576551282076245490090389328944075868508455133942304583236903222948165808559332123348274797826204144723168738177180919299881250404026184124858368.000000
[INFO]:[22:16:44] Starting CPLEX solver on instance: /home/yorig/tuner/mpils-tests/instances/miplib/easy/csched008.mps with config: /scratch/yorig/mpils-results-grid-seconds-5-no-mip-start/easy/16proc/seed-5/1_csched008_seed-5_20260502_221048/iterated_local_search/run_6_worker_12/ils_config_5594259238903693751.prm
[INFO]:[22:16:44] Starting CPLEX solver on instance: /home/yorig/tuner/mpils-tests/instances/miplib/easy/csched008.mps with config: /scratch/yorig/mpils-results-grid-seconds-5-no-mip-start/easy/16proc/seed-5/1_csched008_seed-5_20260502_221048/iterated_local_search/run_6_worker_12/ils_config_5594259238903693751.prm
[WARN]:[22:16:49] CPLEX finished without a primal feasible solution for config /scratch/yorig/mpils-results-grid-seconds-5-no-mip-start/easy/16proc/seed-5/1_csched008_seed-5_20260502_221048/iterated_local_search/run_6_worker_12/ils_config_5594259238903693751.prm.
[INFO]:[22:16:49] CPLEX results. Gap: unavailable, upper bound: null, lower bound: 171.000000
[INFO]:[22:16:49] CPLEX solver finished. Gap: 179769313486231570814527423731704356798070567525844996598917476803157260780028538760589558632766878171540458953514382464234321326889464182768467546703537516986049910576551282076245490090389328944075868508455133942304583236903222948165808559332123348274797826204144723168738177180919299881250404026184124858368.000000
[INFO]:[22:16:49] Starting CPLEX solver on instance: /home/yorig/tuner/mpils-tests/instances/miplib/easy/csched008.mps with config: /scratch/yorig/mpils-results-grid-seconds-5-no-mip-start/easy/16proc/seed-5/1_csched008_seed-5_20260502_221048/iterated_local_search/run_6_worker_12/ils_config_14707109364594006972.prm
[INFO]:[22:16:49] Starting CPLEX solver on instance: /home/yorig/tuner/mpils-tests/instances/miplib/easy/csched008.mps with config: /scratch/yorig/mpils-results-grid-seconds-5-no-mip-start/easy/16proc/seed-5/1_csched008_seed-5_20260502_221048/iterated_local_search/run_6_worker_12/ils_config_14707109364594006972.prm
[WARN]:[22:16:54] CPLEX finished without a primal feasible solution for config /scratch/yorig/mpils-results-grid-seconds-5-no-mip-start/easy/16proc/seed-5/1_csched008_seed-5_20260502_221048/iterated_local_search/run_6_worker_12/ils_config_14707109364594006972.prm.
[INFO]:[22:16:54] CPLEX results. Gap: unavailable, upper bound: null, lower bound: 171.000000
[INFO]:[22:16:54] CPLEX solver finished. Gap: 179769313486231570814527423731704356798070567525844996598917476803157260780028538760589558632766878171540458953514382464234321326889464182768467546703537516986049910576551282076245490090389328944075868508455133942304583236903222948165808559332123348274797826204144723168738177180919299881250404026184124858368.000000
[INFO]:[22:16:54] Starting CPLEX solver on instance: /home/yorig/tuner/mpils-tests/instances/miplib/easy/csched008.mps with config: /scratch/yorig/mpils-results-grid-seconds-5-no-mip-start/easy/16proc/seed-5/1_csched008_seed-5_20260502_221048/iterated_local_search/run_6_worker_12/ils_config_13980563209489491353.prm
[INFO]:[22:16:54] Starting CPLEX solver on instance: /home/yorig/tuner/mpils-tests/instances/miplib/easy/csched008.mps with config: /scratch/yorig/mpils-results-grid-seconds-5-no-mip-start/easy/16proc/seed-5/1_csched008_seed-5_20260502_221048/iterated_local_search/run_6_worker_12/ils_config_13980563209489491353.prm
[WARN]:[22:16:59] CPLEX finished without a primal feasible solution for config /scratch/yorig/mpils-results-grid-seconds-5-no-mip-start/easy/16proc/seed-5/1_csched008_seed-5_20260502_221048/iterated_local_search/run_6_worker_12/ils_config_13980563209489491353.prm.
[INFO]:[22:16:59] CPLEX results. Gap: unavailable, upper bound: null, lower bound: 171.000000
[INFO]:[22:16:59] CPLEX solver finished. Gap: 179769313486231570814527423731704356798070567525844996598917476803157260780028538760589558632766878171540458953514382464234321326889464182768467546703537516986049910576551282076245490090389328944075868508455133942304583236903222948165808559332123348274797826204144723168738177180919299881250404026184124858368.000000
[INFO]:[22:16:59] Starting CPLEX solver on instance: /home/yorig/tuner/mpils-tests/instances/miplib/easy/csched008.mps with config: /scratch/yorig/mpils-results-grid-seconds-5-no-mip-start/easy/16proc/seed-5/1_csched008_seed-5_20260502_221048/iterated_local_search/run_6_worker_12/ils_config_15086458314857250686.prm
[INFO]:[22:16:59] Starting CPLEX solver on instance: /home/yorig/tuner/mpils-tests/instances/miplib/easy/csched008.mps with config: /scratch/yorig/mpils-results-grid-seconds-5-no-mip-start/easy/16proc/seed-5/1_csched008_seed-5_20260502_221048/iterated_local_search/run_6_worker_12/ils_config_15086458314857250686.prm
[WARN]:[22:17:04] CPLEX finished without a primal feasible solution for config /scratch/yorig/mpils-results-grid-seconds-5-no-mip-start/easy/16proc/seed-5/1_csched008_seed-5_20260502_221048/iterated_local_search/run_6_worker_12/ils_config_15086458314857250686.prm.
[INFO]:[22:17:04] CPLEX results. Gap: unavailable, upper bound: null, lower bound: 171.000000
[INFO]:[22:17:04] CPLEX solver finished. Gap: 179769313486231570814527423731704356798070567525844996598917476803157260780028538760589558632766878171540458953514382464234321326889464182768467546703537516986049910576551282076245490090389328944075868508455133942304583236903222948165808559332123348274797826204144723168738177180919299881250404026184124858368.000000
[INFO]:[22:17:04] Starting CPLEX solver on instance: /home/yorig/tuner/mpils-tests/instances/miplib/easy/csched008.mps with config: /scratch/yorig/mpils-results-grid-seconds-5-no-mip-start/easy/16proc/seed-5/1_csched008_seed-5_20260502_221048/iterated_local_search/run_6_worker_12/ils_config_1669746877802176008.prm
[INFO]:[22:17:04] Starting CPLEX solver on instance: /home/yorig/tuner/mpils-tests/instances/miplib/easy/csched008.mps with config: /scratch/yorig/mpils-results-grid-seconds-5-no-mip-start/easy/16proc/seed-5/1_csched008_seed-5_20260502_221048/iterated_local_search/run_6_worker_12/ils_config_1669746877802176008.prm
[WARN]:[22:17:09] CPLEX finished without a primal feasible solution for config /scratch/yorig/mpils-results-grid-seconds-5-no-mip-start/easy/16proc/seed-5/1_csched008_seed-5_20260502_221048/iterated_local_search/run_6_worker_12/ils_config_1669746877802176008.prm.
[INFO]:[22:17:09] CPLEX results. Gap: unavailable, upper bound: null, lower bound: 171.000000
[INFO]:[22:17:09] CPLEX solver finished. Gap: 179769313486231570814527423731704356798070567525844996598917476803157260780028538760589558632766878171540458953514382464234321326889464182768467546703537516986049910576551282076245490090389328944075868508455133942304583236903222948165808559332123348274797826204144723168738177180919299881250404026184124858368.000000
[INFO]:[22:17:09] Starting CPLEX solver on instance: /home/yorig/tuner/mpils-tests/instances/miplib/easy/csched008.mps with config: /scratch/yorig/mpils-results-grid-seconds-5-no-mip-start/easy/16proc/seed-5/1_csched008_seed-5_20260502_221048/iterated_local_search/run_6_worker_12/ils_config_12641337891818892840.prm
[INFO]:[22:17:09] Starting CPLEX solver on instance: /home/yorig/tuner/mpils-tests/instances/miplib/easy/csched008.mps with config: /scratch/yorig/mpils-results-grid-seconds-5-no-mip-start/easy/16proc/seed-5/1_csched008_seed-5_20260502_221048/iterated_local_search/run_6_worker_12/ils_config_12641337891818892840.prm
[WARN]:[22:17:14] CPLEX finished without a primal feasible solution for config /scratch/yorig/mpils-results-grid-seconds-5-no-mip-start/easy/16proc/seed-5/1_csched008_seed-5_20260502_221048/iterated_local_search/run_6_worker_12/ils_config_12641337891818892840.prm.
[INFO]:[22:17:14] CPLEX results. Gap: unavailable, upper bound: null, lower bound: 171.000000
[INFO]:[22:17:14] CPLEX solver finished. Gap: 179769313486231570814527423731704356798070567525844996598917476803157260780028538760589558632766878171540458953514382464234321326889464182768467546703537516986049910576551282076245490090389328944075868508455133942304583236903222948165808559332123348274797826204144723168738177180919299881250404026184124858368.000000
[INFO]:[22:17:14] Starting CPLEX solver on instance: /home/yorig/tuner/mpils-tests/instances/miplib/easy/csched008.mps with config: /scratch/yorig/mpils-results-grid-seconds-5-no-mip-start/easy/16proc/seed-5/1_csched008_seed-5_20260502_221048/iterated_local_search/run_6_worker_12/ils_config_6203909742398567984.prm
[INFO]:[22:17:14] Starting CPLEX solver on instance: /home/yorig/tuner/mpils-tests/instances/miplib/easy/csched008.mps with config: /scratch/yorig/mpils-results-grid-seconds-5-no-mip-start/easy/16proc/seed-5/1_csched008_seed-5_20260502_221048/iterated_local_search/run_6_worker_12/ils_config_6203909742398567984.prm
[WARN]:[22:17:19] CPLEX finished without a primal feasible solution for config /scratch/yorig/mpils-results-grid-seconds-5-no-mip-start/easy/16proc/seed-5/1_csched008_seed-5_20260502_221048/iterated_local_search/run_6_worker_12/ils_config_6203909742398567984.prm.
[INFO]:[22:17:19] CPLEX results. Gap: unavailable, upper bound: null, lower bound: 171.000000
[INFO]:[22:17:19] CPLEX solver finished. Gap: 179769313486231570814527423731704356798070567525844996598917476803157260780028538760589558632766878171540458953514382464234321326889464182768467546703537516986049910576551282076245490090389328944075868508455133942304583236903222948165808559332123348274797826204144723168738177180919299881250404026184124858368.000000
[INFO]:[22:17:19] Starting CPLEX solver on instance: /home/yorig/tuner/mpils-tests/instances/miplib/easy/csched008.mps with config: /scratch/yorig/mpils-results-grid-seconds-5-no-mip-start/easy/16proc/seed-5/1_csched008_seed-5_20260502_221048/iterated_local_search/run_6_worker_12/ils_config_13164960412880716631.prm
[INFO]:[22:17:19] Starting CPLEX solver on instance: /home/yorig/tuner/mpils-tests/instances/miplib/easy/csched008.mps with config: /scratch/yorig/mpils-results-grid-seconds-5-no-mip-start/easy/16proc/seed-5/1_csched008_seed-5_20260502_221048/iterated_local_search/run_6_worker_12/ils_config_13164960412880716631.prm
[WARN]:[22:17:24] CPLEX finished without a primal feasible solution for config /scratch/yorig/mpils-results-grid-seconds-5-no-mip-start/easy/16proc/seed-5/1_csched008_seed-5_20260502_221048/iterated_local_search/run_6_worker_12/ils_config_13164960412880716631.prm.
[INFO]:[22:17:24] CPLEX results. Gap: unavailable, upper bound: null, lower bound: 171.000000
[INFO]:[22:17:24] CPLEX solver finished. Gap: 179769313486231570814527423731704356798070567525844996598917476803157260780028538760589558632766878171540458953514382464234321326889464182768467546703537516986049910576551282076245490090389328944075868508455133942304583236903222948165808559332123348274797826204144723168738177180919299881250404026184124858368.000000
[INFO]:[22:17:24] Starting CPLEX solver on instance: /home/yorig/tuner/mpils-tests/instances/miplib/easy/csched008.mps with config: /scratch/yorig/mpils-results-grid-seconds-5-no-mip-start/easy/16proc/seed-5/1_csched008_seed-5_20260502_221048/iterated_local_search/run_6_worker_12/ils_config_13207226477416897221.prm
[INFO]:[22:17:24] Starting CPLEX solver on instance: /home/yorig/tuner/mpils-tests/instances/miplib/easy/csched008.mps with config: /scratch/yorig/mpils-results-grid-seconds-5-no-mip-start/easy/16proc/seed-5/1_csched008_seed-5_20260502_221048/iterated_local_search/run_6_worker_12/ils_config_13207226477416897221.prm
[WARN]:[22:17:29] CPLEX finished without a primal feasible solution for config /scratch/yorig/mpils-results-grid-seconds-5-no-mip-start/easy/16proc/seed-5/1_csched008_seed-5_20260502_221048/iterated_local_search/run_6_worker_12/ils_config_13207226477416897221.prm.
[INFO]:[22:17:29] CPLEX results. Gap: unavailable, upper bound: null, lower bound: 171.000000
[INFO]:[22:17:29] CPLEX solver finished. Gap: 179769313486231570814527423731704356798070567525844996598917476803157260780028538760589558632766878171540458953514382464234321326889464182768467546703537516986049910576551282076245490090389328944075868508455133942304583236903222948165808559332123348274797826204144723168738177180919299881250404026184124858368.000000
[INFO]:[22:17:29] Starting CPLEX solver on instance: /home/yorig/tuner/mpils-tests/instances/miplib/easy/csched008.mps with config: /scratch/yorig/mpils-results-grid-seconds-5-no-mip-start/easy/16proc/seed-5/1_csched008_seed-5_20260502_221048/iterated_local_search/run_6_worker_12/ils_config_5622266946914995294.prm
[INFO]:[22:17:29] Starting CPLEX solver on instance: /home/yorig/tuner/mpils-tests/instances/miplib/easy/csched008.mps with config: /scratch/yorig/mpils-results-grid-seconds-5-no-mip-start/easy/16proc/seed-5/1_csched008_seed-5_20260502_221048/iterated_local_search/run_6_worker_12/ils_config_5622266946914995294.prm
[WARN]:[22:17:34] CPLEX finished without a primal feasible solution for config /scratch/yorig/mpils-results-grid-seconds-5-no-mip-start/easy/16proc/seed-5/1_csched008_seed-5_20260502_221048/iterated_local_search/run_6_worker_12/ils_config_5622266946914995294.prm.
[INFO]:[22:17:34] CPLEX results. Gap: unavailable, upper bound: null, lower bound: 171.000000
[INFO]:[22:17:34] CPLEX solver finished. Gap: 179769313486231570814527423731704356798070567525844996598917476803157260780028538760589558632766878171540458953514382464234321326889464182768467546703537516986049910576551282076245490090389328944075868508455133942304583236903222948165808559332123348274797826204144723168738177180919299881250404026184124858368.000000
[INFO]:[22:17:34] Starting CPLEX solver on instance: /home/yorig/tuner/mpils-tests/instances/miplib/easy/csched008.mps with config: /scratch/yorig/mpils-results-grid-seconds-5-no-mip-start/easy/16proc/seed-5/1_csched008_seed-5_20260502_221048/iterated_local_search/run_6_worker_12/ils_config_10285711904316743768.prm
[INFO]:[22:17:34] Starting CPLEX solver on instance: /home/yorig/tuner/mpils-tests/instances/miplib/easy/csched008.mps with config: /scratch/yorig/mpils-results-grid-seconds-5-no-mip-start/easy/16proc/seed-5/1_csched008_seed-5_20260502_221048/iterated_local_search/run_6_worker_12/ils_config_10285711904316743768.prm
[WARN]:[22:17:39] CPLEX finished without a primal feasible solution for config /scratch/yorig/mpils-results-grid-seconds-5-no-mip-start/easy/16proc/seed-5/1_csched008_seed-5_20260502_221048/iterated_local_search/run_6_worker_12/ils_config_10285711904316743768.prm.
[INFO]:[22:17:39] CPLEX results. Gap: unavailable, upper bound: null, lower bound: 171.000000
[INFO]:[22:17:39] CPLEX solver finished. Gap: 179769313486231570814527423731704356798070567525844996598917476803157260780028538760589558632766878171540458953514382464234321326889464182768467546703537516986049910576551282076245490090389328944075868508455133942304583236903222948165808559332123348274797826204144723168738177180919299881250404026184124858368.000000
[INFO]:[22:17:39] Starting CPLEX solver on instance: /home/yorig/tuner/mpils-tests/instances/miplib/easy/csched008.mps with config: /scratch/yorig/mpils-results-grid-seconds-5-no-mip-start/easy/16proc/seed-5/1_csched008_seed-5_20260502_221048/iterated_local_search/run_6_worker_12/ils_config_4688062061723642629.prm
[INFO]:[22:17:39] Starting CPLEX solver on instance: /home/yorig/tuner/mpils-tests/instances/miplib/easy/csched008.mps with config: /scratch/yorig/mpils-results-grid-seconds-5-no-mip-start/easy/16proc/seed-5/1_csched008_seed-5_20260502_221048/iterated_local_search/run_6_worker_12/ils_config_4688062061723642629.prm
[WARN]:[22:17:44] CPLEX finished without a primal feasible solution for config /scratch/yorig/mpils-results-grid-seconds-5-no-mip-start/easy/16proc/seed-5/1_csched008_seed-5_20260502_221048/iterated_local_search/run_6_worker_12/ils_config_4688062061723642629.prm.
[INFO]:[22:17:44] CPLEX results. Gap: unavailable, upper bound: null, lower bound: 171.000000
[INFO]:[22:17:44] CPLEX solver finished. Gap: 179769313486231570814527423731704356798070567525844996598917476803157260780028538760589558632766878171540458953514382464234321326889464182768467546703537516986049910576551282076245490090389328944075868508455133942304583236903222948165808559332123348274797826204144723168738177180919299881250404026184124858368.000000
[INFO]:[22:17:44] Starting CPLEX solver on instance: /home/yorig/tuner/mpils-tests/instances/miplib/easy/csched008.mps with config: /scratch/yorig/mpils-results-grid-seconds-5-no-mip-start/easy/16proc/seed-5/1_csched008_seed-5_20260502_221048/iterated_local_search/run_6_worker_12/ils_config_735805951996339989.prm
[INFO]:[22:17:44] Starting CPLEX solver on instance: /home/yorig/tuner/mpils-tests/instances/miplib/easy/csched008.mps with config: /scratch/yorig/mpils-results-grid-seconds-5-no-mip-start/easy/16proc/seed-5/1_csched008_seed-5_20260502_221048/iterated_local_search/run_6_worker_12/ils_config_735805951996339989.prm
[WARN]:[22:17:49] CPLEX finished without a primal feasible solution for config /scratch/yorig/mpils-results-grid-seconds-5-no-mip-start/easy/16proc/seed-5/1_csched008_seed-5_20260502_221048/iterated_local_search/run_6_worker_12/ils_config_735805951996339989.prm.
[INFO]:[22:17:49] CPLEX results. Gap: unavailable, upper bound: null, lower bound: 171.000000
[INFO]:[22:17:49] CPLEX solver finished. Gap: 179769313486231570814527423731704356798070567525844996598917476803157260780028538760589558632766878171540458953514382464234321326889464182768467546703537516986049910576551282076245490090389328944075868508455133942304583236903222948165808559332123348274797826204144723168738177180919299881250404026184124858368.000000
[INFO]:[22:17:49] Starting CPLEX solver on instance: /home/yorig/tuner/mpils-tests/instances/miplib/easy/csched008.mps with config: /scratch/yorig/mpils-results-grid-seconds-5-no-mip-start/easy/16proc/seed-5/1_csched008_seed-5_20260502_221048/iterated_local_search/run_6_worker_12/ils_config_6238489441813201240.prm
[INFO]:[22:17:49] Starting CPLEX solver on instance: /home/yorig/tuner/mpils-tests/instances/miplib/easy/csched008.mps with config: /scratch/yorig/mpils-results-grid-seconds-5-no-mip-start/easy/16proc/seed-5/1_csched008_seed-5_20260502_221048/iterated_local_search/run_6_worker_12/ils_config_6238489441813201240.prm
[WARN]:[22:17:54] CPLEX finished without a primal feasible solution for config /scratch/yorig/mpils-results-grid-seconds-5-no-mip-start/easy/16proc/seed-5/1_csched008_seed-5_20260502_221048/iterated_local_search/run_6_worker_12/ils_config_6238489441813201240.prm.
[INFO]:[22:17:54] CPLEX results. Gap: unavailable, upper bound: null, lower bound: 171.000000
[INFO]:[22:17:54] CPLEX solver finished. Gap: 179769313486231570814527423731704356798070567525844996598917476803157260780028538760589558632766878171540458953514382464234321326889464182768467546703537516986049910576551282076245490090389328944075868508455133942304583236903222948165808559332123348274797826204144723168738177180919299881250404026184124858368.000000
[INFO]:[22:17:54] Starting CPLEX solver on instance: /home/yorig/tuner/mpils-tests/instances/miplib/easy/csched008.mps with config: /scratch/yorig/mpils-results-grid-seconds-5-no-mip-start/easy/16proc/seed-5/1_csched008_seed-5_20260502_221048/iterated_local_search/run_6_worker_12/ils_config_5490968509266917063.prm
[INFO]:[22:17:54] Starting CPLEX solver on instance: /home/yorig/tuner/mpils-tests/instances/miplib/easy/csched008.mps with config: /scratch/yorig/mpils-results-grid-seconds-5-no-mip-start/easy/16proc/seed-5/1_csched008_seed-5_20260502_221048/iterated_local_search/run_6_worker_12/ils_config_5490968509266917063.prm
[WARN]:[22:17:59] CPLEX finished without a primal feasible solution for config /scratch/yorig/mpils-results-grid-seconds-5-no-mip-start/easy/16proc/seed-5/1_csched008_seed-5_20260502_221048/iterated_local_search/run_6_worker_12/ils_config_5490968509266917063.prm.
[INFO]:[22:17:59] CPLEX results. Gap: unavailable, upper bound: null, lower bound: 171.000000
[INFO]:[22:17:59] CPLEX solver finished. Gap: 179769313486231570814527423731704356798070567525844996598917476803157260780028538760589558632766878171540458953514382464234321326889464182768467546703537516986049910576551282076245490090389328944075868508455133942304583236903222948165808559332123348274797826204144723168738177180919299881250404026184124858368.000000
[INFO]:[22:17:59] Starting CPLEX solver on instance: /home/yorig/tuner/mpils-tests/instances/miplib/easy/csched008.mps with config: /scratch/yorig/mpils-results-grid-seconds-5-no-mip-start/easy/16proc/seed-5/1_csched008_seed-5_20260502_221048/iterated_local_search/run_6_worker_12/ils_config_10062102972194964189.prm
[INFO]:[22:17:59] Starting CPLEX solver on instance: /home/yorig/tuner/mpils-tests/instances/miplib/easy/csched008.mps with config: /scratch/yorig/mpils-results-grid-seconds-5-no-mip-start/easy/16proc/seed-5/1_csched008_seed-5_20260502_221048/iterated_local_search/run_6_worker_12/ils_config_10062102972194964189.prm
[WARN]:[22:18:04] CPLEX finished without a primal feasible solution for config /scratch/yorig/mpils-results-grid-seconds-5-no-mip-start/easy/16proc/seed-5/1_csched008_seed-5_20260502_221048/iterated_local_search/run_6_worker_12/ils_config_10062102972194964189.prm.
[INFO]:[22:18:04] CPLEX results. Gap: unavailable, upper bound: null, lower bound: 171.000000
[INFO]:[22:18:04] CPLEX solver finished. Gap: 179769313486231570814527423731704356798070567525844996598917476803157260780028538760589558632766878171540458953514382464234321326889464182768467546703537516986049910576551282076245490090389328944075868508455133942304583236903222948165808559332123348274797826204144723168738177180919299881250404026184124858368.000000
[INFO]:[22:18:04] Local search phase completed.
[INFO]:[22:18:04] Total number of new local-search evaluations: 18
[INFO]:[22:18:04] Final incumbent objective value: 1.79769e+308
[INFO]:[22:18:04] Worker 12 completed exploration phase.
[INFO]:[22:18:05] Worker 12 received order for step 3.
[INFO]:[22:18:05] Worker 12 finished.
