[INFO]:[00:56:14] Worker 19 starting.
[INFO]:[00:56:14] Worker 19 received order for step 1.
[INFO]:[00:56:14] Worker 19 running exploration phase for iteration 1.
[INFO]:[00:56:14] Worker 19 at iteration 1 will not use a MIP start file. Current best MIP-start upper bound threshold is 1.79769e+308.
[INFO]:[00:56:14] Starting local search phase...
[INFO]:[00:56:14] Creating local search space from parameter space file: /scratch/yorig/mpils-results-grid-seconds-5-watchdog/medium-2/24proc/seed-3/1_neos-4387871-tavua_seed-3_20260504_005613/iterated_local_search/search_space/search_space_file_1_worker_19.txt
[INFO]:[00:56:14] Local search space loaded from file: /scratch/yorig/mpils-results-grid-seconds-5-watchdog/medium-2/24proc/seed-3/1_neos-4387871-tavua_seed-3_20260504_005613/iterated_local_search/search_space/search_space_file_1_worker_19.txt
[INFO]:[00:56:14] Number of parameters in local search space: 71
[INFO]:[00:56:14] Number of forbidden tuples in local search space: 0
[INFO]:[00:56:14] Number of conditionals in local search space: 6
[INFO]:[00:56:14] MIP start option not enabled. Local search will proceed without MIP start.
[INFO]:[00:56:14] Evaluating initial configuration for local search phase...
[INFO]:[00:56:14] Starting CPLEX solver on instance: /home/yorig/tuner/mpils-tests/instances/miplib/medium-2/neos-4387871-tavua.mps with config: /scratch/yorig/mpils-results-grid-seconds-5-watchdog/medium-2/24proc/seed-3/1_neos-4387871-tavua_seed-3_20260504_005613/iterated_local_search/run_1_worker_19/ils_config_13122756980096400070.prm
[INFO]:[00:56:14] Starting CPLEX solver on instance: /home/yorig/tuner/mpils-tests/instances/miplib/medium-2/neos-4387871-tavua.mps with config: /scratch/yorig/mpils-results-grid-seconds-5-watchdog/medium-2/24proc/seed-3/1_neos-4387871-tavua_seed-3_20260504_005613/iterated_local_search/run_1_worker_19/ils_config_13122756980096400070.prm
[INFO]:[00:56:19] CPLEX results. Gap: 30.200000, upper bound: 34.384730, lower bound: 24.000056
[INFO]:[00:56:19] CPLEX solver finished. Gap: 30.200000
[INFO]:[00:56:19] Initial configuration evaluated with objective value: 30.2
[INFO]:[00:56:19] Starting CPLEX solver on instance: /home/yorig/tuner/mpils-tests/instances/miplib/medium-2/neos-4387871-tavua.mps with config: /scratch/yorig/mpils-results-grid-seconds-5-watchdog/medium-2/24proc/seed-3/1_neos-4387871-tavua_seed-3_20260504_005613/iterated_local_search/run_1_worker_19/ils_config_12108524032491046640.prm
[INFO]:[00:56:19] Starting CPLEX solver on instance: /home/yorig/tuner/mpils-tests/instances/miplib/medium-2/neos-4387871-tavua.mps with config: /scratch/yorig/mpils-results-grid-seconds-5-watchdog/medium-2/24proc/seed-3/1_neos-4387871-tavua_seed-3_20260504_005613/iterated_local_search/run_1_worker_19/ils_config_12108524032491046640.prm
[INFO]:[00:56:24] CPLEX results. Gap: 30.620000, upper bound: 33.556310, lower bound: 23.279931
[INFO]:[00:56:24] CPLEX solver finished. Gap: 30.620000
[INFO]:[00:56:24] Starting CPLEX solver on instance: /home/yorig/tuner/mpils-tests/instances/miplib/medium-2/neos-4387871-tavua.mps with config: /scratch/yorig/mpils-results-grid-seconds-5-watchdog/medium-2/24proc/seed-3/1_neos-4387871-tavua_seed-3_20260504_005613/iterated_local_search/run_1_worker_19/ils_config_4252581982561731859.prm
[INFO]:[00:56:24] Starting CPLEX solver on instance: /home/yorig/tuner/mpils-tests/instances/miplib/medium-2/neos-4387871-tavua.mps with config: /scratch/yorig/mpils-results-grid-seconds-5-watchdog/medium-2/24proc/seed-3/1_neos-4387871-tavua_seed-3_20260504_005613/iterated_local_search/run_1_worker_19/ils_config_4252581982561731859.prm
[INFO]:[00:56:29] CPLEX results. Gap: 30.200000, upper bound: 34.384730, lower bound: 24.000056
[INFO]:[00:56:29] CPLEX solver finished. Gap: 30.200000
[INFO]:[00:56:29] Starting CPLEX solver on instance: /home/yorig/tuner/mpils-tests/instances/miplib/medium-2/neos-4387871-tavua.mps with config: /scratch/yorig/mpils-results-grid-seconds-5-watchdog/medium-2/24proc/seed-3/1_neos-4387871-tavua_seed-3_20260504_005613/iterated_local_search/run_1_worker_19/ils_config_10312272835190956073.prm
[INFO]:[00:56:29] Starting CPLEX solver on instance: /home/yorig/tuner/mpils-tests/instances/miplib/medium-2/neos-4387871-tavua.mps with config: /scratch/yorig/mpils-results-grid-seconds-5-watchdog/medium-2/24proc/seed-3/1_neos-4387871-tavua_seed-3_20260504_005613/iterated_local_search/run_1_worker_19/ils_config_10312272835190956073.prm
[INFO]:[00:56:34] CPLEX results. Gap: 30.200000, upper bound: 34.384730, lower bound: 24.000056
[INFO]:[00:56:34] CPLEX solver finished. Gap: 30.200000
[INFO]:[00:56:34] Starting CPLEX solver on instance: /home/yorig/tuner/mpils-tests/instances/miplib/medium-2/neos-4387871-tavua.mps with config: /scratch/yorig/mpils-results-grid-seconds-5-watchdog/medium-2/24proc/seed-3/1_neos-4387871-tavua_seed-3_20260504_005613/iterated_local_search/run_1_worker_19/ils_config_7364384934638646163.prm
[INFO]:[00:56:34] Starting CPLEX solver on instance: /home/yorig/tuner/mpils-tests/instances/miplib/medium-2/neos-4387871-tavua.mps with config: /scratch/yorig/mpils-results-grid-seconds-5-watchdog/medium-2/24proc/seed-3/1_neos-4387871-tavua_seed-3_20260504_005613/iterated_local_search/run_1_worker_19/ils_config_7364384934638646163.prm
[INFO]:[00:56:39] CPLEX results. Gap: 30.200000, upper bound: 34.384730, lower bound: 24.000056
[INFO]:[00:56:39] CPLEX solver finished. Gap: 30.200000
[INFO]:[00:56:39] Starting CPLEX solver on instance: /home/yorig/tuner/mpils-tests/instances/miplib/medium-2/neos-4387871-tavua.mps with config: /scratch/yorig/mpils-results-grid-seconds-5-watchdog/medium-2/24proc/seed-3/1_neos-4387871-tavua_seed-3_20260504_005613/iterated_local_search/run_1_worker_19/ils_config_3308932114800453713.prm
[INFO]:[00:56:39] Starting CPLEX solver on instance: /home/yorig/tuner/mpils-tests/instances/miplib/medium-2/neos-4387871-tavua.mps with config: /scratch/yorig/mpils-results-grid-seconds-5-watchdog/medium-2/24proc/seed-3/1_neos-4387871-tavua_seed-3_20260504_005613/iterated_local_search/run_1_worker_19/ils_config_3308932114800453713.prm
[INFO]:[00:56:44] CPLEX results. Gap: 32.900000, upper bound: 33.556310, lower bound: 22.515850
[INFO]:[00:56:44] CPLEX solver finished. Gap: 32.900000
[INFO]:[00:56:44] Starting CPLEX solver on instance: /home/yorig/tuner/mpils-tests/instances/miplib/medium-2/neos-4387871-tavua.mps with config: /scratch/yorig/mpils-results-grid-seconds-5-watchdog/medium-2/24proc/seed-3/1_neos-4387871-tavua_seed-3_20260504_005613/iterated_local_search/run_1_worker_19/ils_config_17315375397422015880.prm
[INFO]:[00:56:44] Starting CPLEX solver on instance: /home/yorig/tuner/mpils-tests/instances/miplib/medium-2/neos-4387871-tavua.mps with config: /scratch/yorig/mpils-results-grid-seconds-5-watchdog/medium-2/24proc/seed-3/1_neos-4387871-tavua_seed-3_20260504_005613/iterated_local_search/run_1_worker_19/ils_config_17315375397422015880.prm
[INFO]:[00:56:49] CPLEX results. Gap: 30.200000, upper bound: 34.384730, lower bound: 24.000056
[INFO]:[00:56:49] CPLEX solver finished. Gap: 30.200000
[INFO]:[00:56:49] Starting CPLEX solver on instance: /home/yorig/tuner/mpils-tests/instances/miplib/medium-2/neos-4387871-tavua.mps with config: /scratch/yorig/mpils-results-grid-seconds-5-watchdog/medium-2/24proc/seed-3/1_neos-4387871-tavua_seed-3_20260504_005613/iterated_local_search/run_1_worker_19/ils_config_33859973667883723.prm
[INFO]:[00:56:49] Starting CPLEX solver on instance: /home/yorig/tuner/mpils-tests/instances/miplib/medium-2/neos-4387871-tavua.mps with config: /scratch/yorig/mpils-results-grid-seconds-5-watchdog/medium-2/24proc/seed-3/1_neos-4387871-tavua_seed-3_20260504_005613/iterated_local_search/run_1_worker_19/ils_config_33859973667883723.prm
[INFO]:[00:56:54] CPLEX results. Gap: 30.200000, upper bound: 34.384730, lower bound: 24.000056
[INFO]:[00:56:54] CPLEX solver finished. Gap: 30.200000
[INFO]:[00:56:54] Starting CPLEX solver on instance: /home/yorig/tuner/mpils-tests/instances/miplib/medium-2/neos-4387871-tavua.mps with config: /scratch/yorig/mpils-results-grid-seconds-5-watchdog/medium-2/24proc/seed-3/1_neos-4387871-tavua_seed-3_20260504_005613/iterated_local_search/run_1_worker_19/ils_config_10901772347688182021.prm
[INFO]:[00:56:54] Starting CPLEX solver on instance: /home/yorig/tuner/mpils-tests/instances/miplib/medium-2/neos-4387871-tavua.mps with config: /scratch/yorig/mpils-results-grid-seconds-5-watchdog/medium-2/24proc/seed-3/1_neos-4387871-tavua_seed-3_20260504_005613/iterated_local_search/run_1_worker_19/ils_config_10901772347688182021.prm
[INFO]:[00:56:59] CPLEX results. Gap: 30.370000, upper bound: 34.142100, lower bound: 23.772583
[INFO]:[00:56:59] CPLEX solver finished. Gap: 30.370000
[INFO]:[00:56:59] Starting CPLEX solver on instance: /home/yorig/tuner/mpils-tests/instances/miplib/medium-2/neos-4387871-tavua.mps with config: /scratch/yorig/mpils-results-grid-seconds-5-watchdog/medium-2/24proc/seed-3/1_neos-4387871-tavua_seed-3_20260504_005613/iterated_local_search/run_1_worker_19/ils_config_14451423807203040094.prm
[INFO]:[00:56:59] Starting CPLEX solver on instance: /home/yorig/tuner/mpils-tests/instances/miplib/medium-2/neos-4387871-tavua.mps with config: /scratch/yorig/mpils-results-grid-seconds-5-watchdog/medium-2/24proc/seed-3/1_neos-4387871-tavua_seed-3_20260504_005613/iterated_local_search/run_1_worker_19/ils_config_14451423807203040094.prm
[INFO]:[00:57:04] CPLEX results. Gap: 30.200000, upper bound: 34.384730, lower bound: 24.000056
[INFO]:[00:57:04] CPLEX solver finished. Gap: 30.200000
[INFO]:[00:57:04] Starting CPLEX solver on instance: /home/yorig/tuner/mpils-tests/instances/miplib/medium-2/neos-4387871-tavua.mps with config: /scratch/yorig/mpils-results-grid-seconds-5-watchdog/medium-2/24proc/seed-3/1_neos-4387871-tavua_seed-3_20260504_005613/iterated_local_search/run_1_worker_19/ils_config_5034889057908820685.prm
[INFO]:[00:57:04] Starting CPLEX solver on instance: /home/yorig/tuner/mpils-tests/instances/miplib/medium-2/neos-4387871-tavua.mps with config: /scratch/yorig/mpils-results-grid-seconds-5-watchdog/medium-2/24proc/seed-3/1_neos-4387871-tavua_seed-3_20260504_005613/iterated_local_search/run_1_worker_19/ils_config_5034889057908820685.prm
[INFO]:[00:57:10] CPLEX results. Gap: 31.710000, upper bound: 34.142100, lower bound: 23.315736
[INFO]:[00:57:10] CPLEX solver finished. Gap: 31.710000
[INFO]:[00:57:10] Starting CPLEX solver on instance: /home/yorig/tuner/mpils-tests/instances/miplib/medium-2/neos-4387871-tavua.mps with config: /scratch/yorig/mpils-results-grid-seconds-5-watchdog/medium-2/24proc/seed-3/1_neos-4387871-tavua_seed-3_20260504_005613/iterated_local_search/run_1_worker_19/ils_config_9472798235599245514.prm
[INFO]:[00:57:10] Starting CPLEX solver on instance: /home/yorig/tuner/mpils-tests/instances/miplib/medium-2/neos-4387871-tavua.mps with config: /scratch/yorig/mpils-results-grid-seconds-5-watchdog/medium-2/24proc/seed-3/1_neos-4387871-tavua_seed-3_20260504_005613/iterated_local_search/run_1_worker_19/ils_config_9472798235599245514.prm
[INFO]:[00:57:15] CPLEX results. Gap: 31.110000, upper bound: 33.556310, lower bound: 23.117196
[INFO]:[00:57:15] CPLEX solver finished. Gap: 31.110000
[INFO]:[00:57:15] Starting CPLEX solver on instance: /home/yorig/tuner/mpils-tests/instances/miplib/medium-2/neos-4387871-tavua.mps with config: /scratch/yorig/mpils-results-grid-seconds-5-watchdog/medium-2/24proc/seed-3/1_neos-4387871-tavua_seed-3_20260504_005613/iterated_local_search/run_1_worker_19/ils_config_15027782415920869159.prm
[INFO]:[00:57:15] Starting CPLEX solver on instance: /home/yorig/tuner/mpils-tests/instances/miplib/medium-2/neos-4387871-tavua.mps with config: /scratch/yorig/mpils-results-grid-seconds-5-watchdog/medium-2/24proc/seed-3/1_neos-4387871-tavua_seed-3_20260504_005613/iterated_local_search/run_1_worker_19/ils_config_15027782415920869159.prm
[INFO]:[00:57:20] CPLEX results. Gap: 33.030000, upper bound: 34.142100, lower bound: 22.866042
[INFO]:[00:57:20] CPLEX solver finished. Gap: 33.030000
[INFO]:[00:57:20] Starting CPLEX solver on instance: /home/yorig/tuner/mpils-tests/instances/miplib/medium-2/neos-4387871-tavua.mps with config: /scratch/yorig/mpils-results-grid-seconds-5-watchdog/medium-2/24proc/seed-3/1_neos-4387871-tavua_seed-3_20260504_005613/iterated_local_search/run_1_worker_19/ils_config_7986283796045407719.prm
[INFO]:[00:57:20] Starting CPLEX solver on instance: /home/yorig/tuner/mpils-tests/instances/miplib/medium-2/neos-4387871-tavua.mps with config: /scratch/yorig/mpils-results-grid-seconds-5-watchdog/medium-2/24proc/seed-3/1_neos-4387871-tavua_seed-3_20260504_005613/iterated_local_search/run_1_worker_19/ils_config_7986283796045407719.prm
[INFO]:[00:57:25] CPLEX results. Gap: 30.200000, upper bound: 34.384730, lower bound: 24.000056
[INFO]:[00:57:25] CPLEX solver finished. Gap: 30.200000
[INFO]:[00:57:25] Starting CPLEX solver on instance: /home/yorig/tuner/mpils-tests/instances/miplib/medium-2/neos-4387871-tavua.mps with config: /scratch/yorig/mpils-results-grid-seconds-5-watchdog/medium-2/24proc/seed-3/1_neos-4387871-tavua_seed-3_20260504_005613/iterated_local_search/run_1_worker_19/ils_config_1508116360981858175.prm
[INFO]:[00:57:25] Starting CPLEX solver on instance: /home/yorig/tuner/mpils-tests/instances/miplib/medium-2/neos-4387871-tavua.mps with config: /scratch/yorig/mpils-results-grid-seconds-5-watchdog/medium-2/24proc/seed-3/1_neos-4387871-tavua_seed-3_20260504_005613/iterated_local_search/run_1_worker_19/ils_config_1508116360981858175.prm
[INFO]:[00:57:30] CPLEX results. Gap: 30.200000, upper bound: 34.384730, lower bound: 24.000056
[INFO]:[00:57:30] CPLEX solver finished. Gap: 30.200000
[INFO]:[00:57:30] Starting CPLEX solver on instance: /home/yorig/tuner/mpils-tests/instances/miplib/medium-2/neos-4387871-tavua.mps with config: /scratch/yorig/mpils-results-grid-seconds-5-watchdog/medium-2/24proc/seed-3/1_neos-4387871-tavua_seed-3_20260504_005613/iterated_local_search/run_1_worker_19/ils_config_6042370084297483595.prm
[INFO]:[00:57:30] Starting CPLEX solver on instance: /home/yorig/tuner/mpils-tests/instances/miplib/medium-2/neos-4387871-tavua.mps with config: /scratch/yorig/mpils-results-grid-seconds-5-watchdog/medium-2/24proc/seed-3/1_neos-4387871-tavua_seed-3_20260504_005613/iterated_local_search/run_1_worker_19/ils_config_6042370084297483595.prm
[INFO]:[00:57:35] CPLEX results. Gap: 29.390000, upper bound: 33.556310, lower bound: 23.692897
[INFO]:[00:57:35] CPLEX solver finished. Gap: 29.390000
[INFO]:[00:57:35] New incumbent found with objective value: 29.39
[INFO]:[00:57:35] Starting CPLEX solver on instance: /home/yorig/tuner/mpils-tests/instances/miplib/medium-2/neos-4387871-tavua.mps with config: /scratch/yorig/mpils-results-grid-seconds-5-watchdog/medium-2/24proc/seed-3/1_neos-4387871-tavua_seed-3_20260504_005613/iterated_local_search/run_1_worker_19/ils_config_6552265976054271822.prm
[INFO]:[00:57:35] Starting CPLEX solver on instance: /home/yorig/tuner/mpils-tests/instances/miplib/medium-2/neos-4387871-tavua.mps with config: /scratch/yorig/mpils-results-grid-seconds-5-watchdog/medium-2/24proc/seed-3/1_neos-4387871-tavua_seed-3_20260504_005613/iterated_local_search/run_1_worker_19/ils_config_6552265976054271822.prm
[INFO]:[00:57:40] CPLEX results. Gap: 29.390000, upper bound: 33.556310, lower bound: 23.692897
[INFO]:[00:57:40] CPLEX solver finished. Gap: 29.390000
[INFO]:[00:57:40] Starting CPLEX solver on instance: /home/yorig/tuner/mpils-tests/instances/miplib/medium-2/neos-4387871-tavua.mps with config: /scratch/yorig/mpils-results-grid-seconds-5-watchdog/medium-2/24proc/seed-3/1_neos-4387871-tavua_seed-3_20260504_005613/iterated_local_search/run_1_worker_19/ils_config_12811021325668408258.prm
[INFO]:[00:57:40] Starting CPLEX solver on instance: /home/yorig/tuner/mpils-tests/instances/miplib/medium-2/neos-4387871-tavua.mps with config: /scratch/yorig/mpils-results-grid-seconds-5-watchdog/medium-2/24proc/seed-3/1_neos-4387871-tavua_seed-3_20260504_005613/iterated_local_search/run_1_worker_19/ils_config_12811021325668408258.prm
[INFO]:[00:57:45] CPLEX results. Gap: 30.200000, upper bound: 34.384730, lower bound: 24.000056
[INFO]:[00:57:45] CPLEX solver finished. Gap: 30.200000
[INFO]:[00:57:45] Starting CPLEX solver on instance: /home/yorig/tuner/mpils-tests/instances/miplib/medium-2/neos-4387871-tavua.mps with config: /scratch/yorig/mpils-results-grid-seconds-5-watchdog/medium-2/24proc/seed-3/1_neos-4387871-tavua_seed-3_20260504_005613/iterated_local_search/run_1_worker_19/ils_config_3103773966558312188.prm
[INFO]:[00:57:45] Starting CPLEX solver on instance: /home/yorig/tuner/mpils-tests/instances/miplib/medium-2/neos-4387871-tavua.mps with config: /scratch/yorig/mpils-results-grid-seconds-5-watchdog/medium-2/24proc/seed-3/1_neos-4387871-tavua_seed-3_20260504_005613/iterated_local_search/run_1_worker_19/ils_config_3103773966558312188.prm
[INFO]:[00:57:50] CPLEX results. Gap: 29.390000, upper bound: 33.556310, lower bound: 23.692897
[INFO]:[00:57:50] CPLEX solver finished. Gap: 29.390000
[INFO]:[00:57:50] Starting CPLEX solver on instance: /home/yorig/tuner/mpils-tests/instances/miplib/medium-2/neos-4387871-tavua.mps with config: /scratch/yorig/mpils-results-grid-seconds-5-watchdog/medium-2/24proc/seed-3/1_neos-4387871-tavua_seed-3_20260504_005613/iterated_local_search/run_1_worker_19/ils_config_4974233952562278405.prm
[INFO]:[00:57:50] Starting CPLEX solver on instance: /home/yorig/tuner/mpils-tests/instances/miplib/medium-2/neos-4387871-tavua.mps with config: /scratch/yorig/mpils-results-grid-seconds-5-watchdog/medium-2/24proc/seed-3/1_neos-4387871-tavua_seed-3_20260504_005613/iterated_local_search/run_1_worker_19/ils_config_4974233952562278405.prm
[INFO]:[00:57:55] CPLEX results. Gap: 29.390000, upper bound: 33.556310, lower bound: 23.692897
[INFO]:[00:57:55] CPLEX solver finished. Gap: 29.390000
[INFO]:[00:57:55] Local search phase completed.
[INFO]:[00:57:55] Total number of new local-search evaluations: 20
[INFO]:[00:57:55] Final incumbent objective value: 29.39
[INFO]:[00:57:55] Worker 19 completed exploration phase.
[INFO]:[00:57:55] Worker 19 received order for step 2.
[INFO]:[00:57:55] Worker 19 running expansion phase for iteration 1.
[INFO]:[00:57:55] Worker 19 will use solver log file: /scratch/yorig/mpils-results-grid-seconds-5-watchdog/medium-2/24proc/seed-3/1_neos-4387871-tavua_seed-3_20260504_005613/solver/cplex.log_iteration_expansion_1_worker_19
[INFO]:[00:57:55] Expansion Worker 19 starting expansion for iteration 1.
[INFO]:[00:57:55] Starting CPLEX solver on instance: /home/yorig/tuner/mpils-tests/instances/miplib/medium-2/neos-4387871-tavua.mps with config: /scratch/yorig/mpils-results-grid-seconds-5-watchdog/medium-2/24proc/seed-3/1_neos-4387871-tavua_seed-3_20260504_005613/expansion/config_param_CPXPARAM_MIP_Strategy_BBInterval_10_iter_1.prm
[INFO]:[00:58:00] CPLEX results. Gap: 27.800000, upper bound: 34.384730, lower bound: 24.824790
[INFO]:[00:58:00] CPLEX solver finished. Gap: 27.800000
[INFO]:[00:58:00] Starting CPLEX solver on instance: /home/yorig/tuner/mpils-tests/instances/miplib/medium-2/neos-4387871-tavua.mps with config: /scratch/yorig/mpils-results-grid-seconds-5-watchdog/medium-2/24proc/seed-3/1_neos-4387871-tavua_seed-3_20260504_005613/expansion/config_param_CPXPARAM_MIP_Strategy_BBInterval_15_iter_1.prm
[INFO]:[00:58:05] CPLEX results. Gap: 27.800000, upper bound: 34.384730, lower bound: 24.824790
[INFO]:[00:58:05] CPLEX solver finished. Gap: 27.800000
[INFO]:[00:58:10] Expansion Worker 19 completed expansion.
[INFO]:[00:58:10] Worker 19 completed expansion phase.
[INFO]:[00:58:10] Worker 19 received order for step 1.
[INFO]:[00:58:10] Worker 19 running exploration phase for iteration 2.
[INFO]:[00:58:10] Worker 19 at iteration 2 will not use a MIP start file. Current best MIP-start upper bound threshold is 1.79769e+308.
[INFO]:[00:58:10] Starting local search phase...
[INFO]:[00:58:10] Creating local search space from parameter space file: /scratch/yorig/mpils-results-grid-seconds-5-watchdog/medium-2/24proc/seed-3/1_neos-4387871-tavua_seed-3_20260504_005613/iterated_local_search/search_space/search_space_file_2_worker_19.txt
[INFO]:[00:58:10] Local search space loaded from file: /scratch/yorig/mpils-results-grid-seconds-5-watchdog/medium-2/24proc/seed-3/1_neos-4387871-tavua_seed-3_20260504_005613/iterated_local_search/search_space/search_space_file_2_worker_19.txt
[INFO]:[00:58:10] Number of parameters in local search space: 71
[INFO]:[00:58:10] Number of forbidden tuples in local search space: 26
[INFO]:[00:58:10] Number of conditionals in local search space: 6
[INFO]:[00:58:10] MIP start option not enabled. Local search will proceed without MIP start.
[INFO]:[00:58:10] Evaluating initial configuration for local search phase...
[INFO]:[00:58:10] Starting CPLEX solver on instance: /home/yorig/tuner/mpils-tests/instances/miplib/medium-2/neos-4387871-tavua.mps with config: /scratch/yorig/mpils-results-grid-seconds-5-watchdog/medium-2/24proc/seed-3/1_neos-4387871-tavua_seed-3_20260504_005613/iterated_local_search/run_2_worker_19/ils_config_3893706453787141593.prm
[INFO]:[00:58:10] Starting CPLEX solver on instance: /home/yorig/tuner/mpils-tests/instances/miplib/medium-2/neos-4387871-tavua.mps with config: /scratch/yorig/mpils-results-grid-seconds-5-watchdog/medium-2/24proc/seed-3/1_neos-4387871-tavua_seed-3_20260504_005613/iterated_local_search/run_2_worker_19/ils_config_3893706453787141593.prm
[INFO]:[00:58:15] CPLEX results. Gap: 64.460000, upper bound: 33.556310, lower bound: 11.924937
[INFO]:[00:58:15] CPLEX solver finished. Gap: 64.460000
[INFO]:[00:58:15] Initial configuration evaluated with objective value: 64.46
[INFO]:[00:58:15] Starting CPLEX solver on instance: /home/yorig/tuner/mpils-tests/instances/miplib/medium-2/neos-4387871-tavua.mps with config: /scratch/yorig/mpils-results-grid-seconds-5-watchdog/medium-2/24proc/seed-3/1_neos-4387871-tavua_seed-3_20260504_005613/iterated_local_search/run_2_worker_19/ils_config_12216526707908465755.prm
[INFO]:[00:58:15] Starting CPLEX solver on instance: /home/yorig/tuner/mpils-tests/instances/miplib/medium-2/neos-4387871-tavua.mps with config: /scratch/yorig/mpils-results-grid-seconds-5-watchdog/medium-2/24proc/seed-3/1_neos-4387871-tavua_seed-3_20260504_005613/iterated_local_search/run_2_worker_19/ils_config_12216526707908465755.prm
[INFO]:[00:58:20] CPLEX results. Gap: 64.460000, upper bound: 33.556310, lower bound: 11.924937
[INFO]:[00:58:20] CPLEX solver finished. Gap: 64.460000
[INFO]:[00:58:20] Starting CPLEX solver on instance: /home/yorig/tuner/mpils-tests/instances/miplib/medium-2/neos-4387871-tavua.mps with config: /scratch/yorig/mpils-results-grid-seconds-5-watchdog/medium-2/24proc/seed-3/1_neos-4387871-tavua_seed-3_20260504_005613/iterated_local_search/run_2_worker_19/ils_config_744881357350794085.prm
[INFO]:[00:58:20] Starting CPLEX solver on instance: /home/yorig/tuner/mpils-tests/instances/miplib/medium-2/neos-4387871-tavua.mps with config: /scratch/yorig/mpils-results-grid-seconds-5-watchdog/medium-2/24proc/seed-3/1_neos-4387871-tavua_seed-3_20260504_005613/iterated_local_search/run_2_worker_19/ils_config_744881357350794085.prm
[INFO]:[00:58:25] CPLEX results. Gap: 37.320000, upper bound: 34.727890, lower bound: 21.766991
[INFO]:[00:58:25] CPLEX solver finished. Gap: 37.320000
[INFO]:[00:58:25] New incumbent found with objective value: 37.32
[INFO]:[00:58:26] Starting CPLEX solver on instance: /home/yorig/tuner/mpils-tests/instances/miplib/medium-2/neos-4387871-tavua.mps with config: /scratch/yorig/mpils-results-grid-seconds-5-watchdog/medium-2/24proc/seed-3/1_neos-4387871-tavua_seed-3_20260504_005613/iterated_local_search/run_2_worker_19/ils_config_5459590366776882465.prm
[INFO]:[00:58:26] Starting CPLEX solver on instance: /home/yorig/tuner/mpils-tests/instances/miplib/medium-2/neos-4387871-tavua.mps with config: /scratch/yorig/mpils-results-grid-seconds-5-watchdog/medium-2/24proc/seed-3/1_neos-4387871-tavua_seed-3_20260504_005613/iterated_local_search/run_2_worker_19/ils_config_5459590366776882465.prm
[INFO]:[00:58:31] CPLEX results. Gap: 37.320000, upper bound: 34.727890, lower bound: 21.766991
[INFO]:[00:58:31] CPLEX solver finished. Gap: 37.320000
[INFO]:[00:58:31] Starting CPLEX solver on instance: /home/yorig/tuner/mpils-tests/instances/miplib/medium-2/neos-4387871-tavua.mps with config: /scratch/yorig/mpils-results-grid-seconds-5-watchdog/medium-2/24proc/seed-3/1_neos-4387871-tavua_seed-3_20260504_005613/iterated_local_search/run_2_worker_19/ils_config_17840950260983367879.prm
[INFO]:[00:58:31] Starting CPLEX solver on instance: /home/yorig/tuner/mpils-tests/instances/miplib/medium-2/neos-4387871-tavua.mps with config: /scratch/yorig/mpils-results-grid-seconds-5-watchdog/medium-2/24proc/seed-3/1_neos-4387871-tavua_seed-3_20260504_005613/iterated_local_search/run_2_worker_19/ils_config_17840950260983367879.prm
[INFO]:[00:58:36] CPLEX results. Gap: 35.670000, upper bound: 34.142100, lower bound: 21.962310
[INFO]:[00:58:36] CPLEX solver finished. Gap: 35.670000
[INFO]:[00:58:36] New incumbent found with objective value: 35.67
[INFO]:[00:58:36] Starting CPLEX solver on instance: /home/yorig/tuner/mpils-tests/instances/miplib/medium-2/neos-4387871-tavua.mps with config: /scratch/yorig/mpils-results-grid-seconds-5-watchdog/medium-2/24proc/seed-3/1_neos-4387871-tavua_seed-3_20260504_005613/iterated_local_search/run_2_worker_19/ils_config_8823340944062371690.prm
[INFO]:[00:58:36] Starting CPLEX solver on instance: /home/yorig/tuner/mpils-tests/instances/miplib/medium-2/neos-4387871-tavua.mps with config: /scratch/yorig/mpils-results-grid-seconds-5-watchdog/medium-2/24proc/seed-3/1_neos-4387871-tavua_seed-3_20260504_005613/iterated_local_search/run_2_worker_19/ils_config_8823340944062371690.prm
[INFO]:[00:58:41] CPLEX results. Gap: 34.940000, upper bound: 34.142100, lower bound: 22.211438
[INFO]:[00:58:41] CPLEX solver finished. Gap: 34.940000
[INFO]:[00:58:41] New incumbent found with objective value: 34.94
[INFO]:[00:58:41] Starting CPLEX solver on instance: /home/yorig/tuner/mpils-tests/instances/miplib/medium-2/neos-4387871-tavua.mps with config: /scratch/yorig/mpils-results-grid-seconds-5-watchdog/medium-2/24proc/seed-3/1_neos-4387871-tavua_seed-3_20260504_005613/iterated_local_search/run_2_worker_19/ils_config_536114403773800304.prm
[INFO]:[00:58:41] Starting CPLEX solver on instance: /home/yorig/tuner/mpils-tests/instances/miplib/medium-2/neos-4387871-tavua.mps with config: /scratch/yorig/mpils-results-grid-seconds-5-watchdog/medium-2/24proc/seed-3/1_neos-4387871-tavua_seed-3_20260504_005613/iterated_local_search/run_2_worker_19/ils_config_536114403773800304.prm
[INFO]:[00:58:46] CPLEX results. Gap: 36.510000, upper bound: 34.142100, lower bound: 21.676917
[INFO]:[00:58:46] CPLEX solver finished. Gap: 36.510000
[INFO]:[00:58:46] Starting CPLEX solver on instance: /home/yorig/tuner/mpils-tests/instances/miplib/medium-2/neos-4387871-tavua.mps with config: /scratch/yorig/mpils-results-grid-seconds-5-watchdog/medium-2/24proc/seed-3/1_neos-4387871-tavua_seed-3_20260504_005613/iterated_local_search/run_2_worker_19/ils_config_9225619139187893255.prm
[INFO]:[00:58:46] Starting CPLEX solver on instance: /home/yorig/tuner/mpils-tests/instances/miplib/medium-2/neos-4387871-tavua.mps with config: /scratch/yorig/mpils-results-grid-seconds-5-watchdog/medium-2/24proc/seed-3/1_neos-4387871-tavua_seed-3_20260504_005613/iterated_local_search/run_2_worker_19/ils_config_9225619139187893255.prm
[INFO]:[00:58:51] CPLEX results. Gap: 35.670000, upper bound: 34.142100, lower bound: 21.962310
[INFO]:[00:58:51] CPLEX solver finished. Gap: 35.670000
[INFO]:[00:58:51] Starting CPLEX solver on instance: /home/yorig/tuner/mpils-tests/instances/miplib/medium-2/neos-4387871-tavua.mps with config: /scratch/yorig/mpils-results-grid-seconds-5-watchdog/medium-2/24proc/seed-3/1_neos-4387871-tavua_seed-3_20260504_005613/iterated_local_search/run_2_worker_19/ils_config_17339673611997132353.prm
[INFO]:[00:58:51] Starting CPLEX solver on instance: /home/yorig/tuner/mpils-tests/instances/miplib/medium-2/neos-4387871-tavua.mps with config: /scratch/yorig/mpils-results-grid-seconds-5-watchdog/medium-2/24proc/seed-3/1_neos-4387871-tavua_seed-3_20260504_005613/iterated_local_search/run_2_worker_19/ils_config_17339673611997132353.prm
[INFO]:[00:58:56] CPLEX results. Gap: 34.940000, upper bound: 34.142100, lower bound: 22.211438
[INFO]:[00:58:56] CPLEX solver finished. Gap: 34.940000
[INFO]:[00:58:56] Starting CPLEX solver on instance: /home/yorig/tuner/mpils-tests/instances/miplib/medium-2/neos-4387871-tavua.mps with config: /scratch/yorig/mpils-results-grid-seconds-5-watchdog/medium-2/24proc/seed-3/1_neos-4387871-tavua_seed-3_20260504_005613/iterated_local_search/run_2_worker_19/ils_config_15836025051608320758.prm
[INFO]:[00:58:56] Starting CPLEX solver on instance: /home/yorig/tuner/mpils-tests/instances/miplib/medium-2/neos-4387871-tavua.mps with config: /scratch/yorig/mpils-results-grid-seconds-5-watchdog/medium-2/24proc/seed-3/1_neos-4387871-tavua_seed-3_20260504_005613/iterated_local_search/run_2_worker_19/ils_config_15836025051608320758.prm
[INFO]:[00:59:01] CPLEX results. Gap: 33.410000, upper bound: 34.142100, lower bound: 22.734889
[INFO]:[00:59:01] CPLEX solver finished. Gap: 33.410000
[INFO]:[00:59:01] New incumbent found with objective value: 33.41
[INFO]:[00:59:01] Starting CPLEX solver on instance: /home/yorig/tuner/mpils-tests/instances/miplib/medium-2/neos-4387871-tavua.mps with config: /scratch/yorig/mpils-results-grid-seconds-5-watchdog/medium-2/24proc/seed-3/1_neos-4387871-tavua_seed-3_20260504_005613/iterated_local_search/run_2_worker_19/ils_config_17949728502432431473.prm
[INFO]:[00:59:01] Starting CPLEX solver on instance: /home/yorig/tuner/mpils-tests/instances/miplib/medium-2/neos-4387871-tavua.mps with config: /scratch/yorig/mpils-results-grid-seconds-5-watchdog/medium-2/24proc/seed-3/1_neos-4387871-tavua_seed-3_20260504_005613/iterated_local_search/run_2_worker_19/ils_config_17949728502432431473.prm
[INFO]:[00:59:06] CPLEX results. Gap: 33.410000, upper bound: 34.142100, lower bound: 22.734889
[INFO]:[00:59:06] CPLEX solver finished. Gap: 33.410000
[INFO]:[00:59:06] Starting CPLEX solver on instance: /home/yorig/tuner/mpils-tests/instances/miplib/medium-2/neos-4387871-tavua.mps with config: /scratch/yorig/mpils-results-grid-seconds-5-watchdog/medium-2/24proc/seed-3/1_neos-4387871-tavua_seed-3_20260504_005613/iterated_local_search/run_2_worker_19/ils_config_1148984397161385764.prm
[INFO]:[00:59:06] Starting CPLEX solver on instance: /home/yorig/tuner/mpils-tests/instances/miplib/medium-2/neos-4387871-tavua.mps with config: /scratch/yorig/mpils-results-grid-seconds-5-watchdog/medium-2/24proc/seed-3/1_neos-4387871-tavua_seed-3_20260504_005613/iterated_local_search/run_2_worker_19/ils_config_1148984397161385764.prm
[INFO]:[00:59:11] CPLEX results. Gap: 31.200000, upper bound: 34.142100, lower bound: 23.488425
[INFO]:[00:59:11] CPLEX solver finished. Gap: 31.200000
[INFO]:[00:59:11] New incumbent found with objective value: 31.2
[INFO]:[00:59:11] Local search phase completed.
[INFO]:[00:59:11] Total number of new local-search evaluations: 12
[INFO]:[00:59:11] Final incumbent objective value: 31.2
[INFO]:[00:59:11] Worker 19 completed exploration phase.
[INFO]:[00:59:11] Worker 19 received order for step 2.
[INFO]:[00:59:11] Worker 19 running expansion phase for iteration 2.
[INFO]:[00:59:11] Worker 19 will use solver log file: /scratch/yorig/mpils-results-grid-seconds-5-watchdog/medium-2/24proc/seed-3/1_neos-4387871-tavua_seed-3_20260504_005613/solver/cplex.log_iteration_expansion_2_worker_19
[INFO]:[00:59:11] Expansion Worker 19 starting expansion for iteration 2.
[INFO]:[00:59:11] Starting CPLEX solver on instance: /home/yorig/tuner/mpils-tests/instances/miplib/medium-2/neos-4387871-tavua.mps with config: /scratch/yorig/mpils-results-grid-seconds-5-watchdog/medium-2/24proc/seed-3/1_neos-4387871-tavua_seed-3_20260504_005613/expansion/config_param_CPXPARAM_Simplex_DGradient_1_iter_2.prm
[INFO]:[00:59:16] CPLEX results. Gap: 32.210000, upper bound: 34.556310, lower bound: 23.424415
[INFO]:[00:59:16] CPLEX solver finished. Gap: 32.210000
[INFO]:[00:59:16] Expansion Worker 19 stopping early after global MPI expansion stop was activated.
[INFO]:[00:59:16] Expansion Worker 19 completed expansion.
[INFO]:[00:59:16] Worker 19 completed expansion phase.
[INFO]:[00:59:16] Worker 19 received order for step 3.
[INFO]:[00:59:16] Worker 19 finished.
