[INFO]:[19:19:46] Worker 6 starting.
[INFO]:[19:19:46] Worker 6 received order for step 1.
[INFO]:[19:19:46] Worker 6 running exploration phase for iteration 1.
[INFO]:[19:19:46] Worker 6 at iteration 1 will not use a MIP start file. Current best MIP-start upper bound threshold is 1.79769e+308.
[INFO]:[19:19:46] Starting local search phase...
[INFO]:[19:19:46] Creating local search space from parameter space file: /scratch/yorig/mpils-results-grid-seconds-5-no-mip-start/medium-2/24proc/seed-2/6_sorrell3_seed-2_20260502_191945/iterated_local_search/search_space/search_space_file_1_worker_6.txt
[INFO]:[19:19:46] Local search space loaded from file: /scratch/yorig/mpils-results-grid-seconds-5-no-mip-start/medium-2/24proc/seed-2/6_sorrell3_seed-2_20260502_191945/iterated_local_search/search_space/search_space_file_1_worker_6.txt
[INFO]:[19:19:46] Number of parameters in local search space: 71
[INFO]:[19:19:46] Number of forbidden tuples in local search space: 0
[INFO]:[19:19:46] Number of conditionals in local search space: 6
[INFO]:[19:19:46] MIP start option not enabled. Local search will proceed without MIP start.
[INFO]:[19:19:46] Evaluating initial configuration for local search phase...
[INFO]:[19:19:46] Starting CPLEX solver on instance: /home/yorig/tuner/mpils-tests/instances/miplib/medium-2/sorrell3.mps with config: /scratch/yorig/mpils-results-grid-seconds-5-no-mip-start/medium-2/24proc/seed-2/6_sorrell3_seed-2_20260502_191945/iterated_local_search/run_1_worker_6/ils_config_9780203583707233689.prm
[INFO]:[19:19:46] Starting CPLEX solver on instance: /home/yorig/tuner/mpils-tests/instances/miplib/medium-2/sorrell3.mps with config: /scratch/yorig/mpils-results-grid-seconds-5-no-mip-start/medium-2/24proc/seed-2/6_sorrell3_seed-2_20260502_191945/iterated_local_search/run_1_worker_6/ils_config_9780203583707233689.prm
[INFO]:[19:19:52] CPLEX results. Gap: 35.230000, upper bound: -15.000000, lower bound: -20.284960
[INFO]:[19:19:52] CPLEX solver finished. Gap: 35.230000
[INFO]:[19:19:52] Initial configuration evaluated with objective value: 35.23
[INFO]:[19:19:52] Starting CPLEX solver on instance: /home/yorig/tuner/mpils-tests/instances/miplib/medium-2/sorrell3.mps with config: /scratch/yorig/mpils-results-grid-seconds-5-no-mip-start/medium-2/24proc/seed-2/6_sorrell3_seed-2_20260502_191945/iterated_local_search/run_1_worker_6/ils_config_2738998000721329484.prm
[INFO]:[19:19:52] Starting CPLEX solver on instance: /home/yorig/tuner/mpils-tests/instances/miplib/medium-2/sorrell3.mps with config: /scratch/yorig/mpils-results-grid-seconds-5-no-mip-start/medium-2/24proc/seed-2/6_sorrell3_seed-2_20260502_191945/iterated_local_search/run_1_worker_6/ils_config_2738998000721329484.prm
[INFO]:[19:19:57] CPLEX results. Gap: 35.230000, upper bound: -15.000000, lower bound: -20.284960
[INFO]:[19:19:57] CPLEX solver finished. Gap: 35.230000
[INFO]:[19:19:57] Starting CPLEX solver on instance: /home/yorig/tuner/mpils-tests/instances/miplib/medium-2/sorrell3.mps with config: /scratch/yorig/mpils-results-grid-seconds-5-no-mip-start/medium-2/24proc/seed-2/6_sorrell3_seed-2_20260502_191945/iterated_local_search/run_1_worker_6/ils_config_18336645636746358870.prm
[INFO]:[19:19:57] Starting CPLEX solver on instance: /home/yorig/tuner/mpils-tests/instances/miplib/medium-2/sorrell3.mps with config: /scratch/yorig/mpils-results-grid-seconds-5-no-mip-start/medium-2/24proc/seed-2/6_sorrell3_seed-2_20260502_191945/iterated_local_search/run_1_worker_6/ils_config_18336645636746358870.prm
[INFO]:[19:20:02] CPLEX results. Gap: 35.230000, upper bound: -15.000000, lower bound: -20.284960
[INFO]:[19:20:02] CPLEX solver finished. Gap: 35.230000
[INFO]:[19:20:02] Starting CPLEX solver on instance: /home/yorig/tuner/mpils-tests/instances/miplib/medium-2/sorrell3.mps with config: /scratch/yorig/mpils-results-grid-seconds-5-no-mip-start/medium-2/24proc/seed-2/6_sorrell3_seed-2_20260502_191945/iterated_local_search/run_1_worker_6/ils_config_10430870351543335230.prm
[INFO]:[19:20:02] Starting CPLEX solver on instance: /home/yorig/tuner/mpils-tests/instances/miplib/medium-2/sorrell3.mps with config: /scratch/yorig/mpils-results-grid-seconds-5-no-mip-start/medium-2/24proc/seed-2/6_sorrell3_seed-2_20260502_191945/iterated_local_search/run_1_worker_6/ils_config_10430870351543335230.prm
[INFO]:[19:20:07] CPLEX results. Gap: 34.130000, upper bound: -15.000000, lower bound: -20.119077
[INFO]:[19:20:07] CPLEX solver finished. Gap: 34.130000
[INFO]:[19:20:07] New incumbent found with objective value: 34.13
[INFO]:[19:20:07] Starting CPLEX solver on instance: /home/yorig/tuner/mpils-tests/instances/miplib/medium-2/sorrell3.mps with config: /scratch/yorig/mpils-results-grid-seconds-5-no-mip-start/medium-2/24proc/seed-2/6_sorrell3_seed-2_20260502_191945/iterated_local_search/run_1_worker_6/ils_config_12811994068088607333.prm
[INFO]:[19:20:07] Starting CPLEX solver on instance: /home/yorig/tuner/mpils-tests/instances/miplib/medium-2/sorrell3.mps with config: /scratch/yorig/mpils-results-grid-seconds-5-no-mip-start/medium-2/24proc/seed-2/6_sorrell3_seed-2_20260502_191945/iterated_local_search/run_1_worker_6/ils_config_12811994068088607333.prm
[INFO]:[19:20:13] CPLEX results. Gap: 34.130000, upper bound: -15.000000, lower bound: -20.119077
[INFO]:[19:20:13] CPLEX solver finished. Gap: 34.130000
[INFO]:[19:20:13] Starting CPLEX solver on instance: /home/yorig/tuner/mpils-tests/instances/miplib/medium-2/sorrell3.mps with config: /scratch/yorig/mpils-results-grid-seconds-5-no-mip-start/medium-2/24proc/seed-2/6_sorrell3_seed-2_20260502_191945/iterated_local_search/run_1_worker_6/ils_config_621644193421358652.prm
[INFO]:[19:20:13] Starting CPLEX solver on instance: /home/yorig/tuner/mpils-tests/instances/miplib/medium-2/sorrell3.mps with config: /scratch/yorig/mpils-results-grid-seconds-5-no-mip-start/medium-2/24proc/seed-2/6_sorrell3_seed-2_20260502_191945/iterated_local_search/run_1_worker_6/ils_config_621644193421358652.prm
[INFO]:[19:20:18] CPLEX results. Gap: 34.970000, upper bound: -15.000000, lower bound: -20.245619
[INFO]:[19:20:18] CPLEX solver finished. Gap: 34.970000
[INFO]:[19:20:18] Starting CPLEX solver on instance: /home/yorig/tuner/mpils-tests/instances/miplib/medium-2/sorrell3.mps with config: /scratch/yorig/mpils-results-grid-seconds-5-no-mip-start/medium-2/24proc/seed-2/6_sorrell3_seed-2_20260502_191945/iterated_local_search/run_1_worker_6/ils_config_5443953207628278891.prm
[INFO]:[19:20:18] Starting CPLEX solver on instance: /home/yorig/tuner/mpils-tests/instances/miplib/medium-2/sorrell3.mps with config: /scratch/yorig/mpils-results-grid-seconds-5-no-mip-start/medium-2/24proc/seed-2/6_sorrell3_seed-2_20260502_191945/iterated_local_search/run_1_worker_6/ils_config_5443953207628278891.prm
[INFO]:[19:20:23] CPLEX results. Gap: 34.130000, upper bound: -15.000000, lower bound: -20.119077
[INFO]:[19:20:23] CPLEX solver finished. Gap: 34.130000
[INFO]:[19:20:23] Starting CPLEX solver on instance: /home/yorig/tuner/mpils-tests/instances/miplib/medium-2/sorrell3.mps with config: /scratch/yorig/mpils-results-grid-seconds-5-no-mip-start/medium-2/24proc/seed-2/6_sorrell3_seed-2_20260502_191945/iterated_local_search/run_1_worker_6/ils_config_6389796492511561936.prm
[INFO]:[19:20:23] Starting CPLEX solver on instance: /home/yorig/tuner/mpils-tests/instances/miplib/medium-2/sorrell3.mps with config: /scratch/yorig/mpils-results-grid-seconds-5-no-mip-start/medium-2/24proc/seed-2/6_sorrell3_seed-2_20260502_191945/iterated_local_search/run_1_worker_6/ils_config_6389796492511561936.prm
[INFO]:[19:20:28] CPLEX results. Gap: 34.130000, upper bound: -15.000000, lower bound: -20.119077
[INFO]:[19:20:28] CPLEX solver finished. Gap: 34.130000
[INFO]:[19:20:28] Starting CPLEX solver on instance: /home/yorig/tuner/mpils-tests/instances/miplib/medium-2/sorrell3.mps with config: /scratch/yorig/mpils-results-grid-seconds-5-no-mip-start/medium-2/24proc/seed-2/6_sorrell3_seed-2_20260502_191945/iterated_local_search/run_1_worker_6/ils_config_7269270554109096030.prm
[INFO]:[19:20:28] Starting CPLEX solver on instance: /home/yorig/tuner/mpils-tests/instances/miplib/medium-2/sorrell3.mps with config: /scratch/yorig/mpils-results-grid-seconds-5-no-mip-start/medium-2/24proc/seed-2/6_sorrell3_seed-2_20260502_191945/iterated_local_search/run_1_worker_6/ils_config_7269270554109096030.prm
[INFO]:[19:20:34] CPLEX results. Gap: 34.130000, upper bound: -15.000000, lower bound: -20.119077
[INFO]:[19:20:34] CPLEX solver finished. Gap: 34.130000
[INFO]:[19:20:34] Starting CPLEX solver on instance: /home/yorig/tuner/mpils-tests/instances/miplib/medium-2/sorrell3.mps with config: /scratch/yorig/mpils-results-grid-seconds-5-no-mip-start/medium-2/24proc/seed-2/6_sorrell3_seed-2_20260502_191945/iterated_local_search/run_1_worker_6/ils_config_10675052023577105629.prm
[INFO]:[19:20:34] Starting CPLEX solver on instance: /home/yorig/tuner/mpils-tests/instances/miplib/medium-2/sorrell3.mps with config: /scratch/yorig/mpils-results-grid-seconds-5-no-mip-start/medium-2/24proc/seed-2/6_sorrell3_seed-2_20260502_191945/iterated_local_search/run_1_worker_6/ils_config_10675052023577105629.prm
[INFO]:[19:20:39] CPLEX results. Gap: 34.130000, upper bound: -15.000000, lower bound: -20.119077
[INFO]:[19:20:39] CPLEX solver finished. Gap: 34.130000
[INFO]:[19:20:39] Starting CPLEX solver on instance: /home/yorig/tuner/mpils-tests/instances/miplib/medium-2/sorrell3.mps with config: /scratch/yorig/mpils-results-grid-seconds-5-no-mip-start/medium-2/24proc/seed-2/6_sorrell3_seed-2_20260502_191945/iterated_local_search/run_1_worker_6/ils_config_8833396330984589918.prm
[INFO]:[19:20:39] Starting CPLEX solver on instance: /home/yorig/tuner/mpils-tests/instances/miplib/medium-2/sorrell3.mps with config: /scratch/yorig/mpils-results-grid-seconds-5-no-mip-start/medium-2/24proc/seed-2/6_sorrell3_seed-2_20260502_191945/iterated_local_search/run_1_worker_6/ils_config_8833396330984589918.prm
[INFO]:[19:20:44] CPLEX results. Gap: 33.980000, upper bound: -15.000000, lower bound: -20.097566
[INFO]:[19:20:44] CPLEX solver finished. Gap: 33.980000
[INFO]:[19:20:44] New incumbent found with objective value: 33.98
[INFO]:[19:20:44] Starting CPLEX solver on instance: /home/yorig/tuner/mpils-tests/instances/miplib/medium-2/sorrell3.mps with config: /scratch/yorig/mpils-results-grid-seconds-5-no-mip-start/medium-2/24proc/seed-2/6_sorrell3_seed-2_20260502_191945/iterated_local_search/run_1_worker_6/ils_config_17037027137159292452.prm
[INFO]:[19:20:44] Starting CPLEX solver on instance: /home/yorig/tuner/mpils-tests/instances/miplib/medium-2/sorrell3.mps with config: /scratch/yorig/mpils-results-grid-seconds-5-no-mip-start/medium-2/24proc/seed-2/6_sorrell3_seed-2_20260502_191945/iterated_local_search/run_1_worker_6/ils_config_17037027137159292452.prm
[INFO]:[19:20:49] CPLEX results. Gap: 33.980000, upper bound: -15.000000, lower bound: -20.097566
[INFO]:[19:20:49] CPLEX solver finished. Gap: 33.980000
[INFO]:[19:20:49] Starting CPLEX solver on instance: /home/yorig/tuner/mpils-tests/instances/miplib/medium-2/sorrell3.mps with config: /scratch/yorig/mpils-results-grid-seconds-5-no-mip-start/medium-2/24proc/seed-2/6_sorrell3_seed-2_20260502_191945/iterated_local_search/run_1_worker_6/ils_config_2990667808005499756.prm
[INFO]:[19:20:49] Starting CPLEX solver on instance: /home/yorig/tuner/mpils-tests/instances/miplib/medium-2/sorrell3.mps with config: /scratch/yorig/mpils-results-grid-seconds-5-no-mip-start/medium-2/24proc/seed-2/6_sorrell3_seed-2_20260502_191945/iterated_local_search/run_1_worker_6/ils_config_2990667808005499756.prm
[INFO]:[19:20:55] CPLEX results. Gap: 33.980000, upper bound: -15.000000, lower bound: -20.097566
[INFO]:[19:20:55] CPLEX solver finished. Gap: 33.980000
[INFO]:[19:20:55] Starting CPLEX solver on instance: /home/yorig/tuner/mpils-tests/instances/miplib/medium-2/sorrell3.mps with config: /scratch/yorig/mpils-results-grid-seconds-5-no-mip-start/medium-2/24proc/seed-2/6_sorrell3_seed-2_20260502_191945/iterated_local_search/run_1_worker_6/ils_config_9511781839039334955.prm
[INFO]:[19:20:55] Starting CPLEX solver on instance: /home/yorig/tuner/mpils-tests/instances/miplib/medium-2/sorrell3.mps with config: /scratch/yorig/mpils-results-grid-seconds-5-no-mip-start/medium-2/24proc/seed-2/6_sorrell3_seed-2_20260502_191945/iterated_local_search/run_1_worker_6/ils_config_9511781839039334955.prm
[INFO]:[19:21:00] CPLEX results. Gap: 33.980000, upper bound: -15.000000, lower bound: -20.097566
[INFO]:[19:21:00] CPLEX solver finished. Gap: 33.980000
[INFO]:[19:21:00] Starting CPLEX solver on instance: /home/yorig/tuner/mpils-tests/instances/miplib/medium-2/sorrell3.mps with config: /scratch/yorig/mpils-results-grid-seconds-5-no-mip-start/medium-2/24proc/seed-2/6_sorrell3_seed-2_20260502_191945/iterated_local_search/run_1_worker_6/ils_config_17057160718448840683.prm
[INFO]:[19:21:00] Starting CPLEX solver on instance: /home/yorig/tuner/mpils-tests/instances/miplib/medium-2/sorrell3.mps with config: /scratch/yorig/mpils-results-grid-seconds-5-no-mip-start/medium-2/24proc/seed-2/6_sorrell3_seed-2_20260502_191945/iterated_local_search/run_1_worker_6/ils_config_17057160718448840683.prm
[INFO]:[19:21:05] CPLEX results. Gap: 33.980000, upper bound: -15.000000, lower bound: -20.097566
[INFO]:[19:21:05] CPLEX solver finished. Gap: 33.980000
[INFO]:[19:21:05] Starting CPLEX solver on instance: /home/yorig/tuner/mpils-tests/instances/miplib/medium-2/sorrell3.mps with config: /scratch/yorig/mpils-results-grid-seconds-5-no-mip-start/medium-2/24proc/seed-2/6_sorrell3_seed-2_20260502_191945/iterated_local_search/run_1_worker_6/ils_config_7646324752118332684.prm
[INFO]:[19:21:05] Starting CPLEX solver on instance: /home/yorig/tuner/mpils-tests/instances/miplib/medium-2/sorrell3.mps with config: /scratch/yorig/mpils-results-grid-seconds-5-no-mip-start/medium-2/24proc/seed-2/6_sorrell3_seed-2_20260502_191945/iterated_local_search/run_1_worker_6/ils_config_7646324752118332684.prm
[INFO]:[19:21:11] CPLEX results. Gap: 33.980000, upper bound: -15.000000, lower bound: -20.097566
[INFO]:[19:21:11] CPLEX solver finished. Gap: 33.980000
[INFO]:[19:21:11] Starting CPLEX solver on instance: /home/yorig/tuner/mpils-tests/instances/miplib/medium-2/sorrell3.mps with config: /scratch/yorig/mpils-results-grid-seconds-5-no-mip-start/medium-2/24proc/seed-2/6_sorrell3_seed-2_20260502_191945/iterated_local_search/run_1_worker_6/ils_config_9713871754950242927.prm
[INFO]:[19:21:11] Starting CPLEX solver on instance: /home/yorig/tuner/mpils-tests/instances/miplib/medium-2/sorrell3.mps with config: /scratch/yorig/mpils-results-grid-seconds-5-no-mip-start/medium-2/24proc/seed-2/6_sorrell3_seed-2_20260502_191945/iterated_local_search/run_1_worker_6/ils_config_9713871754950242927.prm
[INFO]:[19:21:16] CPLEX results. Gap: 33.980000, upper bound: -15.000000, lower bound: -20.097566
[INFO]:[19:21:16] CPLEX solver finished. Gap: 33.980000
[INFO]:[19:21:16] Starting CPLEX solver on instance: /home/yorig/tuner/mpils-tests/instances/miplib/medium-2/sorrell3.mps with config: /scratch/yorig/mpils-results-grid-seconds-5-no-mip-start/medium-2/24proc/seed-2/6_sorrell3_seed-2_20260502_191945/iterated_local_search/run_1_worker_6/ils_config_17786310574528835582.prm
[INFO]:[19:21:16] Starting CPLEX solver on instance: /home/yorig/tuner/mpils-tests/instances/miplib/medium-2/sorrell3.mps with config: /scratch/yorig/mpils-results-grid-seconds-5-no-mip-start/medium-2/24proc/seed-2/6_sorrell3_seed-2_20260502_191945/iterated_local_search/run_1_worker_6/ils_config_17786310574528835582.prm
[INFO]:[19:21:21] CPLEX results. Gap: 33.980000, upper bound: -15.000000, lower bound: -20.097566
[INFO]:[19:21:21] CPLEX solver finished. Gap: 33.980000
[INFO]:[19:21:21] Starting CPLEX solver on instance: /home/yorig/tuner/mpils-tests/instances/miplib/medium-2/sorrell3.mps with config: /scratch/yorig/mpils-results-grid-seconds-5-no-mip-start/medium-2/24proc/seed-2/6_sorrell3_seed-2_20260502_191945/iterated_local_search/run_1_worker_6/ils_config_16750072593087372462.prm
[INFO]:[19:21:21] Starting CPLEX solver on instance: /home/yorig/tuner/mpils-tests/instances/miplib/medium-2/sorrell3.mps with config: /scratch/yorig/mpils-results-grid-seconds-5-no-mip-start/medium-2/24proc/seed-2/6_sorrell3_seed-2_20260502_191945/iterated_local_search/run_1_worker_6/ils_config_16750072593087372462.prm
[INFO]:[19:21:26] CPLEX results. Gap: 33.980000, upper bound: -15.000000, lower bound: -20.097566
[INFO]:[19:21:26] CPLEX solver finished. Gap: 33.980000
[INFO]:[19:21:26] Starting CPLEX solver on instance: /home/yorig/tuner/mpils-tests/instances/miplib/medium-2/sorrell3.mps with config: /scratch/yorig/mpils-results-grid-seconds-5-no-mip-start/medium-2/24proc/seed-2/6_sorrell3_seed-2_20260502_191945/iterated_local_search/run_1_worker_6/ils_config_11215648525053743298.prm
[INFO]:[19:21:26] Starting CPLEX solver on instance: /home/yorig/tuner/mpils-tests/instances/miplib/medium-2/sorrell3.mps with config: /scratch/yorig/mpils-results-grid-seconds-5-no-mip-start/medium-2/24proc/seed-2/6_sorrell3_seed-2_20260502_191945/iterated_local_search/run_1_worker_6/ils_config_11215648525053743298.prm
[INFO]:[19:21:32] CPLEX results. Gap: 33.980000, upper bound: -15.000000, lower bound: -20.097566
[INFO]:[19:21:32] CPLEX solver finished. Gap: 33.980000
[INFO]:[19:21:32] Local search phase completed.
[INFO]:[19:21:32] Total number of new local-search evaluations: 20
[INFO]:[19:21:32] Final incumbent objective value: 33.98
[INFO]:[19:21:32] Worker 6 completed exploration phase.
[INFO]:[19:21:32] Worker 6 received order for step 2.
[INFO]:[19:21:32] Worker 6 running expansion phase for iteration 1.
[INFO]:[19:21:32] Worker 6 will use solver log file: /scratch/yorig/mpils-results-grid-seconds-5-no-mip-start/medium-2/24proc/seed-2/6_sorrell3_seed-2_20260502_191945/solver/cplex.log_iteration_expansion_1_worker_6
[INFO]:[19:21:32] Expansion Worker 6 starting expansion for iteration 1.
[INFO]:[19:21:32] Starting CPLEX solver on instance: /home/yorig/tuner/mpils-tests/instances/miplib/medium-2/sorrell3.mps with config: /scratch/yorig/mpils-results-grid-seconds-5-no-mip-start/medium-2/24proc/seed-2/6_sorrell3_seed-2_20260502_191945/expansion/config_param_CPXPARAM_MIP_Strategy_Dive_3_iter_1.prm
[INFO]:[19:21:37] CPLEX results. Gap: 33.980000, upper bound: -15.000000, lower bound: -20.097566
[INFO]:[19:21:37] CPLEX solver finished. Gap: 33.980000
[INFO]:[19:21:37] Starting CPLEX solver on instance: /home/yorig/tuner/mpils-tests/instances/miplib/medium-2/sorrell3.mps with config: /scratch/yorig/mpils-results-grid-seconds-5-no-mip-start/medium-2/24proc/seed-2/6_sorrell3_seed-2_20260502_191945/expansion/config_param_CPXPARAM_MIP_Limits_ProbeTime_0_iter_1.prm
[INFO]:[19:21:42] CPLEX results. Gap: 33.980000, upper bound: -15.000000, lower bound: -20.097566
[INFO]:[19:21:42] CPLEX solver finished. Gap: 33.980000
[INFO]:[19:21:47] Expansion Worker 6 stopping early after global MPI expansion stop was activated.
[INFO]:[19:21:47] Expansion Worker 6 completed expansion.
[INFO]:[19:21:48] Worker 6 completed expansion phase.
[INFO]:[19:21:48] Worker 6 received order for step 1.
[INFO]:[19:21:48] Worker 6 running exploration phase for iteration 2.
[INFO]:[19:21:48] Worker 6 at iteration 2 will not use a MIP start file. Current best MIP-start upper bound threshold is 1.79769e+308.
[INFO]:[19:21:48] Starting local search phase...
[INFO]:[19:21:48] Creating local search space from parameter space file: /scratch/yorig/mpils-results-grid-seconds-5-no-mip-start/medium-2/24proc/seed-2/6_sorrell3_seed-2_20260502_191945/iterated_local_search/search_space/search_space_file_2_worker_6.txt
[INFO]:[19:21:48] Local search space loaded from file: /scratch/yorig/mpils-results-grid-seconds-5-no-mip-start/medium-2/24proc/seed-2/6_sorrell3_seed-2_20260502_191945/iterated_local_search/search_space/search_space_file_2_worker_6.txt
[INFO]:[19:21:48] Number of parameters in local search space: 71
[INFO]:[19:21:48] Number of forbidden tuples in local search space: 25
[INFO]:[19:21:48] Number of conditionals in local search space: 6
[INFO]:[19:21:48] MIP start option not enabled. Local search will proceed without MIP start.
[INFO]:[19:21:48] Evaluating initial configuration for local search phase...
[INFO]:[19:21:48] Starting CPLEX solver on instance: /home/yorig/tuner/mpils-tests/instances/miplib/medium-2/sorrell3.mps with config: /scratch/yorig/mpils-results-grid-seconds-5-no-mip-start/medium-2/24proc/seed-2/6_sorrell3_seed-2_20260502_191945/iterated_local_search/run_2_worker_6/ils_config_3847717461731459213.prm
[INFO]:[19:21:48] Starting CPLEX solver on instance: /home/yorig/tuner/mpils-tests/instances/miplib/medium-2/sorrell3.mps with config: /scratch/yorig/mpils-results-grid-seconds-5-no-mip-start/medium-2/24proc/seed-2/6_sorrell3_seed-2_20260502_191945/iterated_local_search/run_2_worker_6/ils_config_3847717461731459213.prm
[INFO]:[19:21:53] CPLEX results. Gap: 36.560000, upper bound: -15.000000, lower bound: -20.483874
[INFO]:[19:21:53] CPLEX solver finished. Gap: 36.560000
[INFO]:[19:21:53] Initial configuration evaluated with objective value: 36.56
[INFO]:[19:21:53] Starting CPLEX solver on instance: /home/yorig/tuner/mpils-tests/instances/miplib/medium-2/sorrell3.mps with config: /scratch/yorig/mpils-results-grid-seconds-5-no-mip-start/medium-2/24proc/seed-2/6_sorrell3_seed-2_20260502_191945/iterated_local_search/run_2_worker_6/ils_config_8717190184937895725.prm
[INFO]:[19:21:53] Starting CPLEX solver on instance: /home/yorig/tuner/mpils-tests/instances/miplib/medium-2/sorrell3.mps with config: /scratch/yorig/mpils-results-grid-seconds-5-no-mip-start/medium-2/24proc/seed-2/6_sorrell3_seed-2_20260502_191945/iterated_local_search/run_2_worker_6/ils_config_8717190184937895725.prm
[INFO]:[19:21:58] CPLEX results. Gap: 42.790000, upper bound: -15.000000, lower bound: -21.418937
[INFO]:[19:21:58] CPLEX solver finished. Gap: 42.790000
[INFO]:[19:21:58] Starting CPLEX solver on instance: /home/yorig/tuner/mpils-tests/instances/miplib/medium-2/sorrell3.mps with config: /scratch/yorig/mpils-results-grid-seconds-5-no-mip-start/medium-2/24proc/seed-2/6_sorrell3_seed-2_20260502_191945/iterated_local_search/run_2_worker_6/ils_config_15640001530666093871.prm
[INFO]:[19:21:58] Starting CPLEX solver on instance: /home/yorig/tuner/mpils-tests/instances/miplib/medium-2/sorrell3.mps with config: /scratch/yorig/mpils-results-grid-seconds-5-no-mip-start/medium-2/24proc/seed-2/6_sorrell3_seed-2_20260502_191945/iterated_local_search/run_2_worker_6/ils_config_15640001530666093871.prm
[INFO]:[19:22:03] CPLEX results. Gap: 42.800000, upper bound: -15.000000, lower bound: -21.420554
[INFO]:[19:22:03] CPLEX solver finished. Gap: 42.800000
[INFO]:[19:22:03] Starting CPLEX solver on instance: /home/yorig/tuner/mpils-tests/instances/miplib/medium-2/sorrell3.mps with config: /scratch/yorig/mpils-results-grid-seconds-5-no-mip-start/medium-2/24proc/seed-2/6_sorrell3_seed-2_20260502_191945/iterated_local_search/run_2_worker_6/ils_config_2820794576917231479.prm
[INFO]:[19:22:03] Starting CPLEX solver on instance: /home/yorig/tuner/mpils-tests/instances/miplib/medium-2/sorrell3.mps with config: /scratch/yorig/mpils-results-grid-seconds-5-no-mip-start/medium-2/24proc/seed-2/6_sorrell3_seed-2_20260502_191945/iterated_local_search/run_2_worker_6/ils_config_2820794576917231479.prm
[INFO]:[19:22:09] CPLEX results. Gap: 36.560000, upper bound: -15.000000, lower bound: -20.483874
[INFO]:[19:22:09] CPLEX solver finished. Gap: 36.560000
[INFO]:[19:22:09] Starting CPLEX solver on instance: /home/yorig/tuner/mpils-tests/instances/miplib/medium-2/sorrell3.mps with config: /scratch/yorig/mpils-results-grid-seconds-5-no-mip-start/medium-2/24proc/seed-2/6_sorrell3_seed-2_20260502_191945/iterated_local_search/run_2_worker_6/ils_config_15781538725906758876.prm
[INFO]:[19:22:09] Starting CPLEX solver on instance: /home/yorig/tuner/mpils-tests/instances/miplib/medium-2/sorrell3.mps with config: /scratch/yorig/mpils-results-grid-seconds-5-no-mip-start/medium-2/24proc/seed-2/6_sorrell3_seed-2_20260502_191945/iterated_local_search/run_2_worker_6/ils_config_15781538725906758876.prm
[INFO]:[19:22:14] CPLEX results. Gap: 36.560000, upper bound: -15.000000, lower bound: -20.483874
[INFO]:[19:22:14] CPLEX solver finished. Gap: 36.560000
[INFO]:[19:22:14] Starting CPLEX solver on instance: /home/yorig/tuner/mpils-tests/instances/miplib/medium-2/sorrell3.mps with config: /scratch/yorig/mpils-results-grid-seconds-5-no-mip-start/medium-2/24proc/seed-2/6_sorrell3_seed-2_20260502_191945/iterated_local_search/run_2_worker_6/ils_config_10893101671206304517.prm
[INFO]:[19:22:14] Starting CPLEX solver on instance: /home/yorig/tuner/mpils-tests/instances/miplib/medium-2/sorrell3.mps with config: /scratch/yorig/mpils-results-grid-seconds-5-no-mip-start/medium-2/24proc/seed-2/6_sorrell3_seed-2_20260502_191945/iterated_local_search/run_2_worker_6/ils_config_10893101671206304517.prm
[INFO]:[19:22:19] CPLEX results. Gap: 36.560000, upper bound: -15.000000, lower bound: -20.483874
[INFO]:[19:22:19] CPLEX solver finished. Gap: 36.560000
[INFO]:[19:22:19] Local search phase completed.
[INFO]:[19:22:19] Total number of new local-search evaluations: 6
[INFO]:[19:22:19] Final incumbent objective value: 36.56
[INFO]:[19:22:19] Worker 6 completed exploration phase.
[INFO]:[19:22:19] Worker 6 received order for step 2.
[INFO]:[19:22:19] Worker 6 running expansion phase for iteration 2.
[INFO]:[19:22:19] Worker 6 will use solver log file: /scratch/yorig/mpils-results-grid-seconds-5-no-mip-start/medium-2/24proc/seed-2/6_sorrell3_seed-2_20260502_191945/solver/cplex.log_iteration_expansion_2_worker_6
[INFO]:[19:22:19] Expansion Worker 6 starting expansion for iteration 2.
[INFO]:[19:22:19] Starting CPLEX solver on instance: /home/yorig/tuner/mpils-tests/instances/miplib/medium-2/sorrell3.mps with config: /scratch/yorig/mpils-results-grid-seconds-5-no-mip-start/medium-2/24proc/seed-2/6_sorrell3_seed-2_20260502_191945/expansion/config_param_CPXPARAM_Preprocessing_Dual_-1_iter_2.prm
[INFO]:[19:22:25] CPLEX results. Gap: 33.720000, upper bound: -15.000000, lower bound: -20.058350
[INFO]:[19:22:25] CPLEX solver finished. Gap: 33.720000
[INFO]:[19:22:25] Expansion Worker 6 stopping early after global MPI expansion stop was activated.
[INFO]:[19:22:25] Expansion Worker 6 completed expansion.
[INFO]:[19:22:25] Worker 6 completed expansion phase.
[INFO]:[19:22:25] Worker 6 received order for step 1.
[INFO]:[19:22:25] Worker 6 running exploration phase for iteration 3.
[INFO]:[19:22:25] Worker 6 at iteration 3 will not use a MIP start file. Current best MIP-start upper bound threshold is 1.79769e+308.
[INFO]:[19:22:25] Starting local search phase...
[INFO]:[19:22:25] Creating local search space from parameter space file: /scratch/yorig/mpils-results-grid-seconds-5-no-mip-start/medium-2/24proc/seed-2/6_sorrell3_seed-2_20260502_191945/iterated_local_search/search_space/search_space_file_3_worker_6.txt
[INFO]:[19:22:25] Local search space loaded from file: /scratch/yorig/mpils-results-grid-seconds-5-no-mip-start/medium-2/24proc/seed-2/6_sorrell3_seed-2_20260502_191945/iterated_local_search/search_space/search_space_file_3_worker_6.txt
[INFO]:[19:22:25] Number of parameters in local search space: 71
[INFO]:[19:22:25] Number of forbidden tuples in local search space: 46
[INFO]:[19:22:25] Number of conditionals in local search space: 6
[INFO]:[19:22:25] MIP start option not enabled. Local search will proceed without MIP start.
[INFO]:[19:22:25] Evaluating initial configuration for local search phase...
[INFO]:[19:22:25] Starting CPLEX solver on instance: /home/yorig/tuner/mpils-tests/instances/miplib/medium-2/sorrell3.mps with config: /scratch/yorig/mpils-results-grid-seconds-5-no-mip-start/medium-2/24proc/seed-2/6_sorrell3_seed-2_20260502_191945/iterated_local_search/run_3_worker_6/ils_config_5237724003731006646.prm
[INFO]:[19:22:25] Starting CPLEX solver on instance: /home/yorig/tuner/mpils-tests/instances/miplib/medium-2/sorrell3.mps with config: /scratch/yorig/mpils-results-grid-seconds-5-no-mip-start/medium-2/24proc/seed-2/6_sorrell3_seed-2_20260502_191945/iterated_local_search/run_3_worker_6/ils_config_5237724003731006646.prm
[INFO]:[19:22:30] CPLEX results. Gap: 64.910000, upper bound: -13.000000, lower bound: -21.438064
[INFO]:[19:22:30] CPLEX solver finished. Gap: 64.910000
[INFO]:[19:22:30] Initial configuration evaluated with objective value: 64.91
[INFO]:[19:22:30] Starting CPLEX solver on instance: /home/yorig/tuner/mpils-tests/instances/miplib/medium-2/sorrell3.mps with config: /scratch/yorig/mpils-results-grid-seconds-5-no-mip-start/medium-2/24proc/seed-2/6_sorrell3_seed-2_20260502_191945/iterated_local_search/run_3_worker_6/ils_config_1660919344909660016.prm
[INFO]:[19:22:30] Starting CPLEX solver on instance: /home/yorig/tuner/mpils-tests/instances/miplib/medium-2/sorrell3.mps with config: /scratch/yorig/mpils-results-grid-seconds-5-no-mip-start/medium-2/24proc/seed-2/6_sorrell3_seed-2_20260502_191945/iterated_local_search/run_3_worker_6/ils_config_1660919344909660016.prm
[INFO]:[19:22:35] CPLEX results. Gap: 64.910000, upper bound: -13.000000, lower bound: -21.438064
[INFO]:[19:22:35] CPLEX solver finished. Gap: 64.910000
[INFO]:[19:22:35] Starting CPLEX solver on instance: /home/yorig/tuner/mpils-tests/instances/miplib/medium-2/sorrell3.mps with config: /scratch/yorig/mpils-results-grid-seconds-5-no-mip-start/medium-2/24proc/seed-2/6_sorrell3_seed-2_20260502_191945/iterated_local_search/run_3_worker_6/ils_config_2615585336808209194.prm
[INFO]:[19:22:35] Starting CPLEX solver on instance: /home/yorig/tuner/mpils-tests/instances/miplib/medium-2/sorrell3.mps with config: /scratch/yorig/mpils-results-grid-seconds-5-no-mip-start/medium-2/24proc/seed-2/6_sorrell3_seed-2_20260502_191945/iterated_local_search/run_3_worker_6/ils_config_2615585336808209194.prm
[INFO]:[19:22:41] CPLEX results. Gap: 64.770000, upper bound: -13.000000, lower bound: -21.420554
[INFO]:[19:22:41] CPLEX solver finished. Gap: 64.770000
[INFO]:[19:22:41] New incumbent found with objective value: 64.77
[INFO]:[19:22:41] Starting CPLEX solver on instance: /home/yorig/tuner/mpils-tests/instances/miplib/medium-2/sorrell3.mps with config: /scratch/yorig/mpils-results-grid-seconds-5-no-mip-start/medium-2/24proc/seed-2/6_sorrell3_seed-2_20260502_191945/iterated_local_search/run_3_worker_6/ils_config_9847700764142580698.prm
[INFO]:[19:22:41] Starting CPLEX solver on instance: /home/yorig/tuner/mpils-tests/instances/miplib/medium-2/sorrell3.mps with config: /scratch/yorig/mpils-results-grid-seconds-5-no-mip-start/medium-2/24proc/seed-2/6_sorrell3_seed-2_20260502_191945/iterated_local_search/run_3_worker_6/ils_config_9847700764142580698.prm
[INFO]:[19:22:46] CPLEX results. Gap: 64.770000, upper bound: -13.000000, lower bound: -21.420554
[INFO]:[19:22:46] CPLEX solver finished. Gap: 64.770000
[INFO]:[19:22:46] Starting CPLEX solver on instance: /home/yorig/tuner/mpils-tests/instances/miplib/medium-2/sorrell3.mps with config: /scratch/yorig/mpils-results-grid-seconds-5-no-mip-start/medium-2/24proc/seed-2/6_sorrell3_seed-2_20260502_191945/iterated_local_search/run_3_worker_6/ils_config_5641527313287136534.prm
[INFO]:[19:22:46] Starting CPLEX solver on instance: /home/yorig/tuner/mpils-tests/instances/miplib/medium-2/sorrell3.mps with config: /scratch/yorig/mpils-results-grid-seconds-5-no-mip-start/medium-2/24proc/seed-2/6_sorrell3_seed-2_20260502_191945/iterated_local_search/run_3_worker_6/ils_config_5641527313287136534.prm
[INFO]:[19:22:51] CPLEX results. Gap: 53.000000, upper bound: -14.000000, lower bound: -21.420554
[INFO]:[19:22:51] CPLEX solver finished. Gap: 53.000000
[INFO]:[19:22:51] New incumbent found with objective value: 53
[INFO]:[19:22:51] Starting CPLEX solver on instance: /home/yorig/tuner/mpils-tests/instances/miplib/medium-2/sorrell3.mps with config: /scratch/yorig/mpils-results-grid-seconds-5-no-mip-start/medium-2/24proc/seed-2/6_sorrell3_seed-2_20260502_191945/iterated_local_search/run_3_worker_6/ils_config_17282967032621570935.prm
[INFO]:[19:22:51] Starting CPLEX solver on instance: /home/yorig/tuner/mpils-tests/instances/miplib/medium-2/sorrell3.mps with config: /scratch/yorig/mpils-results-grid-seconds-5-no-mip-start/medium-2/24proc/seed-2/6_sorrell3_seed-2_20260502_191945/iterated_local_search/run_3_worker_6/ils_config_17282967032621570935.prm
[INFO]:[19:22:57] CPLEX results. Gap: 53.000000, upper bound: -14.000000, lower bound: -21.420554
[INFO]:[19:22:57] CPLEX solver finished. Gap: 53.000000
[INFO]:[19:22:57] Starting CPLEX solver on instance: /home/yorig/tuner/mpils-tests/instances/miplib/medium-2/sorrell3.mps with config: /scratch/yorig/mpils-results-grid-seconds-5-no-mip-start/medium-2/24proc/seed-2/6_sorrell3_seed-2_20260502_191945/iterated_local_search/run_3_worker_6/ils_config_18334451117307703599.prm
[INFO]:[19:22:57] Starting CPLEX solver on instance: /home/yorig/tuner/mpils-tests/instances/miplib/medium-2/sorrell3.mps with config: /scratch/yorig/mpils-results-grid-seconds-5-no-mip-start/medium-2/24proc/seed-2/6_sorrell3_seed-2_20260502_191945/iterated_local_search/run_3_worker_6/ils_config_18334451117307703599.prm
[INFO]:[19:23:02] CPLEX results. Gap: 53.000000, upper bound: -14.000000, lower bound: -21.420554
[INFO]:[19:23:02] CPLEX solver finished. Gap: 53.000000
[INFO]:[19:23:02] Starting CPLEX solver on instance: /home/yorig/tuner/mpils-tests/instances/miplib/medium-2/sorrell3.mps with config: /scratch/yorig/mpils-results-grid-seconds-5-no-mip-start/medium-2/24proc/seed-2/6_sorrell3_seed-2_20260502_191945/iterated_local_search/run_3_worker_6/ils_config_9729458152892937295.prm
[INFO]:[19:23:02] Starting CPLEX solver on instance: /home/yorig/tuner/mpils-tests/instances/miplib/medium-2/sorrell3.mps with config: /scratch/yorig/mpils-results-grid-seconds-5-no-mip-start/medium-2/24proc/seed-2/6_sorrell3_seed-2_20260502_191945/iterated_local_search/run_3_worker_6/ils_config_9729458152892937295.prm
[INFO]:[19:23:07] CPLEX results. Gap: 53.000000, upper bound: -14.000000, lower bound: -21.420554
[INFO]:[19:23:07] CPLEX solver finished. Gap: 53.000000
[INFO]:[19:23:07] Starting CPLEX solver on instance: /home/yorig/tuner/mpils-tests/instances/miplib/medium-2/sorrell3.mps with config: /scratch/yorig/mpils-results-grid-seconds-5-no-mip-start/medium-2/24proc/seed-2/6_sorrell3_seed-2_20260502_191945/iterated_local_search/run_3_worker_6/ils_config_5824729349469913667.prm
[INFO]:[19:23:07] Starting CPLEX solver on instance: /home/yorig/tuner/mpils-tests/instances/miplib/medium-2/sorrell3.mps with config: /scratch/yorig/mpils-results-grid-seconds-5-no-mip-start/medium-2/24proc/seed-2/6_sorrell3_seed-2_20260502_191945/iterated_local_search/run_3_worker_6/ils_config_5824729349469913667.prm
[INFO]:[19:23:12] CPLEX results. Gap: 64.770000, upper bound: -13.000000, lower bound: -21.420554
[INFO]:[19:23:12] CPLEX solver finished. Gap: 64.770000
[INFO]:[19:23:12] Starting CPLEX solver on instance: /home/yorig/tuner/mpils-tests/instances/miplib/medium-2/sorrell3.mps with config: /scratch/yorig/mpils-results-grid-seconds-5-no-mip-start/medium-2/24proc/seed-2/6_sorrell3_seed-2_20260502_191945/iterated_local_search/run_3_worker_6/ils_config_6436861910678262985.prm
[INFO]:[19:23:12] Starting CPLEX solver on instance: /home/yorig/tuner/mpils-tests/instances/miplib/medium-2/sorrell3.mps with config: /scratch/yorig/mpils-results-grid-seconds-5-no-mip-start/medium-2/24proc/seed-2/6_sorrell3_seed-2_20260502_191945/iterated_local_search/run_3_worker_6/ils_config_6436861910678262985.prm
[INFO]:[19:23:18] CPLEX results. Gap: 53.000000, upper bound: -14.000000, lower bound: -21.420554
[INFO]:[19:23:18] CPLEX solver finished. Gap: 53.000000
[INFO]:[19:23:18] Local search phase completed.
[INFO]:[19:23:18] Total number of new local-search evaluations: 10
[INFO]:[19:23:18] Final incumbent objective value: 53
[INFO]:[19:23:18] Worker 6 completed exploration phase.
[INFO]:[19:23:18] Worker 6 received order for step 2.
[INFO]:[19:23:18] Worker 6 running expansion phase for iteration 3.
[INFO]:[19:23:18] Worker 6 will use solver log file: /scratch/yorig/mpils-results-grid-seconds-5-no-mip-start/medium-2/24proc/seed-2/6_sorrell3_seed-2_20260502_191945/solver/cplex.log_iteration_expansion_3_worker_6
[INFO]:[19:23:18] Expansion Worker 6 starting expansion for iteration 3.
[INFO]:[19:23:18] Starting CPLEX solver on instance: /home/yorig/tuner/mpils-tests/instances/miplib/medium-2/sorrell3.mps with config: /scratch/yorig/mpils-results-grid-seconds-5-no-mip-start/medium-2/24proc/seed-2/6_sorrell3_seed-2_20260502_191945/expansion/config_param_CPXPARAM_MIP_Limits_AggForCut_10_iter_3.prm
[INFO]:[19:23:23] CPLEX results. Gap: 33.390000, upper bound: -15.000000, lower bound: -20.009171
[INFO]:[19:23:23] CPLEX solver finished. Gap: 33.390000
[INFO]:[19:23:23] Expansion Worker 6 stopping early after global MPI expansion stop was activated.
[INFO]:[19:23:23] Expansion Worker 6 completed expansion.
[INFO]:[19:23:23] Worker 6 completed expansion phase.
[INFO]:[19:23:23] Worker 6 received order for step 1.
[INFO]:[19:23:23] Worker 6 running exploration phase for iteration 4.
[INFO]:[19:23:23] Worker 6 at iteration 4 will not use a MIP start file. Current best MIP-start upper bound threshold is 1.79769e+308.
[INFO]:[19:23:23] Starting local search phase...
[INFO]:[19:23:23] Creating local search space from parameter space file: /scratch/yorig/mpils-results-grid-seconds-5-no-mip-start/medium-2/24proc/seed-2/6_sorrell3_seed-2_20260502_191945/iterated_local_search/search_space/search_space_file_4_worker_6.txt
[INFO]:[19:23:23] Local search space loaded from file: /scratch/yorig/mpils-results-grid-seconds-5-no-mip-start/medium-2/24proc/seed-2/6_sorrell3_seed-2_20260502_191945/iterated_local_search/search_space/search_space_file_4_worker_6.txt
[INFO]:[19:23:23] Number of parameters in local search space: 71
[INFO]:[19:23:23] Number of forbidden tuples in local search space: 54
[INFO]:[19:23:23] Number of conditionals in local search space: 6
[INFO]:[19:23:23] MIP start option not enabled. Local search will proceed without MIP start.
[INFO]:[19:23:23] Evaluating initial configuration for local search phase...
[INFO]:[19:23:23] Starting CPLEX solver on instance: /home/yorig/tuner/mpils-tests/instances/miplib/medium-2/sorrell3.mps with config: /scratch/yorig/mpils-results-grid-seconds-5-no-mip-start/medium-2/24proc/seed-2/6_sorrell3_seed-2_20260502_191945/iterated_local_search/run_4_worker_6/ils_config_3634845726636906452.prm
[INFO]:[19:23:23] Starting CPLEX solver on instance: /home/yorig/tuner/mpils-tests/instances/miplib/medium-2/sorrell3.mps with config: /scratch/yorig/mpils-results-grid-seconds-5-no-mip-start/medium-2/24proc/seed-2/6_sorrell3_seed-2_20260502_191945/iterated_local_search/run_4_worker_6/ils_config_3634845726636906452.prm
[INFO]:[19:23:29] CPLEX results. Gap: 36.560000, upper bound: -15.000000, lower bound: -20.483874
[INFO]:[19:23:29] CPLEX solver finished. Gap: 36.560000
[INFO]:[19:23:29] Initial configuration evaluated with objective value: 36.56
[INFO]:[19:23:29] Starting CPLEX solver on instance: /home/yorig/tuner/mpils-tests/instances/miplib/medium-2/sorrell3.mps with config: /scratch/yorig/mpils-results-grid-seconds-5-no-mip-start/medium-2/24proc/seed-2/6_sorrell3_seed-2_20260502_191945/iterated_local_search/run_4_worker_6/ils_config_16710091252647318077.prm
[INFO]:[19:23:29] Starting CPLEX solver on instance: /home/yorig/tuner/mpils-tests/instances/miplib/medium-2/sorrell3.mps with config: /scratch/yorig/mpils-results-grid-seconds-5-no-mip-start/medium-2/24proc/seed-2/6_sorrell3_seed-2_20260502_191945/iterated_local_search/run_4_worker_6/ils_config_16710091252647318077.prm
[INFO]:[19:23:34] CPLEX results. Gap: 42.770000, upper bound: -15.000000, lower bound: -21.415712
[INFO]:[19:23:34] CPLEX solver finished. Gap: 42.770000
[INFO]:[19:23:34] Starting CPLEX solver on instance: /home/yorig/tuner/mpils-tests/instances/miplib/medium-2/sorrell3.mps with config: /scratch/yorig/mpils-results-grid-seconds-5-no-mip-start/medium-2/24proc/seed-2/6_sorrell3_seed-2_20260502_191945/iterated_local_search/run_4_worker_6/ils_config_8337642403065957108.prm
[INFO]:[19:23:34] Starting CPLEX solver on instance: /home/yorig/tuner/mpils-tests/instances/miplib/medium-2/sorrell3.mps with config: /scratch/yorig/mpils-results-grid-seconds-5-no-mip-start/medium-2/24proc/seed-2/6_sorrell3_seed-2_20260502_191945/iterated_local_search/run_4_worker_6/ils_config_8337642403065957108.prm
[INFO]:[19:23:39] CPLEX results. Gap: 60.000000, upper bound: -13.000000, lower bound: -20.800598
[INFO]:[19:23:39] CPLEX solver finished. Gap: 60.000000
[INFO]:[19:23:39] Starting CPLEX solver on instance: /home/yorig/tuner/mpils-tests/instances/miplib/medium-2/sorrell3.mps with config: /scratch/yorig/mpils-results-grid-seconds-5-no-mip-start/medium-2/24proc/seed-2/6_sorrell3_seed-2_20260502_191945/iterated_local_search/run_4_worker_6/ils_config_3750490990515273772.prm
[INFO]:[19:23:39] Starting CPLEX solver on instance: /home/yorig/tuner/mpils-tests/instances/miplib/medium-2/sorrell3.mps with config: /scratch/yorig/mpils-results-grid-seconds-5-no-mip-start/medium-2/24proc/seed-2/6_sorrell3_seed-2_20260502_191945/iterated_local_search/run_4_worker_6/ils_config_3750490990515273772.prm
[INFO]:[19:23:44] CPLEX results. Gap: 36.560000, upper bound: -15.000000, lower bound: -20.483874
[INFO]:[19:23:44] CPLEX solver finished. Gap: 36.560000
[INFO]:[19:23:44] Starting CPLEX solver on instance: /home/yorig/tuner/mpils-tests/instances/miplib/medium-2/sorrell3.mps with config: /scratch/yorig/mpils-results-grid-seconds-5-no-mip-start/medium-2/24proc/seed-2/6_sorrell3_seed-2_20260502_191945/iterated_local_search/run_4_worker_6/ils_config_12184095933159378949.prm
[INFO]:[19:23:44] Starting CPLEX solver on instance: /home/yorig/tuner/mpils-tests/instances/miplib/medium-2/sorrell3.mps with config: /scratch/yorig/mpils-results-grid-seconds-5-no-mip-start/medium-2/24proc/seed-2/6_sorrell3_seed-2_20260502_191945/iterated_local_search/run_4_worker_6/ils_config_12184095933159378949.prm
[INFO]:[19:23:50] CPLEX results. Gap: 36.560000, upper bound: -15.000000, lower bound: -20.483874
[INFO]:[19:23:50] CPLEX solver finished. Gap: 36.560000
[INFO]:[19:23:50] Starting CPLEX solver on instance: /home/yorig/tuner/mpils-tests/instances/miplib/medium-2/sorrell3.mps with config: /scratch/yorig/mpils-results-grid-seconds-5-no-mip-start/medium-2/24proc/seed-2/6_sorrell3_seed-2_20260502_191945/iterated_local_search/run_4_worker_6/ils_config_15645431336197983117.prm
[INFO]:[19:23:50] Starting CPLEX solver on instance: /home/yorig/tuner/mpils-tests/instances/miplib/medium-2/sorrell3.mps with config: /scratch/yorig/mpils-results-grid-seconds-5-no-mip-start/medium-2/24proc/seed-2/6_sorrell3_seed-2_20260502_191945/iterated_local_search/run_4_worker_6/ils_config_15645431336197983117.prm
[INFO]:[19:23:55] CPLEX results. Gap: 36.560000, upper bound: -15.000000, lower bound: -20.483874
[INFO]:[19:23:55] CPLEX solver finished. Gap: 36.560000
[INFO]:[19:23:55] Starting CPLEX solver on instance: /home/yorig/tuner/mpils-tests/instances/miplib/medium-2/sorrell3.mps with config: /scratch/yorig/mpils-results-grid-seconds-5-no-mip-start/medium-2/24proc/seed-2/6_sorrell3_seed-2_20260502_191945/iterated_local_search/run_4_worker_6/ils_config_5633792267868611541.prm
[INFO]:[19:23:55] Starting CPLEX solver on instance: /home/yorig/tuner/mpils-tests/instances/miplib/medium-2/sorrell3.mps with config: /scratch/yorig/mpils-results-grid-seconds-5-no-mip-start/medium-2/24proc/seed-2/6_sorrell3_seed-2_20260502_191945/iterated_local_search/run_4_worker_6/ils_config_5633792267868611541.prm
[INFO]:[19:24:00] CPLEX results. Gap: 36.560000, upper bound: -15.000000, lower bound: -20.483874
[INFO]:[19:24:00] CPLEX solver finished. Gap: 36.560000
[INFO]:[19:24:00] Starting CPLEX solver on instance: /home/yorig/tuner/mpils-tests/instances/miplib/medium-2/sorrell3.mps with config: /scratch/yorig/mpils-results-grid-seconds-5-no-mip-start/medium-2/24proc/seed-2/6_sorrell3_seed-2_20260502_191945/iterated_local_search/run_4_worker_6/ils_config_6321792316269966625.prm
[INFO]:[19:24:00] Starting CPLEX solver on instance: /home/yorig/tuner/mpils-tests/instances/miplib/medium-2/sorrell3.mps with config: /scratch/yorig/mpils-results-grid-seconds-5-no-mip-start/medium-2/24proc/seed-2/6_sorrell3_seed-2_20260502_191945/iterated_local_search/run_4_worker_6/ils_config_6321792316269966625.prm
[INFO]:[19:24:05] CPLEX results. Gap: 42.430000, upper bound: -15.000000, lower bound: -21.364792
[INFO]:[19:24:05] CPLEX solver finished. Gap: 42.430000
[INFO]:[19:24:05] Starting CPLEX solver on instance: /home/yorig/tuner/mpils-tests/instances/miplib/medium-2/sorrell3.mps with config: /scratch/yorig/mpils-results-grid-seconds-5-no-mip-start/medium-2/24proc/seed-2/6_sorrell3_seed-2_20260502_191945/iterated_local_search/run_4_worker_6/ils_config_8773729373857188014.prm
[INFO]:[19:24:05] Starting CPLEX solver on instance: /home/yorig/tuner/mpils-tests/instances/miplib/medium-2/sorrell3.mps with config: /scratch/yorig/mpils-results-grid-seconds-5-no-mip-start/medium-2/24proc/seed-2/6_sorrell3_seed-2_20260502_191945/iterated_local_search/run_4_worker_6/ils_config_8773729373857188014.prm
[INFO]:[19:24:11] CPLEX results. Gap: 38.410000, upper bound: -15.000000, lower bound: -20.761956
[INFO]:[19:24:11] CPLEX solver finished. Gap: 38.410000
[INFO]:[19:24:11] Starting CPLEX solver on instance: /home/yorig/tuner/mpils-tests/instances/miplib/medium-2/sorrell3.mps with config: /scratch/yorig/mpils-results-grid-seconds-5-no-mip-start/medium-2/24proc/seed-2/6_sorrell3_seed-2_20260502_191945/iterated_local_search/run_4_worker_6/ils_config_10350445358150736410.prm
[INFO]:[19:24:11] Starting CPLEX solver on instance: /home/yorig/tuner/mpils-tests/instances/miplib/medium-2/sorrell3.mps with config: /scratch/yorig/mpils-results-grid-seconds-5-no-mip-start/medium-2/24proc/seed-2/6_sorrell3_seed-2_20260502_191945/iterated_local_search/run_4_worker_6/ils_config_10350445358150736410.prm
[INFO]:[19:24:16] CPLEX results. Gap: 38.670000, upper bound: -15.000000, lower bound: -20.800598
[INFO]:[19:24:16] CPLEX solver finished. Gap: 38.670000
[INFO]:[19:24:16] Starting CPLEX solver on instance: /home/yorig/tuner/mpils-tests/instances/miplib/medium-2/sorrell3.mps with config: /scratch/yorig/mpils-results-grid-seconds-5-no-mip-start/medium-2/24proc/seed-2/6_sorrell3_seed-2_20260502_191945/iterated_local_search/run_4_worker_6/ils_config_12692632411279172918.prm
[INFO]:[19:24:16] Starting CPLEX solver on instance: /home/yorig/tuner/mpils-tests/instances/miplib/medium-2/sorrell3.mps with config: /scratch/yorig/mpils-results-grid-seconds-5-no-mip-start/medium-2/24proc/seed-2/6_sorrell3_seed-2_20260502_191945/iterated_local_search/run_4_worker_6/ils_config_12692632411279172918.prm
[INFO]:[19:24:21] CPLEX results. Gap: 36.560000, upper bound: -15.000000, lower bound: -20.483874
[INFO]:[19:24:21] CPLEX solver finished. Gap: 36.560000
[INFO]:[19:24:21] Starting CPLEX solver on instance: /home/yorig/tuner/mpils-tests/instances/miplib/medium-2/sorrell3.mps with config: /scratch/yorig/mpils-results-grid-seconds-5-no-mip-start/medium-2/24proc/seed-2/6_sorrell3_seed-2_20260502_191945/iterated_local_search/run_4_worker_6/ils_config_8907471341579281802.prm
[INFO]:[19:24:21] Starting CPLEX solver on instance: /home/yorig/tuner/mpils-tests/instances/miplib/medium-2/sorrell3.mps with config: /scratch/yorig/mpils-results-grid-seconds-5-no-mip-start/medium-2/24proc/seed-2/6_sorrell3_seed-2_20260502_191945/iterated_local_search/run_4_worker_6/ils_config_8907471341579281802.prm
[INFO]:[19:24:26] CPLEX results. Gap: 36.560000, upper bound: -15.000000, lower bound: -20.483874
[INFO]:[19:24:26] CPLEX solver finished. Gap: 36.560000
[INFO]:[19:24:26] Starting CPLEX solver on instance: /home/yorig/tuner/mpils-tests/instances/miplib/medium-2/sorrell3.mps with config: /scratch/yorig/mpils-results-grid-seconds-5-no-mip-start/medium-2/24proc/seed-2/6_sorrell3_seed-2_20260502_191945/iterated_local_search/run_4_worker_6/ils_config_1250623809121476813.prm
[INFO]:[19:24:26] Starting CPLEX solver on instance: /home/yorig/tuner/mpils-tests/instances/miplib/medium-2/sorrell3.mps with config: /scratch/yorig/mpils-results-grid-seconds-5-no-mip-start/medium-2/24proc/seed-2/6_sorrell3_seed-2_20260502_191945/iterated_local_search/run_4_worker_6/ils_config_1250623809121476813.prm
[INFO]:[19:24:32] CPLEX results. Gap: 36.560000, upper bound: -15.000000, lower bound: -20.483874
[INFO]:[19:24:32] CPLEX solver finished. Gap: 36.560000
[INFO]:[19:24:32] Starting CPLEX solver on instance: /home/yorig/tuner/mpils-tests/instances/miplib/medium-2/sorrell3.mps with config: /scratch/yorig/mpils-results-grid-seconds-5-no-mip-start/medium-2/24proc/seed-2/6_sorrell3_seed-2_20260502_191945/iterated_local_search/run_4_worker_6/ils_config_3625433057192950659.prm
[INFO]:[19:24:32] Starting CPLEX solver on instance: /home/yorig/tuner/mpils-tests/instances/miplib/medium-2/sorrell3.mps with config: /scratch/yorig/mpils-results-grid-seconds-5-no-mip-start/medium-2/24proc/seed-2/6_sorrell3_seed-2_20260502_191945/iterated_local_search/run_4_worker_6/ils_config_3625433057192950659.prm
[INFO]:[19:24:37] CPLEX results. Gap: 36.560000, upper bound: -15.000000, lower bound: -20.483874
[INFO]:[19:24:37] CPLEX solver finished. Gap: 36.560000
[INFO]:[19:24:37] Starting CPLEX solver on instance: /home/yorig/tuner/mpils-tests/instances/miplib/medium-2/sorrell3.mps with config: /scratch/yorig/mpils-results-grid-seconds-5-no-mip-start/medium-2/24proc/seed-2/6_sorrell3_seed-2_20260502_191945/iterated_local_search/run_4_worker_6/ils_config_776148614153439395.prm
[INFO]:[19:24:37] Starting CPLEX solver on instance: /home/yorig/tuner/mpils-tests/instances/miplib/medium-2/sorrell3.mps with config: /scratch/yorig/mpils-results-grid-seconds-5-no-mip-start/medium-2/24proc/seed-2/6_sorrell3_seed-2_20260502_191945/iterated_local_search/run_4_worker_6/ils_config_776148614153439395.prm
[INFO]:[19:24:42] CPLEX results. Gap: 36.560000, upper bound: -15.000000, lower bound: -20.483874
[INFO]:[19:24:42] CPLEX solver finished. Gap: 36.560000
[INFO]:[19:24:42] Starting CPLEX solver on instance: /home/yorig/tuner/mpils-tests/instances/miplib/medium-2/sorrell3.mps with config: /scratch/yorig/mpils-results-grid-seconds-5-no-mip-start/medium-2/24proc/seed-2/6_sorrell3_seed-2_20260502_191945/iterated_local_search/run_4_worker_6/ils_config_7288606721090848898.prm
[INFO]:[19:24:42] Starting CPLEX solver on instance: /home/yorig/tuner/mpils-tests/instances/miplib/medium-2/sorrell3.mps with config: /scratch/yorig/mpils-results-grid-seconds-5-no-mip-start/medium-2/24proc/seed-2/6_sorrell3_seed-2_20260502_191945/iterated_local_search/run_4_worker_6/ils_config_7288606721090848898.prm
[INFO]:[19:24:47] CPLEX results. Gap: 36.560000, upper bound: -15.000000, lower bound: -20.483874
[INFO]:[19:24:48] CPLEX solver finished. Gap: 36.560000
[INFO]:[19:24:48] Starting CPLEX solver on instance: /home/yorig/tuner/mpils-tests/instances/miplib/medium-2/sorrell3.mps with config: /scratch/yorig/mpils-results-grid-seconds-5-no-mip-start/medium-2/24proc/seed-2/6_sorrell3_seed-2_20260502_191945/iterated_local_search/run_4_worker_6/ils_config_3077264494195789699.prm
[INFO]:[19:24:48] Starting CPLEX solver on instance: /home/yorig/tuner/mpils-tests/instances/miplib/medium-2/sorrell3.mps with config: /scratch/yorig/mpils-results-grid-seconds-5-no-mip-start/medium-2/24proc/seed-2/6_sorrell3_seed-2_20260502_191945/iterated_local_search/run_4_worker_6/ils_config_3077264494195789699.prm
[INFO]:[19:24:53] CPLEX results. Gap: 36.560000, upper bound: -15.000000, lower bound: -20.483874
[INFO]:[19:24:53] CPLEX solver finished. Gap: 36.560000
[INFO]:[19:24:53] Starting CPLEX solver on instance: /home/yorig/tuner/mpils-tests/instances/miplib/medium-2/sorrell3.mps with config: /scratch/yorig/mpils-results-grid-seconds-5-no-mip-start/medium-2/24proc/seed-2/6_sorrell3_seed-2_20260502_191945/iterated_local_search/run_4_worker_6/ils_config_8574617578748298877.prm
[INFO]:[19:24:53] Starting CPLEX solver on instance: /home/yorig/tuner/mpils-tests/instances/miplib/medium-2/sorrell3.mps with config: /scratch/yorig/mpils-results-grid-seconds-5-no-mip-start/medium-2/24proc/seed-2/6_sorrell3_seed-2_20260502_191945/iterated_local_search/run_4_worker_6/ils_config_8574617578748298877.prm
[INFO]:[19:24:58] CPLEX results. Gap: 36.560000, upper bound: -15.000000, lower bound: -20.483874
[INFO]:[19:24:58] CPLEX solver finished. Gap: 36.560000
[INFO]:[19:24:58] Starting CPLEX solver on instance: /home/yorig/tuner/mpils-tests/instances/miplib/medium-2/sorrell3.mps with config: /scratch/yorig/mpils-results-grid-seconds-5-no-mip-start/medium-2/24proc/seed-2/6_sorrell3_seed-2_20260502_191945/iterated_local_search/run_4_worker_6/ils_config_15040701730576678709.prm
[INFO]:[19:24:58] Starting CPLEX solver on instance: /home/yorig/tuner/mpils-tests/instances/miplib/medium-2/sorrell3.mps with config: /scratch/yorig/mpils-results-grid-seconds-5-no-mip-start/medium-2/24proc/seed-2/6_sorrell3_seed-2_20260502_191945/iterated_local_search/run_4_worker_6/ils_config_15040701730576678709.prm
[INFO]:[19:25:03] CPLEX results. Gap: 36.560000, upper bound: -15.000000, lower bound: -20.483874
[INFO]:[19:25:03] CPLEX solver finished. Gap: 36.560000
[INFO]:[19:25:03] Starting CPLEX solver on instance: /home/yorig/tuner/mpils-tests/instances/miplib/medium-2/sorrell3.mps with config: /scratch/yorig/mpils-results-grid-seconds-5-no-mip-start/medium-2/24proc/seed-2/6_sorrell3_seed-2_20260502_191945/iterated_local_search/run_4_worker_6/ils_config_1844828769085352831.prm
[INFO]:[19:25:03] Starting CPLEX solver on instance: /home/yorig/tuner/mpils-tests/instances/miplib/medium-2/sorrell3.mps with config: /scratch/yorig/mpils-results-grid-seconds-5-no-mip-start/medium-2/24proc/seed-2/6_sorrell3_seed-2_20260502_191945/iterated_local_search/run_4_worker_6/ils_config_1844828769085352831.prm
[INFO]:[19:25:09] CPLEX results. Gap: 36.560000, upper bound: -15.000000, lower bound: -20.483874
[INFO]:[19:25:09] CPLEX solver finished. Gap: 36.560000
[INFO]:[19:25:09] Starting CPLEX solver on instance: /home/yorig/tuner/mpils-tests/instances/miplib/medium-2/sorrell3.mps with config: /scratch/yorig/mpils-results-grid-seconds-5-no-mip-start/medium-2/24proc/seed-2/6_sorrell3_seed-2_20260502_191945/iterated_local_search/run_4_worker_6/ils_config_1140619504932242066.prm
[INFO]:[19:25:09] Starting CPLEX solver on instance: /home/yorig/tuner/mpils-tests/instances/miplib/medium-2/sorrell3.mps with config: /scratch/yorig/mpils-results-grid-seconds-5-no-mip-start/medium-2/24proc/seed-2/6_sorrell3_seed-2_20260502_191945/iterated_local_search/run_4_worker_6/ils_config_1140619504932242066.prm
[INFO]:[19:25:14] CPLEX results. Gap: 36.560000, upper bound: -15.000000, lower bound: -20.483874
[INFO]:[19:25:14] CPLEX solver finished. Gap: 36.560000
[INFO]:[19:25:14] Starting CPLEX solver on instance: /home/yorig/tuner/mpils-tests/instances/miplib/medium-2/sorrell3.mps with config: /scratch/yorig/mpils-results-grid-seconds-5-no-mip-start/medium-2/24proc/seed-2/6_sorrell3_seed-2_20260502_191945/iterated_local_search/run_4_worker_6/ils_config_855829682622915681.prm
[INFO]:[19:25:14] Starting CPLEX solver on instance: /home/yorig/tuner/mpils-tests/instances/miplib/medium-2/sorrell3.mps with config: /scratch/yorig/mpils-results-grid-seconds-5-no-mip-start/medium-2/24proc/seed-2/6_sorrell3_seed-2_20260502_191945/iterated_local_search/run_4_worker_6/ils_config_855829682622915681.prm
[INFO]:[19:25:19] CPLEX results. Gap: 36.560000, upper bound: -15.000000, lower bound: -20.483874
[INFO]:[19:25:19] CPLEX solver finished. Gap: 36.560000
[INFO]:[19:25:19] Starting CPLEX solver on instance: /home/yorig/tuner/mpils-tests/instances/miplib/medium-2/sorrell3.mps with config: /scratch/yorig/mpils-results-grid-seconds-5-no-mip-start/medium-2/24proc/seed-2/6_sorrell3_seed-2_20260502_191945/iterated_local_search/run_4_worker_6/ils_config_17110799245132814842.prm
[INFO]:[19:25:19] Starting CPLEX solver on instance: /home/yorig/tuner/mpils-tests/instances/miplib/medium-2/sorrell3.mps with config: /scratch/yorig/mpils-results-grid-seconds-5-no-mip-start/medium-2/24proc/seed-2/6_sorrell3_seed-2_20260502_191945/iterated_local_search/run_4_worker_6/ils_config_17110799245132814842.prm
[INFO]:[19:25:24] CPLEX results. Gap: 38.410000, upper bound: -15.000000, lower bound: -20.761956
[INFO]:[19:25:24] CPLEX solver finished. Gap: 38.410000
[INFO]:[19:25:24] Starting CPLEX solver on instance: /home/yorig/tuner/mpils-tests/instances/miplib/medium-2/sorrell3.mps with config: /scratch/yorig/mpils-results-grid-seconds-5-no-mip-start/medium-2/24proc/seed-2/6_sorrell3_seed-2_20260502_191945/iterated_local_search/run_4_worker_6/ils_config_16554879057977877739.prm
[INFO]:[19:25:24] Starting CPLEX solver on instance: /home/yorig/tuner/mpils-tests/instances/miplib/medium-2/sorrell3.mps with config: /scratch/yorig/mpils-results-grid-seconds-5-no-mip-start/medium-2/24proc/seed-2/6_sorrell3_seed-2_20260502_191945/iterated_local_search/run_4_worker_6/ils_config_16554879057977877739.prm
[INFO]:[19:25:30] CPLEX results. Gap: 36.560000, upper bound: -15.000000, lower bound: -20.483874
[INFO]:[19:25:30] CPLEX solver finished. Gap: 36.560000
[INFO]:[19:25:30] Starting CPLEX solver on instance: /home/yorig/tuner/mpils-tests/instances/miplib/medium-2/sorrell3.mps with config: /scratch/yorig/mpils-results-grid-seconds-5-no-mip-start/medium-2/24proc/seed-2/6_sorrell3_seed-2_20260502_191945/iterated_local_search/run_4_worker_6/ils_config_11381175652032814613.prm
[INFO]:[19:25:30] Starting CPLEX solver on instance: /home/yorig/tuner/mpils-tests/instances/miplib/medium-2/sorrell3.mps with config: /scratch/yorig/mpils-results-grid-seconds-5-no-mip-start/medium-2/24proc/seed-2/6_sorrell3_seed-2_20260502_191945/iterated_local_search/run_4_worker_6/ils_config_11381175652032814613.prm
[INFO]:[19:25:35] CPLEX results. Gap: 36.560000, upper bound: -15.000000, lower bound: -20.483874
[INFO]:[19:25:35] CPLEX solver finished. Gap: 36.560000
[INFO]:[19:25:35] Starting CPLEX solver on instance: /home/yorig/tuner/mpils-tests/instances/miplib/medium-2/sorrell3.mps with config: /scratch/yorig/mpils-results-grid-seconds-5-no-mip-start/medium-2/24proc/seed-2/6_sorrell3_seed-2_20260502_191945/iterated_local_search/run_4_worker_6/ils_config_14499619620085452943.prm
[INFO]:[19:25:35] Starting CPLEX solver on instance: /home/yorig/tuner/mpils-tests/instances/miplib/medium-2/sorrell3.mps with config: /scratch/yorig/mpils-results-grid-seconds-5-no-mip-start/medium-2/24proc/seed-2/6_sorrell3_seed-2_20260502_191945/iterated_local_search/run_4_worker_6/ils_config_14499619620085452943.prm
[INFO]:[19:25:40] CPLEX results. Gap: 36.560000, upper bound: -15.000000, lower bound: -20.483874
[INFO]:[19:25:40] CPLEX solver finished. Gap: 36.560000
[INFO]:[19:25:40] Starting CPLEX solver on instance: /home/yorig/tuner/mpils-tests/instances/miplib/medium-2/sorrell3.mps with config: /scratch/yorig/mpils-results-grid-seconds-5-no-mip-start/medium-2/24proc/seed-2/6_sorrell3_seed-2_20260502_191945/iterated_local_search/run_4_worker_6/ils_config_11376848533425214561.prm
[INFO]:[19:25:40] Starting CPLEX solver on instance: /home/yorig/tuner/mpils-tests/instances/miplib/medium-2/sorrell3.mps with config: /scratch/yorig/mpils-results-grid-seconds-5-no-mip-start/medium-2/24proc/seed-2/6_sorrell3_seed-2_20260502_191945/iterated_local_search/run_4_worker_6/ils_config_11376848533425214561.prm
[INFO]:[19:25:45] CPLEX results. Gap: 38.580000, upper bound: -15.000000, lower bound: -20.786675
[INFO]:[19:25:45] CPLEX solver finished. Gap: 38.580000
[INFO]:[19:25:45] Starting CPLEX solver on instance: /home/yorig/tuner/mpils-tests/instances/miplib/medium-2/sorrell3.mps with config: /scratch/yorig/mpils-results-grid-seconds-5-no-mip-start/medium-2/24proc/seed-2/6_sorrell3_seed-2_20260502_191945/iterated_local_search/run_4_worker_6/ils_config_15524537063466335106.prm
[INFO]:[19:25:45] Starting CPLEX solver on instance: /home/yorig/tuner/mpils-tests/instances/miplib/medium-2/sorrell3.mps with config: /scratch/yorig/mpils-results-grid-seconds-5-no-mip-start/medium-2/24proc/seed-2/6_sorrell3_seed-2_20260502_191945/iterated_local_search/run_4_worker_6/ils_config_15524537063466335106.prm
[INFO]:[19:25:51] CPLEX results. Gap: 36.560000, upper bound: -15.000000, lower bound: -20.483874
[INFO]:[19:25:51] CPLEX solver finished. Gap: 36.560000
[INFO]:[19:25:51] Starting CPLEX solver on instance: /home/yorig/tuner/mpils-tests/instances/miplib/medium-2/sorrell3.mps with config: /scratch/yorig/mpils-results-grid-seconds-5-no-mip-start/medium-2/24proc/seed-2/6_sorrell3_seed-2_20260502_191945/iterated_local_search/run_4_worker_6/ils_config_816085348733833941.prm
[INFO]:[19:25:51] Starting CPLEX solver on instance: /home/yorig/tuner/mpils-tests/instances/miplib/medium-2/sorrell3.mps with config: /scratch/yorig/mpils-results-grid-seconds-5-no-mip-start/medium-2/24proc/seed-2/6_sorrell3_seed-2_20260502_191945/iterated_local_search/run_4_worker_6/ils_config_816085348733833941.prm
[INFO]:[19:25:56] CPLEX results. Gap: 36.560000, upper bound: -15.000000, lower bound: -20.483874
[INFO]:[19:25:56] CPLEX solver finished. Gap: 36.560000
[INFO]:[19:25:56] Starting CPLEX solver on instance: /home/yorig/tuner/mpils-tests/instances/miplib/medium-2/sorrell3.mps with config: /scratch/yorig/mpils-results-grid-seconds-5-no-mip-start/medium-2/24proc/seed-2/6_sorrell3_seed-2_20260502_191945/iterated_local_search/run_4_worker_6/ils_config_15666386566773065625.prm
[INFO]:[19:25:56] Starting CPLEX solver on instance: /home/yorig/tuner/mpils-tests/instances/miplib/medium-2/sorrell3.mps with config: /scratch/yorig/mpils-results-grid-seconds-5-no-mip-start/medium-2/24proc/seed-2/6_sorrell3_seed-2_20260502_191945/iterated_local_search/run_4_worker_6/ils_config_15666386566773065625.prm
[INFO]:[19:26:01] CPLEX results. Gap: 36.560000, upper bound: -15.000000, lower bound: -20.483874
[INFO]:[19:26:01] CPLEX solver finished. Gap: 36.560000
[INFO]:[19:26:01] Local search phase completed.
[INFO]:[19:26:01] Total number of new local-search evaluations: 30
[INFO]:[19:26:01] Final incumbent objective value: 36.56
[INFO]:[19:26:01] Worker 6 completed exploration phase.
[INFO]:[19:26:02] Worker 6 received order for step 2.
[INFO]:[19:26:02] Worker 6 running expansion phase for iteration 4.
[INFO]:[19:26:02] Worker 6 will use solver log file: /scratch/yorig/mpils-results-grid-seconds-5-no-mip-start/medium-2/24proc/seed-2/6_sorrell3_seed-2_20260502_191945/solver/cplex.log_iteration_expansion_4_worker_6
[INFO]:[19:26:02] Expansion Worker 6 starting expansion for iteration 4.
[INFO]:[19:26:02] Starting CPLEX solver on instance: /home/yorig/tuner/mpils-tests/instances/miplib/medium-2/sorrell3.mps with config: /scratch/yorig/mpils-results-grid-seconds-5-no-mip-start/medium-2/24proc/seed-2/6_sorrell3_seed-2_20260502_191945/expansion/config_param_CPXPARAM_Feasopt_Mode_4_iter_4.prm
[INFO]:[19:26:07] CPLEX results. Gap: 33.390000, upper bound: -15.000000, lower bound: -20.009171
[INFO]:[19:26:07] CPLEX solver finished. Gap: 33.390000
[INFO]:[19:26:07] Expansion Worker 6 stopping early after global MPI expansion stop was activated.
[INFO]:[19:26:07] Expansion Worker 6 completed expansion.
[INFO]:[19:26:07] Worker 6 completed expansion phase.
[INFO]:[19:26:08] Worker 6 received order for step 1.
[INFO]:[19:26:08] Worker 6 running exploration phase for iteration 5.
[INFO]:[19:26:08] Worker 6 at iteration 5 will not use a MIP start file. Current best MIP-start upper bound threshold is 1.79769e+308.
[INFO]:[19:26:08] Starting local search phase...
[INFO]:[19:26:08] Creating local search space from parameter space file: /scratch/yorig/mpils-results-grid-seconds-5-no-mip-start/medium-2/24proc/seed-2/6_sorrell3_seed-2_20260502_191945/iterated_local_search/search_space/search_space_file_5_worker_6.txt
[INFO]:[19:26:08] Local search space loaded from file: /scratch/yorig/mpils-results-grid-seconds-5-no-mip-start/medium-2/24proc/seed-2/6_sorrell3_seed-2_20260502_191945/iterated_local_search/search_space/search_space_file_5_worker_6.txt
[INFO]:[19:26:08] Number of parameters in local search space: 71
[INFO]:[19:26:08] Number of forbidden tuples in local search space: 66
[INFO]:[19:26:08] Number of conditionals in local search space: 6
[INFO]:[19:26:08] MIP start option not enabled. Local search will proceed without MIP start.
[INFO]:[19:26:08] Evaluating initial configuration for local search phase...
[INFO]:[19:26:08] Starting CPLEX solver on instance: /home/yorig/tuner/mpils-tests/instances/miplib/medium-2/sorrell3.mps with config: /scratch/yorig/mpils-results-grid-seconds-5-no-mip-start/medium-2/24proc/seed-2/6_sorrell3_seed-2_20260502_191945/iterated_local_search/run_5_worker_6/ils_config_6672614710142097839.prm
[INFO]:[19:26:08] Starting CPLEX solver on instance: /home/yorig/tuner/mpils-tests/instances/miplib/medium-2/sorrell3.mps with config: /scratch/yorig/mpils-results-grid-seconds-5-no-mip-start/medium-2/24proc/seed-2/6_sorrell3_seed-2_20260502_191945/iterated_local_search/run_5_worker_6/ils_config_6672614710142097839.prm
[INFO]:[19:26:13] CPLEX results. Gap: 3313.330000, upper bound: -15.000000, lower bound: -512.000000
[INFO]:[19:26:13] CPLEX solver finished. Gap: 3313.330000
[INFO]:[19:26:13] Initial configuration evaluated with objective value: 3313.33
[INFO]:[19:26:13] Starting CPLEX solver on instance: /home/yorig/tuner/mpils-tests/instances/miplib/medium-2/sorrell3.mps with config: /scratch/yorig/mpils-results-grid-seconds-5-no-mip-start/medium-2/24proc/seed-2/6_sorrell3_seed-2_20260502_191945/iterated_local_search/run_5_worker_6/ils_config_158168258849512228.prm
[INFO]:[19:26:13] Starting CPLEX solver on instance: /home/yorig/tuner/mpils-tests/instances/miplib/medium-2/sorrell3.mps with config: /scratch/yorig/mpils-results-grid-seconds-5-no-mip-start/medium-2/24proc/seed-2/6_sorrell3_seed-2_20260502_191945/iterated_local_search/run_5_worker_6/ils_config_158168258849512228.prm
[INFO]:[19:26:19] CPLEX results. Gap: 3313.330000, upper bound: -15.000000, lower bound: -512.000000
[INFO]:[19:26:19] CPLEX solver finished. Gap: 3313.330000
[INFO]:[19:26:19] Starting CPLEX solver on instance: /home/yorig/tuner/mpils-tests/instances/miplib/medium-2/sorrell3.mps with config: /scratch/yorig/mpils-results-grid-seconds-5-no-mip-start/medium-2/24proc/seed-2/6_sorrell3_seed-2_20260502_191945/iterated_local_search/run_5_worker_6/ils_config_220481740799337664.prm
[INFO]:[19:26:19] Starting CPLEX solver on instance: /home/yorig/tuner/mpils-tests/instances/miplib/medium-2/sorrell3.mps with config: /scratch/yorig/mpils-results-grid-seconds-5-no-mip-start/medium-2/24proc/seed-2/6_sorrell3_seed-2_20260502_191945/iterated_local_search/run_5_worker_6/ils_config_220481740799337664.prm
[INFO]:[19:26:24] CPLEX results. Gap: 3313.330000, upper bound: -15.000000, lower bound: -512.000000
[INFO]:[19:26:24] CPLEX solver finished. Gap: 3313.330000
[INFO]:[19:26:24] Starting CPLEX solver on instance: /home/yorig/tuner/mpils-tests/instances/miplib/medium-2/sorrell3.mps with config: /scratch/yorig/mpils-results-grid-seconds-5-no-mip-start/medium-2/24proc/seed-2/6_sorrell3_seed-2_20260502_191945/iterated_local_search/run_5_worker_6/ils_config_10783322595342384365.prm
[INFO]:[19:26:24] Starting CPLEX solver on instance: /home/yorig/tuner/mpils-tests/instances/miplib/medium-2/sorrell3.mps with config: /scratch/yorig/mpils-results-grid-seconds-5-no-mip-start/medium-2/24proc/seed-2/6_sorrell3_seed-2_20260502_191945/iterated_local_search/run_5_worker_6/ils_config_10783322595342384365.prm
[INFO]:[19:26:29] CPLEX results. Gap: 3313.330000, upper bound: -15.000000, lower bound: -512.000000
[INFO]:[19:26:29] CPLEX solver finished. Gap: 3313.330000
[INFO]:[19:26:29] Starting CPLEX solver on instance: /home/yorig/tuner/mpils-tests/instances/miplib/medium-2/sorrell3.mps with config: /scratch/yorig/mpils-results-grid-seconds-5-no-mip-start/medium-2/24proc/seed-2/6_sorrell3_seed-2_20260502_191945/iterated_local_search/run_5_worker_6/ils_config_3469776754634834967.prm
[INFO]:[19:26:29] Starting CPLEX solver on instance: /home/yorig/tuner/mpils-tests/instances/miplib/medium-2/sorrell3.mps with config: /scratch/yorig/mpils-results-grid-seconds-5-no-mip-start/medium-2/24proc/seed-2/6_sorrell3_seed-2_20260502_191945/iterated_local_search/run_5_worker_6/ils_config_3469776754634834967.prm
[INFO]:[19:26:34] CPLEX results. Gap: 3313.330000, upper bound: -15.000000, lower bound: -512.000000
[INFO]:[19:26:34] CPLEX solver finished. Gap: 3313.330000
[INFO]:[19:26:34] Starting CPLEX solver on instance: /home/yorig/tuner/mpils-tests/instances/miplib/medium-2/sorrell3.mps with config: /scratch/yorig/mpils-results-grid-seconds-5-no-mip-start/medium-2/24proc/seed-2/6_sorrell3_seed-2_20260502_191945/iterated_local_search/run_5_worker_6/ils_config_11953571449516239291.prm
[INFO]:[19:26:34] Starting CPLEX solver on instance: /home/yorig/tuner/mpils-tests/instances/miplib/medium-2/sorrell3.mps with config: /scratch/yorig/mpils-results-grid-seconds-5-no-mip-start/medium-2/24proc/seed-2/6_sorrell3_seed-2_20260502_191945/iterated_local_search/run_5_worker_6/ils_config_11953571449516239291.prm
[INFO]:[19:26:40] CPLEX results. Gap: 3313.330000, upper bound: -15.000000, lower bound: -512.000000
[INFO]:[19:26:40] CPLEX solver finished. Gap: 3313.330000
[INFO]:[19:26:40] Starting CPLEX solver on instance: /home/yorig/tuner/mpils-tests/instances/miplib/medium-2/sorrell3.mps with config: /scratch/yorig/mpils-results-grid-seconds-5-no-mip-start/medium-2/24proc/seed-2/6_sorrell3_seed-2_20260502_191945/iterated_local_search/run_5_worker_6/ils_config_5969048122303388443.prm
[INFO]:[19:26:40] Starting CPLEX solver on instance: /home/yorig/tuner/mpils-tests/instances/miplib/medium-2/sorrell3.mps with config: /scratch/yorig/mpils-results-grid-seconds-5-no-mip-start/medium-2/24proc/seed-2/6_sorrell3_seed-2_20260502_191945/iterated_local_search/run_5_worker_6/ils_config_5969048122303388443.prm
[INFO]:[19:26:45] CPLEX results. Gap: 3313.330000, upper bound: -15.000000, lower bound: -512.000000
[INFO]:[19:26:45] CPLEX solver finished. Gap: 3313.330000
[INFO]:[19:26:45] Starting CPLEX solver on instance: /home/yorig/tuner/mpils-tests/instances/miplib/medium-2/sorrell3.mps with config: /scratch/yorig/mpils-results-grid-seconds-5-no-mip-start/medium-2/24proc/seed-2/6_sorrell3_seed-2_20260502_191945/iterated_local_search/run_5_worker_6/ils_config_17532812439578787562.prm
[INFO]:[19:26:45] Starting CPLEX solver on instance: /home/yorig/tuner/mpils-tests/instances/miplib/medium-2/sorrell3.mps with config: /scratch/yorig/mpils-results-grid-seconds-5-no-mip-start/medium-2/24proc/seed-2/6_sorrell3_seed-2_20260502_191945/iterated_local_search/run_5_worker_6/ils_config_17532812439578787562.prm
[INFO]:[19:26:50] CPLEX results. Gap: 3313.330000, upper bound: -15.000000, lower bound: -512.000000
[INFO]:[19:26:50] CPLEX solver finished. Gap: 3313.330000
[INFO]:[19:26:50] Starting CPLEX solver on instance: /home/yorig/tuner/mpils-tests/instances/miplib/medium-2/sorrell3.mps with config: /scratch/yorig/mpils-results-grid-seconds-5-no-mip-start/medium-2/24proc/seed-2/6_sorrell3_seed-2_20260502_191945/iterated_local_search/run_5_worker_6/ils_config_9298717721056144058.prm
[INFO]:[19:26:50] Starting CPLEX solver on instance: /home/yorig/tuner/mpils-tests/instances/miplib/medium-2/sorrell3.mps with config: /scratch/yorig/mpils-results-grid-seconds-5-no-mip-start/medium-2/24proc/seed-2/6_sorrell3_seed-2_20260502_191945/iterated_local_search/run_5_worker_6/ils_config_9298717721056144058.prm
[INFO]:[19:26:55] CPLEX results. Gap: 3313.330000, upper bound: -15.000000, lower bound: -512.000000
[INFO]:[19:26:55] CPLEX solver finished. Gap: 3313.330000
[INFO]:[19:26:55] Starting CPLEX solver on instance: /home/yorig/tuner/mpils-tests/instances/miplib/medium-2/sorrell3.mps with config: /scratch/yorig/mpils-results-grid-seconds-5-no-mip-start/medium-2/24proc/seed-2/6_sorrell3_seed-2_20260502_191945/iterated_local_search/run_5_worker_6/ils_config_11113745256266487950.prm
[INFO]:[19:26:55] Starting CPLEX solver on instance: /home/yorig/tuner/mpils-tests/instances/miplib/medium-2/sorrell3.mps with config: /scratch/yorig/mpils-results-grid-seconds-5-no-mip-start/medium-2/24proc/seed-2/6_sorrell3_seed-2_20260502_191945/iterated_local_search/run_5_worker_6/ils_config_11113745256266487950.prm
[INFO]:[19:27:01] CPLEX results. Gap: 3313.330000, upper bound: -15.000000, lower bound: -512.000000
[INFO]:[19:27:01] CPLEX solver finished. Gap: 3313.330000
[INFO]:[19:27:01] Starting CPLEX solver on instance: /home/yorig/tuner/mpils-tests/instances/miplib/medium-2/sorrell3.mps with config: /scratch/yorig/mpils-results-grid-seconds-5-no-mip-start/medium-2/24proc/seed-2/6_sorrell3_seed-2_20260502_191945/iterated_local_search/run_5_worker_6/ils_config_7073841165628601318.prm
[INFO]:[19:27:01] Starting CPLEX solver on instance: /home/yorig/tuner/mpils-tests/instances/miplib/medium-2/sorrell3.mps with config: /scratch/yorig/mpils-results-grid-seconds-5-no-mip-start/medium-2/24proc/seed-2/6_sorrell3_seed-2_20260502_191945/iterated_local_search/run_5_worker_6/ils_config_7073841165628601318.prm
[INFO]:[19:27:06] CPLEX results. Gap: 3313.330000, upper bound: -15.000000, lower bound: -512.000000
[INFO]:[19:27:06] CPLEX solver finished. Gap: 3313.330000
[INFO]:[19:27:06] Starting CPLEX solver on instance: /home/yorig/tuner/mpils-tests/instances/miplib/medium-2/sorrell3.mps with config: /scratch/yorig/mpils-results-grid-seconds-5-no-mip-start/medium-2/24proc/seed-2/6_sorrell3_seed-2_20260502_191945/iterated_local_search/run_5_worker_6/ils_config_14762296366813081883.prm
[INFO]:[19:27:06] Starting CPLEX solver on instance: /home/yorig/tuner/mpils-tests/instances/miplib/medium-2/sorrell3.mps with config: /scratch/yorig/mpils-results-grid-seconds-5-no-mip-start/medium-2/24proc/seed-2/6_sorrell3_seed-2_20260502_191945/iterated_local_search/run_5_worker_6/ils_config_14762296366813081883.prm
[INFO]:[19:27:11] CPLEX results. Gap: 3313.330000, upper bound: -15.000000, lower bound: -512.000000
[INFO]:[19:27:11] CPLEX solver finished. Gap: 3313.330000
[INFO]:[19:27:11] Starting CPLEX solver on instance: /home/yorig/tuner/mpils-tests/instances/miplib/medium-2/sorrell3.mps with config: /scratch/yorig/mpils-results-grid-seconds-5-no-mip-start/medium-2/24proc/seed-2/6_sorrell3_seed-2_20260502_191945/iterated_local_search/run_5_worker_6/ils_config_15694693430191595744.prm
[INFO]:[19:27:11] Starting CPLEX solver on instance: /home/yorig/tuner/mpils-tests/instances/miplib/medium-2/sorrell3.mps with config: /scratch/yorig/mpils-results-grid-seconds-5-no-mip-start/medium-2/24proc/seed-2/6_sorrell3_seed-2_20260502_191945/iterated_local_search/run_5_worker_6/ils_config_15694693430191595744.prm
[INFO]:[19:27:17] CPLEX results. Gap: 3313.330000, upper bound: -15.000000, lower bound: -512.000000
[INFO]:[19:27:17] CPLEX solver finished. Gap: 3313.330000
[INFO]:[19:27:17] Starting CPLEX solver on instance: /home/yorig/tuner/mpils-tests/instances/miplib/medium-2/sorrell3.mps with config: /scratch/yorig/mpils-results-grid-seconds-5-no-mip-start/medium-2/24proc/seed-2/6_sorrell3_seed-2_20260502_191945/iterated_local_search/run_5_worker_6/ils_config_10000487541281206891.prm
[INFO]:[19:27:17] Starting CPLEX solver on instance: /home/yorig/tuner/mpils-tests/instances/miplib/medium-2/sorrell3.mps with config: /scratch/yorig/mpils-results-grid-seconds-5-no-mip-start/medium-2/24proc/seed-2/6_sorrell3_seed-2_20260502_191945/iterated_local_search/run_5_worker_6/ils_config_10000487541281206891.prm
[INFO]:[19:27:22] CPLEX results. Gap: 3313.330000, upper bound: -15.000000, lower bound: -512.000000
[INFO]:[19:27:22] CPLEX solver finished. Gap: 3313.330000
[INFO]:[19:27:22] Starting CPLEX solver on instance: /home/yorig/tuner/mpils-tests/instances/miplib/medium-2/sorrell3.mps with config: /scratch/yorig/mpils-results-grid-seconds-5-no-mip-start/medium-2/24proc/seed-2/6_sorrell3_seed-2_20260502_191945/iterated_local_search/run_5_worker_6/ils_config_7891828360359678086.prm
[INFO]:[19:27:22] Starting CPLEX solver on instance: /home/yorig/tuner/mpils-tests/instances/miplib/medium-2/sorrell3.mps with config: /scratch/yorig/mpils-results-grid-seconds-5-no-mip-start/medium-2/24proc/seed-2/6_sorrell3_seed-2_20260502_191945/iterated_local_search/run_5_worker_6/ils_config_7891828360359678086.prm
[INFO]:[19:27:27] CPLEX results. Gap: 3313.330000, upper bound: -15.000000, lower bound: -512.000000
[INFO]:[19:27:27] CPLEX solver finished. Gap: 3313.330000
[INFO]:[19:27:27] Starting CPLEX solver on instance: /home/yorig/tuner/mpils-tests/instances/miplib/medium-2/sorrell3.mps with config: /scratch/yorig/mpils-results-grid-seconds-5-no-mip-start/medium-2/24proc/seed-2/6_sorrell3_seed-2_20260502_191945/iterated_local_search/run_5_worker_6/ils_config_17454113231845356136.prm
[INFO]:[19:27:27] Starting CPLEX solver on instance: /home/yorig/tuner/mpils-tests/instances/miplib/medium-2/sorrell3.mps with config: /scratch/yorig/mpils-results-grid-seconds-5-no-mip-start/medium-2/24proc/seed-2/6_sorrell3_seed-2_20260502_191945/iterated_local_search/run_5_worker_6/ils_config_17454113231845356136.prm
[INFO]:[19:27:32] CPLEX results. Gap: 3313.330000, upper bound: -15.000000, lower bound: -512.000000
[INFO]:[19:27:32] CPLEX solver finished. Gap: 3313.330000
[INFO]:[19:27:32] Starting CPLEX solver on instance: /home/yorig/tuner/mpils-tests/instances/miplib/medium-2/sorrell3.mps with config: /scratch/yorig/mpils-results-grid-seconds-5-no-mip-start/medium-2/24proc/seed-2/6_sorrell3_seed-2_20260502_191945/iterated_local_search/run_5_worker_6/ils_config_14755172101735386233.prm
[INFO]:[19:27:32] Starting CPLEX solver on instance: /home/yorig/tuner/mpils-tests/instances/miplib/medium-2/sorrell3.mps with config: /scratch/yorig/mpils-results-grid-seconds-5-no-mip-start/medium-2/24proc/seed-2/6_sorrell3_seed-2_20260502_191945/iterated_local_search/run_5_worker_6/ils_config_14755172101735386233.prm
[INFO]:[19:27:38] CPLEX results. Gap: 3313.330000, upper bound: -15.000000, lower bound: -512.000000
[INFO]:[19:27:38] CPLEX solver finished. Gap: 3313.330000
[INFO]:[19:27:38] Starting CPLEX solver on instance: /home/yorig/tuner/mpils-tests/instances/miplib/medium-2/sorrell3.mps with config: /scratch/yorig/mpils-results-grid-seconds-5-no-mip-start/medium-2/24proc/seed-2/6_sorrell3_seed-2_20260502_191945/iterated_local_search/run_5_worker_6/ils_config_8491517267847175246.prm
[INFO]:[19:27:38] Starting CPLEX solver on instance: /home/yorig/tuner/mpils-tests/instances/miplib/medium-2/sorrell3.mps with config: /scratch/yorig/mpils-results-grid-seconds-5-no-mip-start/medium-2/24proc/seed-2/6_sorrell3_seed-2_20260502_191945/iterated_local_search/run_5_worker_6/ils_config_8491517267847175246.prm
[INFO]:[19:27:43] CPLEX results. Gap: 3313.330000, upper bound: -15.000000, lower bound: -512.000000
[INFO]:[19:27:43] CPLEX solver finished. Gap: 3313.330000
[INFO]:[19:27:43] Starting CPLEX solver on instance: /home/yorig/tuner/mpils-tests/instances/miplib/medium-2/sorrell3.mps with config: /scratch/yorig/mpils-results-grid-seconds-5-no-mip-start/medium-2/24proc/seed-2/6_sorrell3_seed-2_20260502_191945/iterated_local_search/run_5_worker_6/ils_config_3735332961851422295.prm
[INFO]:[19:27:43] Starting CPLEX solver on instance: /home/yorig/tuner/mpils-tests/instances/miplib/medium-2/sorrell3.mps with config: /scratch/yorig/mpils-results-grid-seconds-5-no-mip-start/medium-2/24proc/seed-2/6_sorrell3_seed-2_20260502_191945/iterated_local_search/run_5_worker_6/ils_config_3735332961851422295.prm
[INFO]:[19:27:48] CPLEX results. Gap: 3313.330000, upper bound: -15.000000, lower bound: -512.000000
[INFO]:[19:27:48] CPLEX solver finished. Gap: 3313.330000
[INFO]:[19:27:48] Starting CPLEX solver on instance: /home/yorig/tuner/mpils-tests/instances/miplib/medium-2/sorrell3.mps with config: /scratch/yorig/mpils-results-grid-seconds-5-no-mip-start/medium-2/24proc/seed-2/6_sorrell3_seed-2_20260502_191945/iterated_local_search/run_5_worker_6/ils_config_1393901489138137834.prm
[INFO]:[19:27:48] Starting CPLEX solver on instance: /home/yorig/tuner/mpils-tests/instances/miplib/medium-2/sorrell3.mps with config: /scratch/yorig/mpils-results-grid-seconds-5-no-mip-start/medium-2/24proc/seed-2/6_sorrell3_seed-2_20260502_191945/iterated_local_search/run_5_worker_6/ils_config_1393901489138137834.prm
[INFO]:[19:27:53] CPLEX results. Gap: 3313.330000, upper bound: -15.000000, lower bound: -512.000000
[INFO]:[19:27:53] CPLEX solver finished. Gap: 3313.330000
[INFO]:[19:27:53] Starting CPLEX solver on instance: /home/yorig/tuner/mpils-tests/instances/miplib/medium-2/sorrell3.mps with config: /scratch/yorig/mpils-results-grid-seconds-5-no-mip-start/medium-2/24proc/seed-2/6_sorrell3_seed-2_20260502_191945/iterated_local_search/run_5_worker_6/ils_config_16696189398997009218.prm
[INFO]:[19:27:53] Starting CPLEX solver on instance: /home/yorig/tuner/mpils-tests/instances/miplib/medium-2/sorrell3.mps with config: /scratch/yorig/mpils-results-grid-seconds-5-no-mip-start/medium-2/24proc/seed-2/6_sorrell3_seed-2_20260502_191945/iterated_local_search/run_5_worker_6/ils_config_16696189398997009218.prm
[INFO]:[19:27:59] CPLEX results. Gap: 45.640000, upper bound: -14.000000, lower bound: -20.390233
[INFO]:[19:27:59] CPLEX solver finished. Gap: 45.640000
[INFO]:[19:27:59] New incumbent found with objective value: 45.64
[INFO]:[19:27:59] Starting CPLEX solver on instance: /home/yorig/tuner/mpils-tests/instances/miplib/medium-2/sorrell3.mps with config: /scratch/yorig/mpils-results-grid-seconds-5-no-mip-start/medium-2/24proc/seed-2/6_sorrell3_seed-2_20260502_191945/iterated_local_search/run_5_worker_6/ils_config_1519032125055598401.prm
[INFO]:[19:27:59] Starting CPLEX solver on instance: /home/yorig/tuner/mpils-tests/instances/miplib/medium-2/sorrell3.mps with config: /scratch/yorig/mpils-results-grid-seconds-5-no-mip-start/medium-2/24proc/seed-2/6_sorrell3_seed-2_20260502_191945/iterated_local_search/run_5_worker_6/ils_config_1519032125055598401.prm
[INFO]:[19:28:04] CPLEX results. Gap: 45.640000, upper bound: -14.000000, lower bound: -20.390233
[INFO]:[19:28:04] CPLEX solver finished. Gap: 45.640000
[INFO]:[19:28:04] Starting CPLEX solver on instance: /home/yorig/tuner/mpils-tests/instances/miplib/medium-2/sorrell3.mps with config: /scratch/yorig/mpils-results-grid-seconds-5-no-mip-start/medium-2/24proc/seed-2/6_sorrell3_seed-2_20260502_191945/iterated_local_search/run_5_worker_6/ils_config_17664537217094973171.prm
[INFO]:[19:28:04] Starting CPLEX solver on instance: /home/yorig/tuner/mpils-tests/instances/miplib/medium-2/sorrell3.mps with config: /scratch/yorig/mpils-results-grid-seconds-5-no-mip-start/medium-2/24proc/seed-2/6_sorrell3_seed-2_20260502_191945/iterated_local_search/run_5_worker_6/ils_config_17664537217094973171.prm
[INFO]:[19:28:09] CPLEX results. Gap: 45.640000, upper bound: -14.000000, lower bound: -20.390233
[INFO]:[19:28:09] CPLEX solver finished. Gap: 45.640000
[INFO]:[19:28:09] Starting CPLEX solver on instance: /home/yorig/tuner/mpils-tests/instances/miplib/medium-2/sorrell3.mps with config: /scratch/yorig/mpils-results-grid-seconds-5-no-mip-start/medium-2/24proc/seed-2/6_sorrell3_seed-2_20260502_191945/iterated_local_search/run_5_worker_6/ils_config_17586078515213291076.prm
[INFO]:[19:28:09] Starting CPLEX solver on instance: /home/yorig/tuner/mpils-tests/instances/miplib/medium-2/sorrell3.mps with config: /scratch/yorig/mpils-results-grid-seconds-5-no-mip-start/medium-2/24proc/seed-2/6_sorrell3_seed-2_20260502_191945/iterated_local_search/run_5_worker_6/ils_config_17586078515213291076.prm
[INFO]:[19:28:15] CPLEX results. Gap: 45.640000, upper bound: -14.000000, lower bound: -20.390233
[INFO]:[19:28:15] CPLEX solver finished. Gap: 45.640000
[INFO]:[19:28:15] Starting CPLEX solver on instance: /home/yorig/tuner/mpils-tests/instances/miplib/medium-2/sorrell3.mps with config: /scratch/yorig/mpils-results-grid-seconds-5-no-mip-start/medium-2/24proc/seed-2/6_sorrell3_seed-2_20260502_191945/iterated_local_search/run_5_worker_6/ils_config_11659519539070273041.prm
[INFO]:[19:28:15] Starting CPLEX solver on instance: /home/yorig/tuner/mpils-tests/instances/miplib/medium-2/sorrell3.mps with config: /scratch/yorig/mpils-results-grid-seconds-5-no-mip-start/medium-2/24proc/seed-2/6_sorrell3_seed-2_20260502_191945/iterated_local_search/run_5_worker_6/ils_config_11659519539070273041.prm
[INFO]:[19:28:20] CPLEX results. Gap: 45.640000, upper bound: -14.000000, lower bound: -20.390233
[INFO]:[19:28:20] CPLEX solver finished. Gap: 45.640000
[INFO]:[19:28:20] Starting CPLEX solver on instance: /home/yorig/tuner/mpils-tests/instances/miplib/medium-2/sorrell3.mps with config: /scratch/yorig/mpils-results-grid-seconds-5-no-mip-start/medium-2/24proc/seed-2/6_sorrell3_seed-2_20260502_191945/iterated_local_search/run_5_worker_6/ils_config_224735471016953422.prm
[INFO]:[19:28:20] Starting CPLEX solver on instance: /home/yorig/tuner/mpils-tests/instances/miplib/medium-2/sorrell3.mps with config: /scratch/yorig/mpils-results-grid-seconds-5-no-mip-start/medium-2/24proc/seed-2/6_sorrell3_seed-2_20260502_191945/iterated_local_search/run_5_worker_6/ils_config_224735471016953422.prm
[INFO]:[19:28:25] CPLEX results. Gap: 45.640000, upper bound: -14.000000, lower bound: -20.390233
[INFO]:[19:28:25] CPLEX solver finished. Gap: 45.640000
[INFO]:[19:28:25] Starting CPLEX solver on instance: /home/yorig/tuner/mpils-tests/instances/miplib/medium-2/sorrell3.mps with config: /scratch/yorig/mpils-results-grid-seconds-5-no-mip-start/medium-2/24proc/seed-2/6_sorrell3_seed-2_20260502_191945/iterated_local_search/run_5_worker_6/ils_config_6392958201919564021.prm
[INFO]:[19:28:25] Starting CPLEX solver on instance: /home/yorig/tuner/mpils-tests/instances/miplib/medium-2/sorrell3.mps with config: /scratch/yorig/mpils-results-grid-seconds-5-no-mip-start/medium-2/24proc/seed-2/6_sorrell3_seed-2_20260502_191945/iterated_local_search/run_5_worker_6/ils_config_6392958201919564021.prm
[INFO]:[19:28:30] CPLEX results. Gap: 45.640000, upper bound: -14.000000, lower bound: -20.390233
[INFO]:[19:28:30] CPLEX solver finished. Gap: 45.640000
[INFO]:[19:28:30] Starting CPLEX solver on instance: /home/yorig/tuner/mpils-tests/instances/miplib/medium-2/sorrell3.mps with config: /scratch/yorig/mpils-results-grid-seconds-5-no-mip-start/medium-2/24proc/seed-2/6_sorrell3_seed-2_20260502_191945/iterated_local_search/run_5_worker_6/ils_config_11229591018848387873.prm
[INFO]:[19:28:30] Starting CPLEX solver on instance: /home/yorig/tuner/mpils-tests/instances/miplib/medium-2/sorrell3.mps with config: /scratch/yorig/mpils-results-grid-seconds-5-no-mip-start/medium-2/24proc/seed-2/6_sorrell3_seed-2_20260502_191945/iterated_local_search/run_5_worker_6/ils_config_11229591018848387873.prm
[INFO]:[19:28:35] CPLEX results. Gap: 45.640000, upper bound: -14.000000, lower bound: -20.390233
[INFO]:[19:28:35] CPLEX solver finished. Gap: 45.640000
[INFO]:[19:28:35] Starting CPLEX solver on instance: /home/yorig/tuner/mpils-tests/instances/miplib/medium-2/sorrell3.mps with config: /scratch/yorig/mpils-results-grid-seconds-5-no-mip-start/medium-2/24proc/seed-2/6_sorrell3_seed-2_20260502_191945/iterated_local_search/run_5_worker_6/ils_config_4401334964060903467.prm
[INFO]:[19:28:35] Starting CPLEX solver on instance: /home/yorig/tuner/mpils-tests/instances/miplib/medium-2/sorrell3.mps with config: /scratch/yorig/mpils-results-grid-seconds-5-no-mip-start/medium-2/24proc/seed-2/6_sorrell3_seed-2_20260502_191945/iterated_local_search/run_5_worker_6/ils_config_4401334964060903467.prm
[INFO]:[19:28:41] CPLEX results. Gap: 45.640000, upper bound: -14.000000, lower bound: -20.390233
[INFO]:[19:28:41] CPLEX solver finished. Gap: 45.640000
[INFO]:[19:28:41] Starting CPLEX solver on instance: /home/yorig/tuner/mpils-tests/instances/miplib/medium-2/sorrell3.mps with config: /scratch/yorig/mpils-results-grid-seconds-5-no-mip-start/medium-2/24proc/seed-2/6_sorrell3_seed-2_20260502_191945/iterated_local_search/run_5_worker_6/ils_config_12998925682900892439.prm
[INFO]:[19:28:41] Starting CPLEX solver on instance: /home/yorig/tuner/mpils-tests/instances/miplib/medium-2/sorrell3.mps with config: /scratch/yorig/mpils-results-grid-seconds-5-no-mip-start/medium-2/24proc/seed-2/6_sorrell3_seed-2_20260502_191945/iterated_local_search/run_5_worker_6/ils_config_12998925682900892439.prm
[INFO]:[19:28:46] CPLEX results. Gap: 45.640000, upper bound: -14.000000, lower bound: -20.390233
[INFO]:[19:28:46] CPLEX solver finished. Gap: 45.640000
[INFO]:[19:28:46] Local search phase completed.
[INFO]:[19:28:46] Total number of new local-search evaluations: 30
[INFO]:[19:28:46] Final incumbent objective value: 45.64
[INFO]:[19:45:32] Worker 6 completed exploration phase.
[INFO]:[19:45:32] Worker 6 received order for step 2.
[INFO]:[19:45:32] Worker 6 running expansion phase for iteration 5.
[INFO]:[19:45:32] Worker 6 will use solver log file: /scratch/yorig/mpils-results-grid-seconds-5-no-mip-start/medium-2/24proc/seed-2/6_sorrell3_seed-2_20260502_191945/solver/cplex.log_iteration_expansion_5_worker_6
[INFO]:[19:45:32] Expansion Worker 6 starting expansion for iteration 5.
[INFO]:[19:45:32] Starting CPLEX solver on instance: /home/yorig/tuner/mpils-tests/instances/miplib/medium-2/sorrell3.mps with config: /scratch/yorig/mpils-results-grid-seconds-5-no-mip-start/medium-2/24proc/seed-2/6_sorrell3_seed-2_20260502_191945/expansion/config_param_CPXPARAM_Read_Scale_-1_iter_5.prm
[INFO]:[19:45:37] CPLEX results. Gap: 23.860000, upper bound: -16.000000, lower bound: -19.817619
[INFO]:[19:45:37] CPLEX solver finished. Gap: 23.860000
[INFO]:[19:45:37] Starting CPLEX solver on instance: /home/yorig/tuner/mpils-tests/instances/miplib/medium-2/sorrell3.mps with config: /scratch/yorig/mpils-results-grid-seconds-5-no-mip-start/medium-2/24proc/seed-2/6_sorrell3_seed-2_20260502_191945/expansion/config_param_CPXPARAM_Read_Scale_1_iter_5.prm
[INFO]:[19:45:42] CPLEX results. Gap: 23.950000, upper bound: -16.000000, lower bound: -19.831724
[INFO]:[19:45:42] CPLEX solver finished. Gap: 23.950000
[INFO]:[19:45:42] Expansion Worker 6 completed expansion.
[INFO]:[19:45:42] Worker 6 completed expansion phase.
[INFO]:[19:45:45] Worker 6 received order for step 1.
[INFO]:[19:45:45] Worker 6 running exploration phase for iteration 6.
[INFO]:[19:45:45] Worker 6 at iteration 6 will not use a MIP start file. Current best MIP-start upper bound threshold is 1.79769e+308.
[INFO]:[19:45:45] Starting local search phase...
[INFO]:[19:45:45] Creating local search space from parameter space file: /scratch/yorig/mpils-results-grid-seconds-5-no-mip-start/medium-2/24proc/seed-2/6_sorrell3_seed-2_20260502_191945/iterated_local_search/search_space/search_space_file_6_worker_6.txt
[INFO]:[19:45:45] Local search space loaded from file: /scratch/yorig/mpils-results-grid-seconds-5-no-mip-start/medium-2/24proc/seed-2/6_sorrell3_seed-2_20260502_191945/iterated_local_search/search_space/search_space_file_6_worker_6.txt
[INFO]:[19:45:45] Number of parameters in local search space: 71
[INFO]:[19:45:45] Number of forbidden tuples in local search space: 111
[INFO]:[19:45:45] Number of conditionals in local search space: 6
[INFO]:[19:45:45] MIP start option not enabled. Local search will proceed without MIP start.
[INFO]:[19:45:45] Evaluating initial configuration for local search phase...
[INFO]:[19:45:45] Starting CPLEX solver on instance: /home/yorig/tuner/mpils-tests/instances/miplib/medium-2/sorrell3.mps with config: /scratch/yorig/mpils-results-grid-seconds-5-no-mip-start/medium-2/24proc/seed-2/6_sorrell3_seed-2_20260502_191945/iterated_local_search/run_6_worker_6/ils_config_15656158153577663599.prm
[INFO]:[19:45:45] Starting CPLEX solver on instance: /home/yorig/tuner/mpils-tests/instances/miplib/medium-2/sorrell3.mps with config: /scratch/yorig/mpils-results-grid-seconds-5-no-mip-start/medium-2/24proc/seed-2/6_sorrell3_seed-2_20260502_191945/iterated_local_search/run_6_worker_6/ils_config_15656158153577663599.prm
[INFO]:[19:45:50] CPLEX results. Gap: 53.070000, upper bound: -14.000000, lower bound: -21.430486
[INFO]:[19:45:50] CPLEX solver finished. Gap: 53.070000
[INFO]:[19:45:50] Initial configuration evaluated with objective value: 53.07
[INFO]:[19:45:51] Starting CPLEX solver on instance: /home/yorig/tuner/mpils-tests/instances/miplib/medium-2/sorrell3.mps with config: /scratch/yorig/mpils-results-grid-seconds-5-no-mip-start/medium-2/24proc/seed-2/6_sorrell3_seed-2_20260502_191945/iterated_local_search/run_6_worker_6/ils_config_1254487920885283508.prm
[INFO]:[19:45:51] Starting CPLEX solver on instance: /home/yorig/tuner/mpils-tests/instances/miplib/medium-2/sorrell3.mps with config: /scratch/yorig/mpils-results-grid-seconds-5-no-mip-start/medium-2/24proc/seed-2/6_sorrell3_seed-2_20260502_191945/iterated_local_search/run_6_worker_6/ils_config_1254487920885283508.prm
[INFO]:[19:45:56] CPLEX results. Gap: 53.070000, upper bound: -14.000000, lower bound: -21.430486
[INFO]:[19:45:56] CPLEX solver finished. Gap: 53.070000
[INFO]:[19:45:56] Starting CPLEX solver on instance: /home/yorig/tuner/mpils-tests/instances/miplib/medium-2/sorrell3.mps with config: /scratch/yorig/mpils-results-grid-seconds-5-no-mip-start/medium-2/24proc/seed-2/6_sorrell3_seed-2_20260502_191945/iterated_local_search/run_6_worker_6/ils_config_14662332564902232380.prm
[INFO]:[19:45:56] Starting CPLEX solver on instance: /home/yorig/tuner/mpils-tests/instances/miplib/medium-2/sorrell3.mps with config: /scratch/yorig/mpils-results-grid-seconds-5-no-mip-start/medium-2/24proc/seed-2/6_sorrell3_seed-2_20260502_191945/iterated_local_search/run_6_worker_6/ils_config_14662332564902232380.prm
[INFO]:[19:46:01] CPLEX results. Gap: 53.070000, upper bound: -14.000000, lower bound: -21.430486
[INFO]:[19:46:01] CPLEX solver finished. Gap: 53.070000
[INFO]:[19:46:01] Starting CPLEX solver on instance: /home/yorig/tuner/mpils-tests/instances/miplib/medium-2/sorrell3.mps with config: /scratch/yorig/mpils-results-grid-seconds-5-no-mip-start/medium-2/24proc/seed-2/6_sorrell3_seed-2_20260502_191945/iterated_local_search/run_6_worker_6/ils_config_14214706262735045365.prm
[INFO]:[19:46:01] Starting CPLEX solver on instance: /home/yorig/tuner/mpils-tests/instances/miplib/medium-2/sorrell3.mps with config: /scratch/yorig/mpils-results-grid-seconds-5-no-mip-start/medium-2/24proc/seed-2/6_sorrell3_seed-2_20260502_191945/iterated_local_search/run_6_worker_6/ils_config_14214706262735045365.prm
[INFO]:[19:46:06] CPLEX results. Gap: 53.070000, upper bound: -14.000000, lower bound: -21.430486
[INFO]:[19:46:06] CPLEX solver finished. Gap: 53.070000
[INFO]:[19:46:06] Starting CPLEX solver on instance: /home/yorig/tuner/mpils-tests/instances/miplib/medium-2/sorrell3.mps with config: /scratch/yorig/mpils-results-grid-seconds-5-no-mip-start/medium-2/24proc/seed-2/6_sorrell3_seed-2_20260502_191945/iterated_local_search/run_6_worker_6/ils_config_2575109988599020734.prm
[INFO]:[19:46:06] Starting CPLEX solver on instance: /home/yorig/tuner/mpils-tests/instances/miplib/medium-2/sorrell3.mps with config: /scratch/yorig/mpils-results-grid-seconds-5-no-mip-start/medium-2/24proc/seed-2/6_sorrell3_seed-2_20260502_191945/iterated_local_search/run_6_worker_6/ils_config_2575109988599020734.prm
[INFO]:[19:46:12] CPLEX results. Gap: 53.070000, upper bound: -14.000000, lower bound: -21.430486
[INFO]:[19:46:12] CPLEX solver finished. Gap: 53.070000
[INFO]:[19:46:12] Starting CPLEX solver on instance: /home/yorig/tuner/mpils-tests/instances/miplib/medium-2/sorrell3.mps with config: /scratch/yorig/mpils-results-grid-seconds-5-no-mip-start/medium-2/24proc/seed-2/6_sorrell3_seed-2_20260502_191945/iterated_local_search/run_6_worker_6/ils_config_15283579523539399834.prm
[INFO]:[19:46:12] Starting CPLEX solver on instance: /home/yorig/tuner/mpils-tests/instances/miplib/medium-2/sorrell3.mps with config: /scratch/yorig/mpils-results-grid-seconds-5-no-mip-start/medium-2/24proc/seed-2/6_sorrell3_seed-2_20260502_191945/iterated_local_search/run_6_worker_6/ils_config_15283579523539399834.prm
[INFO]:[19:46:17] CPLEX results. Gap: 53.070000, upper bound: -14.000000, lower bound: -21.430486
[INFO]:[19:46:17] CPLEX solver finished. Gap: 53.070000
[INFO]:[19:46:17] Starting CPLEX solver on instance: /home/yorig/tuner/mpils-tests/instances/miplib/medium-2/sorrell3.mps with config: /scratch/yorig/mpils-results-grid-seconds-5-no-mip-start/medium-2/24proc/seed-2/6_sorrell3_seed-2_20260502_191945/iterated_local_search/run_6_worker_6/ils_config_14826352207356546436.prm
[INFO]:[19:46:17] Starting CPLEX solver on instance: /home/yorig/tuner/mpils-tests/instances/miplib/medium-2/sorrell3.mps with config: /scratch/yorig/mpils-results-grid-seconds-5-no-mip-start/medium-2/24proc/seed-2/6_sorrell3_seed-2_20260502_191945/iterated_local_search/run_6_worker_6/ils_config_14826352207356546436.prm
[INFO]:[19:46:22] CPLEX results. Gap: 53.070000, upper bound: -14.000000, lower bound: -21.430486
[INFO]:[19:46:22] CPLEX solver finished. Gap: 53.070000
[INFO]:[19:46:22] Starting CPLEX solver on instance: /home/yorig/tuner/mpils-tests/instances/miplib/medium-2/sorrell3.mps with config: /scratch/yorig/mpils-results-grid-seconds-5-no-mip-start/medium-2/24proc/seed-2/6_sorrell3_seed-2_20260502_191945/iterated_local_search/run_6_worker_6/ils_config_14934035905180999674.prm
[INFO]:[19:46:22] Starting CPLEX solver on instance: /home/yorig/tuner/mpils-tests/instances/miplib/medium-2/sorrell3.mps with config: /scratch/yorig/mpils-results-grid-seconds-5-no-mip-start/medium-2/24proc/seed-2/6_sorrell3_seed-2_20260502_191945/iterated_local_search/run_6_worker_6/ils_config_14934035905180999674.prm
[INFO]:[19:46:27] CPLEX results. Gap: 53.070000, upper bound: -14.000000, lower bound: -21.430486
[INFO]:[19:46:27] CPLEX solver finished. Gap: 53.070000
[INFO]:[19:46:27] Starting CPLEX solver on instance: /home/yorig/tuner/mpils-tests/instances/miplib/medium-2/sorrell3.mps with config: /scratch/yorig/mpils-results-grid-seconds-5-no-mip-start/medium-2/24proc/seed-2/6_sorrell3_seed-2_20260502_191945/iterated_local_search/run_6_worker_6/ils_config_7108278827824377793.prm
[INFO]:[19:46:27] Starting CPLEX solver on instance: /home/yorig/tuner/mpils-tests/instances/miplib/medium-2/sorrell3.mps with config: /scratch/yorig/mpils-results-grid-seconds-5-no-mip-start/medium-2/24proc/seed-2/6_sorrell3_seed-2_20260502_191945/iterated_local_search/run_6_worker_6/ils_config_7108278827824377793.prm
[INFO]:[19:46:32] CPLEX results. Gap: 53.070000, upper bound: -14.000000, lower bound: -21.430486
[INFO]:[19:46:32] CPLEX solver finished. Gap: 53.070000
[INFO]:[19:46:32] Local search phase completed.
[INFO]:[19:46:32] Total number of new local-search evaluations: 9
[INFO]:[19:46:32] Final incumbent objective value: 53.07
[INFO]:[19:51:49] Worker 6 completed exploration phase.
[INFO]:[19:51:49] Worker 6 received order for step 3.
[INFO]:[19:51:49] Worker 6 finished.
