[INFO]:[23:48:05] Worker 13 starting.
[INFO]:[23:48:05] Worker 13 received order for step 1.
[INFO]:[23:48:05] Worker 13 running exploration phase for iteration 1.
[INFO]:[23:48:05] Current MIP start info file not found: /scratch/yorig/mpils-results-grid-seconds-5-no-mip-start/medium-1/16proc/seed-3/6_momentum1_seed-3_20260502_234804/iterated_local_search/mip_start/current_mip_start_1.txt
[INFO]:[23:48:05] Worker 13 at iteration 1 will not use a MIP start file. Current best MIP-start upper bound threshold is 1.79769e+308.
[INFO]:[23:48:05] Starting local search phase...
[INFO]:[23:48:05] Creating local search space from parameter space file: /scratch/yorig/mpils-results-grid-seconds-5-no-mip-start/medium-1/16proc/seed-3/6_momentum1_seed-3_20260502_234804/iterated_local_search/search_space/search_space_file_1_worker_13.txt
[INFO]:[23:48:05] Local search space loaded from file: /scratch/yorig/mpils-results-grid-seconds-5-no-mip-start/medium-1/16proc/seed-3/6_momentum1_seed-3_20260502_234804/iterated_local_search/search_space/search_space_file_1_worker_13.txt
[INFO]:[23:48:05] Number of parameters in local search space: 71
[INFO]:[23:48:05] Number of forbidden tuples in local search space: 0
[INFO]:[23:48:05] Number of conditionals in local search space: 6
[INFO]:[23:48:05] MIP start option not enabled. Local search will proceed without MIP start.
[INFO]:[23:48:05] Evaluating initial configuration for local search phase...
[INFO]:[23:48:05] Starting CPLEX solver on instance: /home/yorig/tuner/mpils-tests/instances/miplib/medium-1/momentum1.mps with config: /scratch/yorig/mpils-results-grid-seconds-5-no-mip-start/medium-1/16proc/seed-3/6_momentum1_seed-3_20260502_234804/iterated_local_search/run_1_worker_13/ils_config_17770079838099398960.prm
[INFO]:[23:48:05] Starting CPLEX solver on instance: /home/yorig/tuner/mpils-tests/instances/miplib/medium-1/momentum1.mps with config: /scratch/yorig/mpils-results-grid-seconds-5-no-mip-start/medium-1/16proc/seed-3/6_momentum1_seed-3_20260502_234804/iterated_local_search/run_1_worker_13/ils_config_17770079838099398960.prm
[INFO]:[23:48:10] CPLEX results. Gap: 68.710000, upper bound: 308141.189131, lower bound: 96415.844563
[INFO]:[23:48:10] Writing MIP start file: /scratch/yorig/mpils-results-grid-seconds-5-no-mip-start/medium-1/16proc/seed-3/6_momentum1_seed-3_20260502_234804/iterated_local_search/run_1_worker_13/mip_starts/mip_start_eval_1_config_17770079838099398960.mst
[INFO]:[23:48:10] CPLEX solver finished. Gap: 68.710000
[INFO]:[23:48:10] Initial configuration evaluated with objective value: 68.71
[INFO]:[23:48:10] Starting CPLEX solver on instance: /home/yorig/tuner/mpils-tests/instances/miplib/medium-1/momentum1.mps with config: /scratch/yorig/mpils-results-grid-seconds-5-no-mip-start/medium-1/16proc/seed-3/6_momentum1_seed-3_20260502_234804/iterated_local_search/run_1_worker_13/ils_config_5185258979309411653.prm
[INFO]:[23:48:10] Starting CPLEX solver on instance: /home/yorig/tuner/mpils-tests/instances/miplib/medium-1/momentum1.mps with config: /scratch/yorig/mpils-results-grid-seconds-5-no-mip-start/medium-1/16proc/seed-3/6_momentum1_seed-3_20260502_234804/iterated_local_search/run_1_worker_13/ils_config_5185258979309411653.prm
[INFO]:[23:48:15] CPLEX results. Gap: 68.740000, upper bound: 308136.724474, lower bound: 96336.764841
[INFO]:[23:48:15] Writing MIP start file: /scratch/yorig/mpils-results-grid-seconds-5-no-mip-start/medium-1/16proc/seed-3/6_momentum1_seed-3_20260502_234804/iterated_local_search/run_1_worker_13/mip_starts/mip_start_eval_2_config_5185258979309411653.mst
[INFO]:[23:48:15] CPLEX solver finished. Gap: 68.740000
[INFO]:[23:48:15] Starting CPLEX solver on instance: /home/yorig/tuner/mpils-tests/instances/miplib/medium-1/momentum1.mps with config: /scratch/yorig/mpils-results-grid-seconds-5-no-mip-start/medium-1/16proc/seed-3/6_momentum1_seed-3_20260502_234804/iterated_local_search/run_1_worker_13/ils_config_17489095638031883868.prm
[INFO]:[23:48:15] Starting CPLEX solver on instance: /home/yorig/tuner/mpils-tests/instances/miplib/medium-1/momentum1.mps with config: /scratch/yorig/mpils-results-grid-seconds-5-no-mip-start/medium-1/16proc/seed-3/6_momentum1_seed-3_20260502_234804/iterated_local_search/run_1_worker_13/ils_config_17489095638031883868.prm
[INFO]:[23:48:20] CPLEX results. Gap: 68.710000, upper bound: 308141.189131, lower bound: 96415.844563
[INFO]:[23:48:20] CPLEX solver finished. Gap: 68.710000
[INFO]:[23:48:20] Starting CPLEX solver on instance: /home/yorig/tuner/mpils-tests/instances/miplib/medium-1/momentum1.mps with config: /scratch/yorig/mpils-results-grid-seconds-5-no-mip-start/medium-1/16proc/seed-3/6_momentum1_seed-3_20260502_234804/iterated_local_search/run_1_worker_13/ils_config_8175031702312772026.prm
[INFO]:[23:48:20] Starting CPLEX solver on instance: /home/yorig/tuner/mpils-tests/instances/miplib/medium-1/momentum1.mps with config: /scratch/yorig/mpils-results-grid-seconds-5-no-mip-start/medium-1/16proc/seed-3/6_momentum1_seed-3_20260502_234804/iterated_local_search/run_1_worker_13/ils_config_8175031702312772026.prm
[INFO]:[23:48:25] CPLEX results. Gap: 69.960000, upper bound: 320952.044712, lower bound: 96415.844562
[INFO]:[23:48:25] CPLEX solver finished. Gap: 69.960000
[INFO]:[23:48:25] Starting CPLEX solver on instance: /home/yorig/tuner/mpils-tests/instances/miplib/medium-1/momentum1.mps with config: /scratch/yorig/mpils-results-grid-seconds-5-no-mip-start/medium-1/16proc/seed-3/6_momentum1_seed-3_20260502_234804/iterated_local_search/run_1_worker_13/ils_config_7969109458158987207.prm
[INFO]:[23:48:25] Starting CPLEX solver on instance: /home/yorig/tuner/mpils-tests/instances/miplib/medium-1/momentum1.mps with config: /scratch/yorig/mpils-results-grid-seconds-5-no-mip-start/medium-1/16proc/seed-3/6_momentum1_seed-3_20260502_234804/iterated_local_search/run_1_worker_13/ils_config_7969109458158987207.prm
[INFO]:[23:48:30] CPLEX results. Gap: 68.710000, upper bound: 308141.189131, lower bound: 96415.844563
[INFO]:[23:48:30] CPLEX solver finished. Gap: 68.710000
[INFO]:[23:48:30] Starting CPLEX solver on instance: /home/yorig/tuner/mpils-tests/instances/miplib/medium-1/momentum1.mps with config: /scratch/yorig/mpils-results-grid-seconds-5-no-mip-start/medium-1/16proc/seed-3/6_momentum1_seed-3_20260502_234804/iterated_local_search/run_1_worker_13/ils_config_1010521706779802991.prm
[INFO]:[23:48:30] Starting CPLEX solver on instance: /home/yorig/tuner/mpils-tests/instances/miplib/medium-1/momentum1.mps with config: /scratch/yorig/mpils-results-grid-seconds-5-no-mip-start/medium-1/16proc/seed-3/6_momentum1_seed-3_20260502_234804/iterated_local_search/run_1_worker_13/ils_config_1010521706779802991.prm
[INFO]:[23:48:35] CPLEX results. Gap: 38.810000, upper bound: 147676.540379, lower bound: 90356.451825
[INFO]:[23:48:35] Writing MIP start file: /scratch/yorig/mpils-results-grid-seconds-5-no-mip-start/medium-1/16proc/seed-3/6_momentum1_seed-3_20260502_234804/iterated_local_search/run_1_worker_13/mip_starts/mip_start_eval_6_config_1010521706779802991.mst
[INFO]:[23:48:35] CPLEX solver finished. Gap: 38.810000
[INFO]:[23:48:35] New incumbent found with objective value: 38.81
[INFO]:[23:48:35] Starting CPLEX solver on instance: /home/yorig/tuner/mpils-tests/instances/miplib/medium-1/momentum1.mps with config: /scratch/yorig/mpils-results-grid-seconds-5-no-mip-start/medium-1/16proc/seed-3/6_momentum1_seed-3_20260502_234804/iterated_local_search/run_1_worker_13/ils_config_6160439969021020207.prm
[INFO]:[23:48:35] Starting CPLEX solver on instance: /home/yorig/tuner/mpils-tests/instances/miplib/medium-1/momentum1.mps with config: /scratch/yorig/mpils-results-grid-seconds-5-no-mip-start/medium-1/16proc/seed-3/6_momentum1_seed-3_20260502_234804/iterated_local_search/run_1_worker_13/ils_config_6160439969021020207.prm
[INFO]:[23:48:40] CPLEX results. Gap: 35.780000, upper bound: 141316.862092, lower bound: 90758.137931
[INFO]:[23:48:40] Writing MIP start file: /scratch/yorig/mpils-results-grid-seconds-5-no-mip-start/medium-1/16proc/seed-3/6_momentum1_seed-3_20260502_234804/iterated_local_search/run_1_worker_13/mip_starts/mip_start_eval_7_config_6160439969021020207.mst
[INFO]:[23:48:40] CPLEX solver finished. Gap: 35.780000
[INFO]:[23:48:40] New incumbent found with objective value: 35.78
[INFO]:[23:48:40] Starting CPLEX solver on instance: /home/yorig/tuner/mpils-tests/instances/miplib/medium-1/momentum1.mps with config: /scratch/yorig/mpils-results-grid-seconds-5-no-mip-start/medium-1/16proc/seed-3/6_momentum1_seed-3_20260502_234804/iterated_local_search/run_1_worker_13/ils_config_6239050295137980226.prm
[INFO]:[23:48:40] Starting CPLEX solver on instance: /home/yorig/tuner/mpils-tests/instances/miplib/medium-1/momentum1.mps with config: /scratch/yorig/mpils-results-grid-seconds-5-no-mip-start/medium-1/16proc/seed-3/6_momentum1_seed-3_20260502_234804/iterated_local_search/run_1_worker_13/ils_config_6239050295137980226.prm
[INFO]:[23:48:45] CPLEX results. Gap: 69.400000, upper bound: 314559.889061, lower bound: 96270.877914
[INFO]:[23:48:45] CPLEX solver finished. Gap: 69.400000
[INFO]:[23:48:45] Starting CPLEX solver on instance: /home/yorig/tuner/mpils-tests/instances/miplib/medium-1/momentum1.mps with config: /scratch/yorig/mpils-results-grid-seconds-5-no-mip-start/medium-1/16proc/seed-3/6_momentum1_seed-3_20260502_234804/iterated_local_search/run_1_worker_13/ils_config_14776767224742244387.prm
[INFO]:[23:48:45] Starting CPLEX solver on instance: /home/yorig/tuner/mpils-tests/instances/miplib/medium-1/momentum1.mps with config: /scratch/yorig/mpils-results-grid-seconds-5-no-mip-start/medium-1/16proc/seed-3/6_momentum1_seed-3_20260502_234804/iterated_local_search/run_1_worker_13/ils_config_14776767224742244387.prm
[INFO]:[23:48:50] CPLEX results. Gap: 39.440000, upper bound: 147729.369741, lower bound: 89465.420006
[INFO]:[23:48:50] CPLEX solver finished. Gap: 39.440000
[INFO]:[23:48:50] Starting CPLEX solver on instance: /home/yorig/tuner/mpils-tests/instances/miplib/medium-1/momentum1.mps with config: /scratch/yorig/mpils-results-grid-seconds-5-no-mip-start/medium-1/16proc/seed-3/6_momentum1_seed-3_20260502_234804/iterated_local_search/run_1_worker_13/ils_config_10409277391579432959.prm
[INFO]:[23:48:50] Starting CPLEX solver on instance: /home/yorig/tuner/mpils-tests/instances/miplib/medium-1/momentum1.mps with config: /scratch/yorig/mpils-results-grid-seconds-5-no-mip-start/medium-1/16proc/seed-3/6_momentum1_seed-3_20260502_234804/iterated_local_search/run_1_worker_13/ils_config_10409277391579432959.prm
[INFO]:[23:48:55] CPLEX results. Gap: 22.690000, upper bound: 115639.710113, lower bound: 89396.521978
[INFO]:[23:48:55] Writing MIP start file: /scratch/yorig/mpils-results-grid-seconds-5-no-mip-start/medium-1/16proc/seed-3/6_momentum1_seed-3_20260502_234804/iterated_local_search/run_1_worker_13/mip_starts/mip_start_eval_10_config_10409277391579432959.mst
[INFO]:[23:48:55] CPLEX solver finished. Gap: 22.690000
[INFO]:[23:48:55] New incumbent found with objective value: 22.69
[INFO]:[23:48:55] Starting CPLEX solver on instance: /home/yorig/tuner/mpils-tests/instances/miplib/medium-1/momentum1.mps with config: /scratch/yorig/mpils-results-grid-seconds-5-no-mip-start/medium-1/16proc/seed-3/6_momentum1_seed-3_20260502_234804/iterated_local_search/run_1_worker_13/ils_config_12162366942944406346.prm
[INFO]:[23:48:55] Starting CPLEX solver on instance: /home/yorig/tuner/mpils-tests/instances/miplib/medium-1/momentum1.mps with config: /scratch/yorig/mpils-results-grid-seconds-5-no-mip-start/medium-1/16proc/seed-3/6_momentum1_seed-3_20260502_234804/iterated_local_search/run_1_worker_13/ils_config_12162366942944406346.prm
[INFO]:[23:49:01] CPLEX results. Gap: 22.690000, upper bound: 115639.710113, lower bound: 89396.521978
[INFO]:[23:49:01] CPLEX solver finished. Gap: 22.690000
[INFO]:[23:49:01] Starting CPLEX solver on instance: /home/yorig/tuner/mpils-tests/instances/miplib/medium-1/momentum1.mps with config: /scratch/yorig/mpils-results-grid-seconds-5-no-mip-start/medium-1/16proc/seed-3/6_momentum1_seed-3_20260502_234804/iterated_local_search/run_1_worker_13/ils_config_10363641954540906793.prm
[INFO]:[23:49:01] Starting CPLEX solver on instance: /home/yorig/tuner/mpils-tests/instances/miplib/medium-1/momentum1.mps with config: /scratch/yorig/mpils-results-grid-seconds-5-no-mip-start/medium-1/16proc/seed-3/6_momentum1_seed-3_20260502_234804/iterated_local_search/run_1_worker_13/ils_config_10363641954540906793.prm
[INFO]:[23:49:06] CPLEX results. Gap: 22.690000, upper bound: 115639.710113, lower bound: 89396.521978
[INFO]:[23:49:06] CPLEX solver finished. Gap: 22.690000
[INFO]:[23:49:06] Starting CPLEX solver on instance: /home/yorig/tuner/mpils-tests/instances/miplib/medium-1/momentum1.mps with config: /scratch/yorig/mpils-results-grid-seconds-5-no-mip-start/medium-1/16proc/seed-3/6_momentum1_seed-3_20260502_234804/iterated_local_search/run_1_worker_13/ils_config_9060491505030027600.prm
[INFO]:[23:49:06] Starting CPLEX solver on instance: /home/yorig/tuner/mpils-tests/instances/miplib/medium-1/momentum1.mps with config: /scratch/yorig/mpils-results-grid-seconds-5-no-mip-start/medium-1/16proc/seed-3/6_momentum1_seed-3_20260502_234804/iterated_local_search/run_1_worker_13/ils_config_9060491505030027600.prm
[INFO]:[23:49:11] CPLEX results. Gap: 35.780000, upper bound: 141316.862042, lower bound: 90758.137931
[INFO]:[23:49:11] CPLEX solver finished. Gap: 35.780000
[INFO]:[23:49:11] Starting CPLEX solver on instance: /home/yorig/tuner/mpils-tests/instances/miplib/medium-1/momentum1.mps with config: /scratch/yorig/mpils-results-grid-seconds-5-no-mip-start/medium-1/16proc/seed-3/6_momentum1_seed-3_20260502_234804/iterated_local_search/run_1_worker_13/ils_config_17039044264102205239.prm
[INFO]:[23:49:11] Starting CPLEX solver on instance: /home/yorig/tuner/mpils-tests/instances/miplib/medium-1/momentum1.mps with config: /scratch/yorig/mpils-results-grid-seconds-5-no-mip-start/medium-1/16proc/seed-3/6_momentum1_seed-3_20260502_234804/iterated_local_search/run_1_worker_13/ils_config_17039044264102205239.prm
[INFO]:[23:49:16] CPLEX results. Gap: 54.540000, upper bound: 211788.728657, lower bound: 96287.269048
[INFO]:[23:49:16] CPLEX solver finished. Gap: 54.540000
[INFO]:[23:49:16] Starting CPLEX solver on instance: /home/yorig/tuner/mpils-tests/instances/miplib/medium-1/momentum1.mps with config: /scratch/yorig/mpils-results-grid-seconds-5-no-mip-start/medium-1/16proc/seed-3/6_momentum1_seed-3_20260502_234804/iterated_local_search/run_1_worker_13/ils_config_15938448494052094563.prm
[INFO]:[23:49:16] Starting CPLEX solver on instance: /home/yorig/tuner/mpils-tests/instances/miplib/medium-1/momentum1.mps with config: /scratch/yorig/mpils-results-grid-seconds-5-no-mip-start/medium-1/16proc/seed-3/6_momentum1_seed-3_20260502_234804/iterated_local_search/run_1_worker_13/ils_config_15938448494052094563.prm
[INFO]:[23:49:21] CPLEX results. Gap: 22.690000, upper bound: 115639.710113, lower bound: 89396.521978
[INFO]:[23:49:21] CPLEX solver finished. Gap: 22.690000
[INFO]:[23:49:21] Starting CPLEX solver on instance: /home/yorig/tuner/mpils-tests/instances/miplib/medium-1/momentum1.mps with config: /scratch/yorig/mpils-results-grid-seconds-5-no-mip-start/medium-1/16proc/seed-3/6_momentum1_seed-3_20260502_234804/iterated_local_search/run_1_worker_13/ils_config_16087683468418424787.prm
[INFO]:[23:49:21] Starting CPLEX solver on instance: /home/yorig/tuner/mpils-tests/instances/miplib/medium-1/momentum1.mps with config: /scratch/yorig/mpils-results-grid-seconds-5-no-mip-start/medium-1/16proc/seed-3/6_momentum1_seed-3_20260502_234804/iterated_local_search/run_1_worker_13/ils_config_16087683468418424787.prm
[INFO]:[23:49:26] CPLEX results. Gap: 50.000000, upper bound: 192558.542052, lower bound: 96280.277112
[INFO]:[23:49:26] CPLEX solver finished. Gap: 50.000000
[INFO]:[23:49:26] Starting CPLEX solver on instance: /home/yorig/tuner/mpils-tests/instances/miplib/medium-1/momentum1.mps with config: /scratch/yorig/mpils-results-grid-seconds-5-no-mip-start/medium-1/16proc/seed-3/6_momentum1_seed-3_20260502_234804/iterated_local_search/run_1_worker_13/ils_config_11596131769442327182.prm
[INFO]:[23:49:26] Starting CPLEX solver on instance: /home/yorig/tuner/mpils-tests/instances/miplib/medium-1/momentum1.mps with config: /scratch/yorig/mpils-results-grid-seconds-5-no-mip-start/medium-1/16proc/seed-3/6_momentum1_seed-3_20260502_234804/iterated_local_search/run_1_worker_13/ils_config_11596131769442327182.prm
[INFO]:[23:49:31] CPLEX results. Gap: 29.440000, upper bound: 128453.035097, lower bound: 90638.420762
[INFO]:[23:49:31] CPLEX solver finished. Gap: 29.440000
[INFO]:[23:49:31] Starting CPLEX solver on instance: /home/yorig/tuner/mpils-tests/instances/miplib/medium-1/momentum1.mps with config: /scratch/yorig/mpils-results-grid-seconds-5-no-mip-start/medium-1/16proc/seed-3/6_momentum1_seed-3_20260502_234804/iterated_local_search/run_1_worker_13/ils_config_8199449577297105555.prm
[INFO]:[23:49:31] Starting CPLEX solver on instance: /home/yorig/tuner/mpils-tests/instances/miplib/medium-1/momentum1.mps with config: /scratch/yorig/mpils-results-grid-seconds-5-no-mip-start/medium-1/16proc/seed-3/6_momentum1_seed-3_20260502_234804/iterated_local_search/run_1_worker_13/ils_config_8199449577297105555.prm
[INFO]:[23:49:36] CPLEX results. Gap: 68.080000, upper bound: 301672.822606, lower bound: 96287.269048
[INFO]:[23:49:36] CPLEX solver finished. Gap: 68.080000
[INFO]:[23:49:36] Starting CPLEX solver on instance: /home/yorig/tuner/mpils-tests/instances/miplib/medium-1/momentum1.mps with config: /scratch/yorig/mpils-results-grid-seconds-5-no-mip-start/medium-1/16proc/seed-3/6_momentum1_seed-3_20260502_234804/iterated_local_search/run_1_worker_13/ils_config_322901428449425015.prm
[INFO]:[23:49:36] Starting CPLEX solver on instance: /home/yorig/tuner/mpils-tests/instances/miplib/medium-1/momentum1.mps with config: /scratch/yorig/mpils-results-grid-seconds-5-no-mip-start/medium-1/16proc/seed-3/6_momentum1_seed-3_20260502_234804/iterated_local_search/run_1_worker_13/ils_config_322901428449425015.prm
[INFO]:[23:49:41] CPLEX results. Gap: 25.950000, upper bound: 122008.486177, lower bound: 90345.728673
[INFO]:[23:49:41] CPLEX solver finished. Gap: 25.950000
[INFO]:[23:49:41] Starting CPLEX solver on instance: /home/yorig/tuner/mpils-tests/instances/miplib/medium-1/momentum1.mps with config: /scratch/yorig/mpils-results-grid-seconds-5-no-mip-start/medium-1/16proc/seed-3/6_momentum1_seed-3_20260502_234804/iterated_local_search/run_1_worker_13/ils_config_17580739155023643967.prm
[INFO]:[23:49:41] Starting CPLEX solver on instance: /home/yorig/tuner/mpils-tests/instances/miplib/medium-1/momentum1.mps with config: /scratch/yorig/mpils-results-grid-seconds-5-no-mip-start/medium-1/16proc/seed-3/6_momentum1_seed-3_20260502_234804/iterated_local_search/run_1_worker_13/ils_config_17580739155023643967.prm
[INFO]:[23:49:46] CPLEX results. Gap: 22.690000, upper bound: 115639.710113, lower bound: 89396.521978
[INFO]:[23:49:46] CPLEX solver finished. Gap: 22.690000
[INFO]:[23:49:46] Local search phase completed.
[INFO]:[23:49:46] Total number of new local-search evaluations: 20
[INFO]:[23:49:46] Final incumbent objective value: 22.69
[INFO]:[23:49:46] Worker 13 completed exploration phase.
[INFO]:[23:49:46] Worker 13 received order for step 2.
[INFO]:[23:49:46] Worker 13 running expansion phase for iteration 1.
[INFO]:[23:49:46] Worker 13 will use solver log file: /scratch/yorig/mpils-results-grid-seconds-5-no-mip-start/medium-1/16proc/seed-3/6_momentum1_seed-3_20260502_234804/solver/cplex.log_iteration_expansion_1_worker_13
[INFO]:[23:49:46] Expansion Worker 13 starting expansion for iteration 1.
[INFO]:[23:49:46] Starting CPLEX solver on instance: /home/yorig/tuner/mpils-tests/instances/miplib/medium-1/momentum1.mps with config: /scratch/yorig/mpils-results-grid-seconds-5-no-mip-start/medium-1/16proc/seed-3/6_momentum1_seed-3_20260502_234804/expansion/config_param_CPXPARAM_MIP_Strategy_BBInterval_15_iter_1.prm
[INFO]:[23:49:51] CPLEX results. Gap: 16.710000, upper bound: 115583.310143, lower bound: 96265.949969
[INFO]:[23:49:51] CPLEX solver finished. Gap: 16.710000
[INFO]:[23:49:51] Starting CPLEX solver on instance: /home/yorig/tuner/mpils-tests/instances/miplib/medium-1/momentum1.mps with config: /scratch/yorig/mpils-results-grid-seconds-5-no-mip-start/medium-1/16proc/seed-3/6_momentum1_seed-3_20260502_234804/expansion/config_param_CPXPARAM_MIP_Strategy_BBInterval_30_iter_1.prm
[INFO]:[23:49:56] CPLEX results. Gap: 16.710000, upper bound: 115583.310143, lower bound: 96265.949969
[INFO]:[23:49:56] CPLEX solver finished. Gap: 16.710000
[INFO]:[23:49:56] Starting CPLEX solver on instance: /home/yorig/tuner/mpils-tests/instances/miplib/medium-1/momentum1.mps with config: /scratch/yorig/mpils-results-grid-seconds-5-no-mip-start/medium-1/16proc/seed-3/6_momentum1_seed-3_20260502_234804/expansion/config_param_CPXPARAM_MIP_Strategy_Branch_-1_iter_1.prm
[INFO]:[23:50:01] CPLEX results. Gap: 16.710000, upper bound: 115583.310143, lower bound: 96265.949969
[INFO]:[23:50:01] CPLEX solver finished. Gap: 16.710000
[INFO]:[23:50:06] Expansion Worker 13 completed expansion.
[INFO]:[23:50:06] Worker 13 completed expansion phase.
[INFO]:[23:50:07] Worker 13 received order for step 1.
[INFO]:[23:50:07] Worker 13 running exploration phase for iteration 2.
[INFO]:[23:50:07] Worker 13 at iteration 2 will not use a MIP start file. Current best MIP-start upper bound threshold is 115584.
[INFO]:[23:50:07] Starting local search phase...
[INFO]:[23:50:07] Creating local search space from parameter space file: /scratch/yorig/mpils-results-grid-seconds-5-no-mip-start/medium-1/16proc/seed-3/6_momentum1_seed-3_20260502_234804/iterated_local_search/search_space/search_space_file_2_worker_13.txt
[INFO]:[23:50:07] Local search space loaded from file: /scratch/yorig/mpils-results-grid-seconds-5-no-mip-start/medium-1/16proc/seed-3/6_momentum1_seed-3_20260502_234804/iterated_local_search/search_space/search_space_file_2_worker_13.txt
[INFO]:[23:50:07] Number of parameters in local search space: 71
[INFO]:[23:50:07] Number of forbidden tuples in local search space: 29
[INFO]:[23:50:07] Number of conditionals in local search space: 6
[INFO]:[23:50:07] MIP start option not enabled. Local search will proceed without MIP start.
[INFO]:[23:50:07] Evaluating initial configuration for local search phase...
[INFO]:[23:50:07] Starting CPLEX solver on instance: /home/yorig/tuner/mpils-tests/instances/miplib/medium-1/momentum1.mps with config: /scratch/yorig/mpils-results-grid-seconds-5-no-mip-start/medium-1/16proc/seed-3/6_momentum1_seed-3_20260502_234804/iterated_local_search/run_2_worker_13/ils_config_7385963870356933465.prm
[INFO]:[23:50:07] Starting CPLEX solver on instance: /home/yorig/tuner/mpils-tests/instances/miplib/medium-1/momentum1.mps with config: /scratch/yorig/mpils-results-grid-seconds-5-no-mip-start/medium-1/16proc/seed-3/6_momentum1_seed-3_20260502_234804/iterated_local_search/run_2_worker_13/ils_config_7385963870356933465.prm
[INFO]:[23:50:12] CPLEX results. Gap: 29.740000, upper bound: 134867.591517, lower bound: 94752.325773
[INFO]:[23:50:12] CPLEX solver finished. Gap: 29.740000
[INFO]:[23:50:12] Initial configuration evaluated with objective value: 29.74
[INFO]:[23:50:12] Starting CPLEX solver on instance: /home/yorig/tuner/mpils-tests/instances/miplib/medium-1/momentum1.mps with config: /scratch/yorig/mpils-results-grid-seconds-5-no-mip-start/medium-1/16proc/seed-3/6_momentum1_seed-3_20260502_234804/iterated_local_search/run_2_worker_13/ils_config_12017600206880768393.prm
[INFO]:[23:50:12] Starting CPLEX solver on instance: /home/yorig/tuner/mpils-tests/instances/miplib/medium-1/momentum1.mps with config: /scratch/yorig/mpils-results-grid-seconds-5-no-mip-start/medium-1/16proc/seed-3/6_momentum1_seed-3_20260502_234804/iterated_local_search/run_2_worker_13/ils_config_12017600206880768393.prm
[INFO]:[23:50:17] CPLEX results. Gap: 28.600000, upper bound: 134867.591517, lower bound: 96300.429237
[INFO]:[23:50:17] CPLEX solver finished. Gap: 28.600000
[INFO]:[23:50:17] New incumbent found with objective value: 28.6
[INFO]:[23:50:17] Starting CPLEX solver on instance: /home/yorig/tuner/mpils-tests/instances/miplib/medium-1/momentum1.mps with config: /scratch/yorig/mpils-results-grid-seconds-5-no-mip-start/medium-1/16proc/seed-3/6_momentum1_seed-3_20260502_234804/iterated_local_search/run_2_worker_13/ils_config_12702930879624890917.prm
[INFO]:[23:50:17] Starting CPLEX solver on instance: /home/yorig/tuner/mpils-tests/instances/miplib/medium-1/momentum1.mps with config: /scratch/yorig/mpils-results-grid-seconds-5-no-mip-start/medium-1/16proc/seed-3/6_momentum1_seed-3_20260502_234804/iterated_local_search/run_2_worker_13/ils_config_12702930879624890917.prm
[INFO]:[23:50:22] CPLEX results. Gap: 28.600000, upper bound: 134867.591517, lower bound: 96300.429237
[INFO]:[23:50:22] CPLEX solver finished. Gap: 28.600000
[INFO]:[23:50:22] Starting CPLEX solver on instance: /home/yorig/tuner/mpils-tests/instances/miplib/medium-1/momentum1.mps with config: /scratch/yorig/mpils-results-grid-seconds-5-no-mip-start/medium-1/16proc/seed-3/6_momentum1_seed-3_20260502_234804/iterated_local_search/run_2_worker_13/ils_config_7044779788640231229.prm
[INFO]:[23:50:22] Starting CPLEX solver on instance: /home/yorig/tuner/mpils-tests/instances/miplib/medium-1/momentum1.mps with config: /scratch/yorig/mpils-results-grid-seconds-5-no-mip-start/medium-1/16proc/seed-3/6_momentum1_seed-3_20260502_234804/iterated_local_search/run_2_worker_13/ils_config_7044779788640231229.prm
[INFO]:[23:50:27] CPLEX results. Gap: 68.720000, upper bound: 308142.867627, lower bound: 96395.556579
[INFO]:[23:50:27] CPLEX solver finished. Gap: 68.720000
[INFO]:[23:50:27] Starting CPLEX solver on instance: /home/yorig/tuner/mpils-tests/instances/miplib/medium-1/momentum1.mps with config: /scratch/yorig/mpils-results-grid-seconds-5-no-mip-start/medium-1/16proc/seed-3/6_momentum1_seed-3_20260502_234804/iterated_local_search/run_2_worker_13/ils_config_17345472261126212309.prm
[INFO]:[23:50:27] Starting CPLEX solver on instance: /home/yorig/tuner/mpils-tests/instances/miplib/medium-1/momentum1.mps with config: /scratch/yorig/mpils-results-grid-seconds-5-no-mip-start/medium-1/16proc/seed-3/6_momentum1_seed-3_20260502_234804/iterated_local_search/run_2_worker_13/ils_config_17345472261126212309.prm
[INFO]:[23:50:32] CPLEX results. Gap: 28.600000, upper bound: 134867.591517, lower bound: 96300.429237
[INFO]:[23:50:32] CPLEX solver finished. Gap: 28.600000
[INFO]:[23:50:32] Starting CPLEX solver on instance: /home/yorig/tuner/mpils-tests/instances/miplib/medium-1/momentum1.mps with config: /scratch/yorig/mpils-results-grid-seconds-5-no-mip-start/medium-1/16proc/seed-3/6_momentum1_seed-3_20260502_234804/iterated_local_search/run_2_worker_13/ils_config_829420557705982388.prm
[INFO]:[23:50:32] Starting CPLEX solver on instance: /home/yorig/tuner/mpils-tests/instances/miplib/medium-1/momentum1.mps with config: /scratch/yorig/mpils-results-grid-seconds-5-no-mip-start/medium-1/16proc/seed-3/6_momentum1_seed-3_20260502_234804/iterated_local_search/run_2_worker_13/ils_config_829420557705982388.prm
[INFO]:[23:50:37] CPLEX results. Gap: 69.380000, upper bound: 314550.243448, lower bound: 96304.184676
[INFO]:[23:50:37] CPLEX solver finished. Gap: 69.380000
[INFO]:[23:50:37] Local search phase completed.
[INFO]:[23:50:37] Total number of new local-search evaluations: 6
[INFO]:[23:50:37] Final incumbent objective value: 28.6
[INFO]:[23:50:37] Worker 13 completed exploration phase.
[INFO]:[23:50:37] Worker 13 received order for step 2.
[INFO]:[23:50:37] Worker 13 running expansion phase for iteration 2.
[INFO]:[23:50:37] Worker 13 will use solver log file: /scratch/yorig/mpils-results-grid-seconds-5-no-mip-start/medium-1/16proc/seed-3/6_momentum1_seed-3_20260502_234804/solver/cplex.log_iteration_expansion_2_worker_13
[INFO]:[23:50:37] Expansion Worker 13 starting expansion for iteration 2.
[INFO]:[23:50:37] Starting CPLEX solver on instance: /home/yorig/tuner/mpils-tests/instances/miplib/medium-1/momentum1.mps with config: /scratch/yorig/mpils-results-grid-seconds-5-no-mip-start/medium-1/16proc/seed-3/6_momentum1_seed-3_20260502_234804/expansion/config_param_CPXPARAM_MIP_Strategy_SubAlgorithm_5_iter_2.prm
[INFO]:[23:50:42] CPLEX results. Gap: 76.270000, upper bound: 333809.066611, lower bound: 79213.034497
[INFO]:[23:50:42] CPLEX solver finished. Gap: 76.270000
[INFO]:[23:50:42] Starting CPLEX solver on instance: /home/yorig/tuner/mpils-tests/instances/miplib/medium-1/momentum1.mps with config: /scratch/yorig/mpils-results-grid-seconds-5-no-mip-start/medium-1/16proc/seed-3/6_momentum1_seed-3_20260502_234804/expansion/config_param_CPXPARAM_Simplex_DGradient_1_iter_2.prm
[INFO]:[23:50:47] CPLEX results. Gap: 51.660000, upper bound: 192575.504039, lower bound: 93084.187688
[INFO]:[23:50:47] CPLEX solver finished. Gap: 51.660000
[INFO]:[23:50:52] Expansion Worker 13 completed expansion.
[INFO]:[23:50:52] Worker 13 completed expansion phase.
[INFO]:[23:50:53] Worker 13 received order for step 1.
[INFO]:[23:50:53] Worker 13 running exploration phase for iteration 3.
[INFO]:[23:50:53] Worker 13 at iteration 3 will not use a MIP start file. Current best MIP-start upper bound threshold is 115583.
[INFO]:[23:50:53] Starting local search phase...
[INFO]:[23:50:53] Creating local search space from parameter space file: /scratch/yorig/mpils-results-grid-seconds-5-no-mip-start/medium-1/16proc/seed-3/6_momentum1_seed-3_20260502_234804/iterated_local_search/search_space/search_space_file_3_worker_13.txt
[INFO]:[23:50:53] Local search space loaded from file: /scratch/yorig/mpils-results-grid-seconds-5-no-mip-start/medium-1/16proc/seed-3/6_momentum1_seed-3_20260502_234804/iterated_local_search/search_space/search_space_file_3_worker_13.txt
[INFO]:[23:50:53] Number of parameters in local search space: 71
[INFO]:[23:50:53] Number of forbidden tuples in local search space: 29
[INFO]:[23:50:53] Number of conditionals in local search space: 6
[INFO]:[23:50:53] MIP start option not enabled. Local search will proceed without MIP start.
[INFO]:[23:50:53] Evaluating initial configuration for local search phase...
[INFO]:[23:50:53] Starting CPLEX solver on instance: /home/yorig/tuner/mpils-tests/instances/miplib/medium-1/momentum1.mps with config: /scratch/yorig/mpils-results-grid-seconds-5-no-mip-start/medium-1/16proc/seed-3/6_momentum1_seed-3_20260502_234804/iterated_local_search/run_3_worker_13/ils_config_3589785439192271639.prm
[INFO]:[23:50:53] Starting CPLEX solver on instance: /home/yorig/tuner/mpils-tests/instances/miplib/medium-1/momentum1.mps with config: /scratch/yorig/mpils-results-grid-seconds-5-no-mip-start/medium-1/16proc/seed-3/6_momentum1_seed-3_20260502_234804/iterated_local_search/run_3_worker_13/ils_config_3589785439192271639.prm
[INFO]:[23:50:58] CPLEX results. Gap: 86.200000, upper bound: 527463.276363, lower bound: 72793.794855
[INFO]:[23:50:58] CPLEX solver finished. Gap: 86.200000
[INFO]:[23:50:58] Initial configuration evaluated with objective value: 86.2
[INFO]:[23:50:58] Starting CPLEX solver on instance: /home/yorig/tuner/mpils-tests/instances/miplib/medium-1/momentum1.mps with config: /scratch/yorig/mpils-results-grid-seconds-5-no-mip-start/medium-1/16proc/seed-3/6_momentum1_seed-3_20260502_234804/iterated_local_search/run_3_worker_13/ils_config_14605036109047898412.prm
[INFO]:[23:50:58] Starting CPLEX solver on instance: /home/yorig/tuner/mpils-tests/instances/miplib/medium-1/momentum1.mps with config: /scratch/yorig/mpils-results-grid-seconds-5-no-mip-start/medium-1/16proc/seed-3/6_momentum1_seed-3_20260502_234804/iterated_local_search/run_3_worker_13/ils_config_14605036109047898412.prm
[INFO]:[23:51:03] CPLEX results. Gap: 76.950000, upper bound: 417522.347589, lower bound: 96247.975515
[INFO]:[23:51:03] CPLEX solver finished. Gap: 76.950000
[INFO]:[23:51:03] New incumbent found with objective value: 76.95
[INFO]:[23:51:03] Starting CPLEX solver on instance: /home/yorig/tuner/mpils-tests/instances/miplib/medium-1/momentum1.mps with config: /scratch/yorig/mpils-results-grid-seconds-5-no-mip-start/medium-1/16proc/seed-3/6_momentum1_seed-3_20260502_234804/iterated_local_search/run_3_worker_13/ils_config_287605201717313095.prm
[INFO]:[23:51:03] Starting CPLEX solver on instance: /home/yorig/tuner/mpils-tests/instances/miplib/medium-1/momentum1.mps with config: /scratch/yorig/mpils-results-grid-seconds-5-no-mip-start/medium-1/16proc/seed-3/6_momentum1_seed-3_20260502_234804/iterated_local_search/run_3_worker_13/ils_config_287605201717313095.prm
[INFO]:[23:51:08] CPLEX results. Gap: 76.950000, upper bound: 417522.347589, lower bound: 96245.912154
[INFO]:[23:51:08] CPLEX solver finished. Gap: 76.950000
[INFO]:[23:51:08] Starting CPLEX solver on instance: /home/yorig/tuner/mpils-tests/instances/miplib/medium-1/momentum1.mps with config: /scratch/yorig/mpils-results-grid-seconds-5-no-mip-start/medium-1/16proc/seed-3/6_momentum1_seed-3_20260502_234804/iterated_local_search/run_3_worker_13/ils_config_12048493485940782896.prm
[INFO]:[23:51:08] Starting CPLEX solver on instance: /home/yorig/tuner/mpils-tests/instances/miplib/medium-1/momentum1.mps with config: /scratch/yorig/mpils-results-grid-seconds-5-no-mip-start/medium-1/16proc/seed-3/6_momentum1_seed-3_20260502_234804/iterated_local_search/run_3_worker_13/ils_config_12048493485940782896.prm
[INFO]:[23:51:13] CPLEX results. Gap: 68.760000, upper bound: 308127.011087, lower bound: 96265.289605
[INFO]:[23:51:13] CPLEX solver finished. Gap: 68.760000
[INFO]:[23:51:13] New incumbent found with objective value: 68.76
[INFO]:[23:51:13] Starting CPLEX solver on instance: /home/yorig/tuner/mpils-tests/instances/miplib/medium-1/momentum1.mps with config: /scratch/yorig/mpils-results-grid-seconds-5-no-mip-start/medium-1/16proc/seed-3/6_momentum1_seed-3_20260502_234804/iterated_local_search/run_3_worker_13/ils_config_17087772139171499678.prm
[INFO]:[23:51:13] Starting CPLEX solver on instance: /home/yorig/tuner/mpils-tests/instances/miplib/medium-1/momentum1.mps with config: /scratch/yorig/mpils-results-grid-seconds-5-no-mip-start/medium-1/16proc/seed-3/6_momentum1_seed-3_20260502_234804/iterated_local_search/run_3_worker_13/ils_config_17087772139171499678.prm
[INFO]:[23:51:18] CPLEX results. Gap: 70.600000, upper bound: 327397.514234, lower bound: 96269.759680
[INFO]:[23:51:18] CPLEX solver finished. Gap: 70.600000
[INFO]:[23:51:18] Local search phase completed.
[INFO]:[23:51:18] Total number of new local-search evaluations: 5
[INFO]:[23:51:18] Final incumbent objective value: 68.76
[INFO]:[23:51:18] Worker 13 completed exploration phase.
[INFO]:[23:51:18] Worker 13 received order for step 2.
[INFO]:[23:51:18] Worker 13 running expansion phase for iteration 3.
[INFO]:[23:51:18] Worker 13 will use solver log file: /scratch/yorig/mpils-results-grid-seconds-5-no-mip-start/medium-1/16proc/seed-3/6_momentum1_seed-3_20260502_234804/solver/cplex.log_iteration_expansion_3_worker_13
[INFO]:[23:51:18] Expansion Worker 13 starting expansion for iteration 3.
[INFO]:[23:51:18] Starting CPLEX solver on instance: /home/yorig/tuner/mpils-tests/instances/miplib/medium-1/momentum1.mps with config: /scratch/yorig/mpils-results-grid-seconds-5-no-mip-start/medium-1/16proc/seed-3/6_momentum1_seed-3_20260502_234804/expansion/config_param_CPXPARAM_Preprocessing_CoeffReduce_0_iter_3.prm
[INFO]:[23:51:23] CPLEX results. Gap: 42.330000, upper bound: 166906.125326, lower bound: 96260.318559
[INFO]:[23:51:23] CPLEX solver finished. Gap: 42.330000
[INFO]:[23:51:23] Starting CPLEX solver on instance: /home/yorig/tuner/mpils-tests/instances/miplib/medium-1/momentum1.mps with config: /scratch/yorig/mpils-results-grid-seconds-5-no-mip-start/medium-1/16proc/seed-3/6_momentum1_seed-3_20260502_234804/expansion/config_param_CPXPARAM_Preprocessing_CoeffReduce_1_iter_3.prm
[INFO]:[23:51:28] CPLEX results. Gap: 31.830000, upper bound: 141236.004709, lower bound: 96277.295621
[INFO]:[23:51:28] CPLEX solver finished. Gap: 31.830000
[INFO]:[23:51:28] Expansion Worker 13 completed expansion.
[INFO]:[23:51:28] Worker 13 completed expansion phase.
[INFO]:[23:51:28] Worker 13 received order for step 1.
[INFO]:[23:51:28] Worker 13 running exploration phase for iteration 4.
[INFO]:[23:51:28] Worker 13 at iteration 4 will not use a MIP start file. Current best MIP-start upper bound threshold is 115583.
[INFO]:[23:51:28] Starting local search phase...
[INFO]:[23:51:28] Creating local search space from parameter space file: /scratch/yorig/mpils-results-grid-seconds-5-no-mip-start/medium-1/16proc/seed-3/6_momentum1_seed-3_20260502_234804/iterated_local_search/search_space/search_space_file_4_worker_13.txt
[INFO]:[23:51:28] Local search space loaded from file: /scratch/yorig/mpils-results-grid-seconds-5-no-mip-start/medium-1/16proc/seed-3/6_momentum1_seed-3_20260502_234804/iterated_local_search/search_space/search_space_file_4_worker_13.txt
[INFO]:[23:51:28] Number of parameters in local search space: 71
[INFO]:[23:51:28] Number of forbidden tuples in local search space: 23
[INFO]:[23:51:28] Number of conditionals in local search space: 6
[INFO]:[23:51:28] MIP start option not enabled. Local search will proceed without MIP start.
[INFO]:[23:51:28] Evaluating initial configuration for local search phase...
[INFO]:[23:51:28] Starting CPLEX solver on instance: /home/yorig/tuner/mpils-tests/instances/miplib/medium-1/momentum1.mps with config: /scratch/yorig/mpils-results-grid-seconds-5-no-mip-start/medium-1/16proc/seed-3/6_momentum1_seed-3_20260502_234804/iterated_local_search/run_4_worker_13/ils_config_2978178662944017631.prm
[INFO]:[23:51:28] Starting CPLEX solver on instance: /home/yorig/tuner/mpils-tests/instances/miplib/medium-1/momentum1.mps with config: /scratch/yorig/mpils-results-grid-seconds-5-no-mip-start/medium-1/16proc/seed-3/6_momentum1_seed-3_20260502_234804/iterated_local_search/run_4_worker_13/ils_config_2978178662944017631.prm
[INFO]:[23:51:33] CPLEX results. Gap: 70.600000, upper bound: 327380.661288, lower bound: 96259.208546
[INFO]:[23:51:33] CPLEX solver finished. Gap: 70.600000
[INFO]:[23:51:33] Initial configuration evaluated with objective value: 70.6
[INFO]:[23:51:33] Starting CPLEX solver on instance: /home/yorig/tuner/mpils-tests/instances/miplib/medium-1/momentum1.mps with config: /scratch/yorig/mpils-results-grid-seconds-5-no-mip-start/medium-1/16proc/seed-3/6_momentum1_seed-3_20260502_234804/iterated_local_search/run_4_worker_13/ils_config_17977971114055461041.prm
[INFO]:[23:51:33] Starting CPLEX solver on instance: /home/yorig/tuner/mpils-tests/instances/miplib/medium-1/momentum1.mps with config: /scratch/yorig/mpils-results-grid-seconds-5-no-mip-start/medium-1/16proc/seed-3/6_momentum1_seed-3_20260502_234804/iterated_local_search/run_4_worker_13/ils_config_17977971114055461041.prm
[INFO]:[23:51:38] CPLEX results. Gap: 70.600000, upper bound: 327380.661288, lower bound: 96259.208546
[INFO]:[23:51:38] CPLEX solver finished. Gap: 70.600000
[INFO]:[23:51:38] Starting CPLEX solver on instance: /home/yorig/tuner/mpils-tests/instances/miplib/medium-1/momentum1.mps with config: /scratch/yorig/mpils-results-grid-seconds-5-no-mip-start/medium-1/16proc/seed-3/6_momentum1_seed-3_20260502_234804/iterated_local_search/run_4_worker_13/ils_config_9075657439459070452.prm
[INFO]:[23:51:38] Starting CPLEX solver on instance: /home/yorig/tuner/mpils-tests/instances/miplib/medium-1/momentum1.mps with config: /scratch/yorig/mpils-results-grid-seconds-5-no-mip-start/medium-1/16proc/seed-3/6_momentum1_seed-3_20260502_234804/iterated_local_search/run_4_worker_13/ils_config_9075657439459070452.prm
[INFO]:[23:51:43] CPLEX results. Gap: 70.010000, upper bound: 320967.995087, lower bound: 96258.401342
[INFO]:[23:51:43] CPLEX solver finished. Gap: 70.010000
[INFO]:[23:51:43] New incumbent found with objective value: 70.01
[INFO]:[23:51:43] Starting CPLEX solver on instance: /home/yorig/tuner/mpils-tests/instances/miplib/medium-1/momentum1.mps with config: /scratch/yorig/mpils-results-grid-seconds-5-no-mip-start/medium-1/16proc/seed-3/6_momentum1_seed-3_20260502_234804/iterated_local_search/run_4_worker_13/ils_config_18137347687199083651.prm
[INFO]:[23:51:43] Starting CPLEX solver on instance: /home/yorig/tuner/mpils-tests/instances/miplib/medium-1/momentum1.mps with config: /scratch/yorig/mpils-results-grid-seconds-5-no-mip-start/medium-1/16proc/seed-3/6_momentum1_seed-3_20260502_234804/iterated_local_search/run_4_worker_13/ils_config_18137347687199083651.prm
[INFO]:[23:51:49] CPLEX results. Gap: 70.010000, upper bound: 320967.995218, lower bound: 96259.480911
[INFO]:[23:51:49] CPLEX solver finished. Gap: 70.010000
[INFO]:[23:51:49] Starting CPLEX solver on instance: /home/yorig/tuner/mpils-tests/instances/miplib/medium-1/momentum1.mps with config: /scratch/yorig/mpils-results-grid-seconds-5-no-mip-start/medium-1/16proc/seed-3/6_momentum1_seed-3_20260502_234804/iterated_local_search/run_4_worker_13/ils_config_15030861569972155139.prm
[INFO]:[23:51:49] Starting CPLEX solver on instance: /home/yorig/tuner/mpils-tests/instances/miplib/medium-1/momentum1.mps with config: /scratch/yorig/mpils-results-grid-seconds-5-no-mip-start/medium-1/16proc/seed-3/6_momentum1_seed-3_20260502_234804/iterated_local_search/run_4_worker_13/ils_config_15030861569972155139.prm
[INFO]:[23:51:54] CPLEX results. Gap: 76.270000, upper bound: 333809.066583, lower bound: 79213.685986
[INFO]:[23:51:54] CPLEX solver finished. Gap: 76.270000
[INFO]:[23:51:54] Starting CPLEX solver on instance: /home/yorig/tuner/mpils-tests/instances/miplib/medium-1/momentum1.mps with config: /scratch/yorig/mpils-results-grid-seconds-5-no-mip-start/medium-1/16proc/seed-3/6_momentum1_seed-3_20260502_234804/iterated_local_search/run_4_worker_13/ils_config_1314038995766267536.prm
[INFO]:[23:51:54] Starting CPLEX solver on instance: /home/yorig/tuner/mpils-tests/instances/miplib/medium-1/momentum1.mps with config: /scratch/yorig/mpils-results-grid-seconds-5-no-mip-start/medium-1/16proc/seed-3/6_momentum1_seed-3_20260502_234804/iterated_local_search/run_4_worker_13/ils_config_1314038995766267536.prm
[INFO]:[23:51:59] CPLEX results. Gap: 70.010000, upper bound: 320967.995087, lower bound: 96258.401342
[INFO]:[23:51:59] CPLEX solver finished. Gap: 70.010000
[INFO]:[23:51:59] Starting CPLEX solver on instance: /home/yorig/tuner/mpils-tests/instances/miplib/medium-1/momentum1.mps with config: /scratch/yorig/mpils-results-grid-seconds-5-no-mip-start/medium-1/16proc/seed-3/6_momentum1_seed-3_20260502_234804/iterated_local_search/run_4_worker_13/ils_config_10377314934243135071.prm
[INFO]:[23:51:59] Starting CPLEX solver on instance: /home/yorig/tuner/mpils-tests/instances/miplib/medium-1/momentum1.mps with config: /scratch/yorig/mpils-results-grid-seconds-5-no-mip-start/medium-1/16proc/seed-3/6_momentum1_seed-3_20260502_234804/iterated_local_search/run_4_worker_13/ils_config_10377314934243135071.prm
[INFO]:[23:52:04] CPLEX results. Gap: 70.010000, upper bound: 320967.995087, lower bound: 96258.401342
[INFO]:[23:52:04] CPLEX solver finished. Gap: 70.010000
[INFO]:[23:52:04] Starting CPLEX solver on instance: /home/yorig/tuner/mpils-tests/instances/miplib/medium-1/momentum1.mps with config: /scratch/yorig/mpils-results-grid-seconds-5-no-mip-start/medium-1/16proc/seed-3/6_momentum1_seed-3_20260502_234804/iterated_local_search/run_4_worker_13/ils_config_13445697219008726427.prm
[INFO]:[23:52:04] Starting CPLEX solver on instance: /home/yorig/tuner/mpils-tests/instances/miplib/medium-1/momentum1.mps with config: /scratch/yorig/mpils-results-grid-seconds-5-no-mip-start/medium-1/16proc/seed-3/6_momentum1_seed-3_20260502_234804/iterated_local_search/run_4_worker_13/ils_config_13445697219008726427.prm
[INFO]:[23:52:09] CPLEX results. Gap: 70.600000, upper bound: 327364.567795, lower bound: 96260.280306
[INFO]:[23:52:09] CPLEX solver finished. Gap: 70.600000
[INFO]:[23:52:09] Starting CPLEX solver on instance: /home/yorig/tuner/mpils-tests/instances/miplib/medium-1/momentum1.mps with config: /scratch/yorig/mpils-results-grid-seconds-5-no-mip-start/medium-1/16proc/seed-3/6_momentum1_seed-3_20260502_234804/iterated_local_search/run_4_worker_13/ils_config_11901568353649574852.prm
[INFO]:[23:52:09] Starting CPLEX solver on instance: /home/yorig/tuner/mpils-tests/instances/miplib/medium-1/momentum1.mps with config: /scratch/yorig/mpils-results-grid-seconds-5-no-mip-start/medium-1/16proc/seed-3/6_momentum1_seed-3_20260502_234804/iterated_local_search/run_4_worker_13/ils_config_11901568353649574852.prm
[INFO]:[23:52:14] CPLEX results. Gap: 70.010000, upper bound: 320967.995087, lower bound: 96258.401342
[INFO]:[23:52:14] CPLEX solver finished. Gap: 70.010000
[INFO]:[23:52:14] Starting CPLEX solver on instance: /home/yorig/tuner/mpils-tests/instances/miplib/medium-1/momentum1.mps with config: /scratch/yorig/mpils-results-grid-seconds-5-no-mip-start/medium-1/16proc/seed-3/6_momentum1_seed-3_20260502_234804/iterated_local_search/run_4_worker_13/ils_config_16416049450707014037.prm
[INFO]:[23:52:14] Starting CPLEX solver on instance: /home/yorig/tuner/mpils-tests/instances/miplib/medium-1/momentum1.mps with config: /scratch/yorig/mpils-results-grid-seconds-5-no-mip-start/medium-1/16proc/seed-3/6_momentum1_seed-3_20260502_234804/iterated_local_search/run_4_worker_13/ils_config_16416049450707014037.prm
[INFO]:[23:52:19] CPLEX results. Gap: 70.010000, upper bound: 320967.995087, lower bound: 96254.445032
[INFO]:[23:52:19] CPLEX solver finished. Gap: 70.010000
[INFO]:[23:52:19] Starting CPLEX solver on instance: /home/yorig/tuner/mpils-tests/instances/miplib/medium-1/momentum1.mps with config: /scratch/yorig/mpils-results-grid-seconds-5-no-mip-start/medium-1/16proc/seed-3/6_momentum1_seed-3_20260502_234804/iterated_local_search/run_4_worker_13/ils_config_50398076878176138.prm
[INFO]:[23:52:19] Starting CPLEX solver on instance: /home/yorig/tuner/mpils-tests/instances/miplib/medium-1/momentum1.mps with config: /scratch/yorig/mpils-results-grid-seconds-5-no-mip-start/medium-1/16proc/seed-3/6_momentum1_seed-3_20260502_234804/iterated_local_search/run_4_worker_13/ils_config_50398076878176138.prm
[INFO]:[23:52:24] CPLEX results. Gap: 70.010000, upper bound: 320967.995087, lower bound: 96258.401342
[INFO]:[23:52:24] CPLEX solver finished. Gap: 70.010000
[INFO]:[23:52:24] Starting CPLEX solver on instance: /home/yorig/tuner/mpils-tests/instances/miplib/medium-1/momentum1.mps with config: /scratch/yorig/mpils-results-grid-seconds-5-no-mip-start/medium-1/16proc/seed-3/6_momentum1_seed-3_20260502_234804/iterated_local_search/run_4_worker_13/ils_config_2761509304228403496.prm
[INFO]:[23:52:24] Starting CPLEX solver on instance: /home/yorig/tuner/mpils-tests/instances/miplib/medium-1/momentum1.mps with config: /scratch/yorig/mpils-results-grid-seconds-5-no-mip-start/medium-1/16proc/seed-3/6_momentum1_seed-3_20260502_234804/iterated_local_search/run_4_worker_13/ils_config_2761509304228403496.prm
[INFO]:[23:52:29] CPLEX results. Gap: 70.600000, upper bound: 327364.567664, lower bound: 96259.542981
[INFO]:[23:52:29] CPLEX solver finished. Gap: 70.600000
[INFO]:[23:52:29] Starting CPLEX solver on instance: /home/yorig/tuner/mpils-tests/instances/miplib/medium-1/momentum1.mps with config: /scratch/yorig/mpils-results-grid-seconds-5-no-mip-start/medium-1/16proc/seed-3/6_momentum1_seed-3_20260502_234804/iterated_local_search/run_4_worker_13/ils_config_17955640272554254862.prm
[INFO]:[23:52:29] Starting CPLEX solver on instance: /home/yorig/tuner/mpils-tests/instances/miplib/medium-1/momentum1.mps with config: /scratch/yorig/mpils-results-grid-seconds-5-no-mip-start/medium-1/16proc/seed-3/6_momentum1_seed-3_20260502_234804/iterated_local_search/run_4_worker_13/ils_config_17955640272554254862.prm
[INFO]:[23:52:34] CPLEX results. Gap: 70.010000, upper bound: 320967.995087, lower bound: 96258.401342
[INFO]:[23:52:34] CPLEX solver finished. Gap: 70.010000
[INFO]:[23:52:34] Starting CPLEX solver on instance: /home/yorig/tuner/mpils-tests/instances/miplib/medium-1/momentum1.mps with config: /scratch/yorig/mpils-results-grid-seconds-5-no-mip-start/medium-1/16proc/seed-3/6_momentum1_seed-3_20260502_234804/iterated_local_search/run_4_worker_13/ils_config_5393493379602631100.prm
[INFO]:[23:52:34] Starting CPLEX solver on instance: /home/yorig/tuner/mpils-tests/instances/miplib/medium-1/momentum1.mps with config: /scratch/yorig/mpils-results-grid-seconds-5-no-mip-start/medium-1/16proc/seed-3/6_momentum1_seed-3_20260502_234804/iterated_local_search/run_4_worker_13/ils_config_5393493379602631100.prm
[INFO]:[23:52:39] CPLEX results. Gap: 70.010000, upper bound: 320967.995087, lower bound: 96258.401342
[INFO]:[23:52:39] CPLEX solver finished. Gap: 70.010000
[INFO]:[23:52:39] Local search phase completed.
[INFO]:[23:52:39] Total number of new local-search evaluations: 14
[INFO]:[23:52:39] Final incumbent objective value: 70.01
[INFO]:[23:52:39] Worker 13 completed exploration phase.
[INFO]:[23:52:39] Worker 13 received order for step 2.
[INFO]:[23:52:39] Worker 13 running expansion phase for iteration 4.
[INFO]:[23:52:39] Worker 13 will use solver log file: /scratch/yorig/mpils-results-grid-seconds-5-no-mip-start/medium-1/16proc/seed-3/6_momentum1_seed-3_20260502_234804/solver/cplex.log_iteration_expansion_4_worker_13
[INFO]:[23:52:39] Expansion Worker 13 starting expansion for iteration 4.
[INFO]:[23:52:39] Starting CPLEX solver on instance: /home/yorig/tuner/mpils-tests/instances/miplib/medium-1/momentum1.mps with config: /scratch/yorig/mpils-results-grid-seconds-5-no-mip-start/medium-1/16proc/seed-3/6_momentum1_seed-3_20260502_234804/expansion/config_param_CPXPARAM_Preprocessing_Reduce_2_iter_4.prm
[INFO]:[23:52:44] CPLEX results. Gap: 78.360000, upper bound: 365999.377747, lower bound: 79201.732839
[INFO]:[23:52:44] CPLEX solver finished. Gap: 78.360000
[INFO]:[23:52:49] Expansion Worker 13 completed expansion.
[INFO]:[23:52:49] Worker 13 completed expansion phase.
[INFO]:[23:52:50] Worker 13 received order for step 1.
[INFO]:[23:52:50] Worker 13 running exploration phase for iteration 5.
[INFO]:[23:52:50] Worker 13 at iteration 5 will not use a MIP start file. Current best MIP-start upper bound threshold is 115579.
[INFO]:[23:52:50] Starting local search phase...
[INFO]:[23:52:50] Creating local search space from parameter space file: /scratch/yorig/mpils-results-grid-seconds-5-no-mip-start/medium-1/16proc/seed-3/6_momentum1_seed-3_20260502_234804/iterated_local_search/search_space/search_space_file_5_worker_13.txt
[INFO]:[23:52:50] Local search space loaded from file: /scratch/yorig/mpils-results-grid-seconds-5-no-mip-start/medium-1/16proc/seed-3/6_momentum1_seed-3_20260502_234804/iterated_local_search/search_space/search_space_file_5_worker_13.txt
[INFO]:[23:52:50] Number of parameters in local search space: 71
[INFO]:[23:52:50] Number of forbidden tuples in local search space: 29
[INFO]:[23:52:50] Number of conditionals in local search space: 6
[INFO]:[23:52:50] MIP start option not enabled. Local search will proceed without MIP start.
[INFO]:[23:52:50] Evaluating initial configuration for local search phase...
[INFO]:[23:52:50] Starting CPLEX solver on instance: /home/yorig/tuner/mpils-tests/instances/miplib/medium-1/momentum1.mps with config: /scratch/yorig/mpils-results-grid-seconds-5-no-mip-start/medium-1/16proc/seed-3/6_momentum1_seed-3_20260502_234804/iterated_local_search/run_5_worker_13/ils_config_15222731178935237929.prm
[INFO]:[23:52:50] Starting CPLEX solver on instance: /home/yorig/tuner/mpils-tests/instances/miplib/medium-1/momentum1.mps with config: /scratch/yorig/mpils-results-grid-seconds-5-no-mip-start/medium-1/16proc/seed-3/6_momentum1_seed-3_20260502_234804/iterated_local_search/run_5_worker_13/ils_config_15222731178935237929.prm
[INFO]:[23:52:55] CPLEX results. Gap: 70.410000, upper bound: 314556.903965, lower bound: 93092.598308
[INFO]:[23:52:55] CPLEX solver finished. Gap: 70.410000
[INFO]:[23:52:55] Initial configuration evaluated with objective value: 70.41
[INFO]:[23:52:55] Starting CPLEX solver on instance: /home/yorig/tuner/mpils-tests/instances/miplib/medium-1/momentum1.mps with config: /scratch/yorig/mpils-results-grid-seconds-5-no-mip-start/medium-1/16proc/seed-3/6_momentum1_seed-3_20260502_234804/iterated_local_search/run_5_worker_13/ils_config_2578438501453293693.prm
[INFO]:[23:52:55] Starting CPLEX solver on instance: /home/yorig/tuner/mpils-tests/instances/miplib/medium-1/momentum1.mps with config: /scratch/yorig/mpils-results-grid-seconds-5-no-mip-start/medium-1/16proc/seed-3/6_momentum1_seed-3_20260502_234804/iterated_local_search/run_5_worker_13/ils_config_2578438501453293693.prm
[INFO]:[23:53:00] CPLEX results. Gap: 69.790000, upper bound: 308145.786607, lower bound: 93098.336531
[INFO]:[23:53:00] CPLEX solver finished. Gap: 69.790000
[INFO]:[23:53:00] New incumbent found with objective value: 69.79
[INFO]:[23:53:00] Starting CPLEX solver on instance: /home/yorig/tuner/mpils-tests/instances/miplib/medium-1/momentum1.mps with config: /scratch/yorig/mpils-results-grid-seconds-5-no-mip-start/medium-1/16proc/seed-3/6_momentum1_seed-3_20260502_234804/iterated_local_search/run_5_worker_13/ils_config_1968167517019780106.prm
[INFO]:[23:53:00] Starting CPLEX solver on instance: /home/yorig/tuner/mpils-tests/instances/miplib/medium-1/momentum1.mps with config: /scratch/yorig/mpils-results-grid-seconds-5-no-mip-start/medium-1/16proc/seed-3/6_momentum1_seed-3_20260502_234804/iterated_local_search/run_5_worker_13/ils_config_1968167517019780106.prm
[INFO]:[23:53:05] CPLEX results. Gap: 69.790000, upper bound: 308145.786607, lower bound: 93098.336531
[INFO]:[23:53:05] CPLEX solver finished. Gap: 69.790000
[INFO]:[23:53:05] Starting CPLEX solver on instance: /home/yorig/tuner/mpils-tests/instances/miplib/medium-1/momentum1.mps with config: /scratch/yorig/mpils-results-grid-seconds-5-no-mip-start/medium-1/16proc/seed-3/6_momentum1_seed-3_20260502_234804/iterated_local_search/run_5_worker_13/ils_config_3396749692423713429.prm
[INFO]:[23:53:05] Starting CPLEX solver on instance: /home/yorig/tuner/mpils-tests/instances/miplib/medium-1/momentum1.mps with config: /scratch/yorig/mpils-results-grid-seconds-5-no-mip-start/medium-1/16proc/seed-3/6_momentum1_seed-3_20260502_234804/iterated_local_search/run_5_worker_13/ils_config_3396749692423713429.prm
[INFO]:[23:53:10] CPLEX results. Gap: 69.790000, upper bound: 308145.786607, lower bound: 93098.336531
[INFO]:[23:53:10] CPLEX solver finished. Gap: 69.790000
[INFO]:[23:53:10] Starting CPLEX solver on instance: /home/yorig/tuner/mpils-tests/instances/miplib/medium-1/momentum1.mps with config: /scratch/yorig/mpils-results-grid-seconds-5-no-mip-start/medium-1/16proc/seed-3/6_momentum1_seed-3_20260502_234804/iterated_local_search/run_5_worker_13/ils_config_271138149280794566.prm
[INFO]:[23:53:10] Starting CPLEX solver on instance: /home/yorig/tuner/mpils-tests/instances/miplib/medium-1/momentum1.mps with config: /scratch/yorig/mpils-results-grid-seconds-5-no-mip-start/medium-1/16proc/seed-3/6_momentum1_seed-3_20260502_234804/iterated_local_search/run_5_worker_13/ils_config_271138149280794566.prm
[INFO]:[23:53:15] CPLEX results. Gap: 70.590000, upper bound: 327381.856773, lower bound: 96280.220360
[INFO]:[23:53:15] CPLEX solver finished. Gap: 70.590000
[INFO]:[23:53:15] Starting CPLEX solver on instance: /home/yorig/tuner/mpils-tests/instances/miplib/medium-1/momentum1.mps with config: /scratch/yorig/mpils-results-grid-seconds-5-no-mip-start/medium-1/16proc/seed-3/6_momentum1_seed-3_20260502_234804/iterated_local_search/run_5_worker_13/ils_config_15201853244083152185.prm
[INFO]:[23:53:15] Starting CPLEX solver on instance: /home/yorig/tuner/mpils-tests/instances/miplib/medium-1/momentum1.mps with config: /scratch/yorig/mpils-results-grid-seconds-5-no-mip-start/medium-1/16proc/seed-3/6_momentum1_seed-3_20260502_234804/iterated_local_search/run_5_worker_13/ils_config_15201853244083152185.prm
[INFO]:[23:53:20] CPLEX results. Gap: 75.330000, upper bound: 346732.137357, lower bound: 85534.749128
[INFO]:[23:53:20] CPLEX solver finished. Gap: 75.330000
[INFO]:[23:53:20] Starting CPLEX solver on instance: /home/yorig/tuner/mpils-tests/instances/miplib/medium-1/momentum1.mps with config: /scratch/yorig/mpils-results-grid-seconds-5-no-mip-start/medium-1/16proc/seed-3/6_momentum1_seed-3_20260502_234804/iterated_local_search/run_5_worker_13/ils_config_17552716334069989558.prm
[INFO]:[23:53:20] Starting CPLEX solver on instance: /home/yorig/tuner/mpils-tests/instances/miplib/medium-1/momentum1.mps with config: /scratch/yorig/mpils-results-grid-seconds-5-no-mip-start/medium-1/16proc/seed-3/6_momentum1_seed-3_20260502_234804/iterated_local_search/run_5_worker_13/ils_config_17552716334069989558.prm
[INFO]:[23:53:25] CPLEX results. Gap: 75.330000, upper bound: 346732.137357, lower bound: 85534.749128
[INFO]:[23:53:25] CPLEX solver finished. Gap: 75.330000
[INFO]:[23:53:25] Starting CPLEX solver on instance: /home/yorig/tuner/mpils-tests/instances/miplib/medium-1/momentum1.mps with config: /scratch/yorig/mpils-results-grid-seconds-5-no-mip-start/medium-1/16proc/seed-3/6_momentum1_seed-3_20260502_234804/iterated_local_search/run_5_worker_13/ils_config_13111551536422755608.prm
[INFO]:[23:53:25] Starting CPLEX solver on instance: /home/yorig/tuner/mpils-tests/instances/miplib/medium-1/momentum1.mps with config: /scratch/yorig/mpils-results-grid-seconds-5-no-mip-start/medium-1/16proc/seed-3/6_momentum1_seed-3_20260502_234804/iterated_local_search/run_5_worker_13/ils_config_13111551536422755608.prm
[INFO]:[23:53:30] CPLEX results. Gap: 76.270000, upper bound: 333813.099602, lower bound: 79213.141240
[INFO]:[23:53:30] CPLEX solver finished. Gap: 76.270000
[INFO]:[23:53:30] Starting CPLEX solver on instance: /home/yorig/tuner/mpils-tests/instances/miplib/medium-1/momentum1.mps with config: /scratch/yorig/mpils-results-grid-seconds-5-no-mip-start/medium-1/16proc/seed-3/6_momentum1_seed-3_20260502_234804/iterated_local_search/run_5_worker_13/ils_config_15419320923488479773.prm
[INFO]:[23:53:30] Starting CPLEX solver on instance: /home/yorig/tuner/mpils-tests/instances/miplib/medium-1/momentum1.mps with config: /scratch/yorig/mpils-results-grid-seconds-5-no-mip-start/medium-1/16proc/seed-3/6_momentum1_seed-3_20260502_234804/iterated_local_search/run_5_worker_13/ils_config_15419320923488479773.prm
[INFO]:[23:53:35] CPLEX results. Gap: 69.790000, upper bound: 308145.786607, lower bound: 93098.336531
[INFO]:[23:53:35] CPLEX solver finished. Gap: 69.790000
[INFO]:[23:53:35] Starting CPLEX solver on instance: /home/yorig/tuner/mpils-tests/instances/miplib/medium-1/momentum1.mps with config: /scratch/yorig/mpils-results-grid-seconds-5-no-mip-start/medium-1/16proc/seed-3/6_momentum1_seed-3_20260502_234804/iterated_local_search/run_5_worker_13/ils_config_9989544571087783722.prm
[INFO]:[23:53:35] Starting CPLEX solver on instance: /home/yorig/tuner/mpils-tests/instances/miplib/medium-1/momentum1.mps with config: /scratch/yorig/mpils-results-grid-seconds-5-no-mip-start/medium-1/16proc/seed-3/6_momentum1_seed-3_20260502_234804/iterated_local_search/run_5_worker_13/ils_config_9989544571087783722.prm
[INFO]:[23:53:40] CPLEX results. Gap: 69.790000, upper bound: 308145.786607, lower bound: 93098.336531
[INFO]:[23:53:40] CPLEX solver finished. Gap: 69.790000
[INFO]:[23:53:40] Starting CPLEX solver on instance: /home/yorig/tuner/mpils-tests/instances/miplib/medium-1/momentum1.mps with config: /scratch/yorig/mpils-results-grid-seconds-5-no-mip-start/medium-1/16proc/seed-3/6_momentum1_seed-3_20260502_234804/iterated_local_search/run_5_worker_13/ils_config_3416422393604934718.prm
[INFO]:[23:53:40] Starting CPLEX solver on instance: /home/yorig/tuner/mpils-tests/instances/miplib/medium-1/momentum1.mps with config: /scratch/yorig/mpils-results-grid-seconds-5-no-mip-start/medium-1/16proc/seed-3/6_momentum1_seed-3_20260502_234804/iterated_local_search/run_5_worker_13/ils_config_3416422393604934718.prm
[INFO]:[23:53:45] CPLEX results. Gap: 69.790000, upper bound: 308145.786607, lower bound: 93098.336531
[INFO]:[23:53:45] CPLEX solver finished. Gap: 69.790000
[INFO]:[23:53:45] Starting CPLEX solver on instance: /home/yorig/tuner/mpils-tests/instances/miplib/medium-1/momentum1.mps with config: /scratch/yorig/mpils-results-grid-seconds-5-no-mip-start/medium-1/16proc/seed-3/6_momentum1_seed-3_20260502_234804/iterated_local_search/run_5_worker_13/ils_config_11400171905640324099.prm
[INFO]:[23:53:45] Starting CPLEX solver on instance: /home/yorig/tuner/mpils-tests/instances/miplib/medium-1/momentum1.mps with config: /scratch/yorig/mpils-results-grid-seconds-5-no-mip-start/medium-1/16proc/seed-3/6_momentum1_seed-3_20260502_234804/iterated_local_search/run_5_worker_13/ils_config_11400171905640324099.prm
[INFO]:[23:53:50] CPLEX results. Gap: 69.790000, upper bound: 308145.786607, lower bound: 93098.336531
[INFO]:[23:53:50] CPLEX solver finished. Gap: 69.790000
[INFO]:[23:53:50] Starting CPLEX solver on instance: /home/yorig/tuner/mpils-tests/instances/miplib/medium-1/momentum1.mps with config: /scratch/yorig/mpils-results-grid-seconds-5-no-mip-start/medium-1/16proc/seed-3/6_momentum1_seed-3_20260502_234804/iterated_local_search/run_5_worker_13/ils_config_2915081863378638862.prm
[INFO]:[23:53:50] Starting CPLEX solver on instance: /home/yorig/tuner/mpils-tests/instances/miplib/medium-1/momentum1.mps with config: /scratch/yorig/mpils-results-grid-seconds-5-no-mip-start/medium-1/16proc/seed-3/6_momentum1_seed-3_20260502_234804/iterated_local_search/run_5_worker_13/ils_config_2915081863378638862.prm
[INFO]:[23:53:55] CPLEX results. Gap: 70.410000, upper bound: 314571.454909, lower bound: 93092.598308
[INFO]:[23:53:55] CPLEX solver finished. Gap: 70.410000
[INFO]:[23:53:55] Starting CPLEX solver on instance: /home/yorig/tuner/mpils-tests/instances/miplib/medium-1/momentum1.mps with config: /scratch/yorig/mpils-results-grid-seconds-5-no-mip-start/medium-1/16proc/seed-3/6_momentum1_seed-3_20260502_234804/iterated_local_search/run_5_worker_13/ils_config_8671107209428655721.prm
[INFO]:[23:53:55] Starting CPLEX solver on instance: /home/yorig/tuner/mpils-tests/instances/miplib/medium-1/momentum1.mps with config: /scratch/yorig/mpils-results-grid-seconds-5-no-mip-start/medium-1/16proc/seed-3/6_momentum1_seed-3_20260502_234804/iterated_local_search/run_5_worker_13/ils_config_8671107209428655721.prm
[INFO]:[23:54:01] CPLEX results. Gap: 71.160000, upper bound: 333793.608583, lower bound: 96274.088967
[INFO]:[23:54:01] CPLEX solver finished. Gap: 71.160000
[INFO]:[23:54:01] Starting CPLEX solver on instance: /home/yorig/tuner/mpils-tests/instances/miplib/medium-1/momentum1.mps with config: /scratch/yorig/mpils-results-grid-seconds-5-no-mip-start/medium-1/16proc/seed-3/6_momentum1_seed-3_20260502_234804/iterated_local_search/run_5_worker_13/ils_config_1400535840773791312.prm
[INFO]:[23:54:01] Starting CPLEX solver on instance: /home/yorig/tuner/mpils-tests/instances/miplib/medium-1/momentum1.mps with config: /scratch/yorig/mpils-results-grid-seconds-5-no-mip-start/medium-1/16proc/seed-3/6_momentum1_seed-3_20260502_234804/iterated_local_search/run_5_worker_13/ils_config_1400535840773791312.prm
[INFO]:[23:54:06] CPLEX results. Gap: 69.790000, upper bound: 308145.786607, lower bound: 93098.336531
[INFO]:[23:54:06] CPLEX solver finished. Gap: 69.790000
[INFO]:[23:54:06] Starting CPLEX solver on instance: /home/yorig/tuner/mpils-tests/instances/miplib/medium-1/momentum1.mps with config: /scratch/yorig/mpils-results-grid-seconds-5-no-mip-start/medium-1/16proc/seed-3/6_momentum1_seed-3_20260502_234804/iterated_local_search/run_5_worker_13/ils_config_16700916498441019479.prm
[INFO]:[23:54:06] Starting CPLEX solver on instance: /home/yorig/tuner/mpils-tests/instances/miplib/medium-1/momentum1.mps with config: /scratch/yorig/mpils-results-grid-seconds-5-no-mip-start/medium-1/16proc/seed-3/6_momentum1_seed-3_20260502_234804/iterated_local_search/run_5_worker_13/ils_config_16700916498441019479.prm
[INFO]:[23:54:11] CPLEX results. Gap: 70.000000, upper bound: 320942.841440, lower bound: 96276.069784
[INFO]:[23:54:11] CPLEX solver finished. Gap: 70.000000
[INFO]:[23:54:11] Starting CPLEX solver on instance: /home/yorig/tuner/mpils-tests/instances/miplib/medium-1/momentum1.mps with config: /scratch/yorig/mpils-results-grid-seconds-5-no-mip-start/medium-1/16proc/seed-3/6_momentum1_seed-3_20260502_234804/iterated_local_search/run_5_worker_13/ils_config_13937687775815209825.prm
[INFO]:[23:54:11] Starting CPLEX solver on instance: /home/yorig/tuner/mpils-tests/instances/miplib/medium-1/momentum1.mps with config: /scratch/yorig/mpils-results-grid-seconds-5-no-mip-start/medium-1/16proc/seed-3/6_momentum1_seed-3_20260502_234804/iterated_local_search/run_5_worker_13/ils_config_13937687775815209825.prm
[INFO]:[23:54:16] CPLEX results. Gap: 71.240000, upper bound: 327396.196660, lower bound: 94173.928764
[INFO]:[23:54:16] CPLEX solver finished. Gap: 71.240000
[INFO]:[23:54:16] Starting CPLEX solver on instance: /home/yorig/tuner/mpils-tests/instances/miplib/medium-1/momentum1.mps with config: /scratch/yorig/mpils-results-grid-seconds-5-no-mip-start/medium-1/16proc/seed-3/6_momentum1_seed-3_20260502_234804/iterated_local_search/run_5_worker_13/ils_config_1236237236451889487.prm
[INFO]:[23:54:16] Starting CPLEX solver on instance: /home/yorig/tuner/mpils-tests/instances/miplib/medium-1/momentum1.mps with config: /scratch/yorig/mpils-results-grid-seconds-5-no-mip-start/medium-1/16proc/seed-3/6_momentum1_seed-3_20260502_234804/iterated_local_search/run_5_worker_13/ils_config_1236237236451889487.prm
[INFO]:[23:54:21] CPLEX results. Gap: 71.240000, upper bound: 327396.196660, lower bound: 94173.928764
[INFO]:[23:54:21] CPLEX solver finished. Gap: 71.240000
[INFO]:[23:54:21] Local search phase completed.
[INFO]:[23:54:21] Total number of new local-search evaluations: 18
[INFO]:[23:54:21] Final incumbent objective value: 69.79
[INFO]:[23:54:22] Worker 13 completed exploration phase.
[INFO]:[23:54:22] Worker 13 received order for step 2.
[INFO]:[23:54:22] Worker 13 running expansion phase for iteration 5.
[INFO]:[23:54:22] Worker 13 will use solver log file: /scratch/yorig/mpils-results-grid-seconds-5-no-mip-start/medium-1/16proc/seed-3/6_momentum1_seed-3_20260502_234804/solver/cplex.log_iteration_expansion_5_worker_13
[INFO]:[23:54:22] Expansion Worker 13 starting expansion for iteration 5.
[INFO]:[23:54:22] Starting CPLEX solver on instance: /home/yorig/tuner/mpils-tests/instances/miplib/medium-1/momentum1.mps with config: /scratch/yorig/mpils-results-grid-seconds-5-no-mip-start/medium-1/16proc/seed-3/6_momentum1_seed-3_20260502_234804/expansion/config_param_CPXPARAM_MIP_Limits_StrongCand_20_iter_5.prm
[INFO]:[23:54:27] CPLEX results. Gap: 16.710000, upper bound: 115583.310143, lower bound: 96265.949969
[INFO]:[23:54:27] CPLEX solver finished. Gap: 16.710000
[INFO]:[23:54:27] Starting CPLEX solver on instance: /home/yorig/tuner/mpils-tests/instances/miplib/medium-1/momentum1.mps with config: /scratch/yorig/mpils-results-grid-seconds-5-no-mip-start/medium-1/16proc/seed-3/6_momentum1_seed-3_20260502_234804/expansion/config_param_CPXPARAM_MIP_Limits_StrongCand_40_iter_5.prm
[INFO]:[23:54:32] CPLEX results. Gap: 16.710000, upper bound: 115583.310143, lower bound: 96265.949969
[INFO]:[23:54:32] CPLEX solver finished. Gap: 16.710000
[INFO]:[23:54:32] Expansion Worker 13 completed expansion.
[INFO]:[23:54:32] Worker 13 completed expansion phase.
[INFO]:[23:54:32] Worker 13 received order for step 1.
[INFO]:[23:54:32] Worker 13 running exploration phase for iteration 6.
[INFO]:[23:54:32] Worker 13 at iteration 6 will not use a MIP start file. Current best MIP-start upper bound threshold is 109148.
[INFO]:[23:54:32] Starting local search phase...
[INFO]:[23:54:32] Creating local search space from parameter space file: /scratch/yorig/mpils-results-grid-seconds-5-no-mip-start/medium-1/16proc/seed-3/6_momentum1_seed-3_20260502_234804/iterated_local_search/search_space/search_space_file_6_worker_13.txt
[INFO]:[23:54:32] Local search space loaded from file: /scratch/yorig/mpils-results-grid-seconds-5-no-mip-start/medium-1/16proc/seed-3/6_momentum1_seed-3_20260502_234804/iterated_local_search/search_space/search_space_file_6_worker_13.txt
[INFO]:[23:54:32] Number of parameters in local search space: 71
[INFO]:[23:54:32] Number of forbidden tuples in local search space: 29
[INFO]:[23:54:32] Number of conditionals in local search space: 6
[INFO]:[23:54:32] MIP start option not enabled. Local search will proceed without MIP start.
[INFO]:[23:54:32] Evaluating initial configuration for local search phase...
[INFO]:[23:54:32] Starting CPLEX solver on instance: /home/yorig/tuner/mpils-tests/instances/miplib/medium-1/momentum1.mps with config: /scratch/yorig/mpils-results-grid-seconds-5-no-mip-start/medium-1/16proc/seed-3/6_momentum1_seed-3_20260502_234804/iterated_local_search/run_6_worker_13/ils_config_8131618960333901135.prm
[INFO]:[23:54:32] Starting CPLEX solver on instance: /home/yorig/tuner/mpils-tests/instances/miplib/medium-1/momentum1.mps with config: /scratch/yorig/mpils-results-grid-seconds-5-no-mip-start/medium-1/16proc/seed-3/6_momentum1_seed-3_20260502_234804/iterated_local_search/run_6_worker_13/ils_config_8131618960333901135.prm
[INFO]:[23:54:37] CPLEX results. Gap: 78.360000, upper bound: 365999.377747, lower bound: 79212.347945
[INFO]:[23:54:37] CPLEX solver finished. Gap: 78.360000
[INFO]:[23:54:37] Initial configuration evaluated with objective value: 78.36
[INFO]:[23:54:37] Starting CPLEX solver on instance: /home/yorig/tuner/mpils-tests/instances/miplib/medium-1/momentum1.mps with config: /scratch/yorig/mpils-results-grid-seconds-5-no-mip-start/medium-1/16proc/seed-3/6_momentum1_seed-3_20260502_234804/iterated_local_search/run_6_worker_13/ils_config_7132925811261351754.prm
[INFO]:[23:54:37] Starting CPLEX solver on instance: /home/yorig/tuner/mpils-tests/instances/miplib/medium-1/momentum1.mps with config: /scratch/yorig/mpils-results-grid-seconds-5-no-mip-start/medium-1/16proc/seed-3/6_momentum1_seed-3_20260502_234804/iterated_local_search/run_6_worker_13/ils_config_7132925811261351754.prm
[INFO]:[23:54:43] CPLEX results. Gap: 78.360000, upper bound: 365999.377747, lower bound: 79212.347945
[INFO]:[23:54:43] CPLEX solver finished. Gap: 78.360000
[INFO]:[23:54:43] Starting CPLEX solver on instance: /home/yorig/tuner/mpils-tests/instances/miplib/medium-1/momentum1.mps with config: /scratch/yorig/mpils-results-grid-seconds-5-no-mip-start/medium-1/16proc/seed-3/6_momentum1_seed-3_20260502_234804/iterated_local_search/run_6_worker_13/ils_config_6888154405575419508.prm
[INFO]:[23:54:43] Starting CPLEX solver on instance: /home/yorig/tuner/mpils-tests/instances/miplib/medium-1/momentum1.mps with config: /scratch/yorig/mpils-results-grid-seconds-5-no-mip-start/medium-1/16proc/seed-3/6_momentum1_seed-3_20260502_234804/iterated_local_search/run_6_worker_13/ils_config_6888154405575419508.prm
[INFO]:[23:54:48] CPLEX results. Gap: 78.360000, upper bound: 365999.377747, lower bound: 79212.348540
[INFO]:[23:54:48] CPLEX solver finished. Gap: 78.360000
[INFO]:[23:54:48] Starting CPLEX solver on instance: /home/yorig/tuner/mpils-tests/instances/miplib/medium-1/momentum1.mps with config: /scratch/yorig/mpils-results-grid-seconds-5-no-mip-start/medium-1/16proc/seed-3/6_momentum1_seed-3_20260502_234804/iterated_local_search/run_6_worker_13/ils_config_9710370804833618790.prm
[INFO]:[23:54:48] Starting CPLEX solver on instance: /home/yorig/tuner/mpils-tests/instances/miplib/medium-1/momentum1.mps with config: /scratch/yorig/mpils-results-grid-seconds-5-no-mip-start/medium-1/16proc/seed-3/6_momentum1_seed-3_20260502_234804/iterated_local_search/run_6_worker_13/ils_config_9710370804833618790.prm
[INFO]:[23:54:53] CPLEX results. Gap: 78.360000, upper bound: 365999.377747, lower bound: 79212.347871
[INFO]:[23:54:53] CPLEX solver finished. Gap: 78.360000
[INFO]:[23:54:53] Starting CPLEX solver on instance: /home/yorig/tuner/mpils-tests/instances/miplib/medium-1/momentum1.mps with config: /scratch/yorig/mpils-results-grid-seconds-5-no-mip-start/medium-1/16proc/seed-3/6_momentum1_seed-3_20260502_234804/iterated_local_search/run_6_worker_13/ils_config_14436981747340842797.prm
[INFO]:[23:54:53] Starting CPLEX solver on instance: /home/yorig/tuner/mpils-tests/instances/miplib/medium-1/momentum1.mps with config: /scratch/yorig/mpils-results-grid-seconds-5-no-mip-start/medium-1/16proc/seed-3/6_momentum1_seed-3_20260502_234804/iterated_local_search/run_6_worker_13/ils_config_14436981747340842797.prm
[INFO]:[23:54:58] CPLEX results. Gap: 78.360000, upper bound: 365999.377747, lower bound: 79212.347858
[INFO]:[23:54:58] CPLEX solver finished. Gap: 78.360000
[INFO]:[23:54:58] Starting CPLEX solver on instance: /home/yorig/tuner/mpils-tests/instances/miplib/medium-1/momentum1.mps with config: /scratch/yorig/mpils-results-grid-seconds-5-no-mip-start/medium-1/16proc/seed-3/6_momentum1_seed-3_20260502_234804/iterated_local_search/run_6_worker_13/ils_config_4724940645436234900.prm
[INFO]:[23:54:58] Starting CPLEX solver on instance: /home/yorig/tuner/mpils-tests/instances/miplib/medium-1/momentum1.mps with config: /scratch/yorig/mpils-results-grid-seconds-5-no-mip-start/medium-1/16proc/seed-3/6_momentum1_seed-3_20260502_234804/iterated_local_search/run_6_worker_13/ils_config_4724940645436234900.prm
[INFO]:[23:55:03] CPLEX results. Gap: 78.360000, upper bound: 365999.377747, lower bound: 79212.347945
[INFO]:[23:55:03] CPLEX solver finished. Gap: 78.360000
[INFO]:[23:55:03] Starting CPLEX solver on instance: /home/yorig/tuner/mpils-tests/instances/miplib/medium-1/momentum1.mps with config: /scratch/yorig/mpils-results-grid-seconds-5-no-mip-start/medium-1/16proc/seed-3/6_momentum1_seed-3_20260502_234804/iterated_local_search/run_6_worker_13/ils_config_15594195531454157071.prm
[INFO]:[23:55:03] Starting CPLEX solver on instance: /home/yorig/tuner/mpils-tests/instances/miplib/medium-1/momentum1.mps with config: /scratch/yorig/mpils-results-grid-seconds-5-no-mip-start/medium-1/16proc/seed-3/6_momentum1_seed-3_20260502_234804/iterated_local_search/run_6_worker_13/ils_config_15594195531454157071.prm
[INFO]:[23:55:08] CPLEX results. Gap: 78.360000, upper bound: 365999.377747, lower bound: 79212.347945
[INFO]:[23:55:08] CPLEX solver finished. Gap: 78.360000
[INFO]:[23:55:08] Starting CPLEX solver on instance: /home/yorig/tuner/mpils-tests/instances/miplib/medium-1/momentum1.mps with config: /scratch/yorig/mpils-results-grid-seconds-5-no-mip-start/medium-1/16proc/seed-3/6_momentum1_seed-3_20260502_234804/iterated_local_search/run_6_worker_13/ils_config_15275083793066511923.prm
[INFO]:[23:55:08] Starting CPLEX solver on instance: /home/yorig/tuner/mpils-tests/instances/miplib/medium-1/momentum1.mps with config: /scratch/yorig/mpils-results-grid-seconds-5-no-mip-start/medium-1/16proc/seed-3/6_momentum1_seed-3_20260502_234804/iterated_local_search/run_6_worker_13/ils_config_15275083793066511923.prm
[INFO]:[23:55:13] CPLEX results. Gap: 78.360000, upper bound: 365999.377747, lower bound: 79212.100173
[INFO]:[23:55:13] CPLEX solver finished. Gap: 78.360000
[INFO]:[23:55:13] Starting CPLEX solver on instance: /home/yorig/tuner/mpils-tests/instances/miplib/medium-1/momentum1.mps with config: /scratch/yorig/mpils-results-grid-seconds-5-no-mip-start/medium-1/16proc/seed-3/6_momentum1_seed-3_20260502_234804/iterated_local_search/run_6_worker_13/ils_config_17824116492025545898.prm
[INFO]:[23:55:13] Starting CPLEX solver on instance: /home/yorig/tuner/mpils-tests/instances/miplib/medium-1/momentum1.mps with config: /scratch/yorig/mpils-results-grid-seconds-5-no-mip-start/medium-1/16proc/seed-3/6_momentum1_seed-3_20260502_234804/iterated_local_search/run_6_worker_13/ils_config_17824116492025545898.prm
[INFO]:[23:55:18] CPLEX results. Gap: 78.360000, upper bound: 365999.377747, lower bound: 79212.347945
[INFO]:[23:55:18] CPLEX solver finished. Gap: 78.360000
[INFO]:[23:55:18] Starting CPLEX solver on instance: /home/yorig/tuner/mpils-tests/instances/miplib/medium-1/momentum1.mps with config: /scratch/yorig/mpils-results-grid-seconds-5-no-mip-start/medium-1/16proc/seed-3/6_momentum1_seed-3_20260502_234804/iterated_local_search/run_6_worker_13/ils_config_5444162638245217662.prm
[INFO]:[23:55:18] Starting CPLEX solver on instance: /home/yorig/tuner/mpils-tests/instances/miplib/medium-1/momentum1.mps with config: /scratch/yorig/mpils-results-grid-seconds-5-no-mip-start/medium-1/16proc/seed-3/6_momentum1_seed-3_20260502_234804/iterated_local_search/run_6_worker_13/ils_config_5444162638245217662.prm
[INFO]:[23:55:23] CPLEX results. Gap: 78.360000, upper bound: 365999.377747, lower bound: 79212.347945
[INFO]:[23:55:23] CPLEX solver finished. Gap: 78.360000
[INFO]:[23:55:23] Starting CPLEX solver on instance: /home/yorig/tuner/mpils-tests/instances/miplib/medium-1/momentum1.mps with config: /scratch/yorig/mpils-results-grid-seconds-5-no-mip-start/medium-1/16proc/seed-3/6_momentum1_seed-3_20260502_234804/iterated_local_search/run_6_worker_13/ils_config_18422198443114718128.prm
[INFO]:[23:55:23] Starting CPLEX solver on instance: /home/yorig/tuner/mpils-tests/instances/miplib/medium-1/momentum1.mps with config: /scratch/yorig/mpils-results-grid-seconds-5-no-mip-start/medium-1/16proc/seed-3/6_momentum1_seed-3_20260502_234804/iterated_local_search/run_6_worker_13/ils_config_18422198443114718128.prm
[INFO]:[23:55:28] CPLEX results. Gap: 78.360000, upper bound: 365999.377747, lower bound: 79212.347945
[INFO]:[23:55:28] CPLEX solver finished. Gap: 78.360000
[INFO]:[23:55:28] Starting CPLEX solver on instance: /home/yorig/tuner/mpils-tests/instances/miplib/medium-1/momentum1.mps with config: /scratch/yorig/mpils-results-grid-seconds-5-no-mip-start/medium-1/16proc/seed-3/6_momentum1_seed-3_20260502_234804/iterated_local_search/run_6_worker_13/ils_config_4962029101332948776.prm
[INFO]:[23:55:28] Starting CPLEX solver on instance: /home/yorig/tuner/mpils-tests/instances/miplib/medium-1/momentum1.mps with config: /scratch/yorig/mpils-results-grid-seconds-5-no-mip-start/medium-1/16proc/seed-3/6_momentum1_seed-3_20260502_234804/iterated_local_search/run_6_worker_13/ils_config_4962029101332948776.prm
[INFO]:[23:55:33] CPLEX results. Gap: 78.360000, upper bound: 365999.377747, lower bound: 79212.347945
[INFO]:[23:55:33] CPLEX solver finished. Gap: 78.360000
[INFO]:[23:55:33] Starting CPLEX solver on instance: /home/yorig/tuner/mpils-tests/instances/miplib/medium-1/momentum1.mps with config: /scratch/yorig/mpils-results-grid-seconds-5-no-mip-start/medium-1/16proc/seed-3/6_momentum1_seed-3_20260502_234804/iterated_local_search/run_6_worker_13/ils_config_27691841823434874.prm
[INFO]:[23:55:33] Starting CPLEX solver on instance: /home/yorig/tuner/mpils-tests/instances/miplib/medium-1/momentum1.mps with config: /scratch/yorig/mpils-results-grid-seconds-5-no-mip-start/medium-1/16proc/seed-3/6_momentum1_seed-3_20260502_234804/iterated_local_search/run_6_worker_13/ils_config_27691841823434874.prm
[INFO]:[23:55:38] CPLEX results. Gap: 78.360000, upper bound: 365999.377747, lower bound: 79212.347945
[INFO]:[23:55:38] CPLEX solver finished. Gap: 78.360000
[INFO]:[23:55:38] Starting CPLEX solver on instance: /home/yorig/tuner/mpils-tests/instances/miplib/medium-1/momentum1.mps with config: /scratch/yorig/mpils-results-grid-seconds-5-no-mip-start/medium-1/16proc/seed-3/6_momentum1_seed-3_20260502_234804/iterated_local_search/run_6_worker_13/ils_config_10654678671771486695.prm
[INFO]:[23:55:38] Starting CPLEX solver on instance: /home/yorig/tuner/mpils-tests/instances/miplib/medium-1/momentum1.mps with config: /scratch/yorig/mpils-results-grid-seconds-5-no-mip-start/medium-1/16proc/seed-3/6_momentum1_seed-3_20260502_234804/iterated_local_search/run_6_worker_13/ils_config_10654678671771486695.prm
[INFO]:[23:55:43] CPLEX results. Gap: 78.360000, upper bound: 365999.377747, lower bound: 79212.347945
[INFO]:[23:55:43] CPLEX solver finished. Gap: 78.360000
[INFO]:[23:55:43] Starting CPLEX solver on instance: /home/yorig/tuner/mpils-tests/instances/miplib/medium-1/momentum1.mps with config: /scratch/yorig/mpils-results-grid-seconds-5-no-mip-start/medium-1/16proc/seed-3/6_momentum1_seed-3_20260502_234804/iterated_local_search/run_6_worker_13/ils_config_15661307499220617020.prm
[INFO]:[23:55:43] Starting CPLEX solver on instance: /home/yorig/tuner/mpils-tests/instances/miplib/medium-1/momentum1.mps with config: /scratch/yorig/mpils-results-grid-seconds-5-no-mip-start/medium-1/16proc/seed-3/6_momentum1_seed-3_20260502_234804/iterated_local_search/run_6_worker_13/ils_config_15661307499220617020.prm
[INFO]:[23:55:48] CPLEX results. Gap: 78.360000, upper bound: 365999.377747, lower bound: 79212.347860
[INFO]:[23:55:48] CPLEX solver finished. Gap: 78.360000
[INFO]:[23:55:48] Starting CPLEX solver on instance: /home/yorig/tuner/mpils-tests/instances/miplib/medium-1/momentum1.mps with config: /scratch/yorig/mpils-results-grid-seconds-5-no-mip-start/medium-1/16proc/seed-3/6_momentum1_seed-3_20260502_234804/iterated_local_search/run_6_worker_13/ils_config_1644482522314944785.prm
[INFO]:[23:55:48] Starting CPLEX solver on instance: /home/yorig/tuner/mpils-tests/instances/miplib/medium-1/momentum1.mps with config: /scratch/yorig/mpils-results-grid-seconds-5-no-mip-start/medium-1/16proc/seed-3/6_momentum1_seed-3_20260502_234804/iterated_local_search/run_6_worker_13/ils_config_1644482522314944785.prm
[INFO]:[23:55:53] CPLEX results. Gap: 78.360000, upper bound: 365999.377747, lower bound: 79212.347945
[INFO]:[23:55:53] CPLEX solver finished. Gap: 78.360000
[INFO]:[23:55:53] Starting CPLEX solver on instance: /home/yorig/tuner/mpils-tests/instances/miplib/medium-1/momentum1.mps with config: /scratch/yorig/mpils-results-grid-seconds-5-no-mip-start/medium-1/16proc/seed-3/6_momentum1_seed-3_20260502_234804/iterated_local_search/run_6_worker_13/ils_config_7697039609208649988.prm
[INFO]:[23:55:53] Starting CPLEX solver on instance: /home/yorig/tuner/mpils-tests/instances/miplib/medium-1/momentum1.mps with config: /scratch/yorig/mpils-results-grid-seconds-5-no-mip-start/medium-1/16proc/seed-3/6_momentum1_seed-3_20260502_234804/iterated_local_search/run_6_worker_13/ils_config_7697039609208649988.prm
[INFO]:[23:55:59] CPLEX results. Gap: 78.360000, upper bound: 365999.377747, lower bound: 79212.347945
[INFO]:[23:55:59] CPLEX solver finished. Gap: 78.360000
[INFO]:[23:55:59] Starting CPLEX solver on instance: /home/yorig/tuner/mpils-tests/instances/miplib/medium-1/momentum1.mps with config: /scratch/yorig/mpils-results-grid-seconds-5-no-mip-start/medium-1/16proc/seed-3/6_momentum1_seed-3_20260502_234804/iterated_local_search/run_6_worker_13/ils_config_1536667225971826216.prm
[INFO]:[23:55:59] Starting CPLEX solver on instance: /home/yorig/tuner/mpils-tests/instances/miplib/medium-1/momentum1.mps with config: /scratch/yorig/mpils-results-grid-seconds-5-no-mip-start/medium-1/16proc/seed-3/6_momentum1_seed-3_20260502_234804/iterated_local_search/run_6_worker_13/ils_config_1536667225971826216.prm
[INFO]:[23:56:04] CPLEX results. Gap: 78.360000, upper bound: 365999.377747, lower bound: 79212.347945
[INFO]:[23:56:04] CPLEX solver finished. Gap: 78.360000
[INFO]:[23:56:04] Local search phase completed.
[INFO]:[23:56:04] Total number of new local-search evaluations: 18
[INFO]:[23:56:04] Final incumbent objective value: 78.36
[INFO]:[23:56:05] Worker 13 completed exploration phase.
[INFO]:[23:56:05] Worker 13 received order for step 3.
[INFO]:[23:56:05] Worker 13 finished.
