[INFO]:[10:07:21] Worker 14 starting.
[INFO]:[10:07:21] Worker 14 received order for step 1.
[INFO]:[10:07:21] Worker 14 running exploration phase for iteration 1.
[INFO]:[10:07:21] Current MIP start info file not found: /scratch/yorig/mpils-results-grid-seconds-5/easy/24proc/seed-4/10_supportcase33_seed-4_20260503_100720/iterated_local_search/mip_start/current_mip_start_1.txt
[INFO]:[10:07:21] Worker 14 at iteration 1 will not use a MIP start file. Current best MIP-start upper bound threshold is 1.79769e+308.
[INFO]:[10:07:21] Starting local search phase...
[INFO]:[10:07:21] Creating local search space from parameter space file: /scratch/yorig/mpils-results-grid-seconds-5/easy/24proc/seed-4/10_supportcase33_seed-4_20260503_100720/iterated_local_search/search_space/search_space_file_1_worker_14.txt
[INFO]:[10:07:21] Local search space loaded from file: /scratch/yorig/mpils-results-grid-seconds-5/easy/24proc/seed-4/10_supportcase33_seed-4_20260503_100720/iterated_local_search/search_space/search_space_file_1_worker_14.txt
[INFO]:[10:07:21] Number of parameters in local search space: 71
[INFO]:[10:07:21] Number of forbidden tuples in local search space: 0
[INFO]:[10:07:21] Number of conditionals in local search space: 6
[INFO]:[10:07:21] MIP start option not enabled. Local search will proceed without MIP start.
[INFO]:[10:07:21] Evaluating initial configuration for local search phase...
[INFO]:[10:07:21] Starting CPLEX solver on instance: /home/yorig/tuner/mpils-tests/instances/miplib/easy/supportcase33.mps with config: /scratch/yorig/mpils-results-grid-seconds-5/easy/24proc/seed-4/10_supportcase33_seed-4_20260503_100720/iterated_local_search/run_1_worker_14/ils_config_2181981743119798512.prm
[INFO]:[10:07:21] Starting CPLEX solver on instance: /home/yorig/tuner/mpils-tests/instances/miplib/easy/supportcase33.mps with config: /scratch/yorig/mpils-results-grid-seconds-5/easy/24proc/seed-4/10_supportcase33_seed-4_20260503_100720/iterated_local_search/run_1_worker_14/ils_config_2181981743119798512.prm
[INFO]:[10:07:26] CPLEX results. Gap: 42.110000, upper bound: -285.000000, lower bound: -405.000000
[INFO]:[10:07:26] Writing MIP start file: /scratch/yorig/mpils-results-grid-seconds-5/easy/24proc/seed-4/10_supportcase33_seed-4_20260503_100720/iterated_local_search/run_1_worker_14/mip_starts/mip_start_eval_1_config_2181981743119798512.mst
[INFO]:[10:07:26] CPLEX solver finished. Gap: 42.110000
[INFO]:[10:07:26] Initial configuration evaluated with objective value: 42.11
[INFO]:[10:07:26] Starting CPLEX solver on instance: /home/yorig/tuner/mpils-tests/instances/miplib/easy/supportcase33.mps with config: /scratch/yorig/mpils-results-grid-seconds-5/easy/24proc/seed-4/10_supportcase33_seed-4_20260503_100720/iterated_local_search/run_1_worker_14/ils_config_12608309854765417794.prm
[INFO]:[10:07:26] Starting CPLEX solver on instance: /home/yorig/tuner/mpils-tests/instances/miplib/easy/supportcase33.mps with config: /scratch/yorig/mpils-results-grid-seconds-5/easy/24proc/seed-4/10_supportcase33_seed-4_20260503_100720/iterated_local_search/run_1_worker_14/ils_config_12608309854765417794.prm
[INFO]:[10:07:31] CPLEX results. Gap: 42.110000, upper bound: -285.000000, lower bound: -405.000000
[INFO]:[10:07:31] CPLEX solver finished. Gap: 42.110000
[INFO]:[10:07:31] Starting CPLEX solver on instance: /home/yorig/tuner/mpils-tests/instances/miplib/easy/supportcase33.mps with config: /scratch/yorig/mpils-results-grid-seconds-5/easy/24proc/seed-4/10_supportcase33_seed-4_20260503_100720/iterated_local_search/run_1_worker_14/ils_config_3217765822794501871.prm
[INFO]:[10:07:31] Starting CPLEX solver on instance: /home/yorig/tuner/mpils-tests/instances/miplib/easy/supportcase33.mps with config: /scratch/yorig/mpils-results-grid-seconds-5/easy/24proc/seed-4/10_supportcase33_seed-4_20260503_100720/iterated_local_search/run_1_worker_14/ils_config_3217765822794501871.prm
[INFO]:[10:07:37] CPLEX results. Gap: 19.120000, upper bound: -340.000000, lower bound: -405.000000
[INFO]:[10:07:37] Writing MIP start file: /scratch/yorig/mpils-results-grid-seconds-5/easy/24proc/seed-4/10_supportcase33_seed-4_20260503_100720/iterated_local_search/run_1_worker_14/mip_starts/mip_start_eval_3_config_3217765822794501871.mst
[INFO]:[10:07:37] CPLEX solver finished. Gap: 19.120000
[INFO]:[10:07:37] New incumbent found with objective value: 19.12
[INFO]:[10:07:37] Starting CPLEX solver on instance: /home/yorig/tuner/mpils-tests/instances/miplib/easy/supportcase33.mps with config: /scratch/yorig/mpils-results-grid-seconds-5/easy/24proc/seed-4/10_supportcase33_seed-4_20260503_100720/iterated_local_search/run_1_worker_14/ils_config_610091166999730672.prm
[INFO]:[10:07:37] Starting CPLEX solver on instance: /home/yorig/tuner/mpils-tests/instances/miplib/easy/supportcase33.mps with config: /scratch/yorig/mpils-results-grid-seconds-5/easy/24proc/seed-4/10_supportcase33_seed-4_20260503_100720/iterated_local_search/run_1_worker_14/ils_config_610091166999730672.prm
[INFO]:[10:07:42] CPLEX results. Gap: 34.570000, upper bound: -310.000000, lower bound: -417.166667
[INFO]:[10:07:42] CPLEX solver finished. Gap: 34.570000
[INFO]:[10:07:42] Starting CPLEX solver on instance: /home/yorig/tuner/mpils-tests/instances/miplib/easy/supportcase33.mps with config: /scratch/yorig/mpils-results-grid-seconds-5/easy/24proc/seed-4/10_supportcase33_seed-4_20260503_100720/iterated_local_search/run_1_worker_14/ils_config_8950816208318797722.prm
[INFO]:[10:07:42] Starting CPLEX solver on instance: /home/yorig/tuner/mpils-tests/instances/miplib/easy/supportcase33.mps with config: /scratch/yorig/mpils-results-grid-seconds-5/easy/24proc/seed-4/10_supportcase33_seed-4_20260503_100720/iterated_local_search/run_1_worker_14/ils_config_8950816208318797722.prm
[INFO]:[10:07:47] CPLEX results. Gap: 26.870000, upper bound: -335.000000, lower bound: -425.000000
[INFO]:[10:07:47] CPLEX solver finished. Gap: 26.870000
[INFO]:[10:07:47] Starting CPLEX solver on instance: /home/yorig/tuner/mpils-tests/instances/miplib/easy/supportcase33.mps with config: /scratch/yorig/mpils-results-grid-seconds-5/easy/24proc/seed-4/10_supportcase33_seed-4_20260503_100720/iterated_local_search/run_1_worker_14/ils_config_10489125994556069822.prm
[INFO]:[10:07:47] Starting CPLEX solver on instance: /home/yorig/tuner/mpils-tests/instances/miplib/easy/supportcase33.mps with config: /scratch/yorig/mpils-results-grid-seconds-5/easy/24proc/seed-4/10_supportcase33_seed-4_20260503_100720/iterated_local_search/run_1_worker_14/ils_config_10489125994556069822.prm
[INFO]:[10:07:52] CPLEX results. Gap: 29.020000, upper bound: -335.000000, lower bound: -432.221535
[INFO]:[10:07:52] CPLEX solver finished. Gap: 29.020000
[INFO]:[10:07:52] Starting CPLEX solver on instance: /home/yorig/tuner/mpils-tests/instances/miplib/easy/supportcase33.mps with config: /scratch/yorig/mpils-results-grid-seconds-5/easy/24proc/seed-4/10_supportcase33_seed-4_20260503_100720/iterated_local_search/run_1_worker_14/ils_config_5604464479652473009.prm
[INFO]:[10:07:52] Starting CPLEX solver on instance: /home/yorig/tuner/mpils-tests/instances/miplib/easy/supportcase33.mps with config: /scratch/yorig/mpils-results-grid-seconds-5/easy/24proc/seed-4/10_supportcase33_seed-4_20260503_100720/iterated_local_search/run_1_worker_14/ils_config_5604464479652473009.prm
[INFO]:[10:07:57] CPLEX results. Gap: 25.230000, upper bound: -325.000000, lower bound: -407.000000
[INFO]:[10:07:57] CPLEX solver finished. Gap: 25.230000
[INFO]:[10:07:57] Starting CPLEX solver on instance: /home/yorig/tuner/mpils-tests/instances/miplib/easy/supportcase33.mps with config: /scratch/yorig/mpils-results-grid-seconds-5/easy/24proc/seed-4/10_supportcase33_seed-4_20260503_100720/iterated_local_search/run_1_worker_14/ils_config_3649382644632719006.prm
[INFO]:[10:07:57] Starting CPLEX solver on instance: /home/yorig/tuner/mpils-tests/instances/miplib/easy/supportcase33.mps with config: /scratch/yorig/mpils-results-grid-seconds-5/easy/24proc/seed-4/10_supportcase33_seed-4_20260503_100720/iterated_local_search/run_1_worker_14/ils_config_3649382644632719006.prm
[INFO]:[10:08:02] CPLEX results. Gap: 19.120000, upper bound: -340.000000, lower bound: -405.000000
[INFO]:[10:08:02] CPLEX solver finished. Gap: 19.120000
[INFO]:[10:08:02] Starting CPLEX solver on instance: /home/yorig/tuner/mpils-tests/instances/miplib/easy/supportcase33.mps with config: /scratch/yorig/mpils-results-grid-seconds-5/easy/24proc/seed-4/10_supportcase33_seed-4_20260503_100720/iterated_local_search/run_1_worker_14/ils_config_463819597384549403.prm
[INFO]:[10:08:02] Starting CPLEX solver on instance: /home/yorig/tuner/mpils-tests/instances/miplib/easy/supportcase33.mps with config: /scratch/yorig/mpils-results-grid-seconds-5/easy/24proc/seed-4/10_supportcase33_seed-4_20260503_100720/iterated_local_search/run_1_worker_14/ils_config_463819597384549403.prm
[INFO]:[10:08:07] CPLEX results. Gap: 19.120000, upper bound: -340.000000, lower bound: -405.000000
[INFO]:[10:08:07] CPLEX solver finished. Gap: 19.120000
[INFO]:[10:08:07] Starting CPLEX solver on instance: /home/yorig/tuner/mpils-tests/instances/miplib/easy/supportcase33.mps with config: /scratch/yorig/mpils-results-grid-seconds-5/easy/24proc/seed-4/10_supportcase33_seed-4_20260503_100720/iterated_local_search/run_1_worker_14/ils_config_3218368659911292533.prm
[INFO]:[10:08:07] Starting CPLEX solver on instance: /home/yorig/tuner/mpils-tests/instances/miplib/easy/supportcase33.mps with config: /scratch/yorig/mpils-results-grid-seconds-5/easy/24proc/seed-4/10_supportcase33_seed-4_20260503_100720/iterated_local_search/run_1_worker_14/ils_config_3218368659911292533.prm
[INFO]:[10:08:13] CPLEX results. Gap: 41.940000, upper bound: -310.000000, lower bound: -440.000000
[INFO]:[10:08:13] CPLEX solver finished. Gap: 41.940000
[INFO]:[10:08:13] Starting CPLEX solver on instance: /home/yorig/tuner/mpils-tests/instances/miplib/easy/supportcase33.mps with config: /scratch/yorig/mpils-results-grid-seconds-5/easy/24proc/seed-4/10_supportcase33_seed-4_20260503_100720/iterated_local_search/run_1_worker_14/ils_config_14278151744708029833.prm
[INFO]:[10:08:13] Starting CPLEX solver on instance: /home/yorig/tuner/mpils-tests/instances/miplib/easy/supportcase33.mps with config: /scratch/yorig/mpils-results-grid-seconds-5/easy/24proc/seed-4/10_supportcase33_seed-4_20260503_100720/iterated_local_search/run_1_worker_14/ils_config_14278151744708029833.prm
[INFO]:[10:08:18] CPLEX results. Gap: 19.120000, upper bound: -340.000000, lower bound: -405.000000
[INFO]:[10:08:18] CPLEX solver finished. Gap: 19.120000
[INFO]:[10:08:18] Starting CPLEX solver on instance: /home/yorig/tuner/mpils-tests/instances/miplib/easy/supportcase33.mps with config: /scratch/yorig/mpils-results-grid-seconds-5/easy/24proc/seed-4/10_supportcase33_seed-4_20260503_100720/iterated_local_search/run_1_worker_14/ils_config_13326107816639286143.prm
[INFO]:[10:08:18] Starting CPLEX solver on instance: /home/yorig/tuner/mpils-tests/instances/miplib/easy/supportcase33.mps with config: /scratch/yorig/mpils-results-grid-seconds-5/easy/24proc/seed-4/10_supportcase33_seed-4_20260503_100720/iterated_local_search/run_1_worker_14/ils_config_13326107816639286143.prm
[INFO]:[10:08:23] CPLEX results. Gap: 31.290000, upper bound: -310.000000, lower bound: -407.000000
[INFO]:[10:08:23] CPLEX solver finished. Gap: 31.290000
[INFO]:[10:08:23] Starting CPLEX solver on instance: /home/yorig/tuner/mpils-tests/instances/miplib/easy/supportcase33.mps with config: /scratch/yorig/mpils-results-grid-seconds-5/easy/24proc/seed-4/10_supportcase33_seed-4_20260503_100720/iterated_local_search/run_1_worker_14/ils_config_15769137447795073336.prm
[INFO]:[10:08:23] Starting CPLEX solver on instance: /home/yorig/tuner/mpils-tests/instances/miplib/easy/supportcase33.mps with config: /scratch/yorig/mpils-results-grid-seconds-5/easy/24proc/seed-4/10_supportcase33_seed-4_20260503_100720/iterated_local_search/run_1_worker_14/ils_config_15769137447795073336.prm
[INFO]:[10:08:28] CPLEX results. Gap: 19.120000, upper bound: -340.000000, lower bound: -405.000000
[INFO]:[10:08:28] CPLEX solver finished. Gap: 19.120000
[INFO]:[10:08:28] Starting CPLEX solver on instance: /home/yorig/tuner/mpils-tests/instances/miplib/easy/supportcase33.mps with config: /scratch/yorig/mpils-results-grid-seconds-5/easy/24proc/seed-4/10_supportcase33_seed-4_20260503_100720/iterated_local_search/run_1_worker_14/ils_config_2689415331303486140.prm
[INFO]:[10:08:28] Starting CPLEX solver on instance: /home/yorig/tuner/mpils-tests/instances/miplib/easy/supportcase33.mps with config: /scratch/yorig/mpils-results-grid-seconds-5/easy/24proc/seed-4/10_supportcase33_seed-4_20260503_100720/iterated_local_search/run_1_worker_14/ils_config_2689415331303486140.prm
[INFO]:[10:08:33] CPLEX results. Gap: 19.120000, upper bound: -340.000000, lower bound: -405.000000
[INFO]:[10:08:33] CPLEX solver finished. Gap: 19.120000
[INFO]:[10:08:33] Starting CPLEX solver on instance: /home/yorig/tuner/mpils-tests/instances/miplib/easy/supportcase33.mps with config: /scratch/yorig/mpils-results-grid-seconds-5/easy/24proc/seed-4/10_supportcase33_seed-4_20260503_100720/iterated_local_search/run_1_worker_14/ils_config_3563994113168410413.prm
[INFO]:[10:08:33] Starting CPLEX solver on instance: /home/yorig/tuner/mpils-tests/instances/miplib/easy/supportcase33.mps with config: /scratch/yorig/mpils-results-grid-seconds-5/easy/24proc/seed-4/10_supportcase33_seed-4_20260503_100720/iterated_local_search/run_1_worker_14/ils_config_3563994113168410413.prm
[INFO]:[10:08:38] CPLEX results. Gap: 37.100000, upper bound: -310.000000, lower bound: -425.000000
[INFO]:[10:08:38] CPLEX solver finished. Gap: 37.100000
[INFO]:[10:08:38] Starting CPLEX solver on instance: /home/yorig/tuner/mpils-tests/instances/miplib/easy/supportcase33.mps with config: /scratch/yorig/mpils-results-grid-seconds-5/easy/24proc/seed-4/10_supportcase33_seed-4_20260503_100720/iterated_local_search/run_1_worker_14/ils_config_11413322564310824142.prm
[INFO]:[10:08:38] Starting CPLEX solver on instance: /home/yorig/tuner/mpils-tests/instances/miplib/easy/supportcase33.mps with config: /scratch/yorig/mpils-results-grid-seconds-5/easy/24proc/seed-4/10_supportcase33_seed-4_20260503_100720/iterated_local_search/run_1_worker_14/ils_config_11413322564310824142.prm
[INFO]:[10:08:43] CPLEX results. Gap: 19.120000, upper bound: -340.000000, lower bound: -405.000000
[INFO]:[10:08:43] CPLEX solver finished. Gap: 19.120000
[INFO]:[10:08:43] Starting CPLEX solver on instance: /home/yorig/tuner/mpils-tests/instances/miplib/easy/supportcase33.mps with config: /scratch/yorig/mpils-results-grid-seconds-5/easy/24proc/seed-4/10_supportcase33_seed-4_20260503_100720/iterated_local_search/run_1_worker_14/ils_config_14395768515449196304.prm
[INFO]:[10:08:43] Starting CPLEX solver on instance: /home/yorig/tuner/mpils-tests/instances/miplib/easy/supportcase33.mps with config: /scratch/yorig/mpils-results-grid-seconds-5/easy/24proc/seed-4/10_supportcase33_seed-4_20260503_100720/iterated_local_search/run_1_worker_14/ils_config_14395768515449196304.prm
[INFO]:[10:08:48] CPLEX results. Gap: 33.330000, upper bound: -315.000000, lower bound: -420.000000
[INFO]:[10:08:48] CPLEX solver finished. Gap: 33.330000
[INFO]:[10:08:48] Starting CPLEX solver on instance: /home/yorig/tuner/mpils-tests/instances/miplib/easy/supportcase33.mps with config: /scratch/yorig/mpils-results-grid-seconds-5/easy/24proc/seed-4/10_supportcase33_seed-4_20260503_100720/iterated_local_search/run_1_worker_14/ils_config_13441814629751741532.prm
[INFO]:[10:08:48] Starting CPLEX solver on instance: /home/yorig/tuner/mpils-tests/instances/miplib/easy/supportcase33.mps with config: /scratch/yorig/mpils-results-grid-seconds-5/easy/24proc/seed-4/10_supportcase33_seed-4_20260503_100720/iterated_local_search/run_1_worker_14/ils_config_13441814629751741532.prm
[INFO]:[10:08:53] CPLEX results. Gap: 19.120000, upper bound: -340.000000, lower bound: -405.000000
[INFO]:[10:08:53] CPLEX solver finished. Gap: 19.120000
[INFO]:[10:08:53] Starting CPLEX solver on instance: /home/yorig/tuner/mpils-tests/instances/miplib/easy/supportcase33.mps with config: /scratch/yorig/mpils-results-grid-seconds-5/easy/24proc/seed-4/10_supportcase33_seed-4_20260503_100720/iterated_local_search/run_1_worker_14/ils_config_13926438023027353368.prm
[INFO]:[10:08:53] Starting CPLEX solver on instance: /home/yorig/tuner/mpils-tests/instances/miplib/easy/supportcase33.mps with config: /scratch/yorig/mpils-results-grid-seconds-5/easy/24proc/seed-4/10_supportcase33_seed-4_20260503_100720/iterated_local_search/run_1_worker_14/ils_config_13926438023027353368.prm
[INFO]:[10:08:59] CPLEX results. Gap: 50.000000, upper bound: -280.000000, lower bound: -420.000000
[INFO]:[10:08:59] CPLEX solver finished. Gap: 50.000000
[INFO]:[10:08:59] Starting CPLEX solver on instance: /home/yorig/tuner/mpils-tests/instances/miplib/easy/supportcase33.mps with config: /scratch/yorig/mpils-results-grid-seconds-5/easy/24proc/seed-4/10_supportcase33_seed-4_20260503_100720/iterated_local_search/run_1_worker_14/ils_config_10405911180199402502.prm
[INFO]:[10:08:59] Starting CPLEX solver on instance: /home/yorig/tuner/mpils-tests/instances/miplib/easy/supportcase33.mps with config: /scratch/yorig/mpils-results-grid-seconds-5/easy/24proc/seed-4/10_supportcase33_seed-4_20260503_100720/iterated_local_search/run_1_worker_14/ils_config_10405911180199402502.prm
[INFO]:[10:09:04] CPLEX results. Gap: 19.120000, upper bound: -340.000000, lower bound: -405.000000
[INFO]:[10:09:04] CPLEX solver finished. Gap: 19.120000
[INFO]:[10:09:04] Local search phase completed.
[INFO]:[10:09:04] Total number of new local-search evaluations: 20
[INFO]:[10:09:04] Final incumbent objective value: 19.12
[INFO]:[10:09:13] Worker 14 completed exploration phase.
[INFO]:[10:09:13] Worker 14 received order for step 2.
[INFO]:[10:09:13] Worker 14 running expansion phase for iteration 1.
[INFO]:[10:09:13] Worker 14 will use solver log file: /scratch/yorig/mpils-results-grid-seconds-5/easy/24proc/seed-4/10_supportcase33_seed-4_20260503_100720/solver/cplex.log_iteration_expansion_1_worker_14
[INFO]:[10:09:13] Expansion Worker 14 starting expansion for iteration 1.
[INFO]:[10:09:13] Starting CPLEX solver on instance: /home/yorig/tuner/mpils-tests/instances/miplib/easy/supportcase33.mps with config: /scratch/yorig/mpils-results-grid-seconds-5/easy/24proc/seed-4/10_supportcase33_seed-4_20260503_100720/expansion/config_param_CPXPARAM_MIP_Strategy_RINSHeur_60_iter_1.prm
[INFO]:[10:09:18] CPLEX results. Gap: 20.110000, upper bound: -315.000000, lower bound: -378.333333
[INFO]:[10:09:18] CPLEX solver finished. Gap: 20.110000
[INFO]:[10:09:18] Expansion Worker 14 stopping early after global MPI expansion stop was activated.
[INFO]:[10:09:18] Expansion Worker 14 completed expansion.
[INFO]:[10:09:18] Worker 14 completed expansion phase.
[INFO]:[10:09:19] Worker 14 received order for step 1.
[INFO]:[10:09:19] Worker 14 running exploration phase for iteration 2.
[INFO]:[10:09:19] Worker 14 at iteration 2 will not use a MIP start file. Current best MIP-start upper bound threshold is -345.
[INFO]:[10:09:19] Starting local search phase...
[INFO]:[10:09:19] Creating local search space from parameter space file: /scratch/yorig/mpils-results-grid-seconds-5/easy/24proc/seed-4/10_supportcase33_seed-4_20260503_100720/iterated_local_search/search_space/search_space_file_2_worker_14.txt
[INFO]:[10:09:19] Local search space loaded from file: /scratch/yorig/mpils-results-grid-seconds-5/easy/24proc/seed-4/10_supportcase33_seed-4_20260503_100720/iterated_local_search/search_space/search_space_file_2_worker_14.txt
[INFO]:[10:09:19] Number of parameters in local search space: 71
[INFO]:[10:09:19] Number of forbidden tuples in local search space: 26
[INFO]:[10:09:19] Number of conditionals in local search space: 6
[INFO]:[10:09:19] MIP start option not enabled. Local search will proceed without MIP start.
[INFO]:[10:09:19] Evaluating initial configuration for local search phase...
[INFO]:[10:09:19] Starting CPLEX solver on instance: /home/yorig/tuner/mpils-tests/instances/miplib/easy/supportcase33.mps with config: /scratch/yorig/mpils-results-grid-seconds-5/easy/24proc/seed-4/10_supportcase33_seed-4_20260503_100720/iterated_local_search/run_2_worker_14/ils_config_5229706008015631807.prm
[INFO]:[10:09:19] Starting CPLEX solver on instance: /home/yorig/tuner/mpils-tests/instances/miplib/easy/supportcase33.mps with config: /scratch/yorig/mpils-results-grid-seconds-5/easy/24proc/seed-4/10_supportcase33_seed-4_20260503_100720/iterated_local_search/run_2_worker_14/ils_config_5229706008015631807.prm
[INFO]:[10:09:24] CPLEX results. Gap: 1075000000000000.000000, upper bound: 0.000000, lower bound: -1075.000000
[INFO]:[10:09:24] CPLEX solver finished. Gap: 1075000000000000.000000
[INFO]:[10:09:24] Initial configuration evaluated with objective value: 1.075e+15
[INFO]:[10:09:24] Starting CPLEX solver on instance: /home/yorig/tuner/mpils-tests/instances/miplib/easy/supportcase33.mps with config: /scratch/yorig/mpils-results-grid-seconds-5/easy/24proc/seed-4/10_supportcase33_seed-4_20260503_100720/iterated_local_search/run_2_worker_14/ils_config_57522323975610209.prm
[INFO]:[10:09:24] Starting CPLEX solver on instance: /home/yorig/tuner/mpils-tests/instances/miplib/easy/supportcase33.mps with config: /scratch/yorig/mpils-results-grid-seconds-5/easy/24proc/seed-4/10_supportcase33_seed-4_20260503_100720/iterated_local_search/run_2_worker_14/ils_config_57522323975610209.prm
[INFO]:[10:09:29] CPLEX results. Gap: 1075000000000000.000000, upper bound: 0.000000, lower bound: -1075.000000
[INFO]:[10:09:29] CPLEX solver finished. Gap: 1075000000000000.000000
[INFO]:[10:09:29] Starting CPLEX solver on instance: /home/yorig/tuner/mpils-tests/instances/miplib/easy/supportcase33.mps with config: /scratch/yorig/mpils-results-grid-seconds-5/easy/24proc/seed-4/10_supportcase33_seed-4_20260503_100720/iterated_local_search/run_2_worker_14/ils_config_387838341781782821.prm
[INFO]:[10:09:29] Starting CPLEX solver on instance: /home/yorig/tuner/mpils-tests/instances/miplib/easy/supportcase33.mps with config: /scratch/yorig/mpils-results-grid-seconds-5/easy/24proc/seed-4/10_supportcase33_seed-4_20260503_100720/iterated_local_search/run_2_worker_14/ils_config_387838341781782821.prm
[INFO]:[10:09:34] CPLEX results. Gap: 1075000000000000.000000, upper bound: 0.000000, lower bound: -1075.000000
[INFO]:[10:09:34] CPLEX solver finished. Gap: 1075000000000000.000000
[INFO]:[10:09:34] Starting CPLEX solver on instance: /home/yorig/tuner/mpils-tests/instances/miplib/easy/supportcase33.mps with config: /scratch/yorig/mpils-results-grid-seconds-5/easy/24proc/seed-4/10_supportcase33_seed-4_20260503_100720/iterated_local_search/run_2_worker_14/ils_config_11025241188469643279.prm
[INFO]:[10:09:34] Starting CPLEX solver on instance: /home/yorig/tuner/mpils-tests/instances/miplib/easy/supportcase33.mps with config: /scratch/yorig/mpils-results-grid-seconds-5/easy/24proc/seed-4/10_supportcase33_seed-4_20260503_100720/iterated_local_search/run_2_worker_14/ils_config_11025241188469643279.prm
[INFO]:[10:09:39] CPLEX results. Gap: 1075000000000000.000000, upper bound: 0.000000, lower bound: -1075.000000
[INFO]:[10:09:39] CPLEX solver finished. Gap: 1075000000000000.000000
[INFO]:[10:09:39] Starting CPLEX solver on instance: /home/yorig/tuner/mpils-tests/instances/miplib/easy/supportcase33.mps with config: /scratch/yorig/mpils-results-grid-seconds-5/easy/24proc/seed-4/10_supportcase33_seed-4_20260503_100720/iterated_local_search/run_2_worker_14/ils_config_8179752449812216558.prm
[INFO]:[10:09:39] Starting CPLEX solver on instance: /home/yorig/tuner/mpils-tests/instances/miplib/easy/supportcase33.mps with config: /scratch/yorig/mpils-results-grid-seconds-5/easy/24proc/seed-4/10_supportcase33_seed-4_20260503_100720/iterated_local_search/run_2_worker_14/ils_config_8179752449812216558.prm
[INFO]:[10:09:44] CPLEX results. Gap: 1075000000000000.000000, upper bound: 0.000000, lower bound: -1075.000000
[INFO]:[10:09:44] CPLEX solver finished. Gap: 1075000000000000.000000
[INFO]:[10:09:44] Starting CPLEX solver on instance: /home/yorig/tuner/mpils-tests/instances/miplib/easy/supportcase33.mps with config: /scratch/yorig/mpils-results-grid-seconds-5/easy/24proc/seed-4/10_supportcase33_seed-4_20260503_100720/iterated_local_search/run_2_worker_14/ils_config_3296601348942846959.prm
[INFO]:[10:09:44] Starting CPLEX solver on instance: /home/yorig/tuner/mpils-tests/instances/miplib/easy/supportcase33.mps with config: /scratch/yorig/mpils-results-grid-seconds-5/easy/24proc/seed-4/10_supportcase33_seed-4_20260503_100720/iterated_local_search/run_2_worker_14/ils_config_3296601348942846959.prm
[INFO]:[10:09:49] CPLEX results. Gap: 1075000000000000.000000, upper bound: 0.000000, lower bound: -1075.000000
[INFO]:[10:09:49] CPLEX solver finished. Gap: 1075000000000000.000000
[INFO]:[10:09:49] Starting CPLEX solver on instance: /home/yorig/tuner/mpils-tests/instances/miplib/easy/supportcase33.mps with config: /scratch/yorig/mpils-results-grid-seconds-5/easy/24proc/seed-4/10_supportcase33_seed-4_20260503_100720/iterated_local_search/run_2_worker_14/ils_config_15339225773242870660.prm
[INFO]:[10:09:49] Starting CPLEX solver on instance: /home/yorig/tuner/mpils-tests/instances/miplib/easy/supportcase33.mps with config: /scratch/yorig/mpils-results-grid-seconds-5/easy/24proc/seed-4/10_supportcase33_seed-4_20260503_100720/iterated_local_search/run_2_worker_14/ils_config_15339225773242870660.prm
[INFO]:[10:09:54] CPLEX results. Gap: 1075000000000000.000000, upper bound: 0.000000, lower bound: -1075.000000
[INFO]:[10:09:54] CPLEX solver finished. Gap: 1075000000000000.000000
[INFO]:[10:09:54] Starting CPLEX solver on instance: /home/yorig/tuner/mpils-tests/instances/miplib/easy/supportcase33.mps with config: /scratch/yorig/mpils-results-grid-seconds-5/easy/24proc/seed-4/10_supportcase33_seed-4_20260503_100720/iterated_local_search/run_2_worker_14/ils_config_12407837186324374150.prm
[INFO]:[10:09:54] Starting CPLEX solver on instance: /home/yorig/tuner/mpils-tests/instances/miplib/easy/supportcase33.mps with config: /scratch/yorig/mpils-results-grid-seconds-5/easy/24proc/seed-4/10_supportcase33_seed-4_20260503_100720/iterated_local_search/run_2_worker_14/ils_config_12407837186324374150.prm
[INFO]:[10:09:59] CPLEX results. Gap: 1075000000000000.000000, upper bound: 0.000000, lower bound: -1075.000000
[INFO]:[10:09:59] CPLEX solver finished. Gap: 1075000000000000.000000
[INFO]:[10:09:59] Starting CPLEX solver on instance: /home/yorig/tuner/mpils-tests/instances/miplib/easy/supportcase33.mps with config: /scratch/yorig/mpils-results-grid-seconds-5/easy/24proc/seed-4/10_supportcase33_seed-4_20260503_100720/iterated_local_search/run_2_worker_14/ils_config_9827498217023289703.prm
[INFO]:[10:09:59] Starting CPLEX solver on instance: /home/yorig/tuner/mpils-tests/instances/miplib/easy/supportcase33.mps with config: /scratch/yorig/mpils-results-grid-seconds-5/easy/24proc/seed-4/10_supportcase33_seed-4_20260503_100720/iterated_local_search/run_2_worker_14/ils_config_9827498217023289703.prm
[INFO]:[10:10:05] CPLEX results. Gap: 1075000000000000.000000, upper bound: 0.000000, lower bound: -1075.000000
[INFO]:[10:10:05] CPLEX solver finished. Gap: 1075000000000000.000000
[INFO]:[10:10:05] Starting CPLEX solver on instance: /home/yorig/tuner/mpils-tests/instances/miplib/easy/supportcase33.mps with config: /scratch/yorig/mpils-results-grid-seconds-5/easy/24proc/seed-4/10_supportcase33_seed-4_20260503_100720/iterated_local_search/run_2_worker_14/ils_config_13580673275700661619.prm
[INFO]:[10:10:05] Starting CPLEX solver on instance: /home/yorig/tuner/mpils-tests/instances/miplib/easy/supportcase33.mps with config: /scratch/yorig/mpils-results-grid-seconds-5/easy/24proc/seed-4/10_supportcase33_seed-4_20260503_100720/iterated_local_search/run_2_worker_14/ils_config_13580673275700661619.prm
[INFO]:[10:10:10] CPLEX results. Gap: 1075000000000000.000000, upper bound: 0.000000, lower bound: -1075.000000
[INFO]:[10:10:10] CPLEX solver finished. Gap: 1075000000000000.000000
[INFO]:[10:10:10] Starting CPLEX solver on instance: /home/yorig/tuner/mpils-tests/instances/miplib/easy/supportcase33.mps with config: /scratch/yorig/mpils-results-grid-seconds-5/easy/24proc/seed-4/10_supportcase33_seed-4_20260503_100720/iterated_local_search/run_2_worker_14/ils_config_5303025778952339830.prm
[INFO]:[10:10:10] Starting CPLEX solver on instance: /home/yorig/tuner/mpils-tests/instances/miplib/easy/supportcase33.mps with config: /scratch/yorig/mpils-results-grid-seconds-5/easy/24proc/seed-4/10_supportcase33_seed-4_20260503_100720/iterated_local_search/run_2_worker_14/ils_config_5303025778952339830.prm
[INFO]:[10:10:15] CPLEX results. Gap: 1075000000000000.000000, upper bound: 0.000000, lower bound: -1075.000000
[INFO]:[10:10:15] CPLEX solver finished. Gap: 1075000000000000.000000
[INFO]:[10:10:15] Starting CPLEX solver on instance: /home/yorig/tuner/mpils-tests/instances/miplib/easy/supportcase33.mps with config: /scratch/yorig/mpils-results-grid-seconds-5/easy/24proc/seed-4/10_supportcase33_seed-4_20260503_100720/iterated_local_search/run_2_worker_14/ils_config_17048248522362045168.prm
[INFO]:[10:10:15] Starting CPLEX solver on instance: /home/yorig/tuner/mpils-tests/instances/miplib/easy/supportcase33.mps with config: /scratch/yorig/mpils-results-grid-seconds-5/easy/24proc/seed-4/10_supportcase33_seed-4_20260503_100720/iterated_local_search/run_2_worker_14/ils_config_17048248522362045168.prm
[INFO]:[10:10:20] CPLEX results. Gap: 1075000000000000.000000, upper bound: 0.000000, lower bound: -1075.000000
[INFO]:[10:10:20] CPLEX solver finished. Gap: 1075000000000000.000000
[INFO]:[10:10:20] Local search phase completed.
[INFO]:[10:10:20] Total number of new local-search evaluations: 12
[INFO]:[10:10:20] Final incumbent objective value: 1.075e+15
[INFO]:[10:10:23] Worker 14 completed exploration phase.
[INFO]:[10:10:23] Worker 14 received order for step 2.
[INFO]:[10:10:23] Worker 14 running expansion phase for iteration 2.
[INFO]:[10:10:23] Worker 14 will use solver log file: /scratch/yorig/mpils-results-grid-seconds-5/easy/24proc/seed-4/10_supportcase33_seed-4_20260503_100720/solver/cplex.log_iteration_expansion_2_worker_14
[INFO]:[10:10:23] Expansion Worker 14 starting expansion for iteration 2.
[INFO]:[10:10:23] Starting CPLEX solver on instance: /home/yorig/tuner/mpils-tests/instances/miplib/easy/supportcase33.mps with config: /scratch/yorig/mpils-results-grid-seconds-5/easy/24proc/seed-4/10_supportcase33_seed-4_20260503_100720/expansion/config_param_CPXPARAM_MIP_Strategy_SubAlgorithm_1_iter_2.prm
[INFO]:[10:10:28] CPLEX results. Gap: 57.190000, upper bound: -275.000000, lower bound: -432.259729
[INFO]:[10:10:28] CPLEX solver finished. Gap: 57.190000
[INFO]:[10:10:28] Expansion Worker 14 stopping early after global MPI expansion stop was activated.
[INFO]:[10:10:28] Expansion Worker 14 completed expansion.
[INFO]:[10:10:28] Worker 14 completed expansion phase.
[INFO]:[10:10:29] Worker 14 received order for step 1.
[INFO]:[10:10:29] Worker 14 running exploration phase for iteration 3.
[INFO]:[10:10:29] Worker 14 at iteration 3 will not use a MIP start file. Current best MIP-start upper bound threshold is -345.
[INFO]:[10:10:29] Starting local search phase...
[INFO]:[10:10:29] Creating local search space from parameter space file: /scratch/yorig/mpils-results-grid-seconds-5/easy/24proc/seed-4/10_supportcase33_seed-4_20260503_100720/iterated_local_search/search_space/search_space_file_3_worker_14.txt
[INFO]:[10:10:29] Local search space loaded from file: /scratch/yorig/mpils-results-grid-seconds-5/easy/24proc/seed-4/10_supportcase33_seed-4_20260503_100720/iterated_local_search/search_space/search_space_file_3_worker_14.txt
[INFO]:[10:10:29] Number of parameters in local search space: 71
[INFO]:[10:10:29] Number of forbidden tuples in local search space: 48
[INFO]:[10:10:29] Number of conditionals in local search space: 6
[INFO]:[10:10:29] MIP start option not enabled. Local search will proceed without MIP start.
[INFO]:[10:10:29] Evaluating initial configuration for local search phase...
[INFO]:[10:10:29] Starting CPLEX solver on instance: /home/yorig/tuner/mpils-tests/instances/miplib/easy/supportcase33.mps with config: /scratch/yorig/mpils-results-grid-seconds-5/easy/24proc/seed-4/10_supportcase33_seed-4_20260503_100720/iterated_local_search/run_3_worker_14/ils_config_10541673058899554551.prm
[INFO]:[10:10:29] Starting CPLEX solver on instance: /home/yorig/tuner/mpils-tests/instances/miplib/easy/supportcase33.mps with config: /scratch/yorig/mpils-results-grid-seconds-5/easy/24proc/seed-4/10_supportcase33_seed-4_20260503_100720/iterated_local_search/run_3_worker_14/ils_config_10541673058899554551.prm
[INFO]:[10:10:34] CPLEX results. Gap: 152.940000, upper bound: -170.000000, lower bound: -430.000000
[INFO]:[10:10:34] CPLEX solver finished. Gap: 152.940000
[INFO]:[10:10:34] Initial configuration evaluated with objective value: 152.94
[INFO]:[10:10:34] Received global ILS stop signal from rank 0.
[INFO]:[10:10:34] Local search phase completed.
[INFO]:[10:10:34] Total number of new local-search evaluations: 1
[INFO]:[10:10:34] Final incumbent objective value: 152.94
[INFO]:[10:10:34] Worker 14 completed exploration phase.
[INFO]:[10:10:34] Worker 14 received order for step 3.
[INFO]:[10:10:34] Worker 14 finished.
