[INFO]:[18:57:39] Worker 9 starting.
[INFO]:[18:57:39] Worker 9 received order for step 1.
[INFO]:[18:57:39] Worker 9 running exploration phase for iteration 1.
[INFO]:[18:57:39] Worker 9 at iteration 1 will not use a MIP start file. Current best MIP-start upper bound threshold is 1.79769e+308.
[INFO]:[18:57:39] Starting local search phase...
[INFO]:[18:57:39] Creating local search space from parameter space file: /scratch/yorig/mpils-results-grid-seconds-5-no-mip-start/easy/24proc/seed-2/8_rocI-4-11_seed-2_20260502_185737/iterated_local_search/search_space/search_space_file_1_worker_9.txt
[INFO]:[18:57:39] Local search space loaded from file: /scratch/yorig/mpils-results-grid-seconds-5-no-mip-start/easy/24proc/seed-2/8_rocI-4-11_seed-2_20260502_185737/iterated_local_search/search_space/search_space_file_1_worker_9.txt
[INFO]:[18:57:39] Number of parameters in local search space: 71
[INFO]:[18:57:39] Number of forbidden tuples in local search space: 0
[INFO]:[18:57:39] Number of conditionals in local search space: 6
[INFO]:[18:57:39] MIP start option not enabled. Local search will proceed without MIP start.
[INFO]:[18:57:39] Evaluating initial configuration for local search phase...
[INFO]:[18:57:39] Starting CPLEX solver on instance: /home/yorig/tuner/mpils-tests/instances/miplib/easy/rocI-4-11.mps with config: /scratch/yorig/mpils-results-grid-seconds-5-no-mip-start/easy/24proc/seed-2/8_rocI-4-11_seed-2_20260502_185737/iterated_local_search/run_1_worker_9/ils_config_9593489930664564315.prm
[INFO]:[18:57:39] Starting CPLEX solver on instance: /home/yorig/tuner/mpils-tests/instances/miplib/easy/rocI-4-11.mps with config: /scratch/yorig/mpils-results-grid-seconds-5-no-mip-start/easy/24proc/seed-2/8_rocI-4-11_seed-2_20260502_185737/iterated_local_search/run_1_worker_9/ils_config_9593489930664564315.prm
[INFO]:[18:57:44] CPLEX results. Gap: 120.290000, upper bound: -5020203.000000, lower bound: -11059115.771398
[INFO]:[18:57:44] CPLEX solver finished. Gap: 120.290000
[INFO]:[18:57:44] Initial configuration evaluated with objective value: 120.29
[INFO]:[18:57:44] Starting CPLEX solver on instance: /home/yorig/tuner/mpils-tests/instances/miplib/easy/rocI-4-11.mps with config: /scratch/yorig/mpils-results-grid-seconds-5-no-mip-start/easy/24proc/seed-2/8_rocI-4-11_seed-2_20260502_185737/iterated_local_search/run_1_worker_9/ils_config_18374618002034646187.prm
[INFO]:[18:57:44] Starting CPLEX solver on instance: /home/yorig/tuner/mpils-tests/instances/miplib/easy/rocI-4-11.mps with config: /scratch/yorig/mpils-results-grid-seconds-5-no-mip-start/easy/24proc/seed-2/8_rocI-4-11_seed-2_20260502_185737/iterated_local_search/run_1_worker_9/ils_config_18374618002034646187.prm
[INFO]:[18:57:49] CPLEX results. Gap: 120.290000, upper bound: -5020203.000000, lower bound: -11059115.771398
[INFO]:[18:57:49] CPLEX solver finished. Gap: 120.290000
[INFO]:[18:57:49] Starting CPLEX solver on instance: /home/yorig/tuner/mpils-tests/instances/miplib/easy/rocI-4-11.mps with config: /scratch/yorig/mpils-results-grid-seconds-5-no-mip-start/easy/24proc/seed-2/8_rocI-4-11_seed-2_20260502_185737/iterated_local_search/run_1_worker_9/ils_config_6507509659900838964.prm
[INFO]:[18:57:49] Starting CPLEX solver on instance: /home/yorig/tuner/mpils-tests/instances/miplib/easy/rocI-4-11.mps with config: /scratch/yorig/mpils-results-grid-seconds-5-no-mip-start/easy/24proc/seed-2/8_rocI-4-11_seed-2_20260502_185737/iterated_local_search/run_1_worker_9/ils_config_6507509659900838964.prm
[INFO]:[18:57:54] CPLEX results. Gap: 124.500000, upper bound: -4040303.000000, lower bound: -9070303.000000
[INFO]:[18:57:54] CPLEX solver finished. Gap: 124.500000
[INFO]:[18:57:54] Starting CPLEX solver on instance: /home/yorig/tuner/mpils-tests/instances/miplib/easy/rocI-4-11.mps with config: /scratch/yorig/mpils-results-grid-seconds-5-no-mip-start/easy/24proc/seed-2/8_rocI-4-11_seed-2_20260502_185737/iterated_local_search/run_1_worker_9/ils_config_633220528330297889.prm
[INFO]:[18:57:54] Starting CPLEX solver on instance: /home/yorig/tuner/mpils-tests/instances/miplib/easy/rocI-4-11.mps with config: /scratch/yorig/mpils-results-grid-seconds-5-no-mip-start/easy/24proc/seed-2/8_rocI-4-11_seed-2_20260502_185737/iterated_local_search/run_1_worker_9/ils_config_633220528330297889.prm
[INFO]:[18:57:59] CPLEX results. Gap: 119.420000, upper bound: -5040203.000000, lower bound: -11059057.688826
[INFO]:[18:57:59] CPLEX solver finished. Gap: 119.420000
[INFO]:[18:57:59] New incumbent found with objective value: 119.42
[INFO]:[18:57:59] Starting CPLEX solver on instance: /home/yorig/tuner/mpils-tests/instances/miplib/easy/rocI-4-11.mps with config: /scratch/yorig/mpils-results-grid-seconds-5-no-mip-start/easy/24proc/seed-2/8_rocI-4-11_seed-2_20260502_185737/iterated_local_search/run_1_worker_9/ils_config_1051380470291932556.prm
[INFO]:[18:57:59] Starting CPLEX solver on instance: /home/yorig/tuner/mpils-tests/instances/miplib/easy/rocI-4-11.mps with config: /scratch/yorig/mpils-results-grid-seconds-5-no-mip-start/easy/24proc/seed-2/8_rocI-4-11_seed-2_20260502_185737/iterated_local_search/run_1_worker_9/ils_config_1051380470291932556.prm
[INFO]:[18:58:04] CPLEX results. Gap: 118.810000, upper bound: -5050303.000000, lower bound: -11050353.000000
[INFO]:[18:58:04] CPLEX solver finished. Gap: 118.810000
[INFO]:[18:58:04] New incumbent found with objective value: 118.81
[INFO]:[18:58:04] Starting CPLEX solver on instance: /home/yorig/tuner/mpils-tests/instances/miplib/easy/rocI-4-11.mps with config: /scratch/yorig/mpils-results-grid-seconds-5-no-mip-start/easy/24proc/seed-2/8_rocI-4-11_seed-2_20260502_185737/iterated_local_search/run_1_worker_9/ils_config_1643593969411970583.prm
[INFO]:[18:58:04] Starting CPLEX solver on instance: /home/yorig/tuner/mpils-tests/instances/miplib/easy/rocI-4-11.mps with config: /scratch/yorig/mpils-results-grid-seconds-5-no-mip-start/easy/24proc/seed-2/8_rocI-4-11_seed-2_20260502_185737/iterated_local_search/run_1_worker_9/ils_config_1643593969411970583.prm
[INFO]:[18:58:09] CPLEX results. Gap: 174.430000, upper bound: -4030303.000000, lower bound: -11060403.000000
[INFO]:[18:58:09] CPLEX solver finished. Gap: 174.430000
[INFO]:[18:58:09] Starting CPLEX solver on instance: /home/yorig/tuner/mpils-tests/instances/miplib/easy/rocI-4-11.mps with config: /scratch/yorig/mpils-results-grid-seconds-5-no-mip-start/easy/24proc/seed-2/8_rocI-4-11_seed-2_20260502_185737/iterated_local_search/run_1_worker_9/ils_config_13146767838259988606.prm
[INFO]:[18:58:09] Starting CPLEX solver on instance: /home/yorig/tuner/mpils-tests/instances/miplib/easy/rocI-4-11.mps with config: /scratch/yorig/mpils-results-grid-seconds-5-no-mip-start/easy/24proc/seed-2/8_rocI-4-11_seed-2_20260502_185737/iterated_local_search/run_1_worker_9/ils_config_13146767838259988606.prm
[INFO]:[18:58:14] CPLEX results. Gap: 99.200000, upper bound: -5050303.000000, lower bound: -10060303.000000
[INFO]:[18:58:14] CPLEX solver finished. Gap: 99.200000
[INFO]:[18:58:14] New incumbent found with objective value: 99.2
[INFO]:[18:58:14] Starting CPLEX solver on instance: /home/yorig/tuner/mpils-tests/instances/miplib/easy/rocI-4-11.mps with config: /scratch/yorig/mpils-results-grid-seconds-5-no-mip-start/easy/24proc/seed-2/8_rocI-4-11_seed-2_20260502_185737/iterated_local_search/run_1_worker_9/ils_config_12062340741861772764.prm
[INFO]:[18:58:14] Starting CPLEX solver on instance: /home/yorig/tuner/mpils-tests/instances/miplib/easy/rocI-4-11.mps with config: /scratch/yorig/mpils-results-grid-seconds-5-no-mip-start/easy/24proc/seed-2/8_rocI-4-11_seed-2_20260502_185737/iterated_local_search/run_1_worker_9/ils_config_12062340741861772764.prm
[INFO]:[18:58:19] CPLEX results. Gap: 79.400000, upper bound: -5050303.000000, lower bound: -9060403.000000
[INFO]:[18:58:19] CPLEX solver finished. Gap: 79.400000
[INFO]:[18:58:19] New incumbent found with objective value: 79.4
[INFO]:[18:58:19] Starting CPLEX solver on instance: /home/yorig/tuner/mpils-tests/instances/miplib/easy/rocI-4-11.mps with config: /scratch/yorig/mpils-results-grid-seconds-5-no-mip-start/easy/24proc/seed-2/8_rocI-4-11_seed-2_20260502_185737/iterated_local_search/run_1_worker_9/ils_config_16362712867783458640.prm
[INFO]:[18:58:19] Starting CPLEX solver on instance: /home/yorig/tuner/mpils-tests/instances/miplib/easy/rocI-4-11.mps with config: /scratch/yorig/mpils-results-grid-seconds-5-no-mip-start/easy/24proc/seed-2/8_rocI-4-11_seed-2_20260502_185737/iterated_local_search/run_1_worker_9/ils_config_16362712867783458640.prm
[INFO]:[18:58:24] CPLEX results. Gap: 173.740000, upper bound: -4040303.000000, lower bound: -11059939.259039
[INFO]:[18:58:24] CPLEX solver finished. Gap: 173.740000
[INFO]:[18:58:24] Starting CPLEX solver on instance: /home/yorig/tuner/mpils-tests/instances/miplib/easy/rocI-4-11.mps with config: /scratch/yorig/mpils-results-grid-seconds-5-no-mip-start/easy/24proc/seed-2/8_rocI-4-11_seed-2_20260502_185737/iterated_local_search/run_1_worker_9/ils_config_6615747942530371577.prm
[INFO]:[18:58:24] Starting CPLEX solver on instance: /home/yorig/tuner/mpils-tests/instances/miplib/easy/rocI-4-11.mps with config: /scratch/yorig/mpils-results-grid-seconds-5-no-mip-start/easy/24proc/seed-2/8_rocI-4-11_seed-2_20260502_185737/iterated_local_search/run_1_worker_9/ils_config_6615747942530371577.prm
[INFO]:[18:58:29] CPLEX results. Gap: 79.400000, upper bound: -5050303.000000, lower bound: -9060403.000000
[INFO]:[18:58:29] CPLEX solver finished. Gap: 79.400000
[INFO]:[18:58:29] Starting CPLEX solver on instance: /home/yorig/tuner/mpils-tests/instances/miplib/easy/rocI-4-11.mps with config: /scratch/yorig/mpils-results-grid-seconds-5-no-mip-start/easy/24proc/seed-2/8_rocI-4-11_seed-2_20260502_185737/iterated_local_search/run_1_worker_9/ils_config_2287038943708794455.prm
[INFO]:[18:58:29] Starting CPLEX solver on instance: /home/yorig/tuner/mpils-tests/instances/miplib/easy/rocI-4-11.mps with config: /scratch/yorig/mpils-results-grid-seconds-5-no-mip-start/easy/24proc/seed-2/8_rocI-4-11_seed-2_20260502_185737/iterated_local_search/run_1_worker_9/ils_config_2287038943708794455.prm
[INFO]:[18:58:34] CPLEX results. Gap: 99.200000, upper bound: -5050303.000000, lower bound: -10060303.000000
[INFO]:[18:58:34] CPLEX solver finished. Gap: 99.200000
[INFO]:[18:58:34] Starting CPLEX solver on instance: /home/yorig/tuner/mpils-tests/instances/miplib/easy/rocI-4-11.mps with config: /scratch/yorig/mpils-results-grid-seconds-5-no-mip-start/easy/24proc/seed-2/8_rocI-4-11_seed-2_20260502_185737/iterated_local_search/run_1_worker_9/ils_config_12869689306536544147.prm
[INFO]:[18:58:34] Starting CPLEX solver on instance: /home/yorig/tuner/mpils-tests/instances/miplib/easy/rocI-4-11.mps with config: /scratch/yorig/mpils-results-grid-seconds-5-no-mip-start/easy/24proc/seed-2/8_rocI-4-11_seed-2_20260502_185737/iterated_local_search/run_1_worker_9/ils_config_12869689306536544147.prm
[INFO]:[18:58:39] CPLEX results. Gap: 79.400000, upper bound: -5050303.000000, lower bound: -9060403.000000
[INFO]:[18:58:39] CPLEX solver finished. Gap: 79.400000
[INFO]:[18:58:39] Starting CPLEX solver on instance: /home/yorig/tuner/mpils-tests/instances/miplib/easy/rocI-4-11.mps with config: /scratch/yorig/mpils-results-grid-seconds-5-no-mip-start/easy/24proc/seed-2/8_rocI-4-11_seed-2_20260502_185737/iterated_local_search/run_1_worker_9/ils_config_17186766892529583439.prm
[INFO]:[18:58:39] Starting CPLEX solver on instance: /home/yorig/tuner/mpils-tests/instances/miplib/easy/rocI-4-11.mps with config: /scratch/yorig/mpils-results-grid-seconds-5-no-mip-start/easy/24proc/seed-2/8_rocI-4-11_seed-2_20260502_185737/iterated_local_search/run_1_worker_9/ils_config_17186766892529583439.prm
[INFO]:[18:58:44] CPLEX results. Gap: 119.440000, upper bound: -5040303.000000, lower bound: -11060210.368453
[INFO]:[18:58:44] CPLEX solver finished. Gap: 119.440000
[INFO]:[18:58:44] Starting CPLEX solver on instance: /home/yorig/tuner/mpils-tests/instances/miplib/easy/rocI-4-11.mps with config: /scratch/yorig/mpils-results-grid-seconds-5-no-mip-start/easy/24proc/seed-2/8_rocI-4-11_seed-2_20260502_185737/iterated_local_search/run_1_worker_9/ils_config_5040039695868804814.prm
[INFO]:[18:58:44] Starting CPLEX solver on instance: /home/yorig/tuner/mpils-tests/instances/miplib/easy/rocI-4-11.mps with config: /scratch/yorig/mpils-results-grid-seconds-5-no-mip-start/easy/24proc/seed-2/8_rocI-4-11_seed-2_20260502_185737/iterated_local_search/run_1_worker_9/ils_config_5040039695868804814.prm
[INFO]:[18:58:49] CPLEX results. Gap: 79.400000, upper bound: -5050303.000000, lower bound: -9060303.000000
[INFO]:[18:58:49] CPLEX solver finished. Gap: 79.400000
[INFO]:[18:58:49] Starting CPLEX solver on instance: /home/yorig/tuner/mpils-tests/instances/miplib/easy/rocI-4-11.mps with config: /scratch/yorig/mpils-results-grid-seconds-5-no-mip-start/easy/24proc/seed-2/8_rocI-4-11_seed-2_20260502_185737/iterated_local_search/run_1_worker_9/ils_config_13925266261512001533.prm
[INFO]:[18:58:49] Starting CPLEX solver on instance: /home/yorig/tuner/mpils-tests/instances/miplib/easy/rocI-4-11.mps with config: /scratch/yorig/mpils-results-grid-seconds-5-no-mip-start/easy/24proc/seed-2/8_rocI-4-11_seed-2_20260502_185737/iterated_local_search/run_1_worker_9/ils_config_13925266261512001533.prm
[INFO]:[18:58:54] CPLEX results. Gap: 99.200000, upper bound: -5050303.000000, lower bound: -10060303.000000
[INFO]:[18:58:54] CPLEX solver finished. Gap: 99.200000
[INFO]:[18:58:54] Starting CPLEX solver on instance: /home/yorig/tuner/mpils-tests/instances/miplib/easy/rocI-4-11.mps with config: /scratch/yorig/mpils-results-grid-seconds-5-no-mip-start/easy/24proc/seed-2/8_rocI-4-11_seed-2_20260502_185737/iterated_local_search/run_1_worker_9/ils_config_13120584098499297206.prm
[INFO]:[18:58:54] Starting CPLEX solver on instance: /home/yorig/tuner/mpils-tests/instances/miplib/easy/rocI-4-11.mps with config: /scratch/yorig/mpils-results-grid-seconds-5-no-mip-start/easy/24proc/seed-2/8_rocI-4-11_seed-2_20260502_185737/iterated_local_search/run_1_worker_9/ils_config_13120584098499297206.prm
[INFO]:[18:58:59] CPLEX results. Gap: 83.890000, upper bound: -6020203.000000, lower bound: -11070403.000000
[INFO]:[18:58:59] CPLEX solver finished. Gap: 83.890000
[INFO]:[18:58:59] Starting CPLEX solver on instance: /home/yorig/tuner/mpils-tests/instances/miplib/easy/rocI-4-11.mps with config: /scratch/yorig/mpils-results-grid-seconds-5-no-mip-start/easy/24proc/seed-2/8_rocI-4-11_seed-2_20260502_185737/iterated_local_search/run_1_worker_9/ils_config_9522782602686057174.prm
[INFO]:[18:58:59] Starting CPLEX solver on instance: /home/yorig/tuner/mpils-tests/instances/miplib/easy/rocI-4-11.mps with config: /scratch/yorig/mpils-results-grid-seconds-5-no-mip-start/easy/24proc/seed-2/8_rocI-4-11_seed-2_20260502_185737/iterated_local_search/run_1_worker_9/ils_config_9522782602686057174.prm
[INFO]:[18:59:04] CPLEX results. Gap: 118.550000, upper bound: -5050303.000000, lower bound: -11037613.184460
[INFO]:[18:59:04] CPLEX solver finished. Gap: 118.550000
[INFO]:[18:59:04] Starting CPLEX solver on instance: /home/yorig/tuner/mpils-tests/instances/miplib/easy/rocI-4-11.mps with config: /scratch/yorig/mpils-results-grid-seconds-5-no-mip-start/easy/24proc/seed-2/8_rocI-4-11_seed-2_20260502_185737/iterated_local_search/run_1_worker_9/ils_config_3742051482578962521.prm
[INFO]:[18:59:04] Starting CPLEX solver on instance: /home/yorig/tuner/mpils-tests/instances/miplib/easy/rocI-4-11.mps with config: /scratch/yorig/mpils-results-grid-seconds-5-no-mip-start/easy/24proc/seed-2/8_rocI-4-11_seed-2_20260502_185737/iterated_local_search/run_1_worker_9/ils_config_3742051482578962521.prm
[INFO]:[18:59:09] CPLEX results. Gap: 149.250000, upper bound: -4040303.000000, lower bound: -10070503.000000
[INFO]:[18:59:09] CPLEX solver finished. Gap: 149.250000
[INFO]:[18:59:09] Starting CPLEX solver on instance: /home/yorig/tuner/mpils-tests/instances/miplib/easy/rocI-4-11.mps with config: /scratch/yorig/mpils-results-grid-seconds-5-no-mip-start/easy/24proc/seed-2/8_rocI-4-11_seed-2_20260502_185737/iterated_local_search/run_1_worker_9/ils_config_4271997798353693045.prm
[INFO]:[18:59:09] Starting CPLEX solver on instance: /home/yorig/tuner/mpils-tests/instances/miplib/easy/rocI-4-11.mps with config: /scratch/yorig/mpils-results-grid-seconds-5-no-mip-start/easy/24proc/seed-2/8_rocI-4-11_seed-2_20260502_185737/iterated_local_search/run_1_worker_9/ils_config_4271997798353693045.prm
[INFO]:[18:59:14] CPLEX results. Gap: 118.950000, upper bound: -5050303.000000, lower bound: -11057831.715854
[INFO]:[18:59:14] CPLEX solver finished. Gap: 118.950000
[INFO]:[18:59:14] Starting CPLEX solver on instance: /home/yorig/tuner/mpils-tests/instances/miplib/easy/rocI-4-11.mps with config: /scratch/yorig/mpils-results-grid-seconds-5-no-mip-start/easy/24proc/seed-2/8_rocI-4-11_seed-2_20260502_185737/iterated_local_search/run_1_worker_9/ils_config_9533826825092583528.prm
[INFO]:[18:59:14] Starting CPLEX solver on instance: /home/yorig/tuner/mpils-tests/instances/miplib/easy/rocI-4-11.mps with config: /scratch/yorig/mpils-results-grid-seconds-5-no-mip-start/easy/24proc/seed-2/8_rocI-4-11_seed-2_20260502_185737/iterated_local_search/run_1_worker_9/ils_config_9533826825092583528.prm
[INFO]:[18:59:19] CPLEX results. Gap: 100.580000, upper bound: -5020203.000000, lower bound: -10069313.808809
[INFO]:[18:59:19] CPLEX solver finished. Gap: 100.580000
[INFO]:[18:59:19] Local search phase completed.
[INFO]:[18:59:19] Total number of new local-search evaluations: 20
[INFO]:[18:59:19] Final incumbent objective value: 79.4
[INFO]:[18:59:19] Worker 9 completed exploration phase.
[INFO]:[18:59:19] Worker 9 received order for step 2.
[INFO]:[18:59:19] Worker 9 running expansion phase for iteration 1.
[INFO]:[18:59:19] Worker 9 will use solver log file: /scratch/yorig/mpils-results-grid-seconds-5-no-mip-start/easy/24proc/seed-2/8_rocI-4-11_seed-2_20260502_185737/solver/cplex.log_iteration_expansion_1_worker_9
[INFO]:[18:59:19] Expansion Worker 9 starting expansion for iteration 1.
[INFO]:[18:59:19] Starting CPLEX solver on instance: /home/yorig/tuner/mpils-tests/instances/miplib/easy/rocI-4-11.mps with config: /scratch/yorig/mpils-results-grid-seconds-5-no-mip-start/easy/24proc/seed-2/8_rocI-4-11_seed-2_20260502_185737/expansion/config_param_CPXPARAM_MIP_Limits_ProbeTime_20_iter_1.prm
[INFO]:[18:59:24] CPLEX results. Gap: 79.400000, upper bound: -5050303.000000, lower bound: -9060298.453851
[INFO]:[18:59:24] CPLEX solver finished. Gap: 79.400000
[INFO]:[18:59:24] Expansion Worker 9 stopping early after global MPI expansion stop was activated.
[INFO]:[18:59:24] Expansion Worker 9 completed expansion.
[INFO]:[18:59:24] Worker 9 completed expansion phase.
[INFO]:[18:59:25] Worker 9 received order for step 1.
[INFO]:[18:59:25] Worker 9 running exploration phase for iteration 2.
[INFO]:[18:59:25] Worker 9 at iteration 2 will not use a MIP start file. Current best MIP-start upper bound threshold is 1.79769e+308.
[INFO]:[18:59:25] Starting local search phase...
[INFO]:[18:59:25] Creating local search space from parameter space file: /scratch/yorig/mpils-results-grid-seconds-5-no-mip-start/easy/24proc/seed-2/8_rocI-4-11_seed-2_20260502_185737/iterated_local_search/search_space/search_space_file_2_worker_9.txt
[INFO]:[18:59:25] Local search space loaded from file: /scratch/yorig/mpils-results-grid-seconds-5-no-mip-start/easy/24proc/seed-2/8_rocI-4-11_seed-2_20260502_185737/iterated_local_search/search_space/search_space_file_2_worker_9.txt
[INFO]:[18:59:25] Number of parameters in local search space: 71
[INFO]:[18:59:25] Number of forbidden tuples in local search space: 26
[INFO]:[18:59:25] Number of conditionals in local search space: 6
[INFO]:[18:59:25] MIP start option not enabled. Local search will proceed without MIP start.
[INFO]:[18:59:25] Evaluating initial configuration for local search phase...
[INFO]:[18:59:25] Starting CPLEX solver on instance: /home/yorig/tuner/mpils-tests/instances/miplib/easy/rocI-4-11.mps with config: /scratch/yorig/mpils-results-grid-seconds-5-no-mip-start/easy/24proc/seed-2/8_rocI-4-11_seed-2_20260502_185737/iterated_local_search/run_2_worker_9/ils_config_16966352573164878180.prm
[INFO]:[18:59:25] Starting CPLEX solver on instance: /home/yorig/tuner/mpils-tests/instances/miplib/easy/rocI-4-11.mps with config: /scratch/yorig/mpils-results-grid-seconds-5-no-mip-start/easy/24proc/seed-2/8_rocI-4-11_seed-2_20260502_185737/iterated_local_search/run_2_worker_9/ils_config_16966352573164878180.prm
[INFO]:[18:59:30] CPLEX results. Gap: 173.750000, upper bound: -4040303.000000, lower bound: -11060385.715791
[INFO]:[18:59:30] CPLEX solver finished. Gap: 173.750000
[INFO]:[18:59:30] Initial configuration evaluated with objective value: 173.75
[INFO]:[18:59:30] Starting CPLEX solver on instance: /home/yorig/tuner/mpils-tests/instances/miplib/easy/rocI-4-11.mps with config: /scratch/yorig/mpils-results-grid-seconds-5-no-mip-start/easy/24proc/seed-2/8_rocI-4-11_seed-2_20260502_185737/iterated_local_search/run_2_worker_9/ils_config_10498627535100028976.prm
[INFO]:[18:59:30] Starting CPLEX solver on instance: /home/yorig/tuner/mpils-tests/instances/miplib/easy/rocI-4-11.mps with config: /scratch/yorig/mpils-results-grid-seconds-5-no-mip-start/easy/24proc/seed-2/8_rocI-4-11_seed-2_20260502_185737/iterated_local_search/run_2_worker_9/ils_config_10498627535100028976.prm
[INFO]:[18:59:35] CPLEX results. Gap: 148.990000, upper bound: -4040403.000000, lower bound: -10060303.000000
[INFO]:[18:59:35] CPLEX solver finished. Gap: 148.990000
[INFO]:[18:59:35] New incumbent found with objective value: 148.99
[INFO]:[18:59:35] Starting CPLEX solver on instance: /home/yorig/tuner/mpils-tests/instances/miplib/easy/rocI-4-11.mps with config: /scratch/yorig/mpils-results-grid-seconds-5-no-mip-start/easy/24proc/seed-2/8_rocI-4-11_seed-2_20260502_185737/iterated_local_search/run_2_worker_9/ils_config_6079775187339904788.prm
[INFO]:[18:59:35] Starting CPLEX solver on instance: /home/yorig/tuner/mpils-tests/instances/miplib/easy/rocI-4-11.mps with config: /scratch/yorig/mpils-results-grid-seconds-5-no-mip-start/easy/24proc/seed-2/8_rocI-4-11_seed-2_20260502_185737/iterated_local_search/run_2_worker_9/ils_config_6079775187339904788.prm
[INFO]:[18:59:40] CPLEX results. Gap: 264.990000, upper bound: -3030303.000000, lower bound: -11060403.000000
[INFO]:[18:59:40] CPLEX solver finished. Gap: 264.990000
[INFO]:[18:59:40] Starting CPLEX solver on instance: /home/yorig/tuner/mpils-tests/instances/miplib/easy/rocI-4-11.mps with config: /scratch/yorig/mpils-results-grid-seconds-5-no-mip-start/easy/24proc/seed-2/8_rocI-4-11_seed-2_20260502_185737/iterated_local_search/run_2_worker_9/ils_config_15725555702379591529.prm
[INFO]:[18:59:40] Starting CPLEX solver on instance: /home/yorig/tuner/mpils-tests/instances/miplib/easy/rocI-4-11.mps with config: /scratch/yorig/mpils-results-grid-seconds-5-no-mip-start/easy/24proc/seed-2/8_rocI-4-11_seed-2_20260502_185737/iterated_local_search/run_2_worker_9/ils_config_15725555702379591529.prm
[INFO]:[18:59:45] CPLEX results. Gap: 448.480000, upper bound: -2020203.000000, lower bound: -11080503.000000
[INFO]:[18:59:45] CPLEX solver finished. Gap: 448.480000
[INFO]:[18:59:45] Starting CPLEX solver on instance: /home/yorig/tuner/mpils-tests/instances/miplib/easy/rocI-4-11.mps with config: /scratch/yorig/mpils-results-grid-seconds-5-no-mip-start/easy/24proc/seed-2/8_rocI-4-11_seed-2_20260502_185737/iterated_local_search/run_2_worker_9/ils_config_2380722878686943809.prm
[INFO]:[18:59:45] Starting CPLEX solver on instance: /home/yorig/tuner/mpils-tests/instances/miplib/easy/rocI-4-11.mps with config: /scratch/yorig/mpils-results-grid-seconds-5-no-mip-start/easy/24proc/seed-2/8_rocI-4-11_seed-2_20260502_185737/iterated_local_search/run_2_worker_9/ils_config_2380722878686943809.prm
[INFO]:[18:59:50] CPLEX results. Gap: 148.990000, upper bound: -4040403.000000, lower bound: -10060303.000000
[INFO]:[18:59:50] CPLEX solver finished. Gap: 148.990000
[INFO]:[18:59:50] Starting CPLEX solver on instance: /home/yorig/tuner/mpils-tests/instances/miplib/easy/rocI-4-11.mps with config: /scratch/yorig/mpils-results-grid-seconds-5-no-mip-start/easy/24proc/seed-2/8_rocI-4-11_seed-2_20260502_185737/iterated_local_search/run_2_worker_9/ils_config_13426927914942218132.prm
[INFO]:[18:59:50] Starting CPLEX solver on instance: /home/yorig/tuner/mpils-tests/instances/miplib/easy/rocI-4-11.mps with config: /scratch/yorig/mpils-results-grid-seconds-5-no-mip-start/easy/24proc/seed-2/8_rocI-4-11_seed-2_20260502_185737/iterated_local_search/run_2_worker_9/ils_config_13426927914942218132.prm
[INFO]:[18:59:55] CPLEX results. Gap: 265.320000, upper bound: -3030303.000000, lower bound: -11070403.000000
[INFO]:[18:59:55] CPLEX solver finished. Gap: 265.320000
[INFO]:[18:59:55] Starting CPLEX solver on instance: /home/yorig/tuner/mpils-tests/instances/miplib/easy/rocI-4-11.mps with config: /scratch/yorig/mpils-results-grid-seconds-5-no-mip-start/easy/24proc/seed-2/8_rocI-4-11_seed-2_20260502_185737/iterated_local_search/run_2_worker_9/ils_config_1239399289951318957.prm
[INFO]:[18:59:55] Starting CPLEX solver on instance: /home/yorig/tuner/mpils-tests/instances/miplib/easy/rocI-4-11.mps with config: /scratch/yorig/mpils-results-grid-seconds-5-no-mip-start/easy/24proc/seed-2/8_rocI-4-11_seed-2_20260502_185737/iterated_local_search/run_2_worker_9/ils_config_1239399289951318957.prm
[INFO]:[19:00:00] CPLEX results. Gap: 119.000000, upper bound: -5050303.000000, lower bound: -11060303.000000
[INFO]:[19:00:00] CPLEX solver finished. Gap: 119.000000
[INFO]:[19:00:00] New incumbent found with objective value: 119
[INFO]:[19:00:00] Starting CPLEX solver on instance: /home/yorig/tuner/mpils-tests/instances/miplib/easy/rocI-4-11.mps with config: /scratch/yorig/mpils-results-grid-seconds-5-no-mip-start/easy/24proc/seed-2/8_rocI-4-11_seed-2_20260502_185737/iterated_local_search/run_2_worker_9/ils_config_8834980121040667770.prm
[INFO]:[19:00:00] Starting CPLEX solver on instance: /home/yorig/tuner/mpils-tests/instances/miplib/easy/rocI-4-11.mps with config: /scratch/yorig/mpils-results-grid-seconds-5-no-mip-start/easy/24proc/seed-2/8_rocI-4-11_seed-2_20260502_185737/iterated_local_search/run_2_worker_9/ils_config_8834980121040667770.prm
[INFO]:[19:00:05] CPLEX results. Gap: 445.750000, upper bound: -2030303.000000, lower bound: -11080402.833322
[INFO]:[19:00:05] CPLEX solver finished. Gap: 445.750000
[INFO]:[19:00:05] Starting CPLEX solver on instance: /home/yorig/tuner/mpils-tests/instances/miplib/easy/rocI-4-11.mps with config: /scratch/yorig/mpils-results-grid-seconds-5-no-mip-start/easy/24proc/seed-2/8_rocI-4-11_seed-2_20260502_185737/iterated_local_search/run_2_worker_9/ils_config_17454721830810084597.prm
[INFO]:[19:00:05] Starting CPLEX solver on instance: /home/yorig/tuner/mpils-tests/instances/miplib/easy/rocI-4-11.mps with config: /scratch/yorig/mpils-results-grid-seconds-5-no-mip-start/easy/24proc/seed-2/8_rocI-4-11_seed-2_20260502_185737/iterated_local_search/run_2_worker_9/ils_config_17454721830810084597.prm
[INFO]:[19:00:10] CPLEX results. Gap: 119.000000, upper bound: -5050303.000000, lower bound: -11060303.000000
[INFO]:[19:00:10] CPLEX solver finished. Gap: 119.000000
[INFO]:[19:00:10] Starting CPLEX solver on instance: /home/yorig/tuner/mpils-tests/instances/miplib/easy/rocI-4-11.mps with config: /scratch/yorig/mpils-results-grid-seconds-5-no-mip-start/easy/24proc/seed-2/8_rocI-4-11_seed-2_20260502_185737/iterated_local_search/run_2_worker_9/ils_config_1100214417486897370.prm
[INFO]:[19:00:10] Starting CPLEX solver on instance: /home/yorig/tuner/mpils-tests/instances/miplib/easy/rocI-4-11.mps with config: /scratch/yorig/mpils-results-grid-seconds-5-no-mip-start/easy/24proc/seed-2/8_rocI-4-11_seed-2_20260502_185737/iterated_local_search/run_2_worker_9/ils_config_1100214417486897370.prm
[INFO]:[19:00:15] CPLEX results. Gap: 117.440000, upper bound: -5040303.000000, lower bound: -10959496.607706
[INFO]:[19:00:15] CPLEX solver finished. Gap: 117.440000
[INFO]:[19:00:15] New incumbent found with objective value: 117.44
[INFO]:[19:00:15] Starting CPLEX solver on instance: /home/yorig/tuner/mpils-tests/instances/miplib/easy/rocI-4-11.mps with config: /scratch/yorig/mpils-results-grid-seconds-5-no-mip-start/easy/24proc/seed-2/8_rocI-4-11_seed-2_20260502_185737/iterated_local_search/run_2_worker_9/ils_config_13064923887442578401.prm
[INFO]:[19:00:15] Starting CPLEX solver on instance: /home/yorig/tuner/mpils-tests/instances/miplib/easy/rocI-4-11.mps with config: /scratch/yorig/mpils-results-grid-seconds-5-no-mip-start/easy/24proc/seed-2/8_rocI-4-11_seed-2_20260502_185737/iterated_local_search/run_2_worker_9/ils_config_13064923887442578401.prm
[INFO]:[19:00:20] CPLEX results. Gap: 119.000000, upper bound: -5050303.000000, lower bound: -11060303.000000
[INFO]:[19:00:20] CPLEX solver finished. Gap: 119.000000
[INFO]:[19:00:20] Starting CPLEX solver on instance: /home/yorig/tuner/mpils-tests/instances/miplib/easy/rocI-4-11.mps with config: /scratch/yorig/mpils-results-grid-seconds-5-no-mip-start/easy/24proc/seed-2/8_rocI-4-11_seed-2_20260502_185737/iterated_local_search/run_2_worker_9/ils_config_1019553420782092085.prm
[INFO]:[19:00:20] Starting CPLEX solver on instance: /home/yorig/tuner/mpils-tests/instances/miplib/easy/rocI-4-11.mps with config: /scratch/yorig/mpils-results-grid-seconds-5-no-mip-start/easy/24proc/seed-2/8_rocI-4-11_seed-2_20260502_185737/iterated_local_search/run_2_worker_9/ils_config_1019553420782092085.prm
[INFO]:[19:00:25] CPLEX results. Gap: 173.750000, upper bound: -4040303.000000, lower bound: -11060503.000000
[INFO]:[19:00:25] CPLEX solver finished. Gap: 173.750000
[INFO]:[19:00:25] Local search phase completed.
[INFO]:[19:00:25] Total number of new local-search evaluations: 12
[INFO]:[19:00:25] Final incumbent objective value: 117.44
[INFO]:[19:00:25] Worker 9 completed exploration phase.
[INFO]:[19:00:25] Worker 9 received order for step 2.
[INFO]:[19:00:25] Worker 9 running expansion phase for iteration 2.
[INFO]:[19:00:25] Worker 9 will use solver log file: /scratch/yorig/mpils-results-grid-seconds-5-no-mip-start/easy/24proc/seed-2/8_rocI-4-11_seed-2_20260502_185737/solver/cplex.log_iteration_expansion_2_worker_9
[INFO]:[19:00:25] Expansion Worker 9 starting expansion for iteration 2.
[INFO]:[19:00:25] Starting CPLEX solver on instance: /home/yorig/tuner/mpils-tests/instances/miplib/easy/rocI-4-11.mps with config: /scratch/yorig/mpils-results-grid-seconds-5-no-mip-start/easy/24proc/seed-2/8_rocI-4-11_seed-2_20260502_185737/expansion/config_param_CPXPARAM_MIP_Strategy_HeuristicFreq_100_iter_2.prm
[INFO]:[19:00:30] CPLEX results. Gap: 39.770000, upper bound: -5050303.000000, lower bound: -7058819.634356
[INFO]:[19:00:30] CPLEX solver finished. Gap: 39.770000
[INFO]:[19:00:31] Starting CPLEX solver on instance: /home/yorig/tuner/mpils-tests/instances/miplib/easy/rocI-4-11.mps with config: /scratch/yorig/mpils-results-grid-seconds-5-no-mip-start/easy/24proc/seed-2/8_rocI-4-11_seed-2_20260502_185737/expansion/config_param_CPXPARAM_MIP_Strategy_HeuristicFreq_500_iter_2.prm
[INFO]:[19:00:36] CPLEX results. Gap: 59.200000, upper bound: -5050303.000000, lower bound: -8040303.000000
[INFO]:[19:00:36] CPLEX solver finished. Gap: 59.200000
[INFO]:[19:00:36] Expansion Worker 9 stopping early after global MPI expansion stop was activated.
[INFO]:[19:00:36] Expansion Worker 9 completed expansion.
[INFO]:[19:00:36] Worker 9 completed expansion phase.
[INFO]:[19:00:36] Worker 9 received order for step 3.
[INFO]:[19:00:36] Worker 9 finished.
