[INFO]:[18:57:39] Worker 11 starting.
[INFO]:[18:57:39] Worker 11 received order for step 1.
[INFO]:[18:57:39] Worker 11 running exploration phase for iteration 1.
[INFO]:[18:57:39] Worker 11 at iteration 1 will not use a MIP start file. Current best MIP-start upper bound threshold is 1.79769e+308.
[INFO]:[18:57:39] Starting local search phase...
[INFO]:[18:57:39] Creating local search space from parameter space file: /scratch/yorig/mpils-results-grid-seconds-5-no-mip-start/easy/24proc/seed-2/8_rocI-4-11_seed-2_20260502_185737/iterated_local_search/search_space/search_space_file_1_worker_11.txt
[INFO]:[18:57:39] Local search space loaded from file: /scratch/yorig/mpils-results-grid-seconds-5-no-mip-start/easy/24proc/seed-2/8_rocI-4-11_seed-2_20260502_185737/iterated_local_search/search_space/search_space_file_1_worker_11.txt
[INFO]:[18:57:39] Number of parameters in local search space: 71
[INFO]:[18:57:39] Number of forbidden tuples in local search space: 0
[INFO]:[18:57:39] Number of conditionals in local search space: 6
[INFO]:[18:57:39] MIP start option not enabled. Local search will proceed without MIP start.
[INFO]:[18:57:39] Evaluating initial configuration for local search phase...
[INFO]:[18:57:39] Starting CPLEX solver on instance: /home/yorig/tuner/mpils-tests/instances/miplib/easy/rocI-4-11.mps with config: /scratch/yorig/mpils-results-grid-seconds-5-no-mip-start/easy/24proc/seed-2/8_rocI-4-11_seed-2_20260502_185737/iterated_local_search/run_1_worker_11/ils_config_11623642072098601399.prm
[INFO]:[18:57:39] Starting CPLEX solver on instance: /home/yorig/tuner/mpils-tests/instances/miplib/easy/rocI-4-11.mps with config: /scratch/yorig/mpils-results-grid-seconds-5-no-mip-start/easy/24proc/seed-2/8_rocI-4-11_seed-2_20260502_185737/iterated_local_search/run_1_worker_11/ils_config_11623642072098601399.prm
[WARN]:[18:57:44] CPLEX finished without a primal feasible solution for config /scratch/yorig/mpils-results-grid-seconds-5-no-mip-start/easy/24proc/seed-2/8_rocI-4-11_seed-2_20260502_185737/iterated_local_search/run_1_worker_11/ils_config_11623642072098601399.prm.
[INFO]:[18:57:44] CPLEX results. Gap: unavailable, upper bound: null, lower bound: -10060055.499168
[INFO]:[18:57:44] CPLEX solver finished. Gap: 179769313486231570814527423731704356798070567525844996598917476803157260780028538760589558632766878171540458953514382464234321326889464182768467546703537516986049910576551282076245490090389328944075868508455133942304583236903222948165808559332123348274797826204144723168738177180919299881250404026184124858368.000000
[INFO]:[18:57:44] Initial configuration evaluated with objective value: 1.79769e+308
[INFO]:[18:57:44] Starting CPLEX solver on instance: /home/yorig/tuner/mpils-tests/instances/miplib/easy/rocI-4-11.mps with config: /scratch/yorig/mpils-results-grid-seconds-5-no-mip-start/easy/24proc/seed-2/8_rocI-4-11_seed-2_20260502_185737/iterated_local_search/run_1_worker_11/ils_config_13354252499950585778.prm
[INFO]:[18:57:44] Starting CPLEX solver on instance: /home/yorig/tuner/mpils-tests/instances/miplib/easy/rocI-4-11.mps with config: /scratch/yorig/mpils-results-grid-seconds-5-no-mip-start/easy/24proc/seed-2/8_rocI-4-11_seed-2_20260502_185737/iterated_local_search/run_1_worker_11/ils_config_13354252499950585778.prm
[WARN]:[18:57:49] CPLEX finished without a primal feasible solution for config /scratch/yorig/mpils-results-grid-seconds-5-no-mip-start/easy/24proc/seed-2/8_rocI-4-11_seed-2_20260502_185737/iterated_local_search/run_1_worker_11/ils_config_13354252499950585778.prm.
[INFO]:[18:57:49] CPLEX results. Gap: unavailable, upper bound: null, lower bound: -10060185.297046
[INFO]:[18:57:49] CPLEX solver finished. Gap: 179769313486231570814527423731704356798070567525844996598917476803157260780028538760589558632766878171540458953514382464234321326889464182768467546703537516986049910576551282076245490090389328944075868508455133942304583236903222948165808559332123348274797826204144723168738177180919299881250404026184124858368.000000
[INFO]:[18:57:49] Starting CPLEX solver on instance: /home/yorig/tuner/mpils-tests/instances/miplib/easy/rocI-4-11.mps with config: /scratch/yorig/mpils-results-grid-seconds-5-no-mip-start/easy/24proc/seed-2/8_rocI-4-11_seed-2_20260502_185737/iterated_local_search/run_1_worker_11/ils_config_5422275486473941903.prm
[INFO]:[18:57:49] Starting CPLEX solver on instance: /home/yorig/tuner/mpils-tests/instances/miplib/easy/rocI-4-11.mps with config: /scratch/yorig/mpils-results-grid-seconds-5-no-mip-start/easy/24proc/seed-2/8_rocI-4-11_seed-2_20260502_185737/iterated_local_search/run_1_worker_11/ils_config_5422275486473941903.prm
[WARN]:[18:57:54] CPLEX finished without a primal feasible solution for config /scratch/yorig/mpils-results-grid-seconds-5-no-mip-start/easy/24proc/seed-2/8_rocI-4-11_seed-2_20260502_185737/iterated_local_search/run_1_worker_11/ils_config_5422275486473941903.prm.
[INFO]:[18:57:54] CPLEX results. Gap: unavailable, upper bound: null, lower bound: -8059750.115287
[INFO]:[18:57:54] CPLEX solver finished. Gap: 179769313486231570814527423731704356798070567525844996598917476803157260780028538760589558632766878171540458953514382464234321326889464182768467546703537516986049910576551282076245490090389328944075868508455133942304583236903222948165808559332123348274797826204144723168738177180919299881250404026184124858368.000000
[INFO]:[18:57:54] Starting CPLEX solver on instance: /home/yorig/tuner/mpils-tests/instances/miplib/easy/rocI-4-11.mps with config: /scratch/yorig/mpils-results-grid-seconds-5-no-mip-start/easy/24proc/seed-2/8_rocI-4-11_seed-2_20260502_185737/iterated_local_search/run_1_worker_11/ils_config_8154948833815823879.prm
[INFO]:[18:57:54] Starting CPLEX solver on instance: /home/yorig/tuner/mpils-tests/instances/miplib/easy/rocI-4-11.mps with config: /scratch/yorig/mpils-results-grid-seconds-5-no-mip-start/easy/24proc/seed-2/8_rocI-4-11_seed-2_20260502_185737/iterated_local_search/run_1_worker_11/ils_config_8154948833815823879.prm
[INFO]:[18:57:59] CPLEX results. Gap: 443.130000, upper bound: -2020203.000000, lower bound: -10972248.631491
[INFO]:[18:57:59] CPLEX solver finished. Gap: 443.130000
[INFO]:[18:57:59] New incumbent found with objective value: 443.13
[INFO]:[18:57:59] Starting CPLEX solver on instance: /home/yorig/tuner/mpils-tests/instances/miplib/easy/rocI-4-11.mps with config: /scratch/yorig/mpils-results-grid-seconds-5-no-mip-start/easy/24proc/seed-2/8_rocI-4-11_seed-2_20260502_185737/iterated_local_search/run_1_worker_11/ils_config_953375418567894033.prm
[INFO]:[18:57:59] Starting CPLEX solver on instance: /home/yorig/tuner/mpils-tests/instances/miplib/easy/rocI-4-11.mps with config: /scratch/yorig/mpils-results-grid-seconds-5-no-mip-start/easy/24proc/seed-2/8_rocI-4-11_seed-2_20260502_185737/iterated_local_search/run_1_worker_11/ils_config_953375418567894033.prm
[INFO]:[18:58:04] CPLEX results. Gap: 149.220000, upper bound: -4040303.000000, lower bound: -10069107.228114
[INFO]:[18:58:04] CPLEX solver finished. Gap: 149.220000
[INFO]:[18:58:04] New incumbent found with objective value: 149.22
[INFO]:[18:58:04] Starting CPLEX solver on instance: /home/yorig/tuner/mpils-tests/instances/miplib/easy/rocI-4-11.mps with config: /scratch/yorig/mpils-results-grid-seconds-5-no-mip-start/easy/24proc/seed-2/8_rocI-4-11_seed-2_20260502_185737/iterated_local_search/run_1_worker_11/ils_config_1719894730267167752.prm
[INFO]:[18:58:04] Starting CPLEX solver on instance: /home/yorig/tuner/mpils-tests/instances/miplib/easy/rocI-4-11.mps with config: /scratch/yorig/mpils-results-grid-seconds-5-no-mip-start/easy/24proc/seed-2/8_rocI-4-11_seed-2_20260502_185737/iterated_local_search/run_1_worker_11/ils_config_1719894730267167752.prm
[INFO]:[18:58:09] CPLEX results. Gap: 447.940000, upper bound: -2020203.000000, lower bound: -11069486.086649
[INFO]:[18:58:09] CPLEX solver finished. Gap: 447.940000
[INFO]:[18:58:09] Starting CPLEX solver on instance: /home/yorig/tuner/mpils-tests/instances/miplib/easy/rocI-4-11.mps with config: /scratch/yorig/mpils-results-grid-seconds-5-no-mip-start/easy/24proc/seed-2/8_rocI-4-11_seed-2_20260502_185737/iterated_local_search/run_1_worker_11/ils_config_6591041764471261057.prm
[INFO]:[18:58:09] Starting CPLEX solver on instance: /home/yorig/tuner/mpils-tests/instances/miplib/easy/rocI-4-11.mps with config: /scratch/yorig/mpils-results-grid-seconds-5-no-mip-start/easy/24proc/seed-2/8_rocI-4-11_seed-2_20260502_185737/iterated_local_search/run_1_worker_11/ils_config_6591041764471261057.prm
[INFO]:[18:58:14] CPLEX results. Gap: 394.790000, upper bound: -2020203.000000, lower bound: -9995748.487308
[INFO]:[18:58:14] CPLEX solver finished. Gap: 394.790000
[INFO]:[18:58:14] Starting CPLEX solver on instance: /home/yorig/tuner/mpils-tests/instances/miplib/easy/rocI-4-11.mps with config: /scratch/yorig/mpils-results-grid-seconds-5-no-mip-start/easy/24proc/seed-2/8_rocI-4-11_seed-2_20260502_185737/iterated_local_search/run_1_worker_11/ils_config_5080520165986099356.prm
[INFO]:[18:58:14] Starting CPLEX solver on instance: /home/yorig/tuner/mpils-tests/instances/miplib/easy/rocI-4-11.mps with config: /scratch/yorig/mpils-results-grid-seconds-5-no-mip-start/easy/24proc/seed-2/8_rocI-4-11_seed-2_20260502_185737/iterated_local_search/run_1_worker_11/ils_config_5080520165986099356.prm
[INFO]:[18:58:19] CPLEX results. Gap: 149.210000, upper bound: -4040303.000000, lower bound: -10069040.013207
[INFO]:[18:58:19] CPLEX solver finished. Gap: 149.210000
[INFO]:[18:58:19] New incumbent found with objective value: 149.21
[INFO]:[18:58:19] Starting CPLEX solver on instance: /home/yorig/tuner/mpils-tests/instances/miplib/easy/rocI-4-11.mps with config: /scratch/yorig/mpils-results-grid-seconds-5-no-mip-start/easy/24proc/seed-2/8_rocI-4-11_seed-2_20260502_185737/iterated_local_search/run_1_worker_11/ils_config_16371772520247591595.prm
[INFO]:[18:58:19] Starting CPLEX solver on instance: /home/yorig/tuner/mpils-tests/instances/miplib/easy/rocI-4-11.mps with config: /scratch/yorig/mpils-results-grid-seconds-5-no-mip-start/easy/24proc/seed-2/8_rocI-4-11_seed-2_20260502_185737/iterated_local_search/run_1_worker_11/ils_config_16371772520247591595.prm
[INFO]:[18:58:24] CPLEX results. Gap: 443.460000, upper bound: -2020203.000000, lower bound: -10978933.556496
[INFO]:[18:58:24] CPLEX solver finished. Gap: 443.460000
[INFO]:[18:58:24] Starting CPLEX solver on instance: /home/yorig/tuner/mpils-tests/instances/miplib/easy/rocI-4-11.mps with config: /scratch/yorig/mpils-results-grid-seconds-5-no-mip-start/easy/24proc/seed-2/8_rocI-4-11_seed-2_20260502_185737/iterated_local_search/run_1_worker_11/ils_config_8842574953103255323.prm
[INFO]:[18:58:24] Starting CPLEX solver on instance: /home/yorig/tuner/mpils-tests/instances/miplib/easy/rocI-4-11.mps with config: /scratch/yorig/mpils-results-grid-seconds-5-no-mip-start/easy/24proc/seed-2/8_rocI-4-11_seed-2_20260502_185737/iterated_local_search/run_1_worker_11/ils_config_8842574953103255323.prm
[INFO]:[18:58:29] CPLEX results. Gap: 149.220000, upper bound: -4040303.000000, lower bound: -10069107.228114
[INFO]:[18:58:29] CPLEX solver finished. Gap: 149.220000
[INFO]:[18:58:29] Starting CPLEX solver on instance: /home/yorig/tuner/mpils-tests/instances/miplib/easy/rocI-4-11.mps with config: /scratch/yorig/mpils-results-grid-seconds-5-no-mip-start/easy/24proc/seed-2/8_rocI-4-11_seed-2_20260502_185737/iterated_local_search/run_1_worker_11/ils_config_4187146159484106341.prm
[INFO]:[18:58:29] Starting CPLEX solver on instance: /home/yorig/tuner/mpils-tests/instances/miplib/easy/rocI-4-11.mps with config: /scratch/yorig/mpils-results-grid-seconds-5-no-mip-start/easy/24proc/seed-2/8_rocI-4-11_seed-2_20260502_185737/iterated_local_search/run_1_worker_11/ils_config_4187146159484106341.prm
[INFO]:[18:58:34] CPLEX results. Gap: 119.000000, upper bound: -5050303.000000, lower bound: -11060403.000000
[INFO]:[18:58:34] CPLEX solver finished. Gap: 119.000000
[INFO]:[18:58:34] New incumbent found with objective value: 119
[INFO]:[18:58:34] Starting CPLEX solver on instance: /home/yorig/tuner/mpils-tests/instances/miplib/easy/rocI-4-11.mps with config: /scratch/yorig/mpils-results-grid-seconds-5-no-mip-start/easy/24proc/seed-2/8_rocI-4-11_seed-2_20260502_185737/iterated_local_search/run_1_worker_11/ils_config_4621952448193596422.prm
[INFO]:[18:58:34] Starting CPLEX solver on instance: /home/yorig/tuner/mpils-tests/instances/miplib/easy/rocI-4-11.mps with config: /scratch/yorig/mpils-results-grid-seconds-5-no-mip-start/easy/24proc/seed-2/8_rocI-4-11_seed-2_20260502_185737/iterated_local_search/run_1_worker_11/ils_config_4621952448193596422.prm
[INFO]:[18:58:39] CPLEX results. Gap: 119.000000, upper bound: -5050303.000000, lower bound: -11060403.000000
[INFO]:[18:58:39] CPLEX solver finished. Gap: 119.000000
[INFO]:[18:58:39] Starting CPLEX solver on instance: /home/yorig/tuner/mpils-tests/instances/miplib/easy/rocI-4-11.mps with config: /scratch/yorig/mpils-results-grid-seconds-5-no-mip-start/easy/24proc/seed-2/8_rocI-4-11_seed-2_20260502_185737/iterated_local_search/run_1_worker_11/ils_config_5422885534031068938.prm
[INFO]:[18:58:39] Starting CPLEX solver on instance: /home/yorig/tuner/mpils-tests/instances/miplib/easy/rocI-4-11.mps with config: /scratch/yorig/mpils-results-grid-seconds-5-no-mip-start/easy/24proc/seed-2/8_rocI-4-11_seed-2_20260502_185737/iterated_local_search/run_1_worker_11/ils_config_5422885534031068938.prm
[INFO]:[18:58:44] CPLEX results. Gap: 119.000000, upper bound: -5050303.000000, lower bound: -11060403.000000
[INFO]:[18:58:44] CPLEX solver finished. Gap: 119.000000
[INFO]:[18:58:44] Starting CPLEX solver on instance: /home/yorig/tuner/mpils-tests/instances/miplib/easy/rocI-4-11.mps with config: /scratch/yorig/mpils-results-grid-seconds-5-no-mip-start/easy/24proc/seed-2/8_rocI-4-11_seed-2_20260502_185737/iterated_local_search/run_1_worker_11/ils_config_97939570037715611.prm
[INFO]:[18:58:44] Starting CPLEX solver on instance: /home/yorig/tuner/mpils-tests/instances/miplib/easy/rocI-4-11.mps with config: /scratch/yorig/mpils-results-grid-seconds-5-no-mip-start/easy/24proc/seed-2/8_rocI-4-11_seed-2_20260502_185737/iterated_local_search/run_1_worker_11/ils_config_97939570037715611.prm
[INFO]:[18:58:49] CPLEX results. Gap: 99.390000, upper bound: -5050303.000000, lower bound: -10070023.275816
[INFO]:[18:58:49] CPLEX solver finished. Gap: 99.390000
[INFO]:[18:58:49] New incumbent found with objective value: 99.39
[INFO]:[18:58:49] Starting CPLEX solver on instance: /home/yorig/tuner/mpils-tests/instances/miplib/easy/rocI-4-11.mps with config: /scratch/yorig/mpils-results-grid-seconds-5-no-mip-start/easy/24proc/seed-2/8_rocI-4-11_seed-2_20260502_185737/iterated_local_search/run_1_worker_11/ils_config_9618748673068695170.prm
[INFO]:[18:58:49] Starting CPLEX solver on instance: /home/yorig/tuner/mpils-tests/instances/miplib/easy/rocI-4-11.mps with config: /scratch/yorig/mpils-results-grid-seconds-5-no-mip-start/easy/24proc/seed-2/8_rocI-4-11_seed-2_20260502_185737/iterated_local_search/run_1_worker_11/ils_config_9618748673068695170.prm
[INFO]:[18:58:54] CPLEX results. Gap: 114.320000, upper bound: -5050303.000000, lower bound: -10823891.473075
[INFO]:[18:58:54] CPLEX solver finished. Gap: 114.320000
[INFO]:[18:58:54] Starting CPLEX solver on instance: /home/yorig/tuner/mpils-tests/instances/miplib/easy/rocI-4-11.mps with config: /scratch/yorig/mpils-results-grid-seconds-5-no-mip-start/easy/24proc/seed-2/8_rocI-4-11_seed-2_20260502_185737/iterated_local_search/run_1_worker_11/ils_config_4125085961608513439.prm
[INFO]:[18:58:54] Starting CPLEX solver on instance: /home/yorig/tuner/mpils-tests/instances/miplib/easy/rocI-4-11.mps with config: /scratch/yorig/mpils-results-grid-seconds-5-no-mip-start/easy/24proc/seed-2/8_rocI-4-11_seed-2_20260502_185737/iterated_local_search/run_1_worker_11/ils_config_4125085961608513439.prm
[INFO]:[18:58:59] CPLEX results. Gap: 99.400000, upper bound: -5050303.000000, lower bound: -10070403.000000
[INFO]:[18:58:59] CPLEX solver finished. Gap: 99.400000
[INFO]:[18:58:59] Starting CPLEX solver on instance: /home/yorig/tuner/mpils-tests/instances/miplib/easy/rocI-4-11.mps with config: /scratch/yorig/mpils-results-grid-seconds-5-no-mip-start/easy/24proc/seed-2/8_rocI-4-11_seed-2_20260502_185737/iterated_local_search/run_1_worker_11/ils_config_6764597085810403932.prm
[INFO]:[18:58:59] Starting CPLEX solver on instance: /home/yorig/tuner/mpils-tests/instances/miplib/easy/rocI-4-11.mps with config: /scratch/yorig/mpils-results-grid-seconds-5-no-mip-start/easy/24proc/seed-2/8_rocI-4-11_seed-2_20260502_185737/iterated_local_search/run_1_worker_11/ils_config_6764597085810403932.prm
[INFO]:[18:59:04] CPLEX results. Gap: 99.390000, upper bound: -5050303.000000, lower bound: -10070023.275816
[INFO]:[18:59:04] CPLEX solver finished. Gap: 99.390000
[INFO]:[18:59:04] Starting CPLEX solver on instance: /home/yorig/tuner/mpils-tests/instances/miplib/easy/rocI-4-11.mps with config: /scratch/yorig/mpils-results-grid-seconds-5-no-mip-start/easy/24proc/seed-2/8_rocI-4-11_seed-2_20260502_185737/iterated_local_search/run_1_worker_11/ils_config_759494637709597635.prm
[INFO]:[18:59:04] Starting CPLEX solver on instance: /home/yorig/tuner/mpils-tests/instances/miplib/easy/rocI-4-11.mps with config: /scratch/yorig/mpils-results-grid-seconds-5-no-mip-start/easy/24proc/seed-2/8_rocI-4-11_seed-2_20260502_185737/iterated_local_search/run_1_worker_11/ils_config_759494637709597635.prm
[INFO]:[18:59:09] CPLEX results. Gap: 99.390000, upper bound: -5050303.000000, lower bound: -10070023.275816
[INFO]:[18:59:09] CPLEX solver finished. Gap: 99.390000
[INFO]:[18:59:09] Starting CPLEX solver on instance: /home/yorig/tuner/mpils-tests/instances/miplib/easy/rocI-4-11.mps with config: /scratch/yorig/mpils-results-grid-seconds-5-no-mip-start/easy/24proc/seed-2/8_rocI-4-11_seed-2_20260502_185737/iterated_local_search/run_1_worker_11/ils_config_579556963950378017.prm
[INFO]:[18:59:09] Starting CPLEX solver on instance: /home/yorig/tuner/mpils-tests/instances/miplib/easy/rocI-4-11.mps with config: /scratch/yorig/mpils-results-grid-seconds-5-no-mip-start/easy/24proc/seed-2/8_rocI-4-11_seed-2_20260502_185737/iterated_local_search/run_1_worker_11/ils_config_579556963950378017.prm
[INFO]:[18:59:14] CPLEX results. Gap: 173.500000, upper bound: -4040403.000000, lower bound: -11050403.000000
[INFO]:[18:59:14] CPLEX solver finished. Gap: 173.500000
[INFO]:[18:59:14] Starting CPLEX solver on instance: /home/yorig/tuner/mpils-tests/instances/miplib/easy/rocI-4-11.mps with config: /scratch/yorig/mpils-results-grid-seconds-5-no-mip-start/easy/24proc/seed-2/8_rocI-4-11_seed-2_20260502_185737/iterated_local_search/run_1_worker_11/ils_config_17492703456395742772.prm
[INFO]:[18:59:14] Starting CPLEX solver on instance: /home/yorig/tuner/mpils-tests/instances/miplib/easy/rocI-4-11.mps with config: /scratch/yorig/mpils-results-grid-seconds-5-no-mip-start/easy/24proc/seed-2/8_rocI-4-11_seed-2_20260502_185737/iterated_local_search/run_1_worker_11/ils_config_17492703456395742772.prm
[INFO]:[18:59:19] CPLEX results. Gap: 119.010000, upper bound: -5050303.000000, lower bound: -11060503.000000
[INFO]:[18:59:19] CPLEX solver finished. Gap: 119.010000
[INFO]:[18:59:19] Local search phase completed.
[INFO]:[18:59:19] Total number of new local-search evaluations: 20
[INFO]:[18:59:19] Final incumbent objective value: 99.39
[INFO]:[18:59:19] Worker 11 completed exploration phase.
[INFO]:[18:59:19] Worker 11 received order for step 2.
[INFO]:[18:59:19] Worker 11 running expansion phase for iteration 1.
[INFO]:[18:59:19] Worker 11 will use solver log file: /scratch/yorig/mpils-results-grid-seconds-5-no-mip-start/easy/24proc/seed-2/8_rocI-4-11_seed-2_20260502_185737/solver/cplex.log_iteration_expansion_1_worker_11
[INFO]:[18:59:19] Expansion Worker 11 starting expansion for iteration 1.
[INFO]:[18:59:19] Starting CPLEX solver on instance: /home/yorig/tuner/mpils-tests/instances/miplib/easy/rocI-4-11.mps with config: /scratch/yorig/mpils-results-grid-seconds-5-no-mip-start/easy/24proc/seed-2/8_rocI-4-11_seed-2_20260502_185737/expansion/config_param_CPXPARAM_MIP_Limits_ProbeTime_60_iter_1.prm
[INFO]:[18:59:24] CPLEX results. Gap: 79.400000, upper bound: -5050303.000000, lower bound: -9060298.453851
[INFO]:[18:59:24] CPLEX solver finished. Gap: 79.400000
[INFO]:[18:59:24] Expansion Worker 11 stopping early after global MPI expansion stop was activated.
[INFO]:[18:59:24] Expansion Worker 11 completed expansion.
[INFO]:[18:59:24] Worker 11 completed expansion phase.
[INFO]:[18:59:25] Worker 11 received order for step 1.
[INFO]:[18:59:25] Worker 11 running exploration phase for iteration 2.
[INFO]:[18:59:25] Worker 11 at iteration 2 will not use a MIP start file. Current best MIP-start upper bound threshold is 1.79769e+308.
[INFO]:[18:59:25] Starting local search phase...
[INFO]:[18:59:25] Creating local search space from parameter space file: /scratch/yorig/mpils-results-grid-seconds-5-no-mip-start/easy/24proc/seed-2/8_rocI-4-11_seed-2_20260502_185737/iterated_local_search/search_space/search_space_file_2_worker_11.txt
[INFO]:[18:59:25] Local search space loaded from file: /scratch/yorig/mpils-results-grid-seconds-5-no-mip-start/easy/24proc/seed-2/8_rocI-4-11_seed-2_20260502_185737/iterated_local_search/search_space/search_space_file_2_worker_11.txt
[INFO]:[18:59:25] Number of parameters in local search space: 71
[INFO]:[18:59:25] Number of forbidden tuples in local search space: 26
[INFO]:[18:59:25] Number of conditionals in local search space: 6
[INFO]:[18:59:25] MIP start option not enabled. Local search will proceed without MIP start.
[INFO]:[18:59:25] Evaluating initial configuration for local search phase...
[INFO]:[18:59:25] Starting CPLEX solver on instance: /home/yorig/tuner/mpils-tests/instances/miplib/easy/rocI-4-11.mps with config: /scratch/yorig/mpils-results-grid-seconds-5-no-mip-start/easy/24proc/seed-2/8_rocI-4-11_seed-2_20260502_185737/iterated_local_search/run_2_worker_11/ils_config_14923149796224818935.prm
[INFO]:[18:59:25] Starting CPLEX solver on instance: /home/yorig/tuner/mpils-tests/instances/miplib/easy/rocI-4-11.mps with config: /scratch/yorig/mpils-results-grid-seconds-5-no-mip-start/easy/24proc/seed-2/8_rocI-4-11_seed-2_20260502_185737/iterated_local_search/run_2_worker_11/ils_config_14923149796224818935.prm
[INFO]:[18:59:30] CPLEX results. Gap: 108402.430000, upper bound: -10203.000000, lower bound: -11070503.000000
[INFO]:[18:59:30] CPLEX solver finished. Gap: 108402.430000
[INFO]:[18:59:30] Initial configuration evaluated with objective value: 108402
[INFO]:[18:59:30] Starting CPLEX solver on instance: /home/yorig/tuner/mpils-tests/instances/miplib/easy/rocI-4-11.mps with config: /scratch/yorig/mpils-results-grid-seconds-5-no-mip-start/easy/24proc/seed-2/8_rocI-4-11_seed-2_20260502_185737/iterated_local_search/run_2_worker_11/ils_config_5383013797291409017.prm
[INFO]:[18:59:30] Starting CPLEX solver on instance: /home/yorig/tuner/mpils-tests/instances/miplib/easy/rocI-4-11.mps with config: /scratch/yorig/mpils-results-grid-seconds-5-no-mip-start/easy/24proc/seed-2/8_rocI-4-11_seed-2_20260502_185737/iterated_local_search/run_2_worker_11/ils_config_5383013797291409017.prm
[INFO]:[18:59:35] CPLEX results. Gap: 108402.430000, upper bound: -10203.000000, lower bound: -11070503.000000
[INFO]:[18:59:35] CPLEX solver finished. Gap: 108402.430000
[INFO]:[18:59:35] Starting CPLEX solver on instance: /home/yorig/tuner/mpils-tests/instances/miplib/easy/rocI-4-11.mps with config: /scratch/yorig/mpils-results-grid-seconds-5-no-mip-start/easy/24proc/seed-2/8_rocI-4-11_seed-2_20260502_185737/iterated_local_search/run_2_worker_11/ils_config_2610458662375732500.prm
[INFO]:[18:59:35] Starting CPLEX solver on instance: /home/yorig/tuner/mpils-tests/instances/miplib/easy/rocI-4-11.mps with config: /scratch/yorig/mpils-results-grid-seconds-5-no-mip-start/easy/24proc/seed-2/8_rocI-4-11_seed-2_20260502_185737/iterated_local_search/run_2_worker_11/ils_config_2610458662375732500.prm
[INFO]:[18:59:40] CPLEX results. Gap: 108402.430000, upper bound: -10203.000000, lower bound: -11070503.000000
[INFO]:[18:59:40] CPLEX solver finished. Gap: 108402.430000
[INFO]:[18:59:40] Starting CPLEX solver on instance: /home/yorig/tuner/mpils-tests/instances/miplib/easy/rocI-4-11.mps with config: /scratch/yorig/mpils-results-grid-seconds-5-no-mip-start/easy/24proc/seed-2/8_rocI-4-11_seed-2_20260502_185737/iterated_local_search/run_2_worker_11/ils_config_6682264726735828317.prm
[INFO]:[18:59:40] Starting CPLEX solver on instance: /home/yorig/tuner/mpils-tests/instances/miplib/easy/rocI-4-11.mps with config: /scratch/yorig/mpils-results-grid-seconds-5-no-mip-start/easy/24proc/seed-2/8_rocI-4-11_seed-2_20260502_185737/iterated_local_search/run_2_worker_11/ils_config_6682264726735828317.prm
[INFO]:[18:59:45] CPLEX results. Gap: 108402.430000, upper bound: -10203.000000, lower bound: -11070503.000000
[INFO]:[18:59:45] CPLEX solver finished. Gap: 108402.430000
[INFO]:[18:59:45] Starting CPLEX solver on instance: /home/yorig/tuner/mpils-tests/instances/miplib/easy/rocI-4-11.mps with config: /scratch/yorig/mpils-results-grid-seconds-5-no-mip-start/easy/24proc/seed-2/8_rocI-4-11_seed-2_20260502_185737/iterated_local_search/run_2_worker_11/ils_config_11798928787240843108.prm
[INFO]:[18:59:45] Starting CPLEX solver on instance: /home/yorig/tuner/mpils-tests/instances/miplib/easy/rocI-4-11.mps with config: /scratch/yorig/mpils-results-grid-seconds-5-no-mip-start/easy/24proc/seed-2/8_rocI-4-11_seed-2_20260502_185737/iterated_local_search/run_2_worker_11/ils_config_11798928787240843108.prm
[INFO]:[18:59:50] CPLEX results. Gap: 108402.430000, upper bound: -10203.000000, lower bound: -11070503.000000
[INFO]:[18:59:50] CPLEX solver finished. Gap: 108402.430000
[INFO]:[18:59:50] Starting CPLEX solver on instance: /home/yorig/tuner/mpils-tests/instances/miplib/easy/rocI-4-11.mps with config: /scratch/yorig/mpils-results-grid-seconds-5-no-mip-start/easy/24proc/seed-2/8_rocI-4-11_seed-2_20260502_185737/iterated_local_search/run_2_worker_11/ils_config_12557575704476799497.prm
[INFO]:[18:59:50] Starting CPLEX solver on instance: /home/yorig/tuner/mpils-tests/instances/miplib/easy/rocI-4-11.mps with config: /scratch/yorig/mpils-results-grid-seconds-5-no-mip-start/easy/24proc/seed-2/8_rocI-4-11_seed-2_20260502_185737/iterated_local_search/run_2_worker_11/ils_config_12557575704476799497.prm
[WARN]:[18:59:55] CPLEX finished without a primal feasible solution for config /scratch/yorig/mpils-results-grid-seconds-5-no-mip-start/easy/24proc/seed-2/8_rocI-4-11_seed-2_20260502_185737/iterated_local_search/run_2_worker_11/ils_config_12557575704476799497.prm.
[INFO]:[18:59:55] CPLEX results. Gap: unavailable, upper bound: null, lower bound: -11090705.000000
[INFO]:[18:59:55] CPLEX solver finished. Gap: 179769313486231570814527423731704356798070567525844996598917476803157260780028538760589558632766878171540458953514382464234321326889464182768467546703537516986049910576551282076245490090389328944075868508455133942304583236903222948165808559332123348274797826204144723168738177180919299881250404026184124858368.000000
[INFO]:[18:59:55] Starting CPLEX solver on instance: /home/yorig/tuner/mpils-tests/instances/miplib/easy/rocI-4-11.mps with config: /scratch/yorig/mpils-results-grid-seconds-5-no-mip-start/easy/24proc/seed-2/8_rocI-4-11_seed-2_20260502_185737/iterated_local_search/run_2_worker_11/ils_config_13155637756761260576.prm
[INFO]:[18:59:55] Starting CPLEX solver on instance: /home/yorig/tuner/mpils-tests/instances/miplib/easy/rocI-4-11.mps with config: /scratch/yorig/mpils-results-grid-seconds-5-no-mip-start/easy/24proc/seed-2/8_rocI-4-11_seed-2_20260502_185737/iterated_local_search/run_2_worker_11/ils_config_13155637756761260576.prm
[INFO]:[19:00:00] CPLEX results. Gap: 108402.430000, upper bound: -10203.000000, lower bound: -11070503.000000
[INFO]:[19:00:00] CPLEX solver finished. Gap: 108402.430000
[INFO]:[19:00:00] Starting CPLEX solver on instance: /home/yorig/tuner/mpils-tests/instances/miplib/easy/rocI-4-11.mps with config: /scratch/yorig/mpils-results-grid-seconds-5-no-mip-start/easy/24proc/seed-2/8_rocI-4-11_seed-2_20260502_185737/iterated_local_search/run_2_worker_11/ils_config_10130268848007712178.prm
[INFO]:[19:00:00] Starting CPLEX solver on instance: /home/yorig/tuner/mpils-tests/instances/miplib/easy/rocI-4-11.mps with config: /scratch/yorig/mpils-results-grid-seconds-5-no-mip-start/easy/24proc/seed-2/8_rocI-4-11_seed-2_20260502_185737/iterated_local_search/run_2_worker_11/ils_config_10130268848007712178.prm
[INFO]:[19:00:05] CPLEX results. Gap: 108402.430000, upper bound: -10203.000000, lower bound: -11070503.000000
[INFO]:[19:00:05] CPLEX solver finished. Gap: 108402.430000
[INFO]:[19:00:05] Starting CPLEX solver on instance: /home/yorig/tuner/mpils-tests/instances/miplib/easy/rocI-4-11.mps with config: /scratch/yorig/mpils-results-grid-seconds-5-no-mip-start/easy/24proc/seed-2/8_rocI-4-11_seed-2_20260502_185737/iterated_local_search/run_2_worker_11/ils_config_11131943833472683811.prm
[INFO]:[19:00:05] Starting CPLEX solver on instance: /home/yorig/tuner/mpils-tests/instances/miplib/easy/rocI-4-11.mps with config: /scratch/yorig/mpils-results-grid-seconds-5-no-mip-start/easy/24proc/seed-2/8_rocI-4-11_seed-2_20260502_185737/iterated_local_search/run_2_worker_11/ils_config_11131943833472683811.prm
[INFO]:[19:00:10] CPLEX results. Gap: 265.330000, upper bound: -3030303.000000, lower bound: -11070503.000000
[INFO]:[19:00:10] CPLEX solver finished. Gap: 265.330000
[INFO]:[19:00:10] New incumbent found with objective value: 265.33
[INFO]:[19:00:10] Starting CPLEX solver on instance: /home/yorig/tuner/mpils-tests/instances/miplib/easy/rocI-4-11.mps with config: /scratch/yorig/mpils-results-grid-seconds-5-no-mip-start/easy/24proc/seed-2/8_rocI-4-11_seed-2_20260502_185737/iterated_local_search/run_2_worker_11/ils_config_10066681621760125658.prm
[INFO]:[19:00:10] Starting CPLEX solver on instance: /home/yorig/tuner/mpils-tests/instances/miplib/easy/rocI-4-11.mps with config: /scratch/yorig/mpils-results-grid-seconds-5-no-mip-start/easy/24proc/seed-2/8_rocI-4-11_seed-2_20260502_185737/iterated_local_search/run_2_worker_11/ils_config_10066681621760125658.prm
[INFO]:[19:00:15] CPLEX results. Gap: 265.330000, upper bound: -3030303.000000, lower bound: -11070503.000000
[INFO]:[19:00:15] CPLEX solver finished. Gap: 265.330000
[INFO]:[19:00:15] Starting CPLEX solver on instance: /home/yorig/tuner/mpils-tests/instances/miplib/easy/rocI-4-11.mps with config: /scratch/yorig/mpils-results-grid-seconds-5-no-mip-start/easy/24proc/seed-2/8_rocI-4-11_seed-2_20260502_185737/iterated_local_search/run_2_worker_11/ils_config_10804196659851145912.prm
[INFO]:[19:00:15] Starting CPLEX solver on instance: /home/yorig/tuner/mpils-tests/instances/miplib/easy/rocI-4-11.mps with config: /scratch/yorig/mpils-results-grid-seconds-5-no-mip-start/easy/24proc/seed-2/8_rocI-4-11_seed-2_20260502_185737/iterated_local_search/run_2_worker_11/ils_config_10804196659851145912.prm
[INFO]:[19:00:20] CPLEX results. Gap: 265.330000, upper bound: -3030303.000000, lower bound: -11070503.000000
[INFO]:[19:00:20] CPLEX solver finished. Gap: 265.330000
[INFO]:[19:00:20] Starting CPLEX solver on instance: /home/yorig/tuner/mpils-tests/instances/miplib/easy/rocI-4-11.mps with config: /scratch/yorig/mpils-results-grid-seconds-5-no-mip-start/easy/24proc/seed-2/8_rocI-4-11_seed-2_20260502_185737/iterated_local_search/run_2_worker_11/ils_config_3933018088756893088.prm
[INFO]:[19:00:20] Starting CPLEX solver on instance: /home/yorig/tuner/mpils-tests/instances/miplib/easy/rocI-4-11.mps with config: /scratch/yorig/mpils-results-grid-seconds-5-no-mip-start/easy/24proc/seed-2/8_rocI-4-11_seed-2_20260502_185737/iterated_local_search/run_2_worker_11/ils_config_3933018088756893088.prm
[INFO]:[19:00:25] CPLEX results. Gap: 265.330000, upper bound: -3030303.000000, lower bound: -11070503.000000
[INFO]:[19:00:25] CPLEX solver finished. Gap: 265.330000
[INFO]:[19:00:25] Local search phase completed.
[INFO]:[19:00:25] Total number of new local-search evaluations: 12
[INFO]:[19:00:25] Final incumbent objective value: 265.33
[INFO]:[19:00:25] Worker 11 completed exploration phase.
[INFO]:[19:00:25] Worker 11 received order for step 2.
[INFO]:[19:00:25] Worker 11 running expansion phase for iteration 2.
[INFO]:[19:00:25] Worker 11 will use solver log file: /scratch/yorig/mpils-results-grid-seconds-5-no-mip-start/easy/24proc/seed-2/8_rocI-4-11_seed-2_20260502_185737/solver/cplex.log_iteration_expansion_2_worker_11
[INFO]:[19:00:25] Expansion Worker 11 starting expansion for iteration 2.
[INFO]:[19:00:25] Starting CPLEX solver on instance: /home/yorig/tuner/mpils-tests/instances/miplib/easy/rocI-4-11.mps with config: /scratch/yorig/mpils-results-grid-seconds-5-no-mip-start/easy/24proc/seed-2/8_rocI-4-11_seed-2_20260502_185737/expansion/config_param_CPXPARAM_MIP_Strategy_StartAlgorithm_2_iter_2.prm
[INFO]:[19:00:31] CPLEX results. Gap: 59.600000, upper bound: -5050303.000000, lower bound: -8060403.000000
[INFO]:[19:00:31] CPLEX solver finished. Gap: 59.600000
[INFO]:[19:00:31] Starting CPLEX solver on instance: /home/yorig/tuner/mpils-tests/instances/miplib/easy/rocI-4-11.mps with config: /scratch/yorig/mpils-results-grid-seconds-5-no-mip-start/easy/24proc/seed-2/8_rocI-4-11_seed-2_20260502_185737/expansion/config_param_CPXPARAM_MIP_Strategy_StartAlgorithm_3_iter_2.prm
[INFO]:[19:00:36] CPLEX results. Gap: 119.000000, upper bound: -5050303.000000, lower bound: -11060403.000000
[INFO]:[19:00:36] CPLEX solver finished. Gap: 119.000000
[INFO]:[19:00:36] Expansion Worker 11 stopping early after global MPI expansion stop was activated.
[INFO]:[19:00:36] Expansion Worker 11 completed expansion.
[INFO]:[19:00:36] Worker 11 completed expansion phase.
[INFO]:[19:00:36] Worker 11 received order for step 3.
[INFO]:[19:00:36] Worker 11 finished.
