[INFO]:[02:02:44] Worker 6 starting.
[INFO]:[02:02:44] Worker 6 received order for step 1.
[INFO]:[02:02:44] Worker 6 running exploration phase for iteration 1.
[INFO]:[02:02:44] Worker 6 at iteration 1 will not use a MIP start file. Current best MIP-start upper bound threshold is 1.79769e+308.
[INFO]:[02:02:44] Starting local search phase...
[INFO]:[02:02:44] Creating local search space from parameter space file: /scratch/yorig/mpils-results-grid-seconds-5-watchdog-mip-start/easy/16proc/seed-3/3_glass4_seed-3_20260504_020242/iterated_local_search/search_space/search_space_file_1_worker_6.txt
[INFO]:[02:02:44] Local search space loaded from file: /scratch/yorig/mpils-results-grid-seconds-5-watchdog-mip-start/easy/16proc/seed-3/3_glass4_seed-3_20260504_020242/iterated_local_search/search_space/search_space_file_1_worker_6.txt
[INFO]:[02:02:44] Number of parameters in local search space: 71
[INFO]:[02:02:44] Number of forbidden tuples in local search space: 0
[INFO]:[02:02:44] Number of conditionals in local search space: 6
[INFO]:[02:02:44] MIP start option not enabled. Local search will proceed without MIP start.
[INFO]:[02:02:44] Evaluating initial configuration for local search phase...
[INFO]:[02:02:44] Starting CPLEX solver on instance: /home/yorig/tuner/mpils-tests/instances/miplib/easy/glass4.mps with config: /scratch/yorig/mpils-results-grid-seconds-5-watchdog-mip-start/easy/16proc/seed-3/3_glass4_seed-3_20260504_020242/iterated_local_search/run_1_worker_6/ils_config_14016033152779600300.prm
[INFO]:[02:02:44] Starting CPLEX solver on instance: /home/yorig/tuner/mpils-tests/instances/miplib/easy/glass4.mps with config: /scratch/yorig/mpils-results-grid-seconds-5-watchdog-mip-start/easy/16proc/seed-3/3_glass4_seed-3_20260504_020242/iterated_local_search/run_1_worker_6/ils_config_14016033152779600300.prm
[INFO]:[02:02:49] CPLEX results. Gap: 30.000000, upper bound: 1500012950.000000, lower bound: 1050008375.000006
[INFO]:[02:02:49] CPLEX solver finished. Gap: 30.000000
[INFO]:[02:02:49] Initial configuration evaluated with objective value: 30
[INFO]:[02:02:49] Starting CPLEX solver on instance: /home/yorig/tuner/mpils-tests/instances/miplib/easy/glass4.mps with config: /scratch/yorig/mpils-results-grid-seconds-5-watchdog-mip-start/easy/16proc/seed-3/3_glass4_seed-3_20260504_020242/iterated_local_search/run_1_worker_6/ils_config_8902295658440993141.prm
[INFO]:[02:02:49] Starting CPLEX solver on instance: /home/yorig/tuner/mpils-tests/instances/miplib/easy/glass4.mps with config: /scratch/yorig/mpils-results-grid-seconds-5-watchdog-mip-start/easy/16proc/seed-3/3_glass4_seed-3_20260504_020242/iterated_local_search/run_1_worker_6/ils_config_8902295658440993141.prm
[INFO]:[02:02:54] CPLEX results. Gap: 38.270000, upper bound: 1620015966.666667, lower bound: 1000003652.504450
[INFO]:[02:02:54] CPLEX solver finished. Gap: 38.270000
[INFO]:[02:02:54] Starting CPLEX solver on instance: /home/yorig/tuner/mpils-tests/instances/miplib/easy/glass4.mps with config: /scratch/yorig/mpils-results-grid-seconds-5-watchdog-mip-start/easy/16proc/seed-3/3_glass4_seed-3_20260504_020242/iterated_local_search/run_1_worker_6/ils_config_9162982493372142051.prm
[INFO]:[02:02:54] Starting CPLEX solver on instance: /home/yorig/tuner/mpils-tests/instances/miplib/easy/glass4.mps with config: /scratch/yorig/mpils-results-grid-seconds-5-watchdog-mip-start/easy/16proc/seed-3/3_glass4_seed-3_20260504_020242/iterated_local_search/run_1_worker_6/ils_config_9162982493372142051.prm
[INFO]:[02:02:59] CPLEX results. Gap: 41.940000, upper bound: 1550013500.000000, lower bound: 900008906.404700
[INFO]:[02:02:59] CPLEX solver finished. Gap: 41.940000
[INFO]:[02:02:59] Starting CPLEX solver on instance: /home/yorig/tuner/mpils-tests/instances/miplib/easy/glass4.mps with config: /scratch/yorig/mpils-results-grid-seconds-5-watchdog-mip-start/easy/16proc/seed-3/3_glass4_seed-3_20260504_020242/iterated_local_search/run_1_worker_6/ils_config_16649829036551454522.prm
[INFO]:[02:02:59] Starting CPLEX solver on instance: /home/yorig/tuner/mpils-tests/instances/miplib/easy/glass4.mps with config: /scratch/yorig/mpils-results-grid-seconds-5-watchdog-mip-start/easy/16proc/seed-3/3_glass4_seed-3_20260504_020242/iterated_local_search/run_1_worker_6/ils_config_16649829036551454522.prm
[INFO]:[02:03:04] CPLEX results. Gap: 30.530000, upper bound: 1583347116.666666, lower bound: 1100007138.378947
[INFO]:[02:03:04] CPLEX solver finished. Gap: 30.530000
[INFO]:[02:03:04] Starting CPLEX solver on instance: /home/yorig/tuner/mpils-tests/instances/miplib/easy/glass4.mps with config: /scratch/yorig/mpils-results-grid-seconds-5-watchdog-mip-start/easy/16proc/seed-3/3_glass4_seed-3_20260504_020242/iterated_local_search/run_1_worker_6/ils_config_11477480420660981473.prm
[INFO]:[02:03:04] Starting CPLEX solver on instance: /home/yorig/tuner/mpils-tests/instances/miplib/easy/glass4.mps with config: /scratch/yorig/mpils-results-grid-seconds-5-watchdog-mip-start/easy/16proc/seed-3/3_glass4_seed-3_20260504_020242/iterated_local_search/run_1_worker_6/ils_config_11477480420660981473.prm
[INFO]:[02:03:09] CPLEX results. Gap: 30.000000, upper bound: 1500012950.000000, lower bound: 1050008386.787123
[INFO]:[02:03:09] CPLEX solver finished. Gap: 30.000000
[INFO]:[02:03:09] Starting CPLEX solver on instance: /home/yorig/tuner/mpils-tests/instances/miplib/easy/glass4.mps with config: /scratch/yorig/mpils-results-grid-seconds-5-watchdog-mip-start/easy/16proc/seed-3/3_glass4_seed-3_20260504_020242/iterated_local_search/run_1_worker_6/ils_config_2765597927256680561.prm
[INFO]:[02:03:09] Starting CPLEX solver on instance: /home/yorig/tuner/mpils-tests/instances/miplib/easy/glass4.mps with config: /scratch/yorig/mpils-results-grid-seconds-5-watchdog-mip-start/easy/16proc/seed-3/3_glass4_seed-3_20260504_020242/iterated_local_search/run_1_worker_6/ils_config_2765597927256680561.prm
[INFO]:[02:03:14] CPLEX results. Gap: 33.330000, upper bound: 1650014700.000000, lower bound: 1100003766.903346
[INFO]:[02:03:14] CPLEX solver finished. Gap: 33.330000
[INFO]:[02:03:14] Starting CPLEX solver on instance: /home/yorig/tuner/mpils-tests/instances/miplib/easy/glass4.mps with config: /scratch/yorig/mpils-results-grid-seconds-5-watchdog-mip-start/easy/16proc/seed-3/3_glass4_seed-3_20260504_020242/iterated_local_search/run_1_worker_6/ils_config_17136573453837316387.prm
[INFO]:[02:03:14] Starting CPLEX solver on instance: /home/yorig/tuner/mpils-tests/instances/miplib/easy/glass4.mps with config: /scratch/yorig/mpils-results-grid-seconds-5-watchdog-mip-start/easy/16proc/seed-3/3_glass4_seed-3_20260504_020242/iterated_local_search/run_1_worker_6/ils_config_17136573453837316387.prm
[INFO]:[02:03:19] CPLEX results. Gap: 40.000000, upper bound: 1500012666.666667, lower bound: 900006507.612654
[INFO]:[02:03:19] CPLEX solver finished. Gap: 40.000000
[INFO]:[02:03:19] Starting CPLEX solver on instance: /home/yorig/tuner/mpils-tests/instances/miplib/easy/glass4.mps with config: /scratch/yorig/mpils-results-grid-seconds-5-watchdog-mip-start/easy/16proc/seed-3/3_glass4_seed-3_20260504_020242/iterated_local_search/run_1_worker_6/ils_config_10647436456467574773.prm
[INFO]:[02:03:19] Starting CPLEX solver on instance: /home/yorig/tuner/mpils-tests/instances/miplib/easy/glass4.mps with config: /scratch/yorig/mpils-results-grid-seconds-5-watchdog-mip-start/easy/16proc/seed-3/3_glass4_seed-3_20260504_020242/iterated_local_search/run_1_worker_6/ils_config_10647436456467574773.prm
[INFO]:[02:03:24] CPLEX results. Gap: 34.000000, upper bound: 1666681516.670781, lower bound: 1100003731.738381
[INFO]:[02:03:24] CPLEX solver finished. Gap: 34.000000
[INFO]:[02:03:24] Starting CPLEX solver on instance: /home/yorig/tuner/mpils-tests/instances/miplib/easy/glass4.mps with config: /scratch/yorig/mpils-results-grid-seconds-5-watchdog-mip-start/easy/16proc/seed-3/3_glass4_seed-3_20260504_020242/iterated_local_search/run_1_worker_6/ils_config_18029425804246342156.prm
[INFO]:[02:03:24] Starting CPLEX solver on instance: /home/yorig/tuner/mpils-tests/instances/miplib/easy/glass4.mps with config: /scratch/yorig/mpils-results-grid-seconds-5-watchdog-mip-start/easy/16proc/seed-3/3_glass4_seed-3_20260504_020242/iterated_local_search/run_1_worker_6/ils_config_18029425804246342156.prm
[INFO]:[02:03:29] CPLEX results. Gap: 37.080000, upper bound: 1748164272.769110, lower bound: 1100008838.950017
[INFO]:[02:03:29] CPLEX solver finished. Gap: 37.080000
[INFO]:[02:03:29] Starting CPLEX solver on instance: /home/yorig/tuner/mpils-tests/instances/miplib/easy/glass4.mps with config: /scratch/yorig/mpils-results-grid-seconds-5-watchdog-mip-start/easy/16proc/seed-3/3_glass4_seed-3_20260504_020242/iterated_local_search/run_1_worker_6/ils_config_7634096907592337753.prm
[INFO]:[02:03:29] Starting CPLEX solver on instance: /home/yorig/tuner/mpils-tests/instances/miplib/easy/glass4.mps with config: /scratch/yorig/mpils-results-grid-seconds-5-watchdog-mip-start/easy/16proc/seed-3/3_glass4_seed-3_20260504_020242/iterated_local_search/run_1_worker_6/ils_config_7634096907592337753.prm
[INFO]:[02:03:34] CPLEX results. Gap: 37.500000, upper bound: 1600015031.506292, lower bound: 1000004542.959812
[INFO]:[02:03:34] CPLEX solver finished. Gap: 37.500000
[INFO]:[02:03:34] Starting CPLEX solver on instance: /home/yorig/tuner/mpils-tests/instances/miplib/easy/glass4.mps with config: /scratch/yorig/mpils-results-grid-seconds-5-watchdog-mip-start/easy/16proc/seed-3/3_glass4_seed-3_20260504_020242/iterated_local_search/run_1_worker_6/ils_config_1020198507534631988.prm
[INFO]:[02:03:34] Starting CPLEX solver on instance: /home/yorig/tuner/mpils-tests/instances/miplib/easy/glass4.mps with config: /scratch/yorig/mpils-results-grid-seconds-5-watchdog-mip-start/easy/16proc/seed-3/3_glass4_seed-3_20260504_020242/iterated_local_search/run_1_worker_6/ils_config_1020198507534631988.prm
[INFO]:[02:03:39] CPLEX results. Gap: 32.980000, upper bound: 1566680666.666667, lower bound: 1050008150.000007
[INFO]:[02:03:39] CPLEX solver finished. Gap: 32.980000
[INFO]:[02:03:39] Starting CPLEX solver on instance: /home/yorig/tuner/mpils-tests/instances/miplib/easy/glass4.mps with config: /scratch/yorig/mpils-results-grid-seconds-5-watchdog-mip-start/easy/16proc/seed-3/3_glass4_seed-3_20260504_020242/iterated_local_search/run_1_worker_6/ils_config_6520019794007187114.prm
[INFO]:[02:03:39] Starting CPLEX solver on instance: /home/yorig/tuner/mpils-tests/instances/miplib/easy/glass4.mps with config: /scratch/yorig/mpils-results-grid-seconds-5-watchdog-mip-start/easy/16proc/seed-3/3_glass4_seed-3_20260504_020242/iterated_local_search/run_1_worker_6/ils_config_6520019794007187114.prm
[INFO]:[02:03:44] CPLEX results. Gap: 30.000000, upper bound: 1500012950.000000, lower bound: 1050008375.000006
[INFO]:[02:03:44] CPLEX solver finished. Gap: 30.000000
[INFO]:[02:03:44] Starting CPLEX solver on instance: /home/yorig/tuner/mpils-tests/instances/miplib/easy/glass4.mps with config: /scratch/yorig/mpils-results-grid-seconds-5-watchdog-mip-start/easy/16proc/seed-3/3_glass4_seed-3_20260504_020242/iterated_local_search/run_1_worker_6/ils_config_3262654799263949396.prm
[INFO]:[02:03:44] Starting CPLEX solver on instance: /home/yorig/tuner/mpils-tests/instances/miplib/easy/glass4.mps with config: /scratch/yorig/mpils-results-grid-seconds-5-watchdog-mip-start/easy/16proc/seed-3/3_glass4_seed-3_20260504_020242/iterated_local_search/run_1_worker_6/ils_config_3262654799263949396.prm
[INFO]:[02:03:49] CPLEX results. Gap: 30.000000, upper bound: 1500012950.000000, lower bound: 1050008375.000006
[INFO]:[02:03:49] CPLEX solver finished. Gap: 30.000000
[INFO]:[02:03:49] Starting CPLEX solver on instance: /home/yorig/tuner/mpils-tests/instances/miplib/easy/glass4.mps with config: /scratch/yorig/mpils-results-grid-seconds-5-watchdog-mip-start/easy/16proc/seed-3/3_glass4_seed-3_20260504_020242/iterated_local_search/run_1_worker_6/ils_config_6583894698116781381.prm
[INFO]:[02:03:49] Starting CPLEX solver on instance: /home/yorig/tuner/mpils-tests/instances/miplib/easy/glass4.mps with config: /scratch/yorig/mpils-results-grid-seconds-5-watchdog-mip-start/easy/16proc/seed-3/3_glass4_seed-3_20260504_020242/iterated_local_search/run_1_worker_6/ils_config_6583894698116781381.prm
[INFO]:[02:03:54] CPLEX results. Gap: 30.000000, upper bound: 1500012950.000000, lower bound: 1050008375.000006
[INFO]:[02:03:54] CPLEX solver finished. Gap: 30.000000
[INFO]:[02:03:54] Starting CPLEX solver on instance: /home/yorig/tuner/mpils-tests/instances/miplib/easy/glass4.mps with config: /scratch/yorig/mpils-results-grid-seconds-5-watchdog-mip-start/easy/16proc/seed-3/3_glass4_seed-3_20260504_020242/iterated_local_search/run_1_worker_6/ils_config_9733249756101252178.prm
[INFO]:[02:03:54] Starting CPLEX solver on instance: /home/yorig/tuner/mpils-tests/instances/miplib/easy/glass4.mps with config: /scratch/yorig/mpils-results-grid-seconds-5-watchdog-mip-start/easy/16proc/seed-3/3_glass4_seed-3_20260504_020242/iterated_local_search/run_1_worker_6/ils_config_9733249756101252178.prm
[INFO]:[02:03:59] CPLEX results. Gap: 30.000000, upper bound: 1500012950.000000, lower bound: 1050008375.000006
[INFO]:[02:03:59] CPLEX solver finished. Gap: 30.000000
[INFO]:[02:03:59] Starting CPLEX solver on instance: /home/yorig/tuner/mpils-tests/instances/miplib/easy/glass4.mps with config: /scratch/yorig/mpils-results-grid-seconds-5-watchdog-mip-start/easy/16proc/seed-3/3_glass4_seed-3_20260504_020242/iterated_local_search/run_1_worker_6/ils_config_10066367762795565891.prm
[INFO]:[02:03:59] Starting CPLEX solver on instance: /home/yorig/tuner/mpils-tests/instances/miplib/easy/glass4.mps with config: /scratch/yorig/mpils-results-grid-seconds-5-watchdog-mip-start/easy/16proc/seed-3/3_glass4_seed-3_20260504_020242/iterated_local_search/run_1_worker_6/ils_config_10066367762795565891.prm
[INFO]:[02:04:04] CPLEX results. Gap: 32.770000, upper bound: 1487513862.500000, lower bound: 1000002882.519584
[INFO]:[02:04:04] CPLEX solver finished. Gap: 32.770000
[INFO]:[02:04:04] Starting CPLEX solver on instance: /home/yorig/tuner/mpils-tests/instances/miplib/easy/glass4.mps with config: /scratch/yorig/mpils-results-grid-seconds-5-watchdog-mip-start/easy/16proc/seed-3/3_glass4_seed-3_20260504_020242/iterated_local_search/run_1_worker_6/ils_config_14184462720665525323.prm
[INFO]:[02:04:04] Starting CPLEX solver on instance: /home/yorig/tuner/mpils-tests/instances/miplib/easy/glass4.mps with config: /scratch/yorig/mpils-results-grid-seconds-5-watchdog-mip-start/easy/16proc/seed-3/3_glass4_seed-3_20260504_020242/iterated_local_search/run_1_worker_6/ils_config_14184462720665525323.prm
[INFO]:[02:04:09] CPLEX results. Gap: 26.670000, upper bound: 1500012850.000000, lower bound: 1100005682.219456
[INFO]:[02:04:09] CPLEX solver finished. Gap: 26.670000
[INFO]:[02:04:09] New incumbent found with objective value: 26.67
[INFO]:[02:04:09] Starting CPLEX solver on instance: /home/yorig/tuner/mpils-tests/instances/miplib/easy/glass4.mps with config: /scratch/yorig/mpils-results-grid-seconds-5-watchdog-mip-start/easy/16proc/seed-3/3_glass4_seed-3_20260504_020242/iterated_local_search/run_1_worker_6/ils_config_12888067903675609488.prm
[INFO]:[02:04:09] Starting CPLEX solver on instance: /home/yorig/tuner/mpils-tests/instances/miplib/easy/glass4.mps with config: /scratch/yorig/mpils-results-grid-seconds-5-watchdog-mip-start/easy/16proc/seed-3/3_glass4_seed-3_20260504_020242/iterated_local_search/run_1_worker_6/ils_config_12888067903675609488.prm
[INFO]:[02:04:14] CPLEX results. Gap: 33.330000, upper bound: 1500012950.006158, lower bound: 1000006587.182646
[INFO]:[02:04:14] CPLEX solver finished. Gap: 33.330000
[INFO]:[02:04:14] Starting CPLEX solver on instance: /home/yorig/tuner/mpils-tests/instances/miplib/easy/glass4.mps with config: /scratch/yorig/mpils-results-grid-seconds-5-watchdog-mip-start/easy/16proc/seed-3/3_glass4_seed-3_20260504_020242/iterated_local_search/run_1_worker_6/ils_config_10789527295371935959.prm
[INFO]:[02:04:14] Starting CPLEX solver on instance: /home/yorig/tuner/mpils-tests/instances/miplib/easy/glass4.mps with config: /scratch/yorig/mpils-results-grid-seconds-5-watchdog-mip-start/easy/16proc/seed-3/3_glass4_seed-3_20260504_020242/iterated_local_search/run_1_worker_6/ils_config_10789527295371935959.prm
[INFO]:[02:04:19] CPLEX results. Gap: 28.410000, upper bound: 1466678933.333334, lower bound: 1050007795.653063
[INFO]:[02:04:19] CPLEX solver finished. Gap: 28.410000
[INFO]:[02:04:19] Starting CPLEX solver on instance: /home/yorig/tuner/mpils-tests/instances/miplib/easy/glass4.mps with config: /scratch/yorig/mpils-results-grid-seconds-5-watchdog-mip-start/easy/16proc/seed-3/3_glass4_seed-3_20260504_020242/iterated_local_search/run_1_worker_6/ils_config_17988149273441182403.prm
[INFO]:[02:04:19] Starting CPLEX solver on instance: /home/yorig/tuner/mpils-tests/instances/miplib/easy/glass4.mps with config: /scratch/yorig/mpils-results-grid-seconds-5-watchdog-mip-start/easy/16proc/seed-3/3_glass4_seed-3_20260504_020242/iterated_local_search/run_1_worker_6/ils_config_17988149273441182403.prm
[INFO]:[02:04:24] CPLEX results. Gap: 47.920000, upper bound: 1600013400.000000, lower bound: 833339009.022928
[INFO]:[02:04:24] CPLEX solver finished. Gap: 47.920000
[INFO]:[02:04:24] Local search phase completed.
[INFO]:[02:04:24] Total number of new local-search evaluations: 20
[INFO]:[02:04:24] Final incumbent objective value: 26.67
[INFO]:[02:04:24] Worker 6 completed exploration phase.
[INFO]:[02:04:24] Worker 6 received order for step 2.
[INFO]:[02:04:24] Worker 6 running expansion phase for iteration 1.
[INFO]:[02:04:24] Worker 6 will use solver log file: /scratch/yorig/mpils-results-grid-seconds-5-watchdog-mip-start/easy/16proc/seed-3/3_glass4_seed-3_20260504_020242/solver/cplex.log_iteration_expansion_1_worker_6
[INFO]:[02:04:24] Expansion Worker 6 starting expansion for iteration 1.
[INFO]:[02:04:24] Starting CPLEX solver on instance: /home/yorig/tuner/mpils-tests/instances/miplib/easy/glass4.mps with config: /scratch/yorig/mpils-results-grid-seconds-5-watchdog-mip-start/easy/16proc/seed-3/3_glass4_seed-3_20260504_020242/expansion/config_param_CPXPARAM_MIP_Limits_ProbeTime_20_iter_1.prm
[INFO]:[02:04:29] CPLEX results. Gap: 0.010000, upper bound: 1200012600.000000, lower bound: 1199930549.700606
[INFO]:[02:04:29] CPLEX solver finished. Gap: 0.010000
[INFO]:[02:04:29] Starting CPLEX solver on instance: /home/yorig/tuner/mpils-tests/instances/miplib/easy/glass4.mps with config: /scratch/yorig/mpils-results-grid-seconds-5-watchdog-mip-start/easy/16proc/seed-3/3_glass4_seed-3_20260504_020242/expansion/config_param_CPXPARAM_MIP_Limits_ProbeTime_30_iter_1.prm
[INFO]:[02:04:34] CPLEX results. Gap: 0.010000, upper bound: 1200012600.000000, lower bound: 1199930549.700606
[INFO]:[02:04:34] CPLEX solver finished. Gap: 0.010000
[INFO]:[02:04:34] Expansion Worker 6 stopping early after global MPI expansion stop was activated.
[INFO]:[02:04:34] Expansion Worker 6 completed expansion.
[INFO]:[02:04:34] Worker 6 completed expansion phase.
[INFO]:[02:04:34] Worker 6 received order for step 3.
[INFO]:[02:04:34] Worker 6 finished.
