[INFO]:[01:08:25] Worker 9 starting.
[INFO]:[01:08:25] Worker 9 received order for step 1.
[INFO]:[01:08:25] Worker 9 running exploration phase for iteration 1.
[INFO]:[01:08:25] Worker 9 at iteration 1 will not use a MIP start file. Current best MIP-start upper bound threshold is 1.79769e+308.
[INFO]:[01:08:25] Starting local search phase...
[INFO]:[01:08:25] Creating local search space from parameter space file: /scratch/yorig/mpils-results-grid-seconds-5-watchdog/easy/24proc/seed-3/3_glass4_seed-3_20260504_010824/iterated_local_search/search_space/search_space_file_1_worker_9.txt
[INFO]:[01:08:25] Local search space loaded from file: /scratch/yorig/mpils-results-grid-seconds-5-watchdog/easy/24proc/seed-3/3_glass4_seed-3_20260504_010824/iterated_local_search/search_space/search_space_file_1_worker_9.txt
[INFO]:[01:08:25] Number of parameters in local search space: 71
[INFO]:[01:08:25] Number of forbidden tuples in local search space: 0
[INFO]:[01:08:25] Number of conditionals in local search space: 6
[INFO]:[01:08:25] MIP start option not enabled. Local search will proceed without MIP start.
[INFO]:[01:08:25] Evaluating initial configuration for local search phase...
[INFO]:[01:08:25] Starting CPLEX solver on instance: /home/yorig/tuner/mpils-tests/instances/miplib/easy/glass4.mps with config: /scratch/yorig/mpils-results-grid-seconds-5-watchdog/easy/24proc/seed-3/3_glass4_seed-3_20260504_010824/iterated_local_search/run_1_worker_9/ils_config_41740214594011589.prm
[INFO]:[01:08:25] Starting CPLEX solver on instance: /home/yorig/tuner/mpils-tests/instances/miplib/easy/glass4.mps with config: /scratch/yorig/mpils-results-grid-seconds-5-watchdog/easy/24proc/seed-3/3_glass4_seed-3_20260504_010824/iterated_local_search/run_1_worker_9/ils_config_41740214594011589.prm
[INFO]:[01:08:30] CPLEX results. Gap: 52.900000, upper bound: 1700014450.000000, lower bound: 800780728.512358
[INFO]:[01:08:30] CPLEX solver finished. Gap: 52.900000
[INFO]:[01:08:30] Initial configuration evaluated with objective value: 52.9
[INFO]:[01:08:30] Starting CPLEX solver on instance: /home/yorig/tuner/mpils-tests/instances/miplib/easy/glass4.mps with config: /scratch/yorig/mpils-results-grid-seconds-5-watchdog/easy/24proc/seed-3/3_glass4_seed-3_20260504_010824/iterated_local_search/run_1_worker_9/ils_config_7588996335084142938.prm
[INFO]:[01:08:30] Starting CPLEX solver on instance: /home/yorig/tuner/mpils-tests/instances/miplib/easy/glass4.mps with config: /scratch/yorig/mpils-results-grid-seconds-5-watchdog/easy/24proc/seed-3/3_glass4_seed-3_20260504_010824/iterated_local_search/run_1_worker_9/ils_config_7588996335084142938.prm
[INFO]:[01:08:35] CPLEX results. Gap: 44.370000, upper bound: 1480014020.000000, lower bound: 823290237.559082
[INFO]:[01:08:35] CPLEX solver finished. Gap: 44.370000
[INFO]:[01:08:35] New incumbent found with objective value: 44.37
[INFO]:[01:08:35] Starting CPLEX solver on instance: /home/yorig/tuner/mpils-tests/instances/miplib/easy/glass4.mps with config: /scratch/yorig/mpils-results-grid-seconds-5-watchdog/easy/24proc/seed-3/3_glass4_seed-3_20260504_010824/iterated_local_search/run_1_worker_9/ils_config_14464686295616529181.prm
[INFO]:[01:08:35] Starting CPLEX solver on instance: /home/yorig/tuner/mpils-tests/instances/miplib/easy/glass4.mps with config: /scratch/yorig/mpils-results-grid-seconds-5-watchdog/easy/24proc/seed-3/3_glass4_seed-3_20260504_010824/iterated_local_search/run_1_worker_9/ils_config_14464686295616529181.prm
[INFO]:[01:08:40] CPLEX results. Gap: 44.900000, upper bound: 1500012650.000000, lower bound: 826558985.047358
[INFO]:[01:08:40] CPLEX solver finished. Gap: 44.900000
[INFO]:[01:08:40] Starting CPLEX solver on instance: /home/yorig/tuner/mpils-tests/instances/miplib/easy/glass4.mps with config: /scratch/yorig/mpils-results-grid-seconds-5-watchdog/easy/24proc/seed-3/3_glass4_seed-3_20260504_010824/iterated_local_search/run_1_worker_9/ils_config_6915622847228283497.prm
[INFO]:[01:08:40] Starting CPLEX solver on instance: /home/yorig/tuner/mpils-tests/instances/miplib/easy/glass4.mps with config: /scratch/yorig/mpils-results-grid-seconds-5-watchdog/easy/24proc/seed-3/3_glass4_seed-3_20260504_010824/iterated_local_search/run_1_worker_9/ils_config_6915622847228283497.prm
[INFO]:[01:08:45] CPLEX results. Gap: 44.880000, upper bound: 1500012949.999998, lower bound: 826739542.566510
[INFO]:[01:08:45] CPLEX solver finished. Gap: 44.880000
[INFO]:[01:08:45] Starting CPLEX solver on instance: /home/yorig/tuner/mpils-tests/instances/miplib/easy/glass4.mps with config: /scratch/yorig/mpils-results-grid-seconds-5-watchdog/easy/24proc/seed-3/3_glass4_seed-3_20260504_010824/iterated_local_search/run_1_worker_9/ils_config_17253170928174160210.prm
[INFO]:[01:08:45] Starting CPLEX solver on instance: /home/yorig/tuner/mpils-tests/instances/miplib/easy/glass4.mps with config: /scratch/yorig/mpils-results-grid-seconds-5-watchdog/easy/24proc/seed-3/3_glass4_seed-3_20260504_010824/iterated_local_search/run_1_worker_9/ils_config_17253170928174160210.prm
[INFO]:[01:08:50] CPLEX results. Gap: 49.110000, upper bound: 1600013400.000000, lower bound: 814291903.114997
[INFO]:[01:08:50] CPLEX solver finished. Gap: 49.110000
[INFO]:[01:08:50] Starting CPLEX solver on instance: /home/yorig/tuner/mpils-tests/instances/miplib/easy/glass4.mps with config: /scratch/yorig/mpils-results-grid-seconds-5-watchdog/easy/24proc/seed-3/3_glass4_seed-3_20260504_010824/iterated_local_search/run_1_worker_9/ils_config_15676557706628335992.prm
[INFO]:[01:08:50] Starting CPLEX solver on instance: /home/yorig/tuner/mpils-tests/instances/miplib/easy/glass4.mps with config: /scratch/yorig/mpils-results-grid-seconds-5-watchdog/easy/24proc/seed-3/3_glass4_seed-3_20260504_010824/iterated_local_search/run_1_worker_9/ils_config_15676557706628335992.prm
[INFO]:[01:08:55] CPLEX results. Gap: 44.500000, upper bound: 1600013800.000000, lower bound: 888056587.867390
[INFO]:[01:08:55] CPLEX solver finished. Gap: 44.500000
[INFO]:[01:08:55] Starting CPLEX solver on instance: /home/yorig/tuner/mpils-tests/instances/miplib/easy/glass4.mps with config: /scratch/yorig/mpils-results-grid-seconds-5-watchdog/easy/24proc/seed-3/3_glass4_seed-3_20260504_010824/iterated_local_search/run_1_worker_9/ils_config_12533836330602020989.prm
[INFO]:[01:08:55] Starting CPLEX solver on instance: /home/yorig/tuner/mpils-tests/instances/miplib/easy/glass4.mps with config: /scratch/yorig/mpils-results-grid-seconds-5-watchdog/easy/24proc/seed-3/3_glass4_seed-3_20260504_010824/iterated_local_search/run_1_worker_9/ils_config_12533836330602020989.prm
[INFO]:[01:09:00] CPLEX results. Gap: 52.000000, upper bound: 1666681698.781968, lower bound: 800006001.599799
[INFO]:[01:09:00] CPLEX solver finished. Gap: 52.000000
[INFO]:[01:09:00] Starting CPLEX solver on instance: /home/yorig/tuner/mpils-tests/instances/miplib/easy/glass4.mps with config: /scratch/yorig/mpils-results-grid-seconds-5-watchdog/easy/24proc/seed-3/3_glass4_seed-3_20260504_010824/iterated_local_search/run_1_worker_9/ils_config_13440515616597301401.prm
[INFO]:[01:09:00] Starting CPLEX solver on instance: /home/yorig/tuner/mpils-tests/instances/miplib/easy/glass4.mps with config: /scratch/yorig/mpils-results-grid-seconds-5-watchdog/easy/24proc/seed-3/3_glass4_seed-3_20260504_010824/iterated_local_search/run_1_worker_9/ils_config_13440515616597301401.prm
[INFO]:[01:09:05] CPLEX results. Gap: 50.000000, upper bound: 1600013900.000006, lower bound: 800006437.513971
[INFO]:[01:09:05] CPLEX solver finished. Gap: 50.000000
[INFO]:[01:09:05] Starting CPLEX solver on instance: /home/yorig/tuner/mpils-tests/instances/miplib/easy/glass4.mps with config: /scratch/yorig/mpils-results-grid-seconds-5-watchdog/easy/24proc/seed-3/3_glass4_seed-3_20260504_010824/iterated_local_search/run_1_worker_9/ils_config_10381395670255848560.prm
[INFO]:[01:09:05] Starting CPLEX solver on instance: /home/yorig/tuner/mpils-tests/instances/miplib/easy/glass4.mps with config: /scratch/yorig/mpils-results-grid-seconds-5-watchdog/easy/24proc/seed-3/3_glass4_seed-3_20260504_010824/iterated_local_search/run_1_worker_9/ils_config_10381395670255848560.prm
[INFO]:[01:09:10] CPLEX results. Gap: 50.200000, upper bound: 1700015750.000000, lower bound: 846672183.158958
[INFO]:[01:09:10] CPLEX solver finished. Gap: 50.200000
[INFO]:[01:09:10] Starting CPLEX solver on instance: /home/yorig/tuner/mpils-tests/instances/miplib/easy/glass4.mps with config: /scratch/yorig/mpils-results-grid-seconds-5-watchdog/easy/24proc/seed-3/3_glass4_seed-3_20260504_010824/iterated_local_search/run_1_worker_9/ils_config_3270978090157380187.prm
[INFO]:[01:09:10] Starting CPLEX solver on instance: /home/yorig/tuner/mpils-tests/instances/miplib/easy/glass4.mps with config: /scratch/yorig/mpils-results-grid-seconds-5-watchdog/easy/24proc/seed-3/3_glass4_seed-3_20260504_010824/iterated_local_search/run_1_worker_9/ils_config_3270978090157380187.prm
[INFO]:[01:09:15] CPLEX results. Gap: 46.670000, upper bound: 1550013300.000000, lower bound: 826548051.402496
[INFO]:[01:09:15] CPLEX solver finished. Gap: 46.670000
[INFO]:[01:09:15] Starting CPLEX solver on instance: /home/yorig/tuner/mpils-tests/instances/miplib/easy/glass4.mps with config: /scratch/yorig/mpils-results-grid-seconds-5-watchdog/easy/24proc/seed-3/3_glass4_seed-3_20260504_010824/iterated_local_search/run_1_worker_9/ils_config_4432452331133381016.prm
[INFO]:[01:09:15] Starting CPLEX solver on instance: /home/yorig/tuner/mpils-tests/instances/miplib/easy/glass4.mps with config: /scratch/yorig/mpils-results-grid-seconds-5-watchdog/easy/24proc/seed-3/3_glass4_seed-3_20260504_010824/iterated_local_search/run_1_worker_9/ils_config_4432452331133381016.prm
[INFO]:[01:09:20] CPLEX results. Gap: 42.790000, upper bound: 1400013800.000000, lower bound: 800984493.695079
[INFO]:[01:09:20] CPLEX solver finished. Gap: 42.790000
[INFO]:[01:09:20] New incumbent found with objective value: 42.79
[INFO]:[01:09:20] Starting CPLEX solver on instance: /home/yorig/tuner/mpils-tests/instances/miplib/easy/glass4.mps with config: /scratch/yorig/mpils-results-grid-seconds-5-watchdog/easy/24proc/seed-3/3_glass4_seed-3_20260504_010824/iterated_local_search/run_1_worker_9/ils_config_7350787972533410883.prm
[INFO]:[01:09:20] Starting CPLEX solver on instance: /home/yorig/tuner/mpils-tests/instances/miplib/easy/glass4.mps with config: /scratch/yorig/mpils-results-grid-seconds-5-watchdog/easy/24proc/seed-3/3_glass4_seed-3_20260504_010824/iterated_local_search/run_1_worker_9/ils_config_7350787972533410883.prm
[INFO]:[01:09:25] CPLEX results. Gap: 49.040000, upper bound: 1583346416.666666, lower bound: 806940001.869982
[INFO]:[01:09:25] CPLEX solver finished. Gap: 49.040000
[INFO]:[01:09:25] Starting CPLEX solver on instance: /home/yorig/tuner/mpils-tests/instances/miplib/easy/glass4.mps with config: /scratch/yorig/mpils-results-grid-seconds-5-watchdog/easy/24proc/seed-3/3_glass4_seed-3_20260504_010824/iterated_local_search/run_1_worker_9/ils_config_6137255478966138474.prm
[INFO]:[01:09:25] Starting CPLEX solver on instance: /home/yorig/tuner/mpils-tests/instances/miplib/easy/glass4.mps with config: /scratch/yorig/mpils-results-grid-seconds-5-watchdog/easy/24proc/seed-3/3_glass4_seed-3_20260504_010824/iterated_local_search/run_1_worker_9/ils_config_6137255478966138474.prm
[INFO]:[01:09:30] CPLEX results. Gap: 47.630000, upper bound: 1600013400.000000, lower bound: 837937709.274281
[INFO]:[01:09:30] CPLEX solver finished. Gap: 47.630000
[INFO]:[01:09:30] Received global ILS stop signal from rank 18.
[INFO]:[01:09:30] Local search phase completed.
[INFO]:[01:09:30] Total number of new local-search evaluations: 13
[INFO]:[01:09:30] Final incumbent objective value: 42.79
[INFO]:[01:09:30] Worker 9 completed exploration phase.
[INFO]:[01:09:31] Worker 9 received order for step 3.
[INFO]:[01:09:31] Worker 9 finished.
