[INFO]:[01:57:19] Worker 2 starting.
[INFO]:[01:57:19] Worker 2 received order for step 1.
[INFO]:[01:57:19] Worker 2 running exploration phase for iteration 1.
[INFO]:[01:57:19] Worker 2 at iteration 1 will not use a MIP start file. Current best MIP-start upper bound threshold is 1.79769e+308.
[INFO]:[01:57:19] Starting local search phase...
[INFO]:[01:57:19] Creating local search space from parameter space file: /scratch/yorig/mpils-results-grid-seconds-5-watchdog/easy/24proc/seed-4/8_rocI-4-11_seed-4_20260504_015716/iterated_local_search/search_space/search_space_file_1_worker_2.txt
[INFO]:[01:57:19] Local search space loaded from file: /scratch/yorig/mpils-results-grid-seconds-5-watchdog/easy/24proc/seed-4/8_rocI-4-11_seed-4_20260504_015716/iterated_local_search/search_space/search_space_file_1_worker_2.txt
[INFO]:[01:57:19] Number of parameters in local search space: 71
[INFO]:[01:57:19] Number of forbidden tuples in local search space: 0
[INFO]:[01:57:19] Number of conditionals in local search space: 6
[INFO]:[01:57:19] MIP start option not enabled. Local search will proceed without MIP start.
[INFO]:[01:57:19] Evaluating initial configuration for local search phase...
[INFO]:[01:57:19] Starting CPLEX solver on instance: /home/yorig/tuner/mpils-tests/instances/miplib/easy/rocI-4-11.mps with config: /scratch/yorig/mpils-results-grid-seconds-5-watchdog/easy/24proc/seed-4/8_rocI-4-11_seed-4_20260504_015716/iterated_local_search/run_1_worker_2/ils_config_11502841505915629043.prm
[INFO]:[01:57:19] Starting CPLEX solver on instance: /home/yorig/tuner/mpils-tests/instances/miplib/easy/rocI-4-11.mps with config: /scratch/yorig/mpils-results-grid-seconds-5-watchdog/easy/24proc/seed-4/8_rocI-4-11_seed-4_20260504_015716/iterated_local_search/run_1_worker_2/ils_config_11502841505915629043.prm
[INFO]:[01:57:24] CPLEX results. Gap: 83.720000, upper bound: -6020203.000000, lower bound: -11060403.000000
[INFO]:[01:57:24] CPLEX solver finished. Gap: 83.720000
[INFO]:[01:57:24] Initial configuration evaluated with objective value: 83.72
[INFO]:[01:57:24] Starting CPLEX solver on instance: /home/yorig/tuner/mpils-tests/instances/miplib/easy/rocI-4-11.mps with config: /scratch/yorig/mpils-results-grid-seconds-5-watchdog/easy/24proc/seed-4/8_rocI-4-11_seed-4_20260504_015716/iterated_local_search/run_1_worker_2/ils_config_9540605019386224781.prm
[INFO]:[01:57:24] Starting CPLEX solver on instance: /home/yorig/tuner/mpils-tests/instances/miplib/easy/rocI-4-11.mps with config: /scratch/yorig/mpils-results-grid-seconds-5-watchdog/easy/24proc/seed-4/8_rocI-4-11_seed-4_20260504_015716/iterated_local_search/run_1_worker_2/ils_config_9540605019386224781.prm
[INFO]:[01:57:29] CPLEX results. Gap: 83.880000, upper bound: -6020203.000000, lower bound: -11070156.199592
[INFO]:[01:57:29] CPLEX solver finished. Gap: 83.880000
[INFO]:[01:57:29] Starting CPLEX solver on instance: /home/yorig/tuner/mpils-tests/instances/miplib/easy/rocI-4-11.mps with config: /scratch/yorig/mpils-results-grid-seconds-5-watchdog/easy/24proc/seed-4/8_rocI-4-11_seed-4_20260504_015716/iterated_local_search/run_1_worker_2/ils_config_506689512661984095.prm
[INFO]:[01:57:29] Starting CPLEX solver on instance: /home/yorig/tuner/mpils-tests/instances/miplib/easy/rocI-4-11.mps with config: /scratch/yorig/mpils-results-grid-seconds-5-watchdog/easy/24proc/seed-4/8_rocI-4-11_seed-4_20260504_015716/iterated_local_search/run_1_worker_2/ils_config_506689512661984095.prm
[INFO]:[01:57:34] CPLEX results. Gap: 83.890000, upper bound: -6020203.000000, lower bound: -11070303.000000
[INFO]:[01:57:34] CPLEX solver finished. Gap: 83.890000
[INFO]:[01:57:34] Starting CPLEX solver on instance: /home/yorig/tuner/mpils-tests/instances/miplib/easy/rocI-4-11.mps with config: /scratch/yorig/mpils-results-grid-seconds-5-watchdog/easy/24proc/seed-4/8_rocI-4-11_seed-4_20260504_015716/iterated_local_search/run_1_worker_2/ils_config_16534604556155127503.prm
[INFO]:[01:57:34] Starting CPLEX solver on instance: /home/yorig/tuner/mpils-tests/instances/miplib/easy/rocI-4-11.mps with config: /scratch/yorig/mpils-results-grid-seconds-5-watchdog/easy/24proc/seed-4/8_rocI-4-11_seed-4_20260504_015716/iterated_local_search/run_1_worker_2/ils_config_16534604556155127503.prm
[INFO]:[01:57:39] CPLEX results. Gap: 83.720000, upper bound: -6020203.000000, lower bound: -11060400.149498
[INFO]:[01:57:39] CPLEX solver finished. Gap: 83.720000
[INFO]:[01:57:39] Starting CPLEX solver on instance: /home/yorig/tuner/mpils-tests/instances/miplib/easy/rocI-4-11.mps with config: /scratch/yorig/mpils-results-grid-seconds-5-watchdog/easy/24proc/seed-4/8_rocI-4-11_seed-4_20260504_015716/iterated_local_search/run_1_worker_2/ils_config_632225661182783722.prm
[INFO]:[01:57:39] Starting CPLEX solver on instance: /home/yorig/tuner/mpils-tests/instances/miplib/easy/rocI-4-11.mps with config: /scratch/yorig/mpils-results-grid-seconds-5-watchdog/easy/24proc/seed-4/8_rocI-4-11_seed-4_20260504_015716/iterated_local_search/run_1_worker_2/ils_config_632225661182783722.prm
[INFO]:[01:57:44] CPLEX results. Gap: 119.240000, upper bound: -5040303.000000, lower bound: -11050303.000000
[INFO]:[01:57:44] CPLEX solver finished. Gap: 119.240000
[INFO]:[01:57:44] Starting CPLEX solver on instance: /home/yorig/tuner/mpils-tests/instances/miplib/easy/rocI-4-11.mps with config: /scratch/yorig/mpils-results-grid-seconds-5-watchdog/easy/24proc/seed-4/8_rocI-4-11_seed-4_20260504_015716/iterated_local_search/run_1_worker_2/ils_config_6850949390865010622.prm
[INFO]:[01:57:44] Starting CPLEX solver on instance: /home/yorig/tuner/mpils-tests/instances/miplib/easy/rocI-4-11.mps with config: /scratch/yorig/mpils-results-grid-seconds-5-watchdog/easy/24proc/seed-4/8_rocI-4-11_seed-4_20260504_015716/iterated_local_search/run_1_worker_2/ils_config_6850949390865010622.prm
[INFO]:[01:57:49] CPLEX results. Gap: 119.000000, upper bound: -5050303.000000, lower bound: -11060371.802468
[INFO]:[01:57:49] CPLEX solver finished. Gap: 119.000000
[INFO]:[01:57:49] Starting CPLEX solver on instance: /home/yorig/tuner/mpils-tests/instances/miplib/easy/rocI-4-11.mps with config: /scratch/yorig/mpils-results-grid-seconds-5-watchdog/easy/24proc/seed-4/8_rocI-4-11_seed-4_20260504_015716/iterated_local_search/run_1_worker_2/ils_config_18018833947707090070.prm
[INFO]:[01:57:49] Starting CPLEX solver on instance: /home/yorig/tuner/mpils-tests/instances/miplib/easy/rocI-4-11.mps with config: /scratch/yorig/mpils-results-grid-seconds-5-watchdog/easy/24proc/seed-4/8_rocI-4-11_seed-4_20260504_015716/iterated_local_search/run_1_worker_2/ils_config_18018833947707090070.prm
[INFO]:[01:57:54] CPLEX results. Gap: 83.720000, upper bound: -6020203.000000, lower bound: -11060403.000000
[INFO]:[01:57:54] CPLEX solver finished. Gap: 83.720000
[INFO]:[01:57:54] Starting CPLEX solver on instance: /home/yorig/tuner/mpils-tests/instances/miplib/easy/rocI-4-11.mps with config: /scratch/yorig/mpils-results-grid-seconds-5-watchdog/easy/24proc/seed-4/8_rocI-4-11_seed-4_20260504_015716/iterated_local_search/run_1_worker_2/ils_config_6295513472425555250.prm
[INFO]:[01:57:54] Starting CPLEX solver on instance: /home/yorig/tuner/mpils-tests/instances/miplib/easy/rocI-4-11.mps with config: /scratch/yorig/mpils-results-grid-seconds-5-watchdog/easy/24proc/seed-4/8_rocI-4-11_seed-4_20260504_015716/iterated_local_search/run_1_worker_2/ils_config_6295513472425555250.prm
[INFO]:[01:57:59] CPLEX results. Gap: 83.720000, upper bound: -6020203.000000, lower bound: -11060403.000000
[INFO]:[01:57:59] CPLEX solver finished. Gap: 83.720000
[INFO]:[01:57:59] Starting CPLEX solver on instance: /home/yorig/tuner/mpils-tests/instances/miplib/easy/rocI-4-11.mps with config: /scratch/yorig/mpils-results-grid-seconds-5-watchdog/easy/24proc/seed-4/8_rocI-4-11_seed-4_20260504_015716/iterated_local_search/run_1_worker_2/ils_config_16188625927354057329.prm
[INFO]:[01:57:59] Starting CPLEX solver on instance: /home/yorig/tuner/mpils-tests/instances/miplib/easy/rocI-4-11.mps with config: /scratch/yorig/mpils-results-grid-seconds-5-watchdog/easy/24proc/seed-4/8_rocI-4-11_seed-4_20260504_015716/iterated_local_search/run_1_worker_2/ils_config_16188625927354057329.prm
[INFO]:[01:58:04] CPLEX results. Gap: 50.500000, upper bound: -6020203.000000, lower bound: -9060476.999500
[INFO]:[01:58:04] CPLEX solver finished. Gap: 50.500000
[INFO]:[01:58:04] New incumbent found with objective value: 50.5
[INFO]:[01:58:04] Starting CPLEX solver on instance: /home/yorig/tuner/mpils-tests/instances/miplib/easy/rocI-4-11.mps with config: /scratch/yorig/mpils-results-grid-seconds-5-watchdog/easy/24proc/seed-4/8_rocI-4-11_seed-4_20260504_015716/iterated_local_search/run_1_worker_2/ils_config_11877007696640725570.prm
[INFO]:[01:58:04] Starting CPLEX solver on instance: /home/yorig/tuner/mpils-tests/instances/miplib/easy/rocI-4-11.mps with config: /scratch/yorig/mpils-results-grid-seconds-5-watchdog/easy/24proc/seed-4/8_rocI-4-11_seed-4_20260504_015716/iterated_local_search/run_1_worker_2/ils_config_11877007696640725570.prm
[INFO]:[01:58:09] CPLEX results. Gap: 174.000000, upper bound: -4040303.000000, lower bound: -11070503.000000
[INFO]:[01:58:09] CPLEX solver finished. Gap: 174.000000
[INFO]:[01:58:09] Starting CPLEX solver on instance: /home/yorig/tuner/mpils-tests/instances/miplib/easy/rocI-4-11.mps with config: /scratch/yorig/mpils-results-grid-seconds-5-watchdog/easy/24proc/seed-4/8_rocI-4-11_seed-4_20260504_015716/iterated_local_search/run_1_worker_2/ils_config_8209794169765179831.prm
[INFO]:[01:58:09] Starting CPLEX solver on instance: /home/yorig/tuner/mpils-tests/instances/miplib/easy/rocI-4-11.mps with config: /scratch/yorig/mpils-results-grid-seconds-5-watchdog/easy/24proc/seed-4/8_rocI-4-11_seed-4_20260504_015716/iterated_local_search/run_1_worker_2/ils_config_8209794169765179831.prm
[INFO]:[01:58:14] CPLEX results. Gap: 119.200000, upper bound: -5050303.000000, lower bound: -11070501.923148
[INFO]:[01:58:14] CPLEX solver finished. Gap: 119.200000
[INFO]:[01:58:15] Starting CPLEX solver on instance: /home/yorig/tuner/mpils-tests/instances/miplib/easy/rocI-4-11.mps with config: /scratch/yorig/mpils-results-grid-seconds-5-watchdog/easy/24proc/seed-4/8_rocI-4-11_seed-4_20260504_015716/iterated_local_search/run_1_worker_2/ils_config_16543677005181659863.prm
[INFO]:[01:58:15] Starting CPLEX solver on instance: /home/yorig/tuner/mpils-tests/instances/miplib/easy/rocI-4-11.mps with config: /scratch/yorig/mpils-results-grid-seconds-5-watchdog/easy/24proc/seed-4/8_rocI-4-11_seed-4_20260504_015716/iterated_local_search/run_1_worker_2/ils_config_16543677005181659863.prm
[INFO]:[01:58:20] CPLEX results. Gap: 119.110000, upper bound: -5050303.000000, lower bound: -11065503.000000
[INFO]:[01:58:20] CPLEX solver finished. Gap: 119.110000
[INFO]:[01:58:20] Starting CPLEX solver on instance: /home/yorig/tuner/mpils-tests/instances/miplib/easy/rocI-4-11.mps with config: /scratch/yorig/mpils-results-grid-seconds-5-watchdog/easy/24proc/seed-4/8_rocI-4-11_seed-4_20260504_015716/iterated_local_search/run_1_worker_2/ils_config_2227270538371798481.prm
[INFO]:[01:58:20] Starting CPLEX solver on instance: /home/yorig/tuner/mpils-tests/instances/miplib/easy/rocI-4-11.mps with config: /scratch/yorig/mpils-results-grid-seconds-5-watchdog/easy/24proc/seed-4/8_rocI-4-11_seed-4_20260504_015716/iterated_local_search/run_1_worker_2/ils_config_2227270538371798481.prm
[INFO]:[01:58:25] CPLEX results. Gap: 83.720000, upper bound: -6020203.000000, lower bound: -11060503.000000
[INFO]:[01:58:25] CPLEX solver finished. Gap: 83.720000
[INFO]:[01:58:25] Starting CPLEX solver on instance: /home/yorig/tuner/mpils-tests/instances/miplib/easy/rocI-4-11.mps with config: /scratch/yorig/mpils-results-grid-seconds-5-watchdog/easy/24proc/seed-4/8_rocI-4-11_seed-4_20260504_015716/iterated_local_search/run_1_worker_2/ils_config_10103620785195283107.prm
[INFO]:[01:58:25] Starting CPLEX solver on instance: /home/yorig/tuner/mpils-tests/instances/miplib/easy/rocI-4-11.mps with config: /scratch/yorig/mpils-results-grid-seconds-5-watchdog/easy/24proc/seed-4/8_rocI-4-11_seed-4_20260504_015716/iterated_local_search/run_1_worker_2/ils_config_10103620785195283107.prm
[INFO]:[01:58:30] CPLEX results. Gap: 119.210000, upper bound: -5050203.000000, lower bound: -11070303.000000
[INFO]:[01:58:30] CPLEX solver finished. Gap: 119.210000
[INFO]:[01:58:30] Starting CPLEX solver on instance: /home/yorig/tuner/mpils-tests/instances/miplib/easy/rocI-4-11.mps with config: /scratch/yorig/mpils-results-grid-seconds-5-watchdog/easy/24proc/seed-4/8_rocI-4-11_seed-4_20260504_015716/iterated_local_search/run_1_worker_2/ils_config_5657377539006109408.prm
[INFO]:[01:58:30] Starting CPLEX solver on instance: /home/yorig/tuner/mpils-tests/instances/miplib/easy/rocI-4-11.mps with config: /scratch/yorig/mpils-results-grid-seconds-5-watchdog/easy/24proc/seed-4/8_rocI-4-11_seed-4_20260504_015716/iterated_local_search/run_1_worker_2/ils_config_5657377539006109408.prm
[INFO]:[01:58:35] CPLEX results. Gap: 119.200000, upper bound: -5050303.000000, lower bound: -11070403.000000
[INFO]:[01:58:35] CPLEX solver finished. Gap: 119.200000
[INFO]:[01:58:35] Starting CPLEX solver on instance: /home/yorig/tuner/mpils-tests/instances/miplib/easy/rocI-4-11.mps with config: /scratch/yorig/mpils-results-grid-seconds-5-watchdog/easy/24proc/seed-4/8_rocI-4-11_seed-4_20260504_015716/iterated_local_search/run_1_worker_2/ils_config_11445727670652897257.prm
[INFO]:[01:58:35] Starting CPLEX solver on instance: /home/yorig/tuner/mpils-tests/instances/miplib/easy/rocI-4-11.mps with config: /scratch/yorig/mpils-results-grid-seconds-5-watchdog/easy/24proc/seed-4/8_rocI-4-11_seed-4_20260504_015716/iterated_local_search/run_1_worker_2/ils_config_11445727670652897257.prm
[INFO]:[01:58:39] CPLEX results. Gap: 0.000000, upper bound: -6020203.000000, lower bound: -6020303.000000
[INFO]:[01:58:39] CPLEX solver finished. Gap: 0.000000
[INFO]:[01:58:39] Stopping local search: gap 0 reached the acceptance threshold 0.
[INFO]:[01:58:39] New incumbent found with objective value: 0
[INFO]:[01:58:39] Local search phase completed.
[INFO]:[01:58:39] Total number of new local-search evaluations: 16
[INFO]:[01:58:39] Final incumbent objective value: 0
[INFO]:[01:58:45] Worker 2 completed exploration phase.
[INFO]:[01:58:45] Worker 2 received order for step 3.
[INFO]:[01:58:45] Worker 2 finished.
