[INFO]:[02:43:10] Worker 22 starting.
[INFO]:[02:43:10] Worker 22 received order for step 1.
[INFO]:[02:43:10] Worker 22 running exploration phase for iteration 1.
[INFO]:[02:43:10] Worker 22 at iteration 1 will not use a MIP start file. Current best MIP-start upper bound threshold is 1.79769e+308.
[INFO]:[02:43:10] Starting local search phase...
[INFO]:[02:43:10] Creating local search space from parameter space file: /scratch/yorig/mpils-results-grid-seconds-5-watchdog/medium-2/24proc/seed-3/9_supportcase6_seed-3_20260504_024308/iterated_local_search/search_space/search_space_file_1_worker_22.txt
[INFO]:[02:43:10] Local search space loaded from file: /scratch/yorig/mpils-results-grid-seconds-5-watchdog/medium-2/24proc/seed-3/9_supportcase6_seed-3_20260504_024308/iterated_local_search/search_space/search_space_file_1_worker_22.txt
[INFO]:[02:43:10] Number of parameters in local search space: 71
[INFO]:[02:43:10] Number of forbidden tuples in local search space: 0
[INFO]:[02:43:10] Number of conditionals in local search space: 6
[INFO]:[02:43:10] MIP start option not enabled. Local search will proceed without MIP start.
[INFO]:[02:43:10] Evaluating initial configuration for local search phase...
[INFO]:[02:43:10] Starting CPLEX solver on instance: /home/yorig/tuner/mpils-tests/instances/miplib/medium-2/supportcase6.mps with config: /scratch/yorig/mpils-results-grid-seconds-5-watchdog/medium-2/24proc/seed-3/9_supportcase6_seed-3_20260504_024308/iterated_local_search/run_1_worker_22/ils_config_10897104338300114874.prm
[INFO]:[02:43:10] Starting CPLEX solver on instance: /home/yorig/tuner/mpils-tests/instances/miplib/medium-2/supportcase6.mps with config: /scratch/yorig/mpils-results-grid-seconds-5-watchdog/medium-2/24proc/seed-3/9_supportcase6_seed-3_20260504_024308/iterated_local_search/run_1_worker_22/ils_config_10897104338300114874.prm
[INFO]:[02:43:15] CPLEX results. Gap: 13.330000, upper bound: 52112.367686, lower bound: 45165.579073
[INFO]:[02:43:15] CPLEX solver finished. Gap: 13.330000
[INFO]:[02:43:15] Initial configuration evaluated with objective value: 13.33
[INFO]:[02:43:15] Starting CPLEX solver on instance: /home/yorig/tuner/mpils-tests/instances/miplib/medium-2/supportcase6.mps with config: /scratch/yorig/mpils-results-grid-seconds-5-watchdog/medium-2/24proc/seed-3/9_supportcase6_seed-3_20260504_024308/iterated_local_search/run_1_worker_22/ils_config_16299853683356781805.prm
[INFO]:[02:43:15] Starting CPLEX solver on instance: /home/yorig/tuner/mpils-tests/instances/miplib/medium-2/supportcase6.mps with config: /scratch/yorig/mpils-results-grid-seconds-5-watchdog/medium-2/24proc/seed-3/9_supportcase6_seed-3_20260504_024308/iterated_local_search/run_1_worker_22/ils_config_16299853683356781805.prm
[INFO]:[02:43:20] CPLEX results. Gap: 13.330000, upper bound: 52112.367686, lower bound: 45165.579073
[INFO]:[02:43:20] CPLEX solver finished. Gap: 13.330000
[INFO]:[02:43:20] Starting CPLEX solver on instance: /home/yorig/tuner/mpils-tests/instances/miplib/medium-2/supportcase6.mps with config: /scratch/yorig/mpils-results-grid-seconds-5-watchdog/medium-2/24proc/seed-3/9_supportcase6_seed-3_20260504_024308/iterated_local_search/run_1_worker_22/ils_config_2078764030237207963.prm
[INFO]:[02:43:20] Starting CPLEX solver on instance: /home/yorig/tuner/mpils-tests/instances/miplib/medium-2/supportcase6.mps with config: /scratch/yorig/mpils-results-grid-seconds-5-watchdog/medium-2/24proc/seed-3/9_supportcase6_seed-3_20260504_024308/iterated_local_search/run_1_worker_22/ils_config_2078764030237207963.prm
[INFO]:[02:43:26] CPLEX results. Gap: 13.330000, upper bound: 52112.367686, lower bound: 45165.579073
[INFO]:[02:43:26] CPLEX solver finished. Gap: 13.330000
[INFO]:[02:43:26] Starting CPLEX solver on instance: /home/yorig/tuner/mpils-tests/instances/miplib/medium-2/supportcase6.mps with config: /scratch/yorig/mpils-results-grid-seconds-5-watchdog/medium-2/24proc/seed-3/9_supportcase6_seed-3_20260504_024308/iterated_local_search/run_1_worker_22/ils_config_14488342781165687381.prm
[INFO]:[02:43:26] Starting CPLEX solver on instance: /home/yorig/tuner/mpils-tests/instances/miplib/medium-2/supportcase6.mps with config: /scratch/yorig/mpils-results-grid-seconds-5-watchdog/medium-2/24proc/seed-3/9_supportcase6_seed-3_20260504_024308/iterated_local_search/run_1_worker_22/ils_config_14488342781165687381.prm
[INFO]:[02:43:31] CPLEX results. Gap: 13.330000, upper bound: 52112.367686, lower bound: 45165.579073
[INFO]:[02:43:31] CPLEX solver finished. Gap: 13.330000
[INFO]:[02:43:31] Starting CPLEX solver on instance: /home/yorig/tuner/mpils-tests/instances/miplib/medium-2/supportcase6.mps with config: /scratch/yorig/mpils-results-grid-seconds-5-watchdog/medium-2/24proc/seed-3/9_supportcase6_seed-3_20260504_024308/iterated_local_search/run_1_worker_22/ils_config_2700143219447183516.prm
[INFO]:[02:43:31] Starting CPLEX solver on instance: /home/yorig/tuner/mpils-tests/instances/miplib/medium-2/supportcase6.mps with config: /scratch/yorig/mpils-results-grid-seconds-5-watchdog/medium-2/24proc/seed-3/9_supportcase6_seed-3_20260504_024308/iterated_local_search/run_1_worker_22/ils_config_2700143219447183516.prm
[INFO]:[02:43:36] CPLEX results. Gap: 55.980000, upper bound: 102597.533860, lower bound: 45165.579073
[INFO]:[02:43:36] CPLEX solver finished. Gap: 55.980000
[INFO]:[02:43:36] Starting CPLEX solver on instance: /home/yorig/tuner/mpils-tests/instances/miplib/medium-2/supportcase6.mps with config: /scratch/yorig/mpils-results-grid-seconds-5-watchdog/medium-2/24proc/seed-3/9_supportcase6_seed-3_20260504_024308/iterated_local_search/run_1_worker_22/ils_config_3756161237837587505.prm
[INFO]:[02:43:36] Starting CPLEX solver on instance: /home/yorig/tuner/mpils-tests/instances/miplib/medium-2/supportcase6.mps with config: /scratch/yorig/mpils-results-grid-seconds-5-watchdog/medium-2/24proc/seed-3/9_supportcase6_seed-3_20260504_024308/iterated_local_search/run_1_worker_22/ils_config_3756161237837587505.prm
[INFO]:[02:43:41] CPLEX results. Gap: 55.980000, upper bound: 102597.533860, lower bound: 45165.327144
[INFO]:[02:43:41] CPLEX solver finished. Gap: 55.980000
[INFO]:[02:43:41] Starting CPLEX solver on instance: /home/yorig/tuner/mpils-tests/instances/miplib/medium-2/supportcase6.mps with config: /scratch/yorig/mpils-results-grid-seconds-5-watchdog/medium-2/24proc/seed-3/9_supportcase6_seed-3_20260504_024308/iterated_local_search/run_1_worker_22/ils_config_9039593896813388375.prm
[INFO]:[02:43:41] Starting CPLEX solver on instance: /home/yorig/tuner/mpils-tests/instances/miplib/medium-2/supportcase6.mps with config: /scratch/yorig/mpils-results-grid-seconds-5-watchdog/medium-2/24proc/seed-3/9_supportcase6_seed-3_20260504_024308/iterated_local_search/run_1_worker_22/ils_config_9039593896813388375.prm
[INFO]:[02:43:47] CPLEX results. Gap: 13.330000, upper bound: 52112.367686, lower bound: 45165.579073
[INFO]:[02:43:47] CPLEX solver finished. Gap: 13.330000
[INFO]:[02:43:47] Starting CPLEX solver on instance: /home/yorig/tuner/mpils-tests/instances/miplib/medium-2/supportcase6.mps with config: /scratch/yorig/mpils-results-grid-seconds-5-watchdog/medium-2/24proc/seed-3/9_supportcase6_seed-3_20260504_024308/iterated_local_search/run_1_worker_22/ils_config_1782426411161515532.prm
[INFO]:[02:43:47] Starting CPLEX solver on instance: /home/yorig/tuner/mpils-tests/instances/miplib/medium-2/supportcase6.mps with config: /scratch/yorig/mpils-results-grid-seconds-5-watchdog/medium-2/24proc/seed-3/9_supportcase6_seed-3_20260504_024308/iterated_local_search/run_1_worker_22/ils_config_1782426411161515532.prm
[INFO]:[02:43:52] CPLEX results. Gap: 13.330000, upper bound: 52112.367686, lower bound: 45165.579073
[INFO]:[02:43:52] CPLEX solver finished. Gap: 13.330000
[INFO]:[02:43:52] Starting CPLEX solver on instance: /home/yorig/tuner/mpils-tests/instances/miplib/medium-2/supportcase6.mps with config: /scratch/yorig/mpils-results-grid-seconds-5-watchdog/medium-2/24proc/seed-3/9_supportcase6_seed-3_20260504_024308/iterated_local_search/run_1_worker_22/ils_config_17944614965671174600.prm
[INFO]:[02:43:52] Starting CPLEX solver on instance: /home/yorig/tuner/mpils-tests/instances/miplib/medium-2/supportcase6.mps with config: /scratch/yorig/mpils-results-grid-seconds-5-watchdog/medium-2/24proc/seed-3/9_supportcase6_seed-3_20260504_024308/iterated_local_search/run_1_worker_22/ils_config_17944614965671174600.prm
[INFO]:[02:43:57] CPLEX results. Gap: 56.050000, upper bound: 102597.533860, lower bound: 45090.732163
[INFO]:[02:43:57] CPLEX solver finished. Gap: 56.050000
[INFO]:[02:43:57] Starting CPLEX solver on instance: /home/yorig/tuner/mpils-tests/instances/miplib/medium-2/supportcase6.mps with config: /scratch/yorig/mpils-results-grid-seconds-5-watchdog/medium-2/24proc/seed-3/9_supportcase6_seed-3_20260504_024308/iterated_local_search/run_1_worker_22/ils_config_2073398896078194140.prm
[INFO]:[02:43:57] Starting CPLEX solver on instance: /home/yorig/tuner/mpils-tests/instances/miplib/medium-2/supportcase6.mps with config: /scratch/yorig/mpils-results-grid-seconds-5-watchdog/medium-2/24proc/seed-3/9_supportcase6_seed-3_20260504_024308/iterated_local_search/run_1_worker_22/ils_config_2073398896078194140.prm
[INFO]:[02:44:02] CPLEX results. Gap: 13.330000, upper bound: 52112.367686, lower bound: 45165.579073
[INFO]:[02:44:02] CPLEX solver finished. Gap: 13.330000
[INFO]:[02:44:02] Starting CPLEX solver on instance: /home/yorig/tuner/mpils-tests/instances/miplib/medium-2/supportcase6.mps with config: /scratch/yorig/mpils-results-grid-seconds-5-watchdog/medium-2/24proc/seed-3/9_supportcase6_seed-3_20260504_024308/iterated_local_search/run_1_worker_22/ils_config_5643933898375811825.prm
[INFO]:[02:44:02] Starting CPLEX solver on instance: /home/yorig/tuner/mpils-tests/instances/miplib/medium-2/supportcase6.mps with config: /scratch/yorig/mpils-results-grid-seconds-5-watchdog/medium-2/24proc/seed-3/9_supportcase6_seed-3_20260504_024308/iterated_local_search/run_1_worker_22/ils_config_5643933898375811825.prm
[INFO]:[02:44:08] CPLEX results. Gap: 13.330000, upper bound: 52112.367686, lower bound: 45165.579073
[INFO]:[02:44:08] CPLEX solver finished. Gap: 13.330000
[INFO]:[02:44:08] Starting CPLEX solver on instance: /home/yorig/tuner/mpils-tests/instances/miplib/medium-2/supportcase6.mps with config: /scratch/yorig/mpils-results-grid-seconds-5-watchdog/medium-2/24proc/seed-3/9_supportcase6_seed-3_20260504_024308/iterated_local_search/run_1_worker_22/ils_config_2169046345627226564.prm
[INFO]:[02:44:08] Starting CPLEX solver on instance: /home/yorig/tuner/mpils-tests/instances/miplib/medium-2/supportcase6.mps with config: /scratch/yorig/mpils-results-grid-seconds-5-watchdog/medium-2/24proc/seed-3/9_supportcase6_seed-3_20260504_024308/iterated_local_search/run_1_worker_22/ils_config_2169046345627226564.prm
[INFO]:[02:44:13] CPLEX results. Gap: 100.000000, upper bound: 102597.533860, lower bound: 0.000000
[INFO]:[02:44:13] CPLEX solver finished. Gap: 100.000000
[INFO]:[02:44:13] Starting CPLEX solver on instance: /home/yorig/tuner/mpils-tests/instances/miplib/medium-2/supportcase6.mps with config: /scratch/yorig/mpils-results-grid-seconds-5-watchdog/medium-2/24proc/seed-3/9_supportcase6_seed-3_20260504_024308/iterated_local_search/run_1_worker_22/ils_config_8891635902955658716.prm
[INFO]:[02:44:13] Starting CPLEX solver on instance: /home/yorig/tuner/mpils-tests/instances/miplib/medium-2/supportcase6.mps with config: /scratch/yorig/mpils-results-grid-seconds-5-watchdog/medium-2/24proc/seed-3/9_supportcase6_seed-3_20260504_024308/iterated_local_search/run_1_worker_22/ils_config_8891635902955658716.prm
[INFO]:[02:44:18] CPLEX results. Gap: 55.980000, upper bound: 102597.533860, lower bound: 45165.579073
[INFO]:[02:44:18] CPLEX solver finished. Gap: 55.980000
[INFO]:[02:44:18] Starting CPLEX solver on instance: /home/yorig/tuner/mpils-tests/instances/miplib/medium-2/supportcase6.mps with config: /scratch/yorig/mpils-results-grid-seconds-5-watchdog/medium-2/24proc/seed-3/9_supportcase6_seed-3_20260504_024308/iterated_local_search/run_1_worker_22/ils_config_15378131754970865746.prm
[INFO]:[02:44:18] Starting CPLEX solver on instance: /home/yorig/tuner/mpils-tests/instances/miplib/medium-2/supportcase6.mps with config: /scratch/yorig/mpils-results-grid-seconds-5-watchdog/medium-2/24proc/seed-3/9_supportcase6_seed-3_20260504_024308/iterated_local_search/run_1_worker_22/ils_config_15378131754970865746.prm
[INFO]:[02:44:23] CPLEX results. Gap: 13.330000, upper bound: 52112.367686, lower bound: 45165.579073
[INFO]:[02:44:23] CPLEX solver finished. Gap: 13.330000
[INFO]:[02:44:23] Starting CPLEX solver on instance: /home/yorig/tuner/mpils-tests/instances/miplib/medium-2/supportcase6.mps with config: /scratch/yorig/mpils-results-grid-seconds-5-watchdog/medium-2/24proc/seed-3/9_supportcase6_seed-3_20260504_024308/iterated_local_search/run_1_worker_22/ils_config_4860504832139383479.prm
[INFO]:[02:44:23] Starting CPLEX solver on instance: /home/yorig/tuner/mpils-tests/instances/miplib/medium-2/supportcase6.mps with config: /scratch/yorig/mpils-results-grid-seconds-5-watchdog/medium-2/24proc/seed-3/9_supportcase6_seed-3_20260504_024308/iterated_local_search/run_1_worker_22/ils_config_4860504832139383479.prm
[INFO]:[02:44:28] CPLEX results. Gap: 55.980000, upper bound: 102597.533860, lower bound: 45165.579073
[INFO]:[02:44:28] CPLEX solver finished. Gap: 55.980000
[INFO]:[02:44:28] Starting CPLEX solver on instance: /home/yorig/tuner/mpils-tests/instances/miplib/medium-2/supportcase6.mps with config: /scratch/yorig/mpils-results-grid-seconds-5-watchdog/medium-2/24proc/seed-3/9_supportcase6_seed-3_20260504_024308/iterated_local_search/run_1_worker_22/ils_config_3232471443953667753.prm
[INFO]:[02:44:28] Starting CPLEX solver on instance: /home/yorig/tuner/mpils-tests/instances/miplib/medium-2/supportcase6.mps with config: /scratch/yorig/mpils-results-grid-seconds-5-watchdog/medium-2/24proc/seed-3/9_supportcase6_seed-3_20260504_024308/iterated_local_search/run_1_worker_22/ils_config_3232471443953667753.prm
[INFO]:[02:44:34] CPLEX results. Gap: 13.330000, upper bound: 52112.367686, lower bound: 45165.579073
[INFO]:[02:44:34] CPLEX solver finished. Gap: 13.330000
[INFO]:[02:44:34] Starting CPLEX solver on instance: /home/yorig/tuner/mpils-tests/instances/miplib/medium-2/supportcase6.mps with config: /scratch/yorig/mpils-results-grid-seconds-5-watchdog/medium-2/24proc/seed-3/9_supportcase6_seed-3_20260504_024308/iterated_local_search/run_1_worker_22/ils_config_2907882309954432015.prm
[INFO]:[02:44:34] Starting CPLEX solver on instance: /home/yorig/tuner/mpils-tests/instances/miplib/medium-2/supportcase6.mps with config: /scratch/yorig/mpils-results-grid-seconds-5-watchdog/medium-2/24proc/seed-3/9_supportcase6_seed-3_20260504_024308/iterated_local_search/run_1_worker_22/ils_config_2907882309954432015.prm
[INFO]:[02:44:39] CPLEX results. Gap: 13.330000, upper bound: 52112.367686, lower bound: 45165.579073
[INFO]:[02:44:39] CPLEX solver finished. Gap: 13.330000
[INFO]:[02:44:39] Starting CPLEX solver on instance: /home/yorig/tuner/mpils-tests/instances/miplib/medium-2/supportcase6.mps with config: /scratch/yorig/mpils-results-grid-seconds-5-watchdog/medium-2/24proc/seed-3/9_supportcase6_seed-3_20260504_024308/iterated_local_search/run_1_worker_22/ils_config_16216606330510598198.prm
[INFO]:[02:44:39] Starting CPLEX solver on instance: /home/yorig/tuner/mpils-tests/instances/miplib/medium-2/supportcase6.mps with config: /scratch/yorig/mpils-results-grid-seconds-5-watchdog/medium-2/24proc/seed-3/9_supportcase6_seed-3_20260504_024308/iterated_local_search/run_1_worker_22/ils_config_16216606330510598198.prm
[INFO]:[02:44:44] CPLEX results. Gap: 13.330000, upper bound: 52112.367686, lower bound: 45165.579073
[INFO]:[02:44:44] CPLEX solver finished. Gap: 13.330000
[INFO]:[02:44:44] Starting CPLEX solver on instance: /home/yorig/tuner/mpils-tests/instances/miplib/medium-2/supportcase6.mps with config: /scratch/yorig/mpils-results-grid-seconds-5-watchdog/medium-2/24proc/seed-3/9_supportcase6_seed-3_20260504_024308/iterated_local_search/run_1_worker_22/ils_config_17768141120206040587.prm
[INFO]:[02:44:44] Starting CPLEX solver on instance: /home/yorig/tuner/mpils-tests/instances/miplib/medium-2/supportcase6.mps with config: /scratch/yorig/mpils-results-grid-seconds-5-watchdog/medium-2/24proc/seed-3/9_supportcase6_seed-3_20260504_024308/iterated_local_search/run_1_worker_22/ils_config_17768141120206040587.prm
[INFO]:[02:44:49] CPLEX results. Gap: 13.330000, upper bound: 52112.367686, lower bound: 45165.579073
[INFO]:[02:44:49] CPLEX solver finished. Gap: 13.330000
[INFO]:[02:44:49] Starting CPLEX solver on instance: /home/yorig/tuner/mpils-tests/instances/miplib/medium-2/supportcase6.mps with config: /scratch/yorig/mpils-results-grid-seconds-5-watchdog/medium-2/24proc/seed-3/9_supportcase6_seed-3_20260504_024308/iterated_local_search/run_1_worker_22/ils_config_1767956437418087631.prm
[INFO]:[02:44:49] Starting CPLEX solver on instance: /home/yorig/tuner/mpils-tests/instances/miplib/medium-2/supportcase6.mps with config: /scratch/yorig/mpils-results-grid-seconds-5-watchdog/medium-2/24proc/seed-3/9_supportcase6_seed-3_20260504_024308/iterated_local_search/run_1_worker_22/ils_config_1767956437418087631.prm
[INFO]:[02:44:55] CPLEX results. Gap: 13.330000, upper bound: 52112.367686, lower bound: 45165.579073
[INFO]:[02:44:55] CPLEX solver finished. Gap: 13.330000
[INFO]:[02:44:55] Local search phase completed.
[INFO]:[02:44:55] Total number of new local-search evaluations: 20
[INFO]:[02:44:55] Final incumbent objective value: 13.33
[INFO]:[02:44:55] Worker 22 completed exploration phase.
[INFO]:[02:44:55] Worker 22 received order for step 2.
[INFO]:[02:44:55] Worker 22 running expansion phase for iteration 1.
[INFO]:[02:44:55] Worker 22 will use solver log file: /scratch/yorig/mpils-results-grid-seconds-5-watchdog/medium-2/24proc/seed-3/9_supportcase6_seed-3_20260504_024308/solver/cplex.log_iteration_expansion_1_worker_22
[INFO]:[02:44:55] Expansion Worker 22 starting expansion for iteration 1.
[INFO]:[02:44:55] Starting CPLEX solver on instance: /home/yorig/tuner/mpils-tests/instances/miplib/medium-2/supportcase6.mps with config: /scratch/yorig/mpils-results-grid-seconds-5-watchdog/medium-2/24proc/seed-3/9_supportcase6_seed-3_20260504_024308/expansion/config_param_CPXPARAM_MIP_Limits_CutsFactor_2_iter_1.prm
[INFO]:[02:45:00] CPLEX results. Gap: 13.330000, upper bound: 52112.367686, lower bound: 45165.579073
[INFO]:[02:45:00] CPLEX solver finished. Gap: 13.330000
[INFO]:[02:45:00] Starting CPLEX solver on instance: /home/yorig/tuner/mpils-tests/instances/miplib/medium-2/supportcase6.mps with config: /scratch/yorig/mpils-results-grid-seconds-5-watchdog/medium-2/24proc/seed-3/9_supportcase6_seed-3_20260504_024308/expansion/config_param_CPXPARAM_MIP_Limits_CutsFactor_4_iter_1.prm
[INFO]:[02:45:05] CPLEX results. Gap: 13.330000, upper bound: 52112.367686, lower bound: 45165.579073
[INFO]:[02:45:05] CPLEX solver finished. Gap: 13.330000
[INFO]:[02:45:11] Expansion Worker 22 completed expansion.
[INFO]:[02:45:11] Worker 22 completed expansion phase.
[INFO]:[02:45:11] Worker 22 received order for step 1.
[INFO]:[02:45:11] Worker 22 running exploration phase for iteration 2.
[INFO]:[02:45:11] Worker 22 at iteration 2 will not use a MIP start file. Current best MIP-start upper bound threshold is 1.79769e+308.
[INFO]:[02:45:11] Starting local search phase...
[INFO]:[02:45:11] Creating local search space from parameter space file: /scratch/yorig/mpils-results-grid-seconds-5-watchdog/medium-2/24proc/seed-3/9_supportcase6_seed-3_20260504_024308/iterated_local_search/search_space/search_space_file_2_worker_22.txt
[INFO]:[02:45:11] Local search space loaded from file: /scratch/yorig/mpils-results-grid-seconds-5-watchdog/medium-2/24proc/seed-3/9_supportcase6_seed-3_20260504_024308/iterated_local_search/search_space/search_space_file_2_worker_22.txt
[INFO]:[02:45:11] Number of parameters in local search space: 71
[INFO]:[02:45:11] Number of forbidden tuples in local search space: 27
[INFO]:[02:45:11] Number of conditionals in local search space: 6
[INFO]:[02:45:11] MIP start option not enabled. Local search will proceed without MIP start.
[INFO]:[02:45:11] Evaluating initial configuration for local search phase...
[INFO]:[02:45:11] Starting CPLEX solver on instance: /home/yorig/tuner/mpils-tests/instances/miplib/medium-2/supportcase6.mps with config: /scratch/yorig/mpils-results-grid-seconds-5-watchdog/medium-2/24proc/seed-3/9_supportcase6_seed-3_20260504_024308/iterated_local_search/run_2_worker_22/ils_config_3781934719431505943.prm
[INFO]:[02:45:11] Starting CPLEX solver on instance: /home/yorig/tuner/mpils-tests/instances/miplib/medium-2/supportcase6.mps with config: /scratch/yorig/mpils-results-grid-seconds-5-watchdog/medium-2/24proc/seed-3/9_supportcase6_seed-3_20260504_024308/iterated_local_search/run_2_worker_22/ils_config_3781934719431505943.prm
[INFO]:[02:45:16] CPLEX results. Gap: 100.000000, upper bound: 102597.533860, lower bound: 0.000000
[INFO]:[02:45:16] CPLEX solver finished. Gap: 100.000000
[INFO]:[02:45:16] Initial configuration evaluated with objective value: 100
[INFO]:[02:45:16] Starting CPLEX solver on instance: /home/yorig/tuner/mpils-tests/instances/miplib/medium-2/supportcase6.mps with config: /scratch/yorig/mpils-results-grid-seconds-5-watchdog/medium-2/24proc/seed-3/9_supportcase6_seed-3_20260504_024308/iterated_local_search/run_2_worker_22/ils_config_4953523767986875741.prm
[INFO]:[02:45:16] Starting CPLEX solver on instance: /home/yorig/tuner/mpils-tests/instances/miplib/medium-2/supportcase6.mps with config: /scratch/yorig/mpils-results-grid-seconds-5-watchdog/medium-2/24proc/seed-3/9_supportcase6_seed-3_20260504_024308/iterated_local_search/run_2_worker_22/ils_config_4953523767986875741.prm
[INFO]:[02:45:21] CPLEX results. Gap: 100.000000, upper bound: 102597.533860, lower bound: 0.000000
[INFO]:[02:45:21] CPLEX solver finished. Gap: 100.000000
[INFO]:[02:45:21] Starting CPLEX solver on instance: /home/yorig/tuner/mpils-tests/instances/miplib/medium-2/supportcase6.mps with config: /scratch/yorig/mpils-results-grid-seconds-5-watchdog/medium-2/24proc/seed-3/9_supportcase6_seed-3_20260504_024308/iterated_local_search/run_2_worker_22/ils_config_3304010046753762649.prm
[INFO]:[02:45:21] Starting CPLEX solver on instance: /home/yorig/tuner/mpils-tests/instances/miplib/medium-2/supportcase6.mps with config: /scratch/yorig/mpils-results-grid-seconds-5-watchdog/medium-2/24proc/seed-3/9_supportcase6_seed-3_20260504_024308/iterated_local_search/run_2_worker_22/ils_config_3304010046753762649.prm
[INFO]:[02:45:27] CPLEX results. Gap: 100.000000, upper bound: 102597.533860, lower bound: 0.000000
[INFO]:[02:45:27] CPLEX solver finished. Gap: 100.000000
[INFO]:[02:45:27] Starting CPLEX solver on instance: /home/yorig/tuner/mpils-tests/instances/miplib/medium-2/supportcase6.mps with config: /scratch/yorig/mpils-results-grid-seconds-5-watchdog/medium-2/24proc/seed-3/9_supportcase6_seed-3_20260504_024308/iterated_local_search/run_2_worker_22/ils_config_11146678398713817490.prm
[INFO]:[02:45:27] Starting CPLEX solver on instance: /home/yorig/tuner/mpils-tests/instances/miplib/medium-2/supportcase6.mps with config: /scratch/yorig/mpils-results-grid-seconds-5-watchdog/medium-2/24proc/seed-3/9_supportcase6_seed-3_20260504_024308/iterated_local_search/run_2_worker_22/ils_config_11146678398713817490.prm
[INFO]:[02:45:32] CPLEX results. Gap: 100.000000, upper bound: 102597.533860, lower bound: 0.000000
[INFO]:[02:45:32] CPLEX solver finished. Gap: 100.000000
[INFO]:[02:45:32] Starting CPLEX solver on instance: /home/yorig/tuner/mpils-tests/instances/miplib/medium-2/supportcase6.mps with config: /scratch/yorig/mpils-results-grid-seconds-5-watchdog/medium-2/24proc/seed-3/9_supportcase6_seed-3_20260504_024308/iterated_local_search/run_2_worker_22/ils_config_4214685012818355028.prm
[INFO]:[02:45:32] Starting CPLEX solver on instance: /home/yorig/tuner/mpils-tests/instances/miplib/medium-2/supportcase6.mps with config: /scratch/yorig/mpils-results-grid-seconds-5-watchdog/medium-2/24proc/seed-3/9_supportcase6_seed-3_20260504_024308/iterated_local_search/run_2_worker_22/ils_config_4214685012818355028.prm
[INFO]:[02:45:37] CPLEX results. Gap: 100.000000, upper bound: 102597.533860, lower bound: 0.000000
[INFO]:[02:45:37] CPLEX solver finished. Gap: 100.000000
[INFO]:[02:45:37] Starting CPLEX solver on instance: /home/yorig/tuner/mpils-tests/instances/miplib/medium-2/supportcase6.mps with config: /scratch/yorig/mpils-results-grid-seconds-5-watchdog/medium-2/24proc/seed-3/9_supportcase6_seed-3_20260504_024308/iterated_local_search/run_2_worker_22/ils_config_7021302996014470897.prm
[INFO]:[02:45:37] Starting CPLEX solver on instance: /home/yorig/tuner/mpils-tests/instances/miplib/medium-2/supportcase6.mps with config: /scratch/yorig/mpils-results-grid-seconds-5-watchdog/medium-2/24proc/seed-3/9_supportcase6_seed-3_20260504_024308/iterated_local_search/run_2_worker_22/ils_config_7021302996014470897.prm
[INFO]:[02:45:42] CPLEX results. Gap: 100.000000, upper bound: 102597.533860, lower bound: 0.000000
[INFO]:[02:45:42] CPLEX solver finished. Gap: 100.000000
[INFO]:[02:45:42] Local search phase completed.
[INFO]:[02:45:42] Total number of new local-search evaluations: 6
[INFO]:[02:45:42] Final incumbent objective value: 100
[INFO]:[02:45:43] Worker 22 completed exploration phase.
[INFO]:[02:45:43] Worker 22 received order for step 2.
[INFO]:[02:45:43] Worker 22 running expansion phase for iteration 2.
[INFO]:[02:45:43] Worker 22 will use solver log file: /scratch/yorig/mpils-results-grid-seconds-5-watchdog/medium-2/24proc/seed-3/9_supportcase6_seed-3_20260504_024308/solver/cplex.log_iteration_expansion_2_worker_22
[INFO]:[02:45:43] Expansion Worker 22 starting expansion for iteration 2.
[INFO]:[02:45:43] Starting CPLEX solver on instance: /home/yorig/tuner/mpils-tests/instances/miplib/medium-2/supportcase6.mps with config: /scratch/yorig/mpils-results-grid-seconds-5-watchdog/medium-2/24proc/seed-3/9_supportcase6_seed-3_20260504_024308/expansion/config_param_CPXPARAM_Simplex_DGradient_4_iter_2.prm
[INFO]:[02:45:48] CPLEX results. Gap: 56.050000, upper bound: 102597.533860, lower bound: 45090.732163
[INFO]:[02:45:48] CPLEX solver finished. Gap: 56.050000
[INFO]:[02:45:53] Expansion Worker 22 stopping early after global MPI expansion stop was activated.
[INFO]:[02:45:53] Expansion Worker 22 completed expansion.
[INFO]:[02:45:53] Worker 22 completed expansion phase.
[INFO]:[02:45:53] Worker 22 received order for step 1.
[INFO]:[02:45:53] Worker 22 running exploration phase for iteration 3.
[INFO]:[02:45:53] Worker 22 at iteration 3 will not use a MIP start file. Current best MIP-start upper bound threshold is 1.79769e+308.
[INFO]:[02:45:53] Starting local search phase...
[INFO]:[02:45:53] Creating local search space from parameter space file: /scratch/yorig/mpils-results-grid-seconds-5-watchdog/medium-2/24proc/seed-3/9_supportcase6_seed-3_20260504_024308/iterated_local_search/search_space/search_space_file_3_worker_22.txt
[INFO]:[02:45:53] Local search space loaded from file: /scratch/yorig/mpils-results-grid-seconds-5-watchdog/medium-2/24proc/seed-3/9_supportcase6_seed-3_20260504_024308/iterated_local_search/search_space/search_space_file_3_worker_22.txt
[INFO]:[02:45:53] Number of parameters in local search space: 71
[INFO]:[02:45:53] Number of forbidden tuples in local search space: 26
[INFO]:[02:45:53] Number of conditionals in local search space: 6
[INFO]:[02:45:53] MIP start option not enabled. Local search will proceed without MIP start.
[INFO]:[02:45:53] Evaluating initial configuration for local search phase...
[INFO]:[02:45:53] Starting CPLEX solver on instance: /home/yorig/tuner/mpils-tests/instances/miplib/medium-2/supportcase6.mps with config: /scratch/yorig/mpils-results-grid-seconds-5-watchdog/medium-2/24proc/seed-3/9_supportcase6_seed-3_20260504_024308/iterated_local_search/run_3_worker_22/ils_config_14429892544573355519.prm
[INFO]:[02:45:53] Starting CPLEX solver on instance: /home/yorig/tuner/mpils-tests/instances/miplib/medium-2/supportcase6.mps with config: /scratch/yorig/mpils-results-grid-seconds-5-watchdog/medium-2/24proc/seed-3/9_supportcase6_seed-3_20260504_024308/iterated_local_search/run_3_worker_22/ils_config_14429892544573355519.prm
[INFO]:[02:45:59] CPLEX results. Gap: 100.000000, upper bound: 102597.533860, lower bound: 0.000000
[INFO]:[02:45:59] CPLEX solver finished. Gap: 100.000000
[INFO]:[02:45:59] Initial configuration evaluated with objective value: 100
[INFO]:[02:45:59] Starting CPLEX solver on instance: /home/yorig/tuner/mpils-tests/instances/miplib/medium-2/supportcase6.mps with config: /scratch/yorig/mpils-results-grid-seconds-5-watchdog/medium-2/24proc/seed-3/9_supportcase6_seed-3_20260504_024308/iterated_local_search/run_3_worker_22/ils_config_11529454248415966050.prm
[INFO]:[02:45:59] Starting CPLEX solver on instance: /home/yorig/tuner/mpils-tests/instances/miplib/medium-2/supportcase6.mps with config: /scratch/yorig/mpils-results-grid-seconds-5-watchdog/medium-2/24proc/seed-3/9_supportcase6_seed-3_20260504_024308/iterated_local_search/run_3_worker_22/ils_config_11529454248415966050.prm
[INFO]:[02:46:04] CPLEX results. Gap: 100.000000, upper bound: 102597.533860, lower bound: 0.000000
[INFO]:[02:46:04] CPLEX solver finished. Gap: 100.000000
[INFO]:[02:46:04] Starting CPLEX solver on instance: /home/yorig/tuner/mpils-tests/instances/miplib/medium-2/supportcase6.mps with config: /scratch/yorig/mpils-results-grid-seconds-5-watchdog/medium-2/24proc/seed-3/9_supportcase6_seed-3_20260504_024308/iterated_local_search/run_3_worker_22/ils_config_12959399671619002833.prm
[INFO]:[02:46:04] Starting CPLEX solver on instance: /home/yorig/tuner/mpils-tests/instances/miplib/medium-2/supportcase6.mps with config: /scratch/yorig/mpils-results-grid-seconds-5-watchdog/medium-2/24proc/seed-3/9_supportcase6_seed-3_20260504_024308/iterated_local_search/run_3_worker_22/ils_config_12959399671619002833.prm
[INFO]:[02:46:09] CPLEX results. Gap: 100.000000, upper bound: 102597.533860, lower bound: 0.000000
[INFO]:[02:46:09] CPLEX solver finished. Gap: 100.000000
[INFO]:[02:46:09] Starting CPLEX solver on instance: /home/yorig/tuner/mpils-tests/instances/miplib/medium-2/supportcase6.mps with config: /scratch/yorig/mpils-results-grid-seconds-5-watchdog/medium-2/24proc/seed-3/9_supportcase6_seed-3_20260504_024308/iterated_local_search/run_3_worker_22/ils_config_3414880466522390530.prm
[INFO]:[02:46:09] Starting CPLEX solver on instance: /home/yorig/tuner/mpils-tests/instances/miplib/medium-2/supportcase6.mps with config: /scratch/yorig/mpils-results-grid-seconds-5-watchdog/medium-2/24proc/seed-3/9_supportcase6_seed-3_20260504_024308/iterated_local_search/run_3_worker_22/ils_config_3414880466522390530.prm
[INFO]:[02:46:14] CPLEX results. Gap: 100.000000, upper bound: 102597.533860, lower bound: 0.000000
[INFO]:[02:46:14] CPLEX solver finished. Gap: 100.000000
[INFO]:[02:46:14] Starting CPLEX solver on instance: /home/yorig/tuner/mpils-tests/instances/miplib/medium-2/supportcase6.mps with config: /scratch/yorig/mpils-results-grid-seconds-5-watchdog/medium-2/24proc/seed-3/9_supportcase6_seed-3_20260504_024308/iterated_local_search/run_3_worker_22/ils_config_12992717100719804076.prm
[INFO]:[02:46:14] Starting CPLEX solver on instance: /home/yorig/tuner/mpils-tests/instances/miplib/medium-2/supportcase6.mps with config: /scratch/yorig/mpils-results-grid-seconds-5-watchdog/medium-2/24proc/seed-3/9_supportcase6_seed-3_20260504_024308/iterated_local_search/run_3_worker_22/ils_config_12992717100719804076.prm
[INFO]:[02:46:19] CPLEX results. Gap: 100.000000, upper bound: 102597.533860, lower bound: 0.000000
[INFO]:[02:46:19] CPLEX solver finished. Gap: 100.000000
[INFO]:[02:46:19] Starting CPLEX solver on instance: /home/yorig/tuner/mpils-tests/instances/miplib/medium-2/supportcase6.mps with config: /scratch/yorig/mpils-results-grid-seconds-5-watchdog/medium-2/24proc/seed-3/9_supportcase6_seed-3_20260504_024308/iterated_local_search/run_3_worker_22/ils_config_7994396281922709797.prm
[INFO]:[02:46:19] Starting CPLEX solver on instance: /home/yorig/tuner/mpils-tests/instances/miplib/medium-2/supportcase6.mps with config: /scratch/yorig/mpils-results-grid-seconds-5-watchdog/medium-2/24proc/seed-3/9_supportcase6_seed-3_20260504_024308/iterated_local_search/run_3_worker_22/ils_config_7994396281922709797.prm
[INFO]:[02:46:25] CPLEX results. Gap: 100.000000, upper bound: 102597.533860, lower bound: 0.000000
[INFO]:[02:46:25] CPLEX solver finished. Gap: 100.000000
[INFO]:[02:46:25] Starting CPLEX solver on instance: /home/yorig/tuner/mpils-tests/instances/miplib/medium-2/supportcase6.mps with config: /scratch/yorig/mpils-results-grid-seconds-5-watchdog/medium-2/24proc/seed-3/9_supportcase6_seed-3_20260504_024308/iterated_local_search/run_3_worker_22/ils_config_8952726433990236108.prm
[INFO]:[02:46:25] Starting CPLEX solver on instance: /home/yorig/tuner/mpils-tests/instances/miplib/medium-2/supportcase6.mps with config: /scratch/yorig/mpils-results-grid-seconds-5-watchdog/medium-2/24proc/seed-3/9_supportcase6_seed-3_20260504_024308/iterated_local_search/run_3_worker_22/ils_config_8952726433990236108.prm
[INFO]:[02:46:30] CPLEX results. Gap: 100.000000, upper bound: 102597.533860, lower bound: 0.000000
[INFO]:[02:46:30] CPLEX solver finished. Gap: 100.000000
[INFO]:[02:46:30] Starting CPLEX solver on instance: /home/yorig/tuner/mpils-tests/instances/miplib/medium-2/supportcase6.mps with config: /scratch/yorig/mpils-results-grid-seconds-5-watchdog/medium-2/24proc/seed-3/9_supportcase6_seed-3_20260504_024308/iterated_local_search/run_3_worker_22/ils_config_14083002660820809214.prm
[INFO]:[02:46:30] Starting CPLEX solver on instance: /home/yorig/tuner/mpils-tests/instances/miplib/medium-2/supportcase6.mps with config: /scratch/yorig/mpils-results-grid-seconds-5-watchdog/medium-2/24proc/seed-3/9_supportcase6_seed-3_20260504_024308/iterated_local_search/run_3_worker_22/ils_config_14083002660820809214.prm
[INFO]:[02:46:35] CPLEX results. Gap: 100.000000, upper bound: 102597.533860, lower bound: 0.000000
[INFO]:[02:46:35] CPLEX solver finished. Gap: 100.000000
[INFO]:[02:46:35] Starting CPLEX solver on instance: /home/yorig/tuner/mpils-tests/instances/miplib/medium-2/supportcase6.mps with config: /scratch/yorig/mpils-results-grid-seconds-5-watchdog/medium-2/24proc/seed-3/9_supportcase6_seed-3_20260504_024308/iterated_local_search/run_3_worker_22/ils_config_18109436775629579534.prm
[INFO]:[02:46:35] Starting CPLEX solver on instance: /home/yorig/tuner/mpils-tests/instances/miplib/medium-2/supportcase6.mps with config: /scratch/yorig/mpils-results-grid-seconds-5-watchdog/medium-2/24proc/seed-3/9_supportcase6_seed-3_20260504_024308/iterated_local_search/run_3_worker_22/ils_config_18109436775629579534.prm
[INFO]:[02:46:40] CPLEX results. Gap: 100.000000, upper bound: 102597.533860, lower bound: 0.000000
[INFO]:[02:46:40] CPLEX solver finished. Gap: 100.000000
[INFO]:[02:46:40] Starting CPLEX solver on instance: /home/yorig/tuner/mpils-tests/instances/miplib/medium-2/supportcase6.mps with config: /scratch/yorig/mpils-results-grid-seconds-5-watchdog/medium-2/24proc/seed-3/9_supportcase6_seed-3_20260504_024308/iterated_local_search/run_3_worker_22/ils_config_8733264192340155498.prm
[INFO]:[02:46:40] Starting CPLEX solver on instance: /home/yorig/tuner/mpils-tests/instances/miplib/medium-2/supportcase6.mps with config: /scratch/yorig/mpils-results-grid-seconds-5-watchdog/medium-2/24proc/seed-3/9_supportcase6_seed-3_20260504_024308/iterated_local_search/run_3_worker_22/ils_config_8733264192340155498.prm
[INFO]:[02:46:46] CPLEX results. Gap: 100.000000, upper bound: 102597.533860, lower bound: 0.000000
[INFO]:[02:46:46] CPLEX solver finished. Gap: 100.000000
[INFO]:[02:46:46] Starting CPLEX solver on instance: /home/yorig/tuner/mpils-tests/instances/miplib/medium-2/supportcase6.mps with config: /scratch/yorig/mpils-results-grid-seconds-5-watchdog/medium-2/24proc/seed-3/9_supportcase6_seed-3_20260504_024308/iterated_local_search/run_3_worker_22/ils_config_9546299284735625009.prm
[INFO]:[02:46:46] Starting CPLEX solver on instance: /home/yorig/tuner/mpils-tests/instances/miplib/medium-2/supportcase6.mps with config: /scratch/yorig/mpils-results-grid-seconds-5-watchdog/medium-2/24proc/seed-3/9_supportcase6_seed-3_20260504_024308/iterated_local_search/run_3_worker_22/ils_config_9546299284735625009.prm
[INFO]:[02:46:51] CPLEX results. Gap: 100.000000, upper bound: 102597.533860, lower bound: 0.000000
[INFO]:[02:46:51] CPLEX solver finished. Gap: 100.000000
[INFO]:[02:46:51] Starting CPLEX solver on instance: /home/yorig/tuner/mpils-tests/instances/miplib/medium-2/supportcase6.mps with config: /scratch/yorig/mpils-results-grid-seconds-5-watchdog/medium-2/24proc/seed-3/9_supportcase6_seed-3_20260504_024308/iterated_local_search/run_3_worker_22/ils_config_16489371261997207143.prm
[INFO]:[02:46:51] Starting CPLEX solver on instance: /home/yorig/tuner/mpils-tests/instances/miplib/medium-2/supportcase6.mps with config: /scratch/yorig/mpils-results-grid-seconds-5-watchdog/medium-2/24proc/seed-3/9_supportcase6_seed-3_20260504_024308/iterated_local_search/run_3_worker_22/ils_config_16489371261997207143.prm
[INFO]:[02:46:56] CPLEX results. Gap: 100.000000, upper bound: 102597.533860, lower bound: 0.000000
[INFO]:[02:46:56] CPLEX solver finished. Gap: 100.000000
[INFO]:[02:46:56] Starting CPLEX solver on instance: /home/yorig/tuner/mpils-tests/instances/miplib/medium-2/supportcase6.mps with config: /scratch/yorig/mpils-results-grid-seconds-5-watchdog/medium-2/24proc/seed-3/9_supportcase6_seed-3_20260504_024308/iterated_local_search/run_3_worker_22/ils_config_13131595655559406881.prm
[INFO]:[02:46:56] Starting CPLEX solver on instance: /home/yorig/tuner/mpils-tests/instances/miplib/medium-2/supportcase6.mps with config: /scratch/yorig/mpils-results-grid-seconds-5-watchdog/medium-2/24proc/seed-3/9_supportcase6_seed-3_20260504_024308/iterated_local_search/run_3_worker_22/ils_config_13131595655559406881.prm
[INFO]:[02:47:01] CPLEX results. Gap: 100.000000, upper bound: 102597.533860, lower bound: 0.000000
[INFO]:[02:47:01] CPLEX solver finished. Gap: 100.000000
[INFO]:[02:47:01] Starting CPLEX solver on instance: /home/yorig/tuner/mpils-tests/instances/miplib/medium-2/supportcase6.mps with config: /scratch/yorig/mpils-results-grid-seconds-5-watchdog/medium-2/24proc/seed-3/9_supportcase6_seed-3_20260504_024308/iterated_local_search/run_3_worker_22/ils_config_16789360940016125786.prm
[INFO]:[02:47:01] Starting CPLEX solver on instance: /home/yorig/tuner/mpils-tests/instances/miplib/medium-2/supportcase6.mps with config: /scratch/yorig/mpils-results-grid-seconds-5-watchdog/medium-2/24proc/seed-3/9_supportcase6_seed-3_20260504_024308/iterated_local_search/run_3_worker_22/ils_config_16789360940016125786.prm
[INFO]:[02:47:07] CPLEX results. Gap: 100.000000, upper bound: 102597.533860, lower bound: 0.000000
[INFO]:[02:47:07] CPLEX solver finished. Gap: 100.000000
[INFO]:[02:47:07] Starting CPLEX solver on instance: /home/yorig/tuner/mpils-tests/instances/miplib/medium-2/supportcase6.mps with config: /scratch/yorig/mpils-results-grid-seconds-5-watchdog/medium-2/24proc/seed-3/9_supportcase6_seed-3_20260504_024308/iterated_local_search/run_3_worker_22/ils_config_16765212117289993912.prm
[INFO]:[02:47:07] Starting CPLEX solver on instance: /home/yorig/tuner/mpils-tests/instances/miplib/medium-2/supportcase6.mps with config: /scratch/yorig/mpils-results-grid-seconds-5-watchdog/medium-2/24proc/seed-3/9_supportcase6_seed-3_20260504_024308/iterated_local_search/run_3_worker_22/ils_config_16765212117289993912.prm
[INFO]:[02:47:12] CPLEX results. Gap: 56.020000, upper bound: 102597.533860, lower bound: 45124.473769
[INFO]:[02:47:12] CPLEX solver finished. Gap: 56.020000
[INFO]:[02:47:12] New incumbent found with objective value: 56.02
[INFO]:[02:47:12] Local search phase completed.
[INFO]:[02:47:12] Total number of new local-search evaluations: 15
[INFO]:[02:47:12] Final incumbent objective value: 56.02
[INFO]:[02:47:13] Worker 22 completed exploration phase.
[INFO]:[02:47:13] Worker 22 received order for step 2.
[INFO]:[02:47:13] Worker 22 running expansion phase for iteration 3.
[INFO]:[02:47:13] Worker 22 will use solver log file: /scratch/yorig/mpils-results-grid-seconds-5-watchdog/medium-2/24proc/seed-3/9_supportcase6_seed-3_20260504_024308/solver/cplex.log_iteration_expansion_3_worker_22
[INFO]:[02:47:13] Expansion Worker 22 starting expansion for iteration 3.
[INFO]:[02:47:13] Starting CPLEX solver on instance: /home/yorig/tuner/mpils-tests/instances/miplib/medium-2/supportcase6.mps with config: /scratch/yorig/mpils-results-grid-seconds-5-watchdog/medium-2/24proc/seed-3/9_supportcase6_seed-3_20260504_024308/expansion/config_param_CPXPARAM_Simplex_Crash_-1_iter_3.prm
[INFO]:[02:47:18] CPLEX results. Gap: 55.980000, upper bound: 102597.533860, lower bound: 45166.030018
[INFO]:[02:47:18] CPLEX solver finished. Gap: 55.980000
[INFO]:[02:47:23] Expansion Worker 22 completed expansion.
[INFO]:[02:47:23] Worker 22 completed expansion phase.
[INFO]:[02:47:24] Worker 22 received order for step 1.
[INFO]:[02:47:24] Worker 22 running exploration phase for iteration 4.
[INFO]:[02:47:24] Worker 22 at iteration 4 will not use a MIP start file. Current best MIP-start upper bound threshold is 1.79769e+308.
[INFO]:[02:47:24] Starting local search phase...
[INFO]:[02:47:24] Creating local search space from parameter space file: /scratch/yorig/mpils-results-grid-seconds-5-watchdog/medium-2/24proc/seed-3/9_supportcase6_seed-3_20260504_024308/iterated_local_search/search_space/search_space_file_4_worker_22.txt
[INFO]:[02:47:24] Local search space loaded from file: /scratch/yorig/mpils-results-grid-seconds-5-watchdog/medium-2/24proc/seed-3/9_supportcase6_seed-3_20260504_024308/iterated_local_search/search_space/search_space_file_4_worker_22.txt
[INFO]:[02:47:24] Number of parameters in local search space: 71
[INFO]:[02:47:24] Number of forbidden tuples in local search space: 26
[INFO]:[02:47:24] Number of conditionals in local search space: 6
[INFO]:[02:47:24] MIP start option not enabled. Local search will proceed without MIP start.
[INFO]:[02:47:24] Evaluating initial configuration for local search phase...
[INFO]:[02:47:24] Starting CPLEX solver on instance: /home/yorig/tuner/mpils-tests/instances/miplib/medium-2/supportcase6.mps with config: /scratch/yorig/mpils-results-grid-seconds-5-watchdog/medium-2/24proc/seed-3/9_supportcase6_seed-3_20260504_024308/iterated_local_search/run_4_worker_22/ils_config_1533535972669019289.prm
[INFO]:[02:47:24] Starting CPLEX solver on instance: /home/yorig/tuner/mpils-tests/instances/miplib/medium-2/supportcase6.mps with config: /scratch/yorig/mpils-results-grid-seconds-5-watchdog/medium-2/24proc/seed-3/9_supportcase6_seed-3_20260504_024308/iterated_local_search/run_4_worker_22/ils_config_1533535972669019289.prm
[INFO]:[02:47:29] CPLEX results. Gap: 55.980000, upper bound: 102597.533860, lower bound: 45160.585035
[INFO]:[02:47:29] CPLEX solver finished. Gap: 55.980000
[INFO]:[02:47:29] Initial configuration evaluated with objective value: 55.98
[INFO]:[02:47:29] Starting CPLEX solver on instance: /home/yorig/tuner/mpils-tests/instances/miplib/medium-2/supportcase6.mps with config: /scratch/yorig/mpils-results-grid-seconds-5-watchdog/medium-2/24proc/seed-3/9_supportcase6_seed-3_20260504_024308/iterated_local_search/run_4_worker_22/ils_config_8921844283057443577.prm
[INFO]:[02:47:29] Starting CPLEX solver on instance: /home/yorig/tuner/mpils-tests/instances/miplib/medium-2/supportcase6.mps with config: /scratch/yorig/mpils-results-grid-seconds-5-watchdog/medium-2/24proc/seed-3/9_supportcase6_seed-3_20260504_024308/iterated_local_search/run_4_worker_22/ils_config_8921844283057443577.prm
[INFO]:[02:47:34] CPLEX results. Gap: 55.980000, upper bound: 102597.533860, lower bound: 45160.585035
[INFO]:[02:47:34] CPLEX solver finished. Gap: 55.980000
[INFO]:[02:47:34] Starting CPLEX solver on instance: /home/yorig/tuner/mpils-tests/instances/miplib/medium-2/supportcase6.mps with config: /scratch/yorig/mpils-results-grid-seconds-5-watchdog/medium-2/24proc/seed-3/9_supportcase6_seed-3_20260504_024308/iterated_local_search/run_4_worker_22/ils_config_10255330674131103442.prm
[INFO]:[02:47:34] Starting CPLEX solver on instance: /home/yorig/tuner/mpils-tests/instances/miplib/medium-2/supportcase6.mps with config: /scratch/yorig/mpils-results-grid-seconds-5-watchdog/medium-2/24proc/seed-3/9_supportcase6_seed-3_20260504_024308/iterated_local_search/run_4_worker_22/ils_config_10255330674131103442.prm
[INFO]:[02:47:39] CPLEX results. Gap: 56.050000, upper bound: 102597.533860, lower bound: 45090.732163
[INFO]:[02:47:39] CPLEX solver finished. Gap: 56.050000
[INFO]:[02:47:39] Starting CPLEX solver on instance: /home/yorig/tuner/mpils-tests/instances/miplib/medium-2/supportcase6.mps with config: /scratch/yorig/mpils-results-grid-seconds-5-watchdog/medium-2/24proc/seed-3/9_supportcase6_seed-3_20260504_024308/iterated_local_search/run_4_worker_22/ils_config_16804906045224877196.prm
[INFO]:[02:47:39] Starting CPLEX solver on instance: /home/yorig/tuner/mpils-tests/instances/miplib/medium-2/supportcase6.mps with config: /scratch/yorig/mpils-results-grid-seconds-5-watchdog/medium-2/24proc/seed-3/9_supportcase6_seed-3_20260504_024308/iterated_local_search/run_4_worker_22/ils_config_16804906045224877196.prm
[INFO]:[02:47:45] CPLEX results. Gap: 55.980000, upper bound: 102597.533860, lower bound: 45160.585035
[INFO]:[02:47:45] CPLEX solver finished. Gap: 55.980000
[INFO]:[02:47:45] Starting CPLEX solver on instance: /home/yorig/tuner/mpils-tests/instances/miplib/medium-2/supportcase6.mps with config: /scratch/yorig/mpils-results-grid-seconds-5-watchdog/medium-2/24proc/seed-3/9_supportcase6_seed-3_20260504_024308/iterated_local_search/run_4_worker_22/ils_config_11867526976771841629.prm
[INFO]:[02:47:45] Starting CPLEX solver on instance: /home/yorig/tuner/mpils-tests/instances/miplib/medium-2/supportcase6.mps with config: /scratch/yorig/mpils-results-grid-seconds-5-watchdog/medium-2/24proc/seed-3/9_supportcase6_seed-3_20260504_024308/iterated_local_search/run_4_worker_22/ils_config_11867526976771841629.prm
[INFO]:[02:47:50] CPLEX results. Gap: 55.980000, upper bound: 102597.533860, lower bound: 45160.585035
[INFO]:[02:47:50] CPLEX solver finished. Gap: 55.980000
[INFO]:[02:47:50] Starting CPLEX solver on instance: /home/yorig/tuner/mpils-tests/instances/miplib/medium-2/supportcase6.mps with config: /scratch/yorig/mpils-results-grid-seconds-5-watchdog/medium-2/24proc/seed-3/9_supportcase6_seed-3_20260504_024308/iterated_local_search/run_4_worker_22/ils_config_17782949480392390441.prm
[INFO]:[02:47:50] Starting CPLEX solver on instance: /home/yorig/tuner/mpils-tests/instances/miplib/medium-2/supportcase6.mps with config: /scratch/yorig/mpils-results-grid-seconds-5-watchdog/medium-2/24proc/seed-3/9_supportcase6_seed-3_20260504_024308/iterated_local_search/run_4_worker_22/ils_config_17782949480392390441.prm
[INFO]:[02:47:55] CPLEX results. Gap: 100.000000, upper bound: 102597.533860, lower bound: 0.000000
[INFO]:[02:47:55] CPLEX solver finished. Gap: 100.000000
[INFO]:[02:47:55] Starting CPLEX solver on instance: /home/yorig/tuner/mpils-tests/instances/miplib/medium-2/supportcase6.mps with config: /scratch/yorig/mpils-results-grid-seconds-5-watchdog/medium-2/24proc/seed-3/9_supportcase6_seed-3_20260504_024308/iterated_local_search/run_4_worker_22/ils_config_14305550772763016644.prm
[INFO]:[02:47:55] Starting CPLEX solver on instance: /home/yorig/tuner/mpils-tests/instances/miplib/medium-2/supportcase6.mps with config: /scratch/yorig/mpils-results-grid-seconds-5-watchdog/medium-2/24proc/seed-3/9_supportcase6_seed-3_20260504_024308/iterated_local_search/run_4_worker_22/ils_config_14305550772763016644.prm
[INFO]:[02:48:01] CPLEX results. Gap: 56.050000, upper bound: 102597.533860, lower bound: 45090.732163
[INFO]:[02:48:01] CPLEX solver finished. Gap: 56.050000
[INFO]:[02:48:01] Starting CPLEX solver on instance: /home/yorig/tuner/mpils-tests/instances/miplib/medium-2/supportcase6.mps with config: /scratch/yorig/mpils-results-grid-seconds-5-watchdog/medium-2/24proc/seed-3/9_supportcase6_seed-3_20260504_024308/iterated_local_search/run_4_worker_22/ils_config_9651843657259844252.prm
[INFO]:[02:48:01] Starting CPLEX solver on instance: /home/yorig/tuner/mpils-tests/instances/miplib/medium-2/supportcase6.mps with config: /scratch/yorig/mpils-results-grid-seconds-5-watchdog/medium-2/24proc/seed-3/9_supportcase6_seed-3_20260504_024308/iterated_local_search/run_4_worker_22/ils_config_9651843657259844252.prm
[INFO]:[02:48:06] CPLEX results. Gap: 56.050000, upper bound: 102597.533860, lower bound: 45090.732163
[INFO]:[02:48:06] CPLEX solver finished. Gap: 56.050000
[INFO]:[02:48:06] Starting CPLEX solver on instance: /home/yorig/tuner/mpils-tests/instances/miplib/medium-2/supportcase6.mps with config: /scratch/yorig/mpils-results-grid-seconds-5-watchdog/medium-2/24proc/seed-3/9_supportcase6_seed-3_20260504_024308/iterated_local_search/run_4_worker_22/ils_config_11868937507290854903.prm
[INFO]:[02:48:06] Starting CPLEX solver on instance: /home/yorig/tuner/mpils-tests/instances/miplib/medium-2/supportcase6.mps with config: /scratch/yorig/mpils-results-grid-seconds-5-watchdog/medium-2/24proc/seed-3/9_supportcase6_seed-3_20260504_024308/iterated_local_search/run_4_worker_22/ils_config_11868937507290854903.prm
[INFO]:[02:48:11] CPLEX results. Gap: 55.980000, upper bound: 102597.533860, lower bound: 45160.585035
[INFO]:[02:48:11] CPLEX solver finished. Gap: 55.980000
[INFO]:[02:48:11] Starting CPLEX solver on instance: /home/yorig/tuner/mpils-tests/instances/miplib/medium-2/supportcase6.mps with config: /scratch/yorig/mpils-results-grid-seconds-5-watchdog/medium-2/24proc/seed-3/9_supportcase6_seed-3_20260504_024308/iterated_local_search/run_4_worker_22/ils_config_11203325848205924243.prm
[INFO]:[02:48:11] Starting CPLEX solver on instance: /home/yorig/tuner/mpils-tests/instances/miplib/medium-2/supportcase6.mps with config: /scratch/yorig/mpils-results-grid-seconds-5-watchdog/medium-2/24proc/seed-3/9_supportcase6_seed-3_20260504_024308/iterated_local_search/run_4_worker_22/ils_config_11203325848205924243.prm
[INFO]:[02:48:16] CPLEX results. Gap: 56.050000, upper bound: 102597.533860, lower bound: 45090.732163
[INFO]:[02:48:16] CPLEX solver finished. Gap: 56.050000
[INFO]:[02:48:16] Starting CPLEX solver on instance: /home/yorig/tuner/mpils-tests/instances/miplib/medium-2/supportcase6.mps with config: /scratch/yorig/mpils-results-grid-seconds-5-watchdog/medium-2/24proc/seed-3/9_supportcase6_seed-3_20260504_024308/iterated_local_search/run_4_worker_22/ils_config_2988216177506353869.prm
[INFO]:[02:48:16] Starting CPLEX solver on instance: /home/yorig/tuner/mpils-tests/instances/miplib/medium-2/supportcase6.mps with config: /scratch/yorig/mpils-results-grid-seconds-5-watchdog/medium-2/24proc/seed-3/9_supportcase6_seed-3_20260504_024308/iterated_local_search/run_4_worker_22/ils_config_2988216177506353869.prm
[INFO]:[02:48:22] CPLEX results. Gap: 56.050000, upper bound: 102597.533860, lower bound: 45090.732163
[INFO]:[02:48:22] CPLEX solver finished. Gap: 56.050000
[INFO]:[02:48:22] Starting CPLEX solver on instance: /home/yorig/tuner/mpils-tests/instances/miplib/medium-2/supportcase6.mps with config: /scratch/yorig/mpils-results-grid-seconds-5-watchdog/medium-2/24proc/seed-3/9_supportcase6_seed-3_20260504_024308/iterated_local_search/run_4_worker_22/ils_config_17483738349533466402.prm
[INFO]:[02:48:22] Starting CPLEX solver on instance: /home/yorig/tuner/mpils-tests/instances/miplib/medium-2/supportcase6.mps with config: /scratch/yorig/mpils-results-grid-seconds-5-watchdog/medium-2/24proc/seed-3/9_supportcase6_seed-3_20260504_024308/iterated_local_search/run_4_worker_22/ils_config_17483738349533466402.prm
[INFO]:[02:48:27] CPLEX results. Gap: 100.000000, upper bound: 102597.533860, lower bound: 0.000000
[INFO]:[02:48:27] CPLEX solver finished. Gap: 100.000000
[INFO]:[02:48:27] Starting CPLEX solver on instance: /home/yorig/tuner/mpils-tests/instances/miplib/medium-2/supportcase6.mps with config: /scratch/yorig/mpils-results-grid-seconds-5-watchdog/medium-2/24proc/seed-3/9_supportcase6_seed-3_20260504_024308/iterated_local_search/run_4_worker_22/ils_config_4961600882862393490.prm
[INFO]:[02:48:27] Starting CPLEX solver on instance: /home/yorig/tuner/mpils-tests/instances/miplib/medium-2/supportcase6.mps with config: /scratch/yorig/mpils-results-grid-seconds-5-watchdog/medium-2/24proc/seed-3/9_supportcase6_seed-3_20260504_024308/iterated_local_search/run_4_worker_22/ils_config_4961600882862393490.prm
[INFO]:[02:48:32] CPLEX results. Gap: 55.980000, upper bound: 102597.533860, lower bound: 45160.585035
[INFO]:[02:48:32] CPLEX solver finished. Gap: 55.980000
[INFO]:[02:48:32] Starting CPLEX solver on instance: /home/yorig/tuner/mpils-tests/instances/miplib/medium-2/supportcase6.mps with config: /scratch/yorig/mpils-results-grid-seconds-5-watchdog/medium-2/24proc/seed-3/9_supportcase6_seed-3_20260504_024308/iterated_local_search/run_4_worker_22/ils_config_7141009940011901420.prm
[INFO]:[02:48:32] Starting CPLEX solver on instance: /home/yorig/tuner/mpils-tests/instances/miplib/medium-2/supportcase6.mps with config: /scratch/yorig/mpils-results-grid-seconds-5-watchdog/medium-2/24proc/seed-3/9_supportcase6_seed-3_20260504_024308/iterated_local_search/run_4_worker_22/ils_config_7141009940011901420.prm
[INFO]:[02:48:37] CPLEX results. Gap: 55.980000, upper bound: 102597.533860, lower bound: 45160.585035
[INFO]:[02:48:37] CPLEX solver finished. Gap: 55.980000
[INFO]:[02:48:37] Starting CPLEX solver on instance: /home/yorig/tuner/mpils-tests/instances/miplib/medium-2/supportcase6.mps with config: /scratch/yorig/mpils-results-grid-seconds-5-watchdog/medium-2/24proc/seed-3/9_supportcase6_seed-3_20260504_024308/iterated_local_search/run_4_worker_22/ils_config_6088822555852594922.prm
[INFO]:[02:48:37] Starting CPLEX solver on instance: /home/yorig/tuner/mpils-tests/instances/miplib/medium-2/supportcase6.mps with config: /scratch/yorig/mpils-results-grid-seconds-5-watchdog/medium-2/24proc/seed-3/9_supportcase6_seed-3_20260504_024308/iterated_local_search/run_4_worker_22/ils_config_6088822555852594922.prm
[INFO]:[02:48:42] CPLEX results. Gap: 55.980000, upper bound: 102597.533860, lower bound: 45166.193506
[INFO]:[02:48:42] CPLEX solver finished. Gap: 55.980000
[INFO]:[02:48:42] Starting CPLEX solver on instance: /home/yorig/tuner/mpils-tests/instances/miplib/medium-2/supportcase6.mps with config: /scratch/yorig/mpils-results-grid-seconds-5-watchdog/medium-2/24proc/seed-3/9_supportcase6_seed-3_20260504_024308/iterated_local_search/run_4_worker_22/ils_config_4731836394686835478.prm
[INFO]:[02:48:42] Starting CPLEX solver on instance: /home/yorig/tuner/mpils-tests/instances/miplib/medium-2/supportcase6.mps with config: /scratch/yorig/mpils-results-grid-seconds-5-watchdog/medium-2/24proc/seed-3/9_supportcase6_seed-3_20260504_024308/iterated_local_search/run_4_worker_22/ils_config_4731836394686835478.prm
[INFO]:[02:48:48] CPLEX results. Gap: 55.980000, upper bound: 102597.533860, lower bound: 45160.585035
[INFO]:[02:48:48] CPLEX solver finished. Gap: 55.980000
[INFO]:[02:48:48] Starting CPLEX solver on instance: /home/yorig/tuner/mpils-tests/instances/miplib/medium-2/supportcase6.mps with config: /scratch/yorig/mpils-results-grid-seconds-5-watchdog/medium-2/24proc/seed-3/9_supportcase6_seed-3_20260504_024308/iterated_local_search/run_4_worker_22/ils_config_9067744653696622890.prm
[INFO]:[02:48:48] Starting CPLEX solver on instance: /home/yorig/tuner/mpils-tests/instances/miplib/medium-2/supportcase6.mps with config: /scratch/yorig/mpils-results-grid-seconds-5-watchdog/medium-2/24proc/seed-3/9_supportcase6_seed-3_20260504_024308/iterated_local_search/run_4_worker_22/ils_config_9067744653696622890.prm
[INFO]:[02:48:53] CPLEX results. Gap: 100.000000, upper bound: 102597.533860, lower bound: 0.000000
[INFO]:[02:48:53] CPLEX solver finished. Gap: 100.000000
[INFO]:[02:48:53] Starting CPLEX solver on instance: /home/yorig/tuner/mpils-tests/instances/miplib/medium-2/supportcase6.mps with config: /scratch/yorig/mpils-results-grid-seconds-5-watchdog/medium-2/24proc/seed-3/9_supportcase6_seed-3_20260504_024308/iterated_local_search/run_4_worker_22/ils_config_611767502579879518.prm
[INFO]:[02:48:53] Starting CPLEX solver on instance: /home/yorig/tuner/mpils-tests/instances/miplib/medium-2/supportcase6.mps with config: /scratch/yorig/mpils-results-grid-seconds-5-watchdog/medium-2/24proc/seed-3/9_supportcase6_seed-3_20260504_024308/iterated_local_search/run_4_worker_22/ils_config_611767502579879518.prm
[INFO]:[02:48:58] CPLEX results. Gap: 55.980000, upper bound: 102597.533860, lower bound: 45166.084121
[INFO]:[02:48:58] CPLEX solver finished. Gap: 55.980000
[INFO]:[02:48:58] Starting CPLEX solver on instance: /home/yorig/tuner/mpils-tests/instances/miplib/medium-2/supportcase6.mps with config: /scratch/yorig/mpils-results-grid-seconds-5-watchdog/medium-2/24proc/seed-3/9_supportcase6_seed-3_20260504_024308/iterated_local_search/run_4_worker_22/ils_config_17018860416234915947.prm
[INFO]:[02:48:58] Starting CPLEX solver on instance: /home/yorig/tuner/mpils-tests/instances/miplib/medium-2/supportcase6.mps with config: /scratch/yorig/mpils-results-grid-seconds-5-watchdog/medium-2/24proc/seed-3/9_supportcase6_seed-3_20260504_024308/iterated_local_search/run_4_worker_22/ils_config_17018860416234915947.prm
[INFO]:[02:49:03] CPLEX results. Gap: 56.050000, upper bound: 102597.533860, lower bound: 45090.732163
[INFO]:[02:49:03] CPLEX solver finished. Gap: 56.050000
[INFO]:[02:49:03] Starting CPLEX solver on instance: /home/yorig/tuner/mpils-tests/instances/miplib/medium-2/supportcase6.mps with config: /scratch/yorig/mpils-results-grid-seconds-5-watchdog/medium-2/24proc/seed-3/9_supportcase6_seed-3_20260504_024308/iterated_local_search/run_4_worker_22/ils_config_16753447841946349528.prm
[INFO]:[02:49:03] Starting CPLEX solver on instance: /home/yorig/tuner/mpils-tests/instances/miplib/medium-2/supportcase6.mps with config: /scratch/yorig/mpils-results-grid-seconds-5-watchdog/medium-2/24proc/seed-3/9_supportcase6_seed-3_20260504_024308/iterated_local_search/run_4_worker_22/ils_config_16753447841946349528.prm
[INFO]:[02:49:09] CPLEX results. Gap: 55.980000, upper bound: 102597.533860, lower bound: 45160.585035
[INFO]:[02:49:09] CPLEX solver finished. Gap: 55.980000
[INFO]:[02:49:09] Starting CPLEX solver on instance: /home/yorig/tuner/mpils-tests/instances/miplib/medium-2/supportcase6.mps with config: /scratch/yorig/mpils-results-grid-seconds-5-watchdog/medium-2/24proc/seed-3/9_supportcase6_seed-3_20260504_024308/iterated_local_search/run_4_worker_22/ils_config_13351598677045896874.prm
[INFO]:[02:49:09] Starting CPLEX solver on instance: /home/yorig/tuner/mpils-tests/instances/miplib/medium-2/supportcase6.mps with config: /scratch/yorig/mpils-results-grid-seconds-5-watchdog/medium-2/24proc/seed-3/9_supportcase6_seed-3_20260504_024308/iterated_local_search/run_4_worker_22/ils_config_13351598677045896874.prm
[INFO]:[02:49:14] CPLEX results. Gap: 55.980000, upper bound: 102597.533860, lower bound: 45160.585035
[INFO]:[02:49:14] CPLEX solver finished. Gap: 55.980000
[INFO]:[02:49:14] Local search phase completed.
[INFO]:[02:49:14] Total number of new local-search evaluations: 21
[INFO]:[02:49:14] Final incumbent objective value: 55.98
[INFO]:[02:49:14] Worker 22 completed exploration phase.
[INFO]:[02:49:14] Worker 22 received order for step 2.
[INFO]:[02:49:14] Worker 22 running expansion phase for iteration 4.
[INFO]:[02:49:14] Worker 22 will use solver log file: /scratch/yorig/mpils-results-grid-seconds-5-watchdog/medium-2/24proc/seed-3/9_supportcase6_seed-3_20260504_024308/solver/cplex.log_iteration_expansion_4_worker_22
[INFO]:[02:49:14] Expansion Worker 22 starting expansion for iteration 4.
[INFO]:[02:49:14] Starting CPLEX solver on instance: /home/yorig/tuner/mpils-tests/instances/miplib/medium-2/supportcase6.mps with config: /scratch/yorig/mpils-results-grid-seconds-5-watchdog/medium-2/24proc/seed-3/9_supportcase6_seed-3_20260504_024308/expansion/config_param_CPXPARAM_Preprocessing_Relax_0_iter_4.prm
[INFO]:[02:49:20] CPLEX results. Gap: 12.990000, upper bound: 51981.476667, lower bound: 45228.372911
[INFO]:[02:49:20] CPLEX solver finished. Gap: 12.990000
[INFO]:[02:49:25] Expansion Worker 22 completed expansion.
[INFO]:[02:49:25] Worker 22 completed expansion phase.
[INFO]:[02:49:26] Worker 22 received order for step 1.
[INFO]:[02:49:26] Worker 22 running exploration phase for iteration 5.
[INFO]:[02:49:26] Worker 22 at iteration 5 will not use a MIP start file. Current best MIP-start upper bound threshold is 1.79769e+308.
[INFO]:[02:49:26] Starting local search phase...
[INFO]:[02:49:26] Creating local search space from parameter space file: /scratch/yorig/mpils-results-grid-seconds-5-watchdog/medium-2/24proc/seed-3/9_supportcase6_seed-3_20260504_024308/iterated_local_search/search_space/search_space_file_5_worker_22.txt
[INFO]:[02:49:26] Local search space loaded from file: /scratch/yorig/mpils-results-grid-seconds-5-watchdog/medium-2/24proc/seed-3/9_supportcase6_seed-3_20260504_024308/iterated_local_search/search_space/search_space_file_5_worker_22.txt
[INFO]:[02:49:26] Number of parameters in local search space: 71
[INFO]:[02:49:26] Number of forbidden tuples in local search space: 25
[INFO]:[02:49:26] Number of conditionals in local search space: 6
[INFO]:[02:49:26] MIP start option not enabled. Local search will proceed without MIP start.
[INFO]:[02:49:26] Evaluating initial configuration for local search phase...
[INFO]:[02:49:26] Starting CPLEX solver on instance: /home/yorig/tuner/mpils-tests/instances/miplib/medium-2/supportcase6.mps with config: /scratch/yorig/mpils-results-grid-seconds-5-watchdog/medium-2/24proc/seed-3/9_supportcase6_seed-3_20260504_024308/iterated_local_search/run_5_worker_22/ils_config_8680307086745477336.prm
[INFO]:[02:49:26] Starting CPLEX solver on instance: /home/yorig/tuner/mpils-tests/instances/miplib/medium-2/supportcase6.mps with config: /scratch/yorig/mpils-results-grid-seconds-5-watchdog/medium-2/24proc/seed-3/9_supportcase6_seed-3_20260504_024308/iterated_local_search/run_5_worker_22/ils_config_8680307086745477336.prm
[INFO]:[02:49:31] CPLEX results. Gap: 100.000000, upper bound: 112697.744049, lower bound: 0.000000
[INFO]:[02:49:31] CPLEX solver finished. Gap: 100.000000
[INFO]:[02:49:31] Initial configuration evaluated with objective value: 100
[INFO]:[02:49:31] Starting CPLEX solver on instance: /home/yorig/tuner/mpils-tests/instances/miplib/medium-2/supportcase6.mps with config: /scratch/yorig/mpils-results-grid-seconds-5-watchdog/medium-2/24proc/seed-3/9_supportcase6_seed-3_20260504_024308/iterated_local_search/run_5_worker_22/ils_config_5144851626394177026.prm
[INFO]:[02:49:31] Starting CPLEX solver on instance: /home/yorig/tuner/mpils-tests/instances/miplib/medium-2/supportcase6.mps with config: /scratch/yorig/mpils-results-grid-seconds-5-watchdog/medium-2/24proc/seed-3/9_supportcase6_seed-3_20260504_024308/iterated_local_search/run_5_worker_22/ils_config_5144851626394177026.prm
[INFO]:[02:49:36] CPLEX results. Gap: 100.000000, upper bound: 112697.744049, lower bound: 0.000000
[INFO]:[02:49:36] CPLEX solver finished. Gap: 100.000000
[INFO]:[02:49:36] Starting CPLEX solver on instance: /home/yorig/tuner/mpils-tests/instances/miplib/medium-2/supportcase6.mps with config: /scratch/yorig/mpils-results-grid-seconds-5-watchdog/medium-2/24proc/seed-3/9_supportcase6_seed-3_20260504_024308/iterated_local_search/run_5_worker_22/ils_config_6032293936138549317.prm
[INFO]:[02:49:36] Starting CPLEX solver on instance: /home/yorig/tuner/mpils-tests/instances/miplib/medium-2/supportcase6.mps with config: /scratch/yorig/mpils-results-grid-seconds-5-watchdog/medium-2/24proc/seed-3/9_supportcase6_seed-3_20260504_024308/iterated_local_search/run_5_worker_22/ils_config_6032293936138549317.prm
[INFO]:[02:49:42] CPLEX results. Gap: 100.000000, upper bound: 112697.744049, lower bound: 0.000000
[INFO]:[02:49:42] CPLEX solver finished. Gap: 100.000000
[INFO]:[02:49:42] Starting CPLEX solver on instance: /home/yorig/tuner/mpils-tests/instances/miplib/medium-2/supportcase6.mps with config: /scratch/yorig/mpils-results-grid-seconds-5-watchdog/medium-2/24proc/seed-3/9_supportcase6_seed-3_20260504_024308/iterated_local_search/run_5_worker_22/ils_config_15287584858127778914.prm
[INFO]:[02:49:42] Starting CPLEX solver on instance: /home/yorig/tuner/mpils-tests/instances/miplib/medium-2/supportcase6.mps with config: /scratch/yorig/mpils-results-grid-seconds-5-watchdog/medium-2/24proc/seed-3/9_supportcase6_seed-3_20260504_024308/iterated_local_search/run_5_worker_22/ils_config_15287584858127778914.prm
[INFO]:[02:49:47] CPLEX results. Gap: 100.000000, upper bound: 112697.744049, lower bound: 0.000000
[INFO]:[02:49:47] CPLEX solver finished. Gap: 100.000000
[INFO]:[02:49:47] Starting CPLEX solver on instance: /home/yorig/tuner/mpils-tests/instances/miplib/medium-2/supportcase6.mps with config: /scratch/yorig/mpils-results-grid-seconds-5-watchdog/medium-2/24proc/seed-3/9_supportcase6_seed-3_20260504_024308/iterated_local_search/run_5_worker_22/ils_config_1860251075968179091.prm
[INFO]:[02:49:47] Starting CPLEX solver on instance: /home/yorig/tuner/mpils-tests/instances/miplib/medium-2/supportcase6.mps with config: /scratch/yorig/mpils-results-grid-seconds-5-watchdog/medium-2/24proc/seed-3/9_supportcase6_seed-3_20260504_024308/iterated_local_search/run_5_worker_22/ils_config_1860251075968179091.prm
[INFO]:[02:49:52] CPLEX results. Gap: 100.000000, upper bound: 112697.744049, lower bound: 0.000000
[INFO]:[02:49:52] CPLEX solver finished. Gap: 100.000000
[INFO]:[02:49:52] Starting CPLEX solver on instance: /home/yorig/tuner/mpils-tests/instances/miplib/medium-2/supportcase6.mps with config: /scratch/yorig/mpils-results-grid-seconds-5-watchdog/medium-2/24proc/seed-3/9_supportcase6_seed-3_20260504_024308/iterated_local_search/run_5_worker_22/ils_config_17584348372675882590.prm
[INFO]:[02:49:52] Starting CPLEX solver on instance: /home/yorig/tuner/mpils-tests/instances/miplib/medium-2/supportcase6.mps with config: /scratch/yorig/mpils-results-grid-seconds-5-watchdog/medium-2/24proc/seed-3/9_supportcase6_seed-3_20260504_024308/iterated_local_search/run_5_worker_22/ils_config_17584348372675882590.prm
[INFO]:[02:49:57] CPLEX results. Gap: 100.000000, upper bound: 112697.744049, lower bound: 0.000000
[INFO]:[02:49:57] CPLEX solver finished. Gap: 100.000000
[INFO]:[02:49:57] Starting CPLEX solver on instance: /home/yorig/tuner/mpils-tests/instances/miplib/medium-2/supportcase6.mps with config: /scratch/yorig/mpils-results-grid-seconds-5-watchdog/medium-2/24proc/seed-3/9_supportcase6_seed-3_20260504_024308/iterated_local_search/run_5_worker_22/ils_config_15918949274544592926.prm
[INFO]:[02:49:57] Starting CPLEX solver on instance: /home/yorig/tuner/mpils-tests/instances/miplib/medium-2/supportcase6.mps with config: /scratch/yorig/mpils-results-grid-seconds-5-watchdog/medium-2/24proc/seed-3/9_supportcase6_seed-3_20260504_024308/iterated_local_search/run_5_worker_22/ils_config_15918949274544592926.prm
[INFO]:[02:50:02] CPLEX results. Gap: 100.000000, upper bound: 112697.744049, lower bound: 0.000000
[INFO]:[02:50:02] CPLEX solver finished. Gap: 100.000000
[INFO]:[02:50:02] Starting CPLEX solver on instance: /home/yorig/tuner/mpils-tests/instances/miplib/medium-2/supportcase6.mps with config: /scratch/yorig/mpils-results-grid-seconds-5-watchdog/medium-2/24proc/seed-3/9_supportcase6_seed-3_20260504_024308/iterated_local_search/run_5_worker_22/ils_config_5439296399776552462.prm
[INFO]:[02:50:02] Starting CPLEX solver on instance: /home/yorig/tuner/mpils-tests/instances/miplib/medium-2/supportcase6.mps with config: /scratch/yorig/mpils-results-grid-seconds-5-watchdog/medium-2/24proc/seed-3/9_supportcase6_seed-3_20260504_024308/iterated_local_search/run_5_worker_22/ils_config_5439296399776552462.prm
[INFO]:[02:50:08] CPLEX results. Gap: 100.000000, upper bound: 112697.744049, lower bound: 0.000000
[INFO]:[02:50:08] CPLEX solver finished. Gap: 100.000000
[INFO]:[02:50:08] Starting CPLEX solver on instance: /home/yorig/tuner/mpils-tests/instances/miplib/medium-2/supportcase6.mps with config: /scratch/yorig/mpils-results-grid-seconds-5-watchdog/medium-2/24proc/seed-3/9_supportcase6_seed-3_20260504_024308/iterated_local_search/run_5_worker_22/ils_config_14981483047458240815.prm
[INFO]:[02:50:08] Starting CPLEX solver on instance: /home/yorig/tuner/mpils-tests/instances/miplib/medium-2/supportcase6.mps with config: /scratch/yorig/mpils-results-grid-seconds-5-watchdog/medium-2/24proc/seed-3/9_supportcase6_seed-3_20260504_024308/iterated_local_search/run_5_worker_22/ils_config_14981483047458240815.prm
[INFO]:[02:50:13] CPLEX results. Gap: 100.000000, upper bound: 112697.744049, lower bound: 0.000000
[INFO]:[02:50:13] CPLEX solver finished. Gap: 100.000000
[INFO]:[02:50:13] Starting CPLEX solver on instance: /home/yorig/tuner/mpils-tests/instances/miplib/medium-2/supportcase6.mps with config: /scratch/yorig/mpils-results-grid-seconds-5-watchdog/medium-2/24proc/seed-3/9_supportcase6_seed-3_20260504_024308/iterated_local_search/run_5_worker_22/ils_config_10306263529741615987.prm
[INFO]:[02:50:13] Starting CPLEX solver on instance: /home/yorig/tuner/mpils-tests/instances/miplib/medium-2/supportcase6.mps with config: /scratch/yorig/mpils-results-grid-seconds-5-watchdog/medium-2/24proc/seed-3/9_supportcase6_seed-3_20260504_024308/iterated_local_search/run_5_worker_22/ils_config_10306263529741615987.prm
[INFO]:[02:50:18] CPLEX results. Gap: 100.000000, upper bound: 112697.744049, lower bound: 0.000000
[INFO]:[02:50:18] CPLEX solver finished. Gap: 100.000000
[INFO]:[02:50:18] Starting CPLEX solver on instance: /home/yorig/tuner/mpils-tests/instances/miplib/medium-2/supportcase6.mps with config: /scratch/yorig/mpils-results-grid-seconds-5-watchdog/medium-2/24proc/seed-3/9_supportcase6_seed-3_20260504_024308/iterated_local_search/run_5_worker_22/ils_config_3368757491491290012.prm
[INFO]:[02:50:18] Starting CPLEX solver on instance: /home/yorig/tuner/mpils-tests/instances/miplib/medium-2/supportcase6.mps with config: /scratch/yorig/mpils-results-grid-seconds-5-watchdog/medium-2/24proc/seed-3/9_supportcase6_seed-3_20260504_024308/iterated_local_search/run_5_worker_22/ils_config_3368757491491290012.prm
[INFO]:[02:50:23] CPLEX results. Gap: 100.000000, upper bound: 112697.744049, lower bound: 0.000000
[INFO]:[02:50:23] CPLEX solver finished. Gap: 100.000000
[INFO]:[02:50:23] Starting CPLEX solver on instance: /home/yorig/tuner/mpils-tests/instances/miplib/medium-2/supportcase6.mps with config: /scratch/yorig/mpils-results-grid-seconds-5-watchdog/medium-2/24proc/seed-3/9_supportcase6_seed-3_20260504_024308/iterated_local_search/run_5_worker_22/ils_config_13422938331173924784.prm
[INFO]:[02:50:23] Starting CPLEX solver on instance: /home/yorig/tuner/mpils-tests/instances/miplib/medium-2/supportcase6.mps with config: /scratch/yorig/mpils-results-grid-seconds-5-watchdog/medium-2/24proc/seed-3/9_supportcase6_seed-3_20260504_024308/iterated_local_search/run_5_worker_22/ils_config_13422938331173924784.prm
[INFO]:[02:50:29] CPLEX results. Gap: 100.000000, upper bound: 112697.744049, lower bound: 0.000000
[INFO]:[02:50:29] CPLEX solver finished. Gap: 100.000000
[INFO]:[02:50:29] Starting CPLEX solver on instance: /home/yorig/tuner/mpils-tests/instances/miplib/medium-2/supportcase6.mps with config: /scratch/yorig/mpils-results-grid-seconds-5-watchdog/medium-2/24proc/seed-3/9_supportcase6_seed-3_20260504_024308/iterated_local_search/run_5_worker_22/ils_config_1192579029526277387.prm
[INFO]:[02:50:29] Starting CPLEX solver on instance: /home/yorig/tuner/mpils-tests/instances/miplib/medium-2/supportcase6.mps with config: /scratch/yorig/mpils-results-grid-seconds-5-watchdog/medium-2/24proc/seed-3/9_supportcase6_seed-3_20260504_024308/iterated_local_search/run_5_worker_22/ils_config_1192579029526277387.prm
[INFO]:[02:50:34] CPLEX results. Gap: 100.000000, upper bound: 112697.744049, lower bound: 0.000000
[INFO]:[02:50:34] CPLEX solver finished. Gap: 100.000000
[INFO]:[02:50:34] Starting CPLEX solver on instance: /home/yorig/tuner/mpils-tests/instances/miplib/medium-2/supportcase6.mps with config: /scratch/yorig/mpils-results-grid-seconds-5-watchdog/medium-2/24proc/seed-3/9_supportcase6_seed-3_20260504_024308/iterated_local_search/run_5_worker_22/ils_config_10419301395235996071.prm
[INFO]:[02:50:34] Starting CPLEX solver on instance: /home/yorig/tuner/mpils-tests/instances/miplib/medium-2/supportcase6.mps with config: /scratch/yorig/mpils-results-grid-seconds-5-watchdog/medium-2/24proc/seed-3/9_supportcase6_seed-3_20260504_024308/iterated_local_search/run_5_worker_22/ils_config_10419301395235996071.prm
[INFO]:[02:50:39] CPLEX results. Gap: 100.000000, upper bound: 102597.533860, lower bound: 0.000000
[INFO]:[02:50:39] CPLEX solver finished. Gap: 100.000000
[INFO]:[02:50:39] Starting CPLEX solver on instance: /home/yorig/tuner/mpils-tests/instances/miplib/medium-2/supportcase6.mps with config: /scratch/yorig/mpils-results-grid-seconds-5-watchdog/medium-2/24proc/seed-3/9_supportcase6_seed-3_20260504_024308/iterated_local_search/run_5_worker_22/ils_config_1115086863030573404.prm
[INFO]:[02:50:39] Starting CPLEX solver on instance: /home/yorig/tuner/mpils-tests/instances/miplib/medium-2/supportcase6.mps with config: /scratch/yorig/mpils-results-grid-seconds-5-watchdog/medium-2/24proc/seed-3/9_supportcase6_seed-3_20260504_024308/iterated_local_search/run_5_worker_22/ils_config_1115086863030573404.prm
[INFO]:[02:50:44] CPLEX results. Gap: 100.000000, upper bound: 112697.744049, lower bound: 0.000000
[INFO]:[02:50:44] CPLEX solver finished. Gap: 100.000000
[INFO]:[02:50:44] Starting CPLEX solver on instance: /home/yorig/tuner/mpils-tests/instances/miplib/medium-2/supportcase6.mps with config: /scratch/yorig/mpils-results-grid-seconds-5-watchdog/medium-2/24proc/seed-3/9_supportcase6_seed-3_20260504_024308/iterated_local_search/run_5_worker_22/ils_config_10517777325338788883.prm
[INFO]:[02:50:44] Starting CPLEX solver on instance: /home/yorig/tuner/mpils-tests/instances/miplib/medium-2/supportcase6.mps with config: /scratch/yorig/mpils-results-grid-seconds-5-watchdog/medium-2/24proc/seed-3/9_supportcase6_seed-3_20260504_024308/iterated_local_search/run_5_worker_22/ils_config_10517777325338788883.prm
[INFO]:[02:50:49] CPLEX results. Gap: 100.000000, upper bound: 112697.744049, lower bound: 0.000000
[INFO]:[02:50:49] CPLEX solver finished. Gap: 100.000000
[INFO]:[02:50:49] Starting CPLEX solver on instance: /home/yorig/tuner/mpils-tests/instances/miplib/medium-2/supportcase6.mps with config: /scratch/yorig/mpils-results-grid-seconds-5-watchdog/medium-2/24proc/seed-3/9_supportcase6_seed-3_20260504_024308/iterated_local_search/run_5_worker_22/ils_config_5563140602244349922.prm
[INFO]:[02:50:49] Starting CPLEX solver on instance: /home/yorig/tuner/mpils-tests/instances/miplib/medium-2/supportcase6.mps with config: /scratch/yorig/mpils-results-grid-seconds-5-watchdog/medium-2/24proc/seed-3/9_supportcase6_seed-3_20260504_024308/iterated_local_search/run_5_worker_22/ils_config_5563140602244349922.prm
[INFO]:[02:50:55] CPLEX results. Gap: 100.000000, upper bound: 112697.744049, lower bound: 0.000000
[INFO]:[02:50:55] CPLEX solver finished. Gap: 100.000000
[INFO]:[02:50:55] Starting CPLEX solver on instance: /home/yorig/tuner/mpils-tests/instances/miplib/medium-2/supportcase6.mps with config: /scratch/yorig/mpils-results-grid-seconds-5-watchdog/medium-2/24proc/seed-3/9_supportcase6_seed-3_20260504_024308/iterated_local_search/run_5_worker_22/ils_config_18226937854520899323.prm
[INFO]:[02:50:55] Starting CPLEX solver on instance: /home/yorig/tuner/mpils-tests/instances/miplib/medium-2/supportcase6.mps with config: /scratch/yorig/mpils-results-grid-seconds-5-watchdog/medium-2/24proc/seed-3/9_supportcase6_seed-3_20260504_024308/iterated_local_search/run_5_worker_22/ils_config_18226937854520899323.prm
[INFO]:[02:51:00] CPLEX results. Gap: 100.000000, upper bound: 112697.744049, lower bound: 0.000000
[INFO]:[02:51:00] CPLEX solver finished. Gap: 100.000000
[INFO]:[02:51:00] Starting CPLEX solver on instance: /home/yorig/tuner/mpils-tests/instances/miplib/medium-2/supportcase6.mps with config: /scratch/yorig/mpils-results-grid-seconds-5-watchdog/medium-2/24proc/seed-3/9_supportcase6_seed-3_20260504_024308/iterated_local_search/run_5_worker_22/ils_config_17786000765186581360.prm
[INFO]:[02:51:00] Starting CPLEX solver on instance: /home/yorig/tuner/mpils-tests/instances/miplib/medium-2/supportcase6.mps with config: /scratch/yorig/mpils-results-grid-seconds-5-watchdog/medium-2/24proc/seed-3/9_supportcase6_seed-3_20260504_024308/iterated_local_search/run_5_worker_22/ils_config_17786000765186581360.prm
[INFO]:[02:51:05] CPLEX results. Gap: 100.000000, upper bound: 112697.744049, lower bound: 0.000000
[INFO]:[02:51:05] CPLEX solver finished. Gap: 100.000000
[INFO]:[02:51:05] Starting CPLEX solver on instance: /home/yorig/tuner/mpils-tests/instances/miplib/medium-2/supportcase6.mps with config: /scratch/yorig/mpils-results-grid-seconds-5-watchdog/medium-2/24proc/seed-3/9_supportcase6_seed-3_20260504_024308/iterated_local_search/run_5_worker_22/ils_config_7866269778041934482.prm
[INFO]:[02:51:05] Starting CPLEX solver on instance: /home/yorig/tuner/mpils-tests/instances/miplib/medium-2/supportcase6.mps with config: /scratch/yorig/mpils-results-grid-seconds-5-watchdog/medium-2/24proc/seed-3/9_supportcase6_seed-3_20260504_024308/iterated_local_search/run_5_worker_22/ils_config_7866269778041934482.prm
[INFO]:[02:51:10] CPLEX results. Gap: 100.000000, upper bound: 112697.744049, lower bound: 0.000000
[INFO]:[02:51:10] CPLEX solver finished. Gap: 100.000000
[INFO]:[02:51:10] Starting CPLEX solver on instance: /home/yorig/tuner/mpils-tests/instances/miplib/medium-2/supportcase6.mps with config: /scratch/yorig/mpils-results-grid-seconds-5-watchdog/medium-2/24proc/seed-3/9_supportcase6_seed-3_20260504_024308/iterated_local_search/run_5_worker_22/ils_config_7203582799134830591.prm
[INFO]:[02:51:10] Starting CPLEX solver on instance: /home/yorig/tuner/mpils-tests/instances/miplib/medium-2/supportcase6.mps with config: /scratch/yorig/mpils-results-grid-seconds-5-watchdog/medium-2/24proc/seed-3/9_supportcase6_seed-3_20260504_024308/iterated_local_search/run_5_worker_22/ils_config_7203582799134830591.prm
[INFO]:[02:51:15] CPLEX results. Gap: 100.000000, upper bound: 112697.744049, lower bound: 0.000000
[INFO]:[02:51:15] CPLEX solver finished. Gap: 100.000000
[INFO]:[02:51:15] Starting CPLEX solver on instance: /home/yorig/tuner/mpils-tests/instances/miplib/medium-2/supportcase6.mps with config: /scratch/yorig/mpils-results-grid-seconds-5-watchdog/medium-2/24proc/seed-3/9_supportcase6_seed-3_20260504_024308/iterated_local_search/run_5_worker_22/ils_config_13374099710989480278.prm
[INFO]:[02:51:15] Starting CPLEX solver on instance: /home/yorig/tuner/mpils-tests/instances/miplib/medium-2/supportcase6.mps with config: /scratch/yorig/mpils-results-grid-seconds-5-watchdog/medium-2/24proc/seed-3/9_supportcase6_seed-3_20260504_024308/iterated_local_search/run_5_worker_22/ils_config_13374099710989480278.prm
[INFO]:[02:51:21] CPLEX results. Gap: 100.000000, upper bound: 312944.728401, lower bound: 0.000000
[INFO]:[02:51:21] CPLEX solver finished. Gap: 100.000000
[INFO]:[02:51:21] Starting CPLEX solver on instance: /home/yorig/tuner/mpils-tests/instances/miplib/medium-2/supportcase6.mps with config: /scratch/yorig/mpils-results-grid-seconds-5-watchdog/medium-2/24proc/seed-3/9_supportcase6_seed-3_20260504_024308/iterated_local_search/run_5_worker_22/ils_config_16359573464134306422.prm
[INFO]:[02:51:21] Starting CPLEX solver on instance: /home/yorig/tuner/mpils-tests/instances/miplib/medium-2/supportcase6.mps with config: /scratch/yorig/mpils-results-grid-seconds-5-watchdog/medium-2/24proc/seed-3/9_supportcase6_seed-3_20260504_024308/iterated_local_search/run_5_worker_22/ils_config_16359573464134306422.prm
[INFO]:[02:51:26] CPLEX results. Gap: 100.000000, upper bound: 112697.744049, lower bound: 0.000000
[INFO]:[02:51:26] CPLEX solver finished. Gap: 100.000000
[INFO]:[02:51:26] Starting CPLEX solver on instance: /home/yorig/tuner/mpils-tests/instances/miplib/medium-2/supportcase6.mps with config: /scratch/yorig/mpils-results-grid-seconds-5-watchdog/medium-2/24proc/seed-3/9_supportcase6_seed-3_20260504_024308/iterated_local_search/run_5_worker_22/ils_config_11885172043907836703.prm
[INFO]:[02:51:26] Starting CPLEX solver on instance: /home/yorig/tuner/mpils-tests/instances/miplib/medium-2/supportcase6.mps with config: /scratch/yorig/mpils-results-grid-seconds-5-watchdog/medium-2/24proc/seed-3/9_supportcase6_seed-3_20260504_024308/iterated_local_search/run_5_worker_22/ils_config_11885172043907836703.prm
[INFO]:[02:51:31] CPLEX results. Gap: 100.000000, upper bound: 112697.744049, lower bound: 0.000000
[INFO]:[02:51:31] CPLEX solver finished. Gap: 100.000000
[INFO]:[02:51:31] Starting CPLEX solver on instance: /home/yorig/tuner/mpils-tests/instances/miplib/medium-2/supportcase6.mps with config: /scratch/yorig/mpils-results-grid-seconds-5-watchdog/medium-2/24proc/seed-3/9_supportcase6_seed-3_20260504_024308/iterated_local_search/run_5_worker_22/ils_config_16010517900415663489.prm
[INFO]:[02:51:31] Starting CPLEX solver on instance: /home/yorig/tuner/mpils-tests/instances/miplib/medium-2/supportcase6.mps with config: /scratch/yorig/mpils-results-grid-seconds-5-watchdog/medium-2/24proc/seed-3/9_supportcase6_seed-3_20260504_024308/iterated_local_search/run_5_worker_22/ils_config_16010517900415663489.prm
[INFO]:[02:51:36] CPLEX results. Gap: 100.000000, upper bound: 312944.728401, lower bound: 0.000000
[INFO]:[02:51:36] CPLEX solver finished. Gap: 100.000000
[INFO]:[02:51:36] Starting CPLEX solver on instance: /home/yorig/tuner/mpils-tests/instances/miplib/medium-2/supportcase6.mps with config: /scratch/yorig/mpils-results-grid-seconds-5-watchdog/medium-2/24proc/seed-3/9_supportcase6_seed-3_20260504_024308/iterated_local_search/run_5_worker_22/ils_config_16900176546438352514.prm
[INFO]:[02:51:36] Starting CPLEX solver on instance: /home/yorig/tuner/mpils-tests/instances/miplib/medium-2/supportcase6.mps with config: /scratch/yorig/mpils-results-grid-seconds-5-watchdog/medium-2/24proc/seed-3/9_supportcase6_seed-3_20260504_024308/iterated_local_search/run_5_worker_22/ils_config_16900176546438352514.prm
[INFO]:[02:51:42] CPLEX results. Gap: 100.000000, upper bound: 112697.744049, lower bound: 0.000000
[INFO]:[02:51:42] CPLEX solver finished. Gap: 100.000000
[INFO]:[02:51:42] Starting CPLEX solver on instance: /home/yorig/tuner/mpils-tests/instances/miplib/medium-2/supportcase6.mps with config: /scratch/yorig/mpils-results-grid-seconds-5-watchdog/medium-2/24proc/seed-3/9_supportcase6_seed-3_20260504_024308/iterated_local_search/run_5_worker_22/ils_config_5180371474762253046.prm
[INFO]:[02:51:42] Starting CPLEX solver on instance: /home/yorig/tuner/mpils-tests/instances/miplib/medium-2/supportcase6.mps with config: /scratch/yorig/mpils-results-grid-seconds-5-watchdog/medium-2/24proc/seed-3/9_supportcase6_seed-3_20260504_024308/iterated_local_search/run_5_worker_22/ils_config_5180371474762253046.prm
[INFO]:[02:51:47] CPLEX results. Gap: 100.000000, upper bound: 112697.744049, lower bound: 0.000000
[INFO]:[02:51:47] CPLEX solver finished. Gap: 100.000000
[INFO]:[02:51:47] Starting CPLEX solver on instance: /home/yorig/tuner/mpils-tests/instances/miplib/medium-2/supportcase6.mps with config: /scratch/yorig/mpils-results-grid-seconds-5-watchdog/medium-2/24proc/seed-3/9_supportcase6_seed-3_20260504_024308/iterated_local_search/run_5_worker_22/ils_config_7337710896178186334.prm
[INFO]:[02:51:47] Starting CPLEX solver on instance: /home/yorig/tuner/mpils-tests/instances/miplib/medium-2/supportcase6.mps with config: /scratch/yorig/mpils-results-grid-seconds-5-watchdog/medium-2/24proc/seed-3/9_supportcase6_seed-3_20260504_024308/iterated_local_search/run_5_worker_22/ils_config_7337710896178186334.prm
[INFO]:[02:51:52] CPLEX results. Gap: 100.000000, upper bound: 112697.744049, lower bound: 0.000000
[INFO]:[02:51:52] CPLEX solver finished. Gap: 100.000000
[INFO]:[02:51:52] Starting CPLEX solver on instance: /home/yorig/tuner/mpils-tests/instances/miplib/medium-2/supportcase6.mps with config: /scratch/yorig/mpils-results-grid-seconds-5-watchdog/medium-2/24proc/seed-3/9_supportcase6_seed-3_20260504_024308/iterated_local_search/run_5_worker_22/ils_config_11204656609931425272.prm
[INFO]:[02:51:52] Starting CPLEX solver on instance: /home/yorig/tuner/mpils-tests/instances/miplib/medium-2/supportcase6.mps with config: /scratch/yorig/mpils-results-grid-seconds-5-watchdog/medium-2/24proc/seed-3/9_supportcase6_seed-3_20260504_024308/iterated_local_search/run_5_worker_22/ils_config_11204656609931425272.prm
[INFO]:[02:51:57] CPLEX results. Gap: 100.000000, upper bound: 112697.744049, lower bound: 0.000000
[INFO]:[02:51:57] CPLEX solver finished. Gap: 100.000000
[INFO]:[02:51:57] Starting CPLEX solver on instance: /home/yorig/tuner/mpils-tests/instances/miplib/medium-2/supportcase6.mps with config: /scratch/yorig/mpils-results-grid-seconds-5-watchdog/medium-2/24proc/seed-3/9_supportcase6_seed-3_20260504_024308/iterated_local_search/run_5_worker_22/ils_config_15576109987843814684.prm
[INFO]:[02:51:57] Starting CPLEX solver on instance: /home/yorig/tuner/mpils-tests/instances/miplib/medium-2/supportcase6.mps with config: /scratch/yorig/mpils-results-grid-seconds-5-watchdog/medium-2/24proc/seed-3/9_supportcase6_seed-3_20260504_024308/iterated_local_search/run_5_worker_22/ils_config_15576109987843814684.prm
[INFO]:[02:52:02] CPLEX results. Gap: 100.000000, upper bound: 112697.744049, lower bound: 0.000000
[INFO]:[02:52:02] CPLEX solver finished. Gap: 100.000000
[INFO]:[02:52:02] Local search phase completed.
[INFO]:[02:52:02] Total number of new local-search evaluations: 30
[INFO]:[02:52:02] Final incumbent objective value: 100
[INFO]:[02:52:04] Worker 22 completed exploration phase.
[INFO]:[02:52:04] Worker 22 received order for step 2.
[INFO]:[02:52:04] Worker 22 running expansion phase for iteration 5.
[INFO]:[02:52:04] Worker 22 will use solver log file: /scratch/yorig/mpils-results-grid-seconds-5-watchdog/medium-2/24proc/seed-3/9_supportcase6_seed-3_20260504_024308/solver/cplex.log_iteration_expansion_5_worker_22
[INFO]:[02:52:04] Expansion Worker 22 starting expansion for iteration 5.
[INFO]:[02:52:04] Starting CPLEX solver on instance: /home/yorig/tuner/mpils-tests/instances/miplib/medium-2/supportcase6.mps with config: /scratch/yorig/mpils-results-grid-seconds-5-watchdog/medium-2/24proc/seed-3/9_supportcase6_seed-3_20260504_024308/expansion/config_param_CPXPARAM_Preprocessing_QPMakePSD_0_iter_5.prm
[INFO]:[02:52:09] CPLEX results. Gap: 12.990000, upper bound: 51981.476667, lower bound: 45228.372911
[INFO]:[02:52:09] CPLEX solver finished. Gap: 12.990000
[INFO]:[02:52:15] Expansion Worker 22 completed expansion.
[INFO]:[02:52:15] Worker 22 completed expansion phase.
[INFO]:[02:52:16] Worker 22 received order for step 1.
[INFO]:[02:52:16] Worker 22 running exploration phase for iteration 6.
[INFO]:[02:52:16] Worker 22 at iteration 6 will not use a MIP start file. Current best MIP-start upper bound threshold is 1.79769e+308.
[INFO]:[02:52:16] Starting local search phase...
[INFO]:[02:52:16] Creating local search space from parameter space file: /scratch/yorig/mpils-results-grid-seconds-5-watchdog/medium-2/24proc/seed-3/9_supportcase6_seed-3_20260504_024308/iterated_local_search/search_space/search_space_file_6_worker_22.txt
[INFO]:[02:52:16] Local search space loaded from file: /scratch/yorig/mpils-results-grid-seconds-5-watchdog/medium-2/24proc/seed-3/9_supportcase6_seed-3_20260504_024308/iterated_local_search/search_space/search_space_file_6_worker_22.txt
[INFO]:[02:52:16] Number of parameters in local search space: 71
[INFO]:[02:52:16] Number of forbidden tuples in local search space: 27
[INFO]:[02:52:16] Number of conditionals in local search space: 6
[INFO]:[02:52:16] MIP start option not enabled. Local search will proceed without MIP start.
[INFO]:[02:52:16] Evaluating initial configuration for local search phase...
[INFO]:[02:52:16] Starting CPLEX solver on instance: /home/yorig/tuner/mpils-tests/instances/miplib/medium-2/supportcase6.mps with config: /scratch/yorig/mpils-results-grid-seconds-5-watchdog/medium-2/24proc/seed-3/9_supportcase6_seed-3_20260504_024308/iterated_local_search/run_6_worker_22/ils_config_518543642909359686.prm
[INFO]:[02:52:16] Starting CPLEX solver on instance: /home/yorig/tuner/mpils-tests/instances/miplib/medium-2/supportcase6.mps with config: /scratch/yorig/mpils-results-grid-seconds-5-watchdog/medium-2/24proc/seed-3/9_supportcase6_seed-3_20260504_024308/iterated_local_search/run_6_worker_22/ils_config_518543642909359686.prm
[INFO]:[02:52:21] CPLEX results. Gap: 100.000000, upper bound: 312944.728401, lower bound: 0.000000
[INFO]:[02:52:21] CPLEX solver finished. Gap: 100.000000
[INFO]:[02:52:21] Initial configuration evaluated with objective value: 100
[INFO]:[02:52:22] Starting CPLEX solver on instance: /home/yorig/tuner/mpils-tests/instances/miplib/medium-2/supportcase6.mps with config: /scratch/yorig/mpils-results-grid-seconds-5-watchdog/medium-2/24proc/seed-3/9_supportcase6_seed-3_20260504_024308/iterated_local_search/run_6_worker_22/ils_config_9628109048605388887.prm
[INFO]:[02:52:22] Starting CPLEX solver on instance: /home/yorig/tuner/mpils-tests/instances/miplib/medium-2/supportcase6.mps with config: /scratch/yorig/mpils-results-grid-seconds-5-watchdog/medium-2/24proc/seed-3/9_supportcase6_seed-3_20260504_024308/iterated_local_search/run_6_worker_22/ils_config_9628109048605388887.prm
[INFO]:[02:52:27] CPLEX results. Gap: 100.000000, upper bound: 312944.728401, lower bound: 0.000000
[INFO]:[02:52:27] CPLEX solver finished. Gap: 100.000000
[INFO]:[02:52:27] Starting CPLEX solver on instance: /home/yorig/tuner/mpils-tests/instances/miplib/medium-2/supportcase6.mps with config: /scratch/yorig/mpils-results-grid-seconds-5-watchdog/medium-2/24proc/seed-3/9_supportcase6_seed-3_20260504_024308/iterated_local_search/run_6_worker_22/ils_config_416403143657522726.prm
[INFO]:[02:52:27] Starting CPLEX solver on instance: /home/yorig/tuner/mpils-tests/instances/miplib/medium-2/supportcase6.mps with config: /scratch/yorig/mpils-results-grid-seconds-5-watchdog/medium-2/24proc/seed-3/9_supportcase6_seed-3_20260504_024308/iterated_local_search/run_6_worker_22/ils_config_416403143657522726.prm
[INFO]:[02:52:32] CPLEX results. Gap: 100.000000, upper bound: 312944.728401, lower bound: 0.000000
[INFO]:[02:52:32] CPLEX solver finished. Gap: 100.000000
[INFO]:[02:52:32] Starting CPLEX solver on instance: /home/yorig/tuner/mpils-tests/instances/miplib/medium-2/supportcase6.mps with config: /scratch/yorig/mpils-results-grid-seconds-5-watchdog/medium-2/24proc/seed-3/9_supportcase6_seed-3_20260504_024308/iterated_local_search/run_6_worker_22/ils_config_3463234298628874373.prm
[INFO]:[02:52:32] Starting CPLEX solver on instance: /home/yorig/tuner/mpils-tests/instances/miplib/medium-2/supportcase6.mps with config: /scratch/yorig/mpils-results-grid-seconds-5-watchdog/medium-2/24proc/seed-3/9_supportcase6_seed-3_20260504_024308/iterated_local_search/run_6_worker_22/ils_config_3463234298628874373.prm
[INFO]:[02:52:37] CPLEX results. Gap: 100.000000, upper bound: 312944.728401, lower bound: 0.000000
[INFO]:[02:52:37] CPLEX solver finished. Gap: 100.000000
[INFO]:[02:52:37] Starting CPLEX solver on instance: /home/yorig/tuner/mpils-tests/instances/miplib/medium-2/supportcase6.mps with config: /scratch/yorig/mpils-results-grid-seconds-5-watchdog/medium-2/24proc/seed-3/9_supportcase6_seed-3_20260504_024308/iterated_local_search/run_6_worker_22/ils_config_5948824960194063962.prm
[INFO]:[02:52:37] Starting CPLEX solver on instance: /home/yorig/tuner/mpils-tests/instances/miplib/medium-2/supportcase6.mps with config: /scratch/yorig/mpils-results-grid-seconds-5-watchdog/medium-2/24proc/seed-3/9_supportcase6_seed-3_20260504_024308/iterated_local_search/run_6_worker_22/ils_config_5948824960194063962.prm
[INFO]:[02:52:42] CPLEX results. Gap: 100.000000, upper bound: 312944.728401, lower bound: 0.000000
[INFO]:[02:52:42] CPLEX solver finished. Gap: 100.000000
[INFO]:[02:52:42] Starting CPLEX solver on instance: /home/yorig/tuner/mpils-tests/instances/miplib/medium-2/supportcase6.mps with config: /scratch/yorig/mpils-results-grid-seconds-5-watchdog/medium-2/24proc/seed-3/9_supportcase6_seed-3_20260504_024308/iterated_local_search/run_6_worker_22/ils_config_12083936238825649848.prm
[INFO]:[02:52:42] Starting CPLEX solver on instance: /home/yorig/tuner/mpils-tests/instances/miplib/medium-2/supportcase6.mps with config: /scratch/yorig/mpils-results-grid-seconds-5-watchdog/medium-2/24proc/seed-3/9_supportcase6_seed-3_20260504_024308/iterated_local_search/run_6_worker_22/ils_config_12083936238825649848.prm
[INFO]:[02:52:48] CPLEX results. Gap: 100.000000, upper bound: 312944.728401, lower bound: 0.000000
[INFO]:[02:52:48] CPLEX solver finished. Gap: 100.000000
[INFO]:[02:52:48] Starting CPLEX solver on instance: /home/yorig/tuner/mpils-tests/instances/miplib/medium-2/supportcase6.mps with config: /scratch/yorig/mpils-results-grid-seconds-5-watchdog/medium-2/24proc/seed-3/9_supportcase6_seed-3_20260504_024308/iterated_local_search/run_6_worker_22/ils_config_15479400056723621639.prm
[INFO]:[02:52:48] Starting CPLEX solver on instance: /home/yorig/tuner/mpils-tests/instances/miplib/medium-2/supportcase6.mps with config: /scratch/yorig/mpils-results-grid-seconds-5-watchdog/medium-2/24proc/seed-3/9_supportcase6_seed-3_20260504_024308/iterated_local_search/run_6_worker_22/ils_config_15479400056723621639.prm
[INFO]:[02:52:53] CPLEX results. Gap: 100.000000, upper bound: 312944.728401, lower bound: 0.000000
[INFO]:[02:52:53] CPLEX solver finished. Gap: 100.000000
[INFO]:[02:52:53] Starting CPLEX solver on instance: /home/yorig/tuner/mpils-tests/instances/miplib/medium-2/supportcase6.mps with config: /scratch/yorig/mpils-results-grid-seconds-5-watchdog/medium-2/24proc/seed-3/9_supportcase6_seed-3_20260504_024308/iterated_local_search/run_6_worker_22/ils_config_18336834463941211720.prm
[INFO]:[02:52:53] Starting CPLEX solver on instance: /home/yorig/tuner/mpils-tests/instances/miplib/medium-2/supportcase6.mps with config: /scratch/yorig/mpils-results-grid-seconds-5-watchdog/medium-2/24proc/seed-3/9_supportcase6_seed-3_20260504_024308/iterated_local_search/run_6_worker_22/ils_config_18336834463941211720.prm
[INFO]:[02:52:58] CPLEX results. Gap: 100.000000, upper bound: 312944.728401, lower bound: 0.000000
[INFO]:[02:52:58] CPLEX solver finished. Gap: 100.000000
[INFO]:[02:52:58] Starting CPLEX solver on instance: /home/yorig/tuner/mpils-tests/instances/miplib/medium-2/supportcase6.mps with config: /scratch/yorig/mpils-results-grid-seconds-5-watchdog/medium-2/24proc/seed-3/9_supportcase6_seed-3_20260504_024308/iterated_local_search/run_6_worker_22/ils_config_963875880484864800.prm
[INFO]:[02:52:58] Starting CPLEX solver on instance: /home/yorig/tuner/mpils-tests/instances/miplib/medium-2/supportcase6.mps with config: /scratch/yorig/mpils-results-grid-seconds-5-watchdog/medium-2/24proc/seed-3/9_supportcase6_seed-3_20260504_024308/iterated_local_search/run_6_worker_22/ils_config_963875880484864800.prm
[INFO]:[02:53:03] CPLEX results. Gap: 100.000000, upper bound: 312944.728401, lower bound: 0.000000
[INFO]:[02:53:03] CPLEX solver finished. Gap: 100.000000
[INFO]:[02:53:03] Local search phase completed.
[INFO]:[02:53:03] Total number of new local-search evaluations: 9
[INFO]:[02:53:03] Final incumbent objective value: 100
[INFO]:[02:53:04] Worker 22 completed exploration phase.
[INFO]:[02:53:04] Worker 22 received order for step 3.
[INFO]:[02:53:04] Worker 22 finished.
