[INFO]:[23:46:13] Worker 3 starting.
[INFO]:[23:46:13] Worker 3 received order for step 1.
[INFO]:[23:46:13] Worker 3 running exploration phase for iteration 1.
[INFO]:[23:46:13] Current MIP start info file not found: /scratch/yorig/mpils-results-grid-seconds-5-no-mip-start/easy/8proc/seed-4/9_supportcase18_seed-4_20260502_234612/iterated_local_search/mip_start/current_mip_start_1.txt
[INFO]:[23:46:13] Worker 3 at iteration 1 will not use a MIP start file. Current best MIP-start upper bound threshold is 1.79769e+308.
[INFO]:[23:46:13] Starting local search phase...
[INFO]:[23:46:13] Creating local search space from parameter space file: /scratch/yorig/mpils-results-grid-seconds-5-no-mip-start/easy/8proc/seed-4/9_supportcase18_seed-4_20260502_234612/iterated_local_search/search_space/search_space_file_1_worker_3.txt
[INFO]:[23:46:13] Local search space loaded from file: /scratch/yorig/mpils-results-grid-seconds-5-no-mip-start/easy/8proc/seed-4/9_supportcase18_seed-4_20260502_234612/iterated_local_search/search_space/search_space_file_1_worker_3.txt
[INFO]:[23:46:13] Number of parameters in local search space: 71
[INFO]:[23:46:13] Number of forbidden tuples in local search space: 0
[INFO]:[23:46:13] Number of conditionals in local search space: 6
[INFO]:[23:46:13] MIP start option not enabled. Local search will proceed without MIP start.
[INFO]:[23:46:13] Evaluating initial configuration for local search phase...
[INFO]:[23:46:13] Starting CPLEX solver on instance: /home/yorig/tuner/mpils-tests/instances/miplib/easy/supportcase18.mps with config: /scratch/yorig/mpils-results-grid-seconds-5-no-mip-start/easy/8proc/seed-4/9_supportcase18_seed-4_20260502_234612/iterated_local_search/run_1_worker_3/ils_config_12710294232408245987.prm
[INFO]:[23:46:13] Starting CPLEX solver on instance: /home/yorig/tuner/mpils-tests/instances/miplib/easy/supportcase18.mps with config: /scratch/yorig/mpils-results-grid-seconds-5-no-mip-start/easy/8proc/seed-4/9_supportcase18_seed-4_20260502_234612/iterated_local_search/run_1_worker_3/ils_config_12710294232408245987.prm
[INFO]:[23:46:18] CPLEX results. Gap: 5.630000, upper bound: 50.000000, lower bound: 47.186667
[INFO]:[23:46:18] Writing MIP start file: /scratch/yorig/mpils-results-grid-seconds-5-no-mip-start/easy/8proc/seed-4/9_supportcase18_seed-4_20260502_234612/iterated_local_search/run_1_worker_3/mip_starts/mip_start_eval_1_config_12710294232408245987.mst
[INFO]:[23:46:18] CPLEX solver finished. Gap: 5.630000
[INFO]:[23:46:18] Initial configuration evaluated with objective value: 5.63
[INFO]:[23:46:18] Starting CPLEX solver on instance: /home/yorig/tuner/mpils-tests/instances/miplib/easy/supportcase18.mps with config: /scratch/yorig/mpils-results-grid-seconds-5-no-mip-start/easy/8proc/seed-4/9_supportcase18_seed-4_20260502_234612/iterated_local_search/run_1_worker_3/ils_config_14141972750826331920.prm
[INFO]:[23:46:18] Starting CPLEX solver on instance: /home/yorig/tuner/mpils-tests/instances/miplib/easy/supportcase18.mps with config: /scratch/yorig/mpils-results-grid-seconds-5-no-mip-start/easy/8proc/seed-4/9_supportcase18_seed-4_20260502_234612/iterated_local_search/run_1_worker_3/ils_config_14141972750826331920.prm
[INFO]:[23:46:23] CPLEX results. Gap: 5.630000, upper bound: 50.000000, lower bound: 47.186667
[INFO]:[23:46:23] CPLEX solver finished. Gap: 5.630000
[INFO]:[23:46:23] Starting CPLEX solver on instance: /home/yorig/tuner/mpils-tests/instances/miplib/easy/supportcase18.mps with config: /scratch/yorig/mpils-results-grid-seconds-5-no-mip-start/easy/8proc/seed-4/9_supportcase18_seed-4_20260502_234612/iterated_local_search/run_1_worker_3/ils_config_15280887202162191513.prm
[INFO]:[23:46:23] Starting CPLEX solver on instance: /home/yorig/tuner/mpils-tests/instances/miplib/easy/supportcase18.mps with config: /scratch/yorig/mpils-results-grid-seconds-5-no-mip-start/easy/8proc/seed-4/9_supportcase18_seed-4_20260502_234612/iterated_local_search/run_1_worker_3/ils_config_15280887202162191513.prm
[INFO]:[23:46:28] CPLEX results. Gap: 5.630000, upper bound: 50.000000, lower bound: 47.186667
[INFO]:[23:46:28] CPLEX solver finished. Gap: 5.630000
[INFO]:[23:46:28] Starting CPLEX solver on instance: /home/yorig/tuner/mpils-tests/instances/miplib/easy/supportcase18.mps with config: /scratch/yorig/mpils-results-grid-seconds-5-no-mip-start/easy/8proc/seed-4/9_supportcase18_seed-4_20260502_234612/iterated_local_search/run_1_worker_3/ils_config_11044171371282847915.prm
[INFO]:[23:46:28] Starting CPLEX solver on instance: /home/yorig/tuner/mpils-tests/instances/miplib/easy/supportcase18.mps with config: /scratch/yorig/mpils-results-grid-seconds-5-no-mip-start/easy/8proc/seed-4/9_supportcase18_seed-4_20260502_234612/iterated_local_search/run_1_worker_3/ils_config_11044171371282847915.prm
[INFO]:[23:46:33] CPLEX results. Gap: 3.700000, upper bound: 49.000000, lower bound: 47.186667
[INFO]:[23:46:33] Writing MIP start file: /scratch/yorig/mpils-results-grid-seconds-5-no-mip-start/easy/8proc/seed-4/9_supportcase18_seed-4_20260502_234612/iterated_local_search/run_1_worker_3/mip_starts/mip_start_eval_4_config_11044171371282847915.mst
[INFO]:[23:46:33] CPLEX solver finished. Gap: 3.700000
[INFO]:[23:46:33] New incumbent found with objective value: 3.7
[INFO]:[23:46:33] Starting CPLEX solver on instance: /home/yorig/tuner/mpils-tests/instances/miplib/easy/supportcase18.mps with config: /scratch/yorig/mpils-results-grid-seconds-5-no-mip-start/easy/8proc/seed-4/9_supportcase18_seed-4_20260502_234612/iterated_local_search/run_1_worker_3/ils_config_9492125232921463513.prm
[INFO]:[23:46:33] Starting CPLEX solver on instance: /home/yorig/tuner/mpils-tests/instances/miplib/easy/supportcase18.mps with config: /scratch/yorig/mpils-results-grid-seconds-5-no-mip-start/easy/8proc/seed-4/9_supportcase18_seed-4_20260502_234612/iterated_local_search/run_1_worker_3/ils_config_9492125232921463513.prm
[INFO]:[23:46:39] CPLEX results. Gap: 5.630000, upper bound: 50.000000, lower bound: 47.186667
[INFO]:[23:46:39] CPLEX solver finished. Gap: 5.630000
[INFO]:[23:46:39] Starting CPLEX solver on instance: /home/yorig/tuner/mpils-tests/instances/miplib/easy/supportcase18.mps with config: /scratch/yorig/mpils-results-grid-seconds-5-no-mip-start/easy/8proc/seed-4/9_supportcase18_seed-4_20260502_234612/iterated_local_search/run_1_worker_3/ils_config_3175566810955893155.prm
[INFO]:[23:46:39] Starting CPLEX solver on instance: /home/yorig/tuner/mpils-tests/instances/miplib/easy/supportcase18.mps with config: /scratch/yorig/mpils-results-grid-seconds-5-no-mip-start/easy/8proc/seed-4/9_supportcase18_seed-4_20260502_234612/iterated_local_search/run_1_worker_3/ils_config_3175566810955893155.prm
[INFO]:[23:46:44] CPLEX results. Gap: 5.630000, upper bound: 50.000000, lower bound: 47.186667
[INFO]:[23:46:44] CPLEX solver finished. Gap: 5.630000
[INFO]:[23:46:44] Starting CPLEX solver on instance: /home/yorig/tuner/mpils-tests/instances/miplib/easy/supportcase18.mps with config: /scratch/yorig/mpils-results-grid-seconds-5-no-mip-start/easy/8proc/seed-4/9_supportcase18_seed-4_20260502_234612/iterated_local_search/run_1_worker_3/ils_config_14259131814827289511.prm
[INFO]:[23:46:44] Starting CPLEX solver on instance: /home/yorig/tuner/mpils-tests/instances/miplib/easy/supportcase18.mps with config: /scratch/yorig/mpils-results-grid-seconds-5-no-mip-start/easy/8proc/seed-4/9_supportcase18_seed-4_20260502_234612/iterated_local_search/run_1_worker_3/ils_config_14259131814827289511.prm
[INFO]:[23:46:49] CPLEX results. Gap: 3.700000, upper bound: 49.000000, lower bound: 47.186667
[INFO]:[23:46:49] CPLEX solver finished. Gap: 3.700000
[INFO]:[23:46:49] Starting CPLEX solver on instance: /home/yorig/tuner/mpils-tests/instances/miplib/easy/supportcase18.mps with config: /scratch/yorig/mpils-results-grid-seconds-5-no-mip-start/easy/8proc/seed-4/9_supportcase18_seed-4_20260502_234612/iterated_local_search/run_1_worker_3/ils_config_9900588967794586708.prm
[INFO]:[23:46:49] Starting CPLEX solver on instance: /home/yorig/tuner/mpils-tests/instances/miplib/easy/supportcase18.mps with config: /scratch/yorig/mpils-results-grid-seconds-5-no-mip-start/easy/8proc/seed-4/9_supportcase18_seed-4_20260502_234612/iterated_local_search/run_1_worker_3/ils_config_9900588967794586708.prm
[INFO]:[23:46:54] CPLEX results. Gap: 3.700000, upper bound: 49.000000, lower bound: 47.186667
[INFO]:[23:46:54] CPLEX solver finished. Gap: 3.700000
[INFO]:[23:46:54] Starting CPLEX solver on instance: /home/yorig/tuner/mpils-tests/instances/miplib/easy/supportcase18.mps with config: /scratch/yorig/mpils-results-grid-seconds-5-no-mip-start/easy/8proc/seed-4/9_supportcase18_seed-4_20260502_234612/iterated_local_search/run_1_worker_3/ils_config_5882816265174798382.prm
[INFO]:[23:46:54] Starting CPLEX solver on instance: /home/yorig/tuner/mpils-tests/instances/miplib/easy/supportcase18.mps with config: /scratch/yorig/mpils-results-grid-seconds-5-no-mip-start/easy/8proc/seed-4/9_supportcase18_seed-4_20260502_234612/iterated_local_search/run_1_worker_3/ils_config_5882816265174798382.prm
[INFO]:[23:46:59] CPLEX results. Gap: 5.630000, upper bound: 50.000000, lower bound: 47.186667
[INFO]:[23:46:59] CPLEX solver finished. Gap: 5.630000
[INFO]:[23:46:59] Starting CPLEX solver on instance: /home/yorig/tuner/mpils-tests/instances/miplib/easy/supportcase18.mps with config: /scratch/yorig/mpils-results-grid-seconds-5-no-mip-start/easy/8proc/seed-4/9_supportcase18_seed-4_20260502_234612/iterated_local_search/run_1_worker_3/ils_config_14221638403231366823.prm
[INFO]:[23:46:59] Starting CPLEX solver on instance: /home/yorig/tuner/mpils-tests/instances/miplib/easy/supportcase18.mps with config: /scratch/yorig/mpils-results-grid-seconds-5-no-mip-start/easy/8proc/seed-4/9_supportcase18_seed-4_20260502_234612/iterated_local_search/run_1_worker_3/ils_config_14221638403231366823.prm
[INFO]:[23:47:04] CPLEX results. Gap: 3.700000, upper bound: 49.000000, lower bound: 47.186667
[INFO]:[23:47:04] CPLEX solver finished. Gap: 3.700000
[INFO]:[23:47:04] Starting CPLEX solver on instance: /home/yorig/tuner/mpils-tests/instances/miplib/easy/supportcase18.mps with config: /scratch/yorig/mpils-results-grid-seconds-5-no-mip-start/easy/8proc/seed-4/9_supportcase18_seed-4_20260502_234612/iterated_local_search/run_1_worker_3/ils_config_4388687668941946879.prm
[INFO]:[23:47:04] Starting CPLEX solver on instance: /home/yorig/tuner/mpils-tests/instances/miplib/easy/supportcase18.mps with config: /scratch/yorig/mpils-results-grid-seconds-5-no-mip-start/easy/8proc/seed-4/9_supportcase18_seed-4_20260502_234612/iterated_local_search/run_1_worker_3/ils_config_4388687668941946879.prm
[INFO]:[23:47:09] CPLEX results. Gap: 3.700000, upper bound: 49.000000, lower bound: 47.186667
[INFO]:[23:47:09] CPLEX solver finished. Gap: 3.700000
[INFO]:[23:47:09] Starting CPLEX solver on instance: /home/yorig/tuner/mpils-tests/instances/miplib/easy/supportcase18.mps with config: /scratch/yorig/mpils-results-grid-seconds-5-no-mip-start/easy/8proc/seed-4/9_supportcase18_seed-4_20260502_234612/iterated_local_search/run_1_worker_3/ils_config_16593838866598864526.prm
[INFO]:[23:47:09] Starting CPLEX solver on instance: /home/yorig/tuner/mpils-tests/instances/miplib/easy/supportcase18.mps with config: /scratch/yorig/mpils-results-grid-seconds-5-no-mip-start/easy/8proc/seed-4/9_supportcase18_seed-4_20260502_234612/iterated_local_search/run_1_worker_3/ils_config_16593838866598864526.prm
[INFO]:[23:47:14] CPLEX results. Gap: 3.700000, upper bound: 49.000000, lower bound: 47.186667
[INFO]:[23:47:14] CPLEX solver finished. Gap: 3.700000
[INFO]:[23:47:14] Starting CPLEX solver on instance: /home/yorig/tuner/mpils-tests/instances/miplib/easy/supportcase18.mps with config: /scratch/yorig/mpils-results-grid-seconds-5-no-mip-start/easy/8proc/seed-4/9_supportcase18_seed-4_20260502_234612/iterated_local_search/run_1_worker_3/ils_config_10238641747433027192.prm
[INFO]:[23:47:14] Starting CPLEX solver on instance: /home/yorig/tuner/mpils-tests/instances/miplib/easy/supportcase18.mps with config: /scratch/yorig/mpils-results-grid-seconds-5-no-mip-start/easy/8proc/seed-4/9_supportcase18_seed-4_20260502_234612/iterated_local_search/run_1_worker_3/ils_config_10238641747433027192.prm
[INFO]:[23:47:19] CPLEX results. Gap: 3.700000, upper bound: 49.000000, lower bound: 47.186667
[INFO]:[23:47:19] CPLEX solver finished. Gap: 3.700000
[INFO]:[23:47:19] Starting CPLEX solver on instance: /home/yorig/tuner/mpils-tests/instances/miplib/easy/supportcase18.mps with config: /scratch/yorig/mpils-results-grid-seconds-5-no-mip-start/easy/8proc/seed-4/9_supportcase18_seed-4_20260502_234612/iterated_local_search/run_1_worker_3/ils_config_11039592124900596558.prm
[INFO]:[23:47:19] Starting CPLEX solver on instance: /home/yorig/tuner/mpils-tests/instances/miplib/easy/supportcase18.mps with config: /scratch/yorig/mpils-results-grid-seconds-5-no-mip-start/easy/8proc/seed-4/9_supportcase18_seed-4_20260502_234612/iterated_local_search/run_1_worker_3/ils_config_11039592124900596558.prm
[INFO]:[23:47:24] CPLEX results. Gap: 5.630000, upper bound: 50.000000, lower bound: 47.186667
[INFO]:[23:47:24] CPLEX solver finished. Gap: 5.630000
[INFO]:[23:47:24] Starting CPLEX solver on instance: /home/yorig/tuner/mpils-tests/instances/miplib/easy/supportcase18.mps with config: /scratch/yorig/mpils-results-grid-seconds-5-no-mip-start/easy/8proc/seed-4/9_supportcase18_seed-4_20260502_234612/iterated_local_search/run_1_worker_3/ils_config_7831784991506322089.prm
[INFO]:[23:47:24] Starting CPLEX solver on instance: /home/yorig/tuner/mpils-tests/instances/miplib/easy/supportcase18.mps with config: /scratch/yorig/mpils-results-grid-seconds-5-no-mip-start/easy/8proc/seed-4/9_supportcase18_seed-4_20260502_234612/iterated_local_search/run_1_worker_3/ils_config_7831784991506322089.prm
[INFO]:[23:47:29] CPLEX results. Gap: 5.630000, upper bound: 50.000000, lower bound: 47.186667
[INFO]:[23:47:29] CPLEX solver finished. Gap: 5.630000
[INFO]:[23:47:29] Starting CPLEX solver on instance: /home/yorig/tuner/mpils-tests/instances/miplib/easy/supportcase18.mps with config: /scratch/yorig/mpils-results-grid-seconds-5-no-mip-start/easy/8proc/seed-4/9_supportcase18_seed-4_20260502_234612/iterated_local_search/run_1_worker_3/ils_config_15464224685540060283.prm
[INFO]:[23:47:29] Starting CPLEX solver on instance: /home/yorig/tuner/mpils-tests/instances/miplib/easy/supportcase18.mps with config: /scratch/yorig/mpils-results-grid-seconds-5-no-mip-start/easy/8proc/seed-4/9_supportcase18_seed-4_20260502_234612/iterated_local_search/run_1_worker_3/ils_config_15464224685540060283.prm
[INFO]:[23:47:34] CPLEX results. Gap: 3.700000, upper bound: 49.000000, lower bound: 47.186667
[INFO]:[23:47:34] CPLEX solver finished. Gap: 3.700000
[INFO]:[23:47:34] Starting CPLEX solver on instance: /home/yorig/tuner/mpils-tests/instances/miplib/easy/supportcase18.mps with config: /scratch/yorig/mpils-results-grid-seconds-5-no-mip-start/easy/8proc/seed-4/9_supportcase18_seed-4_20260502_234612/iterated_local_search/run_1_worker_3/ils_config_16268131131768097983.prm
[INFO]:[23:47:34] Starting CPLEX solver on instance: /home/yorig/tuner/mpils-tests/instances/miplib/easy/supportcase18.mps with config: /scratch/yorig/mpils-results-grid-seconds-5-no-mip-start/easy/8proc/seed-4/9_supportcase18_seed-4_20260502_234612/iterated_local_search/run_1_worker_3/ils_config_16268131131768097983.prm
[INFO]:[23:47:39] CPLEX results. Gap: 3.700000, upper bound: 49.000000, lower bound: 47.186667
[INFO]:[23:47:39] CPLEX solver finished. Gap: 3.700000
[INFO]:[23:47:39] Starting CPLEX solver on instance: /home/yorig/tuner/mpils-tests/instances/miplib/easy/supportcase18.mps with config: /scratch/yorig/mpils-results-grid-seconds-5-no-mip-start/easy/8proc/seed-4/9_supportcase18_seed-4_20260502_234612/iterated_local_search/run_1_worker_3/ils_config_6398021369871515026.prm
[INFO]:[23:47:39] Starting CPLEX solver on instance: /home/yorig/tuner/mpils-tests/instances/miplib/easy/supportcase18.mps with config: /scratch/yorig/mpils-results-grid-seconds-5-no-mip-start/easy/8proc/seed-4/9_supportcase18_seed-4_20260502_234612/iterated_local_search/run_1_worker_3/ils_config_6398021369871515026.prm
[INFO]:[23:47:44] CPLEX results. Gap: 3.700000, upper bound: 49.000000, lower bound: 47.186667
[INFO]:[23:47:44] CPLEX solver finished. Gap: 3.700000
[INFO]:[23:47:44] Starting CPLEX solver on instance: /home/yorig/tuner/mpils-tests/instances/miplib/easy/supportcase18.mps with config: /scratch/yorig/mpils-results-grid-seconds-5-no-mip-start/easy/8proc/seed-4/9_supportcase18_seed-4_20260502_234612/iterated_local_search/run_1_worker_3/ils_config_2604413582546636650.prm
[INFO]:[23:47:44] Starting CPLEX solver on instance: /home/yorig/tuner/mpils-tests/instances/miplib/easy/supportcase18.mps with config: /scratch/yorig/mpils-results-grid-seconds-5-no-mip-start/easy/8proc/seed-4/9_supportcase18_seed-4_20260502_234612/iterated_local_search/run_1_worker_3/ils_config_2604413582546636650.prm
[INFO]:[23:47:49] CPLEX results. Gap: 3.700000, upper bound: 49.000000, lower bound: 47.186667
[INFO]:[23:47:49] CPLEX solver finished. Gap: 3.700000
[INFO]:[23:47:49] Starting CPLEX solver on instance: /home/yorig/tuner/mpils-tests/instances/miplib/easy/supportcase18.mps with config: /scratch/yorig/mpils-results-grid-seconds-5-no-mip-start/easy/8proc/seed-4/9_supportcase18_seed-4_20260502_234612/iterated_local_search/run_1_worker_3/ils_config_10099839872481511548.prm
[INFO]:[23:47:49] Starting CPLEX solver on instance: /home/yorig/tuner/mpils-tests/instances/miplib/easy/supportcase18.mps with config: /scratch/yorig/mpils-results-grid-seconds-5-no-mip-start/easy/8proc/seed-4/9_supportcase18_seed-4_20260502_234612/iterated_local_search/run_1_worker_3/ils_config_10099839872481511548.prm
[INFO]:[23:47:54] CPLEX results. Gap: 3.700000, upper bound: 49.000000, lower bound: 47.186667
[INFO]:[23:47:54] CPLEX solver finished. Gap: 3.700000
[INFO]:[23:47:54] Local search phase completed.
[INFO]:[23:47:54] Total number of new local-search evaluations: 20
[INFO]:[23:47:54] Final incumbent objective value: 3.7
[INFO]:[23:47:54] Worker 3 completed exploration phase.
[INFO]:[23:47:54] Worker 3 received order for step 2.
[INFO]:[23:47:54] Worker 3 running expansion phase for iteration 1.
[INFO]:[23:47:54] Worker 3 will use solver log file: /scratch/yorig/mpils-results-grid-seconds-5-no-mip-start/easy/8proc/seed-4/9_supportcase18_seed-4_20260502_234612/solver/cplex.log_iteration_expansion_1_worker_3
[INFO]:[23:47:54] Expansion Worker 3 starting expansion for iteration 1.
[INFO]:[23:47:54] Starting CPLEX solver on instance: /home/yorig/tuner/mpils-tests/instances/miplib/easy/supportcase18.mps with config: /scratch/yorig/mpils-results-grid-seconds-5-no-mip-start/easy/8proc/seed-4/9_supportcase18_seed-4_20260502_234612/expansion/config_param_CPXPARAM_MIP_Limits_ProbeTime_2_iter_1.prm
[INFO]:[23:47:59] CPLEX results. Gap: 3.700000, upper bound: 49.000000, lower bound: 47.186667
[INFO]:[23:47:59] CPLEX solver finished. Gap: 3.700000
[INFO]:[23:47:59] Starting CPLEX solver on instance: /home/yorig/tuner/mpils-tests/instances/miplib/easy/supportcase18.mps with config: /scratch/yorig/mpils-results-grid-seconds-5-no-mip-start/easy/8proc/seed-4/9_supportcase18_seed-4_20260502_234612/expansion/config_param_CPXPARAM_MIP_Limits_ProbeTime_5_iter_1.prm
[INFO]:[23:48:04] CPLEX results. Gap: 3.700000, upper bound: 49.000000, lower bound: 47.186667
[INFO]:[23:48:04] CPLEX solver finished. Gap: 3.700000
[INFO]:[23:48:04] Starting CPLEX solver on instance: /home/yorig/tuner/mpils-tests/instances/miplib/easy/supportcase18.mps with config: /scratch/yorig/mpils-results-grid-seconds-5-no-mip-start/easy/8proc/seed-4/9_supportcase18_seed-4_20260502_234612/expansion/config_param_CPXPARAM_MIP_Limits_ProbeTime_10_iter_1.prm
[INFO]:[23:48:09] CPLEX results. Gap: 3.700000, upper bound: 49.000000, lower bound: 47.186667
[INFO]:[23:48:09] CPLEX solver finished. Gap: 3.700000
[INFO]:[23:48:09] Starting CPLEX solver on instance: /home/yorig/tuner/mpils-tests/instances/miplib/easy/supportcase18.mps with config: /scratch/yorig/mpils-results-grid-seconds-5-no-mip-start/easy/8proc/seed-4/9_supportcase18_seed-4_20260502_234612/expansion/config_param_CPXPARAM_MIP_Limits_ProbeTime_20_iter_1.prm
[INFO]:[23:48:14] CPLEX results. Gap: 3.700000, upper bound: 49.000000, lower bound: 47.186667
[INFO]:[23:48:14] CPLEX solver finished. Gap: 3.700000
[INFO]:[23:48:14] Starting CPLEX solver on instance: /home/yorig/tuner/mpils-tests/instances/miplib/easy/supportcase18.mps with config: /scratch/yorig/mpils-results-grid-seconds-5-no-mip-start/easy/8proc/seed-4/9_supportcase18_seed-4_20260502_234612/expansion/config_param_CPXPARAM_MIP_Limits_ProbeTime_30_iter_1.prm
[INFO]:[23:48:19] CPLEX results. Gap: 3.700000, upper bound: 49.000000, lower bound: 47.186667
[INFO]:[23:48:19] CPLEX solver finished. Gap: 3.700000
[INFO]:[23:48:19] Starting CPLEX solver on instance: /home/yorig/tuner/mpils-tests/instances/miplib/easy/supportcase18.mps with config: /scratch/yorig/mpils-results-grid-seconds-5-no-mip-start/easy/8proc/seed-4/9_supportcase18_seed-4_20260502_234612/expansion/config_param_CPXPARAM_MIP_Limits_ProbeTime_40_iter_1.prm
[INFO]:[23:48:24] CPLEX results. Gap: 3.700000, upper bound: 49.000000, lower bound: 47.186667
[INFO]:[23:48:24] CPLEX solver finished. Gap: 3.700000
[INFO]:[23:48:24] Starting CPLEX solver on instance: /home/yorig/tuner/mpils-tests/instances/miplib/easy/supportcase18.mps with config: /scratch/yorig/mpils-results-grid-seconds-5-no-mip-start/easy/8proc/seed-4/9_supportcase18_seed-4_20260502_234612/expansion/config_param_CPXPARAM_MIP_Limits_ProbeTime_50_iter_1.prm
[INFO]:[23:48:29] CPLEX results. Gap: 3.700000, upper bound: 49.000000, lower bound: 47.186667
[INFO]:[23:48:29] CPLEX solver finished. Gap: 3.700000
[INFO]:[23:48:29] Expansion Worker 3 completed expansion.
[INFO]:[23:48:29] Worker 3 completed expansion phase.
[INFO]:[23:48:29] Worker 3 received order for step 1.
[INFO]:[23:48:29] Worker 3 running exploration phase for iteration 2.
[INFO]:[23:48:29] Worker 3 at iteration 2 will not use a MIP start file. Current best MIP-start upper bound threshold is 49.
[INFO]:[23:48:29] Starting local search phase...
[INFO]:[23:48:29] Creating local search space from parameter space file: /scratch/yorig/mpils-results-grid-seconds-5-no-mip-start/easy/8proc/seed-4/9_supportcase18_seed-4_20260502_234612/iterated_local_search/search_space/search_space_file_2_worker_3.txt
[INFO]:[23:48:29] Local search space loaded from file: /scratch/yorig/mpils-results-grid-seconds-5-no-mip-start/easy/8proc/seed-4/9_supportcase18_seed-4_20260502_234612/iterated_local_search/search_space/search_space_file_2_worker_3.txt
[INFO]:[23:48:29] Number of parameters in local search space: 71
[INFO]:[23:48:29] Number of forbidden tuples in local search space: 17
[INFO]:[23:48:29] Number of conditionals in local search space: 6
[INFO]:[23:48:29] MIP start option not enabled. Local search will proceed without MIP start.
[INFO]:[23:48:29] Evaluating initial configuration for local search phase...
[INFO]:[23:48:29] Starting CPLEX solver on instance: /home/yorig/tuner/mpils-tests/instances/miplib/easy/supportcase18.mps with config: /scratch/yorig/mpils-results-grid-seconds-5-no-mip-start/easy/8proc/seed-4/9_supportcase18_seed-4_20260502_234612/iterated_local_search/run_2_worker_3/ils_config_8813440083265303887.prm
[INFO]:[23:48:29] Starting CPLEX solver on instance: /home/yorig/tuner/mpils-tests/instances/miplib/easy/supportcase18.mps with config: /scratch/yorig/mpils-results-grid-seconds-5-no-mip-start/easy/8proc/seed-4/9_supportcase18_seed-4_20260502_234612/iterated_local_search/run_2_worker_3/ils_config_8813440083265303887.prm
[INFO]:[23:48:34] CPLEX results. Gap: 3.700000, upper bound: 49.000000, lower bound: 47.186667
[INFO]:[23:48:34] CPLEX solver finished. Gap: 3.700000
[INFO]:[23:48:34] Initial configuration evaluated with objective value: 3.7
[INFO]:[23:48:34] Starting CPLEX solver on instance: /home/yorig/tuner/mpils-tests/instances/miplib/easy/supportcase18.mps with config: /scratch/yorig/mpils-results-grid-seconds-5-no-mip-start/easy/8proc/seed-4/9_supportcase18_seed-4_20260502_234612/iterated_local_search/run_2_worker_3/ils_config_10821608343891122119.prm
[INFO]:[23:48:34] Starting CPLEX solver on instance: /home/yorig/tuner/mpils-tests/instances/miplib/easy/supportcase18.mps with config: /scratch/yorig/mpils-results-grid-seconds-5-no-mip-start/easy/8proc/seed-4/9_supportcase18_seed-4_20260502_234612/iterated_local_search/run_2_worker_3/ils_config_10821608343891122119.prm
[INFO]:[23:48:39] CPLEX results. Gap: 3.700000, upper bound: 49.000000, lower bound: 47.186667
[INFO]:[23:48:39] CPLEX solver finished. Gap: 3.700000
[INFO]:[23:48:39] Starting CPLEX solver on instance: /home/yorig/tuner/mpils-tests/instances/miplib/easy/supportcase18.mps with config: /scratch/yorig/mpils-results-grid-seconds-5-no-mip-start/easy/8proc/seed-4/9_supportcase18_seed-4_20260502_234612/iterated_local_search/run_2_worker_3/ils_config_13122667133894853603.prm
[INFO]:[23:48:39] Starting CPLEX solver on instance: /home/yorig/tuner/mpils-tests/instances/miplib/easy/supportcase18.mps with config: /scratch/yorig/mpils-results-grid-seconds-5-no-mip-start/easy/8proc/seed-4/9_supportcase18_seed-4_20260502_234612/iterated_local_search/run_2_worker_3/ils_config_13122667133894853603.prm
[INFO]:[23:48:44] CPLEX results. Gap: 3.700000, upper bound: 49.000000, lower bound: 47.186667
[INFO]:[23:48:45] CPLEX solver finished. Gap: 3.700000
[INFO]:[23:48:45] Starting CPLEX solver on instance: /home/yorig/tuner/mpils-tests/instances/miplib/easy/supportcase18.mps with config: /scratch/yorig/mpils-results-grid-seconds-5-no-mip-start/easy/8proc/seed-4/9_supportcase18_seed-4_20260502_234612/iterated_local_search/run_2_worker_3/ils_config_2601061841344826269.prm
[INFO]:[23:48:45] Starting CPLEX solver on instance: /home/yorig/tuner/mpils-tests/instances/miplib/easy/supportcase18.mps with config: /scratch/yorig/mpils-results-grid-seconds-5-no-mip-start/easy/8proc/seed-4/9_supportcase18_seed-4_20260502_234612/iterated_local_search/run_2_worker_3/ils_config_2601061841344826269.prm
[INFO]:[23:48:50] CPLEX results. Gap: 3.700000, upper bound: 49.000000, lower bound: 47.186667
[INFO]:[23:48:50] CPLEX solver finished. Gap: 3.700000
[INFO]:[23:48:50] Starting CPLEX solver on instance: /home/yorig/tuner/mpils-tests/instances/miplib/easy/supportcase18.mps with config: /scratch/yorig/mpils-results-grid-seconds-5-no-mip-start/easy/8proc/seed-4/9_supportcase18_seed-4_20260502_234612/iterated_local_search/run_2_worker_3/ils_config_8573728607690386507.prm
[INFO]:[23:48:50] Starting CPLEX solver on instance: /home/yorig/tuner/mpils-tests/instances/miplib/easy/supportcase18.mps with config: /scratch/yorig/mpils-results-grid-seconds-5-no-mip-start/easy/8proc/seed-4/9_supportcase18_seed-4_20260502_234612/iterated_local_search/run_2_worker_3/ils_config_8573728607690386507.prm
[INFO]:[23:48:55] CPLEX results. Gap: 3.700000, upper bound: 49.000000, lower bound: 47.186667
[INFO]:[23:48:55] CPLEX solver finished. Gap: 3.700000
[INFO]:[23:48:55] Starting CPLEX solver on instance: /home/yorig/tuner/mpils-tests/instances/miplib/easy/supportcase18.mps with config: /scratch/yorig/mpils-results-grid-seconds-5-no-mip-start/easy/8proc/seed-4/9_supportcase18_seed-4_20260502_234612/iterated_local_search/run_2_worker_3/ils_config_16848537541357598744.prm
[INFO]:[23:48:55] Starting CPLEX solver on instance: /home/yorig/tuner/mpils-tests/instances/miplib/easy/supportcase18.mps with config: /scratch/yorig/mpils-results-grid-seconds-5-no-mip-start/easy/8proc/seed-4/9_supportcase18_seed-4_20260502_234612/iterated_local_search/run_2_worker_3/ils_config_16848537541357598744.prm
[INFO]:[23:49:00] CPLEX results. Gap: 5.630000, upper bound: 50.000000, lower bound: 47.186667
[INFO]:[23:49:00] CPLEX solver finished. Gap: 5.630000
[INFO]:[23:49:00] Local search phase completed.
[INFO]:[23:49:00] Total number of new local-search evaluations: 6
[INFO]:[23:49:00] Final incumbent objective value: 3.7
[INFO]:[23:49:00] Worker 3 completed exploration phase.
[INFO]:[23:49:00] Worker 3 received order for step 2.
[INFO]:[23:49:00] Worker 3 running expansion phase for iteration 2.
[INFO]:[23:49:00] Worker 3 will use solver log file: /scratch/yorig/mpils-results-grid-seconds-5-no-mip-start/easy/8proc/seed-4/9_supportcase18_seed-4_20260502_234612/solver/cplex.log_iteration_expansion_2_worker_3
[INFO]:[23:49:00] Expansion Worker 3 starting expansion for iteration 2.
[INFO]:[23:49:00] Starting CPLEX solver on instance: /home/yorig/tuner/mpils-tests/instances/miplib/easy/supportcase18.mps with config: /scratch/yorig/mpils-results-grid-seconds-5-no-mip-start/easy/8proc/seed-4/9_supportcase18_seed-4_20260502_234612/expansion/config_param_CPXPARAM_MIP_Strategy_HeuristicFreq_-1_iter_2.prm
[INFO]:[23:49:05] CPLEX results. Gap: 5.630000, upper bound: 50.000000, lower bound: 47.186667
[INFO]:[23:49:05] CPLEX solver finished. Gap: 5.630000
[INFO]:[23:49:05] Starting CPLEX solver on instance: /home/yorig/tuner/mpils-tests/instances/miplib/easy/supportcase18.mps with config: /scratch/yorig/mpils-results-grid-seconds-5-no-mip-start/easy/8proc/seed-4/9_supportcase18_seed-4_20260502_234612/expansion/config_param_CPXPARAM_MIP_Strategy_HeuristicFreq_20_iter_2.prm
[INFO]:[23:49:10] CPLEX results. Gap: 3.700000, upper bound: 49.000000, lower bound: 47.186667
[INFO]:[23:49:10] CPLEX solver finished. Gap: 3.700000
[INFO]:[23:49:10] Starting CPLEX solver on instance: /home/yorig/tuner/mpils-tests/instances/miplib/easy/supportcase18.mps with config: /scratch/yorig/mpils-results-grid-seconds-5-no-mip-start/easy/8proc/seed-4/9_supportcase18_seed-4_20260502_234612/expansion/config_param_CPXPARAM_MIP_Strategy_HeuristicFreq_40_iter_2.prm
[INFO]:[23:49:15] CPLEX results. Gap: 5.630000, upper bound: 50.000000, lower bound: 47.186667
[INFO]:[23:49:15] CPLEX solver finished. Gap: 5.630000
[INFO]:[23:49:15] Starting CPLEX solver on instance: /home/yorig/tuner/mpils-tests/instances/miplib/easy/supportcase18.mps with config: /scratch/yorig/mpils-results-grid-seconds-5-no-mip-start/easy/8proc/seed-4/9_supportcase18_seed-4_20260502_234612/expansion/config_param_CPXPARAM_MIP_Strategy_HeuristicFreq_100_iter_2.prm
[INFO]:[23:49:20] CPLEX results. Gap: 5.630000, upper bound: 50.000000, lower bound: 47.186667
[INFO]:[23:49:20] CPLEX solver finished. Gap: 5.630000
[INFO]:[23:49:20] Starting CPLEX solver on instance: /home/yorig/tuner/mpils-tests/instances/miplib/easy/supportcase18.mps with config: /scratch/yorig/mpils-results-grid-seconds-5-no-mip-start/easy/8proc/seed-4/9_supportcase18_seed-4_20260502_234612/expansion/config_param_CPXPARAM_MIP_Strategy_HeuristicFreq_500_iter_2.prm
[INFO]:[23:49:25] CPLEX results. Gap: 5.630000, upper bound: 50.000000, lower bound: 47.186667
[INFO]:[23:49:25] CPLEX solver finished. Gap: 5.630000
[INFO]:[23:49:25] Expansion Worker 3 completed expansion.
[INFO]:[23:49:25] Worker 3 completed expansion phase.
[INFO]:[23:49:25] Worker 3 received order for step 1.
[INFO]:[23:49:25] Worker 3 running exploration phase for iteration 3.
[INFO]:[23:49:25] Worker 3 at iteration 3 will not use a MIP start file. Current best MIP-start upper bound threshold is 49.
[INFO]:[23:49:25] Starting local search phase...
[INFO]:[23:49:25] Creating local search space from parameter space file: /scratch/yorig/mpils-results-grid-seconds-5-no-mip-start/easy/8proc/seed-4/9_supportcase18_seed-4_20260502_234612/iterated_local_search/search_space/search_space_file_3_worker_3.txt
[INFO]:[23:49:25] Local search space loaded from file: /scratch/yorig/mpils-results-grid-seconds-5-no-mip-start/easy/8proc/seed-4/9_supportcase18_seed-4_20260502_234612/iterated_local_search/search_space/search_space_file_3_worker_3.txt
[INFO]:[23:49:25] Number of parameters in local search space: 71
[INFO]:[23:49:25] Number of forbidden tuples in local search space: 18
[INFO]:[23:49:25] Number of conditionals in local search space: 6
[INFO]:[23:49:25] MIP start option not enabled. Local search will proceed without MIP start.
[INFO]:[23:49:25] Evaluating initial configuration for local search phase...
[INFO]:[23:49:25] Starting CPLEX solver on instance: /home/yorig/tuner/mpils-tests/instances/miplib/easy/supportcase18.mps with config: /scratch/yorig/mpils-results-grid-seconds-5-no-mip-start/easy/8proc/seed-4/9_supportcase18_seed-4_20260502_234612/iterated_local_search/run_3_worker_3/ils_config_14937037410482078210.prm
[INFO]:[23:49:25] Starting CPLEX solver on instance: /home/yorig/tuner/mpils-tests/instances/miplib/easy/supportcase18.mps with config: /scratch/yorig/mpils-results-grid-seconds-5-no-mip-start/easy/8proc/seed-4/9_supportcase18_seed-4_20260502_234612/iterated_local_search/run_3_worker_3/ils_config_14937037410482078210.prm
[INFO]:[23:49:30] CPLEX results. Gap: 9.260000, upper bound: 52.000000, lower bound: 47.186667
[INFO]:[23:49:30] CPLEX solver finished. Gap: 9.260000
[INFO]:[23:49:30] Initial configuration evaluated with objective value: 9.26
[INFO]:[23:49:30] Starting CPLEX solver on instance: /home/yorig/tuner/mpils-tests/instances/miplib/easy/supportcase18.mps with config: /scratch/yorig/mpils-results-grid-seconds-5-no-mip-start/easy/8proc/seed-4/9_supportcase18_seed-4_20260502_234612/iterated_local_search/run_3_worker_3/ils_config_12356941546431337779.prm
[INFO]:[23:49:30] Starting CPLEX solver on instance: /home/yorig/tuner/mpils-tests/instances/miplib/easy/supportcase18.mps with config: /scratch/yorig/mpils-results-grid-seconds-5-no-mip-start/easy/8proc/seed-4/9_supportcase18_seed-4_20260502_234612/iterated_local_search/run_3_worker_3/ils_config_12356941546431337779.prm
[INFO]:[23:49:35] CPLEX results. Gap: 7.480000, upper bound: 51.000000, lower bound: 47.186667
[INFO]:[23:49:35] CPLEX solver finished. Gap: 7.480000
[INFO]:[23:49:35] New incumbent found with objective value: 7.48
[INFO]:[23:49:35] Starting CPLEX solver on instance: /home/yorig/tuner/mpils-tests/instances/miplib/easy/supportcase18.mps with config: /scratch/yorig/mpils-results-grid-seconds-5-no-mip-start/easy/8proc/seed-4/9_supportcase18_seed-4_20260502_234612/iterated_local_search/run_3_worker_3/ils_config_9932748730755186088.prm
[INFO]:[23:49:35] Starting CPLEX solver on instance: /home/yorig/tuner/mpils-tests/instances/miplib/easy/supportcase18.mps with config: /scratch/yorig/mpils-results-grid-seconds-5-no-mip-start/easy/8proc/seed-4/9_supportcase18_seed-4_20260502_234612/iterated_local_search/run_3_worker_3/ils_config_9932748730755186088.prm
[INFO]:[23:49:40] CPLEX results. Gap: 7.480000, upper bound: 51.000000, lower bound: 47.186667
[INFO]:[23:49:40] CPLEX solver finished. Gap: 7.480000
[INFO]:[23:49:40] Starting CPLEX solver on instance: /home/yorig/tuner/mpils-tests/instances/miplib/easy/supportcase18.mps with config: /scratch/yorig/mpils-results-grid-seconds-5-no-mip-start/easy/8proc/seed-4/9_supportcase18_seed-4_20260502_234612/iterated_local_search/run_3_worker_3/ils_config_13684002007512038706.prm
[INFO]:[23:49:40] Starting CPLEX solver on instance: /home/yorig/tuner/mpils-tests/instances/miplib/easy/supportcase18.mps with config: /scratch/yorig/mpils-results-grid-seconds-5-no-mip-start/easy/8proc/seed-4/9_supportcase18_seed-4_20260502_234612/iterated_local_search/run_3_worker_3/ils_config_13684002007512038706.prm
[INFO]:[23:49:45] CPLEX results. Gap: 7.480000, upper bound: 51.000000, lower bound: 47.186667
[INFO]:[23:49:45] CPLEX solver finished. Gap: 7.480000
[INFO]:[23:49:45] Starting CPLEX solver on instance: /home/yorig/tuner/mpils-tests/instances/miplib/easy/supportcase18.mps with config: /scratch/yorig/mpils-results-grid-seconds-5-no-mip-start/easy/8proc/seed-4/9_supportcase18_seed-4_20260502_234612/iterated_local_search/run_3_worker_3/ils_config_5027621782127298566.prm
[INFO]:[23:49:45] Starting CPLEX solver on instance: /home/yorig/tuner/mpils-tests/instances/miplib/easy/supportcase18.mps with config: /scratch/yorig/mpils-results-grid-seconds-5-no-mip-start/easy/8proc/seed-4/9_supportcase18_seed-4_20260502_234612/iterated_local_search/run_3_worker_3/ils_config_5027621782127298566.prm
[INFO]:[23:49:50] CPLEX results. Gap: 7.480000, upper bound: 51.000000, lower bound: 47.186667
[INFO]:[23:49:50] CPLEX solver finished. Gap: 7.480000
[INFO]:[23:49:50] Local search phase completed.
[INFO]:[23:49:50] Total number of new local-search evaluations: 5
[INFO]:[23:49:50] Final incumbent objective value: 7.48
[INFO]:[23:49:50] Worker 3 completed exploration phase.
[INFO]:[23:49:51] Worker 3 received order for step 2.
[INFO]:[23:49:51] Worker 3 running expansion phase for iteration 3.
[INFO]:[23:49:51] Worker 3 will use solver log file: /scratch/yorig/mpils-results-grid-seconds-5-no-mip-start/easy/8proc/seed-4/9_supportcase18_seed-4_20260502_234612/solver/cplex.log_iteration_expansion_3_worker_3
[INFO]:[23:49:51] Expansion Worker 3 starting expansion for iteration 3.
[INFO]:[23:49:51] Starting CPLEX solver on instance: /home/yorig/tuner/mpils-tests/instances/miplib/easy/supportcase18.mps with config: /scratch/yorig/mpils-results-grid-seconds-5-no-mip-start/easy/8proc/seed-4/9_supportcase18_seed-4_20260502_234612/expansion/config_param_CPXPARAM_Preprocessing_Fill_2_iter_3.prm
[INFO]:[23:49:56] CPLEX results. Gap: 3.700000, upper bound: 49.000000, lower bound: 47.186667
[INFO]:[23:49:56] CPLEX solver finished. Gap: 3.700000
[INFO]:[23:49:56] Starting CPLEX solver on instance: /home/yorig/tuner/mpils-tests/instances/miplib/easy/supportcase18.mps with config: /scratch/yorig/mpils-results-grid-seconds-5-no-mip-start/easy/8proc/seed-4/9_supportcase18_seed-4_20260502_234612/expansion/config_param_CPXPARAM_Preprocessing_Fill_5_iter_3.prm
[INFO]:[23:50:01] CPLEX results. Gap: 3.700000, upper bound: 49.000000, lower bound: 47.186667
[INFO]:[23:50:01] CPLEX solver finished. Gap: 3.700000
[INFO]:[23:50:01] Starting CPLEX solver on instance: /home/yorig/tuner/mpils-tests/instances/miplib/easy/supportcase18.mps with config: /scratch/yorig/mpils-results-grid-seconds-5-no-mip-start/easy/8proc/seed-4/9_supportcase18_seed-4_20260502_234612/expansion/config_param_CPXPARAM_Preprocessing_Fill_20_iter_3.prm
[INFO]:[23:50:06] CPLEX results. Gap: 3.700000, upper bound: 49.000000, lower bound: 47.186667
[INFO]:[23:50:06] CPLEX solver finished. Gap: 3.700000
[INFO]:[23:50:06] Starting CPLEX solver on instance: /home/yorig/tuner/mpils-tests/instances/miplib/easy/supportcase18.mps with config: /scratch/yorig/mpils-results-grid-seconds-5-no-mip-start/easy/8proc/seed-4/9_supportcase18_seed-4_20260502_234612/expansion/config_param_CPXPARAM_Preprocessing_Fill_40_iter_3.prm
[INFO]:[23:50:11] CPLEX results. Gap: 3.700000, upper bound: 49.000000, lower bound: 47.186667
[INFO]:[23:50:11] CPLEX solver finished. Gap: 3.700000
[INFO]:[23:50:11] Expansion Worker 3 completed expansion.
[INFO]:[23:50:11] Worker 3 completed expansion phase.
[INFO]:[23:50:11] Worker 3 received order for step 1.
[INFO]:[23:50:11] Worker 3 running exploration phase for iteration 4.
[INFO]:[23:50:11] Worker 3 at iteration 4 will not use a MIP start file. Current best MIP-start upper bound threshold is 49.
[INFO]:[23:50:11] Starting local search phase...
[INFO]:[23:50:11] Creating local search space from parameter space file: /scratch/yorig/mpils-results-grid-seconds-5-no-mip-start/easy/8proc/seed-4/9_supportcase18_seed-4_20260502_234612/iterated_local_search/search_space/search_space_file_4_worker_3.txt
[INFO]:[23:50:11] Local search space loaded from file: /scratch/yorig/mpils-results-grid-seconds-5-no-mip-start/easy/8proc/seed-4/9_supportcase18_seed-4_20260502_234612/iterated_local_search/search_space/search_space_file_4_worker_3.txt
[INFO]:[23:50:11] Number of parameters in local search space: 71
[INFO]:[23:50:11] Number of forbidden tuples in local search space: 38
[INFO]:[23:50:11] Number of conditionals in local search space: 6
[INFO]:[23:50:11] MIP start option not enabled. Local search will proceed without MIP start.
[INFO]:[23:50:11] Evaluating initial configuration for local search phase...
[INFO]:[23:50:11] Starting CPLEX solver on instance: /home/yorig/tuner/mpils-tests/instances/miplib/easy/supportcase18.mps with config: /scratch/yorig/mpils-results-grid-seconds-5-no-mip-start/easy/8proc/seed-4/9_supportcase18_seed-4_20260502_234612/iterated_local_search/run_4_worker_3/ils_config_1395810167598541855.prm
[INFO]:[23:50:11] Starting CPLEX solver on instance: /home/yorig/tuner/mpils-tests/instances/miplib/easy/supportcase18.mps with config: /scratch/yorig/mpils-results-grid-seconds-5-no-mip-start/easy/8proc/seed-4/9_supportcase18_seed-4_20260502_234612/iterated_local_search/run_4_worker_3/ils_config_1395810167598541855.prm
[INFO]:[23:50:16] CPLEX results. Gap: 3.700000, upper bound: 49.000000, lower bound: 47.186667
[INFO]:[23:50:16] CPLEX solver finished. Gap: 3.700000
[INFO]:[23:50:16] Initial configuration evaluated with objective value: 3.7
[INFO]:[23:50:16] Starting CPLEX solver on instance: /home/yorig/tuner/mpils-tests/instances/miplib/easy/supportcase18.mps with config: /scratch/yorig/mpils-results-grid-seconds-5-no-mip-start/easy/8proc/seed-4/9_supportcase18_seed-4_20260502_234612/iterated_local_search/run_4_worker_3/ils_config_11083577455698326114.prm
[INFO]:[23:50:16] Starting CPLEX solver on instance: /home/yorig/tuner/mpils-tests/instances/miplib/easy/supportcase18.mps with config: /scratch/yorig/mpils-results-grid-seconds-5-no-mip-start/easy/8proc/seed-4/9_supportcase18_seed-4_20260502_234612/iterated_local_search/run_4_worker_3/ils_config_11083577455698326114.prm
[INFO]:[23:50:21] CPLEX results. Gap: 3.700000, upper bound: 49.000000, lower bound: 47.186667
[INFO]:[23:50:21] CPLEX solver finished. Gap: 3.700000
[INFO]:[23:50:21] Starting CPLEX solver on instance: /home/yorig/tuner/mpils-tests/instances/miplib/easy/supportcase18.mps with config: /scratch/yorig/mpils-results-grid-seconds-5-no-mip-start/easy/8proc/seed-4/9_supportcase18_seed-4_20260502_234612/iterated_local_search/run_4_worker_3/ils_config_9945812683207874984.prm
[INFO]:[23:50:21] Starting CPLEX solver on instance: /home/yorig/tuner/mpils-tests/instances/miplib/easy/supportcase18.mps with config: /scratch/yorig/mpils-results-grid-seconds-5-no-mip-start/easy/8proc/seed-4/9_supportcase18_seed-4_20260502_234612/iterated_local_search/run_4_worker_3/ils_config_9945812683207874984.prm
[INFO]:[23:50:26] CPLEX results. Gap: 3.700000, upper bound: 49.000000, lower bound: 47.186667
[INFO]:[23:50:26] CPLEX solver finished. Gap: 3.700000
[INFO]:[23:50:26] Starting CPLEX solver on instance: /home/yorig/tuner/mpils-tests/instances/miplib/easy/supportcase18.mps with config: /scratch/yorig/mpils-results-grid-seconds-5-no-mip-start/easy/8proc/seed-4/9_supportcase18_seed-4_20260502_234612/iterated_local_search/run_4_worker_3/ils_config_12303213141915797038.prm
[INFO]:[23:50:26] Starting CPLEX solver on instance: /home/yorig/tuner/mpils-tests/instances/miplib/easy/supportcase18.mps with config: /scratch/yorig/mpils-results-grid-seconds-5-no-mip-start/easy/8proc/seed-4/9_supportcase18_seed-4_20260502_234612/iterated_local_search/run_4_worker_3/ils_config_12303213141915797038.prm
[INFO]:[23:50:31] CPLEX results. Gap: 3.700000, upper bound: 49.000000, lower bound: 47.186667
[INFO]:[23:50:31] CPLEX solver finished. Gap: 3.700000
[INFO]:[23:50:31] Starting CPLEX solver on instance: /home/yorig/tuner/mpils-tests/instances/miplib/easy/supportcase18.mps with config: /scratch/yorig/mpils-results-grid-seconds-5-no-mip-start/easy/8proc/seed-4/9_supportcase18_seed-4_20260502_234612/iterated_local_search/run_4_worker_3/ils_config_2002582693541512695.prm
[INFO]:[23:50:31] Starting CPLEX solver on instance: /home/yorig/tuner/mpils-tests/instances/miplib/easy/supportcase18.mps with config: /scratch/yorig/mpils-results-grid-seconds-5-no-mip-start/easy/8proc/seed-4/9_supportcase18_seed-4_20260502_234612/iterated_local_search/run_4_worker_3/ils_config_2002582693541512695.prm
[INFO]:[23:50:36] CPLEX results. Gap: 3.700000, upper bound: 49.000000, lower bound: 47.186667
[INFO]:[23:50:36] CPLEX solver finished. Gap: 3.700000
[INFO]:[23:50:36] Starting CPLEX solver on instance: /home/yorig/tuner/mpils-tests/instances/miplib/easy/supportcase18.mps with config: /scratch/yorig/mpils-results-grid-seconds-5-no-mip-start/easy/8proc/seed-4/9_supportcase18_seed-4_20260502_234612/iterated_local_search/run_4_worker_3/ils_config_15872931764788288801.prm
[INFO]:[23:50:36] Starting CPLEX solver on instance: /home/yorig/tuner/mpils-tests/instances/miplib/easy/supportcase18.mps with config: /scratch/yorig/mpils-results-grid-seconds-5-no-mip-start/easy/8proc/seed-4/9_supportcase18_seed-4_20260502_234612/iterated_local_search/run_4_worker_3/ils_config_15872931764788288801.prm
[INFO]:[23:50:41] CPLEX results. Gap: 3.700000, upper bound: 49.000000, lower bound: 47.186667
[INFO]:[23:50:41] CPLEX solver finished. Gap: 3.700000
[INFO]:[23:50:41] Starting CPLEX solver on instance: /home/yorig/tuner/mpils-tests/instances/miplib/easy/supportcase18.mps with config: /scratch/yorig/mpils-results-grid-seconds-5-no-mip-start/easy/8proc/seed-4/9_supportcase18_seed-4_20260502_234612/iterated_local_search/run_4_worker_3/ils_config_12876742522024019273.prm
[INFO]:[23:50:41] Starting CPLEX solver on instance: /home/yorig/tuner/mpils-tests/instances/miplib/easy/supportcase18.mps with config: /scratch/yorig/mpils-results-grid-seconds-5-no-mip-start/easy/8proc/seed-4/9_supportcase18_seed-4_20260502_234612/iterated_local_search/run_4_worker_3/ils_config_12876742522024019273.prm
[INFO]:[23:50:46] CPLEX results. Gap: 3.700000, upper bound: 49.000000, lower bound: 47.186667
[INFO]:[23:50:46] CPLEX solver finished. Gap: 3.700000
[INFO]:[23:50:46] Local search phase completed.
[INFO]:[23:50:46] Total number of new local-search evaluations: 7
[INFO]:[23:50:46] Final incumbent objective value: 3.7
[INFO]:[23:50:46] Worker 3 completed exploration phase.
[INFO]:[23:50:46] Worker 3 received order for step 2.
[INFO]:[23:50:46] Worker 3 running expansion phase for iteration 4.
[INFO]:[23:50:46] Worker 3 will use solver log file: /scratch/yorig/mpils-results-grid-seconds-5-no-mip-start/easy/8proc/seed-4/9_supportcase18_seed-4_20260502_234612/solver/cplex.log_iteration_expansion_4_worker_3
[INFO]:[23:50:46] Expansion Worker 3 starting expansion for iteration 4.
[INFO]:[23:50:46] Starting CPLEX solver on instance: /home/yorig/tuner/mpils-tests/instances/miplib/easy/supportcase18.mps with config: /scratch/yorig/mpils-results-grid-seconds-5-no-mip-start/easy/8proc/seed-4/9_supportcase18_seed-4_20260502_234612/expansion/config_param_CPXPARAM_MIP_OrderType_3_iter_4.prm
[INFO]:[23:50:51] CPLEX results. Gap: 3.700000, upper bound: 49.000000, lower bound: 47.186667
[INFO]:[23:50:51] CPLEX solver finished. Gap: 3.700000
[INFO]:[23:50:51] Starting CPLEX solver on instance: /home/yorig/tuner/mpils-tests/instances/miplib/easy/supportcase18.mps with config: /scratch/yorig/mpils-results-grid-seconds-5-no-mip-start/easy/8proc/seed-4/9_supportcase18_seed-4_20260502_234612/expansion/config_param_CPXPARAM_Network_NetFind_1_iter_4.prm
[INFO]:[23:50:56] CPLEX results. Gap: 3.700000, upper bound: 49.000000, lower bound: 47.186667
[INFO]:[23:50:56] CPLEX solver finished. Gap: 3.700000
[INFO]:[23:50:56] Starting CPLEX solver on instance: /home/yorig/tuner/mpils-tests/instances/miplib/easy/supportcase18.mps with config: /scratch/yorig/mpils-results-grid-seconds-5-no-mip-start/easy/8proc/seed-4/9_supportcase18_seed-4_20260502_234612/expansion/config_param_CPXPARAM_Network_NetFind_3_iter_4.prm
[INFO]:[23:51:01] CPLEX results. Gap: 3.700000, upper bound: 49.000000, lower bound: 47.186667
[INFO]:[23:51:01] CPLEX solver finished. Gap: 3.700000
[INFO]:[23:51:06] Expansion Worker 3 completed expansion.
[INFO]:[23:51:06] Worker 3 completed expansion phase.
[INFO]:[23:51:07] Worker 3 received order for step 1.
[INFO]:[23:51:07] Worker 3 running exploration phase for iteration 5.
[INFO]:[23:51:07] Worker 3 at iteration 5 will not use a MIP start file. Current best MIP-start upper bound threshold is 49.
[INFO]:[23:51:07] Starting local search phase...
[INFO]:[23:51:07] Creating local search space from parameter space file: /scratch/yorig/mpils-results-grid-seconds-5-no-mip-start/easy/8proc/seed-4/9_supportcase18_seed-4_20260502_234612/iterated_local_search/search_space/search_space_file_5_worker_3.txt
[INFO]:[23:51:07] Local search space loaded from file: /scratch/yorig/mpils-results-grid-seconds-5-no-mip-start/easy/8proc/seed-4/9_supportcase18_seed-4_20260502_234612/iterated_local_search/search_space/search_space_file_5_worker_3.txt
[INFO]:[23:51:07] Number of parameters in local search space: 71
[INFO]:[23:51:07] Number of forbidden tuples in local search space: 60
[INFO]:[23:51:07] Number of conditionals in local search space: 6
[INFO]:[23:51:07] MIP start option not enabled. Local search will proceed without MIP start.
[INFO]:[23:51:07] Evaluating initial configuration for local search phase...
[INFO]:[23:51:07] Starting CPLEX solver on instance: /home/yorig/tuner/mpils-tests/instances/miplib/easy/supportcase18.mps with config: /scratch/yorig/mpils-results-grid-seconds-5-no-mip-start/easy/8proc/seed-4/9_supportcase18_seed-4_20260502_234612/iterated_local_search/run_5_worker_3/ils_config_6303427020945023846.prm
[INFO]:[23:51:07] Starting CPLEX solver on instance: /home/yorig/tuner/mpils-tests/instances/miplib/easy/supportcase18.mps with config: /scratch/yorig/mpils-results-grid-seconds-5-no-mip-start/easy/8proc/seed-4/9_supportcase18_seed-4_20260502_234612/iterated_local_search/run_5_worker_3/ils_config_6303427020945023846.prm
[INFO]:[23:51:12] CPLEX results. Gap: 5.630000, upper bound: 50.000000, lower bound: 47.186667
[INFO]:[23:51:12] CPLEX solver finished. Gap: 5.630000
[INFO]:[23:51:12] Initial configuration evaluated with objective value: 5.63
[INFO]:[23:51:12] Starting CPLEX solver on instance: /home/yorig/tuner/mpils-tests/instances/miplib/easy/supportcase18.mps with config: /scratch/yorig/mpils-results-grid-seconds-5-no-mip-start/easy/8proc/seed-4/9_supportcase18_seed-4_20260502_234612/iterated_local_search/run_5_worker_3/ils_config_1422992291181194253.prm
[INFO]:[23:51:12] Starting CPLEX solver on instance: /home/yorig/tuner/mpils-tests/instances/miplib/easy/supportcase18.mps with config: /scratch/yorig/mpils-results-grid-seconds-5-no-mip-start/easy/8proc/seed-4/9_supportcase18_seed-4_20260502_234612/iterated_local_search/run_5_worker_3/ils_config_1422992291181194253.prm
[INFO]:[23:51:17] CPLEX results. Gap: 5.630000, upper bound: 50.000000, lower bound: 47.186667
[INFO]:[23:51:17] CPLEX solver finished. Gap: 5.630000
[INFO]:[23:51:17] Starting CPLEX solver on instance: /home/yorig/tuner/mpils-tests/instances/miplib/easy/supportcase18.mps with config: /scratch/yorig/mpils-results-grid-seconds-5-no-mip-start/easy/8proc/seed-4/9_supportcase18_seed-4_20260502_234612/iterated_local_search/run_5_worker_3/ils_config_14800744425176402798.prm
[INFO]:[23:51:17] Starting CPLEX solver on instance: /home/yorig/tuner/mpils-tests/instances/miplib/easy/supportcase18.mps with config: /scratch/yorig/mpils-results-grid-seconds-5-no-mip-start/easy/8proc/seed-4/9_supportcase18_seed-4_20260502_234612/iterated_local_search/run_5_worker_3/ils_config_14800744425176402798.prm
[INFO]:[23:51:22] CPLEX results. Gap: 5.630000, upper bound: 50.000000, lower bound: 47.186667
[INFO]:[23:51:22] CPLEX solver finished. Gap: 5.630000
[INFO]:[23:51:22] Starting CPLEX solver on instance: /home/yorig/tuner/mpils-tests/instances/miplib/easy/supportcase18.mps with config: /scratch/yorig/mpils-results-grid-seconds-5-no-mip-start/easy/8proc/seed-4/9_supportcase18_seed-4_20260502_234612/iterated_local_search/run_5_worker_3/ils_config_12975290912285009817.prm
[INFO]:[23:51:22] Starting CPLEX solver on instance: /home/yorig/tuner/mpils-tests/instances/miplib/easy/supportcase18.mps with config: /scratch/yorig/mpils-results-grid-seconds-5-no-mip-start/easy/8proc/seed-4/9_supportcase18_seed-4_20260502_234612/iterated_local_search/run_5_worker_3/ils_config_12975290912285009817.prm
[INFO]:[23:51:27] CPLEX results. Gap: 5.630000, upper bound: 50.000000, lower bound: 47.186667
[INFO]:[23:51:27] CPLEX solver finished. Gap: 5.630000
[INFO]:[23:51:27] Starting CPLEX solver on instance: /home/yorig/tuner/mpils-tests/instances/miplib/easy/supportcase18.mps with config: /scratch/yorig/mpils-results-grid-seconds-5-no-mip-start/easy/8proc/seed-4/9_supportcase18_seed-4_20260502_234612/iterated_local_search/run_5_worker_3/ils_config_5617166310317000477.prm
[INFO]:[23:51:27] Starting CPLEX solver on instance: /home/yorig/tuner/mpils-tests/instances/miplib/easy/supportcase18.mps with config: /scratch/yorig/mpils-results-grid-seconds-5-no-mip-start/easy/8proc/seed-4/9_supportcase18_seed-4_20260502_234612/iterated_local_search/run_5_worker_3/ils_config_5617166310317000477.prm
[INFO]:[23:51:32] CPLEX results. Gap: 5.630000, upper bound: 50.000000, lower bound: 47.186667
[INFO]:[23:51:32] CPLEX solver finished. Gap: 5.630000
[INFO]:[23:51:32] Starting CPLEX solver on instance: /home/yorig/tuner/mpils-tests/instances/miplib/easy/supportcase18.mps with config: /scratch/yorig/mpils-results-grid-seconds-5-no-mip-start/easy/8proc/seed-4/9_supportcase18_seed-4_20260502_234612/iterated_local_search/run_5_worker_3/ils_config_11887469790884929506.prm
[INFO]:[23:51:32] Starting CPLEX solver on instance: /home/yorig/tuner/mpils-tests/instances/miplib/easy/supportcase18.mps with config: /scratch/yorig/mpils-results-grid-seconds-5-no-mip-start/easy/8proc/seed-4/9_supportcase18_seed-4_20260502_234612/iterated_local_search/run_5_worker_3/ils_config_11887469790884929506.prm
[INFO]:[23:51:37] CPLEX results. Gap: 5.630000, upper bound: 50.000000, lower bound: 47.186667
[INFO]:[23:51:37] CPLEX solver finished. Gap: 5.630000
[INFO]:[23:51:37] Starting CPLEX solver on instance: /home/yorig/tuner/mpils-tests/instances/miplib/easy/supportcase18.mps with config: /scratch/yorig/mpils-results-grid-seconds-5-no-mip-start/easy/8proc/seed-4/9_supportcase18_seed-4_20260502_234612/iterated_local_search/run_5_worker_3/ils_config_937696414860285206.prm
[INFO]:[23:51:37] Starting CPLEX solver on instance: /home/yorig/tuner/mpils-tests/instances/miplib/easy/supportcase18.mps with config: /scratch/yorig/mpils-results-grid-seconds-5-no-mip-start/easy/8proc/seed-4/9_supportcase18_seed-4_20260502_234612/iterated_local_search/run_5_worker_3/ils_config_937696414860285206.prm
[INFO]:[23:51:42] CPLEX results. Gap: 5.630000, upper bound: 50.000000, lower bound: 47.186667
[INFO]:[23:51:42] CPLEX solver finished. Gap: 5.630000
[INFO]:[23:51:42] Starting CPLEX solver on instance: /home/yorig/tuner/mpils-tests/instances/miplib/easy/supportcase18.mps with config: /scratch/yorig/mpils-results-grid-seconds-5-no-mip-start/easy/8proc/seed-4/9_supportcase18_seed-4_20260502_234612/iterated_local_search/run_5_worker_3/ils_config_17979272584536901295.prm
[INFO]:[23:51:42] Starting CPLEX solver on instance: /home/yorig/tuner/mpils-tests/instances/miplib/easy/supportcase18.mps with config: /scratch/yorig/mpils-results-grid-seconds-5-no-mip-start/easy/8proc/seed-4/9_supportcase18_seed-4_20260502_234612/iterated_local_search/run_5_worker_3/ils_config_17979272584536901295.prm
[INFO]:[23:51:47] CPLEX results. Gap: 5.630000, upper bound: 50.000000, lower bound: 47.186667
[INFO]:[23:51:47] CPLEX solver finished. Gap: 5.630000
[INFO]:[23:51:47] Starting CPLEX solver on instance: /home/yorig/tuner/mpils-tests/instances/miplib/easy/supportcase18.mps with config: /scratch/yorig/mpils-results-grid-seconds-5-no-mip-start/easy/8proc/seed-4/9_supportcase18_seed-4_20260502_234612/iterated_local_search/run_5_worker_3/ils_config_3407915419013191850.prm
[INFO]:[23:51:47] Starting CPLEX solver on instance: /home/yorig/tuner/mpils-tests/instances/miplib/easy/supportcase18.mps with config: /scratch/yorig/mpils-results-grid-seconds-5-no-mip-start/easy/8proc/seed-4/9_supportcase18_seed-4_20260502_234612/iterated_local_search/run_5_worker_3/ils_config_3407915419013191850.prm
[INFO]:[23:51:52] CPLEX results. Gap: 5.630000, upper bound: 50.000000, lower bound: 47.186667
[INFO]:[23:51:52] CPLEX solver finished. Gap: 5.630000
[INFO]:[23:51:52] Starting CPLEX solver on instance: /home/yorig/tuner/mpils-tests/instances/miplib/easy/supportcase18.mps with config: /scratch/yorig/mpils-results-grid-seconds-5-no-mip-start/easy/8proc/seed-4/9_supportcase18_seed-4_20260502_234612/iterated_local_search/run_5_worker_3/ils_config_6825021056008663086.prm
[INFO]:[23:51:52] Starting CPLEX solver on instance: /home/yorig/tuner/mpils-tests/instances/miplib/easy/supportcase18.mps with config: /scratch/yorig/mpils-results-grid-seconds-5-no-mip-start/easy/8proc/seed-4/9_supportcase18_seed-4_20260502_234612/iterated_local_search/run_5_worker_3/ils_config_6825021056008663086.prm
[INFO]:[23:51:57] CPLEX results. Gap: 5.630000, upper bound: 50.000000, lower bound: 47.186667
[INFO]:[23:51:57] CPLEX solver finished. Gap: 5.630000
[INFO]:[23:51:57] Starting CPLEX solver on instance: /home/yorig/tuner/mpils-tests/instances/miplib/easy/supportcase18.mps with config: /scratch/yorig/mpils-results-grid-seconds-5-no-mip-start/easy/8proc/seed-4/9_supportcase18_seed-4_20260502_234612/iterated_local_search/run_5_worker_3/ils_config_10648686057073576012.prm
[INFO]:[23:51:57] Starting CPLEX solver on instance: /home/yorig/tuner/mpils-tests/instances/miplib/easy/supportcase18.mps with config: /scratch/yorig/mpils-results-grid-seconds-5-no-mip-start/easy/8proc/seed-4/9_supportcase18_seed-4_20260502_234612/iterated_local_search/run_5_worker_3/ils_config_10648686057073576012.prm
[INFO]:[23:52:02] CPLEX results. Gap: 5.630000, upper bound: 50.000000, lower bound: 47.186667
[INFO]:[23:52:02] CPLEX solver finished. Gap: 5.630000
[INFO]:[23:52:02] Starting CPLEX solver on instance: /home/yorig/tuner/mpils-tests/instances/miplib/easy/supportcase18.mps with config: /scratch/yorig/mpils-results-grid-seconds-5-no-mip-start/easy/8proc/seed-4/9_supportcase18_seed-4_20260502_234612/iterated_local_search/run_5_worker_3/ils_config_668902525050043949.prm
[INFO]:[23:52:02] Starting CPLEX solver on instance: /home/yorig/tuner/mpils-tests/instances/miplib/easy/supportcase18.mps with config: /scratch/yorig/mpils-results-grid-seconds-5-no-mip-start/easy/8proc/seed-4/9_supportcase18_seed-4_20260502_234612/iterated_local_search/run_5_worker_3/ils_config_668902525050043949.prm
[INFO]:[23:52:07] CPLEX results. Gap: 5.630000, upper bound: 50.000000, lower bound: 47.186667
[INFO]:[23:52:07] CPLEX solver finished. Gap: 5.630000
[INFO]:[23:52:07] Starting CPLEX solver on instance: /home/yorig/tuner/mpils-tests/instances/miplib/easy/supportcase18.mps with config: /scratch/yorig/mpils-results-grid-seconds-5-no-mip-start/easy/8proc/seed-4/9_supportcase18_seed-4_20260502_234612/iterated_local_search/run_5_worker_3/ils_config_12361885733515147564.prm
[INFO]:[23:52:07] Starting CPLEX solver on instance: /home/yorig/tuner/mpils-tests/instances/miplib/easy/supportcase18.mps with config: /scratch/yorig/mpils-results-grid-seconds-5-no-mip-start/easy/8proc/seed-4/9_supportcase18_seed-4_20260502_234612/iterated_local_search/run_5_worker_3/ils_config_12361885733515147564.prm
[INFO]:[23:52:12] CPLEX results. Gap: 5.630000, upper bound: 50.000000, lower bound: 47.186667
[INFO]:[23:52:12] CPLEX solver finished. Gap: 5.630000
[INFO]:[23:52:12] Starting CPLEX solver on instance: /home/yorig/tuner/mpils-tests/instances/miplib/easy/supportcase18.mps with config: /scratch/yorig/mpils-results-grid-seconds-5-no-mip-start/easy/8proc/seed-4/9_supportcase18_seed-4_20260502_234612/iterated_local_search/run_5_worker_3/ils_config_4226974999214138291.prm
[INFO]:[23:52:12] Starting CPLEX solver on instance: /home/yorig/tuner/mpils-tests/instances/miplib/easy/supportcase18.mps with config: /scratch/yorig/mpils-results-grid-seconds-5-no-mip-start/easy/8proc/seed-4/9_supportcase18_seed-4_20260502_234612/iterated_local_search/run_5_worker_3/ils_config_4226974999214138291.prm
[INFO]:[23:52:17] CPLEX results. Gap: 5.630000, upper bound: 50.000000, lower bound: 47.186667
[INFO]:[23:52:17] CPLEX solver finished. Gap: 5.630000
[INFO]:[23:52:17] Starting CPLEX solver on instance: /home/yorig/tuner/mpils-tests/instances/miplib/easy/supportcase18.mps with config: /scratch/yorig/mpils-results-grid-seconds-5-no-mip-start/easy/8proc/seed-4/9_supportcase18_seed-4_20260502_234612/iterated_local_search/run_5_worker_3/ils_config_337686879341068093.prm
[INFO]:[23:52:17] Starting CPLEX solver on instance: /home/yorig/tuner/mpils-tests/instances/miplib/easy/supportcase18.mps with config: /scratch/yorig/mpils-results-grid-seconds-5-no-mip-start/easy/8proc/seed-4/9_supportcase18_seed-4_20260502_234612/iterated_local_search/run_5_worker_3/ils_config_337686879341068093.prm
[INFO]:[23:52:22] CPLEX results. Gap: 5.630000, upper bound: 50.000000, lower bound: 47.186667
[INFO]:[23:52:22] CPLEX solver finished. Gap: 5.630000
[INFO]:[23:52:22] Starting CPLEX solver on instance: /home/yorig/tuner/mpils-tests/instances/miplib/easy/supportcase18.mps with config: /scratch/yorig/mpils-results-grid-seconds-5-no-mip-start/easy/8proc/seed-4/9_supportcase18_seed-4_20260502_234612/iterated_local_search/run_5_worker_3/ils_config_11456549306996341879.prm
[INFO]:[23:52:22] Starting CPLEX solver on instance: /home/yorig/tuner/mpils-tests/instances/miplib/easy/supportcase18.mps with config: /scratch/yorig/mpils-results-grid-seconds-5-no-mip-start/easy/8proc/seed-4/9_supportcase18_seed-4_20260502_234612/iterated_local_search/run_5_worker_3/ils_config_11456549306996341879.prm
[INFO]:[23:52:27] CPLEX results. Gap: 3.700000, upper bound: 49.000000, lower bound: 47.186667
[INFO]:[23:52:27] CPLEX solver finished. Gap: 3.700000
[INFO]:[23:52:27] New incumbent found with objective value: 3.7
[INFO]:[23:52:27] Starting CPLEX solver on instance: /home/yorig/tuner/mpils-tests/instances/miplib/easy/supportcase18.mps with config: /scratch/yorig/mpils-results-grid-seconds-5-no-mip-start/easy/8proc/seed-4/9_supportcase18_seed-4_20260502_234612/iterated_local_search/run_5_worker_3/ils_config_9696468071188064954.prm
[INFO]:[23:52:27] Starting CPLEX solver on instance: /home/yorig/tuner/mpils-tests/instances/miplib/easy/supportcase18.mps with config: /scratch/yorig/mpils-results-grid-seconds-5-no-mip-start/easy/8proc/seed-4/9_supportcase18_seed-4_20260502_234612/iterated_local_search/run_5_worker_3/ils_config_9696468071188064954.prm
[INFO]:[23:52:32] CPLEX results. Gap: 5.630000, upper bound: 50.000000, lower bound: 47.186667
[INFO]:[23:52:32] CPLEX solver finished. Gap: 5.630000
[INFO]:[23:52:32] Starting CPLEX solver on instance: /home/yorig/tuner/mpils-tests/instances/miplib/easy/supportcase18.mps with config: /scratch/yorig/mpils-results-grid-seconds-5-no-mip-start/easy/8proc/seed-4/9_supportcase18_seed-4_20260502_234612/iterated_local_search/run_5_worker_3/ils_config_2367416317155775678.prm
[INFO]:[23:52:32] Starting CPLEX solver on instance: /home/yorig/tuner/mpils-tests/instances/miplib/easy/supportcase18.mps with config: /scratch/yorig/mpils-results-grid-seconds-5-no-mip-start/easy/8proc/seed-4/9_supportcase18_seed-4_20260502_234612/iterated_local_search/run_5_worker_3/ils_config_2367416317155775678.prm
[INFO]:[23:52:37] CPLEX results. Gap: 5.630000, upper bound: 50.000000, lower bound: 47.186667
[INFO]:[23:52:37] CPLEX solver finished. Gap: 5.630000
[INFO]:[23:52:37] Local search phase completed.
[INFO]:[23:52:37] Total number of new local-search evaluations: 18
[INFO]:[23:52:37] Final incumbent objective value: 3.7
[INFO]:[23:52:38] Worker 3 completed exploration phase.
[INFO]:[23:52:38] Worker 3 received order for step 2.
[INFO]:[23:52:38] Worker 3 running expansion phase for iteration 5.
[INFO]:[23:52:38] Worker 3 will use solver log file: /scratch/yorig/mpils-results-grid-seconds-5-no-mip-start/easy/8proc/seed-4/9_supportcase18_seed-4_20260502_234612/solver/cplex.log_iteration_expansion_5_worker_3
[INFO]:[23:52:38] Expansion Worker 3 starting expansion for iteration 5.
[INFO]:[23:52:38] Starting CPLEX solver on instance: /home/yorig/tuner/mpils-tests/instances/miplib/easy/supportcase18.mps with config: /scratch/yorig/mpils-results-grid-seconds-5-no-mip-start/easy/8proc/seed-4/9_supportcase18_seed-4_20260502_234612/expansion/config_param_CPXPARAM_Sifting_Algorithm_1_iter_5.prm
[INFO]:[23:52:43] CPLEX results. Gap: 3.700000, upper bound: 49.000000, lower bound: 47.186667
[INFO]:[23:52:43] CPLEX solver finished. Gap: 3.700000
[INFO]:[23:52:43] Starting CPLEX solver on instance: /home/yorig/tuner/mpils-tests/instances/miplib/easy/supportcase18.mps with config: /scratch/yorig/mpils-results-grid-seconds-5-no-mip-start/easy/8proc/seed-4/9_supportcase18_seed-4_20260502_234612/expansion/config_param_CPXPARAM_Sifting_Algorithm_2_iter_5.prm
[INFO]:[23:52:48] CPLEX results. Gap: 3.700000, upper bound: 49.000000, lower bound: 47.186667
[INFO]:[23:52:48] CPLEX solver finished. Gap: 3.700000
[INFO]:[23:52:48] Starting CPLEX solver on instance: /home/yorig/tuner/mpils-tests/instances/miplib/easy/supportcase18.mps with config: /scratch/yorig/mpils-results-grid-seconds-5-no-mip-start/easy/8proc/seed-4/9_supportcase18_seed-4_20260502_234612/expansion/config_param_CPXPARAM_Sifting_Algorithm_3_iter_5.prm
[INFO]:[23:52:53] CPLEX results. Gap: 3.700000, upper bound: 49.000000, lower bound: 47.186667
[INFO]:[23:52:53] CPLEX solver finished. Gap: 3.700000
[INFO]:[23:52:53] Starting CPLEX solver on instance: /home/yorig/tuner/mpils-tests/instances/miplib/easy/supportcase18.mps with config: /scratch/yorig/mpils-results-grid-seconds-5-no-mip-start/easy/8proc/seed-4/9_supportcase18_seed-4_20260502_234612/expansion/config_param_CPXPARAM_Sifting_Algorithm_4_iter_5.prm
[INFO]:[23:52:58] CPLEX results. Gap: 3.700000, upper bound: 49.000000, lower bound: 47.186667
[INFO]:[23:52:58] CPLEX solver finished. Gap: 3.700000
[INFO]:[23:52:58] Expansion Worker 3 completed expansion.
[INFO]:[23:52:58] Worker 3 completed expansion phase.
[INFO]:[23:52:58] Worker 3 received order for step 1.
[INFO]:[23:52:58] Worker 3 running exploration phase for iteration 6.
[INFO]:[23:52:58] Worker 3 at iteration 6 will not use a MIP start file. Current best MIP-start upper bound threshold is 49.
[INFO]:[23:52:58] Starting local search phase...
[INFO]:[23:52:58] Creating local search space from parameter space file: /scratch/yorig/mpils-results-grid-seconds-5-no-mip-start/easy/8proc/seed-4/9_supportcase18_seed-4_20260502_234612/iterated_local_search/search_space/search_space_file_6_worker_3.txt
[INFO]:[23:52:58] Local search space loaded from file: /scratch/yorig/mpils-results-grid-seconds-5-no-mip-start/easy/8proc/seed-4/9_supportcase18_seed-4_20260502_234612/iterated_local_search/search_space/search_space_file_6_worker_3.txt
[INFO]:[23:52:58] Number of parameters in local search space: 71
[INFO]:[23:52:58] Number of forbidden tuples in local search space: 76
[INFO]:[23:52:58] Number of conditionals in local search space: 6
[INFO]:[23:52:58] MIP start option not enabled. Local search will proceed without MIP start.
[INFO]:[23:52:58] Evaluating initial configuration for local search phase...
[INFO]:[23:52:58] Starting CPLEX solver on instance: /home/yorig/tuner/mpils-tests/instances/miplib/easy/supportcase18.mps with config: /scratch/yorig/mpils-results-grid-seconds-5-no-mip-start/easy/8proc/seed-4/9_supportcase18_seed-4_20260502_234612/iterated_local_search/run_6_worker_3/ils_config_9096216321144422273.prm
[INFO]:[23:52:58] Starting CPLEX solver on instance: /home/yorig/tuner/mpils-tests/instances/miplib/easy/supportcase18.mps with config: /scratch/yorig/mpils-results-grid-seconds-5-no-mip-start/easy/8proc/seed-4/9_supportcase18_seed-4_20260502_234612/iterated_local_search/run_6_worker_3/ils_config_9096216321144422273.prm
[INFO]:[23:53:03] CPLEX results. Gap: 5.630000, upper bound: 50.000000, lower bound: 47.186667
[INFO]:[23:53:03] CPLEX solver finished. Gap: 5.630000
[INFO]:[23:53:03] Initial configuration evaluated with objective value: 5.63
[INFO]:[23:53:03] Starting CPLEX solver on instance: /home/yorig/tuner/mpils-tests/instances/miplib/easy/supportcase18.mps with config: /scratch/yorig/mpils-results-grid-seconds-5-no-mip-start/easy/8proc/seed-4/9_supportcase18_seed-4_20260502_234612/iterated_local_search/run_6_worker_3/ils_config_4333141421151878894.prm
[INFO]:[23:53:03] Starting CPLEX solver on instance: /home/yorig/tuner/mpils-tests/instances/miplib/easy/supportcase18.mps with config: /scratch/yorig/mpils-results-grid-seconds-5-no-mip-start/easy/8proc/seed-4/9_supportcase18_seed-4_20260502_234612/iterated_local_search/run_6_worker_3/ils_config_4333141421151878894.prm
[INFO]:[23:53:08] CPLEX results. Gap: 3.700000, upper bound: 49.000000, lower bound: 47.186667
[INFO]:[23:53:08] CPLEX solver finished. Gap: 3.700000
[INFO]:[23:53:08] New incumbent found with objective value: 3.7
[INFO]:[23:53:08] Starting CPLEX solver on instance: /home/yorig/tuner/mpils-tests/instances/miplib/easy/supportcase18.mps with config: /scratch/yorig/mpils-results-grid-seconds-5-no-mip-start/easy/8proc/seed-4/9_supportcase18_seed-4_20260502_234612/iterated_local_search/run_6_worker_3/ils_config_4261825701591114019.prm
[INFO]:[23:53:08] Starting CPLEX solver on instance: /home/yorig/tuner/mpils-tests/instances/miplib/easy/supportcase18.mps with config: /scratch/yorig/mpils-results-grid-seconds-5-no-mip-start/easy/8proc/seed-4/9_supportcase18_seed-4_20260502_234612/iterated_local_search/run_6_worker_3/ils_config_4261825701591114019.prm
[INFO]:[23:53:13] CPLEX results. Gap: 3.700000, upper bound: 49.000000, lower bound: 47.186667
[INFO]:[23:53:13] CPLEX solver finished. Gap: 3.700000
[INFO]:[23:53:13] Starting CPLEX solver on instance: /home/yorig/tuner/mpils-tests/instances/miplib/easy/supportcase18.mps with config: /scratch/yorig/mpils-results-grid-seconds-5-no-mip-start/easy/8proc/seed-4/9_supportcase18_seed-4_20260502_234612/iterated_local_search/run_6_worker_3/ils_config_4428576716904224660.prm
[INFO]:[23:53:13] Starting CPLEX solver on instance: /home/yorig/tuner/mpils-tests/instances/miplib/easy/supportcase18.mps with config: /scratch/yorig/mpils-results-grid-seconds-5-no-mip-start/easy/8proc/seed-4/9_supportcase18_seed-4_20260502_234612/iterated_local_search/run_6_worker_3/ils_config_4428576716904224660.prm
[INFO]:[23:53:18] CPLEX results. Gap: 3.700000, upper bound: 49.000000, lower bound: 47.186667
[INFO]:[23:53:18] CPLEX solver finished. Gap: 3.700000
[INFO]:[23:53:18] Starting CPLEX solver on instance: /home/yorig/tuner/mpils-tests/instances/miplib/easy/supportcase18.mps with config: /scratch/yorig/mpils-results-grid-seconds-5-no-mip-start/easy/8proc/seed-4/9_supportcase18_seed-4_20260502_234612/iterated_local_search/run_6_worker_3/ils_config_4690876111088801201.prm
[INFO]:[23:53:18] Starting CPLEX solver on instance: /home/yorig/tuner/mpils-tests/instances/miplib/easy/supportcase18.mps with config: /scratch/yorig/mpils-results-grid-seconds-5-no-mip-start/easy/8proc/seed-4/9_supportcase18_seed-4_20260502_234612/iterated_local_search/run_6_worker_3/ils_config_4690876111088801201.prm
[INFO]:[23:53:23] CPLEX results. Gap: 3.700000, upper bound: 49.000000, lower bound: 47.186667
[INFO]:[23:53:23] CPLEX solver finished. Gap: 3.700000
[INFO]:[23:53:23] Starting CPLEX solver on instance: /home/yorig/tuner/mpils-tests/instances/miplib/easy/supportcase18.mps with config: /scratch/yorig/mpils-results-grid-seconds-5-no-mip-start/easy/8proc/seed-4/9_supportcase18_seed-4_20260502_234612/iterated_local_search/run_6_worker_3/ils_config_4868105642708014508.prm
[INFO]:[23:53:23] Starting CPLEX solver on instance: /home/yorig/tuner/mpils-tests/instances/miplib/easy/supportcase18.mps with config: /scratch/yorig/mpils-results-grid-seconds-5-no-mip-start/easy/8proc/seed-4/9_supportcase18_seed-4_20260502_234612/iterated_local_search/run_6_worker_3/ils_config_4868105642708014508.prm
[INFO]:[23:53:29] CPLEX results. Gap: 5.630000, upper bound: 50.000000, lower bound: 47.186667
[INFO]:[23:53:29] CPLEX solver finished. Gap: 5.630000
[INFO]:[23:53:29] Starting CPLEX solver on instance: /home/yorig/tuner/mpils-tests/instances/miplib/easy/supportcase18.mps with config: /scratch/yorig/mpils-results-grid-seconds-5-no-mip-start/easy/8proc/seed-4/9_supportcase18_seed-4_20260502_234612/iterated_local_search/run_6_worker_3/ils_config_11381669053946150373.prm
[INFO]:[23:53:29] Starting CPLEX solver on instance: /home/yorig/tuner/mpils-tests/instances/miplib/easy/supportcase18.mps with config: /scratch/yorig/mpils-results-grid-seconds-5-no-mip-start/easy/8proc/seed-4/9_supportcase18_seed-4_20260502_234612/iterated_local_search/run_6_worker_3/ils_config_11381669053946150373.prm
[INFO]:[23:53:34] CPLEX results. Gap: 5.630000, upper bound: 50.000000, lower bound: 47.186667
[INFO]:[23:53:34] CPLEX solver finished. Gap: 5.630000
[INFO]:[23:53:34] Starting CPLEX solver on instance: /home/yorig/tuner/mpils-tests/instances/miplib/easy/supportcase18.mps with config: /scratch/yorig/mpils-results-grid-seconds-5-no-mip-start/easy/8proc/seed-4/9_supportcase18_seed-4_20260502_234612/iterated_local_search/run_6_worker_3/ils_config_7950404294802345383.prm
[INFO]:[23:53:34] Starting CPLEX solver on instance: /home/yorig/tuner/mpils-tests/instances/miplib/easy/supportcase18.mps with config: /scratch/yorig/mpils-results-grid-seconds-5-no-mip-start/easy/8proc/seed-4/9_supportcase18_seed-4_20260502_234612/iterated_local_search/run_6_worker_3/ils_config_7950404294802345383.prm
[INFO]:[23:53:39] CPLEX results. Gap: 3.700000, upper bound: 49.000000, lower bound: 47.186667
[INFO]:[23:53:39] CPLEX solver finished. Gap: 3.700000
[INFO]:[23:53:39] Starting CPLEX solver on instance: /home/yorig/tuner/mpils-tests/instances/miplib/easy/supportcase18.mps with config: /scratch/yorig/mpils-results-grid-seconds-5-no-mip-start/easy/8proc/seed-4/9_supportcase18_seed-4_20260502_234612/iterated_local_search/run_6_worker_3/ils_config_163820702579083157.prm
[INFO]:[23:53:39] Starting CPLEX solver on instance: /home/yorig/tuner/mpils-tests/instances/miplib/easy/supportcase18.mps with config: /scratch/yorig/mpils-results-grid-seconds-5-no-mip-start/easy/8proc/seed-4/9_supportcase18_seed-4_20260502_234612/iterated_local_search/run_6_worker_3/ils_config_163820702579083157.prm
[INFO]:[23:53:44] CPLEX results. Gap: 3.700000, upper bound: 49.000000, lower bound: 47.186667
[INFO]:[23:53:44] CPLEX solver finished. Gap: 3.700000
[INFO]:[23:53:44] Starting CPLEX solver on instance: /home/yorig/tuner/mpils-tests/instances/miplib/easy/supportcase18.mps with config: /scratch/yorig/mpils-results-grid-seconds-5-no-mip-start/easy/8proc/seed-4/9_supportcase18_seed-4_20260502_234612/iterated_local_search/run_6_worker_3/ils_config_17347323414430179953.prm
[INFO]:[23:53:44] Starting CPLEX solver on instance: /home/yorig/tuner/mpils-tests/instances/miplib/easy/supportcase18.mps with config: /scratch/yorig/mpils-results-grid-seconds-5-no-mip-start/easy/8proc/seed-4/9_supportcase18_seed-4_20260502_234612/iterated_local_search/run_6_worker_3/ils_config_17347323414430179953.prm
[INFO]:[23:53:49] CPLEX results. Gap: 3.700000, upper bound: 49.000000, lower bound: 47.186667
[INFO]:[23:53:49] CPLEX solver finished. Gap: 3.700000
[INFO]:[23:53:49] Starting CPLEX solver on instance: /home/yorig/tuner/mpils-tests/instances/miplib/easy/supportcase18.mps with config: /scratch/yorig/mpils-results-grid-seconds-5-no-mip-start/easy/8proc/seed-4/9_supportcase18_seed-4_20260502_234612/iterated_local_search/run_6_worker_3/ils_config_9902638954077877330.prm
[INFO]:[23:53:49] Starting CPLEX solver on instance: /home/yorig/tuner/mpils-tests/instances/miplib/easy/supportcase18.mps with config: /scratch/yorig/mpils-results-grid-seconds-5-no-mip-start/easy/8proc/seed-4/9_supportcase18_seed-4_20260502_234612/iterated_local_search/run_6_worker_3/ils_config_9902638954077877330.prm
[INFO]:[23:53:54] CPLEX results. Gap: 3.700000, upper bound: 49.000000, lower bound: 47.186667
[INFO]:[23:53:54] CPLEX solver finished. Gap: 3.700000
[INFO]:[23:53:54] Starting CPLEX solver on instance: /home/yorig/tuner/mpils-tests/instances/miplib/easy/supportcase18.mps with config: /scratch/yorig/mpils-results-grid-seconds-5-no-mip-start/easy/8proc/seed-4/9_supportcase18_seed-4_20260502_234612/iterated_local_search/run_6_worker_3/ils_config_2323066967001511322.prm
[INFO]:[23:53:54] Starting CPLEX solver on instance: /home/yorig/tuner/mpils-tests/instances/miplib/easy/supportcase18.mps with config: /scratch/yorig/mpils-results-grid-seconds-5-no-mip-start/easy/8proc/seed-4/9_supportcase18_seed-4_20260502_234612/iterated_local_search/run_6_worker_3/ils_config_2323066967001511322.prm
[INFO]:[23:53:59] CPLEX results. Gap: 5.630000, upper bound: 50.000000, lower bound: 47.186667
[INFO]:[23:53:59] CPLEX solver finished. Gap: 5.630000
[INFO]:[23:53:59] Starting CPLEX solver on instance: /home/yorig/tuner/mpils-tests/instances/miplib/easy/supportcase18.mps with config: /scratch/yorig/mpils-results-grid-seconds-5-no-mip-start/easy/8proc/seed-4/9_supportcase18_seed-4_20260502_234612/iterated_local_search/run_6_worker_3/ils_config_299703061775024001.prm
[INFO]:[23:53:59] Starting CPLEX solver on instance: /home/yorig/tuner/mpils-tests/instances/miplib/easy/supportcase18.mps with config: /scratch/yorig/mpils-results-grid-seconds-5-no-mip-start/easy/8proc/seed-4/9_supportcase18_seed-4_20260502_234612/iterated_local_search/run_6_worker_3/ils_config_299703061775024001.prm
[INFO]:[23:54:04] CPLEX results. Gap: 3.700000, upper bound: 49.000000, lower bound: 47.186667
[INFO]:[23:54:04] CPLEX solver finished. Gap: 3.700000
[INFO]:[23:54:04] Starting CPLEX solver on instance: /home/yorig/tuner/mpils-tests/instances/miplib/easy/supportcase18.mps with config: /scratch/yorig/mpils-results-grid-seconds-5-no-mip-start/easy/8proc/seed-4/9_supportcase18_seed-4_20260502_234612/iterated_local_search/run_6_worker_3/ils_config_1609711372202546929.prm
[INFO]:[23:54:04] Starting CPLEX solver on instance: /home/yorig/tuner/mpils-tests/instances/miplib/easy/supportcase18.mps with config: /scratch/yorig/mpils-results-grid-seconds-5-no-mip-start/easy/8proc/seed-4/9_supportcase18_seed-4_20260502_234612/iterated_local_search/run_6_worker_3/ils_config_1609711372202546929.prm
[INFO]:[23:54:09] CPLEX results. Gap: 3.700000, upper bound: 49.000000, lower bound: 47.186667
[INFO]:[23:54:09] CPLEX solver finished. Gap: 3.700000
[INFO]:[23:54:09] Starting CPLEX solver on instance: /home/yorig/tuner/mpils-tests/instances/miplib/easy/supportcase18.mps with config: /scratch/yorig/mpils-results-grid-seconds-5-no-mip-start/easy/8proc/seed-4/9_supportcase18_seed-4_20260502_234612/iterated_local_search/run_6_worker_3/ils_config_2315588354660240190.prm
[INFO]:[23:54:09] Starting CPLEX solver on instance: /home/yorig/tuner/mpils-tests/instances/miplib/easy/supportcase18.mps with config: /scratch/yorig/mpils-results-grid-seconds-5-no-mip-start/easy/8proc/seed-4/9_supportcase18_seed-4_20260502_234612/iterated_local_search/run_6_worker_3/ils_config_2315588354660240190.prm
[INFO]:[23:54:14] CPLEX results. Gap: 3.700000, upper bound: 49.000000, lower bound: 47.186667
[INFO]:[23:54:14] CPLEX solver finished. Gap: 3.700000
[INFO]:[23:54:14] Starting CPLEX solver on instance: /home/yorig/tuner/mpils-tests/instances/miplib/easy/supportcase18.mps with config: /scratch/yorig/mpils-results-grid-seconds-5-no-mip-start/easy/8proc/seed-4/9_supportcase18_seed-4_20260502_234612/iterated_local_search/run_6_worker_3/ils_config_8253261641160147537.prm
[INFO]:[23:54:14] Starting CPLEX solver on instance: /home/yorig/tuner/mpils-tests/instances/miplib/easy/supportcase18.mps with config: /scratch/yorig/mpils-results-grid-seconds-5-no-mip-start/easy/8proc/seed-4/9_supportcase18_seed-4_20260502_234612/iterated_local_search/run_6_worker_3/ils_config_8253261641160147537.prm
[INFO]:[23:54:19] CPLEX results. Gap: 3.700000, upper bound: 49.000000, lower bound: 47.186667
[INFO]:[23:54:19] CPLEX solver finished. Gap: 3.700000
[INFO]:[23:54:19] Starting CPLEX solver on instance: /home/yorig/tuner/mpils-tests/instances/miplib/easy/supportcase18.mps with config: /scratch/yorig/mpils-results-grid-seconds-5-no-mip-start/easy/8proc/seed-4/9_supportcase18_seed-4_20260502_234612/iterated_local_search/run_6_worker_3/ils_config_2184055135128149930.prm
[INFO]:[23:54:19] Starting CPLEX solver on instance: /home/yorig/tuner/mpils-tests/instances/miplib/easy/supportcase18.mps with config: /scratch/yorig/mpils-results-grid-seconds-5-no-mip-start/easy/8proc/seed-4/9_supportcase18_seed-4_20260502_234612/iterated_local_search/run_6_worker_3/ils_config_2184055135128149930.prm
[INFO]:[23:54:24] CPLEX results. Gap: 3.700000, upper bound: 49.000000, lower bound: 47.186667
[INFO]:[23:54:24] CPLEX solver finished. Gap: 3.700000
[INFO]:[23:54:24] Starting CPLEX solver on instance: /home/yorig/tuner/mpils-tests/instances/miplib/easy/supportcase18.mps with config: /scratch/yorig/mpils-results-grid-seconds-5-no-mip-start/easy/8proc/seed-4/9_supportcase18_seed-4_20260502_234612/iterated_local_search/run_6_worker_3/ils_config_6450363300240103106.prm
[INFO]:[23:54:24] Starting CPLEX solver on instance: /home/yorig/tuner/mpils-tests/instances/miplib/easy/supportcase18.mps with config: /scratch/yorig/mpils-results-grid-seconds-5-no-mip-start/easy/8proc/seed-4/9_supportcase18_seed-4_20260502_234612/iterated_local_search/run_6_worker_3/ils_config_6450363300240103106.prm
[INFO]:[23:54:29] CPLEX results. Gap: 3.700000, upper bound: 49.000000, lower bound: 47.186667
[INFO]:[23:54:29] CPLEX solver finished. Gap: 3.700000
[INFO]:[23:54:29] Local search phase completed.
[INFO]:[23:54:29] Total number of new local-search evaluations: 18
[INFO]:[23:54:29] Final incumbent objective value: 3.7
[INFO]:[23:54:30] Worker 3 completed exploration phase.
[INFO]:[23:54:30] Worker 3 received order for step 3.
[INFO]:[23:54:30] Worker 3 finished.
