[INFO]:[05:39:28] Reading parameters from file: /home/yorig/tuner/mpils/cplex/params_12_cpx.txt
[INFO]:[05:39:28] Finished reading parameters.
[DEBUG]:[05:39:28] Printing 71 parameters:
Parameter: CPXPARAM_Emphasis_MIP, Values: 0 1 2 3 4 5 , Default: 0
Parameter: CPXPARAM_MIP_Cuts_Cliques, Values: -1 0 1 2 3 , Default: 0
Parameter: CPXPARAM_MIP_Cuts_MIRCut, Values: -1 0 1 2 , Default: 0
Parameter: CPXPARAM_MIP_Cuts_Implied, Values: -1 0 1 2 , Default: 0
Parameter: CPXPARAM_MIP_Cuts_Disjunctive, Values: -1 0 1 2 3 , Default: 0
Parameter: CPXPARAM_MIP_Cuts_FlowCovers, Values: -1 0 1 2 , Default: 0
Parameter: CPXPARAM_MIP_Cuts_PathCut, Values: -1 0 1 2 , Default: 0
Parameter: CPXPARAM_MIP_Cuts_GUBCovers, Values: -1 0 1 2 , Default: 0
Parameter: CPXPARAM_MIP_Cuts_Gomory, Values: -1 0 1 2 , Default: 0
Parameter: CPXPARAM_MIP_Limits_GomoryCand, Values: 10 25 50 100 150 200 400 800 , Default: 200
Parameter: CPXPARAM_MIP_Strategy_Probe, Values: -1 0 1 2 3 , Default: 0
Parameter: CPXPARAM_MIP_Cuts_Covers, Values: -1 0 1 2 3 , Default: 0
Parameter: CPXPARAM_MIP_Strategy_VariableSelect, Values: -1 0 1 2 3 4 , Default: 0
Parameter: CPXPARAM_MIP_Strategy_NodeSelect, Values: 0 1 2 3 , Default: 1
Parameter: CPXPARAM_MIP_Strategy_Dive, Values: 0 1 2 3 , Default: 0
Parameter: CPXPARAM_MIP_Limits_ProbeTime, Values: 0 1 2 5 10 20 30 40 50 60 120 240 1e+75 , Default: 1e+75
Parameter: CPXPARAM_MIP_Strategy_RINSHeur, Values: -1 0 20 40 60 100 200 500 1000 , Default: 0
Parameter: CPXPARAM_MIP_Strategy_BBInterval, Values: 0 2 3 4 5 7 10 15 30 , Default: 7
Parameter: CPXPARAM_MIP_Strategy_Branch, Values: -1 0 1 , Default: 0
Parameter: CPXPARAM_MIP_Limits_CutsFactor, Values: -1 1 2 4 8 16 , Default: -1
Parameter: CPXPARAM_MIP_Strategy_PresolveNode, Values: -1 0 1 2 3 , Default: 0
Parameter: CPXPARAM_MIP_Strategy_Order, Values: 0 1 , Default: 1
Parameter: CPXPARAM_MIP_Limits_GomoryPass, Values: 0 , Default: 0
Parameter: CPXPARAM_MIP_Limits_CutPasses, Values: 0 , Default: 0
Parameter: CPXPARAM_Preprocessing_Presolve, Values: 0 1 , Default: 1
Parameter: CPXPARAM_Preprocessing_Symmetry, Values: -1 0 1 2 3 4 5 , Default: -1
Parameter: CPXPARAM_Preprocessing_NumPass, Values: -1 , Default: -1
Parameter: CPXPARAM_Preprocessing_Dual, Values: -1 0 1 , Default: 0
Parameter: CPXPARAM_MIP_Strategy_LBHeur, Values: 0 1 , Default: 0
Parameter: CPXPARAM_MIP_Strategy_HeuristicFreq, Values: -1 0 20 40 100 500 1000 , Default: 0
Parameter: CPXPARAM_MIP_Strategy_StartAlgorithm, Values: 0 1 2 3 4 5 6 , Default: 0
Parameter: CPXPARAM_MIP_Strategy_SubAlgorithm, Values: 0 1 2 3 4 5 , Default: 0
Parameter: CPXPARAM_Simplex_DGradient, Values: 0 1 2 3 4 5 , Default: 0
Parameter: CPXPARAM_Simplex_PGradient, Values: -1 0 1 2 3 4 , Default: 0
Parameter: CPXPARAM_Simplex_Pricing, Values: 0 , Default: 0
Parameter: CPXPARAM_Advance, Values: 0 1 2 , Default: 1
Parameter: CPXPARAM_MIP_Limits_AggForCut, Values: 0 1 2 3 5 10 , Default: 3
Parameter: CPXPARAM_Preprocessing_Fill, Values: 2 5 10 20 40 , Default: 10
Parameter: CPXPARAM_Preprocessing_Aggregator, Values: -1 , Default: -1
Parameter: CPXPARAM_Barrier_ColNonzeros, Values: 0 , Default: 0
Parameter: CPXPARAM_Barrier_Crossover, Values: 0 1 2 , Default: 0
Parameter: CPXPARAM_Barrier_Limits_Corrections, Values: -1 , Default: -1
Parameter: CPXPARAM_Barrier_Ordering, Values: 0 1 2 3 , Default: 0
Parameter: CPXPARAM_Barrier_StartAlg, Values: 1 2 3 4 , Default: 1
Parameter: CPXPARAM_Preprocessing_BoundStrength, Values: -1 0 1 , Default: -1
Parameter: CPXPARAM_Preprocessing_CoeffReduce, Values: -1 0 1 2 3 , Default: -1
Parameter: CPXPARAM_Simplex_Crash, Values: -1 0 1 , Default: 1
Parameter: CPXPARAM_Preprocessing_Dependency, Values: -1 0 1 2 3 , Default: -1
Parameter: CPXPARAM_Feasopt_Mode, Values: 0 1 2 3 4 5 , Default: 0
Parameter: CPXPARAM_Emphasis_Memory, Values: 0 1 , Default: 0
Parameter: CPXPARAM_MIP_OrderType, Values: 0 1 2 3 , Default: 0
Parameter: CPXPARAM_Network_NetFind, Values: 1 2 3 , Default: 2
Parameter: CPXPARAM_Network_Pricing, Values: 0 1 2 3 , Default: 0
Parameter: CPXPARAM_MIP_Strategy_File, Values: 0 1 2 3 , Default: 1
Parameter: CPXPARAM_Emphasis_Numerical, Values: 0 1 , Default: 0
Parameter: CPXPARAM_Preprocessing_Reduce, Values: 0 1 2 3 , Default: 3
Parameter: CPXPARAM_Simplex_Refactor, Values: 0 , Default: 0
Parameter: CPXPARAM_Preprocessing_Relax, Values: -1 0 1 , Default: -1
Parameter: CPXPARAM_Preprocessing_RepeatPresolve, Values: -1 0 1 2 3 , Default: -1
Parameter: CPXPARAM_LPMethod, Values: 0 1 2 3 4 5 6 , Default: 0
Parameter: CPXPARAM_Read_Scale, Values: -1 0 1 , Default: 0
Parameter: CPXPARAM_Sifting_Algorithm, Values: 0 1 2 3 4 , Default: 0
Parameter: CPXPARAM_Simplex_Limits_Singularity, Values: 0 2 5 10 20 40 , Default: 10
Parameter: CPXPARAM_Barrier_Algorithm, Values: 0 1 2 3 , Default: 0
Parameter: CPXPARAM_MIP_Limits_RepairTries, Values: 0 , Default: 0
Parameter: CPXPARAM_MIP_Limits_StrongCand, Values: 2 5 10 20 40 , Default: 10
Parameter: CPXPARAM_MIP_Limits_StrongIt, Values: 0 , Default: 0
Parameter: CPXPARAM_Preprocessing_QPMakePSD, Values: 0 1 , Default: 1
Parameter: CPXPARAM_Simplex_Limits_Perturbation, Values: 0 , Default: 0
Parameter: CPXPARAM_MIP_Limits_Nodes, Values: 0 9223372036800000000 , Default: 9223372036800000000
Parameter: CPXPARAM_Parallel, Values: 1 , Default: 1

[INFO]:[05:39:28] Seting up the MPILS tuner
[INFO]:[05:39:28] Set all parameter flags finished. Fixed discarded at setup: 12, Tunable initially selected: 10, Tunable residual: 49
[DEBUG]:[05:39:28] Tuned Parameters:
[DEBUG]:[05:39:28] Printing 0 parameters:

[DEBUG]:[05:39:28] Selected Parameters:
[DEBUG]:[05:39:28] Printing 10 parameters:
Parameter: CPXPARAM_Emphasis_MIP, Values: 0 1 2 3 4 5 , Default: 0
Parameter: CPXPARAM_MIP_Cuts_Cliques, Values: -1 0 1 2 3 , Default: 0
Parameter: CPXPARAM_MIP_Cuts_MIRCut, Values: -1 0 1 2 , Default: 0
Parameter: CPXPARAM_MIP_Cuts_Implied, Values: -1 0 1 2 , Default: 0
Parameter: CPXPARAM_MIP_Cuts_Disjunctive, Values: -1 0 1 2 3 , Default: 0
Parameter: CPXPARAM_MIP_Cuts_FlowCovers, Values: -1 0 1 2 , Default: 0
Parameter: CPXPARAM_MIP_Cuts_PathCut, Values: -1 0 1 2 , Default: 0
Parameter: CPXPARAM_MIP_Cuts_GUBCovers, Values: -1 0 1 2 , Default: 0
Parameter: CPXPARAM_MIP_Cuts_Gomory, Values: -1 0 1 2 , Default: 0
Parameter: CPXPARAM_MIP_Limits_GomoryCand, Values: 10 25 50 100 150 200 400 800 , Default: 200

[INFO]:[05:39:28] Default configuration created with default parameter values.
[DEBUG]:[05:39:28] After adding selected to tuned via running, Tuned Parameters:
[DEBUG]:[05:39:28] Printing 0 parameters:

[DEBUG]:[05:39:28] After adding selected to tuned via running, Selected Parameters:
[DEBUG]:[05:39:28] Printing 10 parameters:
Parameter: CPXPARAM_Emphasis_MIP, Values: 0 1 2 3 4 5 , Default: 0
Parameter: CPXPARAM_MIP_Cuts_Cliques, Values: -1 0 1 2 3 , Default: 0
Parameter: CPXPARAM_MIP_Cuts_MIRCut, Values: -1 0 1 2 , Default: 0
Parameter: CPXPARAM_MIP_Cuts_Implied, Values: -1 0 1 2 , Default: 0
Parameter: CPXPARAM_MIP_Cuts_Disjunctive, Values: -1 0 1 2 3 , Default: 0
Parameter: CPXPARAM_MIP_Cuts_FlowCovers, Values: -1 0 1 2 , Default: 0
Parameter: CPXPARAM_MIP_Cuts_PathCut, Values: -1 0 1 2 , Default: 0
Parameter: CPXPARAM_MIP_Cuts_GUBCovers, Values: -1 0 1 2 , Default: 0
Parameter: CPXPARAM_MIP_Cuts_Gomory, Values: -1 0 1 2 , Default: 0
Parameter: CPXPARAM_MIP_Limits_GomoryCand, Values: 10 25 50 100 150 200 400 800 , Default: 200

[INFO]:[05:39:28] Writing parameter IDs of configuration to file: /scratch/yorig/mpils-results-grid-seconds-5-watchdog/easy/2proc/seed-5/7_qap10_seed-5_20260504_053927/parameter_ids.txt
[INFO]:[05:39:28] Finished writing parameter IDs to file: /scratch/yorig/mpils-results-grid-seconds-5-watchdog/easy/2proc/seed-5/7_qap10_seed-5_20260504_053927/parameter_ids.txt
[INFO]:[05:39:28] Tuner setup complete.
[INFO]:[05:39:28] Running the MPILS tuner
[INFO]:[05:39:28] Starting iteration 1
[INFO]:[05:39:28] Starting exploration phase...
[INFO]:[05:39:28] Selecting number of evaluations for tuning phase...
[INFO]:[05:39:28] Selecting initial configurations for tuning phase...
[INFO]:[05:39:28] No best configuration in memory, using default initial configuration.
[INFO]:[05:39:28] Number of evaluations for this tuning phase: 20
[INFO]:[05:39:28] ILS shared cache is disabled for this exploration phase.
[INFO]:[05:39:28] Local search backend for this exploration phase: iterated_local_search
[INFO]:[05:39:28] Running IteratedLocalSearch Engine...
[INFO]:[05:39:28] Mip start is disabled for this iteration.
[INFO]:[05:39:28] Writing ILS search space file for worker 0...
[INFO]:[05:39:28] ILS search space file written: /scratch/yorig/mpils-results-grid-seconds-5-watchdog/easy/2proc/seed-5/7_qap10_seed-5_20260504_053927/iterated_local_search/search_space/search_space_file_1.txt
[INFO]:[05:39:28] Writing ILS search space file for worker 1...
[INFO]:[05:39:28] ILS search space file written: /scratch/yorig/mpils-results-grid-seconds-5-watchdog/easy/2proc/seed-5/7_qap10_seed-5_20260504_053927/iterated_local_search/search_space/search_space_file_1_worker_1.txt
[INFO]:[05:39:28] Launching Local Search Workers via MPI...
[INFO]:[05:39:28] Local Search Workers launched.
[INFO]:[05:39:28] Starting local search phase...
[INFO]:[05:39:28] Creating local search space from parameter space file: /scratch/yorig/mpils-results-grid-seconds-5-watchdog/easy/2proc/seed-5/7_qap10_seed-5_20260504_053927/iterated_local_search/search_space/search_space_file_1.txt
[INFO]:[05:39:28] Local search space loaded from file: /scratch/yorig/mpils-results-grid-seconds-5-watchdog/easy/2proc/seed-5/7_qap10_seed-5_20260504_053927/iterated_local_search/search_space/search_space_file_1.txt
[INFO]:[05:39:28] Number of parameters in local search space: 71
[INFO]:[05:39:28] Number of forbidden tuples in local search space: 0
[INFO]:[05:39:28] Number of conditionals in local search space: 6
[INFO]:[05:39:28] MIP start option not enabled. Local search will proceed without MIP start.
[INFO]:[05:39:28] Evaluating initial configuration for local search phase...
[INFO]:[05:39:28] Starting CPLEX solver on instance: /home/yorig/tuner/mpils-tests/instances/miplib/easy/qap10.mps with config: /scratch/yorig/mpils-results-grid-seconds-5-watchdog/easy/2proc/seed-5/7_qap10_seed-5_20260504_053927/iterated_local_search/run_1_worker_0/ils_config_14921508010286178949.prm
[INFO]:[05:39:28] Starting CPLEX solver on instance: /home/yorig/tuner/mpils-tests/instances/miplib/easy/qap10.mps with config: /scratch/yorig/mpils-results-grid-seconds-5-watchdog/easy/2proc/seed-5/7_qap10_seed-5_20260504_053927/iterated_local_search/run_1_worker_0/ils_config_14921508010286178949.prm
[INFO]:[05:39:33] CPLEX results. Gap: 8.040000, upper bound: 364.000000, lower bound: 334.748820
[INFO]:[05:39:33] CPLEX solver finished. Gap: 8.040000
[INFO]:[05:39:33] Initial configuration evaluated with objective value: 8.04
[INFO]:[05:39:33] Starting CPLEX solver on instance: /home/yorig/tuner/mpils-tests/instances/miplib/easy/qap10.mps with config: /scratch/yorig/mpils-results-grid-seconds-5-watchdog/easy/2proc/seed-5/7_qap10_seed-5_20260504_053927/iterated_local_search/run_1_worker_0/ils_config_5643427149002281568.prm
[INFO]:[05:39:33] Starting CPLEX solver on instance: /home/yorig/tuner/mpils-tests/instances/miplib/easy/qap10.mps with config: /scratch/yorig/mpils-results-grid-seconds-5-watchdog/easy/2proc/seed-5/7_qap10_seed-5_20260504_053927/iterated_local_search/run_1_worker_0/ils_config_5643427149002281568.prm
[INFO]:[05:39:38] CPLEX results. Gap: 8.040000, upper bound: 364.000000, lower bound: 334.748820
[INFO]:[05:39:38] CPLEX solver finished. Gap: 8.040000
[INFO]:[05:39:38] Starting CPLEX solver on instance: /home/yorig/tuner/mpils-tests/instances/miplib/easy/qap10.mps with config: /scratch/yorig/mpils-results-grid-seconds-5-watchdog/easy/2proc/seed-5/7_qap10_seed-5_20260504_053927/iterated_local_search/run_1_worker_0/ils_config_2823934824078185206.prm
[INFO]:[05:39:38] Starting CPLEX solver on instance: /home/yorig/tuner/mpils-tests/instances/miplib/easy/qap10.mps with config: /scratch/yorig/mpils-results-grid-seconds-5-watchdog/easy/2proc/seed-5/7_qap10_seed-5_20260504_053927/iterated_local_search/run_1_worker_0/ils_config_2823934824078185206.prm
[INFO]:[05:39:43] CPLEX results. Gap: 8.040000, upper bound: 364.000000, lower bound: 334.748820
[INFO]:[05:39:43] CPLEX solver finished. Gap: 8.040000
[INFO]:[05:39:43] Starting CPLEX solver on instance: /home/yorig/tuner/mpils-tests/instances/miplib/easy/qap10.mps with config: /scratch/yorig/mpils-results-grid-seconds-5-watchdog/easy/2proc/seed-5/7_qap10_seed-5_20260504_053927/iterated_local_search/run_1_worker_0/ils_config_12911295086759950527.prm
[INFO]:[05:39:43] Starting CPLEX solver on instance: /home/yorig/tuner/mpils-tests/instances/miplib/easy/qap10.mps with config: /scratch/yorig/mpils-results-grid-seconds-5-watchdog/easy/2proc/seed-5/7_qap10_seed-5_20260504_053927/iterated_local_search/run_1_worker_0/ils_config_12911295086759950527.prm
[INFO]:[05:39:49] CPLEX results. Gap: 8.040000, upper bound: 364.000000, lower bound: 334.748820
[INFO]:[05:39:49] CPLEX solver finished. Gap: 8.040000
[INFO]:[05:39:49] Starting CPLEX solver on instance: /home/yorig/tuner/mpils-tests/instances/miplib/easy/qap10.mps with config: /scratch/yorig/mpils-results-grid-seconds-5-watchdog/easy/2proc/seed-5/7_qap10_seed-5_20260504_053927/iterated_local_search/run_1_worker_0/ils_config_15495703117619861868.prm
[INFO]:[05:39:49] Starting CPLEX solver on instance: /home/yorig/tuner/mpils-tests/instances/miplib/easy/qap10.mps with config: /scratch/yorig/mpils-results-grid-seconds-5-watchdog/easy/2proc/seed-5/7_qap10_seed-5_20260504_053927/iterated_local_search/run_1_worker_0/ils_config_15495703117619861868.prm
[INFO]:[05:39:54] CPLEX results. Gap: 8.040000, upper bound: 364.000000, lower bound: 334.748820
[INFO]:[05:39:54] CPLEX solver finished. Gap: 8.040000
[INFO]:[05:39:54] Starting CPLEX solver on instance: /home/yorig/tuner/mpils-tests/instances/miplib/easy/qap10.mps with config: /scratch/yorig/mpils-results-grid-seconds-5-watchdog/easy/2proc/seed-5/7_qap10_seed-5_20260504_053927/iterated_local_search/run_1_worker_0/ils_config_13964071529318666704.prm
[INFO]:[05:39:54] Starting CPLEX solver on instance: /home/yorig/tuner/mpils-tests/instances/miplib/easy/qap10.mps with config: /scratch/yorig/mpils-results-grid-seconds-5-watchdog/easy/2proc/seed-5/7_qap10_seed-5_20260504_053927/iterated_local_search/run_1_worker_0/ils_config_13964071529318666704.prm
[INFO]:[05:39:59] CPLEX results. Gap: 8.040000, upper bound: 364.000000, lower bound: 334.748820
[INFO]:[05:39:59] CPLEX solver finished. Gap: 8.040000
[INFO]:[05:39:59] Starting CPLEX solver on instance: /home/yorig/tuner/mpils-tests/instances/miplib/easy/qap10.mps with config: /scratch/yorig/mpils-results-grid-seconds-5-watchdog/easy/2proc/seed-5/7_qap10_seed-5_20260504_053927/iterated_local_search/run_1_worker_0/ils_config_635589708496059671.prm
[INFO]:[05:39:59] Starting CPLEX solver on instance: /home/yorig/tuner/mpils-tests/instances/miplib/easy/qap10.mps with config: /scratch/yorig/mpils-results-grid-seconds-5-watchdog/easy/2proc/seed-5/7_qap10_seed-5_20260504_053927/iterated_local_search/run_1_worker_0/ils_config_635589708496059671.prm
[INFO]:[05:40:05] CPLEX results. Gap: 8.040000, upper bound: 364.000000, lower bound: 334.748820
[INFO]:[05:40:05] CPLEX solver finished. Gap: 8.040000
[INFO]:[05:40:05] Starting CPLEX solver on instance: /home/yorig/tuner/mpils-tests/instances/miplib/easy/qap10.mps with config: /scratch/yorig/mpils-results-grid-seconds-5-watchdog/easy/2proc/seed-5/7_qap10_seed-5_20260504_053927/iterated_local_search/run_1_worker_0/ils_config_16450644818478286277.prm
[INFO]:[05:40:05] Starting CPLEX solver on instance: /home/yorig/tuner/mpils-tests/instances/miplib/easy/qap10.mps with config: /scratch/yorig/mpils-results-grid-seconds-5-watchdog/easy/2proc/seed-5/7_qap10_seed-5_20260504_053927/iterated_local_search/run_1_worker_0/ils_config_16450644818478286277.prm
[INFO]:[05:40:10] CPLEX results. Gap: 8.040000, upper bound: 364.000000, lower bound: 334.748820
[INFO]:[05:40:10] CPLEX solver finished. Gap: 8.040000
[INFO]:[05:40:10] Starting CPLEX solver on instance: /home/yorig/tuner/mpils-tests/instances/miplib/easy/qap10.mps with config: /scratch/yorig/mpils-results-grid-seconds-5-watchdog/easy/2proc/seed-5/7_qap10_seed-5_20260504_053927/iterated_local_search/run_1_worker_0/ils_config_2077675631147850639.prm
[INFO]:[05:40:10] Starting CPLEX solver on instance: /home/yorig/tuner/mpils-tests/instances/miplib/easy/qap10.mps with config: /scratch/yorig/mpils-results-grid-seconds-5-watchdog/easy/2proc/seed-5/7_qap10_seed-5_20260504_053927/iterated_local_search/run_1_worker_0/ils_config_2077675631147850639.prm
[INFO]:[05:40:15] CPLEX results. Gap: 8.040000, upper bound: 364.000000, lower bound: 334.748820
[INFO]:[05:40:15] CPLEX solver finished. Gap: 8.040000
[INFO]:[05:40:15] Starting CPLEX solver on instance: /home/yorig/tuner/mpils-tests/instances/miplib/easy/qap10.mps with config: /scratch/yorig/mpils-results-grid-seconds-5-watchdog/easy/2proc/seed-5/7_qap10_seed-5_20260504_053927/iterated_local_search/run_1_worker_0/ils_config_2225858521084382651.prm
[INFO]:[05:40:15] Starting CPLEX solver on instance: /home/yorig/tuner/mpils-tests/instances/miplib/easy/qap10.mps with config: /scratch/yorig/mpils-results-grid-seconds-5-watchdog/easy/2proc/seed-5/7_qap10_seed-5_20260504_053927/iterated_local_search/run_1_worker_0/ils_config_2225858521084382651.prm
[INFO]:[05:40:20] CPLEX results. Gap: 8.040000, upper bound: 364.000000, lower bound: 334.748820
[INFO]:[05:40:20] CPLEX solver finished. Gap: 8.040000
[INFO]:[05:40:20] Starting CPLEX solver on instance: /home/yorig/tuner/mpils-tests/instances/miplib/easy/qap10.mps with config: /scratch/yorig/mpils-results-grid-seconds-5-watchdog/easy/2proc/seed-5/7_qap10_seed-5_20260504_053927/iterated_local_search/run_1_worker_0/ils_config_3895283216737288575.prm
[INFO]:[05:40:20] Starting CPLEX solver on instance: /home/yorig/tuner/mpils-tests/instances/miplib/easy/qap10.mps with config: /scratch/yorig/mpils-results-grid-seconds-5-watchdog/easy/2proc/seed-5/7_qap10_seed-5_20260504_053927/iterated_local_search/run_1_worker_0/ils_config_3895283216737288575.prm
[INFO]:[05:40:25] CPLEX results. Gap: 8.040000, upper bound: 364.000000, lower bound: 334.748820
[INFO]:[05:40:25] CPLEX solver finished. Gap: 8.040000
[INFO]:[05:40:25] Starting CPLEX solver on instance: /home/yorig/tuner/mpils-tests/instances/miplib/easy/qap10.mps with config: /scratch/yorig/mpils-results-grid-seconds-5-watchdog/easy/2proc/seed-5/7_qap10_seed-5_20260504_053927/iterated_local_search/run_1_worker_0/ils_config_16957666276679199244.prm
[INFO]:[05:40:25] Starting CPLEX solver on instance: /home/yorig/tuner/mpils-tests/instances/miplib/easy/qap10.mps with config: /scratch/yorig/mpils-results-grid-seconds-5-watchdog/easy/2proc/seed-5/7_qap10_seed-5_20260504_053927/iterated_local_search/run_1_worker_0/ils_config_16957666276679199244.prm
[INFO]:[05:40:29] CPLEX results. Gap: 0.000000, upper bound: 340.000000, lower bound: 340.000000
[INFO]:[05:40:29] CPLEX solver finished. Gap: 0.000000
[INFO]:[05:40:29] Stopping local search: gap 0 reached the acceptance threshold 0.
[INFO]:[05:40:29] New incumbent found with objective value: 0
[INFO]:[05:40:29] Local search phase completed.
[INFO]:[05:40:29] Total number of new local-search evaluations: 12
[INFO]:[05:40:29] Final incumbent objective value: 0
[INFO]:[05:40:29] recordEvaluation produced_mip_start=0 mip_start_file=''
[INFO]:[05:40:29] ***************
[INFO]:[05:40:29] New best evaluation without MIP start found at time 5s, with objective 8.04 and configuration ID 14921508010286178949
[INFO]:[05:40:29] With config: 14921508010286178949 -> 
Configuration: CPXPARAM_Advance=1 CPXPARAM_Barrier_Algorithm=0 CPXPARAM_Barrier_ColNonzeros=0 CPXPARAM_Barrier_Crossover=0 CPXPARAM_Barrier_Limits_Corrections=-1 CPXPARAM_Barrier_Ordering=0 CPXPARAM_Barrier_StartAlg=1 CPXPARAM_Emphasis_MIP=0 CPXPARAM_Emphasis_Memory=0 CPXPARAM_Emphasis_Numerical=0 CPXPARAM_Feasopt_Mode=0 CPXPARAM_LPMethod=0 CPXPARAM_MIP_Cuts_Cliques=0 CPXPARAM_MIP_Cuts_Covers=0 CPXPARAM_MIP_Cuts_Disjunctive=0 CPXPARAM_MIP_Cuts_FlowCovers=0 CPXPARAM_MIP_Cuts_GUBCovers=0 CPXPARAM_MIP_Cuts_Gomory=0 CPXPARAM_MIP_Cuts_Implied=0 CPXPARAM_MIP_Cuts_MIRCut=0 CPXPARAM_MIP_Cuts_PathCut=0 CPXPARAM_MIP_Limits_AggForCut=3 CPXPARAM_MIP_Limits_CutPasses=0 CPXPARAM_MIP_Limits_CutsFactor=-1 CPXPARAM_MIP_Limits_GomoryCand=200 CPXPARAM_MIP_Limits_GomoryPass=0 CPXPARAM_MIP_Limits_Nodes=9223372036800000000 CPXPARAM_MIP_Limits_ProbeTime=1e+75 CPXPARAM_MIP_Limits_RepairTries=0 CPXPARAM_MIP_Limits_StrongCand=10 CPXPARAM_MIP_Limits_StrongIt=0 CPXPARAM_MIP_OrderType=0 CPXPARAM_MIP_Strategy_BBInterval=7 CPXPARAM_MIP_Strategy_Branch=0 CPXPARAM_MIP_Strategy_Dive=0 CPXPARAM_MIP_Strategy_File=1 CPXPARAM_MIP_Strategy_HeuristicFreq=0 CPXPARAM_MIP_Strategy_LBHeur=0 CPXPARAM_MIP_Strategy_NodeSelect=1 CPXPARAM_MIP_Strategy_Order=1 CPXPARAM_MIP_Strategy_PresolveNode=0 CPXPARAM_MIP_Strategy_Probe=0 CPXPARAM_MIP_Strategy_RINSHeur=0 CPXPARAM_MIP_Strategy_StartAlgorithm=0 CPXPARAM_MIP_Strategy_SubAlgorithm=0 CPXPARAM_MIP_Strategy_VariableSelect=0 CPXPARAM_Network_NetFind=2 CPXPARAM_Network_Pricing=0 CPXPARAM_Parallel=1 CPXPARAM_Preprocessing_Aggregator=-1 CPXPARAM_Preprocessing_BoundStrength=-1 CPXPARAM_Preprocessing_CoeffReduce=-1 CPXPARAM_Preprocessing_Dependency=-1 CPXPARAM_Preprocessing_Dual=0 CPXPARAM_Preprocessing_Fill=10 CPXPARAM_Preprocessing_NumPass=-1 CPXPARAM_Preprocessing_Presolve=1 CPXPARAM_Preprocessing_QPMakePSD=1 CPXPARAM_Preprocessing_Reduce=3 CPXPARAM_Preprocessing_Relax=-1 CPXPARAM_Preprocessing_RepeatPresolve=-1 CPXPARAM_Preprocessing_Symmetry=-1 CPXPARAM_Read_Scale=0 CPXPARAM_Sifting_Algorithm=0 CPXPARAM_Simplex_Crash=1 CPXPARAM_Simplex_DGradient=0 CPXPARAM_Simplex_Limits_Perturbation=0 CPXPARAM_Simplex_Limits_Singularity=10 CPXPARAM_Simplex_PGradient=0 CPXPARAM_Simplex_Pricing=0 CPXPARAM_Simplex_Refactor=0 | MIP Start: No 
[INFO]:[05:40:29] ***************
[DEBUG]:[05:40:29] Added evaluation to memory with objective: 8.04, ConfigId: 14921508010286178949, EvalId: 1. Total evaluations stored: 1
[INFO]:[05:40:29] recordEvaluation produced_mip_start=0 mip_start_file=''
[DEBUG]:[05:40:29] Added evaluation to memory with objective: 8.04, ConfigId: 5643427149002281568, EvalId: 2. Total evaluations stored: 2
[INFO]:[05:40:29] recordEvaluation produced_mip_start=0 mip_start_file=''
[DEBUG]:[05:40:29] Added evaluation to memory with objective: 8.04, ConfigId: 2823934824078185206, EvalId: 3. Total evaluations stored: 3
[INFO]:[05:40:29] recordEvaluation produced_mip_start=0 mip_start_file=''
[DEBUG]:[05:40:29] Added evaluation to memory with objective: 8.04, ConfigId: 12911295086759950527, EvalId: 4. Total evaluations stored: 4
[INFO]:[05:40:29] recordEvaluation produced_mip_start=0 mip_start_file=''
[DEBUG]:[05:40:29] Added evaluation to memory with objective: 8.04, ConfigId: 15495703117619861868, EvalId: 5. Total evaluations stored: 5
[INFO]:[05:40:29] recordEvaluation produced_mip_start=0 mip_start_file=''
[DEBUG]:[05:40:29] Added evaluation to memory with objective: 8.04, ConfigId: 13964071529318666704, EvalId: 6. Total evaluations stored: 6
[INFO]:[05:40:29] recordEvaluation produced_mip_start=0 mip_start_file=''
[DEBUG]:[05:40:29] Added evaluation to memory with objective: 8.04, ConfigId: 635589708496059671, EvalId: 7. Total evaluations stored: 7
[INFO]:[05:40:29] recordEvaluation produced_mip_start=0 mip_start_file=''
[DEBUG]:[05:40:29] Added evaluation to memory with objective: 8.04, ConfigId: 16450644818478286277, EvalId: 8. Total evaluations stored: 8
[INFO]:[05:40:29] recordEvaluation produced_mip_start=0 mip_start_file=''
[DEBUG]:[05:40:29] Added evaluation to memory with objective: 8.04, ConfigId: 2077675631147850639, EvalId: 9. Total evaluations stored: 9
[INFO]:[05:40:29] recordEvaluation produced_mip_start=0 mip_start_file=''
[DEBUG]:[05:40:29] Added evaluation to memory with objective: 8.04, ConfigId: 2225858521084382651, EvalId: 10. Total evaluations stored: 10
[INFO]:[05:40:29] recordEvaluation produced_mip_start=0 mip_start_file=''
[DEBUG]:[05:40:29] Added evaluation to memory with objective: 8.04, ConfigId: 3895283216737288575, EvalId: 11. Total evaluations stored: 11
[INFO]:[05:40:29] recordEvaluation produced_mip_start=0 mip_start_file=''
[INFO]:[05:40:29] ***************
[INFO]:[05:40:29] New best evaluation without MIP start found at time 61s, with objective 0 and configuration ID 16957666276679199244
[INFO]:[05:40:29] With config: 16957666276679199244 -> 
Configuration: CPXPARAM_Advance=1 CPXPARAM_Barrier_Algorithm=0 CPXPARAM_Barrier_ColNonzeros=0 CPXPARAM_Barrier_Crossover=0 CPXPARAM_Barrier_Limits_Corrections=-1 CPXPARAM_Barrier_Ordering=0 CPXPARAM_Barrier_StartAlg=1 CPXPARAM_Emphasis_MIP=5 CPXPARAM_Emphasis_Memory=0 CPXPARAM_Emphasis_Numerical=0 CPXPARAM_Feasopt_Mode=0 CPXPARAM_LPMethod=0 CPXPARAM_MIP_Cuts_Cliques=0 CPXPARAM_MIP_Cuts_Covers=0 CPXPARAM_MIP_Cuts_Disjunctive=0 CPXPARAM_MIP_Cuts_FlowCovers=0 CPXPARAM_MIP_Cuts_GUBCovers=0 CPXPARAM_MIP_Cuts_Gomory=0 CPXPARAM_MIP_Cuts_Implied=0 CPXPARAM_MIP_Cuts_MIRCut=0 CPXPARAM_MIP_Cuts_PathCut=0 CPXPARAM_MIP_Limits_AggForCut=3 CPXPARAM_MIP_Limits_CutPasses=0 CPXPARAM_MIP_Limits_CutsFactor=-1 CPXPARAM_MIP_Limits_GomoryCand=200 CPXPARAM_MIP_Limits_GomoryPass=0 CPXPARAM_MIP_Limits_Nodes=9223372036800000000 CPXPARAM_MIP_Limits_ProbeTime=1e+75 CPXPARAM_MIP_Limits_RepairTries=0 CPXPARAM_MIP_Limits_StrongCand=10 CPXPARAM_MIP_Limits_StrongIt=0 CPXPARAM_MIP_OrderType=0 CPXPARAM_MIP_Strategy_BBInterval=7 CPXPARAM_MIP_Strategy_Branch=0 CPXPARAM_MIP_Strategy_Dive=0 CPXPARAM_MIP_Strategy_File=1 CPXPARAM_MIP_Strategy_HeuristicFreq=0 CPXPARAM_MIP_Strategy_LBHeur=0 CPXPARAM_MIP_Strategy_NodeSelect=1 CPXPARAM_MIP_Strategy_Order=1 CPXPARAM_MIP_Strategy_PresolveNode=0 CPXPARAM_MIP_Strategy_Probe=0 CPXPARAM_MIP_Strategy_RINSHeur=0 CPXPARAM_MIP_Strategy_StartAlgorithm=0 CPXPARAM_MIP_Strategy_SubAlgorithm=0 CPXPARAM_MIP_Strategy_VariableSelect=0 CPXPARAM_Network_NetFind=2 CPXPARAM_Network_Pricing=0 CPXPARAM_Parallel=1 CPXPARAM_Preprocessing_Aggregator=-1 CPXPARAM_Preprocessing_BoundStrength=-1 CPXPARAM_Preprocessing_CoeffReduce=-1 CPXPARAM_Preprocessing_Dependency=-1 CPXPARAM_Preprocessing_Dual=0 CPXPARAM_Preprocessing_Fill=10 CPXPARAM_Preprocessing_NumPass=-1 CPXPARAM_Preprocessing_Presolve=1 CPXPARAM_Preprocessing_QPMakePSD=1 CPXPARAM_Preprocessing_Reduce=3 CPXPARAM_Preprocessing_Relax=-1 CPXPARAM_Preprocessing_RepeatPresolve=-1 CPXPARAM_Preprocessing_Symmetry=-1 CPXPARAM_Read_Scale=0 CPXPARAM_Sifting_Algorithm=0 CPXPARAM_Simplex_Crash=1 CPXPARAM_Simplex_DGradient=0 CPXPARAM_Simplex_Limits_Perturbation=0 CPXPARAM_Simplex_Limits_Singularity=10 CPXPARAM_Simplex_PGradient=0 CPXPARAM_Simplex_Pricing=0 CPXPARAM_Simplex_Refactor=0 | MIP Start: No 
[INFO]:[05:40:29] ***************
[DEBUG]:[05:40:29] Added evaluation to memory with objective: 0, ConfigId: 16957666276679199244, EvalId: 12. Total evaluations stored: 12
[INFO]:[05:40:29] Waiting for Local Search Workers via MPI...
[INFO]:[05:40:36] Local Search Workers have completed.
[INFO]:[05:40:36] recordEvaluation produced_mip_start=0 mip_start_file=''
[DEBUG]:[05:40:36] Added evaluation to memory with objective: 1.54, ConfigId: 17514050945686148453, EvalId: 13. Total evaluations stored: 13
[INFO]:[05:40:36] recordEvaluation produced_mip_start=0 mip_start_file=''
[DEBUG]:[05:40:36] Added evaluation to memory with objective: 1.54, ConfigId: 14945327202240187335, EvalId: 14. Total evaluations stored: 14
[INFO]:[05:40:36] recordEvaluation produced_mip_start=0 mip_start_file=''
[DEBUG]:[05:40:36] Added evaluation to memory with objective: 9.12, ConfigId: 5618135918108975868, EvalId: 15. Total evaluations stored: 15
[INFO]:[05:40:36] recordEvaluation produced_mip_start=0 mip_start_file=''
[DEBUG]:[05:40:36] Added evaluation to memory with objective: 1.54, ConfigId: 14451080528597731927, EvalId: 16. Total evaluations stored: 16
[INFO]:[05:40:36] recordEvaluation produced_mip_start=0 mip_start_file=''
[DEBUG]:[05:40:36] Added evaluation to memory with objective: 1.54, ConfigId: 14848801465634500120, EvalId: 17. Total evaluations stored: 17
[INFO]:[05:40:36] recordEvaluation produced_mip_start=0 mip_start_file=''
[DEBUG]:[05:40:36] Added evaluation to memory with objective: 1.54, ConfigId: 5751493537778056445, EvalId: 18. Total evaluations stored: 18
[INFO]:[05:40:36] recordEvaluation produced_mip_start=0 mip_start_file=''
[DEBUG]:[05:40:36] Added evaluation to memory with objective: 1.54, ConfigId: 3285289725500150287, EvalId: 19. Total evaluations stored: 19
[INFO]:[05:40:36] recordEvaluation produced_mip_start=0 mip_start_file=''
[DEBUG]:[05:40:36] Added evaluation to memory with objective: 1.54, ConfigId: 2978541634261456060, EvalId: 20. Total evaluations stored: 20
[INFO]:[05:40:36] recordEvaluation produced_mip_start=0 mip_start_file=''
[DEBUG]:[05:40:36] Added evaluation to memory with objective: 1.54, ConfigId: 3333717581537672010, EvalId: 21. Total evaluations stored: 21
[INFO]:[05:40:36] recordEvaluation produced_mip_start=0 mip_start_file=''
[DEBUG]:[05:40:36] Added evaluation to memory with objective: 1.54, ConfigId: 8725071177841226662, EvalId: 22. Total evaluations stored: 22
[INFO]:[05:40:36] recordEvaluation produced_mip_start=0 mip_start_file=''
[DEBUG]:[05:40:36] Added evaluation to memory with objective: 1.54, ConfigId: 14748301322663243038, EvalId: 23. Total evaluations stored: 23
[INFO]:[05:40:36] recordEvaluation produced_mip_start=0 mip_start_file=''
[DEBUG]:[05:40:36] Added evaluation to memory with objective: 1.54, ConfigId: 3951780388709143150, EvalId: 24. Total evaluations stored: 24
[INFO]:[05:40:36] recordEvaluation produced_mip_start=0 mip_start_file=''
[DEBUG]:[05:40:36] Added evaluation to memory with objective: 1.54, ConfigId: 12634236830647523392, EvalId: 25. Total evaluations stored: 25
[INFO]:[05:40:36] IteratedLocalSearch Engine completed.
[INFO]:[05:40:36] Added25 evaluations to memory from exploration phase at iteration 1
[INFO]:[05:40:36] Exploration phase completed.
[INFO]:[05:40:36] Stopping condition met: satisfactory gap achieved.
[INFO]:[05:40:36] Sending stop order to all worker processes.
[INFO]:[05:40:36] Stop order sent to all worker processes.
[INFO]:[05:40:36] Tuner run complete.
Objective: 0
Total tuning time: 67 seconds.
