[INFO]:[23:33:35] Worker 9 starting.
[INFO]:[23:33:35] Worker 9 received order for step 1.
[INFO]:[23:33:35] Worker 9 running exploration phase for iteration 1.
[INFO]:[23:33:35] Current MIP start info file not found: /scratch/yorig/mpils-results-grid-seconds-5-no-mip-start/medium-1/16proc/seed-1/6_momentum1_seed-1_20260502_233334/iterated_local_search/mip_start/current_mip_start_1.txt
[INFO]:[23:33:35] Worker 9 at iteration 1 will not use a MIP start file. Current best MIP-start upper bound threshold is 1.79769e+308.
[INFO]:[23:33:35] Starting local search phase...
[INFO]:[23:33:35] Creating local search space from parameter space file: /scratch/yorig/mpils-results-grid-seconds-5-no-mip-start/medium-1/16proc/seed-1/6_momentum1_seed-1_20260502_233334/iterated_local_search/search_space/search_space_file_1_worker_9.txt
[INFO]:[23:33:35] Local search space loaded from file: /scratch/yorig/mpils-results-grid-seconds-5-no-mip-start/medium-1/16proc/seed-1/6_momentum1_seed-1_20260502_233334/iterated_local_search/search_space/search_space_file_1_worker_9.txt
[INFO]:[23:33:35] Number of parameters in local search space: 71
[INFO]:[23:33:35] Number of forbidden tuples in local search space: 0
[INFO]:[23:33:35] Number of conditionals in local search space: 6
[INFO]:[23:33:35] MIP start option not enabled. Local search will proceed without MIP start.
[INFO]:[23:33:35] Evaluating initial configuration for local search phase...
[INFO]:[23:33:35] Starting CPLEX solver on instance: /home/yorig/tuner/mpils-tests/instances/miplib/medium-1/momentum1.mps with config: /scratch/yorig/mpils-results-grid-seconds-5-no-mip-start/medium-1/16proc/seed-1/6_momentum1_seed-1_20260502_233334/iterated_local_search/run_1_worker_9/ils_config_4101447407034555035.prm
[INFO]:[23:33:35] Starting CPLEX solver on instance: /home/yorig/tuner/mpils-tests/instances/miplib/medium-1/momentum1.mps with config: /scratch/yorig/mpils-results-grid-seconds-5-no-mip-start/medium-1/16proc/seed-1/6_momentum1_seed-1_20260502_233334/iterated_local_search/run_1_worker_9/ils_config_4101447407034555035.prm
[INFO]:[23:33:40] CPLEX results. Gap: 21.060000, upper bound: 121989.188603, lower bound: 96301.507366
[INFO]:[23:33:40] Writing MIP start file: /scratch/yorig/mpils-results-grid-seconds-5-no-mip-start/medium-1/16proc/seed-1/6_momentum1_seed-1_20260502_233334/iterated_local_search/run_1_worker_9/mip_starts/mip_start_eval_1_config_4101447407034555035.mst
[INFO]:[23:33:40] CPLEX solver finished. Gap: 21.060000
[INFO]:[23:33:40] Initial configuration evaluated with objective value: 21.06
[INFO]:[23:33:40] Starting CPLEX solver on instance: /home/yorig/tuner/mpils-tests/instances/miplib/medium-1/momentum1.mps with config: /scratch/yorig/mpils-results-grid-seconds-5-no-mip-start/medium-1/16proc/seed-1/6_momentum1_seed-1_20260502_233334/iterated_local_search/run_1_worker_9/ils_config_13070613119062095052.prm
[INFO]:[23:33:40] Starting CPLEX solver on instance: /home/yorig/tuner/mpils-tests/instances/miplib/medium-1/momentum1.mps with config: /scratch/yorig/mpils-results-grid-seconds-5-no-mip-start/medium-1/16proc/seed-1/6_momentum1_seed-1_20260502_233334/iterated_local_search/run_1_worker_9/ils_config_13070613119062095052.prm
[INFO]:[23:33:45] CPLEX results. Gap: 21.050000, upper bound: 121989.188603, lower bound: 96307.424011
[INFO]:[23:33:45] CPLEX solver finished. Gap: 21.050000
[INFO]:[23:33:45] New incumbent found with objective value: 21.05
[INFO]:[23:33:46] Starting CPLEX solver on instance: /home/yorig/tuner/mpils-tests/instances/miplib/medium-1/momentum1.mps with config: /scratch/yorig/mpils-results-grid-seconds-5-no-mip-start/medium-1/16proc/seed-1/6_momentum1_seed-1_20260502_233334/iterated_local_search/run_1_worker_9/ils_config_7893266053439006080.prm
[INFO]:[23:33:46] Starting CPLEX solver on instance: /home/yorig/tuner/mpils-tests/instances/miplib/medium-1/momentum1.mps with config: /scratch/yorig/mpils-results-grid-seconds-5-no-mip-start/medium-1/16proc/seed-1/6_momentum1_seed-1_20260502_233334/iterated_local_search/run_1_worker_9/ils_config_7893266053439006080.prm
[INFO]:[23:33:51] CPLEX results. Gap: 37.520000, upper bound: 154109.744099, lower bound: 96288.493663
[INFO]:[23:33:51] CPLEX solver finished. Gap: 37.520000
[INFO]:[23:33:51] Starting CPLEX solver on instance: /home/yorig/tuner/mpils-tests/instances/miplib/medium-1/momentum1.mps with config: /scratch/yorig/mpils-results-grid-seconds-5-no-mip-start/medium-1/16proc/seed-1/6_momentum1_seed-1_20260502_233334/iterated_local_search/run_1_worker_9/ils_config_3811308564580211698.prm
[INFO]:[23:33:51] Starting CPLEX solver on instance: /home/yorig/tuner/mpils-tests/instances/miplib/medium-1/momentum1.mps with config: /scratch/yorig/mpils-results-grid-seconds-5-no-mip-start/medium-1/16proc/seed-1/6_momentum1_seed-1_20260502_233334/iterated_local_search/run_1_worker_9/ils_config_3811308564580211698.prm
[INFO]:[23:33:56] CPLEX results. Gap: 65.120000, upper bound: 276057.477908, lower bound: 96288.845509
[INFO]:[23:33:56] CPLEX solver finished. Gap: 65.120000
[INFO]:[23:33:56] Starting CPLEX solver on instance: /home/yorig/tuner/mpils-tests/instances/miplib/medium-1/momentum1.mps with config: /scratch/yorig/mpils-results-grid-seconds-5-no-mip-start/medium-1/16proc/seed-1/6_momentum1_seed-1_20260502_233334/iterated_local_search/run_1_worker_9/ils_config_7999746635350996525.prm
[INFO]:[23:33:56] Starting CPLEX solver on instance: /home/yorig/tuner/mpils-tests/instances/miplib/medium-1/momentum1.mps with config: /scratch/yorig/mpils-results-grid-seconds-5-no-mip-start/medium-1/16proc/seed-1/6_momentum1_seed-1_20260502_233334/iterated_local_search/run_1_worker_9/ils_config_7999746635350996525.prm
[INFO]:[23:34:01] CPLEX results. Gap: 21.060000, upper bound: 121989.188603, lower bound: 96301.507366
[INFO]:[23:34:01] CPLEX solver finished. Gap: 21.060000
[INFO]:[23:34:01] Starting CPLEX solver on instance: /home/yorig/tuner/mpils-tests/instances/miplib/medium-1/momentum1.mps with config: /scratch/yorig/mpils-results-grid-seconds-5-no-mip-start/medium-1/16proc/seed-1/6_momentum1_seed-1_20260502_233334/iterated_local_search/run_1_worker_9/ils_config_3129821609132870753.prm
[INFO]:[23:34:01] Starting CPLEX solver on instance: /home/yorig/tuner/mpils-tests/instances/miplib/medium-1/momentum1.mps with config: /scratch/yorig/mpils-results-grid-seconds-5-no-mip-start/medium-1/16proc/seed-1/6_momentum1_seed-1_20260502_233334/iterated_local_search/run_1_worker_9/ils_config_3129821609132870753.prm
[INFO]:[23:34:06] CPLEX results. Gap: 21.060000, upper bound: 121989.188603, lower bound: 96301.507366
[INFO]:[23:34:06] CPLEX solver finished. Gap: 21.060000
[INFO]:[23:34:06] Starting CPLEX solver on instance: /home/yorig/tuner/mpils-tests/instances/miplib/medium-1/momentum1.mps with config: /scratch/yorig/mpils-results-grid-seconds-5-no-mip-start/medium-1/16proc/seed-1/6_momentum1_seed-1_20260502_233334/iterated_local_search/run_1_worker_9/ils_config_6765881209655407895.prm
[INFO]:[23:34:06] Starting CPLEX solver on instance: /home/yorig/tuner/mpils-tests/instances/miplib/medium-1/momentum1.mps with config: /scratch/yorig/mpils-results-grid-seconds-5-no-mip-start/medium-1/16proc/seed-1/6_momentum1_seed-1_20260502_233334/iterated_local_search/run_1_worker_9/ils_config_6765881209655407895.prm
[INFO]:[23:34:11] CPLEX results. Gap: 68.750000, upper bound: 308126.637140, lower bound: 96284.882995
[INFO]:[23:34:11] CPLEX solver finished. Gap: 68.750000
[INFO]:[23:34:11] Starting CPLEX solver on instance: /home/yorig/tuner/mpils-tests/instances/miplib/medium-1/momentum1.mps with config: /scratch/yorig/mpils-results-grid-seconds-5-no-mip-start/medium-1/16proc/seed-1/6_momentum1_seed-1_20260502_233334/iterated_local_search/run_1_worker_9/ils_config_14310779215029775825.prm
[INFO]:[23:34:11] Starting CPLEX solver on instance: /home/yorig/tuner/mpils-tests/instances/miplib/medium-1/momentum1.mps with config: /scratch/yorig/mpils-results-grid-seconds-5-no-mip-start/medium-1/16proc/seed-1/6_momentum1_seed-1_20260502_233334/iterated_local_search/run_1_worker_9/ils_config_14310779215029775825.prm
[INFO]:[23:34:16] CPLEX results. Gap: 68.750000, upper bound: 308140.083904, lower bound: 96287.265049
[INFO]:[23:34:16] CPLEX solver finished. Gap: 68.750000
[INFO]:[23:34:16] Starting CPLEX solver on instance: /home/yorig/tuner/mpils-tests/instances/miplib/medium-1/momentum1.mps with config: /scratch/yorig/mpils-results-grid-seconds-5-no-mip-start/medium-1/16proc/seed-1/6_momentum1_seed-1_20260502_233334/iterated_local_search/run_1_worker_9/ils_config_4485300744142255930.prm
[INFO]:[23:34:16] Starting CPLEX solver on instance: /home/yorig/tuner/mpils-tests/instances/miplib/medium-1/momentum1.mps with config: /scratch/yorig/mpils-results-grid-seconds-5-no-mip-start/medium-1/16proc/seed-1/6_momentum1_seed-1_20260502_233334/iterated_local_search/run_1_worker_9/ils_config_4485300744142255930.prm
[INFO]:[23:34:21] CPLEX results. Gap: 69.390000, upper bound: 314543.240687, lower bound: 96294.509495
[INFO]:[23:34:21] CPLEX solver finished. Gap: 69.390000
[INFO]:[23:34:21] Starting CPLEX solver on instance: /home/yorig/tuner/mpils-tests/instances/miplib/medium-1/momentum1.mps with config: /scratch/yorig/mpils-results-grid-seconds-5-no-mip-start/medium-1/16proc/seed-1/6_momentum1_seed-1_20260502_233334/iterated_local_search/run_1_worker_9/ils_config_6303815791233056817.prm
[INFO]:[23:34:21] Starting CPLEX solver on instance: /home/yorig/tuner/mpils-tests/instances/miplib/medium-1/momentum1.mps with config: /scratch/yorig/mpils-results-grid-seconds-5-no-mip-start/medium-1/16proc/seed-1/6_momentum1_seed-1_20260502_233334/iterated_local_search/run_1_worker_9/ils_config_6303815791233056817.prm
[INFO]:[23:34:26] CPLEX results. Gap: 68.750000, upper bound: 308140.083904, lower bound: 96283.972869
[INFO]:[23:34:26] CPLEX solver finished. Gap: 68.750000
[INFO]:[23:34:26] Starting CPLEX solver on instance: /home/yorig/tuner/mpils-tests/instances/miplib/medium-1/momentum1.mps with config: /scratch/yorig/mpils-results-grid-seconds-5-no-mip-start/medium-1/16proc/seed-1/6_momentum1_seed-1_20260502_233334/iterated_local_search/run_1_worker_9/ils_config_13500522867543734008.prm
[INFO]:[23:34:26] Starting CPLEX solver on instance: /home/yorig/tuner/mpils-tests/instances/miplib/medium-1/momentum1.mps with config: /scratch/yorig/mpils-results-grid-seconds-5-no-mip-start/medium-1/16proc/seed-1/6_momentum1_seed-1_20260502_233334/iterated_local_search/run_1_worker_9/ils_config_13500522867543734008.prm
[INFO]:[23:34:31] CPLEX results. Gap: 67.400000, upper bound: 295320.005987, lower bound: 96272.796061
[INFO]:[23:34:31] CPLEX solver finished. Gap: 67.400000
[INFO]:[23:34:31] Starting CPLEX solver on instance: /home/yorig/tuner/mpils-tests/instances/miplib/medium-1/momentum1.mps with config: /scratch/yorig/mpils-results-grid-seconds-5-no-mip-start/medium-1/16proc/seed-1/6_momentum1_seed-1_20260502_233334/iterated_local_search/run_1_worker_9/ils_config_17843335874492480971.prm
[INFO]:[23:34:31] Starting CPLEX solver on instance: /home/yorig/tuner/mpils-tests/instances/miplib/medium-1/momentum1.mps with config: /scratch/yorig/mpils-results-grid-seconds-5-no-mip-start/medium-1/16proc/seed-1/6_momentum1_seed-1_20260502_233334/iterated_local_search/run_1_worker_9/ils_config_17843335874492480971.prm
[INFO]:[23:34:36] CPLEX results. Gap: 21.060000, upper bound: 121989.188603, lower bound: 96301.507366
[INFO]:[23:34:36] CPLEX solver finished. Gap: 21.060000
[INFO]:[23:34:36] Starting CPLEX solver on instance: /home/yorig/tuner/mpils-tests/instances/miplib/medium-1/momentum1.mps with config: /scratch/yorig/mpils-results-grid-seconds-5-no-mip-start/medium-1/16proc/seed-1/6_momentum1_seed-1_20260502_233334/iterated_local_search/run_1_worker_9/ils_config_14843989690955134752.prm
[INFO]:[23:34:36] Starting CPLEX solver on instance: /home/yorig/tuner/mpils-tests/instances/miplib/medium-1/momentum1.mps with config: /scratch/yorig/mpils-results-grid-seconds-5-no-mip-start/medium-1/16proc/seed-1/6_momentum1_seed-1_20260502_233334/iterated_local_search/run_1_worker_9/ils_config_14843989690955134752.prm
[INFO]:[23:34:41] CPLEX results. Gap: 21.060000, upper bound: 121989.188603, lower bound: 96301.507366
[INFO]:[23:34:41] CPLEX solver finished. Gap: 21.060000
[INFO]:[23:34:41] Starting CPLEX solver on instance: /home/yorig/tuner/mpils-tests/instances/miplib/medium-1/momentum1.mps with config: /scratch/yorig/mpils-results-grid-seconds-5-no-mip-start/medium-1/16proc/seed-1/6_momentum1_seed-1_20260502_233334/iterated_local_search/run_1_worker_9/ils_config_18228504674358293130.prm
[INFO]:[23:34:41] Starting CPLEX solver on instance: /home/yorig/tuner/mpils-tests/instances/miplib/medium-1/momentum1.mps with config: /scratch/yorig/mpils-results-grid-seconds-5-no-mip-start/medium-1/16proc/seed-1/6_momentum1_seed-1_20260502_233334/iterated_local_search/run_1_worker_9/ils_config_18228504674358293130.prm
[INFO]:[23:34:46] CPLEX results. Gap: 69.370000, upper bound: 314525.812091, lower bound: 96354.197207
[INFO]:[23:34:46] CPLEX solver finished. Gap: 69.370000
[INFO]:[23:34:46] Starting CPLEX solver on instance: /home/yorig/tuner/mpils-tests/instances/miplib/medium-1/momentum1.mps with config: /scratch/yorig/mpils-results-grid-seconds-5-no-mip-start/medium-1/16proc/seed-1/6_momentum1_seed-1_20260502_233334/iterated_local_search/run_1_worker_9/ils_config_10636092171321115213.prm
[INFO]:[23:34:46] Starting CPLEX solver on instance: /home/yorig/tuner/mpils-tests/instances/miplib/medium-1/momentum1.mps with config: /scratch/yorig/mpils-results-grid-seconds-5-no-mip-start/medium-1/16proc/seed-1/6_momentum1_seed-1_20260502_233334/iterated_local_search/run_1_worker_9/ils_config_10636092171321115213.prm
[INFO]:[23:34:51] CPLEX results. Gap: 68.100000, upper bound: 301753.141983, lower bound: 96272.632761
[INFO]:[23:34:51] CPLEX solver finished. Gap: 68.100000
[INFO]:[23:34:51] Starting CPLEX solver on instance: /home/yorig/tuner/mpils-tests/instances/miplib/medium-1/momentum1.mps with config: /scratch/yorig/mpils-results-grid-seconds-5-no-mip-start/medium-1/16proc/seed-1/6_momentum1_seed-1_20260502_233334/iterated_local_search/run_1_worker_9/ils_config_13136929186046936617.prm
[INFO]:[23:34:51] Starting CPLEX solver on instance: /home/yorig/tuner/mpils-tests/instances/miplib/medium-1/momentum1.mps with config: /scratch/yorig/mpils-results-grid-seconds-5-no-mip-start/medium-1/16proc/seed-1/6_momentum1_seed-1_20260502_233334/iterated_local_search/run_1_worker_9/ils_config_13136929186046936617.prm
[INFO]:[23:34:56] CPLEX results. Gap: 21.060000, upper bound: 121989.188603, lower bound: 96294.509495
[INFO]:[23:34:56] CPLEX solver finished. Gap: 21.060000
[INFO]:[23:34:56] Starting CPLEX solver on instance: /home/yorig/tuner/mpils-tests/instances/miplib/medium-1/momentum1.mps with config: /scratch/yorig/mpils-results-grid-seconds-5-no-mip-start/medium-1/16proc/seed-1/6_momentum1_seed-1_20260502_233334/iterated_local_search/run_1_worker_9/ils_config_15392752017330710990.prm
[INFO]:[23:34:56] Starting CPLEX solver on instance: /home/yorig/tuner/mpils-tests/instances/miplib/medium-1/momentum1.mps with config: /scratch/yorig/mpils-results-grid-seconds-5-no-mip-start/medium-1/16proc/seed-1/6_momentum1_seed-1_20260502_233334/iterated_local_search/run_1_worker_9/ils_config_15392752017330710990.prm
[INFO]:[23:35:01] CPLEX results. Gap: 21.060000, upper bound: 121989.188603, lower bound: 96301.507366
[INFO]:[23:35:01] CPLEX solver finished. Gap: 21.060000
[INFO]:[23:35:01] Starting CPLEX solver on instance: /home/yorig/tuner/mpils-tests/instances/miplib/medium-1/momentum1.mps with config: /scratch/yorig/mpils-results-grid-seconds-5-no-mip-start/medium-1/16proc/seed-1/6_momentum1_seed-1_20260502_233334/iterated_local_search/run_1_worker_9/ils_config_4350412358811297033.prm
[INFO]:[23:35:01] Starting CPLEX solver on instance: /home/yorig/tuner/mpils-tests/instances/miplib/medium-1/momentum1.mps with config: /scratch/yorig/mpils-results-grid-seconds-5-no-mip-start/medium-1/16proc/seed-1/6_momentum1_seed-1_20260502_233334/iterated_local_search/run_1_worker_9/ils_config_4350412358811297033.prm
[INFO]:[23:35:06] CPLEX results. Gap: 76.270000, upper bound: 333809.066611, lower bound: 79213.034497
[INFO]:[23:35:06] CPLEX solver finished. Gap: 76.270000
[INFO]:[23:35:06] Starting CPLEX solver on instance: /home/yorig/tuner/mpils-tests/instances/miplib/medium-1/momentum1.mps with config: /scratch/yorig/mpils-results-grid-seconds-5-no-mip-start/medium-1/16proc/seed-1/6_momentum1_seed-1_20260502_233334/iterated_local_search/run_1_worker_9/ils_config_14743484004455590921.prm
[INFO]:[23:35:06] Starting CPLEX solver on instance: /home/yorig/tuner/mpils-tests/instances/miplib/medium-1/momentum1.mps with config: /scratch/yorig/mpils-results-grid-seconds-5-no-mip-start/medium-1/16proc/seed-1/6_momentum1_seed-1_20260502_233334/iterated_local_search/run_1_worker_9/ils_config_14743484004455590921.prm
[INFO]:[23:35:11] CPLEX results. Gap: 70.000000, upper bound: 320980.877258, lower bound: 96288.057667
[INFO]:[23:35:11] CPLEX solver finished. Gap: 70.000000
[INFO]:[23:35:11] Starting CPLEX solver on instance: /home/yorig/tuner/mpils-tests/instances/miplib/medium-1/momentum1.mps with config: /scratch/yorig/mpils-results-grid-seconds-5-no-mip-start/medium-1/16proc/seed-1/6_momentum1_seed-1_20260502_233334/iterated_local_search/run_1_worker_9/ils_config_4720712754076215053.prm
[INFO]:[23:35:11] Starting CPLEX solver on instance: /home/yorig/tuner/mpils-tests/instances/miplib/medium-1/momentum1.mps with config: /scratch/yorig/mpils-results-grid-seconds-5-no-mip-start/medium-1/16proc/seed-1/6_momentum1_seed-1_20260502_233334/iterated_local_search/run_1_worker_9/ils_config_4720712754076215053.prm
[INFO]:[23:35:17] CPLEX results. Gap: 68.750000, upper bound: 308115.791883, lower bound: 96291.960035
[INFO]:[23:35:17] CPLEX solver finished. Gap: 68.750000
[INFO]:[23:35:17] Local search phase completed.
[INFO]:[23:35:17] Total number of new local-search evaluations: 20
[INFO]:[23:35:17] Final incumbent objective value: 21.05
[INFO]:[23:35:17] Worker 9 completed exploration phase.
[INFO]:[23:35:17] Worker 9 received order for step 2.
[INFO]:[23:35:17] Worker 9 running expansion phase for iteration 1.
[INFO]:[23:35:17] Worker 9 will use solver log file: /scratch/yorig/mpils-results-grid-seconds-5-no-mip-start/medium-1/16proc/seed-1/6_momentum1_seed-1_20260502_233334/solver/cplex.log_iteration_expansion_1_worker_9
[INFO]:[23:35:17] Expansion Worker 9 starting expansion for iteration 1.
[INFO]:[23:35:17] Starting CPLEX solver on instance: /home/yorig/tuner/mpils-tests/instances/miplib/medium-1/momentum1.mps with config: /scratch/yorig/mpils-results-grid-seconds-5-no-mip-start/medium-1/16proc/seed-1/6_momentum1_seed-1_20260502_233334/expansion/config_param_CPXPARAM_MIP_Strategy_RINSHeur_40_iter_1.prm
[INFO]:[23:35:22] CPLEX results. Gap: 11.860000, upper bound: 109220.473385, lower bound: 96262.353373
[INFO]:[23:35:22] CPLEX solver finished. Gap: 11.860000
[INFO]:[23:35:22] Starting CPLEX solver on instance: /home/yorig/tuner/mpils-tests/instances/miplib/medium-1/momentum1.mps with config: /scratch/yorig/mpils-results-grid-seconds-5-no-mip-start/medium-1/16proc/seed-1/6_momentum1_seed-1_20260502_233334/expansion/config_param_CPXPARAM_MIP_Strategy_RINSHeur_60_iter_1.prm
[INFO]:[23:35:27] CPLEX results. Gap: 11.860000, upper bound: 109220.473385, lower bound: 96262.353373
[INFO]:[23:35:27] CPLEX solver finished. Gap: 11.860000
[INFO]:[23:35:27] Expansion Worker 9 stopping early after global MPI expansion stop was activated.
[INFO]:[23:35:27] Expansion Worker 9 completed expansion.
[INFO]:[23:35:27] Worker 9 completed expansion phase.
[INFO]:[23:35:27] Worker 9 received order for step 1.
[INFO]:[23:35:27] Worker 9 running exploration phase for iteration 2.
[INFO]:[23:35:27] Worker 9 at iteration 2 will not use a MIP start file. Current best MIP-start upper bound threshold is 109197.
[INFO]:[23:35:27] Starting local search phase...
[INFO]:[23:35:27] Creating local search space from parameter space file: /scratch/yorig/mpils-results-grid-seconds-5-no-mip-start/medium-1/16proc/seed-1/6_momentum1_seed-1_20260502_233334/iterated_local_search/search_space/search_space_file_2_worker_9.txt
[INFO]:[23:35:27] Local search space loaded from file: /scratch/yorig/mpils-results-grid-seconds-5-no-mip-start/medium-1/16proc/seed-1/6_momentum1_seed-1_20260502_233334/iterated_local_search/search_space/search_space_file_2_worker_9.txt
[INFO]:[23:35:27] Number of parameters in local search space: 71
[INFO]:[23:35:27] Number of forbidden tuples in local search space: 22
[INFO]:[23:35:27] Number of conditionals in local search space: 6
[INFO]:[23:35:27] MIP start option not enabled. Local search will proceed without MIP start.
[INFO]:[23:35:27] Evaluating initial configuration for local search phase...
[INFO]:[23:35:27] Starting CPLEX solver on instance: /home/yorig/tuner/mpils-tests/instances/miplib/medium-1/momentum1.mps with config: /scratch/yorig/mpils-results-grid-seconds-5-no-mip-start/medium-1/16proc/seed-1/6_momentum1_seed-1_20260502_233334/iterated_local_search/run_2_worker_9/ils_config_15443374077898729906.prm
[INFO]:[23:35:27] Starting CPLEX solver on instance: /home/yorig/tuner/mpils-tests/instances/miplib/medium-1/momentum1.mps with config: /scratch/yorig/mpils-results-grid-seconds-5-no-mip-start/medium-1/16proc/seed-1/6_momentum1_seed-1_20260502_233334/iterated_local_search/run_2_worker_9/ils_config_15443374077898729906.prm
[INFO]:[23:35:32] CPLEX results. Gap: 69.380000, upper bound: 314542.967017, lower bound: 96317.862989
[INFO]:[23:35:32] CPLEX solver finished. Gap: 69.380000
[INFO]:[23:35:32] Initial configuration evaluated with objective value: 69.38
[INFO]:[23:35:32] Starting CPLEX solver on instance: /home/yorig/tuner/mpils-tests/instances/miplib/medium-1/momentum1.mps with config: /scratch/yorig/mpils-results-grid-seconds-5-no-mip-start/medium-1/16proc/seed-1/6_momentum1_seed-1_20260502_233334/iterated_local_search/run_2_worker_9/ils_config_16275210074219969896.prm
[INFO]:[23:35:32] Starting CPLEX solver on instance: /home/yorig/tuner/mpils-tests/instances/miplib/medium-1/momentum1.mps with config: /scratch/yorig/mpils-results-grid-seconds-5-no-mip-start/medium-1/16proc/seed-1/6_momentum1_seed-1_20260502_233334/iterated_local_search/run_2_worker_9/ils_config_16275210074219969896.prm
[INFO]:[23:35:37] CPLEX results. Gap: 70.000000, upper bound: 320923.220812, lower bound: 96276.737317
[INFO]:[23:35:37] CPLEX solver finished. Gap: 70.000000
[INFO]:[23:35:37] Starting CPLEX solver on instance: /home/yorig/tuner/mpils-tests/instances/miplib/medium-1/momentum1.mps with config: /scratch/yorig/mpils-results-grid-seconds-5-no-mip-start/medium-1/16proc/seed-1/6_momentum1_seed-1_20260502_233334/iterated_local_search/run_2_worker_9/ils_config_6003918490340232451.prm
[INFO]:[23:35:37] Starting CPLEX solver on instance: /home/yorig/tuner/mpils-tests/instances/miplib/medium-1/momentum1.mps with config: /scratch/yorig/mpils-results-grid-seconds-5-no-mip-start/medium-1/16proc/seed-1/6_momentum1_seed-1_20260502_233334/iterated_local_search/run_2_worker_9/ils_config_6003918490340232451.prm
[INFO]:[23:35:42] CPLEX results. Gap: 70.600000, upper bound: 327408.997330, lower bound: 96269.094984
[INFO]:[23:35:42] CPLEX solver finished. Gap: 70.600000
[INFO]:[23:35:42] Starting CPLEX solver on instance: /home/yorig/tuner/mpils-tests/instances/miplib/medium-1/momentum1.mps with config: /scratch/yorig/mpils-results-grid-seconds-5-no-mip-start/medium-1/16proc/seed-1/6_momentum1_seed-1_20260502_233334/iterated_local_search/run_2_worker_9/ils_config_6000317427638657358.prm
[INFO]:[23:35:42] Starting CPLEX solver on instance: /home/yorig/tuner/mpils-tests/instances/miplib/medium-1/momentum1.mps with config: /scratch/yorig/mpils-results-grid-seconds-5-no-mip-start/medium-1/16proc/seed-1/6_momentum1_seed-1_20260502_233334/iterated_local_search/run_2_worker_9/ils_config_6000317427638657358.prm
[INFO]:[23:35:47] CPLEX results. Gap: 50.310000, upper bound: 186182.129593, lower bound: 92522.579405
[INFO]:[23:35:47] CPLEX solver finished. Gap: 50.310000
[INFO]:[23:35:47] New incumbent found with objective value: 50.31
[INFO]:[23:35:47] Starting CPLEX solver on instance: /home/yorig/tuner/mpils-tests/instances/miplib/medium-1/momentum1.mps with config: /scratch/yorig/mpils-results-grid-seconds-5-no-mip-start/medium-1/16proc/seed-1/6_momentum1_seed-1_20260502_233334/iterated_local_search/run_2_worker_9/ils_config_4917450893292504951.prm
[INFO]:[23:35:47] Starting CPLEX solver on instance: /home/yorig/tuner/mpils-tests/instances/miplib/medium-1/momentum1.mps with config: /scratch/yorig/mpils-results-grid-seconds-5-no-mip-start/medium-1/16proc/seed-1/6_momentum1_seed-1_20260502_233334/iterated_local_search/run_2_worker_9/ils_config_4917450893292504951.prm
[INFO]:[23:35:52] CPLEX results. Gap: 71.150000, upper bound: 333793.990381, lower bound: 96288.193155
[INFO]:[23:35:52] CPLEX solver finished. Gap: 71.150000
[INFO]:[23:35:52] Starting CPLEX solver on instance: /home/yorig/tuner/mpils-tests/instances/miplib/medium-1/momentum1.mps with config: /scratch/yorig/mpils-results-grid-seconds-5-no-mip-start/medium-1/16proc/seed-1/6_momentum1_seed-1_20260502_233334/iterated_local_search/run_2_worker_9/ils_config_1578996593355903725.prm
[INFO]:[23:35:52] Starting CPLEX solver on instance: /home/yorig/tuner/mpils-tests/instances/miplib/medium-1/momentum1.mps with config: /scratch/yorig/mpils-results-grid-seconds-5-no-mip-start/medium-1/16proc/seed-1/6_momentum1_seed-1_20260502_233334/iterated_local_search/run_2_worker_9/ils_config_1578996593355903725.prm
[INFO]:[23:35:57] CPLEX results. Gap: 48.210000, upper bound: 166951.145941, lower bound: 86470.917766
[INFO]:[23:35:57] CPLEX solver finished. Gap: 48.210000
[INFO]:[23:35:57] New incumbent found with objective value: 48.21
[INFO]:[23:35:57] Starting CPLEX solver on instance: /home/yorig/tuner/mpils-tests/instances/miplib/medium-1/momentum1.mps with config: /scratch/yorig/mpils-results-grid-seconds-5-no-mip-start/medium-1/16proc/seed-1/6_momentum1_seed-1_20260502_233334/iterated_local_search/run_2_worker_9/ils_config_557203282355504737.prm
[INFO]:[23:35:57] Starting CPLEX solver on instance: /home/yorig/tuner/mpils-tests/instances/miplib/medium-1/momentum1.mps with config: /scratch/yorig/mpils-results-grid-seconds-5-no-mip-start/medium-1/16proc/seed-1/6_momentum1_seed-1_20260502_233334/iterated_local_search/run_2_worker_9/ils_config_557203282355504737.prm
[INFO]:[23:36:03] CPLEX results. Gap: 73.060000, upper bound: 321034.860324, lower bound: 86470.917766
[INFO]:[23:36:03] CPLEX solver finished. Gap: 73.060000
[INFO]:[23:36:03] Starting CPLEX solver on instance: /home/yorig/tuner/mpils-tests/instances/miplib/medium-1/momentum1.mps with config: /scratch/yorig/mpils-results-grid-seconds-5-no-mip-start/medium-1/16proc/seed-1/6_momentum1_seed-1_20260502_233334/iterated_local_search/run_2_worker_9/ils_config_6008920068521417851.prm
[INFO]:[23:36:03] Starting CPLEX solver on instance: /home/yorig/tuner/mpils-tests/instances/miplib/medium-1/momentum1.mps with config: /scratch/yorig/mpils-results-grid-seconds-5-no-mip-start/medium-1/16proc/seed-1/6_momentum1_seed-1_20260502_233334/iterated_local_search/run_2_worker_9/ils_config_6008920068521417851.prm
[INFO]:[23:36:08] CPLEX results. Gap: 69.400000, upper bound: 314582.559063, lower bound: 96266.211265
[INFO]:[23:36:08] CPLEX solver finished. Gap: 69.400000
[INFO]:[23:36:08] Starting CPLEX solver on instance: /home/yorig/tuner/mpils-tests/instances/miplib/medium-1/momentum1.mps with config: /scratch/yorig/mpils-results-grid-seconds-5-no-mip-start/medium-1/16proc/seed-1/6_momentum1_seed-1_20260502_233334/iterated_local_search/run_2_worker_9/ils_config_16286634630313934813.prm
[INFO]:[23:36:08] Starting CPLEX solver on instance: /home/yorig/tuner/mpils-tests/instances/miplib/medium-1/momentum1.mps with config: /scratch/yorig/mpils-results-grid-seconds-5-no-mip-start/medium-1/16proc/seed-1/6_momentum1_seed-1_20260502_233334/iterated_local_search/run_2_worker_9/ils_config_16286634630313934813.prm
[INFO]:[23:36:13] CPLEX results. Gap: 46.160000, upper bound: 160602.296983, lower bound: 86470.917766
[INFO]:[23:36:13] CPLEX solver finished. Gap: 46.160000
[INFO]:[23:36:13] New incumbent found with objective value: 46.16
[INFO]:[23:36:13] Local search phase completed.
[INFO]:[23:36:13] Total number of new local-search evaluations: 9
[INFO]:[23:36:13] Final incumbent objective value: 46.16
[INFO]:[23:36:13] Worker 9 completed exploration phase.
[INFO]:[23:36:13] Worker 9 received order for step 2.
[INFO]:[23:36:13] Worker 9 running expansion phase for iteration 2.
[INFO]:[23:36:13] Worker 9 will use solver log file: /scratch/yorig/mpils-results-grid-seconds-5-no-mip-start/medium-1/16proc/seed-1/6_momentum1_seed-1_20260502_233334/solver/cplex.log_iteration_expansion_2_worker_9
[INFO]:[23:36:13] Expansion Worker 9 starting expansion for iteration 2.
[INFO]:[23:36:13] Starting CPLEX solver on instance: /home/yorig/tuner/mpils-tests/instances/miplib/medium-1/momentum1.mps with config: /scratch/yorig/mpils-results-grid-seconds-5-no-mip-start/medium-1/16proc/seed-1/6_momentum1_seed-1_20260502_233334/expansion/config_param_CPXPARAM_MIP_Strategy_StartAlgorithm_3_iter_2.prm
[INFO]:[23:36:18] CPLEX results. Gap: 11.810000, upper bound: 109158.923649, lower bound: 96262.328789
[INFO]:[23:36:18] CPLEX solver finished. Gap: 11.810000
[INFO]:[23:36:18] Starting CPLEX solver on instance: /home/yorig/tuner/mpils-tests/instances/miplib/medium-1/momentum1.mps with config: /scratch/yorig/mpils-results-grid-seconds-5-no-mip-start/medium-1/16proc/seed-1/6_momentum1_seed-1_20260502_233334/expansion/config_param_CPXPARAM_MIP_Strategy_StartAlgorithm_4_iter_2.prm
[INFO]:[23:36:23] CPLEX results. Gap: 70.010000, upper bound: 320985.264417, lower bound: 96262.350782
[INFO]:[23:36:23] CPLEX solver finished. Gap: 70.010000
[INFO]:[23:36:28] Expansion Worker 9 completed expansion.
[INFO]:[23:36:28] Worker 9 completed expansion phase.
[INFO]:[23:36:28] Worker 9 received order for step 1.
[INFO]:[23:36:28] Worker 9 running exploration phase for iteration 3.
[INFO]:[23:36:28] Worker 9 at iteration 3 will not use a MIP start file. Current best MIP-start upper bound threshold is 109147.
[INFO]:[23:36:28] Starting local search phase...
[INFO]:[23:36:28] Creating local search space from parameter space file: /scratch/yorig/mpils-results-grid-seconds-5-no-mip-start/medium-1/16proc/seed-1/6_momentum1_seed-1_20260502_233334/iterated_local_search/search_space/search_space_file_3_worker_9.txt
[INFO]:[23:36:28] Local search space loaded from file: /scratch/yorig/mpils-results-grid-seconds-5-no-mip-start/medium-1/16proc/seed-1/6_momentum1_seed-1_20260502_233334/iterated_local_search/search_space/search_space_file_3_worker_9.txt
[INFO]:[23:36:28] Number of parameters in local search space: 71
[INFO]:[23:36:28] Number of forbidden tuples in local search space: 20
[INFO]:[23:36:28] Number of conditionals in local search space: 6
[INFO]:[23:36:28] MIP start option not enabled. Local search will proceed without MIP start.
[INFO]:[23:36:28] Evaluating initial configuration for local search phase...
[INFO]:[23:36:28] Starting CPLEX solver on instance: /home/yorig/tuner/mpils-tests/instances/miplib/medium-1/momentum1.mps with config: /scratch/yorig/mpils-results-grid-seconds-5-no-mip-start/medium-1/16proc/seed-1/6_momentum1_seed-1_20260502_233334/iterated_local_search/run_3_worker_9/ils_config_14068170222408207131.prm
[INFO]:[23:36:28] Starting CPLEX solver on instance: /home/yorig/tuner/mpils-tests/instances/miplib/medium-1/momentum1.mps with config: /scratch/yorig/mpils-results-grid-seconds-5-no-mip-start/medium-1/16proc/seed-1/6_momentum1_seed-1_20260502_233334/iterated_local_search/run_3_worker_9/ils_config_14068170222408207131.prm
[INFO]:[23:36:33] CPLEX results. Gap: 65.910000, upper bound: 282445.536656, lower bound: 96281.081622
[INFO]:[23:36:33] CPLEX solver finished. Gap: 65.910000
[INFO]:[23:36:33] Initial configuration evaluated with objective value: 65.91
[INFO]:[23:36:33] Starting CPLEX solver on instance: /home/yorig/tuner/mpils-tests/instances/miplib/medium-1/momentum1.mps with config: /scratch/yorig/mpils-results-grid-seconds-5-no-mip-start/medium-1/16proc/seed-1/6_momentum1_seed-1_20260502_233334/iterated_local_search/run_3_worker_9/ils_config_17724155061346749630.prm
[INFO]:[23:36:33] Starting CPLEX solver on instance: /home/yorig/tuner/mpils-tests/instances/miplib/medium-1/momentum1.mps with config: /scratch/yorig/mpils-results-grid-seconds-5-no-mip-start/medium-1/16proc/seed-1/6_momentum1_seed-1_20260502_233334/iterated_local_search/run_3_worker_9/ils_config_17724155061346749630.prm
[INFO]:[23:36:38] CPLEX results. Gap: 70.010000, upper bound: 320980.607062, lower bound: 96269.215299
[INFO]:[23:36:38] CPLEX solver finished. Gap: 70.010000
[INFO]:[23:36:38] Starting CPLEX solver on instance: /home/yorig/tuner/mpils-tests/instances/miplib/medium-1/momentum1.mps with config: /scratch/yorig/mpils-results-grid-seconds-5-no-mip-start/medium-1/16proc/seed-1/6_momentum1_seed-1_20260502_233334/iterated_local_search/run_3_worker_9/ils_config_5872643706871515073.prm
[INFO]:[23:36:38] Starting CPLEX solver on instance: /home/yorig/tuner/mpils-tests/instances/miplib/medium-1/momentum1.mps with config: /scratch/yorig/mpils-results-grid-seconds-5-no-mip-start/medium-1/16proc/seed-1/6_momentum1_seed-1_20260502_233334/iterated_local_search/run_3_worker_9/ils_config_5872643706871515073.prm
[INFO]:[23:36:43] CPLEX results. Gap: 71.160000, upper bound: 333809.066538, lower bound: 96274.293668
[INFO]:[23:36:43] CPLEX solver finished. Gap: 71.160000
[INFO]:[23:36:43] Starting CPLEX solver on instance: /home/yorig/tuner/mpils-tests/instances/miplib/medium-1/momentum1.mps with config: /scratch/yorig/mpils-results-grid-seconds-5-no-mip-start/medium-1/16proc/seed-1/6_momentum1_seed-1_20260502_233334/iterated_local_search/run_3_worker_9/ils_config_12981176862877523656.prm
[INFO]:[23:36:43] Starting CPLEX solver on instance: /home/yorig/tuner/mpils-tests/instances/miplib/medium-1/momentum1.mps with config: /scratch/yorig/mpils-results-grid-seconds-5-no-mip-start/medium-1/16proc/seed-1/6_momentum1_seed-1_20260502_233334/iterated_local_search/run_3_worker_9/ils_config_12981176862877523656.prm
[INFO]:[23:36:48] CPLEX results. Gap: 70.590000, upper bound: 327357.950456, lower bound: 96264.606654
[INFO]:[23:36:48] CPLEX solver finished. Gap: 70.590000
[INFO]:[23:36:48] Starting CPLEX solver on instance: /home/yorig/tuner/mpils-tests/instances/miplib/medium-1/momentum1.mps with config: /scratch/yorig/mpils-results-grid-seconds-5-no-mip-start/medium-1/16proc/seed-1/6_momentum1_seed-1_20260502_233334/iterated_local_search/run_3_worker_9/ils_config_9623076105585222260.prm
[INFO]:[23:36:48] Starting CPLEX solver on instance: /home/yorig/tuner/mpils-tests/instances/miplib/medium-1/momentum1.mps with config: /scratch/yorig/mpils-results-grid-seconds-5-no-mip-start/medium-1/16proc/seed-1/6_momentum1_seed-1_20260502_233334/iterated_local_search/run_3_worker_9/ils_config_9623076105585222260.prm
[INFO]:[23:36:53] CPLEX results. Gap: 66.670000, upper bound: 288864.587498, lower bound: 96281.081622
[INFO]:[23:36:53] CPLEX solver finished. Gap: 66.670000
[INFO]:[23:36:53] Starting CPLEX solver on instance: /home/yorig/tuner/mpils-tests/instances/miplib/medium-1/momentum1.mps with config: /scratch/yorig/mpils-results-grid-seconds-5-no-mip-start/medium-1/16proc/seed-1/6_momentum1_seed-1_20260502_233334/iterated_local_search/run_3_worker_9/ils_config_15206202144693549380.prm
[INFO]:[23:36:53] Starting CPLEX solver on instance: /home/yorig/tuner/mpils-tests/instances/miplib/medium-1/momentum1.mps with config: /scratch/yorig/mpils-results-grid-seconds-5-no-mip-start/medium-1/16proc/seed-1/6_momentum1_seed-1_20260502_233334/iterated_local_search/run_3_worker_9/ils_config_15206202144693549380.prm
[INFO]:[23:36:58] CPLEX results. Gap: 54.550000, upper bound: 211847.704188, lower bound: 96275.801449
[INFO]:[23:36:58] CPLEX solver finished. Gap: 54.550000
[INFO]:[23:36:58] New incumbent found with objective value: 54.55
[INFO]:[23:36:58] Starting CPLEX solver on instance: /home/yorig/tuner/mpils-tests/instances/miplib/medium-1/momentum1.mps with config: /scratch/yorig/mpils-results-grid-seconds-5-no-mip-start/medium-1/16proc/seed-1/6_momentum1_seed-1_20260502_233334/iterated_local_search/run_3_worker_9/ils_config_1993500800989996418.prm
[INFO]:[23:36:58] Starting CPLEX solver on instance: /home/yorig/tuner/mpils-tests/instances/miplib/medium-1/momentum1.mps with config: /scratch/yorig/mpils-results-grid-seconds-5-no-mip-start/medium-1/16proc/seed-1/6_momentum1_seed-1_20260502_233334/iterated_local_search/run_3_worker_9/ils_config_1993500800989996418.prm
[INFO]:[23:37:04] CPLEX results. Gap: 72.830000, upper bound: 333809.066573, lower bound: 90689.663142
[INFO]:[23:37:04] CPLEX solver finished. Gap: 72.830000
[INFO]:[23:37:04] Starting CPLEX solver on instance: /home/yorig/tuner/mpils-tests/instances/miplib/medium-1/momentum1.mps with config: /scratch/yorig/mpils-results-grid-seconds-5-no-mip-start/medium-1/16proc/seed-1/6_momentum1_seed-1_20260502_233334/iterated_local_search/run_3_worker_9/ils_config_5275963542795813246.prm
[INFO]:[23:37:04] Starting CPLEX solver on instance: /home/yorig/tuner/mpils-tests/instances/miplib/medium-1/momentum1.mps with config: /scratch/yorig/mpils-results-grid-seconds-5-no-mip-start/medium-1/16proc/seed-1/6_momentum1_seed-1_20260502_233334/iterated_local_search/run_3_worker_9/ils_config_5275963542795813246.prm
[INFO]:[23:37:09] CPLEX results. Gap: 69.390000, upper bound: 314507.020146, lower bound: 96257.497369
[INFO]:[23:37:09] CPLEX solver finished. Gap: 69.390000
[INFO]:[23:37:09] Starting CPLEX solver on instance: /home/yorig/tuner/mpils-tests/instances/miplib/medium-1/momentum1.mps with config: /scratch/yorig/mpils-results-grid-seconds-5-no-mip-start/medium-1/16proc/seed-1/6_momentum1_seed-1_20260502_233334/iterated_local_search/run_3_worker_9/ils_config_2892300970177304172.prm
[INFO]:[23:37:09] Starting CPLEX solver on instance: /home/yorig/tuner/mpils-tests/instances/miplib/medium-1/momentum1.mps with config: /scratch/yorig/mpils-results-grid-seconds-5-no-mip-start/medium-1/16proc/seed-1/6_momentum1_seed-1_20260502_233334/iterated_local_search/run_3_worker_9/ils_config_2892300970177304172.prm
[INFO]:[23:37:14] CPLEX results. Gap: 67.400000, upper bound: 295299.191497, lower bound: 96264.376940
[INFO]:[23:37:14] CPLEX solver finished. Gap: 67.400000
[INFO]:[23:37:14] Starting CPLEX solver on instance: /home/yorig/tuner/mpils-tests/instances/miplib/medium-1/momentum1.mps with config: /scratch/yorig/mpils-results-grid-seconds-5-no-mip-start/medium-1/16proc/seed-1/6_momentum1_seed-1_20260502_233334/iterated_local_search/run_3_worker_9/ils_config_9652681486264170234.prm
[INFO]:[23:37:14] Starting CPLEX solver on instance: /home/yorig/tuner/mpils-tests/instances/miplib/medium-1/momentum1.mps with config: /scratch/yorig/mpils-results-grid-seconds-5-no-mip-start/medium-1/16proc/seed-1/6_momentum1_seed-1_20260502_233334/iterated_local_search/run_3_worker_9/ils_config_9652681486264170234.prm
[INFO]:[23:37:19] CPLEX results. Gap: 51.650000, upper bound: 199137.027370, lower bound: 96275.800514
[INFO]:[23:37:19] CPLEX solver finished. Gap: 51.650000
[INFO]:[23:37:19] New incumbent found with objective value: 51.65
[INFO]:[23:37:19] Local search phase completed.
[INFO]:[23:37:19] Total number of new local-search evaluations: 10
[INFO]:[23:37:19] Final incumbent objective value: 51.65
[INFO]:[23:37:19] Worker 9 completed exploration phase.
[INFO]:[23:37:19] Worker 9 received order for step 2.
[INFO]:[23:37:19] Worker 9 running expansion phase for iteration 3.
[INFO]:[23:37:19] Worker 9 will use solver log file: /scratch/yorig/mpils-results-grid-seconds-5-no-mip-start/medium-1/16proc/seed-1/6_momentum1_seed-1_20260502_233334/solver/cplex.log_iteration_expansion_3_worker_9
[INFO]:[23:37:19] Expansion Worker 9 starting expansion for iteration 3.
[INFO]:[23:37:19] Starting CPLEX solver on instance: /home/yorig/tuner/mpils-tests/instances/miplib/medium-1/momentum1.mps with config: /scratch/yorig/mpils-results-grid-seconds-5-no-mip-start/medium-1/16proc/seed-1/6_momentum1_seed-1_20260502_233334/expansion/config_param_CPXPARAM_Barrier_Ordering_1_iter_3.prm
[INFO]:[23:37:24] CPLEX results. Gap: 11.830000, upper bound: 109176.886952, lower bound: 96262.316947
[INFO]:[23:37:24] CPLEX solver finished. Gap: 11.830000
[INFO]:[23:37:24] Starting CPLEX solver on instance: /home/yorig/tuner/mpils-tests/instances/miplib/medium-1/momentum1.mps with config: /scratch/yorig/mpils-results-grid-seconds-5-no-mip-start/medium-1/16proc/seed-1/6_momentum1_seed-1_20260502_233334/expansion/config_param_CPXPARAM_Barrier_Ordering_2_iter_3.prm
[INFO]:[23:37:29] CPLEX results. Gap: 11.830000, upper bound: 109176.886952, lower bound: 96262.316947
[INFO]:[23:37:29] CPLEX solver finished. Gap: 11.830000
[INFO]:[23:37:29] Expansion Worker 9 completed expansion.
[INFO]:[23:37:29] Worker 9 completed expansion phase.
[INFO]:[23:37:29] Worker 9 received order for step 1.
[INFO]:[23:37:29] Worker 9 running exploration phase for iteration 4.
[INFO]:[23:37:29] Worker 9 at iteration 4 will not use a MIP start file. Current best MIP-start upper bound threshold is 109147.
[INFO]:[23:37:29] Starting local search phase...
[INFO]:[23:37:29] Creating local search space from parameter space file: /scratch/yorig/mpils-results-grid-seconds-5-no-mip-start/medium-1/16proc/seed-1/6_momentum1_seed-1_20260502_233334/iterated_local_search/search_space/search_space_file_4_worker_9.txt
[INFO]:[23:37:29] Local search space loaded from file: /scratch/yorig/mpils-results-grid-seconds-5-no-mip-start/medium-1/16proc/seed-1/6_momentum1_seed-1_20260502_233334/iterated_local_search/search_space/search_space_file_4_worker_9.txt
[INFO]:[23:37:29] Number of parameters in local search space: 71
[INFO]:[23:37:29] Number of forbidden tuples in local search space: 27
[INFO]:[23:37:29] Number of conditionals in local search space: 6
[INFO]:[23:37:29] MIP start option not enabled. Local search will proceed without MIP start.
[INFO]:[23:37:29] Evaluating initial configuration for local search phase...
[INFO]:[23:37:29] Starting CPLEX solver on instance: /home/yorig/tuner/mpils-tests/instances/miplib/medium-1/momentum1.mps with config: /scratch/yorig/mpils-results-grid-seconds-5-no-mip-start/medium-1/16proc/seed-1/6_momentum1_seed-1_20260502_233334/iterated_local_search/run_4_worker_9/ils_config_10042532515569235722.prm
[INFO]:[23:37:29] Starting CPLEX solver on instance: /home/yorig/tuner/mpils-tests/instances/miplib/medium-1/momentum1.mps with config: /scratch/yorig/mpils-results-grid-seconds-5-no-mip-start/medium-1/16proc/seed-1/6_momentum1_seed-1_20260502_233334/iterated_local_search/run_4_worker_9/ils_config_10042532515569235722.prm
[INFO]:[23:37:34] CPLEX results. Gap: 70.010000, upper bound: 320967.995087, lower bound: 96262.657085
[INFO]:[23:37:34] CPLEX solver finished. Gap: 70.010000
[INFO]:[23:37:34] Initial configuration evaluated with objective value: 70.01
[INFO]:[23:37:34] Starting CPLEX solver on instance: /home/yorig/tuner/mpils-tests/instances/miplib/medium-1/momentum1.mps with config: /scratch/yorig/mpils-results-grid-seconds-5-no-mip-start/medium-1/16proc/seed-1/6_momentum1_seed-1_20260502_233334/iterated_local_search/run_4_worker_9/ils_config_4894569929916471592.prm
[INFO]:[23:37:34] Starting CPLEX solver on instance: /home/yorig/tuner/mpils-tests/instances/miplib/medium-1/momentum1.mps with config: /scratch/yorig/mpils-results-grid-seconds-5-no-mip-start/medium-1/16proc/seed-1/6_momentum1_seed-1_20260502_233334/iterated_local_search/run_4_worker_9/ils_config_4894569929916471592.prm
[INFO]:[23:37:39] CPLEX results. Gap: 48.300000, upper bound: 186204.793163, lower bound: 96269.826429
[INFO]:[23:37:39] CPLEX solver finished. Gap: 48.300000
[INFO]:[23:37:39] New incumbent found with objective value: 48.3
[INFO]:[23:37:40] Starting CPLEX solver on instance: /home/yorig/tuner/mpils-tests/instances/miplib/medium-1/momentum1.mps with config: /scratch/yorig/mpils-results-grid-seconds-5-no-mip-start/medium-1/16proc/seed-1/6_momentum1_seed-1_20260502_233334/iterated_local_search/run_4_worker_9/ils_config_6850242912546116921.prm
[INFO]:[23:37:40] Starting CPLEX solver on instance: /home/yorig/tuner/mpils-tests/instances/miplib/medium-1/momentum1.mps with config: /scratch/yorig/mpils-results-grid-seconds-5-no-mip-start/medium-1/16proc/seed-1/6_momentum1_seed-1_20260502_233334/iterated_local_search/run_4_worker_9/ils_config_6850242912546116921.prm
[INFO]:[23:37:45] CPLEX results. Gap: 70.010000, upper bound: 320967.995093, lower bound: 96269.654646
[INFO]:[23:37:45] CPLEX solver finished. Gap: 70.010000
[INFO]:[23:37:45] Starting CPLEX solver on instance: /home/yorig/tuner/mpils-tests/instances/miplib/medium-1/momentum1.mps with config: /scratch/yorig/mpils-results-grid-seconds-5-no-mip-start/medium-1/16proc/seed-1/6_momentum1_seed-1_20260502_233334/iterated_local_search/run_4_worker_9/ils_config_7657504546901361192.prm
[INFO]:[23:37:45] Starting CPLEX solver on instance: /home/yorig/tuner/mpils-tests/instances/miplib/medium-1/momentum1.mps with config: /scratch/yorig/mpils-results-grid-seconds-5-no-mip-start/medium-1/16proc/seed-1/6_momentum1_seed-1_20260502_233334/iterated_local_search/run_4_worker_9/ils_config_7657504546901361192.prm
[INFO]:[23:37:50] CPLEX results. Gap: 48.300000, upper bound: 186204.793163, lower bound: 96269.826429
[INFO]:[23:37:50] CPLEX solver finished. Gap: 48.300000
[INFO]:[23:37:50] Starting CPLEX solver on instance: /home/yorig/tuner/mpils-tests/instances/miplib/medium-1/momentum1.mps with config: /scratch/yorig/mpils-results-grid-seconds-5-no-mip-start/medium-1/16proc/seed-1/6_momentum1_seed-1_20260502_233334/iterated_local_search/run_4_worker_9/ils_config_11934823142670499071.prm
[INFO]:[23:37:50] Starting CPLEX solver on instance: /home/yorig/tuner/mpils-tests/instances/miplib/medium-1/momentum1.mps with config: /scratch/yorig/mpils-results-grid-seconds-5-no-mip-start/medium-1/16proc/seed-1/6_momentum1_seed-1_20260502_233334/iterated_local_search/run_4_worker_9/ils_config_11934823142670499071.prm
[INFO]:[23:37:55] CPLEX results. Gap: 48.300000, upper bound: 186204.793163, lower bound: 96269.826429
[INFO]:[23:37:55] CPLEX solver finished. Gap: 48.300000
[INFO]:[23:37:55] Starting CPLEX solver on instance: /home/yorig/tuner/mpils-tests/instances/miplib/medium-1/momentum1.mps with config: /scratch/yorig/mpils-results-grid-seconds-5-no-mip-start/medium-1/16proc/seed-1/6_momentum1_seed-1_20260502_233334/iterated_local_search/run_4_worker_9/ils_config_8969182993368323833.prm
[INFO]:[23:37:55] Starting CPLEX solver on instance: /home/yorig/tuner/mpils-tests/instances/miplib/medium-1/momentum1.mps with config: /scratch/yorig/mpils-results-grid-seconds-5-no-mip-start/medium-1/16proc/seed-1/6_momentum1_seed-1_20260502_233334/iterated_local_search/run_4_worker_9/ils_config_8969182993368323833.prm
[INFO]:[23:38:00] CPLEX results. Gap: 50.020000, upper bound: 192598.040252, lower bound: 96269.826429
[INFO]:[23:38:00] CPLEX solver finished. Gap: 50.020000
[INFO]:[23:38:00] Starting CPLEX solver on instance: /home/yorig/tuner/mpils-tests/instances/miplib/medium-1/momentum1.mps with config: /scratch/yorig/mpils-results-grid-seconds-5-no-mip-start/medium-1/16proc/seed-1/6_momentum1_seed-1_20260502_233334/iterated_local_search/run_4_worker_9/ils_config_7817192508537671545.prm
[INFO]:[23:38:00] Starting CPLEX solver on instance: /home/yorig/tuner/mpils-tests/instances/miplib/medium-1/momentum1.mps with config: /scratch/yorig/mpils-results-grid-seconds-5-no-mip-start/medium-1/16proc/seed-1/6_momentum1_seed-1_20260502_233334/iterated_local_search/run_4_worker_9/ils_config_7817192508537671545.prm
[INFO]:[23:38:05] CPLEX results. Gap: 57.140000, upper bound: 224664.337264, lower bound: 96286.448992
[INFO]:[23:38:05] CPLEX solver finished. Gap: 57.140000
[INFO]:[23:38:05] Local search phase completed.
[INFO]:[23:38:05] Total number of new local-search evaluations: 7
[INFO]:[23:38:05] Final incumbent objective value: 48.3
[INFO]:[23:38:05] Worker 9 completed exploration phase.
[INFO]:[23:38:05] Worker 9 received order for step 2.
[INFO]:[23:38:05] Worker 9 running expansion phase for iteration 4.
[INFO]:[23:38:05] Worker 9 will use solver log file: /scratch/yorig/mpils-results-grid-seconds-5-no-mip-start/medium-1/16proc/seed-1/6_momentum1_seed-1_20260502_233334/solver/cplex.log_iteration_expansion_4_worker_9
[INFO]:[23:38:05] Expansion Worker 9 starting expansion for iteration 4.
[INFO]:[23:38:05] Starting CPLEX solver on instance: /home/yorig/tuner/mpils-tests/instances/miplib/medium-1/momentum1.mps with config: /scratch/yorig/mpils-results-grid-seconds-5-no-mip-start/medium-1/16proc/seed-1/6_momentum1_seed-1_20260502_233334/expansion/config_param_CPXPARAM_MIP_Strategy_File_0_iter_4.prm
[INFO]:[23:38:10] CPLEX results. Gap: 11.810000, upper bound: 109158.992334, lower bound: 96262.316947
[INFO]:[23:38:10] CPLEX solver finished. Gap: 11.810000
[INFO]:[23:38:10] Starting CPLEX solver on instance: /home/yorig/tuner/mpils-tests/instances/miplib/medium-1/momentum1.mps with config: /scratch/yorig/mpils-results-grid-seconds-5-no-mip-start/medium-1/16proc/seed-1/6_momentum1_seed-1_20260502_233334/expansion/config_param_CPXPARAM_MIP_Strategy_File_2_iter_4.prm
[INFO]:[23:38:15] CPLEX results. Gap: 11.810000, upper bound: 109158.992334, lower bound: 96262.316947
[INFO]:[23:38:15] CPLEX solver finished. Gap: 11.810000
[INFO]:[23:38:15] Expansion Worker 9 completed expansion.
[INFO]:[23:38:15] Worker 9 completed expansion phase.
[INFO]:[23:38:16] Worker 9 received order for step 1.
[INFO]:[23:38:16] Worker 9 running exploration phase for iteration 5.
[INFO]:[23:38:16] Worker 9 at iteration 5 will not use a MIP start file. Current best MIP-start upper bound threshold is 109146.
[INFO]:[23:38:16] Starting local search phase...
[INFO]:[23:38:16] Creating local search space from parameter space file: /scratch/yorig/mpils-results-grid-seconds-5-no-mip-start/medium-1/16proc/seed-1/6_momentum1_seed-1_20260502_233334/iterated_local_search/search_space/search_space_file_5_worker_9.txt
[INFO]:[23:38:16] Local search space loaded from file: /scratch/yorig/mpils-results-grid-seconds-5-no-mip-start/medium-1/16proc/seed-1/6_momentum1_seed-1_20260502_233334/iterated_local_search/search_space/search_space_file_5_worker_9.txt
[INFO]:[23:38:16] Number of parameters in local search space: 71
[INFO]:[23:38:16] Number of forbidden tuples in local search space: 27
[INFO]:[23:38:16] Number of conditionals in local search space: 6
[INFO]:[23:38:16] MIP start option not enabled. Local search will proceed without MIP start.
[INFO]:[23:38:16] Evaluating initial configuration for local search phase...
[INFO]:[23:38:16] Starting CPLEX solver on instance: /home/yorig/tuner/mpils-tests/instances/miplib/medium-1/momentum1.mps with config: /scratch/yorig/mpils-results-grid-seconds-5-no-mip-start/medium-1/16proc/seed-1/6_momentum1_seed-1_20260502_233334/iterated_local_search/run_5_worker_9/ils_config_17441110319955014723.prm
[INFO]:[23:38:16] Starting CPLEX solver on instance: /home/yorig/tuner/mpils-tests/instances/miplib/medium-1/momentum1.mps with config: /scratch/yorig/mpils-results-grid-seconds-5-no-mip-start/medium-1/16proc/seed-1/6_momentum1_seed-1_20260502_233334/iterated_local_search/run_5_worker_9/ils_config_17441110319955014723.prm
[INFO]:[23:38:21] CPLEX results. Gap: 73.700000, upper bound: 366054.536980, lower bound: 96264.139887
[INFO]:[23:38:21] CPLEX solver finished. Gap: 73.700000
[INFO]:[23:38:21] Initial configuration evaluated with objective value: 73.7
[INFO]:[23:38:21] Starting CPLEX solver on instance: /home/yorig/tuner/mpils-tests/instances/miplib/medium-1/momentum1.mps with config: /scratch/yorig/mpils-results-grid-seconds-5-no-mip-start/medium-1/16proc/seed-1/6_momentum1_seed-1_20260502_233334/iterated_local_search/run_5_worker_9/ils_config_11421785059441544676.prm
[INFO]:[23:38:21] Starting CPLEX solver on instance: /home/yorig/tuner/mpils-tests/instances/miplib/medium-1/momentum1.mps with config: /scratch/yorig/mpils-results-grid-seconds-5-no-mip-start/medium-1/16proc/seed-1/6_momentum1_seed-1_20260502_233334/iterated_local_search/run_5_worker_9/ils_config_11421785059441544676.prm
[INFO]:[23:38:26] CPLEX results. Gap: 73.700000, upper bound: 366054.536980, lower bound: 96264.139887
[INFO]:[23:38:26] CPLEX solver finished. Gap: 73.700000
[INFO]:[23:38:26] Starting CPLEX solver on instance: /home/yorig/tuner/mpils-tests/instances/miplib/medium-1/momentum1.mps with config: /scratch/yorig/mpils-results-grid-seconds-5-no-mip-start/medium-1/16proc/seed-1/6_momentum1_seed-1_20260502_233334/iterated_local_search/run_5_worker_9/ils_config_10404703829009346849.prm
[INFO]:[23:38:26] Starting CPLEX solver on instance: /home/yorig/tuner/mpils-tests/instances/miplib/medium-1/momentum1.mps with config: /scratch/yorig/mpils-results-grid-seconds-5-no-mip-start/medium-1/16proc/seed-1/6_momentum1_seed-1_20260502_233334/iterated_local_search/run_5_worker_9/ils_config_10404703829009346849.prm
[INFO]:[23:38:31] CPLEX results. Gap: 74.600000, upper bound: 378930.472094, lower bound: 96262.815085
[INFO]:[23:38:31] CPLEX solver finished. Gap: 74.600000
[INFO]:[23:38:31] Starting CPLEX solver on instance: /home/yorig/tuner/mpils-tests/instances/miplib/medium-1/momentum1.mps with config: /scratch/yorig/mpils-results-grid-seconds-5-no-mip-start/medium-1/16proc/seed-1/6_momentum1_seed-1_20260502_233334/iterated_local_search/run_5_worker_9/ils_config_2653481451596852601.prm
[INFO]:[23:38:31] Starting CPLEX solver on instance: /home/yorig/tuner/mpils-tests/instances/miplib/medium-1/momentum1.mps with config: /scratch/yorig/mpils-results-grid-seconds-5-no-mip-start/medium-1/16proc/seed-1/6_momentum1_seed-1_20260502_233334/iterated_local_search/run_5_worker_9/ils_config_2653481451596852601.prm
[INFO]:[23:38:36] CPLEX results. Gap: 77.630000, upper bound: 430332.163540, lower bound: 96255.656923
[INFO]:[23:38:36] CPLEX solver finished. Gap: 77.630000
[INFO]:[23:38:36] Starting CPLEX solver on instance: /home/yorig/tuner/mpils-tests/instances/miplib/medium-1/momentum1.mps with config: /scratch/yorig/mpils-results-grid-seconds-5-no-mip-start/medium-1/16proc/seed-1/6_momentum1_seed-1_20260502_233334/iterated_local_search/run_5_worker_9/ils_config_4991377956365331215.prm
[INFO]:[23:38:36] Starting CPLEX solver on instance: /home/yorig/tuner/mpils-tests/instances/miplib/medium-1/momentum1.mps with config: /scratch/yorig/mpils-results-grid-seconds-5-no-mip-start/medium-1/16proc/seed-1/6_momentum1_seed-1_20260502_233334/iterated_local_search/run_5_worker_9/ils_config_4991377956365331215.prm
[INFO]:[23:38:41] CPLEX results. Gap: 76.210000, upper bound: 404588.316052, lower bound: 96263.926871
[INFO]:[23:38:41] CPLEX solver finished. Gap: 76.210000
[INFO]:[23:38:41] Starting CPLEX solver on instance: /home/yorig/tuner/mpils-tests/instances/miplib/medium-1/momentum1.mps with config: /scratch/yorig/mpils-results-grid-seconds-5-no-mip-start/medium-1/16proc/seed-1/6_momentum1_seed-1_20260502_233334/iterated_local_search/run_5_worker_9/ils_config_11445248804082034470.prm
[INFO]:[23:38:41] Starting CPLEX solver on instance: /home/yorig/tuner/mpils-tests/instances/miplib/medium-1/momentum1.mps with config: /scratch/yorig/mpils-results-grid-seconds-5-no-mip-start/medium-1/16proc/seed-1/6_momentum1_seed-1_20260502_233334/iterated_local_search/run_5_worker_9/ils_config_11445248804082034470.prm
[INFO]:[23:38:46] CPLEX results. Gap: 73.230000, upper bound: 359642.697878, lower bound: 96259.172607
[INFO]:[23:38:46] CPLEX solver finished. Gap: 73.230000
[INFO]:[23:38:46] New incumbent found with objective value: 73.23
[INFO]:[23:38:46] Starting CPLEX solver on instance: /home/yorig/tuner/mpils-tests/instances/miplib/medium-1/momentum1.mps with config: /scratch/yorig/mpils-results-grid-seconds-5-no-mip-start/medium-1/16proc/seed-1/6_momentum1_seed-1_20260502_233334/iterated_local_search/run_5_worker_9/ils_config_9103388667307905605.prm
[INFO]:[23:38:46] Starting CPLEX solver on instance: /home/yorig/tuner/mpils-tests/instances/miplib/medium-1/momentum1.mps with config: /scratch/yorig/mpils-results-grid-seconds-5-no-mip-start/medium-1/16proc/seed-1/6_momentum1_seed-1_20260502_233334/iterated_local_search/run_5_worker_9/ils_config_9103388667307905605.prm
[INFO]:[23:38:51] CPLEX results. Gap: 79.190000, upper bound: 462642.869806, lower bound: 96259.172607
[INFO]:[23:38:51] CPLEX solver finished. Gap: 79.190000
[INFO]:[23:38:51] Starting CPLEX solver on instance: /home/yorig/tuner/mpils-tests/instances/miplib/medium-1/momentum1.mps with config: /scratch/yorig/mpils-results-grid-seconds-5-no-mip-start/medium-1/16proc/seed-1/6_momentum1_seed-1_20260502_233334/iterated_local_search/run_5_worker_9/ils_config_908053318008990136.prm
[INFO]:[23:38:51] Starting CPLEX solver on instance: /home/yorig/tuner/mpils-tests/instances/miplib/medium-1/momentum1.mps with config: /scratch/yorig/mpils-results-grid-seconds-5-no-mip-start/medium-1/16proc/seed-1/6_momentum1_seed-1_20260502_233334/iterated_local_search/run_5_worker_9/ils_config_908053318008990136.prm
[INFO]:[23:38:56] CPLEX results. Gap: 100.000000, upper bound: 365999.377747, lower bound: 0.000010
[INFO]:[23:38:56] CPLEX solver finished. Gap: 100.000000
[INFO]:[23:38:56] Starting CPLEX solver on instance: /home/yorig/tuner/mpils-tests/instances/miplib/medium-1/momentum1.mps with config: /scratch/yorig/mpils-results-grid-seconds-5-no-mip-start/medium-1/16proc/seed-1/6_momentum1_seed-1_20260502_233334/iterated_local_search/run_5_worker_9/ils_config_2626012886464580840.prm
[INFO]:[23:38:56] Starting CPLEX solver on instance: /home/yorig/tuner/mpils-tests/instances/miplib/medium-1/momentum1.mps with config: /scratch/yorig/mpils-results-grid-seconds-5-no-mip-start/medium-1/16proc/seed-1/6_momentum1_seed-1_20260502_233334/iterated_local_search/run_5_worker_9/ils_config_2626012886464580840.prm
[INFO]:[23:39:01] CPLEX results. Gap: 86.370000, upper bound: 533874.573902, lower bound: 72793.499574
[INFO]:[23:39:01] CPLEX solver finished. Gap: 86.370000
[INFO]:[23:39:01] Starting CPLEX solver on instance: /home/yorig/tuner/mpils-tests/instances/miplib/medium-1/momentum1.mps with config: /scratch/yorig/mpils-results-grid-seconds-5-no-mip-start/medium-1/16proc/seed-1/6_momentum1_seed-1_20260502_233334/iterated_local_search/run_5_worker_9/ils_config_11811746674686039524.prm
[INFO]:[23:39:01] Starting CPLEX solver on instance: /home/yorig/tuner/mpils-tests/instances/miplib/medium-1/momentum1.mps with config: /scratch/yorig/mpils-results-grid-seconds-5-no-mip-start/medium-1/16proc/seed-1/6_momentum1_seed-1_20260502_233334/iterated_local_search/run_5_worker_9/ils_config_11811746674686039524.prm
[INFO]:[23:39:06] CPLEX results. Gap: 79.190000, upper bound: 462642.869806, lower bound: 96262.004643
[INFO]:[23:39:06] CPLEX solver finished. Gap: 79.190000
[INFO]:[23:39:06] Starting CPLEX solver on instance: /home/yorig/tuner/mpils-tests/instances/miplib/medium-1/momentum1.mps with config: /scratch/yorig/mpils-results-grid-seconds-5-no-mip-start/medium-1/16proc/seed-1/6_momentum1_seed-1_20260502_233334/iterated_local_search/run_5_worker_9/ils_config_14761912021262028842.prm
[INFO]:[23:39:06] Starting CPLEX solver on instance: /home/yorig/tuner/mpils-tests/instances/miplib/medium-1/momentum1.mps with config: /scratch/yorig/mpils-results-grid-seconds-5-no-mip-start/medium-1/16proc/seed-1/6_momentum1_seed-1_20260502_233334/iterated_local_search/run_5_worker_9/ils_config_14761912021262028842.prm
[INFO]:[23:39:11] CPLEX results. Gap: 100.000000, upper bound: 365999.377747, lower bound: 0.000010
[INFO]:[23:39:11] CPLEX solver finished. Gap: 100.000000
[INFO]:[23:39:11] Starting CPLEX solver on instance: /home/yorig/tuner/mpils-tests/instances/miplib/medium-1/momentum1.mps with config: /scratch/yorig/mpils-results-grid-seconds-5-no-mip-start/medium-1/16proc/seed-1/6_momentum1_seed-1_20260502_233334/iterated_local_search/run_5_worker_9/ils_config_9643873882701498989.prm
[INFO]:[23:39:11] Starting CPLEX solver on instance: /home/yorig/tuner/mpils-tests/instances/miplib/medium-1/momentum1.mps with config: /scratch/yorig/mpils-results-grid-seconds-5-no-mip-start/medium-1/16proc/seed-1/6_momentum1_seed-1_20260502_233334/iterated_local_search/run_5_worker_9/ils_config_9643873882701498989.prm
[INFO]:[23:39:16] CPLEX results. Gap: 79.190000, upper bound: 462642.869806, lower bound: 96260.566489
[INFO]:[23:39:16] CPLEX solver finished. Gap: 79.190000
[INFO]:[23:39:16] Starting CPLEX solver on instance: /home/yorig/tuner/mpils-tests/instances/miplib/medium-1/momentum1.mps with config: /scratch/yorig/mpils-results-grid-seconds-5-no-mip-start/medium-1/16proc/seed-1/6_momentum1_seed-1_20260502_233334/iterated_local_search/run_5_worker_9/ils_config_16439778092169886024.prm
[INFO]:[23:39:16] Starting CPLEX solver on instance: /home/yorig/tuner/mpils-tests/instances/miplib/medium-1/momentum1.mps with config: /scratch/yorig/mpils-results-grid-seconds-5-no-mip-start/medium-1/16proc/seed-1/6_momentum1_seed-1_20260502_233334/iterated_local_search/run_5_worker_9/ils_config_16439778092169886024.prm
[INFO]:[23:39:21] CPLEX results. Gap: 77.630000, upper bound: 430307.080202, lower bound: 96259.172607
[INFO]:[23:39:21] CPLEX solver finished. Gap: 77.630000
[INFO]:[23:39:21] Starting CPLEX solver on instance: /home/yorig/tuner/mpils-tests/instances/miplib/medium-1/momentum1.mps with config: /scratch/yorig/mpils-results-grid-seconds-5-no-mip-start/medium-1/16proc/seed-1/6_momentum1_seed-1_20260502_233334/iterated_local_search/run_5_worker_9/ils_config_9086066946264180354.prm
[INFO]:[23:39:21] Starting CPLEX solver on instance: /home/yorig/tuner/mpils-tests/instances/miplib/medium-1/momentum1.mps with config: /scratch/yorig/mpils-results-grid-seconds-5-no-mip-start/medium-1/16proc/seed-1/6_momentum1_seed-1_20260502_233334/iterated_local_search/run_5_worker_9/ils_config_9086066946264180354.prm
[INFO]:[23:39:26] CPLEX results. Gap: 79.190000, upper bound: 462642.869806, lower bound: 96259.172607
[INFO]:[23:39:26] CPLEX solver finished. Gap: 79.190000
[INFO]:[23:39:26] Starting CPLEX solver on instance: /home/yorig/tuner/mpils-tests/instances/miplib/medium-1/momentum1.mps with config: /scratch/yorig/mpils-results-grid-seconds-5-no-mip-start/medium-1/16proc/seed-1/6_momentum1_seed-1_20260502_233334/iterated_local_search/run_5_worker_9/ils_config_8980167404373332635.prm
[INFO]:[23:39:26] Starting CPLEX solver on instance: /home/yorig/tuner/mpils-tests/instances/miplib/medium-1/momentum1.mps with config: /scratch/yorig/mpils-results-grid-seconds-5-no-mip-start/medium-1/16proc/seed-1/6_momentum1_seed-1_20260502_233334/iterated_local_search/run_5_worker_9/ils_config_8980167404373332635.prm
[INFO]:[23:39:32] CPLEX results. Gap: 79.190000, upper bound: 462642.869806, lower bound: 96259.172607
[INFO]:[23:39:32] CPLEX solver finished. Gap: 79.190000
[INFO]:[23:39:32] Starting CPLEX solver on instance: /home/yorig/tuner/mpils-tests/instances/miplib/medium-1/momentum1.mps with config: /scratch/yorig/mpils-results-grid-seconds-5-no-mip-start/medium-1/16proc/seed-1/6_momentum1_seed-1_20260502_233334/iterated_local_search/run_5_worker_9/ils_config_17646452948725412954.prm
[INFO]:[23:39:32] Starting CPLEX solver on instance: /home/yorig/tuner/mpils-tests/instances/miplib/medium-1/momentum1.mps with config: /scratch/yorig/mpils-results-grid-seconds-5-no-mip-start/medium-1/16proc/seed-1/6_momentum1_seed-1_20260502_233334/iterated_local_search/run_5_worker_9/ils_config_17646452948725412954.prm
[INFO]:[23:39:37] CPLEX results. Gap: 73.230000, upper bound: 359642.697878, lower bound: 96259.172607
[INFO]:[23:39:37] CPLEX solver finished. Gap: 73.230000
[INFO]:[23:39:37] Starting CPLEX solver on instance: /home/yorig/tuner/mpils-tests/instances/miplib/medium-1/momentum1.mps with config: /scratch/yorig/mpils-results-grid-seconds-5-no-mip-start/medium-1/16proc/seed-1/6_momentum1_seed-1_20260502_233334/iterated_local_search/run_5_worker_9/ils_config_15841234891339465977.prm
[INFO]:[23:39:37] Starting CPLEX solver on instance: /home/yorig/tuner/mpils-tests/instances/miplib/medium-1/momentum1.mps with config: /scratch/yorig/mpils-results-grid-seconds-5-no-mip-start/medium-1/16proc/seed-1/6_momentum1_seed-1_20260502_233334/iterated_local_search/run_5_worker_9/ils_config_15841234891339465977.prm
[INFO]:[23:39:42] CPLEX results. Gap: 70.590000, upper bound: 327353.905948, lower bound: 96262.210781
[INFO]:[23:39:42] CPLEX solver finished. Gap: 70.590000
[INFO]:[23:39:42] New incumbent found with objective value: 70.59
[INFO]:[23:39:42] Starting CPLEX solver on instance: /home/yorig/tuner/mpils-tests/instances/miplib/medium-1/momentum1.mps with config: /scratch/yorig/mpils-results-grid-seconds-5-no-mip-start/medium-1/16proc/seed-1/6_momentum1_seed-1_20260502_233334/iterated_local_search/run_5_worker_9/ils_config_15582196411550166304.prm
[INFO]:[23:39:42] Starting CPLEX solver on instance: /home/yorig/tuner/mpils-tests/instances/miplib/medium-1/momentum1.mps with config: /scratch/yorig/mpils-results-grid-seconds-5-no-mip-start/medium-1/16proc/seed-1/6_momentum1_seed-1_20260502_233334/iterated_local_search/run_5_worker_9/ils_config_15582196411550166304.prm
[INFO]:[23:39:47] CPLEX results. Gap: 70.600000, upper bound: 327380.661410, lower bound: 96262.210781
[INFO]:[23:39:47] CPLEX solver finished. Gap: 70.600000
[INFO]:[23:39:47] Local search phase completed.
[INFO]:[23:39:47] Total number of new local-search evaluations: 18
[INFO]:[23:39:47] Final incumbent objective value: 70.59
[INFO]:[23:39:49] Worker 9 completed exploration phase.
[INFO]:[23:39:49] Worker 9 received order for step 2.
[INFO]:[23:39:49] Worker 9 running expansion phase for iteration 5.
[INFO]:[23:39:49] Worker 9 will use solver log file: /scratch/yorig/mpils-results-grid-seconds-5-no-mip-start/medium-1/16proc/seed-1/6_momentum1_seed-1_20260502_233334/solver/cplex.log_iteration_expansion_5_worker_9
[INFO]:[23:39:49] Expansion Worker 9 starting expansion for iteration 5.
[INFO]:[23:39:49] Starting CPLEX solver on instance: /home/yorig/tuner/mpils-tests/instances/miplib/medium-1/momentum1.mps with config: /scratch/yorig/mpils-results-grid-seconds-5-no-mip-start/medium-1/16proc/seed-1/6_momentum1_seed-1_20260502_233334/expansion/config_param_CPXPARAM_Simplex_Limits_Singularity_5_iter_5.prm
[INFO]:[23:39:54] CPLEX results. Gap: 11.810000, upper bound: 109158.992334, lower bound: 96262.316947
[INFO]:[23:39:54] CPLEX solver finished. Gap: 11.810000
[INFO]:[23:39:54] Starting CPLEX solver on instance: /home/yorig/tuner/mpils-tests/instances/miplib/medium-1/momentum1.mps with config: /scratch/yorig/mpils-results-grid-seconds-5-no-mip-start/medium-1/16proc/seed-1/6_momentum1_seed-1_20260502_233334/expansion/config_param_CPXPARAM_Simplex_Limits_Singularity_20_iter_5.prm
[INFO]:[23:39:59] CPLEX results. Gap: 11.810000, upper bound: 109158.992334, lower bound: 96262.316947
[INFO]:[23:39:59] CPLEX solver finished. Gap: 11.810000
[INFO]:[23:39:59] Expansion Worker 9 completed expansion.
[INFO]:[23:39:59] Worker 9 completed expansion phase.
[INFO]:[23:40:00] Worker 9 received order for step 1.
[INFO]:[23:40:00] Worker 9 running exploration phase for iteration 6.
[INFO]:[23:40:00] Worker 9 at iteration 6 will not use a MIP start file. Current best MIP-start upper bound threshold is 109146.
[INFO]:[23:40:00] Starting local search phase...
[INFO]:[23:40:00] Creating local search space from parameter space file: /scratch/yorig/mpils-results-grid-seconds-5-no-mip-start/medium-1/16proc/seed-1/6_momentum1_seed-1_20260502_233334/iterated_local_search/search_space/search_space_file_6_worker_9.txt
[INFO]:[23:40:00] Local search space loaded from file: /scratch/yorig/mpils-results-grid-seconds-5-no-mip-start/medium-1/16proc/seed-1/6_momentum1_seed-1_20260502_233334/iterated_local_search/search_space/search_space_file_6_worker_9.txt
[INFO]:[23:40:00] Number of parameters in local search space: 71
[INFO]:[23:40:00] Number of forbidden tuples in local search space: 22
[INFO]:[23:40:00] Number of conditionals in local search space: 6
[INFO]:[23:40:00] MIP start option not enabled. Local search will proceed without MIP start.
[INFO]:[23:40:00] Evaluating initial configuration for local search phase...
[INFO]:[23:40:00] Starting CPLEX solver on instance: /home/yorig/tuner/mpils-tests/instances/miplib/medium-1/momentum1.mps with config: /scratch/yorig/mpils-results-grid-seconds-5-no-mip-start/medium-1/16proc/seed-1/6_momentum1_seed-1_20260502_233334/iterated_local_search/run_6_worker_9/ils_config_13078569895810797530.prm
[INFO]:[23:40:00] Starting CPLEX solver on instance: /home/yorig/tuner/mpils-tests/instances/miplib/medium-1/momentum1.mps with config: /scratch/yorig/mpils-results-grid-seconds-5-no-mip-start/medium-1/16proc/seed-1/6_momentum1_seed-1_20260502_233334/iterated_local_search/run_6_worker_9/ils_config_13078569895810797530.prm
[INFO]:[23:40:05] CPLEX results. Gap: 100.000000, upper bound: 365999.377747, lower bound: 0.000010
[INFO]:[23:40:05] CPLEX solver finished. Gap: 100.000000
[INFO]:[23:40:05] Initial configuration evaluated with objective value: 100
[INFO]:[23:40:05] Starting CPLEX solver on instance: /home/yorig/tuner/mpils-tests/instances/miplib/medium-1/momentum1.mps with config: /scratch/yorig/mpils-results-grid-seconds-5-no-mip-start/medium-1/16proc/seed-1/6_momentum1_seed-1_20260502_233334/iterated_local_search/run_6_worker_9/ils_config_904429959405988726.prm
[INFO]:[23:40:05] Starting CPLEX solver on instance: /home/yorig/tuner/mpils-tests/instances/miplib/medium-1/momentum1.mps with config: /scratch/yorig/mpils-results-grid-seconds-5-no-mip-start/medium-1/16proc/seed-1/6_momentum1_seed-1_20260502_233334/iterated_local_search/run_6_worker_9/ils_config_904429959405988726.prm
[INFO]:[23:40:10] CPLEX results. Gap: 78.360000, upper bound: 365999.377747, lower bound: 79201.752257
[INFO]:[23:40:10] CPLEX solver finished. Gap: 78.360000
[INFO]:[23:40:10] New incumbent found with objective value: 78.36
[INFO]:[23:40:10] Starting CPLEX solver on instance: /home/yorig/tuner/mpils-tests/instances/miplib/medium-1/momentum1.mps with config: /scratch/yorig/mpils-results-grid-seconds-5-no-mip-start/medium-1/16proc/seed-1/6_momentum1_seed-1_20260502_233334/iterated_local_search/run_6_worker_9/ils_config_17552677984955706425.prm
[INFO]:[23:40:10] Starting CPLEX solver on instance: /home/yorig/tuner/mpils-tests/instances/miplib/medium-1/momentum1.mps with config: /scratch/yorig/mpils-results-grid-seconds-5-no-mip-start/medium-1/16proc/seed-1/6_momentum1_seed-1_20260502_233334/iterated_local_search/run_6_worker_9/ils_config_17552677984955706425.prm
[INFO]:[23:40:15] CPLEX results. Gap: 78.360000, upper bound: 365999.377747, lower bound: 79201.752257
[INFO]:[23:40:15] CPLEX solver finished. Gap: 78.360000
[INFO]:[23:40:15] Starting CPLEX solver on instance: /home/yorig/tuner/mpils-tests/instances/miplib/medium-1/momentum1.mps with config: /scratch/yorig/mpils-results-grid-seconds-5-no-mip-start/medium-1/16proc/seed-1/6_momentum1_seed-1_20260502_233334/iterated_local_search/run_6_worker_9/ils_config_6367992441714999160.prm
[INFO]:[23:40:15] Starting CPLEX solver on instance: /home/yorig/tuner/mpils-tests/instances/miplib/medium-1/momentum1.mps with config: /scratch/yorig/mpils-results-grid-seconds-5-no-mip-start/medium-1/16proc/seed-1/6_momentum1_seed-1_20260502_233334/iterated_local_search/run_6_worker_9/ils_config_6367992441714999160.prm
[INFO]:[23:40:20] CPLEX results. Gap: 78.360000, upper bound: 365999.377747, lower bound: 79201.752257
[INFO]:[23:40:20] CPLEX solver finished. Gap: 78.360000
[INFO]:[23:40:20] Starting CPLEX solver on instance: /home/yorig/tuner/mpils-tests/instances/miplib/medium-1/momentum1.mps with config: /scratch/yorig/mpils-results-grid-seconds-5-no-mip-start/medium-1/16proc/seed-1/6_momentum1_seed-1_20260502_233334/iterated_local_search/run_6_worker_9/ils_config_8537850061932376749.prm
[INFO]:[23:40:20] Starting CPLEX solver on instance: /home/yorig/tuner/mpils-tests/instances/miplib/medium-1/momentum1.mps with config: /scratch/yorig/mpils-results-grid-seconds-5-no-mip-start/medium-1/16proc/seed-1/6_momentum1_seed-1_20260502_233334/iterated_local_search/run_6_worker_9/ils_config_8537850061932376749.prm
[INFO]:[23:40:25] CPLEX results. Gap: 78.360000, upper bound: 365999.377747, lower bound: 79201.752257
[INFO]:[23:40:25] CPLEX solver finished. Gap: 78.360000
[INFO]:[23:40:25] Starting CPLEX solver on instance: /home/yorig/tuner/mpils-tests/instances/miplib/medium-1/momentum1.mps with config: /scratch/yorig/mpils-results-grid-seconds-5-no-mip-start/medium-1/16proc/seed-1/6_momentum1_seed-1_20260502_233334/iterated_local_search/run_6_worker_9/ils_config_1758661219008747293.prm
[INFO]:[23:40:25] Starting CPLEX solver on instance: /home/yorig/tuner/mpils-tests/instances/miplib/medium-1/momentum1.mps with config: /scratch/yorig/mpils-results-grid-seconds-5-no-mip-start/medium-1/16proc/seed-1/6_momentum1_seed-1_20260502_233334/iterated_local_search/run_6_worker_9/ils_config_1758661219008747293.prm
[INFO]:[23:40:30] CPLEX results. Gap: 100.000000, upper bound: 365999.377747, lower bound: 0.000010
[INFO]:[23:40:30] CPLEX solver finished. Gap: 100.000000
[INFO]:[23:40:30] Starting CPLEX solver on instance: /home/yorig/tuner/mpils-tests/instances/miplib/medium-1/momentum1.mps with config: /scratch/yorig/mpils-results-grid-seconds-5-no-mip-start/medium-1/16proc/seed-1/6_momentum1_seed-1_20260502_233334/iterated_local_search/run_6_worker_9/ils_config_14540860208786795908.prm
[INFO]:[23:40:30] Starting CPLEX solver on instance: /home/yorig/tuner/mpils-tests/instances/miplib/medium-1/momentum1.mps with config: /scratch/yorig/mpils-results-grid-seconds-5-no-mip-start/medium-1/16proc/seed-1/6_momentum1_seed-1_20260502_233334/iterated_local_search/run_6_worker_9/ils_config_14540860208786795908.prm
[INFO]:[23:40:35] CPLEX results. Gap: 78.360000, upper bound: 365999.377747, lower bound: 79201.752257
[INFO]:[23:40:35] CPLEX solver finished. Gap: 78.360000
[INFO]:[23:40:35] Starting CPLEX solver on instance: /home/yorig/tuner/mpils-tests/instances/miplib/medium-1/momentum1.mps with config: /scratch/yorig/mpils-results-grid-seconds-5-no-mip-start/medium-1/16proc/seed-1/6_momentum1_seed-1_20260502_233334/iterated_local_search/run_6_worker_9/ils_config_5753516921726178865.prm
[INFO]:[23:40:35] Starting CPLEX solver on instance: /home/yorig/tuner/mpils-tests/instances/miplib/medium-1/momentum1.mps with config: /scratch/yorig/mpils-results-grid-seconds-5-no-mip-start/medium-1/16proc/seed-1/6_momentum1_seed-1_20260502_233334/iterated_local_search/run_6_worker_9/ils_config_5753516921726178865.prm
[INFO]:[23:40:40] CPLEX results. Gap: 78.360000, upper bound: 365999.377747, lower bound: 79212.100100
[INFO]:[23:40:40] CPLEX solver finished. Gap: 78.360000
[INFO]:[23:40:40] Starting CPLEX solver on instance: /home/yorig/tuner/mpils-tests/instances/miplib/medium-1/momentum1.mps with config: /scratch/yorig/mpils-results-grid-seconds-5-no-mip-start/medium-1/16proc/seed-1/6_momentum1_seed-1_20260502_233334/iterated_local_search/run_6_worker_9/ils_config_10134869563619961429.prm
[INFO]:[23:40:40] Starting CPLEX solver on instance: /home/yorig/tuner/mpils-tests/instances/miplib/medium-1/momentum1.mps with config: /scratch/yorig/mpils-results-grid-seconds-5-no-mip-start/medium-1/16proc/seed-1/6_momentum1_seed-1_20260502_233334/iterated_local_search/run_6_worker_9/ils_config_10134869563619961429.prm
[INFO]:[23:40:45] CPLEX results. Gap: 78.360000, upper bound: 365999.377747, lower bound: 79201.752257
[INFO]:[23:40:45] CPLEX solver finished. Gap: 78.360000
[INFO]:[23:40:45] Starting CPLEX solver on instance: /home/yorig/tuner/mpils-tests/instances/miplib/medium-1/momentum1.mps with config: /scratch/yorig/mpils-results-grid-seconds-5-no-mip-start/medium-1/16proc/seed-1/6_momentum1_seed-1_20260502_233334/iterated_local_search/run_6_worker_9/ils_config_13827528498998346667.prm
[INFO]:[23:40:45] Starting CPLEX solver on instance: /home/yorig/tuner/mpils-tests/instances/miplib/medium-1/momentum1.mps with config: /scratch/yorig/mpils-results-grid-seconds-5-no-mip-start/medium-1/16proc/seed-1/6_momentum1_seed-1_20260502_233334/iterated_local_search/run_6_worker_9/ils_config_13827528498998346667.prm
[INFO]:[23:40:50] CPLEX results. Gap: 78.360000, upper bound: 365999.377747, lower bound: 79201.752257
[INFO]:[23:40:50] CPLEX solver finished. Gap: 78.360000
[INFO]:[23:40:50] Starting CPLEX solver on instance: /home/yorig/tuner/mpils-tests/instances/miplib/medium-1/momentum1.mps with config: /scratch/yorig/mpils-results-grid-seconds-5-no-mip-start/medium-1/16proc/seed-1/6_momentum1_seed-1_20260502_233334/iterated_local_search/run_6_worker_9/ils_config_11048760578148260996.prm
[INFO]:[23:40:50] Starting CPLEX solver on instance: /home/yorig/tuner/mpils-tests/instances/miplib/medium-1/momentum1.mps with config: /scratch/yorig/mpils-results-grid-seconds-5-no-mip-start/medium-1/16proc/seed-1/6_momentum1_seed-1_20260502_233334/iterated_local_search/run_6_worker_9/ils_config_11048760578148260996.prm
[INFO]:[23:40:55] CPLEX results. Gap: 78.360000, upper bound: 365999.377747, lower bound: 79201.752257
[INFO]:[23:40:55] CPLEX solver finished. Gap: 78.360000
[INFO]:[23:40:55] Starting CPLEX solver on instance: /home/yorig/tuner/mpils-tests/instances/miplib/medium-1/momentum1.mps with config: /scratch/yorig/mpils-results-grid-seconds-5-no-mip-start/medium-1/16proc/seed-1/6_momentum1_seed-1_20260502_233334/iterated_local_search/run_6_worker_9/ils_config_13214845205886324535.prm
[INFO]:[23:40:55] Starting CPLEX solver on instance: /home/yorig/tuner/mpils-tests/instances/miplib/medium-1/momentum1.mps with config: /scratch/yorig/mpils-results-grid-seconds-5-no-mip-start/medium-1/16proc/seed-1/6_momentum1_seed-1_20260502_233334/iterated_local_search/run_6_worker_9/ils_config_13214845205886324535.prm
[INFO]:[23:41:00] CPLEX results. Gap: 78.360000, upper bound: 365999.377747, lower bound: 79201.752257
[INFO]:[23:41:00] CPLEX solver finished. Gap: 78.360000
[INFO]:[23:41:00] Starting CPLEX solver on instance: /home/yorig/tuner/mpils-tests/instances/miplib/medium-1/momentum1.mps with config: /scratch/yorig/mpils-results-grid-seconds-5-no-mip-start/medium-1/16proc/seed-1/6_momentum1_seed-1_20260502_233334/iterated_local_search/run_6_worker_9/ils_config_6002286774360188009.prm
[INFO]:[23:41:00] Starting CPLEX solver on instance: /home/yorig/tuner/mpils-tests/instances/miplib/medium-1/momentum1.mps with config: /scratch/yorig/mpils-results-grid-seconds-5-no-mip-start/medium-1/16proc/seed-1/6_momentum1_seed-1_20260502_233334/iterated_local_search/run_6_worker_9/ils_config_6002286774360188009.prm
[INFO]:[23:41:05] CPLEX results. Gap: 78.360000, upper bound: 365999.377747, lower bound: 79201.752257
[INFO]:[23:41:05] CPLEX solver finished. Gap: 78.360000
[INFO]:[23:41:05] Starting CPLEX solver on instance: /home/yorig/tuner/mpils-tests/instances/miplib/medium-1/momentum1.mps with config: /scratch/yorig/mpils-results-grid-seconds-5-no-mip-start/medium-1/16proc/seed-1/6_momentum1_seed-1_20260502_233334/iterated_local_search/run_6_worker_9/ils_config_9294912948978660043.prm
[INFO]:[23:41:05] Starting CPLEX solver on instance: /home/yorig/tuner/mpils-tests/instances/miplib/medium-1/momentum1.mps with config: /scratch/yorig/mpils-results-grid-seconds-5-no-mip-start/medium-1/16proc/seed-1/6_momentum1_seed-1_20260502_233334/iterated_local_search/run_6_worker_9/ils_config_9294912948978660043.prm
[INFO]:[23:41:11] CPLEX results. Gap: 78.360000, upper bound: 365999.377747, lower bound: 79201.752257
[INFO]:[23:41:11] CPLEX solver finished. Gap: 78.360000
[INFO]:[23:41:11] Starting CPLEX solver on instance: /home/yorig/tuner/mpils-tests/instances/miplib/medium-1/momentum1.mps with config: /scratch/yorig/mpils-results-grid-seconds-5-no-mip-start/medium-1/16proc/seed-1/6_momentum1_seed-1_20260502_233334/iterated_local_search/run_6_worker_9/ils_config_9070842793361261256.prm
[INFO]:[23:41:11] Starting CPLEX solver on instance: /home/yorig/tuner/mpils-tests/instances/miplib/medium-1/momentum1.mps with config: /scratch/yorig/mpils-results-grid-seconds-5-no-mip-start/medium-1/16proc/seed-1/6_momentum1_seed-1_20260502_233334/iterated_local_search/run_6_worker_9/ils_config_9070842793361261256.prm
[INFO]:[23:41:16] CPLEX results. Gap: 100.000000, upper bound: 365999.377823, lower bound: 0.000010
[INFO]:[23:41:16] CPLEX solver finished. Gap: 100.000000
[INFO]:[23:41:16] Starting CPLEX solver on instance: /home/yorig/tuner/mpils-tests/instances/miplib/medium-1/momentum1.mps with config: /scratch/yorig/mpils-results-grid-seconds-5-no-mip-start/medium-1/16proc/seed-1/6_momentum1_seed-1_20260502_233334/iterated_local_search/run_6_worker_9/ils_config_9343064961181383327.prm
[INFO]:[23:41:16] Starting CPLEX solver on instance: /home/yorig/tuner/mpils-tests/instances/miplib/medium-1/momentum1.mps with config: /scratch/yorig/mpils-results-grid-seconds-5-no-mip-start/medium-1/16proc/seed-1/6_momentum1_seed-1_20260502_233334/iterated_local_search/run_6_worker_9/ils_config_9343064961181383327.prm
[INFO]:[23:41:21] CPLEX results. Gap: 78.360000, upper bound: 365999.377747, lower bound: 79201.752257
[INFO]:[23:41:21] CPLEX solver finished. Gap: 78.360000
[INFO]:[23:41:21] Starting CPLEX solver on instance: /home/yorig/tuner/mpils-tests/instances/miplib/medium-1/momentum1.mps with config: /scratch/yorig/mpils-results-grid-seconds-5-no-mip-start/medium-1/16proc/seed-1/6_momentum1_seed-1_20260502_233334/iterated_local_search/run_6_worker_9/ils_config_9836729363803663334.prm
[INFO]:[23:41:21] Starting CPLEX solver on instance: /home/yorig/tuner/mpils-tests/instances/miplib/medium-1/momentum1.mps with config: /scratch/yorig/mpils-results-grid-seconds-5-no-mip-start/medium-1/16proc/seed-1/6_momentum1_seed-1_20260502_233334/iterated_local_search/run_6_worker_9/ils_config_9836729363803663334.prm
[INFO]:[23:41:26] CPLEX results. Gap: 100.000000, upper bound: 365999.377747, lower bound: 0.000010
[INFO]:[23:41:26] CPLEX solver finished. Gap: 100.000000
[INFO]:[23:41:26] Starting CPLEX solver on instance: /home/yorig/tuner/mpils-tests/instances/miplib/medium-1/momentum1.mps with config: /scratch/yorig/mpils-results-grid-seconds-5-no-mip-start/medium-1/16proc/seed-1/6_momentum1_seed-1_20260502_233334/iterated_local_search/run_6_worker_9/ils_config_3563113808506169227.prm
[INFO]:[23:41:26] Starting CPLEX solver on instance: /home/yorig/tuner/mpils-tests/instances/miplib/medium-1/momentum1.mps with config: /scratch/yorig/mpils-results-grid-seconds-5-no-mip-start/medium-1/16proc/seed-1/6_momentum1_seed-1_20260502_233334/iterated_local_search/run_6_worker_9/ils_config_3563113808506169227.prm
[INFO]:[23:41:31] CPLEX results. Gap: 100.000000, upper bound: 365999.377747, lower bound: 0.000010
[INFO]:[23:41:31] CPLEX solver finished. Gap: 100.000000
[INFO]:[23:41:31] Starting CPLEX solver on instance: /home/yorig/tuner/mpils-tests/instances/miplib/medium-1/momentum1.mps with config: /scratch/yorig/mpils-results-grid-seconds-5-no-mip-start/medium-1/16proc/seed-1/6_momentum1_seed-1_20260502_233334/iterated_local_search/run_6_worker_9/ils_config_10127187670944666138.prm
[INFO]:[23:41:31] Starting CPLEX solver on instance: /home/yorig/tuner/mpils-tests/instances/miplib/medium-1/momentum1.mps with config: /scratch/yorig/mpils-results-grid-seconds-5-no-mip-start/medium-1/16proc/seed-1/6_momentum1_seed-1_20260502_233334/iterated_local_search/run_6_worker_9/ils_config_10127187670944666138.prm
[INFO]:[23:41:36] CPLEX results. Gap: 78.360000, upper bound: 365999.377747, lower bound: 79201.752257
[INFO]:[23:41:36] CPLEX solver finished. Gap: 78.360000
[INFO]:[23:41:36] Starting CPLEX solver on instance: /home/yorig/tuner/mpils-tests/instances/miplib/medium-1/momentum1.mps with config: /scratch/yorig/mpils-results-grid-seconds-5-no-mip-start/medium-1/16proc/seed-1/6_momentum1_seed-1_20260502_233334/iterated_local_search/run_6_worker_9/ils_config_7708962114299343814.prm
[INFO]:[23:41:36] Starting CPLEX solver on instance: /home/yorig/tuner/mpils-tests/instances/miplib/medium-1/momentum1.mps with config: /scratch/yorig/mpils-results-grid-seconds-5-no-mip-start/medium-1/16proc/seed-1/6_momentum1_seed-1_20260502_233334/iterated_local_search/run_6_worker_9/ils_config_7708962114299343814.prm
[INFO]:[23:41:41] CPLEX results. Gap: 75.800000, upper bound: 327380.661410, lower bound: 79213.034416
[INFO]:[23:41:41] CPLEX solver finished. Gap: 75.800000
[INFO]:[23:41:41] New incumbent found with objective value: 75.8
[INFO]:[23:41:41] Starting CPLEX solver on instance: /home/yorig/tuner/mpils-tests/instances/miplib/medium-1/momentum1.mps with config: /scratch/yorig/mpils-results-grid-seconds-5-no-mip-start/medium-1/16proc/seed-1/6_momentum1_seed-1_20260502_233334/iterated_local_search/run_6_worker_9/ils_config_13316664039826517732.prm
[INFO]:[23:41:41] Starting CPLEX solver on instance: /home/yorig/tuner/mpils-tests/instances/miplib/medium-1/momentum1.mps with config: /scratch/yorig/mpils-results-grid-seconds-5-no-mip-start/medium-1/16proc/seed-1/6_momentum1_seed-1_20260502_233334/iterated_local_search/run_6_worker_9/ils_config_13316664039826517732.prm
[INFO]:[23:41:46] CPLEX results. Gap: 75.800000, upper bound: 327380.661410, lower bound: 79213.034416
[INFO]:[23:41:46] CPLEX solver finished. Gap: 75.800000
[INFO]:[23:41:46] Starting CPLEX solver on instance: /home/yorig/tuner/mpils-tests/instances/miplib/medium-1/momentum1.mps with config: /scratch/yorig/mpils-results-grid-seconds-5-no-mip-start/medium-1/16proc/seed-1/6_momentum1_seed-1_20260502_233334/iterated_local_search/run_6_worker_9/ils_config_11861365381121805098.prm
[INFO]:[23:41:46] Starting CPLEX solver on instance: /home/yorig/tuner/mpils-tests/instances/miplib/medium-1/momentum1.mps with config: /scratch/yorig/mpils-results-grid-seconds-5-no-mip-start/medium-1/16proc/seed-1/6_momentum1_seed-1_20260502_233334/iterated_local_search/run_6_worker_9/ils_config_11861365381121805098.prm
[INFO]:[23:41:51] CPLEX results. Gap: 75.800000, upper bound: 327380.661410, lower bound: 79213.034416
[INFO]:[23:41:51] CPLEX solver finished. Gap: 75.800000
[INFO]:[23:41:51] Starting CPLEX solver on instance: /home/yorig/tuner/mpils-tests/instances/miplib/medium-1/momentum1.mps with config: /scratch/yorig/mpils-results-grid-seconds-5-no-mip-start/medium-1/16proc/seed-1/6_momentum1_seed-1_20260502_233334/iterated_local_search/run_6_worker_9/ils_config_16786592243518193698.prm
[INFO]:[23:41:51] Starting CPLEX solver on instance: /home/yorig/tuner/mpils-tests/instances/miplib/medium-1/momentum1.mps with config: /scratch/yorig/mpils-results-grid-seconds-5-no-mip-start/medium-1/16proc/seed-1/6_momentum1_seed-1_20260502_233334/iterated_local_search/run_6_worker_9/ils_config_16786592243518193698.prm
[INFO]:[23:41:56] CPLEX results. Gap: 75.800000, upper bound: 327380.661410, lower bound: 79213.034416
[INFO]:[23:41:56] CPLEX solver finished. Gap: 75.800000
[INFO]:[23:41:56] Starting CPLEX solver on instance: /home/yorig/tuner/mpils-tests/instances/miplib/medium-1/momentum1.mps with config: /scratch/yorig/mpils-results-grid-seconds-5-no-mip-start/medium-1/16proc/seed-1/6_momentum1_seed-1_20260502_233334/iterated_local_search/run_6_worker_9/ils_config_6553235806733610439.prm
[INFO]:[23:41:56] Starting CPLEX solver on instance: /home/yorig/tuner/mpils-tests/instances/miplib/medium-1/momentum1.mps with config: /scratch/yorig/mpils-results-grid-seconds-5-no-mip-start/medium-1/16proc/seed-1/6_momentum1_seed-1_20260502_233334/iterated_local_search/run_6_worker_9/ils_config_6553235806733610439.prm
[INFO]:[23:42:01] CPLEX results. Gap: 75.800000, upper bound: 327380.661410, lower bound: 79213.034416
[INFO]:[23:42:01] CPLEX solver finished. Gap: 75.800000
[INFO]:[23:42:01] Starting CPLEX solver on instance: /home/yorig/tuner/mpils-tests/instances/miplib/medium-1/momentum1.mps with config: /scratch/yorig/mpils-results-grid-seconds-5-no-mip-start/medium-1/16proc/seed-1/6_momentum1_seed-1_20260502_233334/iterated_local_search/run_6_worker_9/ils_config_13634495653225346789.prm
[INFO]:[23:42:01] Starting CPLEX solver on instance: /home/yorig/tuner/mpils-tests/instances/miplib/medium-1/momentum1.mps with config: /scratch/yorig/mpils-results-grid-seconds-5-no-mip-start/medium-1/16proc/seed-1/6_momentum1_seed-1_20260502_233334/iterated_local_search/run_6_worker_9/ils_config_13634495653225346789.prm
[INFO]:[23:42:06] CPLEX results. Gap: 75.800000, upper bound: 327380.661417, lower bound: 79213.034416
[INFO]:[23:42:06] CPLEX solver finished. Gap: 75.800000
[INFO]:[23:42:06] Starting CPLEX solver on instance: /home/yorig/tuner/mpils-tests/instances/miplib/medium-1/momentum1.mps with config: /scratch/yorig/mpils-results-grid-seconds-5-no-mip-start/medium-1/16proc/seed-1/6_momentum1_seed-1_20260502_233334/iterated_local_search/run_6_worker_9/ils_config_7605894983466677506.prm
[INFO]:[23:42:06] Starting CPLEX solver on instance: /home/yorig/tuner/mpils-tests/instances/miplib/medium-1/momentum1.mps with config: /scratch/yorig/mpils-results-grid-seconds-5-no-mip-start/medium-1/16proc/seed-1/6_momentum1_seed-1_20260502_233334/iterated_local_search/run_6_worker_9/ils_config_7605894983466677506.prm
[INFO]:[23:42:11] CPLEX results. Gap: 75.800000, upper bound: 327380.661410, lower bound: 79213.034416
[INFO]:[23:42:11] CPLEX solver finished. Gap: 75.800000
[INFO]:[23:42:11] Starting CPLEX solver on instance: /home/yorig/tuner/mpils-tests/instances/miplib/medium-1/momentum1.mps with config: /scratch/yorig/mpils-results-grid-seconds-5-no-mip-start/medium-1/16proc/seed-1/6_momentum1_seed-1_20260502_233334/iterated_local_search/run_6_worker_9/ils_config_15322242303344085992.prm
[INFO]:[23:42:11] Starting CPLEX solver on instance: /home/yorig/tuner/mpils-tests/instances/miplib/medium-1/momentum1.mps with config: /scratch/yorig/mpils-results-grid-seconds-5-no-mip-start/medium-1/16proc/seed-1/6_momentum1_seed-1_20260502_233334/iterated_local_search/run_6_worker_9/ils_config_15322242303344085992.prm
[INFO]:[23:42:16] CPLEX results. Gap: 75.800000, upper bound: 327380.661410, lower bound: 79213.034416
[INFO]:[23:42:16] CPLEX solver finished. Gap: 75.800000
[INFO]:[23:42:16] Starting CPLEX solver on instance: /home/yorig/tuner/mpils-tests/instances/miplib/medium-1/momentum1.mps with config: /scratch/yorig/mpils-results-grid-seconds-5-no-mip-start/medium-1/16proc/seed-1/6_momentum1_seed-1_20260502_233334/iterated_local_search/run_6_worker_9/ils_config_13415345747048845673.prm
[INFO]:[23:42:16] Starting CPLEX solver on instance: /home/yorig/tuner/mpils-tests/instances/miplib/medium-1/momentum1.mps with config: /scratch/yorig/mpils-results-grid-seconds-5-no-mip-start/medium-1/16proc/seed-1/6_momentum1_seed-1_20260502_233334/iterated_local_search/run_6_worker_9/ils_config_13415345747048845673.prm
[INFO]:[23:42:21] CPLEX results. Gap: 75.800000, upper bound: 327380.661410, lower bound: 79213.034416
[INFO]:[23:42:21] CPLEX solver finished. Gap: 75.800000
[INFO]:[23:42:21] Starting CPLEX solver on instance: /home/yorig/tuner/mpils-tests/instances/miplib/medium-1/momentum1.mps with config: /scratch/yorig/mpils-results-grid-seconds-5-no-mip-start/medium-1/16proc/seed-1/6_momentum1_seed-1_20260502_233334/iterated_local_search/run_6_worker_9/ils_config_5417424569864125631.prm
[INFO]:[23:42:21] Starting CPLEX solver on instance: /home/yorig/tuner/mpils-tests/instances/miplib/medium-1/momentum1.mps with config: /scratch/yorig/mpils-results-grid-seconds-5-no-mip-start/medium-1/16proc/seed-1/6_momentum1_seed-1_20260502_233334/iterated_local_search/run_6_worker_9/ils_config_5417424569864125631.prm
[INFO]:[23:42:26] CPLEX results. Gap: 75.800000, upper bound: 327380.661410, lower bound: 79213.034416
[INFO]:[23:42:26] CPLEX solver finished. Gap: 75.800000
[INFO]:[23:42:26] Starting CPLEX solver on instance: /home/yorig/tuner/mpils-tests/instances/miplib/medium-1/momentum1.mps with config: /scratch/yorig/mpils-results-grid-seconds-5-no-mip-start/medium-1/16proc/seed-1/6_momentum1_seed-1_20260502_233334/iterated_local_search/run_6_worker_9/ils_config_16596135632191592799.prm
[INFO]:[23:42:26] Starting CPLEX solver on instance: /home/yorig/tuner/mpils-tests/instances/miplib/medium-1/momentum1.mps with config: /scratch/yorig/mpils-results-grid-seconds-5-no-mip-start/medium-1/16proc/seed-1/6_momentum1_seed-1_20260502_233334/iterated_local_search/run_6_worker_9/ils_config_16596135632191592799.prm
[INFO]:[23:42:31] CPLEX results. Gap: 75.800000, upper bound: 327380.661410, lower bound: 79213.033957
[INFO]:[23:42:31] CPLEX solver finished. Gap: 75.800000
[INFO]:[23:42:31] Local search phase completed.
[INFO]:[23:42:31] Total number of new local-search evaluations: 30
[INFO]:[23:42:31] Final incumbent objective value: 75.8
[INFO]:[23:42:34] Worker 9 completed exploration phase.
[INFO]:[23:42:34] Worker 9 received order for step 3.
[INFO]:[23:42:34] Worker 9 finished.
