[INFO]:[01:25:30] Worker 14 starting.
[INFO]:[01:25:30] Worker 14 received order for step 1.
[INFO]:[01:25:30] Worker 14 running exploration phase for iteration 1.
[INFO]:[01:25:30] Worker 14 at iteration 1 will not use a MIP start file. Current best MIP-start upper bound threshold is 1.79769e+308.
[INFO]:[01:25:30] Starting local search phase...
[INFO]:[01:25:30] Creating local search space from parameter space file: /scratch/yorig/mpils-results-grid-seconds-5-watchdog/medium-2/24proc/seed-3/5_rococoB10-011000_seed-3_20260504_012529/iterated_local_search/search_space/search_space_file_1_worker_14.txt
[INFO]:[01:25:30] Local search space loaded from file: /scratch/yorig/mpils-results-grid-seconds-5-watchdog/medium-2/24proc/seed-3/5_rococoB10-011000_seed-3_20260504_012529/iterated_local_search/search_space/search_space_file_1_worker_14.txt
[INFO]:[01:25:30] Number of parameters in local search space: 71
[INFO]:[01:25:30] Number of forbidden tuples in local search space: 0
[INFO]:[01:25:30] Number of conditionals in local search space: 6
[INFO]:[01:25:30] MIP start option not enabled. Local search will proceed without MIP start.
[INFO]:[01:25:30] Evaluating initial configuration for local search phase...
[INFO]:[01:25:30] Starting CPLEX solver on instance: /home/yorig/tuner/mpils-tests/instances/miplib/medium-2/rococoB10-011000.mps with config: /scratch/yorig/mpils-results-grid-seconds-5-watchdog/medium-2/24proc/seed-3/5_rococoB10-011000_seed-3_20260504_012529/iterated_local_search/run_1_worker_14/ils_config_359675858134083956.prm
[INFO]:[01:25:30] Starting CPLEX solver on instance: /home/yorig/tuner/mpils-tests/instances/miplib/medium-2/rococoB10-011000.mps with config: /scratch/yorig/mpils-results-grid-seconds-5-watchdog/medium-2/24proc/seed-3/5_rococoB10-011000_seed-3_20260504_012529/iterated_local_search/run_1_worker_14/ils_config_359675858134083956.prm
[INFO]:[01:25:35] CPLEX results. Gap: 35.700000, upper bound: 21083.000000, lower bound: 13556.823742
[INFO]:[01:25:35] CPLEX solver finished. Gap: 35.700000
[INFO]:[01:25:35] Initial configuration evaluated with objective value: 35.7
[INFO]:[01:25:35] Starting CPLEX solver on instance: /home/yorig/tuner/mpils-tests/instances/miplib/medium-2/rococoB10-011000.mps with config: /scratch/yorig/mpils-results-grid-seconds-5-watchdog/medium-2/24proc/seed-3/5_rococoB10-011000_seed-3_20260504_012529/iterated_local_search/run_1_worker_14/ils_config_16350109184365738064.prm
[INFO]:[01:25:35] Starting CPLEX solver on instance: /home/yorig/tuner/mpils-tests/instances/miplib/medium-2/rococoB10-011000.mps with config: /scratch/yorig/mpils-results-grid-seconds-5-watchdog/medium-2/24proc/seed-3/5_rococoB10-011000_seed-3_20260504_012529/iterated_local_search/run_1_worker_14/ils_config_16350109184365738064.prm
[INFO]:[01:25:40] CPLEX results. Gap: 34.280000, upper bound: 20492.000000, lower bound: 13468.169565
[INFO]:[01:25:40] CPLEX solver finished. Gap: 34.280000
[INFO]:[01:25:40] New incumbent found with objective value: 34.28
[INFO]:[01:25:40] Starting CPLEX solver on instance: /home/yorig/tuner/mpils-tests/instances/miplib/medium-2/rococoB10-011000.mps with config: /scratch/yorig/mpils-results-grid-seconds-5-watchdog/medium-2/24proc/seed-3/5_rococoB10-011000_seed-3_20260504_012529/iterated_local_search/run_1_worker_14/ils_config_865074677622509443.prm
[INFO]:[01:25:40] Starting CPLEX solver on instance: /home/yorig/tuner/mpils-tests/instances/miplib/medium-2/rococoB10-011000.mps with config: /scratch/yorig/mpils-results-grid-seconds-5-watchdog/medium-2/24proc/seed-3/5_rococoB10-011000_seed-3_20260504_012529/iterated_local_search/run_1_worker_14/ils_config_865074677622509443.prm
[INFO]:[01:25:45] CPLEX results. Gap: 34.280000, upper bound: 20492.000000, lower bound: 13468.169565
[INFO]:[01:25:45] CPLEX solver finished. Gap: 34.280000
[INFO]:[01:25:45] Starting CPLEX solver on instance: /home/yorig/tuner/mpils-tests/instances/miplib/medium-2/rococoB10-011000.mps with config: /scratch/yorig/mpils-results-grid-seconds-5-watchdog/medium-2/24proc/seed-3/5_rococoB10-011000_seed-3_20260504_012529/iterated_local_search/run_1_worker_14/ils_config_3556381201233721498.prm
[INFO]:[01:25:45] Starting CPLEX solver on instance: /home/yorig/tuner/mpils-tests/instances/miplib/medium-2/rococoB10-011000.mps with config: /scratch/yorig/mpils-results-grid-seconds-5-watchdog/medium-2/24proc/seed-3/5_rococoB10-011000_seed-3_20260504_012529/iterated_local_search/run_1_worker_14/ils_config_3556381201233721498.prm
[INFO]:[01:25:51] CPLEX results. Gap: 36.520000, upper bound: 21083.000000, lower bound: 13382.493144
[INFO]:[01:25:51] CPLEX solver finished. Gap: 36.520000
[INFO]:[01:25:51] Starting CPLEX solver on instance: /home/yorig/tuner/mpils-tests/instances/miplib/medium-2/rococoB10-011000.mps with config: /scratch/yorig/mpils-results-grid-seconds-5-watchdog/medium-2/24proc/seed-3/5_rococoB10-011000_seed-3_20260504_012529/iterated_local_search/run_1_worker_14/ils_config_9353986354468620238.prm
[INFO]:[01:25:51] Starting CPLEX solver on instance: /home/yorig/tuner/mpils-tests/instances/miplib/medium-2/rococoB10-011000.mps with config: /scratch/yorig/mpils-results-grid-seconds-5-watchdog/medium-2/24proc/seed-3/5_rococoB10-011000_seed-3_20260504_012529/iterated_local_search/run_1_worker_14/ils_config_9353986354468620238.prm
[INFO]:[01:25:56] CPLEX results. Gap: 34.280000, upper bound: 20492.000000, lower bound: 13468.169565
[INFO]:[01:25:56] CPLEX solver finished. Gap: 34.280000
[INFO]:[01:25:56] Starting CPLEX solver on instance: /home/yorig/tuner/mpils-tests/instances/miplib/medium-2/rococoB10-011000.mps with config: /scratch/yorig/mpils-results-grid-seconds-5-watchdog/medium-2/24proc/seed-3/5_rococoB10-011000_seed-3_20260504_012529/iterated_local_search/run_1_worker_14/ils_config_6416809575566377106.prm
[INFO]:[01:25:56] Starting CPLEX solver on instance: /home/yorig/tuner/mpils-tests/instances/miplib/medium-2/rococoB10-011000.mps with config: /scratch/yorig/mpils-results-grid-seconds-5-watchdog/medium-2/24proc/seed-3/5_rococoB10-011000_seed-3_20260504_012529/iterated_local_search/run_1_worker_14/ils_config_6416809575566377106.prm
[INFO]:[01:26:01] CPLEX results. Gap: 33.440000, upper bound: 20318.000000, lower bound: 13522.799399
[INFO]:[01:26:01] CPLEX solver finished. Gap: 33.440000
[INFO]:[01:26:01] New incumbent found with objective value: 33.44
[INFO]:[01:26:01] Starting CPLEX solver on instance: /home/yorig/tuner/mpils-tests/instances/miplib/medium-2/rococoB10-011000.mps with config: /scratch/yorig/mpils-results-grid-seconds-5-watchdog/medium-2/24proc/seed-3/5_rococoB10-011000_seed-3_20260504_012529/iterated_local_search/run_1_worker_14/ils_config_11842438466500064863.prm
[INFO]:[01:26:01] Starting CPLEX solver on instance: /home/yorig/tuner/mpils-tests/instances/miplib/medium-2/rococoB10-011000.mps with config: /scratch/yorig/mpils-results-grid-seconds-5-watchdog/medium-2/24proc/seed-3/5_rococoB10-011000_seed-3_20260504_012529/iterated_local_search/run_1_worker_14/ils_config_11842438466500064863.prm
[INFO]:[01:26:06] CPLEX results. Gap: 34.740000, upper bound: 20318.000000, lower bound: 13259.524356
[INFO]:[01:26:06] CPLEX solver finished. Gap: 34.740000
[INFO]:[01:26:06] Starting CPLEX solver on instance: /home/yorig/tuner/mpils-tests/instances/miplib/medium-2/rococoB10-011000.mps with config: /scratch/yorig/mpils-results-grid-seconds-5-watchdog/medium-2/24proc/seed-3/5_rococoB10-011000_seed-3_20260504_012529/iterated_local_search/run_1_worker_14/ils_config_2859029516514315810.prm
[INFO]:[01:26:06] Starting CPLEX solver on instance: /home/yorig/tuner/mpils-tests/instances/miplib/medium-2/rococoB10-011000.mps with config: /scratch/yorig/mpils-results-grid-seconds-5-watchdog/medium-2/24proc/seed-3/5_rococoB10-011000_seed-3_20260504_012529/iterated_local_search/run_1_worker_14/ils_config_2859029516514315810.prm
[INFO]:[01:26:11] CPLEX results. Gap: 42.450000, upper bound: 20534.000000, lower bound: 11817.497148
[INFO]:[01:26:11] CPLEX solver finished. Gap: 42.450000
[INFO]:[01:26:11] Starting CPLEX solver on instance: /home/yorig/tuner/mpils-tests/instances/miplib/medium-2/rococoB10-011000.mps with config: /scratch/yorig/mpils-results-grid-seconds-5-watchdog/medium-2/24proc/seed-3/5_rococoB10-011000_seed-3_20260504_012529/iterated_local_search/run_1_worker_14/ils_config_5784268767184394573.prm
[INFO]:[01:26:11] Starting CPLEX solver on instance: /home/yorig/tuner/mpils-tests/instances/miplib/medium-2/rococoB10-011000.mps with config: /scratch/yorig/mpils-results-grid-seconds-5-watchdog/medium-2/24proc/seed-3/5_rococoB10-011000_seed-3_20260504_012529/iterated_local_search/run_1_worker_14/ils_config_5784268767184394573.prm
[INFO]:[01:26:16] CPLEX results. Gap: 25.960000, upper bound: 19627.000000, lower bound: 14531.749886
[INFO]:[01:26:16] CPLEX solver finished. Gap: 25.960000
[INFO]:[01:26:16] New incumbent found with objective value: 25.96
[INFO]:[01:26:16] Starting CPLEX solver on instance: /home/yorig/tuner/mpils-tests/instances/miplib/medium-2/rococoB10-011000.mps with config: /scratch/yorig/mpils-results-grid-seconds-5-watchdog/medium-2/24proc/seed-3/5_rococoB10-011000_seed-3_20260504_012529/iterated_local_search/run_1_worker_14/ils_config_11327207513197085131.prm
[INFO]:[01:26:16] Starting CPLEX solver on instance: /home/yorig/tuner/mpils-tests/instances/miplib/medium-2/rococoB10-011000.mps with config: /scratch/yorig/mpils-results-grid-seconds-5-watchdog/medium-2/24proc/seed-3/5_rococoB10-011000_seed-3_20260504_012529/iterated_local_search/run_1_worker_14/ils_config_11327207513197085131.prm
[INFO]:[01:26:21] CPLEX results. Gap: 25.960000, upper bound: 19627.000000, lower bound: 14531.749886
[INFO]:[01:26:21] CPLEX solver finished. Gap: 25.960000
[INFO]:[01:26:21] Starting CPLEX solver on instance: /home/yorig/tuner/mpils-tests/instances/miplib/medium-2/rococoB10-011000.mps with config: /scratch/yorig/mpils-results-grid-seconds-5-watchdog/medium-2/24proc/seed-3/5_rococoB10-011000_seed-3_20260504_012529/iterated_local_search/run_1_worker_14/ils_config_482845673380557729.prm
[INFO]:[01:26:21] Starting CPLEX solver on instance: /home/yorig/tuner/mpils-tests/instances/miplib/medium-2/rococoB10-011000.mps with config: /scratch/yorig/mpils-results-grid-seconds-5-watchdog/medium-2/24proc/seed-3/5_rococoB10-011000_seed-3_20260504_012529/iterated_local_search/run_1_worker_14/ils_config_482845673380557729.prm
[INFO]:[01:26:26] CPLEX results. Gap: 31.910000, upper bound: 20573.000000, lower bound: 14008.143321
[INFO]:[01:26:26] CPLEX solver finished. Gap: 31.910000
[INFO]:[01:26:26] Starting CPLEX solver on instance: /home/yorig/tuner/mpils-tests/instances/miplib/medium-2/rococoB10-011000.mps with config: /scratch/yorig/mpils-results-grid-seconds-5-watchdog/medium-2/24proc/seed-3/5_rococoB10-011000_seed-3_20260504_012529/iterated_local_search/run_1_worker_14/ils_config_8675669508693710866.prm
[INFO]:[01:26:26] Starting CPLEX solver on instance: /home/yorig/tuner/mpils-tests/instances/miplib/medium-2/rococoB10-011000.mps with config: /scratch/yorig/mpils-results-grid-seconds-5-watchdog/medium-2/24proc/seed-3/5_rococoB10-011000_seed-3_20260504_012529/iterated_local_search/run_1_worker_14/ils_config_8675669508693710866.prm
[INFO]:[01:26:31] CPLEX results. Gap: 29.190000, upper bound: 20245.000000, lower bound: 14334.930948
[INFO]:[01:26:31] CPLEX solver finished. Gap: 29.190000
[INFO]:[01:26:31] Starting CPLEX solver on instance: /home/yorig/tuner/mpils-tests/instances/miplib/medium-2/rococoB10-011000.mps with config: /scratch/yorig/mpils-results-grid-seconds-5-watchdog/medium-2/24proc/seed-3/5_rococoB10-011000_seed-3_20260504_012529/iterated_local_search/run_1_worker_14/ils_config_3971777144583313949.prm
[INFO]:[01:26:31] Starting CPLEX solver on instance: /home/yorig/tuner/mpils-tests/instances/miplib/medium-2/rococoB10-011000.mps with config: /scratch/yorig/mpils-results-grid-seconds-5-watchdog/medium-2/24proc/seed-3/5_rococoB10-011000_seed-3_20260504_012529/iterated_local_search/run_1_worker_14/ils_config_3971777144583313949.prm
[INFO]:[01:26:36] CPLEX results. Gap: 25.100000, upper bound: 19627.000000, lower bound: 14700.206471
[INFO]:[01:26:36] CPLEX solver finished. Gap: 25.100000
[INFO]:[01:26:36] New incumbent found with objective value: 25.1
[INFO]:[01:26:36] Starting CPLEX solver on instance: /home/yorig/tuner/mpils-tests/instances/miplib/medium-2/rococoB10-011000.mps with config: /scratch/yorig/mpils-results-grid-seconds-5-watchdog/medium-2/24proc/seed-3/5_rococoB10-011000_seed-3_20260504_012529/iterated_local_search/run_1_worker_14/ils_config_13141371435404011944.prm
[INFO]:[01:26:36] Starting CPLEX solver on instance: /home/yorig/tuner/mpils-tests/instances/miplib/medium-2/rococoB10-011000.mps with config: /scratch/yorig/mpils-results-grid-seconds-5-watchdog/medium-2/24proc/seed-3/5_rococoB10-011000_seed-3_20260504_012529/iterated_local_search/run_1_worker_14/ils_config_13141371435404011944.prm
[INFO]:[01:26:41] CPLEX results. Gap: 41.920000, upper bound: 21228.000000, lower bound: 12329.720903
[INFO]:[01:26:41] CPLEX solver finished. Gap: 41.920000
[INFO]:[01:26:41] Starting CPLEX solver on instance: /home/yorig/tuner/mpils-tests/instances/miplib/medium-2/rococoB10-011000.mps with config: /scratch/yorig/mpils-results-grid-seconds-5-watchdog/medium-2/24proc/seed-3/5_rococoB10-011000_seed-3_20260504_012529/iterated_local_search/run_1_worker_14/ils_config_16576486316199250555.prm
[INFO]:[01:26:41] Starting CPLEX solver on instance: /home/yorig/tuner/mpils-tests/instances/miplib/medium-2/rococoB10-011000.mps with config: /scratch/yorig/mpils-results-grid-seconds-5-watchdog/medium-2/24proc/seed-3/5_rococoB10-011000_seed-3_20260504_012529/iterated_local_search/run_1_worker_14/ils_config_16576486316199250555.prm
[INFO]:[01:26:46] CPLEX results. Gap: 31.910000, upper bound: 20573.000000, lower bound: 14008.143321
[INFO]:[01:26:46] CPLEX solver finished. Gap: 31.910000
[INFO]:[01:26:46] Starting CPLEX solver on instance: /home/yorig/tuner/mpils-tests/instances/miplib/medium-2/rococoB10-011000.mps with config: /scratch/yorig/mpils-results-grid-seconds-5-watchdog/medium-2/24proc/seed-3/5_rococoB10-011000_seed-3_20260504_012529/iterated_local_search/run_1_worker_14/ils_config_2765130163471250379.prm
[INFO]:[01:26:46] Starting CPLEX solver on instance: /home/yorig/tuner/mpils-tests/instances/miplib/medium-2/rococoB10-011000.mps with config: /scratch/yorig/mpils-results-grid-seconds-5-watchdog/medium-2/24proc/seed-3/5_rococoB10-011000_seed-3_20260504_012529/iterated_local_search/run_1_worker_14/ils_config_2765130163471250379.prm
[INFO]:[01:26:51] CPLEX results. Gap: 31.910000, upper bound: 20573.000000, lower bound: 14008.143321
[INFO]:[01:26:51] CPLEX solver finished. Gap: 31.910000
[INFO]:[01:26:51] Starting CPLEX solver on instance: /home/yorig/tuner/mpils-tests/instances/miplib/medium-2/rococoB10-011000.mps with config: /scratch/yorig/mpils-results-grid-seconds-5-watchdog/medium-2/24proc/seed-3/5_rococoB10-011000_seed-3_20260504_012529/iterated_local_search/run_1_worker_14/ils_config_4431690963528853898.prm
[INFO]:[01:26:51] Starting CPLEX solver on instance: /home/yorig/tuner/mpils-tests/instances/miplib/medium-2/rococoB10-011000.mps with config: /scratch/yorig/mpils-results-grid-seconds-5-watchdog/medium-2/24proc/seed-3/5_rococoB10-011000_seed-3_20260504_012529/iterated_local_search/run_1_worker_14/ils_config_4431690963528853898.prm
[INFO]:[01:26:56] CPLEX results. Gap: 25.100000, upper bound: 19627.000000, lower bound: 14700.206471
[INFO]:[01:26:56] CPLEX solver finished. Gap: 25.100000
[INFO]:[01:26:56] Starting CPLEX solver on instance: /home/yorig/tuner/mpils-tests/instances/miplib/medium-2/rococoB10-011000.mps with config: /scratch/yorig/mpils-results-grid-seconds-5-watchdog/medium-2/24proc/seed-3/5_rococoB10-011000_seed-3_20260504_012529/iterated_local_search/run_1_worker_14/ils_config_13779611733876315002.prm
[INFO]:[01:26:56] Starting CPLEX solver on instance: /home/yorig/tuner/mpils-tests/instances/miplib/medium-2/rococoB10-011000.mps with config: /scratch/yorig/mpils-results-grid-seconds-5-watchdog/medium-2/24proc/seed-3/5_rococoB10-011000_seed-3_20260504_012529/iterated_local_search/run_1_worker_14/ils_config_13779611733876315002.prm
[INFO]:[01:27:01] CPLEX results. Gap: 28.610000, upper bound: 20528.000000, lower bound: 14655.906321
[INFO]:[01:27:01] CPLEX solver finished. Gap: 28.610000
[INFO]:[01:27:01] Starting CPLEX solver on instance: /home/yorig/tuner/mpils-tests/instances/miplib/medium-2/rococoB10-011000.mps with config: /scratch/yorig/mpils-results-grid-seconds-5-watchdog/medium-2/24proc/seed-3/5_rococoB10-011000_seed-3_20260504_012529/iterated_local_search/run_1_worker_14/ils_config_17986233678159694966.prm
[INFO]:[01:27:01] Starting CPLEX solver on instance: /home/yorig/tuner/mpils-tests/instances/miplib/medium-2/rococoB10-011000.mps with config: /scratch/yorig/mpils-results-grid-seconds-5-watchdog/medium-2/24proc/seed-3/5_rococoB10-011000_seed-3_20260504_012529/iterated_local_search/run_1_worker_14/ils_config_17986233678159694966.prm
[INFO]:[01:27:06] CPLEX results. Gap: 31.910000, upper bound: 20573.000000, lower bound: 14008.143321
[INFO]:[01:27:06] CPLEX solver finished. Gap: 31.910000
[INFO]:[01:27:06] Starting CPLEX solver on instance: /home/yorig/tuner/mpils-tests/instances/miplib/medium-2/rococoB10-011000.mps with config: /scratch/yorig/mpils-results-grid-seconds-5-watchdog/medium-2/24proc/seed-3/5_rococoB10-011000_seed-3_20260504_012529/iterated_local_search/run_1_worker_14/ils_config_1713120810725292642.prm
[INFO]:[01:27:06] Starting CPLEX solver on instance: /home/yorig/tuner/mpils-tests/instances/miplib/medium-2/rococoB10-011000.mps with config: /scratch/yorig/mpils-results-grid-seconds-5-watchdog/medium-2/24proc/seed-3/5_rococoB10-011000_seed-3_20260504_012529/iterated_local_search/run_1_worker_14/ils_config_1713120810725292642.prm
[INFO]:[01:27:11] CPLEX results. Gap: 31.400000, upper bound: 21228.000000, lower bound: 14562.122285
[INFO]:[01:27:11] CPLEX solver finished. Gap: 31.400000
[INFO]:[01:27:11] Local search phase completed.
[INFO]:[01:27:11] Total number of new local-search evaluations: 20
[INFO]:[01:27:11] Final incumbent objective value: 25.1
[INFO]:[01:27:11] Worker 14 completed exploration phase.
[INFO]:[01:27:11] Worker 14 received order for step 2.
[INFO]:[01:27:11] Worker 14 running expansion phase for iteration 1.
[INFO]:[01:27:11] Worker 14 will use solver log file: /scratch/yorig/mpils-results-grid-seconds-5-watchdog/medium-2/24proc/seed-3/5_rococoB10-011000_seed-3_20260504_012529/solver/cplex.log_iteration_expansion_1_worker_14
[INFO]:[01:27:11] Expansion Worker 14 starting expansion for iteration 1.
[INFO]:[01:27:11] Starting CPLEX solver on instance: /home/yorig/tuner/mpils-tests/instances/miplib/medium-2/rococoB10-011000.mps with config: /scratch/yorig/mpils-results-grid-seconds-5-watchdog/medium-2/24proc/seed-3/5_rococoB10-011000_seed-3_20260504_012529/expansion/config_param_CPXPARAM_MIP_Strategy_RINSHeur_60_iter_1.prm
[INFO]:[01:27:16] CPLEX results. Gap: 33.410000, upper bound: 21043.000000, lower bound: 14013.239022
[INFO]:[01:27:16] CPLEX solver finished. Gap: 33.410000
[INFO]:[01:27:16] Starting CPLEX solver on instance: /home/yorig/tuner/mpils-tests/instances/miplib/medium-2/rococoB10-011000.mps with config: /scratch/yorig/mpils-results-grid-seconds-5-watchdog/medium-2/24proc/seed-3/5_rococoB10-011000_seed-3_20260504_012529/expansion/config_param_CPXPARAM_MIP_Strategy_RINSHeur_100_iter_1.prm
[INFO]:[01:27:21] CPLEX results. Gap: 33.410000, upper bound: 21043.000000, lower bound: 14013.239022
[INFO]:[01:27:21] CPLEX solver finished. Gap: 33.410000
[INFO]:[01:27:27] Expansion Worker 14 stopping early after global MPI expansion stop was activated.
[INFO]:[01:27:27] Expansion Worker 14 completed expansion.
[INFO]:[01:27:27] Worker 14 completed expansion phase.
[INFO]:[01:27:27] Worker 14 received order for step 1.
[INFO]:[01:27:27] Worker 14 running exploration phase for iteration 2.
[INFO]:[01:27:27] Worker 14 at iteration 2 will not use a MIP start file. Current best MIP-start upper bound threshold is 1.79769e+308.
[INFO]:[01:27:27] Starting local search phase...
[INFO]:[01:27:27] Creating local search space from parameter space file: /scratch/yorig/mpils-results-grid-seconds-5-watchdog/medium-2/24proc/seed-3/5_rococoB10-011000_seed-3_20260504_012529/iterated_local_search/search_space/search_space_file_2_worker_14.txt
[INFO]:[01:27:27] Local search space loaded from file: /scratch/yorig/mpils-results-grid-seconds-5-watchdog/medium-2/24proc/seed-3/5_rococoB10-011000_seed-3_20260504_012529/iterated_local_search/search_space/search_space_file_2_worker_14.txt
[INFO]:[01:27:27] Number of parameters in local search space: 71
[INFO]:[01:27:27] Number of forbidden tuples in local search space: 27
[INFO]:[01:27:27] Number of conditionals in local search space: 6
[INFO]:[01:27:27] MIP start option not enabled. Local search will proceed without MIP start.
[INFO]:[01:27:27] Evaluating initial configuration for local search phase...
[INFO]:[01:27:27] Starting CPLEX solver on instance: /home/yorig/tuner/mpils-tests/instances/miplib/medium-2/rococoB10-011000.mps with config: /scratch/yorig/mpils-results-grid-seconds-5-watchdog/medium-2/24proc/seed-3/5_rococoB10-011000_seed-3_20260504_012529/iterated_local_search/run_2_worker_14/ils_config_12872649962673197182.prm
[INFO]:[01:27:27] Starting CPLEX solver on instance: /home/yorig/tuner/mpils-tests/instances/miplib/medium-2/rococoB10-011000.mps with config: /scratch/yorig/mpils-results-grid-seconds-5-watchdog/medium-2/24proc/seed-3/5_rococoB10-011000_seed-3_20260504_012529/iterated_local_search/run_2_worker_14/ils_config_12872649962673197182.prm
[INFO]:[01:27:32] CPLEX results. Gap: 33.120000, upper bound: 20658.000000, lower bound: 13815.141500
[INFO]:[01:27:32] CPLEX solver finished. Gap: 33.120000
[INFO]:[01:27:32] Initial configuration evaluated with objective value: 33.12
[INFO]:[01:27:32] Starting CPLEX solver on instance: /home/yorig/tuner/mpils-tests/instances/miplib/medium-2/rococoB10-011000.mps with config: /scratch/yorig/mpils-results-grid-seconds-5-watchdog/medium-2/24proc/seed-3/5_rococoB10-011000_seed-3_20260504_012529/iterated_local_search/run_2_worker_14/ils_config_9520563617382080389.prm
[INFO]:[01:27:32] Starting CPLEX solver on instance: /home/yorig/tuner/mpils-tests/instances/miplib/medium-2/rococoB10-011000.mps with config: /scratch/yorig/mpils-results-grid-seconds-5-watchdog/medium-2/24proc/seed-3/5_rococoB10-011000_seed-3_20260504_012529/iterated_local_search/run_2_worker_14/ils_config_9520563617382080389.prm
[INFO]:[01:27:37] CPLEX results. Gap: 33.120000, upper bound: 20658.000000, lower bound: 13815.141500
[INFO]:[01:27:37] CPLEX solver finished. Gap: 33.120000
[INFO]:[01:27:37] Starting CPLEX solver on instance: /home/yorig/tuner/mpils-tests/instances/miplib/medium-2/rococoB10-011000.mps with config: /scratch/yorig/mpils-results-grid-seconds-5-watchdog/medium-2/24proc/seed-3/5_rococoB10-011000_seed-3_20260504_012529/iterated_local_search/run_2_worker_14/ils_config_18194423844880678464.prm
[INFO]:[01:27:37] Starting CPLEX solver on instance: /home/yorig/tuner/mpils-tests/instances/miplib/medium-2/rococoB10-011000.mps with config: /scratch/yorig/mpils-results-grid-seconds-5-watchdog/medium-2/24proc/seed-3/5_rococoB10-011000_seed-3_20260504_012529/iterated_local_search/run_2_worker_14/ils_config_18194423844880678464.prm
[INFO]:[01:27:42] CPLEX results. Gap: 41.850000, upper bound: 23756.000000, lower bound: 13814.853979
[INFO]:[01:27:42] CPLEX solver finished. Gap: 41.850000
[INFO]:[01:27:42] Starting CPLEX solver on instance: /home/yorig/tuner/mpils-tests/instances/miplib/medium-2/rococoB10-011000.mps with config: /scratch/yorig/mpils-results-grid-seconds-5-watchdog/medium-2/24proc/seed-3/5_rococoB10-011000_seed-3_20260504_012529/iterated_local_search/run_2_worker_14/ils_config_7877696005418892506.prm
[INFO]:[01:27:42] Starting CPLEX solver on instance: /home/yorig/tuner/mpils-tests/instances/miplib/medium-2/rococoB10-011000.mps with config: /scratch/yorig/mpils-results-grid-seconds-5-watchdog/medium-2/24proc/seed-3/5_rococoB10-011000_seed-3_20260504_012529/iterated_local_search/run_2_worker_14/ils_config_7877696005418892506.prm
[INFO]:[01:27:47] CPLEX results. Gap: 37.640000, upper bound: 22117.000000, lower bound: 13791.579149
[INFO]:[01:27:47] CPLEX solver finished. Gap: 37.640000
[INFO]:[01:27:47] Starting CPLEX solver on instance: /home/yorig/tuner/mpils-tests/instances/miplib/medium-2/rococoB10-011000.mps with config: /scratch/yorig/mpils-results-grid-seconds-5-watchdog/medium-2/24proc/seed-3/5_rococoB10-011000_seed-3_20260504_012529/iterated_local_search/run_2_worker_14/ils_config_11796660488346993717.prm
[INFO]:[01:27:47] Starting CPLEX solver on instance: /home/yorig/tuner/mpils-tests/instances/miplib/medium-2/rococoB10-011000.mps with config: /scratch/yorig/mpils-results-grid-seconds-5-watchdog/medium-2/24proc/seed-3/5_rococoB10-011000_seed-3_20260504_012529/iterated_local_search/run_2_worker_14/ils_config_11796660488346993717.prm
[INFO]:[01:27:52] CPLEX results. Gap: 33.120000, upper bound: 20658.000000, lower bound: 13815.141500
[INFO]:[01:27:52] CPLEX solver finished. Gap: 33.120000
[INFO]:[01:27:52] Starting CPLEX solver on instance: /home/yorig/tuner/mpils-tests/instances/miplib/medium-2/rococoB10-011000.mps with config: /scratch/yorig/mpils-results-grid-seconds-5-watchdog/medium-2/24proc/seed-3/5_rococoB10-011000_seed-3_20260504_012529/iterated_local_search/run_2_worker_14/ils_config_13146991816694191717.prm
[INFO]:[01:27:52] Starting CPLEX solver on instance: /home/yorig/tuner/mpils-tests/instances/miplib/medium-2/rococoB10-011000.mps with config: /scratch/yorig/mpils-results-grid-seconds-5-watchdog/medium-2/24proc/seed-3/5_rococoB10-011000_seed-3_20260504_012529/iterated_local_search/run_2_worker_14/ils_config_13146991816694191717.prm
[INFO]:[01:27:57] CPLEX results. Gap: 37.450000, upper bound: 22069.000000, lower bound: 13803.429601
[INFO]:[01:27:57] CPLEX solver finished. Gap: 37.450000
[INFO]:[01:27:57] Local search phase completed.
[INFO]:[01:27:57] Total number of new local-search evaluations: 6
[INFO]:[01:27:57] Final incumbent objective value: 33.12
[INFO]:[01:27:57] Worker 14 completed exploration phase.
[INFO]:[01:27:57] Worker 14 received order for step 2.
[INFO]:[01:27:57] Worker 14 running expansion phase for iteration 2.
[INFO]:[01:27:57] Worker 14 will use solver log file: /scratch/yorig/mpils-results-grid-seconds-5-watchdog/medium-2/24proc/seed-3/5_rococoB10-011000_seed-3_20260504_012529/solver/cplex.log_iteration_expansion_2_worker_14
[INFO]:[01:27:57] Expansion Worker 14 starting expansion for iteration 2.
[INFO]:[01:27:57] Starting CPLEX solver on instance: /home/yorig/tuner/mpils-tests/instances/miplib/medium-2/rococoB10-011000.mps with config: /scratch/yorig/mpils-results-grid-seconds-5-watchdog/medium-2/24proc/seed-3/5_rococoB10-011000_seed-3_20260504_012529/expansion/config_param_CPXPARAM_MIP_Strategy_SubAlgorithm_1_iter_2.prm
[INFO]:[01:28:02] CPLEX results. Gap: 33.390000, upper bound: 20580.000000, lower bound: 13709.099559
[INFO]:[01:28:02] CPLEX solver finished. Gap: 33.390000
[INFO]:[01:28:07] Expansion Worker 14 completed expansion.
[INFO]:[01:28:07] Worker 14 completed expansion phase.
[INFO]:[01:28:08] Worker 14 received order for step 1.
[INFO]:[01:28:08] Worker 14 running exploration phase for iteration 3.
[INFO]:[01:28:08] Worker 14 at iteration 3 will not use a MIP start file. Current best MIP-start upper bound threshold is 1.79769e+308.
[INFO]:[01:28:08] Starting local search phase...
[INFO]:[01:28:08] Creating local search space from parameter space file: /scratch/yorig/mpils-results-grid-seconds-5-watchdog/medium-2/24proc/seed-3/5_rococoB10-011000_seed-3_20260504_012529/iterated_local_search/search_space/search_space_file_3_worker_14.txt
[INFO]:[01:28:08] Local search space loaded from file: /scratch/yorig/mpils-results-grid-seconds-5-watchdog/medium-2/24proc/seed-3/5_rococoB10-011000_seed-3_20260504_012529/iterated_local_search/search_space/search_space_file_3_worker_14.txt
[INFO]:[01:28:08] Number of parameters in local search space: 71
[INFO]:[01:28:08] Number of forbidden tuples in local search space: 54
[INFO]:[01:28:08] Number of conditionals in local search space: 6
[INFO]:[01:28:08] MIP start option not enabled. Local search will proceed without MIP start.
[INFO]:[01:28:08] Evaluating initial configuration for local search phase...
[INFO]:[01:28:08] Starting CPLEX solver on instance: /home/yorig/tuner/mpils-tests/instances/miplib/medium-2/rococoB10-011000.mps with config: /scratch/yorig/mpils-results-grid-seconds-5-watchdog/medium-2/24proc/seed-3/5_rococoB10-011000_seed-3_20260504_012529/iterated_local_search/run_3_worker_14/ils_config_12302016258271538324.prm
[INFO]:[01:28:08] Starting CPLEX solver on instance: /home/yorig/tuner/mpils-tests/instances/miplib/medium-2/rococoB10-011000.mps with config: /scratch/yorig/mpils-results-grid-seconds-5-watchdog/medium-2/24proc/seed-3/5_rococoB10-011000_seed-3_20260504_012529/iterated_local_search/run_3_worker_14/ils_config_12302016258271538324.prm
[INFO]:[01:28:13] CPLEX results. Gap: 43.660000, upper bound: 24622.000000, lower bound: 13872.090260
[INFO]:[01:28:13] CPLEX solver finished. Gap: 43.660000
[INFO]:[01:28:13] Initial configuration evaluated with objective value: 43.66
[INFO]:[01:28:13] Starting CPLEX solver on instance: /home/yorig/tuner/mpils-tests/instances/miplib/medium-2/rococoB10-011000.mps with config: /scratch/yorig/mpils-results-grid-seconds-5-watchdog/medium-2/24proc/seed-3/5_rococoB10-011000_seed-3_20260504_012529/iterated_local_search/run_3_worker_14/ils_config_10858024374880121962.prm
[INFO]:[01:28:13] Starting CPLEX solver on instance: /home/yorig/tuner/mpils-tests/instances/miplib/medium-2/rococoB10-011000.mps with config: /scratch/yorig/mpils-results-grid-seconds-5-watchdog/medium-2/24proc/seed-3/5_rococoB10-011000_seed-3_20260504_012529/iterated_local_search/run_3_worker_14/ils_config_10858024374880121962.prm
[INFO]:[01:28:18] CPLEX results. Gap: 43.660000, upper bound: 24622.000000, lower bound: 13872.090260
[INFO]:[01:28:18] CPLEX solver finished. Gap: 43.660000
[INFO]:[01:28:18] Starting CPLEX solver on instance: /home/yorig/tuner/mpils-tests/instances/miplib/medium-2/rococoB10-011000.mps with config: /scratch/yorig/mpils-results-grid-seconds-5-watchdog/medium-2/24proc/seed-3/5_rococoB10-011000_seed-3_20260504_012529/iterated_local_search/run_3_worker_14/ils_config_4374836117858068799.prm
[INFO]:[01:28:18] Starting CPLEX solver on instance: /home/yorig/tuner/mpils-tests/instances/miplib/medium-2/rococoB10-011000.mps with config: /scratch/yorig/mpils-results-grid-seconds-5-watchdog/medium-2/24proc/seed-3/5_rococoB10-011000_seed-3_20260504_012529/iterated_local_search/run_3_worker_14/ils_config_4374836117858068799.prm
[INFO]:[01:28:23] CPLEX results. Gap: 53.460000, upper bound: 29178.000000, lower bound: 13578.880589
[INFO]:[01:28:23] CPLEX solver finished. Gap: 53.460000
[INFO]:[01:28:23] Starting CPLEX solver on instance: /home/yorig/tuner/mpils-tests/instances/miplib/medium-2/rococoB10-011000.mps with config: /scratch/yorig/mpils-results-grid-seconds-5-watchdog/medium-2/24proc/seed-3/5_rococoB10-011000_seed-3_20260504_012529/iterated_local_search/run_3_worker_14/ils_config_8583923834868506306.prm
[INFO]:[01:28:23] Starting CPLEX solver on instance: /home/yorig/tuner/mpils-tests/instances/miplib/medium-2/rococoB10-011000.mps with config: /scratch/yorig/mpils-results-grid-seconds-5-watchdog/medium-2/24proc/seed-3/5_rococoB10-011000_seed-3_20260504_012529/iterated_local_search/run_3_worker_14/ils_config_8583923834868506306.prm
[INFO]:[01:28:28] CPLEX results. Gap: 43.660000, upper bound: 24622.000000, lower bound: 13872.090260
[INFO]:[01:28:28] CPLEX solver finished. Gap: 43.660000
[INFO]:[01:28:28] Starting CPLEX solver on instance: /home/yorig/tuner/mpils-tests/instances/miplib/medium-2/rococoB10-011000.mps with config: /scratch/yorig/mpils-results-grid-seconds-5-watchdog/medium-2/24proc/seed-3/5_rococoB10-011000_seed-3_20260504_012529/iterated_local_search/run_3_worker_14/ils_config_6218595634258366911.prm
[INFO]:[01:28:28] Starting CPLEX solver on instance: /home/yorig/tuner/mpils-tests/instances/miplib/medium-2/rococoB10-011000.mps with config: /scratch/yorig/mpils-results-grid-seconds-5-watchdog/medium-2/24proc/seed-3/5_rococoB10-011000_seed-3_20260504_012529/iterated_local_search/run_3_worker_14/ils_config_6218595634258366911.prm
[INFO]:[01:28:33] CPLEX results. Gap: 37.770000, upper bound: 22247.000000, lower bound: 13844.813160
[INFO]:[01:28:33] CPLEX solver finished. Gap: 37.770000
[INFO]:[01:28:33] New incumbent found with objective value: 37.77
[INFO]:[01:28:33] Local search phase completed.
[INFO]:[01:28:33] Total number of new local-search evaluations: 5
[INFO]:[01:28:33] Final incumbent objective value: 37.77
[INFO]:[01:28:33] Worker 14 completed exploration phase.
[INFO]:[01:28:33] Worker 14 received order for step 2.
[INFO]:[01:28:33] Worker 14 running expansion phase for iteration 3.
[INFO]:[01:28:33] Worker 14 will use solver log file: /scratch/yorig/mpils-results-grid-seconds-5-watchdog/medium-2/24proc/seed-3/5_rococoB10-011000_seed-3_20260504_012529/solver/cplex.log_iteration_expansion_3_worker_14
[INFO]:[01:28:33] Expansion Worker 14 starting expansion for iteration 3.
[INFO]:[01:28:33] Starting CPLEX solver on instance: /home/yorig/tuner/mpils-tests/instances/miplib/medium-2/rococoB10-011000.mps with config: /scratch/yorig/mpils-results-grid-seconds-5-watchdog/medium-2/24proc/seed-3/5_rococoB10-011000_seed-3_20260504_012529/expansion/config_param_CPXPARAM_Barrier_StartAlg_3_iter_3.prm
[INFO]:[01:28:38] CPLEX results. Gap: 24.400000, upper bound: 19565.000000, lower bound: 14790.748544
[INFO]:[01:28:38] CPLEX solver finished. Gap: 24.400000
[INFO]:[01:28:43] Expansion Worker 14 completed expansion.
[INFO]:[01:28:43] Worker 14 completed expansion phase.
[INFO]:[01:28:44] Worker 14 received order for step 1.
[INFO]:[01:28:44] Worker 14 running exploration phase for iteration 4.
[INFO]:[01:28:44] Worker 14 at iteration 4 will not use a MIP start file. Current best MIP-start upper bound threshold is 1.79769e+308.
[INFO]:[01:28:44] Starting local search phase...
[INFO]:[01:28:44] Creating local search space from parameter space file: /scratch/yorig/mpils-results-grid-seconds-5-watchdog/medium-2/24proc/seed-3/5_rococoB10-011000_seed-3_20260504_012529/iterated_local_search/search_space/search_space_file_4_worker_14.txt
[INFO]:[01:28:44] Local search space loaded from file: /scratch/yorig/mpils-results-grid-seconds-5-watchdog/medium-2/24proc/seed-3/5_rococoB10-011000_seed-3_20260504_012529/iterated_local_search/search_space/search_space_file_4_worker_14.txt
[INFO]:[01:28:44] Number of parameters in local search space: 71
[INFO]:[01:28:44] Number of forbidden tuples in local search space: 84
[INFO]:[01:28:44] Number of conditionals in local search space: 6
[INFO]:[01:28:44] MIP start option not enabled. Local search will proceed without MIP start.
[INFO]:[01:28:44] Evaluating initial configuration for local search phase...
[INFO]:[01:28:44] Starting CPLEX solver on instance: /home/yorig/tuner/mpils-tests/instances/miplib/medium-2/rococoB10-011000.mps with config: /scratch/yorig/mpils-results-grid-seconds-5-watchdog/medium-2/24proc/seed-3/5_rococoB10-011000_seed-3_20260504_012529/iterated_local_search/run_4_worker_14/ils_config_7333310918247157448.prm
[INFO]:[01:28:44] Starting CPLEX solver on instance: /home/yorig/tuner/mpils-tests/instances/miplib/medium-2/rococoB10-011000.mps with config: /scratch/yorig/mpils-results-grid-seconds-5-watchdog/medium-2/24proc/seed-3/5_rococoB10-011000_seed-3_20260504_012529/iterated_local_search/run_4_worker_14/ils_config_7333310918247157448.prm
[INFO]:[01:28:49] CPLEX results. Gap: 53.070000, upper bound: 27146.000000, lower bound: 12740.268181
[INFO]:[01:28:49] CPLEX solver finished. Gap: 53.070000
[INFO]:[01:28:49] Initial configuration evaluated with objective value: 53.07
[INFO]:[01:28:49] Starting CPLEX solver on instance: /home/yorig/tuner/mpils-tests/instances/miplib/medium-2/rococoB10-011000.mps with config: /scratch/yorig/mpils-results-grid-seconds-5-watchdog/medium-2/24proc/seed-3/5_rococoB10-011000_seed-3_20260504_012529/iterated_local_search/run_4_worker_14/ils_config_16938762980509907851.prm
[INFO]:[01:28:49] Starting CPLEX solver on instance: /home/yorig/tuner/mpils-tests/instances/miplib/medium-2/rococoB10-011000.mps with config: /scratch/yorig/mpils-results-grid-seconds-5-watchdog/medium-2/24proc/seed-3/5_rococoB10-011000_seed-3_20260504_012529/iterated_local_search/run_4_worker_14/ils_config_16938762980509907851.prm
[INFO]:[01:28:54] CPLEX results. Gap: 53.070000, upper bound: 27146.000000, lower bound: 12740.268181
[INFO]:[01:28:54] CPLEX solver finished. Gap: 53.070000
[INFO]:[01:28:54] Starting CPLEX solver on instance: /home/yorig/tuner/mpils-tests/instances/miplib/medium-2/rococoB10-011000.mps with config: /scratch/yorig/mpils-results-grid-seconds-5-watchdog/medium-2/24proc/seed-3/5_rococoB10-011000_seed-3_20260504_012529/iterated_local_search/run_4_worker_14/ils_config_17392694291482024835.prm
[INFO]:[01:28:54] Starting CPLEX solver on instance: /home/yorig/tuner/mpils-tests/instances/miplib/medium-2/rococoB10-011000.mps with config: /scratch/yorig/mpils-results-grid-seconds-5-watchdog/medium-2/24proc/seed-3/5_rococoB10-011000_seed-3_20260504_012529/iterated_local_search/run_4_worker_14/ils_config_17392694291482024835.prm
[INFO]:[01:28:59] CPLEX results. Gap: 53.070000, upper bound: 27146.000000, lower bound: 12740.268181
[INFO]:[01:28:59] CPLEX solver finished. Gap: 53.070000
[INFO]:[01:28:59] Starting CPLEX solver on instance: /home/yorig/tuner/mpils-tests/instances/miplib/medium-2/rococoB10-011000.mps with config: /scratch/yorig/mpils-results-grid-seconds-5-watchdog/medium-2/24proc/seed-3/5_rococoB10-011000_seed-3_20260504_012529/iterated_local_search/run_4_worker_14/ils_config_15356422240723414955.prm
[INFO]:[01:28:59] Starting CPLEX solver on instance: /home/yorig/tuner/mpils-tests/instances/miplib/medium-2/rococoB10-011000.mps with config: /scratch/yorig/mpils-results-grid-seconds-5-watchdog/medium-2/24proc/seed-3/5_rococoB10-011000_seed-3_20260504_012529/iterated_local_search/run_4_worker_14/ils_config_15356422240723414955.prm
[INFO]:[01:29:04] CPLEX results. Gap: 53.070000, upper bound: 27146.000000, lower bound: 12740.268181
[INFO]:[01:29:04] CPLEX solver finished. Gap: 53.070000
[INFO]:[01:29:04] Starting CPLEX solver on instance: /home/yorig/tuner/mpils-tests/instances/miplib/medium-2/rococoB10-011000.mps with config: /scratch/yorig/mpils-results-grid-seconds-5-watchdog/medium-2/24proc/seed-3/5_rococoB10-011000_seed-3_20260504_012529/iterated_local_search/run_4_worker_14/ils_config_5528317135443132348.prm
[INFO]:[01:29:04] Starting CPLEX solver on instance: /home/yorig/tuner/mpils-tests/instances/miplib/medium-2/rococoB10-011000.mps with config: /scratch/yorig/mpils-results-grid-seconds-5-watchdog/medium-2/24proc/seed-3/5_rococoB10-011000_seed-3_20260504_012529/iterated_local_search/run_4_worker_14/ils_config_5528317135443132348.prm
[INFO]:[01:29:09] CPLEX results. Gap: 41.960000, upper bound: 21952.000000, lower bound: 12740.268181
[INFO]:[01:29:09] CPLEX solver finished. Gap: 41.960000
[INFO]:[01:29:09] New incumbent found with objective value: 41.96
[INFO]:[01:29:09] Starting CPLEX solver on instance: /home/yorig/tuner/mpils-tests/instances/miplib/medium-2/rococoB10-011000.mps with config: /scratch/yorig/mpils-results-grid-seconds-5-watchdog/medium-2/24proc/seed-3/5_rococoB10-011000_seed-3_20260504_012529/iterated_local_search/run_4_worker_14/ils_config_6824588688239561431.prm
[INFO]:[01:29:09] Starting CPLEX solver on instance: /home/yorig/tuner/mpils-tests/instances/miplib/medium-2/rococoB10-011000.mps with config: /scratch/yorig/mpils-results-grid-seconds-5-watchdog/medium-2/24proc/seed-3/5_rococoB10-011000_seed-3_20260504_012529/iterated_local_search/run_4_worker_14/ils_config_6824588688239561431.prm
[INFO]:[01:29:14] CPLEX results. Gap: 41.960000, upper bound: 21952.000000, lower bound: 12740.268181
[INFO]:[01:29:14] CPLEX solver finished. Gap: 41.960000
[INFO]:[01:29:14] Starting CPLEX solver on instance: /home/yorig/tuner/mpils-tests/instances/miplib/medium-2/rococoB10-011000.mps with config: /scratch/yorig/mpils-results-grid-seconds-5-watchdog/medium-2/24proc/seed-3/5_rococoB10-011000_seed-3_20260504_012529/iterated_local_search/run_4_worker_14/ils_config_2409689887165574490.prm
[INFO]:[01:29:14] Starting CPLEX solver on instance: /home/yorig/tuner/mpils-tests/instances/miplib/medium-2/rococoB10-011000.mps with config: /scratch/yorig/mpils-results-grid-seconds-5-watchdog/medium-2/24proc/seed-3/5_rococoB10-011000_seed-3_20260504_012529/iterated_local_search/run_4_worker_14/ils_config_2409689887165574490.prm
[INFO]:[01:29:19] CPLEX results. Gap: 41.960000, upper bound: 21952.000000, lower bound: 12740.268181
[INFO]:[01:29:19] CPLEX solver finished. Gap: 41.960000
[INFO]:[01:29:19] Local search phase completed.
[INFO]:[01:29:19] Total number of new local-search evaluations: 7
[INFO]:[01:29:19] Final incumbent objective value: 41.96
[INFO]:[01:29:19] Worker 14 completed exploration phase.
[INFO]:[01:29:19] Worker 14 received order for step 2.
[INFO]:[01:29:19] Worker 14 running expansion phase for iteration 4.
[INFO]:[01:29:19] Worker 14 will use solver log file: /scratch/yorig/mpils-results-grid-seconds-5-watchdog/medium-2/24proc/seed-3/5_rococoB10-011000_seed-3_20260504_012529/solver/cplex.log_iteration_expansion_4_worker_14
[INFO]:[01:29:19] Expansion Worker 14 starting expansion for iteration 4.
[INFO]:[01:29:19] Starting CPLEX solver on instance: /home/yorig/tuner/mpils-tests/instances/miplib/medium-2/rococoB10-011000.mps with config: /scratch/yorig/mpils-results-grid-seconds-5-watchdog/medium-2/24proc/seed-3/5_rococoB10-011000_seed-3_20260504_012529/expansion/config_param_CPXPARAM_Network_Pricing_3_iter_4.prm
[INFO]:[01:29:24] CPLEX results. Gap: 24.400000, upper bound: 19565.000000, lower bound: 14790.748544
[INFO]:[01:29:24] CPLEX solver finished. Gap: 24.400000
[INFO]:[01:29:29] Expansion Worker 14 completed expansion.
[INFO]:[01:29:29] Worker 14 completed expansion phase.
[INFO]:[01:29:30] Worker 14 received order for step 1.
[INFO]:[01:29:30] Worker 14 running exploration phase for iteration 5.
[INFO]:[01:29:30] Worker 14 at iteration 5 will not use a MIP start file. Current best MIP-start upper bound threshold is 1.79769e+308.
[INFO]:[01:29:30] Starting local search phase...
[INFO]:[01:29:30] Creating local search space from parameter space file: /scratch/yorig/mpils-results-grid-seconds-5-watchdog/medium-2/24proc/seed-3/5_rococoB10-011000_seed-3_20260504_012529/iterated_local_search/search_space/search_space_file_5_worker_14.txt
[INFO]:[01:29:30] Local search space loaded from file: /scratch/yorig/mpils-results-grid-seconds-5-watchdog/medium-2/24proc/seed-3/5_rococoB10-011000_seed-3_20260504_012529/iterated_local_search/search_space/search_space_file_5_worker_14.txt
[INFO]:[01:29:30] Number of parameters in local search space: 71
[INFO]:[01:29:30] Number of forbidden tuples in local search space: 111
[INFO]:[01:29:30] Number of conditionals in local search space: 6
[INFO]:[01:29:30] MIP start option not enabled. Local search will proceed without MIP start.
[INFO]:[01:29:30] Evaluating initial configuration for local search phase...
[INFO]:[01:29:30] Starting CPLEX solver on instance: /home/yorig/tuner/mpils-tests/instances/miplib/medium-2/rococoB10-011000.mps with config: /scratch/yorig/mpils-results-grid-seconds-5-watchdog/medium-2/24proc/seed-3/5_rococoB10-011000_seed-3_20260504_012529/iterated_local_search/run_5_worker_14/ils_config_18294185764635948252.prm
[INFO]:[01:29:30] Starting CPLEX solver on instance: /home/yorig/tuner/mpils-tests/instances/miplib/medium-2/rococoB10-011000.mps with config: /scratch/yorig/mpils-results-grid-seconds-5-watchdog/medium-2/24proc/seed-3/5_rococoB10-011000_seed-3_20260504_012529/iterated_local_search/run_5_worker_14/ils_config_18294185764635948252.prm
[INFO]:[01:29:35] CPLEX results. Gap: 90.720000, upper bound: 117627.000000, lower bound: 10917.197395
[INFO]:[01:29:35] CPLEX solver finished. Gap: 90.720000
[INFO]:[01:29:35] Initial configuration evaluated with objective value: 90.72
[INFO]:[01:29:35] Starting CPLEX solver on instance: /home/yorig/tuner/mpils-tests/instances/miplib/medium-2/rococoB10-011000.mps with config: /scratch/yorig/mpils-results-grid-seconds-5-watchdog/medium-2/24proc/seed-3/5_rococoB10-011000_seed-3_20260504_012529/iterated_local_search/run_5_worker_14/ils_config_4964662437189653161.prm
[INFO]:[01:29:35] Starting CPLEX solver on instance: /home/yorig/tuner/mpils-tests/instances/miplib/medium-2/rococoB10-011000.mps with config: /scratch/yorig/mpils-results-grid-seconds-5-watchdog/medium-2/24proc/seed-3/5_rococoB10-011000_seed-3_20260504_012529/iterated_local_search/run_5_worker_14/ils_config_4964662437189653161.prm
[INFO]:[01:29:40] CPLEX results. Gap: 90.720000, upper bound: 117627.000000, lower bound: 10917.197395
[INFO]:[01:29:40] CPLEX solver finished. Gap: 90.720000
[INFO]:[01:29:40] Starting CPLEX solver on instance: /home/yorig/tuner/mpils-tests/instances/miplib/medium-2/rococoB10-011000.mps with config: /scratch/yorig/mpils-results-grid-seconds-5-watchdog/medium-2/24proc/seed-3/5_rococoB10-011000_seed-3_20260504_012529/iterated_local_search/run_5_worker_14/ils_config_4886617776755194063.prm
[INFO]:[01:29:40] Starting CPLEX solver on instance: /home/yorig/tuner/mpils-tests/instances/miplib/medium-2/rococoB10-011000.mps with config: /scratch/yorig/mpils-results-grid-seconds-5-watchdog/medium-2/24proc/seed-3/5_rococoB10-011000_seed-3_20260504_012529/iterated_local_search/run_5_worker_14/ils_config_4886617776755194063.prm
[INFO]:[01:29:45] CPLEX results. Gap: 66.470000, upper bound: 32550.000000, lower bound: 10914.845460
[INFO]:[01:29:45] CPLEX solver finished. Gap: 66.470000
[INFO]:[01:29:45] New incumbent found with objective value: 66.47
[INFO]:[01:29:45] Starting CPLEX solver on instance: /home/yorig/tuner/mpils-tests/instances/miplib/medium-2/rococoB10-011000.mps with config: /scratch/yorig/mpils-results-grid-seconds-5-watchdog/medium-2/24proc/seed-3/5_rococoB10-011000_seed-3_20260504_012529/iterated_local_search/run_5_worker_14/ils_config_13300949833408311473.prm
[INFO]:[01:29:45] Starting CPLEX solver on instance: /home/yorig/tuner/mpils-tests/instances/miplib/medium-2/rococoB10-011000.mps with config: /scratch/yorig/mpils-results-grid-seconds-5-watchdog/medium-2/24proc/seed-3/5_rococoB10-011000_seed-3_20260504_012529/iterated_local_search/run_5_worker_14/ils_config_13300949833408311473.prm
[INFO]:[01:29:50] CPLEX results. Gap: 66.470000, upper bound: 32550.000000, lower bound: 10914.845460
[INFO]:[01:29:50] CPLEX solver finished. Gap: 66.470000
[INFO]:[01:29:50] Starting CPLEX solver on instance: /home/yorig/tuner/mpils-tests/instances/miplib/medium-2/rococoB10-011000.mps with config: /scratch/yorig/mpils-results-grid-seconds-5-watchdog/medium-2/24proc/seed-3/5_rococoB10-011000_seed-3_20260504_012529/iterated_local_search/run_5_worker_14/ils_config_15580286953691255042.prm
[INFO]:[01:29:50] Starting CPLEX solver on instance: /home/yorig/tuner/mpils-tests/instances/miplib/medium-2/rococoB10-011000.mps with config: /scratch/yorig/mpils-results-grid-seconds-5-watchdog/medium-2/24proc/seed-3/5_rococoB10-011000_seed-3_20260504_012529/iterated_local_search/run_5_worker_14/ils_config_15580286953691255042.prm
[INFO]:[01:29:55] CPLEX results. Gap: 66.060000, upper bound: 29232.000000, lower bound: 9920.915869
[INFO]:[01:29:55] CPLEX solver finished. Gap: 66.060000
[INFO]:[01:29:55] New incumbent found with objective value: 66.06
[INFO]:[01:29:55] Starting CPLEX solver on instance: /home/yorig/tuner/mpils-tests/instances/miplib/medium-2/rococoB10-011000.mps with config: /scratch/yorig/mpils-results-grid-seconds-5-watchdog/medium-2/24proc/seed-3/5_rococoB10-011000_seed-3_20260504_012529/iterated_local_search/run_5_worker_14/ils_config_11776573840751950304.prm
[INFO]:[01:29:55] Starting CPLEX solver on instance: /home/yorig/tuner/mpils-tests/instances/miplib/medium-2/rococoB10-011000.mps with config: /scratch/yorig/mpils-results-grid-seconds-5-watchdog/medium-2/24proc/seed-3/5_rococoB10-011000_seed-3_20260504_012529/iterated_local_search/run_5_worker_14/ils_config_11776573840751950304.prm
[INFO]:[01:30:00] CPLEX results. Gap: 66.060000, upper bound: 29232.000000, lower bound: 9920.915869
[INFO]:[01:30:00] CPLEX solver finished. Gap: 66.060000
[INFO]:[01:30:00] Starting CPLEX solver on instance: /home/yorig/tuner/mpils-tests/instances/miplib/medium-2/rococoB10-011000.mps with config: /scratch/yorig/mpils-results-grid-seconds-5-watchdog/medium-2/24proc/seed-3/5_rococoB10-011000_seed-3_20260504_012529/iterated_local_search/run_5_worker_14/ils_config_15097670101966689479.prm
[INFO]:[01:30:00] Starting CPLEX solver on instance: /home/yorig/tuner/mpils-tests/instances/miplib/medium-2/rococoB10-011000.mps with config: /scratch/yorig/mpils-results-grid-seconds-5-watchdog/medium-2/24proc/seed-3/5_rococoB10-011000_seed-3_20260504_012529/iterated_local_search/run_5_worker_14/ils_config_15097670101966689479.prm
[INFO]:[01:30:05] CPLEX results. Gap: 66.060000, upper bound: 29232.000000, lower bound: 9920.915869
[INFO]:[01:30:05] CPLEX solver finished. Gap: 66.060000
[INFO]:[01:30:05] Starting CPLEX solver on instance: /home/yorig/tuner/mpils-tests/instances/miplib/medium-2/rococoB10-011000.mps with config: /scratch/yorig/mpils-results-grid-seconds-5-watchdog/medium-2/24proc/seed-3/5_rococoB10-011000_seed-3_20260504_012529/iterated_local_search/run_5_worker_14/ils_config_12652991818900819493.prm
[INFO]:[01:30:05] Starting CPLEX solver on instance: /home/yorig/tuner/mpils-tests/instances/miplib/medium-2/rococoB10-011000.mps with config: /scratch/yorig/mpils-results-grid-seconds-5-watchdog/medium-2/24proc/seed-3/5_rococoB10-011000_seed-3_20260504_012529/iterated_local_search/run_5_worker_14/ils_config_12652991818900819493.prm
[INFO]:[01:30:10] CPLEX results. Gap: 66.060000, upper bound: 29232.000000, lower bound: 9920.915869
[INFO]:[01:30:10] CPLEX solver finished. Gap: 66.060000
[INFO]:[01:30:10] Starting CPLEX solver on instance: /home/yorig/tuner/mpils-tests/instances/miplib/medium-2/rococoB10-011000.mps with config: /scratch/yorig/mpils-results-grid-seconds-5-watchdog/medium-2/24proc/seed-3/5_rococoB10-011000_seed-3_20260504_012529/iterated_local_search/run_5_worker_14/ils_config_3529438469825509167.prm
[INFO]:[01:30:10] Starting CPLEX solver on instance: /home/yorig/tuner/mpils-tests/instances/miplib/medium-2/rococoB10-011000.mps with config: /scratch/yorig/mpils-results-grid-seconds-5-watchdog/medium-2/24proc/seed-3/5_rococoB10-011000_seed-3_20260504_012529/iterated_local_search/run_5_worker_14/ils_config_3529438469825509167.prm
[INFO]:[01:30:15] CPLEX results. Gap: 61.830000, upper bound: 27543.000000, lower bound: 10512.159070
[INFO]:[01:30:15] CPLEX solver finished. Gap: 61.830000
[INFO]:[01:30:15] New incumbent found with objective value: 61.83
[INFO]:[01:30:15] Starting CPLEX solver on instance: /home/yorig/tuner/mpils-tests/instances/miplib/medium-2/rococoB10-011000.mps with config: /scratch/yorig/mpils-results-grid-seconds-5-watchdog/medium-2/24proc/seed-3/5_rococoB10-011000_seed-3_20260504_012529/iterated_local_search/run_5_worker_14/ils_config_4664013770148962800.prm
[INFO]:[01:30:15] Starting CPLEX solver on instance: /home/yorig/tuner/mpils-tests/instances/miplib/medium-2/rococoB10-011000.mps with config: /scratch/yorig/mpils-results-grid-seconds-5-watchdog/medium-2/24proc/seed-3/5_rococoB10-011000_seed-3_20260504_012529/iterated_local_search/run_5_worker_14/ils_config_4664013770148962800.prm
[INFO]:[01:30:20] CPLEX results. Gap: 61.830000, upper bound: 27543.000000, lower bound: 10512.159070
[INFO]:[01:30:20] CPLEX solver finished. Gap: 61.830000
[INFO]:[01:30:20] Starting CPLEX solver on instance: /home/yorig/tuner/mpils-tests/instances/miplib/medium-2/rococoB10-011000.mps with config: /scratch/yorig/mpils-results-grid-seconds-5-watchdog/medium-2/24proc/seed-3/5_rococoB10-011000_seed-3_20260504_012529/iterated_local_search/run_5_worker_14/ils_config_7326105323139229306.prm
[INFO]:[01:30:20] Starting CPLEX solver on instance: /home/yorig/tuner/mpils-tests/instances/miplib/medium-2/rococoB10-011000.mps with config: /scratch/yorig/mpils-results-grid-seconds-5-watchdog/medium-2/24proc/seed-3/5_rococoB10-011000_seed-3_20260504_012529/iterated_local_search/run_5_worker_14/ils_config_7326105323139229306.prm
[INFO]:[01:30:25] CPLEX results. Gap: 65.490000, upper bound: 29232.000000, lower bound: 10088.371258
[INFO]:[01:30:25] CPLEX solver finished. Gap: 65.490000
[INFO]:[01:30:25] Starting CPLEX solver on instance: /home/yorig/tuner/mpils-tests/instances/miplib/medium-2/rococoB10-011000.mps with config: /scratch/yorig/mpils-results-grid-seconds-5-watchdog/medium-2/24proc/seed-3/5_rococoB10-011000_seed-3_20260504_012529/iterated_local_search/run_5_worker_14/ils_config_18063493256933048734.prm
[INFO]:[01:30:25] Starting CPLEX solver on instance: /home/yorig/tuner/mpils-tests/instances/miplib/medium-2/rococoB10-011000.mps with config: /scratch/yorig/mpils-results-grid-seconds-5-watchdog/medium-2/24proc/seed-3/5_rococoB10-011000_seed-3_20260504_012529/iterated_local_search/run_5_worker_14/ils_config_18063493256933048734.prm
[INFO]:[01:30:30] CPLEX results. Gap: 61.830000, upper bound: 27543.000000, lower bound: 10512.159070
[INFO]:[01:30:30] CPLEX solver finished. Gap: 61.830000
[INFO]:[01:30:30] Starting CPLEX solver on instance: /home/yorig/tuner/mpils-tests/instances/miplib/medium-2/rococoB10-011000.mps with config: /scratch/yorig/mpils-results-grid-seconds-5-watchdog/medium-2/24proc/seed-3/5_rococoB10-011000_seed-3_20260504_012529/iterated_local_search/run_5_worker_14/ils_config_6300540162513942489.prm
[INFO]:[01:30:30] Starting CPLEX solver on instance: /home/yorig/tuner/mpils-tests/instances/miplib/medium-2/rococoB10-011000.mps with config: /scratch/yorig/mpils-results-grid-seconds-5-watchdog/medium-2/24proc/seed-3/5_rococoB10-011000_seed-3_20260504_012529/iterated_local_search/run_5_worker_14/ils_config_6300540162513942489.prm
[INFO]:[01:30:35] CPLEX results. Gap: 54.920000, upper bound: 23756.000000, lower bound: 10708.192528
[INFO]:[01:30:35] CPLEX solver finished. Gap: 54.920000
[INFO]:[01:30:35] New incumbent found with objective value: 54.92
[INFO]:[01:30:35] Starting CPLEX solver on instance: /home/yorig/tuner/mpils-tests/instances/miplib/medium-2/rococoB10-011000.mps with config: /scratch/yorig/mpils-results-grid-seconds-5-watchdog/medium-2/24proc/seed-3/5_rococoB10-011000_seed-3_20260504_012529/iterated_local_search/run_5_worker_14/ils_config_9125944285769599591.prm
[INFO]:[01:30:35] Starting CPLEX solver on instance: /home/yorig/tuner/mpils-tests/instances/miplib/medium-2/rococoB10-011000.mps with config: /scratch/yorig/mpils-results-grid-seconds-5-watchdog/medium-2/24proc/seed-3/5_rococoB10-011000_seed-3_20260504_012529/iterated_local_search/run_5_worker_14/ils_config_9125944285769599591.prm
[INFO]:[01:30:40] CPLEX results. Gap: 54.920000, upper bound: 23756.000000, lower bound: 10708.192528
[INFO]:[01:30:40] CPLEX solver finished. Gap: 54.920000
[INFO]:[01:30:40] Starting CPLEX solver on instance: /home/yorig/tuner/mpils-tests/instances/miplib/medium-2/rococoB10-011000.mps with config: /scratch/yorig/mpils-results-grid-seconds-5-watchdog/medium-2/24proc/seed-3/5_rococoB10-011000_seed-3_20260504_012529/iterated_local_search/run_5_worker_14/ils_config_10485497657062915329.prm
[INFO]:[01:30:40] Starting CPLEX solver on instance: /home/yorig/tuner/mpils-tests/instances/miplib/medium-2/rococoB10-011000.mps with config: /scratch/yorig/mpils-results-grid-seconds-5-watchdog/medium-2/24proc/seed-3/5_rococoB10-011000_seed-3_20260504_012529/iterated_local_search/run_5_worker_14/ils_config_10485497657062915329.prm
[INFO]:[01:30:45] CPLEX results. Gap: 54.920000, upper bound: 23756.000000, lower bound: 10708.192528
[INFO]:[01:30:45] CPLEX solver finished. Gap: 54.920000
[INFO]:[01:30:45] Starting CPLEX solver on instance: /home/yorig/tuner/mpils-tests/instances/miplib/medium-2/rococoB10-011000.mps with config: /scratch/yorig/mpils-results-grid-seconds-5-watchdog/medium-2/24proc/seed-3/5_rococoB10-011000_seed-3_20260504_012529/iterated_local_search/run_5_worker_14/ils_config_5272051525858447947.prm
[INFO]:[01:30:45] Starting CPLEX solver on instance: /home/yorig/tuner/mpils-tests/instances/miplib/medium-2/rococoB10-011000.mps with config: /scratch/yorig/mpils-results-grid-seconds-5-watchdog/medium-2/24proc/seed-3/5_rococoB10-011000_seed-3_20260504_012529/iterated_local_search/run_5_worker_14/ils_config_5272051525858447947.prm
[INFO]:[01:30:50] CPLEX results. Gap: 50.510000, upper bound: 21765.000000, lower bound: 10771.023397
[INFO]:[01:30:50] CPLEX solver finished. Gap: 50.510000
[INFO]:[01:30:50] New incumbent found with objective value: 50.51
[INFO]:[01:30:50] Starting CPLEX solver on instance: /home/yorig/tuner/mpils-tests/instances/miplib/medium-2/rococoB10-011000.mps with config: /scratch/yorig/mpils-results-grid-seconds-5-watchdog/medium-2/24proc/seed-3/5_rococoB10-011000_seed-3_20260504_012529/iterated_local_search/run_5_worker_14/ils_config_256213835036753048.prm
[INFO]:[01:30:50] Starting CPLEX solver on instance: /home/yorig/tuner/mpils-tests/instances/miplib/medium-2/rococoB10-011000.mps with config: /scratch/yorig/mpils-results-grid-seconds-5-watchdog/medium-2/24proc/seed-3/5_rococoB10-011000_seed-3_20260504_012529/iterated_local_search/run_5_worker_14/ils_config_256213835036753048.prm
[INFO]:[01:30:55] CPLEX results. Gap: 50.510000, upper bound: 21765.000000, lower bound: 10771.023397
[INFO]:[01:30:55] CPLEX solver finished. Gap: 50.510000
[INFO]:[01:30:55] Starting CPLEX solver on instance: /home/yorig/tuner/mpils-tests/instances/miplib/medium-2/rococoB10-011000.mps with config: /scratch/yorig/mpils-results-grid-seconds-5-watchdog/medium-2/24proc/seed-3/5_rococoB10-011000_seed-3_20260504_012529/iterated_local_search/run_5_worker_14/ils_config_12854540940396069377.prm
[INFO]:[01:30:55] Starting CPLEX solver on instance: /home/yorig/tuner/mpils-tests/instances/miplib/medium-2/rococoB10-011000.mps with config: /scratch/yorig/mpils-results-grid-seconds-5-watchdog/medium-2/24proc/seed-3/5_rococoB10-011000_seed-3_20260504_012529/iterated_local_search/run_5_worker_14/ils_config_12854540940396069377.prm
[INFO]:[01:31:00] CPLEX results. Gap: 57.920000, upper bound: 24613.000000, lower bound: 10356.830048
[INFO]:[01:31:00] CPLEX solver finished. Gap: 57.920000
[INFO]:[01:31:00] Starting CPLEX solver on instance: /home/yorig/tuner/mpils-tests/instances/miplib/medium-2/rococoB10-011000.mps with config: /scratch/yorig/mpils-results-grid-seconds-5-watchdog/medium-2/24proc/seed-3/5_rococoB10-011000_seed-3_20260504_012529/iterated_local_search/run_5_worker_14/ils_config_5683707437645626189.prm
[INFO]:[01:31:00] Starting CPLEX solver on instance: /home/yorig/tuner/mpils-tests/instances/miplib/medium-2/rococoB10-011000.mps with config: /scratch/yorig/mpils-results-grid-seconds-5-watchdog/medium-2/24proc/seed-3/5_rococoB10-011000_seed-3_20260504_012529/iterated_local_search/run_5_worker_14/ils_config_5683707437645626189.prm
[INFO]:[01:31:05] CPLEX results. Gap: 57.920000, upper bound: 24613.000000, lower bound: 10356.830048
[INFO]:[01:31:05] CPLEX solver finished. Gap: 57.920000
[INFO]:[01:31:05] Starting CPLEX solver on instance: /home/yorig/tuner/mpils-tests/instances/miplib/medium-2/rococoB10-011000.mps with config: /scratch/yorig/mpils-results-grid-seconds-5-watchdog/medium-2/24proc/seed-3/5_rococoB10-011000_seed-3_20260504_012529/iterated_local_search/run_5_worker_14/ils_config_4739163672050468940.prm
[INFO]:[01:31:05] Starting CPLEX solver on instance: /home/yorig/tuner/mpils-tests/instances/miplib/medium-2/rococoB10-011000.mps with config: /scratch/yorig/mpils-results-grid-seconds-5-watchdog/medium-2/24proc/seed-3/5_rococoB10-011000_seed-3_20260504_012529/iterated_local_search/run_5_worker_14/ils_config_4739163672050468940.prm
[INFO]:[01:31:10] CPLEX results. Gap: 49.120000, upper bound: 21712.000000, lower bound: 11047.162916
[INFO]:[01:31:10] CPLEX solver finished. Gap: 49.120000
[INFO]:[01:31:10] New incumbent found with objective value: 49.12
[INFO]:[01:31:10] Starting CPLEX solver on instance: /home/yorig/tuner/mpils-tests/instances/miplib/medium-2/rococoB10-011000.mps with config: /scratch/yorig/mpils-results-grid-seconds-5-watchdog/medium-2/24proc/seed-3/5_rococoB10-011000_seed-3_20260504_012529/iterated_local_search/run_5_worker_14/ils_config_10556355899422190383.prm
[INFO]:[01:31:10] Starting CPLEX solver on instance: /home/yorig/tuner/mpils-tests/instances/miplib/medium-2/rococoB10-011000.mps with config: /scratch/yorig/mpils-results-grid-seconds-5-watchdog/medium-2/24proc/seed-3/5_rococoB10-011000_seed-3_20260504_012529/iterated_local_search/run_5_worker_14/ils_config_10556355899422190383.prm
[INFO]:[01:31:15] CPLEX results. Gap: 50.510000, upper bound: 21765.000000, lower bound: 10771.023397
[INFO]:[01:31:15] CPLEX solver finished. Gap: 50.510000
[INFO]:[01:31:15] Starting CPLEX solver on instance: /home/yorig/tuner/mpils-tests/instances/miplib/medium-2/rococoB10-011000.mps with config: /scratch/yorig/mpils-results-grid-seconds-5-watchdog/medium-2/24proc/seed-3/5_rococoB10-011000_seed-3_20260504_012529/iterated_local_search/run_5_worker_14/ils_config_6114171449197345936.prm
[INFO]:[01:31:15] Starting CPLEX solver on instance: /home/yorig/tuner/mpils-tests/instances/miplib/medium-2/rococoB10-011000.mps with config: /scratch/yorig/mpils-results-grid-seconds-5-watchdog/medium-2/24proc/seed-3/5_rococoB10-011000_seed-3_20260504_012529/iterated_local_search/run_5_worker_14/ils_config_6114171449197345936.prm
[INFO]:[01:31:21] CPLEX results. Gap: 47.090000, upper bound: 21661.000000, lower bound: 11461.604607
[INFO]:[01:31:21] CPLEX solver finished. Gap: 47.090000
[INFO]:[01:31:21] New incumbent found with objective value: 47.09
[INFO]:[01:31:21] Starting CPLEX solver on instance: /home/yorig/tuner/mpils-tests/instances/miplib/medium-2/rococoB10-011000.mps with config: /scratch/yorig/mpils-results-grid-seconds-5-watchdog/medium-2/24proc/seed-3/5_rococoB10-011000_seed-3_20260504_012529/iterated_local_search/run_5_worker_14/ils_config_914053322687879362.prm
[INFO]:[01:31:21] Starting CPLEX solver on instance: /home/yorig/tuner/mpils-tests/instances/miplib/medium-2/rococoB10-011000.mps with config: /scratch/yorig/mpils-results-grid-seconds-5-watchdog/medium-2/24proc/seed-3/5_rococoB10-011000_seed-3_20260504_012529/iterated_local_search/run_5_worker_14/ils_config_914053322687879362.prm
[INFO]:[01:31:26] CPLEX results. Gap: 61.990000, upper bound: 28185.000000, lower bound: 10711.728778
[INFO]:[01:31:26] CPLEX solver finished. Gap: 61.990000
[INFO]:[01:31:26] Starting CPLEX solver on instance: /home/yorig/tuner/mpils-tests/instances/miplib/medium-2/rococoB10-011000.mps with config: /scratch/yorig/mpils-results-grid-seconds-5-watchdog/medium-2/24proc/seed-3/5_rococoB10-011000_seed-3_20260504_012529/iterated_local_search/run_5_worker_14/ils_config_4957105146692979070.prm
[INFO]:[01:31:26] Starting CPLEX solver on instance: /home/yorig/tuner/mpils-tests/instances/miplib/medium-2/rococoB10-011000.mps with config: /scratch/yorig/mpils-results-grid-seconds-5-watchdog/medium-2/24proc/seed-3/5_rococoB10-011000_seed-3_20260504_012529/iterated_local_search/run_5_worker_14/ils_config_4957105146692979070.prm
[INFO]:[01:31:31] CPLEX results. Gap: 47.090000, upper bound: 21661.000000, lower bound: 11461.604607
[INFO]:[01:31:31] CPLEX solver finished. Gap: 47.090000
[INFO]:[01:31:31] Starting CPLEX solver on instance: /home/yorig/tuner/mpils-tests/instances/miplib/medium-2/rococoB10-011000.mps with config: /scratch/yorig/mpils-results-grid-seconds-5-watchdog/medium-2/24proc/seed-3/5_rococoB10-011000_seed-3_20260504_012529/iterated_local_search/run_5_worker_14/ils_config_11438748026904631393.prm
[INFO]:[01:31:31] Starting CPLEX solver on instance: /home/yorig/tuner/mpils-tests/instances/miplib/medium-2/rococoB10-011000.mps with config: /scratch/yorig/mpils-results-grid-seconds-5-watchdog/medium-2/24proc/seed-3/5_rococoB10-011000_seed-3_20260504_012529/iterated_local_search/run_5_worker_14/ils_config_11438748026904631393.prm
[INFO]:[01:31:36] CPLEX results. Gap: 47.090000, upper bound: 21661.000000, lower bound: 11461.827913
[INFO]:[01:31:36] CPLEX solver finished. Gap: 47.090000
[INFO]:[01:31:36] Starting CPLEX solver on instance: /home/yorig/tuner/mpils-tests/instances/miplib/medium-2/rococoB10-011000.mps with config: /scratch/yorig/mpils-results-grid-seconds-5-watchdog/medium-2/24proc/seed-3/5_rococoB10-011000_seed-3_20260504_012529/iterated_local_search/run_5_worker_14/ils_config_2513325910502516588.prm
[INFO]:[01:31:36] Starting CPLEX solver on instance: /home/yorig/tuner/mpils-tests/instances/miplib/medium-2/rococoB10-011000.mps with config: /scratch/yorig/mpils-results-grid-seconds-5-watchdog/medium-2/24proc/seed-3/5_rococoB10-011000_seed-3_20260504_012529/iterated_local_search/run_5_worker_14/ils_config_2513325910502516588.prm
[INFO]:[01:31:41] CPLEX results. Gap: 47.090000, upper bound: 21661.000000, lower bound: 11461.827913
[INFO]:[01:31:41] CPLEX solver finished. Gap: 47.090000
[INFO]:[01:31:41] Starting CPLEX solver on instance: /home/yorig/tuner/mpils-tests/instances/miplib/medium-2/rococoB10-011000.mps with config: /scratch/yorig/mpils-results-grid-seconds-5-watchdog/medium-2/24proc/seed-3/5_rococoB10-011000_seed-3_20260504_012529/iterated_local_search/run_5_worker_14/ils_config_1310060134584458337.prm
[INFO]:[01:31:41] Starting CPLEX solver on instance: /home/yorig/tuner/mpils-tests/instances/miplib/medium-2/rococoB10-011000.mps with config: /scratch/yorig/mpils-results-grid-seconds-5-watchdog/medium-2/24proc/seed-3/5_rococoB10-011000_seed-3_20260504_012529/iterated_local_search/run_5_worker_14/ils_config_1310060134584458337.prm
[INFO]:[01:31:46] CPLEX results. Gap: 50.150000, upper bound: 21743.000000, lower bound: 10838.034925
[INFO]:[01:31:46] CPLEX solver finished. Gap: 50.150000
[INFO]:[01:31:46] Local search phase completed.
[INFO]:[01:31:46] Total number of new local-search evaluations: 27
[INFO]:[01:31:46] Final incumbent objective value: 47.09
[INFO]:[01:31:47] Worker 14 completed exploration phase.
[INFO]:[01:31:47] Worker 14 received order for step 2.
[INFO]:[01:31:47] Worker 14 running expansion phase for iteration 5.
[INFO]:[01:31:47] Worker 14 will use solver log file: /scratch/yorig/mpils-results-grid-seconds-5-watchdog/medium-2/24proc/seed-3/5_rococoB10-011000_seed-3_20260504_012529/solver/cplex.log_iteration_expansion_5_worker_14
[INFO]:[01:31:47] Expansion Worker 14 starting expansion for iteration 5.
[INFO]:[01:31:47] Starting CPLEX solver on instance: /home/yorig/tuner/mpils-tests/instances/miplib/medium-2/rococoB10-011000.mps with config: /scratch/yorig/mpils-results-grid-seconds-5-watchdog/medium-2/24proc/seed-3/5_rococoB10-011000_seed-3_20260504_012529/expansion/config_param_CPXPARAM_Simplex_Limits_Singularity_40_iter_5.prm
[INFO]:[01:31:52] CPLEX results. Gap: 24.400000, upper bound: 19565.000000, lower bound: 14790.748544
[INFO]:[01:31:52] CPLEX solver finished. Gap: 24.400000
[INFO]:[01:31:57] Expansion Worker 14 completed expansion.
[INFO]:[01:31:57] Worker 14 completed expansion phase.
[INFO]:[01:31:59] Worker 14 received order for step 1.
[INFO]:[01:31:59] Worker 14 running exploration phase for iteration 6.
[INFO]:[01:31:59] Worker 14 at iteration 6 will not use a MIP start file. Current best MIP-start upper bound threshold is 1.79769e+308.
[INFO]:[01:31:59] Starting local search phase...
[INFO]:[01:31:59] Creating local search space from parameter space file: /scratch/yorig/mpils-results-grid-seconds-5-watchdog/medium-2/24proc/seed-3/5_rococoB10-011000_seed-3_20260504_012529/iterated_local_search/search_space/search_space_file_6_worker_14.txt
[INFO]:[01:31:59] Local search space loaded from file: /scratch/yorig/mpils-results-grid-seconds-5-watchdog/medium-2/24proc/seed-3/5_rococoB10-011000_seed-3_20260504_012529/iterated_local_search/search_space/search_space_file_6_worker_14.txt
[INFO]:[01:31:59] Number of parameters in local search space: 71
[INFO]:[01:31:59] Number of forbidden tuples in local search space: 140
[INFO]:[01:31:59] Number of conditionals in local search space: 6
[INFO]:[01:31:59] MIP start option not enabled. Local search will proceed without MIP start.
[INFO]:[01:31:59] Evaluating initial configuration for local search phase...
[INFO]:[01:31:59] Starting CPLEX solver on instance: /home/yorig/tuner/mpils-tests/instances/miplib/medium-2/rococoB10-011000.mps with config: /scratch/yorig/mpils-results-grid-seconds-5-watchdog/medium-2/24proc/seed-3/5_rococoB10-011000_seed-3_20260504_012529/iterated_local_search/run_6_worker_14/ils_config_4309599801834283755.prm
[INFO]:[01:31:59] Starting CPLEX solver on instance: /home/yorig/tuner/mpils-tests/instances/miplib/medium-2/rococoB10-011000.mps with config: /scratch/yorig/mpils-results-grid-seconds-5-watchdog/medium-2/24proc/seed-3/5_rococoB10-011000_seed-3_20260504_012529/iterated_local_search/run_6_worker_14/ils_config_4309599801834283755.prm
[INFO]:[01:32:04] CPLEX results. Gap: 33.580000, upper bound: 21055.000000, lower bound: 13984.810412
[INFO]:[01:32:04] CPLEX solver finished. Gap: 33.580000
[INFO]:[01:32:04] Initial configuration evaluated with objective value: 33.58
[INFO]:[01:32:04] Starting CPLEX solver on instance: /home/yorig/tuner/mpils-tests/instances/miplib/medium-2/rococoB10-011000.mps with config: /scratch/yorig/mpils-results-grid-seconds-5-watchdog/medium-2/24proc/seed-3/5_rococoB10-011000_seed-3_20260504_012529/iterated_local_search/run_6_worker_14/ils_config_4312283870719976675.prm
[INFO]:[01:32:04] Starting CPLEX solver on instance: /home/yorig/tuner/mpils-tests/instances/miplib/medium-2/rococoB10-011000.mps with config: /scratch/yorig/mpils-results-grid-seconds-5-watchdog/medium-2/24proc/seed-3/5_rococoB10-011000_seed-3_20260504_012529/iterated_local_search/run_6_worker_14/ils_config_4312283870719976675.prm
[INFO]:[01:32:09] CPLEX results. Gap: 33.580000, upper bound: 21055.000000, lower bound: 13984.810412
[INFO]:[01:32:09] CPLEX solver finished. Gap: 33.580000
[INFO]:[01:32:09] Starting CPLEX solver on instance: /home/yorig/tuner/mpils-tests/instances/miplib/medium-2/rococoB10-011000.mps with config: /scratch/yorig/mpils-results-grid-seconds-5-watchdog/medium-2/24proc/seed-3/5_rococoB10-011000_seed-3_20260504_012529/iterated_local_search/run_6_worker_14/ils_config_16582221283731383380.prm
[INFO]:[01:32:09] Starting CPLEX solver on instance: /home/yorig/tuner/mpils-tests/instances/miplib/medium-2/rococoB10-011000.mps with config: /scratch/yorig/mpils-results-grid-seconds-5-watchdog/medium-2/24proc/seed-3/5_rococoB10-011000_seed-3_20260504_012529/iterated_local_search/run_6_worker_14/ils_config_16582221283731383380.prm
[INFO]:[01:32:14] CPLEX results. Gap: 32.740000, upper bound: 20934.000000, lower bound: 14080.435267
[INFO]:[01:32:14] CPLEX solver finished. Gap: 32.740000
[INFO]:[01:32:14] New incumbent found with objective value: 32.74
[INFO]:[01:32:14] Starting CPLEX solver on instance: /home/yorig/tuner/mpils-tests/instances/miplib/medium-2/rococoB10-011000.mps with config: /scratch/yorig/mpils-results-grid-seconds-5-watchdog/medium-2/24proc/seed-3/5_rococoB10-011000_seed-3_20260504_012529/iterated_local_search/run_6_worker_14/ils_config_3404725753287613428.prm
[INFO]:[01:32:14] Starting CPLEX solver on instance: /home/yorig/tuner/mpils-tests/instances/miplib/medium-2/rococoB10-011000.mps with config: /scratch/yorig/mpils-results-grid-seconds-5-watchdog/medium-2/24proc/seed-3/5_rococoB10-011000_seed-3_20260504_012529/iterated_local_search/run_6_worker_14/ils_config_3404725753287613428.prm
[INFO]:[01:32:19] CPLEX results. Gap: 32.740000, upper bound: 20934.000000, lower bound: 14080.435267
[INFO]:[01:32:19] CPLEX solver finished. Gap: 32.740000
[INFO]:[01:32:19] Starting CPLEX solver on instance: /home/yorig/tuner/mpils-tests/instances/miplib/medium-2/rococoB10-011000.mps with config: /scratch/yorig/mpils-results-grid-seconds-5-watchdog/medium-2/24proc/seed-3/5_rococoB10-011000_seed-3_20260504_012529/iterated_local_search/run_6_worker_14/ils_config_10082080317372988136.prm
[INFO]:[01:32:19] Starting CPLEX solver on instance: /home/yorig/tuner/mpils-tests/instances/miplib/medium-2/rococoB10-011000.mps with config: /scratch/yorig/mpils-results-grid-seconds-5-watchdog/medium-2/24proc/seed-3/5_rococoB10-011000_seed-3_20260504_012529/iterated_local_search/run_6_worker_14/ils_config_10082080317372988136.prm
[INFO]:[01:32:24] CPLEX results. Gap: 29.360000, upper bound: 20387.000000, lower bound: 14400.917923
[INFO]:[01:32:24] CPLEX solver finished. Gap: 29.360000
[INFO]:[01:32:24] New incumbent found with objective value: 29.36
[INFO]:[01:32:24] Starting CPLEX solver on instance: /home/yorig/tuner/mpils-tests/instances/miplib/medium-2/rococoB10-011000.mps with config: /scratch/yorig/mpils-results-grid-seconds-5-watchdog/medium-2/24proc/seed-3/5_rococoB10-011000_seed-3_20260504_012529/iterated_local_search/run_6_worker_14/ils_config_13262673694021007064.prm
[INFO]:[01:32:24] Starting CPLEX solver on instance: /home/yorig/tuner/mpils-tests/instances/miplib/medium-2/rococoB10-011000.mps with config: /scratch/yorig/mpils-results-grid-seconds-5-watchdog/medium-2/24proc/seed-3/5_rococoB10-011000_seed-3_20260504_012529/iterated_local_search/run_6_worker_14/ils_config_13262673694021007064.prm
[INFO]:[01:32:29] CPLEX results. Gap: 29.360000, upper bound: 20387.000000, lower bound: 14400.917923
[INFO]:[01:32:29] CPLEX solver finished. Gap: 29.360000
[INFO]:[01:32:29] Starting CPLEX solver on instance: /home/yorig/tuner/mpils-tests/instances/miplib/medium-2/rococoB10-011000.mps with config: /scratch/yorig/mpils-results-grid-seconds-5-watchdog/medium-2/24proc/seed-3/5_rococoB10-011000_seed-3_20260504_012529/iterated_local_search/run_6_worker_14/ils_config_9298881062009515059.prm
[INFO]:[01:32:29] Starting CPLEX solver on instance: /home/yorig/tuner/mpils-tests/instances/miplib/medium-2/rococoB10-011000.mps with config: /scratch/yorig/mpils-results-grid-seconds-5-watchdog/medium-2/24proc/seed-3/5_rococoB10-011000_seed-3_20260504_012529/iterated_local_search/run_6_worker_14/ils_config_9298881062009515059.prm
[INFO]:[01:32:34] CPLEX results. Gap: 29.360000, upper bound: 20387.000000, lower bound: 14400.917923
[INFO]:[01:32:34] CPLEX solver finished. Gap: 29.360000
[INFO]:[01:32:34] Starting CPLEX solver on instance: /home/yorig/tuner/mpils-tests/instances/miplib/medium-2/rococoB10-011000.mps with config: /scratch/yorig/mpils-results-grid-seconds-5-watchdog/medium-2/24proc/seed-3/5_rococoB10-011000_seed-3_20260504_012529/iterated_local_search/run_6_worker_14/ils_config_1085881690638035836.prm
[INFO]:[01:32:34] Starting CPLEX solver on instance: /home/yorig/tuner/mpils-tests/instances/miplib/medium-2/rococoB10-011000.mps with config: /scratch/yorig/mpils-results-grid-seconds-5-watchdog/medium-2/24proc/seed-3/5_rococoB10-011000_seed-3_20260504_012529/iterated_local_search/run_6_worker_14/ils_config_1085881690638035836.prm
[INFO]:[01:32:39] CPLEX results. Gap: 29.480000, upper bound: 20865.000000, lower bound: 14714.081244
[INFO]:[01:32:39] CPLEX solver finished. Gap: 29.480000
[INFO]:[01:32:39] Starting CPLEX solver on instance: /home/yorig/tuner/mpils-tests/instances/miplib/medium-2/rococoB10-011000.mps with config: /scratch/yorig/mpils-results-grid-seconds-5-watchdog/medium-2/24proc/seed-3/5_rococoB10-011000_seed-3_20260504_012529/iterated_local_search/run_6_worker_14/ils_config_16663015545009692658.prm
[INFO]:[01:32:39] Starting CPLEX solver on instance: /home/yorig/tuner/mpils-tests/instances/miplib/medium-2/rococoB10-011000.mps with config: /scratch/yorig/mpils-results-grid-seconds-5-watchdog/medium-2/24proc/seed-3/5_rococoB10-011000_seed-3_20260504_012529/iterated_local_search/run_6_worker_14/ils_config_16663015545009692658.prm
[INFO]:[01:32:44] CPLEX results. Gap: 29.360000, upper bound: 20387.000000, lower bound: 14400.917923
[INFO]:[01:32:44] CPLEX solver finished. Gap: 29.360000
[INFO]:[01:32:44] Starting CPLEX solver on instance: /home/yorig/tuner/mpils-tests/instances/miplib/medium-2/rococoB10-011000.mps with config: /scratch/yorig/mpils-results-grid-seconds-5-watchdog/medium-2/24proc/seed-3/5_rococoB10-011000_seed-3_20260504_012529/iterated_local_search/run_6_worker_14/ils_config_8572405727582501805.prm
[INFO]:[01:32:44] Starting CPLEX solver on instance: /home/yorig/tuner/mpils-tests/instances/miplib/medium-2/rococoB10-011000.mps with config: /scratch/yorig/mpils-results-grid-seconds-5-watchdog/medium-2/24proc/seed-3/5_rococoB10-011000_seed-3_20260504_012529/iterated_local_search/run_6_worker_14/ils_config_8572405727582501805.prm
[INFO]:[01:32:49] CPLEX results. Gap: 29.360000, upper bound: 20387.000000, lower bound: 14400.917923
[INFO]:[01:32:49] CPLEX solver finished. Gap: 29.360000
[INFO]:[01:32:49] Starting CPLEX solver on instance: /home/yorig/tuner/mpils-tests/instances/miplib/medium-2/rococoB10-011000.mps with config: /scratch/yorig/mpils-results-grid-seconds-5-watchdog/medium-2/24proc/seed-3/5_rococoB10-011000_seed-3_20260504_012529/iterated_local_search/run_6_worker_14/ils_config_5917377121520328332.prm
[INFO]:[01:32:49] Starting CPLEX solver on instance: /home/yorig/tuner/mpils-tests/instances/miplib/medium-2/rococoB10-011000.mps with config: /scratch/yorig/mpils-results-grid-seconds-5-watchdog/medium-2/24proc/seed-3/5_rococoB10-011000_seed-3_20260504_012529/iterated_local_search/run_6_worker_14/ils_config_5917377121520328332.prm
[INFO]:[01:32:54] CPLEX results. Gap: 29.360000, upper bound: 20387.000000, lower bound: 14400.917923
[INFO]:[01:32:54] CPLEX solver finished. Gap: 29.360000
[INFO]:[01:32:54] Starting CPLEX solver on instance: /home/yorig/tuner/mpils-tests/instances/miplib/medium-2/rococoB10-011000.mps with config: /scratch/yorig/mpils-results-grid-seconds-5-watchdog/medium-2/24proc/seed-3/5_rococoB10-011000_seed-3_20260504_012529/iterated_local_search/run_6_worker_14/ils_config_12445334903735796635.prm
[INFO]:[01:32:54] Starting CPLEX solver on instance: /home/yorig/tuner/mpils-tests/instances/miplib/medium-2/rococoB10-011000.mps with config: /scratch/yorig/mpils-results-grid-seconds-5-watchdog/medium-2/24proc/seed-3/5_rococoB10-011000_seed-3_20260504_012529/iterated_local_search/run_6_worker_14/ils_config_12445334903735796635.prm
[INFO]:[01:32:59] CPLEX results. Gap: 29.360000, upper bound: 20387.000000, lower bound: 14400.917923
[INFO]:[01:32:59] CPLEX solver finished. Gap: 29.360000
[INFO]:[01:32:59] Starting CPLEX solver on instance: /home/yorig/tuner/mpils-tests/instances/miplib/medium-2/rococoB10-011000.mps with config: /scratch/yorig/mpils-results-grid-seconds-5-watchdog/medium-2/24proc/seed-3/5_rococoB10-011000_seed-3_20260504_012529/iterated_local_search/run_6_worker_14/ils_config_17525391687875576032.prm
[INFO]:[01:32:59] Starting CPLEX solver on instance: /home/yorig/tuner/mpils-tests/instances/miplib/medium-2/rococoB10-011000.mps with config: /scratch/yorig/mpils-results-grid-seconds-5-watchdog/medium-2/24proc/seed-3/5_rococoB10-011000_seed-3_20260504_012529/iterated_local_search/run_6_worker_14/ils_config_17525391687875576032.prm
[INFO]:[01:33:04] CPLEX results. Gap: 48.290000, upper bound: 26016.000000, lower bound: 13453.816930
[INFO]:[01:33:04] CPLEX solver finished. Gap: 48.290000
[INFO]:[01:33:04] Starting CPLEX solver on instance: /home/yorig/tuner/mpils-tests/instances/miplib/medium-2/rococoB10-011000.mps with config: /scratch/yorig/mpils-results-grid-seconds-5-watchdog/medium-2/24proc/seed-3/5_rococoB10-011000_seed-3_20260504_012529/iterated_local_search/run_6_worker_14/ils_config_5379914062057651877.prm
[INFO]:[01:33:04] Starting CPLEX solver on instance: /home/yorig/tuner/mpils-tests/instances/miplib/medium-2/rococoB10-011000.mps with config: /scratch/yorig/mpils-results-grid-seconds-5-watchdog/medium-2/24proc/seed-3/5_rococoB10-011000_seed-3_20260504_012529/iterated_local_search/run_6_worker_14/ils_config_5379914062057651877.prm
[INFO]:[01:33:09] CPLEX results. Gap: 29.360000, upper bound: 20387.000000, lower bound: 14400.917923
[INFO]:[01:33:09] CPLEX solver finished. Gap: 29.360000
[INFO]:[01:33:09] Starting CPLEX solver on instance: /home/yorig/tuner/mpils-tests/instances/miplib/medium-2/rococoB10-011000.mps with config: /scratch/yorig/mpils-results-grid-seconds-5-watchdog/medium-2/24proc/seed-3/5_rococoB10-011000_seed-3_20260504_012529/iterated_local_search/run_6_worker_14/ils_config_9189857184640903199.prm
[INFO]:[01:33:09] Starting CPLEX solver on instance: /home/yorig/tuner/mpils-tests/instances/miplib/medium-2/rococoB10-011000.mps with config: /scratch/yorig/mpils-results-grid-seconds-5-watchdog/medium-2/24proc/seed-3/5_rococoB10-011000_seed-3_20260504_012529/iterated_local_search/run_6_worker_14/ils_config_9189857184640903199.prm
[INFO]:[01:33:14] CPLEX results. Gap: 29.360000, upper bound: 20387.000000, lower bound: 14400.917923
[INFO]:[01:33:14] CPLEX solver finished. Gap: 29.360000
[INFO]:[01:33:14] Starting CPLEX solver on instance: /home/yorig/tuner/mpils-tests/instances/miplib/medium-2/rococoB10-011000.mps with config: /scratch/yorig/mpils-results-grid-seconds-5-watchdog/medium-2/24proc/seed-3/5_rococoB10-011000_seed-3_20260504_012529/iterated_local_search/run_6_worker_14/ils_config_14517688996771612557.prm
[INFO]:[01:33:14] Starting CPLEX solver on instance: /home/yorig/tuner/mpils-tests/instances/miplib/medium-2/rococoB10-011000.mps with config: /scratch/yorig/mpils-results-grid-seconds-5-watchdog/medium-2/24proc/seed-3/5_rococoB10-011000_seed-3_20260504_012529/iterated_local_search/run_6_worker_14/ils_config_14517688996771612557.prm
[INFO]:[01:33:19] CPLEX results. Gap: 28.450000, upper bound: 19565.000000, lower bound: 13998.782617
[INFO]:[01:33:19] CPLEX solver finished. Gap: 28.450000
[INFO]:[01:33:19] New incumbent found with objective value: 28.45
[INFO]:[01:33:19] Starting CPLEX solver on instance: /home/yorig/tuner/mpils-tests/instances/miplib/medium-2/rococoB10-011000.mps with config: /scratch/yorig/mpils-results-grid-seconds-5-watchdog/medium-2/24proc/seed-3/5_rococoB10-011000_seed-3_20260504_012529/iterated_local_search/run_6_worker_14/ils_config_12691062687066180242.prm
[INFO]:[01:33:19] Starting CPLEX solver on instance: /home/yorig/tuner/mpils-tests/instances/miplib/medium-2/rococoB10-011000.mps with config: /scratch/yorig/mpils-results-grid-seconds-5-watchdog/medium-2/24proc/seed-3/5_rococoB10-011000_seed-3_20260504_012529/iterated_local_search/run_6_worker_14/ils_config_12691062687066180242.prm
[INFO]:[01:33:24] CPLEX results. Gap: 28.450000, upper bound: 19565.000000, lower bound: 13998.782617
[INFO]:[01:33:24] CPLEX solver finished. Gap: 28.450000
[INFO]:[01:33:24] Starting CPLEX solver on instance: /home/yorig/tuner/mpils-tests/instances/miplib/medium-2/rococoB10-011000.mps with config: /scratch/yorig/mpils-results-grid-seconds-5-watchdog/medium-2/24proc/seed-3/5_rococoB10-011000_seed-3_20260504_012529/iterated_local_search/run_6_worker_14/ils_config_12391369852557726906.prm
[INFO]:[01:33:24] Starting CPLEX solver on instance: /home/yorig/tuner/mpils-tests/instances/miplib/medium-2/rococoB10-011000.mps with config: /scratch/yorig/mpils-results-grid-seconds-5-watchdog/medium-2/24proc/seed-3/5_rococoB10-011000_seed-3_20260504_012529/iterated_local_search/run_6_worker_14/ils_config_12391369852557726906.prm
[INFO]:[01:33:29] CPLEX results. Gap: 28.450000, upper bound: 19565.000000, lower bound: 13998.782617
[INFO]:[01:33:29] CPLEX solver finished. Gap: 28.450000
[INFO]:[01:33:29] Starting CPLEX solver on instance: /home/yorig/tuner/mpils-tests/instances/miplib/medium-2/rococoB10-011000.mps with config: /scratch/yorig/mpils-results-grid-seconds-5-watchdog/medium-2/24proc/seed-3/5_rococoB10-011000_seed-3_20260504_012529/iterated_local_search/run_6_worker_14/ils_config_16071823970962358333.prm
[INFO]:[01:33:29] Starting CPLEX solver on instance: /home/yorig/tuner/mpils-tests/instances/miplib/medium-2/rococoB10-011000.mps with config: /scratch/yorig/mpils-results-grid-seconds-5-watchdog/medium-2/24proc/seed-3/5_rococoB10-011000_seed-3_20260504_012529/iterated_local_search/run_6_worker_14/ils_config_16071823970962358333.prm
[INFO]:[01:33:34] CPLEX results. Gap: 28.810000, upper bound: 19565.000000, lower bound: 13929.080927
[INFO]:[01:33:34] CPLEX solver finished. Gap: 28.810000
[INFO]:[01:33:34] Starting CPLEX solver on instance: /home/yorig/tuner/mpils-tests/instances/miplib/medium-2/rococoB10-011000.mps with config: /scratch/yorig/mpils-results-grid-seconds-5-watchdog/medium-2/24proc/seed-3/5_rococoB10-011000_seed-3_20260504_012529/iterated_local_search/run_6_worker_14/ils_config_4240767928653196291.prm
[INFO]:[01:33:34] Starting CPLEX solver on instance: /home/yorig/tuner/mpils-tests/instances/miplib/medium-2/rococoB10-011000.mps with config: /scratch/yorig/mpils-results-grid-seconds-5-watchdog/medium-2/24proc/seed-3/5_rococoB10-011000_seed-3_20260504_012529/iterated_local_search/run_6_worker_14/ils_config_4240767928653196291.prm
[INFO]:[01:33:39] CPLEX results. Gap: 28.600000, upper bound: 19565.000000, lower bound: 13969.398176
[INFO]:[01:33:39] CPLEX solver finished. Gap: 28.600000
[INFO]:[01:33:39] Starting CPLEX solver on instance: /home/yorig/tuner/mpils-tests/instances/miplib/medium-2/rococoB10-011000.mps with config: /scratch/yorig/mpils-results-grid-seconds-5-watchdog/medium-2/24proc/seed-3/5_rococoB10-011000_seed-3_20260504_012529/iterated_local_search/run_6_worker_14/ils_config_11826032688664803727.prm
[INFO]:[01:33:39] Starting CPLEX solver on instance: /home/yorig/tuner/mpils-tests/instances/miplib/medium-2/rococoB10-011000.mps with config: /scratch/yorig/mpils-results-grid-seconds-5-watchdog/medium-2/24proc/seed-3/5_rococoB10-011000_seed-3_20260504_012529/iterated_local_search/run_6_worker_14/ils_config_11826032688664803727.prm
[INFO]:[01:33:44] CPLEX results. Gap: 28.450000, upper bound: 19565.000000, lower bound: 13998.782617
[INFO]:[01:33:44] CPLEX solver finished. Gap: 28.450000
[INFO]:[01:33:44] Starting CPLEX solver on instance: /home/yorig/tuner/mpils-tests/instances/miplib/medium-2/rococoB10-011000.mps with config: /scratch/yorig/mpils-results-grid-seconds-5-watchdog/medium-2/24proc/seed-3/5_rococoB10-011000_seed-3_20260504_012529/iterated_local_search/run_6_worker_14/ils_config_1660624730967217054.prm
[INFO]:[01:33:44] Starting CPLEX solver on instance: /home/yorig/tuner/mpils-tests/instances/miplib/medium-2/rococoB10-011000.mps with config: /scratch/yorig/mpils-results-grid-seconds-5-watchdog/medium-2/24proc/seed-3/5_rococoB10-011000_seed-3_20260504_012529/iterated_local_search/run_6_worker_14/ils_config_1660624730967217054.prm
[INFO]:[01:33:49] CPLEX results. Gap: 28.450000, upper bound: 19565.000000, lower bound: 13998.782617
[INFO]:[01:33:49] CPLEX solver finished. Gap: 28.450000
[INFO]:[01:33:49] Starting CPLEX solver on instance: /home/yorig/tuner/mpils-tests/instances/miplib/medium-2/rococoB10-011000.mps with config: /scratch/yorig/mpils-results-grid-seconds-5-watchdog/medium-2/24proc/seed-3/5_rococoB10-011000_seed-3_20260504_012529/iterated_local_search/run_6_worker_14/ils_config_8012998261850531021.prm
[INFO]:[01:33:49] Starting CPLEX solver on instance: /home/yorig/tuner/mpils-tests/instances/miplib/medium-2/rococoB10-011000.mps with config: /scratch/yorig/mpils-results-grid-seconds-5-watchdog/medium-2/24proc/seed-3/5_rococoB10-011000_seed-3_20260504_012529/iterated_local_search/run_6_worker_14/ils_config_8012998261850531021.prm
[INFO]:[01:33:54] CPLEX results. Gap: 28.450000, upper bound: 19565.000000, lower bound: 13998.782617
[INFO]:[01:33:54] CPLEX solver finished. Gap: 28.450000
[INFO]:[01:33:54] Starting CPLEX solver on instance: /home/yorig/tuner/mpils-tests/instances/miplib/medium-2/rococoB10-011000.mps with config: /scratch/yorig/mpils-results-grid-seconds-5-watchdog/medium-2/24proc/seed-3/5_rococoB10-011000_seed-3_20260504_012529/iterated_local_search/run_6_worker_14/ils_config_10867085936573420549.prm
[INFO]:[01:33:54] Starting CPLEX solver on instance: /home/yorig/tuner/mpils-tests/instances/miplib/medium-2/rococoB10-011000.mps with config: /scratch/yorig/mpils-results-grid-seconds-5-watchdog/medium-2/24proc/seed-3/5_rococoB10-011000_seed-3_20260504_012529/iterated_local_search/run_6_worker_14/ils_config_10867085936573420549.prm
[INFO]:[01:33:59] CPLEX results. Gap: 43.250000, upper bound: 24419.000000, lower bound: 13857.980358
[INFO]:[01:33:59] CPLEX solver finished. Gap: 43.250000
[INFO]:[01:33:59] Starting CPLEX solver on instance: /home/yorig/tuner/mpils-tests/instances/miplib/medium-2/rococoB10-011000.mps with config: /scratch/yorig/mpils-results-grid-seconds-5-watchdog/medium-2/24proc/seed-3/5_rococoB10-011000_seed-3_20260504_012529/iterated_local_search/run_6_worker_14/ils_config_1584674812290049162.prm
[INFO]:[01:33:59] Starting CPLEX solver on instance: /home/yorig/tuner/mpils-tests/instances/miplib/medium-2/rococoB10-011000.mps with config: /scratch/yorig/mpils-results-grid-seconds-5-watchdog/medium-2/24proc/seed-3/5_rococoB10-011000_seed-3_20260504_012529/iterated_local_search/run_6_worker_14/ils_config_1584674812290049162.prm
[INFO]:[01:34:04] CPLEX results. Gap: 29.130000, upper bound: 19565.000000, lower bound: 13866.276591
[INFO]:[01:34:04] CPLEX solver finished. Gap: 29.130000
[INFO]:[01:34:04] Starting CPLEX solver on instance: /home/yorig/tuner/mpils-tests/instances/miplib/medium-2/rococoB10-011000.mps with config: /scratch/yorig/mpils-results-grid-seconds-5-watchdog/medium-2/24proc/seed-3/5_rococoB10-011000_seed-3_20260504_012529/iterated_local_search/run_6_worker_14/ils_config_11748664503639955079.prm
[INFO]:[01:34:04] Starting CPLEX solver on instance: /home/yorig/tuner/mpils-tests/instances/miplib/medium-2/rococoB10-011000.mps with config: /scratch/yorig/mpils-results-grid-seconds-5-watchdog/medium-2/24proc/seed-3/5_rococoB10-011000_seed-3_20260504_012529/iterated_local_search/run_6_worker_14/ils_config_11748664503639955079.prm
[INFO]:[01:34:09] CPLEX results. Gap: 29.260000, upper bound: 19565.000000, lower bound: 13839.994973
[INFO]:[01:34:09] CPLEX solver finished. Gap: 29.260000
[INFO]:[01:34:09] Starting CPLEX solver on instance: /home/yorig/tuner/mpils-tests/instances/miplib/medium-2/rococoB10-011000.mps with config: /scratch/yorig/mpils-results-grid-seconds-5-watchdog/medium-2/24proc/seed-3/5_rococoB10-011000_seed-3_20260504_012529/iterated_local_search/run_6_worker_14/ils_config_7346607013215633349.prm
[INFO]:[01:34:09] Starting CPLEX solver on instance: /home/yorig/tuner/mpils-tests/instances/miplib/medium-2/rococoB10-011000.mps with config: /scratch/yorig/mpils-results-grid-seconds-5-watchdog/medium-2/24proc/seed-3/5_rococoB10-011000_seed-3_20260504_012529/iterated_local_search/run_6_worker_14/ils_config_7346607013215633349.prm
[INFO]:[01:34:14] CPLEX results. Gap: 29.250000, upper bound: 19565.000000, lower bound: 13841.828630
[INFO]:[01:34:14] CPLEX solver finished. Gap: 29.250000
[INFO]:[01:34:14] Starting CPLEX solver on instance: /home/yorig/tuner/mpils-tests/instances/miplib/medium-2/rococoB10-011000.mps with config: /scratch/yorig/mpils-results-grid-seconds-5-watchdog/medium-2/24proc/seed-3/5_rococoB10-011000_seed-3_20260504_012529/iterated_local_search/run_6_worker_14/ils_config_16761685613684344873.prm
[INFO]:[01:34:14] Starting CPLEX solver on instance: /home/yorig/tuner/mpils-tests/instances/miplib/medium-2/rococoB10-011000.mps with config: /scratch/yorig/mpils-results-grid-seconds-5-watchdog/medium-2/24proc/seed-3/5_rococoB10-011000_seed-3_20260504_012529/iterated_local_search/run_6_worker_14/ils_config_16761685613684344873.prm
[INFO]:[01:34:19] CPLEX results. Gap: 32.990000, upper bound: 20809.000000, lower bound: 13944.878939
[INFO]:[01:34:19] CPLEX solver finished. Gap: 32.990000
[INFO]:[01:34:19] Starting CPLEX solver on instance: /home/yorig/tuner/mpils-tests/instances/miplib/medium-2/rococoB10-011000.mps with config: /scratch/yorig/mpils-results-grid-seconds-5-watchdog/medium-2/24proc/seed-3/5_rococoB10-011000_seed-3_20260504_012529/iterated_local_search/run_6_worker_14/ils_config_9744396182237022570.prm
[INFO]:[01:34:19] Starting CPLEX solver on instance: /home/yorig/tuner/mpils-tests/instances/miplib/medium-2/rococoB10-011000.mps with config: /scratch/yorig/mpils-results-grid-seconds-5-watchdog/medium-2/24proc/seed-3/5_rococoB10-011000_seed-3_20260504_012529/iterated_local_search/run_6_worker_14/ils_config_9744396182237022570.prm
[INFO]:[01:34:24] CPLEX results. Gap: 28.870000, upper bound: 19565.000000, lower bound: 13916.636052
[INFO]:[01:34:24] CPLEX solver finished. Gap: 28.870000
[INFO]:[01:34:24] Starting CPLEX solver on instance: /home/yorig/tuner/mpils-tests/instances/miplib/medium-2/rococoB10-011000.mps with config: /scratch/yorig/mpils-results-grid-seconds-5-watchdog/medium-2/24proc/seed-3/5_rococoB10-011000_seed-3_20260504_012529/iterated_local_search/run_6_worker_14/ils_config_5580348023866289709.prm
[INFO]:[01:34:24] Starting CPLEX solver on instance: /home/yorig/tuner/mpils-tests/instances/miplib/medium-2/rococoB10-011000.mps with config: /scratch/yorig/mpils-results-grid-seconds-5-watchdog/medium-2/24proc/seed-3/5_rococoB10-011000_seed-3_20260504_012529/iterated_local_search/run_6_worker_14/ils_config_5580348023866289709.prm
[INFO]:[01:34:29] CPLEX results. Gap: 28.870000, upper bound: 19565.000000, lower bound: 13916.636052
[INFO]:[01:34:29] CPLEX solver finished. Gap: 28.870000
[INFO]:[01:34:29] Local search phase completed.
[INFO]:[01:34:29] Total number of new local-search evaluations: 30
[INFO]:[01:34:29] Final incumbent objective value: 28.45
[INFO]:[01:34:31] Worker 14 completed exploration phase.
[INFO]:[01:34:31] Worker 14 received order for step 3.
[INFO]:[01:34:31] Worker 14 finished.
