[INFO]:[23:42:20] Worker 21 starting.
[INFO]:[23:42:20] Worker 21 received order for step 1.
[INFO]:[23:42:20] Worker 21 running exploration phase for iteration 1.
[INFO]:[23:42:20] Worker 21 at iteration 1 will not use a MIP start file. Current best MIP-start upper bound threshold is 1.79769e+308.
[INFO]:[23:42:20] Starting local search phase...
[INFO]:[23:42:20] Creating local search space from parameter space file: /scratch/yorig/mpils-results-grid-seconds-5-watchdog-mip-start/medium-1/24proc/seed-3/1_b1c1s1_seed-3_20260503_234219/iterated_local_search/search_space/search_space_file_1_worker_21.txt
[INFO]:[23:42:20] Local search space loaded from file: /scratch/yorig/mpils-results-grid-seconds-5-watchdog-mip-start/medium-1/24proc/seed-3/1_b1c1s1_seed-3_20260503_234219/iterated_local_search/search_space/search_space_file_1_worker_21.txt
[INFO]:[23:42:20] Number of parameters in local search space: 71
[INFO]:[23:42:20] Number of forbidden tuples in local search space: 0
[INFO]:[23:42:20] Number of conditionals in local search space: 6
[INFO]:[23:42:20] MIP start option not enabled. Local search will proceed without MIP start.
[INFO]:[23:42:20] Evaluating initial configuration for local search phase...
[INFO]:[23:42:20] Starting CPLEX solver on instance: /home/yorig/tuner/mpils-tests/instances/miplib/medium-1/b1c1s1.mps with config: /scratch/yorig/mpils-results-grid-seconds-5-watchdog-mip-start/medium-1/24proc/seed-3/1_b1c1s1_seed-3_20260503_234219/iterated_local_search/run_1_worker_21/ils_config_18290534222169684802.prm
[INFO]:[23:42:20] Starting CPLEX solver on instance: /home/yorig/tuner/mpils-tests/instances/miplib/medium-1/b1c1s1.mps with config: /scratch/yorig/mpils-results-grid-seconds-5-watchdog-mip-start/medium-1/24proc/seed-3/1_b1c1s1_seed-3_20260503_234219/iterated_local_search/run_1_worker_21/ils_config_18290534222169684802.prm
[INFO]:[23:42:25] CPLEX results. Gap: 21.190000, upper bound: 25723.940000, lower bound: 20273.592379
[INFO]:[23:42:25] CPLEX solver finished. Gap: 21.190000
[INFO]:[23:42:25] Initial configuration evaluated with objective value: 21.19
[INFO]:[23:42:25] Starting CPLEX solver on instance: /home/yorig/tuner/mpils-tests/instances/miplib/medium-1/b1c1s1.mps with config: /scratch/yorig/mpils-results-grid-seconds-5-watchdog-mip-start/medium-1/24proc/seed-3/1_b1c1s1_seed-3_20260503_234219/iterated_local_search/run_1_worker_21/ils_config_10435777497061121456.prm
[INFO]:[23:42:25] Starting CPLEX solver on instance: /home/yorig/tuner/mpils-tests/instances/miplib/medium-1/b1c1s1.mps with config: /scratch/yorig/mpils-results-grid-seconds-5-watchdog-mip-start/medium-1/24proc/seed-3/1_b1c1s1_seed-3_20260503_234219/iterated_local_search/run_1_worker_21/ils_config_10435777497061121456.prm
[INFO]:[23:42:30] CPLEX results. Gap: 21.190000, upper bound: 25723.940000, lower bound: 20273.592379
[INFO]:[23:42:30] CPLEX solver finished. Gap: 21.190000
[INFO]:[23:42:30] Starting CPLEX solver on instance: /home/yorig/tuner/mpils-tests/instances/miplib/medium-1/b1c1s1.mps with config: /scratch/yorig/mpils-results-grid-seconds-5-watchdog-mip-start/medium-1/24proc/seed-3/1_b1c1s1_seed-3_20260503_234219/iterated_local_search/run_1_worker_21/ils_config_17493581491138576465.prm
[INFO]:[23:42:30] Starting CPLEX solver on instance: /home/yorig/tuner/mpils-tests/instances/miplib/medium-1/b1c1s1.mps with config: /scratch/yorig/mpils-results-grid-seconds-5-watchdog-mip-start/medium-1/24proc/seed-3/1_b1c1s1_seed-3_20260503_234219/iterated_local_search/run_1_worker_21/ils_config_17493581491138576465.prm
[INFO]:[23:42:35] CPLEX results. Gap: 35.410000, upper bound: 25052.120000, lower bound: 16180.054690
[INFO]:[23:42:35] CPLEX solver finished. Gap: 35.410000
[INFO]:[23:42:35] Starting CPLEX solver on instance: /home/yorig/tuner/mpils-tests/instances/miplib/medium-1/b1c1s1.mps with config: /scratch/yorig/mpils-results-grid-seconds-5-watchdog-mip-start/medium-1/24proc/seed-3/1_b1c1s1_seed-3_20260503_234219/iterated_local_search/run_1_worker_21/ils_config_269747702971200849.prm
[INFO]:[23:42:35] Starting CPLEX solver on instance: /home/yorig/tuner/mpils-tests/instances/miplib/medium-1/b1c1s1.mps with config: /scratch/yorig/mpils-results-grid-seconds-5-watchdog-mip-start/medium-1/24proc/seed-3/1_b1c1s1_seed-3_20260503_234219/iterated_local_search/run_1_worker_21/ils_config_269747702971200849.prm
[INFO]:[23:42:40] CPLEX results. Gap: 21.190000, upper bound: 25723.940000, lower bound: 20273.592379
[INFO]:[23:42:40] CPLEX solver finished. Gap: 21.190000
[INFO]:[23:42:40] Starting CPLEX solver on instance: /home/yorig/tuner/mpils-tests/instances/miplib/medium-1/b1c1s1.mps with config: /scratch/yorig/mpils-results-grid-seconds-5-watchdog-mip-start/medium-1/24proc/seed-3/1_b1c1s1_seed-3_20260503_234219/iterated_local_search/run_1_worker_21/ils_config_18085482802079476862.prm
[INFO]:[23:42:40] Starting CPLEX solver on instance: /home/yorig/tuner/mpils-tests/instances/miplib/medium-1/b1c1s1.mps with config: /scratch/yorig/mpils-results-grid-seconds-5-watchdog-mip-start/medium-1/24proc/seed-3/1_b1c1s1_seed-3_20260503_234219/iterated_local_search/run_1_worker_21/ils_config_18085482802079476862.prm
[INFO]:[23:42:45] CPLEX results. Gap: 41.580000, upper bound: 28380.030000, lower bound: 16578.507861
[INFO]:[23:42:45] CPLEX solver finished. Gap: 41.580000
[INFO]:[23:42:45] Starting CPLEX solver on instance: /home/yorig/tuner/mpils-tests/instances/miplib/medium-1/b1c1s1.mps with config: /scratch/yorig/mpils-results-grid-seconds-5-watchdog-mip-start/medium-1/24proc/seed-3/1_b1c1s1_seed-3_20260503_234219/iterated_local_search/run_1_worker_21/ils_config_15359530522028940116.prm
[INFO]:[23:42:45] Starting CPLEX solver on instance: /home/yorig/tuner/mpils-tests/instances/miplib/medium-1/b1c1s1.mps with config: /scratch/yorig/mpils-results-grid-seconds-5-watchdog-mip-start/medium-1/24proc/seed-3/1_b1c1s1_seed-3_20260503_234219/iterated_local_search/run_1_worker_21/ils_config_15359530522028940116.prm
[INFO]:[23:42:50] CPLEX results. Gap: 23.520000, upper bound: 26229.630000, lower bound: 20060.866204
[INFO]:[23:42:50] CPLEX solver finished. Gap: 23.520000
[INFO]:[23:42:50] Starting CPLEX solver on instance: /home/yorig/tuner/mpils-tests/instances/miplib/medium-1/b1c1s1.mps with config: /scratch/yorig/mpils-results-grid-seconds-5-watchdog-mip-start/medium-1/24proc/seed-3/1_b1c1s1_seed-3_20260503_234219/iterated_local_search/run_1_worker_21/ils_config_15845173392529005353.prm
[INFO]:[23:42:50] Starting CPLEX solver on instance: /home/yorig/tuner/mpils-tests/instances/miplib/medium-1/b1c1s1.mps with config: /scratch/yorig/mpils-results-grid-seconds-5-watchdog-mip-start/medium-1/24proc/seed-3/1_b1c1s1_seed-3_20260503_234219/iterated_local_search/run_1_worker_21/ils_config_15845173392529005353.prm
[INFO]:[23:42:55] CPLEX results. Gap: 23.570000, upper bound: 26507.220000, lower bound: 20259.738991
[INFO]:[23:42:55] CPLEX solver finished. Gap: 23.570000
[INFO]:[23:42:55] Starting CPLEX solver on instance: /home/yorig/tuner/mpils-tests/instances/miplib/medium-1/b1c1s1.mps with config: /scratch/yorig/mpils-results-grid-seconds-5-watchdog-mip-start/medium-1/24proc/seed-3/1_b1c1s1_seed-3_20260503_234219/iterated_local_search/run_1_worker_21/ils_config_1163607207152078429.prm
[INFO]:[23:42:55] Starting CPLEX solver on instance: /home/yorig/tuner/mpils-tests/instances/miplib/medium-1/b1c1s1.mps with config: /scratch/yorig/mpils-results-grid-seconds-5-watchdog-mip-start/medium-1/24proc/seed-3/1_b1c1s1_seed-3_20260503_234219/iterated_local_search/run_1_worker_21/ils_config_1163607207152078429.prm
[INFO]:[23:43:00] CPLEX results. Gap: 21.190000, upper bound: 25723.940000, lower bound: 20273.592379
[INFO]:[23:43:00] CPLEX solver finished. Gap: 21.190000
[INFO]:[23:43:00] Starting CPLEX solver on instance: /home/yorig/tuner/mpils-tests/instances/miplib/medium-1/b1c1s1.mps with config: /scratch/yorig/mpils-results-grid-seconds-5-watchdog-mip-start/medium-1/24proc/seed-3/1_b1c1s1_seed-3_20260503_234219/iterated_local_search/run_1_worker_21/ils_config_8446411230678060118.prm
[INFO]:[23:43:00] Starting CPLEX solver on instance: /home/yorig/tuner/mpils-tests/instances/miplib/medium-1/b1c1s1.mps with config: /scratch/yorig/mpils-results-grid-seconds-5-watchdog-mip-start/medium-1/24proc/seed-3/1_b1c1s1_seed-3_20260503_234219/iterated_local_search/run_1_worker_21/ils_config_8446411230678060118.prm
[INFO]:[23:43:05] CPLEX results. Gap: 23.600000, upper bound: 26536.720000, lower bound: 20273.874070
[INFO]:[23:43:05] CPLEX solver finished. Gap: 23.600000
[INFO]:[23:43:05] Starting CPLEX solver on instance: /home/yorig/tuner/mpils-tests/instances/miplib/medium-1/b1c1s1.mps with config: /scratch/yorig/mpils-results-grid-seconds-5-watchdog-mip-start/medium-1/24proc/seed-3/1_b1c1s1_seed-3_20260503_234219/iterated_local_search/run_1_worker_21/ils_config_866860844984452766.prm
[INFO]:[23:43:05] Starting CPLEX solver on instance: /home/yorig/tuner/mpils-tests/instances/miplib/medium-1/b1c1s1.mps with config: /scratch/yorig/mpils-results-grid-seconds-5-watchdog-mip-start/medium-1/24proc/seed-3/1_b1c1s1_seed-3_20260503_234219/iterated_local_search/run_1_worker_21/ils_config_866860844984452766.prm
[INFO]:[23:43:10] CPLEX results. Gap: 21.190000, upper bound: 25723.940000, lower bound: 20273.592379
[INFO]:[23:43:10] CPLEX solver finished. Gap: 21.190000
[INFO]:[23:43:10] Starting CPLEX solver on instance: /home/yorig/tuner/mpils-tests/instances/miplib/medium-1/b1c1s1.mps with config: /scratch/yorig/mpils-results-grid-seconds-5-watchdog-mip-start/medium-1/24proc/seed-3/1_b1c1s1_seed-3_20260503_234219/iterated_local_search/run_1_worker_21/ils_config_2991287823529561284.prm
[INFO]:[23:43:10] Starting CPLEX solver on instance: /home/yorig/tuner/mpils-tests/instances/miplib/medium-1/b1c1s1.mps with config: /scratch/yorig/mpils-results-grid-seconds-5-watchdog-mip-start/medium-1/24proc/seed-3/1_b1c1s1_seed-3_20260503_234219/iterated_local_search/run_1_worker_21/ils_config_2991287823529561284.prm
[INFO]:[23:43:16] CPLEX results. Gap: 20.490000, upper bound: 25342.830000, lower bound: 20149.533898
[INFO]:[23:43:16] CPLEX solver finished. Gap: 20.490000
[INFO]:[23:43:16] New incumbent found with objective value: 20.49
[INFO]:[23:43:16] Starting CPLEX solver on instance: /home/yorig/tuner/mpils-tests/instances/miplib/medium-1/b1c1s1.mps with config: /scratch/yorig/mpils-results-grid-seconds-5-watchdog-mip-start/medium-1/24proc/seed-3/1_b1c1s1_seed-3_20260503_234219/iterated_local_search/run_1_worker_21/ils_config_15640300747219333425.prm
[INFO]:[23:43:16] Starting CPLEX solver on instance: /home/yorig/tuner/mpils-tests/instances/miplib/medium-1/b1c1s1.mps with config: /scratch/yorig/mpils-results-grid-seconds-5-watchdog-mip-start/medium-1/24proc/seed-3/1_b1c1s1_seed-3_20260503_234219/iterated_local_search/run_1_worker_21/ils_config_15640300747219333425.prm
[INFO]:[23:43:21] CPLEX results. Gap: 25.960000, upper bound: 27315.100000, lower bound: 20224.613811
[INFO]:[23:43:21] CPLEX solver finished. Gap: 25.960000
[INFO]:[23:43:21] Starting CPLEX solver on instance: /home/yorig/tuner/mpils-tests/instances/miplib/medium-1/b1c1s1.mps with config: /scratch/yorig/mpils-results-grid-seconds-5-watchdog-mip-start/medium-1/24proc/seed-3/1_b1c1s1_seed-3_20260503_234219/iterated_local_search/run_1_worker_21/ils_config_14884197196365759745.prm
[INFO]:[23:43:21] Starting CPLEX solver on instance: /home/yorig/tuner/mpils-tests/instances/miplib/medium-1/b1c1s1.mps with config: /scratch/yorig/mpils-results-grid-seconds-5-watchdog-mip-start/medium-1/24proc/seed-3/1_b1c1s1_seed-3_20260503_234219/iterated_local_search/run_1_worker_21/ils_config_14884197196365759745.prm
[INFO]:[23:43:26] CPLEX results. Gap: 21.980000, upper bound: 25534.910000, lower bound: 19923.541341
[INFO]:[23:43:26] CPLEX solver finished. Gap: 21.980000
[INFO]:[23:43:26] Starting CPLEX solver on instance: /home/yorig/tuner/mpils-tests/instances/miplib/medium-1/b1c1s1.mps with config: /scratch/yorig/mpils-results-grid-seconds-5-watchdog-mip-start/medium-1/24proc/seed-3/1_b1c1s1_seed-3_20260503_234219/iterated_local_search/run_1_worker_21/ils_config_12029182135840658783.prm
[INFO]:[23:43:26] Starting CPLEX solver on instance: /home/yorig/tuner/mpils-tests/instances/miplib/medium-1/b1c1s1.mps with config: /scratch/yorig/mpils-results-grid-seconds-5-watchdog-mip-start/medium-1/24proc/seed-3/1_b1c1s1_seed-3_20260503_234219/iterated_local_search/run_1_worker_21/ils_config_12029182135840658783.prm
[INFO]:[23:43:31] CPLEX results. Gap: 21.040000, upper bound: 25727.910000, lower bound: 20314.676868
[INFO]:[23:43:31] CPLEX solver finished. Gap: 21.040000
[INFO]:[23:43:31] Starting CPLEX solver on instance: /home/yorig/tuner/mpils-tests/instances/miplib/medium-1/b1c1s1.mps with config: /scratch/yorig/mpils-results-grid-seconds-5-watchdog-mip-start/medium-1/24proc/seed-3/1_b1c1s1_seed-3_20260503_234219/iterated_local_search/run_1_worker_21/ils_config_12417842664542008286.prm
[INFO]:[23:43:31] Starting CPLEX solver on instance: /home/yorig/tuner/mpils-tests/instances/miplib/medium-1/b1c1s1.mps with config: /scratch/yorig/mpils-results-grid-seconds-5-watchdog-mip-start/medium-1/24proc/seed-3/1_b1c1s1_seed-3_20260503_234219/iterated_local_search/run_1_worker_21/ils_config_12417842664542008286.prm
[INFO]:[23:43:36] CPLEX results. Gap: 20.490000, upper bound: 25342.830000, lower bound: 20149.533898
[INFO]:[23:43:36] CPLEX solver finished. Gap: 20.490000
[INFO]:[23:43:36] Starting CPLEX solver on instance: /home/yorig/tuner/mpils-tests/instances/miplib/medium-1/b1c1s1.mps with config: /scratch/yorig/mpils-results-grid-seconds-5-watchdog-mip-start/medium-1/24proc/seed-3/1_b1c1s1_seed-3_20260503_234219/iterated_local_search/run_1_worker_21/ils_config_16716743191835707535.prm
[INFO]:[23:43:36] Starting CPLEX solver on instance: /home/yorig/tuner/mpils-tests/instances/miplib/medium-1/b1c1s1.mps with config: /scratch/yorig/mpils-results-grid-seconds-5-watchdog-mip-start/medium-1/24proc/seed-3/1_b1c1s1_seed-3_20260503_234219/iterated_local_search/run_1_worker_21/ils_config_16716743191835707535.prm
[INFO]:[23:43:41] CPLEX results. Gap: 20.490000, upper bound: 25342.830000, lower bound: 20149.533898
[INFO]:[23:43:41] CPLEX solver finished. Gap: 20.490000
[INFO]:[23:43:41] Starting CPLEX solver on instance: /home/yorig/tuner/mpils-tests/instances/miplib/medium-1/b1c1s1.mps with config: /scratch/yorig/mpils-results-grid-seconds-5-watchdog-mip-start/medium-1/24proc/seed-3/1_b1c1s1_seed-3_20260503_234219/iterated_local_search/run_1_worker_21/ils_config_18061155981424468535.prm
[INFO]:[23:43:41] Starting CPLEX solver on instance: /home/yorig/tuner/mpils-tests/instances/miplib/medium-1/b1c1s1.mps with config: /scratch/yorig/mpils-results-grid-seconds-5-watchdog-mip-start/medium-1/24proc/seed-3/1_b1c1s1_seed-3_20260503_234219/iterated_local_search/run_1_worker_21/ils_config_18061155981424468535.prm
[INFO]:[23:43:46] CPLEX results. Gap: 23.090000, upper bound: 26425.580000, lower bound: 20324.291174
[INFO]:[23:43:46] CPLEX solver finished. Gap: 23.090000
[INFO]:[23:43:46] Starting CPLEX solver on instance: /home/yorig/tuner/mpils-tests/instances/miplib/medium-1/b1c1s1.mps with config: /scratch/yorig/mpils-results-grid-seconds-5-watchdog-mip-start/medium-1/24proc/seed-3/1_b1c1s1_seed-3_20260503_234219/iterated_local_search/run_1_worker_21/ils_config_5378947102344075977.prm
[INFO]:[23:43:46] Starting CPLEX solver on instance: /home/yorig/tuner/mpils-tests/instances/miplib/medium-1/b1c1s1.mps with config: /scratch/yorig/mpils-results-grid-seconds-5-watchdog-mip-start/medium-1/24proc/seed-3/1_b1c1s1_seed-3_20260503_234219/iterated_local_search/run_1_worker_21/ils_config_5378947102344075977.prm
[INFO]:[23:43:51] CPLEX results. Gap: 20.490000, upper bound: 25342.830000, lower bound: 20149.533898
[INFO]:[23:43:51] CPLEX solver finished. Gap: 20.490000
[INFO]:[23:43:51] Starting CPLEX solver on instance: /home/yorig/tuner/mpils-tests/instances/miplib/medium-1/b1c1s1.mps with config: /scratch/yorig/mpils-results-grid-seconds-5-watchdog-mip-start/medium-1/24proc/seed-3/1_b1c1s1_seed-3_20260503_234219/iterated_local_search/run_1_worker_21/ils_config_6273905642792821120.prm
[INFO]:[23:43:51] Starting CPLEX solver on instance: /home/yorig/tuner/mpils-tests/instances/miplib/medium-1/b1c1s1.mps with config: /scratch/yorig/mpils-results-grid-seconds-5-watchdog-mip-start/medium-1/24proc/seed-3/1_b1c1s1_seed-3_20260503_234219/iterated_local_search/run_1_worker_21/ils_config_6273905642792821120.prm
[INFO]:[23:43:56] CPLEX results. Gap: 34.980000, upper bound: 25461.830000, lower bound: 16555.254546
[INFO]:[23:43:56] CPLEX solver finished. Gap: 34.980000
[INFO]:[23:43:56] Starting CPLEX solver on instance: /home/yorig/tuner/mpils-tests/instances/miplib/medium-1/b1c1s1.mps with config: /scratch/yorig/mpils-results-grid-seconds-5-watchdog-mip-start/medium-1/24proc/seed-3/1_b1c1s1_seed-3_20260503_234219/iterated_local_search/run_1_worker_21/ils_config_13549802829369043062.prm
[INFO]:[23:43:56] Starting CPLEX solver on instance: /home/yorig/tuner/mpils-tests/instances/miplib/medium-1/b1c1s1.mps with config: /scratch/yorig/mpils-results-grid-seconds-5-watchdog-mip-start/medium-1/24proc/seed-3/1_b1c1s1_seed-3_20260503_234219/iterated_local_search/run_1_worker_21/ils_config_13549802829369043062.prm
[INFO]:[23:44:01] CPLEX results. Gap: 20.490000, upper bound: 25342.830000, lower bound: 20149.533898
[INFO]:[23:44:01] CPLEX solver finished. Gap: 20.490000
[INFO]:[23:44:01] Local search phase completed.
[INFO]:[23:44:01] Total number of new local-search evaluations: 20
[INFO]:[23:44:01] Final incumbent objective value: 20.49
[INFO]:[23:44:01] Worker 21 completed exploration phase.
[INFO]:[23:44:01] Worker 21 received order for step 2.
[INFO]:[23:44:01] Worker 21 running expansion phase for iteration 1.
[INFO]:[23:44:01] Worker 21 will use solver log file: /scratch/yorig/mpils-results-grid-seconds-5-watchdog-mip-start/medium-1/24proc/seed-3/1_b1c1s1_seed-3_20260503_234219/solver/cplex.log_iteration_expansion_1_worker_21
[INFO]:[23:44:01] Expansion Worker 21 starting expansion for iteration 1.
[INFO]:[23:44:01] Starting CPLEX solver on instance: /home/yorig/tuner/mpils-tests/instances/miplib/medium-1/b1c1s1.mps with config: /scratch/yorig/mpils-results-grid-seconds-5-watchdog-mip-start/medium-1/24proc/seed-3/1_b1c1s1_seed-3_20260503_234219/expansion/config_param_CPXPARAM_MIP_Strategy_Branch_1_iter_1.prm
[INFO]:[23:44:06] CPLEX results. Gap: 17.980000, upper bound: 24875.480000, lower bound: 20403.787926
[INFO]:[23:44:06] CPLEX solver finished. Gap: 17.980000
[INFO]:[23:44:06] Expansion Worker 21 stopping early after global MPI expansion stop was activated.
[INFO]:[23:44:06] Expansion Worker 21 completed expansion.
[INFO]:[23:44:06] Worker 21 completed expansion phase.
[INFO]:[23:44:06] Worker 21 received order for step 1.
[INFO]:[23:44:06] Worker 21 running exploration phase for iteration 2.
[INFO]:[23:44:06] Worker 21 at iteration 2 will not use a MIP start file. Current best MIP-start upper bound threshold is 1.79769e+308.
[INFO]:[23:44:06] Starting local search phase...
[INFO]:[23:44:06] Creating local search space from parameter space file: /scratch/yorig/mpils-results-grid-seconds-5-watchdog-mip-start/medium-1/24proc/seed-3/1_b1c1s1_seed-3_20260503_234219/iterated_local_search/search_space/search_space_file_2_worker_21.txt
[INFO]:[23:44:06] Local search space loaded from file: /scratch/yorig/mpils-results-grid-seconds-5-watchdog-mip-start/medium-1/24proc/seed-3/1_b1c1s1_seed-3_20260503_234219/iterated_local_search/search_space/search_space_file_2_worker_21.txt
[INFO]:[23:44:06] Number of parameters in local search space: 71
[INFO]:[23:44:06] Number of forbidden tuples in local search space: 28
[INFO]:[23:44:06] Number of conditionals in local search space: 6
[INFO]:[23:44:06] MIP start option not enabled. Local search will proceed without MIP start.
[INFO]:[23:44:06] Evaluating initial configuration for local search phase...
[INFO]:[23:44:06] Starting CPLEX solver on instance: /home/yorig/tuner/mpils-tests/instances/miplib/medium-1/b1c1s1.mps with config: /scratch/yorig/mpils-results-grid-seconds-5-watchdog-mip-start/medium-1/24proc/seed-3/1_b1c1s1_seed-3_20260503_234219/iterated_local_search/run_2_worker_21/ils_config_10764843998816572467.prm
[INFO]:[23:44:06] Starting CPLEX solver on instance: /home/yorig/tuner/mpils-tests/instances/miplib/medium-1/b1c1s1.mps with config: /scratch/yorig/mpils-results-grid-seconds-5-watchdog-mip-start/medium-1/24proc/seed-3/1_b1c1s1_seed-3_20260503_234219/iterated_local_search/run_2_worker_21/ils_config_10764843998816572467.prm
[INFO]:[23:44:11] CPLEX results. Gap: 70.900000, upper bound: 69933.520000, lower bound: 20349.000738
[INFO]:[23:44:11] CPLEX solver finished. Gap: 70.900000
[INFO]:[23:44:11] Initial configuration evaluated with objective value: 70.9
[INFO]:[23:44:11] Starting CPLEX solver on instance: /home/yorig/tuner/mpils-tests/instances/miplib/medium-1/b1c1s1.mps with config: /scratch/yorig/mpils-results-grid-seconds-5-watchdog-mip-start/medium-1/24proc/seed-3/1_b1c1s1_seed-3_20260503_234219/iterated_local_search/run_2_worker_21/ils_config_10550234406232842092.prm
[INFO]:[23:44:11] Starting CPLEX solver on instance: /home/yorig/tuner/mpils-tests/instances/miplib/medium-1/b1c1s1.mps with config: /scratch/yorig/mpils-results-grid-seconds-5-watchdog-mip-start/medium-1/24proc/seed-3/1_b1c1s1_seed-3_20260503_234219/iterated_local_search/run_2_worker_21/ils_config_10550234406232842092.prm
[INFO]:[23:44:16] CPLEX results. Gap: 59.670000, upper bound: 50475.800000, lower bound: 20357.301450
[INFO]:[23:44:16] CPLEX solver finished. Gap: 59.670000
[INFO]:[23:44:16] New incumbent found with objective value: 59.67
[INFO]:[23:44:16] Starting CPLEX solver on instance: /home/yorig/tuner/mpils-tests/instances/miplib/medium-1/b1c1s1.mps with config: /scratch/yorig/mpils-results-grid-seconds-5-watchdog-mip-start/medium-1/24proc/seed-3/1_b1c1s1_seed-3_20260503_234219/iterated_local_search/run_2_worker_21/ils_config_8474881560772967510.prm
[INFO]:[23:44:16] Starting CPLEX solver on instance: /home/yorig/tuner/mpils-tests/instances/miplib/medium-1/b1c1s1.mps with config: /scratch/yorig/mpils-results-grid-seconds-5-watchdog-mip-start/medium-1/24proc/seed-3/1_b1c1s1_seed-3_20260503_234219/iterated_local_search/run_2_worker_21/ils_config_8474881560772967510.prm
[INFO]:[23:44:21] CPLEX results. Gap: 28.370000, upper bound: 28505.870000, lower bound: 20419.316157
[INFO]:[23:44:21] CPLEX solver finished. Gap: 28.370000
[INFO]:[23:44:21] New incumbent found with objective value: 28.37
[INFO]:[23:44:21] Starting CPLEX solver on instance: /home/yorig/tuner/mpils-tests/instances/miplib/medium-1/b1c1s1.mps with config: /scratch/yorig/mpils-results-grid-seconds-5-watchdog-mip-start/medium-1/24proc/seed-3/1_b1c1s1_seed-3_20260503_234219/iterated_local_search/run_2_worker_21/ils_config_8088138082549507209.prm
[INFO]:[23:44:21] Starting CPLEX solver on instance: /home/yorig/tuner/mpils-tests/instances/miplib/medium-1/b1c1s1.mps with config: /scratch/yorig/mpils-results-grid-seconds-5-watchdog-mip-start/medium-1/24proc/seed-3/1_b1c1s1_seed-3_20260503_234219/iterated_local_search/run_2_worker_21/ils_config_8088138082549507209.prm
[INFO]:[23:44:26] CPLEX results. Gap: 39.050000, upper bound: 27862.150000, lower bound: 16982.643285
[INFO]:[23:44:26] CPLEX solver finished. Gap: 39.050000
[INFO]:[23:44:26] Starting CPLEX solver on instance: /home/yorig/tuner/mpils-tests/instances/miplib/medium-1/b1c1s1.mps with config: /scratch/yorig/mpils-results-grid-seconds-5-watchdog-mip-start/medium-1/24proc/seed-3/1_b1c1s1_seed-3_20260503_234219/iterated_local_search/run_2_worker_21/ils_config_18042905226347732991.prm
[INFO]:[23:44:26] Starting CPLEX solver on instance: /home/yorig/tuner/mpils-tests/instances/miplib/medium-1/b1c1s1.mps with config: /scratch/yorig/mpils-results-grid-seconds-5-watchdog-mip-start/medium-1/24proc/seed-3/1_b1c1s1_seed-3_20260503_234219/iterated_local_search/run_2_worker_21/ils_config_18042905226347732991.prm
[INFO]:[23:44:31] CPLEX results. Gap: 28.370000, upper bound: 28505.870000, lower bound: 20419.316157
[INFO]:[23:44:31] CPLEX solver finished. Gap: 28.370000
[INFO]:[23:44:31] Starting CPLEX solver on instance: /home/yorig/tuner/mpils-tests/instances/miplib/medium-1/b1c1s1.mps with config: /scratch/yorig/mpils-results-grid-seconds-5-watchdog-mip-start/medium-1/24proc/seed-3/1_b1c1s1_seed-3_20260503_234219/iterated_local_search/run_2_worker_21/ils_config_10196593326733239892.prm
[INFO]:[23:44:31] Starting CPLEX solver on instance: /home/yorig/tuner/mpils-tests/instances/miplib/medium-1/b1c1s1.mps with config: /scratch/yorig/mpils-results-grid-seconds-5-watchdog-mip-start/medium-1/24proc/seed-3/1_b1c1s1_seed-3_20260503_234219/iterated_local_search/run_2_worker_21/ils_config_10196593326733239892.prm
[INFO]:[23:44:36] CPLEX results. Gap: 28.770000, upper bound: 28849.590000, lower bound: 20548.918820
[INFO]:[23:44:36] CPLEX solver finished. Gap: 28.770000
[INFO]:[23:44:36] Starting CPLEX solver on instance: /home/yorig/tuner/mpils-tests/instances/miplib/medium-1/b1c1s1.mps with config: /scratch/yorig/mpils-results-grid-seconds-5-watchdog-mip-start/medium-1/24proc/seed-3/1_b1c1s1_seed-3_20260503_234219/iterated_local_search/run_2_worker_21/ils_config_15501027722944123046.prm
[INFO]:[23:44:36] Starting CPLEX solver on instance: /home/yorig/tuner/mpils-tests/instances/miplib/medium-1/b1c1s1.mps with config: /scratch/yorig/mpils-results-grid-seconds-5-watchdog-mip-start/medium-1/24proc/seed-3/1_b1c1s1_seed-3_20260503_234219/iterated_local_search/run_2_worker_21/ils_config_15501027722944123046.prm
[INFO]:[23:44:41] CPLEX results. Gap: 23.540000, upper bound: 26847.420000, lower bound: 20527.997431
[INFO]:[23:44:41] CPLEX solver finished. Gap: 23.540000
[INFO]:[23:44:41] New incumbent found with objective value: 23.54
[INFO]:[23:44:41] Starting CPLEX solver on instance: /home/yorig/tuner/mpils-tests/instances/miplib/medium-1/b1c1s1.mps with config: /scratch/yorig/mpils-results-grid-seconds-5-watchdog-mip-start/medium-1/24proc/seed-3/1_b1c1s1_seed-3_20260503_234219/iterated_local_search/run_2_worker_21/ils_config_11815030084600085774.prm
[INFO]:[23:44:41] Starting CPLEX solver on instance: /home/yorig/tuner/mpils-tests/instances/miplib/medium-1/b1c1s1.mps with config: /scratch/yorig/mpils-results-grid-seconds-5-watchdog-mip-start/medium-1/24proc/seed-3/1_b1c1s1_seed-3_20260503_234219/iterated_local_search/run_2_worker_21/ils_config_11815030084600085774.prm
[INFO]:[23:44:46] CPLEX results. Gap: 28.380000, upper bound: 28130.730000, lower bound: 20148.377278
[INFO]:[23:44:46] CPLEX solver finished. Gap: 28.380000
[INFO]:[23:44:46] Starting CPLEX solver on instance: /home/yorig/tuner/mpils-tests/instances/miplib/medium-1/b1c1s1.mps with config: /scratch/yorig/mpils-results-grid-seconds-5-watchdog-mip-start/medium-1/24proc/seed-3/1_b1c1s1_seed-3_20260503_234219/iterated_local_search/run_2_worker_21/ils_config_9508249651109428390.prm
[INFO]:[23:44:46] Starting CPLEX solver on instance: /home/yorig/tuner/mpils-tests/instances/miplib/medium-1/b1c1s1.mps with config: /scratch/yorig/mpils-results-grid-seconds-5-watchdog-mip-start/medium-1/24proc/seed-3/1_b1c1s1_seed-3_20260503_234219/iterated_local_search/run_2_worker_21/ils_config_9508249651109428390.prm
[INFO]:[23:44:52] CPLEX results. Gap: 23.630000, upper bound: 26768.620000, lower bound: 20442.886558
[INFO]:[23:44:52] CPLEX solver finished. Gap: 23.630000
[INFO]:[23:44:52] Local search phase completed.
[INFO]:[23:44:52] Total number of new local-search evaluations: 9
[INFO]:[23:44:52] Final incumbent objective value: 23.54
[INFO]:[23:44:52] Worker 21 completed exploration phase.
[INFO]:[23:44:52] Worker 21 received order for step 2.
[INFO]:[23:44:52] Worker 21 running expansion phase for iteration 2.
[INFO]:[23:44:52] Worker 21 will use solver log file: /scratch/yorig/mpils-results-grid-seconds-5-watchdog-mip-start/medium-1/24proc/seed-3/1_b1c1s1_seed-3_20260503_234219/solver/cplex.log_iteration_expansion_2_worker_21
[INFO]:[23:44:52] Expansion Worker 21 starting expansion for iteration 2.
[INFO]:[23:44:52] Starting CPLEX solver on instance: /home/yorig/tuner/mpils-tests/instances/miplib/medium-1/b1c1s1.mps with config: /scratch/yorig/mpils-results-grid-seconds-5-watchdog-mip-start/medium-1/24proc/seed-3/1_b1c1s1_seed-3_20260503_234219/expansion/config_param_CPXPARAM_Simplex_DGradient_3_iter_2.prm
[INFO]:[23:44:57] CPLEX results. Gap: 23.910000, upper bound: 26813.090000, lower bound: 20403.294044
[INFO]:[23:44:57] CPLEX solver finished. Gap: 23.910000
[INFO]:[23:45:02] Expansion Worker 21 completed expansion.
[INFO]:[23:45:02] Worker 21 completed expansion phase.
[INFO]:[23:45:02] Worker 21 received order for step 1.
[INFO]:[23:45:02] Worker 21 running exploration phase for iteration 3.
[INFO]:[23:45:02] Worker 21 at iteration 3 will not use a MIP start file. Current best MIP-start upper bound threshold is 1.79769e+308.
[INFO]:[23:45:02] Starting local search phase...
[INFO]:[23:45:02] Creating local search space from parameter space file: /scratch/yorig/mpils-results-grid-seconds-5-watchdog-mip-start/medium-1/24proc/seed-3/1_b1c1s1_seed-3_20260503_234219/iterated_local_search/search_space/search_space_file_3_worker_21.txt
[INFO]:[23:45:02] Local search space loaded from file: /scratch/yorig/mpils-results-grid-seconds-5-watchdog-mip-start/medium-1/24proc/seed-3/1_b1c1s1_seed-3_20260503_234219/iterated_local_search/search_space/search_space_file_3_worker_21.txt
[INFO]:[23:45:02] Number of parameters in local search space: 71
[INFO]:[23:45:02] Number of forbidden tuples in local search space: 28
[INFO]:[23:45:02] Number of conditionals in local search space: 6
[INFO]:[23:45:02] MIP start option not enabled. Local search will proceed without MIP start.
[INFO]:[23:45:02] Evaluating initial configuration for local search phase...
[INFO]:[23:45:02] Starting CPLEX solver on instance: /home/yorig/tuner/mpils-tests/instances/miplib/medium-1/b1c1s1.mps with config: /scratch/yorig/mpils-results-grid-seconds-5-watchdog-mip-start/medium-1/24proc/seed-3/1_b1c1s1_seed-3_20260503_234219/iterated_local_search/run_3_worker_21/ils_config_14551288099721993135.prm
[INFO]:[23:45:02] Starting CPLEX solver on instance: /home/yorig/tuner/mpils-tests/instances/miplib/medium-1/b1c1s1.mps with config: /scratch/yorig/mpils-results-grid-seconds-5-watchdog-mip-start/medium-1/24proc/seed-3/1_b1c1s1_seed-3_20260503_234219/iterated_local_search/run_3_worker_21/ils_config_14551288099721993135.prm
[INFO]:[23:45:07] CPLEX results. Gap: 64.670000, upper bound: 53925.780000, lower bound: 19051.437506
[INFO]:[23:45:07] CPLEX solver finished. Gap: 64.670000
[INFO]:[23:45:07] Initial configuration evaluated with objective value: 64.67
[INFO]:[23:45:07] Starting CPLEX solver on instance: /home/yorig/tuner/mpils-tests/instances/miplib/medium-1/b1c1s1.mps with config: /scratch/yorig/mpils-results-grid-seconds-5-watchdog-mip-start/medium-1/24proc/seed-3/1_b1c1s1_seed-3_20260503_234219/iterated_local_search/run_3_worker_21/ils_config_17081937819627138287.prm
[INFO]:[23:45:07] Starting CPLEX solver on instance: /home/yorig/tuner/mpils-tests/instances/miplib/medium-1/b1c1s1.mps with config: /scratch/yorig/mpils-results-grid-seconds-5-watchdog-mip-start/medium-1/24proc/seed-3/1_b1c1s1_seed-3_20260503_234219/iterated_local_search/run_3_worker_21/ils_config_17081937819627138287.prm
[INFO]:[23:45:12] CPLEX results. Gap: 64.850000, upper bound: 53925.780000, lower bound: 18955.394099
[INFO]:[23:45:12] CPLEX solver finished. Gap: 64.850000
[INFO]:[23:45:12] Starting CPLEX solver on instance: /home/yorig/tuner/mpils-tests/instances/miplib/medium-1/b1c1s1.mps with config: /scratch/yorig/mpils-results-grid-seconds-5-watchdog-mip-start/medium-1/24proc/seed-3/1_b1c1s1_seed-3_20260503_234219/iterated_local_search/run_3_worker_21/ils_config_1431896723889411916.prm
[INFO]:[23:45:12] Starting CPLEX solver on instance: /home/yorig/tuner/mpils-tests/instances/miplib/medium-1/b1c1s1.mps with config: /scratch/yorig/mpils-results-grid-seconds-5-watchdog-mip-start/medium-1/24proc/seed-3/1_b1c1s1_seed-3_20260503_234219/iterated_local_search/run_3_worker_21/ils_config_1431896723889411916.prm
[INFO]:[23:45:17] CPLEX results. Gap: 64.670000, upper bound: 53925.780000, lower bound: 19051.437506
[INFO]:[23:45:17] CPLEX solver finished. Gap: 64.670000
[INFO]:[23:45:17] Starting CPLEX solver on instance: /home/yorig/tuner/mpils-tests/instances/miplib/medium-1/b1c1s1.mps with config: /scratch/yorig/mpils-results-grid-seconds-5-watchdog-mip-start/medium-1/24proc/seed-3/1_b1c1s1_seed-3_20260503_234219/iterated_local_search/run_3_worker_21/ils_config_6104932969101102478.prm
[INFO]:[23:45:17] Starting CPLEX solver on instance: /home/yorig/tuner/mpils-tests/instances/miplib/medium-1/b1c1s1.mps with config: /scratch/yorig/mpils-results-grid-seconds-5-watchdog-mip-start/medium-1/24proc/seed-3/1_b1c1s1_seed-3_20260503_234219/iterated_local_search/run_3_worker_21/ils_config_6104932969101102478.prm
[INFO]:[23:45:22] CPLEX results. Gap: 33.170000, upper bound: 28603.710000, lower bound: 19116.856602
[INFO]:[23:45:22] CPLEX solver finished. Gap: 33.170000
[INFO]:[23:45:22] New incumbent found with objective value: 33.17
[INFO]:[23:45:22] Starting CPLEX solver on instance: /home/yorig/tuner/mpils-tests/instances/miplib/medium-1/b1c1s1.mps with config: /scratch/yorig/mpils-results-grid-seconds-5-watchdog-mip-start/medium-1/24proc/seed-3/1_b1c1s1_seed-3_20260503_234219/iterated_local_search/run_3_worker_21/ils_config_8325102682942918436.prm
[INFO]:[23:45:22] Starting CPLEX solver on instance: /home/yorig/tuner/mpils-tests/instances/miplib/medium-1/b1c1s1.mps with config: /scratch/yorig/mpils-results-grid-seconds-5-watchdog-mip-start/medium-1/24proc/seed-3/1_b1c1s1_seed-3_20260503_234219/iterated_local_search/run_3_worker_21/ils_config_8325102682942918436.prm
[INFO]:[23:45:27] CPLEX results. Gap: 38.390000, upper bound: 28603.710000, lower bound: 17622.692017
[INFO]:[23:45:27] CPLEX solver finished. Gap: 38.390000
[INFO]:[23:45:27] Local search phase completed.
[INFO]:[23:45:27] Total number of new local-search evaluations: 5
[INFO]:[23:45:27] Final incumbent objective value: 33.17
[INFO]:[23:45:27] Worker 21 completed exploration phase.
[INFO]:[23:45:27] Worker 21 received order for step 2.
[INFO]:[23:45:27] Worker 21 running expansion phase for iteration 3.
[INFO]:[23:45:27] Worker 21 will use solver log file: /scratch/yorig/mpils-results-grid-seconds-5-watchdog-mip-start/medium-1/24proc/seed-3/1_b1c1s1_seed-3_20260503_234219/solver/cplex.log_iteration_expansion_3_worker_21
[INFO]:[23:45:27] Expansion Worker 21 starting expansion for iteration 3.
[INFO]:[23:45:27] Starting CPLEX solver on instance: /home/yorig/tuner/mpils-tests/instances/miplib/medium-1/b1c1s1.mps with config: /scratch/yorig/mpils-results-grid-seconds-5-watchdog-mip-start/medium-1/24proc/seed-3/1_b1c1s1_seed-3_20260503_234219/expansion/config_param_CPXPARAM_Preprocessing_CoeffReduce_3_iter_3.prm
[INFO]:[23:45:32] CPLEX results. Gap: 17.740000, upper bound: 25000.610000, lower bound: 20565.776362
[INFO]:[23:45:32] CPLEX solver finished. Gap: 17.740000
[INFO]:[23:45:37] Expansion Worker 21 completed expansion.
[INFO]:[23:45:37] Worker 21 completed expansion phase.
[INFO]:[23:45:38] Worker 21 received order for step 1.
[INFO]:[23:45:38] Worker 21 running exploration phase for iteration 4.
[INFO]:[23:45:38] Worker 21 at iteration 4 will not use a MIP start file. Current best MIP-start upper bound threshold is 1.79769e+308.
[INFO]:[23:45:38] Starting local search phase...
[INFO]:[23:45:38] Creating local search space from parameter space file: /scratch/yorig/mpils-results-grid-seconds-5-watchdog-mip-start/medium-1/24proc/seed-3/1_b1c1s1_seed-3_20260503_234219/iterated_local_search/search_space/search_space_file_4_worker_21.txt
[INFO]:[23:45:38] Local search space loaded from file: /scratch/yorig/mpils-results-grid-seconds-5-watchdog-mip-start/medium-1/24proc/seed-3/1_b1c1s1_seed-3_20260503_234219/iterated_local_search/search_space/search_space_file_4_worker_21.txt
[INFO]:[23:45:38] Number of parameters in local search space: 71
[INFO]:[23:45:38] Number of forbidden tuples in local search space: 28
[INFO]:[23:45:38] Number of conditionals in local search space: 6
[INFO]:[23:45:38] MIP start option not enabled. Local search will proceed without MIP start.
[INFO]:[23:45:38] Evaluating initial configuration for local search phase...
[INFO]:[23:45:38] Starting CPLEX solver on instance: /home/yorig/tuner/mpils-tests/instances/miplib/medium-1/b1c1s1.mps with config: /scratch/yorig/mpils-results-grid-seconds-5-watchdog-mip-start/medium-1/24proc/seed-3/1_b1c1s1_seed-3_20260503_234219/iterated_local_search/run_4_worker_21/ils_config_9566474953484091533.prm
[INFO]:[23:45:38] Starting CPLEX solver on instance: /home/yorig/tuner/mpils-tests/instances/miplib/medium-1/b1c1s1.mps with config: /scratch/yorig/mpils-results-grid-seconds-5-watchdog-mip-start/medium-1/24proc/seed-3/1_b1c1s1_seed-3_20260503_234219/iterated_local_search/run_4_worker_21/ils_config_9566474953484091533.prm
[INFO]:[23:45:43] CPLEX results. Gap: 48.520000, upper bound: 26968.690000, lower bound: 13884.495998
[INFO]:[23:45:43] CPLEX solver finished. Gap: 48.520000
[INFO]:[23:45:43] Initial configuration evaluated with objective value: 48.52
[INFO]:[23:45:43] Starting CPLEX solver on instance: /home/yorig/tuner/mpils-tests/instances/miplib/medium-1/b1c1s1.mps with config: /scratch/yorig/mpils-results-grid-seconds-5-watchdog-mip-start/medium-1/24proc/seed-3/1_b1c1s1_seed-3_20260503_234219/iterated_local_search/run_4_worker_21/ils_config_3533005893711956501.prm
[INFO]:[23:45:43] Starting CPLEX solver on instance: /home/yorig/tuner/mpils-tests/instances/miplib/medium-1/b1c1s1.mps with config: /scratch/yorig/mpils-results-grid-seconds-5-watchdog-mip-start/medium-1/24proc/seed-3/1_b1c1s1_seed-3_20260503_234219/iterated_local_search/run_4_worker_21/ils_config_3533005893711956501.prm
[INFO]:[23:45:48] CPLEX results. Gap: 48.600000, upper bound: 26968.690000, lower bound: 13863.122333
[INFO]:[23:45:48] CPLEX solver finished. Gap: 48.600000
[INFO]:[23:45:48] Starting CPLEX solver on instance: /home/yorig/tuner/mpils-tests/instances/miplib/medium-1/b1c1s1.mps with config: /scratch/yorig/mpils-results-grid-seconds-5-watchdog-mip-start/medium-1/24proc/seed-3/1_b1c1s1_seed-3_20260503_234219/iterated_local_search/run_4_worker_21/ils_config_1660616619811463853.prm
[INFO]:[23:45:48] Starting CPLEX solver on instance: /home/yorig/tuner/mpils-tests/instances/miplib/medium-1/b1c1s1.mps with config: /scratch/yorig/mpils-results-grid-seconds-5-watchdog-mip-start/medium-1/24proc/seed-3/1_b1c1s1_seed-3_20260503_234219/iterated_local_search/run_4_worker_21/ils_config_1660616619811463853.prm
[INFO]:[23:45:53] CPLEX results. Gap: 45.890000, upper bound: 26968.690000, lower bound: 14591.675291
[INFO]:[23:45:53] CPLEX solver finished. Gap: 45.890000
[INFO]:[23:45:53] New incumbent found with objective value: 45.89
[INFO]:[23:45:53] Starting CPLEX solver on instance: /home/yorig/tuner/mpils-tests/instances/miplib/medium-1/b1c1s1.mps with config: /scratch/yorig/mpils-results-grid-seconds-5-watchdog-mip-start/medium-1/24proc/seed-3/1_b1c1s1_seed-3_20260503_234219/iterated_local_search/run_4_worker_21/ils_config_13854286646609579612.prm
[INFO]:[23:45:53] Starting CPLEX solver on instance: /home/yorig/tuner/mpils-tests/instances/miplib/medium-1/b1c1s1.mps with config: /scratch/yorig/mpils-results-grid-seconds-5-watchdog-mip-start/medium-1/24proc/seed-3/1_b1c1s1_seed-3_20260503_234219/iterated_local_search/run_4_worker_21/ils_config_13854286646609579612.prm
[INFO]:[23:45:58] CPLEX results. Gap: 46.340000, upper bound: 28610.690000, lower bound: 15351.935745
[INFO]:[23:45:58] CPLEX solver finished. Gap: 46.340000
[INFO]:[23:45:58] Starting CPLEX solver on instance: /home/yorig/tuner/mpils-tests/instances/miplib/medium-1/b1c1s1.mps with config: /scratch/yorig/mpils-results-grid-seconds-5-watchdog-mip-start/medium-1/24proc/seed-3/1_b1c1s1_seed-3_20260503_234219/iterated_local_search/run_4_worker_21/ils_config_6890113118988101696.prm
[INFO]:[23:45:58] Starting CPLEX solver on instance: /home/yorig/tuner/mpils-tests/instances/miplib/medium-1/b1c1s1.mps with config: /scratch/yorig/mpils-results-grid-seconds-5-watchdog-mip-start/medium-1/24proc/seed-3/1_b1c1s1_seed-3_20260503_234219/iterated_local_search/run_4_worker_21/ils_config_6890113118988101696.prm
[INFO]:[23:46:03] CPLEX results. Gap: 48.450000, upper bound: 26968.690000, lower bound: 13902.921054
[INFO]:[23:46:03] CPLEX solver finished. Gap: 48.450000
[INFO]:[23:46:03] Starting CPLEX solver on instance: /home/yorig/tuner/mpils-tests/instances/miplib/medium-1/b1c1s1.mps with config: /scratch/yorig/mpils-results-grid-seconds-5-watchdog-mip-start/medium-1/24proc/seed-3/1_b1c1s1_seed-3_20260503_234219/iterated_local_search/run_4_worker_21/ils_config_13559656985008871325.prm
[INFO]:[23:46:03] Starting CPLEX solver on instance: /home/yorig/tuner/mpils-tests/instances/miplib/medium-1/b1c1s1.mps with config: /scratch/yorig/mpils-results-grid-seconds-5-watchdog-mip-start/medium-1/24proc/seed-3/1_b1c1s1_seed-3_20260503_234219/iterated_local_search/run_4_worker_21/ils_config_13559656985008871325.prm
[INFO]:[23:46:08] CPLEX results. Gap: 43.390000, upper bound: 27133.660000, lower bound: 15359.223699
[INFO]:[23:46:08] CPLEX solver finished. Gap: 43.390000
[INFO]:[23:46:08] New incumbent found with objective value: 43.39
[INFO]:[23:46:08] Starting CPLEX solver on instance: /home/yorig/tuner/mpils-tests/instances/miplib/medium-1/b1c1s1.mps with config: /scratch/yorig/mpils-results-grid-seconds-5-watchdog-mip-start/medium-1/24proc/seed-3/1_b1c1s1_seed-3_20260503_234219/iterated_local_search/run_4_worker_21/ils_config_12346440707955663938.prm
[INFO]:[23:46:08] Starting CPLEX solver on instance: /home/yorig/tuner/mpils-tests/instances/miplib/medium-1/b1c1s1.mps with config: /scratch/yorig/mpils-results-grid-seconds-5-watchdog-mip-start/medium-1/24proc/seed-3/1_b1c1s1_seed-3_20260503_234219/iterated_local_search/run_4_worker_21/ils_config_12346440707955663938.prm
[INFO]:[23:46:13] CPLEX results. Gap: 50.280000, upper bound: 29796.980000, lower bound: 14815.193108
[INFO]:[23:46:13] CPLEX solver finished. Gap: 50.280000
[INFO]:[23:46:13] Starting CPLEX solver on instance: /home/yorig/tuner/mpils-tests/instances/miplib/medium-1/b1c1s1.mps with config: /scratch/yorig/mpils-results-grid-seconds-5-watchdog-mip-start/medium-1/24proc/seed-3/1_b1c1s1_seed-3_20260503_234219/iterated_local_search/run_4_worker_21/ils_config_1682901900464217083.prm
[INFO]:[23:46:13] Starting CPLEX solver on instance: /home/yorig/tuner/mpils-tests/instances/miplib/medium-1/b1c1s1.mps with config: /scratch/yorig/mpils-results-grid-seconds-5-watchdog-mip-start/medium-1/24proc/seed-3/1_b1c1s1_seed-3_20260503_234219/iterated_local_search/run_4_worker_21/ils_config_1682901900464217083.prm
[INFO]:[23:46:18] CPLEX results. Gap: 46.350000, upper bound: 28631.960000, lower bound: 15360.552896
[INFO]:[23:46:18] CPLEX solver finished. Gap: 46.350000
[INFO]:[23:46:18] Starting CPLEX solver on instance: /home/yorig/tuner/mpils-tests/instances/miplib/medium-1/b1c1s1.mps with config: /scratch/yorig/mpils-results-grid-seconds-5-watchdog-mip-start/medium-1/24proc/seed-3/1_b1c1s1_seed-3_20260503_234219/iterated_local_search/run_4_worker_21/ils_config_17428551409582746254.prm
[INFO]:[23:46:18] Starting CPLEX solver on instance: /home/yorig/tuner/mpils-tests/instances/miplib/medium-1/b1c1s1.mps with config: /scratch/yorig/mpils-results-grid-seconds-5-watchdog-mip-start/medium-1/24proc/seed-3/1_b1c1s1_seed-3_20260503_234219/iterated_local_search/run_4_worker_21/ils_config_17428551409582746254.prm
[INFO]:[23:46:23] CPLEX results. Gap: 43.390000, upper bound: 27133.660000, lower bound: 15359.223699
[INFO]:[23:46:23] CPLEX solver finished. Gap: 43.390000
[INFO]:[23:46:23] Starting CPLEX solver on instance: /home/yorig/tuner/mpils-tests/instances/miplib/medium-1/b1c1s1.mps with config: /scratch/yorig/mpils-results-grid-seconds-5-watchdog-mip-start/medium-1/24proc/seed-3/1_b1c1s1_seed-3_20260503_234219/iterated_local_search/run_4_worker_21/ils_config_459898083368364249.prm
[INFO]:[23:46:23] Starting CPLEX solver on instance: /home/yorig/tuner/mpils-tests/instances/miplib/medium-1/b1c1s1.mps with config: /scratch/yorig/mpils-results-grid-seconds-5-watchdog-mip-start/medium-1/24proc/seed-3/1_b1c1s1_seed-3_20260503_234219/iterated_local_search/run_4_worker_21/ils_config_459898083368364249.prm
[INFO]:[23:46:28] CPLEX results. Gap: 47.540000, upper bound: 29261.470000, lower bound: 15350.184614
[INFO]:[23:46:28] CPLEX solver finished. Gap: 47.540000
[INFO]:[23:46:28] Starting CPLEX solver on instance: /home/yorig/tuner/mpils-tests/instances/miplib/medium-1/b1c1s1.mps with config: /scratch/yorig/mpils-results-grid-seconds-5-watchdog-mip-start/medium-1/24proc/seed-3/1_b1c1s1_seed-3_20260503_234219/iterated_local_search/run_4_worker_21/ils_config_582390170001609474.prm
[INFO]:[23:46:28] Starting CPLEX solver on instance: /home/yorig/tuner/mpils-tests/instances/miplib/medium-1/b1c1s1.mps with config: /scratch/yorig/mpils-results-grid-seconds-5-watchdog-mip-start/medium-1/24proc/seed-3/1_b1c1s1_seed-3_20260503_234219/iterated_local_search/run_4_worker_21/ils_config_582390170001609474.prm
[INFO]:[23:46:33] CPLEX results. Gap: 25.590000, upper bound: 27660.040000, lower bound: 20582.759242
[INFO]:[23:46:33] CPLEX solver finished. Gap: 25.590000
[INFO]:[23:46:33] New incumbent found with objective value: 25.59
[INFO]:[23:46:33] Starting CPLEX solver on instance: /home/yorig/tuner/mpils-tests/instances/miplib/medium-1/b1c1s1.mps with config: /scratch/yorig/mpils-results-grid-seconds-5-watchdog-mip-start/medium-1/24proc/seed-3/1_b1c1s1_seed-3_20260503_234219/iterated_local_search/run_4_worker_21/ils_config_15843739803325488123.prm
[INFO]:[23:46:33] Starting CPLEX solver on instance: /home/yorig/tuner/mpils-tests/instances/miplib/medium-1/b1c1s1.mps with config: /scratch/yorig/mpils-results-grid-seconds-5-watchdog-mip-start/medium-1/24proc/seed-3/1_b1c1s1_seed-3_20260503_234219/iterated_local_search/run_4_worker_21/ils_config_15843739803325488123.prm
[INFO]:[23:46:38] CPLEX results. Gap: 21.080000, upper bound: 25851.700000, lower bound: 20402.868105
[INFO]:[23:46:38] CPLEX solver finished. Gap: 21.080000
[INFO]:[23:46:38] New incumbent found with objective value: 21.08
[INFO]:[23:46:38] Starting CPLEX solver on instance: /home/yorig/tuner/mpils-tests/instances/miplib/medium-1/b1c1s1.mps with config: /scratch/yorig/mpils-results-grid-seconds-5-watchdog-mip-start/medium-1/24proc/seed-3/1_b1c1s1_seed-3_20260503_234219/iterated_local_search/run_4_worker_21/ils_config_1072574836704551576.prm
[INFO]:[23:46:38] Starting CPLEX solver on instance: /home/yorig/tuner/mpils-tests/instances/miplib/medium-1/b1c1s1.mps with config: /scratch/yorig/mpils-results-grid-seconds-5-watchdog-mip-start/medium-1/24proc/seed-3/1_b1c1s1_seed-3_20260503_234219/iterated_local_search/run_4_worker_21/ils_config_1072574836704551576.prm
[INFO]:[23:46:43] CPLEX results. Gap: 22.810000, upper bound: 26205.270000, lower bound: 20226.858441
[INFO]:[23:46:43] CPLEX solver finished. Gap: 22.810000
[INFO]:[23:46:43] Starting CPLEX solver on instance: /home/yorig/tuner/mpils-tests/instances/miplib/medium-1/b1c1s1.mps with config: /scratch/yorig/mpils-results-grid-seconds-5-watchdog-mip-start/medium-1/24proc/seed-3/1_b1c1s1_seed-3_20260503_234219/iterated_local_search/run_4_worker_21/ils_config_9509663223420483239.prm
[INFO]:[23:46:43] Starting CPLEX solver on instance: /home/yorig/tuner/mpils-tests/instances/miplib/medium-1/b1c1s1.mps with config: /scratch/yorig/mpils-results-grid-seconds-5-watchdog-mip-start/medium-1/24proc/seed-3/1_b1c1s1_seed-3_20260503_234219/iterated_local_search/run_4_worker_21/ils_config_9509663223420483239.prm
[INFO]:[23:46:48] CPLEX results. Gap: 22.720000, upper bound: 26546.770000, lower bound: 20515.994977
[INFO]:[23:46:48] CPLEX solver finished. Gap: 22.720000
[INFO]:[23:46:48] Starting CPLEX solver on instance: /home/yorig/tuner/mpils-tests/instances/miplib/medium-1/b1c1s1.mps with config: /scratch/yorig/mpils-results-grid-seconds-5-watchdog-mip-start/medium-1/24proc/seed-3/1_b1c1s1_seed-3_20260503_234219/iterated_local_search/run_4_worker_21/ils_config_7618836370202467959.prm
[INFO]:[23:46:48] Starting CPLEX solver on instance: /home/yorig/tuner/mpils-tests/instances/miplib/medium-1/b1c1s1.mps with config: /scratch/yorig/mpils-results-grid-seconds-5-watchdog-mip-start/medium-1/24proc/seed-3/1_b1c1s1_seed-3_20260503_234219/iterated_local_search/run_4_worker_21/ils_config_7618836370202467959.prm
[INFO]:[23:46:53] CPLEX results. Gap: 28.870000, upper bound: 28913.040000, lower bound: 20565.504030
[INFO]:[23:46:53] CPLEX solver finished. Gap: 28.870000
[INFO]:[23:46:53] Starting CPLEX solver on instance: /home/yorig/tuner/mpils-tests/instances/miplib/medium-1/b1c1s1.mps with config: /scratch/yorig/mpils-results-grid-seconds-5-watchdog-mip-start/medium-1/24proc/seed-3/1_b1c1s1_seed-3_20260503_234219/iterated_local_search/run_4_worker_21/ils_config_7172906026343534831.prm
[INFO]:[23:46:53] Starting CPLEX solver on instance: /home/yorig/tuner/mpils-tests/instances/miplib/medium-1/b1c1s1.mps with config: /scratch/yorig/mpils-results-grid-seconds-5-watchdog-mip-start/medium-1/24proc/seed-3/1_b1c1s1_seed-3_20260503_234219/iterated_local_search/run_4_worker_21/ils_config_7172906026343534831.prm
[INFO]:[23:46:58] CPLEX results. Gap: 22.130000, upper bound: 26440.860000, lower bound: 20589.044108
[INFO]:[23:46:58] CPLEX solver finished. Gap: 22.130000
[INFO]:[23:46:58] Starting CPLEX solver on instance: /home/yorig/tuner/mpils-tests/instances/miplib/medium-1/b1c1s1.mps with config: /scratch/yorig/mpils-results-grid-seconds-5-watchdog-mip-start/medium-1/24proc/seed-3/1_b1c1s1_seed-3_20260503_234219/iterated_local_search/run_4_worker_21/ils_config_14455843448672256359.prm
[INFO]:[23:46:58] Starting CPLEX solver on instance: /home/yorig/tuner/mpils-tests/instances/miplib/medium-1/b1c1s1.mps with config: /scratch/yorig/mpils-results-grid-seconds-5-watchdog-mip-start/medium-1/24proc/seed-3/1_b1c1s1_seed-3_20260503_234219/iterated_local_search/run_4_worker_21/ils_config_14455843448672256359.prm
[INFO]:[23:47:03] CPLEX results. Gap: 29.260000, upper bound: 26452.420000, lower bound: 18713.725071
[INFO]:[23:47:03] CPLEX solver finished. Gap: 29.260000
[INFO]:[23:47:03] Starting CPLEX solver on instance: /home/yorig/tuner/mpils-tests/instances/miplib/medium-1/b1c1s1.mps with config: /scratch/yorig/mpils-results-grid-seconds-5-watchdog-mip-start/medium-1/24proc/seed-3/1_b1c1s1_seed-3_20260503_234219/iterated_local_search/run_4_worker_21/ils_config_5651243621883417680.prm
[INFO]:[23:47:03] Starting CPLEX solver on instance: /home/yorig/tuner/mpils-tests/instances/miplib/medium-1/b1c1s1.mps with config: /scratch/yorig/mpils-results-grid-seconds-5-watchdog-mip-start/medium-1/24proc/seed-3/1_b1c1s1_seed-3_20260503_234219/iterated_local_search/run_4_worker_21/ils_config_5651243621883417680.prm
[INFO]:[23:47:08] CPLEX results. Gap: 21.060000, upper bound: 26038.420000, lower bound: 20554.117657
[INFO]:[23:47:08] CPLEX solver finished. Gap: 21.060000
[INFO]:[23:47:08] New incumbent found with objective value: 21.06
[INFO]:[23:47:08] Starting CPLEX solver on instance: /home/yorig/tuner/mpils-tests/instances/miplib/medium-1/b1c1s1.mps with config: /scratch/yorig/mpils-results-grid-seconds-5-watchdog-mip-start/medium-1/24proc/seed-3/1_b1c1s1_seed-3_20260503_234219/iterated_local_search/run_4_worker_21/ils_config_2205181350464664501.prm
[INFO]:[23:47:08] Starting CPLEX solver on instance: /home/yorig/tuner/mpils-tests/instances/miplib/medium-1/b1c1s1.mps with config: /scratch/yorig/mpils-results-grid-seconds-5-watchdog-mip-start/medium-1/24proc/seed-3/1_b1c1s1_seed-3_20260503_234219/iterated_local_search/run_4_worker_21/ils_config_2205181350464664501.prm
[INFO]:[23:47:13] CPLEX results. Gap: 20.920000, upper bound: 26038.420000, lower bound: 20590.832197
[INFO]:[23:47:13] CPLEX solver finished. Gap: 20.920000
[INFO]:[23:47:13] New incumbent found with objective value: 20.92
[INFO]:[23:47:13] Starting CPLEX solver on instance: /home/yorig/tuner/mpils-tests/instances/miplib/medium-1/b1c1s1.mps with config: /scratch/yorig/mpils-results-grid-seconds-5-watchdog-mip-start/medium-1/24proc/seed-3/1_b1c1s1_seed-3_20260503_234219/iterated_local_search/run_4_worker_21/ils_config_7127034109500515646.prm
[INFO]:[23:47:13] Starting CPLEX solver on instance: /home/yorig/tuner/mpils-tests/instances/miplib/medium-1/b1c1s1.mps with config: /scratch/yorig/mpils-results-grid-seconds-5-watchdog-mip-start/medium-1/24proc/seed-3/1_b1c1s1_seed-3_20260503_234219/iterated_local_search/run_4_worker_21/ils_config_7127034109500515646.prm
[INFO]:[23:47:18] CPLEX results. Gap: 27.980000, upper bound: 28422.190000, lower bound: 20470.417184
[INFO]:[23:47:18] CPLEX solver finished. Gap: 27.980000
[INFO]:[23:47:18] Starting CPLEX solver on instance: /home/yorig/tuner/mpils-tests/instances/miplib/medium-1/b1c1s1.mps with config: /scratch/yorig/mpils-results-grid-seconds-5-watchdog-mip-start/medium-1/24proc/seed-3/1_b1c1s1_seed-3_20260503_234219/iterated_local_search/run_4_worker_21/ils_config_47109048780480479.prm
[INFO]:[23:47:18] Starting CPLEX solver on instance: /home/yorig/tuner/mpils-tests/instances/miplib/medium-1/b1c1s1.mps with config: /scratch/yorig/mpils-results-grid-seconds-5-watchdog-mip-start/medium-1/24proc/seed-3/1_b1c1s1_seed-3_20260503_234219/iterated_local_search/run_4_worker_21/ils_config_47109048780480479.prm
[INFO]:[23:47:23] CPLEX results. Gap: 18.570000, upper bound: 25146.900000, lower bound: 20476.854268
[INFO]:[23:47:23] CPLEX solver finished. Gap: 18.570000
[INFO]:[23:47:23] New incumbent found with objective value: 18.57
[INFO]:[23:47:23] Local search phase completed.
[INFO]:[23:47:23] Total number of new local-search evaluations: 21
[INFO]:[23:47:23] Final incumbent objective value: 18.57
[INFO]:[23:47:23] Worker 21 completed exploration phase.
[INFO]:[23:47:23] Worker 21 received order for step 2.
[INFO]:[23:47:23] Worker 21 running expansion phase for iteration 4.
[INFO]:[23:47:23] Worker 21 will use solver log file: /scratch/yorig/mpils-results-grid-seconds-5-watchdog-mip-start/medium-1/24proc/seed-3/1_b1c1s1_seed-3_20260503_234219/solver/cplex.log_iteration_expansion_4_worker_21
[INFO]:[23:47:23] Expansion Worker 21 starting expansion for iteration 4.
[INFO]:[23:47:23] Starting CPLEX solver on instance: /home/yorig/tuner/mpils-tests/instances/miplib/medium-1/b1c1s1.mps with config: /scratch/yorig/mpils-results-grid-seconds-5-watchdog-mip-start/medium-1/24proc/seed-3/1_b1c1s1_seed-3_20260503_234219/expansion/config_param_CPXPARAM_Preprocessing_Reduce_2_iter_4.prm
[INFO]:[23:47:28] CPLEX results. Gap: 23.340000, upper bound: 25814.150000, lower bound: 19789.625277
[INFO]:[23:47:28] CPLEX solver finished. Gap: 23.340000
[INFO]:[23:47:34] Expansion Worker 21 completed expansion.
[INFO]:[23:47:34] Worker 21 completed expansion phase.
[INFO]:[23:47:34] Worker 21 received order for step 1.
[INFO]:[23:47:34] Worker 21 running exploration phase for iteration 5.
[INFO]:[23:47:34] Worker 21 at iteration 5 will not use a MIP start file. Current best MIP-start upper bound threshold is 1.79769e+308.
[INFO]:[23:47:34] Starting local search phase...
[INFO]:[23:47:34] Creating local search space from parameter space file: /scratch/yorig/mpils-results-grid-seconds-5-watchdog-mip-start/medium-1/24proc/seed-3/1_b1c1s1_seed-3_20260503_234219/iterated_local_search/search_space/search_space_file_5_worker_21.txt
[INFO]:[23:47:34] Local search space loaded from file: /scratch/yorig/mpils-results-grid-seconds-5-watchdog-mip-start/medium-1/24proc/seed-3/1_b1c1s1_seed-3_20260503_234219/iterated_local_search/search_space/search_space_file_5_worker_21.txt
[INFO]:[23:47:34] Number of parameters in local search space: 71
[INFO]:[23:47:34] Number of forbidden tuples in local search space: 28
[INFO]:[23:47:34] Number of conditionals in local search space: 6
[INFO]:[23:47:34] MIP start option not enabled. Local search will proceed without MIP start.
[INFO]:[23:47:34] Evaluating initial configuration for local search phase...
[INFO]:[23:47:34] Starting CPLEX solver on instance: /home/yorig/tuner/mpils-tests/instances/miplib/medium-1/b1c1s1.mps with config: /scratch/yorig/mpils-results-grid-seconds-5-watchdog-mip-start/medium-1/24proc/seed-3/1_b1c1s1_seed-3_20260503_234219/iterated_local_search/run_5_worker_21/ils_config_8562266702393741089.prm
[INFO]:[23:47:34] Starting CPLEX solver on instance: /home/yorig/tuner/mpils-tests/instances/miplib/medium-1/b1c1s1.mps with config: /scratch/yorig/mpils-results-grid-seconds-5-watchdog-mip-start/medium-1/24proc/seed-3/1_b1c1s1_seed-3_20260503_234219/iterated_local_search/run_5_worker_21/ils_config_8562266702393741089.prm
[INFO]:[23:47:39] CPLEX results. Gap: 71.870000, upper bound: 69933.520000, lower bound: 19670.529498
[INFO]:[23:47:39] CPLEX solver finished. Gap: 71.870000
[INFO]:[23:47:39] Initial configuration evaluated with objective value: 71.87
[INFO]:[23:47:39] Starting CPLEX solver on instance: /home/yorig/tuner/mpils-tests/instances/miplib/medium-1/b1c1s1.mps with config: /scratch/yorig/mpils-results-grid-seconds-5-watchdog-mip-start/medium-1/24proc/seed-3/1_b1c1s1_seed-3_20260503_234219/iterated_local_search/run_5_worker_21/ils_config_3058890165199015841.prm
[INFO]:[23:47:39] Starting CPLEX solver on instance: /home/yorig/tuner/mpils-tests/instances/miplib/medium-1/b1c1s1.mps with config: /scratch/yorig/mpils-results-grid-seconds-5-watchdog-mip-start/medium-1/24proc/seed-3/1_b1c1s1_seed-3_20260503_234219/iterated_local_search/run_5_worker_21/ils_config_3058890165199015841.prm
[INFO]:[23:47:44] CPLEX results. Gap: 32.640000, upper bound: 29080.620000, lower bound: 19588.982565
[INFO]:[23:47:44] CPLEX solver finished. Gap: 32.640000
[INFO]:[23:47:44] New incumbent found with objective value: 32.64
[INFO]:[23:47:44] Starting CPLEX solver on instance: /home/yorig/tuner/mpils-tests/instances/miplib/medium-1/b1c1s1.mps with config: /scratch/yorig/mpils-results-grid-seconds-5-watchdog-mip-start/medium-1/24proc/seed-3/1_b1c1s1_seed-3_20260503_234219/iterated_local_search/run_5_worker_21/ils_config_13562759945718391583.prm
[INFO]:[23:47:44] Starting CPLEX solver on instance: /home/yorig/tuner/mpils-tests/instances/miplib/medium-1/b1c1s1.mps with config: /scratch/yorig/mpils-results-grid-seconds-5-watchdog-mip-start/medium-1/24proc/seed-3/1_b1c1s1_seed-3_20260503_234219/iterated_local_search/run_5_worker_21/ils_config_13562759945718391583.prm
[INFO]:[23:47:49] CPLEX results. Gap: 32.640000, upper bound: 29080.620000, lower bound: 19588.982565
[INFO]:[23:47:49] CPLEX solver finished. Gap: 32.640000
[INFO]:[23:47:49] Starting CPLEX solver on instance: /home/yorig/tuner/mpils-tests/instances/miplib/medium-1/b1c1s1.mps with config: /scratch/yorig/mpils-results-grid-seconds-5-watchdog-mip-start/medium-1/24proc/seed-3/1_b1c1s1_seed-3_20260503_234219/iterated_local_search/run_5_worker_21/ils_config_10177791835233153773.prm
[INFO]:[23:47:49] Starting CPLEX solver on instance: /home/yorig/tuner/mpils-tests/instances/miplib/medium-1/b1c1s1.mps with config: /scratch/yorig/mpils-results-grid-seconds-5-watchdog-mip-start/medium-1/24proc/seed-3/1_b1c1s1_seed-3_20260503_234219/iterated_local_search/run_5_worker_21/ils_config_10177791835233153773.prm
[INFO]:[23:47:54] CPLEX results. Gap: 32.640000, upper bound: 29080.620000, lower bound: 19588.982565
[INFO]:[23:47:54] CPLEX solver finished. Gap: 32.640000
[INFO]:[23:47:54] Starting CPLEX solver on instance: /home/yorig/tuner/mpils-tests/instances/miplib/medium-1/b1c1s1.mps with config: /scratch/yorig/mpils-results-grid-seconds-5-watchdog-mip-start/medium-1/24proc/seed-3/1_b1c1s1_seed-3_20260503_234219/iterated_local_search/run_5_worker_21/ils_config_754464849037468054.prm
[INFO]:[23:47:54] Starting CPLEX solver on instance: /home/yorig/tuner/mpils-tests/instances/miplib/medium-1/b1c1s1.mps with config: /scratch/yorig/mpils-results-grid-seconds-5-watchdog-mip-start/medium-1/24proc/seed-3/1_b1c1s1_seed-3_20260503_234219/iterated_local_search/run_5_worker_21/ils_config_754464849037468054.prm
[INFO]:[23:47:59] CPLEX results. Gap: 33.450000, upper bound: 29080.620000, lower bound: 19352.673368
[INFO]:[23:47:59] CPLEX solver finished. Gap: 33.450000
[INFO]:[23:47:59] Starting CPLEX solver on instance: /home/yorig/tuner/mpils-tests/instances/miplib/medium-1/b1c1s1.mps with config: /scratch/yorig/mpils-results-grid-seconds-5-watchdog-mip-start/medium-1/24proc/seed-3/1_b1c1s1_seed-3_20260503_234219/iterated_local_search/run_5_worker_21/ils_config_4777674721677159808.prm
[INFO]:[23:47:59] Starting CPLEX solver on instance: /home/yorig/tuner/mpils-tests/instances/miplib/medium-1/b1c1s1.mps with config: /scratch/yorig/mpils-results-grid-seconds-5-watchdog-mip-start/medium-1/24proc/seed-3/1_b1c1s1_seed-3_20260503_234219/iterated_local_search/run_5_worker_21/ils_config_4777674721677159808.prm
[INFO]:[23:48:04] CPLEX results. Gap: 32.640000, upper bound: 29080.620000, lower bound: 19588.982565
[INFO]:[23:48:04] CPLEX solver finished. Gap: 32.640000
[INFO]:[23:48:04] Starting CPLEX solver on instance: /home/yorig/tuner/mpils-tests/instances/miplib/medium-1/b1c1s1.mps with config: /scratch/yorig/mpils-results-grid-seconds-5-watchdog-mip-start/medium-1/24proc/seed-3/1_b1c1s1_seed-3_20260503_234219/iterated_local_search/run_5_worker_21/ils_config_5577676555407890799.prm
[INFO]:[23:48:04] Starting CPLEX solver on instance: /home/yorig/tuner/mpils-tests/instances/miplib/medium-1/b1c1s1.mps with config: /scratch/yorig/mpils-results-grid-seconds-5-watchdog-mip-start/medium-1/24proc/seed-3/1_b1c1s1_seed-3_20260503_234219/iterated_local_search/run_5_worker_21/ils_config_5577676555407890799.prm
[INFO]:[23:48:09] CPLEX results. Gap: 76.710000, upper bound: 69966.450000, lower bound: 16295.069377
[INFO]:[23:48:09] CPLEX solver finished. Gap: 76.710000
[INFO]:[23:48:09] Starting CPLEX solver on instance: /home/yorig/tuner/mpils-tests/instances/miplib/medium-1/b1c1s1.mps with config: /scratch/yorig/mpils-results-grid-seconds-5-watchdog-mip-start/medium-1/24proc/seed-3/1_b1c1s1_seed-3_20260503_234219/iterated_local_search/run_5_worker_21/ils_config_9249548357704004246.prm
[INFO]:[23:48:09] Starting CPLEX solver on instance: /home/yorig/tuner/mpils-tests/instances/miplib/medium-1/b1c1s1.mps with config: /scratch/yorig/mpils-results-grid-seconds-5-watchdog-mip-start/medium-1/24proc/seed-3/1_b1c1s1_seed-3_20260503_234219/iterated_local_search/run_5_worker_21/ils_config_9249548357704004246.prm
[INFO]:[23:48:14] CPLEX results. Gap: 75.720000, upper bound: 69966.450000, lower bound: 16990.150400
[INFO]:[23:48:14] CPLEX solver finished. Gap: 75.720000
[INFO]:[23:48:14] Starting CPLEX solver on instance: /home/yorig/tuner/mpils-tests/instances/miplib/medium-1/b1c1s1.mps with config: /scratch/yorig/mpils-results-grid-seconds-5-watchdog-mip-start/medium-1/24proc/seed-3/1_b1c1s1_seed-3_20260503_234219/iterated_local_search/run_5_worker_21/ils_config_14424546848344328700.prm
[INFO]:[23:48:14] Starting CPLEX solver on instance: /home/yorig/tuner/mpils-tests/instances/miplib/medium-1/b1c1s1.mps with config: /scratch/yorig/mpils-results-grid-seconds-5-watchdog-mip-start/medium-1/24proc/seed-3/1_b1c1s1_seed-3_20260503_234219/iterated_local_search/run_5_worker_21/ils_config_14424546848344328700.prm
[INFO]:[23:48:19] CPLEX results. Gap: 32.770000, upper bound: 29080.620000, lower bound: 19550.757887
[INFO]:[23:48:19] CPLEX solver finished. Gap: 32.770000
[INFO]:[23:48:19] Starting CPLEX solver on instance: /home/yorig/tuner/mpils-tests/instances/miplib/medium-1/b1c1s1.mps with config: /scratch/yorig/mpils-results-grid-seconds-5-watchdog-mip-start/medium-1/24proc/seed-3/1_b1c1s1_seed-3_20260503_234219/iterated_local_search/run_5_worker_21/ils_config_7358660442454171589.prm
[INFO]:[23:48:19] Starting CPLEX solver on instance: /home/yorig/tuner/mpils-tests/instances/miplib/medium-1/b1c1s1.mps with config: /scratch/yorig/mpils-results-grid-seconds-5-watchdog-mip-start/medium-1/24proc/seed-3/1_b1c1s1_seed-3_20260503_234219/iterated_local_search/run_5_worker_21/ils_config_7358660442454171589.prm
[INFO]:[23:48:24] CPLEX results. Gap: 32.180000, upper bound: 29080.620000, lower bound: 19721.224207
[INFO]:[23:48:24] CPLEX solver finished. Gap: 32.180000
[INFO]:[23:48:24] New incumbent found with objective value: 32.18
[INFO]:[23:48:24] Starting CPLEX solver on instance: /home/yorig/tuner/mpils-tests/instances/miplib/medium-1/b1c1s1.mps with config: /scratch/yorig/mpils-results-grid-seconds-5-watchdog-mip-start/medium-1/24proc/seed-3/1_b1c1s1_seed-3_20260503_234219/iterated_local_search/run_5_worker_21/ils_config_4633432773511253944.prm
[INFO]:[23:48:24] Starting CPLEX solver on instance: /home/yorig/tuner/mpils-tests/instances/miplib/medium-1/b1c1s1.mps with config: /scratch/yorig/mpils-results-grid-seconds-5-watchdog-mip-start/medium-1/24proc/seed-3/1_b1c1s1_seed-3_20260503_234219/iterated_local_search/run_5_worker_21/ils_config_4633432773511253944.prm
[INFO]:[23:48:29] CPLEX results. Gap: 22.790000, upper bound: 26547.740000, lower bound: 20497.334970
[INFO]:[23:48:29] CPLEX solver finished. Gap: 22.790000
[INFO]:[23:48:29] New incumbent found with objective value: 22.79
[INFO]:[23:48:29] Starting CPLEX solver on instance: /home/yorig/tuner/mpils-tests/instances/miplib/medium-1/b1c1s1.mps with config: /scratch/yorig/mpils-results-grid-seconds-5-watchdog-mip-start/medium-1/24proc/seed-3/1_b1c1s1_seed-3_20260503_234219/iterated_local_search/run_5_worker_21/ils_config_12919312614175641521.prm
[INFO]:[23:48:29] Starting CPLEX solver on instance: /home/yorig/tuner/mpils-tests/instances/miplib/medium-1/b1c1s1.mps with config: /scratch/yorig/mpils-results-grid-seconds-5-watchdog-mip-start/medium-1/24proc/seed-3/1_b1c1s1_seed-3_20260503_234219/iterated_local_search/run_5_worker_21/ils_config_12919312614175641521.prm
[INFO]:[23:48:34] CPLEX results. Gap: 23.930000, upper bound: 26839.780000, lower bound: 20417.854751
[INFO]:[23:48:34] CPLEX solver finished. Gap: 23.930000
[INFO]:[23:48:34] Starting CPLEX solver on instance: /home/yorig/tuner/mpils-tests/instances/miplib/medium-1/b1c1s1.mps with config: /scratch/yorig/mpils-results-grid-seconds-5-watchdog-mip-start/medium-1/24proc/seed-3/1_b1c1s1_seed-3_20260503_234219/iterated_local_search/run_5_worker_21/ils_config_3011239290634567818.prm
[INFO]:[23:48:34] Starting CPLEX solver on instance: /home/yorig/tuner/mpils-tests/instances/miplib/medium-1/b1c1s1.mps with config: /scratch/yorig/mpils-results-grid-seconds-5-watchdog-mip-start/medium-1/24proc/seed-3/1_b1c1s1_seed-3_20260503_234219/iterated_local_search/run_5_worker_21/ils_config_3011239290634567818.prm
[INFO]:[23:48:40] CPLEX results. Gap: 28.540000, upper bound: 27932.530000, lower bound: 19960.728103
[INFO]:[23:48:40] CPLEX solver finished. Gap: 28.540000
[INFO]:[23:48:40] Starting CPLEX solver on instance: /home/yorig/tuner/mpils-tests/instances/miplib/medium-1/b1c1s1.mps with config: /scratch/yorig/mpils-results-grid-seconds-5-watchdog-mip-start/medium-1/24proc/seed-3/1_b1c1s1_seed-3_20260503_234219/iterated_local_search/run_5_worker_21/ils_config_886952321064419944.prm
[INFO]:[23:48:40] Starting CPLEX solver on instance: /home/yorig/tuner/mpils-tests/instances/miplib/medium-1/b1c1s1.mps with config: /scratch/yorig/mpils-results-grid-seconds-5-watchdog-mip-start/medium-1/24proc/seed-3/1_b1c1s1_seed-3_20260503_234219/iterated_local_search/run_5_worker_21/ils_config_886952321064419944.prm
[INFO]:[23:48:45] CPLEX results. Gap: 30.400000, upper bound: 29162.710000, lower bound: 20298.494061
[INFO]:[23:48:45] CPLEX solver finished. Gap: 30.400000
[INFO]:[23:48:45] Starting CPLEX solver on instance: /home/yorig/tuner/mpils-tests/instances/miplib/medium-1/b1c1s1.mps with config: /scratch/yorig/mpils-results-grid-seconds-5-watchdog-mip-start/medium-1/24proc/seed-3/1_b1c1s1_seed-3_20260503_234219/iterated_local_search/run_5_worker_21/ils_config_12027555670247245963.prm
[INFO]:[23:48:45] Starting CPLEX solver on instance: /home/yorig/tuner/mpils-tests/instances/miplib/medium-1/b1c1s1.mps with config: /scratch/yorig/mpils-results-grid-seconds-5-watchdog-mip-start/medium-1/24proc/seed-3/1_b1c1s1_seed-3_20260503_234219/iterated_local_search/run_5_worker_21/ils_config_12027555670247245963.prm
[INFO]:[23:48:50] CPLEX results. Gap: 26.630000, upper bound: 27460.650000, lower bound: 20147.005280
[INFO]:[23:48:50] CPLEX solver finished. Gap: 26.630000
[INFO]:[23:48:50] Starting CPLEX solver on instance: /home/yorig/tuner/mpils-tests/instances/miplib/medium-1/b1c1s1.mps with config: /scratch/yorig/mpils-results-grid-seconds-5-watchdog-mip-start/medium-1/24proc/seed-3/1_b1c1s1_seed-3_20260503_234219/iterated_local_search/run_5_worker_21/ils_config_12560076672055388582.prm
[INFO]:[23:48:50] Starting CPLEX solver on instance: /home/yorig/tuner/mpils-tests/instances/miplib/medium-1/b1c1s1.mps with config: /scratch/yorig/mpils-results-grid-seconds-5-watchdog-mip-start/medium-1/24proc/seed-3/1_b1c1s1_seed-3_20260503_234219/iterated_local_search/run_5_worker_21/ils_config_12560076672055388582.prm
[INFO]:[23:48:55] CPLEX results. Gap: 22.680000, upper bound: 26547.740000, lower bound: 20527.959052
[INFO]:[23:48:55] CPLEX solver finished. Gap: 22.680000
[INFO]:[23:48:55] New incumbent found with objective value: 22.68
[INFO]:[23:48:55] Starting CPLEX solver on instance: /home/yorig/tuner/mpils-tests/instances/miplib/medium-1/b1c1s1.mps with config: /scratch/yorig/mpils-results-grid-seconds-5-watchdog-mip-start/medium-1/24proc/seed-3/1_b1c1s1_seed-3_20260503_234219/iterated_local_search/run_5_worker_21/ils_config_17940801489378891717.prm
[INFO]:[23:48:55] Starting CPLEX solver on instance: /home/yorig/tuner/mpils-tests/instances/miplib/medium-1/b1c1s1.mps with config: /scratch/yorig/mpils-results-grid-seconds-5-watchdog-mip-start/medium-1/24proc/seed-3/1_b1c1s1_seed-3_20260503_234219/iterated_local_search/run_5_worker_21/ils_config_17940801489378891717.prm
[INFO]:[23:49:00] CPLEX results. Gap: 22.680000, upper bound: 26547.740000, lower bound: 20527.959052
[INFO]:[23:49:00] CPLEX solver finished. Gap: 22.680000
[INFO]:[23:49:00] Starting CPLEX solver on instance: /home/yorig/tuner/mpils-tests/instances/miplib/medium-1/b1c1s1.mps with config: /scratch/yorig/mpils-results-grid-seconds-5-watchdog-mip-start/medium-1/24proc/seed-3/1_b1c1s1_seed-3_20260503_234219/iterated_local_search/run_5_worker_21/ils_config_8470795993473137363.prm
[INFO]:[23:49:00] Starting CPLEX solver on instance: /home/yorig/tuner/mpils-tests/instances/miplib/medium-1/b1c1s1.mps with config: /scratch/yorig/mpils-results-grid-seconds-5-watchdog-mip-start/medium-1/24proc/seed-3/1_b1c1s1_seed-3_20260503_234219/iterated_local_search/run_5_worker_21/ils_config_8470795993473137363.prm
[INFO]:[23:49:05] CPLEX results. Gap: 32.510000, upper bound: 28238.110000, lower bound: 19058.531087
[INFO]:[23:49:05] CPLEX solver finished. Gap: 32.510000
[INFO]:[23:49:05] Local search phase completed.
[INFO]:[23:49:05] Total number of new local-search evaluations: 18
[INFO]:[23:49:05] Final incumbent objective value: 22.68
[INFO]:[23:49:05] Worker 21 completed exploration phase.
[INFO]:[23:49:05] Worker 21 received order for step 2.
[INFO]:[23:49:05] Worker 21 running expansion phase for iteration 5.
[INFO]:[23:49:05] Worker 21 will use solver log file: /scratch/yorig/mpils-results-grid-seconds-5-watchdog-mip-start/medium-1/24proc/seed-3/1_b1c1s1_seed-3_20260503_234219/solver/cplex.log_iteration_expansion_5_worker_21
[INFO]:[23:49:05] Expansion Worker 21 starting expansion for iteration 5.
[INFO]:[23:49:05] Starting CPLEX solver on instance: /home/yorig/tuner/mpils-tests/instances/miplib/medium-1/b1c1s1.mps with config: /scratch/yorig/mpils-results-grid-seconds-5-watchdog-mip-start/medium-1/24proc/seed-3/1_b1c1s1_seed-3_20260503_234219/expansion/config_param_CPXPARAM_MIP_Limits_StrongCand_40_iter_5.prm
[INFO]:[23:49:10] CPLEX results. Gap: 17.740000, upper bound: 25000.610000, lower bound: 20565.776362
[INFO]:[23:49:10] CPLEX solver finished. Gap: 17.740000
[INFO]:[23:49:15] Expansion Worker 21 completed expansion.
[INFO]:[23:49:15] Worker 21 completed expansion phase.
[INFO]:[23:49:16] Worker 21 received order for step 1.
[INFO]:[23:49:16] Worker 21 running exploration phase for iteration 6.
[INFO]:[23:49:16] Worker 21 at iteration 6 will not use a MIP start file. Current best MIP-start upper bound threshold is 1.79769e+308.
[INFO]:[23:49:16] Starting local search phase...
[INFO]:[23:49:16] Creating local search space from parameter space file: /scratch/yorig/mpils-results-grid-seconds-5-watchdog-mip-start/medium-1/24proc/seed-3/1_b1c1s1_seed-3_20260503_234219/iterated_local_search/search_space/search_space_file_6_worker_21.txt
[INFO]:[23:49:16] Local search space loaded from file: /scratch/yorig/mpils-results-grid-seconds-5-watchdog-mip-start/medium-1/24proc/seed-3/1_b1c1s1_seed-3_20260503_234219/iterated_local_search/search_space/search_space_file_6_worker_21.txt
[INFO]:[23:49:16] Number of parameters in local search space: 71
[INFO]:[23:49:16] Number of forbidden tuples in local search space: 28
[INFO]:[23:49:16] Number of conditionals in local search space: 6
[INFO]:[23:49:16] MIP start option not enabled. Local search will proceed without MIP start.
[INFO]:[23:49:16] Evaluating initial configuration for local search phase...
[INFO]:[23:49:16] Starting CPLEX solver on instance: /home/yorig/tuner/mpils-tests/instances/miplib/medium-1/b1c1s1.mps with config: /scratch/yorig/mpils-results-grid-seconds-5-watchdog-mip-start/medium-1/24proc/seed-3/1_b1c1s1_seed-3_20260503_234219/iterated_local_search/run_6_worker_21/ils_config_17092232069455943984.prm
[INFO]:[23:49:16] Starting CPLEX solver on instance: /home/yorig/tuner/mpils-tests/instances/miplib/medium-1/b1c1s1.mps with config: /scratch/yorig/mpils-results-grid-seconds-5-watchdog-mip-start/medium-1/24proc/seed-3/1_b1c1s1_seed-3_20260503_234219/iterated_local_search/run_6_worker_21/ils_config_17092232069455943984.prm
[INFO]:[23:49:21] CPLEX results. Gap: 73.570000, upper bound: 69766.560000, lower bound: 18439.730171
[INFO]:[23:49:21] CPLEX solver finished. Gap: 73.570000
[INFO]:[23:49:21] Initial configuration evaluated with objective value: 73.57
[INFO]:[23:49:21] Starting CPLEX solver on instance: /home/yorig/tuner/mpils-tests/instances/miplib/medium-1/b1c1s1.mps with config: /scratch/yorig/mpils-results-grid-seconds-5-watchdog-mip-start/medium-1/24proc/seed-3/1_b1c1s1_seed-3_20260503_234219/iterated_local_search/run_6_worker_21/ils_config_271025868419987170.prm
[INFO]:[23:49:21] Starting CPLEX solver on instance: /home/yorig/tuner/mpils-tests/instances/miplib/medium-1/b1c1s1.mps with config: /scratch/yorig/mpils-results-grid-seconds-5-watchdog-mip-start/medium-1/24proc/seed-3/1_b1c1s1_seed-3_20260503_234219/iterated_local_search/run_6_worker_21/ils_config_271025868419987170.prm
[INFO]:[23:49:26] CPLEX results. Gap: 73.610000, upper bound: 69766.560000, lower bound: 18411.441247
[INFO]:[23:49:26] CPLEX solver finished. Gap: 73.610000
[INFO]:[23:49:26] Starting CPLEX solver on instance: /home/yorig/tuner/mpils-tests/instances/miplib/medium-1/b1c1s1.mps with config: /scratch/yorig/mpils-results-grid-seconds-5-watchdog-mip-start/medium-1/24proc/seed-3/1_b1c1s1_seed-3_20260503_234219/iterated_local_search/run_6_worker_21/ils_config_7285717957395432479.prm
[INFO]:[23:49:26] Starting CPLEX solver on instance: /home/yorig/tuner/mpils-tests/instances/miplib/medium-1/b1c1s1.mps with config: /scratch/yorig/mpils-results-grid-seconds-5-watchdog-mip-start/medium-1/24proc/seed-3/1_b1c1s1_seed-3_20260503_234219/iterated_local_search/run_6_worker_21/ils_config_7285717957395432479.prm
[INFO]:[23:49:31] CPLEX results. Gap: 73.610000, upper bound: 69995.155789, lower bound: 18471.565320
[INFO]:[23:49:31] CPLEX solver finished. Gap: 73.610000
[INFO]:[23:49:31] Starting CPLEX solver on instance: /home/yorig/tuner/mpils-tests/instances/miplib/medium-1/b1c1s1.mps with config: /scratch/yorig/mpils-results-grid-seconds-5-watchdog-mip-start/medium-1/24proc/seed-3/1_b1c1s1_seed-3_20260503_234219/iterated_local_search/run_6_worker_21/ils_config_10813253447547728096.prm
[INFO]:[23:49:31] Starting CPLEX solver on instance: /home/yorig/tuner/mpils-tests/instances/miplib/medium-1/b1c1s1.mps with config: /scratch/yorig/mpils-results-grid-seconds-5-watchdog-mip-start/medium-1/24proc/seed-3/1_b1c1s1_seed-3_20260503_234219/iterated_local_search/run_6_worker_21/ils_config_10813253447547728096.prm
[INFO]:[23:49:36] CPLEX results. Gap: 73.570000, upper bound: 69766.560000, lower bound: 18439.730171
[INFO]:[23:49:36] CPLEX solver finished. Gap: 73.570000
[INFO]:[23:49:36] Starting CPLEX solver on instance: /home/yorig/tuner/mpils-tests/instances/miplib/medium-1/b1c1s1.mps with config: /scratch/yorig/mpils-results-grid-seconds-5-watchdog-mip-start/medium-1/24proc/seed-3/1_b1c1s1_seed-3_20260503_234219/iterated_local_search/run_6_worker_21/ils_config_10818771252834875916.prm
[INFO]:[23:49:36] Starting CPLEX solver on instance: /home/yorig/tuner/mpils-tests/instances/miplib/medium-1/b1c1s1.mps with config: /scratch/yorig/mpils-results-grid-seconds-5-watchdog-mip-start/medium-1/24proc/seed-3/1_b1c1s1_seed-3_20260503_234219/iterated_local_search/run_6_worker_21/ils_config_10818771252834875916.prm
[INFO]:[23:49:41] CPLEX results. Gap: 70.910000, upper bound: 69766.560000, lower bound: 20294.894201
[INFO]:[23:49:41] CPLEX solver finished. Gap: 70.910000
[INFO]:[23:49:41] New incumbent found with objective value: 70.91
[INFO]:[23:49:41] Starting CPLEX solver on instance: /home/yorig/tuner/mpils-tests/instances/miplib/medium-1/b1c1s1.mps with config: /scratch/yorig/mpils-results-grid-seconds-5-watchdog-mip-start/medium-1/24proc/seed-3/1_b1c1s1_seed-3_20260503_234219/iterated_local_search/run_6_worker_21/ils_config_11738667911902422418.prm
[INFO]:[23:49:41] Starting CPLEX solver on instance: /home/yorig/tuner/mpils-tests/instances/miplib/medium-1/b1c1s1.mps with config: /scratch/yorig/mpils-results-grid-seconds-5-watchdog-mip-start/medium-1/24proc/seed-3/1_b1c1s1_seed-3_20260503_234219/iterated_local_search/run_6_worker_21/ils_config_11738667911902422418.prm
[INFO]:[23:49:46] CPLEX results. Gap: 67.590000, upper bound: 61383.830000, lower bound: 19895.004876
[INFO]:[23:49:46] CPLEX solver finished. Gap: 67.590000
[INFO]:[23:49:46] New incumbent found with objective value: 67.59
[INFO]:[23:49:46] Starting CPLEX solver on instance: /home/yorig/tuner/mpils-tests/instances/miplib/medium-1/b1c1s1.mps with config: /scratch/yorig/mpils-results-grid-seconds-5-watchdog-mip-start/medium-1/24proc/seed-3/1_b1c1s1_seed-3_20260503_234219/iterated_local_search/run_6_worker_21/ils_config_12529048835628180071.prm
[INFO]:[23:49:46] Starting CPLEX solver on instance: /home/yorig/tuner/mpils-tests/instances/miplib/medium-1/b1c1s1.mps with config: /scratch/yorig/mpils-results-grid-seconds-5-watchdog-mip-start/medium-1/24proc/seed-3/1_b1c1s1_seed-3_20260503_234219/iterated_local_search/run_6_worker_21/ils_config_12529048835628180071.prm
[INFO]:[23:49:51] CPLEX results. Gap: 67.740000, upper bound: 61383.830000, lower bound: 19805.245738
[INFO]:[23:49:51] CPLEX solver finished. Gap: 67.740000
[INFO]:[23:49:51] Starting CPLEX solver on instance: /home/yorig/tuner/mpils-tests/instances/miplib/medium-1/b1c1s1.mps with config: /scratch/yorig/mpils-results-grid-seconds-5-watchdog-mip-start/medium-1/24proc/seed-3/1_b1c1s1_seed-3_20260503_234219/iterated_local_search/run_6_worker_21/ils_config_9054741485455650586.prm
[INFO]:[23:49:51] Starting CPLEX solver on instance: /home/yorig/tuner/mpils-tests/instances/miplib/medium-1/b1c1s1.mps with config: /scratch/yorig/mpils-results-grid-seconds-5-watchdog-mip-start/medium-1/24proc/seed-3/1_b1c1s1_seed-3_20260503_234219/iterated_local_search/run_6_worker_21/ils_config_9054741485455650586.prm
[INFO]:[23:49:56] CPLEX results. Gap: 64.000000, upper bound: 52476.610000, lower bound: 18893.682626
[INFO]:[23:49:56] CPLEX solver finished. Gap: 64.000000
[INFO]:[23:49:56] New incumbent found with objective value: 64
[INFO]:[23:49:56] Starting CPLEX solver on instance: /home/yorig/tuner/mpils-tests/instances/miplib/medium-1/b1c1s1.mps with config: /scratch/yorig/mpils-results-grid-seconds-5-watchdog-mip-start/medium-1/24proc/seed-3/1_b1c1s1_seed-3_20260503_234219/iterated_local_search/run_6_worker_21/ils_config_12114285566748360658.prm
[INFO]:[23:49:56] Starting CPLEX solver on instance: /home/yorig/tuner/mpils-tests/instances/miplib/medium-1/b1c1s1.mps with config: /scratch/yorig/mpils-results-grid-seconds-5-watchdog-mip-start/medium-1/24proc/seed-3/1_b1c1s1_seed-3_20260503_234219/iterated_local_search/run_6_worker_21/ils_config_12114285566748360658.prm
[INFO]:[23:50:01] CPLEX results. Gap: 64.000000, upper bound: 52476.610000, lower bound: 18893.682626
[INFO]:[23:50:01] CPLEX solver finished. Gap: 64.000000
[INFO]:[23:50:01] Starting CPLEX solver on instance: /home/yorig/tuner/mpils-tests/instances/miplib/medium-1/b1c1s1.mps with config: /scratch/yorig/mpils-results-grid-seconds-5-watchdog-mip-start/medium-1/24proc/seed-3/1_b1c1s1_seed-3_20260503_234219/iterated_local_search/run_6_worker_21/ils_config_16476971412327478860.prm
[INFO]:[23:50:01] Starting CPLEX solver on instance: /home/yorig/tuner/mpils-tests/instances/miplib/medium-1/b1c1s1.mps with config: /scratch/yorig/mpils-results-grid-seconds-5-watchdog-mip-start/medium-1/24proc/seed-3/1_b1c1s1_seed-3_20260503_234219/iterated_local_search/run_6_worker_21/ils_config_16476971412327478860.prm
[INFO]:[23:50:06] CPLEX results. Gap: 64.000000, upper bound: 52476.610000, lower bound: 18893.682626
[INFO]:[23:50:06] CPLEX solver finished. Gap: 64.000000
[INFO]:[23:50:06] Starting CPLEX solver on instance: /home/yorig/tuner/mpils-tests/instances/miplib/medium-1/b1c1s1.mps with config: /scratch/yorig/mpils-results-grid-seconds-5-watchdog-mip-start/medium-1/24proc/seed-3/1_b1c1s1_seed-3_20260503_234219/iterated_local_search/run_6_worker_21/ils_config_11876256236355235797.prm
[INFO]:[23:50:06] Starting CPLEX solver on instance: /home/yorig/tuner/mpils-tests/instances/miplib/medium-1/b1c1s1.mps with config: /scratch/yorig/mpils-results-grid-seconds-5-watchdog-mip-start/medium-1/24proc/seed-3/1_b1c1s1_seed-3_20260503_234219/iterated_local_search/run_6_worker_21/ils_config_11876256236355235797.prm
[INFO]:[23:50:11] CPLEX results. Gap: 65.990000, upper bound: 54518.420000, lower bound: 18541.415979
[INFO]:[23:50:11] CPLEX solver finished. Gap: 65.990000
[INFO]:[23:50:11] Starting CPLEX solver on instance: /home/yorig/tuner/mpils-tests/instances/miplib/medium-1/b1c1s1.mps with config: /scratch/yorig/mpils-results-grid-seconds-5-watchdog-mip-start/medium-1/24proc/seed-3/1_b1c1s1_seed-3_20260503_234219/iterated_local_search/run_6_worker_21/ils_config_3591397854441222767.prm
[INFO]:[23:50:11] Starting CPLEX solver on instance: /home/yorig/tuner/mpils-tests/instances/miplib/medium-1/b1c1s1.mps with config: /scratch/yorig/mpils-results-grid-seconds-5-watchdog-mip-start/medium-1/24proc/seed-3/1_b1c1s1_seed-3_20260503_234219/iterated_local_search/run_6_worker_21/ils_config_3591397854441222767.prm
[INFO]:[23:50:16] CPLEX results. Gap: 64.000000, upper bound: 52476.610000, lower bound: 18893.682626
[INFO]:[23:50:16] CPLEX solver finished. Gap: 64.000000
[INFO]:[23:50:16] Starting CPLEX solver on instance: /home/yorig/tuner/mpils-tests/instances/miplib/medium-1/b1c1s1.mps with config: /scratch/yorig/mpils-results-grid-seconds-5-watchdog-mip-start/medium-1/24proc/seed-3/1_b1c1s1_seed-3_20260503_234219/iterated_local_search/run_6_worker_21/ils_config_11557404847232251238.prm
[INFO]:[23:50:16] Starting CPLEX solver on instance: /home/yorig/tuner/mpils-tests/instances/miplib/medium-1/b1c1s1.mps with config: /scratch/yorig/mpils-results-grid-seconds-5-watchdog-mip-start/medium-1/24proc/seed-3/1_b1c1s1_seed-3_20260503_234219/iterated_local_search/run_6_worker_21/ils_config_11557404847232251238.prm
[INFO]:[23:50:21] CPLEX results. Gap: 64.000000, upper bound: 52476.610000, lower bound: 18893.682626
[INFO]:[23:50:21] CPLEX solver finished. Gap: 64.000000
[INFO]:[23:50:21] Starting CPLEX solver on instance: /home/yorig/tuner/mpils-tests/instances/miplib/medium-1/b1c1s1.mps with config: /scratch/yorig/mpils-results-grid-seconds-5-watchdog-mip-start/medium-1/24proc/seed-3/1_b1c1s1_seed-3_20260503_234219/iterated_local_search/run_6_worker_21/ils_config_15211322545241522698.prm
[INFO]:[23:50:21] Starting CPLEX solver on instance: /home/yorig/tuner/mpils-tests/instances/miplib/medium-1/b1c1s1.mps with config: /scratch/yorig/mpils-results-grid-seconds-5-watchdog-mip-start/medium-1/24proc/seed-3/1_b1c1s1_seed-3_20260503_234219/iterated_local_search/run_6_worker_21/ils_config_15211322545241522698.prm
[INFO]:[23:50:26] CPLEX results. Gap: 64.000000, upper bound: 52476.610000, lower bound: 18893.682626
[INFO]:[23:50:26] CPLEX solver finished. Gap: 64.000000
[INFO]:[23:50:26] Starting CPLEX solver on instance: /home/yorig/tuner/mpils-tests/instances/miplib/medium-1/b1c1s1.mps with config: /scratch/yorig/mpils-results-grid-seconds-5-watchdog-mip-start/medium-1/24proc/seed-3/1_b1c1s1_seed-3_20260503_234219/iterated_local_search/run_6_worker_21/ils_config_14695661715928351196.prm
[INFO]:[23:50:26] Starting CPLEX solver on instance: /home/yorig/tuner/mpils-tests/instances/miplib/medium-1/b1c1s1.mps with config: /scratch/yorig/mpils-results-grid-seconds-5-watchdog-mip-start/medium-1/24proc/seed-3/1_b1c1s1_seed-3_20260503_234219/iterated_local_search/run_6_worker_21/ils_config_14695661715928351196.prm
[INFO]:[23:50:31] CPLEX results. Gap: 63.110000, upper bound: 52476.610000, lower bound: 19359.721622
[INFO]:[23:50:31] CPLEX solver finished. Gap: 63.110000
[INFO]:[23:50:31] New incumbent found with objective value: 63.11
[INFO]:[23:50:31] Starting CPLEX solver on instance: /home/yorig/tuner/mpils-tests/instances/miplib/medium-1/b1c1s1.mps with config: /scratch/yorig/mpils-results-grid-seconds-5-watchdog-mip-start/medium-1/24proc/seed-3/1_b1c1s1_seed-3_20260503_234219/iterated_local_search/run_6_worker_21/ils_config_10253721148725803793.prm
[INFO]:[23:50:31] Starting CPLEX solver on instance: /home/yorig/tuner/mpils-tests/instances/miplib/medium-1/b1c1s1.mps with config: /scratch/yorig/mpils-results-grid-seconds-5-watchdog-mip-start/medium-1/24proc/seed-3/1_b1c1s1_seed-3_20260503_234219/iterated_local_search/run_6_worker_21/ils_config_10253721148725803793.prm
[INFO]:[23:50:36] CPLEX results. Gap: 27.160000, upper bound: 26898.800000, lower bound: 19594.099791
[INFO]:[23:50:36] CPLEX solver finished. Gap: 27.160000
[INFO]:[23:50:36] New incumbent found with objective value: 27.16
[INFO]:[23:50:37] Starting CPLEX solver on instance: /home/yorig/tuner/mpils-tests/instances/miplib/medium-1/b1c1s1.mps with config: /scratch/yorig/mpils-results-grid-seconds-5-watchdog-mip-start/medium-1/24proc/seed-3/1_b1c1s1_seed-3_20260503_234219/iterated_local_search/run_6_worker_21/ils_config_16377602721917408281.prm
[INFO]:[23:50:37] Starting CPLEX solver on instance: /home/yorig/tuner/mpils-tests/instances/miplib/medium-1/b1c1s1.mps with config: /scratch/yorig/mpils-results-grid-seconds-5-watchdog-mip-start/medium-1/24proc/seed-3/1_b1c1s1_seed-3_20260503_234219/iterated_local_search/run_6_worker_21/ils_config_16377602721917408281.prm
[INFO]:[23:50:42] CPLEX results. Gap: 28.140000, upper bound: 27004.500000, lower bound: 19405.780010
[INFO]:[23:50:42] CPLEX solver finished. Gap: 28.140000
[INFO]:[23:50:42] Starting CPLEX solver on instance: /home/yorig/tuner/mpils-tests/instances/miplib/medium-1/b1c1s1.mps with config: /scratch/yorig/mpils-results-grid-seconds-5-watchdog-mip-start/medium-1/24proc/seed-3/1_b1c1s1_seed-3_20260503_234219/iterated_local_search/run_6_worker_21/ils_config_6388211418822664746.prm
[INFO]:[23:50:42] Starting CPLEX solver on instance: /home/yorig/tuner/mpils-tests/instances/miplib/medium-1/b1c1s1.mps with config: /scratch/yorig/mpils-results-grid-seconds-5-watchdog-mip-start/medium-1/24proc/seed-3/1_b1c1s1_seed-3_20260503_234219/iterated_local_search/run_6_worker_21/ils_config_6388211418822664746.prm
[INFO]:[23:50:47] CPLEX results. Gap: 27.160000, upper bound: 26898.800000, lower bound: 19594.099791
[INFO]:[23:50:47] CPLEX solver finished. Gap: 27.160000
[INFO]:[23:50:47] Local search phase completed.
[INFO]:[23:50:47] Total number of new local-search evaluations: 18
[INFO]:[23:50:47] Final incumbent objective value: 27.16
[INFO]:[23:50:47] Worker 21 completed exploration phase.
[INFO]:[23:50:47] Worker 21 received order for step 3.
[INFO]:[23:50:47] Worker 21 finished.
