[INFO]:[19:26:00] Worker 8 starting.
[INFO]:[19:26:00] Worker 8 received order for step 1.
[INFO]:[19:26:00] Worker 8 running exploration phase for iteration 1.
[INFO]:[19:26:00] Worker 8 at iteration 1 will not use a MIP start file. Current best MIP-start upper bound threshold is 1.79769e+308.
[INFO]:[19:26:00] Starting local search phase...
[INFO]:[19:26:00] Creating local search space from parameter space file: /scratch/yorig/mpils-results-grid-seconds-5-no-mip-start/medium-1/24proc/seed-1/5_eilA101-2_seed-1_20260502_192559/iterated_local_search/search_space/search_space_file_1_worker_8.txt
[INFO]:[19:26:00] Local search space loaded from file: /scratch/yorig/mpils-results-grid-seconds-5-no-mip-start/medium-1/24proc/seed-1/5_eilA101-2_seed-1_20260502_192559/iterated_local_search/search_space/search_space_file_1_worker_8.txt
[INFO]:[19:26:00] Number of parameters in local search space: 71
[INFO]:[19:26:00] Number of forbidden tuples in local search space: 0
[INFO]:[19:26:00] Number of conditionals in local search space: 6
[INFO]:[19:26:00] MIP start option not enabled. Local search will proceed without MIP start.
[INFO]:[19:26:00] Evaluating initial configuration for local search phase...
[INFO]:[19:26:00] Starting CPLEX solver on instance: /home/yorig/tuner/mpils-tests/instances/miplib/medium-1/eilA101-2.mps with config: /scratch/yorig/mpils-results-grid-seconds-5-no-mip-start/medium-1/24proc/seed-1/5_eilA101-2_seed-1_20260502_192559/iterated_local_search/run_1_worker_8/ils_config_23473476996067268.prm
[INFO]:[19:26:00] Starting CPLEX solver on instance: /home/yorig/tuner/mpils-tests/instances/miplib/medium-1/eilA101-2.mps with config: /scratch/yorig/mpils-results-grid-seconds-5-no-mip-start/medium-1/24proc/seed-1/5_eilA101-2_seed-1_20260502_192559/iterated_local_search/run_1_worker_8/ils_config_23473476996067268.prm
[INFO]:[19:26:05] CPLEX results. Gap: 66.810000, upper bound: 2420.506503, lower bound: 803.373888
[INFO]:[19:26:05] CPLEX solver finished. Gap: 66.810000
[INFO]:[19:26:05] Initial configuration evaluated with objective value: 66.81
[INFO]:[19:26:05] Starting CPLEX solver on instance: /home/yorig/tuner/mpils-tests/instances/miplib/medium-1/eilA101-2.mps with config: /scratch/yorig/mpils-results-grid-seconds-5-no-mip-start/medium-1/24proc/seed-1/5_eilA101-2_seed-1_20260502_192559/iterated_local_search/run_1_worker_8/ils_config_10716153664590026532.prm
[INFO]:[19:26:05] Starting CPLEX solver on instance: /home/yorig/tuner/mpils-tests/instances/miplib/medium-1/eilA101-2.mps with config: /scratch/yorig/mpils-results-grid-seconds-5-no-mip-start/medium-1/24proc/seed-1/5_eilA101-2_seed-1_20260502_192559/iterated_local_search/run_1_worker_8/ils_config_10716153664590026532.prm
[INFO]:[19:26:11] CPLEX results. Gap: 66.810000, upper bound: 2420.506503, lower bound: 803.373888
[INFO]:[19:26:11] CPLEX solver finished. Gap: 66.810000
[INFO]:[19:26:11] Starting CPLEX solver on instance: /home/yorig/tuner/mpils-tests/instances/miplib/medium-1/eilA101-2.mps with config: /scratch/yorig/mpils-results-grid-seconds-5-no-mip-start/medium-1/24proc/seed-1/5_eilA101-2_seed-1_20260502_192559/iterated_local_search/run_1_worker_8/ils_config_14421176985597233526.prm
[INFO]:[19:26:11] Starting CPLEX solver on instance: /home/yorig/tuner/mpils-tests/instances/miplib/medium-1/eilA101-2.mps with config: /scratch/yorig/mpils-results-grid-seconds-5-no-mip-start/medium-1/24proc/seed-1/5_eilA101-2_seed-1_20260502_192559/iterated_local_search/run_1_worker_8/ils_config_14421176985597233526.prm
[INFO]:[19:26:16] CPLEX results. Gap: 66.810000, upper bound: 2420.506503, lower bound: 803.373888
[INFO]:[19:26:16] CPLEX solver finished. Gap: 66.810000
[INFO]:[19:26:16] Starting CPLEX solver on instance: /home/yorig/tuner/mpils-tests/instances/miplib/medium-1/eilA101-2.mps with config: /scratch/yorig/mpils-results-grid-seconds-5-no-mip-start/medium-1/24proc/seed-1/5_eilA101-2_seed-1_20260502_192559/iterated_local_search/run_1_worker_8/ils_config_9529968930390240917.prm
[INFO]:[19:26:16] Starting CPLEX solver on instance: /home/yorig/tuner/mpils-tests/instances/miplib/medium-1/eilA101-2.mps with config: /scratch/yorig/mpils-results-grid-seconds-5-no-mip-start/medium-1/24proc/seed-1/5_eilA101-2_seed-1_20260502_192559/iterated_local_search/run_1_worker_8/ils_config_9529968930390240917.prm
[INFO]:[19:26:22] CPLEX results. Gap: 66.810000, upper bound: 2420.506503, lower bound: 803.373888
[INFO]:[19:26:22] CPLEX solver finished. Gap: 66.810000
[INFO]:[19:26:22] Starting CPLEX solver on instance: /home/yorig/tuner/mpils-tests/instances/miplib/medium-1/eilA101-2.mps with config: /scratch/yorig/mpils-results-grid-seconds-5-no-mip-start/medium-1/24proc/seed-1/5_eilA101-2_seed-1_20260502_192559/iterated_local_search/run_1_worker_8/ils_config_18239486915341838984.prm
[INFO]:[19:26:22] Starting CPLEX solver on instance: /home/yorig/tuner/mpils-tests/instances/miplib/medium-1/eilA101-2.mps with config: /scratch/yorig/mpils-results-grid-seconds-5-no-mip-start/medium-1/24proc/seed-1/5_eilA101-2_seed-1_20260502_192559/iterated_local_search/run_1_worker_8/ils_config_18239486915341838984.prm
[INFO]:[19:26:27] CPLEX results. Gap: 66.810000, upper bound: 2420.506503, lower bound: 803.373888
[INFO]:[19:26:27] CPLEX solver finished. Gap: 66.810000
[INFO]:[19:26:27] Starting CPLEX solver on instance: /home/yorig/tuner/mpils-tests/instances/miplib/medium-1/eilA101-2.mps with config: /scratch/yorig/mpils-results-grid-seconds-5-no-mip-start/medium-1/24proc/seed-1/5_eilA101-2_seed-1_20260502_192559/iterated_local_search/run_1_worker_8/ils_config_5078994164343098922.prm
[INFO]:[19:26:27] Starting CPLEX solver on instance: /home/yorig/tuner/mpils-tests/instances/miplib/medium-1/eilA101-2.mps with config: /scratch/yorig/mpils-results-grid-seconds-5-no-mip-start/medium-1/24proc/seed-1/5_eilA101-2_seed-1_20260502_192559/iterated_local_search/run_1_worker_8/ils_config_5078994164343098922.prm
[INFO]:[19:26:33] CPLEX results. Gap: 66.810000, upper bound: 2420.506503, lower bound: 803.373888
[INFO]:[19:26:33] CPLEX solver finished. Gap: 66.810000
[INFO]:[19:26:33] Starting CPLEX solver on instance: /home/yorig/tuner/mpils-tests/instances/miplib/medium-1/eilA101-2.mps with config: /scratch/yorig/mpils-results-grid-seconds-5-no-mip-start/medium-1/24proc/seed-1/5_eilA101-2_seed-1_20260502_192559/iterated_local_search/run_1_worker_8/ils_config_3575523875315152009.prm
[INFO]:[19:26:33] Starting CPLEX solver on instance: /home/yorig/tuner/mpils-tests/instances/miplib/medium-1/eilA101-2.mps with config: /scratch/yorig/mpils-results-grid-seconds-5-no-mip-start/medium-1/24proc/seed-1/5_eilA101-2_seed-1_20260502_192559/iterated_local_search/run_1_worker_8/ils_config_3575523875315152009.prm
[INFO]:[19:26:38] CPLEX results. Gap: 66.810000, upper bound: 2420.506503, lower bound: 803.373888
[INFO]:[19:26:38] CPLEX solver finished. Gap: 66.810000
[INFO]:[19:26:38] Starting CPLEX solver on instance: /home/yorig/tuner/mpils-tests/instances/miplib/medium-1/eilA101-2.mps with config: /scratch/yorig/mpils-results-grid-seconds-5-no-mip-start/medium-1/24proc/seed-1/5_eilA101-2_seed-1_20260502_192559/iterated_local_search/run_1_worker_8/ils_config_18159864436489359798.prm
[INFO]:[19:26:38] Starting CPLEX solver on instance: /home/yorig/tuner/mpils-tests/instances/miplib/medium-1/eilA101-2.mps with config: /scratch/yorig/mpils-results-grid-seconds-5-no-mip-start/medium-1/24proc/seed-1/5_eilA101-2_seed-1_20260502_192559/iterated_local_search/run_1_worker_8/ils_config_18159864436489359798.prm
[INFO]:[19:26:44] CPLEX results. Gap: 52.540000, upper bound: 1693.676887, lower bound: 803.743361
[INFO]:[19:26:44] CPLEX solver finished. Gap: 52.540000
[INFO]:[19:26:44] New incumbent found with objective value: 52.54
[INFO]:[19:26:44] Starting CPLEX solver on instance: /home/yorig/tuner/mpils-tests/instances/miplib/medium-1/eilA101-2.mps with config: /scratch/yorig/mpils-results-grid-seconds-5-no-mip-start/medium-1/24proc/seed-1/5_eilA101-2_seed-1_20260502_192559/iterated_local_search/run_1_worker_8/ils_config_18024348797927151145.prm
[INFO]:[19:26:44] Starting CPLEX solver on instance: /home/yorig/tuner/mpils-tests/instances/miplib/medium-1/eilA101-2.mps with config: /scratch/yorig/mpils-results-grid-seconds-5-no-mip-start/medium-1/24proc/seed-1/5_eilA101-2_seed-1_20260502_192559/iterated_local_search/run_1_worker_8/ils_config_18024348797927151145.prm
[INFO]:[19:26:49] CPLEX results. Gap: 52.540000, upper bound: 1693.676887, lower bound: 803.743361
[INFO]:[19:26:49] CPLEX solver finished. Gap: 52.540000
[INFO]:[19:26:49] Starting CPLEX solver on instance: /home/yorig/tuner/mpils-tests/instances/miplib/medium-1/eilA101-2.mps with config: /scratch/yorig/mpils-results-grid-seconds-5-no-mip-start/medium-1/24proc/seed-1/5_eilA101-2_seed-1_20260502_192559/iterated_local_search/run_1_worker_8/ils_config_5422235756910271525.prm
[INFO]:[19:26:49] Starting CPLEX solver on instance: /home/yorig/tuner/mpils-tests/instances/miplib/medium-1/eilA101-2.mps with config: /scratch/yorig/mpils-results-grid-seconds-5-no-mip-start/medium-1/24proc/seed-1/5_eilA101-2_seed-1_20260502_192559/iterated_local_search/run_1_worker_8/ils_config_5422235756910271525.prm
[INFO]:[19:27:04] CPLEX results. Gap: 66.810000, upper bound: 2420.506503, lower bound: 803.373888
[INFO]:[19:27:04] CPLEX solver finished. Gap: 66.810000
[INFO]:[19:27:04] Starting CPLEX solver on instance: /home/yorig/tuner/mpils-tests/instances/miplib/medium-1/eilA101-2.mps with config: /scratch/yorig/mpils-results-grid-seconds-5-no-mip-start/medium-1/24proc/seed-1/5_eilA101-2_seed-1_20260502_192559/iterated_local_search/run_1_worker_8/ils_config_10545051596457356587.prm
[INFO]:[19:27:04] Starting CPLEX solver on instance: /home/yorig/tuner/mpils-tests/instances/miplib/medium-1/eilA101-2.mps with config: /scratch/yorig/mpils-results-grid-seconds-5-no-mip-start/medium-1/24proc/seed-1/5_eilA101-2_seed-1_20260502_192559/iterated_local_search/run_1_worker_8/ils_config_10545051596457356587.prm
[INFO]:[19:27:09] CPLEX results. Gap: 42.100000, upper bound: 1387.531109, lower bound: 803.373888
[INFO]:[19:27:09] CPLEX solver finished. Gap: 42.100000
[INFO]:[19:27:09] New incumbent found with objective value: 42.1
[INFO]:[19:27:09] Starting CPLEX solver on instance: /home/yorig/tuner/mpils-tests/instances/miplib/medium-1/eilA101-2.mps with config: /scratch/yorig/mpils-results-grid-seconds-5-no-mip-start/medium-1/24proc/seed-1/5_eilA101-2_seed-1_20260502_192559/iterated_local_search/run_1_worker_8/ils_config_8315897517961946418.prm
[INFO]:[19:27:09] Starting CPLEX solver on instance: /home/yorig/tuner/mpils-tests/instances/miplib/medium-1/eilA101-2.mps with config: /scratch/yorig/mpils-results-grid-seconds-5-no-mip-start/medium-1/24proc/seed-1/5_eilA101-2_seed-1_20260502_192559/iterated_local_search/run_1_worker_8/ils_config_8315897517961946418.prm
[INFO]:[19:27:15] CPLEX results. Gap: 42.100000, upper bound: 1387.531109, lower bound: 803.373888
[INFO]:[19:27:15] CPLEX solver finished. Gap: 42.100000
[INFO]:[19:27:15] Starting CPLEX solver on instance: /home/yorig/tuner/mpils-tests/instances/miplib/medium-1/eilA101-2.mps with config: /scratch/yorig/mpils-results-grid-seconds-5-no-mip-start/medium-1/24proc/seed-1/5_eilA101-2_seed-1_20260502_192559/iterated_local_search/run_1_worker_8/ils_config_435974143584908758.prm
[INFO]:[19:27:15] Starting CPLEX solver on instance: /home/yorig/tuner/mpils-tests/instances/miplib/medium-1/eilA101-2.mps with config: /scratch/yorig/mpils-results-grid-seconds-5-no-mip-start/medium-1/24proc/seed-1/5_eilA101-2_seed-1_20260502_192559/iterated_local_search/run_1_worker_8/ils_config_435974143584908758.prm
[INFO]:[19:27:20] CPLEX results. Gap: 66.620000, upper bound: 2406.646621, lower bound: 803.373888
[INFO]:[19:27:20] CPLEX solver finished. Gap: 66.620000
[INFO]:[19:27:20] Starting CPLEX solver on instance: /home/yorig/tuner/mpils-tests/instances/miplib/medium-1/eilA101-2.mps with config: /scratch/yorig/mpils-results-grid-seconds-5-no-mip-start/medium-1/24proc/seed-1/5_eilA101-2_seed-1_20260502_192559/iterated_local_search/run_1_worker_8/ils_config_12300942224435359590.prm
[INFO]:[19:27:20] Starting CPLEX solver on instance: /home/yorig/tuner/mpils-tests/instances/miplib/medium-1/eilA101-2.mps with config: /scratch/yorig/mpils-results-grid-seconds-5-no-mip-start/medium-1/24proc/seed-1/5_eilA101-2_seed-1_20260502_192559/iterated_local_search/run_1_worker_8/ils_config_12300942224435359590.prm
[INFO]:[19:27:26] CPLEX results. Gap: 42.100000, upper bound: 1387.531109, lower bound: 803.373888
[INFO]:[19:27:26] CPLEX solver finished. Gap: 42.100000
[INFO]:[19:27:26] Starting CPLEX solver on instance: /home/yorig/tuner/mpils-tests/instances/miplib/medium-1/eilA101-2.mps with config: /scratch/yorig/mpils-results-grid-seconds-5-no-mip-start/medium-1/24proc/seed-1/5_eilA101-2_seed-1_20260502_192559/iterated_local_search/run_1_worker_8/ils_config_13442419893345365668.prm
[INFO]:[19:27:26] Starting CPLEX solver on instance: /home/yorig/tuner/mpils-tests/instances/miplib/medium-1/eilA101-2.mps with config: /scratch/yorig/mpils-results-grid-seconds-5-no-mip-start/medium-1/24proc/seed-1/5_eilA101-2_seed-1_20260502_192559/iterated_local_search/run_1_worker_8/ils_config_13442419893345365668.prm
[INFO]:[19:27:31] CPLEX results. Gap: 66.760000, upper bound: 2420.506503, lower bound: 804.560257
[INFO]:[19:27:31] CPLEX solver finished. Gap: 66.760000
[INFO]:[19:27:31] Starting CPLEX solver on instance: /home/yorig/tuner/mpils-tests/instances/miplib/medium-1/eilA101-2.mps with config: /scratch/yorig/mpils-results-grid-seconds-5-no-mip-start/medium-1/24proc/seed-1/5_eilA101-2_seed-1_20260502_192559/iterated_local_search/run_1_worker_8/ils_config_6784949388158218727.prm
[INFO]:[19:27:31] Starting CPLEX solver on instance: /home/yorig/tuner/mpils-tests/instances/miplib/medium-1/eilA101-2.mps with config: /scratch/yorig/mpils-results-grid-seconds-5-no-mip-start/medium-1/24proc/seed-1/5_eilA101-2_seed-1_20260502_192559/iterated_local_search/run_1_worker_8/ils_config_6784949388158218727.prm
[INFO]:[19:27:39] CPLEX results. Gap: 66.810000, upper bound: 2420.506503, lower bound: 803.373888
[INFO]:[19:27:39] CPLEX solver finished. Gap: 66.810000
[INFO]:[19:27:39] Starting CPLEX solver on instance: /home/yorig/tuner/mpils-tests/instances/miplib/medium-1/eilA101-2.mps with config: /scratch/yorig/mpils-results-grid-seconds-5-no-mip-start/medium-1/24proc/seed-1/5_eilA101-2_seed-1_20260502_192559/iterated_local_search/run_1_worker_8/ils_config_5262957212641710621.prm
[INFO]:[19:27:39] Starting CPLEX solver on instance: /home/yorig/tuner/mpils-tests/instances/miplib/medium-1/eilA101-2.mps with config: /scratch/yorig/mpils-results-grid-seconds-5-no-mip-start/medium-1/24proc/seed-1/5_eilA101-2_seed-1_20260502_192559/iterated_local_search/run_1_worker_8/ils_config_5262957212641710621.prm
[INFO]:[19:27:45] CPLEX results. Gap: 42.100000, upper bound: 1387.531109, lower bound: 803.373888
[INFO]:[19:27:45] CPLEX solver finished. Gap: 42.100000
[INFO]:[19:27:45] Starting CPLEX solver on instance: /home/yorig/tuner/mpils-tests/instances/miplib/medium-1/eilA101-2.mps with config: /scratch/yorig/mpils-results-grid-seconds-5-no-mip-start/medium-1/24proc/seed-1/5_eilA101-2_seed-1_20260502_192559/iterated_local_search/run_1_worker_8/ils_config_11127282624020852457.prm
[INFO]:[19:27:45] Starting CPLEX solver on instance: /home/yorig/tuner/mpils-tests/instances/miplib/medium-1/eilA101-2.mps with config: /scratch/yorig/mpils-results-grid-seconds-5-no-mip-start/medium-1/24proc/seed-1/5_eilA101-2_seed-1_20260502_192559/iterated_local_search/run_1_worker_8/ils_config_11127282624020852457.prm
[INFO]:[19:27:50] CPLEX results. Gap: 42.100000, upper bound: 1387.531109, lower bound: 803.373888
[INFO]:[19:27:50] CPLEX solver finished. Gap: 42.100000
[INFO]:[19:27:50] Starting CPLEX solver on instance: /home/yorig/tuner/mpils-tests/instances/miplib/medium-1/eilA101-2.mps with config: /scratch/yorig/mpils-results-grid-seconds-5-no-mip-start/medium-1/24proc/seed-1/5_eilA101-2_seed-1_20260502_192559/iterated_local_search/run_1_worker_8/ils_config_8300513533070700685.prm
[INFO]:[19:27:50] Starting CPLEX solver on instance: /home/yorig/tuner/mpils-tests/instances/miplib/medium-1/eilA101-2.mps with config: /scratch/yorig/mpils-results-grid-seconds-5-no-mip-start/medium-1/24proc/seed-1/5_eilA101-2_seed-1_20260502_192559/iterated_local_search/run_1_worker_8/ils_config_8300513533070700685.prm
[INFO]:[19:27:56] CPLEX results. Gap: 42.100000, upper bound: 1387.531109, lower bound: 803.373888
[INFO]:[19:27:56] CPLEX solver finished. Gap: 42.100000
[INFO]:[19:27:56] Starting CPLEX solver on instance: /home/yorig/tuner/mpils-tests/instances/miplib/medium-1/eilA101-2.mps with config: /scratch/yorig/mpils-results-grid-seconds-5-no-mip-start/medium-1/24proc/seed-1/5_eilA101-2_seed-1_20260502_192559/iterated_local_search/run_1_worker_8/ils_config_10743849871932257033.prm
[INFO]:[19:27:56] Starting CPLEX solver on instance: /home/yorig/tuner/mpils-tests/instances/miplib/medium-1/eilA101-2.mps with config: /scratch/yorig/mpils-results-grid-seconds-5-no-mip-start/medium-1/24proc/seed-1/5_eilA101-2_seed-1_20260502_192559/iterated_local_search/run_1_worker_8/ils_config_10743849871932257033.prm
[INFO]:[19:28:02] CPLEX results. Gap: 42.100000, upper bound: 1387.531109, lower bound: 803.373888
[INFO]:[19:28:02] CPLEX solver finished. Gap: 42.100000
[INFO]:[19:28:02] Local search phase completed.
[INFO]:[19:28:02] Total number of new local-search evaluations: 20
[INFO]:[19:28:02] Final incumbent objective value: 42.1
[INFO]:[19:35:43] Worker 8 completed exploration phase.
[INFO]:[19:35:43] Worker 8 received order for step 2.
[INFO]:[19:35:43] Worker 8 running expansion phase for iteration 1.
[INFO]:[19:35:43] Worker 8 will use solver log file: /scratch/yorig/mpils-results-grid-seconds-5-no-mip-start/medium-1/24proc/seed-1/5_eilA101-2_seed-1_20260502_192559/solver/cplex.log_iteration_expansion_1_worker_8
[INFO]:[19:35:43] Expansion Worker 8 starting expansion for iteration 1.
[INFO]:[19:35:43] Starting CPLEX solver on instance: /home/yorig/tuner/mpils-tests/instances/miplib/medium-1/eilA101-2.mps with config: /scratch/yorig/mpils-results-grid-seconds-5-no-mip-start/medium-1/24proc/seed-1/5_eilA101-2_seed-1_20260502_192559/expansion/config_param_CPXPARAM_MIP_Limits_ProbeTime_5_iter_1.prm
[INFO]:[19:35:48] CPLEX results. Gap: 100.000000, upper bound: 2420.506503, lower bound: 0.000000
[INFO]:[19:35:48] CPLEX solver finished. Gap: 100.000000
[INFO]:[19:35:49] Expansion Worker 8 stopping early after global MPI expansion stop was activated.
[INFO]:[19:35:49] Expansion Worker 8 completed expansion.
[INFO]:[19:35:49] Worker 8 completed expansion phase.
[INFO]:[19:35:49] Worker 8 received order for step 1.
[INFO]:[19:35:49] Worker 8 running exploration phase for iteration 2.
[INFO]:[19:35:49] Worker 8 at iteration 2 will not use a MIP start file. Current best MIP-start upper bound threshold is 1.79769e+308.
[INFO]:[19:35:49] Starting local search phase...
[INFO]:[19:35:49] Creating local search space from parameter space file: /scratch/yorig/mpils-results-grid-seconds-5-no-mip-start/medium-1/24proc/seed-1/5_eilA101-2_seed-1_20260502_192559/iterated_local_search/search_space/search_space_file_2_worker_8.txt
[INFO]:[19:35:49] Local search space loaded from file: /scratch/yorig/mpils-results-grid-seconds-5-no-mip-start/medium-1/24proc/seed-1/5_eilA101-2_seed-1_20260502_192559/iterated_local_search/search_space/search_space_file_2_worker_8.txt
[INFO]:[19:35:49] Number of parameters in local search space: 71
[INFO]:[19:35:49] Number of forbidden tuples in local search space: 22
[INFO]:[19:35:49] Number of conditionals in local search space: 6
[INFO]:[19:35:49] MIP start option not enabled. Local search will proceed without MIP start.
[INFO]:[19:35:49] Evaluating initial configuration for local search phase...
[INFO]:[19:35:49] Starting CPLEX solver on instance: /home/yorig/tuner/mpils-tests/instances/miplib/medium-1/eilA101-2.mps with config: /scratch/yorig/mpils-results-grid-seconds-5-no-mip-start/medium-1/24proc/seed-1/5_eilA101-2_seed-1_20260502_192559/iterated_local_search/run_2_worker_8/ils_config_17542905833914830316.prm
[INFO]:[19:35:49] Starting CPLEX solver on instance: /home/yorig/tuner/mpils-tests/instances/miplib/medium-1/eilA101-2.mps with config: /scratch/yorig/mpils-results-grid-seconds-5-no-mip-start/medium-1/24proc/seed-1/5_eilA101-2_seed-1_20260502_192559/iterated_local_search/run_2_worker_8/ils_config_17542905833914830316.prm
[INFO]:[19:35:54] CPLEX results. Gap: 100.000000, upper bound: 2420.506503, lower bound: 0.000000
[INFO]:[19:35:54] CPLEX solver finished. Gap: 100.000000
[INFO]:[19:35:54] Initial configuration evaluated with objective value: 100
[INFO]:[19:35:54] Starting CPLEX solver on instance: /home/yorig/tuner/mpils-tests/instances/miplib/medium-1/eilA101-2.mps with config: /scratch/yorig/mpils-results-grid-seconds-5-no-mip-start/medium-1/24proc/seed-1/5_eilA101-2_seed-1_20260502_192559/iterated_local_search/run_2_worker_8/ils_config_5227980382062540701.prm
[INFO]:[19:35:54] Starting CPLEX solver on instance: /home/yorig/tuner/mpils-tests/instances/miplib/medium-1/eilA101-2.mps with config: /scratch/yorig/mpils-results-grid-seconds-5-no-mip-start/medium-1/24proc/seed-1/5_eilA101-2_seed-1_20260502_192559/iterated_local_search/run_2_worker_8/ils_config_5227980382062540701.prm
[INFO]:[19:35:59] CPLEX results. Gap: 100.000000, upper bound: 2420.506503, lower bound: 0.000000
[INFO]:[19:35:59] CPLEX solver finished. Gap: 100.000000
[INFO]:[19:35:59] Starting CPLEX solver on instance: /home/yorig/tuner/mpils-tests/instances/miplib/medium-1/eilA101-2.mps with config: /scratch/yorig/mpils-results-grid-seconds-5-no-mip-start/medium-1/24proc/seed-1/5_eilA101-2_seed-1_20260502_192559/iterated_local_search/run_2_worker_8/ils_config_12205497225258547075.prm
[INFO]:[19:35:59] Starting CPLEX solver on instance: /home/yorig/tuner/mpils-tests/instances/miplib/medium-1/eilA101-2.mps with config: /scratch/yorig/mpils-results-grid-seconds-5-no-mip-start/medium-1/24proc/seed-1/5_eilA101-2_seed-1_20260502_192559/iterated_local_search/run_2_worker_8/ils_config_12205497225258547075.prm
[INFO]:[19:36:05] CPLEX results. Gap: 100.000000, upper bound: 2420.506503, lower bound: 0.000000
[INFO]:[19:36:05] CPLEX solver finished. Gap: 100.000000
[INFO]:[19:36:05] Starting CPLEX solver on instance: /home/yorig/tuner/mpils-tests/instances/miplib/medium-1/eilA101-2.mps with config: /scratch/yorig/mpils-results-grid-seconds-5-no-mip-start/medium-1/24proc/seed-1/5_eilA101-2_seed-1_20260502_192559/iterated_local_search/run_2_worker_8/ils_config_13382125872435058304.prm
[INFO]:[19:36:05] Starting CPLEX solver on instance: /home/yorig/tuner/mpils-tests/instances/miplib/medium-1/eilA101-2.mps with config: /scratch/yorig/mpils-results-grid-seconds-5-no-mip-start/medium-1/24proc/seed-1/5_eilA101-2_seed-1_20260502_192559/iterated_local_search/run_2_worker_8/ils_config_13382125872435058304.prm
[INFO]:[19:36:10] CPLEX results. Gap: 100.000000, upper bound: 2420.506503, lower bound: 0.000000
[INFO]:[19:36:10] CPLEX solver finished. Gap: 100.000000
[INFO]:[19:36:10] Starting CPLEX solver on instance: /home/yorig/tuner/mpils-tests/instances/miplib/medium-1/eilA101-2.mps with config: /scratch/yorig/mpils-results-grid-seconds-5-no-mip-start/medium-1/24proc/seed-1/5_eilA101-2_seed-1_20260502_192559/iterated_local_search/run_2_worker_8/ils_config_10438679665228056540.prm
[INFO]:[19:36:10] Starting CPLEX solver on instance: /home/yorig/tuner/mpils-tests/instances/miplib/medium-1/eilA101-2.mps with config: /scratch/yorig/mpils-results-grid-seconds-5-no-mip-start/medium-1/24proc/seed-1/5_eilA101-2_seed-1_20260502_192559/iterated_local_search/run_2_worker_8/ils_config_10438679665228056540.prm
[INFO]:[19:36:15] CPLEX results. Gap: 100.000000, upper bound: 2420.506503, lower bound: 0.000000
[INFO]:[19:36:15] CPLEX solver finished. Gap: 100.000000
[INFO]:[19:36:15] Starting CPLEX solver on instance: /home/yorig/tuner/mpils-tests/instances/miplib/medium-1/eilA101-2.mps with config: /scratch/yorig/mpils-results-grid-seconds-5-no-mip-start/medium-1/24proc/seed-1/5_eilA101-2_seed-1_20260502_192559/iterated_local_search/run_2_worker_8/ils_config_3056558766427217618.prm
[INFO]:[19:36:15] Starting CPLEX solver on instance: /home/yorig/tuner/mpils-tests/instances/miplib/medium-1/eilA101-2.mps with config: /scratch/yorig/mpils-results-grid-seconds-5-no-mip-start/medium-1/24proc/seed-1/5_eilA101-2_seed-1_20260502_192559/iterated_local_search/run_2_worker_8/ils_config_3056558766427217618.prm
[INFO]:[19:36:20] CPLEX results. Gap: 66.810000, upper bound: 2420.506503, lower bound: 803.373888
[INFO]:[19:36:20] CPLEX solver finished. Gap: 66.810000
[INFO]:[19:36:20] New incumbent found with objective value: 66.81
[INFO]:[19:36:20] Starting CPLEX solver on instance: /home/yorig/tuner/mpils-tests/instances/miplib/medium-1/eilA101-2.mps with config: /scratch/yorig/mpils-results-grid-seconds-5-no-mip-start/medium-1/24proc/seed-1/5_eilA101-2_seed-1_20260502_192559/iterated_local_search/run_2_worker_8/ils_config_11546719166260350987.prm
[INFO]:[19:36:20] Starting CPLEX solver on instance: /home/yorig/tuner/mpils-tests/instances/miplib/medium-1/eilA101-2.mps with config: /scratch/yorig/mpils-results-grid-seconds-5-no-mip-start/medium-1/24proc/seed-1/5_eilA101-2_seed-1_20260502_192559/iterated_local_search/run_2_worker_8/ils_config_11546719166260350987.prm
[INFO]:[19:36:25] CPLEX results. Gap: 66.810000, upper bound: 2420.506503, lower bound: 803.373888
[INFO]:[19:36:25] CPLEX solver finished. Gap: 66.810000
[INFO]:[19:36:25] Starting CPLEX solver on instance: /home/yorig/tuner/mpils-tests/instances/miplib/medium-1/eilA101-2.mps with config: /scratch/yorig/mpils-results-grid-seconds-5-no-mip-start/medium-1/24proc/seed-1/5_eilA101-2_seed-1_20260502_192559/iterated_local_search/run_2_worker_8/ils_config_5910427134138144675.prm
[INFO]:[19:36:25] Starting CPLEX solver on instance: /home/yorig/tuner/mpils-tests/instances/miplib/medium-1/eilA101-2.mps with config: /scratch/yorig/mpils-results-grid-seconds-5-no-mip-start/medium-1/24proc/seed-1/5_eilA101-2_seed-1_20260502_192559/iterated_local_search/run_2_worker_8/ils_config_5910427134138144675.prm
[INFO]:[19:36:31] CPLEX results. Gap: 66.810000, upper bound: 2420.506503, lower bound: 803.373888
[INFO]:[19:36:31] CPLEX solver finished. Gap: 66.810000
[INFO]:[19:36:31] Starting CPLEX solver on instance: /home/yorig/tuner/mpils-tests/instances/miplib/medium-1/eilA101-2.mps with config: /scratch/yorig/mpils-results-grid-seconds-5-no-mip-start/medium-1/24proc/seed-1/5_eilA101-2_seed-1_20260502_192559/iterated_local_search/run_2_worker_8/ils_config_12868668556330619423.prm
[INFO]:[19:36:31] Starting CPLEX solver on instance: /home/yorig/tuner/mpils-tests/instances/miplib/medium-1/eilA101-2.mps with config: /scratch/yorig/mpils-results-grid-seconds-5-no-mip-start/medium-1/24proc/seed-1/5_eilA101-2_seed-1_20260502_192559/iterated_local_search/run_2_worker_8/ils_config_12868668556330619423.prm
[INFO]:[19:36:36] CPLEX results. Gap: 66.810000, upper bound: 2420.506503, lower bound: 803.373888
[INFO]:[19:36:36] CPLEX solver finished. Gap: 66.810000
[INFO]:[19:36:36] Starting CPLEX solver on instance: /home/yorig/tuner/mpils-tests/instances/miplib/medium-1/eilA101-2.mps with config: /scratch/yorig/mpils-results-grid-seconds-5-no-mip-start/medium-1/24proc/seed-1/5_eilA101-2_seed-1_20260502_192559/iterated_local_search/run_2_worker_8/ils_config_18068770847620460886.prm
[INFO]:[19:36:36] Starting CPLEX solver on instance: /home/yorig/tuner/mpils-tests/instances/miplib/medium-1/eilA101-2.mps with config: /scratch/yorig/mpils-results-grid-seconds-5-no-mip-start/medium-1/24proc/seed-1/5_eilA101-2_seed-1_20260502_192559/iterated_local_search/run_2_worker_8/ils_config_18068770847620460886.prm
[INFO]:[19:36:41] CPLEX results. Gap: 53.850000, upper bound: 1740.678822, lower bound: 803.373888
[INFO]:[19:36:41] CPLEX solver finished. Gap: 53.850000
[INFO]:[19:36:41] New incumbent found with objective value: 53.85
[INFO]:[19:36:41] Starting CPLEX solver on instance: /home/yorig/tuner/mpils-tests/instances/miplib/medium-1/eilA101-2.mps with config: /scratch/yorig/mpils-results-grid-seconds-5-no-mip-start/medium-1/24proc/seed-1/5_eilA101-2_seed-1_20260502_192559/iterated_local_search/run_2_worker_8/ils_config_9214637365211105674.prm
[INFO]:[19:36:41] Starting CPLEX solver on instance: /home/yorig/tuner/mpils-tests/instances/miplib/medium-1/eilA101-2.mps with config: /scratch/yorig/mpils-results-grid-seconds-5-no-mip-start/medium-1/24proc/seed-1/5_eilA101-2_seed-1_20260502_192559/iterated_local_search/run_2_worker_8/ils_config_9214637365211105674.prm
[INFO]:[19:36:47] CPLEX results. Gap: 53.850000, upper bound: 1740.678822, lower bound: 803.373888
[INFO]:[19:36:47] CPLEX solver finished. Gap: 53.850000
[INFO]:[19:36:47] Starting CPLEX solver on instance: /home/yorig/tuner/mpils-tests/instances/miplib/medium-1/eilA101-2.mps with config: /scratch/yorig/mpils-results-grid-seconds-5-no-mip-start/medium-1/24proc/seed-1/5_eilA101-2_seed-1_20260502_192559/iterated_local_search/run_2_worker_8/ils_config_1691605727223389791.prm
[INFO]:[19:36:47] Starting CPLEX solver on instance: /home/yorig/tuner/mpils-tests/instances/miplib/medium-1/eilA101-2.mps with config: /scratch/yorig/mpils-results-grid-seconds-5-no-mip-start/medium-1/24proc/seed-1/5_eilA101-2_seed-1_20260502_192559/iterated_local_search/run_2_worker_8/ils_config_1691605727223389791.prm
[INFO]:[19:36:52] CPLEX results. Gap: 53.850000, upper bound: 1740.678822, lower bound: 803.373888
[INFO]:[19:36:52] CPLEX solver finished. Gap: 53.850000
[INFO]:[19:36:52] Starting CPLEX solver on instance: /home/yorig/tuner/mpils-tests/instances/miplib/medium-1/eilA101-2.mps with config: /scratch/yorig/mpils-results-grid-seconds-5-no-mip-start/medium-1/24proc/seed-1/5_eilA101-2_seed-1_20260502_192559/iterated_local_search/run_2_worker_8/ils_config_12777733970523626767.prm
[INFO]:[19:36:52] Starting CPLEX solver on instance: /home/yorig/tuner/mpils-tests/instances/miplib/medium-1/eilA101-2.mps with config: /scratch/yorig/mpils-results-grid-seconds-5-no-mip-start/medium-1/24proc/seed-1/5_eilA101-2_seed-1_20260502_192559/iterated_local_search/run_2_worker_8/ils_config_12777733970523626767.prm
[INFO]:[19:36:57] CPLEX results. Gap: 35.150000, upper bound: 1239.686288, lower bound: 803.911236
[INFO]:[19:36:57] CPLEX solver finished. Gap: 35.150000
[INFO]:[19:36:57] New incumbent found with objective value: 35.15
[INFO]:[19:36:57] Starting CPLEX solver on instance: /home/yorig/tuner/mpils-tests/instances/miplib/medium-1/eilA101-2.mps with config: /scratch/yorig/mpils-results-grid-seconds-5-no-mip-start/medium-1/24proc/seed-1/5_eilA101-2_seed-1_20260502_192559/iterated_local_search/run_2_worker_8/ils_config_8170085460325982048.prm
[INFO]:[19:36:57] Starting CPLEX solver on instance: /home/yorig/tuner/mpils-tests/instances/miplib/medium-1/eilA101-2.mps with config: /scratch/yorig/mpils-results-grid-seconds-5-no-mip-start/medium-1/24proc/seed-1/5_eilA101-2_seed-1_20260502_192559/iterated_local_search/run_2_worker_8/ils_config_8170085460325982048.prm
[INFO]:[19:37:03] CPLEX results. Gap: 35.150000, upper bound: 1239.686288, lower bound: 803.911236
[INFO]:[19:37:03] CPLEX solver finished. Gap: 35.150000
[INFO]:[19:37:03] Starting CPLEX solver on instance: /home/yorig/tuner/mpils-tests/instances/miplib/medium-1/eilA101-2.mps with config: /scratch/yorig/mpils-results-grid-seconds-5-no-mip-start/medium-1/24proc/seed-1/5_eilA101-2_seed-1_20260502_192559/iterated_local_search/run_2_worker_8/ils_config_6287271880430528808.prm
[INFO]:[19:37:03] Starting CPLEX solver on instance: /home/yorig/tuner/mpils-tests/instances/miplib/medium-1/eilA101-2.mps with config: /scratch/yorig/mpils-results-grid-seconds-5-no-mip-start/medium-1/24proc/seed-1/5_eilA101-2_seed-1_20260502_192559/iterated_local_search/run_2_worker_8/ils_config_6287271880430528808.prm
[INFO]:[19:37:08] CPLEX results. Gap: 35.150000, upper bound: 1239.686288, lower bound: 803.911236
[INFO]:[19:37:08] CPLEX solver finished. Gap: 35.150000
[INFO]:[19:37:08] Starting CPLEX solver on instance: /home/yorig/tuner/mpils-tests/instances/miplib/medium-1/eilA101-2.mps with config: /scratch/yorig/mpils-results-grid-seconds-5-no-mip-start/medium-1/24proc/seed-1/5_eilA101-2_seed-1_20260502_192559/iterated_local_search/run_2_worker_8/ils_config_11094044890241977851.prm
[INFO]:[19:37:08] Starting CPLEX solver on instance: /home/yorig/tuner/mpils-tests/instances/miplib/medium-1/eilA101-2.mps with config: /scratch/yorig/mpils-results-grid-seconds-5-no-mip-start/medium-1/24proc/seed-1/5_eilA101-2_seed-1_20260502_192559/iterated_local_search/run_2_worker_8/ils_config_11094044890241977851.prm
[INFO]:[19:37:14] CPLEX results. Gap: 35.150000, upper bound: 1239.686288, lower bound: 803.911236
[INFO]:[19:37:14] CPLEX solver finished. Gap: 35.150000
[INFO]:[19:37:14] Starting CPLEX solver on instance: /home/yorig/tuner/mpils-tests/instances/miplib/medium-1/eilA101-2.mps with config: /scratch/yorig/mpils-results-grid-seconds-5-no-mip-start/medium-1/24proc/seed-1/5_eilA101-2_seed-1_20260502_192559/iterated_local_search/run_2_worker_8/ils_config_5599678093888092353.prm
[INFO]:[19:37:14] Starting CPLEX solver on instance: /home/yorig/tuner/mpils-tests/instances/miplib/medium-1/eilA101-2.mps with config: /scratch/yorig/mpils-results-grid-seconds-5-no-mip-start/medium-1/24proc/seed-1/5_eilA101-2_seed-1_20260502_192559/iterated_local_search/run_2_worker_8/ils_config_5599678093888092353.prm
[INFO]:[19:37:19] CPLEX results. Gap: 35.150000, upper bound: 1239.686288, lower bound: 803.911236
[INFO]:[19:37:19] CPLEX solver finished. Gap: 35.150000
[INFO]:[19:37:19] Starting CPLEX solver on instance: /home/yorig/tuner/mpils-tests/instances/miplib/medium-1/eilA101-2.mps with config: /scratch/yorig/mpils-results-grid-seconds-5-no-mip-start/medium-1/24proc/seed-1/5_eilA101-2_seed-1_20260502_192559/iterated_local_search/run_2_worker_8/ils_config_11142596880972578369.prm
[INFO]:[19:37:19] Starting CPLEX solver on instance: /home/yorig/tuner/mpils-tests/instances/miplib/medium-1/eilA101-2.mps with config: /scratch/yorig/mpils-results-grid-seconds-5-no-mip-start/medium-1/24proc/seed-1/5_eilA101-2_seed-1_20260502_192559/iterated_local_search/run_2_worker_8/ils_config_11142596880972578369.prm
[INFO]:[19:37:24] CPLEX results. Gap: 35.150000, upper bound: 1239.686288, lower bound: 803.911236
[INFO]:[19:37:24] CPLEX solver finished. Gap: 35.150000
[INFO]:[19:37:24] Starting CPLEX solver on instance: /home/yorig/tuner/mpils-tests/instances/miplib/medium-1/eilA101-2.mps with config: /scratch/yorig/mpils-results-grid-seconds-5-no-mip-start/medium-1/24proc/seed-1/5_eilA101-2_seed-1_20260502_192559/iterated_local_search/run_2_worker_8/ils_config_6755205114165184123.prm
[INFO]:[19:37:24] Starting CPLEX solver on instance: /home/yorig/tuner/mpils-tests/instances/miplib/medium-1/eilA101-2.mps with config: /scratch/yorig/mpils-results-grid-seconds-5-no-mip-start/medium-1/24proc/seed-1/5_eilA101-2_seed-1_20260502_192559/iterated_local_search/run_2_worker_8/ils_config_6755205114165184123.prm
[INFO]:[19:37:30] CPLEX results. Gap: 35.150000, upper bound: 1239.686288, lower bound: 803.911236
[INFO]:[19:37:30] CPLEX solver finished. Gap: 35.150000
[INFO]:[19:37:30] Starting CPLEX solver on instance: /home/yorig/tuner/mpils-tests/instances/miplib/medium-1/eilA101-2.mps with config: /scratch/yorig/mpils-results-grid-seconds-5-no-mip-start/medium-1/24proc/seed-1/5_eilA101-2_seed-1_20260502_192559/iterated_local_search/run_2_worker_8/ils_config_4602053812717931156.prm
[INFO]:[19:37:30] Starting CPLEX solver on instance: /home/yorig/tuner/mpils-tests/instances/miplib/medium-1/eilA101-2.mps with config: /scratch/yorig/mpils-results-grid-seconds-5-no-mip-start/medium-1/24proc/seed-1/5_eilA101-2_seed-1_20260502_192559/iterated_local_search/run_2_worker_8/ils_config_4602053812717931156.prm
[INFO]:[19:37:35] CPLEX results. Gap: 35.150000, upper bound: 1239.686288, lower bound: 803.911236
[INFO]:[19:37:35] CPLEX solver finished. Gap: 35.150000
[INFO]:[19:37:35] Starting CPLEX solver on instance: /home/yorig/tuner/mpils-tests/instances/miplib/medium-1/eilA101-2.mps with config: /scratch/yorig/mpils-results-grid-seconds-5-no-mip-start/medium-1/24proc/seed-1/5_eilA101-2_seed-1_20260502_192559/iterated_local_search/run_2_worker_8/ils_config_15453603580275702842.prm
[INFO]:[19:37:35] Starting CPLEX solver on instance: /home/yorig/tuner/mpils-tests/instances/miplib/medium-1/eilA101-2.mps with config: /scratch/yorig/mpils-results-grid-seconds-5-no-mip-start/medium-1/24proc/seed-1/5_eilA101-2_seed-1_20260502_192559/iterated_local_search/run_2_worker_8/ils_config_15453603580275702842.prm
[INFO]:[19:37:41] CPLEX results. Gap: 35.150000, upper bound: 1239.686288, lower bound: 803.911236
[INFO]:[19:37:41] CPLEX solver finished. Gap: 35.150000
[INFO]:[19:37:41] Starting CPLEX solver on instance: /home/yorig/tuner/mpils-tests/instances/miplib/medium-1/eilA101-2.mps with config: /scratch/yorig/mpils-results-grid-seconds-5-no-mip-start/medium-1/24proc/seed-1/5_eilA101-2_seed-1_20260502_192559/iterated_local_search/run_2_worker_8/ils_config_13222945322594526545.prm
[INFO]:[19:37:41] Starting CPLEX solver on instance: /home/yorig/tuner/mpils-tests/instances/miplib/medium-1/eilA101-2.mps with config: /scratch/yorig/mpils-results-grid-seconds-5-no-mip-start/medium-1/24proc/seed-1/5_eilA101-2_seed-1_20260502_192559/iterated_local_search/run_2_worker_8/ils_config_13222945322594526545.prm
[INFO]:[19:37:46] CPLEX results. Gap: 58.950000, upper bound: 1958.304296, lower bound: 803.911236
[INFO]:[19:37:46] CPLEX solver finished. Gap: 58.950000
[INFO]:[19:37:46] Starting CPLEX solver on instance: /home/yorig/tuner/mpils-tests/instances/miplib/medium-1/eilA101-2.mps with config: /scratch/yorig/mpils-results-grid-seconds-5-no-mip-start/medium-1/24proc/seed-1/5_eilA101-2_seed-1_20260502_192559/iterated_local_search/run_2_worker_8/ils_config_13607115712564750170.prm
[INFO]:[19:37:46] Starting CPLEX solver on instance: /home/yorig/tuner/mpils-tests/instances/miplib/medium-1/eilA101-2.mps with config: /scratch/yorig/mpils-results-grid-seconds-5-no-mip-start/medium-1/24proc/seed-1/5_eilA101-2_seed-1_20260502_192559/iterated_local_search/run_2_worker_8/ils_config_13607115712564750170.prm
[INFO]:[19:37:51] CPLEX results. Gap: 35.150000, upper bound: 1239.686288, lower bound: 803.911236
[INFO]:[19:37:51] CPLEX solver finished. Gap: 35.150000
[INFO]:[19:37:51] Starting CPLEX solver on instance: /home/yorig/tuner/mpils-tests/instances/miplib/medium-1/eilA101-2.mps with config: /scratch/yorig/mpils-results-grid-seconds-5-no-mip-start/medium-1/24proc/seed-1/5_eilA101-2_seed-1_20260502_192559/iterated_local_search/run_2_worker_8/ils_config_13431138109889233136.prm
[INFO]:[19:37:51] Starting CPLEX solver on instance: /home/yorig/tuner/mpils-tests/instances/miplib/medium-1/eilA101-2.mps with config: /scratch/yorig/mpils-results-grid-seconds-5-no-mip-start/medium-1/24proc/seed-1/5_eilA101-2_seed-1_20260502_192559/iterated_local_search/run_2_worker_8/ils_config_13431138109889233136.prm
[INFO]:[19:37:57] CPLEX results. Gap: 58.950000, upper bound: 1958.304296, lower bound: 803.911236
[INFO]:[19:37:57] CPLEX solver finished. Gap: 58.950000
[INFO]:[19:37:57] Starting CPLEX solver on instance: /home/yorig/tuner/mpils-tests/instances/miplib/medium-1/eilA101-2.mps with config: /scratch/yorig/mpils-results-grid-seconds-5-no-mip-start/medium-1/24proc/seed-1/5_eilA101-2_seed-1_20260502_192559/iterated_local_search/run_2_worker_8/ils_config_1738955887363792555.prm
[INFO]:[19:37:57] Starting CPLEX solver on instance: /home/yorig/tuner/mpils-tests/instances/miplib/medium-1/eilA101-2.mps with config: /scratch/yorig/mpils-results-grid-seconds-5-no-mip-start/medium-1/24proc/seed-1/5_eilA101-2_seed-1_20260502_192559/iterated_local_search/run_2_worker_8/ils_config_1738955887363792555.prm
[INFO]:[19:38:02] CPLEX results. Gap: 35.150000, upper bound: 1239.686288, lower bound: 803.911236
[INFO]:[19:38:02] CPLEX solver finished. Gap: 35.150000
[INFO]:[19:38:02] Starting CPLEX solver on instance: /home/yorig/tuner/mpils-tests/instances/miplib/medium-1/eilA101-2.mps with config: /scratch/yorig/mpils-results-grid-seconds-5-no-mip-start/medium-1/24proc/seed-1/5_eilA101-2_seed-1_20260502_192559/iterated_local_search/run_2_worker_8/ils_config_9088452176637073832.prm
[INFO]:[19:38:02] Starting CPLEX solver on instance: /home/yorig/tuner/mpils-tests/instances/miplib/medium-1/eilA101-2.mps with config: /scratch/yorig/mpils-results-grid-seconds-5-no-mip-start/medium-1/24proc/seed-1/5_eilA101-2_seed-1_20260502_192559/iterated_local_search/run_2_worker_8/ils_config_9088452176637073832.prm
[INFO]:[19:38:08] CPLEX results. Gap: 35.150000, upper bound: 1239.686288, lower bound: 803.911236
[INFO]:[19:38:08] CPLEX solver finished. Gap: 35.150000
[INFO]:[19:38:08] Starting CPLEX solver on instance: /home/yorig/tuner/mpils-tests/instances/miplib/medium-1/eilA101-2.mps with config: /scratch/yorig/mpils-results-grid-seconds-5-no-mip-start/medium-1/24proc/seed-1/5_eilA101-2_seed-1_20260502_192559/iterated_local_search/run_2_worker_8/ils_config_10816149159824197710.prm
[INFO]:[19:38:08] Starting CPLEX solver on instance: /home/yorig/tuner/mpils-tests/instances/miplib/medium-1/eilA101-2.mps with config: /scratch/yorig/mpils-results-grid-seconds-5-no-mip-start/medium-1/24proc/seed-1/5_eilA101-2_seed-1_20260502_192559/iterated_local_search/run_2_worker_8/ils_config_10816149159824197710.prm
[INFO]:[19:38:13] CPLEX results. Gap: 35.150000, upper bound: 1239.686288, lower bound: 803.911236
[INFO]:[19:38:13] CPLEX solver finished. Gap: 35.150000
[INFO]:[19:38:13] Starting CPLEX solver on instance: /home/yorig/tuner/mpils-tests/instances/miplib/medium-1/eilA101-2.mps with config: /scratch/yorig/mpils-results-grid-seconds-5-no-mip-start/medium-1/24proc/seed-1/5_eilA101-2_seed-1_20260502_192559/iterated_local_search/run_2_worker_8/ils_config_12365698745762053572.prm
[INFO]:[19:38:13] Starting CPLEX solver on instance: /home/yorig/tuner/mpils-tests/instances/miplib/medium-1/eilA101-2.mps with config: /scratch/yorig/mpils-results-grid-seconds-5-no-mip-start/medium-1/24proc/seed-1/5_eilA101-2_seed-1_20260502_192559/iterated_local_search/run_2_worker_8/ils_config_12365698745762053572.prm
[INFO]:[19:38:18] CPLEX results. Gap: 58.950000, upper bound: 1958.304296, lower bound: 803.911236
[INFO]:[19:38:18] CPLEX solver finished. Gap: 58.950000
[INFO]:[19:38:18] Starting CPLEX solver on instance: /home/yorig/tuner/mpils-tests/instances/miplib/medium-1/eilA101-2.mps with config: /scratch/yorig/mpils-results-grid-seconds-5-no-mip-start/medium-1/24proc/seed-1/5_eilA101-2_seed-1_20260502_192559/iterated_local_search/run_2_worker_8/ils_config_11298233312058736249.prm
[INFO]:[19:38:18] Starting CPLEX solver on instance: /home/yorig/tuner/mpils-tests/instances/miplib/medium-1/eilA101-2.mps with config: /scratch/yorig/mpils-results-grid-seconds-5-no-mip-start/medium-1/24proc/seed-1/5_eilA101-2_seed-1_20260502_192559/iterated_local_search/run_2_worker_8/ils_config_11298233312058736249.prm
[INFO]:[19:38:24] CPLEX results. Gap: 66.810000, upper bound: 2420.506503, lower bound: 803.373888
[INFO]:[19:38:24] CPLEX solver finished. Gap: 66.810000
[INFO]:[19:38:24] Starting CPLEX solver on instance: /home/yorig/tuner/mpils-tests/instances/miplib/medium-1/eilA101-2.mps with config: /scratch/yorig/mpils-results-grid-seconds-5-no-mip-start/medium-1/24proc/seed-1/5_eilA101-2_seed-1_20260502_192559/iterated_local_search/run_2_worker_8/ils_config_16432618233207596199.prm
[INFO]:[19:38:24] Starting CPLEX solver on instance: /home/yorig/tuner/mpils-tests/instances/miplib/medium-1/eilA101-2.mps with config: /scratch/yorig/mpils-results-grid-seconds-5-no-mip-start/medium-1/24proc/seed-1/5_eilA101-2_seed-1_20260502_192559/iterated_local_search/run_2_worker_8/ils_config_16432618233207596199.prm
[INFO]:[19:38:29] CPLEX results. Gap: 58.950000, upper bound: 1958.304296, lower bound: 803.911236
[INFO]:[19:38:29] CPLEX solver finished. Gap: 58.950000
[INFO]:[19:38:29] Local search phase completed.
[INFO]:[19:38:29] Total number of new local-search evaluations: 30
[INFO]:[19:38:29] Final incumbent objective value: 35.15
[INFO]:[19:48:13] Worker 8 completed exploration phase.
[INFO]:[19:48:13] Worker 8 received order for step 2.
[INFO]:[19:48:13] Worker 8 running expansion phase for iteration 2.
[INFO]:[19:48:13] Worker 8 will use solver log file: /scratch/yorig/mpils-results-grid-seconds-5-no-mip-start/medium-1/24proc/seed-1/5_eilA101-2_seed-1_20260502_192559/solver/cplex.log_iteration_expansion_2_worker_8
[INFO]:[19:48:13] Expansion Worker 8 starting expansion for iteration 2.
[INFO]:[19:48:13] Starting CPLEX solver on instance: /home/yorig/tuner/mpils-tests/instances/miplib/medium-1/eilA101-2.mps with config: /scratch/yorig/mpils-results-grid-seconds-5-no-mip-start/medium-1/24proc/seed-1/5_eilA101-2_seed-1_20260502_192559/expansion/config_param_CPXPARAM_MIP_Strategy_HeuristicFreq_20_iter_2.prm
[INFO]:[19:48:18] CPLEX results. Gap: 53.850000, upper bound: 1740.678822, lower bound: 803.373888
[INFO]:[19:48:18] CPLEX solver finished. Gap: 53.850000
[INFO]:[19:48:18] Starting CPLEX solver on instance: /home/yorig/tuner/mpils-tests/instances/miplib/medium-1/eilA101-2.mps with config: /scratch/yorig/mpils-results-grid-seconds-5-no-mip-start/medium-1/24proc/seed-1/5_eilA101-2_seed-1_20260502_192559/expansion/config_param_CPXPARAM_MIP_Strategy_HeuristicFreq_40_iter_2.prm
[INFO]:[19:48:24] CPLEX results. Gap: 53.850000, upper bound: 1740.678822, lower bound: 803.373888
[INFO]:[19:48:24] CPLEX solver finished. Gap: 53.850000
[INFO]:[19:48:24] Expansion Worker 8 stopping early after global MPI expansion stop was activated.
[INFO]:[19:48:24] Expansion Worker 8 completed expansion.
[INFO]:[19:48:24] Worker 8 completed expansion phase.
[INFO]:[19:48:25] Worker 8 received order for step 1.
[INFO]:[19:48:25] Worker 8 running exploration phase for iteration 3.
[INFO]:[19:48:25] Worker 8 at iteration 3 will not use a MIP start file. Current best MIP-start upper bound threshold is 1.79769e+308.
[INFO]:[19:48:25] Starting local search phase...
[INFO]:[19:48:25] Creating local search space from parameter space file: /scratch/yorig/mpils-results-grid-seconds-5-no-mip-start/medium-1/24proc/seed-1/5_eilA101-2_seed-1_20260502_192559/iterated_local_search/search_space/search_space_file_3_worker_8.txt
[INFO]:[19:48:25] Local search space loaded from file: /scratch/yorig/mpils-results-grid-seconds-5-no-mip-start/medium-1/24proc/seed-1/5_eilA101-2_seed-1_20260502_192559/iterated_local_search/search_space/search_space_file_3_worker_8.txt
[INFO]:[19:48:25] Number of parameters in local search space: 71
[INFO]:[19:48:25] Number of forbidden tuples in local search space: 47
[INFO]:[19:48:25] Number of conditionals in local search space: 6
[INFO]:[19:48:25] MIP start option not enabled. Local search will proceed without MIP start.
[INFO]:[19:48:25] Evaluating initial configuration for local search phase...
[INFO]:[19:48:25] Starting CPLEX solver on instance: /home/yorig/tuner/mpils-tests/instances/miplib/medium-1/eilA101-2.mps with config: /scratch/yorig/mpils-results-grid-seconds-5-no-mip-start/medium-1/24proc/seed-1/5_eilA101-2_seed-1_20260502_192559/iterated_local_search/run_3_worker_8/ils_config_4168112238081180708.prm
[INFO]:[19:48:25] Starting CPLEX solver on instance: /home/yorig/tuner/mpils-tests/instances/miplib/medium-1/eilA101-2.mps with config: /scratch/yorig/mpils-results-grid-seconds-5-no-mip-start/medium-1/24proc/seed-1/5_eilA101-2_seed-1_20260502_192559/iterated_local_search/run_3_worker_8/ils_config_4168112238081180708.prm
[INFO]:[19:48:30] CPLEX results. Gap: 100.000000, upper bound: 2420.506503, lower bound: 0.000000
[INFO]:[19:48:30] CPLEX solver finished. Gap: 100.000000
[INFO]:[19:48:30] Initial configuration evaluated with objective value: 100
[INFO]:[19:48:30] Starting CPLEX solver on instance: /home/yorig/tuner/mpils-tests/instances/miplib/medium-1/eilA101-2.mps with config: /scratch/yorig/mpils-results-grid-seconds-5-no-mip-start/medium-1/24proc/seed-1/5_eilA101-2_seed-1_20260502_192559/iterated_local_search/run_3_worker_8/ils_config_3665667641518617792.prm
[INFO]:[19:48:30] Starting CPLEX solver on instance: /home/yorig/tuner/mpils-tests/instances/miplib/medium-1/eilA101-2.mps with config: /scratch/yorig/mpils-results-grid-seconds-5-no-mip-start/medium-1/24proc/seed-1/5_eilA101-2_seed-1_20260502_192559/iterated_local_search/run_3_worker_8/ils_config_3665667641518617792.prm
[INFO]:[19:48:35] CPLEX results. Gap: 100.000000, upper bound: 2420.506503, lower bound: 0.000000
[INFO]:[19:48:35] CPLEX solver finished. Gap: 100.000000
[INFO]:[19:48:35] Starting CPLEX solver on instance: /home/yorig/tuner/mpils-tests/instances/miplib/medium-1/eilA101-2.mps with config: /scratch/yorig/mpils-results-grid-seconds-5-no-mip-start/medium-1/24proc/seed-1/5_eilA101-2_seed-1_20260502_192559/iterated_local_search/run_3_worker_8/ils_config_17566708135132514019.prm
[INFO]:[19:48:35] Starting CPLEX solver on instance: /home/yorig/tuner/mpils-tests/instances/miplib/medium-1/eilA101-2.mps with config: /scratch/yorig/mpils-results-grid-seconds-5-no-mip-start/medium-1/24proc/seed-1/5_eilA101-2_seed-1_20260502_192559/iterated_local_search/run_3_worker_8/ils_config_17566708135132514019.prm
[INFO]:[19:48:40] CPLEX results. Gap: 100.000000, upper bound: 2420.506503, lower bound: 0.000000
[INFO]:[19:48:40] CPLEX solver finished. Gap: 100.000000
[INFO]:[19:48:40] Starting CPLEX solver on instance: /home/yorig/tuner/mpils-tests/instances/miplib/medium-1/eilA101-2.mps with config: /scratch/yorig/mpils-results-grid-seconds-5-no-mip-start/medium-1/24proc/seed-1/5_eilA101-2_seed-1_20260502_192559/iterated_local_search/run_3_worker_8/ils_config_3264008967353720015.prm
[INFO]:[19:48:40] Starting CPLEX solver on instance: /home/yorig/tuner/mpils-tests/instances/miplib/medium-1/eilA101-2.mps with config: /scratch/yorig/mpils-results-grid-seconds-5-no-mip-start/medium-1/24proc/seed-1/5_eilA101-2_seed-1_20260502_192559/iterated_local_search/run_3_worker_8/ils_config_3264008967353720015.prm
[INFO]:[19:48:45] CPLEX results. Gap: 100.000000, upper bound: 2420.506503, lower bound: 0.000000
[INFO]:[19:48:45] CPLEX solver finished. Gap: 100.000000
[INFO]:[19:48:45] Starting CPLEX solver on instance: /home/yorig/tuner/mpils-tests/instances/miplib/medium-1/eilA101-2.mps with config: /scratch/yorig/mpils-results-grid-seconds-5-no-mip-start/medium-1/24proc/seed-1/5_eilA101-2_seed-1_20260502_192559/iterated_local_search/run_3_worker_8/ils_config_11384645887621147284.prm
[INFO]:[19:48:45] Starting CPLEX solver on instance: /home/yorig/tuner/mpils-tests/instances/miplib/medium-1/eilA101-2.mps with config: /scratch/yorig/mpils-results-grid-seconds-5-no-mip-start/medium-1/24proc/seed-1/5_eilA101-2_seed-1_20260502_192559/iterated_local_search/run_3_worker_8/ils_config_11384645887621147284.prm
[INFO]:[19:48:51] CPLEX results. Gap: 100.000000, upper bound: 2420.506503, lower bound: 0.000000
[INFO]:[19:48:51] CPLEX solver finished. Gap: 100.000000
[INFO]:[19:48:51] Starting CPLEX solver on instance: /home/yorig/tuner/mpils-tests/instances/miplib/medium-1/eilA101-2.mps with config: /scratch/yorig/mpils-results-grid-seconds-5-no-mip-start/medium-1/24proc/seed-1/5_eilA101-2_seed-1_20260502_192559/iterated_local_search/run_3_worker_8/ils_config_17821628682783402691.prm
[INFO]:[19:48:51] Starting CPLEX solver on instance: /home/yorig/tuner/mpils-tests/instances/miplib/medium-1/eilA101-2.mps with config: /scratch/yorig/mpils-results-grid-seconds-5-no-mip-start/medium-1/24proc/seed-1/5_eilA101-2_seed-1_20260502_192559/iterated_local_search/run_3_worker_8/ils_config_17821628682783402691.prm
[INFO]:[19:48:56] CPLEX results. Gap: 100.000000, upper bound: 2420.506503, lower bound: 0.000000
[INFO]:[19:48:56] CPLEX solver finished. Gap: 100.000000
[INFO]:[19:48:56] Starting CPLEX solver on instance: /home/yorig/tuner/mpils-tests/instances/miplib/medium-1/eilA101-2.mps with config: /scratch/yorig/mpils-results-grid-seconds-5-no-mip-start/medium-1/24proc/seed-1/5_eilA101-2_seed-1_20260502_192559/iterated_local_search/run_3_worker_8/ils_config_9432703815965756036.prm
[INFO]:[19:48:56] Starting CPLEX solver on instance: /home/yorig/tuner/mpils-tests/instances/miplib/medium-1/eilA101-2.mps with config: /scratch/yorig/mpils-results-grid-seconds-5-no-mip-start/medium-1/24proc/seed-1/5_eilA101-2_seed-1_20260502_192559/iterated_local_search/run_3_worker_8/ils_config_9432703815965756036.prm
[INFO]:[19:49:01] CPLEX results. Gap: 100.000000, upper bound: 2420.506503, lower bound: 0.000000
[INFO]:[19:49:01] CPLEX solver finished. Gap: 100.000000
[INFO]:[19:49:01] Starting CPLEX solver on instance: /home/yorig/tuner/mpils-tests/instances/miplib/medium-1/eilA101-2.mps with config: /scratch/yorig/mpils-results-grid-seconds-5-no-mip-start/medium-1/24proc/seed-1/5_eilA101-2_seed-1_20260502_192559/iterated_local_search/run_3_worker_8/ils_config_18434887601239961451.prm
[INFO]:[19:49:01] Starting CPLEX solver on instance: /home/yorig/tuner/mpils-tests/instances/miplib/medium-1/eilA101-2.mps with config: /scratch/yorig/mpils-results-grid-seconds-5-no-mip-start/medium-1/24proc/seed-1/5_eilA101-2_seed-1_20260502_192559/iterated_local_search/run_3_worker_8/ils_config_18434887601239961451.prm
[INFO]:[19:49:06] CPLEX results. Gap: 100.000000, upper bound: 2420.506503, lower bound: 0.000000
[INFO]:[19:49:06] CPLEX solver finished. Gap: 100.000000
[INFO]:[19:49:06] Starting CPLEX solver on instance: /home/yorig/tuner/mpils-tests/instances/miplib/medium-1/eilA101-2.mps with config: /scratch/yorig/mpils-results-grid-seconds-5-no-mip-start/medium-1/24proc/seed-1/5_eilA101-2_seed-1_20260502_192559/iterated_local_search/run_3_worker_8/ils_config_3080101372173511938.prm
[INFO]:[19:49:06] Starting CPLEX solver on instance: /home/yorig/tuner/mpils-tests/instances/miplib/medium-1/eilA101-2.mps with config: /scratch/yorig/mpils-results-grid-seconds-5-no-mip-start/medium-1/24proc/seed-1/5_eilA101-2_seed-1_20260502_192559/iterated_local_search/run_3_worker_8/ils_config_3080101372173511938.prm
[INFO]:[19:49:11] CPLEX results. Gap: 100.000000, upper bound: 2420.506503, lower bound: 0.000000
[INFO]:[19:49:11] CPLEX solver finished. Gap: 100.000000
[INFO]:[19:49:11] Starting CPLEX solver on instance: /home/yorig/tuner/mpils-tests/instances/miplib/medium-1/eilA101-2.mps with config: /scratch/yorig/mpils-results-grid-seconds-5-no-mip-start/medium-1/24proc/seed-1/5_eilA101-2_seed-1_20260502_192559/iterated_local_search/run_3_worker_8/ils_config_7207824948122422647.prm
[INFO]:[19:49:11] Starting CPLEX solver on instance: /home/yorig/tuner/mpils-tests/instances/miplib/medium-1/eilA101-2.mps with config: /scratch/yorig/mpils-results-grid-seconds-5-no-mip-start/medium-1/24proc/seed-1/5_eilA101-2_seed-1_20260502_192559/iterated_local_search/run_3_worker_8/ils_config_7207824948122422647.prm
[INFO]:[19:49:17] CPLEX results. Gap: 100.000000, upper bound: 2420.506503, lower bound: 0.000000
[INFO]:[19:49:17] CPLEX solver finished. Gap: 100.000000
[INFO]:[19:49:17] Local search phase completed.
[INFO]:[19:49:17] Total number of new local-search evaluations: 10
[INFO]:[19:49:17] Final incumbent objective value: 100
[INFO]:[19:50:57] Worker 8 completed exploration phase.
[INFO]:[19:50:58] Worker 8 received order for step 2.
[INFO]:[19:50:58] Worker 8 running expansion phase for iteration 3.
[INFO]:[19:50:58] Worker 8 will use solver log file: /scratch/yorig/mpils-results-grid-seconds-5-no-mip-start/medium-1/24proc/seed-1/5_eilA101-2_seed-1_20260502_192559/solver/cplex.log_iteration_expansion_3_worker_8
[INFO]:[19:50:58] Expansion Worker 8 starting expansion for iteration 3.
[INFO]:[19:50:58] Starting CPLEX solver on instance: /home/yorig/tuner/mpils-tests/instances/miplib/medium-1/eilA101-2.mps with config: /scratch/yorig/mpils-results-grid-seconds-5-no-mip-start/medium-1/24proc/seed-1/5_eilA101-2_seed-1_20260502_192559/expansion/config_param_CPXPARAM_Barrier_Crossover_1_iter_3.prm
[INFO]:[19:51:03] CPLEX results. Gap: 15.580000, upper bound: 954.153161, lower bound: 805.490534
[INFO]:[19:51:03] CPLEX solver finished. Gap: 15.580000
[INFO]:[19:51:08] Expansion Worker 8 completed expansion.
[INFO]:[19:51:08] Worker 8 completed expansion phase.
[INFO]:[19:51:09] Worker 8 received order for step 1.
[INFO]:[19:51:09] Worker 8 running exploration phase for iteration 4.
[INFO]:[19:51:09] Worker 8 at iteration 4 will not use a MIP start file. Current best MIP-start upper bound threshold is 1.79769e+308.
[INFO]:[19:51:09] Starting local search phase...
[INFO]:[19:51:09] Creating local search space from parameter space file: /scratch/yorig/mpils-results-grid-seconds-5-no-mip-start/medium-1/24proc/seed-1/5_eilA101-2_seed-1_20260502_192559/iterated_local_search/search_space/search_space_file_4_worker_8.txt
[INFO]:[19:51:09] Local search space loaded from file: /scratch/yorig/mpils-results-grid-seconds-5-no-mip-start/medium-1/24proc/seed-1/5_eilA101-2_seed-1_20260502_192559/iterated_local_search/search_space/search_space_file_4_worker_8.txt
[INFO]:[19:51:09] Number of parameters in local search space: 71
[INFO]:[19:51:09] Number of forbidden tuples in local search space: 76
[INFO]:[19:51:09] Number of conditionals in local search space: 6
[INFO]:[19:51:09] MIP start option not enabled. Local search will proceed without MIP start.
[INFO]:[19:51:09] Evaluating initial configuration for local search phase...
[INFO]:[19:51:09] Starting CPLEX solver on instance: /home/yorig/tuner/mpils-tests/instances/miplib/medium-1/eilA101-2.mps with config: /scratch/yorig/mpils-results-grid-seconds-5-no-mip-start/medium-1/24proc/seed-1/5_eilA101-2_seed-1_20260502_192559/iterated_local_search/run_4_worker_8/ils_config_7184224464948485119.prm
[INFO]:[19:51:09] Starting CPLEX solver on instance: /home/yorig/tuner/mpils-tests/instances/miplib/medium-1/eilA101-2.mps with config: /scratch/yorig/mpils-results-grid-seconds-5-no-mip-start/medium-1/24proc/seed-1/5_eilA101-2_seed-1_20260502_192559/iterated_local_search/run_4_worker_8/ils_config_7184224464948485119.prm
[INFO]:[19:51:15] CPLEX results. Gap: 100.000000, upper bound: 2420.506503, lower bound: 0.000000
[INFO]:[19:51:15] CPLEX solver finished. Gap: 100.000000
[INFO]:[19:51:15] Initial configuration evaluated with objective value: 100
[INFO]:[19:51:15] Starting CPLEX solver on instance: /home/yorig/tuner/mpils-tests/instances/miplib/medium-1/eilA101-2.mps with config: /scratch/yorig/mpils-results-grid-seconds-5-no-mip-start/medium-1/24proc/seed-1/5_eilA101-2_seed-1_20260502_192559/iterated_local_search/run_4_worker_8/ils_config_11812847319228734149.prm
[INFO]:[19:51:15] Starting CPLEX solver on instance: /home/yorig/tuner/mpils-tests/instances/miplib/medium-1/eilA101-2.mps with config: /scratch/yorig/mpils-results-grid-seconds-5-no-mip-start/medium-1/24proc/seed-1/5_eilA101-2_seed-1_20260502_192559/iterated_local_search/run_4_worker_8/ils_config_11812847319228734149.prm
[INFO]:[19:51:20] CPLEX results. Gap: 100.000000, upper bound: 2420.506503, lower bound: 0.000000
[INFO]:[19:51:20] CPLEX solver finished. Gap: 100.000000
[INFO]:[19:51:20] Starting CPLEX solver on instance: /home/yorig/tuner/mpils-tests/instances/miplib/medium-1/eilA101-2.mps with config: /scratch/yorig/mpils-results-grid-seconds-5-no-mip-start/medium-1/24proc/seed-1/5_eilA101-2_seed-1_20260502_192559/iterated_local_search/run_4_worker_8/ils_config_10413738698824252597.prm
[INFO]:[19:51:20] Starting CPLEX solver on instance: /home/yorig/tuner/mpils-tests/instances/miplib/medium-1/eilA101-2.mps with config: /scratch/yorig/mpils-results-grid-seconds-5-no-mip-start/medium-1/24proc/seed-1/5_eilA101-2_seed-1_20260502_192559/iterated_local_search/run_4_worker_8/ils_config_10413738698824252597.prm
[INFO]:[19:51:25] CPLEX results. Gap: 100.000000, upper bound: 2420.506503, lower bound: 0.000000
[INFO]:[19:51:25] CPLEX solver finished. Gap: 100.000000
[INFO]:[19:51:25] Starting CPLEX solver on instance: /home/yorig/tuner/mpils-tests/instances/miplib/medium-1/eilA101-2.mps with config: /scratch/yorig/mpils-results-grid-seconds-5-no-mip-start/medium-1/24proc/seed-1/5_eilA101-2_seed-1_20260502_192559/iterated_local_search/run_4_worker_8/ils_config_9034475534825227197.prm
[INFO]:[19:51:25] Starting CPLEX solver on instance: /home/yorig/tuner/mpils-tests/instances/miplib/medium-1/eilA101-2.mps with config: /scratch/yorig/mpils-results-grid-seconds-5-no-mip-start/medium-1/24proc/seed-1/5_eilA101-2_seed-1_20260502_192559/iterated_local_search/run_4_worker_8/ils_config_9034475534825227197.prm
[INFO]:[19:51:30] CPLEX results. Gap: 100.000000, upper bound: 2420.506503, lower bound: 0.000000
[INFO]:[19:51:30] CPLEX solver finished. Gap: 100.000000
[INFO]:[19:51:30] Starting CPLEX solver on instance: /home/yorig/tuner/mpils-tests/instances/miplib/medium-1/eilA101-2.mps with config: /scratch/yorig/mpils-results-grid-seconds-5-no-mip-start/medium-1/24proc/seed-1/5_eilA101-2_seed-1_20260502_192559/iterated_local_search/run_4_worker_8/ils_config_4886451168016561247.prm
[INFO]:[19:51:30] Starting CPLEX solver on instance: /home/yorig/tuner/mpils-tests/instances/miplib/medium-1/eilA101-2.mps with config: /scratch/yorig/mpils-results-grid-seconds-5-no-mip-start/medium-1/24proc/seed-1/5_eilA101-2_seed-1_20260502_192559/iterated_local_search/run_4_worker_8/ils_config_4886451168016561247.prm
[INFO]:[19:51:35] CPLEX results. Gap: 100.000000, upper bound: 2420.506503, lower bound: 0.000000
[INFO]:[19:51:35] CPLEX solver finished. Gap: 100.000000
[INFO]:[19:51:35] Starting CPLEX solver on instance: /home/yorig/tuner/mpils-tests/instances/miplib/medium-1/eilA101-2.mps with config: /scratch/yorig/mpils-results-grid-seconds-5-no-mip-start/medium-1/24proc/seed-1/5_eilA101-2_seed-1_20260502_192559/iterated_local_search/run_4_worker_8/ils_config_8320872720932354658.prm
[INFO]:[19:51:35] Starting CPLEX solver on instance: /home/yorig/tuner/mpils-tests/instances/miplib/medium-1/eilA101-2.mps with config: /scratch/yorig/mpils-results-grid-seconds-5-no-mip-start/medium-1/24proc/seed-1/5_eilA101-2_seed-1_20260502_192559/iterated_local_search/run_4_worker_8/ils_config_8320872720932354658.prm
[INFO]:[19:51:41] CPLEX results. Gap: 100.000000, upper bound: 2420.506503, lower bound: 0.000000
[INFO]:[19:51:41] CPLEX solver finished. Gap: 100.000000
[INFO]:[19:51:41] Starting CPLEX solver on instance: /home/yorig/tuner/mpils-tests/instances/miplib/medium-1/eilA101-2.mps with config: /scratch/yorig/mpils-results-grid-seconds-5-no-mip-start/medium-1/24proc/seed-1/5_eilA101-2_seed-1_20260502_192559/iterated_local_search/run_4_worker_8/ils_config_1214758937194274740.prm
[INFO]:[19:51:41] Starting CPLEX solver on instance: /home/yorig/tuner/mpils-tests/instances/miplib/medium-1/eilA101-2.mps with config: /scratch/yorig/mpils-results-grid-seconds-5-no-mip-start/medium-1/24proc/seed-1/5_eilA101-2_seed-1_20260502_192559/iterated_local_search/run_4_worker_8/ils_config_1214758937194274740.prm
[INFO]:[19:51:46] CPLEX results. Gap: 100.000000, upper bound: 2420.506503, lower bound: 0.000000
[INFO]:[19:51:46] CPLEX solver finished. Gap: 100.000000
[INFO]:[19:51:46] Local search phase completed.
[INFO]:[19:51:46] Total number of new local-search evaluations: 7
[INFO]:[19:51:46] Final incumbent objective value: 100
[INFO]:[19:52:59] Worker 8 completed exploration phase.
[INFO]:[19:52:59] Worker 8 received order for step 2.
[INFO]:[19:52:59] Worker 8 running expansion phase for iteration 4.
[INFO]:[19:52:59] Worker 8 will use solver log file: /scratch/yorig/mpils-results-grid-seconds-5-no-mip-start/medium-1/24proc/seed-1/5_eilA101-2_seed-1_20260502_192559/solver/cplex.log_iteration_expansion_4_worker_8
[INFO]:[19:52:59] Expansion Worker 8 starting expansion for iteration 4.
[INFO]:[19:52:59] Starting CPLEX solver on instance: /home/yorig/tuner/mpils-tests/instances/miplib/medium-1/eilA101-2.mps with config: /scratch/yorig/mpils-results-grid-seconds-5-no-mip-start/medium-1/24proc/seed-1/5_eilA101-2_seed-1_20260502_192559/expansion/config_param_CPXPARAM_MIP_OrderType_2_iter_4.prm
[INFO]:[19:53:04] CPLEX results. Gap: 14.320000, upper bound: 939.352469, lower bound: 804.860880
[INFO]:[19:53:04] CPLEX solver finished. Gap: 14.320000
[INFO]:[19:53:04] Expansion Worker 8 stopping early after global MPI expansion stop was activated.
[INFO]:[19:53:04] Expansion Worker 8 completed expansion.
[INFO]:[19:53:04] Worker 8 completed expansion phase.
[INFO]:[19:53:06] Worker 8 received order for step 1.
[INFO]:[19:53:06] Worker 8 running exploration phase for iteration 5.
[INFO]:[19:53:06] Worker 8 at iteration 5 will not use a MIP start file. Current best MIP-start upper bound threshold is 1.79769e+308.
[INFO]:[19:53:06] Starting local search phase...
[INFO]:[19:53:06] Creating local search space from parameter space file: /scratch/yorig/mpils-results-grid-seconds-5-no-mip-start/medium-1/24proc/seed-1/5_eilA101-2_seed-1_20260502_192559/iterated_local_search/search_space/search_space_file_5_worker_8.txt
[INFO]:[19:53:06] Local search space loaded from file: /scratch/yorig/mpils-results-grid-seconds-5-no-mip-start/medium-1/24proc/seed-1/5_eilA101-2_seed-1_20260502_192559/iterated_local_search/search_space/search_space_file_5_worker_8.txt
[INFO]:[19:53:06] Number of parameters in local search space: 71
[INFO]:[19:53:06] Number of forbidden tuples in local search space: 95
[INFO]:[19:53:06] Number of conditionals in local search space: 6
[INFO]:[19:53:06] MIP start option not enabled. Local search will proceed without MIP start.
[INFO]:[19:53:06] Evaluating initial configuration for local search phase...
[INFO]:[19:53:06] Starting CPLEX solver on instance: /home/yorig/tuner/mpils-tests/instances/miplib/medium-1/eilA101-2.mps with config: /scratch/yorig/mpils-results-grid-seconds-5-no-mip-start/medium-1/24proc/seed-1/5_eilA101-2_seed-1_20260502_192559/iterated_local_search/run_5_worker_8/ils_config_15350319815823787420.prm
[INFO]:[19:53:06] Starting CPLEX solver on instance: /home/yorig/tuner/mpils-tests/instances/miplib/medium-1/eilA101-2.mps with config: /scratch/yorig/mpils-results-grid-seconds-5-no-mip-start/medium-1/24proc/seed-1/5_eilA101-2_seed-1_20260502_192559/iterated_local_search/run_5_worker_8/ils_config_15350319815823787420.prm
[INFO]:[19:53:11] CPLEX results. Gap: 100.000000, upper bound: 2420.506503, lower bound: 0.000000
[INFO]:[19:53:11] CPLEX solver finished. Gap: 100.000000
[INFO]:[19:53:11] Initial configuration evaluated with objective value: 100
[INFO]:[19:53:11] Starting CPLEX solver on instance: /home/yorig/tuner/mpils-tests/instances/miplib/medium-1/eilA101-2.mps with config: /scratch/yorig/mpils-results-grid-seconds-5-no-mip-start/medium-1/24proc/seed-1/5_eilA101-2_seed-1_20260502_192559/iterated_local_search/run_5_worker_8/ils_config_8928463916254144532.prm
[INFO]:[19:53:11] Starting CPLEX solver on instance: /home/yorig/tuner/mpils-tests/instances/miplib/medium-1/eilA101-2.mps with config: /scratch/yorig/mpils-results-grid-seconds-5-no-mip-start/medium-1/24proc/seed-1/5_eilA101-2_seed-1_20260502_192559/iterated_local_search/run_5_worker_8/ils_config_8928463916254144532.prm
[INFO]:[19:53:16] CPLEX results. Gap: 100.000000, upper bound: 2420.506503, lower bound: 0.000000
[INFO]:[19:53:16] CPLEX solver finished. Gap: 100.000000
[INFO]:[19:53:16] Starting CPLEX solver on instance: /home/yorig/tuner/mpils-tests/instances/miplib/medium-1/eilA101-2.mps with config: /scratch/yorig/mpils-results-grid-seconds-5-no-mip-start/medium-1/24proc/seed-1/5_eilA101-2_seed-1_20260502_192559/iterated_local_search/run_5_worker_8/ils_config_9636332075092248282.prm
[INFO]:[19:53:16] Starting CPLEX solver on instance: /home/yorig/tuner/mpils-tests/instances/miplib/medium-1/eilA101-2.mps with config: /scratch/yorig/mpils-results-grid-seconds-5-no-mip-start/medium-1/24proc/seed-1/5_eilA101-2_seed-1_20260502_192559/iterated_local_search/run_5_worker_8/ils_config_9636332075092248282.prm
[INFO]:[19:53:21] CPLEX results. Gap: 100.000000, upper bound: 2420.506503, lower bound: 0.000000
[INFO]:[19:53:21] CPLEX solver finished. Gap: 100.000000
[INFO]:[19:53:21] Starting CPLEX solver on instance: /home/yorig/tuner/mpils-tests/instances/miplib/medium-1/eilA101-2.mps with config: /scratch/yorig/mpils-results-grid-seconds-5-no-mip-start/medium-1/24proc/seed-1/5_eilA101-2_seed-1_20260502_192559/iterated_local_search/run_5_worker_8/ils_config_241786528294418326.prm
[INFO]:[19:53:21] Starting CPLEX solver on instance: /home/yorig/tuner/mpils-tests/instances/miplib/medium-1/eilA101-2.mps with config: /scratch/yorig/mpils-results-grid-seconds-5-no-mip-start/medium-1/24proc/seed-1/5_eilA101-2_seed-1_20260502_192559/iterated_local_search/run_5_worker_8/ils_config_241786528294418326.prm
[INFO]:[19:53:26] CPLEX results. Gap: 100.000000, upper bound: 2420.506503, lower bound: 0.000000
[INFO]:[19:53:26] CPLEX solver finished. Gap: 100.000000
[INFO]:[19:53:26] Starting CPLEX solver on instance: /home/yorig/tuner/mpils-tests/instances/miplib/medium-1/eilA101-2.mps with config: /scratch/yorig/mpils-results-grid-seconds-5-no-mip-start/medium-1/24proc/seed-1/5_eilA101-2_seed-1_20260502_192559/iterated_local_search/run_5_worker_8/ils_config_11110573939308269508.prm
[INFO]:[19:53:26] Starting CPLEX solver on instance: /home/yorig/tuner/mpils-tests/instances/miplib/medium-1/eilA101-2.mps with config: /scratch/yorig/mpils-results-grid-seconds-5-no-mip-start/medium-1/24proc/seed-1/5_eilA101-2_seed-1_20260502_192559/iterated_local_search/run_5_worker_8/ils_config_11110573939308269508.prm
[INFO]:[19:53:32] CPLEX results. Gap: 100.000000, upper bound: 2420.506503, lower bound: 0.000000
[INFO]:[19:53:32] CPLEX solver finished. Gap: 100.000000
[INFO]:[19:53:32] Starting CPLEX solver on instance: /home/yorig/tuner/mpils-tests/instances/miplib/medium-1/eilA101-2.mps with config: /scratch/yorig/mpils-results-grid-seconds-5-no-mip-start/medium-1/24proc/seed-1/5_eilA101-2_seed-1_20260502_192559/iterated_local_search/run_5_worker_8/ils_config_14247771335393819621.prm
[INFO]:[19:53:32] Starting CPLEX solver on instance: /home/yorig/tuner/mpils-tests/instances/miplib/medium-1/eilA101-2.mps with config: /scratch/yorig/mpils-results-grid-seconds-5-no-mip-start/medium-1/24proc/seed-1/5_eilA101-2_seed-1_20260502_192559/iterated_local_search/run_5_worker_8/ils_config_14247771335393819621.prm
[INFO]:[19:53:37] CPLEX results. Gap: 35.220000, upper bound: 1240.070040, lower bound: 803.373888
[INFO]:[19:53:37] CPLEX solver finished. Gap: 35.220000
[INFO]:[19:53:37] New incumbent found with objective value: 35.22
[INFO]:[19:53:37] Starting CPLEX solver on instance: /home/yorig/tuner/mpils-tests/instances/miplib/medium-1/eilA101-2.mps with config: /scratch/yorig/mpils-results-grid-seconds-5-no-mip-start/medium-1/24proc/seed-1/5_eilA101-2_seed-1_20260502_192559/iterated_local_search/run_5_worker_8/ils_config_6565576211586107835.prm
[INFO]:[19:53:37] Starting CPLEX solver on instance: /home/yorig/tuner/mpils-tests/instances/miplib/medium-1/eilA101-2.mps with config: /scratch/yorig/mpils-results-grid-seconds-5-no-mip-start/medium-1/24proc/seed-1/5_eilA101-2_seed-1_20260502_192559/iterated_local_search/run_5_worker_8/ils_config_6565576211586107835.prm
[INFO]:[19:53:42] CPLEX results. Gap: 35.220000, upper bound: 1240.070040, lower bound: 803.373888
[INFO]:[19:53:42] CPLEX solver finished. Gap: 35.220000
[INFO]:[19:53:42] Starting CPLEX solver on instance: /home/yorig/tuner/mpils-tests/instances/miplib/medium-1/eilA101-2.mps with config: /scratch/yorig/mpils-results-grid-seconds-5-no-mip-start/medium-1/24proc/seed-1/5_eilA101-2_seed-1_20260502_192559/iterated_local_search/run_5_worker_8/ils_config_9970406491628031154.prm
[INFO]:[19:53:42] Starting CPLEX solver on instance: /home/yorig/tuner/mpils-tests/instances/miplib/medium-1/eilA101-2.mps with config: /scratch/yorig/mpils-results-grid-seconds-5-no-mip-start/medium-1/24proc/seed-1/5_eilA101-2_seed-1_20260502_192559/iterated_local_search/run_5_worker_8/ils_config_9970406491628031154.prm
[INFO]:[19:53:47] CPLEX results. Gap: 35.220000, upper bound: 1240.070040, lower bound: 803.373888
[INFO]:[19:53:47] CPLEX solver finished. Gap: 35.220000
[INFO]:[19:53:47] Starting CPLEX solver on instance: /home/yorig/tuner/mpils-tests/instances/miplib/medium-1/eilA101-2.mps with config: /scratch/yorig/mpils-results-grid-seconds-5-no-mip-start/medium-1/24proc/seed-1/5_eilA101-2_seed-1_20260502_192559/iterated_local_search/run_5_worker_8/ils_config_18027191757577574618.prm
[INFO]:[19:53:47] Starting CPLEX solver on instance: /home/yorig/tuner/mpils-tests/instances/miplib/medium-1/eilA101-2.mps with config: /scratch/yorig/mpils-results-grid-seconds-5-no-mip-start/medium-1/24proc/seed-1/5_eilA101-2_seed-1_20260502_192559/iterated_local_search/run_5_worker_8/ils_config_18027191757577574618.prm
[INFO]:[19:53:52] CPLEX results. Gap: 35.220000, upper bound: 1240.070040, lower bound: 803.373888
[INFO]:[19:53:52] CPLEX solver finished. Gap: 35.220000
[INFO]:[19:53:52] Starting CPLEX solver on instance: /home/yorig/tuner/mpils-tests/instances/miplib/medium-1/eilA101-2.mps with config: /scratch/yorig/mpils-results-grid-seconds-5-no-mip-start/medium-1/24proc/seed-1/5_eilA101-2_seed-1_20260502_192559/iterated_local_search/run_5_worker_8/ils_config_15920699211785550684.prm
[INFO]:[19:53:52] Starting CPLEX solver on instance: /home/yorig/tuner/mpils-tests/instances/miplib/medium-1/eilA101-2.mps with config: /scratch/yorig/mpils-results-grid-seconds-5-no-mip-start/medium-1/24proc/seed-1/5_eilA101-2_seed-1_20260502_192559/iterated_local_search/run_5_worker_8/ils_config_15920699211785550684.prm
[INFO]:[19:53:58] CPLEX results. Gap: 35.220000, upper bound: 1240.070040, lower bound: 803.373888
[INFO]:[19:53:58] CPLEX solver finished. Gap: 35.220000
[INFO]:[19:53:58] Starting CPLEX solver on instance: /home/yorig/tuner/mpils-tests/instances/miplib/medium-1/eilA101-2.mps with config: /scratch/yorig/mpils-results-grid-seconds-5-no-mip-start/medium-1/24proc/seed-1/5_eilA101-2_seed-1_20260502_192559/iterated_local_search/run_5_worker_8/ils_config_13258381842745113589.prm
[INFO]:[19:53:58] Starting CPLEX solver on instance: /home/yorig/tuner/mpils-tests/instances/miplib/medium-1/eilA101-2.mps with config: /scratch/yorig/mpils-results-grid-seconds-5-no-mip-start/medium-1/24proc/seed-1/5_eilA101-2_seed-1_20260502_192559/iterated_local_search/run_5_worker_8/ils_config_13258381842745113589.prm
[INFO]:[19:54:03] CPLEX results. Gap: 35.220000, upper bound: 1240.070040, lower bound: 803.373888
[INFO]:[19:54:03] CPLEX solver finished. Gap: 35.220000
[INFO]:[19:54:03] Starting CPLEX solver on instance: /home/yorig/tuner/mpils-tests/instances/miplib/medium-1/eilA101-2.mps with config: /scratch/yorig/mpils-results-grid-seconds-5-no-mip-start/medium-1/24proc/seed-1/5_eilA101-2_seed-1_20260502_192559/iterated_local_search/run_5_worker_8/ils_config_1501923368657506824.prm
[INFO]:[19:54:03] Starting CPLEX solver on instance: /home/yorig/tuner/mpils-tests/instances/miplib/medium-1/eilA101-2.mps with config: /scratch/yorig/mpils-results-grid-seconds-5-no-mip-start/medium-1/24proc/seed-1/5_eilA101-2_seed-1_20260502_192559/iterated_local_search/run_5_worker_8/ils_config_1501923368657506824.prm
[INFO]:[19:54:08] CPLEX results. Gap: 35.220000, upper bound: 1240.070040, lower bound: 803.373888
[INFO]:[19:54:08] CPLEX solver finished. Gap: 35.220000
[INFO]:[19:54:08] Starting CPLEX solver on instance: /home/yorig/tuner/mpils-tests/instances/miplib/medium-1/eilA101-2.mps with config: /scratch/yorig/mpils-results-grid-seconds-5-no-mip-start/medium-1/24proc/seed-1/5_eilA101-2_seed-1_20260502_192559/iterated_local_search/run_5_worker_8/ils_config_14989021942242796771.prm
[INFO]:[19:54:08] Starting CPLEX solver on instance: /home/yorig/tuner/mpils-tests/instances/miplib/medium-1/eilA101-2.mps with config: /scratch/yorig/mpils-results-grid-seconds-5-no-mip-start/medium-1/24proc/seed-1/5_eilA101-2_seed-1_20260502_192559/iterated_local_search/run_5_worker_8/ils_config_14989021942242796771.prm
[INFO]:[19:54:13] CPLEX results. Gap: 58.610000, upper bound: 1940.812267, lower bound: 803.373888
[INFO]:[19:54:13] CPLEX solver finished. Gap: 58.610000
[INFO]:[19:54:13] Starting CPLEX solver on instance: /home/yorig/tuner/mpils-tests/instances/miplib/medium-1/eilA101-2.mps with config: /scratch/yorig/mpils-results-grid-seconds-5-no-mip-start/medium-1/24proc/seed-1/5_eilA101-2_seed-1_20260502_192559/iterated_local_search/run_5_worker_8/ils_config_4942675951305384483.prm
[INFO]:[19:54:13] Starting CPLEX solver on instance: /home/yorig/tuner/mpils-tests/instances/miplib/medium-1/eilA101-2.mps with config: /scratch/yorig/mpils-results-grid-seconds-5-no-mip-start/medium-1/24proc/seed-1/5_eilA101-2_seed-1_20260502_192559/iterated_local_search/run_5_worker_8/ils_config_4942675951305384483.prm
[INFO]:[19:54:18] CPLEX results. Gap: 58.610000, upper bound: 1940.812267, lower bound: 803.373888
[INFO]:[19:54:18] CPLEX solver finished. Gap: 58.610000
[INFO]:[19:54:18] Starting CPLEX solver on instance: /home/yorig/tuner/mpils-tests/instances/miplib/medium-1/eilA101-2.mps with config: /scratch/yorig/mpils-results-grid-seconds-5-no-mip-start/medium-1/24proc/seed-1/5_eilA101-2_seed-1_20260502_192559/iterated_local_search/run_5_worker_8/ils_config_7947266011102476668.prm
[INFO]:[19:54:18] Starting CPLEX solver on instance: /home/yorig/tuner/mpils-tests/instances/miplib/medium-1/eilA101-2.mps with config: /scratch/yorig/mpils-results-grid-seconds-5-no-mip-start/medium-1/24proc/seed-1/5_eilA101-2_seed-1_20260502_192559/iterated_local_search/run_5_worker_8/ils_config_7947266011102476668.prm
[INFO]:[19:54:24] CPLEX results. Gap: 100.000000, upper bound: 2420.506503, lower bound: 0.000000
[INFO]:[19:54:24] CPLEX solver finished. Gap: 100.000000
[INFO]:[19:54:24] Starting CPLEX solver on instance: /home/yorig/tuner/mpils-tests/instances/miplib/medium-1/eilA101-2.mps with config: /scratch/yorig/mpils-results-grid-seconds-5-no-mip-start/medium-1/24proc/seed-1/5_eilA101-2_seed-1_20260502_192559/iterated_local_search/run_5_worker_8/ils_config_8725898778681764559.prm
[INFO]:[19:54:24] Starting CPLEX solver on instance: /home/yorig/tuner/mpils-tests/instances/miplib/medium-1/eilA101-2.mps with config: /scratch/yorig/mpils-results-grid-seconds-5-no-mip-start/medium-1/24proc/seed-1/5_eilA101-2_seed-1_20260502_192559/iterated_local_search/run_5_worker_8/ils_config_8725898778681764559.prm
[INFO]:[19:54:29] CPLEX results. Gap: 35.220000, upper bound: 1240.070040, lower bound: 803.373888
[INFO]:[19:54:29] CPLEX solver finished. Gap: 35.220000
[INFO]:[19:54:29] Starting CPLEX solver on instance: /home/yorig/tuner/mpils-tests/instances/miplib/medium-1/eilA101-2.mps with config: /scratch/yorig/mpils-results-grid-seconds-5-no-mip-start/medium-1/24proc/seed-1/5_eilA101-2_seed-1_20260502_192559/iterated_local_search/run_5_worker_8/ils_config_12507185208396139519.prm
[INFO]:[19:54:29] Starting CPLEX solver on instance: /home/yorig/tuner/mpils-tests/instances/miplib/medium-1/eilA101-2.mps with config: /scratch/yorig/mpils-results-grid-seconds-5-no-mip-start/medium-1/24proc/seed-1/5_eilA101-2_seed-1_20260502_192559/iterated_local_search/run_5_worker_8/ils_config_12507185208396139519.prm
[INFO]:[19:54:34] CPLEX results. Gap: 35.220000, upper bound: 1240.070040, lower bound: 803.373888
[INFO]:[19:54:34] CPLEX solver finished. Gap: 35.220000
[INFO]:[19:54:34] Starting CPLEX solver on instance: /home/yorig/tuner/mpils-tests/instances/miplib/medium-1/eilA101-2.mps with config: /scratch/yorig/mpils-results-grid-seconds-5-no-mip-start/medium-1/24proc/seed-1/5_eilA101-2_seed-1_20260502_192559/iterated_local_search/run_5_worker_8/ils_config_17109351033864680337.prm
[INFO]:[19:54:34] Starting CPLEX solver on instance: /home/yorig/tuner/mpils-tests/instances/miplib/medium-1/eilA101-2.mps with config: /scratch/yorig/mpils-results-grid-seconds-5-no-mip-start/medium-1/24proc/seed-1/5_eilA101-2_seed-1_20260502_192559/iterated_local_search/run_5_worker_8/ils_config_17109351033864680337.prm
[INFO]:[19:54:39] CPLEX results. Gap: 30.940000, upper bound: 1163.348300, lower bound: 803.379429
[INFO]:[19:54:39] CPLEX solver finished. Gap: 30.940000
[INFO]:[19:54:39] New incumbent found with objective value: 30.94
[INFO]:[19:54:39] Local search phase completed.
[INFO]:[19:54:39] Total number of new local-search evaluations: 18
[INFO]:[19:54:39] Final incumbent objective value: 30.94
[INFO]:[20:02:41] Worker 8 completed exploration phase.
[INFO]:[20:02:41] Worker 8 received order for step 2.
[INFO]:[20:02:41] Worker 8 running expansion phase for iteration 5.
[INFO]:[20:02:41] Worker 8 will use solver log file: /scratch/yorig/mpils-results-grid-seconds-5-no-mip-start/medium-1/24proc/seed-1/5_eilA101-2_seed-1_20260502_192559/solver/cplex.log_iteration_expansion_5_worker_8
[INFO]:[20:02:41] Expansion Worker 8 starting expansion for iteration 5.
[INFO]:[20:02:41] Starting CPLEX solver on instance: /home/yorig/tuner/mpils-tests/instances/miplib/medium-1/eilA101-2.mps with config: /scratch/yorig/mpils-results-grid-seconds-5-no-mip-start/medium-1/24proc/seed-1/5_eilA101-2_seed-1_20260502_192559/expansion/config_param_CPXPARAM_Sifting_Algorithm_3_iter_5.prm
[INFO]:[20:02:46] CPLEX results. Gap: 15.430000, upper bound: 952.094172, lower bound: 805.198400
[INFO]:[20:02:46] CPLEX solver finished. Gap: 15.430000
[INFO]:[20:02:52] Expansion Worker 8 completed expansion.
[INFO]:[20:02:52] Worker 8 completed expansion phase.
[INFO]:[20:02:54] Worker 8 received order for step 1.
[INFO]:[20:02:54] Worker 8 running exploration phase for iteration 6.
[INFO]:[20:02:54] Worker 8 at iteration 6 will not use a MIP start file. Current best MIP-start upper bound threshold is 1.79769e+308.
[INFO]:[20:02:54] Starting local search phase...
[INFO]:[20:02:54] Creating local search space from parameter space file: /scratch/yorig/mpils-results-grid-seconds-5-no-mip-start/medium-1/24proc/seed-1/5_eilA101-2_seed-1_20260502_192559/iterated_local_search/search_space/search_space_file_6_worker_8.txt
[INFO]:[20:02:54] Local search space loaded from file: /scratch/yorig/mpils-results-grid-seconds-5-no-mip-start/medium-1/24proc/seed-1/5_eilA101-2_seed-1_20260502_192559/iterated_local_search/search_space/search_space_file_6_worker_8.txt
[INFO]:[20:02:54] Number of parameters in local search space: 71
[INFO]:[20:02:54] Number of forbidden tuples in local search space: 128
[INFO]:[20:02:54] Number of conditionals in local search space: 6
[INFO]:[20:02:54] MIP start option not enabled. Local search will proceed without MIP start.
[INFO]:[20:02:54] Evaluating initial configuration for local search phase...
[INFO]:[20:02:54] Starting CPLEX solver on instance: /home/yorig/tuner/mpils-tests/instances/miplib/medium-1/eilA101-2.mps with config: /scratch/yorig/mpils-results-grid-seconds-5-no-mip-start/medium-1/24proc/seed-1/5_eilA101-2_seed-1_20260502_192559/iterated_local_search/run_6_worker_8/ils_config_12557992982160877486.prm
[INFO]:[20:02:54] Starting CPLEX solver on instance: /home/yorig/tuner/mpils-tests/instances/miplib/medium-1/eilA101-2.mps with config: /scratch/yorig/mpils-results-grid-seconds-5-no-mip-start/medium-1/24proc/seed-1/5_eilA101-2_seed-1_20260502_192559/iterated_local_search/run_6_worker_8/ils_config_12557992982160877486.prm
[INFO]:[20:02:59] CPLEX results. Gap: 100.000000, upper bound: 2420.506503, lower bound: 0.000000
[INFO]:[20:02:59] CPLEX solver finished. Gap: 100.000000
[INFO]:[20:02:59] Initial configuration evaluated with objective value: 100
[INFO]:[20:03:00] Starting CPLEX solver on instance: /home/yorig/tuner/mpils-tests/instances/miplib/medium-1/eilA101-2.mps with config: /scratch/yorig/mpils-results-grid-seconds-5-no-mip-start/medium-1/24proc/seed-1/5_eilA101-2_seed-1_20260502_192559/iterated_local_search/run_6_worker_8/ils_config_8656376474158822661.prm
[INFO]:[20:03:00] Starting CPLEX solver on instance: /home/yorig/tuner/mpils-tests/instances/miplib/medium-1/eilA101-2.mps with config: /scratch/yorig/mpils-results-grid-seconds-5-no-mip-start/medium-1/24proc/seed-1/5_eilA101-2_seed-1_20260502_192559/iterated_local_search/run_6_worker_8/ils_config_8656376474158822661.prm
[INFO]:[20:03:05] CPLEX results. Gap: 100.000000, upper bound: 2420.506503, lower bound: 0.000000
[INFO]:[20:03:05] CPLEX solver finished. Gap: 100.000000
[INFO]:[20:03:05] Starting CPLEX solver on instance: /home/yorig/tuner/mpils-tests/instances/miplib/medium-1/eilA101-2.mps with config: /scratch/yorig/mpils-results-grid-seconds-5-no-mip-start/medium-1/24proc/seed-1/5_eilA101-2_seed-1_20260502_192559/iterated_local_search/run_6_worker_8/ils_config_2190350534621513675.prm
[INFO]:[20:03:05] Starting CPLEX solver on instance: /home/yorig/tuner/mpils-tests/instances/miplib/medium-1/eilA101-2.mps with config: /scratch/yorig/mpils-results-grid-seconds-5-no-mip-start/medium-1/24proc/seed-1/5_eilA101-2_seed-1_20260502_192559/iterated_local_search/run_6_worker_8/ils_config_2190350534621513675.prm
[INFO]:[20:03:10] CPLEX results. Gap: 100.000000, upper bound: 2420.506503, lower bound: 0.000000
[INFO]:[20:03:10] CPLEX solver finished. Gap: 100.000000
[INFO]:[20:03:10] Starting CPLEX solver on instance: /home/yorig/tuner/mpils-tests/instances/miplib/medium-1/eilA101-2.mps with config: /scratch/yorig/mpils-results-grid-seconds-5-no-mip-start/medium-1/24proc/seed-1/5_eilA101-2_seed-1_20260502_192559/iterated_local_search/run_6_worker_8/ils_config_3833339254632629713.prm
[INFO]:[20:03:10] Starting CPLEX solver on instance: /home/yorig/tuner/mpils-tests/instances/miplib/medium-1/eilA101-2.mps with config: /scratch/yorig/mpils-results-grid-seconds-5-no-mip-start/medium-1/24proc/seed-1/5_eilA101-2_seed-1_20260502_192559/iterated_local_search/run_6_worker_8/ils_config_3833339254632629713.prm
[INFO]:[20:03:15] CPLEX results. Gap: 100.000000, upper bound: 2420.506503, lower bound: 0.000000
[INFO]:[20:03:15] CPLEX solver finished. Gap: 100.000000
[INFO]:[20:03:15] Starting CPLEX solver on instance: /home/yorig/tuner/mpils-tests/instances/miplib/medium-1/eilA101-2.mps with config: /scratch/yorig/mpils-results-grid-seconds-5-no-mip-start/medium-1/24proc/seed-1/5_eilA101-2_seed-1_20260502_192559/iterated_local_search/run_6_worker_8/ils_config_7496097266606132366.prm
[INFO]:[20:03:15] Starting CPLEX solver on instance: /home/yorig/tuner/mpils-tests/instances/miplib/medium-1/eilA101-2.mps with config: /scratch/yorig/mpils-results-grid-seconds-5-no-mip-start/medium-1/24proc/seed-1/5_eilA101-2_seed-1_20260502_192559/iterated_local_search/run_6_worker_8/ils_config_7496097266606132366.prm
[INFO]:[20:03:20] CPLEX results. Gap: 100.000000, upper bound: 2420.506503, lower bound: 0.000000
[INFO]:[20:03:20] CPLEX solver finished. Gap: 100.000000
[INFO]:[20:03:20] Starting CPLEX solver on instance: /home/yorig/tuner/mpils-tests/instances/miplib/medium-1/eilA101-2.mps with config: /scratch/yorig/mpils-results-grid-seconds-5-no-mip-start/medium-1/24proc/seed-1/5_eilA101-2_seed-1_20260502_192559/iterated_local_search/run_6_worker_8/ils_config_3948464901249261441.prm
[INFO]:[20:03:20] Starting CPLEX solver on instance: /home/yorig/tuner/mpils-tests/instances/miplib/medium-1/eilA101-2.mps with config: /scratch/yorig/mpils-results-grid-seconds-5-no-mip-start/medium-1/24proc/seed-1/5_eilA101-2_seed-1_20260502_192559/iterated_local_search/run_6_worker_8/ils_config_3948464901249261441.prm
[INFO]:[20:03:25] CPLEX results. Gap: 100.000000, upper bound: 2420.506503, lower bound: 0.000000
[INFO]:[20:03:25] CPLEX solver finished. Gap: 100.000000
[INFO]:[20:03:25] Starting CPLEX solver on instance: /home/yorig/tuner/mpils-tests/instances/miplib/medium-1/eilA101-2.mps with config: /scratch/yorig/mpils-results-grid-seconds-5-no-mip-start/medium-1/24proc/seed-1/5_eilA101-2_seed-1_20260502_192559/iterated_local_search/run_6_worker_8/ils_config_9351881761378902134.prm
[INFO]:[20:03:25] Starting CPLEX solver on instance: /home/yorig/tuner/mpils-tests/instances/miplib/medium-1/eilA101-2.mps with config: /scratch/yorig/mpils-results-grid-seconds-5-no-mip-start/medium-1/24proc/seed-1/5_eilA101-2_seed-1_20260502_192559/iterated_local_search/run_6_worker_8/ils_config_9351881761378902134.prm
[INFO]:[20:03:31] CPLEX results. Gap: 100.000000, upper bound: 2420.506503, lower bound: 0.000000
[INFO]:[20:03:31] CPLEX solver finished. Gap: 100.000000
[INFO]:[20:03:31] Starting CPLEX solver on instance: /home/yorig/tuner/mpils-tests/instances/miplib/medium-1/eilA101-2.mps with config: /scratch/yorig/mpils-results-grid-seconds-5-no-mip-start/medium-1/24proc/seed-1/5_eilA101-2_seed-1_20260502_192559/iterated_local_search/run_6_worker_8/ils_config_13465883438598967761.prm
[INFO]:[20:03:31] Starting CPLEX solver on instance: /home/yorig/tuner/mpils-tests/instances/miplib/medium-1/eilA101-2.mps with config: /scratch/yorig/mpils-results-grid-seconds-5-no-mip-start/medium-1/24proc/seed-1/5_eilA101-2_seed-1_20260502_192559/iterated_local_search/run_6_worker_8/ils_config_13465883438598967761.prm
[INFO]:[20:03:36] CPLEX results. Gap: 100.000000, upper bound: 2420.506503, lower bound: 0.000000
[INFO]:[20:03:36] CPLEX solver finished. Gap: 100.000000
[INFO]:[20:03:36] Starting CPLEX solver on instance: /home/yorig/tuner/mpils-tests/instances/miplib/medium-1/eilA101-2.mps with config: /scratch/yorig/mpils-results-grid-seconds-5-no-mip-start/medium-1/24proc/seed-1/5_eilA101-2_seed-1_20260502_192559/iterated_local_search/run_6_worker_8/ils_config_4059310037305856154.prm
[INFO]:[20:03:36] Starting CPLEX solver on instance: /home/yorig/tuner/mpils-tests/instances/miplib/medium-1/eilA101-2.mps with config: /scratch/yorig/mpils-results-grid-seconds-5-no-mip-start/medium-1/24proc/seed-1/5_eilA101-2_seed-1_20260502_192559/iterated_local_search/run_6_worker_8/ils_config_4059310037305856154.prm
[INFO]:[20:03:41] CPLEX results. Gap: 100.000000, upper bound: 2420.506503, lower bound: 0.000000
[INFO]:[20:03:41] CPLEX solver finished. Gap: 100.000000
[INFO]:[20:03:41] Local search phase completed.
[INFO]:[20:03:41] Total number of new local-search evaluations: 9
[INFO]:[20:03:41] Final incumbent objective value: 100
[INFO]:[20:05:01] Worker 8 completed exploration phase.
[INFO]:[20:05:01] Worker 8 received order for step 3.
[INFO]:[20:05:01] Worker 8 finished.
