[INFO]:[22:46:41] Worker 5 starting.
[INFO]:[22:46:41] Worker 5 received order for step 1.
[INFO]:[22:46:41] Worker 5 running exploration phase for iteration 1.
[INFO]:[22:46:41] Current MIP start info file not found: /scratch/yorig/mpils-results-grid-seconds-5/easy/16proc/seed-1/3_glass4_seed-1_20260502_224640/iterated_local_search/mip_start/current_mip_start_1.txt
[INFO]:[22:46:41] Worker 5 at iteration 1 will not use a MIP start file. Current best MIP-start upper bound threshold is 1.79769e+308.
[INFO]:[22:46:41] Starting local search phase...
[INFO]:[22:46:41] Creating local search space from parameter space file: /scratch/yorig/mpils-results-grid-seconds-5/easy/16proc/seed-1/3_glass4_seed-1_20260502_224640/iterated_local_search/search_space/search_space_file_1_worker_5.txt
[INFO]:[22:46:41] Local search space loaded from file: /scratch/yorig/mpils-results-grid-seconds-5/easy/16proc/seed-1/3_glass4_seed-1_20260502_224640/iterated_local_search/search_space/search_space_file_1_worker_5.txt
[INFO]:[22:46:41] Number of parameters in local search space: 71
[INFO]:[22:46:41] Number of forbidden tuples in local search space: 0
[INFO]:[22:46:41] Number of conditionals in local search space: 6
[INFO]:[22:46:41] MIP start option not enabled. Local search will proceed without MIP start.
[INFO]:[22:46:41] Evaluating initial configuration for local search phase...
[INFO]:[22:46:41] Starting CPLEX solver on instance: /home/yorig/tuner/mpils-tests/instances/miplib/easy/glass4.mps with config: /scratch/yorig/mpils-results-grid-seconds-5/easy/16proc/seed-1/3_glass4_seed-1_20260502_224640/iterated_local_search/run_1_worker_5/ils_config_8324574644124398767.prm
[INFO]:[22:46:41] Starting CPLEX solver on instance: /home/yorig/tuner/mpils-tests/instances/miplib/easy/glass4.mps with config: /scratch/yorig/mpils-results-grid-seconds-5/easy/16proc/seed-1/3_glass4_seed-1_20260502_224640/iterated_local_search/run_1_worker_5/ils_config_8324574644124398767.prm
[INFO]:[22:46:46] CPLEX results. Gap: 45.250000, upper bound: 1500013866.666667, lower bound: 821282611.858890
[INFO]:[22:46:46] Writing MIP start file: /scratch/yorig/mpils-results-grid-seconds-5/easy/16proc/seed-1/3_glass4_seed-1_20260502_224640/iterated_local_search/run_1_worker_5/mip_starts/mip_start_eval_1_config_8324574644124398767.mst
[INFO]:[22:46:46] CPLEX solver finished. Gap: 45.250000
[INFO]:[22:46:46] Initial configuration evaluated with objective value: 45.25
[INFO]:[22:46:46] Starting CPLEX solver on instance: /home/yorig/tuner/mpils-tests/instances/miplib/easy/glass4.mps with config: /scratch/yorig/mpils-results-grid-seconds-5/easy/16proc/seed-1/3_glass4_seed-1_20260502_224640/iterated_local_search/run_1_worker_5/ils_config_5283696125563727597.prm
[INFO]:[22:46:46] Starting CPLEX solver on instance: /home/yorig/tuner/mpils-tests/instances/miplib/easy/glass4.mps with config: /scratch/yorig/mpils-results-grid-seconds-5/easy/16proc/seed-1/3_glass4_seed-1_20260502_224640/iterated_local_search/run_1_worker_5/ils_config_5283696125563727597.prm
[INFO]:[22:46:51] CPLEX results. Gap: 32.990000, upper bound: 1200012599.999999, lower bound: 804090663.817261
[INFO]:[22:46:51] Writing MIP start file: /scratch/yorig/mpils-results-grid-seconds-5/easy/16proc/seed-1/3_glass4_seed-1_20260502_224640/iterated_local_search/run_1_worker_5/mip_starts/mip_start_eval_2_config_5283696125563727597.mst
[INFO]:[22:46:51] CPLEX solver finished. Gap: 32.990000
[INFO]:[22:46:51] New incumbent found with objective value: 32.99
[INFO]:[22:46:51] Starting CPLEX solver on instance: /home/yorig/tuner/mpils-tests/instances/miplib/easy/glass4.mps with config: /scratch/yorig/mpils-results-grid-seconds-5/easy/16proc/seed-1/3_glass4_seed-1_20260502_224640/iterated_local_search/run_1_worker_5/ils_config_11386143405140534828.prm
[INFO]:[22:46:51] Starting CPLEX solver on instance: /home/yorig/tuner/mpils-tests/instances/miplib/easy/glass4.mps with config: /scratch/yorig/mpils-results-grid-seconds-5/easy/16proc/seed-1/3_glass4_seed-1_20260502_224640/iterated_local_search/run_1_worker_5/ils_config_11386143405140534828.prm
[INFO]:[22:46:56] CPLEX results. Gap: 52.240000, upper bound: 1675014262.500000, lower bound: 800006227.393007
[INFO]:[22:46:56] CPLEX solver finished. Gap: 52.240000
[INFO]:[22:46:56] Starting CPLEX solver on instance: /home/yorig/tuner/mpils-tests/instances/miplib/easy/glass4.mps with config: /scratch/yorig/mpils-results-grid-seconds-5/easy/16proc/seed-1/3_glass4_seed-1_20260502_224640/iterated_local_search/run_1_worker_5/ils_config_9126063361150305925.prm
[INFO]:[22:46:56] Starting CPLEX solver on instance: /home/yorig/tuner/mpils-tests/instances/miplib/easy/glass4.mps with config: /scratch/yorig/mpils-results-grid-seconds-5/easy/16proc/seed-1/3_glass4_seed-1_20260502_224640/iterated_local_search/run_1_worker_5/ils_config_9126063361150305925.prm
[INFO]:[22:47:01] CPLEX results. Gap: 32.990000, upper bound: 1200012599.999999, lower bound: 804090663.817261
[INFO]:[22:47:01] CPLEX solver finished. Gap: 32.990000
[INFO]:[22:47:01] Starting CPLEX solver on instance: /home/yorig/tuner/mpils-tests/instances/miplib/easy/glass4.mps with config: /scratch/yorig/mpils-results-grid-seconds-5/easy/16proc/seed-1/3_glass4_seed-1_20260502_224640/iterated_local_search/run_1_worker_5/ils_config_2032594966891496213.prm
[INFO]:[22:47:01] Starting CPLEX solver on instance: /home/yorig/tuner/mpils-tests/instances/miplib/easy/glass4.mps with config: /scratch/yorig/mpils-results-grid-seconds-5/easy/16proc/seed-1/3_glass4_seed-1_20260502_224640/iterated_local_search/run_1_worker_5/ils_config_2032594966891496213.prm
[INFO]:[22:47:06] CPLEX results. Gap: 41.460000, upper bound: 1366679866.666667, lower bound: 800005620.683764
[INFO]:[22:47:06] CPLEX solver finished. Gap: 41.460000
[INFO]:[22:47:06] Starting CPLEX solver on instance: /home/yorig/tuner/mpils-tests/instances/miplib/easy/glass4.mps with config: /scratch/yorig/mpils-results-grid-seconds-5/easy/16proc/seed-1/3_glass4_seed-1_20260502_224640/iterated_local_search/run_1_worker_5/ils_config_8794622292728137322.prm
[INFO]:[22:47:06] Starting CPLEX solver on instance: /home/yorig/tuner/mpils-tests/instances/miplib/easy/glass4.mps with config: /scratch/yorig/mpils-results-grid-seconds-5/easy/16proc/seed-1/3_glass4_seed-1_20260502_224640/iterated_local_search/run_1_worker_5/ils_config_8794622292728137322.prm
[INFO]:[22:47:11] CPLEX results. Gap: 36.360000, upper bound: 1375014725.000000, lower bound: 875005113.032831
[INFO]:[22:47:11] CPLEX solver finished. Gap: 36.360000
[INFO]:[22:47:11] Starting CPLEX solver on instance: /home/yorig/tuner/mpils-tests/instances/miplib/easy/glass4.mps with config: /scratch/yorig/mpils-results-grid-seconds-5/easy/16proc/seed-1/3_glass4_seed-1_20260502_224640/iterated_local_search/run_1_worker_5/ils_config_13684208836631155602.prm
[INFO]:[22:47:11] Starting CPLEX solver on instance: /home/yorig/tuner/mpils-tests/instances/miplib/easy/glass4.mps with config: /scratch/yorig/mpils-results-grid-seconds-5/easy/16proc/seed-1/3_glass4_seed-1_20260502_224640/iterated_local_search/run_1_worker_5/ils_config_13684208836631155602.prm
[INFO]:[22:47:16] CPLEX results. Gap: 37.930000, upper bound: 1450012450.000000, lower bound: 900005358.621749
[INFO]:[22:47:16] CPLEX solver finished. Gap: 37.930000
[INFO]:[22:47:16] Starting CPLEX solver on instance: /home/yorig/tuner/mpils-tests/instances/miplib/easy/glass4.mps with config: /scratch/yorig/mpils-results-grid-seconds-5/easy/16proc/seed-1/3_glass4_seed-1_20260502_224640/iterated_local_search/run_1_worker_5/ils_config_8237400076065989808.prm
[INFO]:[22:47:16] Starting CPLEX solver on instance: /home/yorig/tuner/mpils-tests/instances/miplib/easy/glass4.mps with config: /scratch/yorig/mpils-results-grid-seconds-5/easy/16proc/seed-1/3_glass4_seed-1_20260502_224640/iterated_local_search/run_1_worker_5/ils_config_8237400076065989808.prm
[INFO]:[22:47:21] CPLEX results. Gap: 44.500000, upper bound: 1500015666.665667, lower bound: 832438127.964961
[INFO]:[22:47:21] CPLEX solver finished. Gap: 44.500000
[INFO]:[22:47:21] Starting CPLEX solver on instance: /home/yorig/tuner/mpils-tests/instances/miplib/easy/glass4.mps with config: /scratch/yorig/mpils-results-grid-seconds-5/easy/16proc/seed-1/3_glass4_seed-1_20260502_224640/iterated_local_search/run_1_worker_5/ils_config_322340471572541968.prm
[INFO]:[22:47:21] Starting CPLEX solver on instance: /home/yorig/tuner/mpils-tests/instances/miplib/easy/glass4.mps with config: /scratch/yorig/mpils-results-grid-seconds-5/easy/16proc/seed-1/3_glass4_seed-1_20260502_224640/iterated_local_search/run_1_worker_5/ils_config_322340471572541968.prm
[INFO]:[22:47:26] CPLEX results. Gap: 32.980000, upper bound: 1200012599.999999, lower bound: 804266202.204397
[INFO]:[22:47:26] CPLEX solver finished. Gap: 32.980000
[INFO]:[22:47:26] New incumbent found with objective value: 32.98
[INFO]:[22:47:26] Starting CPLEX solver on instance: /home/yorig/tuner/mpils-tests/instances/miplib/easy/glass4.mps with config: /scratch/yorig/mpils-results-grid-seconds-5/easy/16proc/seed-1/3_glass4_seed-1_20260502_224640/iterated_local_search/run_1_worker_5/ils_config_4734061831915061356.prm
[INFO]:[22:47:26] Starting CPLEX solver on instance: /home/yorig/tuner/mpils-tests/instances/miplib/easy/glass4.mps with config: /scratch/yorig/mpils-results-grid-seconds-5/easy/16proc/seed-1/3_glass4_seed-1_20260502_224640/iterated_local_search/run_1_worker_5/ils_config_4734061831915061356.prm
[INFO]:[22:47:31] CPLEX results. Gap: 49.940000, upper bound: 1600012833.333333, lower bound: 801044253.383514
[INFO]:[22:47:31] CPLEX solver finished. Gap: 49.940000
[INFO]:[22:47:31] Starting CPLEX solver on instance: /home/yorig/tuner/mpils-tests/instances/miplib/easy/glass4.mps with config: /scratch/yorig/mpils-results-grid-seconds-5/easy/16proc/seed-1/3_glass4_seed-1_20260502_224640/iterated_local_search/run_1_worker_5/ils_config_14765905288156967367.prm
[INFO]:[22:47:31] Starting CPLEX solver on instance: /home/yorig/tuner/mpils-tests/instances/miplib/easy/glass4.mps with config: /scratch/yorig/mpils-results-grid-seconds-5/easy/16proc/seed-1/3_glass4_seed-1_20260502_224640/iterated_local_search/run_1_worker_5/ils_config_14765905288156967367.prm
[INFO]:[22:47:36] CPLEX results. Gap: 40.540000, upper bound: 1400014700.000000, lower bound: 832438249.727440
[INFO]:[22:47:36] CPLEX solver finished. Gap: 40.540000
[INFO]:[22:47:36] Starting CPLEX solver on instance: /home/yorig/tuner/mpils-tests/instances/miplib/easy/glass4.mps with config: /scratch/yorig/mpils-results-grid-seconds-5/easy/16proc/seed-1/3_glass4_seed-1_20260502_224640/iterated_local_search/run_1_worker_5/ils_config_6598639817015963547.prm
[INFO]:[22:47:36] Starting CPLEX solver on instance: /home/yorig/tuner/mpils-tests/instances/miplib/easy/glass4.mps with config: /scratch/yorig/mpils-results-grid-seconds-5/easy/16proc/seed-1/3_glass4_seed-1_20260502_224640/iterated_local_search/run_1_worker_5/ils_config_6598639817015963547.prm
[INFO]:[22:47:41] CPLEX results. Gap: 27.780000, upper bound: 1200012600.000000, lower bound: 866673058.917345
[INFO]:[22:47:41] CPLEX solver finished. Gap: 27.780000
[INFO]:[22:47:41] New incumbent found with objective value: 27.78
[INFO]:[22:47:41] Starting CPLEX solver on instance: /home/yorig/tuner/mpils-tests/instances/miplib/easy/glass4.mps with config: /scratch/yorig/mpils-results-grid-seconds-5/easy/16proc/seed-1/3_glass4_seed-1_20260502_224640/iterated_local_search/run_1_worker_5/ils_config_835856704465341819.prm
[INFO]:[22:47:41] Starting CPLEX solver on instance: /home/yorig/tuner/mpils-tests/instances/miplib/easy/glass4.mps with config: /scratch/yorig/mpils-results-grid-seconds-5/easy/16proc/seed-1/3_glass4_seed-1_20260502_224640/iterated_local_search/run_1_worker_5/ils_config_835856704465341819.prm
[INFO]:[22:47:46] CPLEX results. Gap: 32.200000, upper bound: 1200012600.000000, lower bound: 813633981.134275
[INFO]:[22:47:46] CPLEX solver finished. Gap: 32.200000
[INFO]:[22:47:46] Starting CPLEX solver on instance: /home/yorig/tuner/mpils-tests/instances/miplib/easy/glass4.mps with config: /scratch/yorig/mpils-results-grid-seconds-5/easy/16proc/seed-1/3_glass4_seed-1_20260502_224640/iterated_local_search/run_1_worker_5/ils_config_6050605045592187755.prm
[INFO]:[22:47:46] Starting CPLEX solver on instance: /home/yorig/tuner/mpils-tests/instances/miplib/easy/glass4.mps with config: /scratch/yorig/mpils-results-grid-seconds-5/easy/16proc/seed-1/3_glass4_seed-1_20260502_224640/iterated_local_search/run_1_worker_5/ils_config_6050605045592187755.prm
[INFO]:[22:47:51] CPLEX results. Gap: 27.780000, upper bound: 1200012600.000000, lower bound: 866672758.037509
[INFO]:[22:47:51] CPLEX solver finished. Gap: 27.780000
[INFO]:[22:47:51] Starting CPLEX solver on instance: /home/yorig/tuner/mpils-tests/instances/miplib/easy/glass4.mps with config: /scratch/yorig/mpils-results-grid-seconds-5/easy/16proc/seed-1/3_glass4_seed-1_20260502_224640/iterated_local_search/run_1_worker_5/ils_config_1200261972350585721.prm
[INFO]:[22:47:51] Starting CPLEX solver on instance: /home/yorig/tuner/mpils-tests/instances/miplib/easy/glass4.mps with config: /scratch/yorig/mpils-results-grid-seconds-5/easy/16proc/seed-1/3_glass4_seed-1_20260502_224640/iterated_local_search/run_1_worker_5/ils_config_1200261972350585721.prm
[INFO]:[22:47:56] CPLEX results. Gap: 49.020000, upper bound: 1614301000.000000, lower bound: 822994748.065215
[INFO]:[22:47:56] CPLEX solver finished. Gap: 49.020000
[INFO]:[22:47:56] Starting CPLEX solver on instance: /home/yorig/tuner/mpils-tests/instances/miplib/easy/glass4.mps with config: /scratch/yorig/mpils-results-grid-seconds-5/easy/16proc/seed-1/3_glass4_seed-1_20260502_224640/iterated_local_search/run_1_worker_5/ils_config_4741058158734137267.prm
[INFO]:[22:47:56] Starting CPLEX solver on instance: /home/yorig/tuner/mpils-tests/instances/miplib/easy/glass4.mps with config: /scratch/yorig/mpils-results-grid-seconds-5/easy/16proc/seed-1/3_glass4_seed-1_20260502_224640/iterated_local_search/run_1_worker_5/ils_config_4741058158734137267.prm
[INFO]:[22:48:01] CPLEX results. Gap: 41.660000, upper bound: 1400014200.000000, lower bound: 816766989.935196
[INFO]:[22:48:01] CPLEX solver finished. Gap: 41.660000
[INFO]:[22:48:01] Starting CPLEX solver on instance: /home/yorig/tuner/mpils-tests/instances/miplib/easy/glass4.mps with config: /scratch/yorig/mpils-results-grid-seconds-5/easy/16proc/seed-1/3_glass4_seed-1_20260502_224640/iterated_local_search/run_1_worker_5/ils_config_8242817082047653585.prm
[INFO]:[22:48:01] Starting CPLEX solver on instance: /home/yorig/tuner/mpils-tests/instances/miplib/easy/glass4.mps with config: /scratch/yorig/mpils-results-grid-seconds-5/easy/16proc/seed-1/3_glass4_seed-1_20260502_224640/iterated_local_search/run_1_worker_5/ils_config_8242817082047653585.prm
[INFO]:[22:48:06] CPLEX results. Gap: 42.650000, upper bound: 1450012210.267898, lower bound: 831515467.691670
[INFO]:[22:48:06] CPLEX solver finished. Gap: 42.650000
[INFO]:[22:48:06] Starting CPLEX solver on instance: /home/yorig/tuner/mpils-tests/instances/miplib/easy/glass4.mps with config: /scratch/yorig/mpils-results-grid-seconds-5/easy/16proc/seed-1/3_glass4_seed-1_20260502_224640/iterated_local_search/run_1_worker_5/ils_config_6108749413392545755.prm
[INFO]:[22:48:06] Starting CPLEX solver on instance: /home/yorig/tuner/mpils-tests/instances/miplib/easy/glass4.mps with config: /scratch/yorig/mpils-results-grid-seconds-5/easy/16proc/seed-1/3_glass4_seed-1_20260502_224640/iterated_local_search/run_1_worker_5/ils_config_6108749413392545755.prm
[INFO]:[22:48:11] CPLEX results. Gap: 27.780000, upper bound: 1200012600.000000, lower bound: 866673355.716661
[INFO]:[22:48:11] CPLEX solver finished. Gap: 27.780000
[INFO]:[22:48:11] Starting CPLEX solver on instance: /home/yorig/tuner/mpils-tests/instances/miplib/easy/glass4.mps with config: /scratch/yorig/mpils-results-grid-seconds-5/easy/16proc/seed-1/3_glass4_seed-1_20260502_224640/iterated_local_search/run_1_worker_5/ils_config_11708366171918244540.prm
[INFO]:[22:48:11] Starting CPLEX solver on instance: /home/yorig/tuner/mpils-tests/instances/miplib/easy/glass4.mps with config: /scratch/yorig/mpils-results-grid-seconds-5/easy/16proc/seed-1/3_glass4_seed-1_20260502_224640/iterated_local_search/run_1_worker_5/ils_config_11708366171918244540.prm
[INFO]:[22:48:16] CPLEX results. Gap: 46.880000, upper bound: 1600013700.000000, lower bound: 850005252.478842
[INFO]:[22:48:16] CPLEX solver finished. Gap: 46.880000
[INFO]:[22:48:16] Starting CPLEX solver on instance: /home/yorig/tuner/mpils-tests/instances/miplib/easy/glass4.mps with config: /scratch/yorig/mpils-results-grid-seconds-5/easy/16proc/seed-1/3_glass4_seed-1_20260502_224640/iterated_local_search/run_1_worker_5/ils_config_15585337237827752233.prm
[INFO]:[22:48:16] Starting CPLEX solver on instance: /home/yorig/tuner/mpils-tests/instances/miplib/easy/glass4.mps with config: /scratch/yorig/mpils-results-grid-seconds-5/easy/16proc/seed-1/3_glass4_seed-1_20260502_224640/iterated_local_search/run_1_worker_5/ils_config_15585337237827752233.prm
[INFO]:[22:48:21] CPLEX results. Gap: 27.780000, upper bound: 1200012600.000000, lower bound: 866672758.037509
[INFO]:[22:48:21] CPLEX solver finished. Gap: 27.780000
[INFO]:[22:48:21] Local search phase completed.
[INFO]:[22:48:21] Total number of new local-search evaluations: 20
[INFO]:[22:48:21] Final incumbent objective value: 27.78
[INFO]:[22:48:21] Worker 5 completed exploration phase.
[INFO]:[22:48:21] Worker 5 received order for step 2.
[INFO]:[22:48:21] Worker 5 running expansion phase for iteration 1.
[INFO]:[22:48:21] Worker 5 will use solver log file: /scratch/yorig/mpils-results-grid-seconds-5/easy/16proc/seed-1/3_glass4_seed-1_20260502_224640/solver/cplex.log_iteration_expansion_1_worker_5
[INFO]:[22:48:21] Expansion Worker 5 starting expansion for iteration 1.
[INFO]:[22:48:21] Starting CPLEX solver on instance: /home/yorig/tuner/mpils-tests/instances/miplib/easy/glass4.mps with config: /scratch/yorig/mpils-results-grid-seconds-5/easy/16proc/seed-1/3_glass4_seed-1_20260502_224640/expansion/config_param_CPXPARAM_MIP_Limits_ProbeTime_1_iter_1.prm
[INFO]:[22:48:26] CPLEX results. Gap: 25.930000, upper bound: 1350013050.000000, lower bound: 1000005393.433772
[INFO]:[22:48:26] CPLEX solver finished. Gap: 25.930000
[INFO]:[22:48:26] Starting CPLEX solver on instance: /home/yorig/tuner/mpils-tests/instances/miplib/easy/glass4.mps with config: /scratch/yorig/mpils-results-grid-seconds-5/easy/16proc/seed-1/3_glass4_seed-1_20260502_224640/expansion/config_param_CPXPARAM_MIP_Limits_ProbeTime_2_iter_1.prm
[INFO]:[22:48:31] CPLEX results. Gap: 25.930000, upper bound: 1350013050.000000, lower bound: 1000005488.322164
[INFO]:[22:48:31] CPLEX solver finished. Gap: 25.930000
[INFO]:[22:48:31] Starting CPLEX solver on instance: /home/yorig/tuner/mpils-tests/instances/miplib/easy/glass4.mps with config: /scratch/yorig/mpils-results-grid-seconds-5/easy/16proc/seed-1/3_glass4_seed-1_20260502_224640/expansion/config_param_CPXPARAM_MIP_Limits_ProbeTime_5_iter_1.prm
[INFO]:[22:48:36] CPLEX results. Gap: 25.930000, upper bound: 1350013050.000000, lower bound: 1000005463.975832
[INFO]:[22:48:36] CPLEX solver finished. Gap: 25.930000
[INFO]:[22:48:36] Starting CPLEX solver on instance: /home/yorig/tuner/mpils-tests/instances/miplib/easy/glass4.mps with config: /scratch/yorig/mpils-results-grid-seconds-5/easy/16proc/seed-1/3_glass4_seed-1_20260502_224640/expansion/config_param_CPXPARAM_MIP_Limits_ProbeTime_10_iter_1.prm
[INFO]:[22:48:41] CPLEX results. Gap: 0.000000, upper bound: 1200012599.998000, lower bound: 1199989548.060426
[INFO]:[22:48:41] CPLEX solver finished. Gap: 0.000000
[INFO]:[22:48:41] Expansion Worker 5 found an improving configuration with objective value 0.
[INFO]:[22:48:41] Expansion Worker 5 stopping early after global MPI expansion stop was activated.
[INFO]:[22:48:41] Expansion Worker 5 completed expansion.
[INFO]:[22:48:41] Worker 5 completed expansion phase.
[INFO]:[22:48:41] Worker 5 received order for step 3.
[INFO]:[22:48:41] Worker 5 finished.
