[INFO]:[02:06:33] Worker 6 starting.
[INFO]:[02:06:33] Worker 6 received order for step 1.
[INFO]:[02:06:33] Worker 6 running exploration phase for iteration 1.
[INFO]:[02:06:33] Worker 6 at iteration 1 will not use a MIP start file. Current best MIP-start upper bound threshold is 1.79769e+308.
[INFO]:[02:06:33] Starting local search phase...
[INFO]:[02:06:33] Creating local search space from parameter space file: /scratch/yorig/mpils-results-grid-seconds-5-watchdog-mip-start/medium-2/16proc/seed-5/1_neos-4387871-tavua_seed-5_20260504_020632/iterated_local_search/search_space/search_space_file_1_worker_6.txt
[INFO]:[02:06:33] Local search space loaded from file: /scratch/yorig/mpils-results-grid-seconds-5-watchdog-mip-start/medium-2/16proc/seed-5/1_neos-4387871-tavua_seed-5_20260504_020632/iterated_local_search/search_space/search_space_file_1_worker_6.txt
[INFO]:[02:06:33] Number of parameters in local search space: 71
[INFO]:[02:06:33] Number of forbidden tuples in local search space: 0
[INFO]:[02:06:33] Number of conditionals in local search space: 6
[INFO]:[02:06:33] MIP start option not enabled. Local search will proceed without MIP start.
[INFO]:[02:06:33] Evaluating initial configuration for local search phase...
[INFO]:[02:06:33] Starting CPLEX solver on instance: /home/yorig/tuner/mpils-tests/instances/miplib/medium-2/neos-4387871-tavua.mps with config: /scratch/yorig/mpils-results-grid-seconds-5-watchdog-mip-start/medium-2/16proc/seed-5/1_neos-4387871-tavua_seed-5_20260504_020632/iterated_local_search/run_1_worker_6/ils_config_1562778068060664005.prm
[INFO]:[02:06:33] Starting CPLEX solver on instance: /home/yorig/tuner/mpils-tests/instances/miplib/medium-2/neos-4387871-tavua.mps with config: /scratch/yorig/mpils-results-grid-seconds-5-watchdog-mip-start/medium-2/16proc/seed-5/1_neos-4387871-tavua_seed-5_20260504_020632/iterated_local_search/run_1_worker_6/ils_config_1562778068060664005.prm
[INFO]:[02:06:38] CPLEX results. Gap: 30.920000, upper bound: 33.798940, lower bound: 23.347965
[INFO]:[02:06:38] CPLEX solver finished. Gap: 30.920000
[INFO]:[02:06:38] Initial configuration evaluated with objective value: 30.92
[INFO]:[02:06:38] Starting CPLEX solver on instance: /home/yorig/tuner/mpils-tests/instances/miplib/medium-2/neos-4387871-tavua.mps with config: /scratch/yorig/mpils-results-grid-seconds-5-watchdog-mip-start/medium-2/16proc/seed-5/1_neos-4387871-tavua_seed-5_20260504_020632/iterated_local_search/run_1_worker_6/ils_config_6953195067738295.prm
[INFO]:[02:06:38] Starting CPLEX solver on instance: /home/yorig/tuner/mpils-tests/instances/miplib/medium-2/neos-4387871-tavua.mps with config: /scratch/yorig/mpils-results-grid-seconds-5-watchdog-mip-start/medium-2/16proc/seed-5/1_neos-4387871-tavua_seed-5_20260504_020632/iterated_local_search/run_1_worker_6/ils_config_6953195067738295.prm
[INFO]:[02:06:43] CPLEX results. Gap: 31.380000, upper bound: 33.798940, lower bound: 23.193696
[INFO]:[02:06:43] CPLEX solver finished. Gap: 31.380000
[INFO]:[02:06:43] Starting CPLEX solver on instance: /home/yorig/tuner/mpils-tests/instances/miplib/medium-2/neos-4387871-tavua.mps with config: /scratch/yorig/mpils-results-grid-seconds-5-watchdog-mip-start/medium-2/16proc/seed-5/1_neos-4387871-tavua_seed-5_20260504_020632/iterated_local_search/run_1_worker_6/ils_config_9946361533431250095.prm
[INFO]:[02:06:43] Starting CPLEX solver on instance: /home/yorig/tuner/mpils-tests/instances/miplib/medium-2/neos-4387871-tavua.mps with config: /scratch/yorig/mpils-results-grid-seconds-5-watchdog-mip-start/medium-2/16proc/seed-5/1_neos-4387871-tavua_seed-5_20260504_020632/iterated_local_search/run_1_worker_6/ils_config_9946361533431250095.prm
[INFO]:[02:06:48] CPLEX results. Gap: 36.910000, upper bound: 34.142100, lower bound: 21.541056
[INFO]:[02:06:48] CPLEX solver finished. Gap: 36.910000
[INFO]:[02:06:48] Starting CPLEX solver on instance: /home/yorig/tuner/mpils-tests/instances/miplib/medium-2/neos-4387871-tavua.mps with config: /scratch/yorig/mpils-results-grid-seconds-5-watchdog-mip-start/medium-2/16proc/seed-5/1_neos-4387871-tavua_seed-5_20260504_020632/iterated_local_search/run_1_worker_6/ils_config_1355739224222705675.prm
[INFO]:[02:06:48] Starting CPLEX solver on instance: /home/yorig/tuner/mpils-tests/instances/miplib/medium-2/neos-4387871-tavua.mps with config: /scratch/yorig/mpils-results-grid-seconds-5-watchdog-mip-start/medium-2/16proc/seed-5/1_neos-4387871-tavua_seed-5_20260504_020632/iterated_local_search/run_1_worker_6/ils_config_1355739224222705675.prm
[INFO]:[02:06:53] CPLEX results. Gap: 36.300000, upper bound: 34.142100, lower bound: 21.749742
[INFO]:[02:06:53] CPLEX solver finished. Gap: 36.300000
[INFO]:[02:06:53] Starting CPLEX solver on instance: /home/yorig/tuner/mpils-tests/instances/miplib/medium-2/neos-4387871-tavua.mps with config: /scratch/yorig/mpils-results-grid-seconds-5-watchdog-mip-start/medium-2/16proc/seed-5/1_neos-4387871-tavua_seed-5_20260504_020632/iterated_local_search/run_1_worker_6/ils_config_16080778517214194974.prm
[INFO]:[02:06:53] Starting CPLEX solver on instance: /home/yorig/tuner/mpils-tests/instances/miplib/medium-2/neos-4387871-tavua.mps with config: /scratch/yorig/mpils-results-grid-seconds-5-watchdog-mip-start/medium-2/16proc/seed-5/1_neos-4387871-tavua_seed-5_20260504_020632/iterated_local_search/run_1_worker_6/ils_config_16080778517214194974.prm
[INFO]:[02:06:58] CPLEX results. Gap: 36.300000, upper bound: 34.142100, lower bound: 21.749742
[INFO]:[02:06:58] CPLEX solver finished. Gap: 36.300000
[INFO]:[02:06:58] Starting CPLEX solver on instance: /home/yorig/tuner/mpils-tests/instances/miplib/medium-2/neos-4387871-tavua.mps with config: /scratch/yorig/mpils-results-grid-seconds-5-watchdog-mip-start/medium-2/16proc/seed-5/1_neos-4387871-tavua_seed-5_20260504_020632/iterated_local_search/run_1_worker_6/ils_config_872271698118271796.prm
[INFO]:[02:06:58] Starting CPLEX solver on instance: /home/yorig/tuner/mpils-tests/instances/miplib/medium-2/neos-4387871-tavua.mps with config: /scratch/yorig/mpils-results-grid-seconds-5-watchdog-mip-start/medium-2/16proc/seed-5/1_neos-4387871-tavua_seed-5_20260504_020632/iterated_local_search/run_1_worker_6/ils_config_872271698118271796.prm
[INFO]:[02:07:03] CPLEX results. Gap: 33.230000, upper bound: 34.142100, lower bound: 22.797886
[INFO]:[02:07:03] CPLEX solver finished. Gap: 33.230000
[INFO]:[02:07:03] Starting CPLEX solver on instance: /home/yorig/tuner/mpils-tests/instances/miplib/medium-2/neos-4387871-tavua.mps with config: /scratch/yorig/mpils-results-grid-seconds-5-watchdog-mip-start/medium-2/16proc/seed-5/1_neos-4387871-tavua_seed-5_20260504_020632/iterated_local_search/run_1_worker_6/ils_config_15988274111269595835.prm
[INFO]:[02:07:03] Starting CPLEX solver on instance: /home/yorig/tuner/mpils-tests/instances/miplib/medium-2/neos-4387871-tavua.mps with config: /scratch/yorig/mpils-results-grid-seconds-5-watchdog-mip-start/medium-2/16proc/seed-5/1_neos-4387871-tavua_seed-5_20260504_020632/iterated_local_search/run_1_worker_6/ils_config_15988274111269595835.prm
[INFO]:[02:07:08] CPLEX results. Gap: 31.380000, upper bound: 33.798940, lower bound: 23.193696
[INFO]:[02:07:08] CPLEX solver finished. Gap: 31.380000
[INFO]:[02:07:08] Starting CPLEX solver on instance: /home/yorig/tuner/mpils-tests/instances/miplib/medium-2/neos-4387871-tavua.mps with config: /scratch/yorig/mpils-results-grid-seconds-5-watchdog-mip-start/medium-2/16proc/seed-5/1_neos-4387871-tavua_seed-5_20260504_020632/iterated_local_search/run_1_worker_6/ils_config_9836521359786090377.prm
[INFO]:[02:07:08] Starting CPLEX solver on instance: /home/yorig/tuner/mpils-tests/instances/miplib/medium-2/neos-4387871-tavua.mps with config: /scratch/yorig/mpils-results-grid-seconds-5-watchdog-mip-start/medium-2/16proc/seed-5/1_neos-4387871-tavua_seed-5_20260504_020632/iterated_local_search/run_1_worker_6/ils_config_9836521359786090377.prm
[INFO]:[02:07:13] CPLEX results. Gap: 33.320000, upper bound: 33.970520, lower bound: 22.651176
[INFO]:[02:07:13] CPLEX solver finished. Gap: 33.320000
[INFO]:[02:07:13] Starting CPLEX solver on instance: /home/yorig/tuner/mpils-tests/instances/miplib/medium-2/neos-4387871-tavua.mps with config: /scratch/yorig/mpils-results-grid-seconds-5-watchdog-mip-start/medium-2/16proc/seed-5/1_neos-4387871-tavua_seed-5_20260504_020632/iterated_local_search/run_1_worker_6/ils_config_10242715028319869274.prm
[INFO]:[02:07:13] Starting CPLEX solver on instance: /home/yorig/tuner/mpils-tests/instances/miplib/medium-2/neos-4387871-tavua.mps with config: /scratch/yorig/mpils-results-grid-seconds-5-watchdog-mip-start/medium-2/16proc/seed-5/1_neos-4387871-tavua_seed-5_20260504_020632/iterated_local_search/run_1_worker_6/ils_config_10242715028319869274.prm
[INFO]:[02:07:18] CPLEX results. Gap: 31.380000, upper bound: 33.798940, lower bound: 23.193696
[INFO]:[02:07:18] CPLEX solver finished. Gap: 31.380000
[INFO]:[02:07:18] Starting CPLEX solver on instance: /home/yorig/tuner/mpils-tests/instances/miplib/medium-2/neos-4387871-tavua.mps with config: /scratch/yorig/mpils-results-grid-seconds-5-watchdog-mip-start/medium-2/16proc/seed-5/1_neos-4387871-tavua_seed-5_20260504_020632/iterated_local_search/run_1_worker_6/ils_config_11849691294421951094.prm
[INFO]:[02:07:18] Starting CPLEX solver on instance: /home/yorig/tuner/mpils-tests/instances/miplib/medium-2/neos-4387871-tavua.mps with config: /scratch/yorig/mpils-results-grid-seconds-5-watchdog-mip-start/medium-2/16proc/seed-5/1_neos-4387871-tavua_seed-5_20260504_020632/iterated_local_search/run_1_worker_6/ils_config_11849691294421951094.prm
[INFO]:[02:07:23] CPLEX results. Gap: 36.300000, upper bound: 34.142100, lower bound: 21.749742
[INFO]:[02:07:23] CPLEX solver finished. Gap: 36.300000
[INFO]:[02:07:23] Starting CPLEX solver on instance: /home/yorig/tuner/mpils-tests/instances/miplib/medium-2/neos-4387871-tavua.mps with config: /scratch/yorig/mpils-results-grid-seconds-5-watchdog-mip-start/medium-2/16proc/seed-5/1_neos-4387871-tavua_seed-5_20260504_020632/iterated_local_search/run_1_worker_6/ils_config_9696499445981960318.prm
[INFO]:[02:07:23] Starting CPLEX solver on instance: /home/yorig/tuner/mpils-tests/instances/miplib/medium-2/neos-4387871-tavua.mps with config: /scratch/yorig/mpils-results-grid-seconds-5-watchdog-mip-start/medium-2/16proc/seed-5/1_neos-4387871-tavua_seed-5_20260504_020632/iterated_local_search/run_1_worker_6/ils_config_9696499445981960318.prm
[INFO]:[02:07:28] CPLEX results. Gap: 31.380000, upper bound: 33.798940, lower bound: 23.193696
[INFO]:[02:07:28] CPLEX solver finished. Gap: 31.380000
[INFO]:[02:07:28] Starting CPLEX solver on instance: /home/yorig/tuner/mpils-tests/instances/miplib/medium-2/neos-4387871-tavua.mps with config: /scratch/yorig/mpils-results-grid-seconds-5-watchdog-mip-start/medium-2/16proc/seed-5/1_neos-4387871-tavua_seed-5_20260504_020632/iterated_local_search/run_1_worker_6/ils_config_17632790927854760926.prm
[INFO]:[02:07:28] Starting CPLEX solver on instance: /home/yorig/tuner/mpils-tests/instances/miplib/medium-2/neos-4387871-tavua.mps with config: /scratch/yorig/mpils-results-grid-seconds-5-watchdog-mip-start/medium-2/16proc/seed-5/1_neos-4387871-tavua_seed-5_20260504_020632/iterated_local_search/run_1_worker_6/ils_config_17632790927854760926.prm
[INFO]:[02:07:33] CPLEX results. Gap: 26.720000, upper bound: 33.556310, lower bound: 24.590602
[INFO]:[02:07:33] CPLEX solver finished. Gap: 26.720000
[INFO]:[02:07:33] New incumbent found with objective value: 26.72
[INFO]:[02:07:33] Starting CPLEX solver on instance: /home/yorig/tuner/mpils-tests/instances/miplib/medium-2/neos-4387871-tavua.mps with config: /scratch/yorig/mpils-results-grid-seconds-5-watchdog-mip-start/medium-2/16proc/seed-5/1_neos-4387871-tavua_seed-5_20260504_020632/iterated_local_search/run_1_worker_6/ils_config_12263098071618693134.prm
[INFO]:[02:07:33] Starting CPLEX solver on instance: /home/yorig/tuner/mpils-tests/instances/miplib/medium-2/neos-4387871-tavua.mps with config: /scratch/yorig/mpils-results-grid-seconds-5-watchdog-mip-start/medium-2/16proc/seed-5/1_neos-4387871-tavua_seed-5_20260504_020632/iterated_local_search/run_1_worker_6/ils_config_12263098071618693134.prm
[INFO]:[02:07:38] CPLEX results. Gap: 26.720000, upper bound: 33.556310, lower bound: 24.590602
[INFO]:[02:07:38] CPLEX solver finished. Gap: 26.720000
[INFO]:[02:07:38] Starting CPLEX solver on instance: /home/yorig/tuner/mpils-tests/instances/miplib/medium-2/neos-4387871-tavua.mps with config: /scratch/yorig/mpils-results-grid-seconds-5-watchdog-mip-start/medium-2/16proc/seed-5/1_neos-4387871-tavua_seed-5_20260504_020632/iterated_local_search/run_1_worker_6/ils_config_10687062684006362728.prm
[INFO]:[02:07:38] Starting CPLEX solver on instance: /home/yorig/tuner/mpils-tests/instances/miplib/medium-2/neos-4387871-tavua.mps with config: /scratch/yorig/mpils-results-grid-seconds-5-watchdog-mip-start/medium-2/16proc/seed-5/1_neos-4387871-tavua_seed-5_20260504_020632/iterated_local_search/run_1_worker_6/ils_config_10687062684006362728.prm
[INFO]:[02:07:43] CPLEX results. Gap: 50.070000, upper bound: 34.142100, lower bound: 17.046252
[INFO]:[02:07:43] CPLEX solver finished. Gap: 50.070000
[INFO]:[02:07:43] Starting CPLEX solver on instance: /home/yorig/tuner/mpils-tests/instances/miplib/medium-2/neos-4387871-tavua.mps with config: /scratch/yorig/mpils-results-grid-seconds-5-watchdog-mip-start/medium-2/16proc/seed-5/1_neos-4387871-tavua_seed-5_20260504_020632/iterated_local_search/run_1_worker_6/ils_config_4306157655586722261.prm
[INFO]:[02:07:43] Starting CPLEX solver on instance: /home/yorig/tuner/mpils-tests/instances/miplib/medium-2/neos-4387871-tavua.mps with config: /scratch/yorig/mpils-results-grid-seconds-5-watchdog-mip-start/medium-2/16proc/seed-5/1_neos-4387871-tavua_seed-5_20260504_020632/iterated_local_search/run_1_worker_6/ils_config_4306157655586722261.prm
[INFO]:[02:07:48] CPLEX results. Gap: 35.100000, upper bound: 33.798940, lower bound: 21.936660
[INFO]:[02:07:48] CPLEX solver finished. Gap: 35.100000
[INFO]:[02:07:48] Starting CPLEX solver on instance: /home/yorig/tuner/mpils-tests/instances/miplib/medium-2/neos-4387871-tavua.mps with config: /scratch/yorig/mpils-results-grid-seconds-5-watchdog-mip-start/medium-2/16proc/seed-5/1_neos-4387871-tavua_seed-5_20260504_020632/iterated_local_search/run_1_worker_6/ils_config_18421999704244890119.prm
[INFO]:[02:07:48] Starting CPLEX solver on instance: /home/yorig/tuner/mpils-tests/instances/miplib/medium-2/neos-4387871-tavua.mps with config: /scratch/yorig/mpils-results-grid-seconds-5-watchdog-mip-start/medium-2/16proc/seed-5/1_neos-4387871-tavua_seed-5_20260504_020632/iterated_local_search/run_1_worker_6/ils_config_18421999704244890119.prm
[INFO]:[02:07:53] CPLEX results. Gap: 35.180000, upper bound: 34.142100, lower bound: 22.132375
[INFO]:[02:07:53] CPLEX solver finished. Gap: 35.180000
[INFO]:[02:07:53] Starting CPLEX solver on instance: /home/yorig/tuner/mpils-tests/instances/miplib/medium-2/neos-4387871-tavua.mps with config: /scratch/yorig/mpils-results-grid-seconds-5-watchdog-mip-start/medium-2/16proc/seed-5/1_neos-4387871-tavua_seed-5_20260504_020632/iterated_local_search/run_1_worker_6/ils_config_9591285027962950972.prm
[INFO]:[02:07:53] Starting CPLEX solver on instance: /home/yorig/tuner/mpils-tests/instances/miplib/medium-2/neos-4387871-tavua.mps with config: /scratch/yorig/mpils-results-grid-seconds-5-watchdog-mip-start/medium-2/16proc/seed-5/1_neos-4387871-tavua_seed-5_20260504_020632/iterated_local_search/run_1_worker_6/ils_config_9591285027962950972.prm
[INFO]:[02:07:58] CPLEX results. Gap: 26.860000, upper bound: 33.556310, lower bound: 24.542794
[INFO]:[02:07:58] CPLEX solver finished. Gap: 26.860000
[INFO]:[02:07:58] Starting CPLEX solver on instance: /home/yorig/tuner/mpils-tests/instances/miplib/medium-2/neos-4387871-tavua.mps with config: /scratch/yorig/mpils-results-grid-seconds-5-watchdog-mip-start/medium-2/16proc/seed-5/1_neos-4387871-tavua_seed-5_20260504_020632/iterated_local_search/run_1_worker_6/ils_config_14759182017750484578.prm
[INFO]:[02:07:58] Starting CPLEX solver on instance: /home/yorig/tuner/mpils-tests/instances/miplib/medium-2/neos-4387871-tavua.mps with config: /scratch/yorig/mpils-results-grid-seconds-5-watchdog-mip-start/medium-2/16proc/seed-5/1_neos-4387871-tavua_seed-5_20260504_020632/iterated_local_search/run_1_worker_6/ils_config_14759182017750484578.prm
[INFO]:[02:08:03] CPLEX results. Gap: 33.050000, upper bound: 33.798940, lower bound: 22.628987
[INFO]:[02:08:03] CPLEX solver finished. Gap: 33.050000
[INFO]:[02:08:03] Starting CPLEX solver on instance: /home/yorig/tuner/mpils-tests/instances/miplib/medium-2/neos-4387871-tavua.mps with config: /scratch/yorig/mpils-results-grid-seconds-5-watchdog-mip-start/medium-2/16proc/seed-5/1_neos-4387871-tavua_seed-5_20260504_020632/iterated_local_search/run_1_worker_6/ils_config_173629339620067295.prm
[INFO]:[02:08:03] Starting CPLEX solver on instance: /home/yorig/tuner/mpils-tests/instances/miplib/medium-2/neos-4387871-tavua.mps with config: /scratch/yorig/mpils-results-grid-seconds-5-watchdog-mip-start/medium-2/16proc/seed-5/1_neos-4387871-tavua_seed-5_20260504_020632/iterated_local_search/run_1_worker_6/ils_config_173629339620067295.prm
[INFO]:[02:08:08] CPLEX results. Gap: 30.510000, upper bound: 34.727890, lower bound: 24.133654
[INFO]:[02:08:08] CPLEX solver finished. Gap: 30.510000
[INFO]:[02:08:08] Starting CPLEX solver on instance: /home/yorig/tuner/mpils-tests/instances/miplib/medium-2/neos-4387871-tavua.mps with config: /scratch/yorig/mpils-results-grid-seconds-5-watchdog-mip-start/medium-2/16proc/seed-5/1_neos-4387871-tavua_seed-5_20260504_020632/iterated_local_search/run_1_worker_6/ils_config_10351416969513081524.prm
[INFO]:[02:08:08] Starting CPLEX solver on instance: /home/yorig/tuner/mpils-tests/instances/miplib/medium-2/neos-4387871-tavua.mps with config: /scratch/yorig/mpils-results-grid-seconds-5-watchdog-mip-start/medium-2/16proc/seed-5/1_neos-4387871-tavua_seed-5_20260504_020632/iterated_local_search/run_1_worker_6/ils_config_10351416969513081524.prm
[INFO]:[02:08:13] CPLEX results. Gap: 30.910000, upper bound: 33.384730, lower bound: 23.064422
[INFO]:[02:08:13] CPLEX solver finished. Gap: 30.910000
[INFO]:[02:08:13] Local search phase completed.
[INFO]:[02:08:13] Total number of new local-search evaluations: 20
[INFO]:[02:08:13] Final incumbent objective value: 26.72
[INFO]:[02:08:13] Worker 6 completed exploration phase.
[INFO]:[02:08:14] Worker 6 received order for step 2.
[INFO]:[02:08:14] Worker 6 running expansion phase for iteration 1.
[INFO]:[02:08:14] Worker 6 will use solver log file: /scratch/yorig/mpils-results-grid-seconds-5-watchdog-mip-start/medium-2/16proc/seed-5/1_neos-4387871-tavua_seed-5_20260504_020632/solver/cplex.log_iteration_expansion_1_worker_6
[INFO]:[02:08:14] Expansion Worker 6 starting expansion for iteration 1.
[INFO]:[02:08:14] Starting CPLEX solver on instance: /home/yorig/tuner/mpils-tests/instances/miplib/medium-2/neos-4387871-tavua.mps with config: /scratch/yorig/mpils-results-grid-seconds-5-watchdog-mip-start/medium-2/16proc/seed-5/1_neos-4387871-tavua_seed-5_20260504_020632/expansion/config_param_CPXPARAM_MIP_Limits_ProbeTime_20_iter_1.prm
[INFO]:[02:08:19] CPLEX results. Gap: 25.780000, upper bound: 33.556310, lower bound: 24.904135
[INFO]:[02:08:19] CPLEX solver finished. Gap: 25.780000
[INFO]:[02:08:19] Expansion Worker 6 stopping early after global MPI expansion stop was activated.
[INFO]:[02:08:19] Expansion Worker 6 completed expansion.
[INFO]:[02:08:19] Worker 6 completed expansion phase.
[INFO]:[02:08:19] Worker 6 received order for step 1.
[INFO]:[02:08:19] Worker 6 running exploration phase for iteration 2.
[INFO]:[02:08:19] Worker 6 at iteration 2 will not use a MIP start file. Current best MIP-start upper bound threshold is 1.79769e+308.
[INFO]:[02:08:19] Starting local search phase...
[INFO]:[02:08:19] Creating local search space from parameter space file: /scratch/yorig/mpils-results-grid-seconds-5-watchdog-mip-start/medium-2/16proc/seed-5/1_neos-4387871-tavua_seed-5_20260504_020632/iterated_local_search/search_space/search_space_file_2_worker_6.txt
[INFO]:[02:08:19] Local search space loaded from file: /scratch/yorig/mpils-results-grid-seconds-5-watchdog-mip-start/medium-2/16proc/seed-5/1_neos-4387871-tavua_seed-5_20260504_020632/iterated_local_search/search_space/search_space_file_2_worker_6.txt
[INFO]:[02:08:19] Number of parameters in local search space: 71
[INFO]:[02:08:19] Number of forbidden tuples in local search space: 22
[INFO]:[02:08:19] Number of conditionals in local search space: 6
[INFO]:[02:08:19] MIP start option not enabled. Local search will proceed without MIP start.
[INFO]:[02:08:19] Evaluating initial configuration for local search phase...
[INFO]:[02:08:19] Starting CPLEX solver on instance: /home/yorig/tuner/mpils-tests/instances/miplib/medium-2/neos-4387871-tavua.mps with config: /scratch/yorig/mpils-results-grid-seconds-5-watchdog-mip-start/medium-2/16proc/seed-5/1_neos-4387871-tavua_seed-5_20260504_020632/iterated_local_search/run_2_worker_6/ils_config_14159018691649073303.prm
[INFO]:[02:08:19] Starting CPLEX solver on instance: /home/yorig/tuner/mpils-tests/instances/miplib/medium-2/neos-4387871-tavua.mps with config: /scratch/yorig/mpils-results-grid-seconds-5-watchdog-mip-start/medium-2/16proc/seed-5/1_neos-4387871-tavua_seed-5_20260504_020632/iterated_local_search/run_2_worker_6/ils_config_14159018691649073303.prm
[INFO]:[02:08:24] CPLEX results. Gap: 47.000000, upper bound: 34.970520, lower bound: 18.536066
[INFO]:[02:08:24] CPLEX solver finished. Gap: 47.000000
[INFO]:[02:08:24] Initial configuration evaluated with objective value: 47
[INFO]:[02:08:24] Starting CPLEX solver on instance: /home/yorig/tuner/mpils-tests/instances/miplib/medium-2/neos-4387871-tavua.mps with config: /scratch/yorig/mpils-results-grid-seconds-5-watchdog-mip-start/medium-2/16proc/seed-5/1_neos-4387871-tavua_seed-5_20260504_020632/iterated_local_search/run_2_worker_6/ils_config_14517481418721358681.prm
[INFO]:[02:08:24] Starting CPLEX solver on instance: /home/yorig/tuner/mpils-tests/instances/miplib/medium-2/neos-4387871-tavua.mps with config: /scratch/yorig/mpils-results-grid-seconds-5-watchdog-mip-start/medium-2/16proc/seed-5/1_neos-4387871-tavua_seed-5_20260504_020632/iterated_local_search/run_2_worker_6/ils_config_14517481418721358681.prm
[INFO]:[02:08:29] CPLEX results. Gap: 67.750000, upper bound: 33.556310, lower bound: 10.820687
[INFO]:[02:08:29] CPLEX solver finished. Gap: 67.750000
[INFO]:[02:08:29] Starting CPLEX solver on instance: /home/yorig/tuner/mpils-tests/instances/miplib/medium-2/neos-4387871-tavua.mps with config: /scratch/yorig/mpils-results-grid-seconds-5-watchdog-mip-start/medium-2/16proc/seed-5/1_neos-4387871-tavua_seed-5_20260504_020632/iterated_local_search/run_2_worker_6/ils_config_1938913508317722562.prm
[INFO]:[02:08:29] Starting CPLEX solver on instance: /home/yorig/tuner/mpils-tests/instances/miplib/medium-2/neos-4387871-tavua.mps with config: /scratch/yorig/mpils-results-grid-seconds-5-watchdog-mip-start/medium-2/16proc/seed-5/1_neos-4387871-tavua_seed-5_20260504_020632/iterated_local_search/run_2_worker_6/ils_config_1938913508317722562.prm
[INFO]:[02:08:34] CPLEX results. Gap: 47.000000, upper bound: 34.970520, lower bound: 18.536066
[INFO]:[02:08:34] CPLEX solver finished. Gap: 47.000000
[INFO]:[02:08:34] Starting CPLEX solver on instance: /home/yorig/tuner/mpils-tests/instances/miplib/medium-2/neos-4387871-tavua.mps with config: /scratch/yorig/mpils-results-grid-seconds-5-watchdog-mip-start/medium-2/16proc/seed-5/1_neos-4387871-tavua_seed-5_20260504_020632/iterated_local_search/run_2_worker_6/ils_config_1963273670892738886.prm
[INFO]:[02:08:34] Starting CPLEX solver on instance: /home/yorig/tuner/mpils-tests/instances/miplib/medium-2/neos-4387871-tavua.mps with config: /scratch/yorig/mpils-results-grid-seconds-5-watchdog-mip-start/medium-2/16proc/seed-5/1_neos-4387871-tavua_seed-5_20260504_020632/iterated_local_search/run_2_worker_6/ils_config_1963273670892738886.prm
[INFO]:[02:08:39] CPLEX results. Gap: 50.140000, upper bound: 35.142100, lower bound: 17.520754
[INFO]:[02:08:39] CPLEX solver finished. Gap: 50.140000
[INFO]:[02:08:39] Starting CPLEX solver on instance: /home/yorig/tuner/mpils-tests/instances/miplib/medium-2/neos-4387871-tavua.mps with config: /scratch/yorig/mpils-results-grid-seconds-5-watchdog-mip-start/medium-2/16proc/seed-5/1_neos-4387871-tavua_seed-5_20260504_020632/iterated_local_search/run_2_worker_6/ils_config_15488665284156273305.prm
[INFO]:[02:08:39] Starting CPLEX solver on instance: /home/yorig/tuner/mpils-tests/instances/miplib/medium-2/neos-4387871-tavua.mps with config: /scratch/yorig/mpils-results-grid-seconds-5-watchdog-mip-start/medium-2/16proc/seed-5/1_neos-4387871-tavua_seed-5_20260504_020632/iterated_local_search/run_2_worker_6/ils_config_15488665284156273305.prm
[INFO]:[02:08:44] CPLEX results. Gap: 47.000000, upper bound: 34.970520, lower bound: 18.536066
[INFO]:[02:08:44] CPLEX solver finished. Gap: 47.000000
[INFO]:[02:08:44] Starting CPLEX solver on instance: /home/yorig/tuner/mpils-tests/instances/miplib/medium-2/neos-4387871-tavua.mps with config: /scratch/yorig/mpils-results-grid-seconds-5-watchdog-mip-start/medium-2/16proc/seed-5/1_neos-4387871-tavua_seed-5_20260504_020632/iterated_local_search/run_2_worker_6/ils_config_6655572657377954306.prm
[INFO]:[02:08:44] Starting CPLEX solver on instance: /home/yorig/tuner/mpils-tests/instances/miplib/medium-2/neos-4387871-tavua.mps with config: /scratch/yorig/mpils-results-grid-seconds-5-watchdog-mip-start/medium-2/16proc/seed-5/1_neos-4387871-tavua_seed-5_20260504_020632/iterated_local_search/run_2_worker_6/ils_config_6655572657377954306.prm
[INFO]:[02:08:49] CPLEX results. Gap: 36.690000, upper bound: 33.970520, lower bound: 21.506239
[INFO]:[02:08:49] CPLEX solver finished. Gap: 36.690000
[INFO]:[02:08:49] New incumbent found with objective value: 36.69
[INFO]:[02:08:49] Starting CPLEX solver on instance: /home/yorig/tuner/mpils-tests/instances/miplib/medium-2/neos-4387871-tavua.mps with config: /scratch/yorig/mpils-results-grid-seconds-5-watchdog-mip-start/medium-2/16proc/seed-5/1_neos-4387871-tavua_seed-5_20260504_020632/iterated_local_search/run_2_worker_6/ils_config_7168961675401863572.prm
[INFO]:[02:08:49] Starting CPLEX solver on instance: /home/yorig/tuner/mpils-tests/instances/miplib/medium-2/neos-4387871-tavua.mps with config: /scratch/yorig/mpils-results-grid-seconds-5-watchdog-mip-start/medium-2/16proc/seed-5/1_neos-4387871-tavua_seed-5_20260504_020632/iterated_local_search/run_2_worker_6/ils_config_7168961675401863572.prm
[INFO]:[02:08:54] CPLEX results. Gap: 35.880000, upper bound: 36.556310, lower bound: 23.440266
[INFO]:[02:08:54] CPLEX solver finished. Gap: 35.880000
[INFO]:[02:08:54] New incumbent found with objective value: 35.88
[INFO]:[02:08:54] Starting CPLEX solver on instance: /home/yorig/tuner/mpils-tests/instances/miplib/medium-2/neos-4387871-tavua.mps with config: /scratch/yorig/mpils-results-grid-seconds-5-watchdog-mip-start/medium-2/16proc/seed-5/1_neos-4387871-tavua_seed-5_20260504_020632/iterated_local_search/run_2_worker_6/ils_config_3983040111027641717.prm
[INFO]:[02:08:54] Starting CPLEX solver on instance: /home/yorig/tuner/mpils-tests/instances/miplib/medium-2/neos-4387871-tavua.mps with config: /scratch/yorig/mpils-results-grid-seconds-5-watchdog-mip-start/medium-2/16proc/seed-5/1_neos-4387871-tavua_seed-5_20260504_020632/iterated_local_search/run_2_worker_6/ils_config_3983040111027641717.prm
[INFO]:[02:08:59] CPLEX results. Gap: 35.880000, upper bound: 36.556310, lower bound: 23.440266
[INFO]:[02:08:59] CPLEX solver finished. Gap: 35.880000
[INFO]:[02:08:59] Starting CPLEX solver on instance: /home/yorig/tuner/mpils-tests/instances/miplib/medium-2/neos-4387871-tavua.mps with config: /scratch/yorig/mpils-results-grid-seconds-5-watchdog-mip-start/medium-2/16proc/seed-5/1_neos-4387871-tavua_seed-5_20260504_020632/iterated_local_search/run_2_worker_6/ils_config_4774551776472083783.prm
[INFO]:[02:08:59] Starting CPLEX solver on instance: /home/yorig/tuner/mpils-tests/instances/miplib/medium-2/neos-4387871-tavua.mps with config: /scratch/yorig/mpils-results-grid-seconds-5-watchdog-mip-start/medium-2/16proc/seed-5/1_neos-4387871-tavua_seed-5_20260504_020632/iterated_local_search/run_2_worker_6/ils_config_4774551776472083783.prm
[INFO]:[02:09:04] CPLEX results. Gap: 35.880000, upper bound: 36.556310, lower bound: 23.440266
[INFO]:[02:09:04] CPLEX solver finished. Gap: 35.880000
[INFO]:[02:09:04] Starting CPLEX solver on instance: /home/yorig/tuner/mpils-tests/instances/miplib/medium-2/neos-4387871-tavua.mps with config: /scratch/yorig/mpils-results-grid-seconds-5-watchdog-mip-start/medium-2/16proc/seed-5/1_neos-4387871-tavua_seed-5_20260504_020632/iterated_local_search/run_2_worker_6/ils_config_13902286589257191552.prm
[INFO]:[02:09:04] Starting CPLEX solver on instance: /home/yorig/tuner/mpils-tests/instances/miplib/medium-2/neos-4387871-tavua.mps with config: /scratch/yorig/mpils-results-grid-seconds-5-watchdog-mip-start/medium-2/16proc/seed-5/1_neos-4387871-tavua_seed-5_20260504_020632/iterated_local_search/run_2_worker_6/ils_config_13902286589257191552.prm
[INFO]:[02:09:09] CPLEX results. Gap: 35.880000, upper bound: 36.556310, lower bound: 23.440266
[INFO]:[02:09:09] CPLEX solver finished. Gap: 35.880000
[INFO]:[02:09:09] Starting CPLEX solver on instance: /home/yorig/tuner/mpils-tests/instances/miplib/medium-2/neos-4387871-tavua.mps with config: /scratch/yorig/mpils-results-grid-seconds-5-watchdog-mip-start/medium-2/16proc/seed-5/1_neos-4387871-tavua_seed-5_20260504_020632/iterated_local_search/run_2_worker_6/ils_config_10999433579845152086.prm
[INFO]:[02:09:09] Starting CPLEX solver on instance: /home/yorig/tuner/mpils-tests/instances/miplib/medium-2/neos-4387871-tavua.mps with config: /scratch/yorig/mpils-results-grid-seconds-5-watchdog-mip-start/medium-2/16proc/seed-5/1_neos-4387871-tavua_seed-5_20260504_020632/iterated_local_search/run_2_worker_6/ils_config_10999433579845152086.prm
[INFO]:[02:09:14] CPLEX results. Gap: 35.880000, upper bound: 36.556310, lower bound: 23.440266
[INFO]:[02:09:14] CPLEX solver finished. Gap: 35.880000
[INFO]:[02:09:14] Starting CPLEX solver on instance: /home/yorig/tuner/mpils-tests/instances/miplib/medium-2/neos-4387871-tavua.mps with config: /scratch/yorig/mpils-results-grid-seconds-5-watchdog-mip-start/medium-2/16proc/seed-5/1_neos-4387871-tavua_seed-5_20260504_020632/iterated_local_search/run_2_worker_6/ils_config_10713962936921060873.prm
[INFO]:[02:09:14] Starting CPLEX solver on instance: /home/yorig/tuner/mpils-tests/instances/miplib/medium-2/neos-4387871-tavua.mps with config: /scratch/yorig/mpils-results-grid-seconds-5-watchdog-mip-start/medium-2/16proc/seed-5/1_neos-4387871-tavua_seed-5_20260504_020632/iterated_local_search/run_2_worker_6/ils_config_10713962936921060873.prm
[INFO]:[02:09:19] CPLEX results. Gap: 35.880000, upper bound: 36.556310, lower bound: 23.440266
[INFO]:[02:09:19] CPLEX solver finished. Gap: 35.880000
[INFO]:[02:09:19] Starting CPLEX solver on instance: /home/yorig/tuner/mpils-tests/instances/miplib/medium-2/neos-4387871-tavua.mps with config: /scratch/yorig/mpils-results-grid-seconds-5-watchdog-mip-start/medium-2/16proc/seed-5/1_neos-4387871-tavua_seed-5_20260504_020632/iterated_local_search/run_2_worker_6/ils_config_7618817227451125270.prm
[INFO]:[02:09:19] Starting CPLEX solver on instance: /home/yorig/tuner/mpils-tests/instances/miplib/medium-2/neos-4387871-tavua.mps with config: /scratch/yorig/mpils-results-grid-seconds-5-watchdog-mip-start/medium-2/16proc/seed-5/1_neos-4387871-tavua_seed-5_20260504_020632/iterated_local_search/run_2_worker_6/ils_config_7618817227451125270.prm
[INFO]:[02:09:24] CPLEX results. Gap: 40.600000, upper bound: 34.970520, lower bound: 20.771171
[INFO]:[02:09:24] CPLEX solver finished. Gap: 40.600000
[INFO]:[02:09:24] Starting CPLEX solver on instance: /home/yorig/tuner/mpils-tests/instances/miplib/medium-2/neos-4387871-tavua.mps with config: /scratch/yorig/mpils-results-grid-seconds-5-watchdog-mip-start/medium-2/16proc/seed-5/1_neos-4387871-tavua_seed-5_20260504_020632/iterated_local_search/run_2_worker_6/ils_config_17835637751174895819.prm
[INFO]:[02:09:24] Starting CPLEX solver on instance: /home/yorig/tuner/mpils-tests/instances/miplib/medium-2/neos-4387871-tavua.mps with config: /scratch/yorig/mpils-results-grid-seconds-5-watchdog-mip-start/medium-2/16proc/seed-5/1_neos-4387871-tavua_seed-5_20260504_020632/iterated_local_search/run_2_worker_6/ils_config_17835637751174895819.prm
[INFO]:[02:09:29] CPLEX results. Gap: 49.240000, upper bound: 36.798940, lower bound: 18.679655
[INFO]:[02:09:29] CPLEX solver finished. Gap: 49.240000
[INFO]:[02:09:29] Starting CPLEX solver on instance: /home/yorig/tuner/mpils-tests/instances/miplib/medium-2/neos-4387871-tavua.mps with config: /scratch/yorig/mpils-results-grid-seconds-5-watchdog-mip-start/medium-2/16proc/seed-5/1_neos-4387871-tavua_seed-5_20260504_020632/iterated_local_search/run_2_worker_6/ils_config_7952654446999327129.prm
[INFO]:[02:09:29] Starting CPLEX solver on instance: /home/yorig/tuner/mpils-tests/instances/miplib/medium-2/neos-4387871-tavua.mps with config: /scratch/yorig/mpils-results-grid-seconds-5-watchdog-mip-start/medium-2/16proc/seed-5/1_neos-4387871-tavua_seed-5_20260504_020632/iterated_local_search/run_2_worker_6/ils_config_7952654446999327129.prm
[INFO]:[02:09:34] CPLEX results. Gap: 35.880000, upper bound: 36.556310, lower bound: 23.440266
[INFO]:[02:09:34] CPLEX solver finished. Gap: 35.880000
[INFO]:[02:09:34] Starting CPLEX solver on instance: /home/yorig/tuner/mpils-tests/instances/miplib/medium-2/neos-4387871-tavua.mps with config: /scratch/yorig/mpils-results-grid-seconds-5-watchdog-mip-start/medium-2/16proc/seed-5/1_neos-4387871-tavua_seed-5_20260504_020632/iterated_local_search/run_2_worker_6/ils_config_3683495941522776689.prm
[INFO]:[02:09:34] Starting CPLEX solver on instance: /home/yorig/tuner/mpils-tests/instances/miplib/medium-2/neos-4387871-tavua.mps with config: /scratch/yorig/mpils-results-grid-seconds-5-watchdog-mip-start/medium-2/16proc/seed-5/1_neos-4387871-tavua_seed-5_20260504_020632/iterated_local_search/run_2_worker_6/ils_config_3683495941522776689.prm
[INFO]:[02:09:39] CPLEX results. Gap: 35.880000, upper bound: 36.556310, lower bound: 23.440266
[INFO]:[02:09:39] CPLEX solver finished. Gap: 35.880000
[INFO]:[02:09:39] Starting CPLEX solver on instance: /home/yorig/tuner/mpils-tests/instances/miplib/medium-2/neos-4387871-tavua.mps with config: /scratch/yorig/mpils-results-grid-seconds-5-watchdog-mip-start/medium-2/16proc/seed-5/1_neos-4387871-tavua_seed-5_20260504_020632/iterated_local_search/run_2_worker_6/ils_config_7240709505895352726.prm
[INFO]:[02:09:39] Starting CPLEX solver on instance: /home/yorig/tuner/mpils-tests/instances/miplib/medium-2/neos-4387871-tavua.mps with config: /scratch/yorig/mpils-results-grid-seconds-5-watchdog-mip-start/medium-2/16proc/seed-5/1_neos-4387871-tavua_seed-5_20260504_020632/iterated_local_search/run_2_worker_6/ils_config_7240709505895352726.prm
[INFO]:[02:09:44] CPLEX results. Gap: 35.880000, upper bound: 36.556310, lower bound: 23.440266
[INFO]:[02:09:44] CPLEX solver finished. Gap: 35.880000
[INFO]:[02:09:44] Starting CPLEX solver on instance: /home/yorig/tuner/mpils-tests/instances/miplib/medium-2/neos-4387871-tavua.mps with config: /scratch/yorig/mpils-results-grid-seconds-5-watchdog-mip-start/medium-2/16proc/seed-5/1_neos-4387871-tavua_seed-5_20260504_020632/iterated_local_search/run_2_worker_6/ils_config_17938309260159377654.prm
[INFO]:[02:09:44] Starting CPLEX solver on instance: /home/yorig/tuner/mpils-tests/instances/miplib/medium-2/neos-4387871-tavua.mps with config: /scratch/yorig/mpils-results-grid-seconds-5-watchdog-mip-start/medium-2/16proc/seed-5/1_neos-4387871-tavua_seed-5_20260504_020632/iterated_local_search/run_2_worker_6/ils_config_17938309260159377654.prm
[INFO]:[02:09:49] CPLEX results. Gap: 35.880000, upper bound: 36.556310, lower bound: 23.440266
[INFO]:[02:09:49] CPLEX solver finished. Gap: 35.880000
[INFO]:[02:09:49] Local search phase completed.
[INFO]:[02:09:49] Total number of new local-search evaluations: 18
[INFO]:[02:09:49] Final incumbent objective value: 35.88
[INFO]:[02:09:50] Worker 6 completed exploration phase.
[INFO]:[02:09:50] Worker 6 received order for step 2.
[INFO]:[02:09:50] Worker 6 running expansion phase for iteration 2.
[INFO]:[02:09:50] Worker 6 will use solver log file: /scratch/yorig/mpils-results-grid-seconds-5-watchdog-mip-start/medium-2/16proc/seed-5/1_neos-4387871-tavua_seed-5_20260504_020632/solver/cplex.log_iteration_expansion_2_worker_6
[INFO]:[02:09:50] Expansion Worker 6 starting expansion for iteration 2.
[INFO]:[02:09:50] Starting CPLEX solver on instance: /home/yorig/tuner/mpils-tests/instances/miplib/medium-2/neos-4387871-tavua.mps with config: /scratch/yorig/mpils-results-grid-seconds-5-watchdog-mip-start/medium-2/16proc/seed-5/1_neos-4387871-tavua_seed-5_20260504_020632/expansion/config_param_CPXPARAM_Preprocessing_Dual_-1_iter_2.prm
[INFO]:[02:09:55] CPLEX results. Gap: 22.620000, upper bound: 33.556310, lower bound: 25.965610
[INFO]:[02:09:55] CPLEX solver finished. Gap: 22.620000
[INFO]:[02:09:55] Expansion Worker 6 found an improving configuration with objective value 22.62.
[INFO]:[02:09:55] Expansion Worker 6 stopping early after global MPI expansion stop was activated.
[INFO]:[02:09:55] Expansion Worker 6 completed expansion.
[INFO]:[02:09:55] Worker 6 completed expansion phase.
[INFO]:[02:09:55] Worker 6 received order for step 1.
[INFO]:[02:09:55] Worker 6 running exploration phase for iteration 3.
[INFO]:[02:09:55] Worker 6 at iteration 3 will not use a MIP start file. Current best MIP-start upper bound threshold is 1.79769e+308.
[INFO]:[02:09:55] Starting local search phase...
[INFO]:[02:09:55] Creating local search space from parameter space file: /scratch/yorig/mpils-results-grid-seconds-5-watchdog-mip-start/medium-2/16proc/seed-5/1_neos-4387871-tavua_seed-5_20260504_020632/iterated_local_search/search_space/search_space_file_3_worker_6.txt
[INFO]:[02:09:55] Local search space loaded from file: /scratch/yorig/mpils-results-grid-seconds-5-watchdog-mip-start/medium-2/16proc/seed-5/1_neos-4387871-tavua_seed-5_20260504_020632/iterated_local_search/search_space/search_space_file_3_worker_6.txt
[INFO]:[02:09:55] Number of parameters in local search space: 71
[INFO]:[02:09:55] Number of forbidden tuples in local search space: 26
[INFO]:[02:09:55] Number of conditionals in local search space: 6
[INFO]:[02:09:55] MIP start option not enabled. Local search will proceed without MIP start.
[INFO]:[02:09:55] Evaluating initial configuration for local search phase...
[INFO]:[02:09:55] Starting CPLEX solver on instance: /home/yorig/tuner/mpils-tests/instances/miplib/medium-2/neos-4387871-tavua.mps with config: /scratch/yorig/mpils-results-grid-seconds-5-watchdog-mip-start/medium-2/16proc/seed-5/1_neos-4387871-tavua_seed-5_20260504_020632/iterated_local_search/run_3_worker_6/ils_config_7986088009448971868.prm
[INFO]:[02:09:55] Starting CPLEX solver on instance: /home/yorig/tuner/mpils-tests/instances/miplib/medium-2/neos-4387871-tavua.mps with config: /scratch/yorig/mpils-results-grid-seconds-5-watchdog-mip-start/medium-2/16proc/seed-5/1_neos-4387871-tavua_seed-5_20260504_020632/iterated_local_search/run_3_worker_6/ils_config_7986088009448971868.prm
[INFO]:[02:10:00] CPLEX results. Gap: 43.450000, upper bound: 34.384730, lower bound: 19.443175
[INFO]:[02:10:00] CPLEX solver finished. Gap: 43.450000
[INFO]:[02:10:00] Initial configuration evaluated with objective value: 43.45
[INFO]:[02:10:00] Starting CPLEX solver on instance: /home/yorig/tuner/mpils-tests/instances/miplib/medium-2/neos-4387871-tavua.mps with config: /scratch/yorig/mpils-results-grid-seconds-5-watchdog-mip-start/medium-2/16proc/seed-5/1_neos-4387871-tavua_seed-5_20260504_020632/iterated_local_search/run_3_worker_6/ils_config_3953708635679777254.prm
[INFO]:[02:10:00] Starting CPLEX solver on instance: /home/yorig/tuner/mpils-tests/instances/miplib/medium-2/neos-4387871-tavua.mps with config: /scratch/yorig/mpils-results-grid-seconds-5-watchdog-mip-start/medium-2/16proc/seed-5/1_neos-4387871-tavua_seed-5_20260504_020632/iterated_local_search/run_3_worker_6/ils_config_3953708635679777254.prm
[INFO]:[02:10:05] CPLEX results. Gap: 44.550000, upper bound: 34.384730, lower bound: 19.065581
[INFO]:[02:10:05] CPLEX solver finished. Gap: 44.550000
[INFO]:[02:10:05] Starting CPLEX solver on instance: /home/yorig/tuner/mpils-tests/instances/miplib/medium-2/neos-4387871-tavua.mps with config: /scratch/yorig/mpils-results-grid-seconds-5-watchdog-mip-start/medium-2/16proc/seed-5/1_neos-4387871-tavua_seed-5_20260504_020632/iterated_local_search/run_3_worker_6/ils_config_12830017375895087849.prm
[INFO]:[02:10:05] Starting CPLEX solver on instance: /home/yorig/tuner/mpils-tests/instances/miplib/medium-2/neos-4387871-tavua.mps with config: /scratch/yorig/mpils-results-grid-seconds-5-watchdog-mip-start/medium-2/16proc/seed-5/1_neos-4387871-tavua_seed-5_20260504_020632/iterated_local_search/run_3_worker_6/ils_config_12830017375895087849.prm
[INFO]:[02:10:10] CPLEX results. Gap: 37.830000, upper bound: 34.142100, lower bound: 21.224947
[INFO]:[02:10:10] CPLEX solver finished. Gap: 37.830000
[INFO]:[02:10:10] New incumbent found with objective value: 37.83
[INFO]:[02:10:10] Starting CPLEX solver on instance: /home/yorig/tuner/mpils-tests/instances/miplib/medium-2/neos-4387871-tavua.mps with config: /scratch/yorig/mpils-results-grid-seconds-5-watchdog-mip-start/medium-2/16proc/seed-5/1_neos-4387871-tavua_seed-5_20260504_020632/iterated_local_search/run_3_worker_6/ils_config_11353491528024618892.prm
[INFO]:[02:10:10] Starting CPLEX solver on instance: /home/yorig/tuner/mpils-tests/instances/miplib/medium-2/neos-4387871-tavua.mps with config: /scratch/yorig/mpils-results-grid-seconds-5-watchdog-mip-start/medium-2/16proc/seed-5/1_neos-4387871-tavua_seed-5_20260504_020632/iterated_local_search/run_3_worker_6/ils_config_11353491528024618892.prm
[INFO]:[02:10:15] CPLEX results. Gap: 37.130000, upper bound: 33.384730, lower bound: 20.988630
[INFO]:[02:10:15] CPLEX solver finished. Gap: 37.130000
[INFO]:[02:10:15] New incumbent found with objective value: 37.13
[INFO]:[02:10:15] Starting CPLEX solver on instance: /home/yorig/tuner/mpils-tests/instances/miplib/medium-2/neos-4387871-tavua.mps with config: /scratch/yorig/mpils-results-grid-seconds-5-watchdog-mip-start/medium-2/16proc/seed-5/1_neos-4387871-tavua_seed-5_20260504_020632/iterated_local_search/run_3_worker_6/ils_config_1855601505533964651.prm
[INFO]:[02:10:15] Starting CPLEX solver on instance: /home/yorig/tuner/mpils-tests/instances/miplib/medium-2/neos-4387871-tavua.mps with config: /scratch/yorig/mpils-results-grid-seconds-5-watchdog-mip-start/medium-2/16proc/seed-5/1_neos-4387871-tavua_seed-5_20260504_020632/iterated_local_search/run_3_worker_6/ils_config_1855601505533964651.prm
[INFO]:[02:10:20] CPLEX results. Gap: 37.830000, upper bound: 34.142100, lower bound: 21.224947
[INFO]:[02:10:20] CPLEX solver finished. Gap: 37.830000
[INFO]:[02:10:20] Starting CPLEX solver on instance: /home/yorig/tuner/mpils-tests/instances/miplib/medium-2/neos-4387871-tavua.mps with config: /scratch/yorig/mpils-results-grid-seconds-5-watchdog-mip-start/medium-2/16proc/seed-5/1_neos-4387871-tavua_seed-5_20260504_020632/iterated_local_search/run_3_worker_6/ils_config_13174403700779157303.prm
[INFO]:[02:10:20] Starting CPLEX solver on instance: /home/yorig/tuner/mpils-tests/instances/miplib/medium-2/neos-4387871-tavua.mps with config: /scratch/yorig/mpils-results-grid-seconds-5-watchdog-mip-start/medium-2/16proc/seed-5/1_neos-4387871-tavua_seed-5_20260504_020632/iterated_local_search/run_3_worker_6/ils_config_13174403700779157303.prm
[INFO]:[02:10:25] CPLEX results. Gap: 38.590000, upper bound: 33.556310, lower bound: 20.605383
[INFO]:[02:10:25] CPLEX solver finished. Gap: 38.590000
[INFO]:[02:10:25] Starting CPLEX solver on instance: /home/yorig/tuner/mpils-tests/instances/miplib/medium-2/neos-4387871-tavua.mps with config: /scratch/yorig/mpils-results-grid-seconds-5-watchdog-mip-start/medium-2/16proc/seed-5/1_neos-4387871-tavua_seed-5_20260504_020632/iterated_local_search/run_3_worker_6/ils_config_12857885981703965421.prm
[INFO]:[02:10:25] Starting CPLEX solver on instance: /home/yorig/tuner/mpils-tests/instances/miplib/medium-2/neos-4387871-tavua.mps with config: /scratch/yorig/mpils-results-grid-seconds-5-watchdog-mip-start/medium-2/16proc/seed-5/1_neos-4387871-tavua_seed-5_20260504_020632/iterated_local_search/run_3_worker_6/ils_config_12857885981703965421.prm
[INFO]:[02:10:30] CPLEX results. Gap: 35.890000, upper bound: 33.798940, lower bound: 21.667827
[INFO]:[02:10:30] CPLEX solver finished. Gap: 35.890000
[INFO]:[02:10:30] New incumbent found with objective value: 35.89
[INFO]:[02:10:30] Starting CPLEX solver on instance: /home/yorig/tuner/mpils-tests/instances/miplib/medium-2/neos-4387871-tavua.mps with config: /scratch/yorig/mpils-results-grid-seconds-5-watchdog-mip-start/medium-2/16proc/seed-5/1_neos-4387871-tavua_seed-5_20260504_020632/iterated_local_search/run_3_worker_6/ils_config_13859438063484626643.prm
[INFO]:[02:10:30] Starting CPLEX solver on instance: /home/yorig/tuner/mpils-tests/instances/miplib/medium-2/neos-4387871-tavua.mps with config: /scratch/yorig/mpils-results-grid-seconds-5-watchdog-mip-start/medium-2/16proc/seed-5/1_neos-4387871-tavua_seed-5_20260504_020632/iterated_local_search/run_3_worker_6/ils_config_13859438063484626643.prm
[INFO]:[02:10:35] CPLEX results. Gap: 30.040000, upper bound: 33.798940, lower bound: 23.647264
[INFO]:[02:10:35] CPLEX solver finished. Gap: 30.040000
[INFO]:[02:10:35] New incumbent found with objective value: 30.04
[INFO]:[02:10:35] Starting CPLEX solver on instance: /home/yorig/tuner/mpils-tests/instances/miplib/medium-2/neos-4387871-tavua.mps with config: /scratch/yorig/mpils-results-grid-seconds-5-watchdog-mip-start/medium-2/16proc/seed-5/1_neos-4387871-tavua_seed-5_20260504_020632/iterated_local_search/run_3_worker_6/ils_config_134476159132844953.prm
[INFO]:[02:10:35] Starting CPLEX solver on instance: /home/yorig/tuner/mpils-tests/instances/miplib/medium-2/neos-4387871-tavua.mps with config: /scratch/yorig/mpils-results-grid-seconds-5-watchdog-mip-start/medium-2/16proc/seed-5/1_neos-4387871-tavua_seed-5_20260504_020632/iterated_local_search/run_3_worker_6/ils_config_134476159132844953.prm
[INFO]:[02:10:40] CPLEX results. Gap: 30.260000, upper bound: 33.384730, lower bound: 23.281959
[INFO]:[02:10:40] CPLEX solver finished. Gap: 30.260000
[INFO]:[02:10:40] Starting CPLEX solver on instance: /home/yorig/tuner/mpils-tests/instances/miplib/medium-2/neos-4387871-tavua.mps with config: /scratch/yorig/mpils-results-grid-seconds-5-watchdog-mip-start/medium-2/16proc/seed-5/1_neos-4387871-tavua_seed-5_20260504_020632/iterated_local_search/run_3_worker_6/ils_config_5545208972289720154.prm
[INFO]:[02:10:40] Starting CPLEX solver on instance: /home/yorig/tuner/mpils-tests/instances/miplib/medium-2/neos-4387871-tavua.mps with config: /scratch/yorig/mpils-results-grid-seconds-5-watchdog-mip-start/medium-2/16proc/seed-5/1_neos-4387871-tavua_seed-5_20260504_020632/iterated_local_search/run_3_worker_6/ils_config_5545208972289720154.prm
[INFO]:[02:10:45] CPLEX results. Gap: 37.130000, upper bound: 33.384730, lower bound: 20.988630
[INFO]:[02:10:45] CPLEX solver finished. Gap: 37.130000
[INFO]:[02:10:45] Starting CPLEX solver on instance: /home/yorig/tuner/mpils-tests/instances/miplib/medium-2/neos-4387871-tavua.mps with config: /scratch/yorig/mpils-results-grid-seconds-5-watchdog-mip-start/medium-2/16proc/seed-5/1_neos-4387871-tavua_seed-5_20260504_020632/iterated_local_search/run_3_worker_6/ils_config_3415186907589706780.prm
[INFO]:[02:10:45] Starting CPLEX solver on instance: /home/yorig/tuner/mpils-tests/instances/miplib/medium-2/neos-4387871-tavua.mps with config: /scratch/yorig/mpils-results-grid-seconds-5-watchdog-mip-start/medium-2/16proc/seed-5/1_neos-4387871-tavua_seed-5_20260504_020632/iterated_local_search/run_3_worker_6/ils_config_3415186907589706780.prm
[INFO]:[02:10:50] CPLEX results. Gap: 27.350000, upper bound: 33.384730, lower bound: 24.253290
[INFO]:[02:10:50] CPLEX solver finished. Gap: 27.350000
[INFO]:[02:10:50] New incumbent found with objective value: 27.35
[INFO]:[02:10:50] Starting CPLEX solver on instance: /home/yorig/tuner/mpils-tests/instances/miplib/medium-2/neos-4387871-tavua.mps with config: /scratch/yorig/mpils-results-grid-seconds-5-watchdog-mip-start/medium-2/16proc/seed-5/1_neos-4387871-tavua_seed-5_20260504_020632/iterated_local_search/run_3_worker_6/ils_config_4538959648791836473.prm
[INFO]:[02:10:50] Starting CPLEX solver on instance: /home/yorig/tuner/mpils-tests/instances/miplib/medium-2/neos-4387871-tavua.mps with config: /scratch/yorig/mpils-results-grid-seconds-5-watchdog-mip-start/medium-2/16proc/seed-5/1_neos-4387871-tavua_seed-5_20260504_020632/iterated_local_search/run_3_worker_6/ils_config_4538959648791836473.prm
[INFO]:[02:10:55] CPLEX results. Gap: 32.280000, upper bound: 33.384730, lower bound: 22.606613
[INFO]:[02:10:55] CPLEX solver finished. Gap: 32.280000
[INFO]:[02:10:55] Starting CPLEX solver on instance: /home/yorig/tuner/mpils-tests/instances/miplib/medium-2/neos-4387871-tavua.mps with config: /scratch/yorig/mpils-results-grid-seconds-5-watchdog-mip-start/medium-2/16proc/seed-5/1_neos-4387871-tavua_seed-5_20260504_020632/iterated_local_search/run_3_worker_6/ils_config_10097963056375233904.prm
[INFO]:[02:10:55] Starting CPLEX solver on instance: /home/yorig/tuner/mpils-tests/instances/miplib/medium-2/neos-4387871-tavua.mps with config: /scratch/yorig/mpils-results-grid-seconds-5-watchdog-mip-start/medium-2/16proc/seed-5/1_neos-4387871-tavua_seed-5_20260504_020632/iterated_local_search/run_3_worker_6/ils_config_10097963056375233904.prm
[INFO]:[02:11:00] CPLEX results. Gap: 36.930000, upper bound: 34.213150, lower bound: 21.578309
[INFO]:[02:11:00] CPLEX solver finished. Gap: 36.930000
[INFO]:[02:11:00] Starting CPLEX solver on instance: /home/yorig/tuner/mpils-tests/instances/miplib/medium-2/neos-4387871-tavua.mps with config: /scratch/yorig/mpils-results-grid-seconds-5-watchdog-mip-start/medium-2/16proc/seed-5/1_neos-4387871-tavua_seed-5_20260504_020632/iterated_local_search/run_3_worker_6/ils_config_1492145270188074002.prm
[INFO]:[02:11:00] Starting CPLEX solver on instance: /home/yorig/tuner/mpils-tests/instances/miplib/medium-2/neos-4387871-tavua.mps with config: /scratch/yorig/mpils-results-grid-seconds-5-watchdog-mip-start/medium-2/16proc/seed-5/1_neos-4387871-tavua_seed-5_20260504_020632/iterated_local_search/run_3_worker_6/ils_config_1492145270188074002.prm
[INFO]:[02:11:05] CPLEX results. Gap: 36.050000, upper bound: 33.798940, lower bound: 21.613512
[INFO]:[02:11:05] CPLEX solver finished. Gap: 36.050000
[INFO]:[02:11:05] Starting CPLEX solver on instance: /home/yorig/tuner/mpils-tests/instances/miplib/medium-2/neos-4387871-tavua.mps with config: /scratch/yorig/mpils-results-grid-seconds-5-watchdog-mip-start/medium-2/16proc/seed-5/1_neos-4387871-tavua_seed-5_20260504_020632/iterated_local_search/run_3_worker_6/ils_config_15626565112448448057.prm
[INFO]:[02:11:05] Starting CPLEX solver on instance: /home/yorig/tuner/mpils-tests/instances/miplib/medium-2/neos-4387871-tavua.mps with config: /scratch/yorig/mpils-results-grid-seconds-5-watchdog-mip-start/medium-2/16proc/seed-5/1_neos-4387871-tavua_seed-5_20260504_020632/iterated_local_search/run_3_worker_6/ils_config_15626565112448448057.prm
[INFO]:[02:11:10] CPLEX results. Gap: 27.780000, upper bound: 33.384730, lower bound: 24.109443
[INFO]:[02:11:10] CPLEX solver finished. Gap: 27.780000
[INFO]:[02:11:10] Starting CPLEX solver on instance: /home/yorig/tuner/mpils-tests/instances/miplib/medium-2/neos-4387871-tavua.mps with config: /scratch/yorig/mpils-results-grid-seconds-5-watchdog-mip-start/medium-2/16proc/seed-5/1_neos-4387871-tavua_seed-5_20260504_020632/iterated_local_search/run_3_worker_6/ils_config_3321799255657263527.prm
[INFO]:[02:11:10] Starting CPLEX solver on instance: /home/yorig/tuner/mpils-tests/instances/miplib/medium-2/neos-4387871-tavua.mps with config: /scratch/yorig/mpils-results-grid-seconds-5-watchdog-mip-start/medium-2/16proc/seed-5/1_neos-4387871-tavua_seed-5_20260504_020632/iterated_local_search/run_3_worker_6/ils_config_3321799255657263527.prm
[INFO]:[02:11:16] CPLEX results. Gap: 27.780000, upper bound: 33.384730, lower bound: 24.109443
[INFO]:[02:11:16] CPLEX solver finished. Gap: 27.780000
[INFO]:[02:11:16] Starting CPLEX solver on instance: /home/yorig/tuner/mpils-tests/instances/miplib/medium-2/neos-4387871-tavua.mps with config: /scratch/yorig/mpils-results-grid-seconds-5-watchdog-mip-start/medium-2/16proc/seed-5/1_neos-4387871-tavua_seed-5_20260504_020632/iterated_local_search/run_3_worker_6/ils_config_10235779955416668603.prm
[INFO]:[02:11:16] Starting CPLEX solver on instance: /home/yorig/tuner/mpils-tests/instances/miplib/medium-2/neos-4387871-tavua.mps with config: /scratch/yorig/mpils-results-grid-seconds-5-watchdog-mip-start/medium-2/16proc/seed-5/1_neos-4387871-tavua_seed-5_20260504_020632/iterated_local_search/run_3_worker_6/ils_config_10235779955416668603.prm
[INFO]:[02:11:21] CPLEX results. Gap: 30.230000, upper bound: 33.798940, lower bound: 23.582856
[INFO]:[02:11:21] CPLEX solver finished. Gap: 30.230000
[INFO]:[02:11:21] Starting CPLEX solver on instance: /home/yorig/tuner/mpils-tests/instances/miplib/medium-2/neos-4387871-tavua.mps with config: /scratch/yorig/mpils-results-grid-seconds-5-watchdog-mip-start/medium-2/16proc/seed-5/1_neos-4387871-tavua_seed-5_20260504_020632/iterated_local_search/run_3_worker_6/ils_config_9436124339515651338.prm
[INFO]:[02:11:21] Starting CPLEX solver on instance: /home/yorig/tuner/mpils-tests/instances/miplib/medium-2/neos-4387871-tavua.mps with config: /scratch/yorig/mpils-results-grid-seconds-5-watchdog-mip-start/medium-2/16proc/seed-5/1_neos-4387871-tavua_seed-5_20260504_020632/iterated_local_search/run_3_worker_6/ils_config_9436124339515651338.prm
[INFO]:[02:11:26] CPLEX results. Gap: 33.490000, upper bound: 33.798940, lower bound: 22.480379
[INFO]:[02:11:26] CPLEX solver finished. Gap: 33.490000
[INFO]:[02:11:26] Starting CPLEX solver on instance: /home/yorig/tuner/mpils-tests/instances/miplib/medium-2/neos-4387871-tavua.mps with config: /scratch/yorig/mpils-results-grid-seconds-5-watchdog-mip-start/medium-2/16proc/seed-5/1_neos-4387871-tavua_seed-5_20260504_020632/iterated_local_search/run_3_worker_6/ils_config_3594800945093703668.prm
[INFO]:[02:11:26] Starting CPLEX solver on instance: /home/yorig/tuner/mpils-tests/instances/miplib/medium-2/neos-4387871-tavua.mps with config: /scratch/yorig/mpils-results-grid-seconds-5-watchdog-mip-start/medium-2/16proc/seed-5/1_neos-4387871-tavua_seed-5_20260504_020632/iterated_local_search/run_3_worker_6/ils_config_3594800945093703668.prm
[INFO]:[02:11:31] CPLEX results. Gap: 31.210000, upper bound: 33.384730, lower bound: 22.965415
[INFO]:[02:11:31] CPLEX solver finished. Gap: 31.210000
[INFO]:[02:11:31] Starting CPLEX solver on instance: /home/yorig/tuner/mpils-tests/instances/miplib/medium-2/neos-4387871-tavua.mps with config: /scratch/yorig/mpils-results-grid-seconds-5-watchdog-mip-start/medium-2/16proc/seed-5/1_neos-4387871-tavua_seed-5_20260504_020632/iterated_local_search/run_3_worker_6/ils_config_18318878737933291176.prm
[INFO]:[02:11:31] Starting CPLEX solver on instance: /home/yorig/tuner/mpils-tests/instances/miplib/medium-2/neos-4387871-tavua.mps with config: /scratch/yorig/mpils-results-grid-seconds-5-watchdog-mip-start/medium-2/16proc/seed-5/1_neos-4387871-tavua_seed-5_20260504_020632/iterated_local_search/run_3_worker_6/ils_config_18318878737933291176.prm
[INFO]:[02:11:36] CPLEX results. Gap: 60.910000, upper bound: 34.142100, lower bound: 13.347787
[INFO]:[02:11:36] CPLEX solver finished. Gap: 60.910000
[INFO]:[02:11:36] Starting CPLEX solver on instance: /home/yorig/tuner/mpils-tests/instances/miplib/medium-2/neos-4387871-tavua.mps with config: /scratch/yorig/mpils-results-grid-seconds-5-watchdog-mip-start/medium-2/16proc/seed-5/1_neos-4387871-tavua_seed-5_20260504_020632/iterated_local_search/run_3_worker_6/ils_config_5354661826372487759.prm
[INFO]:[02:11:36] Starting CPLEX solver on instance: /home/yorig/tuner/mpils-tests/instances/miplib/medium-2/neos-4387871-tavua.mps with config: /scratch/yorig/mpils-results-grid-seconds-5-watchdog-mip-start/medium-2/16proc/seed-5/1_neos-4387871-tavua_seed-5_20260504_020632/iterated_local_search/run_3_worker_6/ils_config_5354661826372487759.prm
[INFO]:[02:11:41] CPLEX results. Gap: 30.130000, upper bound: 33.970520, lower bound: 23.734440
[INFO]:[02:11:41] CPLEX solver finished. Gap: 30.130000
[INFO]:[02:11:41] Starting CPLEX solver on instance: /home/yorig/tuner/mpils-tests/instances/miplib/medium-2/neos-4387871-tavua.mps with config: /scratch/yorig/mpils-results-grid-seconds-5-watchdog-mip-start/medium-2/16proc/seed-5/1_neos-4387871-tavua_seed-5_20260504_020632/iterated_local_search/run_3_worker_6/ils_config_6813358578646771061.prm
[INFO]:[02:11:41] Starting CPLEX solver on instance: /home/yorig/tuner/mpils-tests/instances/miplib/medium-2/neos-4387871-tavua.mps with config: /scratch/yorig/mpils-results-grid-seconds-5-watchdog-mip-start/medium-2/16proc/seed-5/1_neos-4387871-tavua_seed-5_20260504_020632/iterated_local_search/run_3_worker_6/ils_config_6813358578646771061.prm
[INFO]:[02:11:46] CPLEX results. Gap: 24.470000, upper bound: 33.384730, lower bound: 25.216858
[INFO]:[02:11:46] CPLEX solver finished. Gap: 24.470000
[INFO]:[02:11:46] New incumbent found with objective value: 24.47
[INFO]:[02:11:46] Starting CPLEX solver on instance: /home/yorig/tuner/mpils-tests/instances/miplib/medium-2/neos-4387871-tavua.mps with config: /scratch/yorig/mpils-results-grid-seconds-5-watchdog-mip-start/medium-2/16proc/seed-5/1_neos-4387871-tavua_seed-5_20260504_020632/iterated_local_search/run_3_worker_6/ils_config_9107796838950646504.prm
[INFO]:[02:11:46] Starting CPLEX solver on instance: /home/yorig/tuner/mpils-tests/instances/miplib/medium-2/neos-4387871-tavua.mps with config: /scratch/yorig/mpils-results-grid-seconds-5-watchdog-mip-start/medium-2/16proc/seed-5/1_neos-4387871-tavua_seed-5_20260504_020632/iterated_local_search/run_3_worker_6/ils_config_9107796838950646504.prm
[INFO]:[02:11:51] CPLEX results. Gap: 24.470000, upper bound: 33.384730, lower bound: 25.216858
[INFO]:[02:11:51] CPLEX solver finished. Gap: 24.470000
[INFO]:[02:11:51] Starting CPLEX solver on instance: /home/yorig/tuner/mpils-tests/instances/miplib/medium-2/neos-4387871-tavua.mps with config: /scratch/yorig/mpils-results-grid-seconds-5-watchdog-mip-start/medium-2/16proc/seed-5/1_neos-4387871-tavua_seed-5_20260504_020632/iterated_local_search/run_3_worker_6/ils_config_719456357364073744.prm
[INFO]:[02:11:51] Starting CPLEX solver on instance: /home/yorig/tuner/mpils-tests/instances/miplib/medium-2/neos-4387871-tavua.mps with config: /scratch/yorig/mpils-results-grid-seconds-5-watchdog-mip-start/medium-2/16proc/seed-5/1_neos-4387871-tavua_seed-5_20260504_020632/iterated_local_search/run_3_worker_6/ils_config_719456357364073744.prm
[INFO]:[02:11:56] CPLEX results. Gap: 35.890000, upper bound: 33.798940, lower bound: 21.667827
[INFO]:[02:11:56] CPLEX solver finished. Gap: 35.890000
[INFO]:[02:11:56] Starting CPLEX solver on instance: /home/yorig/tuner/mpils-tests/instances/miplib/medium-2/neos-4387871-tavua.mps with config: /scratch/yorig/mpils-results-grid-seconds-5-watchdog-mip-start/medium-2/16proc/seed-5/1_neos-4387871-tavua_seed-5_20260504_020632/iterated_local_search/run_3_worker_6/ils_config_15513864355335683441.prm
[INFO]:[02:11:56] Starting CPLEX solver on instance: /home/yorig/tuner/mpils-tests/instances/miplib/medium-2/neos-4387871-tavua.mps with config: /scratch/yorig/mpils-results-grid-seconds-5-watchdog-mip-start/medium-2/16proc/seed-5/1_neos-4387871-tavua_seed-5_20260504_020632/iterated_local_search/run_3_worker_6/ils_config_15513864355335683441.prm
[INFO]:[02:12:01] CPLEX results. Gap: 29.930000, upper bound: 34.727890, lower bound: 24.335277
[INFO]:[02:12:01] CPLEX solver finished. Gap: 29.930000
[INFO]:[02:12:01] Starting CPLEX solver on instance: /home/yorig/tuner/mpils-tests/instances/miplib/medium-2/neos-4387871-tavua.mps with config: /scratch/yorig/mpils-results-grid-seconds-5-watchdog-mip-start/medium-2/16proc/seed-5/1_neos-4387871-tavua_seed-5_20260504_020632/iterated_local_search/run_3_worker_6/ils_config_1965509633513226011.prm
[INFO]:[02:12:01] Starting CPLEX solver on instance: /home/yorig/tuner/mpils-tests/instances/miplib/medium-2/neos-4387871-tavua.mps with config: /scratch/yorig/mpils-results-grid-seconds-5-watchdog-mip-start/medium-2/16proc/seed-5/1_neos-4387871-tavua_seed-5_20260504_020632/iterated_local_search/run_3_worker_6/ils_config_1965509633513226011.prm
[INFO]:[02:12:06] CPLEX results. Gap: 34.700000, upper bound: 34.556310, lower bound: 22.565918
[INFO]:[02:12:06] CPLEX solver finished. Gap: 34.700000
[INFO]:[02:12:06] Starting CPLEX solver on instance: /home/yorig/tuner/mpils-tests/instances/miplib/medium-2/neos-4387871-tavua.mps with config: /scratch/yorig/mpils-results-grid-seconds-5-watchdog-mip-start/medium-2/16proc/seed-5/1_neos-4387871-tavua_seed-5_20260504_020632/iterated_local_search/run_3_worker_6/ils_config_5404754244229855004.prm
[INFO]:[02:12:06] Starting CPLEX solver on instance: /home/yorig/tuner/mpils-tests/instances/miplib/medium-2/neos-4387871-tavua.mps with config: /scratch/yorig/mpils-results-grid-seconds-5-watchdog-mip-start/medium-2/16proc/seed-5/1_neos-4387871-tavua_seed-5_20260504_020632/iterated_local_search/run_3_worker_6/ils_config_5404754244229855004.prm
[INFO]:[02:12:11] CPLEX results. Gap: 37.150000, upper bound: 34.213150, lower bound: 21.503366
[INFO]:[02:12:11] CPLEX solver finished. Gap: 37.150000
[INFO]:[02:12:11] Starting CPLEX solver on instance: /home/yorig/tuner/mpils-tests/instances/miplib/medium-2/neos-4387871-tavua.mps with config: /scratch/yorig/mpils-results-grid-seconds-5-watchdog-mip-start/medium-2/16proc/seed-5/1_neos-4387871-tavua_seed-5_20260504_020632/iterated_local_search/run_3_worker_6/ils_config_5500117666897954667.prm
[INFO]:[02:12:11] Starting CPLEX solver on instance: /home/yorig/tuner/mpils-tests/instances/miplib/medium-2/neos-4387871-tavua.mps with config: /scratch/yorig/mpils-results-grid-seconds-5-watchdog-mip-start/medium-2/16proc/seed-5/1_neos-4387871-tavua_seed-5_20260504_020632/iterated_local_search/run_3_worker_6/ils_config_5500117666897954667.prm
[INFO]:[02:12:16] CPLEX results. Gap: 33.830000, upper bound: 34.556310, lower bound: 22.866151
[INFO]:[02:12:16] CPLEX solver finished. Gap: 33.830000
[INFO]:[02:12:16] Starting CPLEX solver on instance: /home/yorig/tuner/mpils-tests/instances/miplib/medium-2/neos-4387871-tavua.mps with config: /scratch/yorig/mpils-results-grid-seconds-5-watchdog-mip-start/medium-2/16proc/seed-5/1_neos-4387871-tavua_seed-5_20260504_020632/iterated_local_search/run_3_worker_6/ils_config_13165227356737559853.prm
[INFO]:[02:12:16] Starting CPLEX solver on instance: /home/yorig/tuner/mpils-tests/instances/miplib/medium-2/neos-4387871-tavua.mps with config: /scratch/yorig/mpils-results-grid-seconds-5-watchdog-mip-start/medium-2/16proc/seed-5/1_neos-4387871-tavua_seed-5_20260504_020632/iterated_local_search/run_3_worker_6/ils_config_13165227356737559853.prm
[INFO]:[02:12:21] CPLEX results. Gap: 33.830000, upper bound: 34.556310, lower bound: 22.866151
[INFO]:[02:12:21] CPLEX solver finished. Gap: 33.830000
[INFO]:[02:12:21] Starting CPLEX solver on instance: /home/yorig/tuner/mpils-tests/instances/miplib/medium-2/neos-4387871-tavua.mps with config: /scratch/yorig/mpils-results-grid-seconds-5-watchdog-mip-start/medium-2/16proc/seed-5/1_neos-4387871-tavua_seed-5_20260504_020632/iterated_local_search/run_3_worker_6/ils_config_17498313745390808474.prm
[INFO]:[02:12:21] Starting CPLEX solver on instance: /home/yorig/tuner/mpils-tests/instances/miplib/medium-2/neos-4387871-tavua.mps with config: /scratch/yorig/mpils-results-grid-seconds-5-watchdog-mip-start/medium-2/16proc/seed-5/1_neos-4387871-tavua_seed-5_20260504_020632/iterated_local_search/run_3_worker_6/ils_config_17498313745390808474.prm
[INFO]:[02:12:26] CPLEX results. Gap: 35.930000, upper bound: 34.142100, lower bound: 21.873947
[INFO]:[02:12:26] CPLEX solver finished. Gap: 35.930000
[INFO]:[02:12:26] Local search phase completed.
[INFO]:[02:12:26] Total number of new local-search evaluations: 30
[INFO]:[02:12:26] Final incumbent objective value: 24.47
[INFO]:[02:12:26] Worker 6 completed exploration phase.
[INFO]:[02:12:26] Worker 6 received order for step 2.
[INFO]:[02:12:26] Worker 6 running expansion phase for iteration 3.
[INFO]:[02:12:26] Worker 6 will use solver log file: /scratch/yorig/mpils-results-grid-seconds-5-watchdog-mip-start/medium-2/16proc/seed-5/1_neos-4387871-tavua_seed-5_20260504_020632/solver/cplex.log_iteration_expansion_3_worker_6
[INFO]:[02:12:26] Expansion Worker 6 starting expansion for iteration 3.
[INFO]:[02:12:26] Starting CPLEX solver on instance: /home/yorig/tuner/mpils-tests/instances/miplib/medium-2/neos-4387871-tavua.mps with config: /scratch/yorig/mpils-results-grid-seconds-5-watchdog-mip-start/medium-2/16proc/seed-5/1_neos-4387871-tavua_seed-5_20260504_020632/expansion/config_param_CPXPARAM_Advance_0_iter_3.prm
[INFO]:[02:12:31] CPLEX results. Gap: 22.620000, upper bound: 33.556310, lower bound: 25.965610
[INFO]:[02:12:31] CPLEX solver finished. Gap: 22.620000
[INFO]:[02:12:31] Expansion Worker 6 stopping early after global MPI expansion stop was activated.
[INFO]:[02:12:31] Expansion Worker 6 completed expansion.
[INFO]:[02:12:31] Worker 6 completed expansion phase.
[INFO]:[02:12:32] Worker 6 received order for step 1.
[INFO]:[02:12:32] Worker 6 running exploration phase for iteration 4.
[INFO]:[02:12:32] Worker 6 at iteration 4 will not use a MIP start file. Current best MIP-start upper bound threshold is 1.79769e+308.
[INFO]:[02:12:32] Starting local search phase...
[INFO]:[02:12:32] Creating local search space from parameter space file: /scratch/yorig/mpils-results-grid-seconds-5-watchdog-mip-start/medium-2/16proc/seed-5/1_neos-4387871-tavua_seed-5_20260504_020632/iterated_local_search/search_space/search_space_file_4_worker_6.txt
[INFO]:[02:12:32] Local search space loaded from file: /scratch/yorig/mpils-results-grid-seconds-5-watchdog-mip-start/medium-2/16proc/seed-5/1_neos-4387871-tavua_seed-5_20260504_020632/iterated_local_search/search_space/search_space_file_4_worker_6.txt
[INFO]:[02:12:32] Number of parameters in local search space: 71
[INFO]:[02:12:32] Number of forbidden tuples in local search space: 44
[INFO]:[02:12:32] Number of conditionals in local search space: 6
[INFO]:[02:12:32] MIP start option not enabled. Local search will proceed without MIP start.
[INFO]:[02:12:32] Evaluating initial configuration for local search phase...
[INFO]:[02:12:32] Starting CPLEX solver on instance: /home/yorig/tuner/mpils-tests/instances/miplib/medium-2/neos-4387871-tavua.mps with config: /scratch/yorig/mpils-results-grid-seconds-5-watchdog-mip-start/medium-2/16proc/seed-5/1_neos-4387871-tavua_seed-5_20260504_020632/iterated_local_search/run_4_worker_6/ils_config_394315599161032297.prm
[INFO]:[02:12:32] Starting CPLEX solver on instance: /home/yorig/tuner/mpils-tests/instances/miplib/medium-2/neos-4387871-tavua.mps with config: /scratch/yorig/mpils-results-grid-seconds-5-watchdog-mip-start/medium-2/16proc/seed-5/1_neos-4387871-tavua_seed-5_20260504_020632/iterated_local_search/run_4_worker_6/ils_config_394315599161032297.prm
[WARN]:[02:12:37] CPLEX finished without a primal feasible solution for config /scratch/yorig/mpils-results-grid-seconds-5-watchdog-mip-start/medium-2/16proc/seed-5/1_neos-4387871-tavua_seed-5_20260504_020632/iterated_local_search/run_4_worker_6/ils_config_394315599161032297.prm.
[INFO]:[02:12:37] CPLEX results. Gap: unavailable, upper bound: null, lower bound: 13.930824
[INFO]:[02:12:37] CPLEX solver finished. Gap: 179769313486231570814527423731704356798070567525844996598917476803157260780028538760589558632766878171540458953514382464234321326889464182768467546703537516986049910576551282076245490090389328944075868508455133942304583236903222948165808559332123348274797826204144723168738177180919299881250404026184124858368.000000
[INFO]:[02:12:37] Initial configuration evaluated with objective value: 1.79769e+308
[INFO]:[02:12:37] Starting CPLEX solver on instance: /home/yorig/tuner/mpils-tests/instances/miplib/medium-2/neos-4387871-tavua.mps with config: /scratch/yorig/mpils-results-grid-seconds-5-watchdog-mip-start/medium-2/16proc/seed-5/1_neos-4387871-tavua_seed-5_20260504_020632/iterated_local_search/run_4_worker_6/ils_config_5700698226669687873.prm
[INFO]:[02:12:37] Starting CPLEX solver on instance: /home/yorig/tuner/mpils-tests/instances/miplib/medium-2/neos-4387871-tavua.mps with config: /scratch/yorig/mpils-results-grid-seconds-5-watchdog-mip-start/medium-2/16proc/seed-5/1_neos-4387871-tavua_seed-5_20260504_020632/iterated_local_search/run_4_worker_6/ils_config_5700698226669687873.prm
[WARN]:[02:12:42] CPLEX finished without a primal feasible solution for config /scratch/yorig/mpils-results-grid-seconds-5-watchdog-mip-start/medium-2/16proc/seed-5/1_neos-4387871-tavua_seed-5_20260504_020632/iterated_local_search/run_4_worker_6/ils_config_5700698226669687873.prm.
[INFO]:[02:12:42] CPLEX results. Gap: unavailable, upper bound: null, lower bound: 13.570944
[INFO]:[02:12:42] CPLEX solver finished. Gap: 179769313486231570814527423731704356798070567525844996598917476803157260780028538760589558632766878171540458953514382464234321326889464182768467546703537516986049910576551282076245490090389328944075868508455133942304583236903222948165808559332123348274797826204144723168738177180919299881250404026184124858368.000000
[INFO]:[02:12:42] Starting CPLEX solver on instance: /home/yorig/tuner/mpils-tests/instances/miplib/medium-2/neos-4387871-tavua.mps with config: /scratch/yorig/mpils-results-grid-seconds-5-watchdog-mip-start/medium-2/16proc/seed-5/1_neos-4387871-tavua_seed-5_20260504_020632/iterated_local_search/run_4_worker_6/ils_config_3001732497013567350.prm
[INFO]:[02:12:42] Starting CPLEX solver on instance: /home/yorig/tuner/mpils-tests/instances/miplib/medium-2/neos-4387871-tavua.mps with config: /scratch/yorig/mpils-results-grid-seconds-5-watchdog-mip-start/medium-2/16proc/seed-5/1_neos-4387871-tavua_seed-5_20260504_020632/iterated_local_search/run_4_worker_6/ils_config_3001732497013567350.prm
[WARN]:[02:12:47] CPLEX finished without a primal feasible solution for config /scratch/yorig/mpils-results-grid-seconds-5-watchdog-mip-start/medium-2/16proc/seed-5/1_neos-4387871-tavua_seed-5_20260504_020632/iterated_local_search/run_4_worker_6/ils_config_3001732497013567350.prm.
[INFO]:[02:12:47] CPLEX results. Gap: unavailable, upper bound: null, lower bound: 13.831806
[INFO]:[02:12:47] CPLEX solver finished. Gap: 179769313486231570814527423731704356798070567525844996598917476803157260780028538760589558632766878171540458953514382464234321326889464182768467546703537516986049910576551282076245490090389328944075868508455133942304583236903222948165808559332123348274797826204144723168738177180919299881250404026184124858368.000000
[INFO]:[02:12:47] Starting CPLEX solver on instance: /home/yorig/tuner/mpils-tests/instances/miplib/medium-2/neos-4387871-tavua.mps with config: /scratch/yorig/mpils-results-grid-seconds-5-watchdog-mip-start/medium-2/16proc/seed-5/1_neos-4387871-tavua_seed-5_20260504_020632/iterated_local_search/run_4_worker_6/ils_config_12820409199133678170.prm
[INFO]:[02:12:47] Starting CPLEX solver on instance: /home/yorig/tuner/mpils-tests/instances/miplib/medium-2/neos-4387871-tavua.mps with config: /scratch/yorig/mpils-results-grid-seconds-5-watchdog-mip-start/medium-2/16proc/seed-5/1_neos-4387871-tavua_seed-5_20260504_020632/iterated_local_search/run_4_worker_6/ils_config_12820409199133678170.prm
[WARN]:[02:12:52] CPLEX finished without a primal feasible solution for config /scratch/yorig/mpils-results-grid-seconds-5-watchdog-mip-start/medium-2/16proc/seed-5/1_neos-4387871-tavua_seed-5_20260504_020632/iterated_local_search/run_4_worker_6/ils_config_12820409199133678170.prm.
[INFO]:[02:12:52] CPLEX results. Gap: unavailable, upper bound: null, lower bound: 13.930824
[INFO]:[02:12:52] CPLEX solver finished. Gap: 179769313486231570814527423731704356798070567525844996598917476803157260780028538760589558632766878171540458953514382464234321326889464182768467546703537516986049910576551282076245490090389328944075868508455133942304583236903222948165808559332123348274797826204144723168738177180919299881250404026184124858368.000000
[INFO]:[02:12:52] Starting CPLEX solver on instance: /home/yorig/tuner/mpils-tests/instances/miplib/medium-2/neos-4387871-tavua.mps with config: /scratch/yorig/mpils-results-grid-seconds-5-watchdog-mip-start/medium-2/16proc/seed-5/1_neos-4387871-tavua_seed-5_20260504_020632/iterated_local_search/run_4_worker_6/ils_config_4195063447504729315.prm
[INFO]:[02:12:52] Starting CPLEX solver on instance: /home/yorig/tuner/mpils-tests/instances/miplib/medium-2/neos-4387871-tavua.mps with config: /scratch/yorig/mpils-results-grid-seconds-5-watchdog-mip-start/medium-2/16proc/seed-5/1_neos-4387871-tavua_seed-5_20260504_020632/iterated_local_search/run_4_worker_6/ils_config_4195063447504729315.prm
[WARN]:[02:12:57] CPLEX finished without a primal feasible solution for config /scratch/yorig/mpils-results-grid-seconds-5-watchdog-mip-start/medium-2/16proc/seed-5/1_neos-4387871-tavua_seed-5_20260504_020632/iterated_local_search/run_4_worker_6/ils_config_4195063447504729315.prm.
[INFO]:[02:12:57] CPLEX results. Gap: unavailable, upper bound: null, lower bound: 13.930824
[INFO]:[02:12:57] CPLEX solver finished. Gap: 179769313486231570814527423731704356798070567525844996598917476803157260780028538760589558632766878171540458953514382464234321326889464182768467546703537516986049910576551282076245490090389328944075868508455133942304583236903222948165808559332123348274797826204144723168738177180919299881250404026184124858368.000000
[INFO]:[02:12:57] Starting CPLEX solver on instance: /home/yorig/tuner/mpils-tests/instances/miplib/medium-2/neos-4387871-tavua.mps with config: /scratch/yorig/mpils-results-grid-seconds-5-watchdog-mip-start/medium-2/16proc/seed-5/1_neos-4387871-tavua_seed-5_20260504_020632/iterated_local_search/run_4_worker_6/ils_config_12902365955144470090.prm
[INFO]:[02:12:57] Starting CPLEX solver on instance: /home/yorig/tuner/mpils-tests/instances/miplib/medium-2/neos-4387871-tavua.mps with config: /scratch/yorig/mpils-results-grid-seconds-5-watchdog-mip-start/medium-2/16proc/seed-5/1_neos-4387871-tavua_seed-5_20260504_020632/iterated_local_search/run_4_worker_6/ils_config_12902365955144470090.prm
[WARN]:[02:13:02] CPLEX finished without a primal feasible solution for config /scratch/yorig/mpils-results-grid-seconds-5-watchdog-mip-start/medium-2/16proc/seed-5/1_neos-4387871-tavua_seed-5_20260504_020632/iterated_local_search/run_4_worker_6/ils_config_12902365955144470090.prm.
[INFO]:[02:13:02] CPLEX results. Gap: unavailable, upper bound: null, lower bound: 13.930824
[INFO]:[02:13:02] CPLEX solver finished. Gap: 179769313486231570814527423731704356798070567525844996598917476803157260780028538760589558632766878171540458953514382464234321326889464182768467546703537516986049910576551282076245490090389328944075868508455133942304583236903222948165808559332123348274797826204144723168738177180919299881250404026184124858368.000000
[INFO]:[02:13:02] Starting CPLEX solver on instance: /home/yorig/tuner/mpils-tests/instances/miplib/medium-2/neos-4387871-tavua.mps with config: /scratch/yorig/mpils-results-grid-seconds-5-watchdog-mip-start/medium-2/16proc/seed-5/1_neos-4387871-tavua_seed-5_20260504_020632/iterated_local_search/run_4_worker_6/ils_config_14567741354044961398.prm
[INFO]:[02:13:02] Starting CPLEX solver on instance: /home/yorig/tuner/mpils-tests/instances/miplib/medium-2/neos-4387871-tavua.mps with config: /scratch/yorig/mpils-results-grid-seconds-5-watchdog-mip-start/medium-2/16proc/seed-5/1_neos-4387871-tavua_seed-5_20260504_020632/iterated_local_search/run_4_worker_6/ils_config_14567741354044961398.prm
[INFO]:[02:13:08] CPLEX results. Gap: 79.970000, upper bound: 66.769460, lower bound: 13.374615
[INFO]:[02:13:08] CPLEX solver finished. Gap: 79.970000
[INFO]:[02:13:08] New incumbent found with objective value: 79.97
[INFO]:[02:13:08] Starting CPLEX solver on instance: /home/yorig/tuner/mpils-tests/instances/miplib/medium-2/neos-4387871-tavua.mps with config: /scratch/yorig/mpils-results-grid-seconds-5-watchdog-mip-start/medium-2/16proc/seed-5/1_neos-4387871-tavua_seed-5_20260504_020632/iterated_local_search/run_4_worker_6/ils_config_9906470343890614252.prm
[INFO]:[02:13:08] Starting CPLEX solver on instance: /home/yorig/tuner/mpils-tests/instances/miplib/medium-2/neos-4387871-tavua.mps with config: /scratch/yorig/mpils-results-grid-seconds-5-watchdog-mip-start/medium-2/16proc/seed-5/1_neos-4387871-tavua_seed-5_20260504_020632/iterated_local_search/run_4_worker_6/ils_config_9906470343890614252.prm
[INFO]:[02:13:13] CPLEX results. Gap: 79.970000, upper bound: 66.769460, lower bound: 13.374615
[INFO]:[02:13:13] CPLEX solver finished. Gap: 79.970000
[INFO]:[02:13:13] Starting CPLEX solver on instance: /home/yorig/tuner/mpils-tests/instances/miplib/medium-2/neos-4387871-tavua.mps with config: /scratch/yorig/mpils-results-grid-seconds-5-watchdog-mip-start/medium-2/16proc/seed-5/1_neos-4387871-tavua_seed-5_20260504_020632/iterated_local_search/run_4_worker_6/ils_config_878004959660425946.prm
[INFO]:[02:13:13] Starting CPLEX solver on instance: /home/yorig/tuner/mpils-tests/instances/miplib/medium-2/neos-4387871-tavua.mps with config: /scratch/yorig/mpils-results-grid-seconds-5-watchdog-mip-start/medium-2/16proc/seed-5/1_neos-4387871-tavua_seed-5_20260504_020632/iterated_local_search/run_4_worker_6/ils_config_878004959660425946.prm
[INFO]:[02:13:18] CPLEX results. Gap: 78.960000, upper bound: 66.769460, lower bound: 14.049212
[INFO]:[02:13:18] CPLEX solver finished. Gap: 78.960000
[INFO]:[02:13:18] New incumbent found with objective value: 78.96
[INFO]:[02:13:18] Starting CPLEX solver on instance: /home/yorig/tuner/mpils-tests/instances/miplib/medium-2/neos-4387871-tavua.mps with config: /scratch/yorig/mpils-results-grid-seconds-5-watchdog-mip-start/medium-2/16proc/seed-5/1_neos-4387871-tavua_seed-5_20260504_020632/iterated_local_search/run_4_worker_6/ils_config_6189498692936033500.prm
[INFO]:[02:13:18] Starting CPLEX solver on instance: /home/yorig/tuner/mpils-tests/instances/miplib/medium-2/neos-4387871-tavua.mps with config: /scratch/yorig/mpils-results-grid-seconds-5-watchdog-mip-start/medium-2/16proc/seed-5/1_neos-4387871-tavua_seed-5_20260504_020632/iterated_local_search/run_4_worker_6/ils_config_6189498692936033500.prm
[INFO]:[02:13:23] CPLEX results. Gap: 78.960000, upper bound: 66.769460, lower bound: 14.049212
[INFO]:[02:13:23] CPLEX solver finished. Gap: 78.960000
[INFO]:[02:13:23] Starting CPLEX solver on instance: /home/yorig/tuner/mpils-tests/instances/miplib/medium-2/neos-4387871-tavua.mps with config: /scratch/yorig/mpils-results-grid-seconds-5-watchdog-mip-start/medium-2/16proc/seed-5/1_neos-4387871-tavua_seed-5_20260504_020632/iterated_local_search/run_4_worker_6/ils_config_5945794895717415890.prm
[INFO]:[02:13:23] Starting CPLEX solver on instance: /home/yorig/tuner/mpils-tests/instances/miplib/medium-2/neos-4387871-tavua.mps with config: /scratch/yorig/mpils-results-grid-seconds-5-watchdog-mip-start/medium-2/16proc/seed-5/1_neos-4387871-tavua_seed-5_20260504_020632/iterated_local_search/run_4_worker_6/ils_config_5945794895717415890.prm
[INFO]:[02:13:28] CPLEX results. Gap: 65.700000, upper bound: 41.041570, lower bound: 14.075239
[INFO]:[02:13:28] CPLEX solver finished. Gap: 65.700000
[INFO]:[02:13:28] New incumbent found with objective value: 65.7
[INFO]:[02:13:29] Starting CPLEX solver on instance: /home/yorig/tuner/mpils-tests/instances/miplib/medium-2/neos-4387871-tavua.mps with config: /scratch/yorig/mpils-results-grid-seconds-5-watchdog-mip-start/medium-2/16proc/seed-5/1_neos-4387871-tavua_seed-5_20260504_020632/iterated_local_search/run_4_worker_6/ils_config_4328459791848826074.prm
[INFO]:[02:13:29] Starting CPLEX solver on instance: /home/yorig/tuner/mpils-tests/instances/miplib/medium-2/neos-4387871-tavua.mps with config: /scratch/yorig/mpils-results-grid-seconds-5-watchdog-mip-start/medium-2/16proc/seed-5/1_neos-4387871-tavua_seed-5_20260504_020632/iterated_local_search/run_4_worker_6/ils_config_4328459791848826074.prm
[INFO]:[02:13:34] CPLEX results. Gap: 65.700000, upper bound: 41.041570, lower bound: 14.075239
[INFO]:[02:13:34] CPLEX solver finished. Gap: 65.700000
[INFO]:[02:13:34] Starting CPLEX solver on instance: /home/yorig/tuner/mpils-tests/instances/miplib/medium-2/neos-4387871-tavua.mps with config: /scratch/yorig/mpils-results-grid-seconds-5-watchdog-mip-start/medium-2/16proc/seed-5/1_neos-4387871-tavua_seed-5_20260504_020632/iterated_local_search/run_4_worker_6/ils_config_17382928536113700865.prm
[INFO]:[02:13:34] Starting CPLEX solver on instance: /home/yorig/tuner/mpils-tests/instances/miplib/medium-2/neos-4387871-tavua.mps with config: /scratch/yorig/mpils-results-grid-seconds-5-watchdog-mip-start/medium-2/16proc/seed-5/1_neos-4387871-tavua_seed-5_20260504_020632/iterated_local_search/run_4_worker_6/ils_config_17382928536113700865.prm
[INFO]:[02:13:39] CPLEX results. Gap: 65.700000, upper bound: 41.041570, lower bound: 14.075239
[INFO]:[02:13:39] CPLEX solver finished. Gap: 65.700000
[INFO]:[02:13:39] Starting CPLEX solver on instance: /home/yorig/tuner/mpils-tests/instances/miplib/medium-2/neos-4387871-tavua.mps with config: /scratch/yorig/mpils-results-grid-seconds-5-watchdog-mip-start/medium-2/16proc/seed-5/1_neos-4387871-tavua_seed-5_20260504_020632/iterated_local_search/run_4_worker_6/ils_config_3963927375623299285.prm
[INFO]:[02:13:39] Starting CPLEX solver on instance: /home/yorig/tuner/mpils-tests/instances/miplib/medium-2/neos-4387871-tavua.mps with config: /scratch/yorig/mpils-results-grid-seconds-5-watchdog-mip-start/medium-2/16proc/seed-5/1_neos-4387871-tavua_seed-5_20260504_020632/iterated_local_search/run_4_worker_6/ils_config_3963927375623299285.prm
[INFO]:[02:13:44] CPLEX results. Gap: 65.700000, upper bound: 41.041570, lower bound: 14.075239
[INFO]:[02:13:44] CPLEX solver finished. Gap: 65.700000
[INFO]:[02:13:44] Starting CPLEX solver on instance: /home/yorig/tuner/mpils-tests/instances/miplib/medium-2/neos-4387871-tavua.mps with config: /scratch/yorig/mpils-results-grid-seconds-5-watchdog-mip-start/medium-2/16proc/seed-5/1_neos-4387871-tavua_seed-5_20260504_020632/iterated_local_search/run_4_worker_6/ils_config_14067359915052125412.prm
[INFO]:[02:13:44] Starting CPLEX solver on instance: /home/yorig/tuner/mpils-tests/instances/miplib/medium-2/neos-4387871-tavua.mps with config: /scratch/yorig/mpils-results-grid-seconds-5-watchdog-mip-start/medium-2/16proc/seed-5/1_neos-4387871-tavua_seed-5_20260504_020632/iterated_local_search/run_4_worker_6/ils_config_14067359915052125412.prm
[INFO]:[02:13:49] CPLEX results. Gap: 65.700000, upper bound: 41.041570, lower bound: 14.075239
[INFO]:[02:13:49] CPLEX solver finished. Gap: 65.700000
[INFO]:[02:13:49] Starting CPLEX solver on instance: /home/yorig/tuner/mpils-tests/instances/miplib/medium-2/neos-4387871-tavua.mps with config: /scratch/yorig/mpils-results-grid-seconds-5-watchdog-mip-start/medium-2/16proc/seed-5/1_neos-4387871-tavua_seed-5_20260504_020632/iterated_local_search/run_4_worker_6/ils_config_14226340955323148656.prm
[INFO]:[02:13:49] Starting CPLEX solver on instance: /home/yorig/tuner/mpils-tests/instances/miplib/medium-2/neos-4387871-tavua.mps with config: /scratch/yorig/mpils-results-grid-seconds-5-watchdog-mip-start/medium-2/16proc/seed-5/1_neos-4387871-tavua_seed-5_20260504_020632/iterated_local_search/run_4_worker_6/ils_config_14226340955323148656.prm
[INFO]:[02:13:54] CPLEX results. Gap: 65.700000, upper bound: 41.041570, lower bound: 14.075239
[INFO]:[02:13:54] CPLEX solver finished. Gap: 65.700000
[INFO]:[02:13:54] Starting CPLEX solver on instance: /home/yorig/tuner/mpils-tests/instances/miplib/medium-2/neos-4387871-tavua.mps with config: /scratch/yorig/mpils-results-grid-seconds-5-watchdog-mip-start/medium-2/16proc/seed-5/1_neos-4387871-tavua_seed-5_20260504_020632/iterated_local_search/run_4_worker_6/ils_config_12081164000420169340.prm
[INFO]:[02:13:54] Starting CPLEX solver on instance: /home/yorig/tuner/mpils-tests/instances/miplib/medium-2/neos-4387871-tavua.mps with config: /scratch/yorig/mpils-results-grid-seconds-5-watchdog-mip-start/medium-2/16proc/seed-5/1_neos-4387871-tavua_seed-5_20260504_020632/iterated_local_search/run_4_worker_6/ils_config_12081164000420169340.prm
[INFO]:[02:13:59] CPLEX results. Gap: 65.700000, upper bound: 41.041570, lower bound: 14.075239
[INFO]:[02:13:59] CPLEX solver finished. Gap: 65.700000
[INFO]:[02:13:59] Received global ILS stop signal from rank 2.
[INFO]:[02:13:59] Local search phase completed.
[INFO]:[02:13:59] Total number of new local-search evaluations: 17
[INFO]:[02:13:59] Final incumbent objective value: 65.7
[INFO]:[02:14:03] Worker 6 completed exploration phase.
[INFO]:[02:14:03] Worker 6 received order for step 3.
[INFO]:[02:14:03] Worker 6 finished.
